24.0083 	WARNING 	User requested fullscreen with size [1024  768], but screen is actually [1920, 1200]. Using actual size
24.8204 	EXP 	Created window1 = Window(allowGUI=False, allowStencil=False, autoLog=True, backendConf=UNKNOWN, bitsMode=UNKNOWN, blendMode='avg', bpc=(8, 8, 8), color=array([0, 0, 0]), colorSpace='rgb', depthBits=8, fullscr=<method-wrapper '__getattribute__' of attributeSetter object at 0x0000026BEC576780>, gamma=None, gammaErrorPolicy='raise', lms=UNKNOWN, monitor=<psychopy.monitors.calibTools.Monitor object at 0x0000026BEDCB5080>, multiSample=False, name='window1', numSamples=2, pos=[0.0, 0.0], screen=0, size=array([1920, 1200]), stencilBits=0, stereo=False, units='norm', useFBO=True, useRetina=False, viewOri=0.0, viewPos=None, viewScale=None, waitBlanking=True, winType='pyglet')
24.8207 	EXP 	window1: mouseVisible = True
24.8208 	EXP 	window1: mouseVisible = False
24.8208 	EXP 	window1: recordFrameIntervals = False
24.9869 	EXP 	window1: recordFrameIntervals = True
25.1704 	EXP 	window1: recordFrameIntervals = False
25.2263 	EXP 	Created text = TextStim(__class__=<class 'psychopy.visual.text.TextStim'>, alignHoriz=method-wrapper(...), alignText='center', alignVert=method-wrapper(...), anchorHoriz='center', anchorVert='center', antialias=True, autoLog=True, bold=False, color=array([1., 1., 1.]), colorSpace='rgb', contrast=1.0, depth=0.0, flipHoriz=False, flipVert=False, font='Arial', fontFiles=[], height=0.15, italic=False, languageStyle='LTR', name='text', opacity=1, ori=0, pos=array([0., 0.]), rgb=UNKNOWN, text='+', units='norm', win=Window(...), wrapWidth=1)
25.2485 	EXP 	Created text = TextStim(__class__=<class 'psychopy.visual.text.TextStim'>, alignHoriz=method-wrapper(...), alignText='center', alignVert=method-wrapper(...), anchorHoriz='center', anchorVert='center', antialias=True, autoLog=True, bold=False, color=array([1., 1., 1.]), colorSpace='rgb', contrast=1.0, depth=0.0, flipHoriz=False, flipVert=False, font='Arial', fontFiles=[], height=0.07, italic=False, languageStyle='LTR', name='text', opacity=1, ori=0, pos=array([0., 0.]), rgb=UNKNOWN, text=str(...), units='norm', win=Window(...), wrapWidth=1.65)
25.2618 	EXP 	Created text = TextStim(__class__=<class 'psychopy.visual.text.TextStim'>, alignHoriz=method-wrapper(...), alignText='center', alignVert=method-wrapper(...), anchorHoriz='center', anchorVert='center', antialias=True, autoLog=True, bold=False, color=array([1., 1., 1.]), colorSpace='rgb', contrast=1.0, depth=0.0, flipHoriz=False, flipVert=False, font='Arial', fontFiles=[], height=0.07, italic=False, languageStyle='LTR', name='text', opacity=1, ori=0, pos=array([0., 0.]), rgb=UNKNOWN, text=str(...), units='norm', win=Window(...), wrapWidth=1.65)
25.2729 	EXP 	Created text = TextStim(__class__=<class 'psychopy.visual.text.TextStim'>, alignHoriz=method-wrapper(...), alignText='center', alignVert=method-wrapper(...), anchorHoriz='center', anchorVert='center', antialias=True, autoLog=True, bold=False, color=array([1., 1., 1.]), colorSpace='rgb', contrast=1.0, depth=0.0, flipHoriz=False, flipVert=False, font='Arial', fontFiles=[], height=0.07, italic=False, languageStyle='LTR', name='text', opacity=1, ori=0, pos=array([0., 0.]), rgb=UNKNOWN, text=str(...), units='norm', win=Window(...), wrapWidth=1.65)
25.2836 	EXP 	Created text = TextStim(__class__=<class 'psychopy.visual.text.TextStim'>, alignHoriz=method-wrapper(...), alignText='center', alignVert=method-wrapper(...), anchorHoriz='center', anchorVert='center', antialias=True, autoLog=True, bold=False, color=array([1., 1., 1.]), colorSpace='rgb', contrast=1.0, depth=0.0, flipHoriz=False, flipVert=False, font='Arial', fontFiles=[], height=0.07, italic=False, languageStyle='LTR', name='text', opacity=1, ori=0, pos=array([0., 0.]), rgb=UNKNOWN, text=str(...), units='norm', win=Window(...), wrapWidth=1.65)
25.2891 	EXP 	Created text = TextStim(__class__=<class 'psychopy.visual.text.TextStim'>, alignHoriz=method-wrapper(...), alignText='center', alignVert=method-wrapper(...), anchorHoriz='center', anchorVert='center', antialias=True, autoLog=True, bold=False, color=array([1., 1., 1.]), colorSpace='rgb', contrast=1.0, depth=0.0, flipHoriz=False, flipVert=False, font='Arial', fontFiles=[], height=0.07, italic=False, languageStyle='LTR', name='text', opacity=1, ori=0, pos=array([0., 0.]), rgb=UNKNOWN, text=str(...), units='norm', win=Window(...), wrapWidth=1.65)
25.3057 	EXP 	Created text = TextStim(__class__=<class 'psychopy.visual.text.TextStim'>, alignHoriz=method-wrapper(...), alignText='center', alignVert=method-wrapper(...), anchorHoriz='center', anchorVert='center', antialias=True, autoLog=True, bold=False, color=array([1., 1., 1.]), colorSpace='rgb', contrast=1.0, depth=0.0, flipHoriz=False, flipVert=False, font='Arial', fontFiles=[], height=0.15, italic=False, languageStyle='LTR', name='text', opacity=1, ori=0, pos=array([0., 0.]), rgb=UNKNOWN, text=str(...), units='norm', win=Window(...), wrapWidth=1.65)
25.3335 	EXP 	Created text = TextStim(__class__=<class 'psychopy.visual.text.TextStim'>, alignHoriz=method-wrapper(...), alignText='center', alignVert=method-wrapper(...), anchorHoriz='center', anchorVert='center', antialias=True, autoLog=True, bold=False, color=array([1., 1., 1.]), colorSpace='rgb', contrast=1.0, depth=0.0, flipHoriz=False, flipVert=False, font='Arial', fontFiles=[], height=0.07, italic=False, languageStyle='LTR', name='text', opacity=1, ori=0, pos=array([0., 0.]), rgb=UNKNOWN, text=str(...), units='norm', win=Window(...), wrapWidth=1.65)
25.3511 	EXP 	Created text = TextStim(__class__=<class 'psychopy.visual.text.TextStim'>, alignHoriz=method-wrapper(...), alignText='center', alignVert=method-wrapper(...), anchorHoriz='center', anchorVert='center', antialias=True, autoLog=True, bold=False, color=array([1., 1., 1.]), colorSpace='rgb', contrast=1.0, depth=0.0, flipHoriz=False, flipVert=False, font='Arial', fontFiles=[], height=0.07, italic=False, languageStyle='LTR', name='text', opacity=1, ori=0, pos=array([0., 0.]), rgb=UNKNOWN, text=str(...), units='norm', win=Window(...), wrapWidth=1.65)
25.3811 	EXP 	Created text = TextStim(__class__=<class 'psychopy.visual.text.TextStim'>, alignHoriz=method-wrapper(...), alignText='center', alignVert=method-wrapper(...), anchorHoriz='center', anchorVert='center', antialias=True, autoLog=True, bold=False, color=array([1., 1., 1.]), colorSpace='rgb', contrast=1.0, depth=0.0, flipHoriz=False, flipVert=False, font='Arial', fontFiles=[], height=0.07, italic=False, languageStyle='LTR', name='text', opacity=1, ori=0, pos=array([0., 0.]), rgb=UNKNOWN, text=str(...), units='norm', win=Window(...), wrapWidth=1.65)
25.4088 	EXP 	Created text = TextStim(__class__=<class 'psychopy.visual.text.TextStim'>, alignHoriz=method-wrapper(...), alignText='center', alignVert=method-wrapper(...), anchorHoriz='center', anchorVert='center', antialias=True, autoLog=True, bold=False, color=array([1., 1., 1.]), colorSpace='rgb', contrast=1.0, depth=0.0, flipHoriz=False, flipVert=False, font='Arial', fontFiles=[], height=0.07, italic=False, languageStyle='LTR', name='text', opacity=1, ori=0, pos=array([0., 0.]), rgb=UNKNOWN, text=str(...), units='norm', win=Window(...), wrapWidth=1.65)
25.4412 	EXP 	Created text = TextStim(__class__=<class 'psychopy.visual.text.TextStim'>, alignHoriz=method-wrapper(...), alignText='center', alignVert=method-wrapper(...), anchorHoriz='center', anchorVert='center', antialias=True, autoLog=True, bold=False, color=array([1., 1., 1.]), colorSpace='rgb', contrast=1.0, depth=0.0, flipHoriz=False, flipVert=False, font='Arial', fontFiles=[], height=0.07, italic=False, languageStyle='LTR', name='text', opacity=1, ori=0, pos=array([0., 0.]), rgb=UNKNOWN, text=str(...), units='norm', win=Window(...), wrapWidth=1.65)
25.4503 	EXP 	Created text = TextStim(__class__=<class 'psychopy.visual.text.TextStim'>, alignHoriz=method-wrapper(...), alignText='center', alignVert=method-wrapper(...), anchorHoriz='center', anchorVert='center', antialias=True, autoLog=True, bold=False, color=array([1., 1., 1.]), colorSpace='rgb', contrast=1.0, depth=0.0, flipHoriz=False, flipVert=False, font='Arial', fontFiles=[], height=0.07, italic=False, languageStyle='LTR', name='text', opacity=1, ori=0, pos=array([0., 0.]), rgb=UNKNOWN, text=str(...), units='norm', win=Window(...), wrapWidth=1.65)
25.4632 	EXP 	Created text = TextStim(__class__=<class 'psychopy.visual.text.TextStim'>, alignHoriz=method-wrapper(...), alignText='center', alignVert=method-wrapper(...), anchorHoriz='center', anchorVert='center', antialias=True, autoLog=True, bold=False, color=array([1., 1., 1.]), colorSpace='rgb', contrast=1.0, depth=0.0, flipHoriz=False, flipVert=False, font='Arial', fontFiles=[], height=0.07, italic=False, languageStyle='LTR', name='text', opacity=1, ori=0, pos=array([0., 0.]), rgb=UNKNOWN, text=str(...), units='norm', win=Window(...), wrapWidth=1.65)
25.4679 	EXP 	Created instru = TextStim(__class__=<class 'psychopy.visual.text.TextStim'>, alignHoriz=method-wrapper(...), alignText='center', alignVert=method-wrapper(...), anchorHoriz='center', anchorVert='center', antialias=True, autoLog=True, bold=False, color=array([1., 1., 1.]), colorSpace='rgb', contrast=1.0, depth=0.0, flipHoriz=False, flipVert=False, font='Arial', fontFiles=[], height=0.07, italic=False, languageStyle='LTR', name='instru', opacity=1, ori=0, pos=array([0. , 0.5]), rgb=UNKNOWN, text=str(...), units='norm', win=Window(...), wrapWidth=1)
25.4705 	EXP 	Created unnamed Line = Line(__class__=<class 'psychopy.visual.line.Line'>, autoDraw=False, autoLog=True, closeShape=False, color=array([1., 1., 1.]), colorSpace='rgb', contrast=None, depth=0, fillColor=array([0, 0, 0]), fillColorSpace='rgb', fillRGB=array([0, 0, 0]), interpolate=True, lineColor=array([1., 1., 1.]), lineColorSpace='rgb', lineRGB=array([1, 1, 1]), lineWidth=5, name='unnamed Line', opacity=0.5, ori=0.0, pos=array([0., 0.]), size=array([1., 1.]), units='norm', vertices=array([[-0.5,  0. ],
       [ 0.5,  0. ]]), win=Window(...), windingRule=None)
25.4725 	EXP 	Created unnamed Line = Line(__class__=<class 'psychopy.visual.line.Line'>, autoDraw=False, autoLog=True, closeShape=False, color=array([1., 1., 1.]), colorSpace='rgb', contrast=None, depth=0, fillColor=array([0, 0, 0]), fillColorSpace='rgb', fillRGB=array([0, 0, 0]), interpolate=True, lineColor=array([1., 1., 1.]), lineColorSpace='rgb', lineRGB=array([1, 1, 1]), lineWidth=3, name='unnamed Line', opacity=0.5, ori=0.0, pos=array([0., 0.]), size=array([1., 1.]), units='norm', vertices=array([[-0.5 , -0.05],
       [-0.5 ,  0.05]]), win=Window(...), windingRule=None)
25.4744 	EXP 	Created unnamed Line = Line(__class__=<class 'psychopy.visual.line.Line'>, autoDraw=False, autoLog=True, closeShape=False, color=array([1., 1., 1.]), colorSpace='rgb', contrast=None, depth=0, fillColor=array([0, 0, 0]), fillColorSpace='rgb', fillRGB=array([0, 0, 0]), interpolate=True, lineColor=array([1., 1., 1.]), lineColorSpace='rgb', lineRGB=array([1, 1, 1]), lineWidth=3, name='unnamed Line', opacity=0.5, ori=0.0, pos=array([0., 0.]), size=array([1., 1.]), units='norm', vertices=ndarray(...), win=Window(...), windingRule=None)
25.4764 	EXP 	Created unnamed Line = Line(__class__=<class 'psychopy.visual.line.Line'>, autoDraw=False, autoLog=True, closeShape=False, color=array([1., 1., 1.]), colorSpace='rgb', contrast=None, depth=0, fillColor=array([0, 0, 0]), fillColorSpace='rgb', fillRGB=array([0, 0, 0]), interpolate=True, lineColor=array([1., 1., 1.]), lineColorSpace='rgb', lineRGB=array([1, 1, 1]), lineWidth=3, name='unnamed Line', opacity=0.5, ori=0.0, pos=array([0., 0.]), size=array([1., 1.]), units='norm', vertices=ndarray(...), win=Window(...), windingRule=None)
25.4783 	EXP 	Created unnamed Line = Line(__class__=<class 'psychopy.visual.line.Line'>, autoDraw=False, autoLog=True, closeShape=False, color=array([1., 1., 1.]), colorSpace='rgb', contrast=None, depth=0, fillColor=array([0, 0, 0]), fillColorSpace='rgb', fillRGB=array([0, 0, 0]), interpolate=True, lineColor=array([1., 1., 1.]), lineColorSpace='rgb', lineRGB=array([1, 1, 1]), lineWidth=3, name='unnamed Line', opacity=0.5, ori=0.0, pos=array([0., 0.]), size=array([1., 1.]), units='norm', vertices=array([[ 0.5 , -0.05],
       [ 0.5 ,  0.05]]), win=Window(...), windingRule=None)
25.4912 	EXP 	Created unnamed TextStim = TextStim(__class__=<class 'psychopy.visual.text.TextStim'>, alignHoriz=method-wrapper(...), alignText='center', alignVert=method-wrapper(...), anchorHoriz='center', anchorVert='center', antialias=True, autoLog=True, bold=False, color=array([1., 1., 1.]), colorSpace='rgb', contrast=1.0, depth=0, flipHoriz=False, flipVert=False, font='', fontFiles=[], height=0.05, italic=False, languageStyle='LTR', name='unnamed TextStim', opacity=1.0, ori=0.0, pos=array([-0.5, -0.1]), rgb=UNKNOWN, text='Clearly \n NOT FOCUSED', units='norm', win=Window(...), wrapWidth=1)
25.4923 	EXP 	Created unnamed TextStim = TextStim(__class__=<class 'psychopy.visual.text.TextStim'>, alignHoriz=method-wrapper(...), alignText='center', alignVert=method-wrapper(...), anchorHoriz='center', anchorVert='center', antialias=True, autoLog=True, bold=False, color=array([1., 1., 1.]), colorSpace='rgb', contrast=1.0, depth=0, flipHoriz=False, flipVert=False, font='', fontFiles=[], height=0.05, italic=False, languageStyle='LTR', name='unnamed TextStim', opacity=1.0, ori=0.0, pos=array([-0.16666667, -0.1       ]), rgb=UNKNOWN, text='', units='norm', win=Window(...), wrapWidth=1)
25.4934 	EXP 	Created unnamed TextStim = TextStim(__class__=<class 'psychopy.visual.text.TextStim'>, alignHoriz=method-wrapper(...), alignText='center', alignVert=method-wrapper(...), anchorHoriz='center', anchorVert='center', antialias=True, autoLog=True, bold=False, color=array([1., 1., 1.]), colorSpace='rgb', contrast=1.0, depth=0, flipHoriz=False, flipVert=False, font='', fontFiles=[], height=0.05, italic=False, languageStyle='LTR', name='unnamed TextStim', opacity=1.0, ori=0.0, pos=array([ 0.16666667, -0.1       ]), rgb=UNKNOWN, text='', units='norm', win=Window(...), wrapWidth=1)
25.4968 	EXP 	Created unnamed TextStim = TextStim(__class__=<class 'psychopy.visual.text.TextStim'>, alignHoriz=method-wrapper(...), alignText='center', alignVert=method-wrapper(...), anchorHoriz='center', anchorVert='center', antialias=True, autoLog=True, bold=False, color=array([1., 1., 1.]), colorSpace='rgb', contrast=1.0, depth=0, flipHoriz=False, flipVert=False, font='', fontFiles=[], height=0.05, italic=False, languageStyle='LTR', name='unnamed TextStim', opacity=1.0, ori=0.0, pos=array([ 0.5, -0.1]), rgb=UNKNOWN, text='Clearly \n FOCUSED', units='norm', win=Window(...), wrapWidth=1)
25.4987 	EXP 	Created unnamed ShapeStim = ShapeStim(__class__=<class 'psychopy.visual.shape.ShapeStim'>, autoDraw=False, autoLog=True, closeShape=True, color=method-wrapper(...), colorSpace='rgb', contrast=None, depth=0, fillColor=array([1, 1, 1]), fillColorSpace='rgb', fillRGB=array([1, 1, 1]), interpolate=True, lineColor=array([-1., -1., -1.]), lineColorSpace='rgb', lineRGB=array([-1, -1, -1]), lineWidth=1.5, name='unnamed ShapeStim', opacity=1.0, ori=0.0, pos=array([0., 0.]), size=array([1., 1.]), units='norm', vertices=ndarray(...), win=Window(...), windingRule=None)
25.5079 	EXP 	Created instru = TextStim(__class__=<class 'psychopy.visual.text.TextStim'>, alignHoriz=method-wrapper(...), alignText='center', alignVert=method-wrapper(...), anchorHoriz='center', anchorVert='center', antialias=True, autoLog=True, bold=False, color=array([1., 1., 1.]), colorSpace='rgb', contrast=1.0, depth=0.0, flipHoriz=False, flipVert=False, font='Arial', fontFiles=[], height=0.07, italic=False, languageStyle='LTR', name='instru', opacity=1, ori=0, pos=array([0. , 0.5]), rgb=UNKNOWN, text=str(...), units='norm', win=Window(...), wrapWidth=1)
25.5099 	EXP 	Created unnamed Line = Line(__class__=<class 'psychopy.visual.line.Line'>, autoDraw=False, autoLog=True, closeShape=False, color=array([1., 1., 1.]), colorSpace='rgb', contrast=None, depth=0, fillColor=array([0, 0, 0]), fillColorSpace='rgb', fillRGB=array([0, 0, 0]), interpolate=True, lineColor=array([1., 1., 1.]), lineColorSpace='rgb', lineRGB=array([1, 1, 1]), lineWidth=5, name='unnamed Line', opacity=0.5, ori=0.0, pos=array([0., 0.]), size=array([1., 1.]), units='norm', vertices=array([[-0.5,  0. ],
       [ 0.5,  0. ]]), win=Window(...), windingRule=None)
25.5119 	EXP 	Created unnamed Line = Line(__class__=<class 'psychopy.visual.line.Line'>, autoDraw=False, autoLog=True, closeShape=False, color=array([1., 1., 1.]), colorSpace='rgb', contrast=None, depth=0, fillColor=array([0, 0, 0]), fillColorSpace='rgb', fillRGB=array([0, 0, 0]), interpolate=True, lineColor=array([1., 1., 1.]), lineColorSpace='rgb', lineRGB=array([1, 1, 1]), lineWidth=3, name='unnamed Line', opacity=0.5, ori=0.0, pos=array([0., 0.]), size=array([1., 1.]), units='norm', vertices=array([[-0.5 , -0.05],
       [-0.5 ,  0.05]]), win=Window(...), windingRule=None)
25.5139 	EXP 	Created unnamed Line = Line(__class__=<class 'psychopy.visual.line.Line'>, autoDraw=False, autoLog=True, closeShape=False, color=array([1., 1., 1.]), colorSpace='rgb', contrast=None, depth=0, fillColor=array([0, 0, 0]), fillColorSpace='rgb', fillRGB=array([0, 0, 0]), interpolate=True, lineColor=array([1., 1., 1.]), lineColorSpace='rgb', lineRGB=array([1, 1, 1]), lineWidth=3, name='unnamed Line', opacity=0.5, ori=0.0, pos=array([0., 0.]), size=array([1., 1.]), units='norm', vertices=ndarray(...), win=Window(...), windingRule=None)
25.5158 	EXP 	Created unnamed Line = Line(__class__=<class 'psychopy.visual.line.Line'>, autoDraw=False, autoLog=True, closeShape=False, color=array([1., 1., 1.]), colorSpace='rgb', contrast=None, depth=0, fillColor=array([0, 0, 0]), fillColorSpace='rgb', fillRGB=array([0, 0, 0]), interpolate=True, lineColor=array([1., 1., 1.]), lineColorSpace='rgb', lineRGB=array([1, 1, 1]), lineWidth=3, name='unnamed Line', opacity=0.5, ori=0.0, pos=array([0., 0.]), size=array([1., 1.]), units='norm', vertices=ndarray(...), win=Window(...), windingRule=None)
25.5178 	EXP 	Created unnamed Line = Line(__class__=<class 'psychopy.visual.line.Line'>, autoDraw=False, autoLog=True, closeShape=False, color=array([1., 1., 1.]), colorSpace='rgb', contrast=None, depth=0, fillColor=array([0, 0, 0]), fillColorSpace='rgb', fillRGB=array([0, 0, 0]), interpolate=True, lineColor=array([1., 1., 1.]), lineColorSpace='rgb', lineRGB=array([1, 1, 1]), lineWidth=3, name='unnamed Line', opacity=0.5, ori=0.0, pos=array([0., 0.]), size=array([1., 1.]), units='norm', vertices=array([[ 0.5 , -0.05],
       [ 0.5 ,  0.05]]), win=Window(...), windingRule=None)
25.5230 	EXP 	Created unnamed TextStim = TextStim(__class__=<class 'psychopy.visual.text.TextStim'>, alignHoriz=method-wrapper(...), alignText='center', alignVert=method-wrapper(...), anchorHoriz='center', anchorVert='center', antialias=True, autoLog=True, bold=False, color=array([1., 1., 1.]), colorSpace='rgb', contrast=1.0, depth=0, flipHoriz=False, flipVert=False, font='', fontFiles=[], height=0.05, italic=False, languageStyle='LTR', name='unnamed TextStim', opacity=1.0, ori=0.0, pos=array([-0.5, -0.1]), rgb=UNKNOWN, text='Clearly \n NOTHING', units='norm', win=Window(...), wrapWidth=1)
25.5240 	EXP 	Created unnamed TextStim = TextStim(__class__=<class 'psychopy.visual.text.TextStim'>, alignHoriz=method-wrapper(...), alignText='center', alignVert=method-wrapper(...), anchorHoriz='center', anchorVert='center', antialias=True, autoLog=True, bold=False, color=array([1., 1., 1.]), colorSpace='rgb', contrast=1.0, depth=0, flipHoriz=False, flipVert=False, font='', fontFiles=[], height=0.05, italic=False, languageStyle='LTR', name='unnamed TextStim', opacity=1.0, ori=0.0, pos=array([-0.16666667, -0.1       ]), rgb=UNKNOWN, text='', units='norm', win=Window(...), wrapWidth=1)
25.5250 	EXP 	Created unnamed TextStim = TextStim(__class__=<class 'psychopy.visual.text.TextStim'>, alignHoriz=method-wrapper(...), alignText='center', alignVert=method-wrapper(...), anchorHoriz='center', anchorVert='center', antialias=True, autoLog=True, bold=False, color=array([1., 1., 1.]), colorSpace='rgb', contrast=1.0, depth=0, flipHoriz=False, flipVert=False, font='', fontFiles=[], height=0.05, italic=False, languageStyle='LTR', name='unnamed TextStim', opacity=1.0, ori=0.0, pos=array([ 0.16666667, -0.1       ]), rgb=UNKNOWN, text='', units='norm', win=Window(...), wrapWidth=1)
25.5290 	EXP 	Created unnamed TextStim = TextStim(__class__=<class 'psychopy.visual.text.TextStim'>, alignHoriz=method-wrapper(...), alignText='center', alignVert=method-wrapper(...), anchorHoriz='center', anchorVert='center', antialias=True, autoLog=True, bold=False, color=array([1., 1., 1.]), colorSpace='rgb', contrast=1.0, depth=0, flipHoriz=False, flipVert=False, font='', fontFiles=[], height=0.05, italic=False, languageStyle='LTR', name='unnamed TextStim', opacity=1.0, ori=0.0, pos=array([ 0.5, -0.1]), rgb=UNKNOWN, text='Clearly \n SOMETHING', units='norm', win=Window(...), wrapWidth=1)
25.5310 	EXP 	Created unnamed ShapeStim = ShapeStim(__class__=<class 'psychopy.visual.shape.ShapeStim'>, autoDraw=False, autoLog=True, closeShape=True, color=method-wrapper(...), colorSpace='rgb', contrast=None, depth=0, fillColor=array([1, 1, 1]), fillColorSpace='rgb', fillRGB=array([1, 1, 1]), interpolate=True, lineColor=array([-1., -1., -1.]), lineColorSpace='rgb', lineRGB=array([-1, -1, -1]), lineWidth=1.5, name='unnamed ShapeStim', opacity=1.0, ori=0.0, pos=array([0., 0.]), size=array([1., 1.]), units='norm', vertices=ndarray(...), win=Window(...), windingRule=None)
25.5378 	EXP 	Created instru = TextStim(__class__=<class 'psychopy.visual.text.TextStim'>, alignHoriz=method-wrapper(...), alignText='center', alignVert=method-wrapper(...), anchorHoriz='center', anchorVert='center', antialias=True, autoLog=True, bold=False, color=array([1., 1., 1.]), colorSpace='rgb', contrast=1.0, depth=0.0, flipHoriz=False, flipVert=False, font='Arial', fontFiles=[], height=0.07, italic=False, languageStyle='LTR', name='instru', opacity=1, ori=0, pos=array([0. , 0.5]), rgb=UNKNOWN, text=str(...), units='norm', win=Window(...), wrapWidth=1)
25.5398 	EXP 	Created unnamed Line = Line(__class__=<class 'psychopy.visual.line.Line'>, autoDraw=False, autoLog=True, closeShape=False, color=array([1., 1., 1.]), colorSpace='rgb', contrast=None, depth=0, fillColor=array([0, 0, 0]), fillColorSpace='rgb', fillRGB=array([0, 0, 0]), interpolate=True, lineColor=array([1., 1., 1.]), lineColorSpace='rgb', lineRGB=array([1, 1, 1]), lineWidth=5, name='unnamed Line', opacity=0.5, ori=0.0, pos=array([0., 0.]), size=array([1., 1.]), units='norm', vertices=array([[-0.5,  0. ],
       [ 0.5,  0. ]]), win=Window(...), windingRule=None)
25.5418 	EXP 	Created unnamed Line = Line(__class__=<class 'psychopy.visual.line.Line'>, autoDraw=False, autoLog=True, closeShape=False, color=array([1., 1., 1.]), colorSpace='rgb', contrast=None, depth=0, fillColor=array([0, 0, 0]), fillColorSpace='rgb', fillRGB=array([0, 0, 0]), interpolate=True, lineColor=array([1., 1., 1.]), lineColorSpace='rgb', lineRGB=array([1, 1, 1]), lineWidth=3, name='unnamed Line', opacity=0.5, ori=0.0, pos=array([0., 0.]), size=array([1., 1.]), units='norm', vertices=array([[-0.5 , -0.05],
       [-0.5 ,  0.05]]), win=Window(...), windingRule=None)
25.5437 	EXP 	Created unnamed Line = Line(__class__=<class 'psychopy.visual.line.Line'>, autoDraw=False, autoLog=True, closeShape=False, color=array([1., 1., 1.]), colorSpace='rgb', contrast=None, depth=0, fillColor=array([0, 0, 0]), fillColorSpace='rgb', fillRGB=array([0, 0, 0]), interpolate=True, lineColor=array([1., 1., 1.]), lineColorSpace='rgb', lineRGB=array([1, 1, 1]), lineWidth=3, name='unnamed Line', opacity=0.5, ori=0.0, pos=array([0., 0.]), size=array([1., 1.]), units='norm', vertices=ndarray(...), win=Window(...), windingRule=None)
25.5457 	EXP 	Created unnamed Line = Line(__class__=<class 'psychopy.visual.line.Line'>, autoDraw=False, autoLog=True, closeShape=False, color=array([1., 1., 1.]), colorSpace='rgb', contrast=None, depth=0, fillColor=array([0, 0, 0]), fillColorSpace='rgb', fillRGB=array([0, 0, 0]), interpolate=True, lineColor=array([1., 1., 1.]), lineColorSpace='rgb', lineRGB=array([1, 1, 1]), lineWidth=3, name='unnamed Line', opacity=0.5, ori=0.0, pos=array([0., 0.]), size=array([1., 1.]), units='norm', vertices=ndarray(...), win=Window(...), windingRule=None)
25.5476 	EXP 	Created unnamed Line = Line(__class__=<class 'psychopy.visual.line.Line'>, autoDraw=False, autoLog=True, closeShape=False, color=array([1., 1., 1.]), colorSpace='rgb', contrast=None, depth=0, fillColor=array([0, 0, 0]), fillColorSpace='rgb', fillRGB=array([0, 0, 0]), interpolate=True, lineColor=array([1., 1., 1.]), lineColorSpace='rgb', lineRGB=array([1, 1, 1]), lineWidth=3, name='unnamed Line', opacity=0.5, ori=0.0, pos=array([0., 0.]), size=array([1., 1.]), units='norm', vertices=array([[ 0.5 , -0.05],
       [ 0.5 ,  0.05]]), win=Window(...), windingRule=None)
25.5529 	EXP 	Created unnamed TextStim = TextStim(__class__=<class 'psychopy.visual.text.TextStim'>, alignHoriz=method-wrapper(...), alignText='center', alignVert=method-wrapper(...), anchorHoriz='center', anchorVert='center', antialias=True, autoLog=True, bold=False, color=array([1., 1., 1.]), colorSpace='rgb', contrast=1.0, depth=0, flipHoriz=False, flipVert=False, font='', fontFiles=[], height=0.05, italic=False, languageStyle='LTR', name='unnamed TextStim', opacity=1.0, ori=0.0, pos=array([-0.5, -0.1]), rgb=UNKNOWN, text='Clearly \n SPONTANEOUS', units='norm', win=Window(...), wrapWidth=1)
25.5539 	EXP 	Created unnamed TextStim = TextStim(__class__=<class 'psychopy.visual.text.TextStim'>, alignHoriz=method-wrapper(...), alignText='center', alignVert=method-wrapper(...), anchorHoriz='center', anchorVert='center', antialias=True, autoLog=True, bold=False, color=array([1., 1., 1.]), colorSpace='rgb', contrast=1.0, depth=0, flipHoriz=False, flipVert=False, font='', fontFiles=[], height=0.05, italic=False, languageStyle='LTR', name='unnamed TextStim', opacity=1.0, ori=0.0, pos=array([-0.16666667, -0.1       ]), rgb=UNKNOWN, text='', units='norm', win=Window(...), wrapWidth=1)
25.5550 	EXP 	Created unnamed TextStim = TextStim(__class__=<class 'psychopy.visual.text.TextStim'>, alignHoriz=method-wrapper(...), alignText='center', alignVert=method-wrapper(...), anchorHoriz='center', anchorVert='center', antialias=True, autoLog=True, bold=False, color=array([1., 1., 1.]), colorSpace='rgb', contrast=1.0, depth=0, flipHoriz=False, flipVert=False, font='', fontFiles=[], height=0.05, italic=False, languageStyle='LTR', name='unnamed TextStim', opacity=1.0, ori=0.0, pos=array([ 0.16666667, -0.1       ]), rgb=UNKNOWN, text='', units='norm', win=Window(...), wrapWidth=1)
25.5604 	EXP 	Created unnamed TextStim = TextStim(__class__=<class 'psychopy.visual.text.TextStim'>, alignHoriz=method-wrapper(...), alignText='center', alignVert=method-wrapper(...), anchorHoriz='center', anchorVert='center', antialias=True, autoLog=True, bold=False, color=array([1., 1., 1.]), colorSpace='rgb', contrast=1.0, depth=0, flipHoriz=False, flipVert=False, font='', fontFiles=[], height=0.05, italic=False, languageStyle='LTR', name='unnamed TextStim', opacity=1.0, ori=0.0, pos=array([ 0.5, -0.1]), rgb=UNKNOWN, text='Clearly \n DELIBERATE', units='norm', win=Window(...), wrapWidth=1)
25.5622 	EXP 	Created unnamed ShapeStim = ShapeStim(__class__=<class 'psychopy.visual.shape.ShapeStim'>, autoDraw=False, autoLog=True, closeShape=True, color=method-wrapper(...), colorSpace='rgb', contrast=None, depth=0, fillColor=array([1, 1, 1]), fillColorSpace='rgb', fillRGB=array([1, 1, 1]), interpolate=True, lineColor=array([-1., -1., -1.]), lineColorSpace='rgb', lineRGB=array([-1, -1, -1]), lineWidth=1.5, name='unnamed ShapeStim', opacity=1.0, ori=0.0, pos=array([0., 0.]), size=array([1., 1.]), units='norm', vertices=ndarray(...), win=Window(...), windingRule=None)
25.6105 	EXP 	Sound  set volume 1.000
25.6452 	EXP 	unnamed ShapeStim: vertices = <class 'numpy.ndarray'>
25.6452 	EXP 	unnamed ShapeStim: vertices = <class 'numpy.ndarray'>
25.6452 	EXP 	unnamed ShapeStim: vertices = <class 'numpy.ndarray'>
39.9614 	DATA 	Keypress: return
41.6094 	DATA 	Keypress: return
42.2014 	DATA 	Keypress: return
42.2176 	EXP 	unnamed TextStim: text = ''
42.2176 	EXP 	unnamed TextStim: text = ''
43.9854 	DATA 	Keypress: 3
44.0019 	EXP 	unnamed ShapeStim: vertices = <class 'numpy.ndarray'>
45.5205 	DATA 	Keypress: return
45.9935 	DATA 	Keypress: return
46.0202 	EXP 	unnamed TextStim: text = ''
46.0202 	EXP 	unnamed TextStim: text = ''
46.5083 	DATA 	Keypress: 3
46.5378 	EXP 	unnamed ShapeStim: vertices = <class 'numpy.ndarray'>
48.0564 	DATA 	Keypress: return
48.0567 	DATA 	Keypress: return
48.4415 	DATA 	Keypress: 3
48.4561 	EXP 	unnamed TextStim: text = ''
48.4561 	EXP 	unnamed TextStim: text = ''
48.7732 	DATA 	Keypress: 3
48.7896 	EXP 	unnamed ShapeStim: vertices = <class 'numpy.ndarray'>
50.3088 	DATA 	Keypress: return
50.6974 	DATA 	Keypress: return
51.0974 	DATA 	Keypress: return
51.4654 	DATA 	Keypress: return
51.9756 	EXP 	Sound  started
52.7256 	EXP 	Sound  started
53.4756 	EXP 	Sound  started
53.4815 	DATA 	Keypress: rctrl
54.1694 	DATA 	Keypress: rctrl
54.2256 	EXP 	Sound  started
54.7455 	DATA 	Keypress: lctrl
54.9756 	EXP 	Sound  started
55.5614 	DATA 	Keypress: lctrl
55.7257 	EXP 	Sound  started
56.2494 	DATA 	Keypress: rctrl
56.4757 	EXP 	Sound  started
56.9374 	DATA 	Keypress: rctrl
57.2257 	EXP 	Sound  started
57.7054 	DATA 	Keypress: lctrl
57.9757 	EXP 	Sound  started
58.4094 	DATA 	Keypress: lctrl
58.7257 	EXP 	Sound  started
59.2094 	DATA 	Keypress: rctrl
59.4757 	EXP 	Sound  started
59.8974 	DATA 	Keypress: rctrl
60.2258 	EXP 	Sound  started
60.7294 	DATA 	Keypress: lctrl
60.9758 	EXP 	Sound  started
61.4495 	DATA 	Keypress: lctrl
61.7258 	EXP 	Sound  started
62.2334 	DATA 	Keypress: rctrl
62.4758 	EXP 	Sound  started
62.9694 	DATA 	Keypress: rctrl
63.2258 	EXP 	Sound  started
63.6894 	DATA 	Keypress: lctrl
63.9758 	EXP 	Sound  started
64.4414 	DATA 	Keypress: lctrl
64.7259 	EXP 	Sound  started
65.1454 	DATA 	Keypress: rctrl
65.4759 	EXP 	Sound  started
65.7854 	DATA 	Keypress: rctrl
66.2259 	EXP 	Sound  started
66.5374 	DATA 	Keypress: lctrl
66.9759 	EXP 	Sound  started
67.2895 	DATA 	Keypress: lctrl
67.7259 	EXP 	Sound  started
68.0733 	DATA 	Keypress: rctrl
68.4759 	EXP 	Sound  started
68.8413 	DATA 	Keypress: rctrl
69.2260 	EXP 	Sound  started
69.5294 	DATA 	Keypress: lctrl
69.9760 	EXP 	Sound  started
70.3454 	DATA 	Keypress: lctrl
70.7260 	EXP 	Sound  started
71.1134 	DATA 	Keypress: rctrl
71.4760 	EXP 	Sound  started
71.8814 	DATA 	Keypress: rctrl
72.2260 	EXP 	Sound  started
72.5854 	DATA 	Keypress: lctrl
72.9760 	EXP 	Sound  started
73.3693 	DATA 	Keypress: lctrl
73.7260 	EXP 	Sound  started
74.0254 	DATA 	Keypress: rctrl
74.4761 	EXP 	Sound  started
74.9374 	DATA 	Keypress: rctrl
75.2261 	EXP 	Sound  started
75.7213 	DATA 	Keypress: lctrl
75.9761 	EXP 	Sound  started
76.5053 	DATA 	Keypress: lctrl
76.7261 	EXP 	Sound  started
77.2254 	DATA 	Keypress: rctrl
77.4761 	EXP 	Sound  started
77.9934 	DATA 	Keypress: rctrl
78.2261 	EXP 	Sound  started
78.7134 	DATA 	Keypress: lctrl
78.9762 	EXP 	Sound  started
79.4814 	DATA 	Keypress: lctrl
79.7262 	EXP 	Sound  started
80.1854 	DATA 	Keypress: rctrl
80.4762 	EXP 	Sound  started
80.9374 	DATA 	Keypress: rctrl
81.2262 	EXP 	Sound  started
81.5775 	DATA 	Keypress: lctrl
81.9762 	EXP 	Sound  started
82.4255 	DATA 	Keypress: lctrl
82.7262 	EXP 	Sound  started
83.0814 	DATA 	Keypress: rctrl
83.4763 	EXP 	Sound  started
83.8334 	DATA 	Keypress: rctrl
84.2263 	EXP 	Sound  started
84.8094 	DATA 	Keypress: lctrl
84.9763 	EXP 	Sound  started
85.5614 	DATA 	Keypress: lctrl
85.7263 	EXP 	Sound  started
86.3294 	DATA 	Keypress: rctrl
86.4763 	EXP 	Sound  started
87.0654 	DATA 	Keypress: rctrl
87.2263 	EXP 	Sound  started
87.8494 	DATA 	Keypress: lctrl
87.9763 	EXP 	Sound  started
88.5853 	DATA 	Keypress: lctrl
88.7264 	EXP 	Sound  started
89.3213 	DATA 	Keypress: rctrl
89.4764 	EXP 	Sound  started
89.9934 	DATA 	Keypress: rctrl
90.2264 	EXP 	Sound  started
90.7613 	DATA 	Keypress: lctrl
90.9764 	EXP 	Sound  started
91.4973 	DATA 	Keypress: lctrl
91.7264 	EXP 	Sound  started
92.1694 	DATA 	Keypress: rctrl
92.4764 	EXP 	Sound  started
92.9054 	DATA 	Keypress: rctrl
93.2265 	EXP 	Sound  started
93.5774 	DATA 	Keypress: lctrl
93.9765 	EXP 	Sound  started
94.3614 	DATA 	Keypress: lctrl
94.7265 	EXP 	Sound  started
95.0974 	DATA 	Keypress: rctrl
95.4765 	EXP 	Sound  started
95.7854 	DATA 	Keypress: rctrl
96.2265 	EXP 	Sound  started
96.5534 	DATA 	Keypress: lctrl
96.9765 	EXP 	Sound  started
97.2413 	DATA 	Keypress: lctrl
97.7265 	EXP 	Sound  started
98.0093 	DATA 	Keypress: rctrl
98.4766 	EXP 	Sound  started
98.7294 	DATA 	Keypress: rctrl
99.2266 	EXP 	Sound  started
99.5134 	DATA 	Keypress: lctrl
99.9766 	EXP 	Sound  started
100.2814 	DATA 	Keypress: lctrl
100.7266 	EXP 	Sound  started
101.0974 	DATA 	Keypress: lctrl
101.4766 	EXP 	Sound  started
101.7694 	DATA 	Keypress: lctrl
102.2266 	EXP 	Sound  started
102.5214 	DATA 	Keypress: lctrl
102.9766 	EXP 	Sound  started
103.2733 	DATA 	Keypress: lctrl
103.7267 	EXP 	Sound  started
104.0574 	DATA 	Keypress: lctrl
104.4767 	EXP 	Sound  started
104.7773 	DATA 	Keypress: lctrl
105.2267 	EXP 	Sound  started
105.5453 	DATA 	Keypress: rctrl
105.9767 	EXP 	Sound  started
106.5053 	DATA 	Keypress: rctrl
106.7267 	EXP 	Sound  started
107.3053 	DATA 	Keypress: rctrl
107.4767 	EXP 	Sound  started
108.0574 	DATA 	Keypress: rctrl
108.2268 	EXP 	Sound  started
108.8573 	DATA 	Keypress: rctrl
108.9768 	EXP 	Sound  started
109.6414 	DATA 	Keypress: rctrl
109.7268 	EXP 	Sound  started
110.3453 	DATA 	Keypress: rctrl
110.4768 	EXP 	Sound  started
111.0814 	DATA 	Keypress: rctrl
111.2268 	EXP 	Sound  started
111.8815 	DATA 	Keypress: rctrl
111.9768 	EXP 	Sound  started
112.6653 	DATA 	Keypress: rctrl
116.5448 	DATA 	Keypress: 3
116.5614 	EXP 	unnamed ShapeStim: vertices = <class 'numpy.ndarray'>
124.6015 	DATA 	Keypress: 2
124.6179 	EXP 	unnamed ShapeStim: vertices = <class 'numpy.ndarray'>
130.9733 	DATA 	Keypress: 3
130.9898 	EXP 	unnamed ShapeStim: vertices = <class 'numpy.ndarray'>
133.2740 	EXP 	Sound  started
134.0240 	EXP 	Sound  started
134.6493 	DATA 	Keypress: rctrl
134.7740 	EXP 	Sound  started
135.3374 	DATA 	Keypress: rctrl
135.5240 	EXP 	Sound  started
136.0253 	DATA 	Keypress: rctrl
136.2740 	EXP 	Sound  started
136.7133 	DATA 	Keypress: rctrl
137.0240 	EXP 	Sound  started
137.5934 	DATA 	Keypress: rctrl
137.7741 	EXP 	Sound  started
138.3134 	DATA 	Keypress: rctrl
138.5241 	EXP 	Sound  started
139.1134 	DATA 	Keypress: rctrl
139.2741 	EXP 	Sound  started
139.8334 	DATA 	Keypress: rctrl
140.0241 	EXP 	Sound  started
140.5533 	DATA 	Keypress: rctrl
140.7741 	EXP 	Sound  started
141.3373 	DATA 	Keypress: rctrl
141.5241 	EXP 	Sound  started
142.1053 	DATA 	Keypress: rctrl
142.2741 	EXP 	Sound  started
142.8414 	DATA 	Keypress: rctrl
143.0242 	EXP 	Sound  started
143.6253 	DATA 	Keypress: rctrl
143.7742 	EXP 	Sound  started
144.3774 	DATA 	Keypress: rctrl
144.5242 	EXP 	Sound  started
145.1134 	DATA 	Keypress: rctrl
145.2742 	EXP 	Sound  started
145.8173 	DATA 	Keypress: rctrl
146.0242 	EXP 	Sound  started
146.5533 	DATA 	Keypress: rctrl
146.7742 	EXP 	Sound  started
147.1773 	DATA 	Keypress: rctrl
147.5242 	EXP 	Sound  started
147.8974 	DATA 	Keypress: rctrl
148.2743 	EXP 	Sound  started
148.6333 	DATA 	Keypress: rctrl
149.0243 	EXP 	Sound  started
149.4494 	DATA 	Keypress: rctrl
149.7743 	EXP 	Sound  started
150.1853 	DATA 	Keypress: rctrl
150.5243 	EXP 	Sound  started
150.8573 	DATA 	Keypress: rctrl
151.2743 	EXP 	Sound  started
151.6735 	DATA 	Keypress: rctrl
152.0243 	EXP 	Sound  started
152.3293 	DATA 	Keypress: rctrl
152.7744 	EXP 	Sound  started
153.0653 	DATA 	Keypress: rctrl
153.5244 	EXP 	Sound  started
153.8013 	DATA 	Keypress: rctrl
154.2744 	EXP 	Sound  started
154.6014 	DATA 	Keypress: rctrl
155.0244 	EXP 	Sound  started
155.3373 	DATA 	Keypress: rctrl
155.7744 	EXP 	Sound  started
156.1533 	DATA 	Keypress: rctrl
156.5244 	EXP 	Sound  started
156.9533 	DATA 	Keypress: rctrl
157.2744 	EXP 	Sound  started
157.7694 	DATA 	Keypress: rctrl
158.0244 	EXP 	Sound  started
158.5533 	DATA 	Keypress: rctrl
158.7745 	EXP 	Sound  started
159.3213 	DATA 	Keypress: rctrl
159.5245 	EXP 	Sound  started
159.9774 	DATA 	Keypress: rctrl
160.2745 	EXP 	Sound  started
160.8093 	DATA 	Keypress: rctrl
161.0245 	EXP 	Sound  started
161.5455 	DATA 	Keypress: rctrl
161.7745 	EXP 	Sound  started
162.3453 	DATA 	Keypress: rctrl
162.5245 	EXP 	Sound  started
163.0333 	DATA 	Keypress: rctrl
163.2746 	EXP 	Sound  started
163.7693 	DATA 	Keypress: rctrl
164.0246 	EXP 	Sound  started
164.5693 	DATA 	Keypress: rctrl
164.7746 	EXP 	Sound  started
165.2733 	DATA 	Keypress: rctrl
165.5246 	EXP 	Sound  started
166.0093 	DATA 	Keypress: rctrl
166.2746 	EXP 	Sound  started
166.6973 	DATA 	Keypress: rctrl
167.0246 	EXP 	Sound  started
167.3853 	DATA 	Keypress: rctrl
167.7746 	EXP 	Sound  started
168.2014 	DATA 	Keypress: rctrl
168.5247 	EXP 	Sound  started
169.0973 	DATA 	Keypress: rctrl
169.2747 	EXP 	Sound  started
169.8814 	DATA 	Keypress: rctrl
170.0247 	EXP 	Sound  started
170.5853 	DATA 	Keypress: rctrl
170.7747 	EXP 	Sound  started
171.3533 	DATA 	Keypress: rctrl
171.5247 	EXP 	Sound  started
172.1373 	DATA 	Keypress: rctrl
172.2747 	EXP 	Sound  started
172.9373 	DATA 	Keypress: rctrl
173.0247 	EXP 	Sound  started
173.6893 	DATA 	Keypress: rctrl
173.7748 	EXP 	Sound  started
174.3933 	DATA 	Keypress: rctrl
174.5248 	EXP 	Sound  started
175.0333 	DATA 	Keypress: rctrl
175.2748 	EXP 	Sound  started
175.8174 	DATA 	Keypress: rctrl
176.0248 	EXP 	Sound  started
176.5053 	DATA 	Keypress: rctrl
176.7748 	EXP 	Sound  started
177.2254 	DATA 	Keypress: rctrl
177.5248 	EXP 	Sound  started
177.9453 	DATA 	Keypress: rctrl
178.2748 	EXP 	Sound  started
178.6973 	DATA 	Keypress: rctrl
179.0249 	EXP 	Sound  started
179.4013 	DATA 	Keypress: rctrl
179.7749 	EXP 	Sound  started
180.2333 	DATA 	Keypress: rctrl
180.5249 	EXP 	Sound  started
180.9853 	DATA 	Keypress: rctrl
181.2749 	EXP 	Sound  started
181.7374 	DATA 	Keypress: rctrl
182.0249 	EXP 	Sound  started
182.5054 	DATA 	Keypress: rctrl
182.7749 	EXP 	Sound  started
183.2733 	DATA 	Keypress: rctrl
183.5249 	EXP 	Sound  started
184.1533 	DATA 	Keypress: rctrl
184.2750 	EXP 	Sound  started
184.9213 	DATA 	Keypress: rctrl
185.0250 	EXP 	Sound  started
185.7213 	DATA 	Keypress: rctrl
185.7750 	EXP 	Sound  started
186.5053 	DATA 	Keypress: rctrl
186.5250 	EXP 	Sound  started
187.2253 	DATA 	Keypress: rctrl
187.2750 	EXP 	Sound  started
188.0250 	EXP 	Sound  started
188.0253 	DATA 	Keypress: rctrl
188.7751 	EXP 	Sound  started
188.7773 	DATA 	Keypress: rctrl
189.5133 	DATA 	Keypress: lctrl
189.5251 	EXP 	Sound  started
190.2751 	EXP 	Sound  started
190.2973 	DATA 	Keypress: lctrl
191.0251 	EXP 	Sound  started
191.0813 	DATA 	Keypress: lctrl
191.7751 	EXP 	Sound  started
191.8013 	DATA 	Keypress: lctrl
192.5251 	EXP 	Sound  started
192.5373 	DATA 	Keypress: lctrl
193.2413 	DATA 	Keypress: lctrl
193.2751 	EXP 	Sound  started
194.0252 	EXP 	Sound  started
194.0414 	DATA 	Keypress: lctrl
194.7454 	DATA 	Keypress: lctrl
194.7752 	EXP 	Sound  started
195.5133 	DATA 	Keypress: lctrl
195.5252 	EXP 	Sound  started
196.2752 	EXP 	Sound  started
196.2973 	DATA 	Keypress: lctrl
197.0252 	EXP 	Sound  started
197.0493 	DATA 	Keypress: lctrl
197.6893 	DATA 	Keypress: lctrl
197.7752 	EXP 	Sound  started
198.4253 	DATA 	Keypress: lctrl
201.5979 	DATA 	Keypress: 3
201.6143 	EXP 	unnamed ShapeStim: vertices = <class 'numpy.ndarray'>
206.1721 	DATA 	Keypress: 2
206.2014 	EXP 	unnamed ShapeStim: vertices = <class 'numpy.ndarray'>
208.7208 	DATA 	Keypress: 3
208.7373 	EXP 	unnamed ShapeStim: vertices = <class 'numpy.ndarray'>
211.0219 	EXP 	Sound  started
211.7719 	EXP 	Sound  started
212.5053 	DATA 	Keypress: rctrl
212.5219 	EXP 	Sound  started
213.2413 	DATA 	Keypress: lctrl
213.2719 	EXP 	Sound  started
213.9453 	DATA 	Keypress: lctrl
214.0219 	EXP 	Sound  started
214.7134 	DATA 	Keypress: lctrl
214.7720 	EXP 	Sound  started
215.4173 	DATA 	Keypress: rctrl
215.5220 	EXP 	Sound  started
216.1694 	DATA 	Keypress: lctrl
216.2720 	EXP 	Sound  started
216.9054 	DATA 	Keypress: lctrl
217.0220 	EXP 	Sound  started
217.6093 	DATA 	Keypress: rctrl
217.7720 	EXP 	Sound  started
218.3933 	DATA 	Keypress: rctrl
218.5220 	EXP 	Sound  started
219.2094 	DATA 	Keypress: lctrl
219.2721 	EXP 	Sound  started
219.9293 	DATA 	Keypress: rctrl
220.0221 	EXP 	Sound  started
220.7452 	DATA 	Keypress: rctrl
220.7721 	EXP 	Sound  started
221.4653 	DATA 	Keypress: rctrl
221.5221 	EXP 	Sound  started
222.2721 	EXP 	Sound  started
222.2814 	DATA 	Keypress: rctrl
223.0221 	EXP 	Sound  started
223.0333 	DATA 	Keypress: lctrl
223.7721 	EXP 	Sound  started
223.7854 	DATA 	Keypress: lctrl
224.5054 	DATA 	Keypress: lctrl
224.5222 	EXP 	Sound  started
225.2413 	DATA 	Keypress: rctrl
225.2722 	EXP 	Sound  started
226.0222 	EXP 	Sound  started
226.1056 	DATA 	Keypress: lctrl
226.7722 	EXP 	Sound  started
226.8253 	DATA 	Keypress: lctrl
227.5222 	EXP 	Sound  started
227.5773 	DATA 	Keypress: lctrl
228.2722 	EXP 	Sound  started
228.3133 	DATA 	Keypress: lctrl
229.0223 	EXP 	Sound  started
229.0494 	DATA 	Keypress: lctrl
229.7723 	EXP 	Sound  started
229.7853 	DATA 	Keypress: lctrl
230.5214 	DATA 	Keypress: lctrl
230.5223 	EXP 	Sound  started
231.2093 	DATA 	Keypress: lctrl
231.2723 	EXP 	Sound  started
231.9454 	DATA 	Keypress: lctrl
232.0223 	EXP 	Sound  started
232.6334 	DATA 	Keypress: lctrl
232.7723 	EXP 	Sound  started
233.3373 	DATA 	Keypress: rctrl
233.5224 	EXP 	Sound  started
234.0413 	DATA 	Keypress: rctrl
234.2724 	EXP 	Sound  started
234.8252 	DATA 	Keypress: lctrl
235.0224 	EXP 	Sound  started
235.5292 	DATA 	Keypress: rctrl
235.7724 	EXP 	Sound  started
236.3135 	DATA 	Keypress: lctrl
236.5224 	EXP 	Sound  started
237.0335 	DATA 	Keypress: lctrl
237.2724 	EXP 	Sound  started
237.8335 	DATA 	Keypress: lctrl
238.0224 	EXP 	Sound  started
238.5053 	DATA 	Keypress: lctrl
238.7725 	EXP 	Sound  started
239.2252 	DATA 	Keypress: rctrl
239.5225 	EXP 	Sound  started
239.9934 	DATA 	Keypress: lctrl
240.2725 	EXP 	Sound  started
240.8092 	DATA 	Keypress: rctrl
241.0225 	EXP 	Sound  started
241.5133 	DATA 	Keypress: rctrl
241.7725 	EXP 	Sound  started
242.3454 	DATA 	Keypress: lctrl
242.5225 	EXP 	Sound  started
243.1294 	DATA 	Keypress: lctrl
243.2725 	EXP 	Sound  started
243.9613 	DATA 	Keypress: lctrl
244.0226 	EXP 	Sound  started
244.7136 	DATA 	Keypress: lctrl
244.7726 	EXP 	Sound  started
245.4973 	DATA 	Keypress: lctrl
245.5226 	EXP 	Sound  started
246.2493 	DATA 	Keypress: lctrl
246.2726 	EXP 	Sound  started
247.0226 	EXP 	Sound  started
247.0496 	DATA 	Keypress: lctrl
247.7054 	DATA 	Keypress: lctrl
247.7726 	EXP 	Sound  started
248.5055 	DATA 	Keypress: lctrl
248.5226 	EXP 	Sound  started
249.2412 	DATA 	Keypress: lctrl
249.2727 	EXP 	Sound  started
249.9935 	DATA 	Keypress: lctrl
250.0227 	EXP 	Sound  started
250.6812 	DATA 	Keypress: rctrl
250.7727 	EXP 	Sound  started
251.4175 	DATA 	Keypress: lctrl
251.5227 	EXP 	Sound  started
252.1052 	DATA 	Keypress: lctrl
252.2727 	EXP 	Sound  started
252.8733 	DATA 	Keypress: lctrl
253.0227 	EXP 	Sound  started
253.5133 	DATA 	Keypress: rctrl
253.7727 	EXP 	Sound  started
254.3293 	DATA 	Keypress: lctrl
254.5228 	EXP 	Sound  started
255.0493 	DATA 	Keypress: lctrl
255.2728 	EXP 	Sound  started
255.8334 	DATA 	Keypress: lctrl
256.0228 	EXP 	Sound  started
256.6332 	DATA 	Keypress: rctrl
256.7728 	EXP 	Sound  started
257.4173 	DATA 	Keypress: lctrl
257.5228 	EXP 	Sound  started
258.1532 	DATA 	Keypress: lctrl
258.2728 	EXP 	Sound  started
258.9694 	DATA 	Keypress: lctrl
259.0229 	EXP 	Sound  started
259.6892 	DATA 	Keypress: rctrl
259.7729 	EXP 	Sound  started
260.4733 	DATA 	Keypress: lctrl
260.5229 	EXP 	Sound  started
261.2255 	DATA 	Keypress: lctrl
261.2729 	EXP 	Sound  started
261.9454 	DATA 	Keypress: rctrl
262.0229 	EXP 	Sound  started
262.7294 	DATA 	Keypress: lctrl
262.7729 	EXP 	Sound  started
263.5230 	EXP 	Sound  started
263.5613 	DATA 	Keypress: lctrl
264.2652 	DATA 	Keypress: rctrl
264.2730 	EXP 	Sound  started
265.0013 	DATA 	Keypress: lctrl
265.0230 	EXP 	Sound  started
265.7534 	DATA 	Keypress: lctrl
268.9864 	DATA 	Keypress: 4
269.0029 	EXP 	unnamed ShapeStim: vertices = <class 'numpy.ndarray'>
272.5226 	DATA 	Keypress: 1
272.5391 	EXP 	unnamed ShapeStim: vertices = <class 'numpy.ndarray'>
274.7787 	DATA 	Keypress: 4
274.8081 	EXP 	unnamed ShapeStim: vertices = <class 'numpy.ndarray'>
277.0925 	EXP 	Sound  started
277.8425 	EXP 	Sound  started
278.5925 	EXP 	Sound  started
279.3425 	EXP 	Sound  started
279.3692 	DATA 	Keypress: rctrl
280.0252 	DATA 	Keypress: lctrl
280.0926 	EXP 	Sound  started
280.7773 	DATA 	Keypress: lctrl
280.8426 	EXP 	Sound  started
281.4493 	DATA 	Keypress: lctrl
281.5926 	EXP 	Sound  started
282.1855 	DATA 	Keypress: lctrl
282.3426 	EXP 	Sound  started
282.9213 	DATA 	Keypress: lctrl
283.0926 	EXP 	Sound  started
283.5772 	DATA 	Keypress: rctrl
283.8426 	EXP 	Sound  started
284.3613 	DATA 	Keypress: lctrl
284.5927 	EXP 	Sound  started
285.0974 	DATA 	Keypress: lctrl
285.3427 	EXP 	Sound  started
285.8332 	DATA 	Keypress: rctrl
286.0927 	EXP 	Sound  started
286.6333 	DATA 	Keypress: rctrl
286.8427 	EXP 	Sound  started
287.4173 	DATA 	Keypress: rctrl
287.5927 	EXP 	Sound  started
288.1532 	DATA 	Keypress: rctrl
288.3427 	EXP 	Sound  started
288.8252 	DATA 	Keypress: lctrl
289.0928 	EXP 	Sound  started
289.6093 	DATA 	Keypress: lctrl
289.8428 	EXP 	Sound  started
290.3773 	DATA 	Keypress: lctrl
290.5928 	EXP 	Sound  started
291.0653 	DATA 	Keypress: lctrl
291.3428 	EXP 	Sound  started
291.8332 	DATA 	Keypress: rctrl
292.0928 	EXP 	Sound  started
292.6012 	DATA 	Keypress: rctrl
292.8428 	EXP 	Sound  started
293.3853 	DATA 	Keypress: rctrl
293.5928 	EXP 	Sound  started
294.0572 	DATA 	Keypress: lctrl
294.3429 	EXP 	Sound  started
294.8252 	DATA 	Keypress: lctrl
295.0929 	EXP 	Sound  started
295.5612 	DATA 	Keypress: lctrl
295.8429 	EXP 	Sound  started
296.2972 	DATA 	Keypress: rctrl
296.5929 	EXP 	Sound  started
297.0492 	DATA 	Keypress: rctrl
297.3429 	EXP 	Sound  started
297.8812 	DATA 	Keypress: rctrl
298.0929 	EXP 	Sound  started
298.5693 	DATA 	Keypress: lctrl
298.8429 	EXP 	Sound  started
299.4172 	DATA 	Keypress: lctrl
299.5930 	EXP 	Sound  started
300.1213 	DATA 	Keypress: lctrl
300.3430 	EXP 	Sound  started
300.8573 	DATA 	Keypress: rctrl
301.0930 	EXP 	Sound  started
301.5612 	DATA 	Keypress: rctrl
301.8430 	EXP 	Sound  started
302.3292 	DATA 	Keypress: rctrl
302.5930 	EXP 	Sound  started
303.0492 	DATA 	Keypress: lctrl
303.3430 	EXP 	Sound  started
303.8332 	DATA 	Keypress: lctrl
304.0930 	EXP 	Sound  started
304.6972 	DATA 	Keypress: lctrl
304.8431 	EXP 	Sound  started
305.4172 	DATA 	Keypress: rctrl
305.5931 	EXP 	Sound  started
306.0892 	DATA 	Keypress: rctrl
306.3431 	EXP 	Sound  started
306.8732 	DATA 	Keypress: rctrl
307.0931 	EXP 	Sound  started
307.5612 	DATA 	Keypress: lctrl
307.8431 	EXP 	Sound  started
308.3612 	DATA 	Keypress: lctrl
308.5931 	EXP 	Sound  started
309.1452 	DATA 	Keypress: lctrl
309.3431 	EXP 	Sound  started
309.8812 	DATA 	Keypress: rctrl
310.0932 	EXP 	Sound  started
310.6172 	DATA 	Keypress: rctrl
310.8432 	EXP 	Sound  started
311.3532 	DATA 	Keypress: rctrl
311.5932 	EXP 	Sound  started
312.0572 	DATA 	Keypress: lctrl
312.3432 	EXP 	Sound  started
312.8893 	DATA 	Keypress: lctrl
313.0932 	EXP 	Sound  started
313.6092 	DATA 	Keypress: lctrl
313.8432 	EXP 	Sound  started
314.3452 	DATA 	Keypress: rctrl
314.5933 	EXP 	Sound  started
315.1132 	DATA 	Keypress: rctrl
318.2267 	DATA 	Keypress: 4
318.2432 	EXP 	unnamed ShapeStim: vertices = <class 'numpy.ndarray'>
320.8960 	DATA 	Keypress: 1
320.9126 	EXP 	unnamed ShapeStim: vertices = <class 'numpy.ndarray'>
323.1813 	DATA 	Keypress: 4
323.1978 	EXP 	unnamed ShapeStim: vertices = <class 'numpy.ndarray'>
325.4826 	EXP 	Sound  started
326.2012 	DATA 	Keypress: rctrl
326.2326 	EXP 	Sound  started
326.9212 	DATA 	Keypress: rctrl
326.9826 	EXP 	Sound  started
327.5932 	DATA 	Keypress: rctrl
327.7326 	EXP 	Sound  started
328.2491 	DATA 	Keypress: lctrl
328.4827 	EXP 	Sound  started
329.0172 	DATA 	Keypress: lctrl
329.2327 	EXP 	Sound  started
329.7532 	DATA 	Keypress: lctrl
329.9827 	EXP 	Sound  started
330.4732 	DATA 	Keypress: rctrl
330.7327 	EXP 	Sound  started
331.1452 	DATA 	Keypress: rctrl
331.4827 	EXP 	Sound  started
331.9133 	DATA 	Keypress: rctrl
332.2327 	EXP 	Sound  started
332.5372 	DATA 	Keypress: lctrl
332.9828 	EXP 	Sound  started
333.3052 	DATA 	Keypress: lctrl
333.7328 	EXP 	Sound  started
334.0413 	DATA 	Keypress: lctrl
334.4828 	EXP 	Sound  started
334.7452 	DATA 	Keypress: rctrl
335.2328 	EXP 	Sound  started
335.4331 	DATA 	Keypress: rctrl
335.9828 	EXP 	Sound  started
336.1692 	DATA 	Keypress: rctrl
336.7328 	EXP 	Sound  started
336.8412 	DATA 	Keypress: lctrl
337.4829 	EXP 	Sound  started
337.9612 	DATA 	Keypress: lctrl
338.2329 	EXP 	Sound  started
338.7292 	DATA 	Keypress: lctrl
338.9829 	EXP 	Sound  started
339.5452 	DATA 	Keypress: rctrl
339.7329 	EXP 	Sound  started
340.2812 	DATA 	Keypress: rctrl
340.4829 	EXP 	Sound  started
341.0492 	DATA 	Keypress: rctrl
341.2329 	EXP 	Sound  started
341.8332 	DATA 	Keypress: lctrl
341.9829 	EXP 	Sound  started
342.5692 	DATA 	Keypress: lctrl
342.7330 	EXP 	Sound  started
343.3212 	DATA 	Keypress: lctrl
343.4830 	EXP 	Sound  started
344.1372 	DATA 	Keypress: rctrl
344.2330 	EXP 	Sound  started
344.8091 	DATA 	Keypress: rctrl
344.9830 	EXP 	Sound  started
345.5292 	DATA 	Keypress: rctrl
345.7330 	EXP 	Sound  started
346.2012 	DATA 	Keypress: lctrl
346.4830 	EXP 	Sound  started
347.0172 	DATA 	Keypress: lctrl
347.2331 	EXP 	Sound  started
347.7052 	DATA 	Keypress: lctrl
347.9831 	EXP 	Sound  started
348.2812 	DATA 	Keypress: rctrl
348.7331 	EXP 	Sound  started
349.0172 	DATA 	Keypress: rctrl
349.4831 	EXP 	Sound  started
349.7212 	DATA 	Keypress: rctrl
350.2331 	EXP 	Sound  started
350.4572 	DATA 	Keypress: lctrl
350.9831 	EXP 	Sound  started
351.2412 	DATA 	Keypress: lctrl
351.7331 	EXP 	Sound  started
351.9772 	DATA 	Keypress: lctrl
352.4832 	EXP 	Sound  started
352.6972 	DATA 	Keypress: rctrl
353.2332 	EXP 	Sound  started
353.4172 	DATA 	Keypress: rctrl
353.9832 	EXP 	Sound  started
354.0732 	DATA 	Keypress: rctrl
354.7332 	EXP 	Sound  started
354.7932 	DATA 	Keypress: lctrl
355.4832 	EXP 	Sound  started
355.6252 	DATA 	Keypress: lctrl
356.2332 	EXP 	Sound  started
356.4091 	DATA 	Keypress: lctrl
356.9833 	EXP 	Sound  started
357.2092 	DATA 	Keypress: rctrl
357.7333 	EXP 	Sound  started
357.7532 	DATA 	Keypress: rctrl
358.4092 	DATA 	Keypress: rctrl
358.4833 	EXP 	Sound  started
359.0492 	DATA 	Keypress: rctrl
359.2333 	EXP 	Sound  started
359.7051 	DATA 	Keypress: lctrl
359.9833 	EXP 	Sound  started
360.4732 	DATA 	Keypress: lctrl
360.7333 	EXP 	Sound  started
361.2891 	DATA 	Keypress: lctrl
361.4833 	EXP 	Sound  started
362.0412 	DATA 	Keypress: rctrl
362.2334 	EXP 	Sound  started
362.7292 	DATA 	Keypress: rctrl
362.9834 	EXP 	Sound  started
363.4972 	DATA 	Keypress: rctrl
363.7334 	EXP 	Sound  started
364.2012 	DATA 	Keypress: lctrl
364.4834 	EXP 	Sound  started
364.9852 	DATA 	Keypress: lctrl
365.2334 	EXP 	Sound  started
365.7372 	DATA 	Keypress: lctrl
365.9834 	EXP 	Sound  started
366.4091 	DATA 	Keypress: rctrl
366.7335 	EXP 	Sound  started
367.0652 	DATA 	Keypress: rctrl
373.3052 	DATA 	Keypress: 4
373.3217 	EXP 	unnamed ShapeStim: vertices = <class 'numpy.ndarray'>
375.5071 	DATA 	Keypress: 1
375.5235 	EXP 	unnamed ShapeStim: vertices = <class 'numpy.ndarray'>
377.2918 	DATA 	Keypress: 4
377.3083 	EXP 	unnamed ShapeStim: vertices = <class 'numpy.ndarray'>
379.5936 	EXP 	Sound  started
379.8172 	DATA 	Keypress: rctrl
380.3435 	EXP 	Sound  started
380.3612 	DATA 	Keypress: rctrl
381.0492 	DATA 	Keypress: rctrl
381.0935 	EXP 	Sound  started
381.6572 	DATA 	Keypress: lctrl
381.8435 	EXP 	Sound  started
382.4091 	DATA 	Keypress: lctrl
382.5935 	EXP 	Sound  started
383.1772 	DATA 	Keypress: lctrl
383.3436 	EXP 	Sound  started
383.8493 	DATA 	Keypress: rctrl
384.0936 	EXP 	Sound  started
384.5852 	DATA 	Keypress: rctrl
384.8436 	EXP 	Sound  started
385.3212 	DATA 	Keypress: rctrl
385.5936 	EXP 	Sound  started
386.0412 	DATA 	Keypress: lctrl
386.3436 	EXP 	Sound  started
386.8412 	DATA 	Keypress: lctrl
387.0936 	EXP 	Sound  started
387.5771 	DATA 	Keypress: lctrl
387.8437 	EXP 	Sound  started
388.2812 	DATA 	Keypress: rctrl
388.5937 	EXP 	Sound  started
389.0011 	DATA 	Keypress: rctrl
389.3437 	EXP 	Sound  started
389.6891 	DATA 	Keypress: rctrl
390.0937 	EXP 	Sound  started
390.3772 	DATA 	Keypress: lctrl
390.8437 	EXP 	Sound  started
391.1932 	DATA 	Keypress: lctrl
391.5937 	EXP 	Sound  started
391.8972 	DATA 	Keypress: lctrl
392.3437 	EXP 	Sound  started
392.6332 	DATA 	Keypress: rctrl
393.0938 	EXP 	Sound  started
393.3531 	DATA 	Keypress: rctrl
393.8438 	EXP 	Sound  started
394.2331 	DATA 	Keypress: rctrl
394.5938 	EXP 	Sound  started
395.0331 	DATA 	Keypress: lctrl
395.3438 	EXP 	Sound  started
395.6732 	DATA 	Keypress: lctrl
396.0938 	EXP 	Sound  started
396.5051 	DATA 	Keypress: lctrl
396.8438 	EXP 	Sound  started
397.3052 	DATA 	Keypress: rctrl
397.5938 	EXP 	Sound  started
398.0571 	DATA 	Keypress: rctrl
398.3439 	EXP 	Sound  started
398.8732 	DATA 	Keypress: rctrl
399.0939 	EXP 	Sound  started
399.6571 	DATA 	Keypress: lctrl
399.8439 	EXP 	Sound  started
400.4411 	DATA 	Keypress: lctrl
400.5939 	EXP 	Sound  started
401.1932 	DATA 	Keypress: lctrl
401.3439 	EXP 	Sound  started
401.9293 	DATA 	Keypress: rctrl
402.0939 	EXP 	Sound  started
402.6971 	DATA 	Keypress: rctrl
402.8440 	EXP 	Sound  started
403.4651 	DATA 	Keypress: rctrl
403.5940 	EXP 	Sound  started
404.1212 	DATA 	Keypress: lctrl
404.3440 	EXP 	Sound  started
405.0011 	DATA 	Keypress: lctrl
405.0940 	EXP 	Sound  started
405.6091 	DATA 	Keypress: lctrl
405.8440 	EXP 	Sound  started
406.3612 	DATA 	Keypress: rctrl
406.5940 	EXP 	Sound  started
407.0331 	DATA 	Keypress: rctrl
407.3441 	EXP 	Sound  started
407.6891 	DATA 	Keypress: rctrl
408.0941 	EXP 	Sound  started
408.4411 	DATA 	Keypress: lctrl
408.8441 	EXP 	Sound  started
409.1452 	DATA 	Keypress: lctrl
409.5941 	EXP 	Sound  started
409.8651 	DATA 	Keypress: lctrl
410.3441 	EXP 	Sound  started
410.5851 	DATA 	Keypress: rctrl
411.0941 	EXP 	Sound  started
411.2731 	DATA 	Keypress: rctrl
411.8441 	EXP 	Sound  started
411.9932 	DATA 	Keypress: rctrl
412.5942 	EXP 	Sound  started
412.6811 	DATA 	Keypress: lctrl
413.3442 	EXP 	Sound  started
413.5131 	DATA 	Keypress: lctrl
414.0942 	EXP 	Sound  started
414.3131 	DATA 	Keypress: lctrl
414.8442 	EXP 	Sound  started
415.0331 	DATA 	Keypress: rctrl
415.5942 	EXP 	Sound  started
415.7691 	DATA 	Keypress: rctrl
416.3443 	EXP 	Sound  started
416.5692 	DATA 	Keypress: rctrl
417.0943 	EXP 	Sound  started
417.3691 	DATA 	Keypress: lctrl
417.8443 	EXP 	Sound  started
418.2012 	DATA 	Keypress: lctrl
418.5943 	EXP 	Sound  started
419.0652 	DATA 	Keypress: lctrl
419.3443 	EXP 	Sound  started
419.8491 	DATA 	Keypress: rctrl
420.0943 	EXP 	Sound  started
420.5692 	DATA 	Keypress: rctrl
420.8443 	EXP 	Sound  started
421.3051 	DATA 	Keypress: rctrl
421.5944 	EXP 	Sound  started
421.9771 	DATA 	Keypress: lctrl
422.3444 	EXP 	Sound  started
422.6491 	DATA 	Keypress: lctrl
423.0944 	EXP 	Sound  started
423.4012 	DATA 	Keypress: lctrl
423.8444 	EXP 	Sound  started
424.1531 	DATA 	Keypress: rctrl
424.5944 	EXP 	Sound  started
424.8571 	DATA 	Keypress: rctrl
428.1167 	DATA 	Keypress: 4
428.1332 	EXP 	unnamed ShapeStim: vertices = <class 'numpy.ndarray'>
430.6188 	DATA 	Keypress: 1
430.6353 	EXP 	unnamed ShapeStim: vertices = <class 'numpy.ndarray'>
433.2047 	DATA 	Keypress: 4
433.2212 	EXP 	unnamed ShapeStim: vertices = <class 'numpy.ndarray'>
435.5068 	EXP 	Sound  started
435.7531 	DATA 	Keypress: rctrl
436.2492 	DATA 	Keypress: rctrl
436.2568 	EXP 	Sound  started
436.8891 	DATA 	Keypress: rctrl
437.0068 	EXP 	Sound  started
437.5611 	DATA 	Keypress: lctrl
437.7568 	EXP 	Sound  started
438.3611 	DATA 	Keypress: lctrl
438.5068 	EXP 	Sound  started
439.1611 	DATA 	Keypress: lctrl
439.2568 	EXP 	Sound  started
439.7532 	DATA 	Keypress: rctrl
440.0069 	EXP 	Sound  started
440.5051 	DATA 	Keypress: rctrl
440.7569 	EXP 	Sound  started
441.1772 	DATA 	Keypress: rctrl
441.5069 	EXP 	Sound  started
441.9291 	DATA 	Keypress: lctrl
442.2569 	EXP 	Sound  started
442.6491 	DATA 	Keypress: lctrl
443.0069 	EXP 	Sound  started
443.3371 	DATA 	Keypress: lctrl
443.7569 	EXP 	Sound  started
444.1051 	DATA 	Keypress: rctrl
444.5070 	EXP 	Sound  started
444.8411 	DATA 	Keypress: rctrl
445.2570 	EXP 	Sound  started
445.6411 	DATA 	Keypress: rctrl
446.0070 	EXP 	Sound  started
446.3452 	DATA 	Keypress: lctrl
446.7570 	EXP 	Sound  started
447.0651 	DATA 	Keypress: lctrl
447.5070 	EXP 	Sound  started
447.8812 	DATA 	Keypress: lctrl
448.2570 	EXP 	Sound  started
448.5691 	DATA 	Keypress: rctrl
449.0071 	EXP 	Sound  started
449.4171 	DATA 	Keypress: rctrl
449.7571 	EXP 	Sound  started
450.1692 	DATA 	Keypress: rctrl
450.5071 	EXP 	Sound  started
450.8251 	DATA 	Keypress: lctrl
451.2571 	EXP 	Sound  started
451.5771 	DATA 	Keypress: lctrl
452.0071 	EXP 	Sound  started
452.3451 	DATA 	Keypress: lctrl
452.7571 	EXP 	Sound  started
453.1131 	DATA 	Keypress: rctrl
453.5072 	EXP 	Sound  started
453.8491 	DATA 	Keypress: rctrl
454.2572 	EXP 	Sound  started
454.6332 	DATA 	Keypress: rctrl
455.0072 	EXP 	Sound  started
455.3051 	DATA 	Keypress: lctrl
455.7572 	EXP 	Sound  started
455.9932 	DATA 	Keypress: lctrl
456.5072 	EXP 	Sound  started
456.7772 	DATA 	Keypress: lctrl
457.2572 	EXP 	Sound  started
457.5131 	DATA 	Keypress: rctrl
458.0072 	EXP 	Sound  started
458.2491 	DATA 	Keypress: rctrl
458.7573 	EXP 	Sound  started
458.9852 	DATA 	Keypress: rctrl
459.5073 	EXP 	Sound  started
459.7371 	DATA 	Keypress: lctrl
460.2573 	EXP 	Sound  started
460.5051 	DATA 	Keypress: lctrl
461.0073 	EXP 	Sound  started
461.2571 	DATA 	Keypress: lctrl
461.7573 	EXP 	Sound  started
462.0571 	DATA 	Keypress: rctrl
462.5073 	EXP 	Sound  started
462.8091 	DATA 	Keypress: rctrl
463.2574 	EXP 	Sound  started
463.6732 	DATA 	Keypress: rctrl
464.0074 	EXP 	Sound  started
464.4731 	DATA 	Keypress: lctrl
464.7574 	EXP 	Sound  started
465.3851 	DATA 	Keypress: lctrl
465.5074 	EXP 	Sound  started
466.1531 	DATA 	Keypress: lctrl
466.2574 	EXP 	Sound  started
466.9371 	DATA 	Keypress: rctrl
467.0074 	EXP 	Sound  started
467.7211 	DATA 	Keypress: rctrl
467.7574 	EXP 	Sound  started
468.4091 	DATA 	Keypress: rctrl
468.5075 	EXP 	Sound  started
469.0811 	DATA 	Keypress: lctrl
469.2575 	EXP 	Sound  started
469.8651 	DATA 	Keypress: lctrl
470.0075 	EXP 	Sound  started
470.6651 	DATA 	Keypress: lctrl
470.7575 	EXP 	Sound  started
471.4811 	DATA 	Keypress: rctrl
471.5075 	EXP 	Sound  started
472.2012 	DATA 	Keypress: rctrl
472.2576 	EXP 	Sound  started
472.9531 	DATA 	Keypress: rctrl
473.0076 	EXP 	Sound  started
473.5772 	DATA 	Keypress: lctrl
473.7576 	EXP 	Sound  started
474.4091 	DATA 	Keypress: lctrl
474.5076 	EXP 	Sound  started
475.1772 	DATA 	Keypress: lctrl
475.2576 	EXP 	Sound  started
475.8651 	DATA 	Keypress: rctrl
476.0076 	EXP 	Sound  started
476.6330 	DATA 	Keypress: rctrl
478.6581 	DATA 	Keypress: 4
478.6746 	EXP 	unnamed ShapeStim: vertices = <class 'numpy.ndarray'>
480.6769 	DATA 	Keypress: 1
480.6934 	EXP 	unnamed ShapeStim: vertices = <class 'numpy.ndarray'>
482.4618 	DATA 	Keypress: 4
482.4782 	EXP 	unnamed ShapeStim: vertices = <class 'numpy.ndarray'>
484.7635 	EXP 	Sound  started
485.0491 	DATA 	Keypress: rctrl
485.5135 	EXP 	Sound  started
485.5291 	DATA 	Keypress: rctrl
486.2170 	DATA 	Keypress: rctrl
486.2635 	EXP 	Sound  started
486.9211 	DATA 	Keypress: lctrl
487.0135 	EXP 	Sound  started
487.6251 	DATA 	Keypress: lctrl
487.7635 	EXP 	Sound  started
488.3771 	DATA 	Keypress: lctrl
488.5135 	EXP 	Sound  started
489.1131 	DATA 	Keypress: rctrl
489.2635 	EXP 	Sound  started
489.8491 	DATA 	Keypress: rctrl
490.0136 	EXP 	Sound  started
490.5371 	DATA 	Keypress: rctrl
490.7636 	EXP 	Sound  started
491.2091 	DATA 	Keypress: lctrl
491.5136 	EXP 	Sound  started
491.9931 	DATA 	Keypress: lctrl
492.2636 	EXP 	Sound  started
492.6651 	DATA 	Keypress: lctrl
493.0136 	EXP 	Sound  started
493.4811 	DATA 	Keypress: rctrl
493.7636 	EXP 	Sound  started
494.1371 	DATA 	Keypress: rctrl
494.5137 	EXP 	Sound  started
494.8571 	DATA 	Keypress: rctrl
495.2637 	EXP 	Sound  started
495.5131 	DATA 	Keypress: lctrl
496.0137 	EXP 	Sound  started
496.3451 	DATA 	Keypress: lctrl
496.7637 	EXP 	Sound  started
497.1131 	DATA 	Keypress: lctrl
497.5137 	EXP 	Sound  started
497.8331 	DATA 	Keypress: rctrl
498.2637 	EXP 	Sound  started
498.6170 	DATA 	Keypress: rctrl
499.0137 	EXP 	Sound  started
499.2890 	DATA 	Keypress: lctrl
499.7638 	EXP 	Sound  started
500.0411 	DATA 	Keypress: lctrl
500.5138 	EXP 	Sound  started
500.8892 	DATA 	Keypress: rctrl
501.2638 	EXP 	Sound  started
501.7051 	DATA 	Keypress: rctrl
502.0138 	EXP 	Sound  started
502.5051 	DATA 	Keypress: lctrl
502.7638 	EXP 	Sound  started
503.3531 	DATA 	Keypress: lctrl
503.5138 	EXP 	Sound  started
504.0571 	DATA 	Keypress: rctrl
504.2639 	EXP 	Sound  started
504.7451 	DATA 	Keypress: rctrl
505.0139 	EXP 	Sound  started
505.4491 	DATA 	Keypress: lctrl
505.7639 	EXP 	Sound  started
506.2651 	DATA 	Keypress: lctrl
506.5139 	EXP 	Sound  started
506.9531 	DATA 	Keypress: rctrl
507.2639 	EXP 	Sound  started
507.8010 	DATA 	Keypress: rctrl
508.0139 	EXP 	Sound  started
508.5211 	DATA 	Keypress: lctrl
508.7640 	EXP 	Sound  started
509.3051 	DATA 	Keypress: lctrl
509.5140 	EXP 	Sound  started
510.0090 	DATA 	Keypress: rctrl
510.2640 	EXP 	Sound  started
510.7450 	DATA 	Keypress: rctrl
511.0140 	EXP 	Sound  started
511.4650 	DATA 	Keypress: lctrl
511.7640 	EXP 	Sound  started
512.2651 	DATA 	Keypress: lctrl
512.5140 	EXP 	Sound  started
513.0811 	DATA 	Keypress: rctrl
513.2641 	EXP 	Sound  started
513.7691 	DATA 	Keypress: rctrl
514.0141 	EXP 	Sound  started
514.4891 	DATA 	Keypress: lctrl
514.7641 	EXP 	Sound  started
515.2090 	DATA 	Keypress: lctrl
515.5141 	EXP 	Sound  started
515.9610 	DATA 	Keypress: rctrl
516.2641 	EXP 	Sound  started
516.6810 	DATA 	Keypress: rctrl
517.0141 	EXP 	Sound  started
517.4331 	DATA 	Keypress: lctrl
517.7642 	EXP 	Sound  started
518.1850 	DATA 	Keypress: lctrl
518.5142 	EXP 	Sound  started
518.7930 	DATA 	Keypress: rctrl
519.2642 	EXP 	Sound  started
519.5930 	DATA 	Keypress: rctrl
520.0142 	EXP 	Sound  started
520.3130 	DATA 	Keypress: lctrl
520.7642 	EXP 	Sound  started
521.0651 	DATA 	Keypress: lctrl
521.5142 	EXP 	Sound  started
521.8491 	DATA 	Keypress: rctrl
522.2642 	EXP 	Sound  started
522.6011 	DATA 	Keypress: rctrl
523.0143 	EXP 	Sound  started
523.3051 	DATA 	Keypress: lctrl
523.7643 	EXP 	Sound  started
524.0410 	DATA 	Keypress: lctrl
524.5143 	EXP 	Sound  started
524.8090 	DATA 	Keypress: rctrl
525.2643 	EXP 	Sound  started
525.5291 	DATA 	Keypress: rctrl
526.0143 	EXP 	Sound  started
526.3610 	DATA 	Keypress: lctrl
526.7643 	EXP 	Sound  started
527.1771 	DATA 	Keypress: lctrl
527.5144 	EXP 	Sound  started
527.9131 	DATA 	Keypress: rctrl
528.2644 	EXP 	Sound  started
528.5530 	DATA 	Keypress: rctrl
529.0144 	EXP 	Sound  started
529.3210 	DATA 	Keypress: lctrl
529.7644 	EXP 	Sound  started
530.1530 	DATA 	Keypress: lctrl
530.5144 	EXP 	Sound  started
530.8730 	DATA 	Keypress: rctrl
531.2644 	EXP 	Sound  started
531.6411 	DATA 	Keypress: rctrl
532.0144 	EXP 	Sound  started
532.4411 	DATA 	Keypress: lctrl
532.7644 	EXP 	Sound  started
533.1772 	DATA 	Keypress: lctrl
533.5145 	EXP 	Sound  started
533.9931 	DATA 	Keypress: rctrl
534.2645 	EXP 	Sound  started
534.7131 	DATA 	Keypress: rctrl
535.0145 	EXP 	Sound  started
535.4490 	DATA 	Keypress: lctrl
535.7645 	EXP 	Sound  started
536.2171 	DATA 	Keypress: lctrl
538.0734 	DATA 	Keypress: 4
538.0900 	EXP 	unnamed ShapeStim: vertices = <class 'numpy.ndarray'>
539.9250 	DATA 	Keypress: 1
539.9415 	EXP 	unnamed ShapeStim: vertices = <class 'numpy.ndarray'>
541.7269 	DATA 	Keypress: 4
541.7434 	EXP 	unnamed ShapeStim: vertices = <class 'numpy.ndarray'>
544.0284 	EXP 	Sound  started
544.0287 	DATA 	Keypress: rctrl
544.5850 	DATA 	Keypress: rctrl
544.7783 	EXP 	Sound  started
545.3690 	DATA 	Keypress: lctrl
545.5284 	EXP 	Sound  started
546.1210 	DATA 	Keypress: lctrl
546.2784 	EXP 	Sound  started
546.8090 	DATA 	Keypress: rctrl
547.0284 	EXP 	Sound  started
547.6090 	DATA 	Keypress: rctrl
547.7784 	EXP 	Sound  started
548.2490 	DATA 	Keypress: lctrl
548.5284 	EXP 	Sound  started
549.0811 	DATA 	Keypress: lctrl
549.2784 	EXP 	Sound  started
549.8011 	DATA 	Keypress: rctrl
550.0284 	EXP 	Sound  started
550.6011 	DATA 	Keypress: rctrl
550.7785 	EXP 	Sound  started
551.2411 	DATA 	Keypress: lctrl
551.5285 	EXP 	Sound  started
552.0730 	DATA 	Keypress: lctrl
552.2785 	EXP 	Sound  started
552.7290 	DATA 	Keypress: rctrl
553.0285 	EXP 	Sound  started
553.5291 	DATA 	Keypress: rctrl
553.7785 	EXP 	Sound  started
554.2650 	DATA 	Keypress: lctrl
554.5285 	EXP 	Sound  started
555.0491 	DATA 	Keypress: lctrl
555.2786 	EXP 	Sound  started
555.8810 	DATA 	Keypress: rctrl
556.0286 	EXP 	Sound  started
556.6170 	DATA 	Keypress: rctrl
556.7786 	EXP 	Sound  started
557.3210 	DATA 	Keypress: lctrl
557.5286 	EXP 	Sound  started
558.0572 	DATA 	Keypress: lctrl
558.2786 	EXP 	Sound  started
558.9210 	DATA 	Keypress: rctrl
559.0287 	EXP 	Sound  started
559.6090 	DATA 	Keypress: rctrl
559.7786 	EXP 	Sound  started
560.3451 	DATA 	Keypress: lctrl
560.5287 	EXP 	Sound  started
561.0971 	DATA 	Keypress: lctrl
561.2787 	EXP 	Sound  started
561.7851 	DATA 	Keypress: rctrl
562.0287 	EXP 	Sound  started
562.5370 	DATA 	Keypress: rctrl
562.7787 	EXP 	Sound  started
563.2731 	DATA 	Keypress: lctrl
563.5287 	EXP 	Sound  started
564.0252 	DATA 	Keypress: lctrl
564.2788 	EXP 	Sound  started
564.7290 	DATA 	Keypress: rctrl
565.0288 	EXP 	Sound  started
565.4650 	DATA 	Keypress: rctrl
565.7788 	EXP 	Sound  started
566.1370 	DATA 	Keypress: lctrl
566.5288 	EXP 	Sound  started
566.9531 	DATA 	Keypress: lctrl
567.2788 	EXP 	Sound  started
567.6250 	DATA 	Keypress: rctrl
568.0288 	EXP 	Sound  started
568.3290 	DATA 	Keypress: rctrl
568.7788 	EXP 	Sound  started
569.1290 	DATA 	Keypress: lctrl
569.5289 	EXP 	Sound  started
569.9610 	DATA 	Keypress: lctrl
570.2789 	EXP 	Sound  started
570.7610 	DATA 	Keypress: rctrl
571.0289 	EXP 	Sound  started
571.6410 	DATA 	Keypress: rctrl
571.7789 	EXP 	Sound  started
572.4090 	DATA 	Keypress: lctrl
572.5289 	EXP 	Sound  started
573.1130 	DATA 	Keypress: lctrl
573.2789 	EXP 	Sound  started
573.8650 	DATA 	Keypress: rctrl
574.0289 	EXP 	Sound  started
574.5690 	DATA 	Keypress: rctrl
574.7790 	EXP 	Sound  started
575.3370 	DATA 	Keypress: lctrl
575.5290 	EXP 	Sound  started
576.0890 	DATA 	Keypress: lctrl
576.2790 	EXP 	Sound  started
576.7770 	DATA 	Keypress: rctrl
577.0290 	EXP 	Sound  started
577.5770 	DATA 	Keypress: rctrl
577.7790 	EXP 	Sound  started
578.2331 	DATA 	Keypress: lctrl
578.5290 	EXP 	Sound  started
578.9850 	DATA 	Keypress: lctrl
579.2791 	EXP 	Sound  started
579.7530 	DATA 	Keypress: rctrl
580.0291 	EXP 	Sound  started
580.4570 	DATA 	Keypress: rctrl
580.7791 	EXP 	Sound  started
581.0971 	DATA 	Keypress: lctrl
581.5291 	EXP 	Sound  started
581.8650 	DATA 	Keypress: lctrl
582.2791 	EXP 	Sound  started
582.6330 	DATA 	Keypress: rctrl
583.0291 	EXP 	Sound  started
583.3370 	DATA 	Keypress: rctrl
583.7792 	EXP 	Sound  started
584.0410 	DATA 	Keypress: lctrl
584.5292 	EXP 	Sound  started
584.8250 	DATA 	Keypress: lctrl
585.2792 	EXP 	Sound  started
585.5451 	DATA 	Keypress: rctrl
586.0292 	EXP 	Sound  started
586.2650 	DATA 	Keypress: rctrl
586.7792 	EXP 	Sound  started
587.0010 	DATA 	Keypress: lctrl
587.5292 	EXP 	Sound  started
587.7850 	DATA 	Keypress: lctrl
588.2793 	EXP 	Sound  started
588.5690 	DATA 	Keypress: rctrl
589.0293 	EXP 	Sound  started
589.4970 	DATA 	Keypress: rctrl
589.7793 	EXP 	Sound  started
590.2490 	DATA 	Keypress: lctrl
590.5293 	EXP 	Sound  started
590.8890 	DATA 	Keypress: lctrl
591.2793 	EXP 	Sound  started
591.6571 	DATA 	Keypress: rctrl
592.0293 	EXP 	Sound  started
592.5210 	DATA 	Keypress: rctrl
592.7793 	EXP 	Sound  started
593.3850 	DATA 	Keypress: lctrl
593.5293 	EXP 	Sound  started
594.0890 	DATA 	Keypress: lctrl
594.2794 	EXP 	Sound  started
594.8411 	DATA 	Keypress: rctrl
595.0294 	EXP 	Sound  started
595.5930 	DATA 	Keypress: rctrl
595.7794 	EXP 	Sound  started
596.3770 	DATA 	Keypress: lctrl
596.5294 	EXP 	Sound  started
597.1290 	DATA 	Keypress: lctrl
597.2794 	EXP 	Sound  started
597.9130 	DATA 	Keypress: rctrl
598.0295 	EXP 	Sound  started
598.6490 	DATA 	Keypress: rctrl
598.7795 	EXP 	Sound  started
599.4010 	DATA 	Keypress: lctrl
599.5295 	EXP 	Sound  started
600.2010 	DATA 	Keypress: lctrl
600.2795 	EXP 	Sound  started
600.9210 	DATA 	Keypress: rctrl
601.0295 	EXP 	Sound  started
601.6730 	DATA 	Keypress: rctrl
601.7795 	EXP 	Sound  started
602.4090 	DATA 	Keypress: lctrl
602.5296 	EXP 	Sound  started
603.1130 	DATA 	Keypress: lctrl
603.2796 	EXP 	Sound  started
603.9290 	DATA 	Keypress: rctrl
604.0296 	EXP 	Sound  started
604.6170 	DATA 	Keypress: rctrl
604.7796 	EXP 	Sound  started
605.4170 	DATA 	Keypress: lctrl
605.5296 	EXP 	Sound  started
606.1370 	DATA 	Keypress: lctrl
606.2796 	EXP 	Sound  started
606.9370 	DATA 	Keypress: rctrl
607.0296 	EXP 	Sound  started
607.6890 	DATA 	Keypress: rctrl
607.7797 	EXP 	Sound  started
608.4250 	DATA 	Keypress: lctrl
608.5297 	EXP 	Sound  started
609.1770 	DATA 	Keypress: lctrl
609.2797 	EXP 	Sound  started
609.9290 	DATA 	Keypress: rctrl
610.0297 	EXP 	Sound  started
610.6491 	DATA 	Keypress: rctrl
610.7797 	EXP 	Sound  started
611.4170 	DATA 	Keypress: lctrl
611.5298 	EXP 	Sound  started
612.0891 	DATA 	Keypress: lctrl
614.0524 	DATA 	Keypress: 4
614.0689 	EXP 	unnamed ShapeStim: vertices = <class 'numpy.ndarray'>
616.0040 	DATA 	Keypress: 1
616.0205 	EXP 	unnamed ShapeStim: vertices = <class 'numpy.ndarray'>
617.7393 	DATA 	Keypress: 4
617.7557 	EXP 	unnamed ShapeStim: vertices = <class 'numpy.ndarray'>
620.0400 	EXP 	Sound  started
620.0403 	DATA 	Keypress: rctrl
620.5530 	DATA 	Keypress: rctrl
620.7899 	EXP 	Sound  started
621.2730 	DATA 	Keypress: lctrl
621.5400 	EXP 	Sound  started
621.9770 	DATA 	Keypress: lctrl
622.2900 	EXP 	Sound  started
622.7770 	DATA 	Keypress: rctrl
623.0400 	EXP 	Sound  started
623.4649 	DATA 	Keypress: rctrl
623.7900 	EXP 	Sound  started
624.2170 	DATA 	Keypress: lctrl
624.5400 	EXP 	Sound  started
625.0491 	DATA 	Keypress: lctrl
625.2900 	EXP 	Sound  started
625.7209 	DATA 	Keypress: rctrl
626.0401 	EXP 	Sound  started
626.3290 	DATA 	Keypress: rctrl
626.7901 	EXP 	Sound  started
627.0490 	DATA 	Keypress: lctrl
627.5401 	EXP 	Sound  started
627.7690 	DATA 	Keypress: lctrl
628.2901 	EXP 	Sound  started
628.5210 	DATA 	Keypress: rctrl
629.0401 	EXP 	Sound  started
629.2730 	DATA 	Keypress: rctrl
629.7901 	EXP 	Sound  started
629.9930 	DATA 	Keypress: lctrl
630.5401 	EXP 	Sound  started
630.8090 	DATA 	Keypress: lctrl
631.2902 	EXP 	Sound  started
631.7371 	DATA 	Keypress: rctrl
632.0402 	EXP 	Sound  started
632.4570 	DATA 	Keypress: rctrl
632.7902 	EXP 	Sound  started
633.2091 	DATA 	Keypress: lctrl
633.5402 	EXP 	Sound  started
633.9610 	DATA 	Keypress: lctrl
634.2902 	EXP 	Sound  started
634.7610 	DATA 	Keypress: rctrl
635.0402 	EXP 	Sound  started
635.3530 	DATA 	Keypress: rctrl
635.7903 	EXP 	Sound  started
636.1850 	DATA 	Keypress: lctrl
636.5403 	EXP 	Sound  started
637.0010 	DATA 	Keypress: lctrl
637.2903 	EXP 	Sound  started
637.6570 	DATA 	Keypress: rctrl
638.0403 	EXP 	Sound  started
638.3130 	DATA 	Keypress: rctrl
638.7903 	EXP 	Sound  started
639.0810 	DATA 	Keypress: lctrl
639.5403 	EXP 	Sound  started
639.8170 	DATA 	Keypress: lctrl
640.2904 	EXP 	Sound  started
640.5850 	DATA 	Keypress: rctrl
641.0404 	EXP 	Sound  started
641.4329 	DATA 	Keypress: rctrl
641.7904 	EXP 	Sound  started
642.1370 	DATA 	Keypress: lctrl
642.5404 	EXP 	Sound  started
643.0170 	DATA 	Keypress: lctrl
643.2904 	EXP 	Sound  started
643.7691 	DATA 	Keypress: rctrl
644.0404 	EXP 	Sound  started
644.4730 	DATA 	Keypress: rctrl
644.7904 	EXP 	Sound  started
645.1770 	DATA 	Keypress: lctrl
645.5405 	EXP 	Sound  started
645.9610 	DATA 	Keypress: lctrl
646.2905 	EXP 	Sound  started
646.7130 	DATA 	Keypress: rctrl
647.0405 	EXP 	Sound  started
647.4490 	DATA 	Keypress: rctrl
647.7905 	EXP 	Sound  started
648.1690 	DATA 	Keypress: lctrl
648.5405 	EXP 	Sound  started
648.9370 	DATA 	Keypress: lctrl
649.2905 	EXP 	Sound  started
649.7050 	DATA 	Keypress: rctrl
650.0406 	EXP 	Sound  started
650.5209 	DATA 	Keypress: rctrl
650.7906 	EXP 	Sound  started
651.2571 	DATA 	Keypress: lctrl
651.5406 	EXP 	Sound  started
651.9450 	DATA 	Keypress: lctrl
652.2906 	EXP 	Sound  started
652.7770 	DATA 	Keypress: rctrl
653.0406 	EXP 	Sound  started
653.5770 	DATA 	Keypress: rctrl
653.7906 	EXP 	Sound  started
654.2330 	DATA 	Keypress: lctrl
654.5406 	EXP 	Sound  started
655.0170 	DATA 	Keypress: lctrl
655.2907 	EXP 	Sound  started
655.7369 	DATA 	Keypress: rctrl
656.0407 	EXP 	Sound  started
656.5689 	DATA 	Keypress: rctrl
656.7907 	EXP 	Sound  started
657.2730 	DATA 	Keypress: lctrl
657.5407 	EXP 	Sound  started
657.9930 	DATA 	Keypress: lctrl
658.2907 	EXP 	Sound  started
658.6650 	DATA 	Keypress: rctrl
659.0407 	EXP 	Sound  started
659.4330 	DATA 	Keypress: rctrl
659.7908 	EXP 	Sound  started
660.2169 	DATA 	Keypress: lctrl
660.5408 	EXP 	Sound  started
660.9849 	DATA 	Keypress: lctrl
661.2908 	EXP 	Sound  started
661.7689 	DATA 	Keypress: rctrl
662.0408 	EXP 	Sound  started
662.5369 	DATA 	Keypress: rctrl
662.7908 	EXP 	Sound  started
663.1930 	DATA 	Keypress: lctrl
663.5408 	EXP 	Sound  started
663.9450 	DATA 	Keypress: lctrl
664.2909 	EXP 	Sound  started
664.6970 	DATA 	Keypress: rctrl
665.0409 	EXP 	Sound  started
665.4490 	DATA 	Keypress: rctrl
665.7909 	EXP 	Sound  started
666.1850 	DATA 	Keypress: lctrl
666.5409 	EXP 	Sound  started
666.8890 	DATA 	Keypress: lctrl
667.2909 	EXP 	Sound  started
667.6409 	DATA 	Keypress: rctrl
668.0409 	EXP 	Sound  started
668.4250 	DATA 	Keypress: rctrl
668.7909 	EXP 	Sound  started
669.0969 	DATA 	Keypress: lctrl
669.5410 	EXP 	Sound  started
669.8649 	DATA 	Keypress: lctrl
670.2910 	EXP 	Sound  started
670.6490 	DATA 	Keypress: rctrl
671.0410 	EXP 	Sound  started
671.4489 	DATA 	Keypress: rctrl
671.7910 	EXP 	Sound  started
672.2329 	DATA 	Keypress: lctrl
672.5410 	EXP 	Sound  started
672.9690 	DATA 	Keypress: lctrl
673.2910 	EXP 	Sound  started
673.6729 	DATA 	Keypress: rctrl
674.0411 	EXP 	Sound  started
674.4410 	DATA 	Keypress: rctrl
674.7911 	EXP 	Sound  started
675.2409 	DATA 	Keypress: lctrl
675.5411 	EXP 	Sound  started
675.9929 	DATA 	Keypress: lctrl
676.2911 	EXP 	Sound  started
676.7129 	DATA 	Keypress: rctrl
677.0411 	EXP 	Sound  started
677.4489 	DATA 	Keypress: rctrl
677.7911 	EXP 	Sound  started
678.2169 	DATA 	Keypress: lctrl
678.5411 	EXP 	Sound  started
678.9209 	DATA 	Keypress: lctrl
679.2911 	EXP 	Sound  started
679.7369 	DATA 	Keypress: rctrl
680.0412 	EXP 	Sound  started
680.4731 	DATA 	Keypress: rctrl
680.7912 	EXP 	Sound  started
681.1929 	DATA 	Keypress: lctrl
681.5412 	EXP 	Sound  started
681.9289 	DATA 	Keypress: lctrl
682.2912 	EXP 	Sound  started
682.7451 	DATA 	Keypress: rctrl
683.0412 	EXP 	Sound  started
683.4490 	DATA 	Keypress: rctrl
683.7912 	EXP 	Sound  started
684.2969 	DATA 	Keypress: lctrl
686.4117 	DATA 	Keypress: 4
686.4281 	EXP 	unnamed ShapeStim: vertices = <class 'numpy.ndarray'>
688.2672 	DATA 	Keypress: 1
688.2963 	EXP 	unnamed ShapeStim: vertices = <class 'numpy.ndarray'>
690.2026 	DATA 	Keypress: 4
690.2317 	EXP 	unnamed ShapeStim: vertices = <class 'numpy.ndarray'>
692.5163 	EXP 	Sound  started
692.8409 	DATA 	Keypress: rctrl
693.2663 	EXP 	Sound  started
693.4489 	DATA 	Keypress: rctrl
693.8809 	DATA 	Keypress: lctrl
694.0163 	EXP 	Sound  started
694.5369 	DATA 	Keypress: lctrl
694.7663 	EXP 	Sound  started
695.2090 	DATA 	Keypress: rctrl
695.5163 	EXP 	Sound  started
695.8330 	DATA 	Keypress: rctrl
696.2664 	EXP 	Sound  started
696.5369 	DATA 	Keypress: lctrl
697.0164 	EXP 	Sound  started
697.2250 	DATA 	Keypress: lctrl
697.7664 	EXP 	Sound  started
697.9611 	DATA 	Keypress: rctrl
698.5164 	EXP 	Sound  started
698.6489 	DATA 	Keypress: rctrl
699.2664 	EXP 	Sound  started
699.3369 	DATA 	Keypress: lctrl
700.0164 	EXP 	Sound  started
700.0249 	DATA 	Keypress: lctrl
700.6970 	DATA 	Keypress: rctrl
700.7664 	EXP 	Sound  started
701.3209 	DATA 	Keypress: rctrl
701.5165 	EXP 	Sound  started
701.9449 	DATA 	Keypress: lctrl
702.2665 	EXP 	Sound  started
702.5530 	DATA 	Keypress: lctrl
703.0165 	EXP 	Sound  started
703.2890 	DATA 	Keypress: rctrl
703.7665 	EXP 	Sound  started
703.9769 	DATA 	Keypress: rctrl
704.5165 	EXP 	Sound  started
704.7769 	DATA 	Keypress: lctrl
705.2665 	EXP 	Sound  started
705.5290 	DATA 	Keypress: lctrl
706.0165 	EXP 	Sound  started
706.3449 	DATA 	Keypress: rctrl
706.7666 	EXP 	Sound  started
707.0650 	DATA 	Keypress: rctrl
707.5166 	EXP 	Sound  started
707.7689 	DATA 	Keypress: lctrl
708.2666 	EXP 	Sound  started
708.4890 	DATA 	Keypress: lctrl
709.0166 	EXP 	Sound  started
709.1769 	DATA 	Keypress: rctrl
709.7666 	EXP 	Sound  started
709.8969 	DATA 	Keypress: rctrl
710.5166 	EXP 	Sound  started
710.8730 	DATA 	Keypress: lctrl
711.2667 	EXP 	Sound  started
711.6889 	DATA 	Keypress: lctrl
712.0167 	EXP 	Sound  started
712.5210 	DATA 	Keypress: rctrl
712.7667 	EXP 	Sound  started
713.1769 	DATA 	Keypress: rctrl
713.5167 	EXP 	Sound  started
713.9448 	DATA 	Keypress: rctrl
714.2667 	EXP 	Sound  started
714.6489 	DATA 	Keypress: rctrl
715.0168 	EXP 	Sound  started
715.4649 	DATA 	Keypress: rctrl
715.7668 	EXP 	Sound  started
716.2329 	DATA 	Keypress: rctrl
716.5168 	EXP 	Sound  started
716.9849 	DATA 	Keypress: rctrl
717.2668 	EXP 	Sound  started
717.7209 	DATA 	Keypress: rctrl
718.0168 	EXP 	Sound  started
718.4729 	DATA 	Keypress: rctrl
718.7668 	EXP 	Sound  started
719.3050 	DATA 	Keypress: rctrl
719.5168 	EXP 	Sound  started
720.1529 	DATA 	Keypress: rctrl
720.2669 	EXP 	Sound  started
720.9849 	DATA 	Keypress: rctrl
721.0169 	EXP 	Sound  started
721.7669 	EXP 	Sound  started
721.7849 	DATA 	Keypress: rctrl
722.4889 	DATA 	Keypress: rctrl
722.5169 	EXP 	Sound  started
723.2249 	DATA 	Keypress: rctrl
723.2669 	EXP 	Sound  started
724.0090 	DATA 	Keypress: rctrl
724.0169 	EXP 	Sound  started
724.6970 	DATA 	Keypress: rctrl
724.7669 	EXP 	Sound  started
725.4649 	DATA 	Keypress: rctrl
725.5170 	EXP 	Sound  started
726.0730 	DATA 	Keypress: rctrl
726.2670 	EXP 	Sound  started
726.8889 	DATA 	Keypress: rctrl
727.0171 	EXP 	Sound  started
727.6889 	DATA 	Keypress: rctrl
727.7671 	EXP 	Sound  started
728.4249 	DATA 	Keypress: rctrl
728.5171 	EXP 	Sound  started
729.1290 	DATA 	Keypress: rctrl
729.2671 	EXP 	Sound  started
729.9129 	DATA 	Keypress: rctrl
730.0171 	EXP 	Sound  started
730.6489 	DATA 	Keypress: rctrl
730.7671 	EXP 	Sound  started
731.3369 	DATA 	Keypress: rctrl
731.5172 	EXP 	Sound  started
732.1209 	DATA 	Keypress: rctrl
732.2672 	EXP 	Sound  started
732.8889 	DATA 	Keypress: rctrl
733.0172 	EXP 	Sound  started
733.6409 	DATA 	Keypress: rctrl
733.7672 	EXP 	Sound  started
734.4089 	DATA 	Keypress: rctrl
734.5172 	EXP 	Sound  started
735.1609 	DATA 	Keypress: rctrl
735.2672 	EXP 	Sound  started
735.9130 	DATA 	Keypress: rctrl
736.0172 	EXP 	Sound  started
736.6169 	DATA 	Keypress: rctrl
736.7673 	EXP 	Sound  started
737.2409 	DATA 	Keypress: rctrl
737.5173 	EXP 	Sound  started
738.0569 	DATA 	Keypress: rctrl
738.2673 	EXP 	Sound  started
738.9209 	DATA 	Keypress: rctrl
739.0173 	EXP 	Sound  started
739.6409 	DATA 	Keypress: rctrl
739.7673 	EXP 	Sound  started
740.4730 	DATA 	Keypress: rctrl
740.5173 	EXP 	Sound  started
741.2089 	DATA 	Keypress: rctrl
741.2673 	EXP 	Sound  started
741.9130 	DATA 	Keypress: rctrl
742.0174 	EXP 	Sound  started
742.7674 	EXP 	Sound  started
742.7769 	DATA 	Keypress: rctrl
743.4490 	DATA 	Keypress: rctrl
743.5174 	EXP 	Sound  started
744.1049 	DATA 	Keypress: rctrl
744.2674 	EXP 	Sound  started
744.8089 	DATA 	Keypress: rctrl
745.0174 	EXP 	Sound  started
745.5289 	DATA 	Keypress: rctrl
745.7674 	EXP 	Sound  started
746.2329 	DATA 	Keypress: rctrl
746.5175 	EXP 	Sound  started
746.9850 	DATA 	Keypress: rctrl
747.2675 	EXP 	Sound  started
747.7369 	DATA 	Keypress: rctrl
748.0175 	EXP 	Sound  started
748.5529 	DATA 	Keypress: rctrl
748.7675 	EXP 	Sound  started
749.3049 	DATA 	Keypress: rctrl
749.5175 	EXP 	Sound  started
749.9929 	DATA 	Keypress: rctrl
750.2675 	EXP 	Sound  started
750.6969 	DATA 	Keypress: rctrl
751.0176 	EXP 	Sound  started
751.4490 	DATA 	Keypress: rctrl
756.0891 	DATA 	Keypress: 3
756.1186 	EXP 	unnamed ShapeStim: vertices = <class 'numpy.ndarray'>
761.2729 	DATA 	Keypress: 2
761.2894 	EXP 	unnamed ShapeStim: vertices = <class 'numpy.ndarray'>
765.4969 	DATA 	Keypress: 3
765.5263 	EXP 	unnamed ShapeStim: vertices = <class 'numpy.ndarray'>
1635.1287 	DATA 	Keypress: return
1635.1940 	EXP 	window1: mouseVisible = True
