25.4376 	WARNING 	User requested fullscreen with size [1024  768], but screen is actually [1920, 1200]. Using actual size
26.2317 	EXP 	Created window1 = Window(allowGUI=False, allowStencil=False, autoLog=True, backendConf=UNKNOWN, bitsMode=UNKNOWN, blendMode='avg', bpc=(8, 8, 8), color=array([0, 0, 0]), colorSpace='rgb', depthBits=8, fullscr=<method-wrapper '__getattribute__' of attributeSetter object at 0x0000026571836780>, gamma=None, gammaErrorPolicy='raise', lms=UNKNOWN, monitor=<psychopy.monitors.calibTools.Monitor object at 0x0000026572F74080>, multiSample=False, name='window1', numSamples=2, pos=[0.0, 0.0], screen=0, size=array([1920, 1200]), stencilBits=0, stereo=False, units='norm', useFBO=True, useRetina=False, viewOri=0.0, viewPos=None, viewScale=None, waitBlanking=True, winType='pyglet')
26.2321 	EXP 	window1: mouseVisible = True
26.2321 	EXP 	window1: mouseVisible = False
26.2321 	EXP 	window1: recordFrameIntervals = False
26.3982 	EXP 	window1: recordFrameIntervals = True
26.5818 	EXP 	window1: recordFrameIntervals = False
26.6361 	EXP 	Created text = TextStim(__class__=<class 'psychopy.visual.text.TextStim'>, alignHoriz=method-wrapper(...), alignText='center', alignVert=method-wrapper(...), anchorHoriz='center', anchorVert='center', antialias=True, autoLog=True, bold=False, color=array([1., 1., 1.]), colorSpace='rgb', contrast=1.0, depth=0.0, flipHoriz=False, flipVert=False, font='Arial', fontFiles=[], height=0.15, italic=False, languageStyle='LTR', name='text', opacity=1, ori=0, pos=array([0., 0.]), rgb=UNKNOWN, text='+', units='norm', win=Window(...), wrapWidth=1)
26.6563 	EXP 	Created text = TextStim(__class__=<class 'psychopy.visual.text.TextStim'>, alignHoriz=method-wrapper(...), alignText='center', alignVert=method-wrapper(...), anchorHoriz='center', anchorVert='center', antialias=True, autoLog=True, bold=False, color=array([1., 1., 1.]), colorSpace='rgb', contrast=1.0, depth=0.0, flipHoriz=False, flipVert=False, font='Arial', fontFiles=[], height=0.07, italic=False, languageStyle='LTR', name='text', opacity=1, ori=0, pos=array([0., 0.]), rgb=UNKNOWN, text=str(...), units='norm', win=Window(...), wrapWidth=1.65)
26.6682 	EXP 	Created text = TextStim(__class__=<class 'psychopy.visual.text.TextStim'>, alignHoriz=method-wrapper(...), alignText='center', alignVert=method-wrapper(...), anchorHoriz='center', anchorVert='center', antialias=True, autoLog=True, bold=False, color=array([1., 1., 1.]), colorSpace='rgb', contrast=1.0, depth=0.0, flipHoriz=False, flipVert=False, font='Arial', fontFiles=[], height=0.07, italic=False, languageStyle='LTR', name='text', opacity=1, ori=0, pos=array([0., 0.]), rgb=UNKNOWN, text=str(...), units='norm', win=Window(...), wrapWidth=1.65)
26.6782 	EXP 	Created text = TextStim(__class__=<class 'psychopy.visual.text.TextStim'>, alignHoriz=method-wrapper(...), alignText='center', alignVert=method-wrapper(...), anchorHoriz='center', anchorVert='center', antialias=True, autoLog=True, bold=False, color=array([1., 1., 1.]), colorSpace='rgb', contrast=1.0, depth=0.0, flipHoriz=False, flipVert=False, font='Arial', fontFiles=[], height=0.07, italic=False, languageStyle='LTR', name='text', opacity=1, ori=0, pos=array([0., 0.]), rgb=UNKNOWN, text=str(...), units='norm', win=Window(...), wrapWidth=1.65)
26.6880 	EXP 	Created text = TextStim(__class__=<class 'psychopy.visual.text.TextStim'>, alignHoriz=method-wrapper(...), alignText='center', alignVert=method-wrapper(...), anchorHoriz='center', anchorVert='center', antialias=True, autoLog=True, bold=False, color=array([1., 1., 1.]), colorSpace='rgb', contrast=1.0, depth=0.0, flipHoriz=False, flipVert=False, font='Arial', fontFiles=[], height=0.07, italic=False, languageStyle='LTR', name='text', opacity=1, ori=0, pos=array([0., 0.]), rgb=UNKNOWN, text=str(...), units='norm', win=Window(...), wrapWidth=1.65)
26.6934 	EXP 	Created text = TextStim(__class__=<class 'psychopy.visual.text.TextStim'>, alignHoriz=method-wrapper(...), alignText='center', alignVert=method-wrapper(...), anchorHoriz='center', anchorVert='center', antialias=True, autoLog=True, bold=False, color=array([1., 1., 1.]), colorSpace='rgb', contrast=1.0, depth=0.0, flipHoriz=False, flipVert=False, font='Arial', fontFiles=[], height=0.07, italic=False, languageStyle='LTR', name='text', opacity=1, ori=0, pos=array([0., 0.]), rgb=UNKNOWN, text=str(...), units='norm', win=Window(...), wrapWidth=1.65)
26.7081 	EXP 	Created text = TextStim(__class__=<class 'psychopy.visual.text.TextStim'>, alignHoriz=method-wrapper(...), alignText='center', alignVert=method-wrapper(...), anchorHoriz='center', anchorVert='center', antialias=True, autoLog=True, bold=False, color=array([1., 1., 1.]), colorSpace='rgb', contrast=1.0, depth=0.0, flipHoriz=False, flipVert=False, font='Arial', fontFiles=[], height=0.15, italic=False, languageStyle='LTR', name='text', opacity=1, ori=0, pos=array([0., 0.]), rgb=UNKNOWN, text=str(...), units='norm', win=Window(...), wrapWidth=1.65)
26.7362 	EXP 	Created text = TextStim(__class__=<class 'psychopy.visual.text.TextStim'>, alignHoriz=method-wrapper(...), alignText='center', alignVert=method-wrapper(...), anchorHoriz='center', anchorVert='center', antialias=True, autoLog=True, bold=False, color=array([1., 1., 1.]), colorSpace='rgb', contrast=1.0, depth=0.0, flipHoriz=False, flipVert=False, font='Arial', fontFiles=[], height=0.07, italic=False, languageStyle='LTR', name='text', opacity=1, ori=0, pos=array([0., 0.]), rgb=UNKNOWN, text=str(...), units='norm', win=Window(...), wrapWidth=1.65)
26.7539 	EXP 	Created text = TextStim(__class__=<class 'psychopy.visual.text.TextStim'>, alignHoriz=method-wrapper(...), alignText='center', alignVert=method-wrapper(...), anchorHoriz='center', anchorVert='center', antialias=True, autoLog=True, bold=False, color=array([1., 1., 1.]), colorSpace='rgb', contrast=1.0, depth=0.0, flipHoriz=False, flipVert=False, font='Arial', fontFiles=[], height=0.07, italic=False, languageStyle='LTR', name='text', opacity=1, ori=0, pos=array([0., 0.]), rgb=UNKNOWN, text=str(...), units='norm', win=Window(...), wrapWidth=1.65)
26.7841 	EXP 	Created text = TextStim(__class__=<class 'psychopy.visual.text.TextStim'>, alignHoriz=method-wrapper(...), alignText='center', alignVert=method-wrapper(...), anchorHoriz='center', anchorVert='center', antialias=True, autoLog=True, bold=False, color=array([1., 1., 1.]), colorSpace='rgb', contrast=1.0, depth=0.0, flipHoriz=False, flipVert=False, font='Arial', fontFiles=[], height=0.07, italic=False, languageStyle='LTR', name='text', opacity=1, ori=0, pos=array([0., 0.]), rgb=UNKNOWN, text=str(...), units='norm', win=Window(...), wrapWidth=1.65)
26.8116 	EXP 	Created text = TextStim(__class__=<class 'psychopy.visual.text.TextStim'>, alignHoriz=method-wrapper(...), alignText='center', alignVert=method-wrapper(...), anchorHoriz='center', anchorVert='center', antialias=True, autoLog=True, bold=False, color=array([1., 1., 1.]), colorSpace='rgb', contrast=1.0, depth=0.0, flipHoriz=False, flipVert=False, font='Arial', fontFiles=[], height=0.07, italic=False, languageStyle='LTR', name='text', opacity=1, ori=0, pos=array([0., 0.]), rgb=UNKNOWN, text=str(...), units='norm', win=Window(...), wrapWidth=1.65)
26.8438 	EXP 	Created text = TextStim(__class__=<class 'psychopy.visual.text.TextStim'>, alignHoriz=method-wrapper(...), alignText='center', alignVert=method-wrapper(...), anchorHoriz='center', anchorVert='center', antialias=True, autoLog=True, bold=False, color=array([1., 1., 1.]), colorSpace='rgb', contrast=1.0, depth=0.0, flipHoriz=False, flipVert=False, font='Arial', fontFiles=[], height=0.07, italic=False, languageStyle='LTR', name='text', opacity=1, ori=0, pos=array([0., 0.]), rgb=UNKNOWN, text=str(...), units='norm', win=Window(...), wrapWidth=1.65)
26.8527 	EXP 	Created text = TextStim(__class__=<class 'psychopy.visual.text.TextStim'>, alignHoriz=method-wrapper(...), alignText='center', alignVert=method-wrapper(...), anchorHoriz='center', anchorVert='center', antialias=True, autoLog=True, bold=False, color=array([1., 1., 1.]), colorSpace='rgb', contrast=1.0, depth=0.0, flipHoriz=False, flipVert=False, font='Arial', fontFiles=[], height=0.07, italic=False, languageStyle='LTR', name='text', opacity=1, ori=0, pos=array([0., 0.]), rgb=UNKNOWN, text=str(...), units='norm', win=Window(...), wrapWidth=1.65)
26.8650 	EXP 	Created text = TextStim(__class__=<class 'psychopy.visual.text.TextStim'>, alignHoriz=method-wrapper(...), alignText='center', alignVert=method-wrapper(...), anchorHoriz='center', anchorVert='center', antialias=True, autoLog=True, bold=False, color=array([1., 1., 1.]), colorSpace='rgb', contrast=1.0, depth=0.0, flipHoriz=False, flipVert=False, font='Arial', fontFiles=[], height=0.07, italic=False, languageStyle='LTR', name='text', opacity=1, ori=0, pos=array([0., 0.]), rgb=UNKNOWN, text=str(...), units='norm', win=Window(...), wrapWidth=1.65)
26.8697 	EXP 	Created instru = TextStim(__class__=<class 'psychopy.visual.text.TextStim'>, alignHoriz=method-wrapper(...), alignText='center', alignVert=method-wrapper(...), anchorHoriz='center', anchorVert='center', antialias=True, autoLog=True, bold=False, color=array([1., 1., 1.]), colorSpace='rgb', contrast=1.0, depth=0.0, flipHoriz=False, flipVert=False, font='Arial', fontFiles=[], height=0.07, italic=False, languageStyle='LTR', name='instru', opacity=1, ori=0, pos=array([0. , 0.5]), rgb=UNKNOWN, text=str(...), units='norm', win=Window(...), wrapWidth=1)
26.8723 	EXP 	Created unnamed Line = Line(__class__=<class 'psychopy.visual.line.Line'>, autoDraw=False, autoLog=True, closeShape=False, color=array([1., 1., 1.]), colorSpace='rgb', contrast=None, depth=0, fillColor=array([0, 0, 0]), fillColorSpace='rgb', fillRGB=array([0, 0, 0]), interpolate=True, lineColor=array([1., 1., 1.]), lineColorSpace='rgb', lineRGB=array([1, 1, 1]), lineWidth=5, name='unnamed Line', opacity=0.5, ori=0.0, pos=array([0., 0.]), size=array([1., 1.]), units='norm', vertices=array([[-0.5,  0. ],
       [ 0.5,  0. ]]), win=Window(...), windingRule=None)
26.8743 	EXP 	Created unnamed Line = Line(__class__=<class 'psychopy.visual.line.Line'>, autoDraw=False, autoLog=True, closeShape=False, color=array([1., 1., 1.]), colorSpace='rgb', contrast=None, depth=0, fillColor=array([0, 0, 0]), fillColorSpace='rgb', fillRGB=array([0, 0, 0]), interpolate=True, lineColor=array([1., 1., 1.]), lineColorSpace='rgb', lineRGB=array([1, 1, 1]), lineWidth=3, name='unnamed Line', opacity=0.5, ori=0.0, pos=array([0., 0.]), size=array([1., 1.]), units='norm', vertices=array([[-0.5 , -0.05],
       [-0.5 ,  0.05]]), win=Window(...), windingRule=None)
26.8763 	EXP 	Created unnamed Line = Line(__class__=<class 'psychopy.visual.line.Line'>, autoDraw=False, autoLog=True, closeShape=False, color=array([1., 1., 1.]), colorSpace='rgb', contrast=None, depth=0, fillColor=array([0, 0, 0]), fillColorSpace='rgb', fillRGB=array([0, 0, 0]), interpolate=True, lineColor=array([1., 1., 1.]), lineColorSpace='rgb', lineRGB=array([1, 1, 1]), lineWidth=3, name='unnamed Line', opacity=0.5, ori=0.0, pos=array([0., 0.]), size=array([1., 1.]), units='norm', vertices=ndarray(...), win=Window(...), windingRule=None)
26.8783 	EXP 	Created unnamed Line = Line(__class__=<class 'psychopy.visual.line.Line'>, autoDraw=False, autoLog=True, closeShape=False, color=array([1., 1., 1.]), colorSpace='rgb', contrast=None, depth=0, fillColor=array([0, 0, 0]), fillColorSpace='rgb', fillRGB=array([0, 0, 0]), interpolate=True, lineColor=array([1., 1., 1.]), lineColorSpace='rgb', lineRGB=array([1, 1, 1]), lineWidth=3, name='unnamed Line', opacity=0.5, ori=0.0, pos=array([0., 0.]), size=array([1., 1.]), units='norm', vertices=ndarray(...), win=Window(...), windingRule=None)
26.8804 	EXP 	Created unnamed Line = Line(__class__=<class 'psychopy.visual.line.Line'>, autoDraw=False, autoLog=True, closeShape=False, color=array([1., 1., 1.]), colorSpace='rgb', contrast=None, depth=0, fillColor=array([0, 0, 0]), fillColorSpace='rgb', fillRGB=array([0, 0, 0]), interpolate=True, lineColor=array([1., 1., 1.]), lineColorSpace='rgb', lineRGB=array([1, 1, 1]), lineWidth=3, name='unnamed Line', opacity=0.5, ori=0.0, pos=array([0., 0.]), size=array([1., 1.]), units='norm', vertices=array([[ 0.5 , -0.05],
       [ 0.5 ,  0.05]]), win=Window(...), windingRule=None)
26.8918 	EXP 	Created unnamed TextStim = TextStim(__class__=<class 'psychopy.visual.text.TextStim'>, alignHoriz=method-wrapper(...), alignText='center', alignVert=method-wrapper(...), anchorHoriz='center', anchorVert='center', antialias=True, autoLog=True, bold=False, color=array([1., 1., 1.]), colorSpace='rgb', contrast=1.0, depth=0, flipHoriz=False, flipVert=False, font='', fontFiles=[], height=0.05, italic=False, languageStyle='LTR', name='unnamed TextStim', opacity=1.0, ori=0.0, pos=array([-0.5, -0.1]), rgb=UNKNOWN, text='Clearly \n NOT FOCUSED', units='norm', win=Window(...), wrapWidth=1)
26.8928 	EXP 	Created unnamed TextStim = TextStim(__class__=<class 'psychopy.visual.text.TextStim'>, alignHoriz=method-wrapper(...), alignText='center', alignVert=method-wrapper(...), anchorHoriz='center', anchorVert='center', antialias=True, autoLog=True, bold=False, color=array([1., 1., 1.]), colorSpace='rgb', contrast=1.0, depth=0, flipHoriz=False, flipVert=False, font='', fontFiles=[], height=0.05, italic=False, languageStyle='LTR', name='unnamed TextStim', opacity=1.0, ori=0.0, pos=array([-0.16666667, -0.1       ]), rgb=UNKNOWN, text='', units='norm', win=Window(...), wrapWidth=1)
26.8938 	EXP 	Created unnamed TextStim = TextStim(__class__=<class 'psychopy.visual.text.TextStim'>, alignHoriz=method-wrapper(...), alignText='center', alignVert=method-wrapper(...), anchorHoriz='center', anchorVert='center', antialias=True, autoLog=True, bold=False, color=array([1., 1., 1.]), colorSpace='rgb', contrast=1.0, depth=0, flipHoriz=False, flipVert=False, font='', fontFiles=[], height=0.05, italic=False, languageStyle='LTR', name='unnamed TextStim', opacity=1.0, ori=0.0, pos=array([ 0.16666667, -0.1       ]), rgb=UNKNOWN, text='', units='norm', win=Window(...), wrapWidth=1)
26.8969 	EXP 	Created unnamed TextStim = TextStim(__class__=<class 'psychopy.visual.text.TextStim'>, alignHoriz=method-wrapper(...), alignText='center', alignVert=method-wrapper(...), anchorHoriz='center', anchorVert='center', antialias=True, autoLog=True, bold=False, color=array([1., 1., 1.]), colorSpace='rgb', contrast=1.0, depth=0, flipHoriz=False, flipVert=False, font='', fontFiles=[], height=0.05, italic=False, languageStyle='LTR', name='unnamed TextStim', opacity=1.0, ori=0.0, pos=array([ 0.5, -0.1]), rgb=UNKNOWN, text='Clearly \n FOCUSED', units='norm', win=Window(...), wrapWidth=1)
26.8987 	EXP 	Created unnamed ShapeStim = ShapeStim(__class__=<class 'psychopy.visual.shape.ShapeStim'>, autoDraw=False, autoLog=True, closeShape=True, color=method-wrapper(...), colorSpace='rgb', contrast=None, depth=0, fillColor=array([1, 1, 1]), fillColorSpace='rgb', fillRGB=array([1, 1, 1]), interpolate=True, lineColor=array([-1., -1., -1.]), lineColorSpace='rgb', lineRGB=array([-1, -1, -1]), lineWidth=1.5, name='unnamed ShapeStim', opacity=1.0, ori=0.0, pos=array([0., 0.]), size=array([1., 1.]), units='norm', vertices=ndarray(...), win=Window(...), windingRule=None)
26.9068 	EXP 	Created instru = TextStim(__class__=<class 'psychopy.visual.text.TextStim'>, alignHoriz=method-wrapper(...), alignText='center', alignVert=method-wrapper(...), anchorHoriz='center', anchorVert='center', antialias=True, autoLog=True, bold=False, color=array([1., 1., 1.]), colorSpace='rgb', contrast=1.0, depth=0.0, flipHoriz=False, flipVert=False, font='Arial', fontFiles=[], height=0.07, italic=False, languageStyle='LTR', name='instru', opacity=1, ori=0, pos=array([0. , 0.5]), rgb=UNKNOWN, text=str(...), units='norm', win=Window(...), wrapWidth=1)
26.9089 	EXP 	Created unnamed Line = Line(__class__=<class 'psychopy.visual.line.Line'>, autoDraw=False, autoLog=True, closeShape=False, color=array([1., 1., 1.]), colorSpace='rgb', contrast=None, depth=0, fillColor=array([0, 0, 0]), fillColorSpace='rgb', fillRGB=array([0, 0, 0]), interpolate=True, lineColor=array([1., 1., 1.]), lineColorSpace='rgb', lineRGB=array([1, 1, 1]), lineWidth=5, name='unnamed Line', opacity=0.5, ori=0.0, pos=array([0., 0.]), size=array([1., 1.]), units='norm', vertices=array([[-0.5,  0. ],
       [ 0.5,  0. ]]), win=Window(...), windingRule=None)
26.9109 	EXP 	Created unnamed Line = Line(__class__=<class 'psychopy.visual.line.Line'>, autoDraw=False, autoLog=True, closeShape=False, color=array([1., 1., 1.]), colorSpace='rgb', contrast=None, depth=0, fillColor=array([0, 0, 0]), fillColorSpace='rgb', fillRGB=array([0, 0, 0]), interpolate=True, lineColor=array([1., 1., 1.]), lineColorSpace='rgb', lineRGB=array([1, 1, 1]), lineWidth=3, name='unnamed Line', opacity=0.5, ori=0.0, pos=array([0., 0.]), size=array([1., 1.]), units='norm', vertices=array([[-0.5 , -0.05],
       [-0.5 ,  0.05]]), win=Window(...), windingRule=None)
26.9129 	EXP 	Created unnamed Line = Line(__class__=<class 'psychopy.visual.line.Line'>, autoDraw=False, autoLog=True, closeShape=False, color=array([1., 1., 1.]), colorSpace='rgb', contrast=None, depth=0, fillColor=array([0, 0, 0]), fillColorSpace='rgb', fillRGB=array([0, 0, 0]), interpolate=True, lineColor=array([1., 1., 1.]), lineColorSpace='rgb', lineRGB=array([1, 1, 1]), lineWidth=3, name='unnamed Line', opacity=0.5, ori=0.0, pos=array([0., 0.]), size=array([1., 1.]), units='norm', vertices=ndarray(...), win=Window(...), windingRule=None)
26.9150 	EXP 	Created unnamed Line = Line(__class__=<class 'psychopy.visual.line.Line'>, autoDraw=False, autoLog=True, closeShape=False, color=array([1., 1., 1.]), colorSpace='rgb', contrast=None, depth=0, fillColor=array([0, 0, 0]), fillColorSpace='rgb', fillRGB=array([0, 0, 0]), interpolate=True, lineColor=array([1., 1., 1.]), lineColorSpace='rgb', lineRGB=array([1, 1, 1]), lineWidth=3, name='unnamed Line', opacity=0.5, ori=0.0, pos=array([0., 0.]), size=array([1., 1.]), units='norm', vertices=ndarray(...), win=Window(...), windingRule=None)
26.9170 	EXP 	Created unnamed Line = Line(__class__=<class 'psychopy.visual.line.Line'>, autoDraw=False, autoLog=True, closeShape=False, color=array([1., 1., 1.]), colorSpace='rgb', contrast=None, depth=0, fillColor=array([0, 0, 0]), fillColorSpace='rgb', fillRGB=array([0, 0, 0]), interpolate=True, lineColor=array([1., 1., 1.]), lineColorSpace='rgb', lineRGB=array([1, 1, 1]), lineWidth=3, name='unnamed Line', opacity=0.5, ori=0.0, pos=array([0., 0.]), size=array([1., 1.]), units='norm', vertices=array([[ 0.5 , -0.05],
       [ 0.5 ,  0.05]]), win=Window(...), windingRule=None)
26.9222 	EXP 	Created unnamed TextStim = TextStim(__class__=<class 'psychopy.visual.text.TextStim'>, alignHoriz=method-wrapper(...), alignText='center', alignVert=method-wrapper(...), anchorHoriz='center', anchorVert='center', antialias=True, autoLog=True, bold=False, color=array([1., 1., 1.]), colorSpace='rgb', contrast=1.0, depth=0, flipHoriz=False, flipVert=False, font='', fontFiles=[], height=0.05, italic=False, languageStyle='LTR', name='unnamed TextStim', opacity=1.0, ori=0.0, pos=array([-0.5, -0.1]), rgb=UNKNOWN, text='Clearly \n NOTHING', units='norm', win=Window(...), wrapWidth=1)
26.9234 	EXP 	Created unnamed TextStim = TextStim(__class__=<class 'psychopy.visual.text.TextStim'>, alignHoriz=method-wrapper(...), alignText='center', alignVert=method-wrapper(...), anchorHoriz='center', anchorVert='center', antialias=True, autoLog=True, bold=False, color=array([1., 1., 1.]), colorSpace='rgb', contrast=1.0, depth=0, flipHoriz=False, flipVert=False, font='', fontFiles=[], height=0.05, italic=False, languageStyle='LTR', name='unnamed TextStim', opacity=1.0, ori=0.0, pos=array([-0.16666667, -0.1       ]), rgb=UNKNOWN, text='', units='norm', win=Window(...), wrapWidth=1)
26.9245 	EXP 	Created unnamed TextStim = TextStim(__class__=<class 'psychopy.visual.text.TextStim'>, alignHoriz=method-wrapper(...), alignText='center', alignVert=method-wrapper(...), anchorHoriz='center', anchorVert='center', antialias=True, autoLog=True, bold=False, color=array([1., 1., 1.]), colorSpace='rgb', contrast=1.0, depth=0, flipHoriz=False, flipVert=False, font='', fontFiles=[], height=0.05, italic=False, languageStyle='LTR', name='unnamed TextStim', opacity=1.0, ori=0.0, pos=array([ 0.16666667, -0.1       ]), rgb=UNKNOWN, text='', units='norm', win=Window(...), wrapWidth=1)
26.9290 	EXP 	Created unnamed TextStim = TextStim(__class__=<class 'psychopy.visual.text.TextStim'>, alignHoriz=method-wrapper(...), alignText='center', alignVert=method-wrapper(...), anchorHoriz='center', anchorVert='center', antialias=True, autoLog=True, bold=False, color=array([1., 1., 1.]), colorSpace='rgb', contrast=1.0, depth=0, flipHoriz=False, flipVert=False, font='', fontFiles=[], height=0.05, italic=False, languageStyle='LTR', name='unnamed TextStim', opacity=1.0, ori=0.0, pos=array([ 0.5, -0.1]), rgb=UNKNOWN, text='Clearly \n SOMETHING', units='norm', win=Window(...), wrapWidth=1)
26.9309 	EXP 	Created unnamed ShapeStim = ShapeStim(__class__=<class 'psychopy.visual.shape.ShapeStim'>, autoDraw=False, autoLog=True, closeShape=True, color=method-wrapper(...), colorSpace='rgb', contrast=None, depth=0, fillColor=array([1, 1, 1]), fillColorSpace='rgb', fillRGB=array([1, 1, 1]), interpolate=True, lineColor=array([-1., -1., -1.]), lineColorSpace='rgb', lineRGB=array([-1, -1, -1]), lineWidth=1.5, name='unnamed ShapeStim', opacity=1.0, ori=0.0, pos=array([0., 0.]), size=array([1., 1.]), units='norm', vertices=ndarray(...), win=Window(...), windingRule=None)
26.9383 	EXP 	Created instru = TextStim(__class__=<class 'psychopy.visual.text.TextStim'>, alignHoriz=method-wrapper(...), alignText='center', alignVert=method-wrapper(...), anchorHoriz='center', anchorVert='center', antialias=True, autoLog=True, bold=False, color=array([1., 1., 1.]), colorSpace='rgb', contrast=1.0, depth=0.0, flipHoriz=False, flipVert=False, font='Arial', fontFiles=[], height=0.07, italic=False, languageStyle='LTR', name='instru', opacity=1, ori=0, pos=array([0. , 0.5]), rgb=UNKNOWN, text=str(...), units='norm', win=Window(...), wrapWidth=1)
26.9404 	EXP 	Created unnamed Line = Line(__class__=<class 'psychopy.visual.line.Line'>, autoDraw=False, autoLog=True, closeShape=False, color=array([1., 1., 1.]), colorSpace='rgb', contrast=None, depth=0, fillColor=array([0, 0, 0]), fillColorSpace='rgb', fillRGB=array([0, 0, 0]), interpolate=True, lineColor=array([1., 1., 1.]), lineColorSpace='rgb', lineRGB=array([1, 1, 1]), lineWidth=5, name='unnamed Line', opacity=0.5, ori=0.0, pos=array([0., 0.]), size=array([1., 1.]), units='norm', vertices=array([[-0.5,  0. ],
       [ 0.5,  0. ]]), win=Window(...), windingRule=None)
26.9424 	EXP 	Created unnamed Line = Line(__class__=<class 'psychopy.visual.line.Line'>, autoDraw=False, autoLog=True, closeShape=False, color=array([1., 1., 1.]), colorSpace='rgb', contrast=None, depth=0, fillColor=array([0, 0, 0]), fillColorSpace='rgb', fillRGB=array([0, 0, 0]), interpolate=True, lineColor=array([1., 1., 1.]), lineColorSpace='rgb', lineRGB=array([1, 1, 1]), lineWidth=3, name='unnamed Line', opacity=0.5, ori=0.0, pos=array([0., 0.]), size=array([1., 1.]), units='norm', vertices=array([[-0.5 , -0.05],
       [-0.5 ,  0.05]]), win=Window(...), windingRule=None)
26.9444 	EXP 	Created unnamed Line = Line(__class__=<class 'psychopy.visual.line.Line'>, autoDraw=False, autoLog=True, closeShape=False, color=array([1., 1., 1.]), colorSpace='rgb', contrast=None, depth=0, fillColor=array([0, 0, 0]), fillColorSpace='rgb', fillRGB=array([0, 0, 0]), interpolate=True, lineColor=array([1., 1., 1.]), lineColorSpace='rgb', lineRGB=array([1, 1, 1]), lineWidth=3, name='unnamed Line', opacity=0.5, ori=0.0, pos=array([0., 0.]), size=array([1., 1.]), units='norm', vertices=ndarray(...), win=Window(...), windingRule=None)
26.9464 	EXP 	Created unnamed Line = Line(__class__=<class 'psychopy.visual.line.Line'>, autoDraw=False, autoLog=True, closeShape=False, color=array([1., 1., 1.]), colorSpace='rgb', contrast=None, depth=0, fillColor=array([0, 0, 0]), fillColorSpace='rgb', fillRGB=array([0, 0, 0]), interpolate=True, lineColor=array([1., 1., 1.]), lineColorSpace='rgb', lineRGB=array([1, 1, 1]), lineWidth=3, name='unnamed Line', opacity=0.5, ori=0.0, pos=array([0., 0.]), size=array([1., 1.]), units='norm', vertices=ndarray(...), win=Window(...), windingRule=None)
26.9484 	EXP 	Created unnamed Line = Line(__class__=<class 'psychopy.visual.line.Line'>, autoDraw=False, autoLog=True, closeShape=False, color=array([1., 1., 1.]), colorSpace='rgb', contrast=None, depth=0, fillColor=array([0, 0, 0]), fillColorSpace='rgb', fillRGB=array([0, 0, 0]), interpolate=True, lineColor=array([1., 1., 1.]), lineColorSpace='rgb', lineRGB=array([1, 1, 1]), lineWidth=3, name='unnamed Line', opacity=0.5, ori=0.0, pos=array([0., 0.]), size=array([1., 1.]), units='norm', vertices=array([[ 0.5 , -0.05],
       [ 0.5 ,  0.05]]), win=Window(...), windingRule=None)
26.9535 	EXP 	Created unnamed TextStim = TextStim(__class__=<class 'psychopy.visual.text.TextStim'>, alignHoriz=method-wrapper(...), alignText='center', alignVert=method-wrapper(...), anchorHoriz='center', anchorVert='center', antialias=True, autoLog=True, bold=False, color=array([1., 1., 1.]), colorSpace='rgb', contrast=1.0, depth=0, flipHoriz=False, flipVert=False, font='', fontFiles=[], height=0.05, italic=False, languageStyle='LTR', name='unnamed TextStim', opacity=1.0, ori=0.0, pos=array([-0.5, -0.1]), rgb=UNKNOWN, text='Clearly \n SPONTANEOUS', units='norm', win=Window(...), wrapWidth=1)
26.9545 	EXP 	Created unnamed TextStim = TextStim(__class__=<class 'psychopy.visual.text.TextStim'>, alignHoriz=method-wrapper(...), alignText='center', alignVert=method-wrapper(...), anchorHoriz='center', anchorVert='center', antialias=True, autoLog=True, bold=False, color=array([1., 1., 1.]), colorSpace='rgb', contrast=1.0, depth=0, flipHoriz=False, flipVert=False, font='', fontFiles=[], height=0.05, italic=False, languageStyle='LTR', name='unnamed TextStim', opacity=1.0, ori=0.0, pos=array([-0.16666667, -0.1       ]), rgb=UNKNOWN, text='', units='norm', win=Window(...), wrapWidth=1)
26.9556 	EXP 	Created unnamed TextStim = TextStim(__class__=<class 'psychopy.visual.text.TextStim'>, alignHoriz=method-wrapper(...), alignText='center', alignVert=method-wrapper(...), anchorHoriz='center', anchorVert='center', antialias=True, autoLog=True, bold=False, color=array([1., 1., 1.]), colorSpace='rgb', contrast=1.0, depth=0, flipHoriz=False, flipVert=False, font='', fontFiles=[], height=0.05, italic=False, languageStyle='LTR', name='unnamed TextStim', opacity=1.0, ori=0.0, pos=array([ 0.16666667, -0.1       ]), rgb=UNKNOWN, text='', units='norm', win=Window(...), wrapWidth=1)
26.9604 	EXP 	Created unnamed TextStim = TextStim(__class__=<class 'psychopy.visual.text.TextStim'>, alignHoriz=method-wrapper(...), alignText='center', alignVert=method-wrapper(...), anchorHoriz='center', anchorVert='center', antialias=True, autoLog=True, bold=False, color=array([1., 1., 1.]), colorSpace='rgb', contrast=1.0, depth=0, flipHoriz=False, flipVert=False, font='', fontFiles=[], height=0.05, italic=False, languageStyle='LTR', name='unnamed TextStim', opacity=1.0, ori=0.0, pos=array([ 0.5, -0.1]), rgb=UNKNOWN, text='Clearly \n DELIBERATE', units='norm', win=Window(...), wrapWidth=1)
26.9621 	EXP 	Created unnamed ShapeStim = ShapeStim(__class__=<class 'psychopy.visual.shape.ShapeStim'>, autoDraw=False, autoLog=True, closeShape=True, color=method-wrapper(...), colorSpace='rgb', contrast=None, depth=0, fillColor=array([1, 1, 1]), fillColorSpace='rgb', fillRGB=array([1, 1, 1]), interpolate=True, lineColor=array([-1., -1., -1.]), lineColorSpace='rgb', lineRGB=array([-1, -1, -1]), lineWidth=1.5, name='unnamed ShapeStim', opacity=1.0, ori=0.0, pos=array([0., 0.]), size=array([1., 1.]), units='norm', vertices=ndarray(...), win=Window(...), windingRule=None)
27.0100 	EXP 	Sound  set volume 1.000
27.0366 	EXP 	unnamed ShapeStim: vertices = <class 'numpy.ndarray'>
27.0366 	EXP 	unnamed ShapeStim: vertices = <class 'numpy.ndarray'>
27.0366 	EXP 	unnamed ShapeStim: vertices = <class 'numpy.ndarray'>
37.2229 	DATA 	Keypress: lctrl
37.7409 	EXP 	Sound  started
38.0228 	DATA 	Keypress: lctrl
38.4868 	DATA 	Keypress: lctrl
38.4909 	EXP 	Sound  started
39.2068 	DATA 	Keypress: lctrl
39.2409 	EXP 	Sound  started
39.9428 	DATA 	Keypress: lctrl
39.9909 	EXP 	Sound  started
40.6948 	DATA 	Keypress: lctrl
40.7410 	EXP 	Sound  started
41.4910 	EXP 	Sound  started
41.5108 	DATA 	Keypress: rctrl
42.2309 	DATA 	Keypress: lctrl
42.2410 	EXP 	Sound  started
42.9910 	EXP 	Sound  started
43.0469 	DATA 	Keypress: rctrl
43.7410 	EXP 	Sound  started
43.7508 	DATA 	Keypress: rctrl
44.4910 	EXP 	Sound  started
44.5028 	DATA 	Keypress: rctrl
45.2068 	DATA 	Keypress: rctrl
45.2410 	EXP 	Sound  started
45.9428 	DATA 	Keypress: rctrl
45.9910 	EXP 	Sound  started
46.7108 	DATA 	Keypress: rctrl
46.7411 	EXP 	Sound  started
47.4468 	DATA 	Keypress: rctrl
47.4911 	EXP 	Sound  started
48.1988 	DATA 	Keypress: rctrl
48.2411 	EXP 	Sound  started
48.8709 	DATA 	Keypress: rctrl
48.9911 	EXP 	Sound  started
49.6709 	DATA 	Keypress: rctrl
49.7411 	EXP 	Sound  started
50.4228 	DATA 	Keypress: rctrl
50.4911 	EXP 	Sound  started
51.1429 	DATA 	Keypress: lctrl
51.2412 	EXP 	Sound  started
51.9269 	DATA 	Keypress: lctrl
51.9912 	EXP 	Sound  started
52.6789 	DATA 	Keypress: lctrl
52.7412 	EXP 	Sound  started
53.4309 	DATA 	Keypress: lctrl
53.4912 	EXP 	Sound  started
54.1029 	DATA 	Keypress: rctrl
54.2412 	EXP 	Sound  started
54.8869 	DATA 	Keypress: lctrl
54.9912 	EXP 	Sound  started
55.5749 	DATA 	Keypress: lctrl
55.7412 	EXP 	Sound  started
56.3109 	DATA 	Keypress: lctrl
56.4913 	EXP 	Sound  started
57.0949 	DATA 	Keypress: lctrl
57.2413 	EXP 	Sound  started
57.8628 	DATA 	Keypress: lctrl
57.9913 	EXP 	Sound  started
58.7413 	EXP 	Sound  started
58.7588 	DATA 	Keypress: lctrl
59.4148 	DATA 	Keypress: lctrl
59.4913 	EXP 	Sound  started
60.1028 	DATA 	Keypress: rctrl
60.2413 	EXP 	Sound  started
60.8709 	DATA 	Keypress: lctrl
60.9913 	EXP 	Sound  started
61.6869 	DATA 	Keypress: rctrl
61.7413 	EXP 	Sound  started
62.3748 	DATA 	Keypress: lctrl
62.4914 	EXP 	Sound  started
63.1589 	DATA 	Keypress: rctrl
63.2414 	EXP 	Sound  started
63.8469 	DATA 	Keypress: lctrl
63.9914 	EXP 	Sound  started
64.5508 	DATA 	Keypress: lctrl
64.7414 	EXP 	Sound  started
65.4628 	DATA 	Keypress: rctrl
65.4914 	EXP 	Sound  started
66.2148 	DATA 	Keypress: rctrl
66.2414 	EXP 	Sound  started
66.9668 	DATA 	Keypress: rctrl
66.9915 	EXP 	Sound  started
67.7028 	DATA 	Keypress: lctrl
67.7415 	EXP 	Sound  started
68.4068 	DATA 	Keypress: rctrl
68.4915 	EXP 	Sound  started
69.2228 	DATA 	Keypress: rctrl
69.2415 	EXP 	Sound  started
69.9748 	DATA 	Keypress: rctrl
69.9915 	EXP 	Sound  started
70.6628 	DATA 	Keypress: lctrl
70.7415 	EXP 	Sound  started
71.4468 	DATA 	Keypress: lctrl
71.4915 	EXP 	Sound  started
72.1669 	DATA 	Keypress: lctrl
72.2415 	EXP 	Sound  started
72.9349 	DATA 	Keypress: lctrl
72.9916 	EXP 	Sound  started
73.7416 	EXP 	Sound  started
73.7508 	DATA 	Keypress: lctrl
74.4548 	DATA 	Keypress: rctrl
74.4916 	EXP 	Sound  started
75.1908 	DATA 	Keypress: rctrl
75.2416 	EXP 	Sound  started
75.9109 	DATA 	Keypress: rctrl
75.9916 	EXP 	Sound  started
76.7269 	DATA 	Keypress: lctrl
76.7416 	EXP 	Sound  started
77.4309 	DATA 	Keypress: rctrl
77.4916 	EXP 	Sound  started
78.2149 	DATA 	Keypress: lctrl
78.2417 	EXP 	Sound  started
78.9917 	EXP 	Sound  started
79.0468 	DATA 	Keypress: rctrl
79.7188 	DATA 	Keypress: rctrl
79.7417 	EXP 	Sound  started
80.4068 	DATA 	Keypress: lctrl
80.4917 	EXP 	Sound  started
81.1588 	DATA 	Keypress: lctrl
81.2417 	EXP 	Sound  started
81.9108 	DATA 	Keypress: rctrl
81.9917 	EXP 	Sound  started
82.6788 	DATA 	Keypress: rctrl
82.7417 	EXP 	Sound  started
83.4309 	DATA 	Keypress: rctrl
83.4918 	EXP 	Sound  started
84.1828 	DATA 	Keypress: rctrl
84.2418 	EXP 	Sound  started
84.9348 	DATA 	Keypress: rctrl
84.9918 	EXP 	Sound  started
85.6548 	DATA 	Keypress: lctrl
85.7418 	EXP 	Sound  started
86.4068 	DATA 	Keypress: rctrl
86.4918 	EXP 	Sound  started
87.1908 	DATA 	Keypress: lctrl
87.2419 	EXP 	Sound  started
87.9108 	DATA 	Keypress: lctrl
87.9919 	EXP 	Sound  started
88.6788 	DATA 	Keypress: lctrl
88.7419 	EXP 	Sound  started
89.3508 	DATA 	Keypress: rctrl
89.4919 	EXP 	Sound  started
90.0868 	DATA 	Keypress: rctrl
90.2419 	EXP 	Sound  started
90.8069 	DATA 	Keypress: lctrl
90.9919 	EXP 	Sound  started
91.5269 	DATA 	Keypress: rctrl
91.7419 	EXP 	Sound  started
92.2308 	DATA 	Keypress: lctrl
92.4919 	EXP 	Sound  started
93.0309 	DATA 	Keypress: rctrl
93.2419 	EXP 	Sound  started
93.8468 	DATA 	Keypress: rctrl
93.9919 	EXP 	Sound  started
94.5989 	DATA 	Keypress: rctrl
94.7420 	EXP 	Sound  started
95.4148 	DATA 	Keypress: rctrl
95.4920 	EXP 	Sound  started
96.1668 	DATA 	Keypress: rctrl
96.2420 	EXP 	Sound  started
96.9348 	DATA 	Keypress: rctrl
96.9920 	EXP 	Sound  started
97.6709 	DATA 	Keypress: lctrl
97.7420 	EXP 	Sound  started
98.4229 	DATA 	Keypress: lctrl
98.5241 	EXP 	unnamed TextStim: text = ''
98.5241 	EXP 	unnamed TextStim: text = ''
104.0784 	DATA 	Keypress: 3
104.0948 	EXP 	unnamed ShapeStim: vertices = <class 'numpy.ndarray'>
105.6162 	DATA 	Keypress: rctrl
105.6294 	EXP 	unnamed TextStim: text = ''
105.6294 	EXP 	unnamed TextStim: text = ''
107.7518 	DATA 	Keypress: 2
107.7812 	EXP 	unnamed ShapeStim: vertices = <class 'numpy.ndarray'>
109.3036 	DATA 	Keypress: rctrl
109.3162 	EXP 	unnamed TextStim: text = ''
109.3162 	EXP 	unnamed TextStim: text = ''
111.9514 	DATA 	Keypress: 1
111.9679 	EXP 	unnamed ShapeStim: vertices = <class 'numpy.ndarray'>
113.4858 	DATA 	Keypress: rctrl
114.2528 	EXP 	Sound  started
114.5349 	DATA 	Keypress: rctrl
115.0028 	EXP 	Sound  started
115.0308 	DATA 	Keypress: lctrl
115.7348 	DATA 	Keypress: lctrl
115.7528 	EXP 	Sound  started
116.4709 	DATA 	Keypress: lctrl
116.5028 	EXP 	Sound  started
117.1908 	DATA 	Keypress: lctrl
117.2528 	EXP 	Sound  started
117.9748 	DATA 	Keypress: lctrl
118.0028 	EXP 	Sound  started
118.7109 	DATA 	Keypress: lctrl
118.7529 	EXP 	Sound  started
119.4468 	DATA 	Keypress: lctrl
119.5029 	EXP 	Sound  started
120.2529 	EXP 	Sound  started
120.2629 	DATA 	Keypress: lctrl
120.9829 	DATA 	Keypress: rctrl
121.0029 	EXP 	Sound  started
121.7189 	DATA 	Keypress: rctrl
121.7529 	EXP 	Sound  started
122.4869 	DATA 	Keypress: rctrl
122.5029 	EXP 	Sound  started
123.2529 	EXP 	Sound  started
123.2708 	DATA 	Keypress: rctrl
123.9748 	DATA 	Keypress: lctrl
124.0029 	EXP 	Sound  started
124.7428 	DATA 	Keypress: lctrl
124.7530 	EXP 	Sound  started
125.4628 	DATA 	Keypress: lctrl
125.5030 	EXP 	Sound  started
126.2530 	EXP 	Sound  started
126.2628 	DATA 	Keypress: rctrl
126.9509 	DATA 	Keypress: rctrl
127.0030 	EXP 	Sound  started
127.6708 	DATA 	Keypress: rctrl
127.7530 	EXP 	Sound  started
128.4388 	DATA 	Keypress: lctrl
128.5030 	EXP 	Sound  started
129.1909 	DATA 	Keypress: rctrl
129.2530 	EXP 	Sound  started
129.9428 	DATA 	Keypress: lctrl
130.0030 	EXP 	Sound  started
130.7108 	DATA 	Keypress: rctrl
130.7531 	EXP 	Sound  started
131.4788 	DATA 	Keypress: rctrl
131.5031 	EXP 	Sound  started
132.2308 	DATA 	Keypress: rctrl
132.2531 	EXP 	Sound  started
132.9348 	DATA 	Keypress: lctrl
133.0031 	EXP 	Sound  started
133.7348 	DATA 	Keypress: lctrl
133.7531 	EXP 	Sound  started
134.5031 	EXP 	Sound  started
134.5188 	DATA 	Keypress: rctrl
135.2068 	DATA 	Keypress: rctrl
135.2531 	EXP 	Sound  started
135.9748 	DATA 	Keypress: lctrl
136.0032 	EXP 	Sound  started
136.6628 	DATA 	Keypress: lctrl
136.7532 	EXP 	Sound  started
137.3828 	DATA 	Keypress: rctrl
137.5032 	EXP 	Sound  started
138.1669 	DATA 	Keypress: rctrl
138.2532 	EXP 	Sound  started
138.9189 	DATA 	Keypress: lctrl
139.0032 	EXP 	Sound  started
139.7188 	DATA 	Keypress: rctrl
139.7532 	EXP 	Sound  started
140.4708 	DATA 	Keypress: lctrl
140.5033 	EXP 	Sound  started
141.1268 	DATA 	Keypress: lctrl
141.2533 	EXP 	Sound  started
141.9589 	DATA 	Keypress: lctrl
142.0033 	EXP 	Sound  started
142.7428 	DATA 	Keypress: rctrl
142.7533 	EXP 	Sound  started
143.4468 	DATA 	Keypress: rctrl
143.5033 	EXP 	Sound  started
144.2148 	DATA 	Keypress: rctrl
144.2533 	EXP 	Sound  started
144.9508 	DATA 	Keypress: rctrl
145.0033 	EXP 	Sound  started
145.6869 	DATA 	Keypress: lctrl
145.7534 	EXP 	Sound  started
146.4228 	DATA 	Keypress: lctrl
146.5034 	EXP 	Sound  started
147.1908 	DATA 	Keypress: rctrl
147.2534 	EXP 	Sound  started
147.9748 	DATA 	Keypress: lctrl
148.0034 	EXP 	Sound  started
148.7428 	DATA 	Keypress: rctrl
148.7534 	EXP 	Sound  started
149.4469 	DATA 	Keypress: lctrl
149.5034 	EXP 	Sound  started
150.1988 	DATA 	Keypress: lctrl
150.2534 	EXP 	Sound  started
150.9828 	DATA 	Keypress: lctrl
151.0035 	EXP 	Sound  started
151.7188 	DATA 	Keypress: lctrl
151.7535 	EXP 	Sound  started
152.4548 	DATA 	Keypress: lctrl
152.5035 	EXP 	Sound  started
153.2582 	DATA 	Keypress: lctrl
157.2719 	DATA 	Keypress: 4
157.2884 	EXP 	unnamed ShapeStim: vertices = <class 'numpy.ndarray'>
158.8098 	DATA 	Keypress: rctrl
159.5909 	DATA 	Keypress: 1
159.6074 	EXP 	unnamed ShapeStim: vertices = <class 'numpy.ndarray'>
161.1287 	DATA 	Keypress: rctrl
167.0966 	DATA 	Keypress: 1
167.1131 	EXP 	unnamed ShapeStim: vertices = <class 'numpy.ndarray'>
168.6320 	DATA 	Keypress: rctrl
169.3977 	EXP 	Sound  started
169.4788 	DATA 	Keypress: lctrl
170.0709 	DATA 	Keypress: rctrl
170.1477 	EXP 	Sound  started
170.7908 	DATA 	Keypress: lctrl
170.8977 	EXP 	Sound  started
171.6477 	EXP 	Sound  started
171.7988 	DATA 	Keypress: lctrl
172.3908 	DATA 	Keypress: rctrl
172.3977 	EXP 	Sound  started
173.1108 	DATA 	Keypress: rctrl
173.1477 	EXP 	Sound  started
173.8628 	DATA 	Keypress: rctrl
173.8978 	EXP 	Sound  started
174.5988 	DATA 	Keypress: rctrl
174.6478 	EXP 	Sound  started
175.3668 	DATA 	Keypress: rctrl
175.3978 	EXP 	Sound  started
176.1029 	DATA 	Keypress: rctrl
176.1478 	EXP 	Sound  started
176.8548 	DATA 	Keypress: rctrl
176.8978 	EXP 	Sound  started
177.6068 	DATA 	Keypress: lctrl
177.6478 	EXP 	Sound  started
178.3588 	DATA 	Keypress: lctrl
178.3979 	EXP 	Sound  started
179.0788 	DATA 	Keypress: lctrl
179.1479 	EXP 	Sound  started
179.8629 	DATA 	Keypress: lctrl
179.8979 	EXP 	Sound  started
180.6148 	DATA 	Keypress: lctrl
180.6479 	EXP 	Sound  started
181.3829 	DATA 	Keypress: lctrl
181.3979 	EXP 	Sound  started
182.1349 	DATA 	Keypress: lctrl
182.1479 	EXP 	Sound  started
182.8548 	DATA 	Keypress: rctrl
182.8979 	EXP 	Sound  started
183.6228 	DATA 	Keypress: lctrl
183.6479 	EXP 	Sound  started
184.3979 	EXP 	Sound  started
184.4228 	DATA 	Keypress: rctrl
185.0948 	DATA 	Keypress: rctrl
185.1480 	EXP 	Sound  started
185.8148 	DATA 	Keypress: rctrl
185.8980 	EXP 	Sound  started
186.5508 	DATA 	Keypress: rctrl
186.6480 	EXP 	Sound  started
187.3189 	DATA 	Keypress: lctrl
187.3980 	EXP 	Sound  started
188.1189 	DATA 	Keypress: lctrl
188.1480 	EXP 	Sound  started
188.8069 	DATA 	Keypress: lctrl
188.8980 	EXP 	Sound  started
189.6228 	DATA 	Keypress: lctrl
189.6480 	EXP 	Sound  started
190.3908 	DATA 	Keypress: lctrl
190.3981 	EXP 	Sound  started
191.1109 	DATA 	Keypress: lctrl
191.1481 	EXP 	Sound  started
191.8628 	DATA 	Keypress: rctrl
191.8981 	EXP 	Sound  started
192.5508 	DATA 	Keypress: lctrl
192.6481 	EXP 	Sound  started
193.2869 	DATA 	Keypress: rctrl
193.3981 	EXP 	Sound  started
194.0068 	DATA 	Keypress: lctrl
194.1481 	EXP 	Sound  started
194.8549 	DATA 	Keypress: rctrl
194.8981 	EXP 	Sound  started
195.5908 	DATA 	Keypress: rctrl
195.6482 	EXP 	Sound  started
196.3268 	DATA 	Keypress: lctrl
196.3982 	EXP 	Sound  started
197.0949 	DATA 	Keypress: rctrl
197.1482 	EXP 	Sound  started
197.8308 	DATA 	Keypress: rctrl
197.8982 	EXP 	Sound  started
198.6482 	EXP 	Sound  started
198.6628 	DATA 	Keypress: rctrl
199.3508 	DATA 	Keypress: rctrl
199.3982 	EXP 	Sound  started
200.1188 	DATA 	Keypress: rctrl
200.1482 	EXP 	Sound  started
200.8868 	DATA 	Keypress: rctrl
200.8983 	EXP 	Sound  started
201.6483 	EXP 	Sound  started
201.6548 	DATA 	Keypress: rctrl
202.3428 	DATA 	Keypress: lctrl
202.3983 	EXP 	Sound  started
203.0788 	DATA 	Keypress: lctrl
203.1483 	EXP 	Sound  started
203.8468 	DATA 	Keypress: lctrl
203.8983 	EXP 	Sound  started
204.5988 	DATA 	Keypress: lctrl
204.6483 	EXP 	Sound  started
205.3829 	DATA 	Keypress: rctrl
205.3983 	EXP 	Sound  started
206.1188 	DATA 	Keypress: lctrl
206.1484 	EXP 	Sound  started
206.8709 	DATA 	Keypress: rctrl
206.8984 	EXP 	Sound  started
207.5428 	DATA 	Keypress: lctrl
207.6484 	EXP 	Sound  started
208.3589 	DATA 	Keypress: rctrl
208.3984 	EXP 	Sound  started
209.0788 	DATA 	Keypress: lctrl
209.1484 	EXP 	Sound  started
209.8308 	DATA 	Keypress: lctrl
209.8984 	EXP 	Sound  started
210.5828 	DATA 	Keypress: lctrl
210.6485 	EXP 	Sound  started
211.3668 	DATA 	Keypress: rctrl
211.3985 	EXP 	Sound  started
212.1028 	DATA 	Keypress: lctrl
212.1485 	EXP 	Sound  started
212.8708 	DATA 	Keypress: lctrl
212.8985 	EXP 	Sound  started
213.6068 	DATA 	Keypress: rctrl
213.6485 	EXP 	Sound  started
214.3985 	EXP 	Sound  started
214.4068 	DATA 	Keypress: rctrl
215.0788 	DATA 	Keypress: lctrl
215.1485 	EXP 	Sound  started
215.8788 	DATA 	Keypress: lctrl
215.8986 	EXP 	Sound  started
216.6308 	DATA 	Keypress: lctrl
216.6486 	EXP 	Sound  started
217.3348 	DATA 	Keypress: lctrl
217.3986 	EXP 	Sound  started
218.0388 	DATA 	Keypress: rctrl
218.1486 	EXP 	Sound  started
218.8388 	DATA 	Keypress: rctrl
222.5921 	DATA 	Keypress: 3
222.6086 	EXP 	unnamed ShapeStim: vertices = <class 'numpy.ndarray'>
224.1295 	DATA 	Keypress: return
229.1809 	DATA 	Keypress: 2
229.1974 	EXP 	unnamed ShapeStim: vertices = <class 'numpy.ndarray'>
230.7186 	DATA 	Keypress: rctrl
236.1699 	DATA 	Keypress: 3
236.1864 	EXP 	unnamed ShapeStim: vertices = <class 'numpy.ndarray'>
237.7044 	DATA 	Keypress: rctrl
238.4714 	EXP 	Sound  started
238.4716 	DATA 	Keypress: lctrl
239.0628 	DATA 	Keypress: rctrl
239.2213 	EXP 	Sound  started
239.8789 	DATA 	Keypress: rctrl
239.9714 	EXP 	Sound  started
240.6148 	DATA 	Keypress: rctrl
240.7214 	EXP 	Sound  started
241.3348 	DATA 	Keypress: rctrl
241.4714 	EXP 	Sound  started
242.1829 	DATA 	Keypress: rctrl
242.2214 	EXP 	Sound  started
242.9029 	DATA 	Keypress: rctrl
242.9714 	EXP 	Sound  started
243.6388 	DATA 	Keypress: rctrl
243.7214 	EXP 	Sound  started
244.3748 	DATA 	Keypress: rctrl
244.4714 	EXP 	Sound  started
245.1589 	DATA 	Keypress: lctrl
245.2215 	EXP 	Sound  started
245.9268 	DATA 	Keypress: rctrl
245.9715 	EXP 	Sound  started
246.6788 	DATA 	Keypress: rctrl
246.7215 	EXP 	Sound  started
247.4468 	DATA 	Keypress: rctrl
247.4715 	EXP 	Sound  started
248.1348 	DATA 	Keypress: rctrl
248.2215 	EXP 	Sound  started
248.9029 	DATA 	Keypress: rctrl
248.9715 	EXP 	Sound  started
249.6709 	DATA 	Keypress: rctrl
249.7216 	EXP 	Sound  started
250.4229 	DATA 	Keypress: rctrl
250.4716 	EXP 	Sound  started
251.2216 	EXP 	Sound  started
251.2228 	DATA 	Keypress: lctrl
251.9269 	DATA 	Keypress: lctrl
251.9716 	EXP 	Sound  started
252.6789 	DATA 	Keypress: lctrl
252.7216 	EXP 	Sound  started
253.4629 	DATA 	Keypress: rctrl
253.4716 	EXP 	Sound  started
254.1509 	DATA 	Keypress: lctrl
254.2217 	EXP 	Sound  started
254.9028 	DATA 	Keypress: rctrl
254.9717 	EXP 	Sound  started
255.6709 	DATA 	Keypress: lctrl
255.7217 	EXP 	Sound  started
256.4389 	DATA 	Keypress: lctrl
256.4717 	EXP 	Sound  started
257.1909 	DATA 	Keypress: lctrl
257.2217 	EXP 	Sound  started
257.8629 	DATA 	Keypress: rctrl
257.9717 	EXP 	Sound  started
258.6469 	DATA 	Keypress: rctrl
258.7217 	EXP 	Sound  started
259.3509 	DATA 	Keypress: rctrl
259.4718 	EXP 	Sound  started
260.1348 	DATA 	Keypress: lctrl
260.2218 	EXP 	Sound  started
260.8868 	DATA 	Keypress: lctrl
260.9718 	EXP 	Sound  started
261.6549 	DATA 	Keypress: lctrl
261.7218 	EXP 	Sound  started
262.4068 	DATA 	Keypress: rctrl
262.4718 	EXP 	Sound  started
263.1908 	DATA 	Keypress: rctrl
263.2218 	EXP 	Sound  started
263.9108 	DATA 	Keypress: rctrl
263.9718 	EXP 	Sound  started
264.7219 	EXP 	Sound  started
264.7428 	DATA 	Keypress: rctrl
265.3988 	DATA 	Keypress: lctrl
265.4719 	EXP 	Sound  started
266.1668 	DATA 	Keypress: lctrl
266.2219 	EXP 	Sound  started
266.9188 	DATA 	Keypress: lctrl
266.9719 	EXP 	Sound  started
267.6228 	DATA 	Keypress: rctrl
267.7219 	EXP 	Sound  started
268.4388 	DATA 	Keypress: rctrl
268.4719 	EXP 	Sound  started
269.1748 	DATA 	Keypress: lctrl
269.2219 	EXP 	Sound  started
269.9588 	DATA 	Keypress: rctrl
269.9720 	EXP 	Sound  started
270.7220 	EXP 	Sound  started
270.7269 	DATA 	Keypress: rctrl
271.4720 	EXP 	Sound  started
271.4789 	DATA 	Keypress: rctrl
272.1828 	DATA 	Keypress: lctrl
272.2220 	EXP 	Sound  started
272.9668 	DATA 	Keypress: lctrl
272.9720 	EXP 	Sound  started
273.7188 	DATA 	Keypress: rctrl
273.7220 	EXP 	Sound  started
274.4389 	DATA 	Keypress: rctrl
274.4720 	EXP 	Sound  started
275.1909 	DATA 	Keypress: lctrl
275.2221 	EXP 	Sound  started
275.9588 	DATA 	Keypress: rctrl
275.9721 	EXP 	Sound  started
276.7108 	DATA 	Keypress: lctrl
276.7221 	EXP 	Sound  started
277.4468 	DATA 	Keypress: lctrl
277.4721 	EXP 	Sound  started
278.1988 	DATA 	Keypress: rctrl
278.2221 	EXP 	Sound  started
278.9721 	EXP 	Sound  started
278.9829 	DATA 	Keypress: rctrl
279.6709 	DATA 	Keypress: lctrl
279.7221 	EXP 	Sound  started
280.4388 	DATA 	Keypress: lctrl
280.4721 	EXP 	Sound  started
281.2222 	EXP 	Sound  started
281.2228 	DATA 	Keypress: rctrl
281.9588 	DATA 	Keypress: rctrl
281.9722 	EXP 	Sound  started
282.7222 	EXP 	Sound  started
282.7268 	DATA 	Keypress: lctrl
283.4722 	EXP 	Sound  started
283.4790 	DATA 	Keypress: lctrl
284.2148 	DATA 	Keypress: lctrl
284.2222 	EXP 	Sound  started
284.9348 	DATA 	Keypress: lctrl
284.9722 	EXP 	Sound  started
285.6868 	DATA 	Keypress: rctrl
285.7222 	EXP 	Sound  started
286.4548 	DATA 	Keypress: rctrl
286.4723 	EXP 	Sound  started
287.1909 	DATA 	Keypress: rctrl
287.2223 	EXP 	Sound  started
287.9765 	DATA 	Keypress: rctrl
290.3811 	DATA 	Keypress: 4
290.3976 	EXP 	unnamed ShapeStim: vertices = <class 'numpy.ndarray'>
291.9175 	DATA 	Keypress: rctrl
296.2359 	DATA 	Keypress: 4
296.2524 	EXP 	unnamed ShapeStim: vertices = <class 'numpy.ndarray'>
297.7736 	DATA 	Keypress: rctrl
302.0240 	DATA 	Keypress: 4
302.0405 	EXP 	unnamed ShapeStim: vertices = <class 'numpy.ndarray'>
303.5579 	DATA 	Keypress: rctrl
304.3249 	EXP 	Sound  started
304.4709 	DATA 	Keypress: rctrl
304.9989 	DATA 	Keypress: lctrl
305.0749 	EXP 	Sound  started
305.7348 	DATA 	Keypress: rctrl
305.8249 	EXP 	Sound  started
306.5188 	DATA 	Keypress: rctrl
306.5749 	EXP 	Sound  started
307.2868 	DATA 	Keypress: rctrl
307.3249 	EXP 	Sound  started
308.0548 	DATA 	Keypress: rctrl
308.0750 	EXP 	Sound  started
308.7748 	DATA 	Keypress: rctrl
308.8250 	EXP 	Sound  started
309.5108 	DATA 	Keypress: rctrl
309.5750 	EXP 	Sound  started
310.2948 	DATA 	Keypress: rctrl
310.3250 	EXP 	Sound  started
311.0469 	DATA 	Keypress: lctrl
311.0750 	EXP 	Sound  started
311.7988 	DATA 	Keypress: lctrl
311.8250 	EXP 	Sound  started
312.5188 	DATA 	Keypress: rctrl
312.5750 	EXP 	Sound  started
313.2549 	DATA 	Keypress: rctrl
313.3251 	EXP 	Sound  started
314.0751 	EXP 	Sound  started
314.0868 	DATA 	Keypress: lctrl
314.7109 	DATA 	Keypress: rctrl
314.8251 	EXP 	Sound  started
315.5589 	DATA 	Keypress: rctrl
315.5751 	EXP 	Sound  started
316.2628 	DATA 	Keypress: lctrl
316.3251 	EXP 	Sound  started
317.0148 	DATA 	Keypress: lctrl
317.0751 	EXP 	Sound  started
317.7668 	DATA 	Keypress: rctrl
317.8251 	EXP 	Sound  started
318.5348 	DATA 	Keypress: rctrl
318.5752 	EXP 	Sound  started
319.2708 	DATA 	Keypress: rctrl
319.3252 	EXP 	Sound  started
320.0389 	DATA 	Keypress: rctrl
320.0752 	EXP 	Sound  started
320.7428 	DATA 	Keypress: rctrl
320.8252 	EXP 	Sound  started
321.5268 	DATA 	Keypress: rctrl
321.5752 	EXP 	Sound  started
322.2308 	DATA 	Keypress: rctrl
322.3252 	EXP 	Sound  started
323.0469 	DATA 	Keypress: lctrl
323.0753 	EXP 	Sound  started
323.7028 	DATA 	Keypress: lctrl
323.8253 	EXP 	Sound  started
324.5509 	DATA 	Keypress: lctrl
324.5753 	EXP 	Sound  started
325.2709 	DATA 	Keypress: lctrl
325.3253 	EXP 	Sound  started
326.0708 	DATA 	Keypress: lctrl
326.0753 	EXP 	Sound  started
326.8068 	DATA 	Keypress: lctrl
326.8253 	EXP 	Sound  started
327.5268 	DATA 	Keypress: lctrl
327.5754 	EXP 	Sound  started
328.2468 	DATA 	Keypress: rctrl
328.3254 	EXP 	Sound  started
329.0468 	DATA 	Keypress: rctrl
329.0754 	EXP 	Sound  started
329.8254 	EXP 	Sound  started
329.8469 	DATA 	Keypress: rctrl
330.5669 	DATA 	Keypress: rctrl
330.5754 	EXP 	Sound  started
331.2869 	DATA 	Keypress: rctrl
331.3254 	EXP 	Sound  started
332.0549 	DATA 	Keypress: rctrl
332.0754 	EXP 	Sound  started
332.8068 	DATA 	Keypress: rctrl
332.8254 	EXP 	Sound  started
333.4948 	DATA 	Keypress: lctrl
333.5755 	EXP 	Sound  started
334.2468 	DATA 	Keypress: lctrl
334.3255 	EXP 	Sound  started
335.0309 	DATA 	Keypress: lctrl
335.0755 	EXP 	Sound  started
335.7668 	DATA 	Keypress: lctrl
335.8255 	EXP 	Sound  started
336.5755 	EXP 	Sound  started
336.5988 	DATA 	Keypress: lctrl
337.2548 	DATA 	Keypress: rctrl
337.3255 	EXP 	Sound  started
338.0229 	DATA 	Keypress: lctrl
338.0755 	EXP 	Sound  started
338.8068 	DATA 	Keypress: lctrl
338.8256 	EXP 	Sound  started
339.5108 	DATA 	Keypress: rctrl
339.5756 	EXP 	Sound  started
340.2788 	DATA 	Keypress: rctrl
340.3256 	EXP 	Sound  started
341.0468 	DATA 	Keypress: rctrl
341.0756 	EXP 	Sound  started
341.7988 	DATA 	Keypress: lctrl
341.8256 	EXP 	Sound  started
342.5668 	DATA 	Keypress: lctrl
342.5756 	EXP 	Sound  started
343.3028 	DATA 	Keypress: rctrl
343.3257 	EXP 	Sound  started
344.0388 	DATA 	Keypress: rctrl
345.8970 	DATA 	Keypress: 3
345.9264 	EXP 	unnamed ShapeStim: vertices = <class 'numpy.ndarray'>
347.4476 	DATA 	Keypress: rctrl
351.1642 	DATA 	Keypress: 3
351.1808 	EXP 	unnamed ShapeStim: vertices = <class 'numpy.ndarray'>
352.7028 	DATA 	Keypress: rctrl
356.8894 	DATA 	Keypress: 3
356.9188 	EXP 	unnamed ShapeStim: vertices = <class 'numpy.ndarray'>
358.4364 	DATA 	Keypress: rctrl
359.2032 	EXP 	Sound  started
359.4149 	DATA 	Keypress: lctrl
359.9268 	DATA 	Keypress: rctrl
359.9532 	EXP 	Sound  started
360.6789 	DATA 	Keypress: rctrl
360.7032 	EXP 	Sound  started
361.4309 	DATA 	Keypress: rctrl
361.4532 	EXP 	Sound  started
362.2032 	EXP 	Sound  started
362.2309 	DATA 	Keypress: rctrl
362.9028 	DATA 	Keypress: rctrl
362.9532 	EXP 	Sound  started
363.5749 	DATA 	Keypress: lctrl
363.7032 	EXP 	Sound  started
364.3748 	DATA 	Keypress: lctrl
364.4532 	EXP 	Sound  started
365.1909 	DATA 	Keypress: lctrl
365.2032 	EXP 	Sound  started
365.8469 	DATA 	Keypress: lctrl
365.9533 	EXP 	Sound  started
366.6628 	DATA 	Keypress: lctrl
366.7033 	EXP 	Sound  started
367.4533 	EXP 	Sound  started
367.4628 	DATA 	Keypress: rctrl
368.2033 	EXP 	Sound  started
368.2148 	DATA 	Keypress: rctrl
368.8868 	DATA 	Keypress: rctrl
368.9533 	EXP 	Sound  started
369.7029 	DATA 	Keypress: rctrl
369.7033 	EXP 	Sound  started
370.3268 	DATA 	Keypress: lctrl
370.4534 	EXP 	Sound  started
371.1269 	DATA 	Keypress: lctrl
371.2034 	EXP 	Sound  started
371.8469 	DATA 	Keypress: lctrl
371.9534 	EXP 	Sound  started
372.5828 	DATA 	Keypress: lctrl
372.7034 	EXP 	Sound  started
373.3510 	DATA 	Keypress: rctrl
373.4534 	EXP 	Sound  started
374.1189 	DATA 	Keypress: rctrl
374.2034 	EXP 	Sound  started
374.8388 	DATA 	Keypress: lctrl
374.9534 	EXP 	Sound  started
375.6389 	DATA 	Keypress: lctrl
375.7035 	EXP 	Sound  started
376.4228 	DATA 	Keypress: rctrl
376.4535 	EXP 	Sound  started
377.1428 	DATA 	Keypress: rctrl
377.2035 	EXP 	Sound  started
377.9429 	DATA 	Keypress: rctrl
377.9535 	EXP 	Sound  started
378.7035 	EXP 	Sound  started
378.7108 	DATA 	Keypress: rctrl
379.4309 	DATA 	Keypress: rctrl
379.4535 	EXP 	Sound  started
380.1029 	DATA 	Keypress: lctrl
380.2035 	EXP 	Sound  started
380.8549 	DATA 	Keypress: lctrl
380.9536 	EXP 	Sound  started
381.7028 	DATA 	Keypress: lctrl
381.7036 	EXP 	Sound  started
382.3748 	DATA 	Keypress: rctrl
382.4536 	EXP 	Sound  started
383.1748 	DATA 	Keypress: rctrl
383.2036 	EXP 	Sound  started
383.8789 	DATA 	Keypress: lctrl
383.9536 	EXP 	Sound  started
384.7036 	EXP 	Sound  started
384.7749 	DATA 	Keypress: lctrl
385.4536 	EXP 	Sound  started
385.4628 	DATA 	Keypress: lctrl
386.1029 	DATA 	Keypress: rctrl
386.2037 	EXP 	Sound  started
386.9348 	DATA 	Keypress: rctrl
386.9537 	EXP 	Sound  started
387.7029 	DATA 	Keypress: rctrl
387.7037 	EXP 	Sound  started
388.4389 	DATA 	Keypress: rctrl
388.4537 	EXP 	Sound  started
389.1908 	DATA 	Keypress: rctrl
389.2037 	EXP 	Sound  started
389.8948 	DATA 	Keypress: rctrl
389.9537 	EXP 	Sound  started
390.6469 	DATA 	Keypress: rctrl
390.7038 	EXP 	Sound  started
391.3189 	DATA 	Keypress: lctrl
391.4538 	EXP 	Sound  started
392.1988 	DATA 	Keypress: rctrl
392.2038 	EXP 	Sound  started
392.9508 	DATA 	Keypress: rctrl
392.9538 	EXP 	Sound  started
393.6709 	DATA 	Keypress: rctrl
393.7038 	EXP 	Sound  started
394.4228 	DATA 	Keypress: lctrl
394.4538 	EXP 	Sound  started
395.1428 	DATA 	Keypress: lctrl
395.2038 	EXP 	Sound  started
395.9429 	DATA 	Keypress: rctrl
395.9539 	EXP 	Sound  started
396.6629 	DATA 	Keypress: lctrl
396.7039 	EXP 	Sound  started
397.4149 	DATA 	Keypress: lctrl
397.4539 	EXP 	Sound  started
398.1509 	DATA 	Keypress: rctrl
398.2039 	EXP 	Sound  started
398.9188 	DATA 	Keypress: rctrl
398.9539 	EXP 	Sound  started
399.6548 	DATA 	Keypress: lctrl
399.7039 	EXP 	Sound  started
400.4068 	DATA 	Keypress: lctrl
400.4539 	EXP 	Sound  started
401.1748 	DATA 	Keypress: rctrl
401.2040 	EXP 	Sound  started
401.8948 	DATA 	Keypress: rctrl
401.9540 	EXP 	Sound  started
402.6468 	DATA 	Keypress: lctrl
402.7040 	EXP 	Sound  started
403.4148 	DATA 	Keypress: lctrl
403.4540 	EXP 	Sound  started
404.1828 	DATA 	Keypress: rctrl
404.2040 	EXP 	Sound  started
404.9508 	DATA 	Keypress: rctrl
407.5438 	DATA 	Keypress: 2
407.5603 	EXP 	unnamed ShapeStim: vertices = <class 'numpy.ndarray'>
409.0817 	DATA 	Keypress: rctrl
413.0317 	DATA 	Keypress: 3
413.0482 	EXP 	unnamed ShapeStim: vertices = <class 'numpy.ndarray'>
414.5695 	DATA 	Keypress: rctrl
417.3057 	DATA 	Keypress: 3
417.3350 	EXP 	unnamed ShapeStim: vertices = <class 'numpy.ndarray'>
418.8528 	DATA 	Keypress: rctrl
419.6207 	EXP 	Sound  started
419.6388 	DATA 	Keypress: lctrl
420.2789 	DATA 	Keypress: rctrl
420.3707 	EXP 	Sound  started
421.0468 	DATA 	Keypress: rctrl
421.1207 	EXP 	Sound  started
421.8308 	DATA 	Keypress: rctrl
421.8707 	EXP 	Sound  started
422.5668 	DATA 	Keypress: rctrl
422.6207 	EXP 	Sound  started
423.2868 	DATA 	Keypress: rctrl
423.3707 	EXP 	Sound  started
424.0068 	DATA 	Keypress: lctrl
424.1207 	EXP 	Sound  started
424.7908 	DATA 	Keypress: lctrl
424.8709 	EXP 	Sound  started
425.5428 	DATA 	Keypress: lctrl
425.6209 	EXP 	Sound  started
426.3109 	DATA 	Keypress: rctrl
426.3710 	EXP 	Sound  started
427.0628 	DATA 	Keypress: lctrl
427.1210 	EXP 	Sound  started
427.7828 	DATA 	Keypress: rctrl
427.8710 	EXP 	Sound  started
428.6210 	EXP 	Sound  started
428.6308 	DATA 	Keypress: lctrl
429.3349 	DATA 	Keypress: lctrl
429.3710 	EXP 	Sound  started
430.0869 	DATA 	Keypress: rctrl
430.1210 	EXP 	Sound  started
430.8068 	DATA 	Keypress: rctrl
430.8711 	EXP 	Sound  started
431.5589 	DATA 	Keypress: lctrl
431.6211 	EXP 	Sound  started
432.3268 	DATA 	Keypress: lctrl
432.3711 	EXP 	Sound  started
433.1211 	EXP 	Sound  started
433.1428 	DATA 	Keypress: rctrl
433.8711 	EXP 	Sound  started
433.8788 	DATA 	Keypress: rctrl
434.6211 	EXP 	Sound  started
434.6308 	DATA 	Keypress: rctrl
435.3348 	DATA 	Keypress: rctrl
435.3711 	EXP 	Sound  started
436.0228 	DATA 	Keypress: lctrl
436.1212 	EXP 	Sound  started
436.8709 	DATA 	Keypress: lctrl
436.8712 	EXP 	Sound  started
437.5588 	DATA 	Keypress: rctrl
437.6212 	EXP 	Sound  started
438.3268 	DATA 	Keypress: rctrl
438.3712 	EXP 	Sound  started
439.0788 	DATA 	Keypress: lctrl
439.1212 	EXP 	Sound  started
439.8308 	DATA 	Keypress: lctrl
439.8712 	EXP 	Sound  started
440.5668 	DATA 	Keypress: rctrl
440.6212 	EXP 	Sound  started
441.3713 	EXP 	Sound  started
441.3829 	DATA 	Keypress: rctrl
442.1213 	EXP 	Sound  started
442.1348 	DATA 	Keypress: lctrl
442.8549 	DATA 	Keypress: lctrl
442.8713 	EXP 	Sound  started
443.6068 	DATA 	Keypress: rctrl
443.6213 	EXP 	Sound  started
444.3428 	DATA 	Keypress: rctrl
444.3713 	EXP 	Sound  started
445.0629 	DATA 	Keypress: rctrl
445.1213 	EXP 	Sound  started
445.8148 	DATA 	Keypress: lctrl
445.8713 	EXP 	Sound  started
446.5988 	DATA 	Keypress: lctrl
446.6213 	EXP 	Sound  started
447.3029 	DATA 	Keypress: rctrl
447.3714 	EXP 	Sound  started
448.0868 	DATA 	Keypress: rctrl
448.1214 	EXP 	Sound  started
448.8388 	DATA 	Keypress: rctrl
448.8714 	EXP 	Sound  started
449.5748 	DATA 	Keypress: lctrl
449.6214 	EXP 	Sound  started
450.3428 	DATA 	Keypress: lctrl
450.3714 	EXP 	Sound  started
451.0788 	DATA 	Keypress: rctrl
451.1214 	EXP 	Sound  started
451.8308 	DATA 	Keypress: rctrl
451.8714 	EXP 	Sound  started
452.5828 	DATA 	Keypress: rctrl
452.6214 	EXP 	Sound  started
453.3715 	EXP 	Sound  started
453.3988 	DATA 	Keypress: rctrl
454.0708 	DATA 	Keypress: lctrl
454.1215 	EXP 	Sound  started
454.8388 	DATA 	Keypress: lctrl
454.8715 	EXP 	Sound  started
455.5909 	DATA 	Keypress: lctrl
455.6215 	EXP 	Sound  started
456.3428 	DATA 	Keypress: lctrl
456.3715 	EXP 	Sound  started
457.1215 	EXP 	Sound  started
457.1268 	DATA 	Keypress: lctrl
457.8308 	DATA 	Keypress: lctrl
457.8715 	EXP 	Sound  started
458.5669 	DATA 	Keypress: rctrl
458.6216 	EXP 	Sound  started
459.1588 	DATA 	Keypress: lctrl
459.3716 	EXP 	Sound  started
460.1216 	EXP 	Sound  started
460.1668 	DATA 	Keypress: lctrl
460.8548 	DATA 	Keypress: rctrl
460.8716 	EXP 	Sound  started
461.5908 	DATA 	Keypress: rctrl
461.6216 	EXP 	Sound  started
462.3429 	DATA 	Keypress: rctrl
462.3716 	EXP 	Sound  started
463.1110 	DATA 	Keypress: rctrl
463.1217 	EXP 	Sound  started
463.8717 	EXP 	Sound  started
463.8949 	DATA 	Keypress: rctrl
464.6148 	DATA 	Keypress: rctrl
464.6217 	EXP 	Sound  started
465.3669 	DATA 	Keypress: rctrl
465.3717 	EXP 	Sound  started
466.1189 	DATA 	Keypress: lctrl
466.1217 	EXP 	Sound  started
466.8708 	DATA 	Keypress: lctrl
466.8717 	EXP 	Sound  started
467.5908 	DATA 	Keypress: rctrl
467.6217 	EXP 	Sound  started
468.3717 	EXP 	Sound  started
468.3748 	DATA 	Keypress: lctrl
469.1109 	DATA 	Keypress: rctrl
469.1218 	EXP 	Sound  started
469.8718 	EXP 	Sound  started
469.9109 	DATA 	Keypress: rctrl
470.6148 	DATA 	Keypress: rctrl
470.6218 	EXP 	Sound  started
471.3509 	DATA 	Keypress: rctrl
471.3718 	EXP 	Sound  started
472.0710 	DATA 	Keypress: rctrl
472.1218 	EXP 	Sound  started
472.8389 	DATA 	Keypress: lctrl
472.8718 	EXP 	Sound  started
473.6219 	EXP 	Sound  started
473.6548 	DATA 	Keypress: lctrl
474.3719 	EXP 	Sound  started
474.4069 	DATA 	Keypress: lctrl
475.0629 	DATA 	Keypress: lctrl
475.1219 	EXP 	Sound  started
475.8469 	DATA 	Keypress: lctrl
475.8719 	EXP 	Sound  started
476.6149 	DATA 	Keypress: rctrl
476.6219 	EXP 	Sound  started
477.2869 	DATA 	Keypress: lctrl
477.3719 	EXP 	Sound  started
478.0709 	DATA 	Keypress: rctrl
478.1220 	EXP 	Sound  started
478.8720 	EXP 	Sound  started
478.8869 	DATA 	Keypress: rctrl
479.6068 	DATA 	Keypress: rctrl
479.6220 	EXP 	Sound  started
480.3720 	EXP 	Sound  started
480.3748 	DATA 	Keypress: rctrl
481.0628 	DATA 	Keypress: lctrl
481.1220 	EXP 	Sound  started
481.8628 	DATA 	Keypress: rctrl
481.8720 	EXP 	Sound  started
482.5349 	DATA 	Keypress: lctrl
482.6220 	EXP 	Sound  started
483.3189 	DATA 	Keypress: rctrl
483.3721 	EXP 	Sound  started
484.0388 	DATA 	Keypress: rctrl
484.1221 	EXP 	Sound  started
484.8548 	DATA 	Keypress: rctrl
484.8721 	EXP 	Sound  started
485.6221 	EXP 	Sound  started
485.6229 	DATA 	Keypress: rctrl
486.3589 	DATA 	Keypress: lctrl
486.3721 	EXP 	Sound  started
487.1467 	DATA 	Keypress: lctrl
489.0812 	DATA 	Keypress: 3
489.1106 	EXP 	unnamed ShapeStim: vertices = <class 'numpy.ndarray'>
490.6321 	DATA 	Keypress: rctrl
492.2633 	DATA 	Keypress: 3
492.2798 	EXP 	unnamed ShapeStim: vertices = <class 'numpy.ndarray'>
493.8004 	DATA 	Keypress: rctrl
495.7867 	DATA 	Keypress: 3
495.8161 	EXP 	unnamed ShapeStim: vertices = <class 'numpy.ndarray'>
497.3337 	DATA 	Keypress: rctrl
498.1006 	EXP 	Sound  started
498.3109 	DATA 	Keypress: rctrl
498.7908 	DATA 	Keypress: lctrl
498.8506 	EXP 	Sound  started
499.5589 	DATA 	Keypress: rctrl
499.6006 	EXP 	Sound  started
500.2788 	DATA 	Keypress: rctrl
500.3506 	EXP 	Sound  started
501.0149 	DATA 	Keypress: rctrl
501.1006 	EXP 	Sound  started
501.8309 	DATA 	Keypress: rctrl
501.8507 	EXP 	Sound  started
502.5669 	DATA 	Keypress: rctrl
502.6007 	EXP 	Sound  started
503.3188 	DATA 	Keypress: rctrl
503.3507 	EXP 	Sound  started
504.0388 	DATA 	Keypress: rctrl
504.1007 	EXP 	Sound  started
504.8069 	DATA 	Keypress: lctrl
504.8507 	EXP 	Sound  started
505.4789 	DATA 	Keypress: lctrl
505.6007 	EXP 	Sound  started
506.2949 	DATA 	Keypress: lctrl
506.3507 	EXP 	Sound  started
507.0309 	DATA 	Keypress: rctrl
507.1008 	EXP 	Sound  started
507.8148 	DATA 	Keypress: lctrl
507.8508 	EXP 	Sound  started
508.5988 	DATA 	Keypress: rctrl
508.6008 	EXP 	Sound  started
509.3029 	DATA 	Keypress: lctrl
509.3508 	EXP 	Sound  started
510.0869 	DATA 	Keypress: rctrl
510.1008 	EXP 	Sound  started
510.8389 	DATA 	Keypress: rctrl
510.8508 	EXP 	Sound  started
511.4949 	DATA 	Keypress: lctrl
511.6008 	EXP 	Sound  started
512.3268 	DATA 	Keypress: lctrl
512.3509 	EXP 	Sound  started
513.0789 	DATA 	Keypress: rctrl
513.1009 	EXP 	Sound  started
513.8469 	DATA 	Keypress: rctrl
513.8509 	EXP 	Sound  started
514.5828 	DATA 	Keypress: lctrl
514.6009 	EXP 	Sound  started
515.3189 	DATA 	Keypress: lctrl
515.3509 	EXP 	Sound  started
516.0549 	DATA 	Keypress: rctrl
516.1009 	EXP 	Sound  started
516.7908 	DATA 	Keypress: lctrl
516.8509 	EXP 	Sound  started
517.5908 	DATA 	Keypress: rctrl
517.6010 	EXP 	Sound  started
518.2948 	DATA 	Keypress: lctrl
518.3510 	EXP 	Sound  started
519.0788 	DATA 	Keypress: lctrl
519.1010 	EXP 	Sound  started
519.7829 	DATA 	Keypress: rctrl
519.8510 	EXP 	Sound  started
520.5988 	DATA 	Keypress: lctrl
520.6010 	EXP 	Sound  started
521.3508 	DATA 	Keypress: rctrl
521.3511 	EXP 	Sound  started
522.0709 	DATA 	Keypress: lctrl
522.1011 	EXP 	Sound  started
522.8511 	EXP 	Sound  started
522.9029 	DATA 	Keypress: lctrl
523.5748 	DATA 	Keypress: rctrl
523.6011 	EXP 	Sound  started
524.3109 	DATA 	Keypress: rctrl
524.3511 	EXP 	Sound  started
525.0628 	DATA 	Keypress: lctrl
525.1011 	EXP 	Sound  started
525.8149 	DATA 	Keypress: lctrl
525.8511 	EXP 	Sound  started
526.5669 	DATA 	Keypress: lctrl
526.6012 	EXP 	Sound  started
527.3508 	DATA 	Keypress: rctrl
527.3512 	EXP 	Sound  started
528.0869 	DATA 	Keypress: rctrl
528.1012 	EXP 	Sound  started
528.8512 	EXP 	Sound  started
528.8549 	DATA 	Keypress: rctrl
529.5908 	DATA 	Keypress: rctrl
529.6012 	EXP 	Sound  started
530.3269 	DATA 	Keypress: rctrl
530.3512 	EXP 	Sound  started
531.1013 	EXP 	Sound  started
531.1109 	DATA 	Keypress: lctrl
531.8149 	DATA 	Keypress: lctrl
531.8513 	EXP 	Sound  started
532.6013 	EXP 	Sound  started
532.6150 	DATA 	Keypress: lctrl
533.3189 	DATA 	Keypress: rctrl
533.3513 	EXP 	Sound  started
534.0709 	DATA 	Keypress: lctrl
534.1013 	EXP 	Sound  started
534.8068 	DATA 	Keypress: rctrl
534.8513 	EXP 	Sound  started
535.6013 	EXP 	Sound  started
535.6228 	DATA 	Keypress: lctrl
536.2948 	DATA 	Keypress: rctrl
536.3514 	EXP 	Sound  started
537.1014 	EXP 	Sound  started
537.1269 	DATA 	Keypress: lctrl
537.8469 	DATA 	Keypress: lctrl
537.8514 	EXP 	Sound  started
538.5829 	DATA 	Keypress: rctrl
538.6014 	EXP 	Sound  started
539.3514 	EXP 	Sound  started
539.3671 	DATA 	Keypress: rctrl
540.1014 	EXP 	Sound  started
540.1028 	DATA 	Keypress: rctrl
540.8069 	DATA 	Keypress: lctrl
540.8515 	EXP 	Sound  started
541.5909 	DATA 	Keypress: rctrl
541.6015 	EXP 	Sound  started
542.3268 	DATA 	Keypress: lctrl
542.3515 	EXP 	Sound  started
543.0948 	DATA 	Keypress: lctrl
543.1015 	EXP 	Sound  started
543.8148 	DATA 	Keypress: rctrl
543.8515 	EXP 	Sound  started
544.5989 	DATA 	Keypress: lctrl
544.6015 	EXP 	Sound  started
545.3515 	EXP 	Sound  started
545.3828 	DATA 	Keypress: lctrl
546.0708 	DATA 	Keypress: rctrl
546.1016 	EXP 	Sound  started
546.8516 	EXP 	Sound  started
546.8868 	DATA 	Keypress: lctrl
547.6016 	EXP 	Sound  started
547.6388 	DATA 	Keypress: lctrl
548.3109 	DATA 	Keypress: rctrl
548.3516 	EXP 	Sound  started
549.0628 	DATA 	Keypress: rctrl
549.1016 	EXP 	Sound  started
549.8468 	DATA 	Keypress: lctrl
549.8516 	EXP 	Sound  started
550.5988 	DATA 	Keypress: lctrl
550.6016 	EXP 	Sound  started
551.3188 	DATA 	Keypress: rctrl
551.3516 	EXP 	Sound  started
552.1017 	EXP 	Sound  started
552.1029 	DATA 	Keypress: rctrl
552.8229 	DATA 	Keypress: rctrl
552.8517 	EXP 	Sound  started
553.4789 	DATA 	Keypress: lctrl
553.6017 	EXP 	Sound  started
554.2628 	DATA 	Keypress: lctrl
554.3517 	EXP 	Sound  started
555.0949 	DATA 	Keypress: rctrl
557.2833 	DATA 	Keypress: 4
557.2998 	EXP 	unnamed ShapeStim: vertices = <class 'numpy.ndarray'>
558.8210 	DATA 	Keypress: rctrl
560.3192 	DATA 	Keypress: 1
560.3356 	EXP 	unnamed ShapeStim: vertices = <class 'numpy.ndarray'>
561.8575 	DATA 	Keypress: rctrl
564.5726 	DATA 	Keypress: 4
564.5891 	EXP 	unnamed ShapeStim: vertices = <class 'numpy.ndarray'>
566.1070 	DATA 	Keypress: rctrl
566.8741 	EXP 	Sound  started
567.0308 	DATA 	Keypress: rctrl
567.5429 	DATA 	Keypress: lctrl
567.6241 	EXP 	Sound  started
568.3108 	DATA 	Keypress: rctrl
568.3741 	EXP 	Sound  started
569.0948 	DATA 	Keypress: rctrl
569.1241 	EXP 	Sound  started
569.8741 	EXP 	Sound  started
569.8789 	DATA 	Keypress: rctrl
570.5988 	DATA 	Keypress: rctrl
570.6242 	EXP 	Sound  started
571.3349 	DATA 	Keypress: rctrl
571.3742 	EXP 	Sound  started
572.0708 	DATA 	Keypress: lctrl
572.1242 	EXP 	Sound  started
572.8068 	DATA 	Keypress: rctrl
572.8742 	EXP 	Sound  started
573.5269 	DATA 	Keypress: lctrl
573.6242 	EXP 	Sound  started
574.2468 	DATA 	Keypress: rctrl
574.3742 	EXP 	Sound  started
575.0308 	DATA 	Keypress: lctrl
575.1242 	EXP 	Sound  started
575.8148 	DATA 	Keypress: rctrl
575.8742 	EXP 	Sound  started
576.5669 	DATA 	Keypress: rctrl
576.6243 	EXP 	Sound  started
577.3349 	DATA 	Keypress: rctrl
577.3743 	EXP 	Sound  started
578.1028 	DATA 	Keypress: lctrl
578.1243 	EXP 	Sound  started
578.8549 	DATA 	Keypress: lctrl
578.8743 	EXP 	Sound  started
579.5908 	DATA 	Keypress: rctrl
579.6243 	EXP 	Sound  started
580.3108 	DATA 	Keypress: lctrl
580.3743 	EXP 	Sound  started
581.0788 	DATA 	Keypress: rctrl
581.1243 	EXP 	Sound  started
581.8308 	DATA 	Keypress: lctrl
581.8743 	EXP 	Sound  started
582.5829 	DATA 	Keypress: lctrl
582.6244 	EXP 	Sound  started
583.3029 	DATA 	Keypress: lctrl
583.3744 	EXP 	Sound  started
584.0229 	DATA 	Keypress: rctrl
584.1244 	EXP 	Sound  started
584.8388 	DATA 	Keypress: rctrl
584.8744 	EXP 	Sound  started
585.6228 	DATA 	Keypress: rctrl
585.6244 	EXP 	Sound  started
586.3744 	EXP 	Sound  started
586.3748 	DATA 	Keypress: lctrl
587.1245 	EXP 	Sound  started
587.1269 	DATA 	Keypress: lctrl
587.8468 	DATA 	Keypress: lctrl
587.8745 	EXP 	Sound  started
588.5990 	DATA 	Keypress: rctrl
588.6245 	EXP 	Sound  started
589.3509 	DATA 	Keypress: lctrl
589.3745 	EXP 	Sound  started
590.0389 	DATA 	Keypress: lctrl
590.1245 	EXP 	Sound  started
590.8228 	DATA 	Keypress: rctrl
590.8745 	EXP 	Sound  started
591.5908 	DATA 	Keypress: rctrl
591.6245 	EXP 	Sound  started
592.3269 	DATA 	Keypress: rctrl
592.3745 	EXP 	Sound  started
593.0628 	DATA 	Keypress: lctrl
593.1246 	EXP 	Sound  started
593.8148 	DATA 	Keypress: rctrl
593.8746 	EXP 	Sound  started
594.5509 	DATA 	Keypress: rctrl
594.6246 	EXP 	Sound  started
595.3188 	DATA 	Keypress: rctrl
595.3746 	EXP 	Sound  started
596.0068 	DATA 	Keypress: lctrl
596.1246 	EXP 	Sound  started
596.8746 	EXP 	Sound  started
596.9188 	DATA 	Keypress: lctrl
597.5749 	DATA 	Keypress: lctrl
597.6247 	EXP 	Sound  started
598.3108 	DATA 	Keypress: rctrl
598.3747 	EXP 	Sound  started
599.0628 	DATA 	Keypress: lctrl
599.1247 	EXP 	Sound  started
599.8629 	DATA 	Keypress: rctrl
599.8747 	EXP 	Sound  started
600.5509 	DATA 	Keypress: lctrl
600.6247 	EXP 	Sound  started
601.3747 	EXP 	Sound  started
601.3990 	DATA 	Keypress: lctrl
602.0868 	DATA 	Keypress: rctrl
602.1248 	EXP 	Sound  started
602.8068 	DATA 	Keypress: rctrl
602.8748 	EXP 	Sound  started
603.5269 	DATA 	Keypress: lctrl
603.6248 	EXP 	Sound  started
604.3588 	DATA 	Keypress: rctrl
604.3748 	EXP 	Sound  started
605.0948 	DATA 	Keypress: rctrl
605.1248 	EXP 	Sound  started
605.8309 	DATA 	Keypress: lctrl
605.8748 	EXP 	Sound  started
606.5988 	DATA 	Keypress: lctrl
606.6248 	EXP 	Sound  started
607.3349 	DATA 	Keypress: rctrl
607.3749 	EXP 	Sound  started
608.1249 	EXP 	Sound  started
608.1348 	DATA 	Keypress: rctrl
608.8749 	EXP 	Sound  started
608.8869 	DATA 	Keypress: rctrl
609.5748 	DATA 	Keypress: lctrl
609.6249 	EXP 	Sound  started
610.3589 	DATA 	Keypress: lctrl
610.3749 	EXP 	Sound  started
611.1249 	EXP 	Sound  started
611.1428 	DATA 	Keypress: lctrl
611.8469 	DATA 	Keypress: lctrl
611.8749 	EXP 	Sound  started
612.5829 	DATA 	Keypress: lctrl
612.6250 	EXP 	Sound  started
613.3750 	EXP 	Sound  started
613.4148 	DATA 	Keypress: lctrl
614.1188 	DATA 	Keypress: rctrl
614.1250 	EXP 	Sound  started
614.8388 	DATA 	Keypress: rctrl
614.8750 	EXP 	Sound  started
615.6250 	EXP 	Sound  started
615.6709 	DATA 	Keypress: rctrl
616.3750 	EXP 	Sound  started
616.4069 	DATA 	Keypress: rctrl
617.0788 	DATA 	Keypress: lctrl
617.1250 	EXP 	Sound  started
617.8751 	EXP 	Sound  started
617.9269 	DATA 	Keypress: lctrl
618.5989 	DATA 	Keypress: rctrl
618.6251 	EXP 	Sound  started
619.3189 	DATA 	Keypress: lctrl
619.3751 	EXP 	Sound  started
620.0708 	DATA 	Keypress: rctrl
620.1251 	EXP 	Sound  started
620.7909 	DATA 	Keypress: lctrl
620.8751 	EXP 	Sound  started
621.6229 	DATA 	Keypress: lctrl
621.6251 	EXP 	Sound  started
622.3751 	EXP 	Sound  started
622.3909 	DATA 	Keypress: rctrl
623.1252 	EXP 	Sound  started
623.1269 	DATA 	Keypress: rctrl
623.8468 	DATA 	Keypress: lctrl
625.6560 	DATA 	Keypress: 3
625.6726 	EXP 	unnamed ShapeStim: vertices = <class 'numpy.ndarray'>
627.1935 	DATA 	Keypress: rctrl
628.8087 	DATA 	Keypress: 3
628.8252 	EXP 	unnamed ShapeStim: vertices = <class 'numpy.ndarray'>
630.3460 	DATA 	Keypress: rctrl
630.7936 	DATA 	Keypress: 2
630.8101 	EXP 	unnamed ShapeStim: vertices = <class 'numpy.ndarray'>
632.3283 	DATA 	Keypress: rctrl
633.0957 	EXP 	Sound  started
633.2549 	DATA 	Keypress: rctrl
633.8457 	EXP 	Sound  started
633.8468 	DATA 	Keypress: lctrl
634.5830 	DATA 	Keypress: rctrl
634.5957 	EXP 	Sound  started
635.3348 	DATA 	Keypress: rctrl
635.3457 	EXP 	Sound  started
636.0868 	DATA 	Keypress: rctrl
636.0957 	EXP 	Sound  started
636.8229 	DATA 	Keypress: rctrl
636.8457 	EXP 	Sound  started
637.5749 	DATA 	Keypress: lctrl
637.5957 	EXP 	Sound  started
638.3109 	DATA 	Keypress: lctrl
638.3457 	EXP 	Sound  started
639.0949 	DATA 	Keypress: rctrl
639.0958 	EXP 	Sound  started
639.8149 	DATA 	Keypress: lctrl
639.8458 	EXP 	Sound  started
640.5958 	EXP 	Sound  started
640.6150 	DATA 	Keypress: rctrl
641.3189 	DATA 	Keypress: rctrl
641.3458 	EXP 	Sound  started
642.0709 	DATA 	Keypress: lctrl
642.0958 	EXP 	Sound  started
642.8228 	DATA 	Keypress: lctrl
642.8458 	EXP 	Sound  started
643.5910 	DATA 	Keypress: rctrl
643.5959 	EXP 	Sound  started
644.3269 	DATA 	Keypress: rctrl
644.3459 	EXP 	Sound  started
645.0959 	EXP 	Sound  started
645.1109 	DATA 	Keypress: lctrl
645.7988 	DATA 	Keypress: lctrl
645.8459 	EXP 	Sound  started
646.5828 	DATA 	Keypress: rctrl
646.5959 	EXP 	Sound  started
647.3189 	DATA 	Keypress: rctrl
647.3459 	EXP 	Sound  started
648.0708 	DATA 	Keypress: lctrl
648.0959 	EXP 	Sound  started
648.7909 	DATA 	Keypress: lctrl
648.8460 	EXP 	Sound  started
649.5909 	DATA 	Keypress: rctrl
649.5960 	EXP 	Sound  started
650.3268 	DATA 	Keypress: rctrl
650.3460 	EXP 	Sound  started
651.0948 	DATA 	Keypress: rctrl
651.0960 	EXP 	Sound  started
651.8461 	EXP 	Sound  started
651.8469 	DATA 	Keypress: rctrl
652.5509 	DATA 	Keypress: rctrl
652.5961 	EXP 	Sound  started
653.3461 	EXP 	Sound  started
653.3829 	DATA 	Keypress: rctrl
654.0961 	EXP 	Sound  started
654.1029 	DATA 	Keypress: rctrl
654.8461 	EXP 	Sound  started
654.8549 	DATA 	Keypress: rctrl
655.5588 	DATA 	Keypress: lctrl
655.5961 	EXP 	Sound  started
656.3109 	DATA 	Keypress: lctrl
656.3461 	EXP 	Sound  started
657.0789 	DATA 	Keypress: lctrl
657.0961 	EXP 	Sound  started
657.8461 	EXP 	Sound  started
657.8789 	DATA 	Keypress: lctrl
658.5830 	DATA 	Keypress: lctrl
658.5962 	EXP 	Sound  started
659.3188 	DATA 	Keypress: lctrl
659.3462 	EXP 	Sound  started
660.0962 	EXP 	Sound  started
660.1029 	DATA 	Keypress: lctrl
660.8462 	EXP 	Sound  started
660.8709 	DATA 	Keypress: rctrl
661.1428 	DATA 	Keypress: rctrl
661.5962 	EXP 	Sound  started
661.6548 	DATA 	Keypress: rctrl
662.3429 	DATA 	Keypress: lctrl
662.3462 	EXP 	Sound  started
663.0949 	DATA 	Keypress: rctrl
663.0963 	EXP 	Sound  started
663.8148 	DATA 	Keypress: lctrl
663.8463 	EXP 	Sound  started
664.5349 	DATA 	Keypress: rctrl
664.5963 	EXP 	Sound  started
665.3463 	EXP 	Sound  started
665.3829 	DATA 	Keypress: lctrl
666.0548 	DATA 	Keypress: rctrl
666.0963 	EXP 	Sound  started
666.8463 	EXP 	Sound  started
666.8548 	DATA 	Keypress: lctrl
667.5268 	DATA 	Keypress: rctrl
667.5964 	EXP 	Sound  started
668.3268 	DATA 	Keypress: lctrl
668.3464 	EXP 	Sound  started
669.0628 	DATA 	Keypress: rctrl
669.0964 	EXP 	Sound  started
669.7988 	DATA 	Keypress: lctrl
669.8464 	EXP 	Sound  started
670.5509 	DATA 	Keypress: rctrl
670.5964 	EXP 	Sound  started
671.3188 	DATA 	Keypress: lctrl
671.3464 	EXP 	Sound  started
672.0548 	DATA 	Keypress: rctrl
672.0964 	EXP 	Sound  started
672.7908 	DATA 	Keypress: lctrl
672.8464 	EXP 	Sound  started
673.5588 	DATA 	Keypress: lctrl
673.5964 	EXP 	Sound  started
674.2789 	DATA 	Keypress: lctrl
674.3465 	EXP 	Sound  started
675.0309 	DATA 	Keypress: rctrl
675.0965 	EXP 	Sound  started
675.8465 	EXP 	Sound  started
675.8468 	DATA 	Keypress: rctrl
676.5508 	DATA 	Keypress: lctrl
676.5965 	EXP 	Sound  started
677.2869 	DATA 	Keypress: lctrl
677.3465 	EXP 	Sound  started
678.0965 	EXP 	Sound  started
678.1028 	DATA 	Keypress: rctrl
678.8069 	DATA 	Keypress: rctrl
678.8466 	EXP 	Sound  started
679.5966 	EXP 	Sound  started
679.6068 	DATA 	Keypress: rctrl
680.3269 	DATA 	Keypress: lctrl
680.3466 	EXP 	Sound  started
681.0949 	DATA 	Keypress: rctrl
681.0966 	EXP 	Sound  started
681.8148 	DATA 	Keypress: rctrl
681.8466 	EXP 	Sound  started
682.5508 	DATA 	Keypress: lctrl
682.5966 	EXP 	Sound  started
683.3466 	EXP 	Sound  started
683.3828 	DATA 	Keypress: lctrl
684.0967 	EXP 	Sound  started
684.1028 	DATA 	Keypress: rctrl
684.8389 	DATA 	Keypress: rctrl
684.8467 	EXP 	Sound  started
685.5588 	DATA 	Keypress: lctrl
685.5967 	EXP 	Sound  started
686.3467 	EXP 	Sound  started
686.3588 	DATA 	Keypress: lctrl
687.0789 	DATA 	Keypress: rctrl
687.0967 	EXP 	Sound  started
687.7829 	DATA 	Keypress: rctrl
687.8467 	EXP 	Sound  started
688.5967 	EXP 	Sound  started
688.6148 	DATA 	Keypress: lctrl
689.3188 	DATA 	Keypress: rctrl
689.3468 	EXP 	Sound  started
689.9908 	DATA 	Keypress: lctrl
690.0968 	EXP 	Sound  started
690.8388 	DATA 	Keypress: rctrl
690.8468 	EXP 	Sound  started
691.5908 	DATA 	Keypress: lctrl
691.5968 	EXP 	Sound  started
692.3468 	EXP 	Sound  started
692.3748 	DATA 	Keypress: rctrl
693.0968 	EXP 	Sound  started
693.1108 	DATA 	Keypress: lctrl
693.8468 	EXP 	Sound  started
693.8628 	DATA 	Keypress: rctrl
694.5669 	DATA 	Keypress: rctrl
694.5969 	EXP 	Sound  started
695.3469 	EXP 	Sound  started
695.3509 	DATA 	Keypress: lctrl
696.0969 	EXP 	Sound  started
696.1509 	DATA 	Keypress: lctrl
696.8388 	DATA 	Keypress: rctrl
696.8469 	EXP 	Sound  started
697.5969 	EXP 	Sound  started
697.6069 	DATA 	Keypress: rctrl
698.3269 	DATA 	Keypress: lctrl
698.3469 	EXP 	Sound  started
699.0969 	EXP 	Sound  started
699.1109 	DATA 	Keypress: rctrl
699.8469 	DATA 	Keypress: lctrl
702.7025 	DATA 	Keypress: 3
702.7190 	EXP 	unnamed ShapeStim: vertices = <class 'numpy.ndarray'>
704.2404 	DATA 	Keypress: rctrl
705.6253 	DATA 	Keypress: 4
705.6548 	EXP 	unnamed ShapeStim: vertices = <class 'numpy.ndarray'>
707.1766 	DATA 	Keypress: rctrl
708.3443 	DATA 	Keypress: 1
708.3737 	EXP 	unnamed ShapeStim: vertices = <class 'numpy.ndarray'>
709.8919 	DATA 	Keypress: rctrl
710.6587 	EXP 	Sound  started
710.6589 	DATA 	Keypress: rctrl
711.3029 	DATA 	Keypress: lctrl
711.4087 	EXP 	Sound  started
712.0869 	DATA 	Keypress: lctrl
712.1588 	EXP 	Sound  started
712.8229 	DATA 	Keypress: rctrl
712.9088 	EXP 	Sound  started
713.5908 	DATA 	Keypress: rctrl
713.6588 	EXP 	Sound  started
714.3429 	DATA 	Keypress: rctrl
714.4088 	EXP 	Sound  started
715.0948 	DATA 	Keypress: rctrl
715.1591 	EXP 	Sound  started
715.8629 	DATA 	Keypress: rctrl
715.9091 	EXP 	Sound  started
716.5828 	DATA 	Keypress: lctrl
716.6591 	EXP 	Sound  started
717.2869 	DATA 	Keypress: lctrl
717.4091 	EXP 	Sound  started
718.1029 	DATA 	Keypress: lctrl
718.1591 	EXP 	Sound  started
718.8229 	DATA 	Keypress: lctrl
718.9091 	EXP 	Sound  started
719.6069 	DATA 	Keypress: rctrl
719.6591 	EXP 	Sound  started
720.3749 	DATA 	Keypress: lctrl
720.4092 	EXP 	Sound  started
721.1269 	DATA 	Keypress: rctrl
721.1592 	EXP 	Sound  started
721.8469 	DATA 	Keypress: lctrl
721.9092 	EXP 	Sound  started
722.5988 	DATA 	Keypress: rctrl
722.6592 	EXP 	Sound  started
723.3829 	DATA 	Keypress: rctrl
723.4092 	EXP 	Sound  started
724.0709 	DATA 	Keypress: lctrl
724.1592 	EXP 	Sound  started
724.8548 	DATA 	Keypress: lctrl
724.9092 	EXP 	Sound  started
725.6388 	DATA 	Keypress: rctrl
725.6592 	EXP 	Sound  started
726.3589 	DATA 	Keypress: rctrl
726.4093 	EXP 	Sound  started
727.0949 	DATA 	Keypress: lctrl
727.1593 	EXP 	Sound  started
727.7988 	DATA 	Keypress: lctrl
727.9093 	EXP 	Sound  started
728.6309 	DATA 	Keypress: rctrl
728.6593 	EXP 	Sound  started
729.4093 	EXP 	Sound  started
729.4149 	DATA 	Keypress: lctrl
730.1348 	DATA 	Keypress: rctrl
730.1593 	EXP 	Sound  started
730.9029 	DATA 	Keypress: lctrl
730.9094 	EXP 	Sound  started
731.6594 	EXP 	Sound  started
731.7349 	DATA 	Keypress: rctrl
732.4069 	DATA 	Keypress: rctrl
732.4094 	EXP 	Sound  started
733.1268 	DATA 	Keypress: lctrl
733.1594 	EXP 	Sound  started
733.8788 	DATA 	Keypress: lctrl
733.9094 	EXP 	Sound  started
734.6309 	DATA 	Keypress: rctrl
734.6594 	EXP 	Sound  started
735.3828 	DATA 	Keypress: lctrl
735.4094 	EXP 	Sound  started
736.0868 	DATA 	Keypress: rctrl
736.1595 	EXP 	Sound  started
736.9095 	EXP 	Sound  started
736.9188 	DATA 	Keypress: lctrl
737.6595 	EXP 	Sound  started
737.6708 	DATA 	Keypress: rctrl
738.3588 	DATA 	Keypress: lctrl
738.4095 	EXP 	Sound  started
739.1595 	EXP 	Sound  started
739.1748 	DATA 	Keypress: lctrl
739.8788 	DATA 	Keypress: lctrl
739.9095 	EXP 	Sound  started
740.6148 	DATA 	Keypress: rctrl
740.6595 	EXP 	Sound  started
741.3989 	DATA 	Keypress: rctrl
741.4096 	EXP 	Sound  started
742.1189 	DATA 	Keypress: lctrl
742.1596 	EXP 	Sound  started
742.9096 	EXP 	Sound  started
742.9349 	DATA 	Keypress: rctrl
743.6229 	DATA 	Keypress: lctrl
743.6596 	EXP 	Sound  started
744.4096 	EXP 	Sound  started
744.4229 	DATA 	Keypress: rctrl
745.1596 	EXP 	Sound  started
745.1909 	DATA 	Keypress: lctrl
745.9097 	EXP 	Sound  started
745.9109 	DATA 	Keypress: lctrl
746.6597 	EXP 	Sound  started
746.6628 	DATA 	Keypress: rctrl
747.4097 	EXP 	Sound  started
747.4149 	DATA 	Keypress: rctrl
748.1597 	EXP 	Sound  started
748.2148 	DATA 	Keypress: lctrl
748.9097 	EXP 	Sound  started
748.9349 	DATA 	Keypress: lctrl
749.6389 	DATA 	Keypress: lctrl
749.6597 	EXP 	Sound  started
750.4097 	EXP 	Sound  started
750.4549 	DATA 	Keypress: rctrl
751.1598 	EXP 	Sound  started
751.1749 	DATA 	Keypress: rctrl
751.8949 	DATA 	Keypress: rctrl
751.9098 	EXP 	Sound  started
752.5989 	DATA 	Keypress: lctrl
752.6598 	EXP 	Sound  started
753.3509 	DATA 	Keypress: rctrl
753.4098 	EXP 	Sound  started
754.1349 	DATA 	Keypress: lctrl
754.1598 	EXP 	Sound  started
754.9029 	DATA 	Keypress: lctrl
754.9098 	EXP 	Sound  started
755.5909 	DATA 	Keypress: rctrl
755.6598 	EXP 	Sound  started
756.4098 	EXP 	Sound  started
756.4229 	DATA 	Keypress: rctrl
757.1588 	DATA 	Keypress: rctrl
757.1599 	EXP 	Sound  started
757.8788 	DATA 	Keypress: lctrl
757.9099 	EXP 	Sound  started
758.6468 	DATA 	Keypress: lctrl
758.6599 	EXP 	Sound  started
759.3349 	DATA 	Keypress: lctrl
759.4099 	EXP 	Sound  started
760.1599 	EXP 	Sound  started
760.1829 	DATA 	Keypress: lctrl
760.9099 	EXP 	Sound  started
760.9349 	DATA 	Keypress: lctrl
761.6228 	DATA 	Keypress: rctrl
761.6599 	EXP 	Sound  started
762.4100 	EXP 	Sound  started
762.4228 	DATA 	Keypress: lctrl
763.1108 	DATA 	Keypress: rctrl
763.1600 	EXP 	Sound  started
763.8788 	DATA 	Keypress: rctrl
763.9100 	EXP 	Sound  started
764.6148 	DATA 	Keypress: rctrl
764.6600 	EXP 	Sound  started
765.3829 	DATA 	Keypress: rctrl
765.4100 	EXP 	Sound  started
766.1600 	EXP 	Sound  started
766.1668 	DATA 	Keypress: rctrl
766.8868 	DATA 	Keypress: rctrl
766.9100 	EXP 	Sound  started
767.6228 	DATA 	Keypress: lctrl
767.6601 	EXP 	Sound  started
768.3749 	DATA 	Keypress: lctrl
768.4101 	EXP 	Sound  started
769.1601 	EXP 	Sound  started
769.1749 	DATA 	Keypress: lctrl
769.9453 	DATA 	Keypress: lctrl
773.8313 	DATA 	Keypress: 3
773.8607 	EXP 	unnamed ShapeStim: vertices = <class 'numpy.ndarray'>
775.3825 	DATA 	Keypress: rctrl
777.3471 	DATA 	Keypress: 2
777.3636 	EXP 	unnamed ShapeStim: vertices = <class 'numpy.ndarray'>
778.8844 	DATA 	Keypress: rctrl
781.5672 	DATA 	Keypress: 1
781.5838 	EXP 	unnamed ShapeStim: vertices = <class 'numpy.ndarray'>
783.1017 	DATA 	Keypress: rctrl
785.8864 	DATA 	Keypress: rctrl
1062.1831 	DATA 	Keypress: escape
1062.2519 	EXP 	window1: mouseVisible = True
