13.0551 	WARNING 	User requested fullscreen with size [1024  768], but screen is actually [1920, 1200]. Using actual size
13.8750 	EXP 	Created window1 = Window(allowGUI=False, allowStencil=False, autoLog=True, backendConf=UNKNOWN, bitsMode=UNKNOWN, blendMode='avg', bpc=(8, 8, 8), color=array([0, 0, 0]), colorSpace='rgb', depthBits=8, fullscr=<method-wrapper '__getattribute__' of attributeSetter object at 0x000001B571A56780>, gamma=None, gammaErrorPolicy='raise', lms=UNKNOWN, monitor=<psychopy.monitors.calibTools.Monitor object at 0x000001B573165080>, multiSample=False, name='window1', numSamples=2, pos=[0.0, 0.0], screen=0, size=array([1920, 1200]), stencilBits=0, stereo=False, units='norm', useFBO=True, useRetina=False, viewOri=0.0, viewPos=None, viewScale=None, waitBlanking=True, winType='pyglet')
13.8753 	EXP 	window1: mouseVisible = True
13.8754 	EXP 	window1: mouseVisible = False
13.8754 	EXP 	window1: recordFrameIntervals = False
14.0415 	EXP 	window1: recordFrameIntervals = True
14.2251 	EXP 	window1: recordFrameIntervals = False
14.2787 	EXP 	Created text = TextStim(__class__=<class 'psychopy.visual.text.TextStim'>, alignHoriz=method-wrapper(...), alignText='center', alignVert=method-wrapper(...), anchorHoriz='center', anchorVert='center', antialias=True, autoLog=True, bold=False, color=array([1., 1., 1.]), colorSpace='rgb', contrast=1.0, depth=0.0, flipHoriz=False, flipVert=False, font='Arial', fontFiles=[], height=0.15, italic=False, languageStyle='LTR', name='text', opacity=1, ori=0, pos=array([0., 0.]), rgb=UNKNOWN, text='+', units='norm', win=Window(...), wrapWidth=1)
14.2989 	EXP 	Created text = TextStim(__class__=<class 'psychopy.visual.text.TextStim'>, alignHoriz=method-wrapper(...), alignText='center', alignVert=method-wrapper(...), anchorHoriz='center', anchorVert='center', antialias=True, autoLog=True, bold=False, color=array([1., 1., 1.]), colorSpace='rgb', contrast=1.0, depth=0.0, flipHoriz=False, flipVert=False, font='Arial', fontFiles=[], height=0.07, italic=False, languageStyle='LTR', name='text', opacity=1, ori=0, pos=array([0., 0.]), rgb=UNKNOWN, text=str(...), units='norm', win=Window(...), wrapWidth=1.65)
14.3115 	EXP 	Created text = TextStim(__class__=<class 'psychopy.visual.text.TextStim'>, alignHoriz=method-wrapper(...), alignText='center', alignVert=method-wrapper(...), anchorHoriz='center', anchorVert='center', antialias=True, autoLog=True, bold=False, color=array([1., 1., 1.]), colorSpace='rgb', contrast=1.0, depth=0.0, flipHoriz=False, flipVert=False, font='Arial', fontFiles=[], height=0.07, italic=False, languageStyle='LTR', name='text', opacity=1, ori=0, pos=array([0., 0.]), rgb=UNKNOWN, text=str(...), units='norm', win=Window(...), wrapWidth=1.65)
14.3220 	EXP 	Created text = TextStim(__class__=<class 'psychopy.visual.text.TextStim'>, alignHoriz=method-wrapper(...), alignText='center', alignVert=method-wrapper(...), anchorHoriz='center', anchorVert='center', antialias=True, autoLog=True, bold=False, color=array([1., 1., 1.]), colorSpace='rgb', contrast=1.0, depth=0.0, flipHoriz=False, flipVert=False, font='Arial', fontFiles=[], height=0.07, italic=False, languageStyle='LTR', name='text', opacity=1, ori=0, pos=array([0., 0.]), rgb=UNKNOWN, text=str(...), units='norm', win=Window(...), wrapWidth=1.65)
14.3314 	EXP 	Created text = TextStim(__class__=<class 'psychopy.visual.text.TextStim'>, alignHoriz=method-wrapper(...), alignText='center', alignVert=method-wrapper(...), anchorHoriz='center', anchorVert='center', antialias=True, autoLog=True, bold=False, color=array([1., 1., 1.]), colorSpace='rgb', contrast=1.0, depth=0.0, flipHoriz=False, flipVert=False, font='Arial', fontFiles=[], height=0.07, italic=False, languageStyle='LTR', name='text', opacity=1, ori=0, pos=array([0., 0.]), rgb=UNKNOWN, text=str(...), units='norm', win=Window(...), wrapWidth=1.65)
14.3364 	EXP 	Created text = TextStim(__class__=<class 'psychopy.visual.text.TextStim'>, alignHoriz=method-wrapper(...), alignText='center', alignVert=method-wrapper(...), anchorHoriz='center', anchorVert='center', antialias=True, autoLog=True, bold=False, color=array([1., 1., 1.]), colorSpace='rgb', contrast=1.0, depth=0.0, flipHoriz=False, flipVert=False, font='Arial', fontFiles=[], height=0.07, italic=False, languageStyle='LTR', name='text', opacity=1, ori=0, pos=array([0., 0.]), rgb=UNKNOWN, text=str(...), units='norm', win=Window(...), wrapWidth=1.65)
14.3500 	EXP 	Created text = TextStim(__class__=<class 'psychopy.visual.text.TextStim'>, alignHoriz=method-wrapper(...), alignText='center', alignVert=method-wrapper(...), anchorHoriz='center', anchorVert='center', antialias=True, autoLog=True, bold=False, color=array([1., 1., 1.]), colorSpace='rgb', contrast=1.0, depth=0.0, flipHoriz=False, flipVert=False, font='Arial', fontFiles=[], height=0.15, italic=False, languageStyle='LTR', name='text', opacity=1, ori=0, pos=array([0., 0.]), rgb=UNKNOWN, text=str(...), units='norm', win=Window(...), wrapWidth=1.65)
14.3789 	EXP 	Created text = TextStim(__class__=<class 'psychopy.visual.text.TextStim'>, alignHoriz=method-wrapper(...), alignText='center', alignVert=method-wrapper(...), anchorHoriz='center', anchorVert='center', antialias=True, autoLog=True, bold=False, color=array([1., 1., 1.]), colorSpace='rgb', contrast=1.0, depth=0.0, flipHoriz=False, flipVert=False, font='Arial', fontFiles=[], height=0.07, italic=False, languageStyle='LTR', name='text', opacity=1, ori=0, pos=array([0., 0.]), rgb=UNKNOWN, text=str(...), units='norm', win=Window(...), wrapWidth=1.65)
14.3971 	EXP 	Created text = TextStim(__class__=<class 'psychopy.visual.text.TextStim'>, alignHoriz=method-wrapper(...), alignText='center', alignVert=method-wrapper(...), anchorHoriz='center', anchorVert='center', antialias=True, autoLog=True, bold=False, color=array([1., 1., 1.]), colorSpace='rgb', contrast=1.0, depth=0.0, flipHoriz=False, flipVert=False, font='Arial', fontFiles=[], height=0.07, italic=False, languageStyle='LTR', name='text', opacity=1, ori=0, pos=array([0., 0.]), rgb=UNKNOWN, text=str(...), units='norm', win=Window(...), wrapWidth=1.65)
14.4278 	EXP 	Created text = TextStim(__class__=<class 'psychopy.visual.text.TextStim'>, alignHoriz=method-wrapper(...), alignText='center', alignVert=method-wrapper(...), anchorHoriz='center', anchorVert='center', antialias=True, autoLog=True, bold=False, color=array([1., 1., 1.]), colorSpace='rgb', contrast=1.0, depth=0.0, flipHoriz=False, flipVert=False, font='Arial', fontFiles=[], height=0.07, italic=False, languageStyle='LTR', name='text', opacity=1, ori=0, pos=array([0., 0.]), rgb=UNKNOWN, text=str(...), units='norm', win=Window(...), wrapWidth=1.65)
14.4559 	EXP 	Created text = TextStim(__class__=<class 'psychopy.visual.text.TextStim'>, alignHoriz=method-wrapper(...), alignText='center', alignVert=method-wrapper(...), anchorHoriz='center', anchorVert='center', antialias=True, autoLog=True, bold=False, color=array([1., 1., 1.]), colorSpace='rgb', contrast=1.0, depth=0.0, flipHoriz=False, flipVert=False, font='Arial', fontFiles=[], height=0.07, italic=False, languageStyle='LTR', name='text', opacity=1, ori=0, pos=array([0., 0.]), rgb=UNKNOWN, text=str(...), units='norm', win=Window(...), wrapWidth=1.65)
14.4885 	EXP 	Created text = TextStim(__class__=<class 'psychopy.visual.text.TextStim'>, alignHoriz=method-wrapper(...), alignText='center', alignVert=method-wrapper(...), anchorHoriz='center', anchorVert='center', antialias=True, autoLog=True, bold=False, color=array([1., 1., 1.]), colorSpace='rgb', contrast=1.0, depth=0.0, flipHoriz=False, flipVert=False, font='Arial', fontFiles=[], height=0.07, italic=False, languageStyle='LTR', name='text', opacity=1, ori=0, pos=array([0., 0.]), rgb=UNKNOWN, text=str(...), units='norm', win=Window(...), wrapWidth=1.65)
14.4974 	EXP 	Created text = TextStim(__class__=<class 'psychopy.visual.text.TextStim'>, alignHoriz=method-wrapper(...), alignText='center', alignVert=method-wrapper(...), anchorHoriz='center', anchorVert='center', antialias=True, autoLog=True, bold=False, color=array([1., 1., 1.]), colorSpace='rgb', contrast=1.0, depth=0.0, flipHoriz=False, flipVert=False, font='Arial', fontFiles=[], height=0.07, italic=False, languageStyle='LTR', name='text', opacity=1, ori=0, pos=array([0., 0.]), rgb=UNKNOWN, text=str(...), units='norm', win=Window(...), wrapWidth=1.65)
14.5097 	EXP 	Created text = TextStim(__class__=<class 'psychopy.visual.text.TextStim'>, alignHoriz=method-wrapper(...), alignText='center', alignVert=method-wrapper(...), anchorHoriz='center', anchorVert='center', antialias=True, autoLog=True, bold=False, color=array([1., 1., 1.]), colorSpace='rgb', contrast=1.0, depth=0.0, flipHoriz=False, flipVert=False, font='Arial', fontFiles=[], height=0.07, italic=False, languageStyle='LTR', name='text', opacity=1, ori=0, pos=array([0., 0.]), rgb=UNKNOWN, text=str(...), units='norm', win=Window(...), wrapWidth=1.65)
14.5144 	EXP 	Created instru = TextStim(__class__=<class 'psychopy.visual.text.TextStim'>, alignHoriz=method-wrapper(...), alignText='center', alignVert=method-wrapper(...), anchorHoriz='center', anchorVert='center', antialias=True, autoLog=True, bold=False, color=array([1., 1., 1.]), colorSpace='rgb', contrast=1.0, depth=0.0, flipHoriz=False, flipVert=False, font='Arial', fontFiles=[], height=0.07, italic=False, languageStyle='LTR', name='instru', opacity=1, ori=0, pos=array([0. , 0.5]), rgb=UNKNOWN, text=str(...), units='norm', win=Window(...), wrapWidth=1)
14.5170 	EXP 	Created unnamed Line = Line(__class__=<class 'psychopy.visual.line.Line'>, autoDraw=False, autoLog=True, closeShape=False, color=array([1., 1., 1.]), colorSpace='rgb', contrast=None, depth=0, fillColor=array([0, 0, 0]), fillColorSpace='rgb', fillRGB=array([0, 0, 0]), interpolate=True, lineColor=array([1., 1., 1.]), lineColorSpace='rgb', lineRGB=array([1, 1, 1]), lineWidth=5, name='unnamed Line', opacity=0.5, ori=0.0, pos=array([0., 0.]), size=array([1., 1.]), units='norm', vertices=array([[-0.5,  0. ],
       [ 0.5,  0. ]]), win=Window(...), windingRule=None)
14.5190 	EXP 	Created unnamed Line = Line(__class__=<class 'psychopy.visual.line.Line'>, autoDraw=False, autoLog=True, closeShape=False, color=array([1., 1., 1.]), colorSpace='rgb', contrast=None, depth=0, fillColor=array([0, 0, 0]), fillColorSpace='rgb', fillRGB=array([0, 0, 0]), interpolate=True, lineColor=array([1., 1., 1.]), lineColorSpace='rgb', lineRGB=array([1, 1, 1]), lineWidth=3, name='unnamed Line', opacity=0.5, ori=0.0, pos=array([0., 0.]), size=array([1., 1.]), units='norm', vertices=array([[-0.5 , -0.05],
       [-0.5 ,  0.05]]), win=Window(...), windingRule=None)
14.5210 	EXP 	Created unnamed Line = Line(__class__=<class 'psychopy.visual.line.Line'>, autoDraw=False, autoLog=True, closeShape=False, color=array([1., 1., 1.]), colorSpace='rgb', contrast=None, depth=0, fillColor=array([0, 0, 0]), fillColorSpace='rgb', fillRGB=array([0, 0, 0]), interpolate=True, lineColor=array([1., 1., 1.]), lineColorSpace='rgb', lineRGB=array([1, 1, 1]), lineWidth=3, name='unnamed Line', opacity=0.5, ori=0.0, pos=array([0., 0.]), size=array([1., 1.]), units='norm', vertices=ndarray(...), win=Window(...), windingRule=None)
14.5232 	EXP 	Created unnamed Line = Line(__class__=<class 'psychopy.visual.line.Line'>, autoDraw=False, autoLog=True, closeShape=False, color=array([1., 1., 1.]), colorSpace='rgb', contrast=None, depth=0, fillColor=array([0, 0, 0]), fillColorSpace='rgb', fillRGB=array([0, 0, 0]), interpolate=True, lineColor=array([1., 1., 1.]), lineColorSpace='rgb', lineRGB=array([1, 1, 1]), lineWidth=3, name='unnamed Line', opacity=0.5, ori=0.0, pos=array([0., 0.]), size=array([1., 1.]), units='norm', vertices=ndarray(...), win=Window(...), windingRule=None)
14.5252 	EXP 	Created unnamed Line = Line(__class__=<class 'psychopy.visual.line.Line'>, autoDraw=False, autoLog=True, closeShape=False, color=array([1., 1., 1.]), colorSpace='rgb', contrast=None, depth=0, fillColor=array([0, 0, 0]), fillColorSpace='rgb', fillRGB=array([0, 0, 0]), interpolate=True, lineColor=array([1., 1., 1.]), lineColorSpace='rgb', lineRGB=array([1, 1, 1]), lineWidth=3, name='unnamed Line', opacity=0.5, ori=0.0, pos=array([0., 0.]), size=array([1., 1.]), units='norm', vertices=array([[ 0.5 , -0.05],
       [ 0.5 ,  0.05]]), win=Window(...), windingRule=None)
14.5367 	EXP 	Created unnamed TextStim = TextStim(__class__=<class 'psychopy.visual.text.TextStim'>, alignHoriz=method-wrapper(...), alignText='center', alignVert=method-wrapper(...), anchorHoriz='center', anchorVert='center', antialias=True, autoLog=True, bold=False, color=array([1., 1., 1.]), colorSpace='rgb', contrast=1.0, depth=0, flipHoriz=False, flipVert=False, font='', fontFiles=[], height=0.05, italic=False, languageStyle='LTR', name='unnamed TextStim', opacity=1.0, ori=0.0, pos=array([-0.5, -0.1]), rgb=UNKNOWN, text='Clearly \n NOT FOCUSED', units='norm', win=Window(...), wrapWidth=1)
14.5377 	EXP 	Created unnamed TextStim = TextStim(__class__=<class 'psychopy.visual.text.TextStim'>, alignHoriz=method-wrapper(...), alignText='center', alignVert=method-wrapper(...), anchorHoriz='center', anchorVert='center', antialias=True, autoLog=True, bold=False, color=array([1., 1., 1.]), colorSpace='rgb', contrast=1.0, depth=0, flipHoriz=False, flipVert=False, font='', fontFiles=[], height=0.05, italic=False, languageStyle='LTR', name='unnamed TextStim', opacity=1.0, ori=0.0, pos=array([-0.16666667, -0.1       ]), rgb=UNKNOWN, text='', units='norm', win=Window(...), wrapWidth=1)
14.5388 	EXP 	Created unnamed TextStim = TextStim(__class__=<class 'psychopy.visual.text.TextStim'>, alignHoriz=method-wrapper(...), alignText='center', alignVert=method-wrapper(...), anchorHoriz='center', anchorVert='center', antialias=True, autoLog=True, bold=False, color=array([1., 1., 1.]), colorSpace='rgb', contrast=1.0, depth=0, flipHoriz=False, flipVert=False, font='', fontFiles=[], height=0.05, italic=False, languageStyle='LTR', name='unnamed TextStim', opacity=1.0, ori=0.0, pos=array([ 0.16666667, -0.1       ]), rgb=UNKNOWN, text='', units='norm', win=Window(...), wrapWidth=1)
14.5419 	EXP 	Created unnamed TextStim = TextStim(__class__=<class 'psychopy.visual.text.TextStim'>, alignHoriz=method-wrapper(...), alignText='center', alignVert=method-wrapper(...), anchorHoriz='center', anchorVert='center', antialias=True, autoLog=True, bold=False, color=array([1., 1., 1.]), colorSpace='rgb', contrast=1.0, depth=0, flipHoriz=False, flipVert=False, font='', fontFiles=[], height=0.05, italic=False, languageStyle='LTR', name='unnamed TextStim', opacity=1.0, ori=0.0, pos=array([ 0.5, -0.1]), rgb=UNKNOWN, text='Clearly \n FOCUSED', units='norm', win=Window(...), wrapWidth=1)
14.5438 	EXP 	Created unnamed ShapeStim = ShapeStim(__class__=<class 'psychopy.visual.shape.ShapeStim'>, autoDraw=False, autoLog=True, closeShape=True, color=method-wrapper(...), colorSpace='rgb', contrast=None, depth=0, fillColor=array([1, 1, 1]), fillColorSpace='rgb', fillRGB=array([1, 1, 1]), interpolate=True, lineColor=array([-1., -1., -1.]), lineColorSpace='rgb', lineRGB=array([-1, -1, -1]), lineWidth=1.5, name='unnamed ShapeStim', opacity=1.0, ori=0.0, pos=array([0., 0.]), size=array([1., 1.]), units='norm', vertices=ndarray(...), win=Window(...), windingRule=None)
14.5526 	EXP 	Created instru = TextStim(__class__=<class 'psychopy.visual.text.TextStim'>, alignHoriz=method-wrapper(...), alignText='center', alignVert=method-wrapper(...), anchorHoriz='center', anchorVert='center', antialias=True, autoLog=True, bold=False, color=array([1., 1., 1.]), colorSpace='rgb', contrast=1.0, depth=0.0, flipHoriz=False, flipVert=False, font='Arial', fontFiles=[], height=0.07, italic=False, languageStyle='LTR', name='instru', opacity=1, ori=0, pos=array([0. , 0.5]), rgb=UNKNOWN, text=str(...), units='norm', win=Window(...), wrapWidth=1)
14.5547 	EXP 	Created unnamed Line = Line(__class__=<class 'psychopy.visual.line.Line'>, autoDraw=False, autoLog=True, closeShape=False, color=array([1., 1., 1.]), colorSpace='rgb', contrast=None, depth=0, fillColor=array([0, 0, 0]), fillColorSpace='rgb', fillRGB=array([0, 0, 0]), interpolate=True, lineColor=array([1., 1., 1.]), lineColorSpace='rgb', lineRGB=array([1, 1, 1]), lineWidth=5, name='unnamed Line', opacity=0.5, ori=0.0, pos=array([0., 0.]), size=array([1., 1.]), units='norm', vertices=array([[-0.5,  0. ],
       [ 0.5,  0. ]]), win=Window(...), windingRule=None)
14.5567 	EXP 	Created unnamed Line = Line(__class__=<class 'psychopy.visual.line.Line'>, autoDraw=False, autoLog=True, closeShape=False, color=array([1., 1., 1.]), colorSpace='rgb', contrast=None, depth=0, fillColor=array([0, 0, 0]), fillColorSpace='rgb', fillRGB=array([0, 0, 0]), interpolate=True, lineColor=array([1., 1., 1.]), lineColorSpace='rgb', lineRGB=array([1, 1, 1]), lineWidth=3, name='unnamed Line', opacity=0.5, ori=0.0, pos=array([0., 0.]), size=array([1., 1.]), units='norm', vertices=array([[-0.5 , -0.05],
       [-0.5 ,  0.05]]), win=Window(...), windingRule=None)
14.5588 	EXP 	Created unnamed Line = Line(__class__=<class 'psychopy.visual.line.Line'>, autoDraw=False, autoLog=True, closeShape=False, color=array([1., 1., 1.]), colorSpace='rgb', contrast=None, depth=0, fillColor=array([0, 0, 0]), fillColorSpace='rgb', fillRGB=array([0, 0, 0]), interpolate=True, lineColor=array([1., 1., 1.]), lineColorSpace='rgb', lineRGB=array([1, 1, 1]), lineWidth=3, name='unnamed Line', opacity=0.5, ori=0.0, pos=array([0., 0.]), size=array([1., 1.]), units='norm', vertices=ndarray(...), win=Window(...), windingRule=None)
14.5608 	EXP 	Created unnamed Line = Line(__class__=<class 'psychopy.visual.line.Line'>, autoDraw=False, autoLog=True, closeShape=False, color=array([1., 1., 1.]), colorSpace='rgb', contrast=None, depth=0, fillColor=array([0, 0, 0]), fillColorSpace='rgb', fillRGB=array([0, 0, 0]), interpolate=True, lineColor=array([1., 1., 1.]), lineColorSpace='rgb', lineRGB=array([1, 1, 1]), lineWidth=3, name='unnamed Line', opacity=0.5, ori=0.0, pos=array([0., 0.]), size=array([1., 1.]), units='norm', vertices=ndarray(...), win=Window(...), windingRule=None)
14.5629 	EXP 	Created unnamed Line = Line(__class__=<class 'psychopy.visual.line.Line'>, autoDraw=False, autoLog=True, closeShape=False, color=array([1., 1., 1.]), colorSpace='rgb', contrast=None, depth=0, fillColor=array([0, 0, 0]), fillColorSpace='rgb', fillRGB=array([0, 0, 0]), interpolate=True, lineColor=array([1., 1., 1.]), lineColorSpace='rgb', lineRGB=array([1, 1, 1]), lineWidth=3, name='unnamed Line', opacity=0.5, ori=0.0, pos=array([0., 0.]), size=array([1., 1.]), units='norm', vertices=array([[ 0.5 , -0.05],
       [ 0.5 ,  0.05]]), win=Window(...), windingRule=None)
14.5680 	EXP 	Created unnamed TextStim = TextStim(__class__=<class 'psychopy.visual.text.TextStim'>, alignHoriz=method-wrapper(...), alignText='center', alignVert=method-wrapper(...), anchorHoriz='center', anchorVert='center', antialias=True, autoLog=True, bold=False, color=array([1., 1., 1.]), colorSpace='rgb', contrast=1.0, depth=0, flipHoriz=False, flipVert=False, font='', fontFiles=[], height=0.05, italic=False, languageStyle='LTR', name='unnamed TextStim', opacity=1.0, ori=0.0, pos=array([-0.5, -0.1]), rgb=UNKNOWN, text='Clearly \n NOTHING', units='norm', win=Window(...), wrapWidth=1)
14.5691 	EXP 	Created unnamed TextStim = TextStim(__class__=<class 'psychopy.visual.text.TextStim'>, alignHoriz=method-wrapper(...), alignText='center', alignVert=method-wrapper(...), anchorHoriz='center', anchorVert='center', antialias=True, autoLog=True, bold=False, color=array([1., 1., 1.]), colorSpace='rgb', contrast=1.0, depth=0, flipHoriz=False, flipVert=False, font='', fontFiles=[], height=0.05, italic=False, languageStyle='LTR', name='unnamed TextStim', opacity=1.0, ori=0.0, pos=array([-0.16666667, -0.1       ]), rgb=UNKNOWN, text='', units='norm', win=Window(...), wrapWidth=1)
14.5701 	EXP 	Created unnamed TextStim = TextStim(__class__=<class 'psychopy.visual.text.TextStim'>, alignHoriz=method-wrapper(...), alignText='center', alignVert=method-wrapper(...), anchorHoriz='center', anchorVert='center', antialias=True, autoLog=True, bold=False, color=array([1., 1., 1.]), colorSpace='rgb', contrast=1.0, depth=0, flipHoriz=False, flipVert=False, font='', fontFiles=[], height=0.05, italic=False, languageStyle='LTR', name='unnamed TextStim', opacity=1.0, ori=0.0, pos=array([ 0.16666667, -0.1       ]), rgb=UNKNOWN, text='', units='norm', win=Window(...), wrapWidth=1)
14.5742 	EXP 	Created unnamed TextStim = TextStim(__class__=<class 'psychopy.visual.text.TextStim'>, alignHoriz=method-wrapper(...), alignText='center', alignVert=method-wrapper(...), anchorHoriz='center', anchorVert='center', antialias=True, autoLog=True, bold=False, color=array([1., 1., 1.]), colorSpace='rgb', contrast=1.0, depth=0, flipHoriz=False, flipVert=False, font='', fontFiles=[], height=0.05, italic=False, languageStyle='LTR', name='unnamed TextStim', opacity=1.0, ori=0.0, pos=array([ 0.5, -0.1]), rgb=UNKNOWN, text='Clearly \n SOMETHING', units='norm', win=Window(...), wrapWidth=1)
14.5760 	EXP 	Created unnamed ShapeStim = ShapeStim(__class__=<class 'psychopy.visual.shape.ShapeStim'>, autoDraw=False, autoLog=True, closeShape=True, color=method-wrapper(...), colorSpace='rgb', contrast=None, depth=0, fillColor=array([1, 1, 1]), fillColorSpace='rgb', fillRGB=array([1, 1, 1]), interpolate=True, lineColor=array([-1., -1., -1.]), lineColorSpace='rgb', lineRGB=array([-1, -1, -1]), lineWidth=1.5, name='unnamed ShapeStim', opacity=1.0, ori=0.0, pos=array([0., 0.]), size=array([1., 1.]), units='norm', vertices=ndarray(...), win=Window(...), windingRule=None)
14.5826 	EXP 	Created instru = TextStim(__class__=<class 'psychopy.visual.text.TextStim'>, alignHoriz=method-wrapper(...), alignText='center', alignVert=method-wrapper(...), anchorHoriz='center', anchorVert='center', antialias=True, autoLog=True, bold=False, color=array([1., 1., 1.]), colorSpace='rgb', contrast=1.0, depth=0.0, flipHoriz=False, flipVert=False, font='Arial', fontFiles=[], height=0.07, italic=False, languageStyle='LTR', name='instru', opacity=1, ori=0, pos=array([0. , 0.5]), rgb=UNKNOWN, text=str(...), units='norm', win=Window(...), wrapWidth=1)
14.5847 	EXP 	Created unnamed Line = Line(__class__=<class 'psychopy.visual.line.Line'>, autoDraw=False, autoLog=True, closeShape=False, color=array([1., 1., 1.]), colorSpace='rgb', contrast=None, depth=0, fillColor=array([0, 0, 0]), fillColorSpace='rgb', fillRGB=array([0, 0, 0]), interpolate=True, lineColor=array([1., 1., 1.]), lineColorSpace='rgb', lineRGB=array([1, 1, 1]), lineWidth=5, name='unnamed Line', opacity=0.5, ori=0.0, pos=array([0., 0.]), size=array([1., 1.]), units='norm', vertices=array([[-0.5,  0. ],
       [ 0.5,  0. ]]), win=Window(...), windingRule=None)
14.5867 	EXP 	Created unnamed Line = Line(__class__=<class 'psychopy.visual.line.Line'>, autoDraw=False, autoLog=True, closeShape=False, color=array([1., 1., 1.]), colorSpace='rgb', contrast=None, depth=0, fillColor=array([0, 0, 0]), fillColorSpace='rgb', fillRGB=array([0, 0, 0]), interpolate=True, lineColor=array([1., 1., 1.]), lineColorSpace='rgb', lineRGB=array([1, 1, 1]), lineWidth=3, name='unnamed Line', opacity=0.5, ori=0.0, pos=array([0., 0.]), size=array([1., 1.]), units='norm', vertices=array([[-0.5 , -0.05],
       [-0.5 ,  0.05]]), win=Window(...), windingRule=None)
14.5887 	EXP 	Created unnamed Line = Line(__class__=<class 'psychopy.visual.line.Line'>, autoDraw=False, autoLog=True, closeShape=False, color=array([1., 1., 1.]), colorSpace='rgb', contrast=None, depth=0, fillColor=array([0, 0, 0]), fillColorSpace='rgb', fillRGB=array([0, 0, 0]), interpolate=True, lineColor=array([1., 1., 1.]), lineColorSpace='rgb', lineRGB=array([1, 1, 1]), lineWidth=3, name='unnamed Line', opacity=0.5, ori=0.0, pos=array([0., 0.]), size=array([1., 1.]), units='norm', vertices=ndarray(...), win=Window(...), windingRule=None)
14.5908 	EXP 	Created unnamed Line = Line(__class__=<class 'psychopy.visual.line.Line'>, autoDraw=False, autoLog=True, closeShape=False, color=array([1., 1., 1.]), colorSpace='rgb', contrast=None, depth=0, fillColor=array([0, 0, 0]), fillColorSpace='rgb', fillRGB=array([0, 0, 0]), interpolate=True, lineColor=array([1., 1., 1.]), lineColorSpace='rgb', lineRGB=array([1, 1, 1]), lineWidth=3, name='unnamed Line', opacity=0.5, ori=0.0, pos=array([0., 0.]), size=array([1., 1.]), units='norm', vertices=ndarray(...), win=Window(...), windingRule=None)
14.5928 	EXP 	Created unnamed Line = Line(__class__=<class 'psychopy.visual.line.Line'>, autoDraw=False, autoLog=True, closeShape=False, color=array([1., 1., 1.]), colorSpace='rgb', contrast=None, depth=0, fillColor=array([0, 0, 0]), fillColorSpace='rgb', fillRGB=array([0, 0, 0]), interpolate=True, lineColor=array([1., 1., 1.]), lineColorSpace='rgb', lineRGB=array([1, 1, 1]), lineWidth=3, name='unnamed Line', opacity=0.5, ori=0.0, pos=array([0., 0.]), size=array([1., 1.]), units='norm', vertices=array([[ 0.5 , -0.05],
       [ 0.5 ,  0.05]]), win=Window(...), windingRule=None)
14.5979 	EXP 	Created unnamed TextStim = TextStim(__class__=<class 'psychopy.visual.text.TextStim'>, alignHoriz=method-wrapper(...), alignText='center', alignVert=method-wrapper(...), anchorHoriz='center', anchorVert='center', antialias=True, autoLog=True, bold=False, color=array([1., 1., 1.]), colorSpace='rgb', contrast=1.0, depth=0, flipHoriz=False, flipVert=False, font='', fontFiles=[], height=0.05, italic=False, languageStyle='LTR', name='unnamed TextStim', opacity=1.0, ori=0.0, pos=array([-0.5, -0.1]), rgb=UNKNOWN, text='Clearly \n SPONTANEOUS', units='norm', win=Window(...), wrapWidth=1)
14.5990 	EXP 	Created unnamed TextStim = TextStim(__class__=<class 'psychopy.visual.text.TextStim'>, alignHoriz=method-wrapper(...), alignText='center', alignVert=method-wrapper(...), anchorHoriz='center', anchorVert='center', antialias=True, autoLog=True, bold=False, color=array([1., 1., 1.]), colorSpace='rgb', contrast=1.0, depth=0, flipHoriz=False, flipVert=False, font='', fontFiles=[], height=0.05, italic=False, languageStyle='LTR', name='unnamed TextStim', opacity=1.0, ori=0.0, pos=array([-0.16666667, -0.1       ]), rgb=UNKNOWN, text='', units='norm', win=Window(...), wrapWidth=1)
14.6001 	EXP 	Created unnamed TextStim = TextStim(__class__=<class 'psychopy.visual.text.TextStim'>, alignHoriz=method-wrapper(...), alignText='center', alignVert=method-wrapper(...), anchorHoriz='center', anchorVert='center', antialias=True, autoLog=True, bold=False, color=array([1., 1., 1.]), colorSpace='rgb', contrast=1.0, depth=0, flipHoriz=False, flipVert=False, font='', fontFiles=[], height=0.05, italic=False, languageStyle='LTR', name='unnamed TextStim', opacity=1.0, ori=0.0, pos=array([ 0.16666667, -0.1       ]), rgb=UNKNOWN, text='', units='norm', win=Window(...), wrapWidth=1)
14.6053 	EXP 	Created unnamed TextStim = TextStim(__class__=<class 'psychopy.visual.text.TextStim'>, alignHoriz=method-wrapper(...), alignText='center', alignVert=method-wrapper(...), anchorHoriz='center', anchorVert='center', antialias=True, autoLog=True, bold=False, color=array([1., 1., 1.]), colorSpace='rgb', contrast=1.0, depth=0, flipHoriz=False, flipVert=False, font='', fontFiles=[], height=0.05, italic=False, languageStyle='LTR', name='unnamed TextStim', opacity=1.0, ori=0.0, pos=array([ 0.5, -0.1]), rgb=UNKNOWN, text='Clearly \n DELIBERATE', units='norm', win=Window(...), wrapWidth=1)
14.6071 	EXP 	Created unnamed ShapeStim = ShapeStim(__class__=<class 'psychopy.visual.shape.ShapeStim'>, autoDraw=False, autoLog=True, closeShape=True, color=method-wrapper(...), colorSpace='rgb', contrast=None, depth=0, fillColor=array([1, 1, 1]), fillColorSpace='rgb', fillRGB=array([1, 1, 1]), interpolate=True, lineColor=array([-1., -1., -1.]), lineColorSpace='rgb', lineRGB=array([-1, -1, -1]), lineWidth=1.5, name='unnamed ShapeStim', opacity=1.0, ori=0.0, pos=array([0., 0.]), size=array([1., 1.]), units='norm', vertices=ndarray(...), win=Window(...), windingRule=None)
14.6549 	EXP 	Sound  set volume 1.000
14.6855 	EXP 	unnamed ShapeStim: vertices = <class 'numpy.ndarray'>
14.6855 	EXP 	unnamed ShapeStim: vertices = <class 'numpy.ndarray'>
14.6855 	EXP 	unnamed ShapeStim: vertices = <class 'numpy.ndarray'>
51.2969 	DATA 	Keypress: lctrl
69.4088 	DATA 	Keypress: lctrl
76.0969 	DATA 	Keypress: lctrl
76.1257 	EXP 	unnamed TextStim: text = ''
76.1257 	EXP 	unnamed TextStim: text = ''
80.0991 	DATA 	Keypress: 4
80.1285 	EXP 	unnamed ShapeStim: vertices = <class 'numpy.ndarray'>
81.6469 	DATA 	Keypress: rctrl
91.6488 	DATA 	Keypress: rctrl
91.6713 	EXP 	unnamed TextStim: text = ''
91.6713 	EXP 	unnamed TextStim: text = ''
93.9734 	DATA 	Keypress: 2
93.9899 	EXP 	unnamed ShapeStim: vertices = <class 'numpy.ndarray'>
95.5070 	DATA 	Keypress: rctrl
99.5529 	DATA 	Keypress: rctrl
99.5778 	EXP 	unnamed TextStim: text = ''
99.5778 	EXP 	unnamed TextStim: text = ''
101.5796 	DATA 	Keypress: 4
101.5961 	EXP 	unnamed ShapeStim: vertices = <class 'numpy.ndarray'>
103.1138 	DATA 	Keypress: rctrl
104.8968 	DATA 	Keypress: rctrl
106.3687 	DATA 	Keypress: rctrl
108.5128 	DATA 	Keypress: rctrl
109.0364 	EXP 	Sound  started
109.4888 	DATA 	Keypress: rctrl
109.7864 	EXP 	Sound  started
109.9687 	DATA 	Keypress: rctrl
110.5364 	EXP 	Sound  started
110.6087 	DATA 	Keypress: rctrl
111.2864 	EXP 	Sound  started
111.3287 	DATA 	Keypress: rctrl
112.0364 	EXP 	Sound  started
112.0647 	DATA 	Keypress: rctrl
112.7864 	EXP 	Sound  started
112.8168 	DATA 	Keypress: rctrl
113.5365 	EXP 	Sound  started
113.5687 	DATA 	Keypress: rctrl
114.2567 	DATA 	Keypress: rctrl
114.2865 	EXP 	Sound  started
114.9767 	DATA 	Keypress: rctrl
115.0365 	EXP 	Sound  started
115.7287 	DATA 	Keypress: rctrl
115.7865 	EXP 	Sound  started
116.4807 	DATA 	Keypress: rctrl
116.5365 	EXP 	Sound  started
117.1848 	DATA 	Keypress: rctrl
117.2865 	EXP 	Sound  started
117.9047 	DATA 	Keypress: lctrl
118.0365 	EXP 	Sound  started
118.7368 	DATA 	Keypress: lctrl
118.7866 	EXP 	Sound  started
119.4567 	DATA 	Keypress: lctrl
119.5366 	EXP 	Sound  started
120.1447 	DATA 	Keypress: lctrl
120.2866 	EXP 	Sound  started
120.8167 	DATA 	Keypress: lctrl
121.0366 	EXP 	Sound  started
121.6167 	DATA 	Keypress: lctrl
121.7866 	EXP 	Sound  started
122.3047 	DATA 	Keypress: lctrl
122.5366 	EXP 	Sound  started
123.0247 	DATA 	Keypress: lctrl
123.2866 	EXP 	Sound  started
123.7127 	DATA 	Keypress: lctrl
124.0367 	EXP 	Sound  started
124.4007 	DATA 	Keypress: lctrl
124.7867 	EXP 	Sound  started
125.2648 	DATA 	Keypress: lctrl
125.5367 	EXP 	Sound  started
126.0007 	DATA 	Keypress: lctrl
126.2867 	EXP 	Sound  started
126.7207 	DATA 	Keypress: lctrl
127.0367 	EXP 	Sound  started
127.4728 	DATA 	Keypress: lctrl
127.7867 	EXP 	Sound  started
128.1607 	DATA 	Keypress: lctrl
128.5367 	EXP 	Sound  started
128.8967 	DATA 	Keypress: rctrl
129.2867 	EXP 	Sound  started
129.6327 	DATA 	Keypress: lctrl
130.0368 	EXP 	Sound  started
130.4007 	DATA 	Keypress: rctrl
130.7868 	EXP 	Sound  started
131.1207 	DATA 	Keypress: lctrl
131.5368 	EXP 	Sound  started
131.9047 	DATA 	Keypress: rctrl
132.2868 	EXP 	Sound  started
132.6728 	DATA 	Keypress: lctrl
133.0368 	EXP 	Sound  started
133.4727 	DATA 	Keypress: rctrl
133.7868 	EXP 	Sound  started
134.2408 	DATA 	Keypress: rctrl
134.5368 	EXP 	Sound  started
135.1367 	DATA 	Keypress: rctrl
135.2869 	EXP 	Sound  started
135.8887 	DATA 	Keypress: rctrl
136.0369 	EXP 	Sound  started
136.6727 	DATA 	Keypress: rctrl
136.7869 	EXP 	Sound  started
137.4088 	DATA 	Keypress: rctrl
137.5369 	EXP 	Sound  started
138.2568 	DATA 	Keypress: rctrl
138.2869 	EXP 	Sound  started
138.9768 	DATA 	Keypress: rctrl
139.0369 	EXP 	Sound  started
139.7447 	DATA 	Keypress: rctrl
139.7869 	EXP 	Sound  started
140.4647 	DATA 	Keypress: rctrl
140.5370 	EXP 	Sound  started
141.2167 	DATA 	Keypress: rctrl
141.2870 	EXP 	Sound  started
141.9688 	DATA 	Keypress: rctrl
142.0370 	EXP 	Sound  started
142.7367 	DATA 	Keypress: lctrl
142.7870 	EXP 	Sound  started
143.4887 	DATA 	Keypress: lctrl
143.5370 	EXP 	Sound  started
144.1608 	DATA 	Keypress: lctrl
144.2870 	EXP 	Sound  started
144.9447 	DATA 	Keypress: lctrl
145.0370 	EXP 	Sound  started
145.6168 	DATA 	Keypress: lctrl
145.7871 	EXP 	Sound  started
146.3687 	DATA 	Keypress: lctrl
146.5371 	EXP 	Sound  started
147.0407 	DATA 	Keypress: lctrl
147.2871 	EXP 	Sound  started
147.7607 	DATA 	Keypress: lctrl
148.0371 	EXP 	Sound  started
148.5447 	DATA 	Keypress: lctrl
148.7871 	EXP 	Sound  started
149.2968 	DATA 	Keypress: lctrl
149.5371 	EXP 	Sound  started
150.1287 	DATA 	Keypress: rctrl
150.2871 	EXP 	Sound  started
150.9128 	DATA 	Keypress: rctrl
151.0372 	EXP 	Sound  started
151.6007 	DATA 	Keypress: rctrl
159.1268 	DATA 	Keypress: 4
159.1433 	EXP 	unnamed ShapeStim: vertices = <class 'numpy.ndarray'>
171.0366 	DATA 	Keypress: 1
171.0531 	EXP 	unnamed ShapeStim: vertices = <class 'numpy.ndarray'>
181.0448 	DATA 	Keypress: 4
181.0613 	EXP 	unnamed ShapeStim: vertices = <class 'numpy.ndarray'>
183.3454 	EXP 	Sound  started
183.5688 	DATA 	Keypress: rctrl
184.0954 	EXP 	Sound  started
184.2088 	DATA 	Keypress: rctrl
184.8454 	EXP 	Sound  started
184.8648 	DATA 	Keypress: rctrl
185.5368 	DATA 	Keypress: rctrl
185.5955 	EXP 	Sound  started
186.3047 	DATA 	Keypress: rctrl
186.3455 	EXP 	Sound  started
187.0247 	DATA 	Keypress: rctrl
187.0955 	EXP 	Sound  started
187.7607 	DATA 	Keypress: rctrl
187.8455 	EXP 	Sound  started
188.4648 	DATA 	Keypress: rctrl
188.5955 	EXP 	Sound  started
189.1687 	DATA 	Keypress: lctrl
189.3455 	EXP 	Sound  started
189.9207 	DATA 	Keypress: lctrl
190.0955 	EXP 	Sound  started
190.6087 	DATA 	Keypress: lctrl
190.8456 	EXP 	Sound  started
191.4087 	DATA 	Keypress: lctrl
191.5956 	EXP 	Sound  started
192.1287 	DATA 	Keypress: lctrl
192.3456 	EXP 	Sound  started
192.8968 	DATA 	Keypress: lctrl
193.0956 	EXP 	Sound  started
193.6487 	DATA 	Keypress: rctrl
193.8456 	EXP 	Sound  started
194.4167 	DATA 	Keypress: rctrl
194.5956 	EXP 	Sound  started
195.1207 	DATA 	Keypress: rctrl
195.3456 	EXP 	Sound  started
195.8568 	DATA 	Keypress: rctrl
196.0957 	EXP 	Sound  started
196.5768 	DATA 	Keypress: rctrl
196.8457 	EXP 	Sound  started
197.3287 	DATA 	Keypress: rctrl
197.5957 	EXP 	Sound  started
198.0808 	DATA 	Keypress: lctrl
198.3457 	EXP 	Sound  started
198.8968 	DATA 	Keypress: lctrl
199.0957 	EXP 	Sound  started
199.7288 	DATA 	Keypress: lctrl
199.8457 	EXP 	Sound  started
200.4808 	DATA 	Keypress: lctrl
200.5957 	EXP 	Sound  started
201.3128 	DATA 	Keypress: lctrl
201.3458 	EXP 	Sound  started
202.0648 	DATA 	Keypress: lctrl
202.0958 	EXP 	Sound  started
202.7847 	DATA 	Keypress: rctrl
202.8458 	EXP 	Sound  started
203.5848 	DATA 	Keypress: rctrl
203.5958 	EXP 	Sound  started
204.2887 	DATA 	Keypress: rctrl
204.3458 	EXP 	Sound  started
205.0568 	DATA 	Keypress: rctrl
205.0958 	EXP 	Sound  started
205.7127 	DATA 	Keypress: rctrl
205.8458 	EXP 	Sound  started
206.4967 	DATA 	Keypress: rctrl
206.5959 	EXP 	Sound  started
207.2648 	DATA 	Keypress: lctrl
207.3459 	EXP 	Sound  started
207.9847 	DATA 	Keypress: lctrl
208.0959 	EXP 	Sound  started
208.7528 	DATA 	Keypress: lctrl
208.8459 	EXP 	Sound  started
209.5047 	DATA 	Keypress: lctrl
209.5959 	EXP 	Sound  started
210.1928 	DATA 	Keypress: lctrl
210.3459 	EXP 	Sound  started
210.9608 	DATA 	Keypress: lctrl
211.0959 	EXP 	Sound  started
211.7127 	DATA 	Keypress: rctrl
211.8459 	EXP 	Sound  started
212.4327 	DATA 	Keypress: rctrl
212.5960 	EXP 	Sound  started
213.1367 	DATA 	Keypress: rctrl
213.3460 	EXP 	Sound  started
213.9049 	DATA 	Keypress: rctrl
214.0960 	EXP 	Sound  started
214.5927 	DATA 	Keypress: rctrl
214.8460 	EXP 	Sound  started
215.3768 	DATA 	Keypress: rctrl
215.5960 	EXP 	Sound  started
216.0968 	DATA 	Keypress: lctrl
216.3460 	EXP 	Sound  started
216.9608 	DATA 	Keypress: lctrl
217.0960 	EXP 	Sound  started
217.6167 	DATA 	Keypress: lctrl
217.8461 	EXP 	Sound  started
218.3687 	DATA 	Keypress: lctrl
218.5961 	EXP 	Sound  started
219.1367 	DATA 	Keypress: lctrl
219.3461 	EXP 	Sound  started
219.8727 	DATA 	Keypress: lctrl
220.0961 	EXP 	Sound  started
220.5447 	DATA 	Keypress: rctrl
220.8461 	EXP 	Sound  started
221.4088 	DATA 	Keypress: rctrl
221.5961 	EXP 	Sound  started
222.1768 	DATA 	Keypress: rctrl
222.3462 	EXP 	Sound  started
222.8967 	DATA 	Keypress: rctrl
223.0962 	EXP 	Sound  started
223.6487 	DATA 	Keypress: rctrl
223.8462 	EXP 	Sound  started
224.3847 	DATA 	Keypress: rctrl
224.5962 	EXP 	Sound  started
225.1528 	DATA 	Keypress: lctrl
225.3462 	EXP 	Sound  started
225.9688 	DATA 	Keypress: lctrl
226.0962 	EXP 	Sound  started
226.7207 	DATA 	Keypress: lctrl
235.8731 	DATA 	Keypress: 3
235.8896 	EXP 	unnamed ShapeStim: vertices = <class 'numpy.ndarray'>
242.1949 	DATA 	Keypress: 2
242.2115 	EXP 	unnamed ShapeStim: vertices = <class 'numpy.ndarray'>
245.8313 	DATA 	Keypress: 4
245.8478 	EXP 	unnamed ShapeStim: vertices = <class 'numpy.ndarray'>
248.1329 	EXP 	Sound  started
248.3529 	DATA 	Keypress: rctrl
248.8828 	EXP 	Sound  started
248.9448 	DATA 	Keypress: rctrl
249.6167 	DATA 	Keypress: rctrl
249.6329 	EXP 	Sound  started
250.3207 	DATA 	Keypress: rctrl
250.3829 	EXP 	Sound  started
250.9607 	DATA 	Keypress: rctrl
251.1329 	EXP 	Sound  started
251.7288 	DATA 	Keypress: rctrl
251.8829 	EXP 	Sound  started
252.3527 	DATA 	Keypress: lctrl
252.6329 	EXP 	Sound  started
253.1207 	DATA 	Keypress: lctrl
253.3829 	EXP 	Sound  started
253.8088 	DATA 	Keypress: lctrl
254.1329 	EXP 	Sound  started
254.5448 	DATA 	Keypress: lctrl
254.8830 	EXP 	Sound  started
255.3607 	DATA 	Keypress: lctrl
255.6330 	EXP 	Sound  started
256.0967 	DATA 	Keypress: lctrl
256.3830 	EXP 	Sound  started
256.8487 	DATA 	Keypress: rctrl
257.1330 	EXP 	Sound  started
257.6168 	DATA 	Keypress: rctrl
257.8830 	EXP 	Sound  started
258.2887 	DATA 	Keypress: rctrl
258.6330 	EXP 	Sound  started
259.1048 	DATA 	Keypress: rctrl
259.3830 	EXP 	Sound  started
259.8248 	DATA 	Keypress: rctrl
260.1331 	EXP 	Sound  started
260.6088 	DATA 	Keypress: rctrl
260.8831 	EXP 	Sound  started
261.3928 	DATA 	Keypress: lctrl
261.6331 	EXP 	Sound  started
262.0967 	DATA 	Keypress: lctrl
262.3831 	EXP 	Sound  started
262.9447 	DATA 	Keypress: lctrl
263.1331 	EXP 	Sound  started
263.6968 	DATA 	Keypress: lctrl
263.8831 	EXP 	Sound  started
264.4168 	DATA 	Keypress: lctrl
264.6331 	EXP 	Sound  started
265.1848 	DATA 	Keypress: lctrl
265.3832 	EXP 	Sound  started
265.9847 	DATA 	Keypress: lctrl
266.1332 	EXP 	Sound  started
266.7688 	DATA 	Keypress: lctrl
266.8832 	EXP 	Sound  started
267.5528 	DATA 	Keypress: rctrl
267.6332 	EXP 	Sound  started
268.3527 	DATA 	Keypress: rctrl
268.3832 	EXP 	Sound  started
269.1208 	DATA 	Keypress: rctrl
269.1332 	EXP 	Sound  started
269.8408 	DATA 	Keypress: rctrl
269.8832 	EXP 	Sound  started
270.5608 	DATA 	Keypress: rctrl
270.6332 	EXP 	Sound  started
271.2968 	DATA 	Keypress: rctrl
271.3833 	EXP 	Sound  started
272.0327 	DATA 	Keypress: rctrl
272.1333 	EXP 	Sound  started
272.7848 	DATA 	Keypress: rctrl
272.8833 	EXP 	Sound  started
273.6168 	DATA 	Keypress: lctrl
273.6333 	EXP 	Sound  started
274.3833 	EXP 	Sound  started
274.3847 	DATA 	Keypress: lctrl
275.0567 	DATA 	Keypress: lctrl
275.1333 	EXP 	Sound  started
275.8834 	EXP 	Sound  started
275.9047 	DATA 	Keypress: lctrl
276.6088 	DATA 	Keypress: rctrl
276.6334 	EXP 	Sound  started
277.3768 	DATA 	Keypress: rctrl
277.3834 	EXP 	Sound  started
278.0808 	DATA 	Keypress: lctrl
278.1334 	EXP 	Sound  started
278.8648 	DATA 	Keypress: lctrl
278.8834 	EXP 	Sound  started
279.6168 	DATA 	Keypress: lctrl
279.6334 	EXP 	Sound  started
280.3527 	DATA 	Keypress: lctrl
280.3834 	EXP 	Sound  started
281.1335 	EXP 	Sound  started
281.1368 	DATA 	Keypress: rctrl
281.7767 	DATA 	Keypress: lctrl
281.8835 	EXP 	Sound  started
282.6335 	EXP 	Sound  started
282.6728 	DATA 	Keypress: lctrl
283.3835 	EXP 	Sound  started
283.4087 	DATA 	Keypress: lctrl
284.1335 	EXP 	Sound  started
284.1448 	DATA 	Keypress: lctrl
284.8835 	EXP 	Sound  started
284.8968 	DATA 	Keypress: lctrl
285.6168 	DATA 	Keypress: rctrl
285.6336 	EXP 	Sound  started
286.3836 	EXP 	Sound  started
286.3847 	DATA 	Keypress: lctrl
287.0887 	DATA 	Keypress: rctrl
287.1336 	EXP 	Sound  started
287.8727 	DATA 	Keypress: lctrl
287.8836 	EXP 	Sound  started
288.6336 	EXP 	Sound  started
288.6727 	DATA 	Keypress: rctrl
289.3768 	DATA 	Keypress: rctrl
289.3836 	EXP 	Sound  started
290.1288 	DATA 	Keypress: lctrl
290.1336 	EXP 	Sound  started
290.8647 	DATA 	Keypress: lctrl
290.8836 	EXP 	Sound  started
291.6168 	DATA 	Keypress: lctrl
291.6337 	EXP 	Sound  started
292.3527 	DATA 	Keypress: rctrl
295.5721 	DATA 	Keypress: 4
295.5886 	EXP 	unnamed ShapeStim: vertices = <class 'numpy.ndarray'>
299.1750 	DATA 	Keypress: 1
299.1916 	EXP 	unnamed ShapeStim: vertices = <class 'numpy.ndarray'>
301.6108 	DATA 	Keypress: 4
301.6274 	EXP 	unnamed ShapeStim: vertices = <class 'numpy.ndarray'>
303.9123 	EXP 	Sound  started
304.0808 	DATA 	Keypress: rctrl
304.6623 	EXP 	Sound  started
304.7208 	DATA 	Keypress: lctrl
305.3768 	DATA 	Keypress: rctrl
305.4123 	EXP 	Sound  started
306.0807 	DATA 	Keypress: lctrl
306.1623 	EXP 	Sound  started
306.8648 	DATA 	Keypress: rctrl
306.9123 	EXP 	Sound  started
307.6623 	EXP 	Sound  started
307.6807 	DATA 	Keypress: rctrl
308.4007 	DATA 	Keypress: lctrl
308.4123 	EXP 	Sound  started
309.0888 	DATA 	Keypress: lctrl
309.1623 	EXP 	Sound  started
309.8888 	DATA 	Keypress: rctrl
309.9123 	EXP 	Sound  started
310.6248 	DATA 	Keypress: rctrl
310.6624 	EXP 	Sound  started
311.3768 	DATA 	Keypress: lctrl
311.4124 	EXP 	Sound  started
312.0808 	DATA 	Keypress: lctrl
312.1624 	EXP 	Sound  started
312.8327 	DATA 	Keypress: lctrl
312.9124 	EXP 	Sound  started
313.5848 	DATA 	Keypress: rctrl
313.6624 	EXP 	Sound  started
314.3687 	DATA 	Keypress: rctrl
314.4124 	EXP 	Sound  started
315.0567 	DATA 	Keypress: rctrl
315.1624 	EXP 	Sound  started
315.7767 	DATA 	Keypress: rctrl
315.9125 	EXP 	Sound  started
316.5287 	DATA 	Keypress: lctrl
316.6625 	EXP 	Sound  started
317.3928 	DATA 	Keypress: rctrl
317.4125 	EXP 	Sound  started
318.1288 	DATA 	Keypress: lctrl
318.1625 	EXP 	Sound  started
318.8809 	DATA 	Keypress: rctrl
318.9125 	EXP 	Sound  started
319.6168 	DATA 	Keypress: lctrl
319.6625 	EXP 	Sound  started
320.3207 	DATA 	Keypress: rctrl
320.4125 	EXP 	Sound  started
321.0728 	DATA 	Keypress: lctrl
321.1625 	EXP 	Sound  started
321.7928 	DATA 	Keypress: rctrl
321.9126 	EXP 	Sound  started
322.5287 	DATA 	Keypress: lctrl
322.6626 	EXP 	Sound  started
323.2327 	DATA 	Keypress: rctrl
323.4126 	EXP 	Sound  started
324.0968 	DATA 	Keypress: lctrl
324.1626 	EXP 	Sound  started
324.8488 	DATA 	Keypress: rctrl
324.9126 	EXP 	Sound  started
325.6168 	DATA 	Keypress: lctrl
325.6626 	EXP 	Sound  started
326.3367 	DATA 	Keypress: rctrl
326.4126 	EXP 	Sound  started
327.1368 	DATA 	Keypress: lctrl
327.1626 	EXP 	Sound  started
327.8887 	DATA 	Keypress: rctrl
327.9127 	EXP 	Sound  started
328.6088 	DATA 	Keypress: rctrl
328.6627 	EXP 	Sound  started
329.3288 	DATA 	Keypress: rctrl
329.4127 	EXP 	Sound  started
330.0967 	DATA 	Keypress: rctrl
330.1627 	EXP 	Sound  started
330.8968 	DATA 	Keypress: lctrl
330.9127 	EXP 	Sound  started
331.5848 	DATA 	Keypress: lctrl
331.6627 	EXP 	Sound  started
332.4127 	EXP 	Sound  started
332.4328 	DATA 	Keypress: lctrl
333.1628 	EXP 	Sound  started
333.1848 	DATA 	Keypress: lctrl
333.9128 	EXP 	Sound  started
333.9528 	DATA 	Keypress: rctrl
334.6628 	EXP 	Sound  started
334.6888 	DATA 	Keypress: rctrl
335.3928 	DATA 	Keypress: rctrl
335.4128 	EXP 	Sound  started
336.1287 	DATA 	Keypress: rctrl
336.1628 	EXP 	Sound  started
336.9128 	EXP 	Sound  started
336.9288 	DATA 	Keypress: lctrl
337.6628 	EXP 	Sound  started
337.6967 	DATA 	Keypress: lctrl
338.3527 	DATA 	Keypress: lctrl
338.4128 	EXP 	Sound  started
339.1367 	DATA 	Keypress: lctrl
339.1629 	EXP 	Sound  started
339.8728 	DATA 	Keypress: rctrl
339.9129 	EXP 	Sound  started
340.6248 	DATA 	Keypress: rctrl
340.6629 	EXP 	Sound  started
341.3768 	DATA 	Keypress: rctrl
341.4129 	EXP 	Sound  started
342.1608 	DATA 	Keypress: rctrl
342.1629 	EXP 	Sound  started
342.8168 	DATA 	Keypress: lctrl
342.9129 	EXP 	Sound  started
343.5207 	DATA 	Keypress: lctrl
343.6630 	EXP 	Sound  started
344.2728 	DATA 	Keypress: lctrl
344.4130 	EXP 	Sound  started
345.0248 	DATA 	Keypress: lctrl
345.1630 	EXP 	Sound  started
345.8727 	DATA 	Keypress: rctrl
345.9130 	EXP 	Sound  started
346.6407 	DATA 	Keypress: lctrl
346.6630 	EXP 	Sound  started
347.3607 	DATA 	Keypress: rctrl
347.4130 	EXP 	Sound  started
348.1447 	DATA 	Keypress: lctrl
348.1630 	EXP 	Sound  started
348.8487 	DATA 	Keypress: rctrl
348.9130 	EXP 	Sound  started
349.6328 	DATA 	Keypress: lctrl
349.6631 	EXP 	Sound  started
350.3367 	DATA 	Keypress: rctrl
350.4131 	EXP 	Sound  started
351.1631 	EXP 	Sound  started
351.1687 	DATA 	Keypress: lctrl
351.9047 	DATA 	Keypress: rctrl
351.9131 	EXP 	Sound  started
352.6248 	DATA 	Keypress: rctrl
352.6631 	EXP 	Sound  started
353.3287 	DATA 	Keypress: rctrl
353.4131 	EXP 	Sound  started
354.1448 	DATA 	Keypress: rctrl
354.1632 	EXP 	Sound  started
354.9128 	DATA 	Keypress: lctrl
354.9132 	EXP 	Sound  started
355.6168 	DATA 	Keypress: lctrl
355.6632 	EXP 	Sound  started
356.4008 	DATA 	Keypress: lctrl
356.4132 	EXP 	Sound  started
357.0407 	DATA 	Keypress: lctrl
357.1632 	EXP 	Sound  started
357.7768 	DATA 	Keypress: rctrl
357.9132 	EXP 	Sound  started
358.5929 	DATA 	Keypress: rctrl
358.6633 	EXP 	Sound  started
359.3127 	DATA 	Keypress: rctrl
359.4133 	EXP 	Sound  started
360.0968 	DATA 	Keypress: rctrl
360.1633 	EXP 	Sound  started
360.7847 	DATA 	Keypress: lctrl
360.9133 	EXP 	Sound  started
361.5367 	DATA 	Keypress: lctrl
361.6633 	EXP 	Sound  started
362.2088 	DATA 	Keypress: lctrl
362.4133 	EXP 	Sound  started
362.9928 	DATA 	Keypress: lctrl
363.1633 	EXP 	Sound  started
363.8568 	DATA 	Keypress: rctrl
363.9134 	EXP 	Sound  started
364.6089 	DATA 	Keypress: rctrl
364.6634 	EXP 	Sound  started
365.3767 	DATA 	Keypress: rctrl
365.4134 	EXP 	Sound  started
366.0808 	DATA 	Keypress: lctrl
366.1634 	EXP 	Sound  started
366.8968 	DATA 	Keypress: lctrl
366.9134 	EXP 	Sound  started
367.6634 	EXP 	Sound  started
367.7128 	DATA 	Keypress: lctrl
368.4008 	DATA 	Keypress: lctrl
368.4134 	EXP 	Sound  started
369.1207 	DATA 	Keypress: rctrl
370.7709 	DATA 	Keypress: 4
370.8003 	EXP 	unnamed ShapeStim: vertices = <class 'numpy.ndarray'>
378.3400 	DATA 	Keypress: 1
378.3565 	EXP 	unnamed ShapeStim: vertices = <class 'numpy.ndarray'>
380.9297 	DATA 	Keypress: 4
380.9591 	EXP 	unnamed ShapeStim: vertices = <class 'numpy.ndarray'>
383.2442 	EXP 	Sound  started
383.5369 	DATA 	Keypress: lctrl
383.9942 	EXP 	Sound  started
384.0647 	DATA 	Keypress: lctrl
384.7442 	EXP 	Sound  started
384.8168 	DATA 	Keypress: lctrl
385.4942 	EXP 	Sound  started
385.5367 	DATA 	Keypress: lctrl
386.2442 	EXP 	Sound  started
386.2888 	DATA 	Keypress: rctrl
386.9943 	EXP 	Sound  started
387.0408 	DATA 	Keypress: rctrl
387.7127 	DATA 	Keypress: rctrl
387.7443 	EXP 	Sound  started
388.4649 	DATA 	Keypress: rctrl
388.4943 	EXP 	Sound  started
389.1848 	DATA 	Keypress: lctrl
389.2443 	EXP 	Sound  started
389.9943 	EXP 	Sound  started
390.0328 	DATA 	Keypress: lctrl
390.6888 	DATA 	Keypress: rctrl
390.7443 	EXP 	Sound  started
391.4568 	DATA 	Keypress: rctrl
391.4943 	EXP 	Sound  started
392.2088 	DATA 	Keypress: lctrl
392.2443 	EXP 	Sound  started
392.9287 	DATA 	Keypress: lctrl
392.9944 	EXP 	Sound  started
393.6807 	DATA 	Keypress: rctrl
393.7444 	EXP 	Sound  started
394.4944 	EXP 	Sound  started
394.5127 	DATA 	Keypress: rctrl
395.2328 	DATA 	Keypress: lctrl
395.2444 	EXP 	Sound  started
395.9944 	EXP 	Sound  started
396.0008 	DATA 	Keypress: lctrl
396.7444 	EXP 	Sound  started
396.7528 	DATA 	Keypress: rctrl
397.4408 	DATA 	Keypress: rctrl
397.4944 	EXP 	Sound  started
398.1928 	DATA 	Keypress: lctrl
398.2445 	EXP 	Sound  started
398.9927 	DATA 	Keypress: rctrl
398.9945 	EXP 	Sound  started
399.7445 	EXP 	Sound  started
399.7608 	DATA 	Keypress: lctrl
400.4945 	EXP 	Sound  started
400.5127 	DATA 	Keypress: rctrl
401.2445 	EXP 	Sound  started
401.2808 	DATA 	Keypress: lctrl
401.9946 	EXP 	Sound  started
402.0168 	DATA 	Keypress: rctrl
402.6888 	DATA 	Keypress: lctrl
402.7445 	EXP 	Sound  started
403.4568 	DATA 	Keypress: rctrl
403.4946 	EXP 	Sound  started
404.2446 	EXP 	Sound  started
404.2887 	DATA 	Keypress: lctrl
404.9946 	EXP 	Sound  started
405.0088 	DATA 	Keypress: lctrl
405.7288 	DATA 	Keypress: lctrl
405.7446 	EXP 	Sound  started
406.4946 	EXP 	Sound  started
406.4968 	DATA 	Keypress: lctrl
407.2446 	EXP 	Sound  started
407.3127 	DATA 	Keypress: rctrl
407.9946 	EXP 	Sound  started
408.0488 	DATA 	Keypress: rctrl
408.7447 	EXP 	Sound  started
408.7528 	DATA 	Keypress: rctrl
409.4947 	EXP 	Sound  started
409.5208 	DATA 	Keypress: rctrl
410.2447 	EXP 	Sound  started
410.2728 	DATA 	Keypress: lctrl
410.9927 	DATA 	Keypress: rctrl
410.9947 	EXP 	Sound  started
411.7447 	DATA 	Keypress: lctrl
411.7449 	EXP 	Sound  started
412.4808 	DATA 	Keypress: rctrl
412.4949 	EXP 	Sound  started
413.2449 	EXP 	Sound  started
413.2807 	DATA 	Keypress: lctrl
413.9687 	DATA 	Keypress: lctrl
413.9949 	EXP 	Sound  started
414.7449 	EXP 	Sound  started
414.7848 	DATA 	Keypress: lctrl
415.4567 	DATA 	Keypress: rctrl
415.4950 	EXP 	Sound  started
416.2450 	EXP 	Sound  started
416.2568 	DATA 	Keypress: rctrl
416.9767 	DATA 	Keypress: rctrl
416.9950 	EXP 	Sound  started
417.6808 	DATA 	Keypress: lctrl
417.7450 	EXP 	Sound  started
418.4328 	DATA 	Keypress: lctrl
418.4950 	EXP 	Sound  started
419.1688 	DATA 	Keypress: lctrl
419.2450 	EXP 	Sound  started
419.9047 	DATA 	Keypress: rctrl
419.9950 	EXP 	Sound  started
420.6728 	DATA 	Keypress: lctrl
420.7451 	EXP 	Sound  started
421.4088 	DATA 	Keypress: rctrl
421.4951 	EXP 	Sound  started
422.1287 	DATA 	Keypress: rctrl
422.2451 	EXP 	Sound  started
422.8327 	DATA 	Keypress: lctrl
422.9951 	EXP 	Sound  started
423.5208 	DATA 	Keypress: lctrl
423.7451 	EXP 	Sound  started
424.1928 	DATA 	Keypress: lctrl
424.4952 	EXP 	Sound  started
424.8808 	DATA 	Keypress: rctrl
425.2452 	EXP 	Sound  started
425.6328 	DATA 	Keypress: rctrl
425.9952 	EXP 	Sound  started
426.3847 	DATA 	Keypress: rctrl
426.7452 	EXP 	Sound  started
427.1527 	DATA 	Keypress: rctrl
427.4952 	EXP 	Sound  started
427.8888 	DATA 	Keypress: lctrl
428.2452 	EXP 	Sound  started
428.7687 	DATA 	Keypress: lctrl
428.9952 	EXP 	Sound  started
429.5367 	DATA 	Keypress: lctrl
429.7452 	EXP 	Sound  started
430.2407 	DATA 	Keypress: lctrl
430.4952 	EXP 	Sound  started
431.0887 	DATA 	Keypress: rctrl
431.2452 	EXP 	Sound  started
431.8088 	DATA 	Keypress: rctrl
431.9953 	EXP 	Sound  started
432.5287 	DATA 	Keypress: rctrl
432.7453 	EXP 	Sound  started
433.3128 	DATA 	Keypress: rctrl
433.4953 	EXP 	Sound  started
434.2408 	DATA 	Keypress: lctrl
434.2453 	EXP 	Sound  started
434.8967 	DATA 	Keypress: lctrl
434.9953 	EXP 	Sound  started
435.6488 	DATA 	Keypress: lctrl
435.7453 	EXP 	Sound  started
436.4648 	DATA 	Keypress: lctrl
436.4953 	EXP 	Sound  started
437.2167 	DATA 	Keypress: rctrl
437.2454 	EXP 	Sound  started
437.9954 	EXP 	Sound  started
438.0007 	DATA 	Keypress: lctrl
438.7454 	EXP 	Sound  started
438.8167 	DATA 	Keypress: rctrl
439.4954 	EXP 	Sound  started
439.5367 	DATA 	Keypress: lctrl
440.2454 	EXP 	Sound  started
440.2567 	DATA 	Keypress: lctrl
440.9607 	DATA 	Keypress: rctrl
440.9954 	EXP 	Sound  started
441.7127 	DATA 	Keypress: rctrl
441.7454 	EXP 	Sound  started
442.4167 	DATA 	Keypress: lctrl
442.4955 	EXP 	Sound  started
443.1848 	DATA 	Keypress: rctrl
443.2455 	EXP 	Sound  started
443.9047 	DATA 	Keypress: lctrl
443.9955 	EXP 	Sound  started
444.7367 	DATA 	Keypress: lctrl
444.7455 	EXP 	Sound  started
445.4087 	DATA 	Keypress: rctrl
445.4955 	EXP 	Sound  started
446.1608 	DATA 	Keypress: lctrl
446.2455 	EXP 	Sound  started
446.8487 	DATA 	Keypress: rctrl
449.6189 	DATA 	Keypress: 4
449.6483 	EXP 	unnamed ShapeStim: vertices = <class 'numpy.ndarray'>
455.4365 	DATA 	Keypress: 2
455.4530 	EXP 	unnamed ShapeStim: vertices = <class 'numpy.ndarray'>
458.5057 	DATA 	Keypress: 4
458.5222 	EXP 	unnamed ShapeStim: vertices = <class 'numpy.ndarray'>
460.8068 	EXP 	Sound  started
461.3288 	DATA 	Keypress: rctrl
461.5568 	EXP 	Sound  started
461.7447 	DATA 	Keypress: rctrl
462.3068 	EXP 	Sound  started
462.3367 	DATA 	Keypress: rctrl
463.0568 	EXP 	Sound  started
463.0888 	DATA 	Keypress: rctrl
463.7767 	DATA 	Keypress: lctrl
463.8068 	EXP 	Sound  started
464.5128 	DATA 	Keypress: lctrl
464.5568 	EXP 	Sound  started
465.2648 	DATA 	Keypress: lctrl
465.3068 	EXP 	Sound  started
466.0167 	DATA 	Keypress: lctrl
466.0568 	EXP 	Sound  started
466.7847 	DATA 	Keypress: rctrl
466.8068 	EXP 	Sound  started
467.5048 	DATA 	Keypress: rctrl
467.5569 	EXP 	Sound  started
468.2728 	DATA 	Keypress: rctrl
468.3069 	EXP 	Sound  started
469.0569 	EXP 	Sound  started
469.1048 	DATA 	Keypress: rctrl
469.8069 	EXP 	Sound  started
469.8247 	DATA 	Keypress: lctrl
470.5447 	DATA 	Keypress: lctrl
470.5569 	EXP 	Sound  started
471.2647 	DATA 	Keypress: rctrl
471.3069 	EXP 	Sound  started
472.0007 	DATA 	Keypress: rctrl
472.0569 	EXP 	Sound  started
472.7847 	DATA 	Keypress: lctrl
472.8070 	EXP 	Sound  started
473.5207 	DATA 	Keypress: lctrl
473.5570 	EXP 	Sound  started
474.2889 	DATA 	Keypress: rctrl
474.3070 	EXP 	Sound  started
475.0567 	DATA 	Keypress: rctrl
475.0570 	EXP 	Sound  started
475.7287 	DATA 	Keypress: lctrl
475.8070 	EXP 	Sound  started
476.4648 	DATA 	Keypress: lctrl
476.5570 	EXP 	Sound  started
477.1528 	DATA 	Keypress: rctrl
477.3070 	EXP 	Sound  started
477.8568 	DATA 	Keypress: rctrl
478.0570 	EXP 	Sound  started
478.5768 	DATA 	Keypress: lctrl
478.8071 	EXP 	Sound  started
479.3767 	DATA 	Keypress: lctrl
479.5571 	EXP 	Sound  started
480.0007 	DATA 	Keypress: rctrl
480.3071 	EXP 	Sound  started
480.8167 	DATA 	Keypress: lctrl
481.0571 	EXP 	Sound  started
481.4568 	DATA 	Keypress: rctrl
481.8071 	EXP 	Sound  started
482.2087 	DATA 	Keypress: lctrl
482.5571 	EXP 	Sound  started
482.9447 	DATA 	Keypress: rctrl
483.3071 	EXP 	Sound  started
483.6809 	DATA 	Keypress: lctrl
484.0572 	EXP 	Sound  started
484.4168 	DATA 	Keypress: rctrl
484.8072 	EXP 	Sound  started
485.1528 	DATA 	Keypress: lctrl
485.5572 	EXP 	Sound  started
485.9047 	DATA 	Keypress: rctrl
486.3072 	EXP 	Sound  started
486.6728 	DATA 	Keypress: rctrl
487.0572 	EXP 	Sound  started
487.4087 	DATA 	Keypress: lctrl
487.8072 	EXP 	Sound  started
488.2088 	DATA 	Keypress: lctrl
488.5572 	EXP 	Sound  started
488.8808 	DATA 	Keypress: rctrl
489.3073 	EXP 	Sound  started
489.6488 	DATA 	Keypress: rctrl
490.0573 	EXP 	Sound  started
490.4327 	DATA 	Keypress: lctrl
490.8073 	EXP 	Sound  started
491.1687 	DATA 	Keypress: lctrl
491.5573 	EXP 	Sound  started
491.8568 	DATA 	Keypress: rctrl
492.3073 	EXP 	Sound  started
492.6888 	DATA 	Keypress: rctrl
493.0573 	EXP 	Sound  started
493.4247 	DATA 	Keypress: lctrl
493.8073 	EXP 	Sound  started
494.1927 	DATA 	Keypress: lctrl
494.5574 	EXP 	Sound  started
494.8968 	DATA 	Keypress: rctrl
495.3074 	EXP 	Sound  started
495.7288 	DATA 	Keypress: rctrl
496.0574 	EXP 	Sound  started
496.6728 	DATA 	Keypress: lctrl
496.8074 	EXP 	Sound  started
497.3448 	DATA 	Keypress: rctrl
497.5574 	EXP 	Sound  started
498.0487 	DATA 	Keypress: lctrl
498.3074 	EXP 	Sound  started
498.8008 	DATA 	Keypress: lctrl
499.0574 	EXP 	Sound  started
499.5368 	DATA 	Keypress: lctrl
499.8074 	EXP 	Sound  started
500.1927 	DATA 	Keypress: lctrl
500.5575 	EXP 	Sound  started
500.8648 	DATA 	Keypress: rctrl
501.3075 	EXP 	Sound  started
501.6007 	DATA 	Keypress: rctrl
502.0575 	EXP 	Sound  started
502.2248 	DATA 	Keypress: rctrl
502.8075 	EXP 	Sound  started
502.8807 	DATA 	Keypress: rctrl
503.5575 	EXP 	Sound  started
503.5848 	DATA 	Keypress: lctrl
504.2567 	DATA 	Keypress: lctrl
504.3075 	EXP 	Sound  started
505.0575 	EXP 	Sound  started
505.1207 	DATA 	Keypress: lctrl
505.7768 	DATA 	Keypress: rctrl
505.8076 	EXP 	Sound  started
506.5448 	DATA 	Keypress: rctrl
506.5576 	EXP 	Sound  started
507.3076 	EXP 	Sound  started
507.3288 	DATA 	Keypress: rctrl
508.0576 	EXP 	Sound  started
508.0967 	DATA 	Keypress: lctrl
508.8076 	EXP 	Sound  started
508.8328 	DATA 	Keypress: rctrl
509.5576 	EXP 	Sound  started
509.5688 	DATA 	Keypress: lctrl
510.3076 	EXP 	Sound  started
510.3367 	DATA 	Keypress: rctrl
511.0577 	EXP 	Sound  started
511.0888 	DATA 	Keypress: lctrl
511.8077 	EXP 	Sound  started
511.8088 	DATA 	Keypress: lctrl
512.5577 	EXP 	Sound  started
512.5767 	DATA 	Keypress: lctrl
513.3077 	EXP 	Sound  started
513.3287 	DATA 	Keypress: rctrl
514.0328 	DATA 	Keypress: lctrl
514.0577 	EXP 	Sound  started
514.8077 	EXP 	Sound  started
514.8649 	DATA 	Keypress: lctrl
515.5047 	DATA 	Keypress: rctrl
515.5577 	EXP 	Sound  started
516.2248 	DATA 	Keypress: rctrl
516.3077 	EXP 	Sound  started
516.9768 	DATA 	Keypress: rctrl
517.0578 	EXP 	Sound  started
517.7768 	DATA 	Keypress: lctrl
517.8078 	EXP 	Sound  started
518.4647 	DATA 	Keypress: lctrl
518.5578 	EXP 	Sound  started
519.2328 	DATA 	Keypress: lctrl
519.3078 	EXP 	Sound  started
520.0487 	DATA 	Keypress: lctrl
520.0578 	EXP 	Sound  started
520.7848 	DATA 	Keypress: rctrl
520.8078 	EXP 	Sound  started
521.5208 	DATA 	Keypress: rctrl
521.5578 	EXP 	Sound  started
522.2888 	DATA 	Keypress: rctrl
522.3079 	EXP 	Sound  started
522.9927 	DATA 	Keypress: rctrl
523.0579 	EXP 	Sound  started
523.7288 	DATA 	Keypress: rctrl
523.8079 	EXP 	Sound  started
524.4007 	DATA 	Keypress: rctrl
526.5782 	DATA 	Keypress: 4
526.5947 	EXP 	unnamed ShapeStim: vertices = <class 'numpy.ndarray'>
529.4806 	DATA 	Keypress: 1
529.4971 	EXP 	unnamed ShapeStim: vertices = <class 'numpy.ndarray'>
531.6200 	DATA 	Keypress: 4
531.6493 	EXP 	unnamed ShapeStim: vertices = <class 'numpy.ndarray'>
533.9341 	EXP 	Sound  started
534.3688 	DATA 	Keypress: lctrl
534.6841 	EXP 	Sound  started
534.8168 	DATA 	Keypress: lctrl
535.4341 	EXP 	Sound  started
535.4888 	DATA 	Keypress: lctrl
536.1841 	EXP 	Sound  started
536.2408 	DATA 	Keypress: lctrl
536.9287 	DATA 	Keypress: rctrl
536.9341 	EXP 	Sound  started
537.6842 	EXP 	Sound  started
537.6967 	DATA 	Keypress: rctrl
538.4327 	DATA 	Keypress: rctrl
538.4342 	EXP 	Sound  started
539.1842 	EXP 	Sound  started
539.2008 	DATA 	Keypress: rctrl
539.9342 	EXP 	Sound  started
540.0007 	DATA 	Keypress: lctrl
540.6408 	DATA 	Keypress: lctrl
540.6842 	EXP 	Sound  started
541.3767 	DATA 	Keypress: lctrl
541.4342 	EXP 	Sound  started
542.0967 	DATA 	Keypress: lctrl
542.1842 	EXP 	Sound  started
542.8327 	DATA 	Keypress: rctrl
542.9343 	EXP 	Sound  started
543.6167 	DATA 	Keypress: rctrl
543.6843 	EXP 	Sound  started
544.3208 	DATA 	Keypress: rctrl
544.4343 	EXP 	Sound  started
545.0087 	DATA 	Keypress: rctrl
545.1843 	EXP 	Sound  started
545.7128 	DATA 	Keypress: lctrl
545.9343 	EXP 	Sound  started
546.4647 	DATA 	Keypress: lctrl
546.6843 	EXP 	Sound  started
547.2167 	DATA 	Keypress: lctrl
547.4344 	EXP 	Sound  started
547.9527 	DATA 	Keypress: lctrl
548.1844 	EXP 	Sound  started
548.5288 	DATA 	Keypress: rctrl
548.9344 	EXP 	Sound  started
549.3448 	DATA 	Keypress: rctrl
549.6844 	EXP 	Sound  started
550.0488 	DATA 	Keypress: rctrl
550.4344 	EXP 	Sound  started
550.8647 	DATA 	Keypress: rctrl
551.1844 	EXP 	Sound  started
551.5848 	DATA 	Keypress: lctrl
551.9344 	EXP 	Sound  started
552.3048 	DATA 	Keypress: lctrl
552.6844 	EXP 	Sound  started
553.0247 	DATA 	Keypress: lctrl
553.4345 	EXP 	Sound  started
553.8087 	DATA 	Keypress: lctrl
554.1845 	EXP 	Sound  started
554.5927 	DATA 	Keypress: rctrl
554.9345 	EXP 	Sound  started
555.4568 	DATA 	Keypress: rctrl
555.6845 	EXP 	Sound  started
556.2407 	DATA 	Keypress: rctrl
556.4345 	EXP 	Sound  started
556.9927 	DATA 	Keypress: rctrl
557.1845 	EXP 	Sound  started
557.8248 	DATA 	Keypress: lctrl
557.9345 	EXP 	Sound  started
558.6089 	DATA 	Keypress: lctrl
558.6845 	EXP 	Sound  started
559.4248 	DATA 	Keypress: lctrl
559.4346 	EXP 	Sound  started
560.1609 	DATA 	Keypress: lctrl
560.1846 	EXP 	Sound  started
560.8648 	DATA 	Keypress: rctrl
560.9346 	EXP 	Sound  started
561.6647 	DATA 	Keypress: rctrl
561.6846 	EXP 	Sound  started
562.4008 	DATA 	Keypress: lctrl
562.4346 	EXP 	Sound  started
563.1207 	DATA 	Keypress: rctrl
563.1846 	EXP 	Sound  started
563.8247 	DATA 	Keypress: lctrl
563.9347 	EXP 	Sound  started
564.6248 	DATA 	Keypress: rctrl
564.6847 	EXP 	Sound  started
565.3607 	DATA 	Keypress: rctrl
565.4347 	EXP 	Sound  started
566.0807 	DATA 	Keypress: lctrl
566.1847 	EXP 	Sound  started
566.7689 	DATA 	Keypress: lctrl
566.9347 	EXP 	Sound  started
567.4408 	DATA 	Keypress: lctrl
567.6847 	EXP 	Sound  started
568.2727 	DATA 	Keypress: rctrl
568.4347 	EXP 	Sound  started
569.0248 	DATA 	Keypress: lctrl
569.1848 	EXP 	Sound  started
569.7768 	DATA 	Keypress: rctrl
569.9348 	EXP 	Sound  started
570.4807 	DATA 	Keypress: rctrl
570.6848 	EXP 	Sound  started
571.1688 	DATA 	Keypress: rctrl
571.4348 	EXP 	Sound  started
571.8888 	DATA 	Keypress: rctrl
572.1848 	EXP 	Sound  started
572.8808 	DATA 	Keypress: lctrl
572.9348 	EXP 	Sound  started
573.6848 	EXP 	Sound  started
573.7288 	DATA 	Keypress: rctrl
574.4169 	DATA 	Keypress: lctrl
574.4349 	EXP 	Sound  started
575.1368 	DATA 	Keypress: rctrl
575.1849 	EXP 	Sound  started
575.7928 	DATA 	Keypress: lctrl
575.9349 	EXP 	Sound  started
576.5608 	DATA 	Keypress: lctrl
576.6849 	EXP 	Sound  started
577.2168 	DATA 	Keypress: lctrl
577.4349 	EXP 	Sound  started
577.8567 	DATA 	Keypress: rctrl
578.1849 	EXP 	Sound  started
578.5448 	DATA 	Keypress: lctrl
578.9349 	EXP 	Sound  started
579.3288 	DATA 	Keypress: lctrl
579.6850 	EXP 	Sound  started
579.7447 	DATA 	Keypress: lctrl
580.4327 	DATA 	Keypress: lctrl
580.4350 	EXP 	Sound  started
581.1688 	DATA 	Keypress: rctrl
581.1850 	EXP 	Sound  started
581.9048 	DATA 	Keypress: lctrl
581.9350 	EXP 	Sound  started
582.6568 	DATA 	Keypress: rctrl
582.6850 	EXP 	Sound  started
583.3768 	DATA 	Keypress: lctrl
583.4350 	EXP 	Sound  started
584.1608 	DATA 	Keypress: rctrl
584.1851 	EXP 	Sound  started
584.9351 	EXP 	Sound  started
584.9448 	DATA 	Keypress: rctrl
585.6808 	DATA 	Keypress: lctrl
585.6851 	EXP 	Sound  started
586.4008 	DATA 	Keypress: lctrl
586.4351 	EXP 	Sound  started
587.1368 	DATA 	Keypress: rctrl
587.1851 	EXP 	Sound  started
587.8888 	DATA 	Keypress: rctrl
587.9351 	EXP 	Sound  started
588.6568 	DATA 	Keypress: lctrl
588.6851 	EXP 	Sound  started
589.4352 	EXP 	Sound  started
589.4408 	DATA 	Keypress: lctrl
590.1288 	DATA 	Keypress: rctrl
590.1852 	EXP 	Sound  started
590.8808 	DATA 	Keypress: rctrl
590.9352 	EXP 	Sound  started
591.4407 	DATA 	Keypress: lctrl
591.6852 	EXP 	Sound  started
592.2248 	DATA 	Keypress: lctrl
592.4352 	EXP 	Sound  started
592.9447 	DATA 	Keypress: rctrl
593.1852 	EXP 	Sound  started
593.6808 	DATA 	Keypress: lctrl
593.9352 	EXP 	Sound  started
594.3368 	DATA 	Keypress: rctrl
594.6853 	EXP 	Sound  started
595.0888 	DATA 	Keypress: lctrl
595.4353 	EXP 	Sound  started
595.7448 	DATA 	Keypress: rctrl
596.1853 	EXP 	Sound  started
596.4648 	DATA 	Keypress: lctrl
600.5722 	DATA 	Keypress: 3
600.5888 	EXP 	unnamed ShapeStim: vertices = <class 'numpy.ndarray'>
603.5747 	DATA 	Keypress: 2
603.5912 	EXP 	unnamed ShapeStim: vertices = <class 'numpy.ndarray'>
605.8270 	DATA 	Keypress: 4
605.8436 	EXP 	unnamed ShapeStim: vertices = <class 'numpy.ndarray'>
608.1292 	EXP 	Sound  started
608.2408 	DATA 	Keypress: rctrl
608.8792 	EXP 	Sound  started
608.9128 	DATA 	Keypress: lctrl
609.6292 	EXP 	Sound  started
609.7287 	DATA 	Keypress: lctrl
610.3792 	EXP 	Sound  started
610.4488 	DATA 	Keypress: rctrl
611.1292 	EXP 	Sound  started
611.1687 	DATA 	Keypress: lctrl
611.8248 	DATA 	Keypress: rctrl
611.8792 	EXP 	Sound  started
612.5928 	DATA 	Keypress: rctrl
612.6293 	EXP 	Sound  started
613.3448 	DATA 	Keypress: rctrl
613.3793 	EXP 	Sound  started
614.1293 	EXP 	Sound  started
614.1768 	DATA 	Keypress: lctrl
614.8650 	DATA 	Keypress: lctrl
614.8793 	EXP 	Sound  started
615.5528 	DATA 	Keypress: rctrl
615.6293 	EXP 	Sound  started
616.3208 	DATA 	Keypress: rctrl
616.3793 	EXP 	Sound  started
617.0728 	DATA 	Keypress: lctrl
617.1293 	EXP 	Sound  started
617.8567 	DATA 	Keypress: rctrl
617.8794 	EXP 	Sound  started
618.5447 	DATA 	Keypress: lctrl
618.6294 	EXP 	Sound  started
619.2648 	DATA 	Keypress: rctrl
619.3794 	EXP 	Sound  started
619.9367 	DATA 	Keypress: lctrl
620.1294 	EXP 	Sound  started
620.6407 	DATA 	Keypress: rctrl
620.8794 	EXP 	Sound  started
621.3447 	DATA 	Keypress: lctrl
621.6294 	EXP 	Sound  started
622.1287 	DATA 	Keypress: rctrl
622.3794 	EXP 	Sound  started
622.8328 	DATA 	Keypress: lctrl
623.1294 	EXP 	Sound  started
623.6008 	DATA 	Keypress: rctrl
623.8795 	EXP 	Sound  started
624.2568 	DATA 	Keypress: lctrl
624.6295 	EXP 	Sound  started
625.0248 	DATA 	Keypress: lctrl
625.3795 	EXP 	Sound  started
625.8407 	DATA 	Keypress: lctrl
626.1295 	EXP 	Sound  started
626.6087 	DATA 	Keypress: lctrl
626.8795 	EXP 	Sound  started
627.2808 	DATA 	Keypress: rctrl
627.6295 	EXP 	Sound  started
628.0328 	DATA 	Keypress: rctrl
628.3795 	EXP 	Sound  started
628.7688 	DATA 	Keypress: rctrl
629.1296 	EXP 	Sound  started
629.5368 	DATA 	Keypress: rctrl
629.8796 	EXP 	Sound  started
630.3368 	DATA 	Keypress: lctrl
630.6296 	EXP 	Sound  started
631.0727 	DATA 	Keypress: lctrl
631.3796 	EXP 	Sound  started
631.7769 	DATA 	Keypress: lctrl
632.1296 	EXP 	Sound  started
632.5448 	DATA 	Keypress: lctrl
632.8796 	EXP 	Sound  started
633.2488 	DATA 	Keypress: rctrl
633.6296 	EXP 	Sound  started
634.0328 	DATA 	Keypress: rctrl
634.3797 	EXP 	Sound  started
634.6888 	DATA 	Keypress: rctrl
635.1297 	EXP 	Sound  started
635.4409 	DATA 	Keypress: rctrl
635.8797 	EXP 	Sound  started
636.2087 	DATA 	Keypress: lctrl
636.6297 	EXP 	Sound  started
637.0248 	DATA 	Keypress: lctrl
637.3797 	EXP 	Sound  started
637.8568 	DATA 	Keypress: lctrl
638.1297 	EXP 	Sound  started
638.6727 	DATA 	Keypress: lctrl
638.8797 	EXP 	Sound  started
639.3128 	DATA 	Keypress: rctrl
639.6298 	EXP 	Sound  started
640.0967 	DATA 	Keypress: rctrl
640.3798 	EXP 	Sound  started
640.8488 	DATA 	Keypress: rctrl
641.1298 	EXP 	Sound  started
641.6808 	DATA 	Keypress: rctrl
641.8798 	EXP 	Sound  started
642.3687 	DATA 	Keypress: lctrl
642.6298 	EXP 	Sound  started
643.1048 	DATA 	Keypress: lctrl
643.3798 	EXP 	Sound  started
643.8727 	DATA 	Keypress: lctrl
644.1299 	EXP 	Sound  started
644.6248 	DATA 	Keypress: lctrl
644.8799 	EXP 	Sound  started
645.2008 	DATA 	Keypress: rctrl
645.6299 	EXP 	Sound  started
646.1768 	DATA 	Keypress: rctrl
646.3799 	EXP 	Sound  started
646.8647 	DATA 	Keypress: rctrl
647.1299 	EXP 	Sound  started
647.5687 	DATA 	Keypress: rctrl
647.8799 	EXP 	Sound  started
648.2728 	DATA 	Keypress: lctrl
648.6299 	EXP 	Sound  started
649.0887 	DATA 	Keypress: lctrl
649.3800 	EXP 	Sound  started
649.8247 	DATA 	Keypress: lctrl
650.1300 	EXP 	Sound  started
650.5608 	DATA 	Keypress: lctrl
650.8800 	EXP 	Sound  started
651.3928 	DATA 	Keypress: rctrl
651.6300 	EXP 	Sound  started
652.1608 	DATA 	Keypress: rctrl
652.3800 	EXP 	Sound  started
652.8648 	DATA 	Keypress: rctrl
653.1300 	EXP 	Sound  started
653.6167 	DATA 	Keypress: rctrl
653.8801 	EXP 	Sound  started
654.4968 	DATA 	Keypress: lctrl
654.6301 	EXP 	Sound  started
655.2488 	DATA 	Keypress: lctrl
655.3801 	EXP 	Sound  started
655.9848 	DATA 	Keypress: lctrl
656.1301 	EXP 	Sound  started
656.6727 	DATA 	Keypress: lctrl
656.8801 	EXP 	Sound  started
657.3449 	DATA 	Keypress: rctrl
657.6301 	EXP 	Sound  started
658.0648 	DATA 	Keypress: rctrl
658.3801 	EXP 	Sound  started
658.8007 	DATA 	Keypress: rctrl
659.1301 	EXP 	Sound  started
659.5207 	DATA 	Keypress: rctrl
659.8802 	EXP 	Sound  started
660.2248 	DATA 	Keypress: lctrl
660.6302 	EXP 	Sound  started
660.9928 	DATA 	Keypress: lctrl
661.3802 	EXP 	Sound  started
661.7449 	DATA 	Keypress: lctrl
662.1302 	EXP 	Sound  started
662.4970 	DATA 	Keypress: lctrl
662.8802 	EXP 	Sound  started
662.9768 	DATA 	Keypress: lctrl
663.6302 	EXP 	Sound  started
663.6648 	DATA 	Keypress: rctrl
664.3803 	EXP 	Sound  started
664.4169 	DATA 	Keypress: rctrl
665.1048 	DATA 	Keypress: rctrl
665.1303 	EXP 	Sound  started
665.8803 	EXP 	Sound  started
665.9208 	DATA 	Keypress: rctrl
666.6303 	EXP 	Sound  started
666.6407 	DATA 	Keypress: lctrl
667.3768 	DATA 	Keypress: lctrl
667.3803 	EXP 	Sound  started
668.1128 	DATA 	Keypress: lctrl
668.1303 	EXP 	Sound  started
668.7207 	DATA 	Keypress: lctrl
668.8803 	EXP 	Sound  started
669.4888 	DATA 	Keypress: rctrl
669.6304 	EXP 	Sound  started
670.0968 	DATA 	Keypress: rctrl
672.5646 	DATA 	Keypress: 4
672.5811 	EXP 	unnamed ShapeStim: vertices = <class 'numpy.ndarray'>
675.7339 	DATA 	Keypress: 2
675.7504 	EXP 	unnamed ShapeStim: vertices = <class 'numpy.ndarray'>
678.6735 	DATA 	Keypress: 3
678.7028 	EXP 	unnamed ShapeStim: vertices = <class 'numpy.ndarray'>
680.9885 	EXP 	Sound  started
681.2169 	DATA 	Keypress: rctrl
681.7384 	EXP 	Sound  started
681.8568 	DATA 	Keypress: rctrl
682.4884 	EXP 	Sound  started
682.5128 	DATA 	Keypress: rctrl
683.2385 	EXP 	Sound  started
683.3288 	DATA 	Keypress: rctrl
683.9885 	EXP 	Sound  started
684.1128 	DATA 	Keypress: rctrl
684.7385 	EXP 	Sound  started
684.8488 	DATA 	Keypress: rctrl
685.4885 	EXP 	Sound  started
685.5048 	DATA 	Keypress: rctrl
686.2385 	EXP 	Sound  started
686.2567 	DATA 	Keypress: rctrl
686.9885 	EXP 	Sound  started
686.9928 	DATA 	Keypress: lctrl
687.7127 	DATA 	Keypress: lctrl
687.7385 	EXP 	Sound  started
688.4488 	DATA 	Keypress: lctrl
688.4886 	EXP 	Sound  started
689.2327 	DATA 	Keypress: lctrl
689.2386 	EXP 	Sound  started
689.9886 	EXP 	Sound  started
690.0008 	DATA 	Keypress: lctrl
690.6887 	DATA 	Keypress: lctrl
690.7386 	EXP 	Sound  started
691.4247 	DATA 	Keypress: lctrl
691.4886 	EXP 	Sound  started
692.1448 	DATA 	Keypress: rctrl
692.2386 	EXP 	Sound  started
692.8968 	DATA 	Keypress: rctrl
692.9886 	EXP 	Sound  started
693.6167 	DATA 	Keypress: rctrl
693.7386 	EXP 	Sound  started
694.1927 	DATA 	Keypress: lctrl
694.4887 	EXP 	Sound  started
695.0089 	DATA 	Keypress: lctrl
695.2387 	EXP 	Sound  started
695.7288 	DATA 	Keypress: lctrl
695.9887 	EXP 	Sound  started
696.3847 	DATA 	Keypress: rctrl
696.7387 	EXP 	Sound  started
697.1528 	DATA 	Keypress: rctrl
697.4887 	EXP 	Sound  started
697.8889 	DATA 	Keypress: rctrl
698.2387 	EXP 	Sound  started
698.6727 	DATA 	Keypress: rctrl
698.9887 	EXP 	Sound  started
699.3767 	DATA 	Keypress: rctrl
699.7388 	EXP 	Sound  started
700.2248 	DATA 	Keypress: rctrl
700.4888 	EXP 	Sound  started
700.8007 	DATA 	Keypress: lctrl
701.2388 	EXP 	Sound  started
701.6008 	DATA 	Keypress: lctrl
701.9888 	EXP 	Sound  started
702.4168 	DATA 	Keypress: lctrl
702.7388 	EXP 	Sound  started
703.1048 	DATA 	Keypress: lctrl
703.4888 	EXP 	Sound  started
703.9047 	DATA 	Keypress: lctrl
704.2388 	EXP 	Sound  started
704.6728 	DATA 	Keypress: lctrl
704.9888 	EXP 	Sound  started
705.4248 	DATA 	Keypress: lctrl
705.7389 	EXP 	Sound  started
706.2088 	DATA 	Keypress: lctrl
706.4889 	EXP 	Sound  started
706.9447 	DATA 	Keypress: lctrl
707.2389 	EXP 	Sound  started
707.7448 	DATA 	Keypress: rctrl
707.9889 	EXP 	Sound  started
708.5448 	DATA 	Keypress: rctrl
708.7389 	EXP 	Sound  started
709.4088 	DATA 	Keypress: rctrl
709.4889 	EXP 	Sound  started
710.2088 	DATA 	Keypress: rctrl
710.2389 	EXP 	Sound  started
710.9890 	EXP 	Sound  started
711.0087 	DATA 	Keypress: lctrl
711.7390 	EXP 	Sound  started
711.8088 	DATA 	Keypress: lctrl
712.4890 	EXP 	Sound  started
712.5129 	DATA 	Keypress: lctrl
713.2390 	EXP 	Sound  started
713.2808 	DATA 	Keypress: lctrl
713.9890 	EXP 	Sound  started
714.0168 	DATA 	Keypress: rctrl
714.7390 	EXP 	Sound  started
714.8168 	DATA 	Keypress: rctrl
715.4888 	DATA 	Keypress: lctrl
715.4891 	EXP 	Sound  started
716.2088 	DATA 	Keypress: lctrl
716.2391 	EXP 	Sound  started
716.9891 	EXP 	Sound  started
717.0088 	DATA 	Keypress: lctrl
717.6808 	DATA 	Keypress: rctrl
717.7391 	EXP 	Sound  started
718.4891 	EXP 	Sound  started
718.5288 	DATA 	Keypress: lctrl
719.2391 	EXP 	Sound  started
719.2647 	DATA 	Keypress: lctrl
719.9891 	EXP 	Sound  started
720.0008 	DATA 	Keypress: rctrl
720.6728 	DATA 	Keypress: rctrl
720.7392 	EXP 	Sound  started
721.4408 	DATA 	Keypress: rctrl
721.4892 	EXP 	Sound  started
722.1608 	DATA 	Keypress: lctrl
723.7238 	DATA 	Keypress: 4
723.7398 	EXP 	unnamed ShapeStim: vertices = <class 'numpy.ndarray'>
725.8588 	DATA 	Keypress: 1
725.8753 	EXP 	unnamed ShapeStim: vertices = <class 'numpy.ndarray'>
728.5482 	DATA 	Keypress: 4
728.5775 	EXP 	unnamed ShapeStim: vertices = <class 'numpy.ndarray'>
730.8617 	EXP 	Sound  started
730.8619 	DATA 	Keypress: rctrl
731.6117 	EXP 	Sound  started
731.6648 	DATA 	Keypress: rctrl
732.3617 	EXP 	Sound  started
732.3688 	DATA 	Keypress: rctrl
733.1047 	DATA 	Keypress: rctrl
733.1117 	EXP 	Sound  started
733.8568 	DATA 	Keypress: lctrl
733.8617 	EXP 	Sound  started
734.6117 	EXP 	Sound  started
734.6728 	DATA 	Keypress: lctrl
735.2328 	DATA 	Keypress: lctrl
735.3617 	EXP 	Sound  started
735.9207 	DATA 	Keypress: lctrl
736.1118 	EXP 	Sound  started
736.5607 	DATA 	Keypress: rctrl
736.8618 	EXP 	Sound  started
737.2967 	DATA 	Keypress: rctrl
737.6118 	EXP 	Sound  started
738.0007 	DATA 	Keypress: rctrl
738.3618 	EXP 	Sound  started
738.7207 	DATA 	Keypress: rctrl
739.1118 	EXP 	Sound  started
739.4567 	DATA 	Keypress: rctrl
739.8618 	EXP 	Sound  started
740.1288 	DATA 	Keypress: rctrl
740.6118 	EXP 	Sound  started
740.8807 	DATA 	Keypress: rctrl
741.3618 	EXP 	Sound  started
741.7127 	DATA 	Keypress: rctrl
742.1119 	EXP 	Sound  started
742.3528 	DATA 	Keypress: rctrl
742.8619 	EXP 	Sound  started
743.1047 	DATA 	Keypress: rctrl
743.6119 	EXP 	Sound  started
743.8087 	DATA 	Keypress: rctrl
744.3619 	EXP 	Sound  started
744.5447 	DATA 	Keypress: rctrl
745.1119 	EXP 	Sound  started
745.2647 	DATA 	Keypress: rctrl
745.8619 	EXP 	Sound  started
745.9688 	DATA 	Keypress: rctrl
746.6119 	EXP 	Sound  started
746.6408 	DATA 	Keypress: rctrl
747.3620 	EXP 	Sound  started
747.3768 	DATA 	Keypress: rctrl
748.0967 	DATA 	Keypress: rctrl
748.1120 	EXP 	Sound  started
748.8167 	DATA 	Keypress: rctrl
748.8620 	EXP 	Sound  started
749.5688 	DATA 	Keypress: rctrl
749.6120 	EXP 	Sound  started
750.2887 	DATA 	Keypress: rctrl
750.3620 	EXP 	Sound  started
750.9927 	DATA 	Keypress: rctrl
751.1120 	EXP 	Sound  started
751.7128 	DATA 	Keypress: lctrl
751.8620 	EXP 	Sound  started
752.3528 	DATA 	Keypress: lctrl
752.6120 	EXP 	Sound  started
753.0568 	DATA 	Keypress: lctrl
753.3621 	EXP 	Sound  started
753.8088 	DATA 	Keypress: lctrl
754.1121 	EXP 	Sound  started
754.6088 	DATA 	Keypress: lctrl
754.8621 	EXP 	Sound  started
755.3127 	DATA 	Keypress: lctrl
755.6121 	EXP 	Sound  started
755.9847 	DATA 	Keypress: lctrl
756.3621 	EXP 	Sound  started
756.7528 	DATA 	Keypress: lctrl
757.1121 	EXP 	Sound  started
757.4887 	DATA 	Keypress: lctrl
757.8621 	EXP 	Sound  started
758.3047 	DATA 	Keypress: lctrl
758.6122 	EXP 	Sound  started
759.1047 	DATA 	Keypress: lctrl
759.3622 	EXP 	Sound  started
759.8248 	DATA 	Keypress: lctrl
760.1122 	EXP 	Sound  started
760.6408 	DATA 	Keypress: lctrl
760.8622 	EXP 	Sound  started
761.3767 	DATA 	Keypress: lctrl
761.6122 	EXP 	Sound  started
762.0328 	DATA 	Keypress: lctrl
762.3622 	EXP 	Sound  started
762.7208 	DATA 	Keypress: lctrl
763.1123 	EXP 	Sound  started
763.4408 	DATA 	Keypress: lctrl
763.8623 	EXP 	Sound  started
764.2408 	DATA 	Keypress: lctrl
764.6123 	EXP 	Sound  started
764.9767 	DATA 	Keypress: lctrl
765.3623 	EXP 	Sound  started
765.7288 	DATA 	Keypress: lctrl
766.1123 	EXP 	Sound  started
766.4967 	DATA 	Keypress: lctrl
766.8623 	EXP 	Sound  started
767.1847 	DATA 	Keypress: lctrl
767.6123 	EXP 	Sound  started
767.9847 	DATA 	Keypress: lctrl
768.3623 	EXP 	Sound  started
768.6727 	DATA 	Keypress: lctrl
769.1124 	EXP 	Sound  started
769.4087 	DATA 	Keypress: lctrl
769.8624 	EXP 	Sound  started
770.1448 	DATA 	Keypress: lctrl
770.6124 	EXP 	Sound  started
770.8968 	DATA 	Keypress: lctrl
771.3624 	EXP 	Sound  started
771.6808 	DATA 	Keypress: lctrl
772.1124 	EXP 	Sound  started
772.5287 	DATA 	Keypress: lctrl
772.8624 	EXP 	Sound  started
773.2008 	DATA 	Keypress: lctrl
775.8660 	DATA 	Keypress: 3
775.8825 	EXP 	unnamed ShapeStim: vertices = <class 'numpy.ndarray'>
775.8869 	DATA 	Keypress: 2
777.4504 	EXP 	unnamed ShapeStim: vertices = <class 'numpy.ndarray'>
783.8598 	DATA 	Keypress: 4
783.8891 	EXP 	unnamed ShapeStim: vertices = <class 'numpy.ndarray'>
786.1736 	EXP 	Sound  started
786.1738 	DATA 	Keypress: rctrl
786.9236 	EXP 	Sound  started
786.9768 	DATA 	Keypress: rctrl
787.6736 	EXP 	Sound  started
787.7127 	DATA 	Keypress: rctrl
788.4236 	EXP 	Sound  started
788.4487 	DATA 	Keypress: rctrl
789.1207 	DATA 	Keypress: rctrl
789.1736 	EXP 	Sound  started
789.9048 	DATA 	Keypress: rctrl
789.9236 	EXP 	Sound  started
790.6736 	EXP 	Sound  started
790.6888 	DATA 	Keypress: rctrl
791.4237 	EXP 	Sound  started
791.5048 	DATA 	Keypress: rctrl
792.1737 	EXP 	Sound  started
792.1768 	DATA 	Keypress: lctrl
792.9237 	EXP 	Sound  started
792.9448 	DATA 	Keypress: rctrl
793.6737 	EXP 	Sound  started
793.6967 	DATA 	Keypress: lctrl
794.4168 	DATA 	Keypress: rctrl
794.4237 	EXP 	Sound  started
795.0728 	DATA 	Keypress: lctrl
795.1737 	EXP 	Sound  started
795.7928 	DATA 	Keypress: rctrl
795.9237 	EXP 	Sound  started
796.4967 	DATA 	Keypress: lctrl
796.6738 	EXP 	Sound  started
797.1368 	DATA 	Keypress: rctrl
797.4238 	EXP 	Sound  started
797.8408 	DATA 	Keypress: lctrl
798.1738 	EXP 	Sound  started
798.6088 	DATA 	Keypress: rctrl
798.9238 	EXP 	Sound  started
799.3448 	DATA 	Keypress: rctrl
799.6738 	EXP 	Sound  started
800.0487 	DATA 	Keypress: rctrl
800.4238 	EXP 	Sound  started
800.8168 	DATA 	Keypress: rctrl
801.1738 	EXP 	Sound  started
801.5367 	DATA 	Keypress: rctrl
801.9239 	EXP 	Sound  started
802.2727 	DATA 	Keypress: rctrl
802.6739 	EXP 	Sound  started
803.0407 	DATA 	Keypress: rctrl
803.4239 	EXP 	Sound  started
803.7447 	DATA 	Keypress: rctrl
804.1739 	EXP 	Sound  started
804.4808 	DATA 	Keypress: rctrl
804.9239 	EXP 	Sound  started
805.2488 	DATA 	Keypress: rctrl
805.6739 	EXP 	Sound  started
805.9688 	DATA 	Keypress: rctrl
806.4239 	EXP 	Sound  started
806.7208 	DATA 	Keypress: rctrl
807.1740 	EXP 	Sound  started
807.3768 	DATA 	Keypress: rctrl
807.9240 	EXP 	Sound  started
807.9849 	DATA 	Keypress: lctrl
808.6740 	EXP 	Sound  started
808.7367 	DATA 	Keypress: lctrl
809.4240 	EXP 	Sound  started
809.4728 	DATA 	Keypress: lctrl
810.1740 	EXP 	Sound  started
810.1927 	DATA 	Keypress: lctrl
810.9128 	DATA 	Keypress: lctrl
810.9240 	EXP 	Sound  started
811.6648 	DATA 	Keypress: lctrl
811.6740 	EXP 	Sound  started
812.4241 	EXP 	Sound  started
812.4328 	DATA 	Keypress: lctrl
813.1741 	EXP 	Sound  started
813.1848 	DATA 	Keypress: lctrl
813.9241 	EXP 	Sound  started
813.9368 	DATA 	Keypress: lctrl
814.6728 	DATA 	Keypress: lctrl
814.6741 	EXP 	Sound  started
815.4241 	EXP 	Sound  started
815.4728 	DATA 	Keypress: lctrl
816.0808 	DATA 	Keypress: rctrl
816.1741 	EXP 	Sound  started
816.8329 	DATA 	Keypress: rctrl
816.9241 	EXP 	Sound  started
817.5048 	DATA 	Keypress: rctrl
817.6742 	EXP 	Sound  started
818.3688 	DATA 	Keypress: rctrl
818.4242 	EXP 	Sound  started
819.0728 	DATA 	Keypress: rctrl
819.1742 	EXP 	Sound  started
819.7768 	DATA 	Keypress: rctrl
819.9242 	EXP 	Sound  started
820.5609 	DATA 	Keypress: rctrl
820.6742 	EXP 	Sound  started
821.2648 	DATA 	Keypress: rctrl
821.4242 	EXP 	Sound  started
821.9209 	DATA 	Keypress: rctrl
822.1742 	EXP 	Sound  started
822.7369 	DATA 	Keypress: rctrl
822.9243 	EXP 	Sound  started
823.5528 	DATA 	Keypress: lctrl
823.6743 	EXP 	Sound  started
824.4009 	DATA 	Keypress: lctrl
824.4243 	EXP 	Sound  started
825.1687 	DATA 	Keypress: rctrl
825.1743 	EXP 	Sound  started
825.9049 	DATA 	Keypress: lctrl
825.9243 	EXP 	Sound  started
826.6727 	DATA 	Keypress: rctrl
826.6743 	EXP 	Sound  started
827.3929 	DATA 	Keypress: lctrl
827.4243 	EXP 	Sound  started
828.1448 	DATA 	Keypress: rctrl
828.1743 	EXP 	Sound  started
828.8808 	DATA 	Keypress: rctrl
828.9243 	EXP 	Sound  started
829.6008 	DATA 	Keypress: lctrl
829.6744 	EXP 	Sound  started
830.3527 	DATA 	Keypress: lctrl
830.4244 	EXP 	Sound  started
831.0727 	DATA 	Keypress: rctrl
831.1744 	EXP 	Sound  started
831.7928 	DATA 	Keypress: rctrl
831.9244 	EXP 	Sound  started
832.4328 	DATA 	Keypress: lctrl
832.6744 	EXP 	Sound  started
833.1529 	DATA 	Keypress: lctrl
833.4244 	EXP 	Sound  started
833.8088 	DATA 	Keypress: lctrl
834.1745 	EXP 	Sound  started
834.6088 	DATA 	Keypress: lctrl
834.9245 	EXP 	Sound  started
835.3289 	DATA 	Keypress: lctrl
835.6745 	EXP 	Sound  started
836.0328 	DATA 	Keypress: lctrl
836.4245 	EXP 	Sound  started
836.7368 	DATA 	Keypress: lctrl
837.1745 	EXP 	Sound  started
837.5208 	DATA 	Keypress: lctrl
837.9245 	EXP 	Sound  started
838.2567 	DATA 	Keypress: lctrl
838.6745 	EXP 	Sound  started
838.9929 	DATA 	Keypress: lctrl
839.4246 	EXP 	Sound  started
839.7928 	DATA 	Keypress: lctrl
840.1746 	EXP 	Sound  started
840.5288 	DATA 	Keypress: lctrl
840.9246 	EXP 	Sound  started
841.2489 	DATA 	Keypress: lctrl
841.6746 	EXP 	Sound  started
842.0808 	DATA 	Keypress: lctrl
842.4246 	EXP 	Sound  started
842.7528 	DATA 	Keypress: lctrl
843.1746 	EXP 	Sound  started
843.5048 	DATA 	Keypress: lctrl
843.9247 	EXP 	Sound  started
844.2569 	DATA 	Keypress: lctrl
844.6747 	EXP 	Sound  started
845.0248 	DATA 	Keypress: rctrl
848.6257 	DATA 	Keypress: 3
848.6422 	EXP 	unnamed ShapeStim: vertices = <class 'numpy.ndarray'>
851.8950 	DATA 	Keypress: 2
851.9116 	EXP 	unnamed ShapeStim: vertices = <class 'numpy.ndarray'>
854.0506 	DATA 	Keypress: 3
854.0800 	EXP 	unnamed ShapeStim: vertices = <class 'numpy.ndarray'>
858.3828 	DATA 	Keypress: lctrl
1580.1130 	DATA 	Keypress: return
1580.1804 	EXP 	window1: mouseVisible = True
