45.1061 	WARNING 	User requested fullscreen with size [1024  768], but screen is actually [1920, 1200]. Using actual size
45.9103 	EXP 	Created window1 = Window(allowGUI=False, allowStencil=False, autoLog=True, backendConf=UNKNOWN, bitsMode=UNKNOWN, blendMode='avg', bpc=(8, 8, 8), color=array([0, 0, 0]), colorSpace='rgb', depthBits=8, fullscr=<method-wrapper '__getattribute__' of attributeSetter object at 0x000001BA3D667780>, gamma=None, gammaErrorPolicy='raise', lms=UNKNOWN, monitor=<psychopy.monitors.calibTools.Monitor object at 0x000001BA3EDA4080>, multiSample=False, name='window1', numSamples=2, pos=[0.0, 0.0], screen=0, size=array([1920, 1200]), stencilBits=0, stereo=False, units='norm', useFBO=True, useRetina=False, viewOri=0.0, viewPos=None, viewScale=None, waitBlanking=True, winType='pyglet')
45.9106 	EXP 	window1: mouseVisible = True
45.9107 	EXP 	window1: mouseVisible = False
45.9107 	EXP 	window1: recordFrameIntervals = False
46.0769 	EXP 	window1: recordFrameIntervals = True
46.2604 	EXP 	window1: recordFrameIntervals = False
46.3151 	EXP 	Created text = TextStim(__class__=<class 'psychopy.visual.text.TextStim'>, alignHoriz=method-wrapper(...), alignText='center', alignVert=method-wrapper(...), anchorHoriz='center', anchorVert='center', antialias=True, autoLog=True, bold=False, color=array([1., 1., 1.]), colorSpace='rgb', contrast=1.0, depth=0.0, flipHoriz=False, flipVert=False, font='Arial', fontFiles=[], height=0.15, italic=False, languageStyle='LTR', name='text', opacity=1, ori=0, pos=array([0., 0.]), rgb=UNKNOWN, text='+', units='norm', win=Window(...), wrapWidth=1)
46.3344 	EXP 	Created text = TextStim(__class__=<class 'psychopy.visual.text.TextStim'>, alignHoriz=method-wrapper(...), alignText='center', alignVert=method-wrapper(...), anchorHoriz='center', anchorVert='center', antialias=True, autoLog=True, bold=False, color=array([1., 1., 1.]), colorSpace='rgb', contrast=1.0, depth=0.0, flipHoriz=False, flipVert=False, font='Arial', fontFiles=[], height=0.07, italic=False, languageStyle='LTR', name='text', opacity=1, ori=0, pos=array([0., 0.]), rgb=UNKNOWN, text=str(...), units='norm', win=Window(...), wrapWidth=1.65)
46.3431 	EXP 	Created text = TextStim(__class__=<class 'psychopy.visual.text.TextStim'>, alignHoriz=method-wrapper(...), alignText='center', alignVert=method-wrapper(...), anchorHoriz='center', anchorVert='center', antialias=True, autoLog=True, bold=False, color=array([1., 1., 1.]), colorSpace='rgb', contrast=1.0, depth=0.0, flipHoriz=False, flipVert=False, font='Arial', fontFiles=[], height=0.07, italic=False, languageStyle='LTR', name='text', opacity=1, ori=0, pos=array([0., 0.]), rgb=UNKNOWN, text=str(...), units='norm', win=Window(...), wrapWidth=1.65)
46.3523 	EXP 	Created text = TextStim(__class__=<class 'psychopy.visual.text.TextStim'>, alignHoriz=method-wrapper(...), alignText='center', alignVert=method-wrapper(...), anchorHoriz='center', anchorVert='center', antialias=True, autoLog=True, bold=False, color=array([1., 1., 1.]), colorSpace='rgb', contrast=1.0, depth=0.0, flipHoriz=False, flipVert=False, font='Arial', fontFiles=[], height=0.07, italic=False, languageStyle='LTR', name='text', opacity=1, ori=0, pos=array([0., 0.]), rgb=UNKNOWN, text=str(...), units='norm', win=Window(...), wrapWidth=1.65)
46.3623 	EXP 	Created text = TextStim(__class__=<class 'psychopy.visual.text.TextStim'>, alignHoriz=method-wrapper(...), alignText='center', alignVert=method-wrapper(...), anchorHoriz='center', anchorVert='center', antialias=True, autoLog=True, bold=False, color=array([1., 1., 1.]), colorSpace='rgb', contrast=1.0, depth=0.0, flipHoriz=False, flipVert=False, font='Arial', fontFiles=[], height=0.07, italic=False, languageStyle='LTR', name='text', opacity=1, ori=0, pos=array([0., 0.]), rgb=UNKNOWN, text=str(...), units='norm', win=Window(...), wrapWidth=1.65)
46.3678 	EXP 	Created text = TextStim(__class__=<class 'psychopy.visual.text.TextStim'>, alignHoriz=method-wrapper(...), alignText='center', alignVert=method-wrapper(...), anchorHoriz='center', anchorVert='center', antialias=True, autoLog=True, bold=False, color=array([1., 1., 1.]), colorSpace='rgb', contrast=1.0, depth=0.0, flipHoriz=False, flipVert=False, font='Arial', fontFiles=[], height=0.07, italic=False, languageStyle='LTR', name='text', opacity=1, ori=0, pos=array([0., 0.]), rgb=UNKNOWN, text=str(...), units='norm', win=Window(...), wrapWidth=1.65)
46.3810 	EXP 	Created text = TextStim(__class__=<class 'psychopy.visual.text.TextStim'>, alignHoriz=method-wrapper(...), alignText='center', alignVert=method-wrapper(...), anchorHoriz='center', anchorVert='center', antialias=True, autoLog=True, bold=False, color=array([1., 1., 1.]), colorSpace='rgb', contrast=1.0, depth=0.0, flipHoriz=False, flipVert=False, font='Arial', fontFiles=[], height=0.15, italic=False, languageStyle='LTR', name='text', opacity=1, ori=0, pos=array([0., 0.]), rgb=UNKNOWN, text=str(...), units='norm', win=Window(...), wrapWidth=1.65)
46.4097 	EXP 	Created text = TextStim(__class__=<class 'psychopy.visual.text.TextStim'>, alignHoriz=method-wrapper(...), alignText='center', alignVert=method-wrapper(...), anchorHoriz='center', anchorVert='center', antialias=True, autoLog=True, bold=False, color=array([1., 1., 1.]), colorSpace='rgb', contrast=1.0, depth=0.0, flipHoriz=False, flipVert=False, font='Arial', fontFiles=[], height=0.07, italic=False, languageStyle='LTR', name='text', opacity=1, ori=0, pos=array([0., 0.]), rgb=UNKNOWN, text=str(...), units='norm', win=Window(...), wrapWidth=1.65)
46.4302 	EXP 	Created text = TextStim(__class__=<class 'psychopy.visual.text.TextStim'>, alignHoriz=method-wrapper(...), alignText='center', alignVert=method-wrapper(...), anchorHoriz='center', anchorVert='center', antialias=True, autoLog=True, bold=False, color=array([1., 1., 1.]), colorSpace='rgb', contrast=1.0, depth=0.0, flipHoriz=False, flipVert=False, font='Arial', fontFiles=[], height=0.07, italic=False, languageStyle='LTR', name='text', opacity=1, ori=0, pos=array([0., 0.]), rgb=UNKNOWN, text=str(...), units='norm', win=Window(...), wrapWidth=1.65)
46.4600 	EXP 	Created text = TextStim(__class__=<class 'psychopy.visual.text.TextStim'>, alignHoriz=method-wrapper(...), alignText='center', alignVert=method-wrapper(...), anchorHoriz='center', anchorVert='center', antialias=True, autoLog=True, bold=False, color=array([1., 1., 1.]), colorSpace='rgb', contrast=1.0, depth=0.0, flipHoriz=False, flipVert=False, font='Arial', fontFiles=[], height=0.07, italic=False, languageStyle='LTR', name='text', opacity=1, ori=0, pos=array([0., 0.]), rgb=UNKNOWN, text=str(...), units='norm', win=Window(...), wrapWidth=1.65)
46.4835 	EXP 	Created text = TextStim(__class__=<class 'psychopy.visual.text.TextStim'>, alignHoriz=method-wrapper(...), alignText='center', alignVert=method-wrapper(...), anchorHoriz='center', anchorVert='center', antialias=True, autoLog=True, bold=False, color=array([1., 1., 1.]), colorSpace='rgb', contrast=1.0, depth=0.0, flipHoriz=False, flipVert=False, font='Arial', fontFiles=[], height=0.07, italic=False, languageStyle='LTR', name='text', opacity=1, ori=0, pos=array([0., 0.]), rgb=UNKNOWN, text=str(...), units='norm', win=Window(...), wrapWidth=1.65)
46.5129 	EXP 	Created text = TextStim(__class__=<class 'psychopy.visual.text.TextStim'>, alignHoriz=method-wrapper(...), alignText='center', alignVert=method-wrapper(...), anchorHoriz='center', anchorVert='center', antialias=True, autoLog=True, bold=False, color=array([1., 1., 1.]), colorSpace='rgb', contrast=1.0, depth=0.0, flipHoriz=False, flipVert=False, font='Arial', fontFiles=[], height=0.07, italic=False, languageStyle='LTR', name='text', opacity=1, ori=0, pos=array([0., 0.]), rgb=UNKNOWN, text=str(...), units='norm', win=Window(...), wrapWidth=1.65)
46.5232 	EXP 	Created text = TextStim(__class__=<class 'psychopy.visual.text.TextStim'>, alignHoriz=method-wrapper(...), alignText='center', alignVert=method-wrapper(...), anchorHoriz='center', anchorVert='center', antialias=True, autoLog=True, bold=False, color=array([1., 1., 1.]), colorSpace='rgb', contrast=1.0, depth=0.0, flipHoriz=False, flipVert=False, font='Arial', fontFiles=[], height=0.07, italic=False, languageStyle='LTR', name='text', opacity=1, ori=0, pos=array([0., 0.]), rgb=UNKNOWN, text=str(...), units='norm', win=Window(...), wrapWidth=1.65)
46.5351 	EXP 	Created text = TextStim(__class__=<class 'psychopy.visual.text.TextStim'>, alignHoriz=method-wrapper(...), alignText='center', alignVert=method-wrapper(...), anchorHoriz='center', anchorVert='center', antialias=True, autoLog=True, bold=False, color=array([1., 1., 1.]), colorSpace='rgb', contrast=1.0, depth=0.0, flipHoriz=False, flipVert=False, font='Arial', fontFiles=[], height=0.07, italic=False, languageStyle='LTR', name='text', opacity=1, ori=0, pos=array([0., 0.]), rgb=UNKNOWN, text=str(...), units='norm', win=Window(...), wrapWidth=1.65)
46.5394 	EXP 	Created instru = TextStim(__class__=<class 'psychopy.visual.text.TextStim'>, alignHoriz=method-wrapper(...), alignText='center', alignVert=method-wrapper(...), anchorHoriz='center', anchorVert='center', antialias=True, autoLog=True, bold=False, color=array([1., 1., 1.]), colorSpace='rgb', contrast=1.0, depth=0.0, flipHoriz=False, flipVert=False, font='Arial', fontFiles=[], height=0.07, italic=False, languageStyle='LTR', name='instru', opacity=1, ori=0, pos=array([0. , 0.5]), rgb=UNKNOWN, text=str(...), units='norm', win=Window(...), wrapWidth=1)
46.5418 	EXP 	Created unnamed Line = Line(__class__=<class 'psychopy.visual.line.Line'>, autoDraw=False, autoLog=True, closeShape=False, color=array([1., 1., 1.]), colorSpace='rgb', contrast=None, depth=0, fillColor=array([0, 0, 0]), fillColorSpace='rgb', fillRGB=array([0, 0, 0]), interpolate=True, lineColor=array([1., 1., 1.]), lineColorSpace='rgb', lineRGB=array([1, 1, 1]), lineWidth=5, name='unnamed Line', opacity=0.5, ori=0.0, pos=array([0., 0.]), size=array([1., 1.]), units='norm', vertices=array([[-0.5,  0. ],
       [ 0.5,  0. ]]), win=Window(...), windingRule=None)
46.5438 	EXP 	Created unnamed Line = Line(__class__=<class 'psychopy.visual.line.Line'>, autoDraw=False, autoLog=True, closeShape=False, color=array([1., 1., 1.]), colorSpace='rgb', contrast=None, depth=0, fillColor=array([0, 0, 0]), fillColorSpace='rgb', fillRGB=array([0, 0, 0]), interpolate=True, lineColor=array([1., 1., 1.]), lineColorSpace='rgb', lineRGB=array([1, 1, 1]), lineWidth=3, name='unnamed Line', opacity=0.5, ori=0.0, pos=array([0., 0.]), size=array([1., 1.]), units='norm', vertices=array([[-0.5 , -0.05],
       [-0.5 ,  0.05]]), win=Window(...), windingRule=None)
46.5458 	EXP 	Created unnamed Line = Line(__class__=<class 'psychopy.visual.line.Line'>, autoDraw=False, autoLog=True, closeShape=False, color=array([1., 1., 1.]), colorSpace='rgb', contrast=None, depth=0, fillColor=array([0, 0, 0]), fillColorSpace='rgb', fillRGB=array([0, 0, 0]), interpolate=True, lineColor=array([1., 1., 1.]), lineColorSpace='rgb', lineRGB=array([1, 1, 1]), lineWidth=3, name='unnamed Line', opacity=0.5, ori=0.0, pos=array([0., 0.]), size=array([1., 1.]), units='norm', vertices=ndarray(...), win=Window(...), windingRule=None)
46.5478 	EXP 	Created unnamed Line = Line(__class__=<class 'psychopy.visual.line.Line'>, autoDraw=False, autoLog=True, closeShape=False, color=array([1., 1., 1.]), colorSpace='rgb', contrast=None, depth=0, fillColor=array([0, 0, 0]), fillColorSpace='rgb', fillRGB=array([0, 0, 0]), interpolate=True, lineColor=array([1., 1., 1.]), lineColorSpace='rgb', lineRGB=array([1, 1, 1]), lineWidth=3, name='unnamed Line', opacity=0.5, ori=0.0, pos=array([0., 0.]), size=array([1., 1.]), units='norm', vertices=ndarray(...), win=Window(...), windingRule=None)
46.5498 	EXP 	Created unnamed Line = Line(__class__=<class 'psychopy.visual.line.Line'>, autoDraw=False, autoLog=True, closeShape=False, color=array([1., 1., 1.]), colorSpace='rgb', contrast=None, depth=0, fillColor=array([0, 0, 0]), fillColorSpace='rgb', fillRGB=array([0, 0, 0]), interpolate=True, lineColor=array([1., 1., 1.]), lineColorSpace='rgb', lineRGB=array([1, 1, 1]), lineWidth=3, name='unnamed Line', opacity=0.5, ori=0.0, pos=array([0., 0.]), size=array([1., 1.]), units='norm', vertices=array([[ 0.5 , -0.05],
       [ 0.5 ,  0.05]]), win=Window(...), windingRule=None)
46.5623 	EXP 	Created unnamed TextStim = TextStim(__class__=<class 'psychopy.visual.text.TextStim'>, alignHoriz=method-wrapper(...), alignText='center', alignVert=method-wrapper(...), anchorHoriz='center', anchorVert='center', antialias=True, autoLog=True, bold=False, color=array([1., 1., 1.]), colorSpace='rgb', contrast=1.0, depth=0, flipHoriz=False, flipVert=False, font='', fontFiles=[], height=0.05, italic=False, languageStyle='LTR', name='unnamed TextStim', opacity=1.0, ori=0.0, pos=array([-0.5, -0.1]), rgb=UNKNOWN, text='Helt klart \n IKKE FOKUSERT', units='norm', win=Window(...), wrapWidth=1)
46.5633 	EXP 	Created unnamed TextStim = TextStim(__class__=<class 'psychopy.visual.text.TextStim'>, alignHoriz=method-wrapper(...), alignText='center', alignVert=method-wrapper(...), anchorHoriz='center', anchorVert='center', antialias=True, autoLog=True, bold=False, color=array([1., 1., 1.]), colorSpace='rgb', contrast=1.0, depth=0, flipHoriz=False, flipVert=False, font='', fontFiles=[], height=0.05, italic=False, languageStyle='LTR', name='unnamed TextStim', opacity=1.0, ori=0.0, pos=array([-0.16666667, -0.1       ]), rgb=UNKNOWN, text='', units='norm', win=Window(...), wrapWidth=1)
46.5644 	EXP 	Created unnamed TextStim = TextStim(__class__=<class 'psychopy.visual.text.TextStim'>, alignHoriz=method-wrapper(...), alignText='center', alignVert=method-wrapper(...), anchorHoriz='center', anchorVert='center', antialias=True, autoLog=True, bold=False, color=array([1., 1., 1.]), colorSpace='rgb', contrast=1.0, depth=0, flipHoriz=False, flipVert=False, font='', fontFiles=[], height=0.05, italic=False, languageStyle='LTR', name='unnamed TextStim', opacity=1.0, ori=0.0, pos=array([ 0.16666667, -0.1       ]), rgb=UNKNOWN, text='', units='norm', win=Window(...), wrapWidth=1)
46.5678 	EXP 	Created unnamed TextStim = TextStim(__class__=<class 'psychopy.visual.text.TextStim'>, alignHoriz=method-wrapper(...), alignText='center', alignVert=method-wrapper(...), anchorHoriz='center', anchorVert='center', antialias=True, autoLog=True, bold=False, color=array([1., 1., 1.]), colorSpace='rgb', contrast=1.0, depth=0, flipHoriz=False, flipVert=False, font='', fontFiles=[], height=0.05, italic=False, languageStyle='LTR', name='unnamed TextStim', opacity=1.0, ori=0.0, pos=array([ 0.5, -0.1]), rgb=UNKNOWN, text='Helt klart \n FOKUSERT', units='norm', win=Window(...), wrapWidth=1)
46.5698 	EXP 	Created unnamed ShapeStim = ShapeStim(__class__=<class 'psychopy.visual.shape.ShapeStim'>, autoDraw=False, autoLog=True, closeShape=True, color=method-wrapper(...), colorSpace='rgb', contrast=None, depth=0, fillColor=array([1, 1, 1]), fillColorSpace='rgb', fillRGB=array([1, 1, 1]), interpolate=True, lineColor=array([-1., -1., -1.]), lineColorSpace='rgb', lineRGB=array([-1, -1, -1]), lineWidth=1.5, name='unnamed ShapeStim', opacity=1.0, ori=0.0, pos=array([0., 0.]), size=array([1., 1.]), units='norm', vertices=ndarray(...), win=Window(...), windingRule=None)
46.5774 	EXP 	Created instru = TextStim(__class__=<class 'psychopy.visual.text.TextStim'>, alignHoriz=method-wrapper(...), alignText='center', alignVert=method-wrapper(...), anchorHoriz='center', anchorVert='center', antialias=True, autoLog=True, bold=False, color=array([1., 1., 1.]), colorSpace='rgb', contrast=1.0, depth=0.0, flipHoriz=False, flipVert=False, font='Arial', fontFiles=[], height=0.07, italic=False, languageStyle='LTR', name='instru', opacity=1, ori=0, pos=array([0. , 0.5]), rgb=UNKNOWN, text=str(...), units='norm', win=Window(...), wrapWidth=1)
46.5795 	EXP 	Created unnamed Line = Line(__class__=<class 'psychopy.visual.line.Line'>, autoDraw=False, autoLog=True, closeShape=False, color=array([1., 1., 1.]), colorSpace='rgb', contrast=None, depth=0, fillColor=array([0, 0, 0]), fillColorSpace='rgb', fillRGB=array([0, 0, 0]), interpolate=True, lineColor=array([1., 1., 1.]), lineColorSpace='rgb', lineRGB=array([1, 1, 1]), lineWidth=5, name='unnamed Line', opacity=0.5, ori=0.0, pos=array([0., 0.]), size=array([1., 1.]), units='norm', vertices=array([[-0.5,  0. ],
       [ 0.5,  0. ]]), win=Window(...), windingRule=None)
46.5815 	EXP 	Created unnamed Line = Line(__class__=<class 'psychopy.visual.line.Line'>, autoDraw=False, autoLog=True, closeShape=False, color=array([1., 1., 1.]), colorSpace='rgb', contrast=None, depth=0, fillColor=array([0, 0, 0]), fillColorSpace='rgb', fillRGB=array([0, 0, 0]), interpolate=True, lineColor=array([1., 1., 1.]), lineColorSpace='rgb', lineRGB=array([1, 1, 1]), lineWidth=3, name='unnamed Line', opacity=0.5, ori=0.0, pos=array([0., 0.]), size=array([1., 1.]), units='norm', vertices=array([[-0.5 , -0.05],
       [-0.5 ,  0.05]]), win=Window(...), windingRule=None)
46.5835 	EXP 	Created unnamed Line = Line(__class__=<class 'psychopy.visual.line.Line'>, autoDraw=False, autoLog=True, closeShape=False, color=array([1., 1., 1.]), colorSpace='rgb', contrast=None, depth=0, fillColor=array([0, 0, 0]), fillColorSpace='rgb', fillRGB=array([0, 0, 0]), interpolate=True, lineColor=array([1., 1., 1.]), lineColorSpace='rgb', lineRGB=array([1, 1, 1]), lineWidth=3, name='unnamed Line', opacity=0.5, ori=0.0, pos=array([0., 0.]), size=array([1., 1.]), units='norm', vertices=ndarray(...), win=Window(...), windingRule=None)
46.5855 	EXP 	Created unnamed Line = Line(__class__=<class 'psychopy.visual.line.Line'>, autoDraw=False, autoLog=True, closeShape=False, color=array([1., 1., 1.]), colorSpace='rgb', contrast=None, depth=0, fillColor=array([0, 0, 0]), fillColorSpace='rgb', fillRGB=array([0, 0, 0]), interpolate=True, lineColor=array([1., 1., 1.]), lineColorSpace='rgb', lineRGB=array([1, 1, 1]), lineWidth=3, name='unnamed Line', opacity=0.5, ori=0.0, pos=array([0., 0.]), size=array([1., 1.]), units='norm', vertices=ndarray(...), win=Window(...), windingRule=None)
46.5875 	EXP 	Created unnamed Line = Line(__class__=<class 'psychopy.visual.line.Line'>, autoDraw=False, autoLog=True, closeShape=False, color=array([1., 1., 1.]), colorSpace='rgb', contrast=None, depth=0, fillColor=array([0, 0, 0]), fillColorSpace='rgb', fillRGB=array([0, 0, 0]), interpolate=True, lineColor=array([1., 1., 1.]), lineColorSpace='rgb', lineRGB=array([1, 1, 1]), lineWidth=3, name='unnamed Line', opacity=0.5, ori=0.0, pos=array([0., 0.]), size=array([1., 1.]), units='norm', vertices=array([[ 0.5 , -0.05],
       [ 0.5 ,  0.05]]), win=Window(...), windingRule=None)
46.5925 	EXP 	Created unnamed TextStim = TextStim(__class__=<class 'psychopy.visual.text.TextStim'>, alignHoriz=method-wrapper(...), alignText='center', alignVert=method-wrapper(...), anchorHoriz='center', anchorVert='center', antialias=True, autoLog=True, bold=False, color=array([1., 1., 1.]), colorSpace='rgb', contrast=1.0, depth=0, flipHoriz=False, flipVert=False, font='', fontFiles=[], height=0.05, italic=False, languageStyle='LTR', name='unnamed TextStim', opacity=1.0, ori=0.0, pos=array([-0.5, -0.1]), rgb=UNKNOWN, text='Helt klart \n INGENTING', units='norm', win=Window(...), wrapWidth=1)
46.5936 	EXP 	Created unnamed TextStim = TextStim(__class__=<class 'psychopy.visual.text.TextStim'>, alignHoriz=method-wrapper(...), alignText='center', alignVert=method-wrapper(...), anchorHoriz='center', anchorVert='center', antialias=True, autoLog=True, bold=False, color=array([1., 1., 1.]), colorSpace='rgb', contrast=1.0, depth=0, flipHoriz=False, flipVert=False, font='', fontFiles=[], height=0.05, italic=False, languageStyle='LTR', name='unnamed TextStim', opacity=1.0, ori=0.0, pos=array([-0.16666667, -0.1       ]), rgb=UNKNOWN, text='', units='norm', win=Window(...), wrapWidth=1)
46.5947 	EXP 	Created unnamed TextStim = TextStim(__class__=<class 'psychopy.visual.text.TextStim'>, alignHoriz=method-wrapper(...), alignText='center', alignVert=method-wrapper(...), anchorHoriz='center', anchorVert='center', antialias=True, autoLog=True, bold=False, color=array([1., 1., 1.]), colorSpace='rgb', contrast=1.0, depth=0, flipHoriz=False, flipVert=False, font='', fontFiles=[], height=0.05, italic=False, languageStyle='LTR', name='unnamed TextStim', opacity=1.0, ori=0.0, pos=array([ 0.16666667, -0.1       ]), rgb=UNKNOWN, text='', units='norm', win=Window(...), wrapWidth=1)
46.5979 	EXP 	Created unnamed TextStim = TextStim(__class__=<class 'psychopy.visual.text.TextStim'>, alignHoriz=method-wrapper(...), alignText='center', alignVert=method-wrapper(...), anchorHoriz='center', anchorVert='center', antialias=True, autoLog=True, bold=False, color=array([1., 1., 1.]), colorSpace='rgb', contrast=1.0, depth=0, flipHoriz=False, flipVert=False, font='', fontFiles=[], height=0.05, italic=False, languageStyle='LTR', name='unnamed TextStim', opacity=1.0, ori=0.0, pos=array([ 0.5, -0.1]), rgb=UNKNOWN, text='Helt klart \n NOE', units='norm', win=Window(...), wrapWidth=1)
46.5998 	EXP 	Created unnamed ShapeStim = ShapeStim(__class__=<class 'psychopy.visual.shape.ShapeStim'>, autoDraw=False, autoLog=True, closeShape=True, color=method-wrapper(...), colorSpace='rgb', contrast=None, depth=0, fillColor=array([1, 1, 1]), fillColorSpace='rgb', fillRGB=array([1, 1, 1]), interpolate=True, lineColor=array([-1., -1., -1.]), lineColorSpace='rgb', lineRGB=array([-1, -1, -1]), lineWidth=1.5, name='unnamed ShapeStim', opacity=1.0, ori=0.0, pos=array([0., 0.]), size=array([1., 1.]), units='norm', vertices=ndarray(...), win=Window(...), windingRule=None)
46.6066 	EXP 	Created instru = TextStim(__class__=<class 'psychopy.visual.text.TextStim'>, alignHoriz=method-wrapper(...), alignText='center', alignVert=method-wrapper(...), anchorHoriz='center', anchorVert='center', antialias=True, autoLog=True, bold=False, color=array([1., 1., 1.]), colorSpace='rgb', contrast=1.0, depth=0.0, flipHoriz=False, flipVert=False, font='Arial', fontFiles=[], height=0.07, italic=False, languageStyle='LTR', name='instru', opacity=1, ori=0, pos=array([0. , 0.5]), rgb=UNKNOWN, text=str(...), units='norm', win=Window(...), wrapWidth=1)
46.6087 	EXP 	Created unnamed Line = Line(__class__=<class 'psychopy.visual.line.Line'>, autoDraw=False, autoLog=True, closeShape=False, color=array([1., 1., 1.]), colorSpace='rgb', contrast=None, depth=0, fillColor=array([0, 0, 0]), fillColorSpace='rgb', fillRGB=array([0, 0, 0]), interpolate=True, lineColor=array([1., 1., 1.]), lineColorSpace='rgb', lineRGB=array([1, 1, 1]), lineWidth=5, name='unnamed Line', opacity=0.5, ori=0.0, pos=array([0., 0.]), size=array([1., 1.]), units='norm', vertices=array([[-0.5,  0. ],
       [ 0.5,  0. ]]), win=Window(...), windingRule=None)
46.6107 	EXP 	Created unnamed Line = Line(__class__=<class 'psychopy.visual.line.Line'>, autoDraw=False, autoLog=True, closeShape=False, color=array([1., 1., 1.]), colorSpace='rgb', contrast=None, depth=0, fillColor=array([0, 0, 0]), fillColorSpace='rgb', fillRGB=array([0, 0, 0]), interpolate=True, lineColor=array([1., 1., 1.]), lineColorSpace='rgb', lineRGB=array([1, 1, 1]), lineWidth=3, name='unnamed Line', opacity=0.5, ori=0.0, pos=array([0., 0.]), size=array([1., 1.]), units='norm', vertices=array([[-0.5 , -0.05],
       [-0.5 ,  0.05]]), win=Window(...), windingRule=None)
46.6127 	EXP 	Created unnamed Line = Line(__class__=<class 'psychopy.visual.line.Line'>, autoDraw=False, autoLog=True, closeShape=False, color=array([1., 1., 1.]), colorSpace='rgb', contrast=None, depth=0, fillColor=array([0, 0, 0]), fillColorSpace='rgb', fillRGB=array([0, 0, 0]), interpolate=True, lineColor=array([1., 1., 1.]), lineColorSpace='rgb', lineRGB=array([1, 1, 1]), lineWidth=3, name='unnamed Line', opacity=0.5, ori=0.0, pos=array([0., 0.]), size=array([1., 1.]), units='norm', vertices=ndarray(...), win=Window(...), windingRule=None)
46.6148 	EXP 	Created unnamed Line = Line(__class__=<class 'psychopy.visual.line.Line'>, autoDraw=False, autoLog=True, closeShape=False, color=array([1., 1., 1.]), colorSpace='rgb', contrast=None, depth=0, fillColor=array([0, 0, 0]), fillColorSpace='rgb', fillRGB=array([0, 0, 0]), interpolate=True, lineColor=array([1., 1., 1.]), lineColorSpace='rgb', lineRGB=array([1, 1, 1]), lineWidth=3, name='unnamed Line', opacity=0.5, ori=0.0, pos=array([0., 0.]), size=array([1., 1.]), units='norm', vertices=ndarray(...), win=Window(...), windingRule=None)
46.6168 	EXP 	Created unnamed Line = Line(__class__=<class 'psychopy.visual.line.Line'>, autoDraw=False, autoLog=True, closeShape=False, color=array([1., 1., 1.]), colorSpace='rgb', contrast=None, depth=0, fillColor=array([0, 0, 0]), fillColorSpace='rgb', fillRGB=array([0, 0, 0]), interpolate=True, lineColor=array([1., 1., 1.]), lineColorSpace='rgb', lineRGB=array([1, 1, 1]), lineWidth=3, name='unnamed Line', opacity=0.5, ori=0.0, pos=array([0., 0.]), size=array([1., 1.]), units='norm', vertices=array([[ 0.5 , -0.05],
       [ 0.5 ,  0.05]]), win=Window(...), windingRule=None)
46.6220 	EXP 	Created unnamed TextStim = TextStim(__class__=<class 'psychopy.visual.text.TextStim'>, alignHoriz=method-wrapper(...), alignText='center', alignVert=method-wrapper(...), anchorHoriz='center', anchorVert='center', antialias=True, autoLog=True, bold=False, color=array([1., 1., 1.]), colorSpace='rgb', contrast=1.0, depth=0, flipHoriz=False, flipVert=False, font='', fontFiles=[], height=0.05, italic=False, languageStyle='LTR', name='unnamed TextStim', opacity=1.0, ori=0.0, pos=array([-0.5, -0.1]), rgb=UNKNOWN, text='Helt klart \n SPONTAN', units='norm', win=Window(...), wrapWidth=1)
46.6231 	EXP 	Created unnamed TextStim = TextStim(__class__=<class 'psychopy.visual.text.TextStim'>, alignHoriz=method-wrapper(...), alignText='center', alignVert=method-wrapper(...), anchorHoriz='center', anchorVert='center', antialias=True, autoLog=True, bold=False, color=array([1., 1., 1.]), colorSpace='rgb', contrast=1.0, depth=0, flipHoriz=False, flipVert=False, font='', fontFiles=[], height=0.05, italic=False, languageStyle='LTR', name='unnamed TextStim', opacity=1.0, ori=0.0, pos=array([-0.16666667, -0.1       ]), rgb=UNKNOWN, text='', units='norm', win=Window(...), wrapWidth=1)
46.6241 	EXP 	Created unnamed TextStim = TextStim(__class__=<class 'psychopy.visual.text.TextStim'>, alignHoriz=method-wrapper(...), alignText='center', alignVert=method-wrapper(...), anchorHoriz='center', anchorVert='center', antialias=True, autoLog=True, bold=False, color=array([1., 1., 1.]), colorSpace='rgb', contrast=1.0, depth=0, flipHoriz=False, flipVert=False, font='', fontFiles=[], height=0.05, italic=False, languageStyle='LTR', name='unnamed TextStim', opacity=1.0, ori=0.0, pos=array([ 0.16666667, -0.1       ]), rgb=UNKNOWN, text='', units='norm', win=Window(...), wrapWidth=1)
46.6289 	EXP 	Created unnamed TextStim = TextStim(__class__=<class 'psychopy.visual.text.TextStim'>, alignHoriz=method-wrapper(...), alignText='center', alignVert=method-wrapper(...), anchorHoriz='center', anchorVert='center', antialias=True, autoLog=True, bold=False, color=array([1., 1., 1.]), colorSpace='rgb', contrast=1.0, depth=0, flipHoriz=False, flipVert=False, font='', fontFiles=[], height=0.05, italic=False, languageStyle='LTR', name='unnamed TextStim', opacity=1.0, ori=0.0, pos=array([ 0.5, -0.1]), rgb=UNKNOWN, text='Helt klart \n BEVISST', units='norm', win=Window(...), wrapWidth=1)
46.6308 	EXP 	Created unnamed ShapeStim = ShapeStim(__class__=<class 'psychopy.visual.shape.ShapeStim'>, autoDraw=False, autoLog=True, closeShape=True, color=method-wrapper(...), colorSpace='rgb', contrast=None, depth=0, fillColor=array([1, 1, 1]), fillColorSpace='rgb', fillRGB=array([1, 1, 1]), interpolate=True, lineColor=array([-1., -1., -1.]), lineColorSpace='rgb', lineRGB=array([-1, -1, -1]), lineWidth=1.5, name='unnamed ShapeStim', opacity=1.0, ori=0.0, pos=array([0., 0.]), size=array([1., 1.]), units='norm', vertices=ndarray(...), win=Window(...), windingRule=None)
46.6817 	EXP 	Sound  set volume 1.000
46.7119 	EXP 	unnamed ShapeStim: vertices = <class 'numpy.ndarray'>
46.7119 	EXP 	unnamed ShapeStim: vertices = <class 'numpy.ndarray'>
46.7119 	EXP 	unnamed ShapeStim: vertices = <class 'numpy.ndarray'>
60.7383 	DATA 	Keypress: rctrl
63.3141 	DATA 	Keypress: rctrl
67.5541 	DATA 	Keypress: rctrl
67.5777 	EXP 	unnamed TextStim: text = ''
67.5777 	EXP 	unnamed TextStim: text = ''
72.8984 	DATA 	Keypress: 3
72.9149 	EXP 	unnamed ShapeStim: vertices = <class 'numpy.ndarray'>
77.1381 	DATA 	Keypress: rctrl
77.1522 	EXP 	unnamed TextStim: text = ''
77.1522 	EXP 	unnamed TextStim: text = ''
80.6381 	DATA 	Keypress: 3
80.6546 	EXP 	unnamed ShapeStim: vertices = <class 'numpy.ndarray'>
82.8982 	DATA 	Keypress: rctrl
82.9231 	EXP 	unnamed TextStim: text = ''
82.9231 	EXP 	unnamed TextStim: text = ''
89.3786 	DATA 	Keypress: 4
89.3951 	EXP 	unnamed ShapeStim: vertices = <class 'numpy.ndarray'>
94.6901 	DATA 	Keypress: rctrl
98.1142 	DATA 	Keypress: rctrl
101.4581 	DATA 	Keypress: rctrl
101.9730 	EXP 	Sound  started
102.3541 	DATA 	Keypress: lctrl
102.7229 	EXP 	Sound  started
102.9141 	DATA 	Keypress: lctrl
103.3621 	DATA 	Keypress: rctrl
103.4729 	EXP 	Sound  started
104.2229 	EXP 	Sound  started
104.3221 	DATA 	Keypress: lctrl
104.9730 	EXP 	Sound  started
105.0101 	DATA 	Keypress: rctrl
105.7141 	DATA 	Keypress: lctrl
105.7230 	EXP 	Sound  started
106.4181 	DATA 	Keypress: rctrl
106.4730 	EXP 	Sound  started
107.0901 	DATA 	Keypress: rctrl
107.2230 	EXP 	Sound  started
107.8581 	DATA 	Keypress: rctrl
107.9730 	EXP 	Sound  started
108.6901 	DATA 	Keypress: lctrl
108.7230 	EXP 	Sound  started
109.4421 	DATA 	Keypress: rctrl
109.4730 	EXP 	Sound  started
110.1941 	DATA 	Keypress: lctrl
110.2231 	EXP 	Sound  started
110.9621 	DATA 	Keypress: lctrl
110.9731 	EXP 	Sound  started
111.7140 	DATA 	Keypress: rctrl
111.7231 	EXP 	Sound  started
112.4731 	EXP 	Sound  started
112.5302 	DATA 	Keypress: lctrl
113.1701 	DATA 	Keypress: rctrl
113.2231 	EXP 	Sound  started
113.9731 	EXP 	Sound  started
114.0341 	DATA 	Keypress: rctrl
114.6581 	DATA 	Keypress: lctrl
114.7232 	EXP 	Sound  started
115.4101 	DATA 	Keypress: lctrl
115.4732 	EXP 	Sound  started
116.2232 	EXP 	Sound  started
116.2261 	DATA 	Keypress: lctrl
116.9462 	DATA 	Keypress: rctrl
116.9732 	EXP 	Sound  started
117.7141 	DATA 	Keypress: rctrl
117.7232 	EXP 	Sound  started
118.4501 	DATA 	Keypress: lctrl
118.4732 	EXP 	Sound  started
119.1541 	DATA 	Keypress: rctrl
119.2232 	EXP 	Sound  started
119.9733 	EXP 	Sound  started
120.0021 	DATA 	Keypress: lctrl
120.6581 	DATA 	Keypress: lctrl
120.7233 	EXP 	Sound  started
121.4421 	DATA 	Keypress: lctrl
121.4733 	EXP 	Sound  started
122.2101 	DATA 	Keypress: rctrl
122.2233 	EXP 	Sound  started
122.8981 	DATA 	Keypress: rctrl
122.9733 	EXP 	Sound  started
123.6821 	DATA 	Keypress: lctrl
123.7233 	EXP 	Sound  started
124.4733 	EXP 	Sound  started
124.5141 	DATA 	Keypress: rctrl
125.2234 	EXP 	Sound  started
125.2341 	DATA 	Keypress: rctrl
125.9701 	DATA 	Keypress: rctrl
125.9734 	EXP 	Sound  started
126.7234 	EXP 	Sound  started
126.7381 	DATA 	Keypress: lctrl
127.4421 	DATA 	Keypress: lctrl
127.4734 	EXP 	Sound  started
128.2234 	EXP 	Sound  started
128.2741 	DATA 	Keypress: rctrl
128.9734 	EXP 	Sound  started
128.9941 	DATA 	Keypress: lctrl
129.7141 	DATA 	Keypress: rctrl
129.7234 	EXP 	Sound  started
130.4182 	DATA 	Keypress: rctrl
130.4735 	EXP 	Sound  started
131.2181 	DATA 	Keypress: lctrl
131.2235 	EXP 	Sound  started
131.9541 	DATA 	Keypress: lctrl
131.9735 	EXP 	Sound  started
132.7061 	DATA 	Keypress: lctrl
132.7235 	EXP 	Sound  started
133.4735 	EXP 	Sound  started
133.4901 	DATA 	Keypress: rctrl
134.2235 	EXP 	Sound  started
134.2261 	DATA 	Keypress: lctrl
134.9735 	EXP 	Sound  started
134.9942 	DATA 	Keypress: rctrl
135.6981 	DATA 	Keypress: lctrl
135.7236 	EXP 	Sound  started
136.4736 	EXP 	Sound  started
136.4821 	DATA 	Keypress: rctrl
137.2236 	EXP 	Sound  started
137.2501 	DATA 	Keypress: rctrl
137.9736 	EXP 	Sound  started
137.9861 	DATA 	Keypress: lctrl
138.7236 	EXP 	Sound  started
138.7701 	DATA 	Keypress: lctrl
139.4736 	EXP 	Sound  started
139.4741 	DATA 	Keypress: rctrl
140.2236 	EXP 	Sound  started
140.2420 	DATA 	Keypress: lctrl
140.9301 	DATA 	Keypress: rctrl
140.9737 	EXP 	Sound  started
141.7237 	EXP 	Sound  started
141.7461 	DATA 	Keypress: rctrl
142.4661 	DATA 	Keypress: lctrl
142.4737 	EXP 	Sound  started
143.2021 	DATA 	Keypress: lctrl
143.2237 	EXP 	Sound  started
143.9737 	EXP 	Sound  started
144.0341 	DATA 	Keypress: lctrl
144.7237 	EXP 	Sound  started
144.7381 	DATA 	Keypress: rctrl
145.4738 	EXP 	Sound  started
145.4741 	DATA 	Keypress: rctrl
146.1621 	DATA 	Keypress: lctrl
146.2238 	EXP 	Sound  started
146.9301 	DATA 	Keypress: rctrl
146.9738 	EXP 	Sound  started
147.6821 	DATA 	Keypress: lctrl
147.7238 	EXP 	Sound  started
148.4738 	EXP 	Sound  started
148.5301 	DATA 	Keypress: lctrl
149.1701 	DATA 	Keypress: lctrl
149.2238 	EXP 	Sound  started
149.9381 	DATA 	Keypress: rctrl
149.9738 	EXP 	Sound  started
150.6741 	DATA 	Keypress: lctrl
150.7239 	EXP 	Sound  started
151.4422 	DATA 	Keypress: rctrl
151.4739 	EXP 	Sound  started
152.1621 	DATA 	Keypress: rctrl
152.2239 	EXP 	Sound  started
152.9739 	EXP 	Sound  started
152.9781 	DATA 	Keypress: lctrl
153.6661 	DATA 	Keypress: lctrl
153.7239 	EXP 	Sound  started
154.4502 	DATA 	Keypress: lctrl
154.4739 	EXP 	Sound  started
155.2021 	DATA 	Keypress: rctrl
155.2239 	EXP 	Sound  started
155.9740 	EXP 	Sound  started
155.9861 	DATA 	Keypress: lctrl
156.6901 	DATA 	Keypress: rctrl
156.7240 	EXP 	Sound  started
157.4101 	DATA 	Keypress: rctrl
157.4740 	EXP 	Sound  started
158.2101 	DATA 	Keypress: lctrl
158.2240 	EXP 	Sound  started
158.9461 	DATA 	Keypress: rctrl
158.9740 	EXP 	Sound  started
159.7141 	DATA 	Keypress: rctrl
159.7240 	EXP 	Sound  started
160.4501 	DATA 	Keypress: rctrl
160.4740 	EXP 	Sound  started
161.2021 	DATA 	Keypress: lctrl
161.2241 	EXP 	Sound  started
161.9541 	DATA 	Keypress: lctrl
169.5776 	DATA 	Keypress: 3
169.5941 	EXP 	unnamed ShapeStim: vertices = <class 'numpy.ndarray'>
173.9979 	DATA 	Keypress: 4
174.0144 	EXP 	unnamed ShapeStim: vertices = <class 'numpy.ndarray'>
179.4691 	DATA 	Keypress: 4
179.4855 	EXP 	unnamed ShapeStim: vertices = <class 'numpy.ndarray'>
181.7703 	EXP 	Sound  started
181.9701 	DATA 	Keypress: lctrl
182.5141 	DATA 	Keypress: lctrl
182.5203 	EXP 	Sound  started
183.2340 	DATA 	Keypress: rctrl
183.2703 	EXP 	Sound  started
184.0203 	EXP 	Sound  started
184.0341 	DATA 	Keypress: lctrl
184.7703 	EXP 	Sound  started
184.8021 	DATA 	Keypress: rctrl
185.4740 	DATA 	Keypress: rctrl
185.5203 	EXP 	Sound  started
186.2703 	EXP 	Sound  started
186.2741 	DATA 	Keypress: lctrl
186.9941 	DATA 	Keypress: rctrl
187.0203 	EXP 	Sound  started
187.7461 	DATA 	Keypress: rctrl
187.7704 	EXP 	Sound  started
188.5204 	EXP 	Sound  started
188.5302 	DATA 	Keypress: rctrl
189.2704 	EXP 	Sound  started
189.2982 	DATA 	Keypress: lctrl
189.9541 	DATA 	Keypress: rctrl
190.0204 	EXP 	Sound  started
190.7541 	DATA 	Keypress: lctrl
190.7704 	EXP 	Sound  started
191.5204 	EXP 	Sound  started
191.5542 	DATA 	Keypress: lctrl
192.2581 	DATA 	Keypress: lctrl
192.2704 	EXP 	Sound  started
192.9621 	DATA 	Keypress: rctrl
193.0205 	EXP 	Sound  started
193.7461 	DATA 	Keypress: lctrl
193.7705 	EXP 	Sound  started
194.4501 	DATA 	Keypress: rctrl
194.5205 	EXP 	Sound  started
195.1540 	DATA 	Keypress: rctrl
195.2705 	EXP 	Sound  started
196.0021 	DATA 	Keypress: lctrl
196.0205 	EXP 	Sound  started
196.7701 	DATA 	Keypress: rctrl
196.7705 	EXP 	Sound  started
197.4901 	DATA 	Keypress: lctrl
197.5206 	EXP 	Sound  started
198.2581 	DATA 	Keypress: lctrl
198.2706 	EXP 	Sound  started
199.0206 	EXP 	Sound  started
199.0421 	DATA 	Keypress: lctrl
199.7706 	EXP 	Sound  started
199.8581 	DATA 	Keypress: lctrl
200.5206 	EXP 	Sound  started
200.5781 	DATA 	Keypress: rctrl
201.2706 	EXP 	Sound  started
201.3461 	DATA 	Keypress: rctrl
201.9862 	DATA 	Keypress: lctrl
202.0206 	EXP 	Sound  started
202.7221 	DATA 	Keypress: rctrl
202.7707 	EXP 	Sound  started
203.4901 	DATA 	Keypress: rctrl
203.5207 	EXP 	Sound  started
204.2707 	EXP 	Sound  started
204.2901 	DATA 	Keypress: rctrl
205.0207 	EXP 	Sound  started
205.0261 	DATA 	Keypress: rctrl
205.7707 	EXP 	Sound  started
205.7781 	DATA 	Keypress: lctrl
206.4981 	DATA 	Keypress: rctrl
206.5207 	EXP 	Sound  started
207.2661 	DATA 	Keypress: lctrl
207.2707 	EXP 	Sound  started
208.0183 	DATA 	Keypress: rctrl
208.0208 	EXP 	Sound  started
208.7701 	DATA 	Keypress: lctrl
208.7708 	EXP 	Sound  started
209.4901 	DATA 	Keypress: lctrl
209.5208 	EXP 	Sound  started
210.2581 	DATA 	Keypress: lctrl
210.2708 	EXP 	Sound  started
211.0208 	EXP 	Sound  started
211.0421 	DATA 	Keypress: lctrl
211.7708 	EXP 	Sound  started
211.7941 	DATA 	Keypress: lctrl
212.5209 	EXP 	Sound  started
212.5781 	DATA 	Keypress: rctrl
213.2181 	DATA 	Keypress: lctrl
213.2709 	EXP 	Sound  started
214.0209 	EXP 	Sound  started
214.0661 	DATA 	Keypress: lctrl
214.6901 	DATA 	Keypress: lctrl
214.7709 	EXP 	Sound  started
215.4741 	DATA 	Keypress: rctrl
215.5209 	EXP 	Sound  started
216.2709 	EXP 	Sound  started
216.2901 	DATA 	Keypress: rctrl
217.0209 	EXP 	Sound  started
217.0581 	DATA 	Keypress: lctrl
217.7140 	DATA 	Keypress: rctrl
217.7710 	EXP 	Sound  started
218.5210 	EXP 	Sound  started
218.5301 	DATA 	Keypress: rctrl
219.2661 	DATA 	Keypress: rctrl
219.2710 	EXP 	Sound  started
220.0210 	EXP 	Sound  started
220.0341 	DATA 	Keypress: lctrl
220.7540 	DATA 	Keypress: rctrl
220.7710 	EXP 	Sound  started
221.5061 	DATA 	Keypress: lctrl
221.5210 	EXP 	Sound  started
222.2100 	DATA 	Keypress: lctrl
222.2711 	EXP 	Sound  started
223.0211 	EXP 	Sound  started
223.0261 	DATA 	Keypress: lctrl
223.7621 	DATA 	Keypress: rctrl
223.7711 	EXP 	Sound  started
224.4981 	DATA 	Keypress: rctrl
224.5211 	EXP 	Sound  started
225.2661 	DATA 	Keypress: rctrl
225.2711 	EXP 	Sound  started
226.0021 	DATA 	Keypress: lctrl
226.0211 	EXP 	Sound  started
226.7381 	DATA 	Keypress: rctrl
226.7711 	EXP 	Sound  started
227.5061 	DATA 	Keypress: rctrl
227.5212 	EXP 	Sound  started
228.2712 	EXP 	Sound  started
228.3061 	DATA 	Keypress: lctrl
229.0212 	EXP 	Sound  started
229.0581 	DATA 	Keypress: lctrl
229.7712 	EXP 	Sound  started
229.7781 	DATA 	Keypress: lctrl
230.4820 	DATA 	Keypress: lctrl
232.6792 	DATA 	Keypress: 4
232.6958 	EXP 	unnamed ShapeStim: vertices = <class 'numpy.ndarray'>
238.0208 	DATA 	Keypress: 3
238.0501 	EXP 	unnamed ShapeStim: vertices = <class 'numpy.ndarray'>
243.7216 	DATA 	Keypress: 3
243.7381 	EXP 	unnamed ShapeStim: vertices = <class 'numpy.ndarray'>
246.0228 	EXP 	Sound  started
246.2264 	DATA 	Keypress: lctrl
246.2742 	DATA 	Keypress: lctrl
246.7727 	EXP 	Sound  started
246.8501 	DATA 	Keypress: lctrl
247.4741 	DATA 	Keypress: rctrl
247.5227 	EXP 	Sound  started
248.2727 	EXP 	Sound  started
248.3061 	DATA 	Keypress: rctrl
248.9941 	DATA 	Keypress: lctrl
249.0228 	EXP 	Sound  started
249.7460 	DATA 	Keypress: lctrl
249.7728 	EXP 	Sound  started
250.5228 	EXP 	Sound  started
250.6100 	DATA 	Keypress: lctrl
251.1861 	DATA 	Keypress: lctrl
251.2728 	EXP 	Sound  started
251.9541 	DATA 	Keypress: rctrl
252.0228 	EXP 	Sound  started
252.7728 	EXP 	Sound  started
252.8821 	DATA 	Keypress: lctrl
253.5229 	EXP 	Sound  started
253.5541 	DATA 	Keypress: rctrl
254.2729 	EXP 	Sound  started
254.2741 	DATA 	Keypress: lctrl
254.9781 	DATA 	Keypress: lctrl
255.0229 	EXP 	Sound  started
255.7729 	EXP 	Sound  started
255.8101 	DATA 	Keypress: lctrl
256.5229 	EXP 	Sound  started
256.5780 	DATA 	Keypress: rctrl
257.2729 	EXP 	Sound  started
257.3140 	DATA 	Keypress: rctrl
258.0229 	EXP 	Sound  started
258.2261 	DATA 	Keypress: rctrl
258.7730 	EXP 	Sound  started
258.8021 	DATA 	Keypress: lctrl
259.4901 	DATA 	Keypress: rctrl
259.5230 	EXP 	Sound  started
260.2261 	DATA 	Keypress: lctrl
260.2730 	EXP 	Sound  started
261.0230 	EXP 	Sound  started
261.1221 	DATA 	Keypress: rctrl
261.7730 	EXP 	Sound  started
261.8100 	DATA 	Keypress: lctrl
262.4662 	DATA 	Keypress: rctrl
262.5230 	EXP 	Sound  started
263.2020 	DATA 	Keypress: rctrl
263.2731 	EXP 	Sound  started
264.0022 	DATA 	Keypress: rctrl
264.0231 	EXP 	Sound  started
264.7540 	DATA 	Keypress: rctrl
264.7731 	EXP 	Sound  started
265.4581 	DATA 	Keypress: rctrl
265.5231 	EXP 	Sound  started
266.2731 	EXP 	Sound  started
266.2741 	DATA 	Keypress: lctrl
266.9781 	DATA 	Keypress: rctrl
267.0231 	EXP 	Sound  started
267.7461 	DATA 	Keypress: lctrl
267.7731 	EXP 	Sound  started
268.4981 	DATA 	Keypress: rctrl
268.5231 	EXP 	Sound  started
269.2732 	EXP 	Sound  started
269.2981 	DATA 	Keypress: rctrl
269.9701 	DATA 	Keypress: rctrl
270.0232 	EXP 	Sound  started
270.7732 	EXP 	Sound  started
270.7861 	DATA 	Keypress: lctrl
271.4900 	DATA 	Keypress: lctrl
271.5232 	EXP 	Sound  started
272.1941 	DATA 	Keypress: rctrl
272.2732 	EXP 	Sound  started
272.9461 	DATA 	Keypress: lctrl
273.0232 	EXP 	Sound  started
273.7461 	DATA 	Keypress: lctrl
273.7732 	EXP 	Sound  started
274.4821 	DATA 	Keypress: lctrl
274.5233 	EXP 	Sound  started
275.1861 	DATA 	Keypress: lctrl
275.2733 	EXP 	Sound  started
275.9381 	DATA 	Keypress: rctrl
276.0233 	EXP 	Sound  started
276.6901 	DATA 	Keypress: lctrl
276.7733 	EXP 	Sound  started
277.5061 	DATA 	Keypress: rctrl
277.5233 	EXP 	Sound  started
278.2733 	EXP 	Sound  started
278.3060 	DATA 	Keypress: rctrl
278.9781 	DATA 	Keypress: lctrl
279.0233 	EXP 	Sound  started
279.7734 	EXP 	Sound  started
279.7781 	DATA 	Keypress: rctrl
280.5141 	DATA 	Keypress: rctrl
280.5234 	EXP 	Sound  started
281.2734 	EXP 	Sound  started
281.3940 	DATA 	Keypress: rctrl
282.0021 	DATA 	Keypress: lctrl
282.0234 	EXP 	Sound  started
282.7541 	DATA 	Keypress: lctrl
282.7734 	EXP 	Sound  started
283.5221 	DATA 	Keypress: lctrl
283.5234 	EXP 	Sound  started
284.2735 	EXP 	Sound  started
284.3061 	DATA 	Keypress: lctrl
285.0235 	EXP 	Sound  started
285.0260 	DATA 	Keypress: rctrl
285.7735 	EXP 	Sound  started
285.7780 	DATA 	Keypress: rctrl
286.4981 	DATA 	Keypress: rctrl
286.5235 	EXP 	Sound  started
287.2181 	DATA 	Keypress: rctrl
287.2735 	EXP 	Sound  started
288.0235 	EXP 	Sound  started
288.0501 	DATA 	Keypress: lctrl
288.6741 	DATA 	Keypress: rctrl
288.7735 	EXP 	Sound  started
289.3461 	DATA 	Keypress: rctrl
289.5236 	EXP 	Sound  started
290.2102 	DATA 	Keypress: rctrl
290.2736 	EXP 	Sound  started
290.9621 	DATA 	Keypress: rctrl
291.0236 	EXP 	Sound  started
291.7301 	DATA 	Keypress: rctrl
291.7736 	EXP 	Sound  started
292.5236 	EXP 	Sound  started
292.5301 	DATA 	Keypress: lctrl
293.2661 	DATA 	Keypress: lctrl
293.2736 	EXP 	Sound  started
294.0181 	DATA 	Keypress: rctrl
294.0236 	EXP 	Sound  started
294.7541 	DATA 	Keypress: lctrl
294.7737 	EXP 	Sound  started
295.5221 	DATA 	Keypress: lctrl
295.5237 	EXP 	Sound  started
296.2261 	DATA 	Keypress: lctrl
296.2737 	EXP 	Sound  started
297.0237 	EXP 	Sound  started
297.0420 	DATA 	Keypress: rctrl
297.7737 	EXP 	Sound  started
297.7781 	DATA 	Keypress: lctrl
298.5237 	EXP 	Sound  started
298.5941 	DATA 	Keypress: rctrl
299.2501 	DATA 	Keypress: lctrl
299.2738 	EXP 	Sound  started
300.0022 	DATA 	Keypress: rctrl
300.0238 	EXP 	Sound  started
300.7381 	DATA 	Keypress: lctrl
300.7738 	EXP 	Sound  started
301.4421 	DATA 	Keypress: lctrl
301.5238 	EXP 	Sound  started
302.1941 	DATA 	Keypress: lctrl
302.2738 	EXP 	Sound  started
302.9781 	DATA 	Keypress: lctrl
303.0238 	EXP 	Sound  started
303.7301 	DATA 	Keypress: rctrl
303.7738 	EXP 	Sound  started
304.4981 	DATA 	Keypress: lctrl
304.5238 	EXP 	Sound  started
305.2739 	EXP 	Sound  started
305.2981 	DATA 	Keypress: rctrl
305.9861 	DATA 	Keypress: lctrl
306.0239 	EXP 	Sound  started
306.7060 	DATA 	Keypress: lctrl
309.1919 	DATA 	Keypress: 4
309.2084 	EXP 	unnamed ShapeStim: vertices = <class 'numpy.ndarray'>
315.3970 	DATA 	Keypress: 3
315.4135 	EXP 	unnamed ShapeStim: vertices = <class 'numpy.ndarray'>
320.4512 	DATA 	Keypress: 3
320.4676 	EXP 	unnamed ShapeStim: vertices = <class 'numpy.ndarray'>
322.7521 	EXP 	Sound  started
322.8820 	DATA 	Keypress: lctrl
323.5021 	EXP 	Sound  started
323.5061 	DATA 	Keypress: rctrl
324.2261 	DATA 	Keypress: lctrl
324.2521 	EXP 	Sound  started
325.0021 	EXP 	Sound  started
325.0421 	DATA 	Keypress: lctrl
325.7301 	DATA 	Keypress: rctrl
325.7521 	EXP 	Sound  started
326.5022 	EXP 	Sound  started
326.5780 	DATA 	Keypress: rctrl
327.1540 	DATA 	Keypress: rctrl
327.2522 	EXP 	Sound  started
327.9860 	DATA 	Keypress: rctrl
328.0022 	EXP 	Sound  started
328.6901 	DATA 	Keypress: rctrl
328.7522 	EXP 	Sound  started
329.4261 	DATA 	Keypress: rctrl
329.5022 	EXP 	Sound  started
330.2522 	EXP 	Sound  started
330.2900 	DATA 	Keypress: rctrl
330.9940 	DATA 	Keypress: lctrl
331.0022 	EXP 	Sound  started
331.7141 	DATA 	Keypress: lctrl
331.7523 	EXP 	Sound  started
332.4980 	DATA 	Keypress: rctrl
332.5023 	EXP 	Sound  started
333.1381 	DATA 	Keypress: lctrl
333.2523 	EXP 	Sound  started
333.9862 	DATA 	Keypress: rctrl
334.0023 	EXP 	Sound  started
334.7220 	DATA 	Keypress: lctrl
334.7523 	EXP 	Sound  started
335.4421 	DATA 	Keypress: lctrl
335.5023 	EXP 	Sound  started
336.2420 	DATA 	Keypress: lctrl
336.2523 	EXP 	Sound  started
337.0024 	EXP 	Sound  started
337.0420 	DATA 	Keypress: lctrl
337.7524 	EXP 	Sound  started
337.8100 	DATA 	Keypress: rctrl
338.5024 	EXP 	Sound  started
338.5781 	DATA 	Keypress: rctrl
339.2524 	EXP 	Sound  started
339.2661 	DATA 	Keypress: lctrl
339.9540 	DATA 	Keypress: rctrl
340.0024 	EXP 	Sound  started
340.7061 	DATA 	Keypress: lctrl
340.7524 	EXP 	Sound  started
341.5024 	EXP 	Sound  started
341.5061 	DATA 	Keypress: rctrl
342.1940 	DATA 	Keypress: rctrl
342.2524 	EXP 	Sound  started
342.9461 	DATA 	Keypress: rctrl
343.0025 	EXP 	Sound  started
343.6981 	DATA 	Keypress: lctrl
343.7525 	EXP 	Sound  started
344.4661 	DATA 	Keypress: lctrl
344.5025 	EXP 	Sound  started
345.2341 	DATA 	Keypress: lctrl
345.2525 	EXP 	Sound  started
345.9381 	DATA 	Keypress: rctrl
346.0025 	EXP 	Sound  started
346.7220 	DATA 	Keypress: rctrl
346.7525 	EXP 	Sound  started
347.5026 	EXP 	Sound  started
347.6021 	DATA 	Keypress: rctrl
348.2526 	EXP 	Sound  started
348.2580 	DATA 	Keypress: lctrl
349.0026 	EXP 	Sound  started
349.1221 	DATA 	Keypress: lctrl
349.6661 	DATA 	Keypress: lctrl
349.7526 	EXP 	Sound  started
350.4340 	DATA 	Keypress: lctrl
350.5026 	EXP 	Sound  started
351.2020 	DATA 	Keypress: rctrl
351.2526 	EXP 	Sound  started
351.9861 	DATA 	Keypress: lctrl
352.0026 	EXP 	Sound  started
352.7527 	EXP 	Sound  started
352.8660 	DATA 	Keypress: rctrl
353.5027 	EXP 	Sound  started
353.5380 	DATA 	Keypress: rctrl
354.1940 	DATA 	Keypress: lctrl
354.2527 	EXP 	Sound  started
355.0027 	EXP 	Sound  started
355.0581 	DATA 	Keypress: lctrl
355.7527 	EXP 	Sound  started
355.8100 	DATA 	Keypress: rctrl
356.4820 	DATA 	Keypress: rctrl
356.5027 	EXP 	Sound  started
357.2181 	DATA 	Keypress: lctrl
357.2527 	EXP 	Sound  started
358.0028 	EXP 	Sound  started
358.0500 	DATA 	Keypress: rctrl
358.7528 	EXP 	Sound  started
358.7541 	DATA 	Keypress: lctrl
359.4260 	DATA 	Keypress: lctrl
359.5028 	EXP 	Sound  started
360.2101 	DATA 	Keypress: lctrl
360.2528 	EXP 	Sound  started
361.0028 	EXP 	Sound  started
361.0101 	DATA 	Keypress: lctrl
361.7301 	DATA 	Keypress: rctrl
361.7528 	EXP 	Sound  started
362.4821 	DATA 	Keypress: rctrl
362.5028 	EXP 	Sound  started
363.2529 	EXP 	Sound  started
363.2661 	DATA 	Keypress: rctrl
363.9221 	DATA 	Keypress: lctrl
364.0029 	EXP 	Sound  started
364.7529 	EXP 	Sound  started
364.8340 	DATA 	Keypress: rctrl
365.4740 	DATA 	Keypress: lctrl
365.5029 	EXP 	Sound  started
366.2529 	EXP 	Sound  started
366.2581 	DATA 	Keypress: rctrl
366.9620 	DATA 	Keypress: rctrl
367.0029 	EXP 	Sound  started
367.7141 	DATA 	Keypress: rctrl
367.7530 	EXP 	Sound  started
368.4660 	DATA 	Keypress: rctrl
368.5030 	EXP 	Sound  started
369.1701 	DATA 	Keypress: rctrl
369.2530 	EXP 	Sound  started
369.9060 	DATA 	Keypress: lctrl
370.0030 	EXP 	Sound  started
370.6900 	DATA 	Keypress: lctrl
370.7530 	EXP 	Sound  started
371.4581 	DATA 	Keypress: rctrl
371.5030 	EXP 	Sound  started
372.2531 	EXP 	Sound  started
372.3061 	DATA 	Keypress: lctrl
373.0031 	EXP 	Sound  started
373.0420 	DATA 	Keypress: lctrl
373.6980 	DATA 	Keypress: lctrl
373.7531 	EXP 	Sound  started
374.4981 	DATA 	Keypress: lctrl
374.5031 	EXP 	Sound  started
375.2181 	DATA 	Keypress: rctrl
375.2531 	EXP 	Sound  started
375.9541 	DATA 	Keypress: lctrl
376.0031 	EXP 	Sound  started
376.7381 	DATA 	Keypress: lctrl
376.7531 	EXP 	Sound  started
377.4901 	DATA 	Keypress: lctrl
377.5031 	EXP 	Sound  started
378.2532 	EXP 	Sound  started
378.2900 	DATA 	Keypress: rctrl
378.9780 	DATA 	Keypress: lctrl
379.0032 	EXP 	Sound  started
379.7532 	EXP 	Sound  started
379.7620 	DATA 	Keypress: rctrl
380.4341 	DATA 	Keypress: lctrl
380.5032 	EXP 	Sound  started
381.1380 	DATA 	Keypress: rctrl
381.2532 	EXP 	Sound  started
381.8900 	DATA 	Keypress: rctrl
382.0032 	EXP 	Sound  started
382.6901 	DATA 	Keypress: rctrl
382.7533 	EXP 	Sound  started
383.5033 	EXP 	Sound  started
383.5221 	DATA 	Keypress: lctrl
384.2260 	DATA 	Keypress: rctrl
384.2533 	EXP 	Sound  started
384.9940 	DATA 	Keypress: lctrl
385.0033 	EXP 	Sound  started
385.7885 	DATA 	Keypress: rctrl
391.9097 	DATA 	Keypress: 2
391.9262 	EXP 	unnamed ShapeStim: vertices = <class 'numpy.ndarray'>
398.9821 	DATA 	Keypress: 2
398.9986 	EXP 	unnamed ShapeStim: vertices = <class 'numpy.ndarray'>
403.0021 	DATA 	Keypress: 2
403.0186 	EXP 	unnamed ShapeStim: vertices = <class 'numpy.ndarray'>
405.3035 	EXP 	Sound  started
405.7301 	DATA 	Keypress: lctrl
406.0535 	EXP 	Sound  started
406.2100 	DATA 	Keypress: rctrl
406.8035 	EXP 	Sound  started
406.8501 	DATA 	Keypress: lctrl
407.5380 	DATA 	Keypress: lctrl
407.5535 	EXP 	Sound  started
408.3035 	EXP 	Sound  started
408.3061 	DATA 	Keypress: lctrl
408.9940 	DATA 	Keypress: rctrl
409.0535 	EXP 	Sound  started
409.7941 	DATA 	Keypress: rctrl
409.8035 	EXP 	Sound  started
410.4821 	DATA 	Keypress: rctrl
410.5536 	EXP 	Sound  started
411.2341 	DATA 	Keypress: lctrl
411.3036 	EXP 	Sound  started
412.0340 	DATA 	Keypress: rctrl
412.0536 	EXP 	Sound  started
412.7220 	DATA 	Keypress: lctrl
412.8036 	EXP 	Sound  started
413.5220 	DATA 	Keypress: lctrl
413.5536 	EXP 	Sound  started
414.3036 	EXP 	Sound  started
414.3541 	DATA 	Keypress: lctrl
415.0536 	EXP 	Sound  started
415.0740 	DATA 	Keypress: lctrl
415.7941 	DATA 	Keypress: lctrl
415.8036 	EXP 	Sound  started
416.5461 	DATA 	Keypress: rctrl
416.5537 	EXP 	Sound  started
417.2020 	DATA 	Keypress: lctrl
417.3037 	EXP 	Sound  started
418.0020 	DATA 	Keypress: lctrl
418.0537 	EXP 	Sound  started
418.7861 	DATA 	Keypress: lctrl
418.8037 	EXP 	Sound  started
419.5381 	DATA 	Keypress: lctrl
419.5537 	EXP 	Sound  started
420.2900 	DATA 	Keypress: rctrl
420.3037 	EXP 	Sound  started
421.0420 	DATA 	Keypress: rctrl
421.0538 	EXP 	Sound  started
421.7300 	DATA 	Keypress: lctrl
421.8038 	EXP 	Sound  started
422.4500 	DATA 	Keypress: rctrl
422.5538 	EXP 	Sound  started
423.3038 	EXP 	Sound  started
423.4100 	DATA 	Keypress: lctrl
424.0342 	DATA 	Keypress: lctrl
424.0538 	EXP 	Sound  started
424.8038 	EXP 	Sound  started
424.8180 	DATA 	Keypress: lctrl
425.5539 	EXP 	Sound  started
425.5541 	DATA 	Keypress: lctrl
426.2421 	DATA 	Keypress: rctrl
426.3039 	EXP 	Sound  started
427.0100 	DATA 	Keypress: lctrl
427.0539 	EXP 	Sound  started
427.7940 	DATA 	Keypress: rctrl
427.8039 	EXP 	Sound  started
428.4661 	DATA 	Keypress: rctrl
428.5539 	EXP 	Sound  started
429.2341 	DATA 	Keypress: lctrl
429.3039 	EXP 	Sound  started
430.0500 	DATA 	Keypress: rctrl
430.0539 	EXP 	Sound  started
430.7861 	DATA 	Keypress: rctrl
430.8039 	EXP 	Sound  started
431.5380 	DATA 	Keypress: rctrl
431.5540 	EXP 	Sound  started
432.2420 	DATA 	Keypress: lctrl
432.3040 	EXP 	Sound  started
433.0420 	DATA 	Keypress: rctrl
433.0540 	EXP 	Sound  started
433.7620 	DATA 	Keypress: lctrl
433.8040 	EXP 	Sound  started
434.5460 	DATA 	Keypress: rctrl
434.5540 	EXP 	Sound  started
435.2980 	DATA 	Keypress: rctrl
435.3040 	EXP 	Sound  started
435.9701 	DATA 	Keypress: lctrl
436.0540 	EXP 	Sound  started
436.7701 	DATA 	Keypress: rctrl
436.8040 	EXP 	Sound  started
437.5541 	EXP 	Sound  started
437.5700 	DATA 	Keypress: rctrl
438.3041 	EXP 	Sound  started
438.3540 	DATA 	Keypress: lctrl
438.9940 	DATA 	Keypress: rctrl
439.0541 	EXP 	Sound  started
439.7620 	DATA 	Keypress: rctrl
439.8041 	EXP 	Sound  started
440.5541 	EXP 	Sound  started
440.6261 	DATA 	Keypress: rctrl
441.1701 	DATA 	Keypress: lctrl
441.3041 	EXP 	Sound  started
441.9381 	DATA 	Keypress: rctrl
442.0542 	EXP 	Sound  started
442.7380 	DATA 	Keypress: lctrl
442.8042 	EXP 	Sound  started
443.5220 	DATA 	Keypress: lctrl
443.5542 	EXP 	Sound  started
444.2900 	DATA 	Keypress: lctrl
444.3042 	EXP 	Sound  started
445.0542 	EXP 	Sound  started
445.0740 	DATA 	Keypress: lctrl
445.8042 	EXP 	Sound  started
445.8261 	DATA 	Keypress: rctrl
446.4821 	DATA 	Keypress: lctrl
446.5543 	EXP 	Sound  started
447.2500 	DATA 	Keypress: lctrl
447.3043 	EXP 	Sound  started
448.0501 	DATA 	Keypress: rctrl
448.0543 	EXP 	Sound  started
448.8043 	EXP 	Sound  started
448.8180 	DATA 	Keypress: rctrl
449.5543 	EXP 	Sound  started
449.6821 	DATA 	Keypress: rctrl
450.2262 	DATA 	Keypress: rctrl
450.3043 	EXP 	Sound  started
450.8661 	DATA 	Keypress: lctrl
451.0543 	EXP 	Sound  started
451.7140 	DATA 	Keypress: lctrl
451.8043 	EXP 	Sound  started
452.4340 	DATA 	Keypress: rctrl
452.5544 	EXP 	Sound  started
453.2660 	DATA 	Keypress: lctrl
456.3458 	DATA 	Keypress: 3
456.3623 	EXP 	unnamed ShapeStim: vertices = <class 'numpy.ndarray'>
460.6326 	DATA 	Keypress: 4
460.6491 	EXP 	unnamed ShapeStim: vertices = <class 'numpy.ndarray'>
467.3214 	DATA 	Keypress: 4
467.3379 	EXP 	unnamed ShapeStim: vertices = <class 'numpy.ndarray'>
469.6229 	EXP 	Sound  started
469.6233 	DATA 	Keypress: lctrl
470.2900 	DATA 	Keypress: rctrl
470.3729 	EXP 	Sound  started
471.1229 	EXP 	Sound  started
471.2500 	DATA 	Keypress: rctrl
471.7942 	DATA 	Keypress: rctrl
471.8729 	EXP 	Sound  started
472.4980 	DATA 	Keypress: lctrl
472.6229 	EXP 	Sound  started
473.3461 	DATA 	Keypress: rctrl
473.3729 	EXP 	Sound  started
474.0340 	DATA 	Keypress: rctrl
474.1229 	EXP 	Sound  started
474.8020 	DATA 	Keypress: rctrl
474.8729 	EXP 	Sound  started
475.6230 	EXP 	Sound  started
475.6660 	DATA 	Keypress: lctrl
476.2580 	DATA 	Keypress: lctrl
476.3730 	EXP 	Sound  started
477.0260 	DATA 	Keypress: lctrl
477.1230 	EXP 	Sound  started
477.8730 	EXP 	Sound  started
477.8741 	DATA 	Keypress: lctrl
478.5141 	DATA 	Keypress: rctrl
478.6230 	EXP 	Sound  started
479.3301 	DATA 	Keypress: lctrl
479.3730 	EXP 	Sound  started
480.1231 	EXP 	Sound  started
480.2260 	DATA 	Keypress: rctrl
480.7700 	DATA 	Keypress: rctrl
480.8731 	EXP 	Sound  started
481.5540 	DATA 	Keypress: rctrl
481.6231 	EXP 	Sound  started
482.2900 	DATA 	Keypress: lctrl
482.3731 	EXP 	Sound  started
483.0900 	DATA 	Keypress: lctrl
483.1231 	EXP 	Sound  started
483.7780 	DATA 	Keypress: lctrl
483.8731 	EXP 	Sound  started
484.6100 	DATA 	Keypress: lctrl
484.6232 	EXP 	Sound  started
485.2821 	DATA 	Keypress: lctrl
485.3732 	EXP 	Sound  started
486.0980 	DATA 	Keypress: lctrl
486.1232 	EXP 	Sound  started
486.8732 	EXP 	Sound  started
486.8821 	DATA 	Keypress: lctrl
487.5860 	DATA 	Keypress: lctrl
487.6232 	EXP 	Sound  started
488.2901 	DATA 	Keypress: rctrl
488.3732 	EXP 	Sound  started
489.0582 	DATA 	Keypress: lctrl
489.1232 	EXP 	Sound  started
489.8261 	DATA 	Keypress: rctrl
489.8733 	EXP 	Sound  started
490.5940 	DATA 	Keypress: rctrl
490.6233 	EXP 	Sound  started
491.3620 	DATA 	Keypress: rctrl
491.3733 	EXP 	Sound  started
492.0660 	DATA 	Keypress: rctrl
492.1233 	EXP 	Sound  started
492.7861 	DATA 	Keypress: rctrl
492.8733 	EXP 	Sound  started
493.5380 	DATA 	Keypress: lctrl
493.6233 	EXP 	Sound  started
494.2900 	DATA 	Keypress: rctrl
494.3734 	EXP 	Sound  started
494.9940 	DATA 	Keypress: lctrl
495.1234 	EXP 	Sound  started
495.7781 	DATA 	Keypress: lctrl
495.8734 	EXP 	Sound  started
496.5940 	DATA 	Keypress: lctrl
496.6234 	EXP 	Sound  started
497.3734 	EXP 	Sound  started
497.4101 	DATA 	Keypress: rctrl
498.0820 	DATA 	Keypress: lctrl
498.1234 	EXP 	Sound  started
498.8500 	DATA 	Keypress: lctrl
498.8734 	EXP 	Sound  started
499.6020 	DATA 	Keypress: lctrl
499.6235 	EXP 	Sound  started
500.3700 	DATA 	Keypress: rctrl
500.3735 	EXP 	Sound  started
501.0581 	DATA 	Keypress: rctrl
501.1235 	EXP 	Sound  started
501.6980 	DATA 	Keypress: rctrl
501.8735 	EXP 	Sound  started
502.4661 	DATA 	Keypress: rctrl
502.6235 	EXP 	Sound  started
503.2821 	DATA 	Keypress: rctrl
503.3735 	EXP 	Sound  started
504.0340 	DATA 	Keypress: lctrl
504.1235 	EXP 	Sound  started
504.8180 	DATA 	Keypress: rctrl
504.8736 	EXP 	Sound  started
505.6020 	DATA 	Keypress: lctrl
505.6236 	EXP 	Sound  started
506.2580 	DATA 	Keypress: rctrl
506.3736 	EXP 	Sound  started
507.0101 	DATA 	Keypress: lctrl
507.1236 	EXP 	Sound  started
507.8261 	DATA 	Keypress: lctrl
507.8736 	EXP 	Sound  started
508.5141 	DATA 	Keypress: rctrl
508.6236 	EXP 	Sound  started
509.3141 	DATA 	Keypress: lctrl
509.3736 	EXP 	Sound  started
510.0662 	DATA 	Keypress: rctrl
510.1236 	EXP 	Sound  started
510.8021 	DATA 	Keypress: lctrl
510.8737 	EXP 	Sound  started
511.6020 	DATA 	Keypress: lctrl
511.6237 	EXP 	Sound  started
512.3061 	DATA 	Keypress: lctrl
512.3737 	EXP 	Sound  started
513.0580 	DATA 	Keypress: lctrl
513.1237 	EXP 	Sound  started
513.6181 	DATA 	Keypress: rctrl
513.8737 	EXP 	Sound  started
514.4340 	DATA 	Keypress: rctrl
514.6237 	EXP 	Sound  started
515.2020 	DATA 	Keypress: lctrl
515.3737 	EXP 	Sound  started
515.8260 	DATA 	Keypress: rctrl
520.8987 	DATA 	Keypress: 4
520.9152 	EXP 	unnamed ShapeStim: vertices = <class 'numpy.ndarray'>
525.0355 	DATA 	Keypress: 4
525.0519 	EXP 	unnamed ShapeStim: vertices = <class 'numpy.ndarray'>
528.9219 	DATA 	Keypress: 4
528.9384 	EXP 	unnamed ShapeStim: vertices = <class 'numpy.ndarray'>
531.2230 	EXP 	Sound  started
531.2235 	DATA 	Keypress: lctrl
531.8900 	DATA 	Keypress: rctrl
531.9730 	EXP 	Sound  started
532.6260 	DATA 	Keypress: lctrl
532.7230 	EXP 	Sound  started
533.4580 	DATA 	Keypress: lctrl
533.4730 	EXP 	Sound  started
534.1460 	DATA 	Keypress: rctrl
534.2230 	EXP 	Sound  started
534.9730 	EXP 	Sound  started
535.0741 	DATA 	Keypress: rctrl
535.6501 	DATA 	Keypress: rctrl
535.7230 	EXP 	Sound  started
536.3860 	DATA 	Keypress: rctrl
536.4731 	EXP 	Sound  started
537.2020 	DATA 	Keypress: lctrl
537.2231 	EXP 	Sound  started
537.9220 	DATA 	Keypress: rctrl
537.9731 	EXP 	Sound  started
538.6420 	DATA 	Keypress: lctrl
538.7231 	EXP 	Sound  started
539.3780 	DATA 	Keypress: lctrl
539.4731 	EXP 	Sound  started
540.1940 	DATA 	Keypress: lctrl
540.2231 	EXP 	Sound  started
540.8820 	DATA 	Keypress: lctrl
540.9731 	EXP 	Sound  started
541.6980 	DATA 	Keypress: lctrl
541.7232 	EXP 	Sound  started
542.4660 	DATA 	Keypress: rctrl
542.4732 	EXP 	Sound  started
543.1860 	DATA 	Keypress: lctrl
543.2232 	EXP 	Sound  started
543.9540 	DATA 	Keypress: rctrl
543.9732 	EXP 	Sound  started
544.7232 	EXP 	Sound  started
544.7541 	DATA 	Keypress: rctrl
545.4260 	DATA 	Keypress: rctrl
545.4732 	EXP 	Sound  started
546.1780 	DATA 	Keypress: rctrl
546.2233 	EXP 	Sound  started
546.8180 	DATA 	Keypress: rctrl
546.9733 	EXP 	Sound  started
547.5540 	DATA 	Keypress: lctrl
547.7233 	EXP 	Sound  started
548.3380 	DATA 	Keypress: rctrl
548.4733 	EXP 	Sound  started
549.1382 	DATA 	Keypress: lctrl
549.2233 	EXP 	Sound  started
549.8900 	DATA 	Keypress: lctrl
549.9733 	EXP 	Sound  started
550.7060 	DATA 	Keypress: rctrl
550.7233 	EXP 	Sound  started
551.3780 	DATA 	Keypress: lctrl
551.4734 	EXP 	Sound  started
552.1621 	DATA 	Keypress: lctrl
552.2234 	EXP 	Sound  started
552.8820 	DATA 	Keypress: lctrl
552.9734 	EXP 	Sound  started
553.4900 	DATA 	Keypress: rctrl
553.7234 	EXP 	Sound  started
554.2260 	DATA 	Keypress: rctrl
554.4734 	EXP 	Sound  started
555.0260 	DATA 	Keypress: lctrl
555.2234 	EXP 	Sound  started
555.9380 	DATA 	Keypress: rctrl
555.9734 	EXP 	Sound  started
556.6580 	DATA 	Keypress: lctrl
556.7235 	EXP 	Sound  started
557.3301 	DATA 	Keypress: rctrl
557.4735 	EXP 	Sound  started
558.0020 	DATA 	Keypress: rctrl
558.2235 	EXP 	Sound  started
558.7700 	DATA 	Keypress: lctrl
558.9735 	EXP 	Sound  started
559.6020 	DATA 	Keypress: rctrl
559.7235 	EXP 	Sound  started
560.4340 	DATA 	Keypress: lctrl
560.4735 	EXP 	Sound  started
561.1860 	DATA 	Keypress: rctrl
561.2236 	EXP 	Sound  started
561.8740 	DATA 	Keypress: rctrl
561.9736 	EXP 	Sound  started
562.6260 	DATA 	Keypress: lctrl
562.7236 	EXP 	Sound  started
563.4260 	DATA 	Keypress: rctrl
563.4736 	EXP 	Sound  started
564.1460 	DATA 	Keypress: lctrl
564.2236 	EXP 	Sound  started
564.8980 	DATA 	Keypress: lctrl
564.9736 	EXP 	Sound  started
565.6500 	DATA 	Keypress: rctrl
565.7237 	EXP 	Sound  started
566.4020 	DATA 	Keypress: lctrl
566.4737 	EXP 	Sound  started
567.0740 	DATA 	Keypress: lctrl
567.2237 	EXP 	Sound  started
567.7620 	DATA 	Keypress: lctrl
567.9737 	EXP 	Sound  started
568.6100 	DATA 	Keypress: lctrl
568.7237 	EXP 	Sound  started
569.4260 	DATA 	Keypress: rctrl
569.4737 	EXP 	Sound  started
570.1620 	DATA 	Keypress: rctrl
570.2237 	EXP 	Sound  started
570.9738 	EXP 	Sound  started
570.9780 	DATA 	Keypress: rctrl
571.6660 	DATA 	Keypress: rctrl
571.7238 	EXP 	Sound  started
572.4181 	DATA 	Keypress: lctrl
572.4738 	EXP 	Sound  started
573.2181 	DATA 	Keypress: rctrl
573.2238 	EXP 	Sound  started
573.8900 	DATA 	Keypress: lctrl
573.9738 	EXP 	Sound  started
574.7238 	EXP 	Sound  started
574.7380 	DATA 	Keypress: lctrl
575.3780 	DATA 	Keypress: lctrl
575.4738 	EXP 	Sound  started
576.1140 	DATA 	Keypress: rctrl
576.2239 	EXP 	Sound  started
576.9301 	DATA 	Keypress: rctrl
576.9739 	EXP 	Sound  started
577.7239 	EXP 	Sound  started
577.7620 	DATA 	Keypress: rctrl
578.4180 	DATA 	Keypress: lctrl
578.4739 	EXP 	Sound  started
579.2239 	EXP 	Sound  started
579.3940 	DATA 	Keypress: rctrl
579.9061 	DATA 	Keypress: lctrl
579.9739 	EXP 	Sound  started
580.6581 	DATA 	Keypress: rctrl
580.7239 	EXP 	Sound  started
581.3940 	DATA 	Keypress: lctrl
581.4739 	EXP 	Sound  started
582.1941 	DATA 	Keypress: lctrl
582.2240 	EXP 	Sound  started
582.9740 	EXP 	Sound  started
582.9780 	DATA 	Keypress: lctrl
583.6020 	DATA 	Keypress: rctrl
583.7240 	EXP 	Sound  started
584.4020 	DATA 	Keypress: lctrl
584.4740 	EXP 	Sound  started
585.1380 	DATA 	Keypress: rctrl
585.2240 	EXP 	Sound  started
585.8420 	DATA 	Keypress: rctrl
585.9740 	EXP 	Sound  started
586.6100 	DATA 	Keypress: rctrl
586.7240 	EXP 	Sound  started
587.3620 	DATA 	Keypress: rctrl
587.4741 	EXP 	Sound  started
588.2101 	DATA 	Keypress: rctrl
588.2241 	EXP 	Sound  started
588.9300 	DATA 	Keypress: lctrl
593.7955 	DATA 	Keypress: 3
593.8249 	EXP 	unnamed ShapeStim: vertices = <class 'numpy.ndarray'>
600.5973 	DATA 	Keypress: 3
600.6138 	EXP 	unnamed ShapeStim: vertices = <class 'numpy.ndarray'>
606.9525 	DATA 	Keypress: 2
606.9690 	EXP 	unnamed ShapeStim: vertices = <class 'numpy.ndarray'>
609.2536 	EXP 	Sound  started
609.3780 	DATA 	Keypress: lctrl
610.0020 	DATA 	Keypress: rctrl
610.0035 	EXP 	Sound  started
610.6581 	DATA 	Keypress: rctrl
610.7535 	EXP 	Sound  started
611.4260 	DATA 	Keypress: rctrl
611.5035 	EXP 	Sound  started
612.0980 	DATA 	Keypress: lctrl
612.2536 	EXP 	Sound  started
612.7540 	DATA 	Keypress: rctrl
613.0036 	EXP 	Sound  started
613.6180 	DATA 	Keypress: lctrl
613.7536 	EXP 	Sound  started
614.3061 	DATA 	Keypress: lctrl
614.5036 	EXP 	Sound  started
615.0420 	DATA 	Keypress: lctrl
615.2536 	EXP 	Sound  started
615.8260 	DATA 	Keypress: lctrl
616.0036 	EXP 	Sound  started
616.4340 	DATA 	Keypress: rctrl
616.7536 	EXP 	Sound  started
617.2500 	DATA 	Keypress: lctrl
617.5037 	EXP 	Sound  started
617.9860 	DATA 	Keypress: rctrl
618.2537 	EXP 	Sound  started
618.7380 	DATA 	Keypress: lctrl
619.0037 	EXP 	Sound  started
619.5860 	DATA 	Keypress: rctrl
619.7537 	EXP 	Sound  started
620.4501 	DATA 	Keypress: rctrl
620.5037 	EXP 	Sound  started
621.2020 	DATA 	Keypress: rctrl
621.2537 	EXP 	Sound  started
621.9540 	DATA 	Keypress: lctrl
622.0037 	EXP 	Sound  started
622.6260 	DATA 	Keypress: rctrl
622.7538 	EXP 	Sound  started
623.3940 	DATA 	Keypress: lctrl
623.5038 	EXP 	Sound  started
624.1780 	DATA 	Keypress: lctrl
624.2538 	EXP 	Sound  started
624.9620 	DATA 	Keypress: rctrl
625.0038 	EXP 	Sound  started
625.6660 	DATA 	Keypress: lctrl
625.7538 	EXP 	Sound  started
626.4980 	DATA 	Keypress: lctrl
626.5038 	EXP 	Sound  started
627.2180 	DATA 	Keypress: rctrl
627.2539 	EXP 	Sound  started
627.9700 	DATA 	Keypress: rctrl
628.0039 	EXP 	Sound  started
628.6420 	DATA 	Keypress: lctrl
628.7539 	EXP 	Sound  started
629.4260 	DATA 	Keypress: rctrl
629.5039 	EXP 	Sound  started
630.1460 	DATA 	Keypress: lctrl
630.2539 	EXP 	Sound  started
630.9141 	DATA 	Keypress: rctrl
631.0039 	EXP 	Sound  started
631.6340 	DATA 	Keypress: rctrl
631.7539 	EXP 	Sound  started
632.4180 	DATA 	Keypress: lctrl
632.5040 	EXP 	Sound  started
633.1700 	DATA 	Keypress: lctrl
633.2540 	EXP 	Sound  started
633.9220 	DATA 	Keypress: lctrl
634.0040 	EXP 	Sound  started
634.7380 	DATA 	Keypress: lctrl
634.7540 	EXP 	Sound  started
635.4420 	DATA 	Keypress: rctrl
635.5040 	EXP 	Sound  started
636.1940 	DATA 	Keypress: lctrl
636.2540 	EXP 	Sound  started
636.9460 	DATA 	Keypress: rctrl
637.0040 	EXP 	Sound  started
637.7300 	DATA 	Keypress: rctrl
637.7541 	EXP 	Sound  started
638.4500 	DATA 	Keypress: rctrl
638.5041 	EXP 	Sound  started
639.1380 	DATA 	Keypress: lctrl
639.2541 	EXP 	Sound  started
639.9540 	DATA 	Keypress: lctrl
640.0041 	EXP 	Sound  started
640.6900 	DATA 	Keypress: lctrl
640.7541 	EXP 	Sound  started
641.4259 	DATA 	Keypress: rctrl
641.5041 	EXP 	Sound  started
642.1940 	DATA 	Keypress: lctrl
642.2542 	EXP 	Sound  started
642.9780 	DATA 	Keypress: rctrl
643.0042 	EXP 	Sound  started
643.7140 	DATA 	Keypress: rctrl
643.7542 	EXP 	Sound  started
644.4660 	DATA 	Keypress: rctrl
644.5042 	EXP 	Sound  started
645.1861 	DATA 	Keypress: rctrl
645.2542 	EXP 	Sound  started
645.9540 	DATA 	Keypress: rctrl
646.0042 	EXP 	Sound  started
646.7220 	DATA 	Keypress: lctrl
646.7542 	EXP 	Sound  started
647.4420 	DATA 	Keypress: rctrl
647.5043 	EXP 	Sound  started
648.1300 	DATA 	Keypress: lctrl
648.2543 	EXP 	Sound  started
648.9141 	DATA 	Keypress: lctrl
649.0043 	EXP 	Sound  started
649.7300 	DATA 	Keypress: lctrl
649.7543 	EXP 	Sound  started
650.3860 	DATA 	Keypress: lctrl
650.5043 	EXP 	Sound  started
651.2020 	DATA 	Keypress: rctrl
651.2543 	EXP 	Sound  started
651.8741 	DATA 	Keypress: lctrl
652.0043 	EXP 	Sound  started
652.6900 	DATA 	Keypress: rctrl
652.7544 	EXP 	Sound  started
653.3940 	DATA 	Keypress: lctrl
653.5044 	EXP 	Sound  started
654.2260 	DATA 	Keypress: rctrl
654.2544 	EXP 	Sound  started
654.9780 	DATA 	Keypress: lctrl
657.7646 	DATA 	Keypress: 2
657.7939 	EXP 	unnamed ShapeStim: vertices = <class 'numpy.ndarray'>
663.9658 	DATA 	Keypress: 3
663.9823 	EXP 	unnamed ShapeStim: vertices = <class 'numpy.ndarray'>
667.7356 	DATA 	Keypress: 2
667.7521 	EXP 	unnamed ShapeStim: vertices = <class 'numpy.ndarray'>
670.0364 	EXP 	Sound  started
670.0367 	DATA 	Keypress: lctrl
670.6900 	DATA 	Keypress: rctrl
670.7864 	EXP 	Sound  started
671.4260 	DATA 	Keypress: rctrl
671.5364 	EXP 	Sound  started
672.1620 	DATA 	Keypress: lctrl
672.2864 	EXP 	Sound  started
672.8820 	DATA 	Keypress: lctrl
673.0364 	EXP 	Sound  started
673.7620 	DATA 	Keypress: rctrl
673.7864 	EXP 	Sound  started
674.4180 	DATA 	Keypress: rctrl
674.5364 	EXP 	Sound  started
675.1380 	DATA 	Keypress: rctrl
675.2865 	EXP 	Sound  started
675.9380 	DATA 	Keypress: lctrl
676.0365 	EXP 	Sound  started
676.7060 	DATA 	Keypress: rctrl
676.7865 	EXP 	Sound  started
677.4420 	DATA 	Keypress: rctrl
677.5365 	EXP 	Sound  started
678.1620 	DATA 	Keypress: lctrl
678.2865 	EXP 	Sound  started
678.8981 	DATA 	Keypress: rctrl
679.0365 	EXP 	Sound  started
679.6500 	DATA 	Keypress: rctrl
679.7865 	EXP 	Sound  started
680.4340 	DATA 	Keypress: lctrl
680.5365 	EXP 	Sound  started
681.1700 	DATA 	Keypress: lctrl
681.2866 	EXP 	Sound  started
681.9700 	DATA 	Keypress: lctrl
682.0366 	EXP 	Sound  started
682.6740 	DATA 	Keypress: lctrl
682.7866 	EXP 	Sound  started
683.2500 	DATA 	Keypress: lctrl
683.5366 	EXP 	Sound  started
684.0340 	DATA 	Keypress: rctrl
684.2866 	EXP 	Sound  started
684.8340 	DATA 	Keypress: lctrl
685.0366 	EXP 	Sound  started
685.6020 	DATA 	Keypress: rctrl
685.7866 	EXP 	Sound  started
686.4819 	DATA 	Keypress: lctrl
686.5367 	EXP 	Sound  started
687.2501 	DATA 	Keypress: rctrl
687.2867 	EXP 	Sound  started
687.9379 	DATA 	Keypress: lctrl
688.0367 	EXP 	Sound  started
688.6580 	DATA 	Keypress: lctrl
688.7867 	EXP 	Sound  started
689.5060 	DATA 	Keypress: lctrl
689.5367 	EXP 	Sound  started
690.2740 	DATA 	Keypress: rctrl
690.2867 	EXP 	Sound  started
690.9780 	DATA 	Keypress: lctrl
691.0368 	EXP 	Sound  started
691.6661 	DATA 	Keypress: rctrl
691.7868 	EXP 	Sound  started
692.3380 	DATA 	Keypress: rctrl
692.5368 	EXP 	Sound  started
693.0900 	DATA 	Keypress: rctrl
693.2868 	EXP 	Sound  started
693.7621 	DATA 	Keypress: lctrl
694.0368 	EXP 	Sound  started
694.4660 	DATA 	Keypress: lctrl
694.7868 	EXP 	Sound  started
695.2660 	DATA 	Keypress: rctrl
695.5368 	EXP 	Sound  started
696.0021 	DATA 	Keypress: rctrl
696.2869 	EXP 	Sound  started
696.8660 	DATA 	Keypress: rctrl
697.0369 	EXP 	Sound  started
697.5540 	DATA 	Keypress: lctrl
697.7869 	EXP 	Sound  started
698.3540 	DATA 	Keypress: rctrl
698.5369 	EXP 	Sound  started
699.1220 	DATA 	Keypress: lctrl
699.2869 	EXP 	Sound  started
699.8420 	DATA 	Keypress: lctrl
700.0369 	EXP 	Sound  started
700.5940 	DATA 	Keypress: rctrl
700.7869 	EXP 	Sound  started
701.2981 	DATA 	Keypress: lctrl
701.5370 	EXP 	Sound  started
702.0501 	DATA 	Keypress: lctrl
702.2870 	EXP 	Sound  started
702.8180 	DATA 	Keypress: lctrl
703.0370 	EXP 	Sound  started
703.5060 	DATA 	Keypress: rctrl
703.7870 	EXP 	Sound  started
704.2900 	DATA 	Keypress: rctrl
704.5370 	EXP 	Sound  started
705.0420 	DATA 	Keypress: rctrl
705.2870 	EXP 	Sound  started
705.8260 	DATA 	Keypress: rctrl
706.0370 	EXP 	Sound  started
706.5620 	DATA 	Keypress: lctrl
706.7871 	EXP 	Sound  started
707.3300 	DATA 	Keypress: lctrl
707.5371 	EXP 	Sound  started
708.1460 	DATA 	Keypress: rctrl
708.2871 	EXP 	Sound  started
708.9300 	DATA 	Keypress: lctrl
709.0371 	EXP 	Sound  started
709.6340 	DATA 	Keypress: rctrl
709.7871 	EXP 	Sound  started
710.3540 	DATA 	Keypress: lctrl
710.5371 	EXP 	Sound  started
711.1220 	DATA 	Keypress: lctrl
711.2872 	EXP 	Sound  started
711.8260 	DATA 	Keypress: lctrl
712.0372 	EXP 	Sound  started
712.6901 	DATA 	Keypress: rctrl
712.7872 	EXP 	Sound  started
713.4101 	DATA 	Keypress: rctrl
716.5089 	DATA 	Keypress: 3
716.5254 	EXP 	unnamed ShapeStim: vertices = <class 'numpy.ndarray'>
720.9792 	DATA 	Keypress: 3
720.9957 	EXP 	unnamed ShapeStim: vertices = <class 'numpy.ndarray'>
726.9675 	DATA 	Keypress: 3
726.9839 	EXP 	unnamed ShapeStim: vertices = <class 'numpy.ndarray'>
729.2680 	EXP 	Sound  started
729.2684 	DATA 	Keypress: lctrl
729.9381 	DATA 	Keypress: rctrl
730.0180 	EXP 	Sound  started
730.7220 	DATA 	Keypress: lctrl
730.7680 	EXP 	Sound  started
731.5180 	EXP 	Sound  started
731.5220 	DATA 	Keypress: lctrl
732.1621 	DATA 	Keypress: rctrl
732.2680 	EXP 	Sound  started
732.9300 	DATA 	Keypress: rctrl
733.0180 	EXP 	Sound  started
733.7300 	DATA 	Keypress: rctrl
733.7681 	EXP 	Sound  started
734.4660 	DATA 	Keypress: rctrl
734.5181 	EXP 	Sound  started
735.1060 	DATA 	Keypress: lctrl
735.2681 	EXP 	Sound  started
735.8420 	DATA 	Keypress: rctrl
736.0181 	EXP 	Sound  started
736.6100 	DATA 	Keypress: lctrl
736.7681 	EXP 	Sound  started
737.2980 	DATA 	Keypress: rctrl
737.5181 	EXP 	Sound  started
738.0020 	DATA 	Keypress: rctrl
738.2681 	EXP 	Sound  started
738.7380 	DATA 	Keypress: lctrl
739.0181 	EXP 	Sound  started
739.5060 	DATA 	Keypress: rctrl
739.7682 	EXP 	Sound  started
740.3861 	DATA 	Keypress: lctrl
740.5182 	EXP 	Sound  started
741.0420 	DATA 	Keypress: lctrl
741.2682 	EXP 	Sound  started
741.7940 	DATA 	Keypress: rctrl
742.0182 	EXP 	Sound  started
742.4820 	DATA 	Keypress: lctrl
742.7682 	EXP 	Sound  started
743.2819 	DATA 	Keypress: lctrl
743.5182 	EXP 	Sound  started
744.0180 	DATA 	Keypress: lctrl
744.2683 	EXP 	Sound  started
744.8340 	DATA 	Keypress: rctrl
745.0183 	EXP 	Sound  started
745.7140 	DATA 	Keypress: lctrl
745.7683 	EXP 	Sound  started
746.4819 	DATA 	Keypress: rctrl
746.5183 	EXP 	Sound  started
747.2500 	DATA 	Keypress: rctrl
747.2683 	EXP 	Sound  started
747.8261 	DATA 	Keypress: lctrl
748.0183 	EXP 	Sound  started
748.5460 	DATA 	Keypress: rctrl
748.7683 	EXP 	Sound  started
749.3460 	DATA 	Keypress: lctrl
749.5183 	EXP 	Sound  started
749.9540 	DATA 	Keypress: rctrl
750.2684 	EXP 	Sound  started
750.8500 	DATA 	Keypress: rctrl
751.0184 	EXP 	Sound  started
751.6500 	DATA 	Keypress: rctrl
751.7684 	EXP 	Sound  started
752.3221 	DATA 	Keypress: lctrl
752.5184 	EXP 	Sound  started
753.0261 	DATA 	Keypress: rctrl
753.2684 	EXP 	Sound  started
753.7140 	DATA 	Keypress: rctrl
754.0184 	EXP 	Sound  started
754.5780 	DATA 	Keypress: rctrl
754.7684 	EXP 	Sound  started
754.7700 	DATA 	Keypress: lctrl
755.5060 	DATA 	Keypress: lctrl
755.5185 	EXP 	Sound  started
756.1940 	DATA 	Keypress: lctrl
756.2685 	EXP 	Sound  started
756.9940 	DATA 	Keypress: rctrl
757.0185 	EXP 	Sound  started
757.7460 	DATA 	Keypress: lctrl
757.7685 	EXP 	Sound  started
758.5185 	EXP 	Sound  started
758.5620 	DATA 	Keypress: rctrl
759.2340 	DATA 	Keypress: rctrl
759.2685 	EXP 	Sound  started
760.0021 	DATA 	Keypress: lctrl
760.0185 	EXP 	Sound  started
760.7381 	DATA 	Keypress: lctrl
760.7686 	EXP 	Sound  started
761.5059 	DATA 	Keypress: lctrl
761.5186 	EXP 	Sound  started
762.2101 	DATA 	Keypress: lctrl
762.2686 	EXP 	Sound  started
762.9460 	DATA 	Keypress: rctrl
763.0186 	EXP 	Sound  started
763.6981 	DATA 	Keypress: rctrl
763.7686 	EXP 	Sound  started
764.4020 	DATA 	Keypress: rctrl
764.5186 	EXP 	Sound  started
765.1380 	DATA 	Keypress: rctrl
765.2687 	EXP 	Sound  started
765.8740 	DATA 	Keypress: rctrl
766.0187 	EXP 	Sound  started
766.6580 	DATA 	Keypress: lctrl
766.7687 	EXP 	Sound  started
767.4100 	DATA 	Keypress: lctrl
767.5187 	EXP 	Sound  started
768.1140 	DATA 	Keypress: rctrl
768.2687 	EXP 	Sound  started
768.8660 	DATA 	Keypress: lctrl
769.0187 	EXP 	Sound  started
769.6180 	DATA 	Keypress: rctrl
769.7687 	EXP 	Sound  started
770.3860 	DATA 	Keypress: rctrl
770.5188 	EXP 	Sound  started
771.1701 	DATA 	Keypress: lctrl
771.2688 	EXP 	Sound  started
771.9541 	DATA 	Keypress: lctrl
772.0188 	EXP 	Sound  started
772.6100 	DATA 	Keypress: lctrl
772.7688 	EXP 	Sound  started
773.4900 	DATA 	Keypress: lctrl
773.5188 	EXP 	Sound  started
774.2100 	DATA 	Keypress: lctrl
774.2688 	EXP 	Sound  started
774.9620 	DATA 	Keypress: rctrl
775.0189 	EXP 	Sound  started
775.6980 	DATA 	Keypress: lctrl
775.7689 	EXP 	Sound  started
776.2420 	DATA 	Keypress: rctrl
776.5189 	EXP 	Sound  started
777.1220 	DATA 	Keypress: rctrl
777.2689 	EXP 	Sound  started
777.9380 	DATA 	Keypress: lctrl
778.0189 	EXP 	Sound  started
778.7060 	DATA 	Keypress: rctrl
778.7689 	EXP 	Sound  started
779.5189 	EXP 	Sound  started
779.5860 	DATA 	Keypress: lctrl
780.2100 	DATA 	Keypress: lctrl
780.2690 	EXP 	Sound  started
781.0190 	EXP 	Sound  started
781.0580 	DATA 	Keypress: rctrl
781.7300 	DATA 	Keypress: rctrl
781.7690 	EXP 	Sound  started
782.4660 	DATA 	Keypress: rctrl
782.5190 	EXP 	Sound  started
783.2690 	EXP 	Sound  started
783.3300 	DATA 	Keypress: rctrl
784.0190 	EXP 	Sound  started
784.0340 	DATA 	Keypress: lctrl
784.7691 	EXP 	Sound  started
784.7700 	DATA 	Keypress: rctrl
785.5060 	DATA 	Keypress: lctrl
785.5191 	EXP 	Sound  started
786.1620 	DATA 	Keypress: lctrl
786.2691 	EXP 	Sound  started
786.9460 	DATA 	Keypress: lctrl
787.0191 	EXP 	Sound  started
787.7140 	DATA 	Keypress: rctrl
790.4695 	DATA 	Keypress: 2
790.4859 	EXP 	unnamed ShapeStim: vertices = <class 'numpy.ndarray'>
795.4107 	DATA 	Keypress: 4
795.4400 	EXP 	unnamed ShapeStim: vertices = <class 'numpy.ndarray'>
798.4598 	DATA 	Keypress: 2
798.4763 	EXP 	unnamed ShapeStim: vertices = <class 'numpy.ndarray'>
800.7616 	EXP 	Sound  started
800.7620 	DATA 	Keypress: lctrl
801.3780 	DATA 	Keypress: rctrl
801.5116 	EXP 	Sound  started
802.1620 	DATA 	Keypress: rctrl
802.2616 	EXP 	Sound  started
802.9940 	DATA 	Keypress: lctrl
803.0117 	EXP 	Sound  started
803.7140 	DATA 	Keypress: rctrl
803.7617 	EXP 	Sound  started
804.4340 	DATA 	Keypress: lctrl
804.5117 	EXP 	Sound  started
805.1860 	DATA 	Keypress: lctrl
805.2617 	EXP 	Sound  started
805.9540 	DATA 	Keypress: lctrl
806.0117 	EXP 	Sound  started
806.6580 	DATA 	Keypress: rctrl
806.7617 	EXP 	Sound  started
807.3460 	DATA 	Keypress: rctrl
807.5117 	EXP 	Sound  started
808.0820 	DATA 	Keypress: lctrl
808.2618 	EXP 	Sound  started
808.8660 	DATA 	Keypress: rctrl
809.0118 	EXP 	Sound  started
809.5220 	DATA 	Keypress: lctrl
809.7618 	EXP 	Sound  started
810.3220 	DATA 	Keypress: rctrl
810.5118 	EXP 	Sound  started
811.1060 	DATA 	Keypress: lctrl
811.2618 	EXP 	Sound  started
811.9220 	DATA 	Keypress: lctrl
812.0118 	EXP 	Sound  started
812.6420 	DATA 	Keypress: rctrl
812.7618 	EXP 	Sound  started
813.5060 	DATA 	Keypress: rctrl
813.5119 	EXP 	Sound  started
814.2260 	DATA 	Keypress: rctrl
814.2619 	EXP 	Sound  started
815.0119 	EXP 	Sound  started
815.0740 	DATA 	Keypress: lctrl
815.7620 	DATA 	Keypress: rctrl
815.7622 	EXP 	Sound  started
816.4660 	DATA 	Keypress: lctrl
816.5122 	EXP 	Sound  started
817.2020 	DATA 	Keypress: lctrl
817.2623 	EXP 	Sound  started
817.9060 	DATA 	Keypress: lctrl
818.0123 	EXP 	Sound  started
818.6580 	DATA 	Keypress: rctrl
818.7623 	EXP 	Sound  started
819.3781 	DATA 	Keypress: rctrl
819.5123 	EXP 	Sound  started
820.0980 	DATA 	Keypress: lctrl
820.2623 	EXP 	Sound  started
820.8340 	DATA 	Keypress: rctrl
821.0123 	EXP 	Sound  started
821.6180 	DATA 	Keypress: lctrl
821.7623 	EXP 	Sound  started
822.4180 	DATA 	Keypress: rctrl
822.5124 	EXP 	Sound  started
823.1381 	DATA 	Keypress: lctrl
823.2624 	EXP 	Sound  started
823.9380 	DATA 	Keypress: rctrl
824.0124 	EXP 	Sound  started
824.6580 	DATA 	Keypress: lctrl
824.7624 	EXP 	Sound  started
825.4260 	DATA 	Keypress: lctrl
825.5124 	EXP 	Sound  started
826.1780 	DATA 	Keypress: lctrl
826.2624 	EXP 	Sound  started
826.9781 	DATA 	Keypress: rctrl
827.0125 	EXP 	Sound  started
827.6980 	DATA 	Keypress: lctrl
827.7625 	EXP 	Sound  started
828.4660 	DATA 	Keypress: lctrl
828.5125 	EXP 	Sound  started
829.2020 	DATA 	Keypress: rctrl
829.2625 	EXP 	Sound  started
829.9380 	DATA 	Keypress: rctrl
830.0125 	EXP 	Sound  started
830.7220 	DATA 	Keypress: lctrl
830.7625 	EXP 	Sound  started
831.4740 	DATA 	Keypress: rctrl
831.5125 	EXP 	Sound  started
832.1620 	DATA 	Keypress: rctrl
832.2626 	EXP 	Sound  started
832.8181 	DATA 	Keypress: lctrl
833.0126 	EXP 	Sound  started
833.5860 	DATA 	Keypress: lctrl
833.7626 	EXP 	Sound  started
834.4500 	DATA 	Keypress: lctrl
834.5126 	EXP 	Sound  started
835.1539 	DATA 	Keypress: rctrl
835.2626 	EXP 	Sound  started
835.8420 	DATA 	Keypress: rctrl
836.0126 	EXP 	Sound  started
836.5460 	DATA 	Keypress: lctrl
836.7627 	EXP 	Sound  started
837.3940 	DATA 	Keypress: rctrl
837.5127 	EXP 	Sound  started
838.0660 	DATA 	Keypress: rctrl
838.2627 	EXP 	Sound  started
838.7220 	DATA 	Keypress: lctrl
839.0127 	EXP 	Sound  started
839.6180 	DATA 	Keypress: rctrl
839.7627 	EXP 	Sound  started
840.3700 	DATA 	Keypress: lctrl
840.5127 	EXP 	Sound  started
841.1860 	DATA 	Keypress: rctrl
841.2627 	EXP 	Sound  started
841.9060 	DATA 	Keypress: rctrl
842.0128 	EXP 	Sound  started
842.6579 	DATA 	Keypress: rctrl
842.7628 	EXP 	Sound  started
843.4420 	DATA 	Keypress: lctrl
843.5128 	EXP 	Sound  started
844.2260 	DATA 	Keypress: rctrl
844.2628 	EXP 	Sound  started
844.9780 	DATA 	Keypress: lctrl
845.0128 	EXP 	Sound  started
845.6980 	DATA 	Keypress: rctrl
845.7628 	EXP 	Sound  started
846.5128 	EXP 	Sound  started
846.6580 	DATA 	Keypress: rctrl
847.2500 	DATA 	Keypress: rctrl
847.2629 	EXP 	Sound  started
847.8900 	DATA 	Keypress: lctrl
848.0129 	EXP 	Sound  started
848.6100 	DATA 	Keypress: lctrl
848.7629 	EXP 	Sound  started
849.4420 	DATA 	Keypress: rctrl
849.5129 	EXP 	Sound  started
850.2100 	DATA 	Keypress: lctrl
850.2629 	EXP 	Sound  started
850.9140 	DATA 	Keypress: rctrl
851.0129 	EXP 	Sound  started
851.6820 	DATA 	Keypress: rctrl
851.7630 	EXP 	Sound  started
852.3380 	DATA 	Keypress: lctrl
852.5130 	EXP 	Sound  started
853.1700 	DATA 	Keypress: rctrl
853.2630 	EXP 	Sound  started
853.8740 	DATA 	Keypress: rctrl
854.0130 	EXP 	Sound  started
854.5460 	DATA 	Keypress: rctrl
854.7630 	EXP 	Sound  started
855.3300 	DATA 	Keypress: lctrl
855.5130 	EXP 	Sound  started
856.0820 	DATA 	Keypress: lctrl
856.2631 	EXP 	Sound  started
856.8340 	DATA 	Keypress: rctrl
857.0131 	EXP 	Sound  started
857.5700 	DATA 	Keypress: rctrl
857.7631 	EXP 	Sound  started
858.3860 	DATA 	Keypress: rctrl
858.5131 	EXP 	Sound  started
859.0580 	DATA 	Keypress: rctrl
859.2631 	EXP 	Sound  started
859.7780 	DATA 	Keypress: lctrl
863.1957 	DATA 	Keypress: 3
863.2122 	EXP 	unnamed ShapeStim: vertices = <class 'numpy.ndarray'>
870.3552 	DATA 	Keypress: 3
870.3847 	EXP 	unnamed ShapeStim: vertices = <class 'numpy.ndarray'>
878.6917 	DATA 	Keypress: 3
878.7082 	EXP 	unnamed ShapeStim: vertices = <class 'numpy.ndarray'>
883.0100 	DATA 	Keypress: lctrl
1446.8023 	DATA 	Keypress: return
1446.8818 	EXP 	window1: mouseVisible = True
