11.9306 	WARNING 	User requested fullscreen with size [1024  768], but screen is actually [1920, 1200]. Using actual size
12.7223 	EXP 	Created window1 = Window(allowGUI=False, allowStencil=False, autoLog=True, backendConf=UNKNOWN, bitsMode=UNKNOWN, blendMode='avg', bpc=(8, 8, 8), color=array([0, 0, 0]), colorSpace='rgb', depthBits=8, fullscr=<method-wrapper '__getattribute__' of attributeSetter object at 0x00000142E38C7780>, gamma=None, gammaErrorPolicy='raise', lms=UNKNOWN, monitor=<psychopy.monitors.calibTools.Monitor object at 0x00000142E4FD4080>, multiSample=False, name='window1', numSamples=2, pos=[0.0, 0.0], screen=0, size=array([1920, 1200]), stencilBits=0, stereo=False, units='norm', useFBO=True, useRetina=False, viewOri=0.0, viewPos=None, viewScale=None, waitBlanking=True, winType='pyglet')
12.7227 	EXP 	window1: mouseVisible = True
12.7227 	EXP 	window1: mouseVisible = False
12.7227 	EXP 	window1: recordFrameIntervals = False
12.8889 	EXP 	window1: recordFrameIntervals = True
13.0725 	EXP 	window1: recordFrameIntervals = False
13.1276 	EXP 	Created text = TextStim(__class__=<class 'psychopy.visual.text.TextStim'>, alignHoriz=method-wrapper(...), alignText='center', alignVert=method-wrapper(...), anchorHoriz='center', anchorVert='center', antialias=True, autoLog=True, bold=False, color=array([1., 1., 1.]), colorSpace='rgb', contrast=1.0, depth=0.0, flipHoriz=False, flipVert=False, font='Arial', fontFiles=[], height=0.15, italic=False, languageStyle='LTR', name='text', opacity=1, ori=0, pos=array([0., 0.]), rgb=UNKNOWN, text='+', units='norm', win=Window(...), wrapWidth=1)
13.1488 	EXP 	Created text = TextStim(__class__=<class 'psychopy.visual.text.TextStim'>, alignHoriz=method-wrapper(...), alignText='center', alignVert=method-wrapper(...), anchorHoriz='center', anchorVert='center', antialias=True, autoLog=True, bold=False, color=array([1., 1., 1.]), colorSpace='rgb', contrast=1.0, depth=0.0, flipHoriz=False, flipVert=False, font='Arial', fontFiles=[], height=0.07, italic=False, languageStyle='LTR', name='text', opacity=1, ori=0, pos=array([0., 0.]), rgb=UNKNOWN, text=str(...), units='norm', win=Window(...), wrapWidth=1.65)
13.1613 	EXP 	Created text = TextStim(__class__=<class 'psychopy.visual.text.TextStim'>, alignHoriz=method-wrapper(...), alignText='center', alignVert=method-wrapper(...), anchorHoriz='center', anchorVert='center', antialias=True, autoLog=True, bold=False, color=array([1., 1., 1.]), colorSpace='rgb', contrast=1.0, depth=0.0, flipHoriz=False, flipVert=False, font='Arial', fontFiles=[], height=0.07, italic=False, languageStyle='LTR', name='text', opacity=1, ori=0, pos=array([0., 0.]), rgb=UNKNOWN, text=str(...), units='norm', win=Window(...), wrapWidth=1.65)
13.1713 	EXP 	Created text = TextStim(__class__=<class 'psychopy.visual.text.TextStim'>, alignHoriz=method-wrapper(...), alignText='center', alignVert=method-wrapper(...), anchorHoriz='center', anchorVert='center', antialias=True, autoLog=True, bold=False, color=array([1., 1., 1.]), colorSpace='rgb', contrast=1.0, depth=0.0, flipHoriz=False, flipVert=False, font='Arial', fontFiles=[], height=0.07, italic=False, languageStyle='LTR', name='text', opacity=1, ori=0, pos=array([0., 0.]), rgb=UNKNOWN, text=str(...), units='norm', win=Window(...), wrapWidth=1.65)
13.1815 	EXP 	Created text = TextStim(__class__=<class 'psychopy.visual.text.TextStim'>, alignHoriz=method-wrapper(...), alignText='center', alignVert=method-wrapper(...), anchorHoriz='center', anchorVert='center', antialias=True, autoLog=True, bold=False, color=array([1., 1., 1.]), colorSpace='rgb', contrast=1.0, depth=0.0, flipHoriz=False, flipVert=False, font='Arial', fontFiles=[], height=0.07, italic=False, languageStyle='LTR', name='text', opacity=1, ori=0, pos=array([0., 0.]), rgb=UNKNOWN, text=str(...), units='norm', win=Window(...), wrapWidth=1.65)
13.1869 	EXP 	Created text = TextStim(__class__=<class 'psychopy.visual.text.TextStim'>, alignHoriz=method-wrapper(...), alignText='center', alignVert=method-wrapper(...), anchorHoriz='center', anchorVert='center', antialias=True, autoLog=True, bold=False, color=array([1., 1., 1.]), colorSpace='rgb', contrast=1.0, depth=0.0, flipHoriz=False, flipVert=False, font='Arial', fontFiles=[], height=0.07, italic=False, languageStyle='LTR', name='text', opacity=1, ori=0, pos=array([0., 0.]), rgb=UNKNOWN, text=str(...), units='norm', win=Window(...), wrapWidth=1.65)
13.2027 	EXP 	Created text = TextStim(__class__=<class 'psychopy.visual.text.TextStim'>, alignHoriz=method-wrapper(...), alignText='center', alignVert=method-wrapper(...), anchorHoriz='center', anchorVert='center', antialias=True, autoLog=True, bold=False, color=array([1., 1., 1.]), colorSpace='rgb', contrast=1.0, depth=0.0, flipHoriz=False, flipVert=False, font='Arial', fontFiles=[], height=0.15, italic=False, languageStyle='LTR', name='text', opacity=1, ori=0, pos=array([0., 0.]), rgb=UNKNOWN, text=str(...), units='norm', win=Window(...), wrapWidth=1.65)
13.2311 	EXP 	Created text = TextStim(__class__=<class 'psychopy.visual.text.TextStim'>, alignHoriz=method-wrapper(...), alignText='center', alignVert=method-wrapper(...), anchorHoriz='center', anchorVert='center', antialias=True, autoLog=True, bold=False, color=array([1., 1., 1.]), colorSpace='rgb', contrast=1.0, depth=0.0, flipHoriz=False, flipVert=False, font='Arial', fontFiles=[], height=0.07, italic=False, languageStyle='LTR', name='text', opacity=1, ori=0, pos=array([0., 0.]), rgb=UNKNOWN, text=str(...), units='norm', win=Window(...), wrapWidth=1.65)
13.2492 	EXP 	Created text = TextStim(__class__=<class 'psychopy.visual.text.TextStim'>, alignHoriz=method-wrapper(...), alignText='center', alignVert=method-wrapper(...), anchorHoriz='center', anchorVert='center', antialias=True, autoLog=True, bold=False, color=array([1., 1., 1.]), colorSpace='rgb', contrast=1.0, depth=0.0, flipHoriz=False, flipVert=False, font='Arial', fontFiles=[], height=0.07, italic=False, languageStyle='LTR', name='text', opacity=1, ori=0, pos=array([0., 0.]), rgb=UNKNOWN, text=str(...), units='norm', win=Window(...), wrapWidth=1.65)
13.2791 	EXP 	Created text = TextStim(__class__=<class 'psychopy.visual.text.TextStim'>, alignHoriz=method-wrapper(...), alignText='center', alignVert=method-wrapper(...), anchorHoriz='center', anchorVert='center', antialias=True, autoLog=True, bold=False, color=array([1., 1., 1.]), colorSpace='rgb', contrast=1.0, depth=0.0, flipHoriz=False, flipVert=False, font='Arial', fontFiles=[], height=0.07, italic=False, languageStyle='LTR', name='text', opacity=1, ori=0, pos=array([0., 0.]), rgb=UNKNOWN, text=str(...), units='norm', win=Window(...), wrapWidth=1.65)
13.3071 	EXP 	Created text = TextStim(__class__=<class 'psychopy.visual.text.TextStim'>, alignHoriz=method-wrapper(...), alignText='center', alignVert=method-wrapper(...), anchorHoriz='center', anchorVert='center', antialias=True, autoLog=True, bold=False, color=array([1., 1., 1.]), colorSpace='rgb', contrast=1.0, depth=0.0, flipHoriz=False, flipVert=False, font='Arial', fontFiles=[], height=0.07, italic=False, languageStyle='LTR', name='text', opacity=1, ori=0, pos=array([0., 0.]), rgb=UNKNOWN, text=str(...), units='norm', win=Window(...), wrapWidth=1.65)
13.3393 	EXP 	Created text = TextStim(__class__=<class 'psychopy.visual.text.TextStim'>, alignHoriz=method-wrapper(...), alignText='center', alignVert=method-wrapper(...), anchorHoriz='center', anchorVert='center', antialias=True, autoLog=True, bold=False, color=array([1., 1., 1.]), colorSpace='rgb', contrast=1.0, depth=0.0, flipHoriz=False, flipVert=False, font='Arial', fontFiles=[], height=0.07, italic=False, languageStyle='LTR', name='text', opacity=1, ori=0, pos=array([0., 0.]), rgb=UNKNOWN, text=str(...), units='norm', win=Window(...), wrapWidth=1.65)
13.3482 	EXP 	Created text = TextStim(__class__=<class 'psychopy.visual.text.TextStim'>, alignHoriz=method-wrapper(...), alignText='center', alignVert=method-wrapper(...), anchorHoriz='center', anchorVert='center', antialias=True, autoLog=True, bold=False, color=array([1., 1., 1.]), colorSpace='rgb', contrast=1.0, depth=0.0, flipHoriz=False, flipVert=False, font='Arial', fontFiles=[], height=0.07, italic=False, languageStyle='LTR', name='text', opacity=1, ori=0, pos=array([0., 0.]), rgb=UNKNOWN, text=str(...), units='norm', win=Window(...), wrapWidth=1.65)
13.3605 	EXP 	Created text = TextStim(__class__=<class 'psychopy.visual.text.TextStim'>, alignHoriz=method-wrapper(...), alignText='center', alignVert=method-wrapper(...), anchorHoriz='center', anchorVert='center', antialias=True, autoLog=True, bold=False, color=array([1., 1., 1.]), colorSpace='rgb', contrast=1.0, depth=0.0, flipHoriz=False, flipVert=False, font='Arial', fontFiles=[], height=0.07, italic=False, languageStyle='LTR', name='text', opacity=1, ori=0, pos=array([0., 0.]), rgb=UNKNOWN, text=str(...), units='norm', win=Window(...), wrapWidth=1.65)
13.3651 	EXP 	Created instru = TextStim(__class__=<class 'psychopy.visual.text.TextStim'>, alignHoriz=method-wrapper(...), alignText='center', alignVert=method-wrapper(...), anchorHoriz='center', anchorVert='center', antialias=True, autoLog=True, bold=False, color=array([1., 1., 1.]), colorSpace='rgb', contrast=1.0, depth=0.0, flipHoriz=False, flipVert=False, font='Arial', fontFiles=[], height=0.07, italic=False, languageStyle='LTR', name='instru', opacity=1, ori=0, pos=array([0. , 0.5]), rgb=UNKNOWN, text=str(...), units='norm', win=Window(...), wrapWidth=1)
13.3677 	EXP 	Created unnamed Line = Line(__class__=<class 'psychopy.visual.line.Line'>, autoDraw=False, autoLog=True, closeShape=False, color=array([1., 1., 1.]), colorSpace='rgb', contrast=None, depth=0, fillColor=array([0, 0, 0]), fillColorSpace='rgb', fillRGB=array([0, 0, 0]), interpolate=True, lineColor=array([1., 1., 1.]), lineColorSpace='rgb', lineRGB=array([1, 1, 1]), lineWidth=5, name='unnamed Line', opacity=0.5, ori=0.0, pos=array([0., 0.]), size=array([1., 1.]), units='norm', vertices=array([[-0.5,  0. ],
       [ 0.5,  0. ]]), win=Window(...), windingRule=None)
13.3697 	EXP 	Created unnamed Line = Line(__class__=<class 'psychopy.visual.line.Line'>, autoDraw=False, autoLog=True, closeShape=False, color=array([1., 1., 1.]), colorSpace='rgb', contrast=None, depth=0, fillColor=array([0, 0, 0]), fillColorSpace='rgb', fillRGB=array([0, 0, 0]), interpolate=True, lineColor=array([1., 1., 1.]), lineColorSpace='rgb', lineRGB=array([1, 1, 1]), lineWidth=3, name='unnamed Line', opacity=0.5, ori=0.0, pos=array([0., 0.]), size=array([1., 1.]), units='norm', vertices=array([[-0.5 , -0.05],
       [-0.5 ,  0.05]]), win=Window(...), windingRule=None)
13.3717 	EXP 	Created unnamed Line = Line(__class__=<class 'psychopy.visual.line.Line'>, autoDraw=False, autoLog=True, closeShape=False, color=array([1., 1., 1.]), colorSpace='rgb', contrast=None, depth=0, fillColor=array([0, 0, 0]), fillColorSpace='rgb', fillRGB=array([0, 0, 0]), interpolate=True, lineColor=array([1., 1., 1.]), lineColorSpace='rgb', lineRGB=array([1, 1, 1]), lineWidth=3, name='unnamed Line', opacity=0.5, ori=0.0, pos=array([0., 0.]), size=array([1., 1.]), units='norm', vertices=ndarray(...), win=Window(...), windingRule=None)
13.3737 	EXP 	Created unnamed Line = Line(__class__=<class 'psychopy.visual.line.Line'>, autoDraw=False, autoLog=True, closeShape=False, color=array([1., 1., 1.]), colorSpace='rgb', contrast=None, depth=0, fillColor=array([0, 0, 0]), fillColorSpace='rgb', fillRGB=array([0, 0, 0]), interpolate=True, lineColor=array([1., 1., 1.]), lineColorSpace='rgb', lineRGB=array([1, 1, 1]), lineWidth=3, name='unnamed Line', opacity=0.5, ori=0.0, pos=array([0., 0.]), size=array([1., 1.]), units='norm', vertices=ndarray(...), win=Window(...), windingRule=None)
13.3757 	EXP 	Created unnamed Line = Line(__class__=<class 'psychopy.visual.line.Line'>, autoDraw=False, autoLog=True, closeShape=False, color=array([1., 1., 1.]), colorSpace='rgb', contrast=None, depth=0, fillColor=array([0, 0, 0]), fillColorSpace='rgb', fillRGB=array([0, 0, 0]), interpolate=True, lineColor=array([1., 1., 1.]), lineColorSpace='rgb', lineRGB=array([1, 1, 1]), lineWidth=3, name='unnamed Line', opacity=0.5, ori=0.0, pos=array([0., 0.]), size=array([1., 1.]), units='norm', vertices=array([[ 0.5 , -0.05],
       [ 0.5 ,  0.05]]), win=Window(...), windingRule=None)
13.3871 	EXP 	Created unnamed TextStim = TextStim(__class__=<class 'psychopy.visual.text.TextStim'>, alignHoriz=method-wrapper(...), alignText='center', alignVert=method-wrapper(...), anchorHoriz='center', anchorVert='center', antialias=True, autoLog=True, bold=False, color=array([1., 1., 1.]), colorSpace='rgb', contrast=1.0, depth=0, flipHoriz=False, flipVert=False, font='', fontFiles=[], height=0.05, italic=False, languageStyle='LTR', name='unnamed TextStim', opacity=1.0, ori=0.0, pos=array([-0.5, -0.1]), rgb=UNKNOWN, text='Clearly \n NOT FOCUSED', units='norm', win=Window(...), wrapWidth=1)
13.3882 	EXP 	Created unnamed TextStim = TextStim(__class__=<class 'psychopy.visual.text.TextStim'>, alignHoriz=method-wrapper(...), alignText='center', alignVert=method-wrapper(...), anchorHoriz='center', anchorVert='center', antialias=True, autoLog=True, bold=False, color=array([1., 1., 1.]), colorSpace='rgb', contrast=1.0, depth=0, flipHoriz=False, flipVert=False, font='', fontFiles=[], height=0.05, italic=False, languageStyle='LTR', name='unnamed TextStim', opacity=1.0, ori=0.0, pos=array([-0.16666667, -0.1       ]), rgb=UNKNOWN, text='', units='norm', win=Window(...), wrapWidth=1)
13.3893 	EXP 	Created unnamed TextStim = TextStim(__class__=<class 'psychopy.visual.text.TextStim'>, alignHoriz=method-wrapper(...), alignText='center', alignVert=method-wrapper(...), anchorHoriz='center', anchorVert='center', antialias=True, autoLog=True, bold=False, color=array([1., 1., 1.]), colorSpace='rgb', contrast=1.0, depth=0, flipHoriz=False, flipVert=False, font='', fontFiles=[], height=0.05, italic=False, languageStyle='LTR', name='unnamed TextStim', opacity=1.0, ori=0.0, pos=array([ 0.16666667, -0.1       ]), rgb=UNKNOWN, text='', units='norm', win=Window(...), wrapWidth=1)
13.3927 	EXP 	Created unnamed TextStim = TextStim(__class__=<class 'psychopy.visual.text.TextStim'>, alignHoriz=method-wrapper(...), alignText='center', alignVert=method-wrapper(...), anchorHoriz='center', anchorVert='center', antialias=True, autoLog=True, bold=False, color=array([1., 1., 1.]), colorSpace='rgb', contrast=1.0, depth=0, flipHoriz=False, flipVert=False, font='', fontFiles=[], height=0.05, italic=False, languageStyle='LTR', name='unnamed TextStim', opacity=1.0, ori=0.0, pos=array([ 0.5, -0.1]), rgb=UNKNOWN, text='Clearly \n FOCUSED', units='norm', win=Window(...), wrapWidth=1)
13.3947 	EXP 	Created unnamed ShapeStim = ShapeStim(__class__=<class 'psychopy.visual.shape.ShapeStim'>, autoDraw=False, autoLog=True, closeShape=True, color=method-wrapper(...), colorSpace='rgb', contrast=None, depth=0, fillColor=array([1, 1, 1]), fillColorSpace='rgb', fillRGB=array([1, 1, 1]), interpolate=True, lineColor=array([-1., -1., -1.]), lineColorSpace='rgb', lineRGB=array([-1, -1, -1]), lineWidth=1.5, name='unnamed ShapeStim', opacity=1.0, ori=0.0, pos=array([0., 0.]), size=array([1., 1.]), units='norm', vertices=ndarray(...), win=Window(...), windingRule=None)
13.4040 	EXP 	Created instru = TextStim(__class__=<class 'psychopy.visual.text.TextStim'>, alignHoriz=method-wrapper(...), alignText='center', alignVert=method-wrapper(...), anchorHoriz='center', anchorVert='center', antialias=True, autoLog=True, bold=False, color=array([1., 1., 1.]), colorSpace='rgb', contrast=1.0, depth=0.0, flipHoriz=False, flipVert=False, font='Arial', fontFiles=[], height=0.07, italic=False, languageStyle='LTR', name='instru', opacity=1, ori=0, pos=array([0. , 0.5]), rgb=UNKNOWN, text=str(...), units='norm', win=Window(...), wrapWidth=1)
13.4060 	EXP 	Created unnamed Line = Line(__class__=<class 'psychopy.visual.line.Line'>, autoDraw=False, autoLog=True, closeShape=False, color=array([1., 1., 1.]), colorSpace='rgb', contrast=None, depth=0, fillColor=array([0, 0, 0]), fillColorSpace='rgb', fillRGB=array([0, 0, 0]), interpolate=True, lineColor=array([1., 1., 1.]), lineColorSpace='rgb', lineRGB=array([1, 1, 1]), lineWidth=5, name='unnamed Line', opacity=0.5, ori=0.0, pos=array([0., 0.]), size=array([1., 1.]), units='norm', vertices=array([[-0.5,  0. ],
       [ 0.5,  0. ]]), win=Window(...), windingRule=None)
13.4080 	EXP 	Created unnamed Line = Line(__class__=<class 'psychopy.visual.line.Line'>, autoDraw=False, autoLog=True, closeShape=False, color=array([1., 1., 1.]), colorSpace='rgb', contrast=None, depth=0, fillColor=array([0, 0, 0]), fillColorSpace='rgb', fillRGB=array([0, 0, 0]), interpolate=True, lineColor=array([1., 1., 1.]), lineColorSpace='rgb', lineRGB=array([1, 1, 1]), lineWidth=3, name='unnamed Line', opacity=0.5, ori=0.0, pos=array([0., 0.]), size=array([1., 1.]), units='norm', vertices=array([[-0.5 , -0.05],
       [-0.5 ,  0.05]]), win=Window(...), windingRule=None)
13.4101 	EXP 	Created unnamed Line = Line(__class__=<class 'psychopy.visual.line.Line'>, autoDraw=False, autoLog=True, closeShape=False, color=array([1., 1., 1.]), colorSpace='rgb', contrast=None, depth=0, fillColor=array([0, 0, 0]), fillColorSpace='rgb', fillRGB=array([0, 0, 0]), interpolate=True, lineColor=array([1., 1., 1.]), lineColorSpace='rgb', lineRGB=array([1, 1, 1]), lineWidth=3, name='unnamed Line', opacity=0.5, ori=0.0, pos=array([0., 0.]), size=array([1., 1.]), units='norm', vertices=ndarray(...), win=Window(...), windingRule=None)
13.4121 	EXP 	Created unnamed Line = Line(__class__=<class 'psychopy.visual.line.Line'>, autoDraw=False, autoLog=True, closeShape=False, color=array([1., 1., 1.]), colorSpace='rgb', contrast=None, depth=0, fillColor=array([0, 0, 0]), fillColorSpace='rgb', fillRGB=array([0, 0, 0]), interpolate=True, lineColor=array([1., 1., 1.]), lineColorSpace='rgb', lineRGB=array([1, 1, 1]), lineWidth=3, name='unnamed Line', opacity=0.5, ori=0.0, pos=array([0., 0.]), size=array([1., 1.]), units='norm', vertices=ndarray(...), win=Window(...), windingRule=None)
13.4142 	EXP 	Created unnamed Line = Line(__class__=<class 'psychopy.visual.line.Line'>, autoDraw=False, autoLog=True, closeShape=False, color=array([1., 1., 1.]), colorSpace='rgb', contrast=None, depth=0, fillColor=array([0, 0, 0]), fillColorSpace='rgb', fillRGB=array([0, 0, 0]), interpolate=True, lineColor=array([1., 1., 1.]), lineColorSpace='rgb', lineRGB=array([1, 1, 1]), lineWidth=3, name='unnamed Line', opacity=0.5, ori=0.0, pos=array([0., 0.]), size=array([1., 1.]), units='norm', vertices=array([[ 0.5 , -0.05],
       [ 0.5 ,  0.05]]), win=Window(...), windingRule=None)
13.4206 	EXP 	Created unnamed TextStim = TextStim(__class__=<class 'psychopy.visual.text.TextStim'>, alignHoriz=method-wrapper(...), alignText='center', alignVert=method-wrapper(...), anchorHoriz='center', anchorVert='center', antialias=True, autoLog=True, bold=False, color=array([1., 1., 1.]), colorSpace='rgb', contrast=1.0, depth=0, flipHoriz=False, flipVert=False, font='', fontFiles=[], height=0.05, italic=False, languageStyle='LTR', name='unnamed TextStim', opacity=1.0, ori=0.0, pos=array([-0.5, -0.1]), rgb=UNKNOWN, text='Clearly \n NOTHING', units='norm', win=Window(...), wrapWidth=1)
13.4218 	EXP 	Created unnamed TextStim = TextStim(__class__=<class 'psychopy.visual.text.TextStim'>, alignHoriz=method-wrapper(...), alignText='center', alignVert=method-wrapper(...), anchorHoriz='center', anchorVert='center', antialias=True, autoLog=True, bold=False, color=array([1., 1., 1.]), colorSpace='rgb', contrast=1.0, depth=0, flipHoriz=False, flipVert=False, font='', fontFiles=[], height=0.05, italic=False, languageStyle='LTR', name='unnamed TextStim', opacity=1.0, ori=0.0, pos=array([-0.16666667, -0.1       ]), rgb=UNKNOWN, text='', units='norm', win=Window(...), wrapWidth=1)
13.4229 	EXP 	Created unnamed TextStim = TextStim(__class__=<class 'psychopy.visual.text.TextStim'>, alignHoriz=method-wrapper(...), alignText='center', alignVert=method-wrapper(...), anchorHoriz='center', anchorVert='center', antialias=True, autoLog=True, bold=False, color=array([1., 1., 1.]), colorSpace='rgb', contrast=1.0, depth=0, flipHoriz=False, flipVert=False, font='', fontFiles=[], height=0.05, italic=False, languageStyle='LTR', name='unnamed TextStim', opacity=1.0, ori=0.0, pos=array([ 0.16666667, -0.1       ]), rgb=UNKNOWN, text='', units='norm', win=Window(...), wrapWidth=1)
13.4283 	EXP 	Created unnamed TextStim = TextStim(__class__=<class 'psychopy.visual.text.TextStim'>, alignHoriz=method-wrapper(...), alignText='center', alignVert=method-wrapper(...), anchorHoriz='center', anchorVert='center', antialias=True, autoLog=True, bold=False, color=array([1., 1., 1.]), colorSpace='rgb', contrast=1.0, depth=0, flipHoriz=False, flipVert=False, font='', fontFiles=[], height=0.05, italic=False, languageStyle='LTR', name='unnamed TextStim', opacity=1.0, ori=0.0, pos=array([ 0.5, -0.1]), rgb=UNKNOWN, text='Clearly \n SOMETHING', units='norm', win=Window(...), wrapWidth=1)
13.4304 	EXP 	Created unnamed ShapeStim = ShapeStim(__class__=<class 'psychopy.visual.shape.ShapeStim'>, autoDraw=False, autoLog=True, closeShape=True, color=method-wrapper(...), colorSpace='rgb', contrast=None, depth=0, fillColor=array([1, 1, 1]), fillColorSpace='rgb', fillRGB=array([1, 1, 1]), interpolate=True, lineColor=array([-1., -1., -1.]), lineColorSpace='rgb', lineRGB=array([-1, -1, -1]), lineWidth=1.5, name='unnamed ShapeStim', opacity=1.0, ori=0.0, pos=array([0., 0.]), size=array([1., 1.]), units='norm', vertices=ndarray(...), win=Window(...), windingRule=None)
13.4381 	EXP 	Created instru = TextStim(__class__=<class 'psychopy.visual.text.TextStim'>, alignHoriz=method-wrapper(...), alignText='center', alignVert=method-wrapper(...), anchorHoriz='center', anchorVert='center', antialias=True, autoLog=True, bold=False, color=array([1., 1., 1.]), colorSpace='rgb', contrast=1.0, depth=0.0, flipHoriz=False, flipVert=False, font='Arial', fontFiles=[], height=0.07, italic=False, languageStyle='LTR', name='instru', opacity=1, ori=0, pos=array([0. , 0.5]), rgb=UNKNOWN, text=str(...), units='norm', win=Window(...), wrapWidth=1)
13.4401 	EXP 	Created unnamed Line = Line(__class__=<class 'psychopy.visual.line.Line'>, autoDraw=False, autoLog=True, closeShape=False, color=array([1., 1., 1.]), colorSpace='rgb', contrast=None, depth=0, fillColor=array([0, 0, 0]), fillColorSpace='rgb', fillRGB=array([0, 0, 0]), interpolate=True, lineColor=array([1., 1., 1.]), lineColorSpace='rgb', lineRGB=array([1, 1, 1]), lineWidth=5, name='unnamed Line', opacity=0.5, ori=0.0, pos=array([0., 0.]), size=array([1., 1.]), units='norm', vertices=array([[-0.5,  0. ],
       [ 0.5,  0. ]]), win=Window(...), windingRule=None)
13.4421 	EXP 	Created unnamed Line = Line(__class__=<class 'psychopy.visual.line.Line'>, autoDraw=False, autoLog=True, closeShape=False, color=array([1., 1., 1.]), colorSpace='rgb', contrast=None, depth=0, fillColor=array([0, 0, 0]), fillColorSpace='rgb', fillRGB=array([0, 0, 0]), interpolate=True, lineColor=array([1., 1., 1.]), lineColorSpace='rgb', lineRGB=array([1, 1, 1]), lineWidth=3, name='unnamed Line', opacity=0.5, ori=0.0, pos=array([0., 0.]), size=array([1., 1.]), units='norm', vertices=array([[-0.5 , -0.05],
       [-0.5 ,  0.05]]), win=Window(...), windingRule=None)
13.4441 	EXP 	Created unnamed Line = Line(__class__=<class 'psychopy.visual.line.Line'>, autoDraw=False, autoLog=True, closeShape=False, color=array([1., 1., 1.]), colorSpace='rgb', contrast=None, depth=0, fillColor=array([0, 0, 0]), fillColorSpace='rgb', fillRGB=array([0, 0, 0]), interpolate=True, lineColor=array([1., 1., 1.]), lineColorSpace='rgb', lineRGB=array([1, 1, 1]), lineWidth=3, name='unnamed Line', opacity=0.5, ori=0.0, pos=array([0., 0.]), size=array([1., 1.]), units='norm', vertices=ndarray(...), win=Window(...), windingRule=None)
13.4461 	EXP 	Created unnamed Line = Line(__class__=<class 'psychopy.visual.line.Line'>, autoDraw=False, autoLog=True, closeShape=False, color=array([1., 1., 1.]), colorSpace='rgb', contrast=None, depth=0, fillColor=array([0, 0, 0]), fillColorSpace='rgb', fillRGB=array([0, 0, 0]), interpolate=True, lineColor=array([1., 1., 1.]), lineColorSpace='rgb', lineRGB=array([1, 1, 1]), lineWidth=3, name='unnamed Line', opacity=0.5, ori=0.0, pos=array([0., 0.]), size=array([1., 1.]), units='norm', vertices=ndarray(...), win=Window(...), windingRule=None)
13.4481 	EXP 	Created unnamed Line = Line(__class__=<class 'psychopy.visual.line.Line'>, autoDraw=False, autoLog=True, closeShape=False, color=array([1., 1., 1.]), colorSpace='rgb', contrast=None, depth=0, fillColor=array([0, 0, 0]), fillColorSpace='rgb', fillRGB=array([0, 0, 0]), interpolate=True, lineColor=array([1., 1., 1.]), lineColorSpace='rgb', lineRGB=array([1, 1, 1]), lineWidth=3, name='unnamed Line', opacity=0.5, ori=0.0, pos=array([0., 0.]), size=array([1., 1.]), units='norm', vertices=array([[ 0.5 , -0.05],
       [ 0.5 ,  0.05]]), win=Window(...), windingRule=None)
13.4534 	EXP 	Created unnamed TextStim = TextStim(__class__=<class 'psychopy.visual.text.TextStim'>, alignHoriz=method-wrapper(...), alignText='center', alignVert=method-wrapper(...), anchorHoriz='center', anchorVert='center', antialias=True, autoLog=True, bold=False, color=array([1., 1., 1.]), colorSpace='rgb', contrast=1.0, depth=0, flipHoriz=False, flipVert=False, font='', fontFiles=[], height=0.05, italic=False, languageStyle='LTR', name='unnamed TextStim', opacity=1.0, ori=0.0, pos=array([-0.5, -0.1]), rgb=UNKNOWN, text='Clearly \n SPONTANEOUS', units='norm', win=Window(...), wrapWidth=1)
13.4545 	EXP 	Created unnamed TextStim = TextStim(__class__=<class 'psychopy.visual.text.TextStim'>, alignHoriz=method-wrapper(...), alignText='center', alignVert=method-wrapper(...), anchorHoriz='center', anchorVert='center', antialias=True, autoLog=True, bold=False, color=array([1., 1., 1.]), colorSpace='rgb', contrast=1.0, depth=0, flipHoriz=False, flipVert=False, font='', fontFiles=[], height=0.05, italic=False, languageStyle='LTR', name='unnamed TextStim', opacity=1.0, ori=0.0, pos=array([-0.16666667, -0.1       ]), rgb=UNKNOWN, text='', units='norm', win=Window(...), wrapWidth=1)
13.4557 	EXP 	Created unnamed TextStim = TextStim(__class__=<class 'psychopy.visual.text.TextStim'>, alignHoriz=method-wrapper(...), alignText='center', alignVert=method-wrapper(...), anchorHoriz='center', anchorVert='center', antialias=True, autoLog=True, bold=False, color=array([1., 1., 1.]), colorSpace='rgb', contrast=1.0, depth=0, flipHoriz=False, flipVert=False, font='', fontFiles=[], height=0.05, italic=False, languageStyle='LTR', name='unnamed TextStim', opacity=1.0, ori=0.0, pos=array([ 0.16666667, -0.1       ]), rgb=UNKNOWN, text='', units='norm', win=Window(...), wrapWidth=1)
13.4608 	EXP 	Created unnamed TextStim = TextStim(__class__=<class 'psychopy.visual.text.TextStim'>, alignHoriz=method-wrapper(...), alignText='center', alignVert=method-wrapper(...), anchorHoriz='center', anchorVert='center', antialias=True, autoLog=True, bold=False, color=array([1., 1., 1.]), colorSpace='rgb', contrast=1.0, depth=0, flipHoriz=False, flipVert=False, font='', fontFiles=[], height=0.05, italic=False, languageStyle='LTR', name='unnamed TextStim', opacity=1.0, ori=0.0, pos=array([ 0.5, -0.1]), rgb=UNKNOWN, text='Clearly \n DELIBERATE', units='norm', win=Window(...), wrapWidth=1)
13.4625 	EXP 	Created unnamed ShapeStim = ShapeStim(__class__=<class 'psychopy.visual.shape.ShapeStim'>, autoDraw=False, autoLog=True, closeShape=True, color=method-wrapper(...), colorSpace='rgb', contrast=None, depth=0, fillColor=array([1, 1, 1]), fillColorSpace='rgb', fillRGB=array([1, 1, 1]), interpolate=True, lineColor=array([-1., -1., -1.]), lineColorSpace='rgb', lineRGB=array([-1, -1, -1]), lineWidth=1.5, name='unnamed ShapeStim', opacity=1.0, ori=0.0, pos=array([0., 0.]), size=array([1., 1.]), units='norm', vertices=ndarray(...), win=Window(...), windingRule=None)
13.5112 	EXP 	Sound  set volume 1.000
13.5538 	EXP 	unnamed ShapeStim: vertices = <class 'numpy.ndarray'>
13.5538 	EXP 	unnamed ShapeStim: vertices = <class 'numpy.ndarray'>
13.5538 	EXP 	unnamed ShapeStim: vertices = <class 'numpy.ndarray'>
246.6182 	DATA 	Keypress: lctrl
247.1312 	EXP 	Sound  started
247.2900 	DATA 	Keypress: rctrl
247.8180 	DATA 	Keypress: rctrl
247.8812 	EXP 	Sound  started
248.5060 	DATA 	Keypress: lctrl
248.6312 	EXP 	Sound  started
249.2420 	DATA 	Keypress: rctrl
249.3812 	EXP 	Sound  started
249.9780 	DATA 	Keypress: lctrl
250.1312 	EXP 	Sound  started
250.6820 	DATA 	Keypress: rctrl
250.8813 	EXP 	Sound  started
251.4500 	DATA 	Keypress: lctrl
251.6313 	EXP 	Sound  started
252.2500 	DATA 	Keypress: lctrl
252.3813 	EXP 	Sound  started
253.0020 	DATA 	Keypress: rctrl
253.1313 	EXP 	Sound  started
253.7060 	DATA 	Keypress: lctrl
253.8813 	EXP 	Sound  started
254.4420 	DATA 	Keypress: rctrl
254.6313 	EXP 	Sound  started
255.1940 	DATA 	Keypress: lctrl
255.3813 	EXP 	Sound  started
255.9459 	DATA 	Keypress: rctrl
256.1314 	EXP 	Sound  started
256.6660 	DATA 	Keypress: lctrl
256.8814 	EXP 	Sound  started
257.3700 	DATA 	Keypress: lctrl
257.6314 	EXP 	Sound  started
258.1700 	DATA 	Keypress: rctrl
258.3814 	EXP 	Sound  started
258.9220 	DATA 	Keypress: lctrl
259.1314 	EXP 	Sound  started
259.6581 	DATA 	Keypress: rctrl
259.8814 	EXP 	Sound  started
260.4260 	DATA 	Keypress: lctrl
260.6314 	EXP 	Sound  started
261.1301 	DATA 	Keypress: lctrl
261.3815 	EXP 	Sound  started
261.8981 	DATA 	Keypress: rctrl
262.1315 	EXP 	Sound  started
262.6660 	DATA 	Keypress: lctrl
262.8815 	EXP 	Sound  started
263.3860 	DATA 	Keypress: rctrl
263.6315 	EXP 	Sound  started
264.1700 	DATA 	Keypress: rctrl
264.3815 	EXP 	Sound  started
264.8900 	DATA 	Keypress: lctrl
265.1315 	EXP 	Sound  started
265.7060 	DATA 	Keypress: rctrl
265.8815 	EXP 	Sound  started
266.4901 	DATA 	Keypress: lctrl
266.6316 	EXP 	Sound  started
267.1940 	DATA 	Keypress: lctrl
267.3816 	EXP 	Sound  started
267.9941 	DATA 	Keypress: lctrl
268.1316 	EXP 	Sound  started
268.7140 	DATA 	Keypress: rctrl
268.8816 	EXP 	Sound  started
269.4660 	DATA 	Keypress: lctrl
269.6316 	EXP 	Sound  started
270.1541 	DATA 	Keypress: rctrl
270.3816 	EXP 	Sound  started
270.9220 	DATA 	Keypress: lctrl
271.1316 	EXP 	Sound  started
271.7060 	DATA 	Keypress: rctrl
271.8816 	EXP 	Sound  started
272.4741 	DATA 	Keypress: rctrl
272.6317 	EXP 	Sound  started
273.1621 	DATA 	Keypress: lctrl
273.3817 	EXP 	Sound  started
273.9780 	DATA 	Keypress: rctrl
274.1317 	EXP 	Sound  started
274.6660 	DATA 	Keypress: lctrl
274.8817 	EXP 	Sound  started
275.4340 	DATA 	Keypress: lctrl
275.6317 	EXP 	Sound  started
276.2020 	DATA 	Keypress: rctrl
276.3817 	EXP 	Sound  started
276.9380 	DATA 	Keypress: lctrl
277.1318 	EXP 	Sound  started
277.6900 	DATA 	Keypress: rctrl
277.8818 	EXP 	Sound  started
278.4260 	DATA 	Keypress: rctrl
278.6318 	EXP 	Sound  started
279.2100 	DATA 	Keypress: lctrl
279.3818 	EXP 	Sound  started
279.9941 	DATA 	Keypress: rctrl
280.1318 	EXP 	Sound  started
280.7780 	DATA 	Keypress: lctrl
280.8818 	EXP 	Sound  started
281.4980 	DATA 	Keypress: rctrl
281.6318 	EXP 	Sound  started
282.2820 	DATA 	Keypress: rctrl
282.3818 	EXP 	Sound  started
283.0180 	DATA 	Keypress: lctrl
283.1319 	EXP 	Sound  started
283.7540 	DATA 	Keypress: rctrl
283.8819 	EXP 	Sound  started
284.4100 	DATA 	Keypress: lctrl
284.6319 	EXP 	Sound  started
285.1780 	DATA 	Keypress: lctrl
285.3819 	EXP 	Sound  started
285.9140 	DATA 	Keypress: rctrl
286.1319 	EXP 	Sound  started
286.6820 	DATA 	Keypress: lctrl
286.8819 	EXP 	Sound  started
287.4021 	DATA 	Keypress: rctrl
287.6320 	EXP 	Sound  started
288.1700 	DATA 	Keypress: rctrl
288.3820 	EXP 	Sound  started
288.9380 	DATA 	Keypress: lctrl
289.1320 	EXP 	Sound  started
289.6260 	DATA 	Keypress: rctrl
289.8820 	EXP 	Sound  started
290.3460 	DATA 	Keypress: lctrl
290.6320 	EXP 	Sound  started
291.0980 	DATA 	Keypress: rctrl
291.3820 	EXP 	Sound  started
291.8820 	DATA 	Keypress: rctrl
292.1320 	EXP 	Sound  started
292.6020 	DATA 	Keypress: lctrl
292.8820 	EXP 	Sound  started
293.3700 	DATA 	Keypress: rctrl
293.6320 	EXP 	Sound  started
294.1060 	DATA 	Keypress: rctrl
294.3821 	EXP 	Sound  started
294.8580 	DATA 	Keypress: rctrl
295.1671 	EXP 	unnamed TextStim: text = ''
295.1671 	EXP 	unnamed TextStim: text = ''
297.8556 	DATA 	Keypress: 4
297.8721 	EXP 	unnamed ShapeStim: vertices = <class 'numpy.ndarray'>
299.4067 	EXP 	unnamed TextStim: text = ''
299.4067 	EXP 	unnamed TextStim: text = ''
303.6103 	DATA 	Keypress: 1
303.6268 	EXP 	unnamed ShapeStim: vertices = <class 'numpy.ndarray'>
305.1614 	EXP 	unnamed TextStim: text = ''
305.1614 	EXP 	unnamed TextStim: text = ''
306.7333 	DATA 	Keypress: 4
306.7627 	EXP 	unnamed ShapeStim: vertices = <class 'numpy.ndarray'>
309.0469 	EXP 	Sound  started
309.0471 	DATA 	Keypress: rctrl
309.2261 	DATA 	Keypress: rctrl
309.6740 	DATA 	Keypress: lctrl
309.7969 	EXP 	Sound  started
310.4420 	DATA 	Keypress: rctrl
310.5469 	EXP 	Sound  started
311.2101 	DATA 	Keypress: lctrl
311.2969 	EXP 	Sound  started
311.9300 	DATA 	Keypress: rctrl
312.0469 	EXP 	Sound  started
312.6820 	DATA 	Keypress: rctrl
312.7969 	EXP 	Sound  started
313.3860 	DATA 	Keypress: lctrl
313.5469 	EXP 	Sound  started
314.0901 	DATA 	Keypress: rctrl
314.2970 	EXP 	Sound  started
314.8740 	DATA 	Keypress: lctrl
315.0470 	EXP 	Sound  started
315.5781 	DATA 	Keypress: lctrl
315.7970 	EXP 	Sound  started
316.2820 	DATA 	Keypress: rctrl
316.5470 	EXP 	Sound  started
317.0180 	DATA 	Keypress: lctrl
317.2970 	EXP 	Sound  started
317.7380 	DATA 	Keypress: lctrl
318.0470 	EXP 	Sound  started
318.4740 	DATA 	Keypress: rctrl
318.7971 	EXP 	Sound  started
319.2580 	DATA 	Keypress: rctrl
319.5471 	EXP 	Sound  started
320.0259 	DATA 	Keypress: rctrl
320.2971 	EXP 	Sound  started
320.7301 	DATA 	Keypress: lctrl
321.0471 	EXP 	Sound  started
321.5140 	DATA 	Keypress: lctrl
321.7971 	EXP 	Sound  started
322.3940 	DATA 	Keypress: lctrl
322.5471 	EXP 	Sound  started
323.1940 	DATA 	Keypress: rctrl
323.2971 	EXP 	Sound  started
323.9780 	DATA 	Keypress: lctrl
324.0472 	EXP 	Sound  started
324.6340 	DATA 	Keypress: rctrl
324.7972 	EXP 	Sound  started
325.3700 	DATA 	Keypress: lctrl
325.5472 	EXP 	Sound  started
326.1060 	DATA 	Keypress: rctrl
326.2972 	EXP 	Sound  started
326.8740 	DATA 	Keypress: lctrl
327.0472 	EXP 	Sound  started
327.6100 	DATA 	Keypress: lctrl
327.7972 	EXP 	Sound  started
328.3780 	DATA 	Keypress: rctrl
328.5472 	EXP 	Sound  started
329.1620 	DATA 	Keypress: lctrl
329.2973 	EXP 	Sound  started
329.8981 	DATA 	Keypress: rctrl
330.0473 	EXP 	Sound  started
330.6500 	DATA 	Keypress: rctrl
330.7973 	EXP 	Sound  started
331.3700 	DATA 	Keypress: lctrl
331.5473 	EXP 	Sound  started
332.0740 	DATA 	Keypress: rctrl
332.2973 	EXP 	Sound  started
332.8420 	DATA 	Keypress: rctrl
333.0473 	EXP 	Sound  started
333.6260 	DATA 	Keypress: lctrl
333.7973 	EXP 	Sound  started
334.3620 	DATA 	Keypress: rctrl
334.5473 	EXP 	Sound  started
335.1300 	DATA 	Keypress: lctrl
335.2973 	EXP 	Sound  started
335.8500 	DATA 	Keypress: rctrl
336.0474 	EXP 	Sound  started
336.6020 	DATA 	Keypress: rctrl
336.7974 	EXP 	Sound  started
337.3700 	DATA 	Keypress: lctrl
337.5474 	EXP 	Sound  started
338.1380 	DATA 	Keypress: lctrl
338.2974 	EXP 	Sound  started
338.8580 	DATA 	Keypress: rctrl
339.0474 	EXP 	Sound  started
339.6580 	DATA 	Keypress: lctrl
339.7974 	EXP 	Sound  started
340.3620 	DATA 	Keypress: rctrl
340.5474 	EXP 	Sound  started
341.1620 	DATA 	Keypress: lctrl
341.2974 	EXP 	Sound  started
341.9140 	DATA 	Keypress: lctrl
342.0475 	EXP 	Sound  started
342.6660 	DATA 	Keypress: rctrl
342.7975 	EXP 	Sound  started
343.4180 	DATA 	Keypress: lctrl
343.5475 	EXP 	Sound  started
344.1540 	DATA 	Keypress: rctrl
344.2975 	EXP 	Sound  started
344.9060 	DATA 	Keypress: lctrl
345.0475 	EXP 	Sound  started
345.5940 	DATA 	Keypress: rctrl
345.7975 	EXP 	Sound  started
346.2981 	DATA 	Keypress: lctrl
346.5475 	EXP 	Sound  started
347.1141 	DATA 	Keypress: lctrl
347.2975 	EXP 	Sound  started
347.9140 	DATA 	Keypress: rctrl
348.0476 	EXP 	Sound  started
348.6980 	DATA 	Keypress: lctrl
348.7976 	EXP 	Sound  started
349.4340 	DATA 	Keypress: rctrl
349.5476 	EXP 	Sound  started
350.2340 	DATA 	Keypress: rctrl
350.2976 	EXP 	Sound  started
350.9860 	DATA 	Keypress: rctrl
351.0476 	EXP 	Sound  started
351.7059 	DATA 	Keypress: lctrl
351.7976 	EXP 	Sound  started
352.4100 	DATA 	Keypress: rctrl
352.5476 	EXP 	Sound  started
353.1940 	DATA 	Keypress: lctrl
353.2977 	EXP 	Sound  started
353.9300 	DATA 	Keypress: lctrl
354.0477 	EXP 	Sound  started
354.6660 	DATA 	Keypress: rctrl
354.7977 	EXP 	Sound  started
355.4340 	DATA 	Keypress: rctrl
355.5477 	EXP 	Sound  started
356.2020 	DATA 	Keypress: lctrl
356.2977 	EXP 	Sound  started
356.9221 	DATA 	Keypress: rctrl
358.7055 	DATA 	Keypress: 4
358.7220 	EXP 	unnamed ShapeStim: vertices = <class 'numpy.ndarray'>
360.9078 	DATA 	Keypress: 1
360.9243 	EXP 	unnamed ShapeStim: vertices = <class 'numpy.ndarray'>
366.4787 	DATA 	Keypress: 4
366.4951 	EXP 	unnamed ShapeStim: vertices = <class 'numpy.ndarray'>
368.7800 	EXP 	Sound  started
368.8101 	DATA 	Keypress: rctrl
369.4020 	DATA 	Keypress: lctrl
369.5300 	EXP 	Sound  started
370.1860 	DATA 	Keypress: rctrl
370.2800 	EXP 	Sound  started
370.9380 	DATA 	Keypress: lctrl
371.0300 	EXP 	Sound  started
371.6740 	DATA 	Keypress: lctrl
371.7800 	EXP 	Sound  started
372.4100 	DATA 	Keypress: rctrl
372.5300 	EXP 	Sound  started
373.1300 	DATA 	Keypress: lctrl
373.2801 	EXP 	Sound  started
373.8500 	DATA 	Keypress: rctrl
374.0301 	EXP 	Sound  started
374.6180 	DATA 	Keypress: lctrl
374.7801 	EXP 	Sound  started
375.2900 	DATA 	Keypress: rctrl
375.5301 	EXP 	Sound  started
376.0901 	DATA 	Keypress: rctrl
376.2801 	EXP 	Sound  started
376.8260 	DATA 	Keypress: lctrl
377.0301 	EXP 	Sound  started
377.5780 	DATA 	Keypress: lctrl
377.7801 	EXP 	Sound  started
378.3300 	DATA 	Keypress: rctrl
378.5302 	EXP 	Sound  started
379.0660 	DATA 	Keypress: lctrl
379.2802 	EXP 	Sound  started
379.7700 	DATA 	Keypress: rctrl
380.0302 	EXP 	Sound  started
380.5861 	DATA 	Keypress: rctrl
380.7802 	EXP 	Sound  started
381.3380 	DATA 	Keypress: lctrl
381.5302 	EXP 	Sound  started
382.0100 	DATA 	Keypress: rctrl
382.2802 	EXP 	Sound  started
382.8900 	DATA 	Keypress: lctrl
383.0302 	EXP 	Sound  started
383.6580 	DATA 	Keypress: rctrl
383.7802 	EXP 	Sound  started
384.3780 	DATA 	Keypress: lctrl
384.5303 	EXP 	Sound  started
385.1781 	DATA 	Keypress: lctrl
385.2803 	EXP 	Sound  started
385.8500 	DATA 	Keypress: rctrl
386.0303 	EXP 	Sound  started
386.5540 	DATA 	Keypress: lctrl
386.7803 	EXP 	Sound  started
387.3060 	DATA 	Keypress: rctrl
387.5303 	EXP 	Sound  started
388.0260 	DATA 	Keypress: lctrl
388.2803 	EXP 	Sound  started
388.8260 	DATA 	Keypress: rctrl
389.0303 	EXP 	Sound  started
389.6420 	DATA 	Keypress: rctrl
389.7804 	EXP 	Sound  started
390.3460 	DATA 	Keypress: lctrl
390.5304 	EXP 	Sound  started
391.0820 	DATA 	Keypress: lctrl
391.2804 	EXP 	Sound  started
391.8980 	DATA 	Keypress: lctrl
392.0304 	EXP 	Sound  started
392.6820 	DATA 	Keypress: rctrl
392.7804 	EXP 	Sound  started
393.4501 	DATA 	Keypress: lctrl
393.5304 	EXP 	Sound  started
394.2340 	DATA 	Keypress: rctrl
394.2804 	EXP 	Sound  started
394.9219 	DATA 	Keypress: lctrl
395.0304 	EXP 	Sound  started
395.6740 	DATA 	Keypress: rctrl
395.7805 	EXP 	Sound  started
396.4741 	DATA 	Keypress: rctrl
396.5305 	EXP 	Sound  started
397.2421 	DATA 	Keypress: lctrl
397.2805 	EXP 	Sound  started
397.9460 	DATA 	Keypress: rctrl
398.0305 	EXP 	Sound  started
398.6980 	DATA 	Keypress: lctrl
398.7805 	EXP 	Sound  started
399.4020 	DATA 	Keypress: rctrl
399.5305 	EXP 	Sound  started
400.1539 	DATA 	Keypress: lctrl
400.2805 	EXP 	Sound  started
400.8580 	DATA 	Keypress: lctrl
401.0306 	EXP 	Sound  started
401.6100 	DATA 	Keypress: rctrl
401.7806 	EXP 	Sound  started
402.3941 	DATA 	Keypress: lctrl
402.5306 	EXP 	Sound  started
403.0820 	DATA 	Keypress: rctrl
403.2806 	EXP 	Sound  started
403.9140 	DATA 	Keypress: rctrl
404.0306 	EXP 	Sound  started
404.6340 	DATA 	Keypress: rctrl
404.7806 	EXP 	Sound  started
405.3540 	DATA 	Keypress: lctrl
405.5306 	EXP 	Sound  started
406.1701 	DATA 	Keypress: rctrl
406.2807 	EXP 	Sound  started
406.8900 	DATA 	Keypress: lctrl
407.0307 	EXP 	Sound  started
407.6261 	DATA 	Keypress: rctrl
407.7807 	EXP 	Sound  started
408.4100 	DATA 	Keypress: lctrl
408.5307 	EXP 	Sound  started
409.1621 	DATA 	Keypress: lctrl
409.2807 	EXP 	Sound  started
409.9460 	DATA 	Keypress: rctrl
410.0307 	EXP 	Sound  started
410.6821 	DATA 	Keypress: lctrl
410.7807 	EXP 	Sound  started
411.4501 	DATA 	Keypress: rctrl
411.5308 	EXP 	Sound  started
412.0901 	DATA 	Keypress: lctrl
412.2808 	EXP 	Sound  started
412.9060 	DATA 	Keypress: lctrl
413.0308 	EXP 	Sound  started
413.6260 	DATA 	Keypress: rctrl
413.7808 	EXP 	Sound  started
414.4580 	DATA 	Keypress: rctrl
415.8524 	DATA 	Keypress: 4
415.8689 	EXP 	unnamed ShapeStim: vertices = <class 'numpy.ndarray'>
418.2382 	DATA 	Keypress: 1
418.2547 	EXP 	unnamed ShapeStim: vertices = <class 'numpy.ndarray'>
420.5567 	DATA 	Keypress: 4
420.5733 	EXP 	unnamed ShapeStim: vertices = <class 'numpy.ndarray'>
422.8578 	EXP 	Sound  started
423.0341 	DATA 	Keypress: rctrl
423.4980 	DATA 	Keypress: lctrl
423.6078 	EXP 	Sound  started
424.2500 	DATA 	Keypress: lctrl
424.3578 	EXP 	Sound  started
424.9860 	DATA 	Keypress: rctrl
425.1078 	EXP 	Sound  started
425.7220 	DATA 	Keypress: lctrl
425.8578 	EXP 	Sound  started
426.3620 	DATA 	Keypress: rctrl
426.6078 	EXP 	Sound  started
427.1620 	DATA 	Keypress: rctrl
427.3578 	EXP 	Sound  started
427.9140 	DATA 	Keypress: lctrl
428.1079 	EXP 	Sound  started
428.6661 	DATA 	Keypress: rctrl
428.8579 	EXP 	Sound  started
429.3700 	DATA 	Keypress: lctrl
429.6079 	EXP 	Sound  started
430.1220 	DATA 	Keypress: rctrl
430.3579 	EXP 	Sound  started
430.8100 	DATA 	Keypress: lctrl
431.1079 	EXP 	Sound  started
431.6420 	DATA 	Keypress: rctrl
431.8579 	EXP 	Sound  started
432.3940 	DATA 	Keypress: lctrl
432.6079 	EXP 	Sound  started
433.1621 	DATA 	Keypress: rctrl
433.3580 	EXP 	Sound  started
433.8820 	DATA 	Keypress: lctrl
434.1080 	EXP 	Sound  started
434.6020 	DATA 	Keypress: rctrl
434.8580 	EXP 	Sound  started
435.3540 	DATA 	Keypress: rctrl
435.6080 	EXP 	Sound  started
436.0901 	DATA 	Keypress: lctrl
436.3580 	EXP 	Sound  started
436.8100 	DATA 	Keypress: rctrl
437.1080 	EXP 	Sound  started
437.5780 	DATA 	Keypress: rctrl
437.8580 	EXP 	Sound  started
438.2980 	DATA 	Keypress: lctrl
438.6080 	EXP 	Sound  started
439.0660 	DATA 	Keypress: rctrl
439.3581 	EXP 	Sound  started
439.8340 	DATA 	Keypress: lctrl
440.1081 	EXP 	Sound  started
440.4900 	DATA 	Keypress: rctrl
440.8581 	EXP 	Sound  started
441.3061 	DATA 	Keypress: rctrl
441.6081 	EXP 	Sound  started
442.0420 	DATA 	Keypress: lctrl
442.3581 	EXP 	Sound  started
442.8580 	DATA 	Keypress: rctrl
443.1081 	EXP 	Sound  started
443.6420 	DATA 	Keypress: lctrl
443.8581 	EXP 	Sound  started
444.3940 	DATA 	Keypress: lctrl
444.6082 	EXP 	Sound  started
445.2740 	DATA 	Keypress: rctrl
445.3582 	EXP 	Sound  started
445.9940 	DATA 	Keypress: lctrl
446.1082 	EXP 	Sound  started
446.7460 	DATA 	Keypress: rctrl
446.8582 	EXP 	Sound  started
447.5140 	DATA 	Keypress: rctrl
447.6082 	EXP 	Sound  started
448.2341 	DATA 	Keypress: lctrl
448.3582 	EXP 	Sound  started
448.9699 	DATA 	Keypress: rctrl
449.1082 	EXP 	Sound  started
449.7380 	DATA 	Keypress: lctrl
449.8582 	EXP 	Sound  started
450.4900 	DATA 	Keypress: rctrl
450.6083 	EXP 	Sound  started
451.2420 	DATA 	Keypress: lctrl
451.3583 	EXP 	Sound  started
451.9620 	DATA 	Keypress: lctrl
452.1083 	EXP 	Sound  started
452.7779 	DATA 	Keypress: lctrl
452.8583 	EXP 	Sound  started
453.4980 	DATA 	Keypress: rctrl
453.6083 	EXP 	Sound  started
454.2181 	DATA 	Keypress: lctrl
454.3583 	EXP 	Sound  started
454.9540 	DATA 	Keypress: rctrl
455.1083 	EXP 	Sound  started
455.6740 	DATA 	Keypress: rctrl
455.8584 	EXP 	Sound  started
456.4421 	DATA 	Keypress: lctrl
456.6084 	EXP 	Sound  started
457.2421 	DATA 	Keypress: rctrl
457.3584 	EXP 	Sound  started
457.9300 	DATA 	Keypress: lctrl
458.1084 	EXP 	Sound  started
458.6822 	DATA 	Keypress: rctrl
458.8584 	EXP 	Sound  started
459.4820 	DATA 	Keypress: rctrl
459.6085 	EXP 	Sound  started
460.2180 	DATA 	Keypress: lctrl
460.3584 	EXP 	Sound  started
460.9380 	DATA 	Keypress: rctrl
461.1085 	EXP 	Sound  started
461.7220 	DATA 	Keypress: lctrl
461.8585 	EXP 	Sound  started
462.4740 	DATA 	Keypress: lctrl
462.6085 	EXP 	Sound  started
463.2900 	DATA 	Keypress: rctrl
463.3585 	EXP 	Sound  started
464.0100 	DATA 	Keypress: rctrl
464.1085 	EXP 	Sound  started
464.7140 	DATA 	Keypress: lctrl
464.8585 	EXP 	Sound  started
465.4340 	DATA 	Keypress: rctrl
465.6086 	EXP 	Sound  started
466.2341 	DATA 	Keypress: rctrl
466.3586 	EXP 	Sound  started
466.9701 	DATA 	Keypress: lctrl
467.1086 	EXP 	Sound  started
467.7380 	DATA 	Keypress: lctrl
467.8586 	EXP 	Sound  started
468.5060 	DATA 	Keypress: rctrl
468.6086 	EXP 	Sound  started
469.2580 	DATA 	Keypress: lctrl
469.3586 	EXP 	Sound  started
469.9940 	DATA 	Keypress: rctrl
470.1086 	EXP 	Sound  started
470.7780 	DATA 	Keypress: rctrl
470.8587 	EXP 	Sound  started
471.4821 	DATA 	Keypress: lctrl
471.6087 	EXP 	Sound  started
472.2341 	DATA 	Keypress: rctrl
472.3587 	EXP 	Sound  started
473.0500 	DATA 	Keypress: rctrl
473.1087 	EXP 	Sound  started
473.7700 	DATA 	Keypress: lctrl
473.8587 	EXP 	Sound  started
474.4901 	DATA 	Keypress: rctrl
474.6087 	EXP 	Sound  started
475.2421 	DATA 	Keypress: lctrl
475.3587 	EXP 	Sound  started
475.9940 	DATA 	Keypress: lctrl
476.1088 	EXP 	Sound  started
476.6820 	DATA 	Keypress: rctrl
476.8588 	EXP 	Sound  started
477.4660 	DATA 	Keypress: lctrl
477.6088 	EXP 	Sound  started
478.2021 	DATA 	Keypress: rctrl
478.3588 	EXP 	Sound  started
478.9700 	DATA 	Keypress: lctrl
479.1088 	EXP 	Sound  started
479.7220 	DATA 	Keypress: rctrl
479.8588 	EXP 	Sound  started
480.4740 	DATA 	Keypress: rctrl
480.6089 	EXP 	Sound  started
481.2260 	DATA 	Keypress: lctrl
481.3589 	EXP 	Sound  started
481.9941 	DATA 	Keypress: rctrl
482.1089 	EXP 	Sound  started
482.7300 	DATA 	Keypress: lctrl
482.8589 	EXP 	Sound  started
483.4661 	DATA 	Keypress: rctrl
483.6089 	EXP 	Sound  started
484.2020 	DATA 	Keypress: lctrl
484.3589 	EXP 	Sound  started
484.9700 	DATA 	Keypress: rctrl
485.1089 	EXP 	Sound  started
485.6900 	DATA 	Keypress: lctrl
485.8589 	EXP 	Sound  started
486.5220 	DATA 	Keypress: rctrl
488.5954 	DATA 	Keypress: 3
488.6119 	EXP 	unnamed ShapeStim: vertices = <class 'numpy.ndarray'>
495.6512 	DATA 	Keypress: 3
495.6677 	EXP 	unnamed ShapeStim: vertices = <class 'numpy.ndarray'>
498.4741 	DATA 	Keypress: 2
498.5033 	EXP 	unnamed ShapeStim: vertices = <class 'numpy.ndarray'>
500.7879 	EXP 	Sound  started
500.7882 	DATA 	Keypress: rctrl
501.3700 	DATA 	Keypress: lctrl
501.5379 	EXP 	Sound  started
502.1541 	DATA 	Keypress: rctrl
502.2879 	EXP 	Sound  started
502.8740 	DATA 	Keypress: lctrl
503.0379 	EXP 	Sound  started
503.6580 	DATA 	Keypress: lctrl
503.7880 	EXP 	Sound  started
504.3780 	DATA 	Keypress: rctrl
504.5380 	EXP 	Sound  started
505.1299 	DATA 	Keypress: lctrl
505.2880 	EXP 	Sound  started
505.8659 	DATA 	Keypress: rctrl
506.0380 	EXP 	Sound  started
506.6020 	DATA 	Keypress: lctrl
506.7880 	EXP 	Sound  started
507.3540 	DATA 	Keypress: lctrl
507.5380 	EXP 	Sound  started
508.1700 	DATA 	Keypress: rctrl
508.2881 	EXP 	Sound  started
508.8580 	DATA 	Keypress: lctrl
509.0381 	EXP 	Sound  started
509.6420 	DATA 	Keypress: rctrl
509.7881 	EXP 	Sound  started
510.4100 	DATA 	Keypress: lctrl
510.5381 	EXP 	Sound  started
511.1940 	DATA 	Keypress: rctrl
511.2881 	EXP 	Sound  started
511.9140 	DATA 	Keypress: rctrl
512.0381 	EXP 	Sound  started
512.6820 	DATA 	Keypress: rctrl
512.7881 	EXP 	Sound  started
513.4020 	DATA 	Keypress: lctrl
513.5381 	EXP 	Sound  started
514.1380 	DATA 	Keypress: rctrl
514.2881 	EXP 	Sound  started
514.8740 	DATA 	Keypress: lctrl
515.0381 	EXP 	Sound  started
515.6421 	DATA 	Keypress: rctrl
515.7882 	EXP 	Sound  started
516.3620 	DATA 	Keypress: lctrl
516.5382 	EXP 	Sound  started
517.1460 	DATA 	Keypress: rctrl
517.2882 	EXP 	Sound  started
517.9460 	DATA 	Keypress: rctrl
518.0382 	EXP 	Sound  started
518.6980 	DATA 	Keypress: lctrl
518.7882 	EXP 	Sound  started
519.3859 	DATA 	Keypress: rctrl
519.5382 	EXP 	Sound  started
520.1060 	DATA 	Keypress: lctrl
520.2882 	EXP 	Sound  started
520.9380 	DATA 	Keypress: rctrl
521.0383 	EXP 	Sound  started
521.6420 	DATA 	Keypress: lctrl
521.7883 	EXP 	Sound  started
522.4421 	DATA 	Keypress: rctrl
522.5383 	EXP 	Sound  started
523.1460 	DATA 	Keypress: lctrl
523.2883 	EXP 	Sound  started
523.9620 	DATA 	Keypress: lctrl
524.0383 	EXP 	Sound  started
524.7461 	DATA 	Keypress: lctrl
524.7883 	EXP 	Sound  started
525.4340 	DATA 	Keypress: rctrl
525.5383 	EXP 	Sound  started
526.1381 	DATA 	Keypress: lctrl
526.2884 	EXP 	Sound  started
526.9380 	DATA 	Keypress: rctrl
527.0384 	EXP 	Sound  started
527.5620 	DATA 	Keypress: lctrl
527.7884 	EXP 	Sound  started
528.4260 	DATA 	Keypress: rctrl
528.5384 	EXP 	Sound  started
529.1780 	DATA 	Keypress: rctrl
529.2884 	EXP 	Sound  started
529.8660 	DATA 	Keypress: lctrl
530.0384 	EXP 	Sound  started
530.7300 	DATA 	Keypress: rctrl
530.7884 	EXP 	Sound  started
531.4020 	DATA 	Keypress: lctrl
531.5385 	EXP 	Sound  started
532.1700 	DATA 	Keypress: rctrl
532.2885 	EXP 	Sound  started
532.9221 	DATA 	Keypress: lctrl
533.0385 	EXP 	Sound  started
533.6901 	DATA 	Keypress: lctrl
533.7885 	EXP 	Sound  started
534.4420 	DATA 	Keypress: rctrl
534.5385 	EXP 	Sound  started
535.1780 	DATA 	Keypress: lctrl
535.2885 	EXP 	Sound  started
535.9300 	DATA 	Keypress: rctrl
536.0385 	EXP 	Sound  started
536.7141 	DATA 	Keypress: lctrl
536.7886 	EXP 	Sound  started
537.4500 	DATA 	Keypress: rctrl
537.5386 	EXP 	Sound  started
538.2020 	DATA 	Keypress: rctrl
538.2886 	EXP 	Sound  started
538.9380 	DATA 	Keypress: lctrl
539.0386 	EXP 	Sound  started
539.6740 	DATA 	Keypress: rctrl
539.7886 	EXP 	Sound  started
540.4421 	DATA 	Keypress: lctrl
540.5386 	EXP 	Sound  started
541.2101 	DATA 	Keypress: rctrl
541.2886 	EXP 	Sound  started
541.9941 	DATA 	Keypress: rctrl
542.0387 	EXP 	Sound  started
542.6981 	DATA 	Keypress: lctrl
542.7887 	EXP 	Sound  started
543.4980 	DATA 	Keypress: rctrl
543.5387 	EXP 	Sound  started
544.1700 	DATA 	Keypress: lctrl
544.2887 	EXP 	Sound  started
544.8900 	DATA 	Keypress: lctrl
545.0387 	EXP 	Sound  started
545.7381 	DATA 	Keypress: rctrl
545.7887 	EXP 	Sound  started
546.4900 	DATA 	Keypress: lctrl
546.5387 	EXP 	Sound  started
547.1300 	DATA 	Keypress: rctrl
547.2887 	EXP 	Sound  started
547.9300 	DATA 	Keypress: rctrl
551.7805 	DATA 	Keypress: 4
551.7971 	EXP 	unnamed ShapeStim: vertices = <class 'numpy.ndarray'>
556.2842 	DATA 	Keypress: 1
556.3008 	EXP 	unnamed ShapeStim: vertices = <class 'numpy.ndarray'>
559.0365 	DATA 	Keypress: 4
559.0530 	EXP 	unnamed ShapeStim: vertices = <class 'numpy.ndarray'>
561.3374 	EXP 	Sound  started
561.4021 	DATA 	Keypress: rctrl
561.9140 	DATA 	Keypress: lctrl
562.0874 	EXP 	Sound  started
562.7140 	DATA 	Keypress: rctrl
562.8374 	EXP 	Sound  started
563.4981 	DATA 	Keypress: rctrl
563.5874 	EXP 	Sound  started
564.2660 	DATA 	Keypress: lctrl
564.3374 	EXP 	Sound  started
565.0181 	DATA 	Keypress: lctrl
565.0874 	EXP 	Sound  started
565.8340 	DATA 	Keypress: rctrl
565.8374 	EXP 	Sound  started
566.5381 	DATA 	Keypress: lctrl
566.5875 	EXP 	Sound  started
567.2100 	DATA 	Keypress: rctrl
567.3375 	EXP 	Sound  started
567.9140 	DATA 	Keypress: lctrl
568.0875 	EXP 	Sound  started
568.7140 	DATA 	Keypress: lctrl
568.8375 	EXP 	Sound  started
569.4341 	DATA 	Keypress: rctrl
569.5875 	EXP 	Sound  started
570.1860 	DATA 	Keypress: lctrl
570.3375 	EXP 	Sound  started
570.9380 	DATA 	Keypress: rctrl
571.0875 	EXP 	Sound  started
571.6900 	DATA 	Keypress: rctrl
571.8376 	EXP 	Sound  started
572.4580 	DATA 	Keypress: rctrl
572.5876 	EXP 	Sound  started
573.2420 	DATA 	Keypress: lctrl
573.3376 	EXP 	Sound  started
574.0100 	DATA 	Keypress: rctrl
574.0876 	EXP 	Sound  started
574.6820 	DATA 	Keypress: lctrl
574.8376 	EXP 	Sound  started
575.3541 	DATA 	Keypress: lctrl
575.5876 	EXP 	Sound  started
576.1700 	DATA 	Keypress: rctrl
576.3376 	EXP 	Sound  started
576.9381 	DATA 	Keypress: lctrl
577.0877 	EXP 	Sound  started
577.6260 	DATA 	Keypress: rctrl
577.8377 	EXP 	Sound  started
578.4900 	DATA 	Keypress: rctrl
578.5877 	EXP 	Sound  started
579.2420 	DATA 	Keypress: lctrl
579.3377 	EXP 	Sound  started
579.9620 	DATA 	Keypress: rctrl
580.0877 	EXP 	Sound  started
580.7140 	DATA 	Keypress: lctrl
580.8377 	EXP 	Sound  started
581.4501 	DATA 	Keypress: lctrl
581.5877 	EXP 	Sound  started
582.2501 	DATA 	Keypress: rctrl
582.3378 	EXP 	Sound  started
583.0181 	DATA 	Keypress: rctrl
583.0878 	EXP 	Sound  started
583.7380 	DATA 	Keypress: lctrl
583.8378 	EXP 	Sound  started
584.4741 	DATA 	Keypress: rctrl
584.5878 	EXP 	Sound  started
585.2420 	DATA 	Keypress: rctrl
585.3378 	EXP 	Sound  started
585.9780 	DATA 	Keypress: lctrl
586.0878 	EXP 	Sound  started
586.6501 	DATA 	Keypress: rctrl
586.8378 	EXP 	Sound  started
587.4661 	DATA 	Keypress: lctrl
587.5879 	EXP 	Sound  started
588.2501 	DATA 	Keypress: lctrl
588.3379 	EXP 	Sound  started
588.9701 	DATA 	Keypress: lctrl
589.0879 	EXP 	Sound  started
589.7220 	DATA 	Keypress: rctrl
589.8379 	EXP 	Sound  started
590.4580 	DATA 	Keypress: lctrl
590.5879 	EXP 	Sound  started
591.2580 	DATA 	Keypress: rctrl
591.3379 	EXP 	Sound  started
591.9941 	DATA 	Keypress: lctrl
592.0880 	EXP 	Sound  started
592.7460 	DATA 	Keypress: rctrl
592.8380 	EXP 	Sound  started
593.5301 	DATA 	Keypress: rctrl
593.5880 	EXP 	Sound  started
594.3141 	DATA 	Keypress: lctrl
594.3380 	EXP 	Sound  started
595.0820 	DATA 	Keypress: rctrl
595.0880 	EXP 	Sound  started
595.7380 	DATA 	Keypress: lctrl
595.8380 	EXP 	Sound  started
596.5541 	DATA 	Keypress: rctrl
596.5880 	EXP 	Sound  started
597.2580 	DATA 	Keypress: rctrl
597.3380 	EXP 	Sound  started
598.0741 	DATA 	Keypress: rctrl
598.0880 	EXP 	Sound  started
598.8381 	EXP 	Sound  started
598.8580 	DATA 	Keypress: lctrl
599.5460 	DATA 	Keypress: rctrl
599.5881 	EXP 	Sound  started
600.2820 	DATA 	Keypress: lctrl
600.3381 	EXP 	Sound  started
601.0500 	DATA 	Keypress: lctrl
601.0881 	EXP 	Sound  started
601.7700 	DATA 	Keypress: rctrl
601.8381 	EXP 	Sound  started
602.5220 	DATA 	Keypress: lctrl
602.5881 	EXP 	Sound  started
603.2580 	DATA 	Keypress: rctrl
603.3381 	EXP 	Sound  started
603.9620 	DATA 	Keypress: lctrl
604.0882 	EXP 	Sound  started
604.7300 	DATA 	Keypress: rctrl
604.8382 	EXP 	Sound  started
605.4660 	DATA 	Keypress: lctrl
605.5882 	EXP 	Sound  started
606.2021 	DATA 	Keypress: lctrl
606.3382 	EXP 	Sound  started
606.9540 	DATA 	Keypress: rctrl
607.0882 	EXP 	Sound  started
607.7380 	DATA 	Keypress: lctrl
607.8382 	EXP 	Sound  started
608.4900 	DATA 	Keypress: rctrl
608.5882 	EXP 	Sound  started
609.2900 	DATA 	Keypress: lctrl
609.3383 	EXP 	Sound  started
610.0100 	DATA 	Keypress: rctrl
610.0883 	EXP 	Sound  started
610.7620 	DATA 	Keypress: rctrl
610.8383 	EXP 	Sound  started
611.4981 	DATA 	Keypress: lctrl
611.5883 	EXP 	Sound  started
612.2660 	DATA 	Keypress: rctrl
612.3383 	EXP 	Sound  started
612.9380 	DATA 	Keypress: lctrl
613.0883 	EXP 	Sound  started
613.7060 	DATA 	Keypress: rctrl
613.8383 	EXP 	Sound  started
614.4901 	DATA 	Keypress: rctrl
614.5884 	EXP 	Sound  started
615.1621 	DATA 	Keypress: lctrl
615.3384 	EXP 	Sound  started
615.9460 	DATA 	Keypress: lctrl
616.0884 	EXP 	Sound  started
616.6981 	DATA 	Keypress: rctrl
616.8384 	EXP 	Sound  started
617.4661 	DATA 	Keypress: lctrl
617.5884 	EXP 	Sound  started
618.2500 	DATA 	Keypress: lctrl
618.3384 	EXP 	Sound  started
618.9700 	DATA 	Keypress: rctrl
619.0884 	EXP 	Sound  started
619.7060 	DATA 	Keypress: lctrl
622.6721 	DATA 	Keypress: 4
622.6886 	EXP 	unnamed ShapeStim: vertices = <class 'numpy.ndarray'>
624.9410 	DATA 	Keypress: 1
624.9575 	EXP 	unnamed ShapeStim: vertices = <class 'numpy.ndarray'>
627.7595 	DATA 	Keypress: 4
627.7760 	EXP 	unnamed ShapeStim: vertices = <class 'numpy.ndarray'>
630.0617 	EXP 	Sound  started
630.2181 	DATA 	Keypress: rctrl
630.6979 	DATA 	Keypress: lctrl
630.8117 	EXP 	Sound  started
631.4500 	DATA 	Keypress: rctrl
631.5617 	EXP 	Sound  started
632.2180 	DATA 	Keypress: lctrl
632.3117 	EXP 	Sound  started
632.9861 	DATA 	Keypress: lctrl
633.0617 	EXP 	Sound  started
633.7540 	DATA 	Keypress: rctrl
633.8118 	EXP 	Sound  started
634.4740 	DATA 	Keypress: lctrl
634.5618 	EXP 	Sound  started
635.2100 	DATA 	Keypress: lctrl
635.3118 	EXP 	Sound  started
635.9620 	DATA 	Keypress: rctrl
636.0618 	EXP 	Sound  started
636.6980 	DATA 	Keypress: lctrl
636.8118 	EXP 	Sound  started
637.4500 	DATA 	Keypress: rctrl
637.5618 	EXP 	Sound  started
638.2181 	DATA 	Keypress: rctrl
638.3118 	EXP 	Sound  started
638.9861 	DATA 	Keypress: lctrl
639.0619 	EXP 	Sound  started
639.7060 	DATA 	Keypress: rctrl
639.8119 	EXP 	Sound  started
640.4100 	DATA 	Keypress: lctrl
640.5619 	EXP 	Sound  started
641.2100 	DATA 	Keypress: rctrl
641.3119 	EXP 	Sound  started
642.0100 	DATA 	Keypress: lctrl
642.0619 	EXP 	Sound  started
642.7620 	DATA 	Keypress: lctrl
642.8119 	EXP 	Sound  started
643.4660 	DATA 	Keypress: rctrl
643.5619 	EXP 	Sound  started
644.2340 	DATA 	Keypress: lctrl
644.3119 	EXP 	Sound  started
645.0020 	DATA 	Keypress: lctrl
645.0619 	EXP 	Sound  started
645.7220 	DATA 	Keypress: rctrl
645.8120 	EXP 	Sound  started
646.4261 	DATA 	Keypress: lctrl
646.5620 	EXP 	Sound  started
647.1780 	DATA 	Keypress: rctrl
647.3120 	EXP 	Sound  started
647.9140 	DATA 	Keypress: lctrl
648.0620 	EXP 	Sound  started
648.7141 	DATA 	Keypress: lctrl
648.8120 	EXP 	Sound  started
649.4340 	DATA 	Keypress: rctrl
649.5620 	EXP 	Sound  started
650.1540 	DATA 	Keypress: lctrl
650.3121 	EXP 	Sound  started
650.8900 	DATA 	Keypress: rctrl
651.0621 	EXP 	Sound  started
651.6420 	DATA 	Keypress: lctrl
651.8121 	EXP 	Sound  started
652.4260 	DATA 	Keypress: rctrl
652.5621 	EXP 	Sound  started
653.1620 	DATA 	Keypress: rctrl
653.3121 	EXP 	Sound  started
653.9620 	DATA 	Keypress: rctrl
654.0621 	EXP 	Sound  started
654.6660 	DATA 	Keypress: lctrl
654.8121 	EXP 	Sound  started
655.4021 	DATA 	Keypress: rctrl
655.5621 	EXP 	Sound  started
656.1701 	DATA 	Keypress: lctrl
656.3122 	EXP 	Sound  started
656.9380 	DATA 	Keypress: rctrl
657.0622 	EXP 	Sound  started
657.6740 	DATA 	Keypress: lctrl
657.8122 	EXP 	Sound  started
658.4100 	DATA 	Keypress: rctrl
658.5622 	EXP 	Sound  started
659.1621 	DATA 	Keypress: rctrl
659.3122 	EXP 	Sound  started
659.9140 	DATA 	Keypress: lctrl
660.0622 	EXP 	Sound  started
660.6660 	DATA 	Keypress: rctrl
660.8122 	EXP 	Sound  started
661.4180 	DATA 	Keypress: lctrl
661.5623 	EXP 	Sound  started
662.2181 	DATA 	Keypress: lctrl
662.3123 	EXP 	Sound  started
662.8740 	DATA 	Keypress: rctrl
663.0623 	EXP 	Sound  started
663.7381 	DATA 	Keypress: lctrl
663.8123 	EXP 	Sound  started
664.4101 	DATA 	Keypress: rctrl
664.5623 	EXP 	Sound  started
665.1940 	DATA 	Keypress: lctrl
665.3123 	EXP 	Sound  started
665.9461 	DATA 	Keypress: lctrl
666.0623 	EXP 	Sound  started
666.6660 	DATA 	Keypress: rctrl
666.8124 	EXP 	Sound  started
667.3860 	DATA 	Keypress: rctrl
667.5624 	EXP 	Sound  started
668.1701 	DATA 	Keypress: lctrl
668.3124 	EXP 	Sound  started
669.0020 	DATA 	Keypress: lctrl
669.0624 	EXP 	Sound  started
669.7540 	DATA 	Keypress: rctrl
669.8124 	EXP 	Sound  started
670.4901 	DATA 	Keypress: lctrl
670.5624 	EXP 	Sound  started
671.2100 	DATA 	Keypress: rctrl
671.3124 	EXP 	Sound  started
671.9780 	DATA 	Keypress: lctrl
672.0625 	EXP 	Sound  started
672.7141 	DATA 	Keypress: rctrl
672.8125 	EXP 	Sound  started
673.4660 	DATA 	Keypress: lctrl
673.5625 	EXP 	Sound  started
674.2501 	DATA 	Keypress: rctrl
674.3125 	EXP 	Sound  started
674.8900 	DATA 	Keypress: lctrl
675.0625 	EXP 	Sound  started
675.6901 	DATA 	Keypress: lctrl
675.8125 	EXP 	Sound  started
676.4901 	DATA 	Keypress: rctrl
676.5626 	EXP 	Sound  started
677.2581 	DATA 	Keypress: lctrl
677.3126 	EXP 	Sound  started
677.9940 	DATA 	Keypress: rctrl
678.0626 	EXP 	Sound  started
678.7140 	DATA 	Keypress: rctrl
678.8126 	EXP 	Sound  started
679.4341 	DATA 	Keypress: rctrl
679.5626 	EXP 	Sound  started
680.2340 	DATA 	Keypress: lctrl
680.3126 	EXP 	Sound  started
681.0181 	DATA 	Keypress: rctrl
681.0627 	EXP 	Sound  started
681.7541 	DATA 	Keypress: lctrl
681.8127 	EXP 	Sound  started
682.4741 	DATA 	Keypress: rctrl
682.5627 	EXP 	Sound  started
683.1940 	DATA 	Keypress: lctrl
683.3127 	EXP 	Sound  started
683.9300 	DATA 	Keypress: rctrl
684.0627 	EXP 	Sound  started
684.6340 	DATA 	Keypress: lctrl
684.8127 	EXP 	Sound  started
685.4180 	DATA 	Keypress: lctrl
685.5627 	EXP 	Sound  started
686.2340 	DATA 	Keypress: rctrl
686.3127 	EXP 	Sound  started
687.0341 	DATA 	Keypress: lctrl
687.0628 	EXP 	Sound  started
687.7700 	DATA 	Keypress: rctrl
687.8128 	EXP 	Sound  started
688.5061 	DATA 	Keypress: lctrl
691.3117 	DATA 	Keypress: 3
691.3282 	EXP 	unnamed ShapeStim: vertices = <class 'numpy.ndarray'>
701.6535 	DATA 	Keypress: 1
701.6700 	EXP 	unnamed ShapeStim: vertices = <class 'numpy.ndarray'>
704.5393 	DATA 	Keypress: 4
704.5557 	EXP 	unnamed ShapeStim: vertices = <class 'numpy.ndarray'>
706.8400 	EXP 	Sound  started
706.8402 	DATA 	Keypress: rctrl
707.4340 	DATA 	Keypress: lctrl
707.5900 	EXP 	Sound  started
708.2180 	DATA 	Keypress: lctrl
708.3400 	EXP 	Sound  started
709.0181 	DATA 	Keypress: lctrl
709.0900 	EXP 	Sound  started
709.7860 	DATA 	Keypress: rctrl
709.8400 	EXP 	Sound  started
710.5062 	DATA 	Keypress: lctrl
710.5900 	EXP 	Sound  started
711.2580 	DATA 	Keypress: lctrl
711.3400 	EXP 	Sound  started
711.9620 	DATA 	Keypress: rctrl
712.0900 	EXP 	Sound  started
712.7140 	DATA 	Keypress: rctrl
712.8401 	EXP 	Sound  started
713.4500 	DATA 	Keypress: lctrl
713.5901 	EXP 	Sound  started
714.3141 	DATA 	Keypress: rctrl
714.3401 	EXP 	Sound  started
715.0181 	DATA 	Keypress: lctrl
715.0901 	EXP 	Sound  started
715.6740 	DATA 	Keypress: rctrl
715.8401 	EXP 	Sound  started
716.4260 	DATA 	Keypress: rctrl
716.5901 	EXP 	Sound  started
717.1780 	DATA 	Keypress: lctrl
717.3402 	EXP 	Sound  started
717.8660 	DATA 	Keypress: lctrl
718.0902 	EXP 	Sound  started
718.6821 	DATA 	Keypress: rctrl
718.8402 	EXP 	Sound  started
719.3540 	DATA 	Keypress: rctrl
719.5902 	EXP 	Sound  started
720.2820 	DATA 	Keypress: lctrl
720.3402 	EXP 	Sound  started
720.9860 	DATA 	Keypress: lctrl
721.0902 	EXP 	Sound  started
721.7381 	DATA 	Keypress: lctrl
721.8402 	EXP 	Sound  started
722.4901 	DATA 	Keypress: rctrl
722.5903 	EXP 	Sound  started
723.1940 	DATA 	Keypress: lctrl
723.3403 	EXP 	Sound  started
723.9460 	DATA 	Keypress: rctrl
724.0903 	EXP 	Sound  started
724.6980 	DATA 	Keypress: rctrl
724.8403 	EXP 	Sound  started
725.4661 	DATA 	Keypress: lctrl
725.5903 	EXP 	Sound  started
726.1701 	DATA 	Keypress: rctrl
726.3403 	EXP 	Sound  started
726.9060 	DATA 	Keypress: lctrl
727.0903 	EXP 	Sound  started
727.6580 	DATA 	Keypress: rctrl
727.8403 	EXP 	Sound  started
728.4260 	DATA 	Keypress: lctrl
728.5904 	EXP 	Sound  started
729.2100 	DATA 	Keypress: rctrl
729.3404 	EXP 	Sound  started
729.9461 	DATA 	Keypress: rctrl
730.0904 	EXP 	Sound  started
730.7141 	DATA 	Keypress: lctrl
730.8404 	EXP 	Sound  started
731.4660 	DATA 	Keypress: rctrl
731.5904 	EXP 	Sound  started
732.2661 	DATA 	Keypress: lctrl
732.3404 	EXP 	Sound  started
732.9860 	DATA 	Keypress: lctrl
733.0904 	EXP 	Sound  started
733.7060 	DATA 	Keypress: rctrl
733.8404 	EXP 	Sound  started
734.3941 	DATA 	Keypress: lctrl
734.5905 	EXP 	Sound  started
735.1940 	DATA 	Keypress: rctrl
735.3405 	EXP 	Sound  started
735.9620 	DATA 	Keypress: rctrl
736.0905 	EXP 	Sound  started
736.6980 	DATA 	Keypress: lctrl
736.8405 	EXP 	Sound  started
737.5140 	DATA 	Keypress: rctrl
737.5905 	EXP 	Sound  started
738.2980 	DATA 	Keypress: lctrl
738.3405 	EXP 	Sound  started
738.9860 	DATA 	Keypress: rctrl
739.0905 	EXP 	Sound  started
739.7540 	DATA 	Keypress: rctrl
739.8406 	EXP 	Sound  started
740.4581 	DATA 	Keypress: lctrl
740.5906 	EXP 	Sound  started
741.2101 	DATA 	Keypress: rctrl
741.3406 	EXP 	Sound  started
741.9780 	DATA 	Keypress: lctrl
742.0906 	EXP 	Sound  started
742.7781 	DATA 	Keypress: rctrl
742.8406 	EXP 	Sound  started
743.4820 	DATA 	Keypress: lctrl
743.5906 	EXP 	Sound  started
744.2501 	DATA 	Keypress: lctrl
744.3406 	EXP 	Sound  started
745.0181 	DATA 	Keypress: rctrl
745.0907 	EXP 	Sound  started
745.8021 	DATA 	Keypress: lctrl
745.8407 	EXP 	Sound  started
746.4740 	DATA 	Keypress: rctrl
746.5907 	EXP 	Sound  started
747.3220 	DATA 	Keypress: lctrl
747.3407 	EXP 	Sound  started
748.0900 	DATA 	Keypress: rctrl
748.0907 	EXP 	Sound  started
748.8100 	DATA 	Keypress: rctrl
748.8407 	EXP 	Sound  started
749.5907 	EXP 	Sound  started
749.6101 	DATA 	Keypress: lctrl
750.3300 	DATA 	Keypress: rctrl
750.3408 	EXP 	Sound  started
750.9860 	DATA 	Keypress: lctrl
751.0908 	EXP 	Sound  started
751.7860 	DATA 	Keypress: rctrl
751.8408 	EXP 	Sound  started
752.5861 	DATA 	Keypress: rctrl
752.5908 	EXP 	Sound  started
753.3380 	DATA 	Keypress: lctrl
753.3408 	EXP 	Sound  started
754.0740 	DATA 	Keypress: rctrl
754.0908 	EXP 	Sound  started
754.7940 	DATA 	Keypress: lctrl
754.8409 	EXP 	Sound  started
755.5300 	DATA 	Keypress: lctrl
755.5909 	EXP 	Sound  started
756.3409 	EXP 	Sound  started
757.0021 	DATA 	Keypress: lctrl
757.0909 	EXP 	Sound  started
757.7381 	DATA 	Keypress: rctrl
757.8409 	EXP 	Sound  started
758.5060 	DATA 	Keypress: lctrl
758.5909 	EXP 	Sound  started
759.2900 	DATA 	Keypress: lctrl
759.3409 	EXP 	Sound  started
759.9940 	DATA 	Keypress: rctrl
760.0909 	EXP 	Sound  started
760.6981 	DATA 	Keypress: lctrl
760.8410 	EXP 	Sound  started
761.4021 	DATA 	Keypress: rctrl
761.5910 	EXP 	Sound  started
762.2341 	DATA 	Keypress: rctrl
762.3410 	EXP 	Sound  started
762.9700 	DATA 	Keypress: lctrl
763.0910 	EXP 	Sound  started
763.7380 	DATA 	Keypress: rctrl
763.8410 	EXP 	Sound  started
764.5380 	DATA 	Keypress: lctrl
764.5910 	EXP 	Sound  started
765.3061 	DATA 	Keypress: rctrl
765.3411 	EXP 	Sound  started
766.0581 	DATA 	Keypress: lctrl
766.0911 	EXP 	Sound  started
766.7620 	DATA 	Keypress: rctrl
766.8411 	EXP 	Sound  started
767.4821 	DATA 	Keypress: rctrl
769.1422 	DATA 	Keypress: 3
769.1587 	EXP 	unnamed ShapeStim: vertices = <class 'numpy.ndarray'>
774.1130 	DATA 	Keypress: 1
774.1295 	EXP 	unnamed ShapeStim: vertices = <class 'numpy.ndarray'>
779.3172 	DATA 	Keypress: 4
779.3337 	EXP 	unnamed ShapeStim: vertices = <class 'numpy.ndarray'>
781.6176 	EXP 	Sound  started
781.7861 	DATA 	Keypress: lctrl
782.3140 	DATA 	Keypress: rctrl
782.3676 	EXP 	Sound  started
783.0180 	DATA 	Keypress: rctrl
783.1176 	EXP 	Sound  started
783.7380 	DATA 	Keypress: lctrl
783.8676 	EXP 	Sound  started
784.5061 	DATA 	Keypress: rctrl
784.6176 	EXP 	Sound  started
785.2260 	DATA 	Keypress: rctrl
785.3676 	EXP 	Sound  started
785.9940 	DATA 	Keypress: lctrl
786.1176 	EXP 	Sound  started
786.7461 	DATA 	Keypress: rctrl
786.8677 	EXP 	Sound  started
787.4341 	DATA 	Keypress: lctrl
787.6177 	EXP 	Sound  started
788.2021 	DATA 	Keypress: rctrl
788.3677 	EXP 	Sound  started
788.9701 	DATA 	Keypress: rctrl
789.1177 	EXP 	Sound  started
789.7061 	DATA 	Keypress: lctrl
789.8677 	EXP 	Sound  started
790.4741 	DATA 	Keypress: lctrl
790.6177 	EXP 	Sound  started
791.2100 	DATA 	Keypress: rctrl
791.3677 	EXP 	Sound  started
791.9620 	DATA 	Keypress: lctrl
792.1177 	EXP 	Sound  started
792.7141 	DATA 	Keypress: rctrl
792.8678 	EXP 	Sound  started
793.4821 	DATA 	Keypress: lctrl
793.6178 	EXP 	Sound  started
794.2501 	DATA 	Keypress: lctrl
794.3678 	EXP 	Sound  started
794.9540 	DATA 	Keypress: rctrl
795.1178 	EXP 	Sound  started
795.7380 	DATA 	Keypress: rctrl
795.8678 	EXP 	Sound  started
796.4421 	DATA 	Keypress: lctrl
796.6178 	EXP 	Sound  started
797.2421 	DATA 	Keypress: rctrl
797.3678 	EXP 	Sound  started
797.9780 	DATA 	Keypress: lctrl
798.1179 	EXP 	Sound  started
798.6821 	DATA 	Keypress: rctrl
798.8679 	EXP 	Sound  started
799.4180 	DATA 	Keypress: lctrl
799.6179 	EXP 	Sound  started
800.2341 	DATA 	Keypress: rctrl
800.3679 	EXP 	Sound  started
801.0501 	DATA 	Keypress: lctrl
801.1179 	EXP 	Sound  started
801.8180 	DATA 	Keypress: lctrl
801.8679 	EXP 	Sound  started
802.5700 	DATA 	Keypress: rctrl
802.6179 	EXP 	Sound  started
803.2100 	DATA 	Keypress: lctrl
803.3680 	EXP 	Sound  started
803.9621 	DATA 	Keypress: rctrl
804.1180 	EXP 	Sound  started
804.7140 	DATA 	Keypress: lctrl
804.8680 	EXP 	Sound  started
805.4340 	DATA 	Keypress: rctrl
805.6180 	EXP 	Sound  started
806.1541 	DATA 	Keypress: rctrl
806.3680 	EXP 	Sound  started
806.8740 	DATA 	Keypress: rctrl
807.1180 	EXP 	Sound  started
807.7060 	DATA 	Keypress: lctrl
807.8680 	EXP 	Sound  started
808.5381 	DATA 	Keypress: rctrl
808.6181 	EXP 	Sound  started
809.2580 	DATA 	Keypress: lctrl
809.3681 	EXP 	Sound  started
810.0260 	DATA 	Keypress: rctrl
810.1181 	EXP 	Sound  started
810.7940 	DATA 	Keypress: lctrl
810.8681 	EXP 	Sound  started
811.5621 	DATA 	Keypress: lctrl
811.6181 	EXP 	Sound  started
812.2980 	DATA 	Keypress: rctrl
812.3681 	EXP 	Sound  started
813.0180 	DATA 	Keypress: lctrl
813.1181 	EXP 	Sound  started
813.7380 	DATA 	Keypress: rctrl
813.8681 	EXP 	Sound  started
814.5221 	DATA 	Keypress: lctrl
814.6182 	EXP 	Sound  started
815.2420 	DATA 	Keypress: rctrl
815.3682 	EXP 	Sound  started
815.9940 	DATA 	Keypress: lctrl
816.1182 	EXP 	Sound  started
816.7621 	DATA 	Keypress: lctrl
816.8682 	EXP 	Sound  started
817.6182 	EXP 	Sound  started
818.2981 	DATA 	Keypress: lctrl
818.3682 	EXP 	Sound  started
818.9541 	DATA 	Keypress: rctrl
819.1182 	EXP 	Sound  started
819.8020 	DATA 	Keypress: lctrl
819.8682 	EXP 	Sound  started
820.5700 	DATA 	Keypress: rctrl
820.6183 	EXP 	Sound  started
821.2900 	DATA 	Keypress: rctrl
821.3683 	EXP 	Sound  started
822.0580 	DATA 	Keypress: lctrl
822.1183 	EXP 	Sound  started
822.8580 	DATA 	Keypress: rctrl
822.8683 	EXP 	Sound  started
823.5621 	DATA 	Keypress: lctrl
823.6183 	EXP 	Sound  started
824.2980 	DATA 	Keypress: lctrl
826.1097 	DATA 	Keypress: 3
826.1388 	EXP 	unnamed ShapeStim: vertices = <class 'numpy.ndarray'>
830.1589 	DATA 	Keypress: 1
830.1754 	EXP 	unnamed ShapeStim: vertices = <class 'numpy.ndarray'>
839.1163 	DATA 	Keypress: 3
839.1328 	EXP 	unnamed ShapeStim: vertices = <class 'numpy.ndarray'>
841.4179 	EXP 	Sound  started
841.4180 	DATA 	Keypress: rctrl
842.0580 	DATA 	Keypress: lctrl
842.1679 	EXP 	Sound  started
842.8740 	DATA 	Keypress: lctrl
842.9179 	EXP 	Sound  started
843.6260 	DATA 	Keypress: rctrl
843.6679 	EXP 	Sound  started
844.3460 	DATA 	Keypress: lctrl
844.4179 	EXP 	Sound  started
845.0981 	DATA 	Keypress: lctrl
845.1679 	EXP 	Sound  started
845.8340 	DATA 	Keypress: rctrl
845.9179 	EXP 	Sound  started
846.5220 	DATA 	Keypress: rctrl
846.6679 	EXP 	Sound  started
847.3060 	DATA 	Keypress: lctrl
847.4179 	EXP 	Sound  started
848.0260 	DATA 	Keypress: rctrl
848.1680 	EXP 	Sound  started
848.7300 	DATA 	Keypress: rctrl
848.9180 	EXP 	Sound  started
849.5460 	DATA 	Keypress: lctrl
849.6680 	EXP 	Sound  started
850.2660 	DATA 	Keypress: rctrl
850.4180 	EXP 	Sound  started
851.0180 	DATA 	Keypress: lctrl
851.1680 	EXP 	Sound  started
851.7540 	DATA 	Keypress: lctrl
851.9180 	EXP 	Sound  started
852.5060 	DATA 	Keypress: rctrl
852.6680 	EXP 	Sound  started
853.2100 	DATA 	Keypress: rctrl
853.4181 	EXP 	Sound  started
853.9781 	DATA 	Keypress: lctrl
854.1681 	EXP 	Sound  started
854.8101 	DATA 	Keypress: rctrl
854.9181 	EXP 	Sound  started
855.5460 	DATA 	Keypress: lctrl
855.6681 	EXP 	Sound  started
856.2981 	DATA 	Keypress: rctrl
856.4181 	EXP 	Sound  started
856.9860 	DATA 	Keypress: lctrl
857.1681 	EXP 	Sound  started
857.6741 	DATA 	Keypress: lctrl
857.9181 	EXP 	Sound  started
858.4420 	DATA 	Keypress: rctrl
858.6682 	EXP 	Sound  started
859.3380 	DATA 	Keypress: rctrl
859.4183 	EXP 	Sound  started
860.0101 	DATA 	Keypress: lctrl
860.1683 	EXP 	Sound  started
860.7782 	DATA 	Keypress: rctrl
860.9183 	EXP 	Sound  started
861.4661 	DATA 	Keypress: lctrl
861.6683 	EXP 	Sound  started
862.2341 	DATA 	Keypress: rctrl
862.4184 	EXP 	Sound  started
862.9860 	DATA 	Keypress: rctrl
863.1684 	EXP 	Sound  started
863.7060 	DATA 	Keypress: lctrl
863.9184 	EXP 	Sound  started
864.5060 	DATA 	Keypress: rctrl
864.6684 	EXP 	Sound  started
865.0980 	DATA 	Keypress: lctrl
865.4184 	EXP 	Sound  started
865.9140 	DATA 	Keypress: lctrl
866.1684 	EXP 	Sound  started
866.8101 	DATA 	Keypress: rctrl
866.9184 	EXP 	Sound  started
867.5140 	DATA 	Keypress: lctrl
867.6684 	EXP 	Sound  started
868.2341 	DATA 	Keypress: rctrl
868.4184 	EXP 	Sound  started
869.0020 	DATA 	Keypress: lctrl
869.1685 	EXP 	Sound  started
869.6580 	DATA 	Keypress: rctrl
869.9185 	EXP 	Sound  started
870.3940 	DATA 	Keypress: lctrl
870.6685 	EXP 	Sound  started
871.1780 	DATA 	Keypress: lctrl
871.4185 	EXP 	Sound  started
871.9460 	DATA 	Keypress: lctrl
872.1685 	EXP 	Sound  started
872.7461 	DATA 	Keypress: rctrl
872.9185 	EXP 	Sound  started
873.4660 	DATA 	Keypress: lctrl
873.6685 	EXP 	Sound  started
874.2020 	DATA 	Keypress: rctrl
874.4185 	EXP 	Sound  started
875.0660 	DATA 	Keypress: lctrl
875.1685 	EXP 	Sound  started
875.8020 	DATA 	Keypress: rctrl
875.9186 	EXP 	Sound  started
876.5381 	DATA 	Keypress: rctrl
876.6686 	EXP 	Sound  started
877.2741 	DATA 	Keypress: lctrl
877.4186 	EXP 	Sound  started
878.0580 	DATA 	Keypress: rctrl
878.1686 	EXP 	Sound  started
878.8101 	DATA 	Keypress: lctrl
878.9186 	EXP 	Sound  started
879.5780 	DATA 	Keypress: rctrl
879.6686 	EXP 	Sound  started
880.2820 	DATA 	Keypress: rctrl
880.4187 	EXP 	Sound  started
881.0501 	DATA 	Keypress: lctrl
881.1687 	EXP 	Sound  started
881.8020 	DATA 	Keypress: rctrl
881.9187 	EXP 	Sound  started
882.5540 	DATA 	Keypress: lctrl
882.6687 	EXP 	Sound  started
883.1941 	DATA 	Keypress: lctrl
883.4187 	EXP 	Sound  started
883.9780 	DATA 	Keypress: rctrl
884.1687 	EXP 	Sound  started
884.7620 	DATA 	Keypress: lctrl
884.9187 	EXP 	Sound  started
885.4980 	DATA 	Keypress: rctrl
885.6688 	EXP 	Sound  started
886.3140 	DATA 	Keypress: lctrl
886.4188 	EXP 	Sound  started
887.0500 	DATA 	Keypress: rctrl
887.1688 	EXP 	Sound  started
887.7701 	DATA 	Keypress: rctrl
887.9188 	EXP 	Sound  started
888.4901 	DATA 	Keypress: lctrl
888.6688 	EXP 	Sound  started
889.2421 	DATA 	Keypress: rctrl
889.4188 	EXP 	Sound  started
889.9462 	DATA 	Keypress: lctrl
890.1688 	EXP 	Sound  started
890.7300 	DATA 	Keypress: rctrl
890.9188 	EXP 	Sound  started
891.5140 	DATA 	Keypress: rctrl
891.6689 	EXP 	Sound  started
892.2340 	DATA 	Keypress: lctrl
892.4189 	EXP 	Sound  started
893.0660 	DATA 	Keypress: rctrl
893.1689 	EXP 	Sound  started
893.8020 	DATA 	Keypress: lctrl
893.9189 	EXP 	Sound  started
894.6181 	DATA 	Keypress: rctrl
894.6689 	EXP 	Sound  started
895.3220 	DATA 	Keypress: lctrl
895.4189 	EXP 	Sound  started
896.1060 	DATA 	Keypress: rctrl
896.1689 	EXP 	Sound  started
896.7780 	DATA 	Keypress: rctrl
896.9189 	EXP 	Sound  started
897.4981 	DATA 	Keypress: lctrl
897.6690 	EXP 	Sound  started
898.2820 	DATA 	Keypress: rctrl
898.4190 	EXP 	Sound  started
899.1140 	DATA 	Keypress: rctrl
899.1690 	EXP 	Sound  started
899.8020 	DATA 	Keypress: lctrl
899.9190 	EXP 	Sound  started
900.6021 	DATA 	Keypress: rctrl
902.3853 	DATA 	Keypress: 3
902.4018 	EXP 	unnamed ShapeStim: vertices = <class 'numpy.ndarray'>
910.3248 	DATA 	Keypress: 3
910.3412 	EXP 	unnamed ShapeStim: vertices = <class 'numpy.ndarray'>
919.0856 	DATA 	Keypress: 3
919.1151 	EXP 	unnamed ShapeStim: vertices = <class 'numpy.ndarray'>
921.3991 	EXP 	Sound  started
921.4181 	DATA 	Keypress: rctrl
922.0581 	DATA 	Keypress: lctrl
922.1491 	EXP 	Sound  started
922.8100 	DATA 	Keypress: lctrl
922.8991 	EXP 	Sound  started
923.5300 	DATA 	Keypress: rctrl
923.6491 	EXP 	Sound  started
924.3461 	DATA 	Keypress: lctrl
924.3991 	EXP 	Sound  started
925.0660 	DATA 	Keypress: rctrl
925.1491 	EXP 	Sound  started
925.8340 	DATA 	Keypress: lctrl
925.8991 	EXP 	Sound  started
926.5380 	DATA 	Keypress: lctrl
926.6492 	EXP 	Sound  started
927.2260 	DATA 	Keypress: rctrl
927.3992 	EXP 	Sound  started
927.9620 	DATA 	Keypress: lctrl
928.1492 	EXP 	Sound  started
928.6980 	DATA 	Keypress: lctrl
928.8992 	EXP 	Sound  started
929.4980 	DATA 	Keypress: rctrl
929.6492 	EXP 	Sound  started
930.2340 	DATA 	Keypress: rctrl
930.3992 	EXP 	Sound  started
931.0020 	DATA 	Keypress: lctrl
931.1492 	EXP 	Sound  started
931.7060 	DATA 	Keypress: rctrl
931.8993 	EXP 	Sound  started
932.4420 	DATA 	Keypress: lctrl
932.6493 	EXP 	Sound  started
933.2420 	DATA 	Keypress: rctrl
933.3993 	EXP 	Sound  started
933.9780 	DATA 	Keypress: rctrl
934.1493 	EXP 	Sound  started
934.7620 	DATA 	Keypress: rctrl
934.8993 	EXP 	Sound  started
935.5301 	DATA 	Keypress: lctrl
935.6493 	EXP 	Sound  started
936.2020 	DATA 	Keypress: rctrl
936.3993 	EXP 	Sound  started
936.9380 	DATA 	Keypress: lctrl
937.1494 	EXP 	Sound  started
937.7540 	DATA 	Keypress: rctrl
937.8994 	EXP 	Sound  started
938.5221 	DATA 	Keypress: lctrl
938.6494 	EXP 	Sound  started
939.2901 	DATA 	Keypress: lctrl
939.3994 	EXP 	Sound  started
939.9940 	DATA 	Keypress: rctrl
940.1494 	EXP 	Sound  started
940.7460 	DATA 	Keypress: lctrl
940.8994 	EXP 	Sound  started
941.4661 	DATA 	Keypress: lctrl
941.6494 	EXP 	Sound  started
942.2500 	DATA 	Keypress: rctrl
942.3994 	EXP 	Sound  started
942.9540 	DATA 	Keypress: lctrl
943.1494 	EXP 	Sound  started
943.8980 	DATA 	Keypress: rctrl
943.8995 	EXP 	Sound  started
944.6180 	DATA 	Keypress: rctrl
944.6495 	EXP 	Sound  started
945.3381 	DATA 	Keypress: lctrl
945.3995 	EXP 	Sound  started
946.0741 	DATA 	Keypress: lctrl
946.1495 	EXP 	Sound  started
946.8100 	DATA 	Keypress: rctrl
946.8995 	EXP 	Sound  started
947.5140 	DATA 	Keypress: lctrl
947.6495 	EXP 	Sound  started
948.2821 	DATA 	Keypress: rctrl
948.3995 	EXP 	Sound  started
949.0180 	DATA 	Keypress: lctrl
949.1496 	EXP 	Sound  started
949.7861 	DATA 	Keypress: lctrl
949.8996 	EXP 	Sound  started
950.5381 	DATA 	Keypress: lctrl
950.6496 	EXP 	Sound  started
951.2740 	DATA 	Keypress: rctrl
951.3996 	EXP 	Sound  started
951.9460 	DATA 	Keypress: lctrl
952.1496 	EXP 	Sound  started
952.7940 	DATA 	Keypress: rctrl
952.8996 	EXP 	Sound  started
953.5300 	DATA 	Keypress: lctrl
953.6496 	EXP 	Sound  started
954.2500 	DATA 	Keypress: rctrl
954.3996 	EXP 	Sound  started
955.0340 	DATA 	Keypress: lctrl
955.1497 	EXP 	Sound  started
955.6901 	DATA 	Keypress: rctrl
955.8997 	EXP 	Sound  started
956.4740 	DATA 	Keypress: rctrl
956.6497 	EXP 	Sound  started
957.3220 	DATA 	Keypress: lctrl
957.3997 	EXP 	Sound  started
958.0100 	DATA 	Keypress: rctrl
958.1497 	EXP 	Sound  started
958.6980 	DATA 	Keypress: lctrl
958.8997 	EXP 	Sound  started
959.5461 	DATA 	Keypress: rctrl
959.6497 	EXP 	Sound  started
960.3140 	DATA 	Keypress: rctrl
960.3998 	EXP 	Sound  started
961.0341 	DATA 	Keypress: lctrl
961.1498 	EXP 	Sound  started
961.7381 	DATA 	Keypress: rctrl
961.8998 	EXP 	Sound  started
962.6498 	EXP 	Sound  started
963.3061 	DATA 	Keypress: lctrl
963.3998 	EXP 	Sound  started
963.9781 	DATA 	Keypress: rctrl
964.1498 	EXP 	Sound  started
964.7620 	DATA 	Keypress: rctrl
964.8998 	EXP 	Sound  started
965.5300 	DATA 	Keypress: lctrl
965.6499 	EXP 	Sound  started
966.3300 	DATA 	Keypress: rctrl
966.3999 	EXP 	Sound  started
967.0181 	DATA 	Keypress: lctrl
967.1499 	EXP 	Sound  started
967.8341 	DATA 	Keypress: rctrl
967.8999 	EXP 	Sound  started
968.6021 	DATA 	Keypress: rctrl
968.6499 	EXP 	Sound  started
969.3541 	DATA 	Keypress: lctrl
969.3999 	EXP 	Sound  started
970.1380 	DATA 	Keypress: rctrl
970.1499 	EXP 	Sound  started
970.8261 	DATA 	Keypress: lctrl
970.9000 	EXP 	Sound  started
971.5621 	DATA 	Keypress: rctrl
971.6500 	EXP 	Sound  started
972.2981 	DATA 	Keypress: rctrl
972.4000 	EXP 	Sound  started
973.0180 	DATA 	Keypress: lctrl
973.1500 	EXP 	Sound  started
973.9000 	EXP 	Sound  started
974.6021 	DATA 	Keypress: lctrl
974.6500 	EXP 	Sound  started
975.3220 	DATA 	Keypress: rctrl
975.4000 	EXP 	Sound  started
976.1501 	EXP 	Sound  started
976.2660 	DATA 	Keypress: lctrl
976.7940 	DATA 	Keypress: lctrl
976.9001 	EXP 	Sound  started
977.5940 	DATA 	Keypress: rctrl
977.6501 	EXP 	Sound  started
978.3140 	DATA 	Keypress: lctrl
978.4001 	EXP 	Sound  started
979.0340 	DATA 	Keypress: rctrl
979.1501 	EXP 	Sound  started
979.7381 	DATA 	Keypress: lctrl
979.9001 	EXP 	Sound  started
982.0674 	DATA 	Keypress: 3
982.0839 	EXP 	unnamed ShapeStim: vertices = <class 'numpy.ndarray'>
988.4426 	DATA 	Keypress: 3
988.4719 	EXP 	unnamed ShapeStim: vertices = <class 'numpy.ndarray'>
991.6914 	DATA 	Keypress: 4
991.7079 	EXP 	unnamed ShapeStim: vertices = <class 'numpy.ndarray'>
993.9944 	DATA 	Keypress: lctrl
1152.0742 	DATA 	Keypress: return
1152.1471 	EXP 	window1: mouseVisible = True
