32.3049 	WARNING 	User requested fullscreen with size [1024  768], but screen is actually [1920, 1200]. Using actual size
33.1114 	EXP 	Created window1 = Window(allowGUI=False, allowStencil=False, autoLog=True, backendConf=UNKNOWN, bitsMode=UNKNOWN, blendMode='avg', bpc=(8, 8, 8), color=array([0, 0, 0]), colorSpace='rgb', depthBits=8, fullscr=<method-wrapper '__getattribute__' of attributeSetter object at 0x000001FB4E3F7780>, gamma=None, gammaErrorPolicy='raise', lms=UNKNOWN, monitor=<psychopy.monitors.calibTools.Monitor object at 0x000001FB4FB04080>, multiSample=False, name='window1', numSamples=2, pos=[0.0, 0.0], screen=0, size=array([1920, 1200]), stencilBits=0, stereo=False, units='norm', useFBO=True, useRetina=False, viewOri=0.0, viewPos=None, viewScale=None, waitBlanking=True, winType='pyglet')
33.1118 	EXP 	window1: mouseVisible = True
33.1118 	EXP 	window1: mouseVisible = False
33.1119 	EXP 	window1: recordFrameIntervals = False
33.2780 	EXP 	window1: recordFrameIntervals = True
33.4615 	EXP 	window1: recordFrameIntervals = False
33.5156 	EXP 	Created text = TextStim(__class__=<class 'psychopy.visual.text.TextStim'>, alignHoriz=method-wrapper(...), alignText='center', alignVert=method-wrapper(...), anchorHoriz='center', anchorVert='center', antialias=True, autoLog=True, bold=False, color=array([1., 1., 1.]), colorSpace='rgb', contrast=1.0, depth=0.0, flipHoriz=False, flipVert=False, font='Arial', fontFiles=[], height=0.15, italic=False, languageStyle='LTR', name='text', opacity=1, ori=0, pos=array([0., 0.]), rgb=UNKNOWN, text='+', units='norm', win=Window(...), wrapWidth=1)
33.5375 	EXP 	Created text = TextStim(__class__=<class 'psychopy.visual.text.TextStim'>, alignHoriz=method-wrapper(...), alignText='center', alignVert=method-wrapper(...), anchorHoriz='center', anchorVert='center', antialias=True, autoLog=True, bold=False, color=array([1., 1., 1.]), colorSpace='rgb', contrast=1.0, depth=0.0, flipHoriz=False, flipVert=False, font='Arial', fontFiles=[], height=0.07, italic=False, languageStyle='LTR', name='text', opacity=1, ori=0, pos=array([0., 0.]), rgb=UNKNOWN, text=str(...), units='norm', win=Window(...), wrapWidth=1.65)
33.5469 	EXP 	Created text = TextStim(__class__=<class 'psychopy.visual.text.TextStim'>, alignHoriz=method-wrapper(...), alignText='center', alignVert=method-wrapper(...), anchorHoriz='center', anchorVert='center', antialias=True, autoLog=True, bold=False, color=array([1., 1., 1.]), colorSpace='rgb', contrast=1.0, depth=0.0, flipHoriz=False, flipVert=False, font='Arial', fontFiles=[], height=0.07, italic=False, languageStyle='LTR', name='text', opacity=1, ori=0, pos=array([0., 0.]), rgb=UNKNOWN, text=str(...), units='norm', win=Window(...), wrapWidth=1.65)
33.5557 	EXP 	Created text = TextStim(__class__=<class 'psychopy.visual.text.TextStim'>, alignHoriz=method-wrapper(...), alignText='center', alignVert=method-wrapper(...), anchorHoriz='center', anchorVert='center', antialias=True, autoLog=True, bold=False, color=array([1., 1., 1.]), colorSpace='rgb', contrast=1.0, depth=0.0, flipHoriz=False, flipVert=False, font='Arial', fontFiles=[], height=0.07, italic=False, languageStyle='LTR', name='text', opacity=1, ori=0, pos=array([0., 0.]), rgb=UNKNOWN, text=str(...), units='norm', win=Window(...), wrapWidth=1.65)
33.5655 	EXP 	Created text = TextStim(__class__=<class 'psychopy.visual.text.TextStim'>, alignHoriz=method-wrapper(...), alignText='center', alignVert=method-wrapper(...), anchorHoriz='center', anchorVert='center', antialias=True, autoLog=True, bold=False, color=array([1., 1., 1.]), colorSpace='rgb', contrast=1.0, depth=0.0, flipHoriz=False, flipVert=False, font='Arial', fontFiles=[], height=0.07, italic=False, languageStyle='LTR', name='text', opacity=1, ori=0, pos=array([0., 0.]), rgb=UNKNOWN, text=str(...), units='norm', win=Window(...), wrapWidth=1.65)
33.5711 	EXP 	Created text = TextStim(__class__=<class 'psychopy.visual.text.TextStim'>, alignHoriz=method-wrapper(...), alignText='center', alignVert=method-wrapper(...), anchorHoriz='center', anchorVert='center', antialias=True, autoLog=True, bold=False, color=array([1., 1., 1.]), colorSpace='rgb', contrast=1.0, depth=0.0, flipHoriz=False, flipVert=False, font='Arial', fontFiles=[], height=0.07, italic=False, languageStyle='LTR', name='text', opacity=1, ori=0, pos=array([0., 0.]), rgb=UNKNOWN, text=str(...), units='norm', win=Window(...), wrapWidth=1.65)
33.5849 	EXP 	Created text = TextStim(__class__=<class 'psychopy.visual.text.TextStim'>, alignHoriz=method-wrapper(...), alignText='center', alignVert=method-wrapper(...), anchorHoriz='center', anchorVert='center', antialias=True, autoLog=True, bold=False, color=array([1., 1., 1.]), colorSpace='rgb', contrast=1.0, depth=0.0, flipHoriz=False, flipVert=False, font='Arial', fontFiles=[], height=0.15, italic=False, languageStyle='LTR', name='text', opacity=1, ori=0, pos=array([0., 0.]), rgb=UNKNOWN, text=str(...), units='norm', win=Window(...), wrapWidth=1.65)
33.6139 	EXP 	Created text = TextStim(__class__=<class 'psychopy.visual.text.TextStim'>, alignHoriz=method-wrapper(...), alignText='center', alignVert=method-wrapper(...), anchorHoriz='center', anchorVert='center', antialias=True, autoLog=True, bold=False, color=array([1., 1., 1.]), colorSpace='rgb', contrast=1.0, depth=0.0, flipHoriz=False, flipVert=False, font='Arial', fontFiles=[], height=0.07, italic=False, languageStyle='LTR', name='text', opacity=1, ori=0, pos=array([0., 0.]), rgb=UNKNOWN, text=str(...), units='norm', win=Window(...), wrapWidth=1.65)
33.6345 	EXP 	Created text = TextStim(__class__=<class 'psychopy.visual.text.TextStim'>, alignHoriz=method-wrapper(...), alignText='center', alignVert=method-wrapper(...), anchorHoriz='center', anchorVert='center', antialias=True, autoLog=True, bold=False, color=array([1., 1., 1.]), colorSpace='rgb', contrast=1.0, depth=0.0, flipHoriz=False, flipVert=False, font='Arial', fontFiles=[], height=0.07, italic=False, languageStyle='LTR', name='text', opacity=1, ori=0, pos=array([0., 0.]), rgb=UNKNOWN, text=str(...), units='norm', win=Window(...), wrapWidth=1.65)
33.6641 	EXP 	Created text = TextStim(__class__=<class 'psychopy.visual.text.TextStim'>, alignHoriz=method-wrapper(...), alignText='center', alignVert=method-wrapper(...), anchorHoriz='center', anchorVert='center', antialias=True, autoLog=True, bold=False, color=array([1., 1., 1.]), colorSpace='rgb', contrast=1.0, depth=0.0, flipHoriz=False, flipVert=False, font='Arial', fontFiles=[], height=0.07, italic=False, languageStyle='LTR', name='text', opacity=1, ori=0, pos=array([0., 0.]), rgb=UNKNOWN, text=str(...), units='norm', win=Window(...), wrapWidth=1.65)
33.6874 	EXP 	Created text = TextStim(__class__=<class 'psychopy.visual.text.TextStim'>, alignHoriz=method-wrapper(...), alignText='center', alignVert=method-wrapper(...), anchorHoriz='center', anchorVert='center', antialias=True, autoLog=True, bold=False, color=array([1., 1., 1.]), colorSpace='rgb', contrast=1.0, depth=0.0, flipHoriz=False, flipVert=False, font='Arial', fontFiles=[], height=0.07, italic=False, languageStyle='LTR', name='text', opacity=1, ori=0, pos=array([0., 0.]), rgb=UNKNOWN, text=str(...), units='norm', win=Window(...), wrapWidth=1.65)
33.7164 	EXP 	Created text = TextStim(__class__=<class 'psychopy.visual.text.TextStim'>, alignHoriz=method-wrapper(...), alignText='center', alignVert=method-wrapper(...), anchorHoriz='center', anchorVert='center', antialias=True, autoLog=True, bold=False, color=array([1., 1., 1.]), colorSpace='rgb', contrast=1.0, depth=0.0, flipHoriz=False, flipVert=False, font='Arial', fontFiles=[], height=0.07, italic=False, languageStyle='LTR', name='text', opacity=1, ori=0, pos=array([0., 0.]), rgb=UNKNOWN, text=str(...), units='norm', win=Window(...), wrapWidth=1.65)
33.7267 	EXP 	Created text = TextStim(__class__=<class 'psychopy.visual.text.TextStim'>, alignHoriz=method-wrapper(...), alignText='center', alignVert=method-wrapper(...), anchorHoriz='center', anchorVert='center', antialias=True, autoLog=True, bold=False, color=array([1., 1., 1.]), colorSpace='rgb', contrast=1.0, depth=0.0, flipHoriz=False, flipVert=False, font='Arial', fontFiles=[], height=0.07, italic=False, languageStyle='LTR', name='text', opacity=1, ori=0, pos=array([0., 0.]), rgb=UNKNOWN, text=str(...), units='norm', win=Window(...), wrapWidth=1.65)
33.7388 	EXP 	Created text = TextStim(__class__=<class 'psychopy.visual.text.TextStim'>, alignHoriz=method-wrapper(...), alignText='center', alignVert=method-wrapper(...), anchorHoriz='center', anchorVert='center', antialias=True, autoLog=True, bold=False, color=array([1., 1., 1.]), colorSpace='rgb', contrast=1.0, depth=0.0, flipHoriz=False, flipVert=False, font='Arial', fontFiles=[], height=0.07, italic=False, languageStyle='LTR', name='text', opacity=1, ori=0, pos=array([0., 0.]), rgb=UNKNOWN, text=str(...), units='norm', win=Window(...), wrapWidth=1.65)
33.7430 	EXP 	Created instru = TextStim(__class__=<class 'psychopy.visual.text.TextStim'>, alignHoriz=method-wrapper(...), alignText='center', alignVert=method-wrapper(...), anchorHoriz='center', anchorVert='center', antialias=True, autoLog=True, bold=False, color=array([1., 1., 1.]), colorSpace='rgb', contrast=1.0, depth=0.0, flipHoriz=False, flipVert=False, font='Arial', fontFiles=[], height=0.07, italic=False, languageStyle='LTR', name='instru', opacity=1, ori=0, pos=array([0. , 0.5]), rgb=UNKNOWN, text=str(...), units='norm', win=Window(...), wrapWidth=1)
33.7455 	EXP 	Created unnamed Line = Line(__class__=<class 'psychopy.visual.line.Line'>, autoDraw=False, autoLog=True, closeShape=False, color=array([1., 1., 1.]), colorSpace='rgb', contrast=None, depth=0, fillColor=array([0, 0, 0]), fillColorSpace='rgb', fillRGB=array([0, 0, 0]), interpolate=True, lineColor=array([1., 1., 1.]), lineColorSpace='rgb', lineRGB=array([1, 1, 1]), lineWidth=5, name='unnamed Line', opacity=0.5, ori=0.0, pos=array([0., 0.]), size=array([1., 1.]), units='norm', vertices=array([[-0.5,  0. ],
       [ 0.5,  0. ]]), win=Window(...), windingRule=None)
33.7476 	EXP 	Created unnamed Line = Line(__class__=<class 'psychopy.visual.line.Line'>, autoDraw=False, autoLog=True, closeShape=False, color=array([1., 1., 1.]), colorSpace='rgb', contrast=None, depth=0, fillColor=array([0, 0, 0]), fillColorSpace='rgb', fillRGB=array([0, 0, 0]), interpolate=True, lineColor=array([1., 1., 1.]), lineColorSpace='rgb', lineRGB=array([1, 1, 1]), lineWidth=3, name='unnamed Line', opacity=0.5, ori=0.0, pos=array([0., 0.]), size=array([1., 1.]), units='norm', vertices=array([[-0.5 , -0.05],
       [-0.5 ,  0.05]]), win=Window(...), windingRule=None)
33.7495 	EXP 	Created unnamed Line = Line(__class__=<class 'psychopy.visual.line.Line'>, autoDraw=False, autoLog=True, closeShape=False, color=array([1., 1., 1.]), colorSpace='rgb', contrast=None, depth=0, fillColor=array([0, 0, 0]), fillColorSpace='rgb', fillRGB=array([0, 0, 0]), interpolate=True, lineColor=array([1., 1., 1.]), lineColorSpace='rgb', lineRGB=array([1, 1, 1]), lineWidth=3, name='unnamed Line', opacity=0.5, ori=0.0, pos=array([0., 0.]), size=array([1., 1.]), units='norm', vertices=ndarray(...), win=Window(...), windingRule=None)
33.7515 	EXP 	Created unnamed Line = Line(__class__=<class 'psychopy.visual.line.Line'>, autoDraw=False, autoLog=True, closeShape=False, color=array([1., 1., 1.]), colorSpace='rgb', contrast=None, depth=0, fillColor=array([0, 0, 0]), fillColorSpace='rgb', fillRGB=array([0, 0, 0]), interpolate=True, lineColor=array([1., 1., 1.]), lineColorSpace='rgb', lineRGB=array([1, 1, 1]), lineWidth=3, name='unnamed Line', opacity=0.5, ori=0.0, pos=array([0., 0.]), size=array([1., 1.]), units='norm', vertices=ndarray(...), win=Window(...), windingRule=None)
33.7535 	EXP 	Created unnamed Line = Line(__class__=<class 'psychopy.visual.line.Line'>, autoDraw=False, autoLog=True, closeShape=False, color=array([1., 1., 1.]), colorSpace='rgb', contrast=None, depth=0, fillColor=array([0, 0, 0]), fillColorSpace='rgb', fillRGB=array([0, 0, 0]), interpolate=True, lineColor=array([1., 1., 1.]), lineColorSpace='rgb', lineRGB=array([1, 1, 1]), lineWidth=3, name='unnamed Line', opacity=0.5, ori=0.0, pos=array([0., 0.]), size=array([1., 1.]), units='norm', vertices=array([[ 0.5 , -0.05],
       [ 0.5 ,  0.05]]), win=Window(...), windingRule=None)
33.7655 	EXP 	Created unnamed TextStim = TextStim(__class__=<class 'psychopy.visual.text.TextStim'>, alignHoriz=method-wrapper(...), alignText='center', alignVert=method-wrapper(...), anchorHoriz='center', anchorVert='center', antialias=True, autoLog=True, bold=False, color=array([1., 1., 1.]), colorSpace='rgb', contrast=1.0, depth=0, flipHoriz=False, flipVert=False, font='', fontFiles=[], height=0.05, italic=False, languageStyle='LTR', name='unnamed TextStim', opacity=1.0, ori=0.0, pos=array([-0.5, -0.1]), rgb=UNKNOWN, text='Helt klart \n IKKE FOKUSERT', units='norm', win=Window(...), wrapWidth=1)
33.7665 	EXP 	Created unnamed TextStim = TextStim(__class__=<class 'psychopy.visual.text.TextStim'>, alignHoriz=method-wrapper(...), alignText='center', alignVert=method-wrapper(...), anchorHoriz='center', anchorVert='center', antialias=True, autoLog=True, bold=False, color=array([1., 1., 1.]), colorSpace='rgb', contrast=1.0, depth=0, flipHoriz=False, flipVert=False, font='', fontFiles=[], height=0.05, italic=False, languageStyle='LTR', name='unnamed TextStim', opacity=1.0, ori=0.0, pos=array([-0.16666667, -0.1       ]), rgb=UNKNOWN, text='', units='norm', win=Window(...), wrapWidth=1)
33.7676 	EXP 	Created unnamed TextStim = TextStim(__class__=<class 'psychopy.visual.text.TextStim'>, alignHoriz=method-wrapper(...), alignText='center', alignVert=method-wrapper(...), anchorHoriz='center', anchorVert='center', antialias=True, autoLog=True, bold=False, color=array([1., 1., 1.]), colorSpace='rgb', contrast=1.0, depth=0, flipHoriz=False, flipVert=False, font='', fontFiles=[], height=0.05, italic=False, languageStyle='LTR', name='unnamed TextStim', opacity=1.0, ori=0.0, pos=array([ 0.16666667, -0.1       ]), rgb=UNKNOWN, text='', units='norm', win=Window(...), wrapWidth=1)
33.7710 	EXP 	Created unnamed TextStim = TextStim(__class__=<class 'psychopy.visual.text.TextStim'>, alignHoriz=method-wrapper(...), alignText='center', alignVert=method-wrapper(...), anchorHoriz='center', anchorVert='center', antialias=True, autoLog=True, bold=False, color=array([1., 1., 1.]), colorSpace='rgb', contrast=1.0, depth=0, flipHoriz=False, flipVert=False, font='', fontFiles=[], height=0.05, italic=False, languageStyle='LTR', name='unnamed TextStim', opacity=1.0, ori=0.0, pos=array([ 0.5, -0.1]), rgb=UNKNOWN, text='Helt klart \n FOKUSERT', units='norm', win=Window(...), wrapWidth=1)
33.7729 	EXP 	Created unnamed ShapeStim = ShapeStim(__class__=<class 'psychopy.visual.shape.ShapeStim'>, autoDraw=False, autoLog=True, closeShape=True, color=method-wrapper(...), colorSpace='rgb', contrast=None, depth=0, fillColor=array([1, 1, 1]), fillColorSpace='rgb', fillRGB=array([1, 1, 1]), interpolate=True, lineColor=array([-1., -1., -1.]), lineColorSpace='rgb', lineRGB=array([-1, -1, -1]), lineWidth=1.5, name='unnamed ShapeStim', opacity=1.0, ori=0.0, pos=array([0., 0.]), size=array([1., 1.]), units='norm', vertices=ndarray(...), win=Window(...), windingRule=None)
33.7801 	EXP 	Created instru = TextStim(__class__=<class 'psychopy.visual.text.TextStim'>, alignHoriz=method-wrapper(...), alignText='center', alignVert=method-wrapper(...), anchorHoriz='center', anchorVert='center', antialias=True, autoLog=True, bold=False, color=array([1., 1., 1.]), colorSpace='rgb', contrast=1.0, depth=0.0, flipHoriz=False, flipVert=False, font='Arial', fontFiles=[], height=0.07, italic=False, languageStyle='LTR', name='instru', opacity=1, ori=0, pos=array([0. , 0.5]), rgb=UNKNOWN, text=str(...), units='norm', win=Window(...), wrapWidth=1)
33.7821 	EXP 	Created unnamed Line = Line(__class__=<class 'psychopy.visual.line.Line'>, autoDraw=False, autoLog=True, closeShape=False, color=array([1., 1., 1.]), colorSpace='rgb', contrast=None, depth=0, fillColor=array([0, 0, 0]), fillColorSpace='rgb', fillRGB=array([0, 0, 0]), interpolate=True, lineColor=array([1., 1., 1.]), lineColorSpace='rgb', lineRGB=array([1, 1, 1]), lineWidth=5, name='unnamed Line', opacity=0.5, ori=0.0, pos=array([0., 0.]), size=array([1., 1.]), units='norm', vertices=array([[-0.5,  0. ],
       [ 0.5,  0. ]]), win=Window(...), windingRule=None)
33.7841 	EXP 	Created unnamed Line = Line(__class__=<class 'psychopy.visual.line.Line'>, autoDraw=False, autoLog=True, closeShape=False, color=array([1., 1., 1.]), colorSpace='rgb', contrast=None, depth=0, fillColor=array([0, 0, 0]), fillColorSpace='rgb', fillRGB=array([0, 0, 0]), interpolate=True, lineColor=array([1., 1., 1.]), lineColorSpace='rgb', lineRGB=array([1, 1, 1]), lineWidth=3, name='unnamed Line', opacity=0.5, ori=0.0, pos=array([0., 0.]), size=array([1., 1.]), units='norm', vertices=array([[-0.5 , -0.05],
       [-0.5 ,  0.05]]), win=Window(...), windingRule=None)
33.7861 	EXP 	Created unnamed Line = Line(__class__=<class 'psychopy.visual.line.Line'>, autoDraw=False, autoLog=True, closeShape=False, color=array([1., 1., 1.]), colorSpace='rgb', contrast=None, depth=0, fillColor=array([0, 0, 0]), fillColorSpace='rgb', fillRGB=array([0, 0, 0]), interpolate=True, lineColor=array([1., 1., 1.]), lineColorSpace='rgb', lineRGB=array([1, 1, 1]), lineWidth=3, name='unnamed Line', opacity=0.5, ori=0.0, pos=array([0., 0.]), size=array([1., 1.]), units='norm', vertices=ndarray(...), win=Window(...), windingRule=None)
33.7881 	EXP 	Created unnamed Line = Line(__class__=<class 'psychopy.visual.line.Line'>, autoDraw=False, autoLog=True, closeShape=False, color=array([1., 1., 1.]), colorSpace='rgb', contrast=None, depth=0, fillColor=array([0, 0, 0]), fillColorSpace='rgb', fillRGB=array([0, 0, 0]), interpolate=True, lineColor=array([1., 1., 1.]), lineColorSpace='rgb', lineRGB=array([1, 1, 1]), lineWidth=3, name='unnamed Line', opacity=0.5, ori=0.0, pos=array([0., 0.]), size=array([1., 1.]), units='norm', vertices=ndarray(...), win=Window(...), windingRule=None)
33.7902 	EXP 	Created unnamed Line = Line(__class__=<class 'psychopy.visual.line.Line'>, autoDraw=False, autoLog=True, closeShape=False, color=array([1., 1., 1.]), colorSpace='rgb', contrast=None, depth=0, fillColor=array([0, 0, 0]), fillColorSpace='rgb', fillRGB=array([0, 0, 0]), interpolate=True, lineColor=array([1., 1., 1.]), lineColorSpace='rgb', lineRGB=array([1, 1, 1]), lineWidth=3, name='unnamed Line', opacity=0.5, ori=0.0, pos=array([0., 0.]), size=array([1., 1.]), units='norm', vertices=array([[ 0.5 , -0.05],
       [ 0.5 ,  0.05]]), win=Window(...), windingRule=None)
33.7957 	EXP 	Created unnamed TextStim = TextStim(__class__=<class 'psychopy.visual.text.TextStim'>, alignHoriz=method-wrapper(...), alignText='center', alignVert=method-wrapper(...), anchorHoriz='center', anchorVert='center', antialias=True, autoLog=True, bold=False, color=array([1., 1., 1.]), colorSpace='rgb', contrast=1.0, depth=0, flipHoriz=False, flipVert=False, font='', fontFiles=[], height=0.05, italic=False, languageStyle='LTR', name='unnamed TextStim', opacity=1.0, ori=0.0, pos=array([-0.5, -0.1]), rgb=UNKNOWN, text='Helt klart \n INGENTING', units='norm', win=Window(...), wrapWidth=1)
33.7968 	EXP 	Created unnamed TextStim = TextStim(__class__=<class 'psychopy.visual.text.TextStim'>, alignHoriz=method-wrapper(...), alignText='center', alignVert=method-wrapper(...), anchorHoriz='center', anchorVert='center', antialias=True, autoLog=True, bold=False, color=array([1., 1., 1.]), colorSpace='rgb', contrast=1.0, depth=0, flipHoriz=False, flipVert=False, font='', fontFiles=[], height=0.05, italic=False, languageStyle='LTR', name='unnamed TextStim', opacity=1.0, ori=0.0, pos=array([-0.16666667, -0.1       ]), rgb=UNKNOWN, text='', units='norm', win=Window(...), wrapWidth=1)
33.7984 	EXP 	Created unnamed TextStim = TextStim(__class__=<class 'psychopy.visual.text.TextStim'>, alignHoriz=method-wrapper(...), alignText='center', alignVert=method-wrapper(...), anchorHoriz='center', anchorVert='center', antialias=True, autoLog=True, bold=False, color=array([1., 1., 1.]), colorSpace='rgb', contrast=1.0, depth=0, flipHoriz=False, flipVert=False, font='', fontFiles=[], height=0.05, italic=False, languageStyle='LTR', name='unnamed TextStim', opacity=1.0, ori=0.0, pos=array([ 0.16666667, -0.1       ]), rgb=UNKNOWN, text='', units='norm', win=Window(...), wrapWidth=1)
33.8022 	EXP 	Created unnamed TextStim = TextStim(__class__=<class 'psychopy.visual.text.TextStim'>, alignHoriz=method-wrapper(...), alignText='center', alignVert=method-wrapper(...), anchorHoriz='center', anchorVert='center', antialias=True, autoLog=True, bold=False, color=array([1., 1., 1.]), colorSpace='rgb', contrast=1.0, depth=0, flipHoriz=False, flipVert=False, font='', fontFiles=[], height=0.05, italic=False, languageStyle='LTR', name='unnamed TextStim', opacity=1.0, ori=0.0, pos=array([ 0.5, -0.1]), rgb=UNKNOWN, text='Helt klart \n NOE', units='norm', win=Window(...), wrapWidth=1)
33.8042 	EXP 	Created unnamed ShapeStim = ShapeStim(__class__=<class 'psychopy.visual.shape.ShapeStim'>, autoDraw=False, autoLog=True, closeShape=True, color=method-wrapper(...), colorSpace='rgb', contrast=None, depth=0, fillColor=array([1, 1, 1]), fillColorSpace='rgb', fillRGB=array([1, 1, 1]), interpolate=True, lineColor=array([-1., -1., -1.]), lineColorSpace='rgb', lineRGB=array([-1, -1, -1]), lineWidth=1.5, name='unnamed ShapeStim', opacity=1.0, ori=0.0, pos=array([0., 0.]), size=array([1., 1.]), units='norm', vertices=ndarray(...), win=Window(...), windingRule=None)
33.8119 	EXP 	Created instru = TextStim(__class__=<class 'psychopy.visual.text.TextStim'>, alignHoriz=method-wrapper(...), alignText='center', alignVert=method-wrapper(...), anchorHoriz='center', anchorVert='center', antialias=True, autoLog=True, bold=False, color=array([1., 1., 1.]), colorSpace='rgb', contrast=1.0, depth=0.0, flipHoriz=False, flipVert=False, font='Arial', fontFiles=[], height=0.07, italic=False, languageStyle='LTR', name='instru', opacity=1, ori=0, pos=array([0. , 0.5]), rgb=UNKNOWN, text=str(...), units='norm', win=Window(...), wrapWidth=1)
33.8139 	EXP 	Created unnamed Line = Line(__class__=<class 'psychopy.visual.line.Line'>, autoDraw=False, autoLog=True, closeShape=False, color=array([1., 1., 1.]), colorSpace='rgb', contrast=None, depth=0, fillColor=array([0, 0, 0]), fillColorSpace='rgb', fillRGB=array([0, 0, 0]), interpolate=True, lineColor=array([1., 1., 1.]), lineColorSpace='rgb', lineRGB=array([1, 1, 1]), lineWidth=5, name='unnamed Line', opacity=0.5, ori=0.0, pos=array([0., 0.]), size=array([1., 1.]), units='norm', vertices=array([[-0.5,  0. ],
       [ 0.5,  0. ]]), win=Window(...), windingRule=None)
33.8159 	EXP 	Created unnamed Line = Line(__class__=<class 'psychopy.visual.line.Line'>, autoDraw=False, autoLog=True, closeShape=False, color=array([1., 1., 1.]), colorSpace='rgb', contrast=None, depth=0, fillColor=array([0, 0, 0]), fillColorSpace='rgb', fillRGB=array([0, 0, 0]), interpolate=True, lineColor=array([1., 1., 1.]), lineColorSpace='rgb', lineRGB=array([1, 1, 1]), lineWidth=3, name='unnamed Line', opacity=0.5, ori=0.0, pos=array([0., 0.]), size=array([1., 1.]), units='norm', vertices=array([[-0.5 , -0.05],
       [-0.5 ,  0.05]]), win=Window(...), windingRule=None)
33.8179 	EXP 	Created unnamed Line = Line(__class__=<class 'psychopy.visual.line.Line'>, autoDraw=False, autoLog=True, closeShape=False, color=array([1., 1., 1.]), colorSpace='rgb', contrast=None, depth=0, fillColor=array([0, 0, 0]), fillColorSpace='rgb', fillRGB=array([0, 0, 0]), interpolate=True, lineColor=array([1., 1., 1.]), lineColorSpace='rgb', lineRGB=array([1, 1, 1]), lineWidth=3, name='unnamed Line', opacity=0.5, ori=0.0, pos=array([0., 0.]), size=array([1., 1.]), units='norm', vertices=ndarray(...), win=Window(...), windingRule=None)
33.8199 	EXP 	Created unnamed Line = Line(__class__=<class 'psychopy.visual.line.Line'>, autoDraw=False, autoLog=True, closeShape=False, color=array([1., 1., 1.]), colorSpace='rgb', contrast=None, depth=0, fillColor=array([0, 0, 0]), fillColorSpace='rgb', fillRGB=array([0, 0, 0]), interpolate=True, lineColor=array([1., 1., 1.]), lineColorSpace='rgb', lineRGB=array([1, 1, 1]), lineWidth=3, name='unnamed Line', opacity=0.5, ori=0.0, pos=array([0., 0.]), size=array([1., 1.]), units='norm', vertices=ndarray(...), win=Window(...), windingRule=None)
33.8218 	EXP 	Created unnamed Line = Line(__class__=<class 'psychopy.visual.line.Line'>, autoDraw=False, autoLog=True, closeShape=False, color=array([1., 1., 1.]), colorSpace='rgb', contrast=None, depth=0, fillColor=array([0, 0, 0]), fillColorSpace='rgb', fillRGB=array([0, 0, 0]), interpolate=True, lineColor=array([1., 1., 1.]), lineColorSpace='rgb', lineRGB=array([1, 1, 1]), lineWidth=3, name='unnamed Line', opacity=0.5, ori=0.0, pos=array([0., 0.]), size=array([1., 1.]), units='norm', vertices=array([[ 0.5 , -0.05],
       [ 0.5 ,  0.05]]), win=Window(...), windingRule=None)
33.8267 	EXP 	Created unnamed TextStim = TextStim(__class__=<class 'psychopy.visual.text.TextStim'>, alignHoriz=method-wrapper(...), alignText='center', alignVert=method-wrapper(...), anchorHoriz='center', anchorVert='center', antialias=True, autoLog=True, bold=False, color=array([1., 1., 1.]), colorSpace='rgb', contrast=1.0, depth=0, flipHoriz=False, flipVert=False, font='', fontFiles=[], height=0.05, italic=False, languageStyle='LTR', name='unnamed TextStim', opacity=1.0, ori=0.0, pos=array([-0.5, -0.1]), rgb=UNKNOWN, text='Helt klart \n SPONTAN', units='norm', win=Window(...), wrapWidth=1)
33.8278 	EXP 	Created unnamed TextStim = TextStim(__class__=<class 'psychopy.visual.text.TextStim'>, alignHoriz=method-wrapper(...), alignText='center', alignVert=method-wrapper(...), anchorHoriz='center', anchorVert='center', antialias=True, autoLog=True, bold=False, color=array([1., 1., 1.]), colorSpace='rgb', contrast=1.0, depth=0, flipHoriz=False, flipVert=False, font='', fontFiles=[], height=0.05, italic=False, languageStyle='LTR', name='unnamed TextStim', opacity=1.0, ori=0.0, pos=array([-0.16666667, -0.1       ]), rgb=UNKNOWN, text='', units='norm', win=Window(...), wrapWidth=1)
33.8288 	EXP 	Created unnamed TextStim = TextStim(__class__=<class 'psychopy.visual.text.TextStim'>, alignHoriz=method-wrapper(...), alignText='center', alignVert=method-wrapper(...), anchorHoriz='center', anchorVert='center', antialias=True, autoLog=True, bold=False, color=array([1., 1., 1.]), colorSpace='rgb', contrast=1.0, depth=0, flipHoriz=False, flipVert=False, font='', fontFiles=[], height=0.05, italic=False, languageStyle='LTR', name='unnamed TextStim', opacity=1.0, ori=0.0, pos=array([ 0.16666667, -0.1       ]), rgb=UNKNOWN, text='', units='norm', win=Window(...), wrapWidth=1)
33.8334 	EXP 	Created unnamed TextStim = TextStim(__class__=<class 'psychopy.visual.text.TextStim'>, alignHoriz=method-wrapper(...), alignText='center', alignVert=method-wrapper(...), anchorHoriz='center', anchorVert='center', antialias=True, autoLog=True, bold=False, color=array([1., 1., 1.]), colorSpace='rgb', contrast=1.0, depth=0, flipHoriz=False, flipVert=False, font='', fontFiles=[], height=0.05, italic=False, languageStyle='LTR', name='unnamed TextStim', opacity=1.0, ori=0.0, pos=array([ 0.5, -0.1]), rgb=UNKNOWN, text='Helt klart \n BEVISST', units='norm', win=Window(...), wrapWidth=1)
33.8352 	EXP 	Created unnamed ShapeStim = ShapeStim(__class__=<class 'psychopy.visual.shape.ShapeStim'>, autoDraw=False, autoLog=True, closeShape=True, color=method-wrapper(...), colorSpace='rgb', contrast=None, depth=0, fillColor=array([1, 1, 1]), fillColorSpace='rgb', fillRGB=array([1, 1, 1]), interpolate=True, lineColor=array([-1., -1., -1.]), lineColorSpace='rgb', lineRGB=array([-1, -1, -1]), lineWidth=1.5, name='unnamed ShapeStim', opacity=1.0, ori=0.0, pos=array([0., 0.]), size=array([1., 1.]), units='norm', vertices=ndarray(...), win=Window(...), windingRule=None)
33.8853 	EXP 	Sound  set volume 1.000
33.9206 	EXP 	unnamed ShapeStim: vertices = <class 'numpy.ndarray'>
33.9206 	EXP 	unnamed ShapeStim: vertices = <class 'numpy.ndarray'>
33.9206 	EXP 	unnamed ShapeStim: vertices = <class 'numpy.ndarray'>
203.1277 	DATA 	Keypress: lctrl
203.6509 	EXP 	Sound  started
203.8635 	DATA 	Keypress: rctrl
204.3915 	DATA 	Keypress: lctrl
204.4009 	EXP 	Sound  started
205.0956 	DATA 	Keypress: lctrl
205.1509 	EXP 	Sound  started
205.8475 	DATA 	Keypress: lctrl
205.9009 	EXP 	Sound  started
206.6155 	DATA 	Keypress: rctrl
206.6509 	EXP 	Sound  started
207.3835 	DATA 	Keypress: lctrl
207.4010 	EXP 	Sound  started
208.1195 	DATA 	Keypress: lctrl
208.1510 	EXP 	Sound  started
208.8875 	DATA 	Keypress: rctrl
208.9010 	EXP 	Sound  started
209.5915 	DATA 	Keypress: rctrl
209.6510 	EXP 	Sound  started
210.4010 	EXP 	Sound  started
210.4235 	DATA 	Keypress: rctrl
211.1510 	EXP 	Sound  started
211.1755 	DATA 	Keypress: lctrl
211.8795 	DATA 	Keypress: rctrl
211.9011 	EXP 	Sound  started
212.5675 	DATA 	Keypress: rctrl
212.6511 	EXP 	Sound  started
213.3995 	DATA 	Keypress: rctrl
213.4011 	EXP 	Sound  started
214.1511 	EXP 	Sound  started
214.1675 	DATA 	Keypress: rctrl
214.8875 	DATA 	Keypress: lctrl
214.9011 	EXP 	Sound  started
215.6076 	DATA 	Keypress: rctrl
215.6511 	EXP 	Sound  started
216.3755 	DATA 	Keypress: rctrl
216.4011 	EXP 	Sound  started
217.1512 	EXP 	Sound  started
217.2235 	DATA 	Keypress: lctrl
217.9012 	EXP 	Sound  started
217.9275 	DATA 	Keypress: lctrl
218.6315 	DATA 	Keypress: lctrl
218.6512 	EXP 	Sound  started
219.3515 	DATA 	Keypress: lctrl
219.4012 	EXP 	Sound  started
220.1035 	DATA 	Keypress: rctrl
220.1512 	EXP 	Sound  started
220.9012 	EXP 	Sound  started
220.9035 	DATA 	Keypress: lctrl
221.6396 	DATA 	Keypress: lctrl
221.6512 	EXP 	Sound  started
222.3915 	DATA 	Keypress: rctrl
222.4012 	EXP 	Sound  started
223.1275 	DATA 	Keypress: rctrl
223.1513 	EXP 	Sound  started
223.8956 	DATA 	Keypress: rctrl
223.9013 	EXP 	Sound  started
224.6475 	DATA 	Keypress: rctrl
224.6513 	EXP 	Sound  started
225.3675 	DATA 	Keypress: rctrl
225.4013 	EXP 	Sound  started
226.1036 	DATA 	Keypress: lctrl
226.1513 	EXP 	Sound  started
226.9013 	EXP 	Sound  started
226.9196 	DATA 	Keypress: rctrl
227.6513 	EXP 	Sound  started
227.6556 	DATA 	Keypress: rctrl
228.3435 	DATA 	Keypress: rctrl
228.4014 	EXP 	Sound  started
229.0795 	DATA 	Keypress: rctrl
229.1514 	EXP 	Sound  started
229.8476 	DATA 	Keypress: lctrl
229.9014 	EXP 	Sound  started
230.5196 	DATA 	Keypress: rctrl
230.6514 	EXP 	Sound  started
231.3835 	DATA 	Keypress: lctrl
231.4014 	EXP 	Sound  started
232.1196 	DATA 	Keypress: lctrl
232.1514 	EXP 	Sound  started
232.8715 	DATA 	Keypress: rctrl
232.9014 	EXP 	Sound  started
233.6235 	DATA 	Keypress: lctrl
233.6515 	EXP 	Sound  started
234.3436 	DATA 	Keypress: lctrl
234.4015 	EXP 	Sound  started
235.1436 	DATA 	Keypress: lctrl
235.1515 	EXP 	Sound  started
235.8795 	DATA 	Keypress: rctrl
235.9015 	EXP 	Sound  started
236.5995 	DATA 	Keypress: rctrl
236.6515 	EXP 	Sound  started
237.3835 	DATA 	Keypress: rctrl
237.4015 	EXP 	Sound  started
238.1036 	DATA 	Keypress: lctrl
238.1516 	EXP 	Sound  started
238.8235 	DATA 	Keypress: lctrl
238.9016 	EXP 	Sound  started
239.6075 	DATA 	Keypress: lctrl
239.6516 	EXP 	Sound  started
240.3436 	DATA 	Keypress: lctrl
240.4016 	EXP 	Sound  started
241.0795 	DATA 	Keypress: rctrl
241.1516 	EXP 	Sound  started
241.8476 	DATA 	Keypress: lctrl
241.9016 	EXP 	Sound  started
242.5996 	DATA 	Keypress: rctrl
242.6516 	EXP 	Sound  started
243.3195 	DATA 	Keypress: rctrl
243.4017 	EXP 	Sound  started
244.0875 	DATA 	Keypress: lctrl
244.1517 	EXP 	Sound  started
244.8235 	DATA 	Keypress: lctrl
244.9017 	EXP 	Sound  started
245.5755 	DATA 	Keypress: lctrl
245.6517 	EXP 	Sound  started
246.3435 	DATA 	Keypress: lctrl
246.4017 	EXP 	Sound  started
247.0475 	DATA 	Keypress: lctrl
247.1517 	EXP 	Sound  started
247.7996 	DATA 	Keypress: lctrl
247.9017 	EXP 	Sound  started
248.5515 	DATA 	Keypress: rctrl
248.6518 	EXP 	Sound  started
249.3036 	DATA 	Keypress: rctrl
249.4018 	EXP 	Sound  started
250.0876 	DATA 	Keypress: lctrl
250.1518 	EXP 	Sound  started
250.9018 	EXP 	Sound  started
250.9195 	DATA 	Keypress: rctrl
251.5915 	DATA 	Keypress: rctrl
251.6518 	EXP 	Sound  started
252.3276 	DATA 	Keypress: rctrl
252.4018 	EXP 	Sound  started
253.0476 	DATA 	Keypress: rctrl
253.1518 	EXP 	Sound  started
253.8155 	DATA 	Keypress: rctrl
253.9018 	EXP 	Sound  started
254.5516 	DATA 	Keypress: lctrl
254.6519 	EXP 	Sound  started
255.3195 	DATA 	Keypress: rctrl
255.4019 	EXP 	Sound  started
256.1356 	DATA 	Keypress: lctrl
256.1519 	EXP 	Sound  started
256.8555 	DATA 	Keypress: lctrl
256.9019 	EXP 	Sound  started
257.5915 	DATA 	Keypress: rctrl
257.6519 	EXP 	Sound  started
258.2955 	DATA 	Keypress: rctrl
258.4019 	EXP 	Sound  started
259.0955 	DATA 	Keypress: rctrl
259.1519 	EXP 	Sound  started
259.8476 	DATA 	Keypress: rctrl
259.9020 	EXP 	Sound  started
260.6155 	DATA 	Keypress: rctrl
260.6520 	EXP 	Sound  started
261.3035 	DATA 	Keypress: rctrl
261.4020 	EXP 	Sound  started
262.1035 	DATA 	Keypress: lctrl
262.1520 	EXP 	Sound  started
262.8715 	DATA 	Keypress: rctrl
262.9020 	EXP 	Sound  started
263.5755 	DATA 	Keypress: rctrl
263.6520 	EXP 	Sound  started
264.3755 	DATA 	Keypress: lctrl
264.4020 	EXP 	Sound  started
265.0636 	DATA 	Keypress: rctrl
265.1681 	EXP 	unnamed TextStim: text = ''
265.1681 	EXP 	unnamed TextStim: text = ''
267.6903 	DATA 	Keypress: 3
267.7197 	EXP 	unnamed ShapeStim: vertices = <class 'numpy.ndarray'>
269.2543 	EXP 	unnamed TextStim: text = ''
269.2543 	EXP 	unnamed TextStim: text = ''
270.0718 	DATA 	Keypress: 4
270.0888 	EXP 	unnamed ShapeStim: vertices = <class 'numpy.ndarray'>
271.6229 	EXP 	unnamed TextStim: text = ''
271.6229 	EXP 	unnamed TextStim: text = ''
272.6578 	DATA 	Keypress: 4
272.6742 	EXP 	unnamed ShapeStim: vertices = <class 'numpy.ndarray'>
274.9593 	EXP 	Sound  started
274.9595 	DATA 	Keypress: rctrl
275.6235 	DATA 	Keypress: lctrl
275.7093 	EXP 	Sound  started
276.4076 	DATA 	Keypress: lctrl
276.4593 	EXP 	Sound  started
277.1755 	DATA 	Keypress: lctrl
277.2093 	EXP 	Sound  started
277.9594 	EXP 	Sound  started
277.9595 	DATA 	Keypress: lctrl
278.7094 	EXP 	Sound  started
278.7116 	DATA 	Keypress: rctrl
279.3515 	DATA 	Keypress: rctrl
279.4594 	EXP 	Sound  started
280.2094 	EXP 	Sound  started
280.2476 	DATA 	Keypress: rctrl
280.9594 	EXP 	Sound  started
280.9676 	DATA 	Keypress: rctrl
281.7094 	EXP 	Sound  started
281.7196 	DATA 	Keypress: lctrl
282.4235 	DATA 	Keypress: lctrl
282.4595 	EXP 	Sound  started
283.1755 	DATA 	Keypress: rctrl
283.2095 	EXP 	Sound  started
283.9115 	DATA 	Keypress: lctrl
283.9595 	EXP 	Sound  started
284.6636 	DATA 	Keypress: lctrl
284.7095 	EXP 	Sound  started
285.4315 	DATA 	Keypress: lctrl
285.4595 	EXP 	Sound  started
286.1675 	DATA 	Keypress: rctrl
286.2095 	EXP 	Sound  started
286.8876 	DATA 	Keypress: lctrl
286.9595 	EXP 	Sound  started
287.6395 	DATA 	Keypress: lctrl
287.7095 	EXP 	Sound  started
288.4236 	DATA 	Keypress: rctrl
288.4596 	EXP 	Sound  started
289.1436 	DATA 	Keypress: rctrl
289.2096 	EXP 	Sound  started
289.8795 	DATA 	Keypress: rctrl
289.9596 	EXP 	Sound  started
290.6636 	DATA 	Keypress: rctrl
290.7096 	EXP 	Sound  started
291.4475 	DATA 	Keypress: lctrl
291.4596 	EXP 	Sound  started
292.1676 	DATA 	Keypress: rctrl
292.2096 	EXP 	Sound  started
292.9036 	DATA 	Keypress: rctrl
292.9596 	EXP 	Sound  started
293.6556 	DATA 	Keypress: lctrl
293.7097 	EXP 	Sound  started
294.4236 	DATA 	Keypress: lctrl
294.4597 	EXP 	Sound  started
295.1916 	DATA 	Keypress: lctrl
295.2097 	EXP 	Sound  started
295.9275 	DATA 	Keypress: lctrl
295.9597 	EXP 	Sound  started
296.6155 	DATA 	Keypress: rctrl
296.7097 	EXP 	Sound  started
297.3995 	DATA 	Keypress: lctrl
297.4597 	EXP 	Sound  started
298.1356 	DATA 	Keypress: lctrl
298.2097 	EXP 	Sound  started
298.8875 	DATA 	Keypress: rctrl
298.9598 	EXP 	Sound  started
299.6555 	DATA 	Keypress: rctrl
299.7098 	EXP 	Sound  started
300.4236 	DATA 	Keypress: rctrl
300.4598 	EXP 	Sound  started
301.1436 	DATA 	Keypress: rctrl
301.2098 	EXP 	Sound  started
301.8797 	DATA 	Keypress: rctrl
301.9598 	EXP 	Sound  started
302.6475 	DATA 	Keypress: lctrl
302.7098 	EXP 	Sound  started
303.3836 	DATA 	Keypress: rctrl
303.4598 	EXP 	Sound  started
304.1035 	DATA 	Keypress: rctrl
304.2098 	EXP 	Sound  started
304.8876 	DATA 	Keypress: lctrl
304.9599 	EXP 	Sound  started
305.6396 	DATA 	Keypress: lctrl
305.7099 	EXP 	Sound  started
306.4235 	DATA 	Keypress: lctrl
306.4599 	EXP 	Sound  started
307.1916 	DATA 	Keypress: lctrl
307.2099 	EXP 	Sound  started
307.8795 	DATA 	Keypress: rctrl
307.9599 	EXP 	Sound  started
308.6155 	DATA 	Keypress: rctrl
308.7099 	EXP 	Sound  started
309.4155 	DATA 	Keypress: lctrl
309.4599 	EXP 	Sound  started
310.1836 	DATA 	Keypress: rctrl
310.2100 	EXP 	Sound  started
310.9195 	DATA 	Keypress: rctrl
310.9600 	EXP 	Sound  started
311.6555 	DATA 	Keypress: rctrl
311.7100 	EXP 	Sound  started
312.4075 	DATA 	Keypress: lctrl
312.4600 	EXP 	Sound  started
313.1915 	DATA 	Keypress: rctrl
313.2100 	EXP 	Sound  started
313.8955 	DATA 	Keypress: lctrl
317.8481 	DATA 	Keypress: 3
317.8775 	EXP 	unnamed ShapeStim: vertices = <class 'numpy.ndarray'>
320.2339 	DATA 	Keypress: 3
320.2632 	EXP 	unnamed ShapeStim: vertices = <class 'numpy.ndarray'>
322.1483 	DATA 	Keypress: 2
322.1648 	EXP 	unnamed ShapeStim: vertices = <class 'numpy.ndarray'>
324.4485 	EXP 	Sound  started
324.4487 	DATA 	Keypress: rctrl
325.1276 	DATA 	Keypress: lctrl
325.1985 	EXP 	Sound  started
325.8795 	DATA 	Keypress: lctrl
325.9485 	EXP 	Sound  started
326.6795 	DATA 	Keypress: lctrl
326.6986 	EXP 	Sound  started
327.4475 	DATA 	Keypress: rctrl
327.4486 	EXP 	Sound  started
328.1355 	DATA 	Keypress: rctrl
328.1986 	EXP 	Sound  started
328.8715 	DATA 	Keypress: rctrl
328.9486 	EXP 	Sound  started
329.5916 	DATA 	Keypress: rctrl
329.6986 	EXP 	Sound  started
330.1516 	DATA 	Keypress: rctrl
330.4486 	EXP 	Sound  started
331.1116 	DATA 	Keypress: rctrl
331.1986 	EXP 	Sound  started
331.9275 	DATA 	Keypress: rctrl
331.9487 	EXP 	Sound  started
332.6987 	EXP 	Sound  started
332.7115 	DATA 	Keypress: lctrl
333.4316 	DATA 	Keypress: lctrl
333.4487 	EXP 	Sound  started
334.1356 	DATA 	Keypress: rctrl
334.1987 	EXP 	Sound  started
334.9035 	DATA 	Keypress: lctrl
334.9487 	EXP 	Sound  started
335.6715 	DATA 	Keypress: lctrl
335.6987 	EXP 	Sound  started
336.4236 	DATA 	Keypress: lctrl
336.4488 	EXP 	Sound  started
337.1755 	DATA 	Keypress: lctrl
337.1988 	EXP 	Sound  started
337.8954 	DATA 	Keypress: rctrl
337.9488 	EXP 	Sound  started
338.6475 	DATA 	Keypress: lctrl
338.6988 	EXP 	Sound  started
339.4475 	DATA 	Keypress: lctrl
339.4488 	EXP 	Sound  started
340.1988 	EXP 	Sound  started
340.1995 	DATA 	Keypress: rctrl
340.8874 	DATA 	Keypress: lctrl
340.9488 	EXP 	Sound  started
341.6715 	DATA 	Keypress: rctrl
341.6989 	EXP 	Sound  started
342.4395 	DATA 	Keypress: rctrl
342.4489 	EXP 	Sound  started
343.1915 	DATA 	Keypress: rctrl
343.1989 	EXP 	Sound  started
343.8955 	DATA 	Keypress: rctrl
343.9489 	EXP 	Sound  started
344.6155 	DATA 	Keypress: lctrl
344.6989 	EXP 	Sound  started
345.3836 	DATA 	Keypress: rctrl
345.4489 	EXP 	Sound  started
346.1195 	DATA 	Keypress: lctrl
346.1989 	EXP 	Sound  started
346.9035 	DATA 	Keypress: lctrl
346.9490 	EXP 	Sound  started
347.6555 	DATA 	Keypress: lctrl
347.6990 	EXP 	Sound  started
348.3915 	DATA 	Keypress: rctrl
348.4490 	EXP 	Sound  started
349.1436 	DATA 	Keypress: lctrl
349.1990 	EXP 	Sound  started
349.8795 	DATA 	Keypress: lctrl
349.9490 	EXP 	Sound  started
350.6475 	DATA 	Keypress: lctrl
350.6990 	EXP 	Sound  started
351.3675 	DATA 	Keypress: lctrl
351.4490 	EXP 	Sound  started
352.1835 	DATA 	Keypress: lctrl
352.1990 	EXP 	Sound  started
352.8875 	DATA 	Keypress: rctrl
352.9491 	EXP 	Sound  started
353.6715 	DATA 	Keypress: lctrl
353.6991 	EXP 	Sound  started
354.4236 	DATA 	Keypress: lctrl
354.4491 	EXP 	Sound  started
355.1755 	DATA 	Keypress: rctrl
355.1991 	EXP 	Sound  started
355.8957 	DATA 	Keypress: rctrl
355.9491 	EXP 	Sound  started
356.6636 	DATA 	Keypress: rctrl
356.6991 	EXP 	Sound  started
357.3995 	DATA 	Keypress: rctrl
357.4491 	EXP 	Sound  started
358.1355 	DATA 	Keypress: rctrl
358.1992 	EXP 	Sound  started
358.8715 	DATA 	Keypress: lctrl
358.9492 	EXP 	Sound  started
359.6555 	DATA 	Keypress: rctrl
359.6992 	EXP 	Sound  started
360.3915 	DATA 	Keypress: rctrl
360.4492 	EXP 	Sound  started
361.1276 	DATA 	Keypress: rctrl
361.1992 	EXP 	Sound  started
361.8636 	DATA 	Keypress: rctrl
361.9493 	EXP 	Sound  started
362.6315 	DATA 	Keypress: rctrl
362.6993 	EXP 	Sound  started
363.3835 	DATA 	Keypress: lctrl
363.4493 	EXP 	Sound  started
364.1516 	DATA 	Keypress: lctrl
364.1993 	EXP 	Sound  started
364.9195 	DATA 	Keypress: lctrl
364.9493 	EXP 	Sound  started
365.6715 	DATA 	Keypress: lctrl
365.6993 	EXP 	Sound  started
366.4236 	DATA 	Keypress: rctrl
366.4493 	EXP 	Sound  started
367.1436 	DATA 	Keypress: lctrl
367.1993 	EXP 	Sound  started
367.9115 	DATA 	Keypress: lctrl
367.9494 	EXP 	Sound  started
368.6994 	EXP 	Sound  started
368.7116 	DATA 	Keypress: lctrl
369.4156 	DATA 	Keypress: rctrl
369.4494 	EXP 	Sound  started
370.1836 	DATA 	Keypress: rctrl
370.1994 	EXP 	Sound  started
370.9536 	DATA 	Keypress: rctrl
372.7560 	DATA 	Keypress: 3
372.7561 	DATA 	Keypress: 4
372.7725 	EXP 	unnamed ShapeStim: vertices = <class 'numpy.ndarray'>
377.2764 	DATA 	Keypress: 3
377.2929 	EXP 	unnamed ShapeStim: vertices = <class 'numpy.ndarray'>
379.6287 	DATA 	Keypress: 3
379.6453 	EXP 	unnamed ShapeStim: vertices = <class 'numpy.ndarray'>
381.9290 	EXP 	Sound  started
381.9292 	DATA 	Keypress: rctrl
382.5995 	DATA 	Keypress: lctrl
382.6790 	EXP 	Sound  started
383.3996 	DATA 	Keypress: lctrl
383.4290 	EXP 	Sound  started
384.1791 	EXP 	Sound  started
384.1996 	DATA 	Keypress: lctrl
384.9035 	DATA 	Keypress: rctrl
384.9291 	EXP 	Sound  started
385.6715 	DATA 	Keypress: lctrl
385.6791 	EXP 	Sound  started
386.4291 	EXP 	Sound  started
386.4396 	DATA 	Keypress: lctrl
387.1791 	EXP 	Sound  started
387.1916 	DATA 	Keypress: lctrl
387.8795 	DATA 	Keypress: lctrl
387.9291 	EXP 	Sound  started
388.6475 	DATA 	Keypress: rctrl
388.6792 	EXP 	Sound  started
389.3836 	DATA 	Keypress: lctrl
389.4292 	EXP 	Sound  started
390.1675 	DATA 	Keypress: rctrl
390.1792 	EXP 	Sound  started
390.9035 	DATA 	Keypress: rctrl
390.9292 	EXP 	Sound  started
391.6555 	DATA 	Keypress: lctrl
391.6792 	EXP 	Sound  started
392.3596 	DATA 	Keypress: lctrl
392.4292 	EXP 	Sound  started
393.1596 	DATA 	Keypress: lctrl
393.1792 	EXP 	Sound  started
393.8636 	DATA 	Keypress: rctrl
393.9293 	EXP 	Sound  started
394.5996 	DATA 	Keypress: rctrl
394.6793 	EXP 	Sound  started
395.3675 	DATA 	Keypress: rctrl
395.4293 	EXP 	Sound  started
396.1355 	DATA 	Keypress: rctrl
396.1793 	EXP 	Sound  started
396.8555 	DATA 	Keypress: lctrl
396.9293 	EXP 	Sound  started
397.6236 	DATA 	Keypress: lctrl
397.6793 	EXP 	Sound  started
398.4075 	DATA 	Keypress: lctrl
398.4293 	EXP 	Sound  started
399.1435 	DATA 	Keypress: lctrl
399.1794 	EXP 	Sound  started
399.8955 	DATA 	Keypress: lctrl
399.9294 	EXP 	Sound  started
400.6794 	EXP 	Sound  started
400.6795 	DATA 	Keypress: rctrl
401.4155 	DATA 	Keypress: lctrl
401.4294 	EXP 	Sound  started
402.1794 	EXP 	Sound  started
402.1835 	DATA 	Keypress: rctrl
402.9035 	DATA 	Keypress: rctrl
402.9294 	EXP 	Sound  started
403.6395 	DATA 	Keypress: lctrl
403.6794 	EXP 	Sound  started
404.3595 	DATA 	Keypress: rctrl
404.4294 	EXP 	Sound  started
405.1436 	DATA 	Keypress: rctrl
405.1795 	EXP 	Sound  started
405.8635 	DATA 	Keypress: rctrl
405.9295 	EXP 	Sound  started
406.5996 	DATA 	Keypress: lctrl
406.6795 	EXP 	Sound  started
407.3516 	DATA 	Keypress: rctrl
407.4295 	EXP 	Sound  started
408.0875 	DATA 	Keypress: lctrl
408.1795 	EXP 	Sound  started
408.8395 	DATA 	Keypress: lctrl
408.9295 	EXP 	Sound  started
409.6555 	DATA 	Keypress: lctrl
409.6795 	EXP 	Sound  started
410.3435 	DATA 	Keypress: lctrl
410.4295 	EXP 	Sound  started
411.0315 	DATA 	Keypress: rctrl
411.1796 	EXP 	Sound  started
411.8155 	DATA 	Keypress: lctrl
411.9296 	EXP 	Sound  started
412.5835 	DATA 	Keypress: rctrl
412.6796 	EXP 	Sound  started
413.3356 	DATA 	Keypress: rctrl
413.4296 	EXP 	Sound  started
414.1355 	DATA 	Keypress: lctrl
414.1796 	EXP 	Sound  started
414.8715 	DATA 	Keypress: lctrl
414.9296 	EXP 	Sound  started
415.6075 	DATA 	Keypress: lctrl
415.6797 	EXP 	Sound  started
416.3915 	DATA 	Keypress: lctrl
416.4297 	EXP 	Sound  started
417.0957 	DATA 	Keypress: lctrl
417.1797 	EXP 	Sound  started
417.8635 	DATA 	Keypress: lctrl
417.9297 	EXP 	Sound  started
418.6315 	DATA 	Keypress: lctrl
418.6797 	EXP 	Sound  started
419.4297 	EXP 	Sound  started
419.4316 	DATA 	Keypress: lctrl
420.1515 	DATA 	Keypress: rctrl
420.1797 	EXP 	Sound  started
420.9195 	DATA 	Keypress: rctrl
420.9298 	EXP 	Sound  started
421.6556 	DATA 	Keypress: lctrl
421.6798 	EXP 	Sound  started
422.3916 	DATA 	Keypress: lctrl
422.4298 	EXP 	Sound  started
423.1596 	DATA 	Keypress: lctrl
423.1798 	EXP 	Sound  started
423.8155 	DATA 	Keypress: rctrl
423.9298 	EXP 	Sound  started
424.6316 	DATA 	Keypress: rctrl
424.6798 	EXP 	Sound  started
425.3835 	DATA 	Keypress: rctrl
425.4298 	EXP 	Sound  started
426.1799 	EXP 	Sound  started
426.1836 	DATA 	Keypress: rctrl
426.9035 	DATA 	Keypress: rctrl
426.9299 	EXP 	Sound  started
427.6555 	DATA 	Keypress: lctrl
427.6799 	EXP 	Sound  started
428.3915 	DATA 	Keypress: rctrl
430.0034 	DATA 	Keypress: 4
430.0199 	EXP 	unnamed ShapeStim: vertices = <class 'numpy.ndarray'>
434.7774 	DATA 	Keypress: 4
434.8067 	EXP 	unnamed ShapeStim: vertices = <class 'numpy.ndarray'>
444.1850 	DATA 	Keypress: 4
444.2144 	EXP 	unnamed ShapeStim: vertices = <class 'numpy.ndarray'>
446.4984 	EXP 	Sound  started
446.4986 	DATA 	Keypress: rctrl
447.2075 	DATA 	Keypress: lctrl
447.2484 	EXP 	Sound  started
447.9596 	DATA 	Keypress: lctrl
447.9984 	EXP 	Sound  started
448.7436 	DATA 	Keypress: rctrl
448.7485 	EXP 	Sound  started
449.4795 	DATA 	Keypress: rctrl
449.4985 	EXP 	Sound  started
450.2485 	EXP 	Sound  started
450.2795 	DATA 	Keypress: rctrl
450.9675 	DATA 	Keypress: lctrl
450.9985 	EXP 	Sound  started
451.7485 	EXP 	Sound  started
451.7515 	DATA 	Keypress: rctrl
452.4395 	DATA 	Keypress: rctrl
452.4985 	EXP 	Sound  started
453.1756 	DATA 	Keypress: rctrl
453.2485 	EXP 	Sound  started
453.9986 	EXP 	Sound  started
454.0235 	DATA 	Keypress: rctrl
454.6956 	DATA 	Keypress: lctrl
454.7486 	EXP 	Sound  started
455.4315 	DATA 	Keypress: lctrl
455.4986 	EXP 	Sound  started
456.2315 	DATA 	Keypress: lctrl
456.2486 	EXP 	Sound  started
456.9196 	DATA 	Keypress: lctrl
456.9986 	EXP 	Sound  started
457.7036 	DATA 	Keypress: lctrl
457.7487 	EXP 	Sound  started
458.4555 	DATA 	Keypress: rctrl
458.4987 	EXP 	Sound  started
459.2235 	DATA 	Keypress: lctrl
459.2487 	EXP 	Sound  started
459.9275 	DATA 	Keypress: rctrl
459.9987 	EXP 	Sound  started
460.7115 	DATA 	Keypress: rctrl
460.7487 	EXP 	Sound  started
461.4795 	DATA 	Keypress: lctrl
461.4987 	EXP 	Sound  started
462.1195 	DATA 	Keypress: lctrl
462.2487 	EXP 	Sound  started
462.9675 	DATA 	Keypress: lctrl
462.9987 	EXP 	Sound  started
463.6555 	DATA 	Keypress: lctrl
463.7488 	EXP 	Sound  started
464.4395 	DATA 	Keypress: lctrl
464.4988 	EXP 	Sound  started
465.1755 	DATA 	Keypress: lctrl
465.2488 	EXP 	Sound  started
465.9115 	DATA 	Keypress: rctrl
465.9988 	EXP 	Sound  started
466.6955 	DATA 	Keypress: rctrl
466.7488 	EXP 	Sound  started
467.4475 	DATA 	Keypress: rctrl
467.4988 	EXP 	Sound  started
468.1996 	DATA 	Keypress: rctrl
468.2488 	EXP 	Sound  started
468.9355 	DATA 	Keypress: lctrl
468.9988 	EXP 	Sound  started
469.7355 	DATA 	Keypress: rctrl
469.7489 	EXP 	Sound  started
470.4395 	DATA 	Keypress: rctrl
470.4989 	EXP 	Sound  started
471.1915 	DATA 	Keypress: rctrl
471.2489 	EXP 	Sound  started
471.9595 	DATA 	Keypress: rctrl
471.9989 	EXP 	Sound  started
472.7277 	DATA 	Keypress: lctrl
472.7489 	EXP 	Sound  started
473.4635 	DATA 	Keypress: lctrl
473.4989 	EXP 	Sound  started
474.2315 	DATA 	Keypress: rctrl
474.2489 	EXP 	Sound  started
474.9675 	DATA 	Keypress: rctrl
474.9990 	EXP 	Sound  started
475.6396 	DATA 	Keypress: rctrl
475.7490 	EXP 	Sound  started
476.4876 	DATA 	Keypress: rctrl
476.4990 	EXP 	Sound  started
477.2075 	DATA 	Keypress: rctrl
477.2490 	EXP 	Sound  started
477.9596 	DATA 	Keypress: rctrl
477.9990 	EXP 	Sound  started
478.7276 	DATA 	Keypress: lctrl
478.7491 	EXP 	Sound  started
479.4315 	DATA 	Keypress: rctrl
479.4991 	EXP 	Sound  started
480.2155 	DATA 	Keypress: rctrl
480.2491 	EXP 	Sound  started
480.9515 	DATA 	Keypress: lctrl
480.9991 	EXP 	Sound  started
481.6716 	DATA 	Keypress: lctrl
481.7491 	EXP 	Sound  started
482.4875 	DATA 	Keypress: lctrl
482.4991 	EXP 	Sound  started
483.1755 	DATA 	Keypress: lctrl
483.2491 	EXP 	Sound  started
483.9435 	DATA 	Keypress: lctrl
483.9992 	EXP 	Sound  started
484.6795 	DATA 	Keypress: lctrl
484.7492 	EXP 	Sound  started
485.4796 	DATA 	Keypress: lctrl
485.4992 	EXP 	Sound  started
486.1995 	DATA 	Keypress: rctrl
486.2492 	EXP 	Sound  started
486.9517 	DATA 	Keypress: lctrl
486.9992 	EXP 	Sound  started
487.7196 	DATA 	Keypress: lctrl
487.7492 	EXP 	Sound  started
488.4555 	DATA 	Keypress: lctrl
488.4992 	EXP 	Sound  started
489.1596 	DATA 	Keypress: lctrl
489.2493 	EXP 	Sound  started
489.9436 	DATA 	Keypress: lctrl
489.9993 	EXP 	Sound  started
490.7115 	DATA 	Keypress: lctrl
490.7493 	EXP 	Sound  started
491.4796 	DATA 	Keypress: lctrl
491.4993 	EXP 	Sound  started
492.1676 	DATA 	Keypress: lctrl
492.2493 	EXP 	Sound  started
492.9355 	DATA 	Keypress: rctrl
492.9993 	EXP 	Sound  started
493.7355 	DATA 	Keypress: lctrl
493.7493 	EXP 	Sound  started
494.4235 	DATA 	Keypress: lctrl
494.4993 	EXP 	Sound  started
495.2075 	DATA 	Keypress: rctrl
495.2493 	EXP 	Sound  started
495.9596 	DATA 	Keypress: rctrl
495.9994 	EXP 	Sound  started
496.7275 	DATA 	Keypress: rctrl
496.7494 	EXP 	Sound  started
497.4476 	DATA 	Keypress: lctrl
497.4994 	EXP 	Sound  started
498.1356 	DATA 	Keypress: rctrl
498.2494 	EXP 	Sound  started
498.9515 	DATA 	Keypress: rctrl
498.9994 	EXP 	Sound  started
499.7036 	DATA 	Keypress: rctrl
499.7494 	EXP 	Sound  started
500.4875 	DATA 	Keypress: rctrl
500.4994 	EXP 	Sound  started
501.2075 	DATA 	Keypress: lctrl
501.2495 	EXP 	Sound  started
501.9436 	DATA 	Keypress: lctrl
501.9995 	EXP 	Sound  started
502.6315 	DATA 	Keypress: rctrl
502.7495 	EXP 	Sound  started
503.4635 	DATA 	Keypress: lctrl
503.4995 	EXP 	Sound  started
504.2315 	DATA 	Keypress: lctrl
504.2495 	EXP 	Sound  started
504.9356 	DATA 	Keypress: lctrl
504.9995 	EXP 	Sound  started
505.6715 	DATA 	Keypress: rctrl
508.0169 	DATA 	Keypress: 3
508.0334 	EXP 	unnamed ShapeStim: vertices = <class 'numpy.ndarray'>
510.8192 	DATA 	Keypress: 3
510.8357 	EXP 	unnamed ShapeStim: vertices = <class 'numpy.ndarray'>
514.3554 	DATA 	Keypress: 2
514.3719 	EXP 	unnamed ShapeStim: vertices = <class 'numpy.ndarray'>
516.6558 	EXP 	Sound  started
516.6561 	DATA 	Keypress: rctrl
517.3357 	DATA 	Keypress: lctrl
517.4058 	EXP 	Sound  started
518.0876 	DATA 	Keypress: lctrl
518.1558 	EXP 	Sound  started
518.9058 	EXP 	Sound  started
518.9195 	DATA 	Keypress: lctrl
519.6075 	DATA 	Keypress: rctrl
519.6558 	EXP 	Sound  started
520.3755 	DATA 	Keypress: rctrl
520.4058 	EXP 	Sound  started
521.0796 	DATA 	Keypress: lctrl
521.1559 	EXP 	Sound  started
521.8795 	DATA 	Keypress: rctrl
521.9059 	EXP 	Sound  started
522.6155 	DATA 	Keypress: rctrl
522.6559 	EXP 	Sound  started
523.3195 	DATA 	Keypress: rctrl
523.4059 	EXP 	Sound  started
524.1035 	DATA 	Keypress: rctrl
524.1559 	EXP 	Sound  started
524.8875 	DATA 	Keypress: rctrl
524.9059 	EXP 	Sound  started
525.6076 	DATA 	Keypress: lctrl
525.6560 	EXP 	Sound  started
526.3915 	DATA 	Keypress: lctrl
526.4060 	EXP 	Sound  started
527.1276 	DATA 	Keypress: rctrl
527.1560 	EXP 	Sound  started
527.8955 	DATA 	Keypress: lctrl
527.9060 	EXP 	Sound  started
528.6315 	DATA 	Keypress: lctrl
528.6560 	EXP 	Sound  started
529.4060 	EXP 	Sound  started
529.4956 	DATA 	Keypress: lctrl
530.1515 	DATA 	Keypress: lctrl
530.1560 	EXP 	Sound  started
530.8716 	DATA 	Keypress: lctrl
530.9061 	EXP 	Sound  started
531.6076 	DATA 	Keypress: lctrl
531.6561 	EXP 	Sound  started
532.3117 	DATA 	Keypress: rctrl
532.4061 	EXP 	Sound  started
533.1115 	DATA 	Keypress: lctrl
533.1561 	EXP 	Sound  started
533.9061 	EXP 	Sound  started
533.9116 	DATA 	Keypress: lctrl
534.6315 	DATA 	Keypress: rctrl
534.6561 	EXP 	Sound  started
535.3835 	DATA 	Keypress: rctrl
535.4061 	EXP 	Sound  started
536.1036 	DATA 	Keypress: rctrl
536.1562 	EXP 	Sound  started
536.8235 	DATA 	Keypress: rctrl
536.9062 	EXP 	Sound  started
537.6235 	DATA 	Keypress: rctrl
537.6562 	EXP 	Sound  started
538.3436 	DATA 	Keypress: lctrl
538.4062 	EXP 	Sound  started
539.0956 	DATA 	Keypress: rctrl
539.1562 	EXP 	Sound  started
539.8956 	DATA 	Keypress: rctrl
539.9062 	EXP 	Sound  started
540.5995 	DATA 	Keypress: lctrl
540.6562 	EXP 	Sound  started
541.3516 	DATA 	Keypress: lctrl
541.4063 	EXP 	Sound  started
542.1036 	DATA 	Keypress: lctrl
542.1563 	EXP 	Sound  started
542.8236 	DATA 	Keypress: rctrl
542.9063 	EXP 	Sound  started
543.6396 	DATA 	Keypress: lctrl
543.6563 	EXP 	Sound  started
544.3755 	DATA 	Keypress: rctrl
544.4063 	EXP 	Sound  started
545.0795 	DATA 	Keypress: rctrl
545.1563 	EXP 	Sound  started
545.8155 	DATA 	Keypress: lctrl
545.9063 	EXP 	Sound  started
546.5515 	DATA 	Keypress: lctrl
546.6564 	EXP 	Sound  started
547.2876 	DATA 	Keypress: rctrl
547.4064 	EXP 	Sound  started
548.0396 	DATA 	Keypress: rctrl
548.1564 	EXP 	Sound  started
548.8236 	DATA 	Keypress: lctrl
548.9064 	EXP 	Sound  started
549.6075 	DATA 	Keypress: lctrl
549.6564 	EXP 	Sound  started
550.3275 	DATA 	Keypress: lctrl
550.4064 	EXP 	Sound  started
551.0795 	DATA 	Keypress: lctrl
551.1564 	EXP 	Sound  started
551.8155 	DATA 	Keypress: lctrl
551.9064 	EXP 	Sound  started
552.5515 	DATA 	Keypress: lctrl
552.6565 	EXP 	Sound  started
553.3515 	DATA 	Keypress: lctrl
553.4065 	EXP 	Sound  started
554.1195 	DATA 	Keypress: lctrl
554.1565 	EXP 	Sound  started
554.9065 	EXP 	Sound  started
554.9195 	DATA 	Keypress: rctrl
555.5915 	DATA 	Keypress: rctrl
555.6565 	EXP 	Sound  started
556.3435 	DATA 	Keypress: rctrl
556.4065 	EXP 	Sound  started
557.0955 	DATA 	Keypress: lctrl
557.1565 	EXP 	Sound  started
557.8635 	DATA 	Keypress: lctrl
557.9066 	EXP 	Sound  started
558.6475 	DATA 	Keypress: lctrl
558.6566 	EXP 	Sound  started
559.3516 	DATA 	Keypress: lctrl
559.4066 	EXP 	Sound  started
560.1515 	DATA 	Keypress: lctrl
560.1566 	EXP 	Sound  started
560.8875 	DATA 	Keypress: rctrl
560.9066 	EXP 	Sound  started
561.6395 	DATA 	Keypress: lctrl
564.1962 	DATA 	Keypress: 3
564.2128 	EXP 	unnamed ShapeStim: vertices = <class 'numpy.ndarray'>
567.1153 	DATA 	Keypress: 4
567.1318 	EXP 	unnamed ShapeStim: vertices = <class 'numpy.ndarray'>
570.3346 	DATA 	Keypress: 3
570.3511 	EXP 	unnamed ShapeStim: vertices = <class 'numpy.ndarray'>
572.6350 	EXP 	Sound  started
572.6477 	DATA 	Keypress: rctrl
573.3356 	DATA 	Keypress: lctrl
573.3850 	EXP 	Sound  started
574.0396 	DATA 	Keypress: lctrl
574.1350 	EXP 	Sound  started
574.8075 	DATA 	Keypress: lctrl
574.8851 	EXP 	Sound  started
575.6075 	DATA 	Keypress: rctrl
575.6351 	EXP 	Sound  started
576.3435 	DATA 	Keypress: rctrl
576.3851 	EXP 	Sound  started
577.1351 	EXP 	Sound  started
577.1595 	DATA 	Keypress: lctrl
577.8795 	DATA 	Keypress: rctrl
577.8851 	EXP 	Sound  started
578.5995 	DATA 	Keypress: rctrl
578.6351 	EXP 	Sound  started
579.3356 	DATA 	Keypress: lctrl
579.3851 	EXP 	Sound  started
580.1352 	EXP 	Sound  started
580.1515 	DATA 	Keypress: lctrl
580.8235 	DATA 	Keypress: rctrl
580.8852 	EXP 	Sound  started
581.5756 	DATA 	Keypress: rctrl
581.6352 	EXP 	Sound  started
582.3435 	DATA 	Keypress: rctrl
582.3852 	EXP 	Sound  started
583.0475 	DATA 	Keypress: lctrl
583.1352 	EXP 	Sound  started
583.7995 	DATA 	Keypress: lctrl
583.8852 	EXP 	Sound  started
584.5515 	DATA 	Keypress: lctrl
584.6352 	EXP 	Sound  started
585.3195 	DATA 	Keypress: lctrl
585.3852 	EXP 	Sound  started
586.1035 	DATA 	Keypress: lctrl
586.1353 	EXP 	Sound  started
586.8555 	DATA 	Keypress: rctrl
586.8853 	EXP 	Sound  started
587.5595 	DATA 	Keypress: rctrl
587.6353 	EXP 	Sound  started
588.3435 	DATA 	Keypress: lctrl
588.3853 	EXP 	Sound  started
589.0955 	DATA 	Keypress: lctrl
589.1353 	EXP 	Sound  started
589.8156 	DATA 	Keypress: lctrl
589.8853 	EXP 	Sound  started
590.5515 	DATA 	Keypress: lctrl
590.6354 	EXP 	Sound  started
591.3195 	DATA 	Keypress: lctrl
591.3854 	EXP 	Sound  started
592.0876 	DATA 	Keypress: lctrl
592.1354 	EXP 	Sound  started
592.8716 	DATA 	Keypress: rctrl
592.8854 	EXP 	Sound  started
593.6076 	DATA 	Keypress: lctrl
593.6354 	EXP 	Sound  started
594.3116 	DATA 	Keypress: lctrl
594.3854 	EXP 	Sound  started
595.0956 	DATA 	Keypress: lctrl
595.1354 	EXP 	Sound  started
595.7996 	DATA 	Keypress: rctrl
595.8855 	EXP 	Sound  started
596.5516 	DATA 	Keypress: lctrl
596.6355 	EXP 	Sound  started
597.2876 	DATA 	Keypress: lctrl
597.3855 	EXP 	Sound  started
598.0875 	DATA 	Keypress: lctrl
598.1355 	EXP 	Sound  started
598.7916 	DATA 	Keypress: rctrl
598.8855 	EXP 	Sound  started
599.5596 	DATA 	Keypress: rctrl
599.6355 	EXP 	Sound  started
600.2795 	DATA 	Keypress: rctrl
600.3855 	EXP 	Sound  started
601.0636 	DATA 	Keypress: rctrl
601.1355 	EXP 	Sound  started
601.8316 	DATA 	Keypress: lctrl
601.8856 	EXP 	Sound  started
602.5836 	DATA 	Keypress: rctrl
602.6356 	EXP 	Sound  started
603.3516 	DATA 	Keypress: rctrl
603.3856 	EXP 	Sound  started
604.1035 	DATA 	Keypress: lctrl
604.1356 	EXP 	Sound  started
604.8236 	DATA 	Keypress: lctrl
604.8856 	EXP 	Sound  started
605.5275 	DATA 	Keypress: lctrl
605.6356 	EXP 	Sound  started
606.3435 	DATA 	Keypress: lctrl
606.3856 	EXP 	Sound  started
607.0315 	DATA 	Keypress: lctrl
607.1357 	EXP 	Sound  started
607.8156 	DATA 	Keypress: lctrl
607.8857 	EXP 	Sound  started
608.5835 	DATA 	Keypress: lctrl
608.6357 	EXP 	Sound  started
609.2877 	DATA 	Keypress: rctrl
609.3857 	EXP 	Sound  started
610.0396 	DATA 	Keypress: rctrl
610.1357 	EXP 	Sound  started
610.8395 	DATA 	Keypress: lctrl
610.8857 	EXP 	Sound  started
611.5756 	DATA 	Keypress: lctrl
611.6357 	EXP 	Sound  started
612.2956 	DATA 	Keypress: lctrl
612.3858 	EXP 	Sound  started
613.0475 	DATA 	Keypress: lctrl
613.1358 	EXP 	Sound  started
613.7995 	DATA 	Keypress: rctrl
613.8858 	EXP 	Sound  started
614.5996 	DATA 	Keypress: lctrl
614.6358 	EXP 	Sound  started
615.3515 	DATA 	Keypress: lctrl
615.3858 	EXP 	Sound  started
616.0716 	DATA 	Keypress: lctrl
616.1358 	EXP 	Sound  started
616.8555 	DATA 	Keypress: lctrl
616.8858 	EXP 	Sound  started
617.5596 	DATA 	Keypress: rctrl
617.6358 	EXP 	Sound  started
618.3435 	DATA 	Keypress: rctrl
618.3859 	EXP 	Sound  started
619.0956 	DATA 	Keypress: rctrl
619.1359 	EXP 	Sound  started
619.7995 	DATA 	Keypress: rctrl
619.8859 	EXP 	Sound  started
620.5676 	DATA 	Keypress: rctrl
620.6359 	EXP 	Sound  started
621.3196 	DATA 	Keypress: lctrl
621.3859 	EXP 	Sound  started
622.0555 	DATA 	Keypress: rctrl
622.1359 	EXP 	Sound  started
622.8076 	DATA 	Keypress: rctrl
622.8860 	EXP 	Sound  started
623.6075 	DATA 	Keypress: lctrl
623.6360 	EXP 	Sound  started
624.3436 	DATA 	Keypress: lctrl
624.3860 	EXP 	Sound  started
625.1360 	EXP 	Sound  started
625.1436 	DATA 	Keypress: lctrl
625.8636 	DATA 	Keypress: lctrl
625.8860 	EXP 	Sound  started
626.5996 	DATA 	Keypress: lctrl
626.6360 	EXP 	Sound  started
627.3355 	DATA 	Keypress: rctrl
627.3860 	EXP 	Sound  started
628.0876 	DATA 	Keypress: rctrl
628.1360 	EXP 	Sound  started
628.8076 	DATA 	Keypress: lctrl
628.8860 	EXP 	Sound  started
629.6076 	DATA 	Keypress: lctrl
629.6361 	EXP 	Sound  started
630.3276 	DATA 	Keypress: lctrl
630.3861 	EXP 	Sound  started
631.0955 	DATA 	Keypress: rctrl
631.1361 	EXP 	Sound  started
631.8156 	DATA 	Keypress: rctrl
631.8861 	EXP 	Sound  started
632.5515 	DATA 	Keypress: rctrl
632.6361 	EXP 	Sound  started
633.3035 	DATA 	Keypress: rctrl
633.3861 	EXP 	Sound  started
634.0716 	DATA 	Keypress: lctrl
634.1361 	EXP 	Sound  started
634.8715 	DATA 	Keypress: lctrl
634.8862 	EXP 	Sound  started
635.5916 	DATA 	Keypress: rctrl
635.6362 	EXP 	Sound  started
636.3436 	DATA 	Keypress: lctrl
636.3862 	EXP 	Sound  started
637.1116 	DATA 	Keypress: lctrl
637.1362 	EXP 	Sound  started
637.8155 	DATA 	Keypress: lctrl
637.8862 	EXP 	Sound  started
638.6156 	DATA 	Keypress: rctrl
638.6362 	EXP 	Sound  started
639.2715 	DATA 	Keypress: rctrl
639.3862 	EXP 	Sound  started
640.0556 	DATA 	Keypress: rctrl
647.2144 	DATA 	Keypress: 3
647.2309 	EXP 	unnamed ShapeStim: vertices = <class 'numpy.ndarray'>
650.8840 	DATA 	Keypress: 3
650.9006 	EXP 	unnamed ShapeStim: vertices = <class 'numpy.ndarray'>
655.7380 	DATA 	Keypress: 3
655.7545 	EXP 	unnamed ShapeStim: vertices = <class 'numpy.ndarray'>
658.0394 	EXP 	Sound  started
658.0396 	DATA 	Keypress: rctrl
658.7275 	DATA 	Keypress: lctrl
658.7894 	EXP 	Sound  started
659.4315 	DATA 	Keypress: lctrl
659.5394 	EXP 	Sound  started
660.1996 	DATA 	Keypress: lctrl
660.2894 	EXP 	Sound  started
660.9996 	DATA 	Keypress: lctrl
661.0394 	EXP 	Sound  started
661.7035 	DATA 	Keypress: rctrl
661.7895 	EXP 	Sound  started
662.4715 	DATA 	Keypress: lctrl
662.5395 	EXP 	Sound  started
663.1916 	DATA 	Keypress: lctrl
663.2895 	EXP 	Sound  started
664.0076 	DATA 	Keypress: rctrl
664.0395 	EXP 	Sound  started
664.7435 	DATA 	Keypress: rctrl
664.7895 	EXP 	Sound  started
665.5115 	DATA 	Keypress: rctrl
665.5395 	EXP 	Sound  started
666.2795 	DATA 	Keypress: rctrl
666.2895 	EXP 	Sound  started
666.9995 	DATA 	Keypress: rctrl
667.0396 	EXP 	Sound  started
667.7516 	DATA 	Keypress: lctrl
667.7896 	EXP 	Sound  started
668.4716 	DATA 	Keypress: lctrl
668.5396 	EXP 	Sound  started
669.2236 	DATA 	Keypress: lctrl
669.2896 	EXP 	Sound  started
669.9596 	DATA 	Keypress: rctrl
670.0396 	EXP 	Sound  started
670.7595 	DATA 	Keypress: lctrl
670.7896 	EXP 	Sound  started
671.4636 	DATA 	Keypress: lctrl
671.5396 	EXP 	Sound  started
672.2636 	DATA 	Keypress: lctrl
672.2896 	EXP 	Sound  started
672.9995 	DATA 	Keypress: rctrl
673.0397 	EXP 	Sound  started
673.7355 	DATA 	Keypress: rctrl
673.7897 	EXP 	Sound  started
674.5196 	DATA 	Keypress: rctrl
674.5397 	EXP 	Sound  started
675.2076 	DATA 	Keypress: rctrl
675.2897 	EXP 	Sound  started
675.9596 	DATA 	Keypress: rctrl
676.0397 	EXP 	Sound  started
676.7595 	DATA 	Keypress: rctrl
676.7897 	EXP 	Sound  started
677.5117 	DATA 	Keypress: rctrl
677.5398 	EXP 	Sound  started
678.2795 	DATA 	Keypress: rctrl
678.2898 	EXP 	Sound  started
678.9997 	DATA 	Keypress: rctrl
679.0398 	EXP 	Sound  started
679.7835 	DATA 	Keypress: rctrl
679.7898 	EXP 	Sound  started
680.5195 	DATA 	Keypress: rctrl
680.5398 	EXP 	Sound  started
681.2397 	DATA 	Keypress: lctrl
681.2898 	EXP 	Sound  started
681.9595 	DATA 	Keypress: rctrl
682.0398 	EXP 	Sound  started
682.7275 	DATA 	Keypress: rctrl
682.7899 	EXP 	Sound  started
683.4956 	DATA 	Keypress: rctrl
683.5399 	EXP 	Sound  started
684.1995 	DATA 	Keypress: lctrl
684.2899 	EXP 	Sound  started
684.9515 	DATA 	Keypress: lctrl
685.0399 	EXP 	Sound  started
685.7196 	DATA 	Keypress: lctrl
685.7899 	EXP 	Sound  started
686.4876 	DATA 	Keypress: lctrl
686.5399 	EXP 	Sound  started
687.2076 	DATA 	Keypress: rctrl
687.2899 	EXP 	Sound  started
687.9916 	DATA 	Keypress: rctrl
688.0399 	EXP 	Sound  started
688.7900 	EXP 	Sound  started
688.7915 	DATA 	Keypress: rctrl
689.5115 	DATA 	Keypress: rctrl
689.5400 	EXP 	Sound  started
690.2315 	DATA 	Keypress: rctrl
690.2900 	EXP 	Sound  started
691.0155 	DATA 	Keypress: lctrl
691.0400 	EXP 	Sound  started
691.7196 	DATA 	Keypress: rctrl
691.7900 	EXP 	Sound  started
692.4875 	DATA 	Keypress: rctrl
692.5400 	EXP 	Sound  started
693.2396 	DATA 	Keypress: lctrl
693.2900 	EXP 	Sound  started
693.9435 	DATA 	Keypress: lctrl
694.0400 	EXP 	Sound  started
694.7275 	DATA 	Keypress: lctrl
694.7901 	EXP 	Sound  started
695.5275 	DATA 	Keypress: lctrl
695.5401 	EXP 	Sound  started
696.2316 	DATA 	Keypress: lctrl
696.2901 	EXP 	Sound  started
696.9835 	DATA 	Keypress: lctrl
697.0401 	EXP 	Sound  started
697.7195 	DATA 	Keypress: rctrl
697.7901 	EXP 	Sound  started
698.4555 	DATA 	Keypress: lctrl
698.5401 	EXP 	Sound  started
699.2395 	DATA 	Keypress: lctrl
699.2902 	EXP 	Sound  started
699.9915 	DATA 	Keypress: lctrl
700.0402 	EXP 	Sound  started
700.7276 	DATA 	Keypress: rctrl
700.7902 	EXP 	Sound  started
701.4796 	DATA 	Keypress: lctrl
701.5402 	EXP 	Sound  started
702.1995 	DATA 	Keypress: lctrl
702.2902 	EXP 	Sound  started
702.9835 	DATA 	Keypress: lctrl
703.0402 	EXP 	Sound  started
703.7676 	DATA 	Keypress: lctrl
703.7902 	EXP 	Sound  started
704.4555 	DATA 	Keypress: lctrl
704.5402 	EXP 	Sound  started
705.2397 	DATA 	Keypress: rctrl
705.2903 	EXP 	Sound  started
705.9276 	DATA 	Keypress: rctrl
706.0403 	EXP 	Sound  started
706.7115 	DATA 	Keypress: rctrl
706.7903 	EXP 	Sound  started
707.4635 	DATA 	Keypress: rctrl
707.5403 	EXP 	Sound  started
708.2316 	DATA 	Keypress: rctrl
708.2903 	EXP 	Sound  started
708.9516 	DATA 	Keypress: lctrl
709.0403 	EXP 	Sound  started
709.7355 	DATA 	Keypress: rctrl
709.7903 	EXP 	Sound  started
710.4236 	DATA 	Keypress: rctrl
710.5404 	EXP 	Sound  started
711.2556 	DATA 	Keypress: lctrl
711.2904 	EXP 	Sound  started
711.9595 	DATA 	Keypress: lctrl
712.0404 	EXP 	Sound  started
712.7904 	EXP 	Sound  started
712.8075 	DATA 	Keypress: lctrl
713.4955 	DATA 	Keypress: lctrl
713.5404 	EXP 	Sound  started
714.2476 	DATA 	Keypress: lctrl
714.2904 	EXP 	Sound  started
715.0156 	DATA 	Keypress: lctrl
715.0404 	EXP 	Sound  started
715.7904 	EXP 	Sound  started
715.7996 	DATA 	Keypress: lctrl
716.5036 	DATA 	Keypress: lctrl
716.5405 	EXP 	Sound  started
717.2075 	DATA 	Keypress: rctrl
717.2905 	EXP 	Sound  started
718.0236 	DATA 	Keypress: rctrl
720.5411 	DATA 	Keypress: 2
720.5576 	EXP 	unnamed ShapeStim: vertices = <class 'numpy.ndarray'>
722.4932 	DATA 	Keypress: 3
722.5097 	EXP 	unnamed ShapeStim: vertices = <class 'numpy.ndarray'>
724.9452 	DATA 	Keypress: 2
724.9617 	EXP 	unnamed ShapeStim: vertices = <class 'numpy.ndarray'>
727.2453 	EXP 	Sound  started
727.2455 	DATA 	Keypress: rctrl
727.9435 	DATA 	Keypress: lctrl
727.9953 	EXP 	Sound  started
728.6796 	DATA 	Keypress: lctrl
728.7453 	EXP 	Sound  started
729.4475 	DATA 	Keypress: lctrl
729.4954 	EXP 	Sound  started
730.1996 	DATA 	Keypress: rctrl
730.2454 	EXP 	Sound  started
730.9954 	EXP 	Sound  started
730.9996 	DATA 	Keypress: rctrl
731.7036 	DATA 	Keypress: rctrl
731.7454 	EXP 	Sound  started
732.4395 	DATA 	Keypress: rctrl
732.4954 	EXP 	Sound  started
733.2454 	EXP 	Sound  started
733.2555 	DATA 	Keypress: rctrl
733.9436 	DATA 	Keypress: lctrl
733.9954 	EXP 	Sound  started
734.7275 	DATA 	Keypress: rctrl
734.7454 	EXP 	Sound  started
735.4795 	DATA 	Keypress: rctrl
735.4954 	EXP 	Sound  started
736.2316 	DATA 	Keypress: lctrl
736.2455 	EXP 	Sound  started
736.9516 	DATA 	Keypress: lctrl
736.9955 	EXP 	Sound  started
737.7195 	DATA 	Keypress: lctrl
737.7455 	EXP 	Sound  started
738.4955 	EXP 	Sound  started
738.5035 	DATA 	Keypress: lctrl
739.1755 	DATA 	Keypress: rctrl
739.2455 	EXP 	Sound  started
739.9756 	DATA 	Keypress: lctrl
739.9955 	EXP 	Sound  started
740.7436 	DATA 	Keypress: rctrl
740.7455 	EXP 	Sound  started
741.4635 	DATA 	Keypress: rctrl
741.4956 	EXP 	Sound  started
742.2315 	DATA 	Keypress: lctrl
742.2456 	EXP 	Sound  started
742.9356 	DATA 	Keypress: lctrl
742.9956 	EXP 	Sound  started
743.6555 	DATA 	Keypress: lctrl
743.7456 	EXP 	Sound  started
744.4235 	DATA 	Keypress: rctrl
744.4956 	EXP 	Sound  started
745.1435 	DATA 	Keypress: rctrl
745.2456 	EXP 	Sound  started
745.9276 	DATA 	Keypress: rctrl
745.9957 	EXP 	Sound  started
746.6635 	DATA 	Keypress: rctrl
746.7457 	EXP 	Sound  started
747.4156 	DATA 	Keypress: rctrl
747.4957 	EXP 	Sound  started
748.2316 	DATA 	Keypress: rctrl
748.2457 	EXP 	Sound  started
748.9035 	DATA 	Keypress: lctrl
748.9957 	EXP 	Sound  started
749.6876 	DATA 	Keypress: rctrl
749.7457 	EXP 	Sound  started
750.4395 	DATA 	Keypress: rctrl
750.4957 	EXP 	Sound  started
751.1915 	DATA 	Keypress: rctrl
751.2457 	EXP 	Sound  started
751.9116 	DATA 	Keypress: rctrl
751.9958 	EXP 	Sound  started
752.6957 	DATA 	Keypress: rctrl
752.7458 	EXP 	Sound  started
753.4156 	DATA 	Keypress: rctrl
753.4958 	EXP 	Sound  started
754.1835 	DATA 	Keypress: lctrl
754.2458 	EXP 	Sound  started
754.9676 	DATA 	Keypress: lctrl
754.9958 	EXP 	Sound  started
755.6876 	DATA 	Keypress: rctrl
755.7458 	EXP 	Sound  started
756.4556 	DATA 	Keypress: lctrl
756.4958 	EXP 	Sound  started
757.2076 	DATA 	Keypress: lctrl
757.2459 	EXP 	Sound  started
757.9596 	DATA 	Keypress: lctrl
757.9959 	EXP 	Sound  started
758.6636 	DATA 	Keypress: rctrl
758.7459 	EXP 	Sound  started
759.3996 	DATA 	Keypress: rctrl
759.4959 	EXP 	Sound  started
760.1196 	DATA 	Keypress: rctrl
760.2459 	EXP 	Sound  started
760.8875 	DATA 	Keypress: lctrl
760.9959 	EXP 	Sound  started
761.6715 	DATA 	Keypress: rctrl
761.7459 	EXP 	Sound  started
762.4960 	EXP 	Sound  started
762.5036 	DATA 	Keypress: lctrl
763.1756 	DATA 	Keypress: lctrl
763.2460 	EXP 	Sound  started
763.9276 	DATA 	Keypress: lctrl
763.9960 	EXP 	Sound  started
764.6635 	DATA 	Keypress: rctrl
764.7460 	EXP 	Sound  started
765.4636 	DATA 	Keypress: lctrl
765.4960 	EXP 	Sound  started
766.2155 	DATA 	Keypress: rctrl
766.2460 	EXP 	Sound  started
766.9676 	DATA 	Keypress: lctrl
766.9960 	EXP 	Sound  started
767.7356 	DATA 	Keypress: lctrl
767.7460 	EXP 	Sound  started
768.4235 	DATA 	Keypress: lctrl
768.4961 	EXP 	Sound  started
769.1596 	DATA 	Keypress: rctrl
769.2461 	EXP 	Sound  started
769.8476 	DATA 	Keypress: rctrl
769.9961 	EXP 	Sound  started
770.5676 	DATA 	Keypress: rctrl
770.7461 	EXP 	Sound  started
771.3676 	DATA 	Keypress: rctrl
771.4961 	EXP 	Sound  started
772.1836 	DATA 	Keypress: lctrl
772.2461 	EXP 	Sound  started
772.8876 	DATA 	Keypress: rctrl
772.9961 	EXP 	Sound  started
773.6076 	DATA 	Keypress: rctrl
773.7462 	EXP 	Sound  started
774.4236 	DATA 	Keypress: lctrl
774.4962 	EXP 	Sound  started
775.1596 	DATA 	Keypress: lctrl
775.2462 	EXP 	Sound  started
775.9275 	DATA 	Keypress: lctrl
775.9962 	EXP 	Sound  started
776.7276 	DATA 	Keypress: lctrl
776.7462 	EXP 	Sound  started
777.4155 	DATA 	Keypress: rctrl
777.4962 	EXP 	Sound  started
778.1515 	DATA 	Keypress: lctrl
778.2463 	EXP 	Sound  started
778.9196 	DATA 	Keypress: lctrl
778.9963 	EXP 	Sound  started
779.6876 	DATA 	Keypress: lctrl
779.7463 	EXP 	Sound  started
780.4395 	DATA 	Keypress: lctrl
780.4963 	EXP 	Sound  started
781.2077 	DATA 	Keypress: lctrl
781.2463 	EXP 	Sound  started
781.9436 	DATA 	Keypress: rctrl
781.9963 	EXP 	Sound  started
782.6636 	DATA 	Keypress: lctrl
782.7463 	EXP 	Sound  started
783.4316 	DATA 	Keypress: lctrl
783.4963 	EXP 	Sound  started
784.1676 	DATA 	Keypress: lctrl
784.2464 	EXP 	Sound  started
784.9195 	DATA 	Keypress: lctrl
784.9964 	EXP 	Sound  started
785.6876 	DATA 	Keypress: lctrl
785.7464 	EXP 	Sound  started
786.4236 	DATA 	Keypress: rctrl
786.4964 	EXP 	Sound  started
787.1756 	DATA 	Keypress: rctrl
788.7470 	DATA 	Keypress: 2
788.7636 	EXP 	unnamed ShapeStim: vertices = <class 'numpy.ndarray'>
792.1369 	DATA 	Keypress: 3
792.1664 	EXP 	unnamed ShapeStim: vertices = <class 'numpy.ndarray'>
807.0492 	DATA 	Keypress: 2
807.0493 	DATA 	Keypress: 3
807.0786 	EXP 	unnamed ShapeStim: vertices = <class 'numpy.ndarray'>
809.3635 	EXP 	Sound  started
809.3637 	DATA 	Keypress: rctrl
810.0876 	DATA 	Keypress: lctrl
810.1135 	EXP 	Sound  started
810.8395 	DATA 	Keypress: lctrl
810.8635 	EXP 	Sound  started
811.5756 	DATA 	Keypress: lctrl
811.6135 	EXP 	Sound  started
812.2956 	DATA 	Keypress: rctrl
812.3635 	EXP 	Sound  started
813.0316 	DATA 	Keypress: rctrl
813.1135 	EXP 	Sound  started
813.8636 	DATA 	Keypress: lctrl
813.8637 	EXP 	Sound  started
814.5516 	DATA 	Keypress: lctrl
814.6138 	EXP 	Sound  started
815.3356 	DATA 	Keypress: lctrl
815.3638 	EXP 	Sound  started
816.1036 	DATA 	Keypress: lctrl
816.1138 	EXP 	Sound  started
816.7915 	DATA 	Keypress: rctrl
816.8638 	EXP 	Sound  started
817.4636 	DATA 	Keypress: rctrl
817.6138 	EXP 	Sound  started
818.2476 	DATA 	Keypress: rctrl
818.3638 	EXP 	Sound  started
819.0155 	DATA 	Keypress: rctrl
819.1138 	EXP 	Sound  started
819.7996 	DATA 	Keypress: rctrl
819.8639 	EXP 	Sound  started
820.5836 	DATA 	Keypress: lctrl
820.6139 	EXP 	Sound  started
821.2716 	DATA 	Keypress: rctrl
821.3639 	EXP 	Sound  started
822.0236 	DATA 	Keypress: rctrl
822.1139 	EXP 	Sound  started
822.8639 	EXP 	Sound  started
822.8715 	DATA 	Keypress: lctrl
823.5596 	DATA 	Keypress: lctrl
823.6139 	EXP 	Sound  started
824.2956 	DATA 	Keypress: lctrl
824.3639 	EXP 	Sound  started
825.0475 	DATA 	Keypress: lctrl
825.1139 	EXP 	Sound  started
825.7676 	DATA 	Keypress: lctrl
825.8640 	EXP 	Sound  started
826.5836 	DATA 	Keypress: lctrl
826.6140 	EXP 	Sound  started
827.3197 	DATA 	Keypress: rctrl
827.3640 	EXP 	Sound  started
828.0715 	DATA 	Keypress: lctrl
828.1140 	EXP 	Sound  started
828.8075 	DATA 	Keypress: rctrl
828.8640 	EXP 	Sound  started
829.5916 	DATA 	Keypress: rctrl
829.6140 	EXP 	Sound  started
830.3640 	EXP 	Sound  started
830.3916 	DATA 	Keypress: lctrl
831.0155 	DATA 	Keypress: rctrl
831.1141 	EXP 	Sound  started
831.7995 	DATA 	Keypress: lctrl
831.8641 	EXP 	Sound  started
832.5515 	DATA 	Keypress: lctrl
832.6141 	EXP 	Sound  started
833.3195 	DATA 	Keypress: lctrl
833.3641 	EXP 	Sound  started
834.1141 	EXP 	Sound  started
834.1196 	DATA 	Keypress: rctrl
834.8236 	DATA 	Keypress: lctrl
834.8641 	EXP 	Sound  started
835.5275 	DATA 	Keypress: rctrl
835.6141 	EXP 	Sound  started
836.2795 	DATA 	Keypress: rctrl
836.3641 	EXP 	Sound  started
837.0957 	DATA 	Keypress: rctrl
837.1142 	EXP 	Sound  started
837.8156 	DATA 	Keypress: lctrl
837.8642 	EXP 	Sound  started
838.5357 	DATA 	Keypress: lctrl
838.6142 	EXP 	Sound  started
839.3196 	DATA 	Keypress: rctrl
839.3642 	EXP 	Sound  started
840.0877 	DATA 	Keypress: lctrl
840.1142 	EXP 	Sound  started
840.8076 	DATA 	Keypress: lctrl
840.8642 	EXP 	Sound  started
841.5596 	DATA 	Keypress: lctrl
841.6142 	EXP 	Sound  started
842.3596 	DATA 	Keypress: rctrl
842.3643 	EXP 	Sound  started
843.0635 	DATA 	Keypress: rctrl
843.1143 	EXP 	Sound  started
843.7997 	DATA 	Keypress: rctrl
843.8643 	EXP 	Sound  started
844.5676 	DATA 	Keypress: lctrl
844.6143 	EXP 	Sound  started
845.3036 	DATA 	Keypress: rctrl
845.3643 	EXP 	Sound  started
846.0876 	DATA 	Keypress: lctrl
846.1143 	EXP 	Sound  started
846.8076 	DATA 	Keypress: lctrl
846.8643 	EXP 	Sound  started
847.5595 	DATA 	Keypress: rctrl
847.6143 	EXP 	Sound  started
848.3596 	DATA 	Keypress: lctrl
848.3644 	EXP 	Sound  started
849.0797 	DATA 	Keypress: lctrl
849.1144 	EXP 	Sound  started
849.8317 	DATA 	Keypress: lctrl
849.8644 	EXP 	Sound  started
850.6144 	EXP 	Sound  started
850.6155 	DATA 	Keypress: rctrl
851.3035 	DATA 	Keypress: rctrl
851.3644 	EXP 	Sound  started
852.0875 	DATA 	Keypress: rctrl
852.1144 	EXP 	Sound  started
852.8556 	DATA 	Keypress: rctrl
852.8644 	EXP 	Sound  started
853.6145 	EXP 	Sound  started
853.6235 	DATA 	Keypress: lctrl
854.3595 	DATA 	Keypress: rctrl
854.3645 	EXP 	Sound  started
855.0956 	DATA 	Keypress: rctrl
855.1145 	EXP 	Sound  started
855.8635 	DATA 	Keypress: rctrl
855.8645 	EXP 	Sound  started
856.5996 	DATA 	Keypress: rctrl
858.4580 	DATA 	Keypress: 3
858.4874 	EXP 	unnamed ShapeStim: vertices = <class 'numpy.ndarray'>
861.6106 	DATA 	Keypress: 4
861.6400 	EXP 	unnamed ShapeStim: vertices = <class 'numpy.ndarray'>
864.8261 	DATA 	Keypress: 2
864.8426 	EXP 	unnamed ShapeStim: vertices = <class 'numpy.ndarray'>
867.1279 	EXP 	Sound  started
867.1281 	DATA 	Keypress: rctrl
867.7836 	DATA 	Keypress: rctrl
867.8779 	EXP 	Sound  started
868.5358 	DATA 	Keypress: rctrl
868.6279 	EXP 	Sound  started
869.3036 	DATA 	Keypress: rctrl
869.3780 	EXP 	Sound  started
870.0557 	DATA 	Keypress: lctrl
870.1280 	EXP 	Sound  started
870.7756 	DATA 	Keypress: lctrl
870.8780 	EXP 	Sound  started
871.5755 	DATA 	Keypress: rctrl
871.6280 	EXP 	Sound  started
872.3275 	DATA 	Keypress: lctrl
872.3780 	EXP 	Sound  started
873.0155 	DATA 	Keypress: lctrl
873.1280 	EXP 	Sound  started
873.7676 	DATA 	Keypress: lctrl
873.8780 	EXP 	Sound  started
874.5196 	DATA 	Keypress: rctrl
874.6281 	EXP 	Sound  started
875.3036 	DATA 	Keypress: rctrl
875.3781 	EXP 	Sound  started
876.0555 	DATA 	Keypress: rctrl
876.1281 	EXP 	Sound  started
876.8396 	DATA 	Keypress: rctrl
876.8781 	EXP 	Sound  started
877.5596 	DATA 	Keypress: lctrl
877.6281 	EXP 	Sound  started
878.2635 	DATA 	Keypress: lctrl
878.3781 	EXP 	Sound  started
879.0796 	DATA 	Keypress: lctrl
879.1281 	EXP 	Sound  started
879.8636 	DATA 	Keypress: lctrl
879.8782 	EXP 	Sound  started
880.5836 	DATA 	Keypress: lctrl
880.6282 	EXP 	Sound  started
881.3035 	DATA 	Keypress: lctrl
881.3782 	EXP 	Sound  started
882.0075 	DATA 	Keypress: rctrl
882.1282 	EXP 	Sound  started
882.7756 	DATA 	Keypress: rctrl
882.8782 	EXP 	Sound  started
883.5436 	DATA 	Keypress: lctrl
883.6282 	EXP 	Sound  started
884.3436 	DATA 	Keypress: rctrl
884.3782 	EXP 	Sound  started
885.0635 	DATA 	Keypress: rctrl
885.1283 	EXP 	Sound  started
885.8316 	DATA 	Keypress: rctrl
885.8783 	EXP 	Sound  started
886.5835 	DATA 	Keypress: lctrl
886.6283 	EXP 	Sound  started
887.2876 	DATA 	Keypress: lctrl
887.3783 	EXP 	Sound  started
888.0875 	DATA 	Keypress: lctrl
888.1283 	EXP 	Sound  started
888.8395 	DATA 	Keypress: lctrl
888.8783 	EXP 	Sound  started
889.5756 	DATA 	Keypress: lctrl
889.6283 	EXP 	Sound  started
890.3276 	DATA 	Keypress: lctrl
890.3784 	EXP 	Sound  started
891.0956 	DATA 	Keypress: rctrl
891.1284 	EXP 	Sound  started
891.8315 	DATA 	Keypress: lctrl
891.8784 	EXP 	Sound  started
892.6156 	DATA 	Keypress: lctrl
892.6284 	EXP 	Sound  started
893.3196 	DATA 	Keypress: rctrl
893.3784 	EXP 	Sound  started
894.0396 	DATA 	Keypress: rctrl
894.1284 	EXP 	Sound  started
894.8236 	DATA 	Keypress: rctrl
894.8784 	EXP 	Sound  started
895.5917 	DATA 	Keypress: lctrl
895.6285 	EXP 	Sound  started
896.2955 	DATA 	Keypress: rctrl
896.3785 	EXP 	Sound  started
897.0476 	DATA 	Keypress: rctrl
897.1285 	EXP 	Sound  started
897.8155 	DATA 	Keypress: rctrl
897.8785 	EXP 	Sound  started
898.5676 	DATA 	Keypress: rctrl
898.6285 	EXP 	Sound  started
899.3516 	DATA 	Keypress: rctrl
899.3785 	EXP 	Sound  started
900.1036 	DATA 	Keypress: lctrl
900.1285 	EXP 	Sound  started
900.8716 	DATA 	Keypress: rctrl
900.8785 	EXP 	Sound  started
901.5595 	DATA 	Keypress: rctrl
901.6286 	EXP 	Sound  started
902.3276 	DATA 	Keypress: lctrl
902.3786 	EXP 	Sound  started
903.0795 	DATA 	Keypress: lctrl
903.1286 	EXP 	Sound  started
903.8786 	EXP 	Sound  started
903.8957 	DATA 	Keypress: lctrl
904.5997 	DATA 	Keypress: lctrl
904.6286 	EXP 	Sound  started
905.3356 	DATA 	Keypress: lctrl
905.3786 	EXP 	Sound  started
906.0556 	DATA 	Keypress: rctrl
906.1286 	EXP 	Sound  started
906.8077 	DATA 	Keypress: lctrl
906.8787 	EXP 	Sound  started
907.5596 	DATA 	Keypress: lctrl
907.6287 	EXP 	Sound  started
908.3115 	DATA 	Keypress: rctrl
908.3787 	EXP 	Sound  started
909.0476 	DATA 	Keypress: rctrl
909.1287 	EXP 	Sound  started
909.8316 	DATA 	Keypress: rctrl
909.8787 	EXP 	Sound  started
910.5836 	DATA 	Keypress: lctrl
910.6287 	EXP 	Sound  started
911.3516 	DATA 	Keypress: rctrl
911.3787 	EXP 	Sound  started
912.0876 	DATA 	Keypress: rctrl
912.1287 	EXP 	Sound  started
912.8075 	DATA 	Keypress: lctrl
912.8788 	EXP 	Sound  started
913.5756 	DATA 	Keypress: lctrl
913.6288 	EXP 	Sound  started
914.3275 	DATA 	Keypress: lctrl
914.3788 	EXP 	Sound  started
915.0156 	DATA 	Keypress: rctrl
915.1288 	EXP 	Sound  started
915.7836 	DATA 	Keypress: rctrl
915.8788 	EXP 	Sound  started
916.5195 	DATA 	Keypress: rctrl
916.6288 	EXP 	Sound  started
917.2716 	DATA 	Keypress: lctrl
917.3788 	EXP 	Sound  started
918.0555 	DATA 	Keypress: lctrl
918.1288 	EXP 	Sound  started
918.8395 	DATA 	Keypress: lctrl
918.8789 	EXP 	Sound  started
919.6075 	DATA 	Keypress: lctrl
919.6289 	EXP 	Sound  started
920.3437 	DATA 	Keypress: lctrl
920.3789 	EXP 	Sound  started
921.0796 	DATA 	Keypress: rctrl
921.1289 	EXP 	Sound  started
921.7995 	DATA 	Keypress: lctrl
921.8789 	EXP 	Sound  started
922.5516 	DATA 	Keypress: lctrl
922.6289 	EXP 	Sound  started
923.3355 	DATA 	Keypress: lctrl
923.3789 	EXP 	Sound  started
924.0555 	DATA 	Keypress: lctrl
924.1290 	EXP 	Sound  started
924.8075 	DATA 	Keypress: rctrl
924.8790 	EXP 	Sound  started
925.5596 	DATA 	Keypress: rctrl
925.6290 	EXP 	Sound  started
926.3436 	DATA 	Keypress: rctrl
929.6459 	DATA 	Keypress: 2
929.6624 	EXP 	unnamed ShapeStim: vertices = <class 'numpy.ndarray'>
932.7818 	DATA 	Keypress: 3
932.7983 	EXP 	unnamed ShapeStim: vertices = <class 'numpy.ndarray'>
936.4682 	DATA 	Keypress: 1
936.4847 	EXP 	unnamed ShapeStim: vertices = <class 'numpy.ndarray'>
938.7711 	DATA 	Keypress: rctrl
1101.7356 	DATA 	Keypress: return
1101.8105 	EXP 	window1: mouseVisible = True
