16.4668 	WARNING 	User requested fullscreen with size [1024  768], but screen is actually [1920, 1200]. Using actual size
17.2642 	EXP 	Created window1 = Window(allowGUI=False, allowStencil=False, autoLog=True, backendConf=UNKNOWN, bitsMode=UNKNOWN, blendMode='avg', bpc=(8, 8, 8), color=array([0, 0, 0]), colorSpace='rgb', depthBits=8, fullscr=<method-wrapper '__getattribute__' of attributeSetter object at 0x000001E076AF7780>, gamma=None, gammaErrorPolicy='raise', lms=UNKNOWN, monitor=<psychopy.monitors.calibTools.Monitor object at 0x000001E078204080>, multiSample=False, name='window1', numSamples=2, pos=[0.0, 0.0], screen=0, size=array([1920, 1200]), stencilBits=0, stereo=False, units='norm', useFBO=True, useRetina=False, viewOri=0.0, viewPos=None, viewScale=None, waitBlanking=True, winType='pyglet')
17.2646 	EXP 	window1: mouseVisible = True
17.2646 	EXP 	window1: mouseVisible = False
17.2646 	EXP 	window1: recordFrameIntervals = False
17.4307 	EXP 	window1: recordFrameIntervals = True
17.6143 	EXP 	window1: recordFrameIntervals = False
17.6690 	EXP 	Created text = TextStim(__class__=<class 'psychopy.visual.text.TextStim'>, alignHoriz=method-wrapper(...), alignText='center', alignVert=method-wrapper(...), anchorHoriz='center', anchorVert='center', antialias=True, autoLog=True, bold=False, color=array([1., 1., 1.]), colorSpace='rgb', contrast=1.0, depth=0.0, flipHoriz=False, flipVert=False, font='Arial', fontFiles=[], height=0.15, italic=False, languageStyle='LTR', name='text', opacity=1, ori=0, pos=array([0., 0.]), rgb=UNKNOWN, text='+', units='norm', win=Window(...), wrapWidth=1)
17.6866 	EXP 	Created text = TextStim(__class__=<class 'psychopy.visual.text.TextStim'>, alignHoriz=method-wrapper(...), alignText='center', alignVert=method-wrapper(...), anchorHoriz='center', anchorVert='center', antialias=True, autoLog=True, bold=False, color=array([1., 1., 1.]), colorSpace='rgb', contrast=1.0, depth=0.0, flipHoriz=False, flipVert=False, font='Arial', fontFiles=[], height=0.07, italic=False, languageStyle='LTR', name='text', opacity=1, ori=0, pos=array([0., 0.]), rgb=UNKNOWN, text=str(...), units='norm', win=Window(...), wrapWidth=1.65)
17.6977 	EXP 	Created text = TextStim(__class__=<class 'psychopy.visual.text.TextStim'>, alignHoriz=method-wrapper(...), alignText='center', alignVert=method-wrapper(...), anchorHoriz='center', anchorVert='center', antialias=True, autoLog=True, bold=False, color=array([1., 1., 1.]), colorSpace='rgb', contrast=1.0, depth=0.0, flipHoriz=False, flipVert=False, font='Arial', fontFiles=[], height=0.07, italic=False, languageStyle='LTR', name='text', opacity=1, ori=0, pos=array([0., 0.]), rgb=UNKNOWN, text=str(...), units='norm', win=Window(...), wrapWidth=1.65)
17.7073 	EXP 	Created text = TextStim(__class__=<class 'psychopy.visual.text.TextStim'>, alignHoriz=method-wrapper(...), alignText='center', alignVert=method-wrapper(...), anchorHoriz='center', anchorVert='center', antialias=True, autoLog=True, bold=False, color=array([1., 1., 1.]), colorSpace='rgb', contrast=1.0, depth=0.0, flipHoriz=False, flipVert=False, font='Arial', fontFiles=[], height=0.07, italic=False, languageStyle='LTR', name='text', opacity=1, ori=0, pos=array([0., 0.]), rgb=UNKNOWN, text=str(...), units='norm', win=Window(...), wrapWidth=1.65)
17.7171 	EXP 	Created text = TextStim(__class__=<class 'psychopy.visual.text.TextStim'>, alignHoriz=method-wrapper(...), alignText='center', alignVert=method-wrapper(...), anchorHoriz='center', anchorVert='center', antialias=True, autoLog=True, bold=False, color=array([1., 1., 1.]), colorSpace='rgb', contrast=1.0, depth=0.0, flipHoriz=False, flipVert=False, font='Arial', fontFiles=[], height=0.07, italic=False, languageStyle='LTR', name='text', opacity=1, ori=0, pos=array([0., 0.]), rgb=UNKNOWN, text=str(...), units='norm', win=Window(...), wrapWidth=1.65)
17.7220 	EXP 	Created text = TextStim(__class__=<class 'psychopy.visual.text.TextStim'>, alignHoriz=method-wrapper(...), alignText='center', alignVert=method-wrapper(...), anchorHoriz='center', anchorVert='center', antialias=True, autoLog=True, bold=False, color=array([1., 1., 1.]), colorSpace='rgb', contrast=1.0, depth=0.0, flipHoriz=False, flipVert=False, font='Arial', fontFiles=[], height=0.07, italic=False, languageStyle='LTR', name='text', opacity=1, ori=0, pos=array([0., 0.]), rgb=UNKNOWN, text=str(...), units='norm', win=Window(...), wrapWidth=1.65)
17.7358 	EXP 	Created text = TextStim(__class__=<class 'psychopy.visual.text.TextStim'>, alignHoriz=method-wrapper(...), alignText='center', alignVert=method-wrapper(...), anchorHoriz='center', anchorVert='center', antialias=True, autoLog=True, bold=False, color=array([1., 1., 1.]), colorSpace='rgb', contrast=1.0, depth=0.0, flipHoriz=False, flipVert=False, font='Arial', fontFiles=[], height=0.15, italic=False, languageStyle='LTR', name='text', opacity=1, ori=0, pos=array([0., 0.]), rgb=UNKNOWN, text=str(...), units='norm', win=Window(...), wrapWidth=1.65)
17.7639 	EXP 	Created text = TextStim(__class__=<class 'psychopy.visual.text.TextStim'>, alignHoriz=method-wrapper(...), alignText='center', alignVert=method-wrapper(...), anchorHoriz='center', anchorVert='center', antialias=True, autoLog=True, bold=False, color=array([1., 1., 1.]), colorSpace='rgb', contrast=1.0, depth=0.0, flipHoriz=False, flipVert=False, font='Arial', fontFiles=[], height=0.07, italic=False, languageStyle='LTR', name='text', opacity=1, ori=0, pos=array([0., 0.]), rgb=UNKNOWN, text=str(...), units='norm', win=Window(...), wrapWidth=1.65)
17.7820 	EXP 	Created text = TextStim(__class__=<class 'psychopy.visual.text.TextStim'>, alignHoriz=method-wrapper(...), alignText='center', alignVert=method-wrapper(...), anchorHoriz='center', anchorVert='center', antialias=True, autoLog=True, bold=False, color=array([1., 1., 1.]), colorSpace='rgb', contrast=1.0, depth=0.0, flipHoriz=False, flipVert=False, font='Arial', fontFiles=[], height=0.07, italic=False, languageStyle='LTR', name='text', opacity=1, ori=0, pos=array([0., 0.]), rgb=UNKNOWN, text=str(...), units='norm', win=Window(...), wrapWidth=1.65)
17.8119 	EXP 	Created text = TextStim(__class__=<class 'psychopy.visual.text.TextStim'>, alignHoriz=method-wrapper(...), alignText='center', alignVert=method-wrapper(...), anchorHoriz='center', anchorVert='center', antialias=True, autoLog=True, bold=False, color=array([1., 1., 1.]), colorSpace='rgb', contrast=1.0, depth=0.0, flipHoriz=False, flipVert=False, font='Arial', fontFiles=[], height=0.07, italic=False, languageStyle='LTR', name='text', opacity=1, ori=0, pos=array([0., 0.]), rgb=UNKNOWN, text=str(...), units='norm', win=Window(...), wrapWidth=1.65)
17.8398 	EXP 	Created text = TextStim(__class__=<class 'psychopy.visual.text.TextStim'>, alignHoriz=method-wrapper(...), alignText='center', alignVert=method-wrapper(...), anchorHoriz='center', anchorVert='center', antialias=True, autoLog=True, bold=False, color=array([1., 1., 1.]), colorSpace='rgb', contrast=1.0, depth=0.0, flipHoriz=False, flipVert=False, font='Arial', fontFiles=[], height=0.07, italic=False, languageStyle='LTR', name='text', opacity=1, ori=0, pos=array([0., 0.]), rgb=UNKNOWN, text=str(...), units='norm', win=Window(...), wrapWidth=1.65)
17.8724 	EXP 	Created text = TextStim(__class__=<class 'psychopy.visual.text.TextStim'>, alignHoriz=method-wrapper(...), alignText='center', alignVert=method-wrapper(...), anchorHoriz='center', anchorVert='center', antialias=True, autoLog=True, bold=False, color=array([1., 1., 1.]), colorSpace='rgb', contrast=1.0, depth=0.0, flipHoriz=False, flipVert=False, font='Arial', fontFiles=[], height=0.07, italic=False, languageStyle='LTR', name='text', opacity=1, ori=0, pos=array([0., 0.]), rgb=UNKNOWN, text=str(...), units='norm', win=Window(...), wrapWidth=1.65)
17.8813 	EXP 	Created text = TextStim(__class__=<class 'psychopy.visual.text.TextStim'>, alignHoriz=method-wrapper(...), alignText='center', alignVert=method-wrapper(...), anchorHoriz='center', anchorVert='center', antialias=True, autoLog=True, bold=False, color=array([1., 1., 1.]), colorSpace='rgb', contrast=1.0, depth=0.0, flipHoriz=False, flipVert=False, font='Arial', fontFiles=[], height=0.07, italic=False, languageStyle='LTR', name='text', opacity=1, ori=0, pos=array([0., 0.]), rgb=UNKNOWN, text=str(...), units='norm', win=Window(...), wrapWidth=1.65)
17.8942 	EXP 	Created text = TextStim(__class__=<class 'psychopy.visual.text.TextStim'>, alignHoriz=method-wrapper(...), alignText='center', alignVert=method-wrapper(...), anchorHoriz='center', anchorVert='center', antialias=True, autoLog=True, bold=False, color=array([1., 1., 1.]), colorSpace='rgb', contrast=1.0, depth=0.0, flipHoriz=False, flipVert=False, font='Arial', fontFiles=[], height=0.07, italic=False, languageStyle='LTR', name='text', opacity=1, ori=0, pos=array([0., 0.]), rgb=UNKNOWN, text=str(...), units='norm', win=Window(...), wrapWidth=1.65)
17.8986 	EXP 	Created instru = TextStim(__class__=<class 'psychopy.visual.text.TextStim'>, alignHoriz=method-wrapper(...), alignText='center', alignVert=method-wrapper(...), anchorHoriz='center', anchorVert='center', antialias=True, autoLog=True, bold=False, color=array([1., 1., 1.]), colorSpace='rgb', contrast=1.0, depth=0.0, flipHoriz=False, flipVert=False, font='Arial', fontFiles=[], height=0.07, italic=False, languageStyle='LTR', name='instru', opacity=1, ori=0, pos=array([0. , 0.5]), rgb=UNKNOWN, text=str(...), units='norm', win=Window(...), wrapWidth=1)
17.9012 	EXP 	Created unnamed Line = Line(__class__=<class 'psychopy.visual.line.Line'>, autoDraw=False, autoLog=True, closeShape=False, color=array([1., 1., 1.]), colorSpace='rgb', contrast=None, depth=0, fillColor=array([0, 0, 0]), fillColorSpace='rgb', fillRGB=array([0, 0, 0]), interpolate=True, lineColor=array([1., 1., 1.]), lineColorSpace='rgb', lineRGB=array([1, 1, 1]), lineWidth=5, name='unnamed Line', opacity=0.5, ori=0.0, pos=array([0., 0.]), size=array([1., 1.]), units='norm', vertices=array([[-0.5,  0. ],
       [ 0.5,  0. ]]), win=Window(...), windingRule=None)
17.9033 	EXP 	Created unnamed Line = Line(__class__=<class 'psychopy.visual.line.Line'>, autoDraw=False, autoLog=True, closeShape=False, color=array([1., 1., 1.]), colorSpace='rgb', contrast=None, depth=0, fillColor=array([0, 0, 0]), fillColorSpace='rgb', fillRGB=array([0, 0, 0]), interpolate=True, lineColor=array([1., 1., 1.]), lineColorSpace='rgb', lineRGB=array([1, 1, 1]), lineWidth=3, name='unnamed Line', opacity=0.5, ori=0.0, pos=array([0., 0.]), size=array([1., 1.]), units='norm', vertices=array([[-0.5 , -0.05],
       [-0.5 ,  0.05]]), win=Window(...), windingRule=None)
17.9053 	EXP 	Created unnamed Line = Line(__class__=<class 'psychopy.visual.line.Line'>, autoDraw=False, autoLog=True, closeShape=False, color=array([1., 1., 1.]), colorSpace='rgb', contrast=None, depth=0, fillColor=array([0, 0, 0]), fillColorSpace='rgb', fillRGB=array([0, 0, 0]), interpolate=True, lineColor=array([1., 1., 1.]), lineColorSpace='rgb', lineRGB=array([1, 1, 1]), lineWidth=3, name='unnamed Line', opacity=0.5, ori=0.0, pos=array([0., 0.]), size=array([1., 1.]), units='norm', vertices=ndarray(...), win=Window(...), windingRule=None)
17.9073 	EXP 	Created unnamed Line = Line(__class__=<class 'psychopy.visual.line.Line'>, autoDraw=False, autoLog=True, closeShape=False, color=array([1., 1., 1.]), colorSpace='rgb', contrast=None, depth=0, fillColor=array([0, 0, 0]), fillColorSpace='rgb', fillRGB=array([0, 0, 0]), interpolate=True, lineColor=array([1., 1., 1.]), lineColorSpace='rgb', lineRGB=array([1, 1, 1]), lineWidth=3, name='unnamed Line', opacity=0.5, ori=0.0, pos=array([0., 0.]), size=array([1., 1.]), units='norm', vertices=ndarray(...), win=Window(...), windingRule=None)
17.9093 	EXP 	Created unnamed Line = Line(__class__=<class 'psychopy.visual.line.Line'>, autoDraw=False, autoLog=True, closeShape=False, color=array([1., 1., 1.]), colorSpace='rgb', contrast=None, depth=0, fillColor=array([0, 0, 0]), fillColorSpace='rgb', fillRGB=array([0, 0, 0]), interpolate=True, lineColor=array([1., 1., 1.]), lineColorSpace='rgb', lineRGB=array([1, 1, 1]), lineWidth=3, name='unnamed Line', opacity=0.5, ori=0.0, pos=array([0., 0.]), size=array([1., 1.]), units='norm', vertices=array([[ 0.5 , -0.05],
       [ 0.5 ,  0.05]]), win=Window(...), windingRule=None)
17.9210 	EXP 	Created unnamed TextStim = TextStim(__class__=<class 'psychopy.visual.text.TextStim'>, alignHoriz=method-wrapper(...), alignText='center', alignVert=method-wrapper(...), anchorHoriz='center', anchorVert='center', antialias=True, autoLog=True, bold=False, color=array([1., 1., 1.]), colorSpace='rgb', contrast=1.0, depth=0, flipHoriz=False, flipVert=False, font='', fontFiles=[], height=0.05, italic=False, languageStyle='LTR', name='unnamed TextStim', opacity=1.0, ori=0.0, pos=array([-0.5, -0.1]), rgb=UNKNOWN, text='Clearly \n NOT FOCUSED', units='norm', win=Window(...), wrapWidth=1)
17.9220 	EXP 	Created unnamed TextStim = TextStim(__class__=<class 'psychopy.visual.text.TextStim'>, alignHoriz=method-wrapper(...), alignText='center', alignVert=method-wrapper(...), anchorHoriz='center', anchorVert='center', antialias=True, autoLog=True, bold=False, color=array([1., 1., 1.]), colorSpace='rgb', contrast=1.0, depth=0, flipHoriz=False, flipVert=False, font='', fontFiles=[], height=0.05, italic=False, languageStyle='LTR', name='unnamed TextStim', opacity=1.0, ori=0.0, pos=array([-0.16666667, -0.1       ]), rgb=UNKNOWN, text='', units='norm', win=Window(...), wrapWidth=1)
17.9230 	EXP 	Created unnamed TextStim = TextStim(__class__=<class 'psychopy.visual.text.TextStim'>, alignHoriz=method-wrapper(...), alignText='center', alignVert=method-wrapper(...), anchorHoriz='center', anchorVert='center', antialias=True, autoLog=True, bold=False, color=array([1., 1., 1.]), colorSpace='rgb', contrast=1.0, depth=0, flipHoriz=False, flipVert=False, font='', fontFiles=[], height=0.05, italic=False, languageStyle='LTR', name='unnamed TextStim', opacity=1.0, ori=0.0, pos=array([ 0.16666667, -0.1       ]), rgb=UNKNOWN, text='', units='norm', win=Window(...), wrapWidth=1)
17.9260 	EXP 	Created unnamed TextStim = TextStim(__class__=<class 'psychopy.visual.text.TextStim'>, alignHoriz=method-wrapper(...), alignText='center', alignVert=method-wrapper(...), anchorHoriz='center', anchorVert='center', antialias=True, autoLog=True, bold=False, color=array([1., 1., 1.]), colorSpace='rgb', contrast=1.0, depth=0, flipHoriz=False, flipVert=False, font='', fontFiles=[], height=0.05, italic=False, languageStyle='LTR', name='unnamed TextStim', opacity=1.0, ori=0.0, pos=array([ 0.5, -0.1]), rgb=UNKNOWN, text='Clearly \n FOCUSED', units='norm', win=Window(...), wrapWidth=1)
17.9277 	EXP 	Created unnamed ShapeStim = ShapeStim(__class__=<class 'psychopy.visual.shape.ShapeStim'>, autoDraw=False, autoLog=True, closeShape=True, color=method-wrapper(...), colorSpace='rgb', contrast=None, depth=0, fillColor=array([1, 1, 1]), fillColorSpace='rgb', fillRGB=array([1, 1, 1]), interpolate=True, lineColor=array([-1., -1., -1.]), lineColorSpace='rgb', lineRGB=array([-1, -1, -1]), lineWidth=1.5, name='unnamed ShapeStim', opacity=1.0, ori=0.0, pos=array([0., 0.]), size=array([1., 1.]), units='norm', vertices=ndarray(...), win=Window(...), windingRule=None)
17.9363 	EXP 	Created instru = TextStim(__class__=<class 'psychopy.visual.text.TextStim'>, alignHoriz=method-wrapper(...), alignText='center', alignVert=method-wrapper(...), anchorHoriz='center', anchorVert='center', antialias=True, autoLog=True, bold=False, color=array([1., 1., 1.]), colorSpace='rgb', contrast=1.0, depth=0.0, flipHoriz=False, flipVert=False, font='Arial', fontFiles=[], height=0.07, italic=False, languageStyle='LTR', name='instru', opacity=1, ori=0, pos=array([0. , 0.5]), rgb=UNKNOWN, text=str(...), units='norm', win=Window(...), wrapWidth=1)
17.9383 	EXP 	Created unnamed Line = Line(__class__=<class 'psychopy.visual.line.Line'>, autoDraw=False, autoLog=True, closeShape=False, color=array([1., 1., 1.]), colorSpace='rgb', contrast=None, depth=0, fillColor=array([0, 0, 0]), fillColorSpace='rgb', fillRGB=array([0, 0, 0]), interpolate=True, lineColor=array([1., 1., 1.]), lineColorSpace='rgb', lineRGB=array([1, 1, 1]), lineWidth=5, name='unnamed Line', opacity=0.5, ori=0.0, pos=array([0., 0.]), size=array([1., 1.]), units='norm', vertices=array([[-0.5,  0. ],
       [ 0.5,  0. ]]), win=Window(...), windingRule=None)
17.9404 	EXP 	Created unnamed Line = Line(__class__=<class 'psychopy.visual.line.Line'>, autoDraw=False, autoLog=True, closeShape=False, color=array([1., 1., 1.]), colorSpace='rgb', contrast=None, depth=0, fillColor=array([0, 0, 0]), fillColorSpace='rgb', fillRGB=array([0, 0, 0]), interpolate=True, lineColor=array([1., 1., 1.]), lineColorSpace='rgb', lineRGB=array([1, 1, 1]), lineWidth=3, name='unnamed Line', opacity=0.5, ori=0.0, pos=array([0., 0.]), size=array([1., 1.]), units='norm', vertices=array([[-0.5 , -0.05],
       [-0.5 ,  0.05]]), win=Window(...), windingRule=None)
17.9425 	EXP 	Created unnamed Line = Line(__class__=<class 'psychopy.visual.line.Line'>, autoDraw=False, autoLog=True, closeShape=False, color=array([1., 1., 1.]), colorSpace='rgb', contrast=None, depth=0, fillColor=array([0, 0, 0]), fillColorSpace='rgb', fillRGB=array([0, 0, 0]), interpolate=True, lineColor=array([1., 1., 1.]), lineColorSpace='rgb', lineRGB=array([1, 1, 1]), lineWidth=3, name='unnamed Line', opacity=0.5, ori=0.0, pos=array([0., 0.]), size=array([1., 1.]), units='norm', vertices=ndarray(...), win=Window(...), windingRule=None)
17.9446 	EXP 	Created unnamed Line = Line(__class__=<class 'psychopy.visual.line.Line'>, autoDraw=False, autoLog=True, closeShape=False, color=array([1., 1., 1.]), colorSpace='rgb', contrast=None, depth=0, fillColor=array([0, 0, 0]), fillColorSpace='rgb', fillRGB=array([0, 0, 0]), interpolate=True, lineColor=array([1., 1., 1.]), lineColorSpace='rgb', lineRGB=array([1, 1, 1]), lineWidth=3, name='unnamed Line', opacity=0.5, ori=0.0, pos=array([0., 0.]), size=array([1., 1.]), units='norm', vertices=ndarray(...), win=Window(...), windingRule=None)
17.9468 	EXP 	Created unnamed Line = Line(__class__=<class 'psychopy.visual.line.Line'>, autoDraw=False, autoLog=True, closeShape=False, color=array([1., 1., 1.]), colorSpace='rgb', contrast=None, depth=0, fillColor=array([0, 0, 0]), fillColorSpace='rgb', fillRGB=array([0, 0, 0]), interpolate=True, lineColor=array([1., 1., 1.]), lineColorSpace='rgb', lineRGB=array([1, 1, 1]), lineWidth=3, name='unnamed Line', opacity=0.5, ori=0.0, pos=array([0., 0.]), size=array([1., 1.]), units='norm', vertices=array([[ 0.5 , -0.05],
       [ 0.5 ,  0.05]]), win=Window(...), windingRule=None)
17.9518 	EXP 	Created unnamed TextStim = TextStim(__class__=<class 'psychopy.visual.text.TextStim'>, alignHoriz=method-wrapper(...), alignText='center', alignVert=method-wrapper(...), anchorHoriz='center', anchorVert='center', antialias=True, autoLog=True, bold=False, color=array([1., 1., 1.]), colorSpace='rgb', contrast=1.0, depth=0, flipHoriz=False, flipVert=False, font='', fontFiles=[], height=0.05, italic=False, languageStyle='LTR', name='unnamed TextStim', opacity=1.0, ori=0.0, pos=array([-0.5, -0.1]), rgb=UNKNOWN, text='Clearly \n NOTHING', units='norm', win=Window(...), wrapWidth=1)
17.9528 	EXP 	Created unnamed TextStim = TextStim(__class__=<class 'psychopy.visual.text.TextStim'>, alignHoriz=method-wrapper(...), alignText='center', alignVert=method-wrapper(...), anchorHoriz='center', anchorVert='center', antialias=True, autoLog=True, bold=False, color=array([1., 1., 1.]), colorSpace='rgb', contrast=1.0, depth=0, flipHoriz=False, flipVert=False, font='', fontFiles=[], height=0.05, italic=False, languageStyle='LTR', name='unnamed TextStim', opacity=1.0, ori=0.0, pos=array([-0.16666667, -0.1       ]), rgb=UNKNOWN, text='', units='norm', win=Window(...), wrapWidth=1)
17.9538 	EXP 	Created unnamed TextStim = TextStim(__class__=<class 'psychopy.visual.text.TextStim'>, alignHoriz=method-wrapper(...), alignText='center', alignVert=method-wrapper(...), anchorHoriz='center', anchorVert='center', antialias=True, autoLog=True, bold=False, color=array([1., 1., 1.]), colorSpace='rgb', contrast=1.0, depth=0, flipHoriz=False, flipVert=False, font='', fontFiles=[], height=0.05, italic=False, languageStyle='LTR', name='unnamed TextStim', opacity=1.0, ori=0.0, pos=array([ 0.16666667, -0.1       ]), rgb=UNKNOWN, text='', units='norm', win=Window(...), wrapWidth=1)
17.9577 	EXP 	Created unnamed TextStim = TextStim(__class__=<class 'psychopy.visual.text.TextStim'>, alignHoriz=method-wrapper(...), alignText='center', alignVert=method-wrapper(...), anchorHoriz='center', anchorVert='center', antialias=True, autoLog=True, bold=False, color=array([1., 1., 1.]), colorSpace='rgb', contrast=1.0, depth=0, flipHoriz=False, flipVert=False, font='', fontFiles=[], height=0.05, italic=False, languageStyle='LTR', name='unnamed TextStim', opacity=1.0, ori=0.0, pos=array([ 0.5, -0.1]), rgb=UNKNOWN, text='Clearly \n SOMETHING', units='norm', win=Window(...), wrapWidth=1)
17.9595 	EXP 	Created unnamed ShapeStim = ShapeStim(__class__=<class 'psychopy.visual.shape.ShapeStim'>, autoDraw=False, autoLog=True, closeShape=True, color=method-wrapper(...), colorSpace='rgb', contrast=None, depth=0, fillColor=array([1, 1, 1]), fillColorSpace='rgb', fillRGB=array([1, 1, 1]), interpolate=True, lineColor=array([-1., -1., -1.]), lineColorSpace='rgb', lineRGB=array([-1, -1, -1]), lineWidth=1.5, name='unnamed ShapeStim', opacity=1.0, ori=0.0, pos=array([0., 0.]), size=array([1., 1.]), units='norm', vertices=ndarray(...), win=Window(...), windingRule=None)
17.9663 	EXP 	Created instru = TextStim(__class__=<class 'psychopy.visual.text.TextStim'>, alignHoriz=method-wrapper(...), alignText='center', alignVert=method-wrapper(...), anchorHoriz='center', anchorVert='center', antialias=True, autoLog=True, bold=False, color=array([1., 1., 1.]), colorSpace='rgb', contrast=1.0, depth=0.0, flipHoriz=False, flipVert=False, font='Arial', fontFiles=[], height=0.07, italic=False, languageStyle='LTR', name='instru', opacity=1, ori=0, pos=array([0. , 0.5]), rgb=UNKNOWN, text=str(...), units='norm', win=Window(...), wrapWidth=1)
17.9684 	EXP 	Created unnamed Line = Line(__class__=<class 'psychopy.visual.line.Line'>, autoDraw=False, autoLog=True, closeShape=False, color=array([1., 1., 1.]), colorSpace='rgb', contrast=None, depth=0, fillColor=array([0, 0, 0]), fillColorSpace='rgb', fillRGB=array([0, 0, 0]), interpolate=True, lineColor=array([1., 1., 1.]), lineColorSpace='rgb', lineRGB=array([1, 1, 1]), lineWidth=5, name='unnamed Line', opacity=0.5, ori=0.0, pos=array([0., 0.]), size=array([1., 1.]), units='norm', vertices=array([[-0.5,  0. ],
       [ 0.5,  0. ]]), win=Window(...), windingRule=None)
17.9704 	EXP 	Created unnamed Line = Line(__class__=<class 'psychopy.visual.line.Line'>, autoDraw=False, autoLog=True, closeShape=False, color=array([1., 1., 1.]), colorSpace='rgb', contrast=None, depth=0, fillColor=array([0, 0, 0]), fillColorSpace='rgb', fillRGB=array([0, 0, 0]), interpolate=True, lineColor=array([1., 1., 1.]), lineColorSpace='rgb', lineRGB=array([1, 1, 1]), lineWidth=3, name='unnamed Line', opacity=0.5, ori=0.0, pos=array([0., 0.]), size=array([1., 1.]), units='norm', vertices=array([[-0.5 , -0.05],
       [-0.5 ,  0.05]]), win=Window(...), windingRule=None)
17.9725 	EXP 	Created unnamed Line = Line(__class__=<class 'psychopy.visual.line.Line'>, autoDraw=False, autoLog=True, closeShape=False, color=array([1., 1., 1.]), colorSpace='rgb', contrast=None, depth=0, fillColor=array([0, 0, 0]), fillColorSpace='rgb', fillRGB=array([0, 0, 0]), interpolate=True, lineColor=array([1., 1., 1.]), lineColorSpace='rgb', lineRGB=array([1, 1, 1]), lineWidth=3, name='unnamed Line', opacity=0.5, ori=0.0, pos=array([0., 0.]), size=array([1., 1.]), units='norm', vertices=ndarray(...), win=Window(...), windingRule=None)
17.9745 	EXP 	Created unnamed Line = Line(__class__=<class 'psychopy.visual.line.Line'>, autoDraw=False, autoLog=True, closeShape=False, color=array([1., 1., 1.]), colorSpace='rgb', contrast=None, depth=0, fillColor=array([0, 0, 0]), fillColorSpace='rgb', fillRGB=array([0, 0, 0]), interpolate=True, lineColor=array([1., 1., 1.]), lineColorSpace='rgb', lineRGB=array([1, 1, 1]), lineWidth=3, name='unnamed Line', opacity=0.5, ori=0.0, pos=array([0., 0.]), size=array([1., 1.]), units='norm', vertices=ndarray(...), win=Window(...), windingRule=None)
17.9765 	EXP 	Created unnamed Line = Line(__class__=<class 'psychopy.visual.line.Line'>, autoDraw=False, autoLog=True, closeShape=False, color=array([1., 1., 1.]), colorSpace='rgb', contrast=None, depth=0, fillColor=array([0, 0, 0]), fillColorSpace='rgb', fillRGB=array([0, 0, 0]), interpolate=True, lineColor=array([1., 1., 1.]), lineColorSpace='rgb', lineRGB=array([1, 1, 1]), lineWidth=3, name='unnamed Line', opacity=0.5, ori=0.0, pos=array([0., 0.]), size=array([1., 1.]), units='norm', vertices=array([[ 0.5 , -0.05],
       [ 0.5 ,  0.05]]), win=Window(...), windingRule=None)
17.9822 	EXP 	Created unnamed TextStim = TextStim(__class__=<class 'psychopy.visual.text.TextStim'>, alignHoriz=method-wrapper(...), alignText='center', alignVert=method-wrapper(...), anchorHoriz='center', anchorVert='center', antialias=True, autoLog=True, bold=False, color=array([1., 1., 1.]), colorSpace='rgb', contrast=1.0, depth=0, flipHoriz=False, flipVert=False, font='', fontFiles=[], height=0.05, italic=False, languageStyle='LTR', name='unnamed TextStim', opacity=1.0, ori=0.0, pos=array([-0.5, -0.1]), rgb=UNKNOWN, text='Clearly \n SPONTANEOUS', units='norm', win=Window(...), wrapWidth=1)
17.9833 	EXP 	Created unnamed TextStim = TextStim(__class__=<class 'psychopy.visual.text.TextStim'>, alignHoriz=method-wrapper(...), alignText='center', alignVert=method-wrapper(...), anchorHoriz='center', anchorVert='center', antialias=True, autoLog=True, bold=False, color=array([1., 1., 1.]), colorSpace='rgb', contrast=1.0, depth=0, flipHoriz=False, flipVert=False, font='', fontFiles=[], height=0.05, italic=False, languageStyle='LTR', name='unnamed TextStim', opacity=1.0, ori=0.0, pos=array([-0.16666667, -0.1       ]), rgb=UNKNOWN, text='', units='norm', win=Window(...), wrapWidth=1)
17.9847 	EXP 	Created unnamed TextStim = TextStim(__class__=<class 'psychopy.visual.text.TextStim'>, alignHoriz=method-wrapper(...), alignText='center', alignVert=method-wrapper(...), anchorHoriz='center', anchorVert='center', antialias=True, autoLog=True, bold=False, color=array([1., 1., 1.]), colorSpace='rgb', contrast=1.0, depth=0, flipHoriz=False, flipVert=False, font='', fontFiles=[], height=0.05, italic=False, languageStyle='LTR', name='unnamed TextStim', opacity=1.0, ori=0.0, pos=array([ 0.16666667, -0.1       ]), rgb=UNKNOWN, text='', units='norm', win=Window(...), wrapWidth=1)
17.9920 	EXP 	Created unnamed TextStim = TextStim(__class__=<class 'psychopy.visual.text.TextStim'>, alignHoriz=method-wrapper(...), alignText='center', alignVert=method-wrapper(...), anchorHoriz='center', anchorVert='center', antialias=True, autoLog=True, bold=False, color=array([1., 1., 1.]), colorSpace='rgb', contrast=1.0, depth=0, flipHoriz=False, flipVert=False, font='', fontFiles=[], height=0.05, italic=False, languageStyle='LTR', name='unnamed TextStim', opacity=1.0, ori=0.0, pos=array([ 0.5, -0.1]), rgb=UNKNOWN, text='Clearly \n DELIBERATE', units='norm', win=Window(...), wrapWidth=1)
17.9939 	EXP 	Created unnamed ShapeStim = ShapeStim(__class__=<class 'psychopy.visual.shape.ShapeStim'>, autoDraw=False, autoLog=True, closeShape=True, color=method-wrapper(...), colorSpace='rgb', contrast=None, depth=0, fillColor=array([1, 1, 1]), fillColorSpace='rgb', fillRGB=array([1, 1, 1]), interpolate=True, lineColor=array([-1., -1., -1.]), lineColorSpace='rgb', lineRGB=array([-1, -1, -1]), lineWidth=1.5, name='unnamed ShapeStim', opacity=1.0, ori=0.0, pos=array([0., 0.]), size=array([1., 1.]), units='norm', vertices=ndarray(...), win=Window(...), windingRule=None)
18.0440 	EXP 	Sound  set volume 1.000
18.0777 	EXP 	unnamed ShapeStim: vertices = <class 'numpy.ndarray'>
18.0777 	EXP 	unnamed ShapeStim: vertices = <class 'numpy.ndarray'>
18.0777 	EXP 	unnamed ShapeStim: vertices = <class 'numpy.ndarray'>
213.7326 	DATA 	Keypress: return
214.2425 	EXP 	Sound  started
214.8844 	DATA 	Keypress: rctrl
214.9925 	EXP 	Sound  started
215.6524 	DATA 	Keypress: rctrl
215.7425 	EXP 	Sound  started
216.3404 	DATA 	Keypress: lctrl
216.4926 	EXP 	Sound  started
217.1245 	DATA 	Keypress: rctrl
217.2426 	EXP 	Sound  started
217.8444 	DATA 	Keypress: rctrl
217.9926 	EXP 	Sound  started
218.6764 	DATA 	Keypress: rctrl
218.7426 	EXP 	Sound  started
219.3804 	DATA 	Keypress: lctrl
219.4926 	EXP 	Sound  started
220.1164 	DATA 	Keypress: rctrl
220.2426 	EXP 	Sound  started
220.9484 	DATA 	Keypress: rctrl
220.9926 	EXP 	Sound  started
221.7165 	DATA 	Keypress: rctrl
221.7427 	EXP 	Sound  started
222.4044 	DATA 	Keypress: rctrl
222.4927 	EXP 	Sound  started
223.0604 	DATA 	Keypress: rctrl
223.2427 	EXP 	Sound  started
223.7964 	DATA 	Keypress: lctrl
223.9927 	EXP 	Sound  started
224.6124 	DATA 	Keypress: rctrl
224.7427 	EXP 	Sound  started
225.3004 	DATA 	Keypress: rctrl
225.4927 	EXP 	Sound  started
226.0684 	DATA 	Keypress: lctrl
226.2427 	EXP 	Sound  started
226.9484 	DATA 	Keypress: rctrl
226.9927 	EXP 	Sound  started
227.6684 	DATA 	Keypress: rctrl
227.7428 	EXP 	Sound  started
228.4928 	EXP 	Sound  started
228.7084 	DATA 	Keypress: rctrl
229.1404 	DATA 	Keypress: rctrl
229.2428 	EXP 	Sound  started
229.8924 	DATA 	Keypress: lctrl
229.9928 	EXP 	Sound  started
230.7244 	DATA 	Keypress: rctrl
230.7428 	EXP 	Sound  started
231.4285 	DATA 	Keypress: rctrl
231.4928 	EXP 	Sound  started
232.1804 	DATA 	Keypress: lctrl
232.2428 	EXP 	Sound  started
232.8685 	DATA 	Keypress: rctrl
232.9928 	EXP 	Sound  started
233.5885 	DATA 	Keypress: lctrl
233.7429 	EXP 	Sound  started
234.3405 	DATA 	Keypress: rctrl
234.4929 	EXP 	Sound  started
235.0604 	DATA 	Keypress: rctrl
235.2429 	EXP 	Sound  started
235.7964 	DATA 	Keypress: rctrl
235.9929 	EXP 	Sound  started
236.5004 	DATA 	Keypress: rctrl
236.7429 	EXP 	Sound  started
237.2525 	DATA 	Keypress: rctrl
237.4929 	EXP 	Sound  started
237.9565 	DATA 	Keypress: rctrl
238.2429 	EXP 	Sound  started
238.7084 	DATA 	Keypress: rctrl
238.9930 	EXP 	Sound  started
239.5724 	DATA 	Keypress: rctrl
239.7430 	EXP 	Sound  started
240.4044 	DATA 	Keypress: rctrl
240.4930 	EXP 	Sound  started
241.1725 	DATA 	Keypress: rctrl
241.2430 	EXP 	Sound  started
241.9404 	DATA 	Keypress: rctrl
241.9930 	EXP 	Sound  started
242.6924 	DATA 	Keypress: lctrl
242.7430 	EXP 	Sound  started
243.4124 	DATA 	Keypress: rctrl
243.4930 	EXP 	Sound  started
244.0844 	DATA 	Keypress: lctrl
244.2431 	EXP 	Sound  started
244.8204 	DATA 	Keypress: rctrl
244.9931 	EXP 	Sound  started
245.5884 	DATA 	Keypress: rctrl
245.7431 	EXP 	Sound  started
246.2764 	DATA 	Keypress: rctrl
246.4931 	EXP 	Sound  started
247.1085 	DATA 	Keypress: lctrl
247.2431 	EXP 	Sound  started
247.9084 	DATA 	Keypress: rctrl
247.9931 	EXP 	Sound  started
248.6445 	DATA 	Keypress: rctrl
248.7432 	EXP 	Sound  started
249.2205 	DATA 	Keypress: rctrl
249.4932 	EXP 	Sound  started
250.1964 	DATA 	Keypress: rctrl
250.2432 	EXP 	Sound  started
250.9004 	DATA 	Keypress: lctrl
250.9932 	EXP 	Sound  started
251.7432 	EXP 	Sound  started
251.7965 	DATA 	Keypress: rctrl
252.4932 	EXP 	Sound  started
252.5165 	DATA 	Keypress: lctrl
253.2205 	DATA 	Keypress: rctrl
253.2432 	EXP 	Sound  started
253.9244 	DATA 	Keypress: rctrl
253.9932 	EXP 	Sound  started
254.7084 	DATA 	Keypress: lctrl
254.7433 	EXP 	Sound  started
255.4933 	EXP 	Sound  started
255.5564 	DATA 	Keypress: rctrl
256.2124 	DATA 	Keypress: lctrl
256.2433 	EXP 	Sound  started
256.9325 	DATA 	Keypress: lctrl
256.9933 	EXP 	Sound  started
257.6525 	DATA 	Keypress: lctrl
257.7433 	EXP 	Sound  started
258.4365 	DATA 	Keypress: lctrl
258.4933 	EXP 	Sound  started
259.2433 	EXP 	Sound  started
259.9933 	EXP 	Sound  started
260.6925 	DATA 	Keypress: lctrl
260.7434 	EXP 	Sound  started
261.4934 	EXP 	Sound  started
262.1645 	DATA 	Keypress: lctrl
262.2434 	EXP 	Sound  started
262.9325 	DATA 	Keypress: rctrl
262.9934 	EXP 	Sound  started
263.7005 	DATA 	Keypress: rctrl
263.7434 	EXP 	Sound  started
264.4364 	DATA 	Keypress: rctrl
264.4934 	EXP 	Sound  started
265.1725 	DATA 	Keypress: rctrl
265.2435 	EXP 	Sound  started
265.7804 	DATA 	Keypress: rctrl
265.9935 	EXP 	Sound  started
266.5484 	DATA 	Keypress: rctrl
266.7435 	EXP 	Sound  started
267.4604 	DATA 	Keypress: lctrl
267.4935 	EXP 	Sound  started
268.2435 	EXP 	Sound  started
268.2765 	DATA 	Keypress: rctrl
268.9935 	EXP 	Sound  started
269.0925 	DATA 	Keypress: rctrl
269.7435 	EXP 	Sound  started
269.7644 	DATA 	Keypress: lctrl
270.4935 	EXP 	Sound  started
270.5485 	DATA 	Keypress: rctrl
271.2436 	EXP 	Sound  started
271.3005 	DATA 	Keypress: lctrl
271.9936 	EXP 	Sound  started
272.0524 	DATA 	Keypress: rctrl
272.7436 	EXP 	Sound  started
272.8204 	DATA 	Keypress: rctrl
273.4764 	DATA 	Keypress: rctrl
273.4936 	EXP 	Sound  started
274.2436 	EXP 	Sound  started
274.2925 	DATA 	Keypress: rctrl
274.9936 	EXP 	Sound  started
275.0284 	DATA 	Keypress: rctrl
275.7164 	DATA 	Keypress: rctrl
275.7436 	EXP 	Sound  started
276.4936 	EXP 	Sound  started
276.5485 	DATA 	Keypress: lctrl
277.2437 	EXP 	Sound  started
277.2845 	DATA 	Keypress: rctrl
278.0306 	EXP 	unnamed TextStim: text = ''
278.0306 	EXP 	unnamed TextStim: text = ''
278.0369 	DATA 	Keypress: lctrl
280.1125 	DATA 	Keypress: 4
280.1290 	EXP 	unnamed ShapeStim: vertices = <class 'numpy.ndarray'>
281.6636 	EXP 	unnamed TextStim: text = ''
281.6636 	EXP 	unnamed TextStim: text = ''
281.8639 	DATA 	Keypress: 1
281.8805 	EXP 	unnamed ShapeStim: vertices = <class 'numpy.ndarray'>
283.4022 	DATA 	Keypress: 1
283.4155 	EXP 	unnamed TextStim: text = ''
283.4155 	EXP 	unnamed TextStim: text = ''
283.4489 	EXP 	unnamed ShapeStim: vertices = <class 'numpy.ndarray'>
285.7325 	EXP 	Sound  started
286.4825 	EXP 	Sound  started
287.2205 	DATA 	Keypress: lctrl
287.2325 	EXP 	Sound  started
287.8445 	DATA 	Keypress: lctrl
287.9825 	EXP 	Sound  started
288.6284 	DATA 	Keypress: rctrl
288.7326 	EXP 	Sound  started
289.4124 	DATA 	Keypress: rctrl
289.4826 	EXP 	Sound  started
290.1965 	DATA 	Keypress: rctrl
290.2326 	EXP 	Sound  started
290.9644 	DATA 	Keypress: rctrl
290.9826 	EXP 	Sound  started
291.7326 	EXP 	Sound  started
291.7645 	DATA 	Keypress: lctrl
292.3565 	DATA 	Keypress: rctrl
292.4826 	EXP 	Sound  started
293.1404 	DATA 	Keypress: lctrl
293.2326 	EXP 	Sound  started
293.9826 	EXP 	Sound  started
294.0364 	DATA 	Keypress: rctrl
294.6926 	DATA 	Keypress: rctrl
294.7327 	EXP 	Sound  started
295.3324 	DATA 	Keypress: rctrl
295.4827 	EXP 	Sound  started
296.2327 	EXP 	Sound  started
296.8844 	DATA 	Keypress: rctrl
296.9827 	EXP 	Sound  started
297.5884 	DATA 	Keypress: rctrl
297.7327 	EXP 	Sound  started
298.4044 	DATA 	Keypress: rctrl
298.4827 	EXP 	Sound  started
299.1244 	DATA 	Keypress: lctrl
299.2328 	EXP 	Sound  started
299.9404 	DATA 	Keypress: rctrl
299.9828 	EXP 	Sound  started
300.6764 	DATA 	Keypress: lctrl
300.7328 	EXP 	Sound  started
301.3485 	DATA 	Keypress: rctrl
301.4828 	EXP 	Sound  started
302.1324 	DATA 	Keypress: lctrl
302.2328 	EXP 	Sound  started
302.9004 	DATA 	Keypress: rctrl
302.9828 	EXP 	Sound  started
303.6364 	DATA 	Keypress: lctrl
303.7328 	EXP 	Sound  started
304.3724 	DATA 	Keypress: rctrl
304.4828 	EXP 	Sound  started
305.1885 	DATA 	Keypress: rctrl
305.2329 	EXP 	Sound  started
305.9085 	DATA 	Keypress: rctrl
305.9829 	EXP 	Sound  started
306.6444 	DATA 	Keypress: rctrl
306.7329 	EXP 	Sound  started
307.3965 	DATA 	Keypress: rctrl
307.4829 	EXP 	Sound  started
308.1644 	DATA 	Keypress: rctrl
308.2329 	EXP 	Sound  started
308.8524 	DATA 	Keypress: rctrl
308.9829 	EXP 	Sound  started
309.6364 	DATA 	Keypress: rctrl
309.7329 	EXP 	Sound  started
310.3725 	DATA 	Keypress: rctrl
310.4830 	EXP 	Sound  started
311.0924 	DATA 	Keypress: rctrl
311.2330 	EXP 	Sound  started
311.8764 	DATA 	Keypress: rctrl
311.9830 	EXP 	Sound  started
312.6284 	DATA 	Keypress: rctrl
312.7330 	EXP 	Sound  started
313.4284 	DATA 	Keypress: rctrl
313.4830 	EXP 	Sound  started
314.1804 	DATA 	Keypress: lctrl
314.2330 	EXP 	Sound  started
314.9005 	DATA 	Keypress: rctrl
314.9830 	EXP 	Sound  started
315.5886 	DATA 	Keypress: rctrl
315.7330 	EXP 	Sound  started
316.3884 	DATA 	Keypress: rctrl
316.4831 	EXP 	Sound  started
317.1244 	DATA 	Keypress: rctrl
317.2331 	EXP 	Sound  started
317.8924 	DATA 	Keypress: rctrl
317.9831 	EXP 	Sound  started
318.7084 	DATA 	Keypress: rctrl
318.7331 	EXP 	Sound  started
319.4444 	DATA 	Keypress: rctrl
319.4831 	EXP 	Sound  started
320.1164 	DATA 	Keypress: rctrl
320.2331 	EXP 	Sound  started
320.8204 	DATA 	Keypress: rctrl
320.9831 	EXP 	Sound  started
321.6686 	DATA 	Keypress: rctrl
321.7332 	EXP 	Sound  started
322.4525 	DATA 	Keypress: lctrl
322.4832 	EXP 	Sound  started
323.2332 	EXP 	Sound  started
323.2685 	DATA 	Keypress: lctrl
323.9244 	DATA 	Keypress: rctrl
323.9832 	EXP 	Sound  started
324.6125 	DATA 	Keypress: rctrl
324.7332 	EXP 	Sound  started
325.3804 	DATA 	Keypress: rctrl
325.4832 	EXP 	Sound  started
326.1964 	DATA 	Keypress: rctrl
326.2332 	EXP 	Sound  started
326.9165 	DATA 	Keypress: lctrl
326.9832 	EXP 	Sound  started
327.6684 	DATA 	Keypress: lctrl
327.7333 	EXP 	Sound  started
328.4833 	EXP 	Sound  started
328.4844 	DATA 	Keypress: lctrl
329.1724 	DATA 	Keypress: lctrl
329.2333 	EXP 	Sound  started
329.9244 	DATA 	Keypress: rctrl
329.9833 	EXP 	Sound  started
330.4044 	DATA 	Keypress: rctrl
330.7333 	EXP 	Sound  started
331.4833 	EXP 	Sound  started
331.9885 	DATA 	Keypress: rctrl
332.2333 	EXP 	Sound  started
332.7725 	DATA 	Keypress: rctrl
332.9834 	EXP 	Sound  started
333.5244 	DATA 	Keypress: rctrl
333.7334 	EXP 	Sound  started
334.3245 	DATA 	Keypress: rctrl
334.4834 	EXP 	Sound  started
335.0124 	DATA 	Keypress: rctrl
335.2334 	EXP 	Sound  started
335.6524 	DATA 	Keypress: rctrl
335.9834 	EXP 	Sound  started
336.5484 	DATA 	Keypress: rctrl
336.7334 	EXP 	Sound  started
337.3004 	DATA 	Keypress: rctrl
337.4834 	EXP 	Sound  started
338.0204 	DATA 	Keypress: lctrl
338.2334 	EXP 	Sound  started
338.9835 	EXP 	Sound  started
339.7335 	EXP 	Sound  started
339.8285 	DATA 	Keypress: rctrl
340.4835 	EXP 	Sound  started
340.5325 	DATA 	Keypress: rctrl
341.1564 	DATA 	Keypress: rctrl
341.2335 	EXP 	Sound  started
341.9084 	DATA 	Keypress: rctrl
341.9835 	EXP 	Sound  started
342.6764 	DATA 	Keypress: rctrl
344.7322 	DATA 	Keypress: 3
344.7487 	EXP 	unnamed ShapeStim: vertices = <class 'numpy.ndarray'>
348.7355 	DATA 	Keypress: 2
348.7519 	EXP 	unnamed ShapeStim: vertices = <class 'numpy.ndarray'>
350.2729 	DATA 	Keypress: 1
350.3199 	EXP 	unnamed ShapeStim: vertices = <class 'numpy.ndarray'>
352.6045 	EXP 	Sound  started
352.6047 	DATA 	Keypress: rctrl
353.3324 	DATA 	Keypress: rctrl
353.3544 	EXP 	Sound  started
354.1004 	DATA 	Keypress: rctrl
354.1044 	EXP 	Sound  started
354.8364 	DATA 	Keypress: rctrl
354.8545 	EXP 	Sound  started
355.5564 	DATA 	Keypress: rctrl
355.6045 	EXP 	Sound  started
356.3244 	DATA 	Keypress: rctrl
356.3545 	EXP 	Sound  started
357.0284 	DATA 	Keypress: lctrl
357.1045 	EXP 	Sound  started
357.7645 	DATA 	Keypress: lctrl
357.8545 	EXP 	Sound  started
358.5485 	DATA 	Keypress: rctrl
358.6046 	EXP 	Sound  started
359.3164 	DATA 	Keypress: rctrl
359.3546 	EXP 	Sound  started
359.9884 	DATA 	Keypress: rctrl
360.1046 	EXP 	Sound  started
360.8364 	DATA 	Keypress: rctrl
360.8546 	EXP 	Sound  started
361.6044 	DATA 	Keypress: lctrl
361.6046 	EXP 	Sound  started
362.3245 	DATA 	Keypress: rctrl
362.3546 	EXP 	Sound  started
363.1046 	EXP 	Sound  started
363.3485 	DATA 	Keypress: rctrl
363.8124 	DATA 	Keypress: rctrl
363.8547 	EXP 	Sound  started
364.5485 	DATA 	Keypress: rctrl
364.6047 	EXP 	Sound  started
365.3004 	DATA 	Keypress: rctrl
365.3547 	EXP 	Sound  started
366.0845 	DATA 	Keypress: rctrl
366.1047 	EXP 	Sound  started
366.7724 	DATA 	Keypress: rctrl
366.8547 	EXP 	Sound  started
367.5085 	DATA 	Keypress: rctrl
367.6047 	EXP 	Sound  started
368.2764 	DATA 	Keypress: rctrl
368.3547 	EXP 	Sound  started
368.9806 	DATA 	Keypress: rctrl
369.1048 	EXP 	Sound  started
369.5884 	DATA 	Keypress: rctrl
369.8548 	EXP 	Sound  started
370.6048 	EXP 	Sound  started
370.6125 	DATA 	Keypress: rctrl
371.3484 	DATA 	Keypress: rctrl
371.3548 	EXP 	Sound  started
372.0845 	DATA 	Keypress: rctrl
372.1048 	EXP 	Sound  started
372.8525 	DATA 	Keypress: rctrl
372.8548 	EXP 	Sound  started
373.5884 	DATA 	Keypress: rctrl
373.6048 	EXP 	Sound  started
374.2284 	DATA 	Keypress: rctrl
374.3548 	EXP 	Sound  started
374.8844 	DATA 	Keypress: rctrl
375.1049 	EXP 	Sound  started
375.7004 	DATA 	Keypress: lctrl
375.8549 	EXP 	Sound  started
376.5165 	DATA 	Keypress: lctrl
376.6049 	EXP 	Sound  started
377.2524 	DATA 	Keypress: rctrl
377.3549 	EXP 	Sound  started
378.0205 	DATA 	Keypress: lctrl
378.1049 	EXP 	Sound  started
378.8524 	DATA 	Keypress: rctrl
378.8549 	EXP 	Sound  started
379.5564 	DATA 	Keypress: rctrl
379.6049 	EXP 	Sound  started
380.3404 	DATA 	Keypress: rctrl
380.3549 	EXP 	Sound  started
380.9484 	DATA 	Keypress: rctrl
381.1050 	EXP 	Sound  started
381.7166 	DATA 	Keypress: rctrl
381.8550 	EXP 	Sound  started
382.6050 	EXP 	Sound  started
382.8205 	DATA 	Keypress: rctrl
383.3550 	EXP 	Sound  started
383.5724 	DATA 	Keypress: rctrl
384.0524 	DATA 	Keypress: rctrl
384.1050 	EXP 	Sound  started
384.8524 	DATA 	Keypress: rctrl
384.8550 	EXP 	Sound  started
385.5724 	DATA 	Keypress: rctrl
385.6050 	EXP 	Sound  started
386.3551 	EXP 	Sound  started
386.3564 	DATA 	Keypress: rctrl
386.9964 	DATA 	Keypress: rctrl
387.1051 	EXP 	Sound  started
387.8445 	DATA 	Keypress: rctrl
387.8551 	EXP 	Sound  started
388.5165 	DATA 	Keypress: rctrl
388.6051 	EXP 	Sound  started
389.3551 	EXP 	Sound  started
389.3644 	DATA 	Keypress: rctrl
390.0525 	DATA 	Keypress: rctrl
390.1051 	EXP 	Sound  started
390.7884 	DATA 	Keypress: rctrl
390.8551 	EXP 	Sound  started
391.5084 	DATA 	Keypress: rctrl
391.6052 	EXP 	Sound  started
392.2284 	DATA 	Keypress: rctrl
392.3552 	EXP 	Sound  started
392.9325 	DATA 	Keypress: rctrl
393.1052 	EXP 	Sound  started
393.7644 	DATA 	Keypress: rctrl
393.8552 	EXP 	Sound  started
394.5484 	DATA 	Keypress: lctrl
394.6052 	EXP 	Sound  started
395.2525 	DATA 	Keypress: lctrl
395.3552 	EXP 	Sound  started
395.9564 	DATA 	Keypress: rctrl
396.1052 	EXP 	Sound  started
396.6924 	DATA 	Keypress: lctrl
396.8552 	EXP 	Sound  started
397.4924 	DATA 	Keypress: rctrl
397.6053 	EXP 	Sound  started
398.2924 	DATA 	Keypress: lctrl
398.3553 	EXP 	Sound  started
399.1053 	EXP 	Sound  started
399.1085 	DATA 	Keypress: rctrl
399.8553 	EXP 	Sound  started
399.8924 	DATA 	Keypress: lctrl
400.6053 	EXP 	Sound  started
400.6284 	DATA 	Keypress: rctrl
401.3553 	EXP 	Sound  started
401.3644 	DATA 	Keypress: rctrl
402.1054 	EXP 	Sound  started
402.1325 	DATA 	Keypress: rctrl
402.8554 	EXP 	Sound  started
402.9005 	DATA 	Keypress: lctrl
403.5245 	DATA 	Keypress: lctrl
403.6054 	EXP 	Sound  started
404.3244 	DATA 	Keypress: lctrl
404.3554 	EXP 	Sound  started
405.0124 	DATA 	Keypress: lctrl
405.1054 	EXP 	Sound  started
405.7964 	DATA 	Keypress: lctrl
405.8554 	EXP 	Sound  started
406.6054 	EXP 	Sound  started
406.6604 	DATA 	Keypress: rctrl
407.3555 	EXP 	Sound  started
407.3644 	DATA 	Keypress: rctrl
408.1055 	EXP 	Sound  started
408.1324 	DATA 	Keypress: rctrl
408.7884 	DATA 	Keypress: rctrl
408.8555 	EXP 	Sound  started
409.5244 	DATA 	Keypress: rctrl
409.6055 	EXP 	Sound  started
410.2284 	DATA 	Keypress: rctrl
410.3555 	EXP 	Sound  started
410.9804 	DATA 	Keypress: rctrl
411.1055 	EXP 	Sound  started
411.7004 	DATA 	Keypress: rctrl
411.8556 	EXP 	Sound  started
412.5164 	DATA 	Keypress: lctrl
412.6056 	EXP 	Sound  started
413.2205 	DATA 	Keypress: rctrl
413.3556 	EXP 	Sound  started
413.9244 	DATA 	Keypress: lctrl
414.1056 	EXP 	Sound  started
414.7246 	DATA 	Keypress: rctrl
414.8556 	EXP 	Sound  started
415.4925 	DATA 	Keypress: lctrl
415.6056 	EXP 	Sound  started
416.2444 	DATA 	Keypress: rctrl
416.3556 	EXP 	Sound  started
417.0605 	DATA 	Keypress: lctrl
417.1057 	EXP 	Sound  started
417.8285 	DATA 	Keypress: rctrl
417.8557 	EXP 	Sound  started
418.5804 	DATA 	Keypress: lctrl
418.6057 	EXP 	Sound  started
419.2844 	DATA 	Keypress: rctrl
419.3557 	EXP 	Sound  started
420.0524 	DATA 	Keypress: lctrl
424.1511 	DATA 	Keypress: 4
424.1805 	EXP 	unnamed ShapeStim: vertices = <class 'numpy.ndarray'>
425.7024 	DATA 	Keypress: 1
425.7484 	EXP 	unnamed ShapeStim: vertices = <class 'numpy.ndarray'>
427.2701 	DATA 	Keypress: 1
427.3169 	EXP 	unnamed ShapeStim: vertices = <class 'numpy.ndarray'>
429.6016 	EXP 	Sound  started
429.6019 	DATA 	Keypress: rctrl
430.2444 	DATA 	Keypress: rctrl
430.3516 	EXP 	Sound  started
431.0285 	DATA 	Keypress: rctrl
431.1017 	EXP 	Sound  started
431.7644 	DATA 	Keypress: rctrl
431.8517 	EXP 	Sound  started
432.4684 	DATA 	Keypress: rctrl
432.6017 	EXP 	Sound  started
433.2044 	DATA 	Keypress: rctrl
433.3517 	EXP 	Sound  started
433.9405 	DATA 	Keypress: rctrl
434.1017 	EXP 	Sound  started
434.7404 	DATA 	Keypress: rctrl
434.8517 	EXP 	Sound  started
435.2364 	DATA 	Keypress: rctrl
435.6017 	EXP 	Sound  started
436.2764 	DATA 	Keypress: rctrl
436.3517 	EXP 	Sound  started
437.0924 	DATA 	Keypress: rctrl
437.1018 	EXP 	Sound  started
437.8284 	DATA 	Keypress: rctrl
437.8518 	EXP 	Sound  started
438.5964 	DATA 	Keypress: rctrl
438.6018 	EXP 	Sound  started
439.3164 	DATA 	Keypress: rctrl
439.3518 	EXP 	Sound  started
440.1018 	EXP 	Sound  started
440.2125 	DATA 	Keypress: rctrl
440.8205 	DATA 	Keypress: rctrl
440.8518 	EXP 	Sound  started
441.6018 	EXP 	Sound  started
441.6524 	DATA 	Keypress: lctrl
442.3519 	EXP 	Sound  started
442.4045 	DATA 	Keypress: lctrl
443.1019 	EXP 	Sound  started
443.1084 	DATA 	Keypress: lctrl
443.7004 	DATA 	Keypress: rctrl
443.8519 	EXP 	Sound  started
444.3565 	DATA 	Keypress: rctrl
444.6019 	EXP 	Sound  started
444.8525 	DATA 	Keypress: rctrl
445.3004 	DATA 	Keypress: rctrl
445.3519 	EXP 	Sound  started
445.9085 	DATA 	Keypress: rctrl
446.1019 	EXP 	Sound  started
446.8519 	EXP 	Sound  started
447.0284 	DATA 	Keypress: lctrl
447.5884 	DATA 	Keypress: rctrl
447.6020 	EXP 	Sound  started
448.2764 	DATA 	Keypress: rctrl
448.3520 	EXP 	Sound  started
448.9965 	DATA 	Keypress: rctrl
449.1020 	EXP 	Sound  started
449.7484 	DATA 	Keypress: lctrl
449.8520 	EXP 	Sound  started
450.5485 	DATA 	Keypress: rctrl
450.6020 	EXP 	Sound  started
451.2364 	DATA 	Keypress: lctrl
451.3520 	EXP 	Sound  started
452.1020 	EXP 	Sound  started
452.1964 	DATA 	Keypress: lctrl
452.8044 	DATA 	Keypress: rctrl
452.8521 	EXP 	Sound  started
453.4764 	DATA 	Keypress: lctrl
453.6021 	EXP 	Sound  started
454.2924 	DATA 	Keypress: rctrl
454.3521 	EXP 	Sound  started
455.0924 	DATA 	Keypress: lctrl
455.1021 	EXP 	Sound  started
455.7644 	DATA 	Keypress: rctrl
455.8521 	EXP 	Sound  started
456.5964 	DATA 	Keypress: lctrl
456.6021 	EXP 	Sound  started
457.3521 	EXP 	Sound  started
457.3804 	DATA 	Keypress: rctrl
458.0845 	DATA 	Keypress: lctrl
458.1022 	EXP 	Sound  started
458.8522 	EXP 	Sound  started
458.9645 	DATA 	Keypress: rctrl
459.5884 	DATA 	Keypress: lctrl
459.6022 	EXP 	Sound  started
460.2285 	DATA 	Keypress: rctrl
460.3522 	EXP 	Sound  started
461.1022 	EXP 	Sound  started
461.1084 	DATA 	Keypress: rctrl
461.7964 	DATA 	Keypress: rctrl
461.8522 	EXP 	Sound  started
462.5484 	DATA 	Keypress: rctrl
462.6023 	EXP 	Sound  started
463.3005 	DATA 	Keypress: lctrl
463.3523 	EXP 	Sound  started
464.0205 	DATA 	Keypress: rctrl
464.1023 	EXP 	Sound  started
464.6925 	DATA 	Keypress: lctrl
464.8523 	EXP 	Sound  started
465.5564 	DATA 	Keypress: rctrl
465.6023 	EXP 	Sound  started
466.2604 	DATA 	Keypress: lctrl
466.3523 	EXP 	Sound  started
467.0925 	DATA 	Keypress: rctrl
467.1023 	EXP 	Sound  started
467.7964 	DATA 	Keypress: rctrl
467.8523 	EXP 	Sound  started
468.5964 	DATA 	Keypress: rctrl
468.6024 	EXP 	Sound  started
469.2525 	DATA 	Keypress: rctrl
469.3524 	EXP 	Sound  started
470.0525 	DATA 	Keypress: rctrl
470.1024 	EXP 	Sound  started
470.7724 	DATA 	Keypress: rctrl
470.8524 	EXP 	Sound  started
471.6237 	DATA 	Keypress: rctrl
473.7713 	DATA 	Keypress: 4
473.7878 	EXP 	unnamed ShapeStim: vertices = <class 'numpy.ndarray'>
475.3088 	DATA 	Keypress: 1
475.3558 	EXP 	unnamed ShapeStim: vertices = <class 'numpy.ndarray'>
476.8774 	DATA 	Keypress: 1
476.9242 	EXP 	unnamed ShapeStim: vertices = <class 'numpy.ndarray'>
479.2092 	EXP 	Sound  started
479.4445 	DATA 	Keypress: rctrl
479.9591 	EXP 	Sound  started
480.0365 	DATA 	Keypress: rctrl
480.7091 	EXP 	Sound  started
480.7244 	DATA 	Keypress: rctrl
481.4592 	EXP 	Sound  started
482.2092 	EXP 	Sound  started
482.2285 	DATA 	Keypress: rctrl
482.9592 	EXP 	Sound  started
482.9966 	DATA 	Keypress: lctrl
483.6684 	DATA 	Keypress: rctrl
483.7092 	EXP 	Sound  started
484.4524 	DATA 	Keypress: rctrl
484.4592 	EXP 	Sound  started
485.1404 	DATA 	Keypress: rctrl
485.2092 	EXP 	Sound  started
485.4284 	DATA 	Keypress: rctrl
485.9593 	EXP 	Sound  started
486.3404 	DATA 	Keypress: rctrl
486.7093 	EXP 	Sound  started
486.8204 	DATA 	Keypress: rctrl
487.3485 	DATA 	Keypress: rctrl
487.4593 	EXP 	Sound  started
488.1965 	DATA 	Keypress: rctrl
488.2093 	EXP 	Sound  started
488.9593 	EXP 	Sound  started
488.9644 	DATA 	Keypress: rctrl
489.7005 	DATA 	Keypress: lctrl
489.7093 	EXP 	Sound  started
490.3884 	DATA 	Keypress: lctrl
490.4593 	EXP 	Sound  started
491.1405 	DATA 	Keypress: lctrl
491.2094 	EXP 	Sound  started
491.9245 	DATA 	Keypress: lctrl
491.9594 	EXP 	Sound  started
492.6764 	DATA 	Keypress: rctrl
492.7094 	EXP 	Sound  started
493.4594 	EXP 	Sound  started
493.4764 	DATA 	Keypress: rctrl
494.2094 	EXP 	Sound  started
494.2125 	DATA 	Keypress: rctrl
494.9594 	EXP 	Sound  started
494.9644 	DATA 	Keypress: rctrl
495.7095 	EXP 	Sound  started
495.7164 	DATA 	Keypress: rctrl
496.4204 	DATA 	Keypress: rctrl
496.4595 	EXP 	Sound  started
497.2095 	EXP 	Sound  started
497.2685 	DATA 	Keypress: rctrl
497.9085 	DATA 	Keypress: rctrl
497.9595 	EXP 	Sound  started
498.5804 	DATA 	Keypress: rctrl
498.7095 	EXP 	Sound  started
499.3806 	DATA 	Keypress: lctrl
499.4595 	EXP 	Sound  started
500.1004 	DATA 	Keypress: lctrl
500.2095 	EXP 	Sound  started
500.9596 	EXP 	Sound  started
500.9805 	DATA 	Keypress: rctrl
501.6685 	DATA 	Keypress: rctrl
501.7096 	EXP 	Sound  started
502.4045 	DATA 	Keypress: rctrl
502.4596 	EXP 	Sound  started
503.1565 	DATA 	Keypress: lctrl
503.2096 	EXP 	Sound  started
503.9246 	DATA 	Keypress: rctrl
503.9596 	EXP 	Sound  started
504.7086 	DATA 	Keypress: lctrl
504.7097 	EXP 	Sound  started
505.4597 	EXP 	Sound  started
505.5566 	DATA 	Keypress: rctrl
506.2097 	EXP 	Sound  started
506.3084 	DATA 	Keypress: lctrl
506.9597 	EXP 	Sound  started
506.9804 	DATA 	Keypress: rctrl
507.7004 	DATA 	Keypress: rctrl
507.7097 	EXP 	Sound  started
508.4204 	DATA 	Keypress: rctrl
508.4597 	EXP 	Sound  started
509.1725 	DATA 	Keypress: rctrl
509.2097 	EXP 	Sound  started
509.9244 	DATA 	Keypress: rctrl
509.9597 	EXP 	Sound  started
510.7097 	EXP 	Sound  started
510.7404 	DATA 	Keypress: lctrl
511.4598 	EXP 	Sound  started
511.4604 	DATA 	Keypress: rctrl
512.1484 	DATA 	Keypress: lctrl
512.2098 	EXP 	Sound  started
512.9004 	DATA 	Keypress: rctrl
512.9598 	EXP 	Sound  started
513.7098 	EXP 	Sound  started
513.7324 	DATA 	Keypress: rctrl
514.4525 	DATA 	Keypress: rctrl
514.4598 	EXP 	Sound  started
515.1725 	DATA 	Keypress: lctrl
515.2098 	EXP 	Sound  started
515.9598 	EXP 	Sound  started
516.0205 	DATA 	Keypress: lctrl
516.7098 	EXP 	Sound  started
517.4598 	EXP 	Sound  started
518.2099 	EXP 	Sound  started
518.9485 	DATA 	Keypress: lctrl
518.9599 	EXP 	Sound  started
519.7099 	EXP 	Sound  started
519.7485 	DATA 	Keypress: rctrl
520.4525 	DATA 	Keypress: lctrl
520.4599 	EXP 	Sound  started
521.2099 	EXP 	Sound  started
521.2364 	DATA 	Keypress: rctrl
521.8604 	DATA 	Keypress: rctrl
521.9599 	EXP 	Sound  started
522.6284 	DATA 	Keypress: rctrl
522.7100 	EXP 	Sound  started
523.4600 	EXP 	Sound  started
523.4925 	DATA 	Keypress: lctrl
524.2100 	EXP 	Sound  started
524.2764 	DATA 	Keypress: rctrl
524.9600 	EXP 	Sound  started
525.0124 	DATA 	Keypress: lctrl
525.7100 	EXP 	Sound  started
525.7324 	DATA 	Keypress: rctrl
526.4204 	DATA 	Keypress: lctrl
526.4600 	EXP 	Sound  started
527.2100 	EXP 	Sound  started
527.2364 	DATA 	Keypress: rctrl
527.9601 	EXP 	Sound  started
527.9885 	DATA 	Keypress: lctrl
528.6765 	DATA 	Keypress: rctrl
528.7101 	EXP 	Sound  started
529.4445 	DATA 	Keypress: lctrl
529.4601 	EXP 	Sound  started
530.1804 	DATA 	Keypress: rctrl
530.2101 	EXP 	Sound  started
530.9486 	DATA 	Keypress: lctrl
530.9601 	EXP 	Sound  started
531.6524 	DATA 	Keypress: rctrl
531.7101 	EXP 	Sound  started
532.4205 	DATA 	Keypress: lctrl
532.4601 	EXP 	Sound  started
533.2045 	DATA 	Keypress: rctrl
533.2102 	EXP 	Sound  started
533.9564 	DATA 	Keypress: lctrl
533.9602 	EXP 	Sound  started
534.7085 	DATA 	Keypress: rctrl
534.7102 	EXP 	Sound  started
535.4124 	DATA 	Keypress: lctrl
535.4602 	EXP 	Sound  started
536.2397 	DATA 	Keypress: rctrl
538.1408 	DATA 	Keypress: 4
538.1573 	EXP 	unnamed ShapeStim: vertices = <class 'numpy.ndarray'>
539.6958 	DATA 	Keypress: 1
539.7252 	EXP 	unnamed ShapeStim: vertices = <class 'numpy.ndarray'>
541.2464 	DATA 	Keypress: 1
541.2937 	EXP 	unnamed ShapeStim: vertices = <class 'numpy.ndarray'>
543.5790 	EXP 	Sound  started
543.5792 	DATA 	Keypress: rctrl
544.3290 	EXP 	Sound  started
544.3565 	DATA 	Keypress: lctrl
545.0790 	EXP 	Sound  started
545.1085 	DATA 	Keypress: rctrl
545.8284 	DATA 	Keypress: rctrl
545.8290 	EXP 	Sound  started
546.5790 	EXP 	Sound  started
546.5805 	DATA 	Keypress: lctrl
547.3291 	EXP 	Sound  started
547.3485 	DATA 	Keypress: lctrl
548.0524 	DATA 	Keypress: rctrl
548.0791 	EXP 	Sound  started
548.8044 	DATA 	Keypress: rctrl
548.8291 	EXP 	Sound  started
549.5791 	EXP 	Sound  started
549.6204 	DATA 	Keypress: lctrl
550.3291 	EXP 	Sound  started
550.3565 	DATA 	Keypress: rctrl
551.0791 	EXP 	Sound  started
551.1084 	DATA 	Keypress: lctrl
551.8124 	DATA 	Keypress: rctrl
551.8291 	EXP 	Sound  started
552.5791 	EXP 	Sound  started
552.6284 	DATA 	Keypress: rctrl
553.3165 	DATA 	Keypress: rctrl
553.3292 	EXP 	Sound  started
554.0684 	DATA 	Keypress: rctrl
554.0792 	EXP 	Sound  started
554.8205 	DATA 	Keypress: lctrl
554.8292 	EXP 	Sound  started
555.5792 	EXP 	Sound  started
555.6204 	DATA 	Keypress: rctrl
556.3292 	EXP 	Sound  started
556.3565 	DATA 	Keypress: rctrl
557.0285 	DATA 	Keypress: rctrl
557.0792 	EXP 	Sound  started
557.7005 	DATA 	Keypress: rctrl
557.8293 	EXP 	Sound  started
558.4525 	DATA 	Keypress: rctrl
558.5793 	EXP 	Sound  started
559.2045 	DATA 	Keypress: rctrl
559.3293 	EXP 	Sound  started
560.0793 	EXP 	Sound  started
560.7085 	DATA 	Keypress: rctrl
560.8293 	EXP 	Sound  started
561.5085 	DATA 	Keypress: rctrl
561.5793 	EXP 	Sound  started
562.2125 	DATA 	Keypress: rctrl
562.3293 	EXP 	Sound  started
562.9165 	DATA 	Keypress: lctrl
563.0794 	EXP 	Sound  started
563.6365 	DATA 	Keypress: rctrl
563.8294 	EXP 	Sound  started
564.4044 	DATA 	Keypress: lctrl
564.5794 	EXP 	Sound  started
564.9645 	DATA 	Keypress: lctrl
565.3294 	EXP 	Sound  started
565.8764 	DATA 	Keypress: rctrl
566.0794 	EXP 	Sound  started
566.6764 	DATA 	Keypress: lctrl
566.8294 	EXP 	Sound  started
567.3964 	DATA 	Keypress: rctrl
567.5794 	EXP 	Sound  started
568.2284 	DATA 	Keypress: lctrl
568.3294 	EXP 	Sound  started
568.9644 	DATA 	Keypress: rctrl
569.0794 	EXP 	Sound  started
569.7804 	DATA 	Keypress: lctrl
569.8295 	EXP 	Sound  started
570.5004 	DATA 	Keypress: rctrl
570.5795 	EXP 	Sound  started
571.2205 	DATA 	Keypress: rctrl
571.3295 	EXP 	Sound  started
571.9405 	DATA 	Keypress: rctrl
572.0795 	EXP 	Sound  started
572.7564 	DATA 	Keypress: rctrl
572.8295 	EXP 	Sound  started
573.3965 	DATA 	Keypress: rctrl
573.5795 	EXP 	Sound  started
574.2284 	DATA 	Keypress: rctrl
574.3295 	EXP 	Sound  started
574.9805 	DATA 	Keypress: lctrl
575.0796 	EXP 	Sound  started
575.7484 	DATA 	Keypress: rctrl
575.8296 	EXP 	Sound  started
576.4364 	DATA 	Keypress: rctrl
576.5796 	EXP 	Sound  started
577.2045 	DATA 	Keypress: rctrl
577.3296 	EXP 	Sound  started
578.0796 	EXP 	Sound  started
578.1485 	DATA 	Keypress: rctrl
578.8296 	EXP 	Sound  started
579.5796 	EXP 	Sound  started
579.8605 	DATA 	Keypress: rctrl
580.3297 	EXP 	Sound  started
581.0797 	EXP 	Sound  started
581.8297 	EXP 	Sound  started
582.5797 	EXP 	Sound  started
583.3297 	EXP 	Sound  started
583.6045 	DATA 	Keypress: rctrl
584.0797 	EXP 	Sound  started
584.0844 	DATA 	Keypress: rctrl
584.7884 	DATA 	Keypress: rctrl
584.8297 	EXP 	Sound  started
585.5797 	EXP 	Sound  started
585.5885 	DATA 	Keypress: lctrl
586.3512 	DATA 	Keypress: rctrl
588.5654 	DATA 	Keypress: 3
588.5819 	EXP 	unnamed ShapeStim: vertices = <class 'numpy.ndarray'>
590.1039 	DATA 	Keypress: 2
590.1499 	EXP 	unnamed ShapeStim: vertices = <class 'numpy.ndarray'>
591.7352 	DATA 	Keypress: 1
591.7517 	EXP 	unnamed ShapeStim: vertices = <class 'numpy.ndarray'>
594.0372 	EXP 	Sound  started
594.0373 	DATA 	Keypress: rctrl
594.5965 	DATA 	Keypress: rctrl
594.7872 	EXP 	Sound  started
595.5372 	EXP 	Sound  started
595.5565 	DATA 	Keypress: lctrl
596.2284 	DATA 	Keypress: rctrl
596.2872 	EXP 	Sound  started
596.9485 	DATA 	Keypress: lctrl
597.0372 	EXP 	Sound  started
597.6844 	DATA 	Keypress: rctrl
597.7872 	EXP 	Sound  started
598.5372 	EXP 	Sound  started
598.6285 	DATA 	Keypress: lctrl
599.2873 	EXP 	Sound  started
599.3645 	DATA 	Keypress: rctrl
600.0373 	EXP 	Sound  started
600.7084 	DATA 	Keypress: rctrl
600.7873 	EXP 	Sound  started
601.5373 	EXP 	Sound  started
602.2285 	DATA 	Keypress: rctrl
602.2873 	EXP 	Sound  started
603.0373 	EXP 	Sound  started
603.7873 	EXP 	Sound  started
604.0684 	DATA 	Keypress: rctrl
604.5374 	EXP 	Sound  started
604.5485 	DATA 	Keypress: rctrl
605.2364 	DATA 	Keypress: rctrl
605.2874 	EXP 	Sound  started
606.0204 	DATA 	Keypress: rctrl
606.0374 	EXP 	Sound  started
606.7874 	EXP 	Sound  started
607.5374 	EXP 	Sound  started
608.1645 	DATA 	Keypress: rctrl
608.2874 	EXP 	Sound  started
608.9805 	DATA 	Keypress: rctrl
609.0374 	EXP 	Sound  started
609.6844 	DATA 	Keypress: rctrl
609.7875 	EXP 	Sound  started
610.5375 	EXP 	Sound  started
611.2875 	EXP 	Sound  started
611.7965 	DATA 	Keypress: rctrl
612.0375 	EXP 	Sound  started
612.5964 	DATA 	Keypress: rctrl
612.7875 	EXP 	Sound  started
613.3644 	DATA 	Keypress: rctrl
613.5375 	EXP 	Sound  started
614.1644 	DATA 	Keypress: rctrl
614.2875 	EXP 	Sound  started
615.0284 	DATA 	Keypress: rctrl
615.0375 	EXP 	Sound  started
615.7876 	EXP 	Sound  started
616.1644 	DATA 	Keypress: rctrl
616.5376 	EXP 	Sound  started
617.0764 	DATA 	Keypress: rctrl
617.2876 	EXP 	Sound  started
617.8924 	DATA 	Keypress: rctrl
618.0376 	EXP 	Sound  started
618.6124 	DATA 	Keypress: rctrl
618.7876 	EXP 	Sound  started
619.4764 	DATA 	Keypress: lctrl
619.5376 	EXP 	Sound  started
620.1965 	DATA 	Keypress: rctrl
620.2876 	EXP 	Sound  started
620.8844 	DATA 	Keypress: lctrl
621.0377 	EXP 	Sound  started
621.7877 	EXP 	Sound  started
621.8285 	DATA 	Keypress: rctrl
622.5377 	EXP 	Sound  started
623.2877 	EXP 	Sound  started
624.0377 	EXP 	Sound  started
624.7877 	EXP 	Sound  started
625.5377 	EXP 	Sound  started
626.2877 	EXP 	Sound  started
627.0378 	EXP 	Sound  started
627.0445 	DATA 	Keypress: rctrl
627.7485 	DATA 	Keypress: rctrl
627.7878 	EXP 	Sound  started
628.4525 	DATA 	Keypress: rctrl
628.5378 	EXP 	Sound  started
629.1566 	DATA 	Keypress: rctrl
629.2878 	EXP 	Sound  started
629.9085 	DATA 	Keypress: lctrl
630.0378 	EXP 	Sound  started
630.6924 	DATA 	Keypress: rctrl
630.7878 	EXP 	Sound  started
631.5085 	DATA 	Keypress: lctrl
631.5379 	EXP 	Sound  started
632.2444 	DATA 	Keypress: rctrl
632.2879 	EXP 	Sound  started
632.8844 	DATA 	Keypress: rctrl
633.0379 	EXP 	Sound  started
633.5884 	DATA 	Keypress: rctrl
633.7879 	EXP 	Sound  started
634.4364 	DATA 	Keypress: lctrl
634.5379 	EXP 	Sound  started
635.1725 	DATA 	Keypress: rctrl
635.2879 	EXP 	Sound  started
635.9884 	DATA 	Keypress: lctrl
636.0379 	EXP 	Sound  started
636.7724 	DATA 	Keypress: rctrl
636.7880 	EXP 	Sound  started
637.5380 	EXP 	Sound  started
637.5405 	DATA 	Keypress: lctrl
638.2124 	DATA 	Keypress: rctrl
638.2880 	EXP 	Sound  started
639.0380 	EXP 	Sound  started
639.7325 	DATA 	Keypress: rctrl
639.7880 	EXP 	Sound  started
640.5380 	EXP 	Sound  started
640.5645 	DATA 	Keypress: rctrl
641.2880 	EXP 	Sound  started
641.9085 	DATA 	Keypress: rctrl
642.0381 	EXP 	Sound  started
642.2284 	DATA 	Keypress: rctrl
642.7881 	EXP 	Sound  started
642.7884 	DATA 	Keypress: rctrl
652.0213 	DATA 	Keypress: 4
652.0507 	EXP 	unnamed ShapeStim: vertices = <class 'numpy.ndarray'>
654.4232 	DATA 	Keypress: 3
654.4526 	EXP 	unnamed ShapeStim: vertices = <class 'numpy.ndarray'>
656.7424 	DATA 	Keypress: 2
656.7717 	EXP 	unnamed ShapeStim: vertices = <class 'numpy.ndarray'>
659.0559 	EXP 	Sound  started
659.0560 	DATA 	Keypress: rctrl
659.7165 	DATA 	Keypress: rctrl
659.8059 	EXP 	Sound  started
660.5004 	DATA 	Keypress: lctrl
660.5559 	EXP 	Sound  started
661.2365 	DATA 	Keypress: rctrl
661.3059 	EXP 	Sound  started
661.9245 	DATA 	Keypress: rctrl
662.0559 	EXP 	Sound  started
662.7885 	DATA 	Keypress: rctrl
662.8059 	EXP 	Sound  started
663.5084 	DATA 	Keypress: rctrl
663.5559 	EXP 	Sound  started
664.3059 	EXP 	Sound  started
664.3084 	DATA 	Keypress: rctrl
664.9804 	DATA 	Keypress: rctrl
665.0560 	EXP 	Sound  started
665.7325 	DATA 	Keypress: rctrl
665.8060 	EXP 	Sound  started
666.5560 	EXP 	Sound  started
666.6284 	DATA 	Keypress: rctrl
667.1885 	DATA 	Keypress: rctrl
667.3060 	EXP 	Sound  started
667.9725 	DATA 	Keypress: rctrl
668.0560 	EXP 	Sound  started
668.7565 	DATA 	Keypress: rctrl
668.8061 	EXP 	Sound  started
669.4765 	DATA 	Keypress: lctrl
669.5561 	EXP 	Sound  started
670.1645 	DATA 	Keypress: rctrl
670.3061 	EXP 	Sound  started
671.0124 	DATA 	Keypress: lctrl
671.0561 	EXP 	Sound  started
671.8061 	EXP 	Sound  started
671.8444 	DATA 	Keypress: rctrl
672.5484 	DATA 	Keypress: lctrl
672.5561 	EXP 	Sound  started
673.2845 	DATA 	Keypress: rctrl
673.3061 	EXP 	Sound  started
673.9564 	DATA 	Keypress: lctrl
674.0562 	EXP 	Sound  started
674.7404 	DATA 	Keypress: rctrl
674.8062 	EXP 	Sound  started
675.4924 	DATA 	Keypress: lctrl
675.5562 	EXP 	Sound  started
676.2764 	DATA 	Keypress: rctrl
676.3062 	EXP 	Sound  started
676.9166 	DATA 	Keypress: lctrl
677.0562 	EXP 	Sound  started
677.7004 	DATA 	Keypress: rctrl
677.8062 	EXP 	Sound  started
678.5484 	DATA 	Keypress: lctrl
678.5562 	EXP 	Sound  started
679.1885 	DATA 	Keypress: rctrl
679.3063 	EXP 	Sound  started
679.9884 	DATA 	Keypress: lctrl
680.0563 	EXP 	Sound  started
680.7084 	DATA 	Keypress: rctrl
680.8063 	EXP 	Sound  started
681.4124 	DATA 	Keypress: lctrl
681.5563 	EXP 	Sound  started
682.1165 	DATA 	Keypress: rctrl
682.3063 	EXP 	Sound  started
682.8844 	DATA 	Keypress: lctrl
683.0563 	EXP 	Sound  started
683.6365 	DATA 	Keypress: rctrl
683.8063 	EXP 	Sound  started
684.4684 	DATA 	Keypress: lctrl
684.5563 	EXP 	Sound  started
685.1565 	DATA 	Keypress: rctrl
685.3064 	EXP 	Sound  started
685.8605 	DATA 	Keypress: lctrl
686.0564 	EXP 	Sound  started
686.6125 	DATA 	Keypress: rctrl
686.8064 	EXP 	Sound  started
687.4924 	DATA 	Keypress: lctrl
687.5564 	EXP 	Sound  started
688.2924 	DATA 	Keypress: rctrl
688.3064 	EXP 	Sound  started
689.0124 	DATA 	Keypress: lctrl
689.0564 	EXP 	Sound  started
689.7964 	DATA 	Keypress: rctrl
689.8064 	EXP 	Sound  started
690.4684 	DATA 	Keypress: rctrl
690.5565 	EXP 	Sound  started
691.2524 	DATA 	Keypress: rctrl
691.3065 	EXP 	Sound  started
691.9885 	DATA 	Keypress: rctrl
692.0565 	EXP 	Sound  started
692.7404 	DATA 	Keypress: rctrl
692.8065 	EXP 	Sound  started
693.5085 	DATA 	Keypress: lctrl
693.5565 	EXP 	Sound  started
694.2124 	DATA 	Keypress: rctrl
694.3065 	EXP 	Sound  started
694.9644 	DATA 	Keypress: lctrl
695.0565 	EXP 	Sound  started
695.6684 	DATA 	Keypress: rctrl
695.8065 	EXP 	Sound  started
696.4684 	DATA 	Keypress: rctrl
696.5566 	EXP 	Sound  started
697.2845 	DATA 	Keypress: rctrl
697.3066 	EXP 	Sound  started
698.5561 	DATA 	Keypress: rctrl
702.4755 	DATA 	Keypress: 2
702.4920 	EXP 	unnamed ShapeStim: vertices = <class 'numpy.ndarray'>
706.1452 	DATA 	Keypress: 3
706.1617 	EXP 	unnamed ShapeStim: vertices = <class 'numpy.ndarray'>
707.6824 	DATA 	Keypress: 1
707.7297 	EXP 	unnamed ShapeStim: vertices = <class 'numpy.ndarray'>
710.0139 	EXP 	Sound  started
710.0141 	DATA 	Keypress: rctrl
710.7085 	DATA 	Keypress: rctrl
710.7639 	EXP 	Sound  started
711.5085 	DATA 	Keypress: lctrl
711.5139 	EXP 	Sound  started
712.2605 	DATA 	Keypress: rctrl
712.2640 	EXP 	Sound  started
713.0140 	EXP 	Sound  started
713.0285 	DATA 	Keypress: lctrl
713.7640 	EXP 	Sound  started
713.7804 	DATA 	Keypress: lctrl
714.5140 	EXP 	Sound  started
714.6445 	DATA 	Keypress: lctrl
715.2640 	EXP 	Sound  started
715.3164 	DATA 	Keypress: lctrl
716.0140 	EXP 	Sound  started
716.0685 	DATA 	Keypress: lctrl
716.7640 	EXP 	Sound  started
716.7724 	DATA 	Keypress: lctrl
717.4605 	DATA 	Keypress: lctrl
717.5140 	EXP 	Sound  started
718.2285 	DATA 	Keypress: lctrl
718.2641 	EXP 	Sound  started
718.9485 	DATA 	Keypress: lctrl
719.0141 	EXP 	Sound  started
719.7641 	EXP 	Sound  started
719.7644 	DATA 	Keypress: rctrl
720.4204 	DATA 	Keypress: rctrl
720.5141 	EXP 	Sound  started
721.2204 	DATA 	Keypress: rctrl
721.2641 	EXP 	Sound  started
721.9564 	DATA 	Keypress: rctrl
722.0141 	EXP 	Sound  started
722.7404 	DATA 	Keypress: rctrl
722.7641 	EXP 	Sound  started
723.4765 	DATA 	Keypress: rctrl
723.5142 	EXP 	Sound  started
724.2284 	DATA 	Keypress: rctrl
724.2642 	EXP 	Sound  started
724.9804 	DATA 	Keypress: rctrl
725.0142 	EXP 	Sound  started
725.7005 	DATA 	Keypress: rctrl
725.7642 	EXP 	Sound  started
726.3885 	DATA 	Keypress: rctrl
726.5142 	EXP 	Sound  started
727.2642 	EXP 	Sound  started
727.3165 	DATA 	Keypress: rctrl
728.0142 	EXP 	Sound  started
728.0684 	DATA 	Keypress: rctrl
728.7405 	DATA 	Keypress: rctrl
728.7643 	EXP 	Sound  started
729.4124 	DATA 	Keypress: rctrl
729.5143 	EXP 	Sound  started
730.1164 	DATA 	Keypress: rctrl
730.2643 	EXP 	Sound  started
730.9165 	DATA 	Keypress: rctrl
731.0143 	EXP 	Sound  started
731.5564 	DATA 	Keypress: rctrl
731.7643 	EXP 	Sound  started
732.3565 	DATA 	Keypress: rctrl
732.5143 	EXP 	Sound  started
733.0924 	DATA 	Keypress: lctrl
733.2643 	EXP 	Sound  started
733.9884 	DATA 	Keypress: lctrl
734.0144 	EXP 	Sound  started
734.7565 	DATA 	Keypress: lctrl
734.7644 	EXP 	Sound  started
735.4924 	DATA 	Keypress: lctrl
735.5144 	EXP 	Sound  started
736.1805 	DATA 	Keypress: lctrl
736.2644 	EXP 	Sound  started
736.8524 	DATA 	Keypress: lctrl
737.0144 	EXP 	Sound  started
737.6044 	DATA 	Keypress: lctrl
737.7644 	EXP 	Sound  started
738.3884 	DATA 	Keypress: lshift
738.5144 	EXP 	Sound  started
739.1564 	DATA 	Keypress: rctrl
739.2645 	EXP 	Sound  started
739.9085 	DATA 	Keypress: lctrl
740.0145 	EXP 	Sound  started
740.7085 	DATA 	Keypress: rctrl
740.7645 	EXP 	Sound  started
741.4925 	DATA 	Keypress: lctrl
741.5145 	EXP 	Sound  started
742.2125 	DATA 	Keypress: rctrl
742.2645 	EXP 	Sound  started
742.9964 	DATA 	Keypress: lctrl
743.0145 	EXP 	Sound  started
743.7324 	DATA 	Keypress: rctrl
743.7646 	EXP 	Sound  started
744.5146 	EXP 	Sound  started
744.5164 	DATA 	Keypress: lctrl
745.1724 	DATA 	Keypress: rctrl
745.2646 	EXP 	Sound  started
745.9404 	DATA 	Keypress: rctrl
746.0146 	EXP 	Sound  started
746.6124 	DATA 	Keypress: rctrl
746.7646 	EXP 	Sound  started
747.4444 	DATA 	Keypress: rctrl
747.5146 	EXP 	Sound  started
748.1644 	DATA 	Keypress: rctrl
748.2646 	EXP 	Sound  started
748.9164 	DATA 	Keypress: rctrl
749.0146 	EXP 	Sound  started
749.6684 	DATA 	Keypress: lctrl
749.7647 	EXP 	Sound  started
750.3404 	DATA 	Keypress: rctrl
750.5147 	EXP 	Sound  started
751.1564 	DATA 	Keypress: lctrl
751.2647 	EXP 	Sound  started
751.8604 	DATA 	Keypress: rctrl
752.0147 	EXP 	Sound  started
752.5965 	DATA 	Keypress: rctrl
752.7647 	EXP 	Sound  started
753.3964 	DATA 	Keypress: rctrl
753.5147 	EXP 	Sound  started
754.1644 	DATA 	Keypress: lctrl
754.2647 	EXP 	Sound  started
754.9004 	DATA 	Keypress: rctrl
755.0147 	EXP 	Sound  started
755.6684 	DATA 	Keypress: lctrl
755.7648 	EXP 	Sound  started
756.3884 	DATA 	Keypress: rctrl
756.5148 	EXP 	Sound  started
757.1565 	DATA 	Keypress: lctrl
757.2648 	EXP 	Sound  started
757.9564 	DATA 	Keypress: rctrl
758.0148 	EXP 	Sound  started
758.7244 	DATA 	Keypress: lctrl
758.7648 	EXP 	Sound  started
759.4284 	DATA 	Keypress: lctrl
759.5148 	EXP 	Sound  started
760.2124 	DATA 	Keypress: rctrl
760.2648 	EXP 	Sound  started
760.9645 	DATA 	Keypress: rctrl
761.0148 	EXP 	Sound  started
761.7644 	DATA 	Keypress: rctrl
761.7649 	EXP 	Sound  started
762.4685 	DATA 	Keypress: rctrl
762.5149 	EXP 	Sound  started
763.1884 	DATA 	Keypress: rctrl
763.2649 	EXP 	Sound  started
763.8764 	DATA 	Keypress: rctrl
764.0149 	EXP 	Sound  started
764.6604 	DATA 	Keypress: rctrl
764.7649 	EXP 	Sound  started
765.4445 	DATA 	Keypress: rctrl
765.5149 	EXP 	Sound  started
766.2444 	DATA 	Keypress: rctrl
766.2649 	EXP 	Sound  started
766.9964 	DATA 	Keypress: rctrl
767.0150 	EXP 	Sound  started
767.7164 	DATA 	Keypress: lctrl
767.7650 	EXP 	Sound  started
768.4684 	DATA 	Keypress: rctrl
768.5150 	EXP 	Sound  started
769.1564 	DATA 	Keypress: rctrl
769.2650 	EXP 	Sound  started
769.9885 	DATA 	Keypress: lctrl
770.0150 	EXP 	Sound  started
770.7650 	EXP 	Sound  started
770.7884 	DATA 	Keypress: lctrl
771.4924 	DATA 	Keypress: lctrl
771.5151 	EXP 	Sound  started
772.1485 	DATA 	Keypress: lctrl
772.2651 	EXP 	Sound  started
773.0151 	EXP 	Sound  started
773.1404 	DATA 	Keypress: lctrl
773.7484 	DATA 	Keypress: lctrl
773.7651 	EXP 	Sound  started
774.3564 	DATA 	Keypress: lctrl
774.9521 	DATA 	Keypress: lctrl
777.0700 	DATA 	Keypress: 2
777.0865 	EXP 	unnamed ShapeStim: vertices = <class 'numpy.ndarray'>
779.1254 	DATA 	Keypress: 3
779.1549 	EXP 	unnamed ShapeStim: vertices = <class 'numpy.ndarray'>
780.6759 	DATA 	Keypress: 1
780.7234 	EXP 	unnamed ShapeStim: vertices = <class 'numpy.ndarray'>
783.0089 	EXP 	Sound  started
783.2685 	DATA 	Keypress: rctrl
783.7324 	DATA 	Keypress: rctrl
783.7589 	EXP 	Sound  started
784.4684 	DATA 	Keypress: lctrl
784.5089 	EXP 	Sound  started
785.1724 	DATA 	Keypress: rctrl
785.2589 	EXP 	Sound  started
786.0044 	DATA 	Keypress: lctrl
786.0089 	EXP 	Sound  started
786.7085 	DATA 	Keypress: rctrl
786.7589 	EXP 	Sound  started
787.3965 	DATA 	Keypress: lctrl
787.5090 	EXP 	Sound  started
788.2590 	EXP 	Sound  started
788.2605 	DATA 	Keypress: rctrl
788.9804 	DATA 	Keypress: lctrl
789.0090 	EXP 	Sound  started
789.7590 	EXP 	Sound  started
789.7644 	DATA 	Keypress: lctrl
790.3885 	DATA 	Keypress: lctrl
790.5090 	EXP 	Sound  started
791.1724 	DATA 	Keypress: lctrl
791.2590 	EXP 	Sound  started
791.9725 	DATA 	Keypress: lctrl
792.0091 	EXP 	Sound  started
792.7591 	EXP 	Sound  started
792.7724 	DATA 	Keypress: lctrl
793.5091 	EXP 	Sound  started
793.5884 	DATA 	Keypress: lctrl
794.2591 	EXP 	Sound  started
794.2605 	DATA 	Keypress: lctrl
794.9965 	DATA 	Keypress: lctrl
795.0091 	EXP 	Sound  started
795.7484 	DATA 	Keypress: lctrl
795.7591 	EXP 	Sound  started
796.5092 	EXP 	Sound  started
796.5164 	DATA 	Keypress: rctrl
797.2592 	EXP 	Sound  started
797.3004 	DATA 	Keypress: rctrl
797.9565 	DATA 	Keypress: lctrl
798.0092 	EXP 	Sound  started
798.7592 	EXP 	Sound  started
798.7724 	DATA 	Keypress: rctrl
799.5092 	EXP 	Sound  started
799.5244 	DATA 	Keypress: rctrl
800.1804 	DATA 	Keypress: rctrl
800.2592 	EXP 	Sound  started
800.9165 	DATA 	Keypress: rctrl
801.0093 	EXP 	Sound  started
801.6364 	DATA 	Keypress: rctrl
801.7593 	EXP 	Sound  started
802.4685 	DATA 	Keypress: rctrl
802.5093 	EXP 	Sound  started
803.1724 	DATA 	Keypress: rctrl
803.2593 	EXP 	Sound  started
803.9564 	DATA 	Keypress: lctrl
804.0093 	EXP 	Sound  started
804.7565 	DATA 	Keypress: rctrl
804.7593 	EXP 	Sound  started
805.3805 	DATA 	Keypress: lctrl
805.5093 	EXP 	Sound  started
806.1485 	DATA 	Keypress: rctrl
806.2594 	EXP 	Sound  started
806.9644 	DATA 	Keypress: rctrl
807.0093 	EXP 	Sound  started
807.6365 	DATA 	Keypress: rctrl
807.7594 	EXP 	Sound  started
808.4364 	DATA 	Keypress: rctrl
808.5094 	EXP 	Sound  started
809.2045 	DATA 	Keypress: rctrl
809.2594 	EXP 	Sound  started
809.8764 	DATA 	Keypress: rctrl
810.0094 	EXP 	Sound  started
810.7084 	DATA 	Keypress: rctrl
810.7594 	EXP 	Sound  started
811.3324 	DATA 	Keypress: rctrl
811.5094 	EXP 	Sound  started
812.0844 	DATA 	Keypress: rctrl
812.2594 	EXP 	Sound  started
812.8685 	DATA 	Keypress: rctrl
813.0094 	EXP 	Sound  started
813.6045 	DATA 	Keypress: rctrl
813.7595 	EXP 	Sound  started
814.3884 	DATA 	Keypress: lctrl
814.5095 	EXP 	Sound  started
815.1564 	DATA 	Keypress: rctrl
815.2595 	EXP 	Sound  started
815.9084 	DATA 	Keypress: rctrl
816.0095 	EXP 	Sound  started
816.6444 	DATA 	Keypress: rctrl
816.7595 	EXP 	Sound  started
817.4124 	DATA 	Keypress: rctrl
817.5095 	EXP 	Sound  started
818.1804 	DATA 	Keypress: rctrl
818.2595 	EXP 	Sound  started
818.9004 	DATA 	Keypress: rctrl
819.0096 	EXP 	Sound  started
819.6205 	DATA 	Keypress: rctrl
819.7596 	EXP 	Sound  started
820.3084 	DATA 	Keypress: rctrl
820.5096 	EXP 	Sound  started
821.1244 	DATA 	Keypress: rctrl
821.2596 	EXP 	Sound  started
821.8444 	DATA 	Keypress: rctrl
822.0096 	EXP 	Sound  started
822.6444 	DATA 	Keypress: rctrl
822.7596 	EXP 	Sound  started
823.4764 	DATA 	Keypress: lctrl
823.5096 	EXP 	Sound  started
824.2597 	EXP 	Sound  started
824.2765 	DATA 	Keypress: rctrl
824.9644 	DATA 	Keypress: rctrl
825.0097 	EXP 	Sound  started
825.6045 	DATA 	Keypress: rctrl
825.7597 	EXP 	Sound  started
826.4204 	DATA 	Keypress: rctrl
826.5097 	EXP 	Sound  started
827.0604 	DATA 	Keypress: rctrl
827.2597 	EXP 	Sound  started
827.9404 	DATA 	Keypress: rctrl
828.0097 	EXP 	Sound  started
828.6124 	DATA 	Keypress: rctrl
828.7597 	EXP 	Sound  started
829.3646 	DATA 	Keypress: lctrl
829.5097 	EXP 	Sound  started
830.1485 	DATA 	Keypress: rctrl
830.2598 	EXP 	Sound  started
830.9484 	DATA 	Keypress: lctrl
831.0098 	EXP 	Sound  started
831.7004 	DATA 	Keypress: rctrl
831.7598 	EXP 	Sound  started
832.4044 	DATA 	Keypress: rctrl
834.8212 	DATA 	Keypress: 3
834.8505 	EXP 	unnamed ShapeStim: vertices = <class 'numpy.ndarray'>
836.3721 	DATA 	Keypress: 1
836.4185 	EXP 	unnamed ShapeStim: vertices = <class 'numpy.ndarray'>
837.9397 	DATA 	Keypress: 1
837.9869 	EXP 	unnamed ShapeStim: vertices = <class 'numpy.ndarray'>
840.2725 	EXP 	Sound  started
840.2727 	DATA 	Keypress: rctrl
840.9644 	DATA 	Keypress: rctrl
841.0225 	EXP 	Sound  started
841.7484 	DATA 	Keypress: rctrl
841.7725 	EXP 	Sound  started
842.4364 	DATA 	Keypress: lctrl
842.5225 	EXP 	Sound  started
843.2524 	DATA 	Keypress: rctrl
843.2725 	EXP 	Sound  started
843.9244 	DATA 	Keypress: lctrl
844.0225 	EXP 	Sound  started
844.7565 	DATA 	Keypress: rctrl
844.7725 	EXP 	Sound  started
845.5225 	EXP 	Sound  started
845.5564 	DATA 	Keypress: lctrl
846.2726 	EXP 	Sound  started
846.3404 	DATA 	Keypress: rctrl
847.0226 	EXP 	Sound  started
847.0764 	DATA 	Keypress: lctrl
847.7726 	EXP 	Sound  started
847.8764 	DATA 	Keypress: rctrl
848.5226 	EXP 	Sound  started
848.5484 	DATA 	Keypress: lctrl
849.2684 	DATA 	Keypress: rctrl
849.2726 	EXP 	Sound  started
849.9885 	DATA 	Keypress: lctrl
850.0226 	EXP 	Sound  started
850.7726 	EXP 	Sound  started
850.8044 	DATA 	Keypress: rctrl
851.5085 	DATA 	Keypress: lctrl
851.5227 	EXP 	Sound  started
852.2727 	EXP 	Sound  started
852.3405 	DATA 	Keypress: rctrl
852.9804 	DATA 	Keypress: lctrl
853.0227 	EXP 	Sound  started
853.7727 	EXP 	Sound  started
853.7804 	DATA 	Keypress: rctrl
854.4525 	DATA 	Keypress: lctrl
854.5227 	EXP 	Sound  started
855.2727 	EXP 	Sound  started
855.3005 	DATA 	Keypress: rctrl
856.0044 	DATA 	Keypress: lctrl
856.0227 	EXP 	Sound  started
856.7728 	EXP 	Sound  started
856.8045 	DATA 	Keypress: rctrl
857.5228 	EXP 	Sound  started
857.5244 	DATA 	Keypress: lctrl
858.2728 	EXP 	Sound  started
858.3565 	DATA 	Keypress: rctrl
859.0125 	DATA 	Keypress: lctrl
859.0228 	EXP 	Sound  started
859.7728 	EXP 	Sound  started
859.8605 	DATA 	Keypress: rctrl
860.5004 	DATA 	Keypress: lctrl
860.5228 	EXP 	Sound  started
861.2365 	DATA 	Keypress: rctrl
861.2728 	EXP 	Sound  started
862.0205 	DATA 	Keypress: lctrl
862.0229 	EXP 	Sound  started
862.7729 	EXP 	Sound  started
863.4605 	DATA 	Keypress: rctrl
863.5229 	EXP 	Sound  started
864.2604 	DATA 	Keypress: rctrl
864.2729 	EXP 	Sound  started
865.0229 	EXP 	Sound  started
865.0445 	DATA 	Keypress: rctrl
865.7729 	EXP 	Sound  started
865.8445 	DATA 	Keypress: rctrl
866.5229 	EXP 	Sound  started
866.5645 	DATA 	Keypress: rctrl
867.2729 	EXP 	Sound  started
867.3325 	DATA 	Keypress: rctrl
868.0229 	EXP 	Sound  started
868.1324 	DATA 	Keypress: rctrl
868.7730 	EXP 	Sound  started
868.8525 	DATA 	Keypress: rctrl
869.5230 	EXP 	Sound  started
869.5565 	DATA 	Keypress: rctrl
870.1805 	DATA 	Keypress: rctrl
870.2730 	EXP 	Sound  started
870.8045 	DATA 	Keypress: rctrl
871.0230 	EXP 	Sound  started
871.6684 	DATA 	Keypress: rctrl
871.7730 	EXP 	Sound  started
872.5164 	DATA 	Keypress: rctrl
872.5230 	EXP 	Sound  started
873.1245 	DATA 	Keypress: rctrl
873.2731 	EXP 	Sound  started
873.6844 	DATA 	Keypress: rctrl
874.0231 	EXP 	Sound  started
874.1964 	DATA 	Keypress: rctrl
874.6124 	DATA 	Keypress: rctrl
874.7731 	EXP 	Sound  started
875.5231 	EXP 	Sound  started
876.2731 	EXP 	Sound  started
876.8844 	DATA 	Keypress: rctrl
877.0231 	EXP 	Sound  started
877.6204 	DATA 	Keypress: rctrl
877.7731 	EXP 	Sound  started
878.3724 	DATA 	Keypress: lctrl
878.5231 	EXP 	Sound  started
879.2364 	DATA 	Keypress: lctrl
879.2732 	EXP 	Sound  started
879.9725 	DATA 	Keypress: rctrl
880.0232 	EXP 	Sound  started
880.6764 	DATA 	Keypress: lctrl
880.7732 	EXP 	Sound  started
881.3644 	DATA 	Keypress: rctrl
881.5232 	EXP 	Sound  started
882.1804 	DATA 	Keypress: rctrl
882.2732 	EXP 	Sound  started
882.9485 	DATA 	Keypress: rctrl
883.0232 	EXP 	Sound  started
883.6524 	DATA 	Keypress: rctrl
883.7732 	EXP 	Sound  started
884.4364 	DATA 	Keypress: rctrl
884.5233 	EXP 	Sound  started
885.1725 	DATA 	Keypress: rctrl
885.2733 	EXP 	Sound  started
885.9244 	DATA 	Keypress: rctrl
886.0233 	EXP 	Sound  started
886.6925 	DATA 	Keypress: rctrl
886.7733 	EXP 	Sound  started
887.4765 	DATA 	Keypress: rctrl
887.5233 	EXP 	Sound  started
888.2733 	EXP 	Sound  started
888.2765 	DATA 	Keypress: lctrl
888.9324 	DATA 	Keypress: lctrl
889.0233 	EXP 	Sound  started
889.7645 	DATA 	Keypress: rctrl
889.7734 	EXP 	Sound  started
890.4846 	DATA 	Keypress: rctrl
890.5234 	EXP 	Sound  started
891.2364 	DATA 	Keypress: lctrl
891.2734 	EXP 	Sound  started
891.9884 	DATA 	Keypress: lctrl
892.0234 	EXP 	Sound  started
892.7564 	DATA 	Keypress: rctrl
892.7734 	EXP 	Sound  started
893.5234 	EXP 	Sound  started
893.5405 	DATA 	Keypress: rctrl
894.2734 	EXP 	Sound  started
894.3084 	DATA 	Keypress: lctrl
895.0235 	EXP 	Sound  started
895.0605 	DATA 	Keypress: rctrl
895.7644 	DATA 	Keypress: lctrl
895.7735 	EXP 	Sound  started
896.5235 	EXP 	Sound  started
896.5485 	DATA 	Keypress: rctrl
897.2735 	EXP 	Sound  started
897.3325 	DATA 	Keypress: lctrl
898.0235 	EXP 	Sound  started
898.0525 	DATA 	Keypress: lctrl
898.7736 	EXP 	Sound  started
898.8845 	DATA 	Keypress: rctrl
899.5580 	DATA 	Keypress: rctrl
903.2403 	DATA 	Keypress: 2
903.2567 	EXP 	unnamed ShapeStim: vertices = <class 'numpy.ndarray'>
907.5771 	DATA 	Keypress: 3
907.5936 	EXP 	unnamed ShapeStim: vertices = <class 'numpy.ndarray'>
910.4961 	DATA 	Keypress: 1
910.5126 	EXP 	unnamed ShapeStim: vertices = <class 'numpy.ndarray'>
912.7993 	DATA 	Keypress: rctrl
1063.6046 	DATA 	Keypress: return
1063.6788 	EXP 	window1: mouseVisible = True
