20.6216 	WARNING 	User requested fullscreen with size [1024  768], but screen is actually [1920, 1200]. Using actual size
21.4557 	EXP 	Created window1 = Window(allowGUI=False, allowStencil=False, autoLog=True, backendConf=UNKNOWN, bitsMode=UNKNOWN, blendMode='avg', bpc=(8, 8, 8), color=array([0, 0, 0]), colorSpace='rgb', depthBits=8, fullscr=<method-wrapper '__getattribute__' of attributeSetter object at 0x000002E204806780>, gamma=None, gammaErrorPolicy='raise', lms=UNKNOWN, monitor=<psychopy.monitors.calibTools.Monitor object at 0x000002E205794080>, multiSample=False, name='window1', numSamples=2, pos=[0.0, 0.0], screen=0, size=array([1920, 1200]), stencilBits=0, stereo=False, units='norm', useFBO=True, useRetina=False, viewOri=0.0, viewPos=None, viewScale=None, waitBlanking=True, winType='pyglet')
21.4560 	EXP 	window1: mouseVisible = True
21.4561 	EXP 	window1: mouseVisible = False
21.4561 	EXP 	window1: recordFrameIntervals = False
21.6222 	EXP 	window1: recordFrameIntervals = True
21.8058 	EXP 	window1: recordFrameIntervals = False
21.8613 	EXP 	Created text = TextStim(__class__=<class 'psychopy.visual.text.TextStim'>, alignHoriz=method-wrapper(...), alignText='center', alignVert=method-wrapper(...), anchorHoriz='center', anchorVert='center', antialias=True, autoLog=True, bold=False, color=array([1., 1., 1.]), colorSpace='rgb', contrast=1.0, depth=0.0, flipHoriz=False, flipVert=False, font='Arial', fontFiles=[], height=0.15, italic=False, languageStyle='LTR', name='text', opacity=1, ori=0, pos=array([0., 0.]), rgb=UNKNOWN, text='+', units='norm', win=Window(...), wrapWidth=1)
21.8827 	EXP 	Created text = TextStim(__class__=<class 'psychopy.visual.text.TextStim'>, alignHoriz=method-wrapper(...), alignText='center', alignVert=method-wrapper(...), anchorHoriz='center', anchorVert='center', antialias=True, autoLog=True, bold=False, color=array([1., 1., 1.]), colorSpace='rgb', contrast=1.0, depth=0.0, flipHoriz=False, flipVert=False, font='Arial', fontFiles=[], height=0.07, italic=False, languageStyle='LTR', name='text', opacity=1, ori=0, pos=array([0., 0.]), rgb=UNKNOWN, text=str(...), units='norm', win=Window(...), wrapWidth=1.65)
21.8950 	EXP 	Created text = TextStim(__class__=<class 'psychopy.visual.text.TextStim'>, alignHoriz=method-wrapper(...), alignText='center', alignVert=method-wrapper(...), anchorHoriz='center', anchorVert='center', antialias=True, autoLog=True, bold=False, color=array([1., 1., 1.]), colorSpace='rgb', contrast=1.0, depth=0.0, flipHoriz=False, flipVert=False, font='Arial', fontFiles=[], height=0.07, italic=False, languageStyle='LTR', name='text', opacity=1, ori=0, pos=array([0., 0.]), rgb=UNKNOWN, text=str(...), units='norm', win=Window(...), wrapWidth=1.65)
21.9051 	EXP 	Created text = TextStim(__class__=<class 'psychopy.visual.text.TextStim'>, alignHoriz=method-wrapper(...), alignText='center', alignVert=method-wrapper(...), anchorHoriz='center', anchorVert='center', antialias=True, autoLog=True, bold=False, color=array([1., 1., 1.]), colorSpace='rgb', contrast=1.0, depth=0.0, flipHoriz=False, flipVert=False, font='Arial', fontFiles=[], height=0.07, italic=False, languageStyle='LTR', name='text', opacity=1, ori=0, pos=array([0., 0.]), rgb=UNKNOWN, text=str(...), units='norm', win=Window(...), wrapWidth=1.65)
21.9146 	EXP 	Created text = TextStim(__class__=<class 'psychopy.visual.text.TextStim'>, alignHoriz=method-wrapper(...), alignText='center', alignVert=method-wrapper(...), anchorHoriz='center', anchorVert='center', antialias=True, autoLog=True, bold=False, color=array([1., 1., 1.]), colorSpace='rgb', contrast=1.0, depth=0.0, flipHoriz=False, flipVert=False, font='Arial', fontFiles=[], height=0.07, italic=False, languageStyle='LTR', name='text', opacity=1, ori=0, pos=array([0., 0.]), rgb=UNKNOWN, text=str(...), units='norm', win=Window(...), wrapWidth=1.65)
21.9196 	EXP 	Created text = TextStim(__class__=<class 'psychopy.visual.text.TextStim'>, alignHoriz=method-wrapper(...), alignText='center', alignVert=method-wrapper(...), anchorHoriz='center', anchorVert='center', antialias=True, autoLog=True, bold=False, color=array([1., 1., 1.]), colorSpace='rgb', contrast=1.0, depth=0.0, flipHoriz=False, flipVert=False, font='Arial', fontFiles=[], height=0.07, italic=False, languageStyle='LTR', name='text', opacity=1, ori=0, pos=array([0., 0.]), rgb=UNKNOWN, text=str(...), units='norm', win=Window(...), wrapWidth=1.65)
21.9334 	EXP 	Created text = TextStim(__class__=<class 'psychopy.visual.text.TextStim'>, alignHoriz=method-wrapper(...), alignText='center', alignVert=method-wrapper(...), anchorHoriz='center', anchorVert='center', antialias=True, autoLog=True, bold=False, color=array([1., 1., 1.]), colorSpace='rgb', contrast=1.0, depth=0.0, flipHoriz=False, flipVert=False, font='Arial', fontFiles=[], height=0.15, italic=False, languageStyle='LTR', name='text', opacity=1, ori=0, pos=array([0., 0.]), rgb=UNKNOWN, text=str(...), units='norm', win=Window(...), wrapWidth=1.65)
21.9620 	EXP 	Created text = TextStim(__class__=<class 'psychopy.visual.text.TextStim'>, alignHoriz=method-wrapper(...), alignText='center', alignVert=method-wrapper(...), anchorHoriz='center', anchorVert='center', antialias=True, autoLog=True, bold=False, color=array([1., 1., 1.]), colorSpace='rgb', contrast=1.0, depth=0.0, flipHoriz=False, flipVert=False, font='Arial', fontFiles=[], height=0.07, italic=False, languageStyle='LTR', name='text', opacity=1, ori=0, pos=array([0., 0.]), rgb=UNKNOWN, text=str(...), units='norm', win=Window(...), wrapWidth=1.65)
21.9800 	EXP 	Created text = TextStim(__class__=<class 'psychopy.visual.text.TextStim'>, alignHoriz=method-wrapper(...), alignText='center', alignVert=method-wrapper(...), anchorHoriz='center', anchorVert='center', antialias=True, autoLog=True, bold=False, color=array([1., 1., 1.]), colorSpace='rgb', contrast=1.0, depth=0.0, flipHoriz=False, flipVert=False, font='Arial', fontFiles=[], height=0.07, italic=False, languageStyle='LTR', name='text', opacity=1, ori=0, pos=array([0., 0.]), rgb=UNKNOWN, text=str(...), units='norm', win=Window(...), wrapWidth=1.65)
22.0102 	EXP 	Created text = TextStim(__class__=<class 'psychopy.visual.text.TextStim'>, alignHoriz=method-wrapper(...), alignText='center', alignVert=method-wrapper(...), anchorHoriz='center', anchorVert='center', antialias=True, autoLog=True, bold=False, color=array([1., 1., 1.]), colorSpace='rgb', contrast=1.0, depth=0.0, flipHoriz=False, flipVert=False, font='Arial', fontFiles=[], height=0.07, italic=False, languageStyle='LTR', name='text', opacity=1, ori=0, pos=array([0., 0.]), rgb=UNKNOWN, text=str(...), units='norm', win=Window(...), wrapWidth=1.65)
22.0380 	EXP 	Created text = TextStim(__class__=<class 'psychopy.visual.text.TextStim'>, alignHoriz=method-wrapper(...), alignText='center', alignVert=method-wrapper(...), anchorHoriz='center', anchorVert='center', antialias=True, autoLog=True, bold=False, color=array([1., 1., 1.]), colorSpace='rgb', contrast=1.0, depth=0.0, flipHoriz=False, flipVert=False, font='Arial', fontFiles=[], height=0.07, italic=False, languageStyle='LTR', name='text', opacity=1, ori=0, pos=array([0., 0.]), rgb=UNKNOWN, text=str(...), units='norm', win=Window(...), wrapWidth=1.65)
22.0708 	EXP 	Created text = TextStim(__class__=<class 'psychopy.visual.text.TextStim'>, alignHoriz=method-wrapper(...), alignText='center', alignVert=method-wrapper(...), anchorHoriz='center', anchorVert='center', antialias=True, autoLog=True, bold=False, color=array([1., 1., 1.]), colorSpace='rgb', contrast=1.0, depth=0.0, flipHoriz=False, flipVert=False, font='Arial', fontFiles=[], height=0.07, italic=False, languageStyle='LTR', name='text', opacity=1, ori=0, pos=array([0., 0.]), rgb=UNKNOWN, text=str(...), units='norm', win=Window(...), wrapWidth=1.65)
22.0797 	EXP 	Created text = TextStim(__class__=<class 'psychopy.visual.text.TextStim'>, alignHoriz=method-wrapper(...), alignText='center', alignVert=method-wrapper(...), anchorHoriz='center', anchorVert='center', antialias=True, autoLog=True, bold=False, color=array([1., 1., 1.]), colorSpace='rgb', contrast=1.0, depth=0.0, flipHoriz=False, flipVert=False, font='Arial', fontFiles=[], height=0.07, italic=False, languageStyle='LTR', name='text', opacity=1, ori=0, pos=array([0., 0.]), rgb=UNKNOWN, text=str(...), units='norm', win=Window(...), wrapWidth=1.65)
22.0925 	EXP 	Created text = TextStim(__class__=<class 'psychopy.visual.text.TextStim'>, alignHoriz=method-wrapper(...), alignText='center', alignVert=method-wrapper(...), anchorHoriz='center', anchorVert='center', antialias=True, autoLog=True, bold=False, color=array([1., 1., 1.]), colorSpace='rgb', contrast=1.0, depth=0.0, flipHoriz=False, flipVert=False, font='Arial', fontFiles=[], height=0.07, italic=False, languageStyle='LTR', name='text', opacity=1, ori=0, pos=array([0., 0.]), rgb=UNKNOWN, text=str(...), units='norm', win=Window(...), wrapWidth=1.65)
22.0972 	EXP 	Created instru = TextStim(__class__=<class 'psychopy.visual.text.TextStim'>, alignHoriz=method-wrapper(...), alignText='center', alignVert=method-wrapper(...), anchorHoriz='center', anchorVert='center', antialias=True, autoLog=True, bold=False, color=array([1., 1., 1.]), colorSpace='rgb', contrast=1.0, depth=0.0, flipHoriz=False, flipVert=False, font='Arial', fontFiles=[], height=0.07, italic=False, languageStyle='LTR', name='instru', opacity=1, ori=0, pos=array([0. , 0.5]), rgb=UNKNOWN, text=str(...), units='norm', win=Window(...), wrapWidth=1)
22.0997 	EXP 	Created unnamed Line = Line(__class__=<class 'psychopy.visual.line.Line'>, autoDraw=False, autoLog=True, closeShape=False, color=array([1., 1., 1.]), colorSpace='rgb', contrast=None, depth=0, fillColor=array([0, 0, 0]), fillColorSpace='rgb', fillRGB=array([0, 0, 0]), interpolate=True, lineColor=array([1., 1., 1.]), lineColorSpace='rgb', lineRGB=array([1, 1, 1]), lineWidth=5, name='unnamed Line', opacity=0.5, ori=0.0, pos=array([0., 0.]), size=array([1., 1.]), units='norm', vertices=array([[-0.5,  0. ],
       [ 0.5,  0. ]]), win=Window(...), windingRule=None)
22.1018 	EXP 	Created unnamed Line = Line(__class__=<class 'psychopy.visual.line.Line'>, autoDraw=False, autoLog=True, closeShape=False, color=array([1., 1., 1.]), colorSpace='rgb', contrast=None, depth=0, fillColor=array([0, 0, 0]), fillColorSpace='rgb', fillRGB=array([0, 0, 0]), interpolate=True, lineColor=array([1., 1., 1.]), lineColorSpace='rgb', lineRGB=array([1, 1, 1]), lineWidth=3, name='unnamed Line', opacity=0.5, ori=0.0, pos=array([0., 0.]), size=array([1., 1.]), units='norm', vertices=array([[-0.5 , -0.05],
       [-0.5 ,  0.05]]), win=Window(...), windingRule=None)
22.1038 	EXP 	Created unnamed Line = Line(__class__=<class 'psychopy.visual.line.Line'>, autoDraw=False, autoLog=True, closeShape=False, color=array([1., 1., 1.]), colorSpace='rgb', contrast=None, depth=0, fillColor=array([0, 0, 0]), fillColorSpace='rgb', fillRGB=array([0, 0, 0]), interpolate=True, lineColor=array([1., 1., 1.]), lineColorSpace='rgb', lineRGB=array([1, 1, 1]), lineWidth=3, name='unnamed Line', opacity=0.5, ori=0.0, pos=array([0., 0.]), size=array([1., 1.]), units='norm', vertices=ndarray(...), win=Window(...), windingRule=None)
22.1058 	EXP 	Created unnamed Line = Line(__class__=<class 'psychopy.visual.line.Line'>, autoDraw=False, autoLog=True, closeShape=False, color=array([1., 1., 1.]), colorSpace='rgb', contrast=None, depth=0, fillColor=array([0, 0, 0]), fillColorSpace='rgb', fillRGB=array([0, 0, 0]), interpolate=True, lineColor=array([1., 1., 1.]), lineColorSpace='rgb', lineRGB=array([1, 1, 1]), lineWidth=3, name='unnamed Line', opacity=0.5, ori=0.0, pos=array([0., 0.]), size=array([1., 1.]), units='norm', vertices=ndarray(...), win=Window(...), windingRule=None)
22.1079 	EXP 	Created unnamed Line = Line(__class__=<class 'psychopy.visual.line.Line'>, autoDraw=False, autoLog=True, closeShape=False, color=array([1., 1., 1.]), colorSpace='rgb', contrast=None, depth=0, fillColor=array([0, 0, 0]), fillColorSpace='rgb', fillRGB=array([0, 0, 0]), interpolate=True, lineColor=array([1., 1., 1.]), lineColorSpace='rgb', lineRGB=array([1, 1, 1]), lineWidth=3, name='unnamed Line', opacity=0.5, ori=0.0, pos=array([0., 0.]), size=array([1., 1.]), units='norm', vertices=array([[ 0.5 , -0.05],
       [ 0.5 ,  0.05]]), win=Window(...), windingRule=None)
22.1192 	EXP 	Created unnamed TextStim = TextStim(__class__=<class 'psychopy.visual.text.TextStim'>, alignHoriz=method-wrapper(...), alignText='center', alignVert=method-wrapper(...), anchorHoriz='center', anchorVert='center', antialias=True, autoLog=True, bold=False, color=array([1., 1., 1.]), colorSpace='rgb', contrast=1.0, depth=0, flipHoriz=False, flipVert=False, font='', fontFiles=[], height=0.05, italic=False, languageStyle='LTR', name='unnamed TextStim', opacity=1.0, ori=0.0, pos=array([-0.5, -0.1]), rgb=UNKNOWN, text='Clearly \n NOT FOCUSED', units='norm', win=Window(...), wrapWidth=1)
22.1202 	EXP 	Created unnamed TextStim = TextStim(__class__=<class 'psychopy.visual.text.TextStim'>, alignHoriz=method-wrapper(...), alignText='center', alignVert=method-wrapper(...), anchorHoriz='center', anchorVert='center', antialias=True, autoLog=True, bold=False, color=array([1., 1., 1.]), colorSpace='rgb', contrast=1.0, depth=0, flipHoriz=False, flipVert=False, font='', fontFiles=[], height=0.05, italic=False, languageStyle='LTR', name='unnamed TextStim', opacity=1.0, ori=0.0, pos=array([-0.16666667, -0.1       ]), rgb=UNKNOWN, text='', units='norm', win=Window(...), wrapWidth=1)
22.1213 	EXP 	Created unnamed TextStim = TextStim(__class__=<class 'psychopy.visual.text.TextStim'>, alignHoriz=method-wrapper(...), alignText='center', alignVert=method-wrapper(...), anchorHoriz='center', anchorVert='center', antialias=True, autoLog=True, bold=False, color=array([1., 1., 1.]), colorSpace='rgb', contrast=1.0, depth=0, flipHoriz=False, flipVert=False, font='', fontFiles=[], height=0.05, italic=False, languageStyle='LTR', name='unnamed TextStim', opacity=1.0, ori=0.0, pos=array([ 0.16666667, -0.1       ]), rgb=UNKNOWN, text='', units='norm', win=Window(...), wrapWidth=1)
22.1245 	EXP 	Created unnamed TextStim = TextStim(__class__=<class 'psychopy.visual.text.TextStim'>, alignHoriz=method-wrapper(...), alignText='center', alignVert=method-wrapper(...), anchorHoriz='center', anchorVert='center', antialias=True, autoLog=True, bold=False, color=array([1., 1., 1.]), colorSpace='rgb', contrast=1.0, depth=0, flipHoriz=False, flipVert=False, font='', fontFiles=[], height=0.05, italic=False, languageStyle='LTR', name='unnamed TextStim', opacity=1.0, ori=0.0, pos=array([ 0.5, -0.1]), rgb=UNKNOWN, text='Clearly \n FOCUSED', units='norm', win=Window(...), wrapWidth=1)
22.1263 	EXP 	Created unnamed ShapeStim = ShapeStim(__class__=<class 'psychopy.visual.shape.ShapeStim'>, autoDraw=False, autoLog=True, closeShape=True, color=method-wrapper(...), colorSpace='rgb', contrast=None, depth=0, fillColor=array([1, 1, 1]), fillColorSpace='rgb', fillRGB=array([1, 1, 1]), interpolate=True, lineColor=array([-1., -1., -1.]), lineColorSpace='rgb', lineRGB=array([-1, -1, -1]), lineWidth=1.5, name='unnamed ShapeStim', opacity=1.0, ori=0.0, pos=array([0., 0.]), size=array([1., 1.]), units='norm', vertices=ndarray(...), win=Window(...), windingRule=None)
22.1346 	EXP 	Created instru = TextStim(__class__=<class 'psychopy.visual.text.TextStim'>, alignHoriz=method-wrapper(...), alignText='center', alignVert=method-wrapper(...), anchorHoriz='center', anchorVert='center', antialias=True, autoLog=True, bold=False, color=array([1., 1., 1.]), colorSpace='rgb', contrast=1.0, depth=0.0, flipHoriz=False, flipVert=False, font='Arial', fontFiles=[], height=0.07, italic=False, languageStyle='LTR', name='instru', opacity=1, ori=0, pos=array([0. , 0.5]), rgb=UNKNOWN, text=str(...), units='norm', win=Window(...), wrapWidth=1)
22.1367 	EXP 	Created unnamed Line = Line(__class__=<class 'psychopy.visual.line.Line'>, autoDraw=False, autoLog=True, closeShape=False, color=array([1., 1., 1.]), colorSpace='rgb', contrast=None, depth=0, fillColor=array([0, 0, 0]), fillColorSpace='rgb', fillRGB=array([0, 0, 0]), interpolate=True, lineColor=array([1., 1., 1.]), lineColorSpace='rgb', lineRGB=array([1, 1, 1]), lineWidth=5, name='unnamed Line', opacity=0.5, ori=0.0, pos=array([0., 0.]), size=array([1., 1.]), units='norm', vertices=array([[-0.5,  0. ],
       [ 0.5,  0. ]]), win=Window(...), windingRule=None)
22.1387 	EXP 	Created unnamed Line = Line(__class__=<class 'psychopy.visual.line.Line'>, autoDraw=False, autoLog=True, closeShape=False, color=array([1., 1., 1.]), colorSpace='rgb', contrast=None, depth=0, fillColor=array([0, 0, 0]), fillColorSpace='rgb', fillRGB=array([0, 0, 0]), interpolate=True, lineColor=array([1., 1., 1.]), lineColorSpace='rgb', lineRGB=array([1, 1, 1]), lineWidth=3, name='unnamed Line', opacity=0.5, ori=0.0, pos=array([0., 0.]), size=array([1., 1.]), units='norm', vertices=array([[-0.5 , -0.05],
       [-0.5 ,  0.05]]), win=Window(...), windingRule=None)
22.1408 	EXP 	Created unnamed Line = Line(__class__=<class 'psychopy.visual.line.Line'>, autoDraw=False, autoLog=True, closeShape=False, color=array([1., 1., 1.]), colorSpace='rgb', contrast=None, depth=0, fillColor=array([0, 0, 0]), fillColorSpace='rgb', fillRGB=array([0, 0, 0]), interpolate=True, lineColor=array([1., 1., 1.]), lineColorSpace='rgb', lineRGB=array([1, 1, 1]), lineWidth=3, name='unnamed Line', opacity=0.5, ori=0.0, pos=array([0., 0.]), size=array([1., 1.]), units='norm', vertices=ndarray(...), win=Window(...), windingRule=None)
22.1428 	EXP 	Created unnamed Line = Line(__class__=<class 'psychopy.visual.line.Line'>, autoDraw=False, autoLog=True, closeShape=False, color=array([1., 1., 1.]), colorSpace='rgb', contrast=None, depth=0, fillColor=array([0, 0, 0]), fillColorSpace='rgb', fillRGB=array([0, 0, 0]), interpolate=True, lineColor=array([1., 1., 1.]), lineColorSpace='rgb', lineRGB=array([1, 1, 1]), lineWidth=3, name='unnamed Line', opacity=0.5, ori=0.0, pos=array([0., 0.]), size=array([1., 1.]), units='norm', vertices=ndarray(...), win=Window(...), windingRule=None)
22.1448 	EXP 	Created unnamed Line = Line(__class__=<class 'psychopy.visual.line.Line'>, autoDraw=False, autoLog=True, closeShape=False, color=array([1., 1., 1.]), colorSpace='rgb', contrast=None, depth=0, fillColor=array([0, 0, 0]), fillColorSpace='rgb', fillRGB=array([0, 0, 0]), interpolate=True, lineColor=array([1., 1., 1.]), lineColorSpace='rgb', lineRGB=array([1, 1, 1]), lineWidth=3, name='unnamed Line', opacity=0.5, ori=0.0, pos=array([0., 0.]), size=array([1., 1.]), units='norm', vertices=array([[ 0.5 , -0.05],
       [ 0.5 ,  0.05]]), win=Window(...), windingRule=None)
22.1499 	EXP 	Created unnamed TextStim = TextStim(__class__=<class 'psychopy.visual.text.TextStim'>, alignHoriz=method-wrapper(...), alignText='center', alignVert=method-wrapper(...), anchorHoriz='center', anchorVert='center', antialias=True, autoLog=True, bold=False, color=array([1., 1., 1.]), colorSpace='rgb', contrast=1.0, depth=0, flipHoriz=False, flipVert=False, font='', fontFiles=[], height=0.05, italic=False, languageStyle='LTR', name='unnamed TextStim', opacity=1.0, ori=0.0, pos=array([-0.5, -0.1]), rgb=UNKNOWN, text='Clearly \n NOTHING', units='norm', win=Window(...), wrapWidth=1)
22.1509 	EXP 	Created unnamed TextStim = TextStim(__class__=<class 'psychopy.visual.text.TextStim'>, alignHoriz=method-wrapper(...), alignText='center', alignVert=method-wrapper(...), anchorHoriz='center', anchorVert='center', antialias=True, autoLog=True, bold=False, color=array([1., 1., 1.]), colorSpace='rgb', contrast=1.0, depth=0, flipHoriz=False, flipVert=False, font='', fontFiles=[], height=0.05, italic=False, languageStyle='LTR', name='unnamed TextStim', opacity=1.0, ori=0.0, pos=array([-0.16666667, -0.1       ]), rgb=UNKNOWN, text='', units='norm', win=Window(...), wrapWidth=1)
22.1520 	EXP 	Created unnamed TextStim = TextStim(__class__=<class 'psychopy.visual.text.TextStim'>, alignHoriz=method-wrapper(...), alignText='center', alignVert=method-wrapper(...), anchorHoriz='center', anchorVert='center', antialias=True, autoLog=True, bold=False, color=array([1., 1., 1.]), colorSpace='rgb', contrast=1.0, depth=0, flipHoriz=False, flipVert=False, font='', fontFiles=[], height=0.05, italic=False, languageStyle='LTR', name='unnamed TextStim', opacity=1.0, ori=0.0, pos=array([ 0.16666667, -0.1       ]), rgb=UNKNOWN, text='', units='norm', win=Window(...), wrapWidth=1)
22.1561 	EXP 	Created unnamed TextStim = TextStim(__class__=<class 'psychopy.visual.text.TextStim'>, alignHoriz=method-wrapper(...), alignText='center', alignVert=method-wrapper(...), anchorHoriz='center', anchorVert='center', antialias=True, autoLog=True, bold=False, color=array([1., 1., 1.]), colorSpace='rgb', contrast=1.0, depth=0, flipHoriz=False, flipVert=False, font='', fontFiles=[], height=0.05, italic=False, languageStyle='LTR', name='unnamed TextStim', opacity=1.0, ori=0.0, pos=array([ 0.5, -0.1]), rgb=UNKNOWN, text='Clearly \n SOMETHING', units='norm', win=Window(...), wrapWidth=1)
22.1580 	EXP 	Created unnamed ShapeStim = ShapeStim(__class__=<class 'psychopy.visual.shape.ShapeStim'>, autoDraw=False, autoLog=True, closeShape=True, color=method-wrapper(...), colorSpace='rgb', contrast=None, depth=0, fillColor=array([1, 1, 1]), fillColorSpace='rgb', fillRGB=array([1, 1, 1]), interpolate=True, lineColor=array([-1., -1., -1.]), lineColorSpace='rgb', lineRGB=array([-1, -1, -1]), lineWidth=1.5, name='unnamed ShapeStim', opacity=1.0, ori=0.0, pos=array([0., 0.]), size=array([1., 1.]), units='norm', vertices=ndarray(...), win=Window(...), windingRule=None)
22.1646 	EXP 	Created instru = TextStim(__class__=<class 'psychopy.visual.text.TextStim'>, alignHoriz=method-wrapper(...), alignText='center', alignVert=method-wrapper(...), anchorHoriz='center', anchorVert='center', antialias=True, autoLog=True, bold=False, color=array([1., 1., 1.]), colorSpace='rgb', contrast=1.0, depth=0.0, flipHoriz=False, flipVert=False, font='Arial', fontFiles=[], height=0.07, italic=False, languageStyle='LTR', name='instru', opacity=1, ori=0, pos=array([0. , 0.5]), rgb=UNKNOWN, text=str(...), units='norm', win=Window(...), wrapWidth=1)
22.1667 	EXP 	Created unnamed Line = Line(__class__=<class 'psychopy.visual.line.Line'>, autoDraw=False, autoLog=True, closeShape=False, color=array([1., 1., 1.]), colorSpace='rgb', contrast=None, depth=0, fillColor=array([0, 0, 0]), fillColorSpace='rgb', fillRGB=array([0, 0, 0]), interpolate=True, lineColor=array([1., 1., 1.]), lineColorSpace='rgb', lineRGB=array([1, 1, 1]), lineWidth=5, name='unnamed Line', opacity=0.5, ori=0.0, pos=array([0., 0.]), size=array([1., 1.]), units='norm', vertices=array([[-0.5,  0. ],
       [ 0.5,  0. ]]), win=Window(...), windingRule=None)
22.1687 	EXP 	Created unnamed Line = Line(__class__=<class 'psychopy.visual.line.Line'>, autoDraw=False, autoLog=True, closeShape=False, color=array([1., 1., 1.]), colorSpace='rgb', contrast=None, depth=0, fillColor=array([0, 0, 0]), fillColorSpace='rgb', fillRGB=array([0, 0, 0]), interpolate=True, lineColor=array([1., 1., 1.]), lineColorSpace='rgb', lineRGB=array([1, 1, 1]), lineWidth=3, name='unnamed Line', opacity=0.5, ori=0.0, pos=array([0., 0.]), size=array([1., 1.]), units='norm', vertices=array([[-0.5 , -0.05],
       [-0.5 ,  0.05]]), win=Window(...), windingRule=None)
22.1707 	EXP 	Created unnamed Line = Line(__class__=<class 'psychopy.visual.line.Line'>, autoDraw=False, autoLog=True, closeShape=False, color=array([1., 1., 1.]), colorSpace='rgb', contrast=None, depth=0, fillColor=array([0, 0, 0]), fillColorSpace='rgb', fillRGB=array([0, 0, 0]), interpolate=True, lineColor=array([1., 1., 1.]), lineColorSpace='rgb', lineRGB=array([1, 1, 1]), lineWidth=3, name='unnamed Line', opacity=0.5, ori=0.0, pos=array([0., 0.]), size=array([1., 1.]), units='norm', vertices=ndarray(...), win=Window(...), windingRule=None)
22.1728 	EXP 	Created unnamed Line = Line(__class__=<class 'psychopy.visual.line.Line'>, autoDraw=False, autoLog=True, closeShape=False, color=array([1., 1., 1.]), colorSpace='rgb', contrast=None, depth=0, fillColor=array([0, 0, 0]), fillColorSpace='rgb', fillRGB=array([0, 0, 0]), interpolate=True, lineColor=array([1., 1., 1.]), lineColorSpace='rgb', lineRGB=array([1, 1, 1]), lineWidth=3, name='unnamed Line', opacity=0.5, ori=0.0, pos=array([0., 0.]), size=array([1., 1.]), units='norm', vertices=ndarray(...), win=Window(...), windingRule=None)
22.1748 	EXP 	Created unnamed Line = Line(__class__=<class 'psychopy.visual.line.Line'>, autoDraw=False, autoLog=True, closeShape=False, color=array([1., 1., 1.]), colorSpace='rgb', contrast=None, depth=0, fillColor=array([0, 0, 0]), fillColorSpace='rgb', fillRGB=array([0, 0, 0]), interpolate=True, lineColor=array([1., 1., 1.]), lineColorSpace='rgb', lineRGB=array([1, 1, 1]), lineWidth=3, name='unnamed Line', opacity=0.5, ori=0.0, pos=array([0., 0.]), size=array([1., 1.]), units='norm', vertices=array([[ 0.5 , -0.05],
       [ 0.5 ,  0.05]]), win=Window(...), windingRule=None)
22.1800 	EXP 	Created unnamed TextStim = TextStim(__class__=<class 'psychopy.visual.text.TextStim'>, alignHoriz=method-wrapper(...), alignText='center', alignVert=method-wrapper(...), anchorHoriz='center', anchorVert='center', antialias=True, autoLog=True, bold=False, color=array([1., 1., 1.]), colorSpace='rgb', contrast=1.0, depth=0, flipHoriz=False, flipVert=False, font='', fontFiles=[], height=0.05, italic=False, languageStyle='LTR', name='unnamed TextStim', opacity=1.0, ori=0.0, pos=array([-0.5, -0.1]), rgb=UNKNOWN, text='Clearly \n SPONTANEOUS', units='norm', win=Window(...), wrapWidth=1)
22.1810 	EXP 	Created unnamed TextStim = TextStim(__class__=<class 'psychopy.visual.text.TextStim'>, alignHoriz=method-wrapper(...), alignText='center', alignVert=method-wrapper(...), anchorHoriz='center', anchorVert='center', antialias=True, autoLog=True, bold=False, color=array([1., 1., 1.]), colorSpace='rgb', contrast=1.0, depth=0, flipHoriz=False, flipVert=False, font='', fontFiles=[], height=0.05, italic=False, languageStyle='LTR', name='unnamed TextStim', opacity=1.0, ori=0.0, pos=array([-0.16666667, -0.1       ]), rgb=UNKNOWN, text='', units='norm', win=Window(...), wrapWidth=1)
22.1821 	EXP 	Created unnamed TextStim = TextStim(__class__=<class 'psychopy.visual.text.TextStim'>, alignHoriz=method-wrapper(...), alignText='center', alignVert=method-wrapper(...), anchorHoriz='center', anchorVert='center', antialias=True, autoLog=True, bold=False, color=array([1., 1., 1.]), colorSpace='rgb', contrast=1.0, depth=0, flipHoriz=False, flipVert=False, font='', fontFiles=[], height=0.05, italic=False, languageStyle='LTR', name='unnamed TextStim', opacity=1.0, ori=0.0, pos=array([ 0.16666667, -0.1       ]), rgb=UNKNOWN, text='', units='norm', win=Window(...), wrapWidth=1)
22.1875 	EXP 	Created unnamed TextStim = TextStim(__class__=<class 'psychopy.visual.text.TextStim'>, alignHoriz=method-wrapper(...), alignText='center', alignVert=method-wrapper(...), anchorHoriz='center', anchorVert='center', antialias=True, autoLog=True, bold=False, color=array([1., 1., 1.]), colorSpace='rgb', contrast=1.0, depth=0, flipHoriz=False, flipVert=False, font='', fontFiles=[], height=0.05, italic=False, languageStyle='LTR', name='unnamed TextStim', opacity=1.0, ori=0.0, pos=array([ 0.5, -0.1]), rgb=UNKNOWN, text='Clearly \n DELIBERATE', units='norm', win=Window(...), wrapWidth=1)
22.1893 	EXP 	Created unnamed ShapeStim = ShapeStim(__class__=<class 'psychopy.visual.shape.ShapeStim'>, autoDraw=False, autoLog=True, closeShape=True, color=method-wrapper(...), colorSpace='rgb', contrast=None, depth=0, fillColor=array([1, 1, 1]), fillColorSpace='rgb', fillRGB=array([1, 1, 1]), interpolate=True, lineColor=array([-1., -1., -1.]), lineColorSpace='rgb', lineRGB=array([-1, -1, -1]), lineWidth=1.5, name='unnamed ShapeStim', opacity=1.0, ori=0.0, pos=array([0., 0.]), size=array([1., 1.]), units='norm', vertices=ndarray(...), win=Window(...), windingRule=None)
22.2366 	EXP 	Sound  set volume 1.000
22.2652 	EXP 	unnamed ShapeStim: vertices = <class 'numpy.ndarray'>
22.2652 	EXP 	unnamed ShapeStim: vertices = <class 'numpy.ndarray'>
22.2652 	EXP 	unnamed ShapeStim: vertices = <class 'numpy.ndarray'>
26.2473 	DATA 	Keypress: rctrl
28.0073 	DATA 	Keypress: lctrl
28.8232 	DATA 	Keypress: lctrl
28.8448 	EXP 	unnamed TextStim: text = ''
28.8448 	EXP 	unnamed TextStim: text = ''
30.7126 	DATA 	Keypress: 2
30.7292 	EXP 	unnamed ShapeStim: vertices = <class 'numpy.ndarray'>
32.2480 	DATA 	Keypress: rctrl
33.2233 	DATA 	Keypress: rctrl
33.2484 	EXP 	unnamed TextStim: text = ''
33.2484 	EXP 	unnamed TextStim: text = ''
33.7694 	DATA 	Keypress: 3
33.7988 	EXP 	unnamed ShapeStim: vertices = <class 'numpy.ndarray'>
35.3167 	DATA 	Keypress: rctrl
35.8954 	DATA 	Keypress: rctrl
35.9172 	EXP 	unnamed TextStim: text = ''
35.9172 	EXP 	unnamed TextStim: text = ''
37.6350 	DATA 	Keypress: 1
37.6515 	EXP 	unnamed ShapeStim: vertices = <class 'numpy.ndarray'>
39.1694 	DATA 	Keypress: rctrl
40.4073 	DATA 	Keypress: rctrl
44.8713 	DATA 	Keypress: rctrl
45.5752 	DATA 	Keypress: rctrl
46.0925 	EXP 	Sound  started
46.5193 	DATA 	Keypress: rctrl
46.8425 	EXP 	Sound  started
46.9192 	DATA 	Keypress: lctrl
47.5432 	DATA 	Keypress: lctrl
47.5925 	EXP 	Sound  started
48.2632 	DATA 	Keypress: lctrl
48.3425 	EXP 	Sound  started
48.9992 	DATA 	Keypress: rctrl
49.0925 	EXP 	Sound  started
49.7192 	DATA 	Keypress: lctrl
49.8425 	EXP 	Sound  started
50.4712 	DATA 	Keypress: lctrl
50.5926 	EXP 	Sound  started
51.2553 	DATA 	Keypress: rctrl
51.3426 	EXP 	Sound  started
52.0232 	DATA 	Keypress: lctrl
52.0926 	EXP 	Sound  started
52.8072 	DATA 	Keypress: lctrl
52.8426 	EXP 	Sound  started
53.5753 	DATA 	Keypress: lctrl
53.5926 	EXP 	Sound  started
54.2952 	DATA 	Keypress: rctrl
54.3426 	EXP 	Sound  started
55.0152 	DATA 	Keypress: rctrl
55.0926 	EXP 	Sound  started
55.7992 	DATA 	Keypress: lctrl
55.8427 	EXP 	Sound  started
56.5833 	DATA 	Keypress: rctrl
56.5927 	EXP 	Sound  started
57.2872 	DATA 	Keypress: rctrl
57.3427 	EXP 	Sound  started
58.0392 	DATA 	Keypress: lctrl
58.0927 	EXP 	Sound  started
58.7592 	DATA 	Keypress: rctrl
58.8427 	EXP 	Sound  started
59.5434 	DATA 	Keypress: lctrl
59.5927 	EXP 	Sound  started
60.2952 	DATA 	Keypress: rctrl
60.3427 	EXP 	Sound  started
60.9993 	DATA 	Keypress: lctrl
61.0927 	EXP 	Sound  started
61.7352 	DATA 	Keypress: lctrl
61.8428 	EXP 	Sound  started
62.5512 	DATA 	Keypress: lctrl
62.5928 	EXP 	Sound  started
63.3352 	DATA 	Keypress: rctrl
63.3428 	EXP 	Sound  started
64.0928 	EXP 	Sound  started
64.2472 	DATA 	Keypress: rctrl
64.8428 	EXP 	Sound  started
64.8712 	DATA 	Keypress: rctrl
65.5432 	DATA 	Keypress: rctrl
65.5928 	EXP 	Sound  started
66.2952 	DATA 	Keypress: rctrl
66.3428 	EXP 	Sound  started
66.9992 	DATA 	Keypress: lctrl
67.0928 	EXP 	Sound  started
67.8429 	EXP 	Sound  started
67.8793 	DATA 	Keypress: rctrl
68.5929 	EXP 	Sound  started
68.5992 	DATA 	Keypress: rctrl
69.2552 	DATA 	Keypress: lctrl
69.3429 	EXP 	Sound  started
69.9752 	DATA 	Keypress: rctrl
70.0929 	EXP 	Sound  started
70.7592 	DATA 	Keypress: lctrl
70.8429 	EXP 	Sound  started
71.5112 	DATA 	Keypress: rctrl
71.5929 	EXP 	Sound  started
72.2792 	DATA 	Keypress: lctrl
72.3429 	EXP 	Sound  started
72.9992 	DATA 	Keypress: rctrl
73.0930 	EXP 	Sound  started
73.7512 	DATA 	Keypress: rctrl
73.8430 	EXP 	Sound  started
74.5032 	DATA 	Keypress: lctrl
74.5930 	EXP 	Sound  started
75.3192 	DATA 	Keypress: lctrl
75.3430 	EXP 	Sound  started
76.0713 	DATA 	Keypress: rctrl
76.0930 	EXP 	Sound  started
76.8430 	EXP 	Sound  started
76.8873 	DATA 	Keypress: rctrl
77.5433 	DATA 	Keypress: rctrl
77.5931 	EXP 	Sound  started
78.2952 	DATA 	Keypress: lctrl
78.3431 	EXP 	Sound  started
79.0313 	DATA 	Keypress: rctrl
79.0931 	EXP 	Sound  started
79.7353 	DATA 	Keypress: rctrl
79.8431 	EXP 	Sound  started
80.4872 	DATA 	Keypress: rctrl
80.5931 	EXP 	Sound  started
81.3192 	DATA 	Keypress: rctrl
81.3431 	EXP 	Sound  started
82.0713 	DATA 	Keypress: lctrl
82.0932 	EXP 	Sound  started
82.7752 	DATA 	Keypress: lctrl
82.8432 	EXP 	Sound  started
83.5112 	DATA 	Keypress: rctrl
83.5932 	EXP 	Sound  started
84.2952 	DATA 	Keypress: lctrl
84.3432 	EXP 	Sound  started
85.0312 	DATA 	Keypress: lctrl
85.0932 	EXP 	Sound  started
85.7832 	DATA 	Keypress: lctrl
85.8432 	EXP 	Sound  started
86.5192 	DATA 	Keypress: rctrl
86.5932 	EXP 	Sound  started
87.3433 	EXP 	Sound  started
87.3992 	DATA 	Keypress: lctrl
88.0552 	DATA 	Keypress: lctrl
88.0933 	EXP 	Sound  started
88.7752 	DATA 	Keypress: rctrl
88.8433 	EXP 	Sound  started
89.5433 	DATA 	Keypress: rctrl
89.5933 	EXP 	Sound  started
90.2633 	DATA 	Keypress: rctrl
90.3433 	EXP 	Sound  started
91.0153 	DATA 	Keypress: lctrl
91.0933 	EXP 	Sound  started
91.7674 	DATA 	Keypress: lctrl
91.8433 	EXP 	Sound  started
92.5832 	DATA 	Keypress: rctrl
92.5933 	EXP 	Sound  started
93.2873 	DATA 	Keypress: lctrl
93.3434 	EXP 	Sound  started
94.0394 	DATA 	Keypress: rctrl
94.0934 	EXP 	Sound  started
94.7272 	DATA 	Keypress: rctrl
94.8434 	EXP 	Sound  started
95.5112 	DATA 	Keypress: rctrl
95.5934 	EXP 	Sound  started
96.2632 	DATA 	Keypress: rctrl
96.3434 	EXP 	Sound  started
97.0473 	DATA 	Keypress: lctrl
97.0934 	EXP 	Sound  started
97.8152 	DATA 	Keypress: lctrl
97.8434 	EXP 	Sound  started
98.5192 	DATA 	Keypress: rctrl
98.5935 	EXP 	Sound  started
99.2232 	DATA 	Keypress: rctrl
99.3435 	EXP 	Sound  started
99.9912 	DATA 	Keypress: rctrl
100.0935 	EXP 	Sound  started
100.7272 	DATA 	Keypress: rctrl
100.8435 	EXP 	Sound  started
101.5272 	DATA 	Keypress: rctrl
101.5935 	EXP 	Sound  started
102.3272 	DATA 	Keypress: lctrl
102.3435 	EXP 	Sound  started
103.0312 	DATA 	Keypress: lctrl
105.9449 	DATA 	Keypress: 2
105.9742 	EXP 	unnamed ShapeStim: vertices = <class 'numpy.ndarray'>
107.4954 	DATA 	Keypress: rctrl
110.8784 	DATA 	Keypress: 3
110.8949 	EXP 	unnamed ShapeStim: vertices = <class 'numpy.ndarray'>
112.4168 	DATA 	Keypress: rctrl
118.0176 	DATA 	Keypress: 1
118.0341 	EXP 	unnamed ShapeStim: vertices = <class 'numpy.ndarray'>
119.5512 	DATA 	Keypress: rctrl
120.3181 	EXP 	Sound  started
120.5033 	DATA 	Keypress: rctrl
120.9992 	DATA 	Keypress: lctrl
121.0681 	EXP 	Sound  started
121.7353 	DATA 	Keypress: lctrl
121.8181 	EXP 	Sound  started
122.4552 	DATA 	Keypress: lctrl
122.5681 	EXP 	Sound  started
123.2552 	DATA 	Keypress: rctrl
123.3181 	EXP 	Sound  started
123.9592 	DATA 	Keypress: lctrl
124.0681 	EXP 	Sound  started
124.7593 	DATA 	Keypress: rctrl
124.8181 	EXP 	Sound  started
125.4633 	DATA 	Keypress: lctrl
125.5681 	EXP 	Sound  started
126.3182 	EXP 	Sound  started
126.3273 	DATA 	Keypress: rctrl
127.0152 	DATA 	Keypress: rctrl
127.0682 	EXP 	Sound  started
127.7192 	DATA 	Keypress: rctrl
127.8182 	EXP 	Sound  started
128.5032 	DATA 	Keypress: rctrl
128.5682 	EXP 	Sound  started
129.2712 	DATA 	Keypress: rctrl
129.3182 	EXP 	Sound  started
129.9913 	DATA 	Keypress: rctrl
130.0682 	EXP 	Sound  started
130.7753 	DATA 	Keypress: lctrl
130.8182 	EXP 	Sound  started
131.4793 	DATA 	Keypress: lctrl
131.5682 	EXP 	Sound  started
132.2793 	DATA 	Keypress: lctrl
132.3183 	EXP 	Sound  started
132.9352 	DATA 	Keypress: lctrl
133.0683 	EXP 	Sound  started
133.7672 	DATA 	Keypress: rctrl
133.8183 	EXP 	Sound  started
134.4873 	DATA 	Keypress: lctrl
134.5683 	EXP 	Sound  started
135.2233 	DATA 	Keypress: lctrl
135.3183 	EXP 	Sound  started
136.0073 	DATA 	Keypress: rctrl
136.0684 	EXP 	Sound  started
136.7753 	DATA 	Keypress: lctrl
136.8184 	EXP 	Sound  started
137.5273 	DATA 	Keypress: rctrl
137.5684 	EXP 	Sound  started
138.2312 	DATA 	Keypress: lctrl
138.3184 	EXP 	Sound  started
139.0312 	DATA 	Keypress: rctrl
139.0684 	EXP 	Sound  started
139.7513 	DATA 	Keypress: lctrl
139.8184 	EXP 	Sound  started
140.5353 	DATA 	Keypress: rctrl
140.5684 	EXP 	Sound  started
141.2553 	DATA 	Keypress: lctrl
141.3184 	EXP 	Sound  started
142.0552 	DATA 	Keypress: lctrl
142.0685 	EXP 	Sound  started
142.7753 	DATA 	Keypress: rctrl
142.8185 	EXP 	Sound  started
143.5432 	DATA 	Keypress: lctrl
143.5685 	EXP 	Sound  started
144.3112 	DATA 	Keypress: lctrl
144.3185 	EXP 	Sound  started
145.0153 	DATA 	Keypress: rctrl
145.0685 	EXP 	Sound  started
145.7834 	DATA 	Keypress: rctrl
145.8185 	EXP 	Sound  started
146.4873 	DATA 	Keypress: lctrl
146.5685 	EXP 	Sound  started
147.3033 	DATA 	Keypress: rctrl
147.3185 	EXP 	Sound  started
147.9912 	DATA 	Keypress: lctrl
148.0686 	EXP 	Sound  started
148.8073 	DATA 	Keypress: rctrl
148.8186 	EXP 	Sound  started
149.5273 	DATA 	Keypress: rctrl
149.5686 	EXP 	Sound  started
150.2632 	DATA 	Keypress: lctrl
150.3186 	EXP 	Sound  started
151.0152 	DATA 	Keypress: lctrl
151.0686 	EXP 	Sound  started
151.8153 	DATA 	Keypress: lctrl
151.8186 	EXP 	Sound  started
152.5033 	DATA 	Keypress: rctrl
152.5686 	EXP 	Sound  started
153.2712 	DATA 	Keypress: rctrl
153.3187 	EXP 	Sound  started
154.0392 	DATA 	Keypress: rctrl
154.0687 	EXP 	Sound  started
154.8073 	DATA 	Keypress: rctrl
154.8187 	EXP 	Sound  started
155.5592 	DATA 	Keypress: lctrl
155.5687 	EXP 	Sound  started
156.2312 	DATA 	Keypress: lctrl
156.3187 	EXP 	Sound  started
157.0632 	DATA 	Keypress: lctrl
157.0687 	EXP 	Sound  started
157.8187 	EXP 	Sound  started
157.8313 	DATA 	Keypress: lctrl
158.5688 	EXP 	Sound  started
158.6633 	DATA 	Keypress: lctrl
159.3188 	EXP 	Sound  started
159.3192 	DATA 	Keypress: lctrl
160.0232 	DATA 	Keypress: rctrl
160.0688 	EXP 	Sound  started
160.7753 	DATA 	Keypress: rctrl
160.8188 	EXP 	Sound  started
161.5433 	DATA 	Keypress: rctrl
161.5688 	EXP 	Sound  started
162.2473 	DATA 	Keypress: rctrl
162.3188 	EXP 	Sound  started
163.0472 	DATA 	Keypress: rctrl
163.0688 	EXP 	Sound  started
163.7992 	DATA 	Keypress: lctrl
163.8188 	EXP 	Sound  started
164.5352 	DATA 	Keypress: lctrl
164.5689 	EXP 	Sound  started
165.1912 	DATA 	Keypress: rctrl
165.3189 	EXP 	Sound  started
165.9912 	DATA 	Keypress: lctrl
166.0689 	EXP 	Sound  started
166.7272 	DATA 	Keypress: rctrl
166.8189 	EXP 	Sound  started
167.4952 	DATA 	Keypress: rctrl
170.9111 	DATA 	Keypress: 2
170.9275 	EXP 	unnamed ShapeStim: vertices = <class 'numpy.ndarray'>
172.4491 	DATA 	Keypress: rctrl
175.1313 	DATA 	Keypress: 4
175.1477 	EXP 	unnamed ShapeStim: vertices = <class 'numpy.ndarray'>
176.6688 	DATA 	Keypress: rctrl
177.9172 	DATA 	Keypress: 4
177.9337 	EXP 	unnamed ShapeStim: vertices = <class 'numpy.ndarray'>
179.4520 	DATA 	Keypress: rctrl
180.2178 	EXP 	Sound  started
180.4073 	DATA 	Keypress: lctrl
180.9672 	DATA 	Keypress: lctrl
180.9678 	EXP 	Sound  started
181.6872 	DATA 	Keypress: rctrl
181.7178 	EXP 	Sound  started
182.4393 	DATA 	Keypress: rctrl
182.4678 	EXP 	Sound  started
183.1272 	DATA 	Keypress: lctrl
183.2178 	EXP 	Sound  started
183.8632 	DATA 	Keypress: lctrl
183.9678 	EXP 	Sound  started
184.6952 	DATA 	Keypress: lctrl
184.7178 	EXP 	Sound  started
185.4152 	DATA 	Keypress: rctrl
185.4679 	EXP 	Sound  started
186.1512 	DATA 	Keypress: rctrl
186.2179 	EXP 	Sound  started
186.9192 	DATA 	Keypress: rctrl
186.9679 	EXP 	Sound  started
187.6552 	DATA 	Keypress: lctrl
187.7179 	EXP 	Sound  started
188.3913 	DATA 	Keypress: rctrl
188.4679 	EXP 	Sound  started
189.1272 	DATA 	Keypress: rctrl
189.2179 	EXP 	Sound  started
189.9272 	DATA 	Keypress: rctrl
189.9679 	EXP 	Sound  started
190.6473 	DATA 	Keypress: lctrl
190.7180 	EXP 	Sound  started
191.3833 	DATA 	Keypress: lctrl
191.4680 	EXP 	Sound  started
192.1672 	DATA 	Keypress: rctrl
192.2180 	EXP 	Sound  started
192.8873 	DATA 	Keypress: rctrl
192.9680 	EXP 	Sound  started
193.5913 	DATA 	Keypress: rctrl
193.7180 	EXP 	Sound  started
194.4232 	DATA 	Keypress: rctrl
194.4680 	EXP 	Sound  started
195.0473 	DATA 	Keypress: lctrl
195.2180 	EXP 	Sound  started
195.9433 	DATA 	Keypress: rctrl
195.9681 	EXP 	Sound  started
196.7113 	DATA 	Keypress: lctrl
196.7181 	EXP 	Sound  started
197.4472 	DATA 	Keypress: rctrl
197.4681 	EXP 	Sound  started
198.1673 	DATA 	Keypress: rctrl
198.2181 	EXP 	Sound  started
198.9672 	DATA 	Keypress: rctrl
198.9681 	EXP 	Sound  started
199.7181 	EXP 	Sound  started
199.7352 	DATA 	Keypress: rctrl
200.4393 	DATA 	Keypress: lctrl
200.4682 	EXP 	Sound  started
201.1592 	DATA 	Keypress: lctrl
201.2182 	EXP 	Sound  started
201.8632 	DATA 	Keypress: lctrl
201.9682 	EXP 	Sound  started
202.7182 	EXP 	Sound  started
202.7273 	DATA 	Keypress: rctrl
203.3832 	DATA 	Keypress: lctrl
203.4682 	EXP 	Sound  started
204.1352 	DATA 	Keypress: lctrl
204.2182 	EXP 	Sound  started
204.8873 	DATA 	Keypress: lctrl
204.9682 	EXP 	Sound  started
205.6712 	DATA 	Keypress: lctrl
205.7182 	EXP 	Sound  started
206.4072 	DATA 	Keypress: rctrl
206.4683 	EXP 	Sound  started
207.1753 	DATA 	Keypress: lctrl
207.2183 	EXP 	Sound  started
207.9113 	DATA 	Keypress: lctrl
207.9683 	EXP 	Sound  started
208.6952 	DATA 	Keypress: lctrl
208.7183 	EXP 	Sound  started
209.4472 	DATA 	Keypress: lctrl
209.4683 	EXP 	Sound  started
210.1512 	DATA 	Keypress: lctrl
210.2183 	EXP 	Sound  started
210.9192 	DATA 	Keypress: rctrl
210.9683 	EXP 	Sound  started
211.6392 	DATA 	Keypress: lctrl
211.7184 	EXP 	Sound  started
212.3432 	DATA 	Keypress: rctrl
212.4684 	EXP 	Sound  started
213.1592 	DATA 	Keypress: rctrl
213.2184 	EXP 	Sound  started
213.8792 	DATA 	Keypress: rctrl
213.9684 	EXP 	Sound  started
214.6793 	DATA 	Keypress: rctrl
214.7184 	EXP 	Sound  started
215.4472 	DATA 	Keypress: rctrl
215.4684 	EXP 	Sound  started
216.1832 	DATA 	Keypress: lctrl
216.2185 	EXP 	Sound  started
216.9685 	EXP 	Sound  started
217.0152 	DATA 	Keypress: lctrl
217.6872 	DATA 	Keypress: lctrl
217.7185 	EXP 	Sound  started
218.4232 	DATA 	Keypress: lctrl
220.7853 	DATA 	Keypress: 1
220.8018 	EXP 	unnamed ShapeStim: vertices = <class 'numpy.ndarray'>
222.3234 	DATA 	Keypress: rctrl
223.9550 	DATA 	Keypress: 4
223.9715 	EXP 	unnamed ShapeStim: vertices = <class 'numpy.ndarray'>
225.4924 	DATA 	Keypress: rctrl
227.7410 	DATA 	Keypress: 2
227.7575 	EXP 	unnamed ShapeStim: vertices = <class 'numpy.ndarray'>
229.2750 	DATA 	Keypress: rctrl
230.0420 	EXP 	Sound  started
230.0421 	DATA 	Keypress: lctrl
230.7114 	DATA 	Keypress: rctrl
230.7920 	EXP 	Sound  started
231.5113 	DATA 	Keypress: lctrl
231.5420 	EXP 	Sound  started
232.2313 	DATA 	Keypress: lctrl
232.2920 	EXP 	Sound  started
232.9512 	DATA 	Keypress: lctrl
233.0420 	EXP 	Sound  started
233.7353 	DATA 	Keypress: rctrl
233.7920 	EXP 	Sound  started
234.4873 	DATA 	Keypress: rctrl
234.5421 	EXP 	Sound  started
235.2553 	DATA 	Keypress: rctrl
235.2921 	EXP 	Sound  started
235.9753 	DATA 	Keypress: rctrl
236.0421 	EXP 	Sound  started
236.7273 	DATA 	Keypress: rctrl
236.7921 	EXP 	Sound  started
237.4794 	DATA 	Keypress: lctrl
237.5421 	EXP 	Sound  started
238.1993 	DATA 	Keypress: rctrl
238.2921 	EXP 	Sound  started
238.9673 	DATA 	Keypress: lctrl
239.0421 	EXP 	Sound  started
239.6392 	DATA 	Keypress: rctrl
239.7922 	EXP 	Sound  started
240.4714 	DATA 	Keypress: lctrl
240.5422 	EXP 	Sound  started
241.2392 	DATA 	Keypress: lctrl
241.2922 	EXP 	Sound  started
241.9433 	DATA 	Keypress: rctrl
242.0422 	EXP 	Sound  started
242.7112 	DATA 	Keypress: rctrl
242.7922 	EXP 	Sound  started
243.4474 	DATA 	Keypress: lctrl
243.5422 	EXP 	Sound  started
244.2792 	DATA 	Keypress: lctrl
244.2922 	EXP 	Sound  started
244.9992 	DATA 	Keypress: lctrl
245.0423 	EXP 	Sound  started
245.7352 	DATA 	Keypress: lctrl
245.7923 	EXP 	Sound  started
246.4873 	DATA 	Keypress: lctrl
246.5423 	EXP 	Sound  started
247.1913 	DATA 	Keypress: rctrl
247.2923 	EXP 	Sound  started
248.0232 	DATA 	Keypress: rctrl
248.0423 	EXP 	Sound  started
248.7923 	EXP 	Sound  started
248.8233 	DATA 	Keypress: rctrl
249.4953 	DATA 	Keypress: rctrl
249.5423 	EXP 	Sound  started
250.2923 	EXP 	Sound  started
250.3113 	DATA 	Keypress: rctrl
251.0153 	DATA 	Keypress: rctrl
251.0424 	EXP 	Sound  started
251.7193 	DATA 	Keypress: lctrl
251.7924 	EXP 	Sound  started
252.5424 	EXP 	Sound  started
252.5673 	DATA 	Keypress: lctrl
253.2924 	EXP 	Sound  started
253.3192 	DATA 	Keypress: lctrl
254.0232 	DATA 	Keypress: lctrl
254.0424 	EXP 	Sound  started
254.7924 	EXP 	Sound  started
254.8073 	DATA 	Keypress: lctrl
255.4634 	DATA 	Keypress: rctrl
255.5425 	EXP 	Sound  started
256.2925 	EXP 	Sound  started
256.2953 	DATA 	Keypress: lctrl
257.0425 	EXP 	Sound  started
257.0473 	DATA 	Keypress: lctrl
257.7672 	DATA 	Keypress: rctrl
257.7925 	EXP 	Sound  started
258.5193 	DATA 	Keypress: rctrl
258.5425 	EXP 	Sound  started
259.2925 	EXP 	Sound  started
259.4473 	DATA 	Keypress: lctrl
260.0233 	DATA 	Keypress: lctrl
260.0425 	EXP 	Sound  started
260.7433 	DATA 	Keypress: rctrl
260.7925 	EXP 	Sound  started
261.5112 	DATA 	Keypress: lctrl
261.5426 	EXP 	Sound  started
262.2633 	DATA 	Keypress: rctrl
262.2926 	EXP 	Sound  started
263.0426 	EXP 	Sound  started
263.0952 	DATA 	Keypress: lctrl
263.7926 	EXP 	Sound  started
263.8473 	DATA 	Keypress: lctrl
264.5193 	DATA 	Keypress: rctrl
264.5426 	EXP 	Sound  started
265.2552 	DATA 	Keypress: rctrl
265.2926 	EXP 	Sound  started
265.9913 	DATA 	Keypress: rctrl
266.0426 	EXP 	Sound  started
266.7753 	DATA 	Keypress: rctrl
266.7927 	EXP 	Sound  started
267.5427 	EXP 	Sound  started
267.5593 	DATA 	Keypress: lctrl
268.2632 	DATA 	Keypress: lctrl
268.2927 	EXP 	Sound  started
269.0152 	DATA 	Keypress: lctrl
269.0427 	EXP 	Sound  started
269.7512 	DATA 	Keypress: rctrl
269.7927 	EXP 	Sound  started
270.5427 	EXP 	Sound  started
270.5833 	DATA 	Keypress: lctrl
271.2394 	DATA 	Keypress: rctrl
271.2927 	EXP 	Sound  started
272.0233 	DATA 	Keypress: rctrl
272.0428 	EXP 	Sound  started
272.7592 	DATA 	Keypress: rctrl
272.7928 	EXP 	Sound  started
273.5273 	DATA 	Keypress: lctrl
273.5428 	EXP 	Sound  started
274.2314 	DATA 	Keypress: lctrl
277.0982 	DATA 	Keypress: 3
277.1147 	EXP 	unnamed ShapeStim: vertices = <class 'numpy.ndarray'>
278.6354 	DATA 	Keypress: rctrl
282.6694 	DATA 	Keypress: 3
282.6859 	EXP 	unnamed ShapeStim: vertices = <class 'numpy.ndarray'>
284.2075 	DATA 	Keypress: rctrl
288.0110 	DATA 	Keypress: 3
288.0403 	EXP 	unnamed ShapeStim: vertices = <class 'numpy.ndarray'>
289.5584 	DATA 	Keypress: rctrl
290.3245 	EXP 	Sound  started
290.3247 	DATA 	Keypress: lctrl
290.9514 	DATA 	Keypress: rctrl
291.0745 	EXP 	Sound  started
291.7512 	DATA 	Keypress: lctrl
291.8245 	EXP 	Sound  started
292.5514 	DATA 	Keypress: lctrl
292.5745 	EXP 	Sound  started
293.2392 	DATA 	Keypress: rctrl
293.3245 	EXP 	Sound  started
293.9752 	DATA 	Keypress: lctrl
294.0745 	EXP 	Sound  started
294.7753 	DATA 	Keypress: lctrl
294.8245 	EXP 	Sound  started
295.5112 	DATA 	Keypress: lctrl
295.5745 	EXP 	Sound  started
296.2793 	DATA 	Keypress: rctrl
296.3245 	EXP 	Sound  started
297.0476 	DATA 	Keypress: rctrl
297.0746 	EXP 	Sound  started
297.7994 	DATA 	Keypress: lctrl
297.8246 	EXP 	Sound  started
298.5033 	DATA 	Keypress: rctrl
298.5746 	EXP 	Sound  started
299.2875 	DATA 	Keypress: lctrl
299.3246 	EXP 	Sound  started
300.0232 	DATA 	Keypress: lctrl
300.0746 	EXP 	Sound  started
300.7593 	DATA 	Keypress: lctrl
300.8246 	EXP 	Sound  started
301.4634 	DATA 	Keypress: rctrl
301.5746 	EXP 	Sound  started
302.2473 	DATA 	Keypress: rctrl
302.3247 	EXP 	Sound  started
303.0472 	DATA 	Keypress: rctrl
303.0747 	EXP 	Sound  started
303.7032 	DATA 	Keypress: rctrl
303.8247 	EXP 	Sound  started
304.4713 	DATA 	Keypress: rctrl
304.5747 	EXP 	Sound  started
305.3193 	DATA 	Keypress: lctrl
305.3247 	EXP 	Sound  started
305.9913 	DATA 	Keypress: rctrl
306.0747 	EXP 	Sound  started
306.8233 	DATA 	Keypress: lctrl
306.8247 	EXP 	Sound  started
307.5113 	DATA 	Keypress: rctrl
307.5748 	EXP 	Sound  started
308.3248 	EXP 	Sound  started
308.3432 	DATA 	Keypress: lctrl
309.0313 	DATA 	Keypress: rctrl
309.0748 	EXP 	Sound  started
309.7833 	DATA 	Keypress: rctrl
309.8248 	EXP 	Sound  started
310.5032 	DATA 	Keypress: rctrl
310.5748 	EXP 	Sound  started
311.3248 	EXP 	Sound  started
311.3513 	DATA 	Keypress: rctrl
312.0073 	DATA 	Keypress: rctrl
312.0748 	EXP 	Sound  started
312.8232 	DATA 	Keypress: lctrl
312.8249 	EXP 	Sound  started
313.5749 	EXP 	Sound  started
313.6073 	DATA 	Keypress: rctrl
314.3249 	EXP 	Sound  started
314.3592 	DATA 	Keypress: lctrl
315.0749 	EXP 	Sound  started
315.0953 	DATA 	Keypress: lctrl
315.8249 	EXP 	Sound  started
315.8314 	DATA 	Keypress: lctrl
316.5513 	DATA 	Keypress: rctrl
316.5749 	EXP 	Sound  started
317.3249 	EXP 	Sound  started
317.3353 	DATA 	Keypress: rctrl
318.0713 	DATA 	Keypress: rctrl
318.0749 	EXP 	Sound  started
318.8249 	EXP 	Sound  started
318.9192 	DATA 	Keypress: rctrl
319.5750 	EXP 	Sound  started
319.5912 	DATA 	Keypress: lctrl
320.3112 	DATA 	Keypress: lctrl
320.3250 	EXP 	Sound  started
321.0750 	EXP 	Sound  started
321.0793 	DATA 	Keypress: lctrl
321.8250 	EXP 	Sound  started
321.8313 	DATA 	Keypress: lctrl
322.5750 	EXP 	Sound  started
322.5833 	DATA 	Keypress: lctrl
323.3193 	DATA 	Keypress: rctrl
323.3250 	EXP 	Sound  started
324.0233 	DATA 	Keypress: rctrl
324.0751 	EXP 	Sound  started
324.8073 	DATA 	Keypress: rctrl
324.8251 	EXP 	Sound  started
325.5751 	EXP 	Sound  started
325.5913 	DATA 	Keypress: rctrl
326.3251 	EXP 	Sound  started
326.3432 	DATA 	Keypress: rctrl
327.0751 	EXP 	Sound  started
327.0792 	DATA 	Keypress: rctrl
327.8152 	DATA 	Keypress: lctrl
327.8251 	EXP 	Sound  started
328.5672 	DATA 	Keypress: lctrl
328.5751 	EXP 	Sound  started
329.3251 	EXP 	Sound  started
329.3672 	DATA 	Keypress: lctrl
330.0713 	DATA 	Keypress: lctrl
330.0752 	EXP 	Sound  started
330.8252 	EXP 	Sound  started
330.8393 	DATA 	Keypress: lctrl
330.9192 	DATA 	Keypress: rctrl
331.5752 	EXP 	Sound  started
331.5913 	DATA 	Keypress: rctrl
332.3252 	EXP 	Sound  started
332.3433 	DATA 	Keypress: rctrl
333.0312 	DATA 	Keypress: lctrl
333.0752 	EXP 	Sound  started
333.7994 	DATA 	Keypress: rctrl
333.8252 	EXP 	Sound  started
334.5512 	DATA 	Keypress: lctrl
334.5752 	EXP 	Sound  started
335.3193 	DATA 	Keypress: rctrl
335.3252 	EXP 	Sound  started
336.0753 	EXP 	Sound  started
336.1032 	DATA 	Keypress: rctrl
336.8253 	EXP 	Sound  started
336.8393 	DATA 	Keypress: rctrl
337.5753 	DATA 	Keypress: lctrl
337.5755 	EXP 	Sound  started
338.3255 	EXP 	Sound  started
338.3433 	DATA 	Keypress: lctrl
339.0312 	DATA 	Keypress: rctrl
339.0755 	EXP 	Sound  started
339.7513 	DATA 	Keypress: rctrl
339.8255 	EXP 	Sound  started
340.4872 	DATA 	Keypress: rctrl
340.5755 	EXP 	Sound  started
341.3192 	DATA 	Keypress: lctrl
341.3255 	EXP 	Sound  started
342.0756 	EXP 	Sound  started
342.1033 	DATA 	Keypress: lctrl
342.7753 	DATA 	Keypress: rctrl
342.8256 	EXP 	Sound  started
343.5756 	EXP 	Sound  started
343.5912 	DATA 	Keypress: lctrl
344.3256 	EXP 	Sound  started
344.3273 	DATA 	Keypress: rctrl
345.0633 	DATA 	Keypress: rctrl
345.0756 	EXP 	Sound  started
345.8153 	DATA 	Keypress: lctrl
345.8256 	EXP 	Sound  started
346.5756 	EXP 	Sound  started
346.5832 	DATA 	Keypress: rctrl
347.3033 	DATA 	Keypress: rctrl
347.3257 	EXP 	Sound  started
348.0553 	DATA 	Keypress: lctrl
348.0757 	EXP 	Sound  started
348.8073 	DATA 	Keypress: lctrl
348.8257 	EXP 	Sound  started
349.5272 	DATA 	Keypress: rctrl
349.5757 	EXP 	Sound  started
350.3257 	EXP 	Sound  started
350.3272 	DATA 	Keypress: lctrl
351.0312 	DATA 	Keypress: lctrl
351.0757 	EXP 	Sound  started
351.7992 	DATA 	Keypress: lctrl
351.8257 	EXP 	Sound  started
352.5512 	DATA 	Keypress: lctrl
352.5758 	EXP 	Sound  started
353.3192 	DATA 	Keypress: rctrl
353.3258 	EXP 	Sound  started
354.0758 	EXP 	Sound  started
354.1353 	DATA 	Keypress: rctrl
354.8072 	DATA 	Keypress: lctrl
354.8258 	EXP 	Sound  started
355.5113 	DATA 	Keypress: rctrl
355.5758 	EXP 	Sound  started
356.2793 	DATA 	Keypress: lctrl
356.3258 	EXP 	Sound  started
357.0758 	EXP 	Sound  started
357.0792 	DATA 	Keypress: lctrl
357.7994 	DATA 	Keypress: lctrl
359.5992 	DATA 	Keypress: 3
359.6157 	EXP 	unnamed ShapeStim: vertices = <class 'numpy.ndarray'>
361.1359 	DATA 	Keypress: rctrl
364.1529 	DATA 	Keypress: 4
364.1694 	EXP 	unnamed ShapeStim: vertices = <class 'numpy.ndarray'>
365.6897 	DATA 	Keypress: rctrl
367.8059 	DATA 	Keypress: 3
367.8224 	EXP 	unnamed ShapeStim: vertices = <class 'numpy.ndarray'>
369.3393 	DATA 	Keypress: rctrl
370.1063 	EXP 	Sound  started
370.1064 	DATA 	Keypress: lctrl
370.7112 	DATA 	Keypress: rctrl
370.8563 	EXP 	Sound  started
371.5113 	DATA 	Keypress: lctrl
371.6063 	EXP 	Sound  started
372.2153 	DATA 	Keypress: rctrl
372.3563 	EXP 	Sound  started
372.9993 	DATA 	Keypress: rctrl
373.1063 	EXP 	Sound  started
373.7833 	DATA 	Keypress: lctrl
373.8563 	EXP 	Sound  started
374.5032 	DATA 	Keypress: rctrl
374.6063 	EXP 	Sound  started
375.2712 	DATA 	Keypress: rctrl
375.3564 	EXP 	Sound  started
376.0713 	DATA 	Keypress: lctrl
376.1064 	EXP 	Sound  started
376.8072 	DATA 	Keypress: lctrl
376.8564 	EXP 	Sound  started
377.5113 	DATA 	Keypress: rctrl
377.6064 	EXP 	Sound  started
378.2473 	DATA 	Keypress: lctrl
378.3564 	EXP 	Sound  started
379.0312 	DATA 	Keypress: lctrl
379.1064 	EXP 	Sound  started
379.7992 	DATA 	Keypress: lctrl
379.8564 	EXP 	Sound  started
380.5193 	DATA 	Keypress: rctrl
380.6065 	EXP 	Sound  started
381.3352 	DATA 	Keypress: lctrl
381.3565 	EXP 	Sound  started
382.0552 	DATA 	Keypress: rctrl
382.1065 	EXP 	Sound  started
382.7912 	DATA 	Keypress: rctrl
382.8565 	EXP 	Sound  started
383.6065 	EXP 	Sound  started
383.6233 	DATA 	Keypress: lctrl
384.3565 	EXP 	Sound  started
384.4872 	DATA 	Keypress: lctrl
385.0794 	DATA 	Keypress: lctrl
385.1066 	EXP 	Sound  started
385.8472 	DATA 	Keypress: lctrl
385.8566 	EXP 	Sound  started
386.6066 	EXP 	Sound  started
386.6313 	DATA 	Keypress: lctrl
387.3192 	DATA 	Keypress: lctrl
387.3566 	EXP 	Sound  started
388.0073 	DATA 	Keypress: lctrl
388.1066 	EXP 	Sound  started
388.8392 	DATA 	Keypress: rctrl
388.8566 	EXP 	Sound  started
389.5432 	DATA 	Keypress: rctrl
389.6066 	EXP 	Sound  started
390.3567 	EXP 	Sound  started
390.3593 	DATA 	Keypress: rctrl
391.0952 	DATA 	Keypress: rctrl
391.1067 	EXP 	Sound  started
391.8472 	DATA 	Keypress: rctrl
391.8567 	EXP 	Sound  started
392.5992 	DATA 	Keypress: rctrl
392.6067 	EXP 	Sound  started
393.2713 	DATA 	Keypress: rctrl
393.3567 	EXP 	Sound  started
394.1067 	EXP 	Sound  started
394.1352 	DATA 	Keypress: lctrl
394.8392 	DATA 	Keypress: lctrl
394.8567 	EXP 	Sound  started
395.6067 	EXP 	Sound  started
395.6232 	DATA 	Keypress: lctrl
396.3568 	EXP 	Sound  started
396.4072 	DATA 	Keypress: rctrl
397.1068 	EXP 	Sound  started
397.1112 	DATA 	Keypress: lctrl
397.8568 	EXP 	Sound  started
397.8632 	DATA 	Keypress: rctrl
398.5832 	DATA 	Keypress: rctrl
398.6068 	EXP 	Sound  started
399.2712 	DATA 	Keypress: lctrl
399.3568 	EXP 	Sound  started
400.1068 	EXP 	Sound  started
400.1352 	DATA 	Keypress: rctrl
400.7432 	DATA 	Keypress: lctrl
400.8568 	EXP 	Sound  started
401.4152 	DATA 	Keypress: rctrl
401.6069 	EXP 	Sound  started
402.3432 	DATA 	Keypress: rctrl
402.3569 	EXP 	Sound  started
403.1069 	EXP 	Sound  started
403.1433 	DATA 	Keypress: lctrl
403.8472 	DATA 	Keypress: rctrl
403.8569 	EXP 	Sound  started
404.5833 	DATA 	Keypress: lctrl
404.6069 	EXP 	Sound  started
405.2872 	DATA 	Keypress: rctrl
405.3569 	EXP 	Sound  started
406.0552 	DATA 	Keypress: lctrl
406.1069 	EXP 	Sound  started
406.8552 	DATA 	Keypress: lctrl
406.8570 	EXP 	Sound  started
407.5112 	DATA 	Keypress: rctrl
407.6070 	EXP 	Sound  started
408.2952 	DATA 	Keypress: rctrl
408.3570 	EXP 	Sound  started
409.0792 	DATA 	Keypress: lctrl
409.1070 	EXP 	Sound  started
409.7993 	DATA 	Keypress: rctrl
409.8570 	EXP 	Sound  started
410.5833 	DATA 	Keypress: rctrl
410.6070 	EXP 	Sound  started
411.3032 	DATA 	Keypress: lctrl
411.3570 	EXP 	Sound  started
412.1071 	EXP 	Sound  started
412.1512 	DATA 	Keypress: lctrl
412.7912 	DATA 	Keypress: rctrl
412.8571 	EXP 	Sound  started
413.5592 	DATA 	Keypress: rctrl
413.6071 	EXP 	Sound  started
414.2953 	DATA 	Keypress: rctrl
414.3571 	EXP 	Sound  started
415.0792 	DATA 	Keypress: rctrl
415.1071 	EXP 	Sound  started
415.7993 	DATA 	Keypress: rctrl
415.8571 	EXP 	Sound  started
416.5832 	DATA 	Keypress: lctrl
416.6071 	EXP 	Sound  started
417.2873 	DATA 	Keypress: rctrl
417.3571 	EXP 	Sound  started
418.0232 	DATA 	Keypress: rctrl
418.1072 	EXP 	Sound  started
418.7113 	DATA 	Keypress: lctrl
418.8572 	EXP 	Sound  started
419.5113 	DATA 	Keypress: lctrl
421.2498 	DATA 	Keypress: 2
421.2663 	EXP 	unnamed ShapeStim: vertices = <class 'numpy.ndarray'>
422.7870 	DATA 	Keypress: rctrl
427.1918 	DATA 	Keypress: 3
427.2212 	EXP 	unnamed ShapeStim: vertices = <class 'numpy.ndarray'>
428.7421 	DATA 	Keypress: rctrl
429.1439 	DATA 	Keypress: 1
429.1733 	EXP 	unnamed ShapeStim: vertices = <class 'numpy.ndarray'>
430.6915 	DATA 	Keypress: rctrl
431.4576 	EXP 	Sound  started
431.6234 	DATA 	Keypress: rctrl
432.2076 	EXP 	Sound  started
432.2313 	DATA 	Keypress: rctrl
432.9033 	DATA 	Keypress: lctrl
432.9576 	EXP 	Sound  started
433.6072 	DATA 	Keypress: lctrl
433.7076 	EXP 	Sound  started
434.3914 	DATA 	Keypress: lctrl
434.4576 	EXP 	Sound  started
435.1113 	DATA 	Keypress: rctrl
435.2076 	EXP 	Sound  started
435.9274 	DATA 	Keypress: lctrl
435.9577 	EXP 	Sound  started
436.6633 	DATA 	Keypress: lctrl
436.7077 	EXP 	Sound  started
437.4153 	DATA 	Keypress: lctrl
437.4577 	EXP 	Sound  started
438.1672 	DATA 	Keypress: lctrl
438.2077 	EXP 	Sound  started
438.9353 	DATA 	Keypress: rctrl
438.9577 	EXP 	Sound  started
439.6394 	DATA 	Keypress: rctrl
439.7077 	EXP 	Sound  started
440.4233 	DATA 	Keypress: rctrl
440.4577 	EXP 	Sound  started
441.1592 	DATA 	Keypress: lctrl
441.2077 	EXP 	Sound  started
441.8793 	DATA 	Keypress: rctrl
441.9578 	EXP 	Sound  started
442.6313 	DATA 	Keypress: lctrl
442.7078 	EXP 	Sound  started
443.4153 	DATA 	Keypress: lctrl
443.4578 	EXP 	Sound  started
444.2078 	EXP 	Sound  started
444.2153 	DATA 	Keypress: lctrl
444.9578 	EXP 	Sound  started
444.9992 	DATA 	Keypress: lctrl
445.7033 	DATA 	Keypress: lctrl
445.7078 	EXP 	Sound  started
446.4074 	DATA 	Keypress: rctrl
446.4578 	EXP 	Sound  started
447.1592 	DATA 	Keypress: rctrl
447.2079 	EXP 	Sound  started
447.9114 	DATA 	Keypress: rctrl
447.9579 	EXP 	Sound  started
448.7079 	EXP 	Sound  started
448.7113 	DATA 	Keypress: rctrl
449.4473 	DATA 	Keypress: lctrl
449.4579 	EXP 	Sound  started
450.1192 	DATA 	Keypress: rctrl
450.2079 	EXP 	Sound  started
450.8233 	DATA 	Keypress: lctrl
450.9579 	EXP 	Sound  started
451.5753 	DATA 	Keypress: rctrl
451.7079 	EXP 	Sound  started
452.4073 	DATA 	Keypress: lctrl
452.4580 	EXP 	Sound  started
453.2072 	DATA 	Keypress: rctrl
453.2080 	EXP 	Sound  started
453.9273 	DATA 	Keypress: rctrl
453.9580 	EXP 	Sound  started
454.6953 	DATA 	Keypress: rctrl
454.7080 	EXP 	Sound  started
455.3353 	DATA 	Keypress: rctrl
455.4580 	EXP 	Sound  started
456.1992 	DATA 	Keypress: rctrl
456.2080 	EXP 	Sound  started
456.9033 	DATA 	Keypress: rctrl
456.9580 	EXP 	Sound  started
457.6392 	DATA 	Keypress: rctrl
457.7080 	EXP 	Sound  started
458.2312 	DATA 	Keypress: lctrl
458.4581 	EXP 	Sound  started
459.1273 	DATA 	Keypress: lctrl
459.2081 	EXP 	Sound  started
459.9581 	EXP 	Sound  started
459.9753 	DATA 	Keypress: lctrl
460.6472 	DATA 	Keypress: lctrl
460.7081 	EXP 	Sound  started
460.8713 	DATA 	Keypress: lctrl
461.3992 	DATA 	Keypress: lctrl
461.4581 	EXP 	Sound  started
462.1832 	DATA 	Keypress: lctrl
462.2081 	EXP 	Sound  started
462.9033 	DATA 	Keypress: rctrl
462.9581 	EXP 	Sound  started
463.6552 	DATA 	Keypress: lctrl
463.7082 	EXP 	Sound  started
464.4232 	DATA 	Keypress: rctrl
464.4582 	EXP 	Sound  started
465.1913 	DATA 	Keypress: rctrl
465.2082 	EXP 	Sound  started
465.9273 	DATA 	Keypress: lctrl
465.9582 	EXP 	Sound  started
466.6632 	DATA 	Keypress: rctrl
466.7082 	EXP 	Sound  started
467.4152 	DATA 	Keypress: lctrl
467.4582 	EXP 	Sound  started
468.1832 	DATA 	Keypress: lctrl
468.2082 	EXP 	Sound  started
468.9193 	DATA 	Keypress: rctrl
468.9582 	EXP 	Sound  started
469.6553 	DATA 	Keypress: rctrl
469.7083 	EXP 	Sound  started
470.4553 	DATA 	Keypress: rctrl
470.4583 	EXP 	Sound  started
471.1752 	DATA 	Keypress: rctrl
471.2083 	EXP 	Sound  started
471.9273 	DATA 	Keypress: rctrl
471.9583 	EXP 	Sound  started
472.7083 	EXP 	Sound  started
472.7113 	DATA 	Keypress: lctrl
473.4583 	EXP 	Sound  started
473.4633 	DATA 	Keypress: lctrl
474.1833 	DATA 	Keypress: lctrl
474.2083 	EXP 	Sound  started
474.8713 	DATA 	Keypress: rctrl
474.9584 	EXP 	Sound  started
475.6872 	DATA 	Keypress: rctrl
475.7084 	EXP 	Sound  started
476.4233 	DATA 	Keypress: rctrl
476.4584 	EXP 	Sound  started
477.1593 	DATA 	Keypress: rctrl
477.2084 	EXP 	Sound  started
477.9584 	EXP 	Sound  started
477.9913 	DATA 	Keypress: lctrl
478.6953 	DATA 	Keypress: lctrl
478.7084 	EXP 	Sound  started
479.3993 	DATA 	Keypress: lctrl
479.4585 	EXP 	Sound  started
480.1675 	DATA 	Keypress: rctrl
480.2085 	EXP 	Sound  started
480.9513 	DATA 	Keypress: rctrl
480.9585 	EXP 	Sound  started
481.6392 	DATA 	Keypress: rctrl
481.7085 	EXP 	Sound  started
482.4392 	DATA 	Keypress: lctrl
482.4585 	EXP 	Sound  started
483.1753 	DATA 	Keypress: lctrl
483.2085 	EXP 	Sound  started
483.9434 	DATA 	Keypress: rctrl
483.9585 	EXP 	Sound  started
484.6953 	DATA 	Keypress: lctrl
484.7085 	EXP 	Sound  started
485.4152 	DATA 	Keypress: rctrl
485.4585 	EXP 	Sound  started
486.1992 	DATA 	Keypress: rctrl
486.2086 	EXP 	Sound  started
486.9353 	DATA 	Keypress: lctrl
486.9586 	EXP 	Sound  started
487.7086 	EXP 	Sound  started
487.7192 	DATA 	Keypress: lctrl
488.4393 	DATA 	Keypress: rctrl
488.4586 	EXP 	Sound  started
489.1592 	DATA 	Keypress: lctrl
489.2086 	EXP 	Sound  started
489.9113 	DATA 	Keypress: rctrl
489.9586 	EXP 	Sound  started
490.6632 	DATA 	Keypress: rctrl
493.7259 	DATA 	Keypress: 2
493.7424 	EXP 	unnamed ShapeStim: vertices = <class 'numpy.ndarray'>
495.2642 	DATA 	Keypress: rctrl
497.8665 	DATA 	Keypress: 2
497.8958 	EXP 	unnamed ShapeStim: vertices = <class 'numpy.ndarray'>
499.4171 	DATA 	Keypress: rctrl
502.4998 	DATA 	Keypress: 1
502.5163 	EXP 	unnamed ShapeStim: vertices = <class 'numpy.ndarray'>
504.0345 	DATA 	Keypress: rctrl
504.8016 	EXP 	Sound  started
504.9352 	DATA 	Keypress: rctrl
505.5516 	EXP 	Sound  started
505.5592 	DATA 	Keypress: lctrl
506.1993 	DATA 	Keypress: rctrl
506.3016 	EXP 	Sound  started
506.9192 	DATA 	Keypress: lctrl
507.0516 	EXP 	Sound  started
507.7032 	DATA 	Keypress: rctrl
507.8016 	EXP 	Sound  started
508.4712 	DATA 	Keypress: rctrl
508.5516 	EXP 	Sound  started
509.1912 	DATA 	Keypress: rctrl
509.3016 	EXP 	Sound  started
509.9912 	DATA 	Keypress: lctrl
510.0516 	EXP 	Sound  started
510.7593 	DATA 	Keypress: lctrl
510.8017 	EXP 	Sound  started
511.4792 	DATA 	Keypress: lctrl
511.5517 	EXP 	Sound  started
512.2472 	DATA 	Keypress: rctrl
512.3017 	EXP 	Sound  started
513.0153 	DATA 	Keypress: lctrl
513.0517 	EXP 	Sound  started
513.7353 	DATA 	Keypress: rctrl
513.8017 	EXP 	Sound  started
514.4872 	DATA 	Keypress: rctrl
514.5517 	EXP 	Sound  started
515.2232 	DATA 	Keypress: lctrl
515.3018 	EXP 	Sound  started
516.0233 	DATA 	Keypress: lctrl
516.0518 	EXP 	Sound  started
516.7753 	DATA 	Keypress: lctrl
516.8018 	EXP 	Sound  started
517.5432 	DATA 	Keypress: rctrl
517.5518 	EXP 	Sound  started
518.2472 	DATA 	Keypress: rctrl
518.3018 	EXP 	Sound  started
519.0313 	DATA 	Keypress: rctrl
519.0518 	EXP 	Sound  started
519.7673 	DATA 	Keypress: rctrl
519.8018 	EXP 	Sound  started
520.4713 	DATA 	Keypress: lctrl
520.5519 	EXP 	Sound  started
521.2872 	DATA 	Keypress: rctrl
521.3019 	EXP 	Sound  started
521.9753 	DATA 	Keypress: lctrl
522.0519 	EXP 	Sound  started
522.7912 	DATA 	Keypress: rctrl
522.8019 	EXP 	Sound  started
523.5519 	EXP 	Sound  started
523.5752 	DATA 	Keypress: rctrl
524.3019 	EXP 	Sound  started
524.3272 	DATA 	Keypress: rctrl
524.9672 	DATA 	Keypress: rctrl
525.0519 	EXP 	Sound  started
525.7353 	DATA 	Keypress: rctrl
525.8020 	EXP 	Sound  started
526.5032 	DATA 	Keypress: lctrl
526.5520 	EXP 	Sound  started
527.2712 	DATA 	Keypress: lctrl
527.3020 	EXP 	Sound  started
528.0072 	DATA 	Keypress: lctrl
528.0520 	EXP 	Sound  started
528.7433 	DATA 	Keypress: lctrl
528.8020 	EXP 	Sound  started
529.5273 	DATA 	Keypress: lctrl
529.5520 	EXP 	Sound  started
530.2792 	DATA 	Keypress: rctrl
530.3020 	EXP 	Sound  started
531.0472 	DATA 	Keypress: lctrl
531.0520 	EXP 	Sound  started
531.8021 	EXP 	Sound  started
531.8152 	DATA 	Keypress: rctrl
532.5521 	EXP 	Sound  started
532.5833 	DATA 	Keypress: lctrl
533.2073 	DATA 	Keypress: rctrl
533.3021 	EXP 	Sound  started
534.0521 	EXP 	Sound  started
534.0553 	DATA 	Keypress: lctrl
534.8021 	EXP 	Sound  started
534.8392 	DATA 	Keypress: lctrl
535.5113 	DATA 	Keypress: lctrl
535.5521 	EXP 	Sound  started
536.2153 	DATA 	Keypress: rctrl
536.3021 	EXP 	Sound  started
536.9832 	DATA 	Keypress: rctrl
537.0522 	EXP 	Sound  started
537.6872 	DATA 	Keypress: lctrl
537.8022 	EXP 	Sound  started
538.5193 	DATA 	Keypress: rctrl
538.5522 	EXP 	Sound  started
539.3022 	EXP 	Sound  started
539.3993 	DATA 	Keypress: rctrl
540.0522 	EXP 	Sound  started
540.0553 	DATA 	Keypress: rctrl
540.7593 	DATA 	Keypress: lctrl
540.8022 	EXP 	Sound  started
541.4954 	DATA 	Keypress: lctrl
541.5522 	EXP 	Sound  started
542.2633 	DATA 	Keypress: rctrl
542.3023 	EXP 	Sound  started
543.0473 	DATA 	Keypress: lctrl
543.0523 	EXP 	Sound  started
543.7993 	DATA 	Keypress: rctrl
543.8023 	EXP 	Sound  started
544.5032 	DATA 	Keypress: lctrl
544.5523 	EXP 	Sound  started
545.2873 	DATA 	Keypress: rctrl
545.3023 	EXP 	Sound  started
546.0232 	DATA 	Keypress: lctrl
546.0523 	EXP 	Sound  started
546.7913 	DATA 	Keypress: rctrl
546.8023 	EXP 	Sound  started
547.5524 	EXP 	Sound  started
547.5593 	DATA 	Keypress: lctrl
548.2795 	DATA 	Keypress: rctrl
548.3024 	EXP 	Sound  started
549.0152 	DATA 	Keypress: lctrl
549.0524 	EXP 	Sound  started
549.7352 	DATA 	Keypress: rctrl
549.8024 	EXP 	Sound  started
550.4713 	DATA 	Keypress: rctrl
550.5524 	EXP 	Sound  started
551.2873 	DATA 	Keypress: lctrl
551.3024 	EXP 	Sound  started
552.0393 	DATA 	Keypress: rctrl
552.0525 	EXP 	Sound  started
552.7753 	DATA 	Keypress: rctrl
552.8025 	EXP 	Sound  started
553.5432 	DATA 	Keypress: lctrl
553.5525 	EXP 	Sound  started
554.2953 	DATA 	Keypress: lctrl
554.3025 	EXP 	Sound  started
555.0312 	DATA 	Keypress: rctrl
555.0525 	EXP 	Sound  started
555.8025 	EXP 	Sound  started
555.8153 	DATA 	Keypress: rctrl
556.5525 	EXP 	Sound  started
556.5833 	DATA 	Keypress: lctrl
557.2873 	DATA 	Keypress: lctrl
557.3026 	EXP 	Sound  started
558.0526 	EXP 	Sound  started
558.0553 	DATA 	Keypress: rctrl
558.7432 	DATA 	Keypress: lctrl
558.8026 	EXP 	Sound  started
559.5112 	DATA 	Keypress: lctrl
559.5526 	EXP 	Sound  started
560.3026 	EXP 	Sound  started
560.3273 	DATA 	Keypress: rctrl
561.0313 	DATA 	Keypress: rctrl
561.0526 	EXP 	Sound  started
561.7353 	DATA 	Keypress: lctrl
561.8026 	EXP 	Sound  started
562.5353 	DATA 	Keypress: rctrl
562.5527 	EXP 	Sound  started
563.2714 	DATA 	Keypress: rctrl
563.3027 	EXP 	Sound  started
564.0527 	EXP 	Sound  started
564.0713 	DATA 	Keypress: rctrl
564.7912 	DATA 	Keypress: lctrl
564.8027 	EXP 	Sound  started
565.5433 	DATA 	Keypress: lctrl
565.5527 	EXP 	Sound  started
566.2952 	DATA 	Keypress: lctrl
566.3027 	EXP 	Sound  started
567.0472 	DATA 	Keypress: lctrl
567.0527 	EXP 	Sound  started
567.7192 	DATA 	Keypress: rctrl
567.8028 	EXP 	Sound  started
568.5033 	DATA 	Keypress: rctrl
568.5528 	EXP 	Sound  started
569.2553 	DATA 	Keypress: rctrl
569.3028 	EXP 	Sound  started
570.0528 	EXP 	Sound  started
570.0553 	DATA 	Keypress: lctrl
570.7433 	DATA 	Keypress: rctrl
570.8028 	EXP 	Sound  started
571.5433 	DATA 	Keypress: rctrl
571.5528 	EXP 	Sound  started
572.2633 	DATA 	Keypress: lctrl
572.3028 	EXP 	Sound  started
572.9993 	DATA 	Keypress: rctrl
575.9934 	DATA 	Keypress: 3
576.0100 	EXP 	unnamed ShapeStim: vertices = <class 'numpy.ndarray'>
577.5313 	DATA 	Keypress: rctrl
580.0467 	DATA 	Keypress: 4
580.0633 	EXP 	unnamed ShapeStim: vertices = <class 'numpy.ndarray'>
581.5847 	DATA 	Keypress: rctrl
583.9000 	DATA 	Keypress: 3
583.9164 	EXP 	unnamed ShapeStim: vertices = <class 'numpy.ndarray'>
585.4348 	DATA 	Keypress: rctrl
586.2018 	EXP 	Sound  started
586.4554 	DATA 	Keypress: rctrl
586.9513 	DATA 	Keypress: lctrl
586.9518 	EXP 	Sound  started
587.7018 	EXP 	Sound  started
587.7032 	DATA 	Keypress: rctrl
588.3592 	DATA 	Keypress: lctrl
588.4518 	EXP 	Sound  started
589.1273 	DATA 	Keypress: lctrl
589.2018 	EXP 	Sound  started
589.9432 	DATA 	Keypress: lctrl
589.9518 	EXP 	Sound  started
590.5832 	DATA 	Keypress: lctrl
590.7018 	EXP 	Sound  started
591.3833 	DATA 	Keypress: lctrl
591.4519 	EXP 	Sound  started
592.1353 	DATA 	Keypress: rctrl
592.2019 	EXP 	Sound  started
592.9519 	EXP 	Sound  started
593.0633 	DATA 	Keypress: rctrl
593.6872 	DATA 	Keypress: rctrl
593.7019 	EXP 	Sound  started
594.4072 	DATA 	Keypress: lctrl
594.4519 	EXP 	Sound  started
595.1433 	DATA 	Keypress: lctrl
595.2019 	EXP 	Sound  started
595.9273 	DATA 	Keypress: rctrl
595.9519 	EXP 	Sound  started
596.6473 	DATA 	Keypress: rctrl
596.7020 	EXP 	Sound  started
597.3993 	DATA 	Keypress: rctrl
597.4520 	EXP 	Sound  started
598.1193 	DATA 	Keypress: rctrl
598.2020 	EXP 	Sound  started
598.9520 	EXP 	Sound  started
599.0313 	DATA 	Keypress: rctrl
599.7020 	EXP 	Sound  started
599.7512 	DATA 	Keypress: rctrl
600.4072 	DATA 	Keypress: rctrl
600.4520 	EXP 	Sound  started
601.2020 	EXP 	Sound  started
601.2232 	DATA 	Keypress: lctrl
601.9521 	EXP 	Sound  started
602.0073 	DATA 	Keypress: lctrl
602.6953 	DATA 	Keypress: lctrl
602.7021 	EXP 	Sound  started
603.4521 	EXP 	Sound  started
603.4792 	DATA 	Keypress: lctrl
604.1992 	DATA 	Keypress: lctrl
604.2021 	EXP 	Sound  started
604.9193 	DATA 	Keypress: rctrl
604.9521 	EXP 	Sound  started
605.7021 	EXP 	Sound  started
605.7192 	DATA 	Keypress: lctrl
606.3593 	DATA 	Keypress: lctrl
606.4522 	EXP 	Sound  started
607.1113 	DATA 	Keypress: rctrl
607.2022 	EXP 	Sound  started
607.9522 	EXP 	Sound  started
607.9913 	DATA 	Keypress: rctrl
608.6313 	DATA 	Keypress: rctrl
608.7022 	EXP 	Sound  started
609.3832 	DATA 	Keypress: lctrl
609.4522 	EXP 	Sound  started
610.1352 	DATA 	Keypress: lctrl
610.2022 	EXP 	Sound  started
610.9193 	DATA 	Keypress: lctrl
610.9522 	EXP 	Sound  started
611.5753 	DATA 	Keypress: rctrl
611.7023 	EXP 	Sound  started
612.3592 	DATA 	Keypress: lctrl
612.4523 	EXP 	Sound  started
613.2023 	EXP 	Sound  started
613.2073 	DATA 	Keypress: rctrl
613.8792 	DATA 	Keypress: rctrl
613.9523 	EXP 	Sound  started
614.5832 	DATA 	Keypress: rctrl
614.7023 	EXP 	Sound  started
615.4313 	DATA 	Keypress: rctrl
615.4523 	EXP 	Sound  started
616.1353 	DATA 	Keypress: lctrl
616.2024 	EXP 	Sound  started
616.8233 	DATA 	Keypress: lctrl
616.9524 	EXP 	Sound  started
617.6393 	DATA 	Keypress: rctrl
617.7024 	EXP 	Sound  started
618.3592 	DATA 	Keypress: lctrl
618.4524 	EXP 	Sound  started
619.1113 	DATA 	Keypress: lctrl
619.2024 	EXP 	Sound  started
619.9273 	DATA 	Keypress: rctrl
619.9524 	EXP 	Sound  started
620.6152 	DATA 	Keypress: lctrl
620.7024 	EXP 	Sound  started
621.3512 	DATA 	Keypress: rctrl
621.4524 	EXP 	Sound  started
622.1992 	DATA 	Keypress: rctrl
622.2025 	EXP 	Sound  started
622.9525 	EXP 	Sound  started
622.9832 	DATA 	Keypress: lctrl
623.6713 	DATA 	Keypress: lctrl
623.7025 	EXP 	Sound  started
624.3912 	DATA 	Keypress: rctrl
624.4525 	EXP 	Sound  started
625.1433 	DATA 	Keypress: rctrl
625.2025 	EXP 	Sound  started
625.8953 	DATA 	Keypress: lctrl
625.9525 	EXP 	Sound  started
626.7025 	EXP 	Sound  started
626.7273 	DATA 	Keypress: lctrl
627.4526 	EXP 	Sound  started
627.4792 	DATA 	Keypress: rctrl
628.1992 	DATA 	Keypress: rctrl
628.2026 	EXP 	Sound  started
628.9192 	DATA 	Keypress: rctrl
628.9526 	EXP 	Sound  started
629.6552 	DATA 	Keypress: lctrl
629.7026 	EXP 	Sound  started
630.4072 	DATA 	Keypress: lctrl
630.4526 	EXP 	Sound  started
631.2026 	EXP 	Sound  started
631.2553 	DATA 	Keypress: rctrl
631.9527 	EXP 	Sound  started
631.9592 	DATA 	Keypress: rctrl
632.6792 	DATA 	Keypress: lctrl
632.7027 	EXP 	Sound  started
633.4312 	DATA 	Keypress: lctrl
633.4527 	EXP 	Sound  started
634.1192 	DATA 	Keypress: rctrl
634.2027 	EXP 	Sound  started
634.9192 	DATA 	Keypress: rctrl
634.9527 	EXP 	Sound  started
635.6872 	DATA 	Keypress: lctrl
635.7027 	EXP 	Sound  started
636.4072 	DATA 	Keypress: lctrl
636.4527 	EXP 	Sound  started
637.1593 	DATA 	Keypress: rctrl
637.2027 	EXP 	Sound  started
637.8792 	DATA 	Keypress: rctrl
637.9528 	EXP 	Sound  started
638.6633 	DATA 	Keypress: rctrl
638.7028 	EXP 	Sound  started
639.4152 	DATA 	Keypress: lctrl
639.4528 	EXP 	Sound  started
640.1832 	DATA 	Keypress: lctrl
640.2028 	EXP 	Sound  started
640.9528 	EXP 	Sound  started
640.9672 	DATA 	Keypress: rctrl
641.6552 	DATA 	Keypress: lctrl
641.7028 	EXP 	Sound  started
642.4393 	DATA 	Keypress: lctrl
642.4528 	EXP 	Sound  started
643.1593 	DATA 	Keypress: rctrl
643.2028 	EXP 	Sound  started
643.9272 	DATA 	Keypress: rctrl
643.9529 	EXP 	Sound  started
644.6792 	DATA 	Keypress: lctrl
644.7029 	EXP 	Sound  started
645.4473 	DATA 	Keypress: lctrl
645.4529 	EXP 	Sound  started
646.1512 	DATA 	Keypress: rctrl
646.2029 	EXP 	Sound  started
646.9193 	DATA 	Keypress: rctrl
646.9529 	EXP 	Sound  started
647.6872 	DATA 	Keypress: rctrl
647.7029 	EXP 	Sound  started
648.4739 	DATA 	Keypress: lctrl
650.1209 	DATA 	Keypress: 3
650.1374 	EXP 	unnamed ShapeStim: vertices = <class 'numpy.ndarray'>
651.6589 	DATA 	Keypress: rctrl
651.9930 	DATA 	Keypress: 1
652.0227 	EXP 	unnamed ShapeStim: vertices = <class 'numpy.ndarray'>
653.5441 	DATA 	Keypress: rctrl
655.6921 	DATA 	Keypress: 1
655.7086 	EXP 	unnamed ShapeStim: vertices = <class 'numpy.ndarray'>
657.2264 	DATA 	Keypress: rctrl
657.9934 	EXP 	Sound  started
658.1833 	DATA 	Keypress: rctrl
658.7272 	DATA 	Keypress: rctrl
658.7434 	EXP 	Sound  started
659.4794 	DATA 	Keypress: lctrl
659.4934 	EXP 	Sound  started
660.1673 	DATA 	Keypress: lctrl
660.2435 	EXP 	Sound  started
660.9833 	DATA 	Keypress: rctrl
660.9935 	EXP 	Sound  started
661.7192 	DATA 	Keypress: lctrl
661.7435 	EXP 	Sound  started
662.4935 	EXP 	Sound  started
662.5992 	DATA 	Keypress: rctrl
663.2435 	EXP 	Sound  started
663.2712 	DATA 	Keypress: rctrl
663.9592 	DATA 	Keypress: rctrl
663.9935 	EXP 	Sound  started
664.6953 	DATA 	Keypress: rctrl
664.7435 	EXP 	Sound  started
665.4472 	DATA 	Keypress: lctrl
665.4936 	EXP 	Sound  started
666.1833 	DATA 	Keypress: lctrl
666.2436 	EXP 	Sound  started
666.9672 	DATA 	Keypress: lctrl
666.9936 	EXP 	Sound  started
667.7352 	DATA 	Keypress: rctrl
667.7436 	EXP 	Sound  started
668.3912 	DATA 	Keypress: lctrl
668.4936 	EXP 	Sound  started
669.2393 	DATA 	Keypress: lctrl
669.2436 	EXP 	Sound  started
669.9912 	DATA 	Keypress: rctrl
669.9936 	EXP 	Sound  started
670.7432 	DATA 	Keypress: rctrl
670.7436 	EXP 	Sound  started
671.4792 	DATA 	Keypress: lctrl
671.4937 	EXP 	Sound  started
672.1992 	DATA 	Keypress: lctrl
672.2437 	EXP 	Sound  started
672.8872 	DATA 	Keypress: rctrl
672.9937 	EXP 	Sound  started
673.6072 	DATA 	Keypress: rctrl
673.7437 	EXP 	Sound  started
674.4233 	DATA 	Keypress: rctrl
674.4937 	EXP 	Sound  started
675.1753 	DATA 	Keypress: rctrl
675.2437 	EXP 	Sound  started
675.9593 	DATA 	Keypress: lctrl
675.9937 	EXP 	Sound  started
676.6953 	DATA 	Keypress: lctrl
676.7438 	EXP 	Sound  started
677.4312 	DATA 	Keypress: rctrl
677.4938 	EXP 	Sound  started
678.1993 	DATA 	Keypress: lctrl
678.2438 	EXP 	Sound  started
678.9672 	DATA 	Keypress: lctrl
678.9938 	EXP 	Sound  started
679.6873 	DATA 	Keypress: rctrl
679.7438 	EXP 	Sound  started
680.4938 	EXP 	Sound  started
681.2392 	DATA 	Keypress: lctrl
681.2438 	EXP 	Sound  started
681.9752 	DATA 	Keypress: rctrl
681.9938 	EXP 	Sound  started
682.7112 	DATA 	Keypress: lctrl
682.7439 	EXP 	Sound  started
683.4313 	DATA 	Keypress: rctrl
683.4939 	EXP 	Sound  started
684.2153 	DATA 	Keypress: rctrl
684.2439 	EXP 	Sound  started
684.9939 	EXP 	Sound  started
684.9993 	DATA 	Keypress: lctrl
685.7032 	DATA 	Keypress: rctrl
685.7439 	EXP 	Sound  started
686.4713 	DATA 	Keypress: lctrl
686.4939 	EXP 	Sound  started
687.2233 	DATA 	Keypress: lctrl
687.2439 	EXP 	Sound  started
687.9753 	DATA 	Keypress: rctrl
687.9940 	EXP 	Sound  started
688.7432 	DATA 	Keypress: rctrl
688.7440 	EXP 	Sound  started
689.4633 	DATA 	Keypress: lctrl
689.4940 	EXP 	Sound  started
690.2313 	DATA 	Keypress: lctrl
690.2440 	EXP 	Sound  started
690.9940 	EXP 	Sound  started
691.0152 	DATA 	Keypress: rctrl
691.7352 	DATA 	Keypress: rctrl
691.7440 	EXP 	Sound  started
692.4713 	DATA 	Keypress: lctrl
692.4940 	EXP 	Sound  started
693.1913 	DATA 	Keypress: lctrl
693.2441 	EXP 	Sound  started
693.9753 	DATA 	Keypress: rctrl
693.9941 	EXP 	Sound  started
694.6793 	DATA 	Keypress: rctrl
694.7441 	EXP 	Sound  started
695.4941 	EXP 	Sound  started
695.4952 	DATA 	Keypress: lctrl
696.2312 	DATA 	Keypress: lctrl
696.2441 	EXP 	Sound  started
696.9032 	DATA 	Keypress: rctrl
699.7282 	DATA 	Keypress: 3
699.7448 	EXP 	unnamed ShapeStim: vertices = <class 'numpy.ndarray'>
701.2659 	DATA 	Keypress: rctrl
702.2012 	DATA 	Keypress: 4
702.2306 	EXP 	unnamed ShapeStim: vertices = <class 'numpy.ndarray'>
703.7522 	DATA 	Keypress: rctrl
705.7203 	DATA 	Keypress: 3
705.7497 	EXP 	unnamed ShapeStim: vertices = <class 'numpy.ndarray'>
707.2683 	DATA 	Keypress: rctrl
708.0344 	EXP 	Sound  started
708.0346 	DATA 	Keypress: rctrl
708.6792 	DATA 	Keypress: lctrl
708.7844 	EXP 	Sound  started
709.4312 	DATA 	Keypress: rctrl
709.5344 	EXP 	Sound  started
710.1353 	DATA 	Keypress: lctrl
710.2844 	EXP 	Sound  started
710.9353 	DATA 	Keypress: rctrl
711.0344 	EXP 	Sound  started
711.7193 	DATA 	Keypress: lctrl
711.7844 	EXP 	Sound  started
712.5193 	DATA 	Keypress: rctrl
712.5344 	EXP 	Sound  started
713.2073 	DATA 	Keypress: lctrl
713.2845 	EXP 	Sound  started
713.9113 	DATA 	Keypress: rctrl
714.0345 	EXP 	Sound  started
714.7113 	DATA 	Keypress: lctrl
714.7845 	EXP 	Sound  started
715.5113 	DATA 	Keypress: rctrl
715.5345 	EXP 	Sound  started
716.2472 	DATA 	Keypress: rctrl
716.2845 	EXP 	Sound  started
717.0345 	EXP 	Sound  started
717.0473 	DATA 	Keypress: lctrl
717.6872 	DATA 	Keypress: lctrl
717.7845 	EXP 	Sound  started
718.4712 	DATA 	Keypress: rctrl
718.5345 	EXP 	Sound  started
719.2714 	DATA 	Keypress: rctrl
719.2846 	EXP 	Sound  started
719.9753 	DATA 	Keypress: lctrl
720.0346 	EXP 	Sound  started
720.7432 	DATA 	Keypress: lctrl
720.7846 	EXP 	Sound  started
721.4953 	DATA 	Keypress: rctrl
721.5346 	EXP 	Sound  started
722.2473 	DATA 	Keypress: rctrl
722.2846 	EXP 	Sound  started
722.9674 	DATA 	Keypress: lctrl
723.0346 	EXP 	Sound  started
723.7673 	DATA 	Keypress: lctrl
723.7846 	EXP 	Sound  started
724.5033 	DATA 	Keypress: rctrl
724.5347 	EXP 	Sound  started
725.2393 	DATA 	Keypress: rctrl
725.2847 	EXP 	Sound  started
726.0232 	DATA 	Keypress: rctrl
726.0347 	EXP 	Sound  started
726.7433 	DATA 	Keypress: rctrl
726.7847 	EXP 	Sound  started
727.4793 	DATA 	Keypress: rctrl
727.5347 	EXP 	Sound  started
728.2632 	DATA 	Keypress: lctrl
728.2847 	EXP 	Sound  started
729.0153 	DATA 	Keypress: lctrl
729.0347 	EXP 	Sound  started
729.7353 	DATA 	Keypress: rctrl
729.7848 	EXP 	Sound  started
730.5348 	EXP 	Sound  started
730.5352 	DATA 	Keypress: lctrl
731.2848 	EXP 	Sound  started
731.3193 	DATA 	Keypress: rctrl
732.0074 	DATA 	Keypress: lctrl
732.0348 	EXP 	Sound  started
732.7848 	EXP 	Sound  started
732.7913 	DATA 	Keypress: lctrl
733.5114 	DATA 	Keypress: rctrl
733.5348 	EXP 	Sound  started
734.2849 	EXP 	Sound  started
734.2954 	DATA 	Keypress: rctrl
734.9993 	DATA 	Keypress: lctrl
735.0349 	EXP 	Sound  started
735.7514 	DATA 	Keypress: lctrl
735.7849 	EXP 	Sound  started
736.4873 	DATA 	Keypress: rctrl
736.5349 	EXP 	Sound  started
737.2393 	DATA 	Keypress: rctrl
737.2849 	EXP 	Sound  started
737.9753 	DATA 	Keypress: lctrl
738.0349 	EXP 	Sound  started
738.7592 	DATA 	Keypress: rctrl
738.7849 	EXP 	Sound  started
739.5112 	DATA 	Keypress: lctrl
739.5349 	EXP 	Sound  started
740.2850 	EXP 	Sound  started
740.3113 	DATA 	Keypress: lctrl
740.9993 	DATA 	Keypress: rctrl
741.0350 	EXP 	Sound  started
741.7193 	DATA 	Keypress: rctrl
741.7850 	EXP 	Sound  started
742.5350 	EXP 	Sound  started
742.5353 	DATA 	Keypress: lctrl
743.2393 	DATA 	Keypress: rctrl
743.2850 	EXP 	Sound  started
744.0232 	DATA 	Keypress: lctrl
744.0350 	EXP 	Sound  started
744.7850 	EXP 	Sound  started
744.7913 	DATA 	Keypress: rctrl
745.5112 	DATA 	Keypress: lctrl
745.5351 	EXP 	Sound  started
746.2633 	DATA 	Keypress: rctrl
746.2851 	EXP 	Sound  started
747.0154 	DATA 	Keypress: lctrl
747.0351 	EXP 	Sound  started
747.7834 	DATA 	Keypress: rctrl
747.7851 	EXP 	Sound  started
748.4872 	DATA 	Keypress: lctrl
748.5351 	EXP 	Sound  started
749.2851 	EXP 	Sound  started
749.3353 	DATA 	Keypress: rctrl
750.0351 	EXP 	Sound  started
750.0554 	DATA 	Keypress: lctrl
750.7273 	DATA 	Keypress: lctrl
750.7852 	EXP 	Sound  started
751.5113 	DATA 	Keypress: rctrl
751.5352 	EXP 	Sound  started
752.2852 	EXP 	Sound  started
752.2953 	DATA 	Keypress: rctrl
752.9992 	DATA 	Keypress: lctrl
753.0352 	EXP 	Sound  started
753.7514 	DATA 	Keypress: rctrl
753.7852 	EXP 	Sound  started
754.5192 	DATA 	Keypress: lctrl
754.5352 	EXP 	Sound  started
755.2852 	EXP 	Sound  started
755.3033 	DATA 	Keypress: lctrl
756.0232 	DATA 	Keypress: rctrl
756.0352 	EXP 	Sound  started
756.7592 	DATA 	Keypress: rctrl
756.7853 	EXP 	Sound  started
757.5113 	DATA 	Keypress: lctrl
757.5353 	EXP 	Sound  started
758.2793 	DATA 	Keypress: lctrl
758.2853 	EXP 	Sound  started
759.0353 	EXP 	Sound  started
759.1113 	DATA 	Keypress: rctrl
759.7194 	DATA 	Keypress: rctrl
759.7853 	EXP 	Sound  started
760.4713 	DATA 	Keypress: lctrl
760.5353 	EXP 	Sound  started
761.2713 	DATA 	Keypress: lctrl
761.2853 	EXP 	Sound  started
762.0354 	EXP 	Sound  started
762.0392 	DATA 	Keypress: lctrl
762.7854 	EXP 	Sound  started
762.7913 	DATA 	Keypress: rctrl
763.4953 	DATA 	Keypress: lctrl
763.5354 	EXP 	Sound  started
764.1993 	DATA 	Keypress: rctrl
764.2854 	EXP 	Sound  started
764.9673 	DATA 	Keypress: rctrl
765.0354 	EXP 	Sound  started
765.7834 	DATA 	Keypress: rctrl
765.7854 	EXP 	Sound  started
766.5194 	DATA 	Keypress: rctrl
766.5355 	EXP 	Sound  started
767.3047 	DATA 	Keypress: rctrl
769.4688 	DATA 	Keypress: 3
769.4854 	EXP 	unnamed ShapeStim: vertices = <class 'numpy.ndarray'>
771.0073 	DATA 	Keypress: rctrl
772.4418 	DATA 	Keypress: 2
772.4712 	EXP 	unnamed ShapeStim: vertices = <class 'numpy.ndarray'>
773.9920 	DATA 	Keypress: rctrl
776.5580 	DATA 	Keypress: 1
776.5745 	EXP 	unnamed ShapeStim: vertices = <class 'numpy.ndarray'>
778.0928 	DATA 	Keypress: rctrl
778.8600 	DATA 	Keypress: rctrl
1501.6235 	DATA 	Keypress: escape
1501.7082 	EXP 	window1: mouseVisible = True
