17.2569 	WARNING 	User requested fullscreen with size [1024  768], but screen is actually [1920, 1200]. Using actual size
18.0718 	EXP 	Created window1 = Window(allowGUI=False, allowStencil=False, autoLog=True, backendConf=UNKNOWN, bitsMode=UNKNOWN, blendMode='avg', bpc=(8, 8, 8), color=array([0, 0, 0]), colorSpace='rgb', depthBits=8, fullscr=<method-wrapper '__getattribute__' of attributeSetter object at 0x000001BF61046710>, gamma=None, gammaErrorPolicy='raise', lms=UNKNOWN, monitor=<psychopy.monitors.calibTools.Monitor object at 0x000001BF62752FD0>, multiSample=False, name='window1', numSamples=2, pos=[0.0, 0.0], screen=0, size=array([1920, 1200]), stencilBits=0, stereo=False, units='norm', useFBO=True, useRetina=False, viewOri=0.0, viewPos=None, viewScale=None, waitBlanking=True, winType='pyglet')
18.0722 	EXP 	window1: mouseVisible = True
18.0722 	EXP 	window1: mouseVisible = False
18.0722 	EXP 	window1: recordFrameIntervals = False
18.2384 	EXP 	window1: recordFrameIntervals = True
18.4219 	EXP 	window1: recordFrameIntervals = False
18.4753 	EXP 	Created text = TextStim(__class__=<class 'psychopy.visual.text.TextStim'>, alignHoriz=method-wrapper(...), alignText='center', alignVert=method-wrapper(...), anchorHoriz='center', anchorVert='center', antialias=True, autoLog=True, bold=False, color=array([1., 1., 1.]), colorSpace='rgb', contrast=1.0, depth=0.0, flipHoriz=False, flipVert=False, font='Arial', fontFiles=[], height=0.15, italic=False, languageStyle='LTR', name='text', opacity=1, ori=0, pos=array([0., 0.]), rgb=UNKNOWN, text='+', units='norm', win=Window(...), wrapWidth=1)
18.4955 	EXP 	Created text = TextStim(__class__=<class 'psychopy.visual.text.TextStim'>, alignHoriz=method-wrapper(...), alignText='center', alignVert=method-wrapper(...), anchorHoriz='center', anchorVert='center', antialias=True, autoLog=True, bold=False, color=array([1., 1., 1.]), colorSpace='rgb', contrast=1.0, depth=0.0, flipHoriz=False, flipVert=False, font='Arial', fontFiles=[], height=0.07, italic=False, languageStyle='LTR', name='text', opacity=1, ori=0, pos=array([0., 0.]), rgb=UNKNOWN, text=str(...), units='norm', win=Window(...), wrapWidth=1.65)
18.5082 	EXP 	Created text = TextStim(__class__=<class 'psychopy.visual.text.TextStim'>, alignHoriz=method-wrapper(...), alignText='center', alignVert=method-wrapper(...), anchorHoriz='center', anchorVert='center', antialias=True, autoLog=True, bold=False, color=array([1., 1., 1.]), colorSpace='rgb', contrast=1.0, depth=0.0, flipHoriz=False, flipVert=False, font='Arial', fontFiles=[], height=0.07, italic=False, languageStyle='LTR', name='text', opacity=1, ori=0, pos=array([0., 0.]), rgb=UNKNOWN, text=str(...), units='norm', win=Window(...), wrapWidth=1.65)
18.5188 	EXP 	Created text = TextStim(__class__=<class 'psychopy.visual.text.TextStim'>, alignHoriz=method-wrapper(...), alignText='center', alignVert=method-wrapper(...), anchorHoriz='center', anchorVert='center', antialias=True, autoLog=True, bold=False, color=array([1., 1., 1.]), colorSpace='rgb', contrast=1.0, depth=0.0, flipHoriz=False, flipVert=False, font='Arial', fontFiles=[], height=0.07, italic=False, languageStyle='LTR', name='text', opacity=1, ori=0, pos=array([0., 0.]), rgb=UNKNOWN, text=str(...), units='norm', win=Window(...), wrapWidth=1.65)
18.5290 	EXP 	Created text = TextStim(__class__=<class 'psychopy.visual.text.TextStim'>, alignHoriz=method-wrapper(...), alignText='center', alignVert=method-wrapper(...), anchorHoriz='center', anchorVert='center', antialias=True, autoLog=True, bold=False, color=array([1., 1., 1.]), colorSpace='rgb', contrast=1.0, depth=0.0, flipHoriz=False, flipVert=False, font='Arial', fontFiles=[], height=0.07, italic=False, languageStyle='LTR', name='text', opacity=1, ori=0, pos=array([0., 0.]), rgb=UNKNOWN, text=str(...), units='norm', win=Window(...), wrapWidth=1.65)
18.5343 	EXP 	Created text = TextStim(__class__=<class 'psychopy.visual.text.TextStim'>, alignHoriz=method-wrapper(...), alignText='center', alignVert=method-wrapper(...), anchorHoriz='center', anchorVert='center', antialias=True, autoLog=True, bold=False, color=array([1., 1., 1.]), colorSpace='rgb', contrast=1.0, depth=0.0, flipHoriz=False, flipVert=False, font='Arial', fontFiles=[], height=0.07, italic=False, languageStyle='LTR', name='text', opacity=1, ori=0, pos=array([0., 0.]), rgb=UNKNOWN, text=str(...), units='norm', win=Window(...), wrapWidth=1.65)
18.5505 	EXP 	Created text = TextStim(__class__=<class 'psychopy.visual.text.TextStim'>, alignHoriz=method-wrapper(...), alignText='center', alignVert=method-wrapper(...), anchorHoriz='center', anchorVert='center', antialias=True, autoLog=True, bold=False, color=array([1., 1., 1.]), colorSpace='rgb', contrast=1.0, depth=0.0, flipHoriz=False, flipVert=False, font='Arial', fontFiles=[], height=0.15, italic=False, languageStyle='LTR', name='text', opacity=1, ori=0, pos=array([0., 0.]), rgb=UNKNOWN, text=str(...), units='norm', win=Window(...), wrapWidth=1.65)
18.5790 	EXP 	Created text = TextStim(__class__=<class 'psychopy.visual.text.TextStim'>, alignHoriz=method-wrapper(...), alignText='center', alignVert=method-wrapper(...), anchorHoriz='center', anchorVert='center', antialias=True, autoLog=True, bold=False, color=array([1., 1., 1.]), colorSpace='rgb', contrast=1.0, depth=0.0, flipHoriz=False, flipVert=False, font='Arial', fontFiles=[], height=0.07, italic=False, languageStyle='LTR', name='text', opacity=1, ori=0, pos=array([0., 0.]), rgb=UNKNOWN, text=str(...), units='norm', win=Window(...), wrapWidth=1.65)
18.5974 	EXP 	Created text = TextStim(__class__=<class 'psychopy.visual.text.TextStim'>, alignHoriz=method-wrapper(...), alignText='center', alignVert=method-wrapper(...), anchorHoriz='center', anchorVert='center', antialias=True, autoLog=True, bold=False, color=array([1., 1., 1.]), colorSpace='rgb', contrast=1.0, depth=0.0, flipHoriz=False, flipVert=False, font='Arial', fontFiles=[], height=0.07, italic=False, languageStyle='LTR', name='text', opacity=1, ori=0, pos=array([0., 0.]), rgb=UNKNOWN, text=str(...), units='norm', win=Window(...), wrapWidth=1.65)
18.6275 	EXP 	Created text = TextStim(__class__=<class 'psychopy.visual.text.TextStim'>, alignHoriz=method-wrapper(...), alignText='center', alignVert=method-wrapper(...), anchorHoriz='center', anchorVert='center', antialias=True, autoLog=True, bold=False, color=array([1., 1., 1.]), colorSpace='rgb', contrast=1.0, depth=0.0, flipHoriz=False, flipVert=False, font='Arial', fontFiles=[], height=0.07, italic=False, languageStyle='LTR', name='text', opacity=1, ori=0, pos=array([0., 0.]), rgb=UNKNOWN, text=str(...), units='norm', win=Window(...), wrapWidth=1.65)
18.6556 	EXP 	Created text = TextStim(__class__=<class 'psychopy.visual.text.TextStim'>, alignHoriz=method-wrapper(...), alignText='center', alignVert=method-wrapper(...), anchorHoriz='center', anchorVert='center', antialias=True, autoLog=True, bold=False, color=array([1., 1., 1.]), colorSpace='rgb', contrast=1.0, depth=0.0, flipHoriz=False, flipVert=False, font='Arial', fontFiles=[], height=0.07, italic=False, languageStyle='LTR', name='text', opacity=1, ori=0, pos=array([0., 0.]), rgb=UNKNOWN, text=str(...), units='norm', win=Window(...), wrapWidth=1.65)
18.6884 	EXP 	Created text = TextStim(__class__=<class 'psychopy.visual.text.TextStim'>, alignHoriz=method-wrapper(...), alignText='center', alignVert=method-wrapper(...), anchorHoriz='center', anchorVert='center', antialias=True, autoLog=True, bold=False, color=array([1., 1., 1.]), colorSpace='rgb', contrast=1.0, depth=0.0, flipHoriz=False, flipVert=False, font='Arial', fontFiles=[], height=0.07, italic=False, languageStyle='LTR', name='text', opacity=1, ori=0, pos=array([0., 0.]), rgb=UNKNOWN, text=str(...), units='norm', win=Window(...), wrapWidth=1.65)
18.6973 	EXP 	Created text = TextStim(__class__=<class 'psychopy.visual.text.TextStim'>, alignHoriz=method-wrapper(...), alignText='center', alignVert=method-wrapper(...), anchorHoriz='center', anchorVert='center', antialias=True, autoLog=True, bold=False, color=array([1., 1., 1.]), colorSpace='rgb', contrast=1.0, depth=0.0, flipHoriz=False, flipVert=False, font='Arial', fontFiles=[], height=0.07, italic=False, languageStyle='LTR', name='text', opacity=1, ori=0, pos=array([0., 0.]), rgb=UNKNOWN, text=str(...), units='norm', win=Window(...), wrapWidth=1.65)
18.7096 	EXP 	Created text = TextStim(__class__=<class 'psychopy.visual.text.TextStim'>, alignHoriz=method-wrapper(...), alignText='center', alignVert=method-wrapper(...), anchorHoriz='center', anchorVert='center', antialias=True, autoLog=True, bold=False, color=array([1., 1., 1.]), colorSpace='rgb', contrast=1.0, depth=0.0, flipHoriz=False, flipVert=False, font='Arial', fontFiles=[], height=0.07, italic=False, languageStyle='LTR', name='text', opacity=1, ori=0, pos=array([0., 0.]), rgb=UNKNOWN, text=str(...), units='norm', win=Window(...), wrapWidth=1.65)
18.7142 	EXP 	Created instru = TextStim(__class__=<class 'psychopy.visual.text.TextStim'>, alignHoriz=method-wrapper(...), alignText='center', alignVert=method-wrapper(...), anchorHoriz='center', anchorVert='center', antialias=True, autoLog=True, bold=False, color=array([1., 1., 1.]), colorSpace='rgb', contrast=1.0, depth=0.0, flipHoriz=False, flipVert=False, font='Arial', fontFiles=[], height=0.07, italic=False, languageStyle='LTR', name='instru', opacity=1, ori=0, pos=array([0. , 0.5]), rgb=UNKNOWN, text=str(...), units='norm', win=Window(...), wrapWidth=1)
18.7168 	EXP 	Created unnamed Line = Line(__class__=<class 'psychopy.visual.line.Line'>, autoDraw=False, autoLog=True, closeShape=False, color=array([1., 1., 1.]), colorSpace='rgb', contrast=None, depth=0, fillColor=array([0, 0, 0]), fillColorSpace='rgb', fillRGB=array([0, 0, 0]), interpolate=True, lineColor=array([1., 1., 1.]), lineColorSpace='rgb', lineRGB=array([1, 1, 1]), lineWidth=5, name='unnamed Line', opacity=0.5, ori=0.0, pos=array([0., 0.]), size=array([1., 1.]), units='norm', vertices=array([[-0.5,  0. ],
       [ 0.5,  0. ]]), win=Window(...), windingRule=None)
18.7189 	EXP 	Created unnamed Line = Line(__class__=<class 'psychopy.visual.line.Line'>, autoDraw=False, autoLog=True, closeShape=False, color=array([1., 1., 1.]), colorSpace='rgb', contrast=None, depth=0, fillColor=array([0, 0, 0]), fillColorSpace='rgb', fillRGB=array([0, 0, 0]), interpolate=True, lineColor=array([1., 1., 1.]), lineColorSpace='rgb', lineRGB=array([1, 1, 1]), lineWidth=3, name='unnamed Line', opacity=0.5, ori=0.0, pos=array([0., 0.]), size=array([1., 1.]), units='norm', vertices=array([[-0.5 , -0.05],
       [-0.5 ,  0.05]]), win=Window(...), windingRule=None)
18.7209 	EXP 	Created unnamed Line = Line(__class__=<class 'psychopy.visual.line.Line'>, autoDraw=False, autoLog=True, closeShape=False, color=array([1., 1., 1.]), colorSpace='rgb', contrast=None, depth=0, fillColor=array([0, 0, 0]), fillColorSpace='rgb', fillRGB=array([0, 0, 0]), interpolate=True, lineColor=array([1., 1., 1.]), lineColorSpace='rgb', lineRGB=array([1, 1, 1]), lineWidth=3, name='unnamed Line', opacity=0.5, ori=0.0, pos=array([0., 0.]), size=array([1., 1.]), units='norm', vertices=ndarray(...), win=Window(...), windingRule=None)
18.7229 	EXP 	Created unnamed Line = Line(__class__=<class 'psychopy.visual.line.Line'>, autoDraw=False, autoLog=True, closeShape=False, color=array([1., 1., 1.]), colorSpace='rgb', contrast=None, depth=0, fillColor=array([0, 0, 0]), fillColorSpace='rgb', fillRGB=array([0, 0, 0]), interpolate=True, lineColor=array([1., 1., 1.]), lineColorSpace='rgb', lineRGB=array([1, 1, 1]), lineWidth=3, name='unnamed Line', opacity=0.5, ori=0.0, pos=array([0., 0.]), size=array([1., 1.]), units='norm', vertices=ndarray(...), win=Window(...), windingRule=None)
18.7249 	EXP 	Created unnamed Line = Line(__class__=<class 'psychopy.visual.line.Line'>, autoDraw=False, autoLog=True, closeShape=False, color=array([1., 1., 1.]), colorSpace='rgb', contrast=None, depth=0, fillColor=array([0, 0, 0]), fillColorSpace='rgb', fillRGB=array([0, 0, 0]), interpolate=True, lineColor=array([1., 1., 1.]), lineColorSpace='rgb', lineRGB=array([1, 1, 1]), lineWidth=3, name='unnamed Line', opacity=0.5, ori=0.0, pos=array([0., 0.]), size=array([1., 1.]), units='norm', vertices=array([[ 0.5 , -0.05],
       [ 0.5 ,  0.05]]), win=Window(...), windingRule=None)
18.7372 	EXP 	Created unnamed TextStim = TextStim(__class__=<class 'psychopy.visual.text.TextStim'>, alignHoriz=method-wrapper(...), alignText='center', alignVert=method-wrapper(...), anchorHoriz='center', anchorVert='center', antialias=True, autoLog=True, bold=False, color=array([1., 1., 1.]), colorSpace='rgb', contrast=1.0, depth=0, flipHoriz=False, flipVert=False, font='', fontFiles=[], height=0.05, italic=False, languageStyle='LTR', name='unnamed TextStim', opacity=1.0, ori=0.0, pos=array([-0.5, -0.1]), rgb=UNKNOWN, text='Clearly \n NOT FOCUSED', units='norm', win=Window(...), wrapWidth=1)
18.7382 	EXP 	Created unnamed TextStim = TextStim(__class__=<class 'psychopy.visual.text.TextStim'>, alignHoriz=method-wrapper(...), alignText='center', alignVert=method-wrapper(...), anchorHoriz='center', anchorVert='center', antialias=True, autoLog=True, bold=False, color=array([1., 1., 1.]), colorSpace='rgb', contrast=1.0, depth=0, flipHoriz=False, flipVert=False, font='', fontFiles=[], height=0.05, italic=False, languageStyle='LTR', name='unnamed TextStim', opacity=1.0, ori=0.0, pos=array([-0.16666667, -0.1       ]), rgb=UNKNOWN, text='', units='norm', win=Window(...), wrapWidth=1)
18.7393 	EXP 	Created unnamed TextStim = TextStim(__class__=<class 'psychopy.visual.text.TextStim'>, alignHoriz=method-wrapper(...), alignText='center', alignVert=method-wrapper(...), anchorHoriz='center', anchorVert='center', antialias=True, autoLog=True, bold=False, color=array([1., 1., 1.]), colorSpace='rgb', contrast=1.0, depth=0, flipHoriz=False, flipVert=False, font='', fontFiles=[], height=0.05, italic=False, languageStyle='LTR', name='unnamed TextStim', opacity=1.0, ori=0.0, pos=array([ 0.16666667, -0.1       ]), rgb=UNKNOWN, text='', units='norm', win=Window(...), wrapWidth=1)
18.7426 	EXP 	Created unnamed TextStim = TextStim(__class__=<class 'psychopy.visual.text.TextStim'>, alignHoriz=method-wrapper(...), alignText='center', alignVert=method-wrapper(...), anchorHoriz='center', anchorVert='center', antialias=True, autoLog=True, bold=False, color=array([1., 1., 1.]), colorSpace='rgb', contrast=1.0, depth=0, flipHoriz=False, flipVert=False, font='', fontFiles=[], height=0.05, italic=False, languageStyle='LTR', name='unnamed TextStim', opacity=1.0, ori=0.0, pos=array([ 0.5, -0.1]), rgb=UNKNOWN, text='Clearly \n FOCUSED', units='norm', win=Window(...), wrapWidth=1)
18.7446 	EXP 	Created unnamed ShapeStim = ShapeStim(__class__=<class 'psychopy.visual.shape.ShapeStim'>, autoDraw=False, autoLog=True, closeShape=True, color=method-wrapper(...), colorSpace='rgb', contrast=None, depth=0, fillColor=array([1, 1, 1]), fillColorSpace='rgb', fillRGB=array([1, 1, 1]), interpolate=True, lineColor=array([-1., -1., -1.]), lineColorSpace='rgb', lineRGB=array([-1, -1, -1]), lineWidth=1.5, name='unnamed ShapeStim', opacity=1.0, ori=0.0, pos=array([0., 0.]), size=array([1., 1.]), units='norm', vertices=ndarray(...), win=Window(...), windingRule=None)
18.7540 	EXP 	Created instru = TextStim(__class__=<class 'psychopy.visual.text.TextStim'>, alignHoriz=method-wrapper(...), alignText='center', alignVert=method-wrapper(...), anchorHoriz='center', anchorVert='center', antialias=True, autoLog=True, bold=False, color=array([1., 1., 1.]), colorSpace='rgb', contrast=1.0, depth=0.0, flipHoriz=False, flipVert=False, font='Arial', fontFiles=[], height=0.07, italic=False, languageStyle='LTR', name='instru', opacity=1, ori=0, pos=array([0. , 0.5]), rgb=UNKNOWN, text=str(...), units='norm', win=Window(...), wrapWidth=1)
18.7560 	EXP 	Created unnamed Line = Line(__class__=<class 'psychopy.visual.line.Line'>, autoDraw=False, autoLog=True, closeShape=False, color=array([1., 1., 1.]), colorSpace='rgb', contrast=None, depth=0, fillColor=array([0, 0, 0]), fillColorSpace='rgb', fillRGB=array([0, 0, 0]), interpolate=True, lineColor=array([1., 1., 1.]), lineColorSpace='rgb', lineRGB=array([1, 1, 1]), lineWidth=5, name='unnamed Line', opacity=0.5, ori=0.0, pos=array([0., 0.]), size=array([1., 1.]), units='norm', vertices=array([[-0.5,  0. ],
       [ 0.5,  0. ]]), win=Window(...), windingRule=None)
18.7580 	EXP 	Created unnamed Line = Line(__class__=<class 'psychopy.visual.line.Line'>, autoDraw=False, autoLog=True, closeShape=False, color=array([1., 1., 1.]), colorSpace='rgb', contrast=None, depth=0, fillColor=array([0, 0, 0]), fillColorSpace='rgb', fillRGB=array([0, 0, 0]), interpolate=True, lineColor=array([1., 1., 1.]), lineColorSpace='rgb', lineRGB=array([1, 1, 1]), lineWidth=3, name='unnamed Line', opacity=0.5, ori=0.0, pos=array([0., 0.]), size=array([1., 1.]), units='norm', vertices=array([[-0.5 , -0.05],
       [-0.5 ,  0.05]]), win=Window(...), windingRule=None)
18.7600 	EXP 	Created unnamed Line = Line(__class__=<class 'psychopy.visual.line.Line'>, autoDraw=False, autoLog=True, closeShape=False, color=array([1., 1., 1.]), colorSpace='rgb', contrast=None, depth=0, fillColor=array([0, 0, 0]), fillColorSpace='rgb', fillRGB=array([0, 0, 0]), interpolate=True, lineColor=array([1., 1., 1.]), lineColorSpace='rgb', lineRGB=array([1, 1, 1]), lineWidth=3, name='unnamed Line', opacity=0.5, ori=0.0, pos=array([0., 0.]), size=array([1., 1.]), units='norm', vertices=ndarray(...), win=Window(...), windingRule=None)
18.7620 	EXP 	Created unnamed Line = Line(__class__=<class 'psychopy.visual.line.Line'>, autoDraw=False, autoLog=True, closeShape=False, color=array([1., 1., 1.]), colorSpace='rgb', contrast=None, depth=0, fillColor=array([0, 0, 0]), fillColorSpace='rgb', fillRGB=array([0, 0, 0]), interpolate=True, lineColor=array([1., 1., 1.]), lineColorSpace='rgb', lineRGB=array([1, 1, 1]), lineWidth=3, name='unnamed Line', opacity=0.5, ori=0.0, pos=array([0., 0.]), size=array([1., 1.]), units='norm', vertices=ndarray(...), win=Window(...), windingRule=None)
18.7640 	EXP 	Created unnamed Line = Line(__class__=<class 'psychopy.visual.line.Line'>, autoDraw=False, autoLog=True, closeShape=False, color=array([1., 1., 1.]), colorSpace='rgb', contrast=None, depth=0, fillColor=array([0, 0, 0]), fillColorSpace='rgb', fillRGB=array([0, 0, 0]), interpolate=True, lineColor=array([1., 1., 1.]), lineColorSpace='rgb', lineRGB=array([1, 1, 1]), lineWidth=3, name='unnamed Line', opacity=0.5, ori=0.0, pos=array([0., 0.]), size=array([1., 1.]), units='norm', vertices=array([[ 0.5 , -0.05],
       [ 0.5 ,  0.05]]), win=Window(...), windingRule=None)
18.7692 	EXP 	Created unnamed TextStim = TextStim(__class__=<class 'psychopy.visual.text.TextStim'>, alignHoriz=method-wrapper(...), alignText='center', alignVert=method-wrapper(...), anchorHoriz='center', anchorVert='center', antialias=True, autoLog=True, bold=False, color=array([1., 1., 1.]), colorSpace='rgb', contrast=1.0, depth=0, flipHoriz=False, flipVert=False, font='', fontFiles=[], height=0.05, italic=False, languageStyle='LTR', name='unnamed TextStim', opacity=1.0, ori=0.0, pos=array([-0.5, -0.1]), rgb=UNKNOWN, text='Clearly \n NOTHING', units='norm', win=Window(...), wrapWidth=1)
18.7703 	EXP 	Created unnamed TextStim = TextStim(__class__=<class 'psychopy.visual.text.TextStim'>, alignHoriz=method-wrapper(...), alignText='center', alignVert=method-wrapper(...), anchorHoriz='center', anchorVert='center', antialias=True, autoLog=True, bold=False, color=array([1., 1., 1.]), colorSpace='rgb', contrast=1.0, depth=0, flipHoriz=False, flipVert=False, font='', fontFiles=[], height=0.05, italic=False, languageStyle='LTR', name='unnamed TextStim', opacity=1.0, ori=0.0, pos=array([-0.16666667, -0.1       ]), rgb=UNKNOWN, text='', units='norm', win=Window(...), wrapWidth=1)
18.7713 	EXP 	Created unnamed TextStim = TextStim(__class__=<class 'psychopy.visual.text.TextStim'>, alignHoriz=method-wrapper(...), alignText='center', alignVert=method-wrapper(...), anchorHoriz='center', anchorVert='center', antialias=True, autoLog=True, bold=False, color=array([1., 1., 1.]), colorSpace='rgb', contrast=1.0, depth=0, flipHoriz=False, flipVert=False, font='', fontFiles=[], height=0.05, italic=False, languageStyle='LTR', name='unnamed TextStim', opacity=1.0, ori=0.0, pos=array([ 0.16666667, -0.1       ]), rgb=UNKNOWN, text='', units='norm', win=Window(...), wrapWidth=1)
18.7753 	EXP 	Created unnamed TextStim = TextStim(__class__=<class 'psychopy.visual.text.TextStim'>, alignHoriz=method-wrapper(...), alignText='center', alignVert=method-wrapper(...), anchorHoriz='center', anchorVert='center', antialias=True, autoLog=True, bold=False, color=array([1., 1., 1.]), colorSpace='rgb', contrast=1.0, depth=0, flipHoriz=False, flipVert=False, font='', fontFiles=[], height=0.05, italic=False, languageStyle='LTR', name='unnamed TextStim', opacity=1.0, ori=0.0, pos=array([ 0.5, -0.1]), rgb=UNKNOWN, text='Clearly \n SOMETHING', units='norm', win=Window(...), wrapWidth=1)
18.7771 	EXP 	Created unnamed ShapeStim = ShapeStim(__class__=<class 'psychopy.visual.shape.ShapeStim'>, autoDraw=False, autoLog=True, closeShape=True, color=method-wrapper(...), colorSpace='rgb', contrast=None, depth=0, fillColor=array([1, 1, 1]), fillColorSpace='rgb', fillRGB=array([1, 1, 1]), interpolate=True, lineColor=array([-1., -1., -1.]), lineColorSpace='rgb', lineRGB=array([-1, -1, -1]), lineWidth=1.5, name='unnamed ShapeStim', opacity=1.0, ori=0.0, pos=array([0., 0.]), size=array([1., 1.]), units='norm', vertices=ndarray(...), win=Window(...), windingRule=None)
18.7838 	EXP 	Created instru = TextStim(__class__=<class 'psychopy.visual.text.TextStim'>, alignHoriz=method-wrapper(...), alignText='center', alignVert=method-wrapper(...), anchorHoriz='center', anchorVert='center', antialias=True, autoLog=True, bold=False, color=array([1., 1., 1.]), colorSpace='rgb', contrast=1.0, depth=0.0, flipHoriz=False, flipVert=False, font='Arial', fontFiles=[], height=0.07, italic=False, languageStyle='LTR', name='instru', opacity=1, ori=0, pos=array([0. , 0.5]), rgb=UNKNOWN, text=str(...), units='norm', win=Window(...), wrapWidth=1)
18.7858 	EXP 	Created unnamed Line = Line(__class__=<class 'psychopy.visual.line.Line'>, autoDraw=False, autoLog=True, closeShape=False, color=array([1., 1., 1.]), colorSpace='rgb', contrast=None, depth=0, fillColor=array([0, 0, 0]), fillColorSpace='rgb', fillRGB=array([0, 0, 0]), interpolate=True, lineColor=array([1., 1., 1.]), lineColorSpace='rgb', lineRGB=array([1, 1, 1]), lineWidth=5, name='unnamed Line', opacity=0.5, ori=0.0, pos=array([0., 0.]), size=array([1., 1.]), units='norm', vertices=array([[-0.5,  0. ],
       [ 0.5,  0. ]]), win=Window(...), windingRule=None)
18.7878 	EXP 	Created unnamed Line = Line(__class__=<class 'psychopy.visual.line.Line'>, autoDraw=False, autoLog=True, closeShape=False, color=array([1., 1., 1.]), colorSpace='rgb', contrast=None, depth=0, fillColor=array([0, 0, 0]), fillColorSpace='rgb', fillRGB=array([0, 0, 0]), interpolate=True, lineColor=array([1., 1., 1.]), lineColorSpace='rgb', lineRGB=array([1, 1, 1]), lineWidth=3, name='unnamed Line', opacity=0.5, ori=0.0, pos=array([0., 0.]), size=array([1., 1.]), units='norm', vertices=array([[-0.5 , -0.05],
       [-0.5 ,  0.05]]), win=Window(...), windingRule=None)
18.7898 	EXP 	Created unnamed Line = Line(__class__=<class 'psychopy.visual.line.Line'>, autoDraw=False, autoLog=True, closeShape=False, color=array([1., 1., 1.]), colorSpace='rgb', contrast=None, depth=0, fillColor=array([0, 0, 0]), fillColorSpace='rgb', fillRGB=array([0, 0, 0]), interpolate=True, lineColor=array([1., 1., 1.]), lineColorSpace='rgb', lineRGB=array([1, 1, 1]), lineWidth=3, name='unnamed Line', opacity=0.5, ori=0.0, pos=array([0., 0.]), size=array([1., 1.]), units='norm', vertices=ndarray(...), win=Window(...), windingRule=None)
18.7918 	EXP 	Created unnamed Line = Line(__class__=<class 'psychopy.visual.line.Line'>, autoDraw=False, autoLog=True, closeShape=False, color=array([1., 1., 1.]), colorSpace='rgb', contrast=None, depth=0, fillColor=array([0, 0, 0]), fillColorSpace='rgb', fillRGB=array([0, 0, 0]), interpolate=True, lineColor=array([1., 1., 1.]), lineColorSpace='rgb', lineRGB=array([1, 1, 1]), lineWidth=3, name='unnamed Line', opacity=0.5, ori=0.0, pos=array([0., 0.]), size=array([1., 1.]), units='norm', vertices=ndarray(...), win=Window(...), windingRule=None)
18.7938 	EXP 	Created unnamed Line = Line(__class__=<class 'psychopy.visual.line.Line'>, autoDraw=False, autoLog=True, closeShape=False, color=array([1., 1., 1.]), colorSpace='rgb', contrast=None, depth=0, fillColor=array([0, 0, 0]), fillColorSpace='rgb', fillRGB=array([0, 0, 0]), interpolate=True, lineColor=array([1., 1., 1.]), lineColorSpace='rgb', lineRGB=array([1, 1, 1]), lineWidth=3, name='unnamed Line', opacity=0.5, ori=0.0, pos=array([0., 0.]), size=array([1., 1.]), units='norm', vertices=array([[ 0.5 , -0.05],
       [ 0.5 ,  0.05]]), win=Window(...), windingRule=None)
18.7989 	EXP 	Created unnamed TextStim = TextStim(__class__=<class 'psychopy.visual.text.TextStim'>, alignHoriz=method-wrapper(...), alignText='center', alignVert=method-wrapper(...), anchorHoriz='center', anchorVert='center', antialias=True, autoLog=True, bold=False, color=array([1., 1., 1.]), colorSpace='rgb', contrast=1.0, depth=0, flipHoriz=False, flipVert=False, font='', fontFiles=[], height=0.05, italic=False, languageStyle='LTR', name='unnamed TextStim', opacity=1.0, ori=0.0, pos=array([-0.5, -0.1]), rgb=UNKNOWN, text='Clearly \n SPONTANEOUS', units='norm', win=Window(...), wrapWidth=1)
18.8000 	EXP 	Created unnamed TextStim = TextStim(__class__=<class 'psychopy.visual.text.TextStim'>, alignHoriz=method-wrapper(...), alignText='center', alignVert=method-wrapper(...), anchorHoriz='center', anchorVert='center', antialias=True, autoLog=True, bold=False, color=array([1., 1., 1.]), colorSpace='rgb', contrast=1.0, depth=0, flipHoriz=False, flipVert=False, font='', fontFiles=[], height=0.05, italic=False, languageStyle='LTR', name='unnamed TextStim', opacity=1.0, ori=0.0, pos=array([-0.16666667, -0.1       ]), rgb=UNKNOWN, text='', units='norm', win=Window(...), wrapWidth=1)
18.8012 	EXP 	Created unnamed TextStim = TextStim(__class__=<class 'psychopy.visual.text.TextStim'>, alignHoriz=method-wrapper(...), alignText='center', alignVert=method-wrapper(...), anchorHoriz='center', anchorVert='center', antialias=True, autoLog=True, bold=False, color=array([1., 1., 1.]), colorSpace='rgb', contrast=1.0, depth=0, flipHoriz=False, flipVert=False, font='', fontFiles=[], height=0.05, italic=False, languageStyle='LTR', name='unnamed TextStim', opacity=1.0, ori=0.0, pos=array([ 0.16666667, -0.1       ]), rgb=UNKNOWN, text='', units='norm', win=Window(...), wrapWidth=1)
18.8068 	EXP 	Created unnamed TextStim = TextStim(__class__=<class 'psychopy.visual.text.TextStim'>, alignHoriz=method-wrapper(...), alignText='center', alignVert=method-wrapper(...), anchorHoriz='center', anchorVert='center', antialias=True, autoLog=True, bold=False, color=array([1., 1., 1.]), colorSpace='rgb', contrast=1.0, depth=0, flipHoriz=False, flipVert=False, font='', fontFiles=[], height=0.05, italic=False, languageStyle='LTR', name='unnamed TextStim', opacity=1.0, ori=0.0, pos=array([ 0.5, -0.1]), rgb=UNKNOWN, text='Clearly \n DELIBERATE', units='norm', win=Window(...), wrapWidth=1)
18.8085 	EXP 	Created unnamed ShapeStim = ShapeStim(__class__=<class 'psychopy.visual.shape.ShapeStim'>, autoDraw=False, autoLog=True, closeShape=True, color=method-wrapper(...), colorSpace='rgb', contrast=None, depth=0, fillColor=array([1, 1, 1]), fillColorSpace='rgb', fillRGB=array([1, 1, 1]), interpolate=True, lineColor=array([-1., -1., -1.]), lineColorSpace='rgb', lineRGB=array([-1, -1, -1]), lineWidth=1.5, name='unnamed ShapeStim', opacity=1.0, ori=0.0, pos=array([0., 0.]), size=array([1., 1.]), units='norm', vertices=ndarray(...), win=Window(...), windingRule=None)
18.8573 	EXP 	Sound  set volume 1.000
18.8887 	EXP 	unnamed ShapeStim: vertices = <class 'numpy.ndarray'>
18.8887 	EXP 	unnamed ShapeStim: vertices = <class 'numpy.ndarray'>
18.8887 	EXP 	unnamed ShapeStim: vertices = <class 'numpy.ndarray'>
20.2303 	DATA 	Keypress: return
20.9983 	DATA 	Keypress: return
21.7023 	DATA 	Keypress: return
21.7245 	EXP 	unnamed TextStim: text = ''
21.7245 	EXP 	unnamed TextStim: text = ''
23.8965 	DATA 	Keypress: 4
23.9258 	EXP 	unnamed ShapeStim: vertices = <class 'numpy.ndarray'>
25.9904 	DATA 	Keypress: return
26.0109 	EXP 	unnamed TextStim: text = ''
26.0109 	EXP 	unnamed TextStim: text = ''
30.8984 	DATA 	Keypress: 2
30.9149 	EXP 	unnamed ShapeStim: vertices = <class 'numpy.ndarray'>
32.8863 	DATA 	Keypress: return
32.8999 	EXP 	unnamed TextStim: text = ''
32.8999 	EXP 	unnamed TextStim: text = ''
34.4012 	DATA 	Keypress: 1
34.4178 	EXP 	unnamed ShapeStim: vertices = <class 'numpy.ndarray'>
35.9358 	DATA 	Keypress: return
36.9183 	DATA 	Keypress: return
37.7182 	DATA 	Keypress: return
38.9023 	DATA 	Keypress: return
39.4226 	EXP 	Sound  started
40.0863 	DATA 	Keypress: rctrl
40.1726 	EXP 	Sound  started
40.7903 	DATA 	Keypress: lctrl
40.9226 	EXP 	Sound  started
41.6063 	DATA 	Keypress: rctrl
41.6726 	EXP 	Sound  started
42.3902 	DATA 	Keypress: lctrl
42.4227 	EXP 	Sound  started
43.1423 	DATA 	Keypress: rctrl
43.1727 	EXP 	Sound  started
43.8302 	DATA 	Keypress: lctrl
43.9227 	EXP 	Sound  started
44.5823 	DATA 	Keypress: rctrl
44.6727 	EXP 	Sound  started
45.3662 	DATA 	Keypress: rctrl
45.4227 	EXP 	Sound  started
46.1183 	DATA 	Keypress: rctrl
46.1727 	EXP 	Sound  started
46.8543 	DATA 	Keypress: rctrl
46.9227 	EXP 	Sound  started
47.6224 	DATA 	Keypress: lctrl
47.6728 	EXP 	Sound  started
48.3103 	DATA 	Keypress: lctrl
48.4228 	EXP 	Sound  started
49.1728 	EXP 	Sound  started
49.1742 	DATA 	Keypress: lctrl
49.9228 	EXP 	Sound  started
49.9582 	DATA 	Keypress: lctrl
50.6462 	DATA 	Keypress: lctrl
50.6728 	EXP 	Sound  started
51.4228 	EXP 	Sound  started
52.1503 	DATA 	Keypress: rctrl
52.1728 	EXP 	Sound  started
52.7584 	DATA 	Keypress: rctrl
52.9229 	EXP 	Sound  started
53.6063 	DATA 	Keypress: rctrl
53.6729 	EXP 	Sound  started
54.3742 	DATA 	Keypress: rctrl
54.4229 	EXP 	Sound  started
55.1423 	DATA 	Keypress: rctrl
55.1729 	EXP 	Sound  started
55.8782 	DATA 	Keypress: lctrl
55.9229 	EXP 	Sound  started
56.5822 	DATA 	Keypress: rctrl
56.6729 	EXP 	Sound  started
56.7582 	DATA 	Keypress: rctrl
57.4229 	EXP 	Sound  started
57.5904 	DATA 	Keypress: lctrl
58.1342 	DATA 	Keypress: rctrl
58.1729 	EXP 	Sound  started
58.7902 	DATA 	Keypress: lctrl
58.9230 	EXP 	Sound  started
59.5903 	DATA 	Keypress: rctrl
59.6730 	EXP 	Sound  started
60.3263 	DATA 	Keypress: lctrl
60.4230 	EXP 	Sound  started
61.1102 	DATA 	Keypress: rctrl
61.1730 	EXP 	Sound  started
61.7982 	DATA 	Keypress: lctrl
61.9230 	EXP 	Sound  started
62.6302 	DATA 	Keypress: rctrl
62.6730 	EXP 	Sound  started
63.4142 	DATA 	Keypress: lctrl
63.4230 	EXP 	Sound  started
64.1662 	DATA 	Keypress: rctrl
64.1730 	EXP 	Sound  started
64.9022 	DATA 	Keypress: lctrl
64.9231 	EXP 	Sound  started
65.6702 	DATA 	Keypress: rctrl
65.6731 	EXP 	Sound  started
66.4231 	EXP 	Sound  started
66.4382 	DATA 	Keypress: rctrl
67.1583 	DATA 	Keypress: rctrl
67.1731 	EXP 	Sound  started
67.8783 	DATA 	Keypress: lctrl
67.9231 	EXP 	Sound  started
68.5822 	DATA 	Keypress: rctrl
68.6731 	EXP 	Sound  started
69.2863 	DATA 	Keypress: lctrl
69.4231 	EXP 	Sound  started
70.0222 	DATA 	Keypress: rctrl
70.1732 	EXP 	Sound  started
70.7902 	DATA 	Keypress: rctrl
70.9232 	EXP 	Sound  started
71.5264 	DATA 	Keypress: rctrl
71.6732 	EXP 	Sound  started
72.2142 	DATA 	Keypress: rctrl
72.4232 	EXP 	Sound  started
73.0142 	DATA 	Keypress: rctrl
73.1732 	EXP 	Sound  started
73.7503 	DATA 	Keypress: lctrl
73.9232 	EXP 	Sound  started
74.5343 	DATA 	Keypress: rctrl
74.6732 	EXP 	Sound  started
75.3182 	DATA 	Keypress: rctrl
75.4233 	EXP 	Sound  started
76.0862 	DATA 	Keypress: rctrl
76.1733 	EXP 	Sound  started
76.7902 	DATA 	Keypress: rctrl
76.9233 	EXP 	Sound  started
77.6384 	DATA 	Keypress: lctrl
77.6733 	EXP 	Sound  started
78.2942 	DATA 	Keypress: rctrl
78.4233 	EXP 	Sound  started
78.9982 	DATA 	Keypress: rctrl
79.1733 	EXP 	Sound  started
79.8622 	DATA 	Keypress: rctrl
79.9233 	EXP 	Sound  started
80.5182 	DATA 	Keypress: lctrl
80.6734 	EXP 	Sound  started
81.4234 	EXP 	Sound  started
81.4623 	DATA 	Keypress: lctrl
82.0862 	DATA 	Keypress: rctrl
82.1734 	EXP 	Sound  started
82.7262 	DATA 	Keypress: rctrl
82.9234 	EXP 	Sound  started
83.5583 	DATA 	Keypress: rctrl
83.6734 	EXP 	Sound  started
84.3583 	DATA 	Keypress: lctrl
84.4234 	EXP 	Sound  started
85.0783 	DATA 	Keypress: rctrl
85.1734 	EXP 	Sound  started
85.8942 	DATA 	Keypress: lctrl
85.9235 	EXP 	Sound  started
86.6142 	DATA 	Keypress: rctrl
86.6735 	EXP 	Sound  started
87.2862 	DATA 	Keypress: lctrl
87.4235 	EXP 	Sound  started
88.0383 	DATA 	Keypress: rctrl
88.1735 	EXP 	Sound  started
88.7423 	DATA 	Keypress: rctrl
88.9235 	EXP 	Sound  started
89.5582 	DATA 	Keypress: rctrl
89.6735 	EXP 	Sound  started
90.2783 	DATA 	Keypress: rctrl
93.3034 	DATA 	Keypress: 4
93.3328 	EXP 	unnamed ShapeStim: vertices = <class 'numpy.ndarray'>
97.1194 	DATA 	Keypress: 1
97.1359 	EXP 	unnamed ShapeStim: vertices = <class 'numpy.ndarray'>
98.9709 	DATA 	Keypress: 1
98.9874 	EXP 	unnamed ShapeStim: vertices = <class 'numpy.ndarray'>
101.2724 	EXP 	Sound  started
101.2726 	DATA 	Keypress: rctrl
101.9263 	DATA 	Keypress: rctrl
102.0224 	EXP 	Sound  started
102.7422 	DATA 	Keypress: lctrl
102.7724 	EXP 	Sound  started
103.4784 	DATA 	Keypress: lctrl
103.5224 	EXP 	Sound  started
104.2725 	EXP 	Sound  started
104.3423 	DATA 	Keypress: lctrl
104.9182 	DATA 	Keypress: lctrl
105.0225 	EXP 	Sound  started
105.6542 	DATA 	Keypress: lctrl
105.7725 	EXP 	Sound  started
106.4062 	DATA 	Keypress: lctrl
106.5225 	EXP 	Sound  started
107.1582 	DATA 	Keypress: lctrl
107.2725 	EXP 	Sound  started
107.9902 	DATA 	Keypress: rctrl
108.0225 	EXP 	Sound  started
108.7262 	DATA 	Keypress: rctrl
108.7725 	EXP 	Sound  started
109.4462 	DATA 	Keypress: lctrl
109.5225 	EXP 	Sound  started
110.2303 	DATA 	Keypress: rctrl
110.2726 	EXP 	Sound  started
111.0143 	DATA 	Keypress: lctrl
111.0226 	EXP 	Sound  started
111.7726 	EXP 	Sound  started
111.7982 	DATA 	Keypress: rctrl
112.4223 	DATA 	Keypress: lctrl
112.5226 	EXP 	Sound  started
113.2702 	DATA 	Keypress: rctrl
113.2726 	EXP 	Sound  started
113.9903 	DATA 	Keypress: rctrl
114.0226 	EXP 	Sound  started
114.7423 	DATA 	Keypress: rctrl
114.7727 	EXP 	Sound  started
115.4463 	DATA 	Keypress: rctrl
115.5227 	EXP 	Sound  started
116.0703 	DATA 	Keypress: rctrl
116.2727 	EXP 	Sound  started
116.9343 	DATA 	Keypress: rctrl
117.0227 	EXP 	Sound  started
117.6702 	DATA 	Keypress: lctrl
117.7727 	EXP 	Sound  started
118.4222 	DATA 	Keypress: rctrl
118.5227 	EXP 	Sound  started
119.1422 	DATA 	Keypress: lctrl
119.2727 	EXP 	Sound  started
119.9422 	DATA 	Keypress: rctrl
120.0228 	EXP 	Sound  started
120.7423 	DATA 	Keypress: lctrl
120.7728 	EXP 	Sound  started
121.4462 	DATA 	Keypress: rctrl
121.5228 	EXP 	Sound  started
122.1982 	DATA 	Keypress: lctrl
122.2728 	EXP 	Sound  started
122.8702 	DATA 	Keypress: rctrl
123.0228 	EXP 	Sound  started
123.6862 	DATA 	Keypress: lctrl
123.7728 	EXP 	Sound  started
124.4223 	DATA 	Keypress: rctrl
124.5228 	EXP 	Sound  started
125.1103 	DATA 	Keypress: rctrl
125.2729 	EXP 	Sound  started
125.9263 	DATA 	Keypress: rctrl
126.0229 	EXP 	Sound  started
126.6622 	DATA 	Keypress: rctrl
126.7729 	EXP 	Sound  started
127.3662 	DATA 	Keypress: rctrl
127.5229 	EXP 	Sound  started
128.2302 	DATA 	Keypress: rctrl
128.2729 	EXP 	Sound  started
128.9983 	DATA 	Keypress: lctrl
129.0229 	EXP 	Sound  started
129.7662 	DATA 	Keypress: rctrl
129.7729 	EXP 	Sound  started
130.5230 	EXP 	Sound  started
130.5984 	DATA 	Keypress: lctrl
131.2542 	DATA 	Keypress: rctrl
131.2730 	EXP 	Sound  started
131.9742 	DATA 	Keypress: lctrl
132.0230 	EXP 	Sound  started
132.7103 	DATA 	Keypress: rctrl
132.7730 	EXP 	Sound  started
133.4622 	DATA 	Keypress: lctrl
133.5230 	EXP 	Sound  started
134.1982 	DATA 	Keypress: rctrl
134.2730 	EXP 	Sound  started
134.9343 	DATA 	Keypress: lctrl
135.0230 	EXP 	Sound  started
135.7342 	DATA 	Keypress: rctrl
135.7731 	EXP 	Sound  started
136.5182 	DATA 	Keypress: lctrl
136.5231 	EXP 	Sound  started
137.2062 	DATA 	Keypress: rctrl
137.2731 	EXP 	Sound  started
137.8943 	DATA 	Keypress: lctrl
138.0231 	EXP 	Sound  started
138.4703 	DATA 	Keypress: lctrl
138.7731 	EXP 	Sound  started
139.2702 	DATA 	Keypress: rctrl
139.5231 	EXP 	Sound  started
140.2731 	EXP 	Sound  started
140.3903 	DATA 	Keypress: lctrl
140.9822 	DATA 	Keypress: lctrl
141.0232 	EXP 	Sound  started
141.7503 	DATA 	Keypress: rctrl
141.7732 	EXP 	Sound  started
142.2782 	DATA 	Keypress: lctrl
142.5232 	EXP 	Sound  started
143.2382 	DATA 	Keypress: rctrl
143.2732 	EXP 	Sound  started
143.9742 	DATA 	Keypress: rctrl
144.0232 	EXP 	Sound  started
144.7732 	EXP 	Sound  started
144.9662 	DATA 	Keypress: lctrl
145.4463 	DATA 	Keypress: rctrl
145.5232 	EXP 	Sound  started
146.2622 	DATA 	Keypress: lctrl
146.2733 	EXP 	Sound  started
146.9342 	DATA 	Keypress: rctrl
147.0233 	EXP 	Sound  started
147.9615 	DATA 	Keypress: lctrl
150.6799 	DATA 	Keypress: 3
150.6965 	EXP 	unnamed ShapeStim: vertices = <class 'numpy.ndarray'>
153.9326 	DATA 	Keypress: 3
153.9491 	EXP 	unnamed ShapeStim: vertices = <class 'numpy.ndarray'>
155.8013 	DATA 	Keypress: 1
155.8178 	EXP 	unnamed ShapeStim: vertices = <class 'numpy.ndarray'>
158.1033 	EXP 	Sound  started
158.1035 	DATA 	Keypress: rctrl
158.5982 	DATA 	Keypress: lctrl
158.8534 	EXP 	Sound  started
159.4943 	DATA 	Keypress: rctrl
159.6034 	EXP 	Sound  started
160.2942 	DATA 	Keypress: rctrl
160.3534 	EXP 	Sound  started
161.0462 	DATA 	Keypress: rctrl
161.1034 	EXP 	Sound  started
161.7822 	DATA 	Keypress: lctrl
161.8534 	EXP 	Sound  started
162.4862 	DATA 	Keypress: rctrl
162.6034 	EXP 	Sound  started
163.2542 	DATA 	Keypress: rctrl
163.3534 	EXP 	Sound  started
164.0222 	DATA 	Keypress: rctrl
164.1034 	EXP 	Sound  started
164.8382 	DATA 	Keypress: lctrl
164.8534 	EXP 	Sound  started
165.5422 	DATA 	Keypress: rctrl
165.6035 	EXP 	Sound  started
166.2623 	DATA 	Keypress: rctrl
166.3535 	EXP 	Sound  started
166.9502 	DATA 	Keypress: rctrl
167.1035 	EXP 	Sound  started
167.7662 	DATA 	Keypress: lctrl
167.8535 	EXP 	Sound  started
168.5023 	DATA 	Keypress: rctrl
168.6035 	EXP 	Sound  started
169.3023 	DATA 	Keypress: lctrl
169.3535 	EXP 	Sound  started
170.0542 	DATA 	Keypress: rctrl
170.1035 	EXP 	Sound  started
170.8535 	EXP 	Sound  started
170.8542 	DATA 	Keypress: lctrl
171.5422 	DATA 	Keypress: rctrl
171.6036 	EXP 	Sound  started
172.2942 	DATA 	Keypress: rctrl
172.3536 	EXP 	Sound  started
173.0942 	DATA 	Keypress: rctrl
173.1036 	EXP 	Sound  started
173.8303 	DATA 	Keypress: rctrl
173.8536 	EXP 	Sound  started
174.6036 	EXP 	Sound  started
174.7262 	DATA 	Keypress: rctrl
175.3536 	EXP 	Sound  started
175.3662 	DATA 	Keypress: rctrl
176.0862 	DATA 	Keypress: lctrl
176.1036 	EXP 	Sound  started
176.8382 	DATA 	Keypress: rctrl
176.8536 	EXP 	Sound  started
177.6037 	EXP 	Sound  started
177.6862 	DATA 	Keypress: lctrl
178.3537 	EXP 	Sound  started
178.4222 	DATA 	Keypress: rctrl
179.0462 	DATA 	Keypress: lctrl
179.1037 	EXP 	Sound  started
179.7183 	DATA 	Keypress: lctrl
179.8537 	EXP 	Sound  started
180.5822 	DATA 	Keypress: lctrl
180.6037 	EXP 	Sound  started
181.3342 	DATA 	Keypress: lctrl
181.3537 	EXP 	Sound  started
182.0702 	DATA 	Keypress: lctrl
182.1038 	EXP 	Sound  started
182.8382 	DATA 	Keypress: lctrl
182.8538 	EXP 	Sound  started
183.4942 	DATA 	Keypress: lctrl
183.6038 	EXP 	Sound  started
184.3102 	DATA 	Keypress: rctrl
184.3538 	EXP 	Sound  started
185.0302 	DATA 	Keypress: lctrl
185.1038 	EXP 	Sound  started
185.7822 	DATA 	Keypress: rctrl
185.8538 	EXP 	Sound  started
186.5662 	DATA 	Keypress: lctrl
186.6038 	EXP 	Sound  started
187.3502 	DATA 	Keypress: rctrl
187.3538 	EXP 	Sound  started
188.0702 	DATA 	Keypress: lctrl
188.1039 	EXP 	Sound  started
188.8539 	EXP 	Sound  started
188.9183 	DATA 	Keypress: rctrl
189.4782 	DATA 	Keypress: rctrl
189.6039 	EXP 	Sound  started
190.2142 	DATA 	Keypress: rctrl
190.3539 	EXP 	Sound  started
191.0303 	DATA 	Keypress: rctrl
191.1039 	EXP 	Sound  started
191.7983 	DATA 	Keypress: rctrl
191.8539 	EXP 	Sound  started
192.5342 	DATA 	Keypress: lctrl
192.6039 	EXP 	Sound  started
193.2702 	DATA 	Keypress: lctrl
193.3539 	EXP 	Sound  started
194.0382 	DATA 	Keypress: rctrl
194.1040 	EXP 	Sound  started
194.8540 	EXP 	Sound  started
194.9502 	DATA 	Keypress: rctrl
195.6040 	EXP 	Sound  started
195.6542 	DATA 	Keypress: lctrl
196.3540 	EXP 	Sound  started
196.3582 	DATA 	Keypress: lctrl
197.0622 	DATA 	Keypress: rctrl
197.1040 	EXP 	Sound  started
197.8142 	DATA 	Keypress: rctrl
197.8540 	EXP 	Sound  started
198.5662 	DATA 	Keypress: lctrl
198.6040 	EXP 	Sound  started
199.3183 	DATA 	Keypress: rctrl
199.3540 	EXP 	Sound  started
200.0382 	DATA 	Keypress: lctrl
200.1041 	EXP 	Sound  started
200.8062 	DATA 	Keypress: lctrl
200.8541 	EXP 	Sound  started
201.5582 	DATA 	Keypress: rctrl
201.6041 	EXP 	Sound  started
202.2623 	DATA 	Keypress: rctrl
202.3541 	EXP 	Sound  started
203.0943 	DATA 	Keypress: lctrl
203.1041 	EXP 	Sound  started
203.7182 	DATA 	Keypress: rctrl
203.8541 	EXP 	Sound  started
204.4542 	DATA 	Keypress: rctrl
204.6041 	EXP 	Sound  started
205.1742 	DATA 	Keypress: rctrl
205.3542 	EXP 	Sound  started
206.0223 	DATA 	Keypress: lctrl
206.1042 	EXP 	Sound  started
206.7422 	DATA 	Keypress: rctrl
206.8544 	EXP 	Sound  started
207.5263 	DATA 	Keypress: lctrl
207.6044 	EXP 	Sound  started
208.2142 	DATA 	Keypress: rctrl
208.3544 	EXP 	Sound  started
209.0462 	DATA 	Keypress: rctrl
209.1044 	EXP 	Sound  started
209.7822 	DATA 	Keypress: rctrl
209.8544 	EXP 	Sound  started
210.4702 	DATA 	Keypress: lctrl
210.6044 	EXP 	Sound  started
211.2223 	DATA 	Keypress: lctrl
211.3545 	EXP 	Sound  started
211.8943 	DATA 	Keypress: rctrl
212.1045 	EXP 	Sound  started
212.7583 	DATA 	Keypress: rctrl
212.8545 	EXP 	Sound  started
213.4303 	DATA 	Keypress: rctrl
213.6045 	EXP 	Sound  started
214.3103 	DATA 	Keypress: rctrl
214.3545 	EXP 	Sound  started
215.0782 	DATA 	Keypress: rctrl
215.1045 	EXP 	Sound  started
215.7662 	DATA 	Keypress: rctrl
215.8545 	EXP 	Sound  started
216.5822 	DATA 	Keypress: lctrl
219.2733 	DATA 	Keypress: 4
219.3028 	EXP 	unnamed ShapeStim: vertices = <class 'numpy.ndarray'>
221.1044 	DATA 	Keypress: 2
221.1209 	EXP 	unnamed ShapeStim: vertices = <class 'numpy.ndarray'>
222.8898 	DATA 	Keypress: 1
222.9062 	EXP 	unnamed ShapeStim: vertices = <class 'numpy.ndarray'>
225.1903 	EXP 	Sound  started
225.4143 	DATA 	Keypress: lctrl
225.9102 	DATA 	Keypress: lctrl
225.9403 	EXP 	Sound  started
226.6903 	EXP 	Sound  started
226.6942 	DATA 	Keypress: lctrl
227.4403 	EXP 	Sound  started
227.4463 	DATA 	Keypress: lctrl
228.1182 	DATA 	Keypress: lctrl
228.1903 	EXP 	Sound  started
228.8702 	DATA 	Keypress: rctrl
228.9403 	EXP 	Sound  started
229.5902 	DATA 	Keypress: lctrl
229.6904 	EXP 	Sound  started
230.3902 	DATA 	Keypress: rctrl
230.4404 	EXP 	Sound  started
231.1903 	DATA 	Keypress: lctrl
231.1905 	EXP 	Sound  started
231.9405 	EXP 	Sound  started
231.9583 	DATA 	Keypress: rctrl
232.6905 	EXP 	Sound  started
232.6943 	DATA 	Keypress: lctrl
233.4303 	DATA 	Keypress: rctrl
233.4405 	EXP 	Sound  started
234.1182 	DATA 	Keypress: lctrl
234.1905 	EXP 	Sound  started
234.8702 	DATA 	Keypress: rctrl
234.9406 	EXP 	Sound  started
235.6382 	DATA 	Keypress: rctrl
235.6906 	EXP 	Sound  started
236.3743 	DATA 	Keypress: rctrl
236.4406 	EXP 	Sound  started
237.1263 	DATA 	Keypress: rctrl
237.1906 	EXP 	Sound  started
237.8942 	DATA 	Keypress: rctrl
237.9406 	EXP 	Sound  started
238.6623 	DATA 	Keypress: lctrl
238.6906 	EXP 	Sound  started
239.3983 	DATA 	Keypress: lctrl
239.4406 	EXP 	Sound  started
240.1822 	DATA 	Keypress: lctrl
240.1906 	EXP 	Sound  started
240.9182 	DATA 	Keypress: lctrl
240.9407 	EXP 	Sound  started
241.6543 	DATA 	Keypress: lctrl
241.6907 	EXP 	Sound  started
242.4382 	DATA 	Keypress: rctrl
242.4407 	EXP 	Sound  started
243.1902 	DATA 	Keypress: rctrl
243.1907 	EXP 	Sound  started
243.9263 	DATA 	Keypress: rctrl
243.9407 	EXP 	Sound  started
244.6462 	DATA 	Keypress: rctrl
244.6907 	EXP 	Sound  started
245.4142 	DATA 	Keypress: lctrl
245.4407 	EXP 	Sound  started
246.1344 	DATA 	Keypress: lctrl
246.1908 	EXP 	Sound  started
246.9022 	DATA 	Keypress: lctrl
246.9408 	EXP 	Sound  started
247.6703 	DATA 	Keypress: rctrl
247.6908 	EXP 	Sound  started
248.3742 	DATA 	Keypress: rctrl
248.4408 	EXP 	Sound  started
249.1263 	DATA 	Keypress: rctrl
249.1908 	EXP 	Sound  started
249.9408 	EXP 	Sound  started
250.0062 	DATA 	Keypress: lctrl
250.6908 	EXP 	Sound  started
250.7262 	DATA 	Keypress: rctrl
251.4409 	EXP 	Sound  started
251.4623 	DATA 	Keypress: lctrl
252.1662 	DATA 	Keypress: rctrl
252.1909 	EXP 	Sound  started
252.9409 	EXP 	Sound  started
252.9823 	DATA 	Keypress: lctrl
253.6863 	DATA 	Keypress: rctrl
253.6909 	EXP 	Sound  started
254.4409 	EXP 	Sound  started
254.4542 	DATA 	Keypress: lctrl
255.1263 	DATA 	Keypress: rctrl
255.1909 	EXP 	Sound  started
255.8783 	DATA 	Keypress: rctrl
255.9409 	EXP 	Sound  started
256.6622 	DATA 	Keypress: rctrl
256.6910 	EXP 	Sound  started
257.4142 	DATA 	Keypress: lctrl
257.4410 	EXP 	Sound  started
258.0862 	DATA 	Keypress: rctrl
258.1910 	EXP 	Sound  started
258.8382 	DATA 	Keypress: lctrl
258.9410 	EXP 	Sound  started
259.5743 	DATA 	Keypress: rctrl
259.6910 	EXP 	Sound  started
260.3742 	DATA 	Keypress: lctrl
260.4410 	EXP 	Sound  started
261.1103 	DATA 	Keypress: rctrl
261.1910 	EXP 	Sound  started
261.8622 	DATA 	Keypress: lctrl
261.9410 	EXP 	Sound  started
262.5183 	DATA 	Keypress: rctrl
262.6911 	EXP 	Sound  started
263.2863 	DATA 	Keypress: rctrl
263.4411 	EXP 	Sound  started
264.0384 	DATA 	Keypress: rctrl
264.1911 	EXP 	Sound  started
264.7903 	DATA 	Keypress: rctrl
264.9411 	EXP 	Sound  started
265.5582 	DATA 	Keypress: lctrl
265.6911 	EXP 	Sound  started
266.3423 	DATA 	Keypress: rctrl
266.4411 	EXP 	Sound  started
267.0622 	DATA 	Keypress: rctrl
267.1911 	EXP 	Sound  started
267.8782 	DATA 	Keypress: lctrl
267.9412 	EXP 	Sound  started
268.5662 	DATA 	Keypress: rctrl
268.6912 	EXP 	Sound  started
269.3662 	DATA 	Keypress: rctrl
269.4412 	EXP 	Sound  started
270.0702 	DATA 	Keypress: rctrl
270.1912 	EXP 	Sound  started
270.9182 	DATA 	Keypress: rctrl
270.9412 	EXP 	Sound  started
271.6063 	DATA 	Keypress: lctrl
273.5640 	DATA 	Keypress: 4
273.5806 	EXP 	unnamed ShapeStim: vertices = <class 'numpy.ndarray'>
275.1022 	DATA 	Keypress: 1
275.1490 	EXP 	unnamed ShapeStim: vertices = <class 'numpy.ndarray'>
276.6708 	DATA 	Keypress: 1
276.7165 	EXP 	unnamed ShapeStim: vertices = <class 'numpy.ndarray'>
279.0025 	EXP 	Sound  started
279.0027 	DATA 	Keypress: rctrl
279.5742 	DATA 	Keypress: rctrl
279.7524 	EXP 	Sound  started
280.4703 	DATA 	Keypress: rctrl
280.5025 	EXP 	Sound  started
281.1423 	DATA 	Keypress: lctrl
281.2525 	EXP 	Sound  started
282.0025 	EXP 	Sound  started
282.0222 	DATA 	Keypress: rctrl
282.7423 	DATA 	Keypress: lctrl
282.7525 	EXP 	Sound  started
283.4942 	DATA 	Keypress: rctrl
283.5025 	EXP 	Sound  started
284.1823 	DATA 	Keypress: lctrl
284.2525 	EXP 	Sound  started
284.9664 	DATA 	Keypress: rctrl
285.0026 	EXP 	Sound  started
285.6862 	DATA 	Keypress: rctrl
285.7526 	EXP 	Sound  started
286.4703 	DATA 	Keypress: rctrl
286.5026 	EXP 	Sound  started
287.2223 	DATA 	Keypress: lctrl
287.2526 	EXP 	Sound  started
287.8943 	DATA 	Keypress: rctrl
288.0026 	EXP 	Sound  started
288.7263 	DATA 	Keypress: lctrl
288.7526 	EXP 	Sound  started
289.3983 	DATA 	Keypress: rctrl
289.5026 	EXP 	Sound  started
290.2526 	EXP 	Sound  started
290.2783 	DATA 	Keypress: lctrl
290.9503 	DATA 	Keypress: rctrl
291.0027 	EXP 	Sound  started
291.7023 	DATA 	Keypress: lctrl
291.7527 	EXP 	Sound  started
292.4223 	DATA 	Keypress: rctrl
292.5027 	EXP 	Sound  started
293.1263 	DATA 	Keypress: rctrl
293.2527 	EXP 	Sound  started
294.0027 	EXP 	Sound  started
294.0062 	DATA 	Keypress: lctrl
294.7103 	DATA 	Keypress: lctrl
294.7527 	EXP 	Sound  started
295.3662 	DATA 	Keypress: lctrl
295.5028 	EXP 	Sound  started
296.1503 	DATA 	Keypress: lctrl
296.2528 	EXP 	Sound  started
296.9343 	DATA 	Keypress: lctrl
297.0028 	EXP 	Sound  started
297.6862 	DATA 	Keypress: rctrl
297.7528 	EXP 	Sound  started
298.4063 	DATA 	Keypress: rctrl
298.5028 	EXP 	Sound  started
299.1422 	DATA 	Keypress: rctrl
299.2528 	EXP 	Sound  started
299.8622 	DATA 	Keypress: lctrl
300.0028 	EXP 	Sound  started
300.6942 	DATA 	Keypress: rctrl
300.7528 	EXP 	Sound  started
301.4142 	DATA 	Keypress: lctrl
301.5029 	EXP 	Sound  started
302.1662 	DATA 	Keypress: rctrl
302.2529 	EXP 	Sound  started
302.9823 	DATA 	Keypress: lctrl
303.0029 	EXP 	Sound  started
303.7502 	DATA 	Keypress: rctrl
303.7529 	EXP 	Sound  started
304.5029 	EXP 	Sound  started
304.5663 	DATA 	Keypress: lctrl
305.2529 	EXP 	Sound  started
305.3022 	DATA 	Keypress: rctrl
306.0029 	EXP 	Sound  started
306.0222 	DATA 	Keypress: lctrl
306.7530 	EXP 	Sound  started
306.7742 	DATA 	Keypress: rctrl
307.4942 	DATA 	Keypress: rctrl
307.5030 	EXP 	Sound  started
308.2530 	EXP 	Sound  started
308.3102 	DATA 	Keypress: lctrl
308.9663 	DATA 	Keypress: rctrl
309.0030 	EXP 	Sound  started
309.7182 	DATA 	Keypress: lctrl
309.7530 	EXP 	Sound  started
310.5030 	EXP 	Sound  started
310.5182 	DATA 	Keypress: rctrl
311.2530 	EXP 	Sound  started
311.2542 	DATA 	Keypress: lctrl
311.9422 	DATA 	Keypress: rctrl
312.0031 	EXP 	Sound  started
312.7102 	DATA 	Keypress: lctrl
312.7531 	EXP 	Sound  started
313.3982 	DATA 	Keypress: rctrl
313.5031 	EXP 	Sound  started
314.1822 	DATA 	Keypress: lctrl
314.2531 	EXP 	Sound  started
314.8862 	DATA 	Keypress: rctrl
315.0031 	EXP 	Sound  started
315.6702 	DATA 	Keypress: lctrl
315.7531 	EXP 	Sound  started
316.4224 	DATA 	Keypress: rctrl
316.5031 	EXP 	Sound  started
317.1902 	DATA 	Keypress: lctrl
317.2532 	EXP 	Sound  started
317.8943 	DATA 	Keypress: rctrl
318.0032 	EXP 	Sound  started
318.6782 	DATA 	Keypress: rctrl
318.7532 	EXP 	Sound  started
319.4624 	DATA 	Keypress: rctrl
319.5032 	EXP 	Sound  started
320.2303 	DATA 	Keypress: rctrl
320.2532 	EXP 	Sound  started
320.9502 	DATA 	Keypress: rctrl
321.0032 	EXP 	Sound  started
321.7022 	DATA 	Keypress: rctrl
321.7532 	EXP 	Sound  started
322.3903 	DATA 	Keypress: rctrl
322.5033 	EXP 	Sound  started
323.2533 	EXP 	Sound  started
323.3983 	DATA 	Keypress: rctrl
324.0033 	EXP 	Sound  started
324.0702 	DATA 	Keypress: rctrl
324.7533 	EXP 	Sound  started
324.9022 	DATA 	Keypress: rctrl
325.5033 	EXP 	Sound  started
325.5262 	DATA 	Keypress: rctrl
326.2533 	EXP 	Sound  started
326.3903 	DATA 	Keypress: rctrl
327.0033 	EXP 	Sound  started
327.7533 	EXP 	Sound  started
327.8142 	DATA 	Keypress: lctrl
328.5023 	DATA 	Keypress: rctrl
328.5034 	EXP 	Sound  started
329.2534 	EXP 	Sound  started
329.3343 	DATA 	Keypress: lctrl
330.0034 	EXP 	Sound  started
330.1022 	DATA 	Keypress: lctrl
333.3836 	DATA 	Keypress: 4
333.4130 	EXP 	unnamed ShapeStim: vertices = <class 'numpy.ndarray'>
335.8156 	DATA 	Keypress: 2
335.8322 	EXP 	unnamed ShapeStim: vertices = <class 'numpy.ndarray'>
339.2346 	DATA 	Keypress: 2
339.2511 	EXP 	unnamed ShapeStim: vertices = <class 'numpy.ndarray'>
341.5359 	EXP 	Sound  started
341.5360 	DATA 	Keypress: rctrl
342.2859 	EXP 	Sound  started
342.2943 	DATA 	Keypress: lctrl
342.9823 	DATA 	Keypress: rctrl
343.0359 	EXP 	Sound  started
343.7662 	DATA 	Keypress: lctrl
343.7859 	EXP 	Sound  started
344.5022 	DATA 	Keypress: lctrl
344.5359 	EXP 	Sound  started
345.2223 	DATA 	Keypress: lctrl
345.2859 	EXP 	Sound  started
346.0359 	EXP 	Sound  started
346.0543 	DATA 	Keypress: rctrl
346.7860 	EXP 	Sound  started
346.8062 	DATA 	Keypress: rctrl
347.5360 	EXP 	Sound  started
347.5582 	DATA 	Keypress: rctrl
348.2860 	EXP 	Sound  started
348.3103 	DATA 	Keypress: rctrl
349.0360 	EXP 	Sound  started
349.0782 	DATA 	Keypress: lctrl
349.7860 	EXP 	Sound  started
349.7983 	DATA 	Keypress: lctrl
350.5022 	DATA 	Keypress: lctrl
350.5360 	EXP 	Sound  started
351.2702 	DATA 	Keypress: lctrl
351.2860 	EXP 	Sound  started
352.0360 	EXP 	Sound  started
352.0542 	DATA 	Keypress: rctrl
352.7262 	DATA 	Keypress: rctrl
352.7860 	EXP 	Sound  started
353.4462 	DATA 	Keypress: rctrl
353.5361 	EXP 	Sound  started
354.1983 	DATA 	Keypress: rctrl
354.2861 	EXP 	Sound  started
354.9502 	DATA 	Keypress: rctrl
355.0361 	EXP 	Sound  started
355.7503 	DATA 	Keypress: rctrl
355.7861 	EXP 	Sound  started
356.5183 	DATA 	Keypress: rctrl
356.5361 	EXP 	Sound  started
357.2222 	DATA 	Keypress: rctrl
357.2861 	EXP 	Sound  started
357.9743 	DATA 	Keypress: rctrl
358.0362 	EXP 	Sound  started
358.7423 	DATA 	Keypress: rctrl
358.7862 	EXP 	Sound  started
359.4462 	DATA 	Keypress: lctrl
359.5362 	EXP 	Sound  started
360.1823 	DATA 	Keypress: rctrl
360.2862 	EXP 	Sound  started
360.9342 	DATA 	Keypress: lctrl
361.0362 	EXP 	Sound  started
361.7023 	DATA 	Keypress: rctrl
361.7862 	EXP 	Sound  started
362.4382 	DATA 	Keypress: lctrl
362.5362 	EXP 	Sound  started
363.2542 	DATA 	Keypress: lctrl
363.2863 	EXP 	Sound  started
363.9742 	DATA 	Keypress: rctrl
364.0363 	EXP 	Sound  started
364.6462 	DATA 	Keypress: lctrl
364.7863 	EXP 	Sound  started
365.4942 	DATA 	Keypress: rctrl
365.5363 	EXP 	Sound  started
366.2463 	DATA 	Keypress: rctrl
366.2863 	EXP 	Sound  started
367.0303 	DATA 	Keypress: rctrl
367.0363 	EXP 	Sound  started
367.7863 	EXP 	Sound  started
367.8623 	DATA 	Keypress: lctrl
368.5364 	EXP 	Sound  started
368.5503 	DATA 	Keypress: lctrl
369.2382 	DATA 	Keypress: lctrl
369.2864 	EXP 	Sound  started
369.9742 	DATA 	Keypress: lctrl
370.0364 	EXP 	Sound  started
370.7864 	EXP 	Sound  started
370.8222 	DATA 	Keypress: lctrl
371.4782 	DATA 	Keypress: lctrl
371.5364 	EXP 	Sound  started
372.2622 	DATA 	Keypress: lctrl
372.2864 	EXP 	Sound  started
372.9822 	DATA 	Keypress: rctrl
373.0364 	EXP 	Sound  started
373.7822 	DATA 	Keypress: rctrl
373.7864 	EXP 	Sound  started
374.4223 	DATA 	Keypress: rctrl
374.5364 	EXP 	Sound  started
375.1423 	DATA 	Keypress: rctrl
375.2865 	EXP 	Sound  started
375.9742 	DATA 	Keypress: rctrl
376.0365 	EXP 	Sound  started
376.7582 	DATA 	Keypress: rctrl
376.7865 	EXP 	Sound  started
377.5262 	DATA 	Keypress: lctrl
377.5365 	EXP 	Sound  started
378.2303 	DATA 	Keypress: lctrl
378.2865 	EXP 	Sound  started
379.0365 	EXP 	Sound  started
379.0464 	DATA 	Keypress: lctrl
379.6862 	DATA 	Keypress: rctrl
379.7865 	EXP 	Sound  started
380.5343 	DATA 	Keypress: lctrl
380.5366 	EXP 	Sound  started
381.2382 	DATA 	Keypress: rctrl
381.2866 	EXP 	Sound  started
381.8783 	DATA 	Keypress: lctrl
382.0366 	EXP 	Sound  started
382.7102 	DATA 	Keypress: rctrl
382.7866 	EXP 	Sound  started
383.4782 	DATA 	Keypress: lctrl
383.5366 	EXP 	Sound  started
384.2143 	DATA 	Keypress: rctrl
384.2866 	EXP 	Sound  started
384.9502 	DATA 	Keypress: lctrl
385.0366 	EXP 	Sound  started
385.7822 	DATA 	Keypress: rctrl
385.7866 	EXP 	Sound  started
386.4862 	DATA 	Keypress: lctrl
386.5367 	EXP 	Sound  started
387.2702 	DATA 	Keypress: rctrl
387.2867 	EXP 	Sound  started
387.9423 	DATA 	Keypress: rctrl
388.0367 	EXP 	Sound  started
388.7867 	EXP 	Sound  started
388.8222 	DATA 	Keypress: lctrl
389.5367 	EXP 	Sound  started
389.5902 	DATA 	Keypress: lctrl
390.2867 	EXP 	Sound  started
390.3263 	DATA 	Keypress: rctrl
391.0142 	DATA 	Keypress: rctrl
391.0367 	EXP 	Sound  started
391.7502 	DATA 	Keypress: rctrl
391.7867 	EXP 	Sound  started
392.5183 	DATA 	Keypress: rctrl
392.5368 	EXP 	Sound  started
393.0943 	DATA 	Keypress: rctrl
393.2868 	EXP 	Sound  started
393.9582 	DATA 	Keypress: rctrl
394.0368 	EXP 	Sound  started
394.6782 	DATA 	Keypress: rctrl
394.7868 	EXP 	Sound  started
395.3823 	DATA 	Keypress: rctrl
395.5368 	EXP 	Sound  started
396.2868 	EXP 	Sound  started
396.3903 	DATA 	Keypress: rctrl
397.0303 	DATA 	Keypress: rctrl
399.3839 	DATA 	Keypress: 4
399.4004 	EXP 	unnamed ShapeStim: vertices = <class 'numpy.ndarray'>
403.1536 	DATA 	Keypress: 2
403.1702 	EXP 	unnamed ShapeStim: vertices = <class 'numpy.ndarray'>
404.7922 	DATA 	Keypress: 1
404.8215 	EXP 	unnamed ShapeStim: vertices = <class 'numpy.ndarray'>
407.1058 	EXP 	Sound  started
407.3823 	DATA 	Keypress: rctrl
407.8143 	DATA 	Keypress: rctrl
407.8558 	EXP 	Sound  started
408.6058 	EXP 	Sound  started
408.6303 	DATA 	Keypress: lctrl
409.3183 	DATA 	Keypress: rctrl
409.3559 	EXP 	Sound  started
410.0223 	DATA 	Keypress: lctrl
410.1059 	EXP 	Sound  started
410.8543 	DATA 	Keypress: rctrl
410.8559 	EXP 	Sound  started
411.5423 	DATA 	Keypress: lctrl
411.6059 	EXP 	Sound  started
412.2783 	DATA 	Keypress: rctrl
412.3559 	EXP 	Sound  started
413.1059 	EXP 	Sound  started
413.1103 	DATA 	Keypress: lctrl
413.8559 	EXP 	Sound  started
413.8622 	DATA 	Keypress: rctrl
414.5982 	DATA 	Keypress: lctrl
414.6060 	EXP 	Sound  started
415.3183 	DATA 	Keypress: rctrl
415.3560 	EXP 	Sound  started
416.0703 	DATA 	Keypress: lctrl
416.1060 	EXP 	Sound  started
416.7742 	DATA 	Keypress: lctrl
416.8560 	EXP 	Sound  started
417.5422 	DATA 	Keypress: lctrl
417.6060 	EXP 	Sound  started
418.3103 	DATA 	Keypress: rctrl
418.3560 	EXP 	Sound  started
419.0303 	DATA 	Keypress: lctrl
419.1060 	EXP 	Sound  started
419.7503 	DATA 	Keypress: rctrl
419.8560 	EXP 	Sound  started
420.5023 	DATA 	Keypress: rctrl
420.6061 	EXP 	Sound  started
421.2383 	DATA 	Keypress: rctrl
421.3561 	EXP 	Sound  started
421.9903 	DATA 	Keypress: rctrl
422.1061 	EXP 	Sound  started
422.7582 	DATA 	Keypress: rctrl
422.8561 	EXP 	Sound  started
423.6061 	EXP 	Sound  started
423.6063 	DATA 	Keypress: rctrl
424.2942 	DATA 	Keypress: rctrl
424.3561 	EXP 	Sound  started
424.9983 	DATA 	Keypress: rctrl
425.1061 	EXP 	Sound  started
425.7822 	DATA 	Keypress: rctrl
425.8562 	EXP 	Sound  started
426.4702 	DATA 	Keypress: rctrl
426.6062 	EXP 	Sound  started
427.2383 	DATA 	Keypress: rctrl
427.3562 	EXP 	Sound  started
427.9583 	DATA 	Keypress: rctrl
428.1062 	EXP 	Sound  started
428.7422 	DATA 	Keypress: rctrl
428.8562 	EXP 	Sound  started
429.4942 	DATA 	Keypress: rctrl
429.6062 	EXP 	Sound  started
430.2623 	DATA 	Keypress: lctrl
430.3562 	EXP 	Sound  started
430.9662 	DATA 	Keypress: lctrl
431.1062 	EXP 	Sound  started
431.7663 	DATA 	Keypress: lctrl
431.8563 	EXP 	Sound  started
432.4382 	DATA 	Keypress: lctrl
432.6063 	EXP 	Sound  started
433.2222 	DATA 	Keypress: lctrl
433.3563 	EXP 	Sound  started
433.9582 	DATA 	Keypress: rctrl
434.1063 	EXP 	Sound  started
434.6943 	DATA 	Keypress: lctrl
434.8563 	EXP 	Sound  started
435.4624 	DATA 	Keypress: rctrl
435.6063 	EXP 	Sound  started
436.2142 	DATA 	Keypress: lctrl
436.3563 	EXP 	Sound  started
436.9022 	DATA 	Keypress: rctrl
437.1064 	EXP 	Sound  started
437.7023 	DATA 	Keypress: lctrl
437.8564 	EXP 	Sound  started
438.4543 	DATA 	Keypress: rctrl
438.6064 	EXP 	Sound  started
439.2223 	DATA 	Keypress: lctrl
439.3564 	EXP 	Sound  started
439.8782 	DATA 	Keypress: lctrl
440.1064 	EXP 	Sound  started
440.8382 	DATA 	Keypress: lctrl
440.8564 	EXP 	Sound  started
441.5262 	DATA 	Keypress: rctrl
441.6064 	EXP 	Sound  started
442.3263 	DATA 	Keypress: lctrl
442.3565 	EXP 	Sound  started
443.0943 	DATA 	Keypress: lctrl
443.1065 	EXP 	Sound  started
443.8565 	EXP 	Sound  started
443.8622 	DATA 	Keypress: rctrl
444.6065 	EXP 	Sound  started
444.7902 	DATA 	Keypress: rctrl
445.2863 	DATA 	Keypress: rctrl
445.3565 	EXP 	Sound  started
446.0064 	DATA 	Keypress: lctrl
446.1065 	EXP 	Sound  started
446.8062 	DATA 	Keypress: lctrl
446.8565 	EXP 	Sound  started
447.6065 	EXP 	Sound  started
447.7023 	DATA 	Keypress: rctrl
448.3566 	EXP 	Sound  started
448.3583 	DATA 	Keypress: rctrl
449.0942 	DATA 	Keypress: lctrl
449.1066 	EXP 	Sound  started
449.8566 	EXP 	Sound  started
449.8782 	DATA 	Keypress: lctrl
450.5343 	DATA 	Keypress: rctrl
450.6066 	EXP 	Sound  started
451.2543 	DATA 	Keypress: rctrl
451.3566 	EXP 	Sound  started
451.9744 	DATA 	Keypress: rctrl
452.1067 	EXP 	Sound  started
452.7424 	DATA 	Keypress: rctrl
452.8567 	EXP 	Sound  started
453.4783 	DATA 	Keypress: lctrl
453.6067 	EXP 	Sound  started
454.2463 	DATA 	Keypress: lctrl
454.3567 	EXP 	Sound  started
455.0303 	DATA 	Keypress: rctrl
455.1067 	EXP 	Sound  started
455.7183 	DATA 	Keypress: lctrl
455.8567 	EXP 	Sound  started
456.5183 	DATA 	Keypress: rctrl
456.6067 	EXP 	Sound  started
457.2543 	DATA 	Keypress: rctrl
457.3567 	EXP 	Sound  started
457.9422 	DATA 	Keypress: rctrl
458.1068 	EXP 	Sound  started
458.6783 	DATA 	Keypress: lctrl
458.8568 	EXP 	Sound  started
459.4303 	DATA 	Keypress: rctrl
459.6068 	EXP 	Sound  started
460.1663 	DATA 	Keypress: rctrl
460.3568 	EXP 	Sound  started
460.9823 	DATA 	Keypress: rctrl
461.1068 	EXP 	Sound  started
461.8302 	DATA 	Keypress: rctrl
461.8568 	EXP 	Sound  started
462.4862 	DATA 	Keypress: lctrl
462.6068 	EXP 	Sound  started
463.2063 	DATA 	Keypress: rctrl
463.3569 	EXP 	Sound  started
463.9423 	DATA 	Keypress: rctrl
464.1069 	EXP 	Sound  started
464.8063 	DATA 	Keypress: rctrl
464.8569 	EXP 	Sound  started
465.5903 	DATA 	Keypress: rctrl
465.6069 	EXP 	Sound  started
466.3569 	EXP 	Sound  started
467.0624 	DATA 	Keypress: rctrl
471.5135 	DATA 	Keypress: 3
471.5429 	EXP 	unnamed ShapeStim: vertices = <class 'numpy.ndarray'>
473.4489 	DATA 	Keypress: 2
473.4784 	EXP 	unnamed ShapeStim: vertices = <class 'numpy.ndarray'>
474.9988 	DATA 	Keypress: 1
475.0463 	EXP 	unnamed ShapeStim: vertices = <class 'numpy.ndarray'>
477.3304 	EXP 	Sound  started
477.5103 	DATA 	Keypress: rctrl
477.9582 	DATA 	Keypress: lctrl
478.0804 	EXP 	Sound  started
478.8304 	EXP 	Sound  started
478.8862 	DATA 	Keypress: rctrl
479.5804 	EXP 	Sound  started
479.5902 	DATA 	Keypress: rctrl
480.2302 	DATA 	Keypress: rctrl
480.3304 	EXP 	Sound  started
481.0783 	DATA 	Keypress: rctrl
481.0804 	EXP 	Sound  started
481.8142 	DATA 	Keypress: rctrl
481.8304 	EXP 	Sound  started
482.5183 	DATA 	Keypress: lctrl
482.5804 	EXP 	Sound  started
483.2382 	DATA 	Keypress: rctrl
483.3304 	EXP 	Sound  started
484.0543 	DATA 	Keypress: lctrl
484.0805 	EXP 	Sound  started
484.7743 	DATA 	Keypress: rctrl
484.8305 	EXP 	Sound  started
485.4782 	DATA 	Keypress: lctrl
485.5805 	EXP 	Sound  started
486.1183 	DATA 	Keypress: rctrl
486.3305 	EXP 	Sound  started
487.0622 	DATA 	Keypress: lctrl
487.0805 	EXP 	Sound  started
487.8143 	DATA 	Keypress: rctrl
487.8305 	EXP 	Sound  started
488.5023 	DATA 	Keypress: lctrl
488.5805 	EXP 	Sound  started
489.3023 	DATA 	Keypress: rctrl
489.3306 	EXP 	Sound  started
490.0806 	EXP 	Sound  started
490.0862 	DATA 	Keypress: lctrl
490.8306 	EXP 	Sound  started
490.8862 	DATA 	Keypress: lctrl
491.5806 	EXP 	Sound  started
491.6542 	DATA 	Keypress: rctrl
492.3263 	DATA 	Keypress: rctrl
492.3306 	EXP 	Sound  started
493.0463 	DATA 	Keypress: rctrl
493.0806 	EXP 	Sound  started
493.7663 	DATA 	Keypress: lctrl
493.8306 	EXP 	Sound  started
494.4063 	DATA 	Keypress: rctrl
494.5806 	EXP 	Sound  started
495.1583 	DATA 	Keypress: lctrl
495.3307 	EXP 	Sound  started
495.9423 	DATA 	Keypress: rctrl
496.0807 	EXP 	Sound  started
496.6623 	DATA 	Keypress: rctrl
496.8307 	EXP 	Sound  started
497.4622 	DATA 	Keypress: rctrl
497.5807 	EXP 	Sound  started
498.1663 	DATA 	Keypress: rctrl
498.3307 	EXP 	Sound  started
498.8863 	DATA 	Keypress: rctrl
499.0807 	EXP 	Sound  started
499.5903 	DATA 	Keypress: rctrl
499.8307 	EXP 	Sound  started
500.4223 	DATA 	Keypress: rctrl
500.5808 	EXP 	Sound  started
501.2862 	DATA 	Keypress: lctrl
501.3308 	EXP 	Sound  started
502.0543 	DATA 	Keypress: lctrl
502.0808 	EXP 	Sound  started
502.7743 	DATA 	Keypress: lctrl
502.8308 	EXP 	Sound  started
503.5423 	DATA 	Keypress: rctrl
503.5808 	EXP 	Sound  started
504.1823 	DATA 	Keypress: rctrl
504.3308 	EXP 	Sound  started
505.0808 	EXP 	Sound  started
505.1423 	DATA 	Keypress: rctrl
505.8308 	EXP 	Sound  started
505.8942 	DATA 	Keypress: rctrl
506.5809 	EXP 	Sound  started
506.6303 	DATA 	Keypress: rctrl
507.3309 	EXP 	Sound  started
507.3983 	DATA 	Keypress: lctrl
508.0702 	DATA 	Keypress: rctrl
508.0809 	EXP 	Sound  started
508.7583 	DATA 	Keypress: rctrl
508.8309 	EXP 	Sound  started
509.5102 	DATA 	Keypress: rctrl
509.5809 	EXP 	Sound  started
510.2143 	DATA 	Keypress: rctrl
510.3309 	EXP 	Sound  started
511.0623 	DATA 	Keypress: rctrl
511.0810 	EXP 	Sound  started
511.7983 	DATA 	Keypress: lctrl
511.8310 	EXP 	Sound  started
512.5810 	EXP 	Sound  started
512.5823 	DATA 	Keypress: rctrl
513.3310 	EXP 	Sound  started
513.3823 	DATA 	Keypress: lctrl
514.0222 	DATA 	Keypress: rctrl
514.0810 	EXP 	Sound  started
514.7582 	DATA 	Keypress: lctrl
514.8310 	EXP 	Sound  started
515.4943 	DATA 	Keypress: rctrl
515.5810 	EXP 	Sound  started
516.1984 	DATA 	Keypress: lctrl
516.3311 	EXP 	Sound  started
516.9022 	DATA 	Keypress: rctrl
517.0811 	EXP 	Sound  started
517.7663 	DATA 	Keypress: lctrl
517.8311 	EXP 	Sound  started
518.5022 	DATA 	Keypress: rctrl
518.5811 	EXP 	Sound  started
519.2703 	DATA 	Keypress: rctrl
519.3311 	EXP 	Sound  started
520.0543 	DATA 	Keypress: rctrl
520.0811 	EXP 	Sound  started
520.8223 	DATA 	Keypress: rctrl
520.8311 	EXP 	Sound  started
521.5262 	DATA 	Keypress: lctrl
521.5811 	EXP 	Sound  started
522.2463 	DATA 	Keypress: lctrl
522.3312 	EXP 	Sound  started
522.9822 	DATA 	Keypress: rctrl
523.0812 	EXP 	Sound  started
523.7343 	DATA 	Keypress: rctrl
523.8312 	EXP 	Sound  started
524.4863 	DATA 	Keypress: lctrl
524.5812 	EXP 	Sound  started
525.2062 	DATA 	Keypress: lctrl
527.5390 	DATA 	Keypress: 3
527.5555 	EXP 	unnamed ShapeStim: vertices = <class 'numpy.ndarray'>
529.0762 	DATA 	Keypress: 2
529.1235 	EXP 	unnamed ShapeStim: vertices = <class 'numpy.ndarray'>
530.6439 	DATA 	Keypress: 1
530.6919 	EXP 	unnamed ShapeStim: vertices = <class 'numpy.ndarray'>
532.9766 	EXP 	Sound  started
532.9768 	DATA 	Keypress: rctrl
533.5263 	DATA 	Keypress: rctrl
533.7266 	EXP 	Sound  started
534.4766 	EXP 	Sound  started
534.5022 	DATA 	Keypress: rctrl
535.1583 	DATA 	Keypress: rctrl
535.2266 	EXP 	Sound  started
535.8624 	DATA 	Keypress: rctrl
535.9766 	EXP 	Sound  started
536.6782 	DATA 	Keypress: rctrl
536.7266 	EXP 	Sound  started
537.4623 	DATA 	Keypress: lctrl
537.4766 	EXP 	Sound  started
538.2143 	DATA 	Keypress: lctrl
538.2267 	EXP 	Sound  started
538.9023 	DATA 	Keypress: rctrl
538.9767 	EXP 	Sound  started
539.6702 	DATA 	Keypress: rctrl
539.7267 	EXP 	Sound  started
540.3742 	DATA 	Keypress: lctrl
540.4767 	EXP 	Sound  started
541.0943 	DATA 	Keypress: lctrl
541.2267 	EXP 	Sound  started
541.8142 	DATA 	Keypress: rctrl
541.9767 	EXP 	Sound  started
542.6143 	DATA 	Keypress: rctrl
542.7267 	EXP 	Sound  started
543.3503 	DATA 	Keypress: lctrl
543.4768 	EXP 	Sound  started
544.1182 	DATA 	Keypress: lctrl
544.2268 	EXP 	Sound  started
544.7583 	DATA 	Keypress: rctrl
544.9768 	EXP 	Sound  started
545.5583 	DATA 	Keypress: rctrl
545.7268 	EXP 	Sound  started
546.2783 	DATA 	Keypress: lctrl
546.4768 	EXP 	Sound  started
547.1263 	DATA 	Keypress: lctrl
547.2268 	EXP 	Sound  started
547.8302 	DATA 	Keypress: rctrl
547.9768 	EXP 	Sound  started
548.5503 	DATA 	Keypress: rctrl
548.7268 	EXP 	Sound  started
549.3182 	DATA 	Keypress: lctrl
549.4769 	EXP 	Sound  started
550.0863 	DATA 	Keypress: rctrl
550.2269 	EXP 	Sound  started
550.8542 	DATA 	Keypress: lctrl
550.9769 	EXP 	Sound  started
551.6222 	DATA 	Keypress: rctrl
551.7269 	EXP 	Sound  started
552.3262 	DATA 	Keypress: lctrl
552.4769 	EXP 	Sound  started
553.0783 	DATA 	Keypress: rctrl
553.2269 	EXP 	Sound  started
553.8944 	DATA 	Keypress: lctrl
553.9769 	EXP 	Sound  started
554.7270 	EXP 	Sound  started
554.7422 	DATA 	Keypress: rctrl
555.4770 	EXP 	Sound  started
555.4943 	DATA 	Keypress: lctrl
556.1984 	DATA 	Keypress: rctrl
556.2270 	EXP 	Sound  started
556.9770 	EXP 	Sound  started
556.9823 	DATA 	Keypress: lctrl
557.7024 	DATA 	Keypress: rctrl
557.7270 	EXP 	Sound  started
558.4383 	DATA 	Keypress: lctrl
558.4770 	EXP 	Sound  started
559.1902 	DATA 	Keypress: rctrl
559.2271 	EXP 	Sound  started
559.8782 	DATA 	Keypress: lctrl
559.9771 	EXP 	Sound  started
560.7262 	DATA 	Keypress: rctrl
560.7271 	EXP 	Sound  started
561.4462 	DATA 	Keypress: lctrl
561.4771 	EXP 	Sound  started
562.2142 	DATA 	Keypress: rctrl
562.2271 	EXP 	Sound  started
562.9771 	EXP 	Sound  started
562.9982 	DATA 	Keypress: lctrl
563.7184 	DATA 	Keypress: rctrl
563.7271 	EXP 	Sound  started
564.4383 	DATA 	Keypress: rctrl
564.4771 	EXP 	Sound  started
565.2062 	DATA 	Keypress: lctrl
565.2272 	EXP 	Sound  started
565.9102 	DATA 	Keypress: lctrl
565.9772 	EXP 	Sound  started
566.6943 	DATA 	Keypress: rctrl
566.7272 	EXP 	Sound  started
567.3983 	DATA 	Keypress: rctrl
567.4772 	EXP 	Sound  started
568.1342 	DATA 	Keypress: lctrl
568.2272 	EXP 	Sound  started
568.9502 	DATA 	Keypress: lctrl
568.9772 	EXP 	Sound  started
569.6703 	DATA 	Keypress: rctrl
569.7273 	EXP 	Sound  started
570.4382 	DATA 	Keypress: lctrl
570.4773 	EXP 	Sound  started
571.2273 	EXP 	Sound  started
571.2382 	DATA 	Keypress: lctrl
571.9742 	DATA 	Keypress: rctrl
571.9773 	EXP 	Sound  started
572.6944 	DATA 	Keypress: lctrl
572.7273 	EXP 	Sound  started
573.4142 	DATA 	Keypress: rctrl
573.4773 	EXP 	Sound  started
574.2274 	EXP 	Sound  started
574.2623 	DATA 	Keypress: lctrl
574.9774 	EXP 	Sound  started
575.0142 	DATA 	Keypress: rctrl
575.7274 	EXP 	Sound  started
575.7502 	DATA 	Keypress: rctrl
576.4774 	EXP 	Sound  started
576.5023 	DATA 	Keypress: rctrl
577.1422 	DATA 	Keypress: lctrl
577.2274 	EXP 	Sound  started
577.9774 	EXP 	Sound  started
577.9902 	DATA 	Keypress: rctrl
578.7102 	DATA 	Keypress: lctrl
578.7274 	EXP 	Sound  started
579.4463 	DATA 	Keypress: lctrl
579.4775 	EXP 	Sound  started
580.2275 	EXP 	Sound  started
580.2463 	DATA 	Keypress: lctrl
580.9775 	EXP 	Sound  started
581.0142 	DATA 	Keypress: rctrl
581.6702 	DATA 	Keypress: rctrl
581.7275 	EXP 	Sound  started
582.4062 	DATA 	Keypress: rctrl
582.4775 	EXP 	Sound  started
583.1742 	DATA 	Keypress: rctrl
583.2275 	EXP 	Sound  started
583.9262 	DATA 	Keypress: lctrl
583.9775 	EXP 	Sound  started
584.7262 	DATA 	Keypress: lctrl
584.7275 	EXP 	Sound  started
585.4776 	EXP 	Sound  started
585.4782 	DATA 	Keypress: rctrl
586.1662 	DATA 	Keypress: rctrl
586.2276 	EXP 	Sound  started
586.8862 	DATA 	Keypress: lctrl
586.9776 	EXP 	Sound  started
587.6702 	DATA 	Keypress: lctrl
587.7276 	EXP 	Sound  started
588.4223 	DATA 	Keypress: rctrl
588.4776 	EXP 	Sound  started
589.1742 	DATA 	Keypress: rctrl
589.2276 	EXP 	Sound  started
589.9582 	DATA 	Keypress: lctrl
589.9776 	EXP 	Sound  started
590.7276 	EXP 	Sound  started
590.7423 	DATA 	Keypress: lctrl
591.4777 	EXP 	Sound  started
591.4943 	DATA 	Keypress: rctrl
592.2277 	EXP 	Sound  started
592.2462 	DATA 	Keypress: lctrl
592.9969 	DATA 	Keypress: rctrl
594.7775 	DATA 	Keypress: 3
594.7940 	EXP 	unnamed ShapeStim: vertices = <class 'numpy.ndarray'>
596.3157 	DATA 	Keypress: 1
596.3619 	EXP 	unnamed ShapeStim: vertices = <class 'numpy.ndarray'>
597.8827 	DATA 	Keypress: 1
597.9304 	EXP 	unnamed ShapeStim: vertices = <class 'numpy.ndarray'>
600.2152 	EXP 	Sound  started
600.2154 	DATA 	Keypress: rctrl
600.8223 	DATA 	Keypress: rctrl
600.9652 	EXP 	Sound  started
601.5903 	DATA 	Keypress: lctrl
601.7152 	EXP 	Sound  started
602.3103 	DATA 	Keypress: rctrl
602.4652 	EXP 	Sound  started
603.1262 	DATA 	Keypress: lctrl
603.2152 	EXP 	Sound  started
603.8782 	DATA 	Keypress: rctrl
603.9652 	EXP 	Sound  started
604.6463 	DATA 	Keypress: lctrl
604.7152 	EXP 	Sound  started
605.3662 	DATA 	Keypress: rctrl
605.4652 	EXP 	Sound  started
606.1182 	DATA 	Keypress: rctrl
606.2152 	EXP 	Sound  started
606.9653 	EXP 	Sound  started
606.9983 	DATA 	Keypress: rctrl
607.7153 	EXP 	Sound  started
607.7662 	DATA 	Keypress: rctrl
608.4542 	DATA 	Keypress: lctrl
608.4653 	EXP 	Sound  started
609.2153 	EXP 	Sound  started
609.2382 	DATA 	Keypress: rctrl
609.9653 	EXP 	Sound  started
610.0222 	DATA 	Keypress: lctrl
610.7102 	DATA 	Keypress: rctrl
610.7153 	EXP 	Sound  started
611.4622 	DATA 	Keypress: lctrl
611.4653 	EXP 	Sound  started
612.1982 	DATA 	Keypress: rctrl
612.2154 	EXP 	Sound  started
612.9342 	DATA 	Keypress: lctrl
612.9654 	EXP 	Sound  started
613.6543 	DATA 	Keypress: rctrl
613.7154 	EXP 	Sound  started
614.4654 	EXP 	Sound  started
614.5022 	DATA 	Keypress: lctrl
615.1423 	DATA 	Keypress: rctrl
615.2154 	EXP 	Sound  started
615.9654 	EXP 	Sound  started
615.9903 	DATA 	Keypress: lctrl
616.6462 	DATA 	Keypress: rctrl
616.7154 	EXP 	Sound  started
617.4143 	DATA 	Keypress: rctrl
617.4655 	EXP 	Sound  started
618.1662 	DATA 	Keypress: rctrl
618.2155 	EXP 	Sound  started
618.8542 	DATA 	Keypress: rctrl
618.9655 	EXP 	Sound  started
619.6222 	DATA 	Keypress: rctrl
619.7155 	EXP 	Sound  started
620.3263 	DATA 	Keypress: lctrl
620.4655 	EXP 	Sound  started
621.1422 	DATA 	Keypress: lctrl
621.2155 	EXP 	Sound  started
621.9583 	DATA 	Keypress: rctrl
621.9655 	EXP 	Sound  started
622.5822 	DATA 	Keypress: lctrl
622.7155 	EXP 	Sound  started
623.3823 	DATA 	Keypress: rctrl
623.4656 	EXP 	Sound  started
624.1022 	DATA 	Keypress: lctrl
624.2156 	EXP 	Sound  started
624.9342 	DATA 	Keypress: rctrl
624.9656 	EXP 	Sound  started
625.7156 	EXP 	Sound  started
625.7183 	DATA 	Keypress: lctrl
626.3582 	DATA 	Keypress: rctrl
626.4656 	EXP 	Sound  started
627.2157 	EXP 	Sound  started
627.2223 	DATA 	Keypress: lctrl
627.9657 	EXP 	Sound  started
627.9743 	DATA 	Keypress: rctrl
628.6622 	DATA 	Keypress: lctrl
628.7157 	EXP 	Sound  started
629.3982 	DATA 	Keypress: rctrl
629.4657 	EXP 	Sound  started
630.1983 	DATA 	Keypress: lctrl
630.2157 	EXP 	Sound  started
630.9503 	DATA 	Keypress: rctrl
630.9657 	EXP 	Sound  started
631.6862 	DATA 	Keypress: lctrl
631.7157 	EXP 	Sound  started
632.4223 	DATA 	Keypress: rctrl
632.4658 	EXP 	Sound  started
633.1586 	DATA 	Keypress: lctrl
633.2158 	EXP 	Sound  started
633.9658 	EXP 	Sound  started
634.0224 	DATA 	Keypress: rctrl
634.7102 	DATA 	Keypress: lctrl
634.7158 	EXP 	Sound  started
635.4658 	EXP 	Sound  started
635.4943 	DATA 	Keypress: rctrl
636.2158 	EXP 	Sound  started
636.2463 	DATA 	Keypress: rctrl
636.9022 	DATA 	Keypress: rctrl
636.9658 	EXP 	Sound  started
637.7158 	EXP 	Sound  started
637.7183 	DATA 	Keypress: rctrl
638.4659 	EXP 	Sound  started
638.4863 	DATA 	Keypress: rctrl
639.2159 	EXP 	Sound  started
639.2542 	DATA 	Keypress: rctrl
639.9659 	EXP 	Sound  started
640.0542 	DATA 	Keypress: rctrl
640.6303 	DATA 	Keypress: rctrl
640.7159 	EXP 	Sound  started
641.3502 	DATA 	Keypress: rctrl
641.4659 	EXP 	Sound  started
642.0863 	DATA 	Keypress: rctrl
642.2159 	EXP 	Sound  started
642.8543 	DATA 	Keypress: rctrl
642.9659 	EXP 	Sound  started
643.6223 	DATA 	Keypress: rctrl
643.7159 	EXP 	Sound  started
644.4063 	DATA 	Keypress: lctrl
644.4660 	EXP 	Sound  started
645.1422 	DATA 	Keypress: lctrl
645.2160 	EXP 	Sound  started
645.9262 	DATA 	Keypress: lctrl
645.9660 	EXP 	Sound  started
646.7160 	EXP 	Sound  started
646.7262 	DATA 	Keypress: lctrl
647.3823 	DATA 	Keypress: rctrl
647.4660 	EXP 	Sound  started
648.2160 	EXP 	Sound  started
648.2783 	DATA 	Keypress: lctrl
648.9660 	EXP 	Sound  started
649.0142 	DATA 	Keypress: rctrl
649.6382 	DATA 	Keypress: lctrl
649.7161 	EXP 	Sound  started
650.4661 	EXP 	Sound  started
650.4703 	DATA 	Keypress: rctrl
651.2062 	DATA 	Keypress: lctrl
651.2161 	EXP 	Sound  started
651.8942 	DATA 	Keypress: rctrl
651.9661 	EXP 	Sound  started
652.7161 	EXP 	Sound  started
652.7263 	DATA 	Keypress: lctrl
653.4661 	EXP 	Sound  started
653.5103 	DATA 	Keypress: rctrl
654.2161 	EXP 	Sound  started
654.2943 	DATA 	Keypress: lctrl
654.9979 	DATA 	Keypress: rctrl
657.1954 	DATA 	Keypress: 4
657.2119 	EXP 	unnamed ShapeStim: vertices = <class 'numpy.ndarray'>
658.7325 	DATA 	Keypress: 1
658.7798 	EXP 	unnamed ShapeStim: vertices = <class 'numpy.ndarray'>
660.3013 	DATA 	Keypress: 1
660.3483 	EXP 	unnamed ShapeStim: vertices = <class 'numpy.ndarray'>
662.6339 	EXP 	Sound  started
662.6341 	DATA 	Keypress: rctrl
663.3342 	DATA 	Keypress: rctrl
663.3839 	EXP 	Sound  started
664.1339 	EXP 	Sound  started
664.1343 	DATA 	Keypress: lctrl
664.8062 	DATA 	Keypress: lctrl
664.8839 	EXP 	Sound  started
665.4942 	DATA 	Keypress: lctrl
665.6340 	EXP 	Sound  started
666.1502 	DATA 	Keypress: lctrl
666.3840 	EXP 	Sound  started
666.9822 	DATA 	Keypress: lctrl
667.1340 	EXP 	Sound  started
667.7662 	DATA 	Keypress: lctrl
667.8840 	EXP 	Sound  started
668.5824 	DATA 	Keypress: lctrl
668.6340 	EXP 	Sound  started
669.3504 	DATA 	Keypress: lctrl
669.3840 	EXP 	Sound  started
670.1340 	EXP 	Sound  started
670.8543 	DATA 	Keypress: lctrl
670.8841 	EXP 	Sound  started
671.5743 	DATA 	Keypress: lctrl
671.6341 	EXP 	Sound  started
672.2942 	DATA 	Keypress: lctrl
672.3841 	EXP 	Sound  started
673.1341 	EXP 	Sound  started
673.1743 	DATA 	Keypress: rctrl
673.8622 	DATA 	Keypress: rctrl
673.8841 	EXP 	Sound  started
674.5343 	DATA 	Keypress: lctrl
674.6341 	EXP 	Sound  started
675.3841 	EXP 	Sound  started
676.0703 	DATA 	Keypress: rctrl
676.1341 	EXP 	Sound  started
676.8382 	DATA 	Keypress: rctrl
676.8842 	EXP 	Sound  started
677.5743 	DATA 	Keypress: lctrl
677.6342 	EXP 	Sound  started
678.3424 	DATA 	Keypress: rctrl
678.3842 	EXP 	Sound  started
679.0142 	DATA 	Keypress: lctrl
679.1342 	EXP 	Sound  started
679.7022 	DATA 	Keypress: lctrl
679.8842 	EXP 	Sound  started
680.4542 	DATA 	Keypress: rctrl
680.6342 	EXP 	Sound  started
681.1423 	DATA 	Keypress: lctrl
681.3842 	EXP 	Sound  started
681.9103 	DATA 	Keypress: rctrl
682.1343 	EXP 	Sound  started
682.6463 	DATA 	Keypress: lctrl
682.8843 	EXP 	Sound  started
683.4623 	DATA 	Keypress: lctrl
683.6343 	EXP 	Sound  started
684.1983 	DATA 	Keypress: rctrl
684.3843 	EXP 	Sound  started
684.9822 	DATA 	Keypress: rctrl
685.1343 	EXP 	Sound  started
685.7022 	DATA 	Keypress: lctrl
685.8843 	EXP 	Sound  started
686.4542 	DATA 	Keypress: rctrl
686.6344 	EXP 	Sound  started
686.8062 	DATA 	Keypress: lctrl
687.3844 	EXP 	Sound  started
687.9744 	DATA 	Keypress: rctrl
688.1344 	EXP 	Sound  started
688.7902 	DATA 	Keypress: rctrl
688.8844 	EXP 	Sound  started
689.4622 	DATA 	Keypress: rctrl
689.6344 	EXP 	Sound  started
690.2463 	DATA 	Keypress: rctrl
690.3844 	EXP 	Sound  started
691.0303 	DATA 	Keypress: rctrl
691.1344 	EXP 	Sound  started
691.8303 	DATA 	Keypress: rctrl
691.8844 	EXP 	Sound  started
692.5503 	DATA 	Keypress: rctrl
692.6345 	EXP 	Sound  started
693.2543 	DATA 	Keypress: rctrl
693.3845 	EXP 	Sound  started
694.0063 	DATA 	Keypress: rctrl
694.1345 	EXP 	Sound  started
694.8063 	DATA 	Keypress: rctrl
694.8845 	EXP 	Sound  started
695.4623 	DATA 	Keypress: lctrl
695.6345 	EXP 	Sound  started
696.3422 	DATA 	Keypress: lctrl
696.3845 	EXP 	Sound  started
696.9503 	DATA 	Keypress: rctrl
697.1345 	EXP 	Sound  started
697.5902 	DATA 	Keypress: lctrl
697.8846 	EXP 	Sound  started
698.5983 	DATA 	Keypress: rctrl
698.6346 	EXP 	Sound  started
699.2863 	DATA 	Keypress: lctrl
699.3846 	EXP 	Sound  started
700.0543 	DATA 	Keypress: rctrl
700.1346 	EXP 	Sound  started
700.8846 	EXP 	Sound  started
700.9503 	DATA 	Keypress: lctrl
701.5102 	DATA 	Keypress: rctrl
701.6346 	EXP 	Sound  started
702.1183 	DATA 	Keypress: lctrl
702.3846 	EXP 	Sound  started
702.5663 	DATA 	Keypress: rctrl
703.0463 	DATA 	Keypress: lctrl
703.1346 	EXP 	Sound  started
703.5902 	DATA 	Keypress: rctrl
703.8847 	EXP 	Sound  started
704.5822 	DATA 	Keypress: lctrl
704.6347 	EXP 	Sound  started
705.3343 	DATA 	Keypress: rctrl
705.3847 	EXP 	Sound  started
706.1347 	EXP 	Sound  started
706.1502 	DATA 	Keypress: rctrl
706.8847 	EXP 	Sound  started
706.9342 	DATA 	Keypress: lctrl
707.6347 	EXP 	Sound  started
707.7023 	DATA 	Keypress: lctrl
708.3847 	EXP 	Sound  started
708.5343 	DATA 	Keypress: lctrl
709.1347 	EXP 	Sound  started
709.1743 	DATA 	Keypress: lctrl
709.8782 	DATA 	Keypress: lctrl
709.8848 	EXP 	Sound  started
710.6348 	EXP 	Sound  started
710.7103 	DATA 	Keypress: lctrl
711.3822 	DATA 	Keypress: lctrl
711.3848 	EXP 	Sound  started
712.1342 	DATA 	Keypress: lctrl
712.1348 	EXP 	Sound  started
712.8384 	DATA 	Keypress: lctrl
712.8848 	EXP 	Sound  started
713.5423 	DATA 	Keypress: lctrl
713.6348 	EXP 	Sound  started
714.3848 	EXP 	Sound  started
714.4223 	DATA 	Keypress: lctrl
715.1349 	EXP 	Sound  started
715.3182 	DATA 	Keypress: lctrl
715.8849 	EXP 	Sound  started
715.9103 	DATA 	Keypress: lctrl
716.6302 	DATA 	Keypress: lctrl
716.6349 	EXP 	Sound  started
717.3662 	DATA 	Keypress: lctrl
717.3849 	EXP 	Sound  started
718.1022 	DATA 	Keypress: lctrl
718.1349 	EXP 	Sound  started
718.7743 	DATA 	Keypress: lctrl
718.8849 	EXP 	Sound  started
719.6349 	EXP 	Sound  started
719.7662 	DATA 	Keypress: lctrl
720.3849 	EXP 	Sound  started
720.4223 	DATA 	Keypress: lctrl
721.1350 	EXP 	Sound  started
721.1583 	DATA 	Keypress: lctrl
721.8622 	DATA 	Keypress: lctrl
723.5998 	DATA 	Keypress: 3
723.6163 	EXP 	unnamed ShapeStim: vertices = <class 'numpy.ndarray'>
725.1366 	DATA 	Keypress: 2
725.1848 	EXP 	unnamed ShapeStim: vertices = <class 'numpy.ndarray'>
726.7058 	DATA 	Keypress: 1
726.7522 	EXP 	unnamed ShapeStim: vertices = <class 'numpy.ndarray'>
729.0376 	DATA 	Keypress: rctrl
1308.2145 	DATA 	Keypress: return
1308.2841 	EXP 	window1: mouseVisible = True
