305.4481 	WARNING 	User requested fullscreen with size [1024  768], but screen is actually [1920, 1200]. Using actual size
306.2899 	EXP 	Created window1 = Window(allowGUI=False, allowStencil=False, autoLog=True, backendConf=UNKNOWN, bitsMode=UNKNOWN, blendMode='avg', bpc=(8, 8, 8), color=array([0, 0, 0]), colorSpace='rgb', depthBits=8, fullscr=<method-wrapper '__getattribute__' of attributeSetter object at 0x000001FED9416710>, gamma=None, gammaErrorPolicy='raise', lms=UNKNOWN, monitor=<psychopy.monitors.calibTools.Monitor object at 0x000001FEDAB52FD0>, multiSample=False, name='window1', numSamples=2, pos=[0.0, 0.0], screen=0, size=array([1920, 1200]), stencilBits=0, stereo=False, units='norm', useFBO=True, useRetina=False, viewOri=0.0, viewPos=None, viewScale=None, waitBlanking=True, winType='pyglet')
306.2903 	EXP 	window1: mouseVisible = True
306.2903 	EXP 	window1: mouseVisible = False
306.2903 	EXP 	window1: recordFrameIntervals = False
306.4564 	EXP 	window1: recordFrameIntervals = True
306.6400 	EXP 	window1: recordFrameIntervals = False
306.6963 	EXP 	Created text = TextStim(__class__=<class 'psychopy.visual.text.TextStim'>, alignHoriz=method-wrapper(...), alignText='center', alignVert=method-wrapper(...), anchorHoriz='center', anchorVert='center', antialias=True, autoLog=True, bold=False, color=array([1., 1., 1.]), colorSpace='rgb', contrast=1.0, depth=0.0, flipHoriz=False, flipVert=False, font='Arial', fontFiles=[], height=0.15, italic=False, languageStyle='LTR', name='text', opacity=1, ori=0, pos=array([0., 0.]), rgb=UNKNOWN, text='+', units='norm', win=Window(...), wrapWidth=1)
306.7189 	EXP 	Created text = TextStim(__class__=<class 'psychopy.visual.text.TextStim'>, alignHoriz=method-wrapper(...), alignText='center', alignVert=method-wrapper(...), anchorHoriz='center', anchorVert='center', antialias=True, autoLog=True, bold=False, color=array([1., 1., 1.]), colorSpace='rgb', contrast=1.0, depth=0.0, flipHoriz=False, flipVert=False, font='Arial', fontFiles=[], height=0.07, italic=False, languageStyle='LTR', name='text', opacity=1, ori=0, pos=array([0., 0.]), rgb=UNKNOWN, text=str(...), units='norm', win=Window(...), wrapWidth=1.65)
306.7285 	EXP 	Created text = TextStim(__class__=<class 'psychopy.visual.text.TextStim'>, alignHoriz=method-wrapper(...), alignText='center', alignVert=method-wrapper(...), anchorHoriz='center', anchorVert='center', antialias=True, autoLog=True, bold=False, color=array([1., 1., 1.]), colorSpace='rgb', contrast=1.0, depth=0.0, flipHoriz=False, flipVert=False, font='Arial', fontFiles=[], height=0.07, italic=False, languageStyle='LTR', name='text', opacity=1, ori=0, pos=array([0., 0.]), rgb=UNKNOWN, text=str(...), units='norm', win=Window(...), wrapWidth=1.65)
306.7375 	EXP 	Created text = TextStim(__class__=<class 'psychopy.visual.text.TextStim'>, alignHoriz=method-wrapper(...), alignText='center', alignVert=method-wrapper(...), anchorHoriz='center', anchorVert='center', antialias=True, autoLog=True, bold=False, color=array([1., 1., 1.]), colorSpace='rgb', contrast=1.0, depth=0.0, flipHoriz=False, flipVert=False, font='Arial', fontFiles=[], height=0.07, italic=False, languageStyle='LTR', name='text', opacity=1, ori=0, pos=array([0., 0.]), rgb=UNKNOWN, text=str(...), units='norm', win=Window(...), wrapWidth=1.65)
306.7480 	EXP 	Created text = TextStim(__class__=<class 'psychopy.visual.text.TextStim'>, alignHoriz=method-wrapper(...), alignText='center', alignVert=method-wrapper(...), anchorHoriz='center', anchorVert='center', antialias=True, autoLog=True, bold=False, color=array([1., 1., 1.]), colorSpace='rgb', contrast=1.0, depth=0.0, flipHoriz=False, flipVert=False, font='Arial', fontFiles=[], height=0.07, italic=False, languageStyle='LTR', name='text', opacity=1, ori=0, pos=array([0., 0.]), rgb=UNKNOWN, text=str(...), units='norm', win=Window(...), wrapWidth=1.65)
306.7536 	EXP 	Created text = TextStim(__class__=<class 'psychopy.visual.text.TextStim'>, alignHoriz=method-wrapper(...), alignText='center', alignVert=method-wrapper(...), anchorHoriz='center', anchorVert='center', antialias=True, autoLog=True, bold=False, color=array([1., 1., 1.]), colorSpace='rgb', contrast=1.0, depth=0.0, flipHoriz=False, flipVert=False, font='Arial', fontFiles=[], height=0.07, italic=False, languageStyle='LTR', name='text', opacity=1, ori=0, pos=array([0., 0.]), rgb=UNKNOWN, text=str(...), units='norm', win=Window(...), wrapWidth=1.65)
306.7690 	EXP 	Created text = TextStim(__class__=<class 'psychopy.visual.text.TextStim'>, alignHoriz=method-wrapper(...), alignText='center', alignVert=method-wrapper(...), anchorHoriz='center', anchorVert='center', antialias=True, autoLog=True, bold=False, color=array([1., 1., 1.]), colorSpace='rgb', contrast=1.0, depth=0.0, flipHoriz=False, flipVert=False, font='Arial', fontFiles=[], height=0.15, italic=False, languageStyle='LTR', name='text', opacity=1, ori=0, pos=array([0., 0.]), rgb=UNKNOWN, text=str(...), units='norm', win=Window(...), wrapWidth=1.65)
306.7981 	EXP 	Created text = TextStim(__class__=<class 'psychopy.visual.text.TextStim'>, alignHoriz=method-wrapper(...), alignText='center', alignVert=method-wrapper(...), anchorHoriz='center', anchorVert='center', antialias=True, autoLog=True, bold=False, color=array([1., 1., 1.]), colorSpace='rgb', contrast=1.0, depth=0.0, flipHoriz=False, flipVert=False, font='Arial', fontFiles=[], height=0.07, italic=False, languageStyle='LTR', name='text', opacity=1, ori=0, pos=array([0., 0.]), rgb=UNKNOWN, text=str(...), units='norm', win=Window(...), wrapWidth=1.65)
306.8192 	EXP 	Created text = TextStim(__class__=<class 'psychopy.visual.text.TextStim'>, alignHoriz=method-wrapper(...), alignText='center', alignVert=method-wrapper(...), anchorHoriz='center', anchorVert='center', antialias=True, autoLog=True, bold=False, color=array([1., 1., 1.]), colorSpace='rgb', contrast=1.0, depth=0.0, flipHoriz=False, flipVert=False, font='Arial', fontFiles=[], height=0.07, italic=False, languageStyle='LTR', name='text', opacity=1, ori=0, pos=array([0., 0.]), rgb=UNKNOWN, text=str(...), units='norm', win=Window(...), wrapWidth=1.65)
306.8494 	EXP 	Created text = TextStim(__class__=<class 'psychopy.visual.text.TextStim'>, alignHoriz=method-wrapper(...), alignText='center', alignVert=method-wrapper(...), anchorHoriz='center', anchorVert='center', antialias=True, autoLog=True, bold=False, color=array([1., 1., 1.]), colorSpace='rgb', contrast=1.0, depth=0.0, flipHoriz=False, flipVert=False, font='Arial', fontFiles=[], height=0.07, italic=False, languageStyle='LTR', name='text', opacity=1, ori=0, pos=array([0., 0.]), rgb=UNKNOWN, text=str(...), units='norm', win=Window(...), wrapWidth=1.65)
306.8732 	EXP 	Created text = TextStim(__class__=<class 'psychopy.visual.text.TextStim'>, alignHoriz=method-wrapper(...), alignText='center', alignVert=method-wrapper(...), anchorHoriz='center', anchorVert='center', antialias=True, autoLog=True, bold=False, color=array([1., 1., 1.]), colorSpace='rgb', contrast=1.0, depth=0.0, flipHoriz=False, flipVert=False, font='Arial', fontFiles=[], height=0.07, italic=False, languageStyle='LTR', name='text', opacity=1, ori=0, pos=array([0., 0.]), rgb=UNKNOWN, text=str(...), units='norm', win=Window(...), wrapWidth=1.65)
306.9024 	EXP 	Created text = TextStim(__class__=<class 'psychopy.visual.text.TextStim'>, alignHoriz=method-wrapper(...), alignText='center', alignVert=method-wrapper(...), anchorHoriz='center', anchorVert='center', antialias=True, autoLog=True, bold=False, color=array([1., 1., 1.]), colorSpace='rgb', contrast=1.0, depth=0.0, flipHoriz=False, flipVert=False, font='Arial', fontFiles=[], height=0.07, italic=False, languageStyle='LTR', name='text', opacity=1, ori=0, pos=array([0., 0.]), rgb=UNKNOWN, text=str(...), units='norm', win=Window(...), wrapWidth=1.65)
306.9130 	EXP 	Created text = TextStim(__class__=<class 'psychopy.visual.text.TextStim'>, alignHoriz=method-wrapper(...), alignText='center', alignVert=method-wrapper(...), anchorHoriz='center', anchorVert='center', antialias=True, autoLog=True, bold=False, color=array([1., 1., 1.]), colorSpace='rgb', contrast=1.0, depth=0.0, flipHoriz=False, flipVert=False, font='Arial', fontFiles=[], height=0.07, italic=False, languageStyle='LTR', name='text', opacity=1, ori=0, pos=array([0., 0.]), rgb=UNKNOWN, text=str(...), units='norm', win=Window(...), wrapWidth=1.65)
306.9252 	EXP 	Created text = TextStim(__class__=<class 'psychopy.visual.text.TextStim'>, alignHoriz=method-wrapper(...), alignText='center', alignVert=method-wrapper(...), anchorHoriz='center', anchorVert='center', antialias=True, autoLog=True, bold=False, color=array([1., 1., 1.]), colorSpace='rgb', contrast=1.0, depth=0.0, flipHoriz=False, flipVert=False, font='Arial', fontFiles=[], height=0.07, italic=False, languageStyle='LTR', name='text', opacity=1, ori=0, pos=array([0., 0.]), rgb=UNKNOWN, text=str(...), units='norm', win=Window(...), wrapWidth=1.65)
306.9295 	EXP 	Created instru = TextStim(__class__=<class 'psychopy.visual.text.TextStim'>, alignHoriz=method-wrapper(...), alignText='center', alignVert=method-wrapper(...), anchorHoriz='center', anchorVert='center', antialias=True, autoLog=True, bold=False, color=array([1., 1., 1.]), colorSpace='rgb', contrast=1.0, depth=0.0, flipHoriz=False, flipVert=False, font='Arial', fontFiles=[], height=0.07, italic=False, languageStyle='LTR', name='instru', opacity=1, ori=0, pos=array([0. , 0.5]), rgb=UNKNOWN, text=str(...), units='norm', win=Window(...), wrapWidth=1)
306.9321 	EXP 	Created unnamed Line = Line(__class__=<class 'psychopy.visual.line.Line'>, autoDraw=False, autoLog=True, closeShape=False, color=array([1., 1., 1.]), colorSpace='rgb', contrast=None, depth=0, fillColor=array([0, 0, 0]), fillColorSpace='rgb', fillRGB=array([0, 0, 0]), interpolate=True, lineColor=array([1., 1., 1.]), lineColorSpace='rgb', lineRGB=array([1, 1, 1]), lineWidth=5, name='unnamed Line', opacity=0.5, ori=0.0, pos=array([0., 0.]), size=array([1., 1.]), units='norm', vertices=array([[-0.5,  0. ],
       [ 0.5,  0. ]]), win=Window(...), windingRule=None)
306.9341 	EXP 	Created unnamed Line = Line(__class__=<class 'psychopy.visual.line.Line'>, autoDraw=False, autoLog=True, closeShape=False, color=array([1., 1., 1.]), colorSpace='rgb', contrast=None, depth=0, fillColor=array([0, 0, 0]), fillColorSpace='rgb', fillRGB=array([0, 0, 0]), interpolate=True, lineColor=array([1., 1., 1.]), lineColorSpace='rgb', lineRGB=array([1, 1, 1]), lineWidth=3, name='unnamed Line', opacity=0.5, ori=0.0, pos=array([0., 0.]), size=array([1., 1.]), units='norm', vertices=array([[-0.5 , -0.05],
       [-0.5 ,  0.05]]), win=Window(...), windingRule=None)
306.9361 	EXP 	Created unnamed Line = Line(__class__=<class 'psychopy.visual.line.Line'>, autoDraw=False, autoLog=True, closeShape=False, color=array([1., 1., 1.]), colorSpace='rgb', contrast=None, depth=0, fillColor=array([0, 0, 0]), fillColorSpace='rgb', fillRGB=array([0, 0, 0]), interpolate=True, lineColor=array([1., 1., 1.]), lineColorSpace='rgb', lineRGB=array([1, 1, 1]), lineWidth=3, name='unnamed Line', opacity=0.5, ori=0.0, pos=array([0., 0.]), size=array([1., 1.]), units='norm', vertices=ndarray(...), win=Window(...), windingRule=None)
306.9381 	EXP 	Created unnamed Line = Line(__class__=<class 'psychopy.visual.line.Line'>, autoDraw=False, autoLog=True, closeShape=False, color=array([1., 1., 1.]), colorSpace='rgb', contrast=None, depth=0, fillColor=array([0, 0, 0]), fillColorSpace='rgb', fillRGB=array([0, 0, 0]), interpolate=True, lineColor=array([1., 1., 1.]), lineColorSpace='rgb', lineRGB=array([1, 1, 1]), lineWidth=3, name='unnamed Line', opacity=0.5, ori=0.0, pos=array([0., 0.]), size=array([1., 1.]), units='norm', vertices=ndarray(...), win=Window(...), windingRule=None)
306.9401 	EXP 	Created unnamed Line = Line(__class__=<class 'psychopy.visual.line.Line'>, autoDraw=False, autoLog=True, closeShape=False, color=array([1., 1., 1.]), colorSpace='rgb', contrast=None, depth=0, fillColor=array([0, 0, 0]), fillColorSpace='rgb', fillRGB=array([0, 0, 0]), interpolate=True, lineColor=array([1., 1., 1.]), lineColorSpace='rgb', lineRGB=array([1, 1, 1]), lineWidth=3, name='unnamed Line', opacity=0.5, ori=0.0, pos=array([0., 0.]), size=array([1., 1.]), units='norm', vertices=array([[ 0.5 , -0.05],
       [ 0.5 ,  0.05]]), win=Window(...), windingRule=None)
306.9526 	EXP 	Created unnamed TextStim = TextStim(__class__=<class 'psychopy.visual.text.TextStim'>, alignHoriz=method-wrapper(...), alignText='center', alignVert=method-wrapper(...), anchorHoriz='center', anchorVert='center', antialias=True, autoLog=True, bold=False, color=array([1., 1., 1.]), colorSpace='rgb', contrast=1.0, depth=0, flipHoriz=False, flipVert=False, font='', fontFiles=[], height=0.05, italic=False, languageStyle='LTR', name='unnamed TextStim', opacity=1.0, ori=0.0, pos=array([-0.5, -0.1]), rgb=UNKNOWN, text='Helt klart \n IKKE FOKUSERT', units='norm', win=Window(...), wrapWidth=1)
306.9536 	EXP 	Created unnamed TextStim = TextStim(__class__=<class 'psychopy.visual.text.TextStim'>, alignHoriz=method-wrapper(...), alignText='center', alignVert=method-wrapper(...), anchorHoriz='center', anchorVert='center', antialias=True, autoLog=True, bold=False, color=array([1., 1., 1.]), colorSpace='rgb', contrast=1.0, depth=0, flipHoriz=False, flipVert=False, font='', fontFiles=[], height=0.05, italic=False, languageStyle='LTR', name='unnamed TextStim', opacity=1.0, ori=0.0, pos=array([-0.16666667, -0.1       ]), rgb=UNKNOWN, text='', units='norm', win=Window(...), wrapWidth=1)
306.9546 	EXP 	Created unnamed TextStim = TextStim(__class__=<class 'psychopy.visual.text.TextStim'>, alignHoriz=method-wrapper(...), alignText='center', alignVert=method-wrapper(...), anchorHoriz='center', anchorVert='center', antialias=True, autoLog=True, bold=False, color=array([1., 1., 1.]), colorSpace='rgb', contrast=1.0, depth=0, flipHoriz=False, flipVert=False, font='', fontFiles=[], height=0.05, italic=False, languageStyle='LTR', name='unnamed TextStim', opacity=1.0, ori=0.0, pos=array([ 0.16666667, -0.1       ]), rgb=UNKNOWN, text='', units='norm', win=Window(...), wrapWidth=1)
306.9581 	EXP 	Created unnamed TextStim = TextStim(__class__=<class 'psychopy.visual.text.TextStim'>, alignHoriz=method-wrapper(...), alignText='center', alignVert=method-wrapper(...), anchorHoriz='center', anchorVert='center', antialias=True, autoLog=True, bold=False, color=array([1., 1., 1.]), colorSpace='rgb', contrast=1.0, depth=0, flipHoriz=False, flipVert=False, font='', fontFiles=[], height=0.05, italic=False, languageStyle='LTR', name='unnamed TextStim', opacity=1.0, ori=0.0, pos=array([ 0.5, -0.1]), rgb=UNKNOWN, text='Helt klart \n FOKUSERT', units='norm', win=Window(...), wrapWidth=1)
306.9602 	EXP 	Created unnamed ShapeStim = ShapeStim(__class__=<class 'psychopy.visual.shape.ShapeStim'>, autoDraw=False, autoLog=True, closeShape=True, color=method-wrapper(...), colorSpace='rgb', contrast=None, depth=0, fillColor=array([1, 1, 1]), fillColorSpace='rgb', fillRGB=array([1, 1, 1]), interpolate=True, lineColor=array([-1., -1., -1.]), lineColorSpace='rgb', lineRGB=array([-1, -1, -1]), lineWidth=1.5, name='unnamed ShapeStim', opacity=1.0, ori=0.0, pos=array([0., 0.]), size=array([1., 1.]), units='norm', vertices=ndarray(...), win=Window(...), windingRule=None)
306.9677 	EXP 	Created instru = TextStim(__class__=<class 'psychopy.visual.text.TextStim'>, alignHoriz=method-wrapper(...), alignText='center', alignVert=method-wrapper(...), anchorHoriz='center', anchorVert='center', antialias=True, autoLog=True, bold=False, color=array([1., 1., 1.]), colorSpace='rgb', contrast=1.0, depth=0.0, flipHoriz=False, flipVert=False, font='Arial', fontFiles=[], height=0.07, italic=False, languageStyle='LTR', name='instru', opacity=1, ori=0, pos=array([0. , 0.5]), rgb=UNKNOWN, text=str(...), units='norm', win=Window(...), wrapWidth=1)
306.9697 	EXP 	Created unnamed Line = Line(__class__=<class 'psychopy.visual.line.Line'>, autoDraw=False, autoLog=True, closeShape=False, color=array([1., 1., 1.]), colorSpace='rgb', contrast=None, depth=0, fillColor=array([0, 0, 0]), fillColorSpace='rgb', fillRGB=array([0, 0, 0]), interpolate=True, lineColor=array([1., 1., 1.]), lineColorSpace='rgb', lineRGB=array([1, 1, 1]), lineWidth=5, name='unnamed Line', opacity=0.5, ori=0.0, pos=array([0., 0.]), size=array([1., 1.]), units='norm', vertices=array([[-0.5,  0. ],
       [ 0.5,  0. ]]), win=Window(...), windingRule=None)
306.9718 	EXP 	Created unnamed Line = Line(__class__=<class 'psychopy.visual.line.Line'>, autoDraw=False, autoLog=True, closeShape=False, color=array([1., 1., 1.]), colorSpace='rgb', contrast=None, depth=0, fillColor=array([0, 0, 0]), fillColorSpace='rgb', fillRGB=array([0, 0, 0]), interpolate=True, lineColor=array([1., 1., 1.]), lineColorSpace='rgb', lineRGB=array([1, 1, 1]), lineWidth=3, name='unnamed Line', opacity=0.5, ori=0.0, pos=array([0., 0.]), size=array([1., 1.]), units='norm', vertices=array([[-0.5 , -0.05],
       [-0.5 ,  0.05]]), win=Window(...), windingRule=None)
306.9738 	EXP 	Created unnamed Line = Line(__class__=<class 'psychopy.visual.line.Line'>, autoDraw=False, autoLog=True, closeShape=False, color=array([1., 1., 1.]), colorSpace='rgb', contrast=None, depth=0, fillColor=array([0, 0, 0]), fillColorSpace='rgb', fillRGB=array([0, 0, 0]), interpolate=True, lineColor=array([1., 1., 1.]), lineColorSpace='rgb', lineRGB=array([1, 1, 1]), lineWidth=3, name='unnamed Line', opacity=0.5, ori=0.0, pos=array([0., 0.]), size=array([1., 1.]), units='norm', vertices=ndarray(...), win=Window(...), windingRule=None)
306.9758 	EXP 	Created unnamed Line = Line(__class__=<class 'psychopy.visual.line.Line'>, autoDraw=False, autoLog=True, closeShape=False, color=array([1., 1., 1.]), colorSpace='rgb', contrast=None, depth=0, fillColor=array([0, 0, 0]), fillColorSpace='rgb', fillRGB=array([0, 0, 0]), interpolate=True, lineColor=array([1., 1., 1.]), lineColorSpace='rgb', lineRGB=array([1, 1, 1]), lineWidth=3, name='unnamed Line', opacity=0.5, ori=0.0, pos=array([0., 0.]), size=array([1., 1.]), units='norm', vertices=ndarray(...), win=Window(...), windingRule=None)
306.9778 	EXP 	Created unnamed Line = Line(__class__=<class 'psychopy.visual.line.Line'>, autoDraw=False, autoLog=True, closeShape=False, color=array([1., 1., 1.]), colorSpace='rgb', contrast=None, depth=0, fillColor=array([0, 0, 0]), fillColorSpace='rgb', fillRGB=array([0, 0, 0]), interpolate=True, lineColor=array([1., 1., 1.]), lineColorSpace='rgb', lineRGB=array([1, 1, 1]), lineWidth=3, name='unnamed Line', opacity=0.5, ori=0.0, pos=array([0., 0.]), size=array([1., 1.]), units='norm', vertices=array([[ 0.5 , -0.05],
       [ 0.5 ,  0.05]]), win=Window(...), windingRule=None)
306.9829 	EXP 	Created unnamed TextStim = TextStim(__class__=<class 'psychopy.visual.text.TextStim'>, alignHoriz=method-wrapper(...), alignText='center', alignVert=method-wrapper(...), anchorHoriz='center', anchorVert='center', antialias=True, autoLog=True, bold=False, color=array([1., 1., 1.]), colorSpace='rgb', contrast=1.0, depth=0, flipHoriz=False, flipVert=False, font='', fontFiles=[], height=0.05, italic=False, languageStyle='LTR', name='unnamed TextStim', opacity=1.0, ori=0.0, pos=array([-0.5, -0.1]), rgb=UNKNOWN, text='Helt klart \n INGENTING', units='norm', win=Window(...), wrapWidth=1)
306.9840 	EXP 	Created unnamed TextStim = TextStim(__class__=<class 'psychopy.visual.text.TextStim'>, alignHoriz=method-wrapper(...), alignText='center', alignVert=method-wrapper(...), anchorHoriz='center', anchorVert='center', antialias=True, autoLog=True, bold=False, color=array([1., 1., 1.]), colorSpace='rgb', contrast=1.0, depth=0, flipHoriz=False, flipVert=False, font='', fontFiles=[], height=0.05, italic=False, languageStyle='LTR', name='unnamed TextStim', opacity=1.0, ori=0.0, pos=array([-0.16666667, -0.1       ]), rgb=UNKNOWN, text='', units='norm', win=Window(...), wrapWidth=1)
306.9850 	EXP 	Created unnamed TextStim = TextStim(__class__=<class 'psychopy.visual.text.TextStim'>, alignHoriz=method-wrapper(...), alignText='center', alignVert=method-wrapper(...), anchorHoriz='center', anchorVert='center', antialias=True, autoLog=True, bold=False, color=array([1., 1., 1.]), colorSpace='rgb', contrast=1.0, depth=0, flipHoriz=False, flipVert=False, font='', fontFiles=[], height=0.05, italic=False, languageStyle='LTR', name='unnamed TextStim', opacity=1.0, ori=0.0, pos=array([ 0.16666667, -0.1       ]), rgb=UNKNOWN, text='', units='norm', win=Window(...), wrapWidth=1)
306.9882 	EXP 	Created unnamed TextStim = TextStim(__class__=<class 'psychopy.visual.text.TextStim'>, alignHoriz=method-wrapper(...), alignText='center', alignVert=method-wrapper(...), anchorHoriz='center', anchorVert='center', antialias=True, autoLog=True, bold=False, color=array([1., 1., 1.]), colorSpace='rgb', contrast=1.0, depth=0, flipHoriz=False, flipVert=False, font='', fontFiles=[], height=0.05, italic=False, languageStyle='LTR', name='unnamed TextStim', opacity=1.0, ori=0.0, pos=array([ 0.5, -0.1]), rgb=UNKNOWN, text='Helt klart \n NOE', units='norm', win=Window(...), wrapWidth=1)
306.9901 	EXP 	Created unnamed ShapeStim = ShapeStim(__class__=<class 'psychopy.visual.shape.ShapeStim'>, autoDraw=False, autoLog=True, closeShape=True, color=method-wrapper(...), colorSpace='rgb', contrast=None, depth=0, fillColor=array([1, 1, 1]), fillColorSpace='rgb', fillRGB=array([1, 1, 1]), interpolate=True, lineColor=array([-1., -1., -1.]), lineColorSpace='rgb', lineRGB=array([-1, -1, -1]), lineWidth=1.5, name='unnamed ShapeStim', opacity=1.0, ori=0.0, pos=array([0., 0.]), size=array([1., 1.]), units='norm', vertices=ndarray(...), win=Window(...), windingRule=None)
306.9969 	EXP 	Created instru = TextStim(__class__=<class 'psychopy.visual.text.TextStim'>, alignHoriz=method-wrapper(...), alignText='center', alignVert=method-wrapper(...), anchorHoriz='center', anchorVert='center', antialias=True, autoLog=True, bold=False, color=array([1., 1., 1.]), colorSpace='rgb', contrast=1.0, depth=0.0, flipHoriz=False, flipVert=False, font='Arial', fontFiles=[], height=0.07, italic=False, languageStyle='LTR', name='instru', opacity=1, ori=0, pos=array([0. , 0.5]), rgb=UNKNOWN, text=str(...), units='norm', win=Window(...), wrapWidth=1)
306.9989 	EXP 	Created unnamed Line = Line(__class__=<class 'psychopy.visual.line.Line'>, autoDraw=False, autoLog=True, closeShape=False, color=array([1., 1., 1.]), colorSpace='rgb', contrast=None, depth=0, fillColor=array([0, 0, 0]), fillColorSpace='rgb', fillRGB=array([0, 0, 0]), interpolate=True, lineColor=array([1., 1., 1.]), lineColorSpace='rgb', lineRGB=array([1, 1, 1]), lineWidth=5, name='unnamed Line', opacity=0.5, ori=0.0, pos=array([0., 0.]), size=array([1., 1.]), units='norm', vertices=array([[-0.5,  0. ],
       [ 0.5,  0. ]]), win=Window(...), windingRule=None)
307.0008 	EXP 	Created unnamed Line = Line(__class__=<class 'psychopy.visual.line.Line'>, autoDraw=False, autoLog=True, closeShape=False, color=array([1., 1., 1.]), colorSpace='rgb', contrast=None, depth=0, fillColor=array([0, 0, 0]), fillColorSpace='rgb', fillRGB=array([0, 0, 0]), interpolate=True, lineColor=array([1., 1., 1.]), lineColorSpace='rgb', lineRGB=array([1, 1, 1]), lineWidth=3, name='unnamed Line', opacity=0.5, ori=0.0, pos=array([0., 0.]), size=array([1., 1.]), units='norm', vertices=array([[-0.5 , -0.05],
       [-0.5 ,  0.05]]), win=Window(...), windingRule=None)
307.0028 	EXP 	Created unnamed Line = Line(__class__=<class 'psychopy.visual.line.Line'>, autoDraw=False, autoLog=True, closeShape=False, color=array([1., 1., 1.]), colorSpace='rgb', contrast=None, depth=0, fillColor=array([0, 0, 0]), fillColorSpace='rgb', fillRGB=array([0, 0, 0]), interpolate=True, lineColor=array([1., 1., 1.]), lineColorSpace='rgb', lineRGB=array([1, 1, 1]), lineWidth=3, name='unnamed Line', opacity=0.5, ori=0.0, pos=array([0., 0.]), size=array([1., 1.]), units='norm', vertices=ndarray(...), win=Window(...), windingRule=None)
307.0047 	EXP 	Created unnamed Line = Line(__class__=<class 'psychopy.visual.line.Line'>, autoDraw=False, autoLog=True, closeShape=False, color=array([1., 1., 1.]), colorSpace='rgb', contrast=None, depth=0, fillColor=array([0, 0, 0]), fillColorSpace='rgb', fillRGB=array([0, 0, 0]), interpolate=True, lineColor=array([1., 1., 1.]), lineColorSpace='rgb', lineRGB=array([1, 1, 1]), lineWidth=3, name='unnamed Line', opacity=0.5, ori=0.0, pos=array([0., 0.]), size=array([1., 1.]), units='norm', vertices=ndarray(...), win=Window(...), windingRule=None)
307.0066 	EXP 	Created unnamed Line = Line(__class__=<class 'psychopy.visual.line.Line'>, autoDraw=False, autoLog=True, closeShape=False, color=array([1., 1., 1.]), colorSpace='rgb', contrast=None, depth=0, fillColor=array([0, 0, 0]), fillColorSpace='rgb', fillRGB=array([0, 0, 0]), interpolate=True, lineColor=array([1., 1., 1.]), lineColorSpace='rgb', lineRGB=array([1, 1, 1]), lineWidth=3, name='unnamed Line', opacity=0.5, ori=0.0, pos=array([0., 0.]), size=array([1., 1.]), units='norm', vertices=array([[ 0.5 , -0.05],
       [ 0.5 ,  0.05]]), win=Window(...), windingRule=None)
307.0119 	EXP 	Created unnamed TextStim = TextStim(__class__=<class 'psychopy.visual.text.TextStim'>, alignHoriz=method-wrapper(...), alignText='center', alignVert=method-wrapper(...), anchorHoriz='center', anchorVert='center', antialias=True, autoLog=True, bold=False, color=array([1., 1., 1.]), colorSpace='rgb', contrast=1.0, depth=0, flipHoriz=False, flipVert=False, font='', fontFiles=[], height=0.05, italic=False, languageStyle='LTR', name='unnamed TextStim', opacity=1.0, ori=0.0, pos=array([-0.5, -0.1]), rgb=UNKNOWN, text='Helt klart \n SPONTAN', units='norm', win=Window(...), wrapWidth=1)
307.0129 	EXP 	Created unnamed TextStim = TextStim(__class__=<class 'psychopy.visual.text.TextStim'>, alignHoriz=method-wrapper(...), alignText='center', alignVert=method-wrapper(...), anchorHoriz='center', anchorVert='center', antialias=True, autoLog=True, bold=False, color=array([1., 1., 1.]), colorSpace='rgb', contrast=1.0, depth=0, flipHoriz=False, flipVert=False, font='', fontFiles=[], height=0.05, italic=False, languageStyle='LTR', name='unnamed TextStim', opacity=1.0, ori=0.0, pos=array([-0.16666667, -0.1       ]), rgb=UNKNOWN, text='', units='norm', win=Window(...), wrapWidth=1)
307.0139 	EXP 	Created unnamed TextStim = TextStim(__class__=<class 'psychopy.visual.text.TextStim'>, alignHoriz=method-wrapper(...), alignText='center', alignVert=method-wrapper(...), anchorHoriz='center', anchorVert='center', antialias=True, autoLog=True, bold=False, color=array([1., 1., 1.]), colorSpace='rgb', contrast=1.0, depth=0, flipHoriz=False, flipVert=False, font='', fontFiles=[], height=0.05, italic=False, languageStyle='LTR', name='unnamed TextStim', opacity=1.0, ori=0.0, pos=array([ 0.16666667, -0.1       ]), rgb=UNKNOWN, text='', units='norm', win=Window(...), wrapWidth=1)
307.0183 	EXP 	Created unnamed TextStim = TextStim(__class__=<class 'psychopy.visual.text.TextStim'>, alignHoriz=method-wrapper(...), alignText='center', alignVert=method-wrapper(...), anchorHoriz='center', anchorVert='center', antialias=True, autoLog=True, bold=False, color=array([1., 1., 1.]), colorSpace='rgb', contrast=1.0, depth=0, flipHoriz=False, flipVert=False, font='', fontFiles=[], height=0.05, italic=False, languageStyle='LTR', name='unnamed TextStim', opacity=1.0, ori=0.0, pos=array([ 0.5, -0.1]), rgb=UNKNOWN, text='Helt klart \n BEVISST', units='norm', win=Window(...), wrapWidth=1)
307.0201 	EXP 	Created unnamed ShapeStim = ShapeStim(__class__=<class 'psychopy.visual.shape.ShapeStim'>, autoDraw=False, autoLog=True, closeShape=True, color=method-wrapper(...), colorSpace='rgb', contrast=None, depth=0, fillColor=array([1, 1, 1]), fillColorSpace='rgb', fillRGB=array([1, 1, 1]), interpolate=True, lineColor=array([-1., -1., -1.]), lineColorSpace='rgb', lineRGB=array([-1, -1, -1]), lineWidth=1.5, name='unnamed ShapeStim', opacity=1.0, ori=0.0, pos=array([0., 0.]), size=array([1., 1.]), units='norm', vertices=ndarray(...), win=Window(...), windingRule=None)
307.0875 	EXP 	Sound  set volume 1.000
307.1180 	EXP 	unnamed ShapeStim: vertices = <class 'numpy.ndarray'>
307.1180 	EXP 	unnamed ShapeStim: vertices = <class 'numpy.ndarray'>
307.1180 	EXP 	unnamed ShapeStim: vertices = <class 'numpy.ndarray'>
308.9266 	DATA 	Keypress: rctrl
309.4428 	EXP 	Sound  started
309.6467 	DATA 	Keypress: rctrl
310.1266 	DATA 	Keypress: rctrl
310.1927 	EXP 	Sound  started
310.8146 	DATA 	Keypress: rctrl
310.9427 	EXP 	Sound  started
311.5986 	DATA 	Keypress: lctrl
311.6927 	EXP 	Sound  started
312.3825 	DATA 	Keypress: lctrl
312.4427 	EXP 	Sound  started
313.0385 	DATA 	Keypress: rctrl
313.1928 	EXP 	Sound  started
313.8065 	DATA 	Keypress: rctrl
313.9428 	EXP 	Sound  started
314.4946 	DATA 	Keypress: rctrl
314.6928 	EXP 	Sound  started
315.3105 	DATA 	Keypress: rctrl
315.4428 	EXP 	Sound  started
316.0465 	DATA 	Keypress: rctrl
316.1928 	EXP 	Sound  started
316.8466 	DATA 	Keypress: lctrl
316.9428 	EXP 	Sound  started
317.6146 	DATA 	Keypress: rctrl
317.6928 	EXP 	Sound  started
318.3506 	DATA 	Keypress: rctrl
318.4429 	EXP 	Sound  started
319.1185 	DATA 	Keypress: rctrl
319.1929 	EXP 	Sound  started
319.8705 	DATA 	Keypress: rctrl
319.9429 	EXP 	Sound  started
320.5425 	DATA 	Keypress: rctrl
320.6929 	EXP 	Sound  started
321.2785 	DATA 	Keypress: rctrl
321.4429 	EXP 	Sound  started
322.0466 	DATA 	Keypress: rctrl
322.1929 	EXP 	Sound  started
322.8465 	DATA 	Keypress: rctrl
322.9429 	EXP 	Sound  started
323.5985 	DATA 	Keypress: lctrl
323.6930 	EXP 	Sound  started
324.3826 	DATA 	Keypress: lctrl
324.4430 	EXP 	Sound  started
325.1026 	DATA 	Keypress: lctrl
325.1930 	EXP 	Sound  started
325.8545 	DATA 	Keypress: rctrl
325.9430 	EXP 	Sound  started
326.6066 	DATA 	Keypress: rctrl
326.6930 	EXP 	Sound  started
327.3587 	DATA 	Keypress: rctrl
327.4431 	EXP 	Sound  started
328.1105 	DATA 	Keypress: rctrl
328.1931 	EXP 	Sound  started
328.8626 	DATA 	Keypress: rctrl
328.9431 	EXP 	Sound  started
329.5986 	DATA 	Keypress: rctrl
329.6931 	EXP 	Sound  started
330.4147 	DATA 	Keypress: rctrl
330.4431 	EXP 	Sound  started
331.1666 	DATA 	Keypress: rctrl
331.1931 	EXP 	Sound  started
331.9027 	DATA 	Keypress: lctrl
331.9431 	EXP 	Sound  started
332.6066 	DATA 	Keypress: lctrl
332.6932 	EXP 	Sound  started
333.3426 	DATA 	Keypress: lctrl
333.4432 	EXP 	Sound  started
334.0946 	DATA 	Keypress: rctrl
334.1932 	EXP 	Sound  started
334.8626 	DATA 	Keypress: rctrl
334.9432 	EXP 	Sound  started
335.5985 	DATA 	Keypress: rctrl
335.6932 	EXP 	Sound  started
336.3666 	DATA 	Keypress: rctrl
336.4432 	EXP 	Sound  started
337.1345 	DATA 	Keypress: rctrl
337.1932 	EXP 	Sound  started
337.9186 	DATA 	Keypress: rctrl
337.9433 	EXP 	Sound  started
338.6705 	DATA 	Keypress: rctrl
338.6933 	EXP 	Sound  started
339.4386 	DATA 	Keypress: rctrl
339.4433 	EXP 	Sound  started
340.1585 	DATA 	Keypress: lctrl
340.1933 	EXP 	Sound  started
340.7987 	DATA 	Keypress: lctrl
340.9433 	EXP 	Sound  started
341.5985 	DATA 	Keypress: lctrl
341.6933 	EXP 	Sound  started
342.3347 	DATA 	Keypress: lctrl
342.4433 	EXP 	Sound  started
343.1185 	DATA 	Keypress: rctrl
343.1934 	EXP 	Sound  started
343.8226 	DATA 	Keypress: rctrl
343.9434 	EXP 	Sound  started
344.6065 	DATA 	Keypress: rctrl
344.6934 	EXP 	Sound  started
345.3585 	DATA 	Keypress: rctrl
345.4434 	EXP 	Sound  started
346.0947 	DATA 	Keypress: rctrl
346.1934 	EXP 	Sound  started
346.8785 	DATA 	Keypress: rctrl
346.9434 	EXP 	Sound  started
347.6305 	DATA 	Keypress: rctrl
347.6934 	EXP 	Sound  started
348.4145 	DATA 	Keypress: rctrl
348.4435 	EXP 	Sound  started
349.1346 	DATA 	Keypress: rctrl
349.1935 	EXP 	Sound  started
349.8867 	DATA 	Keypress: lctrl
349.9435 	EXP 	Sound  started
350.6226 	DATA 	Keypress: lctrl
350.6935 	EXP 	Sound  started
351.3106 	DATA 	Keypress: lctrl
351.4435 	EXP 	Sound  started
352.0626 	DATA 	Keypress: lctrl
352.1935 	EXP 	Sound  started
352.8146 	DATA 	Keypress: lctrl
352.9435 	EXP 	Sound  started
353.5986 	DATA 	Keypress: lctrl
353.6936 	EXP 	Sound  started
354.2386 	DATA 	Keypress: lctrl
354.4436 	EXP 	Sound  started
355.0866 	DATA 	Keypress: lctrl
355.1936 	EXP 	Sound  started
355.8706 	DATA 	Keypress: lctrl
355.9436 	EXP 	Sound  started
356.6386 	DATA 	Keypress: lctrl
356.6936 	EXP 	Sound  started
357.3425 	DATA 	Keypress: rctrl
357.4436 	EXP 	Sound  started
358.0786 	DATA 	Keypress: rctrl
358.1936 	EXP 	Sound  started
358.8146 	DATA 	Keypress: lctrl
358.9437 	EXP 	Sound  started
359.5505 	DATA 	Keypress: lctrl
359.6937 	EXP 	Sound  started
360.3346 	DATA 	Keypress: lctrl
360.4437 	EXP 	Sound  started
361.1186 	DATA 	Keypress: lctrl
361.1937 	EXP 	Sound  started
361.9185 	DATA 	Keypress: rctrl
361.9437 	EXP 	Sound  started
362.6226 	DATA 	Keypress: rctrl
362.6937 	EXP 	Sound  started
363.3745 	DATA 	Keypress: rctrl
363.4437 	EXP 	Sound  started
364.1745 	DATA 	Keypress: rctrl
364.2371 	EXP 	unnamed TextStim: text = ''
364.2371 	EXP 	unnamed TextStim: text = ''
365.8251 	DATA 	Keypress: 4
365.8545 	EXP 	unnamed ShapeStim: vertices = <class 'numpy.ndarray'>
367.4063 	EXP 	unnamed TextStim: text = ''
367.4063 	EXP 	unnamed TextStim: text = ''
369.3616 	DATA 	Keypress: 4
369.3908 	EXP 	unnamed ShapeStim: vertices = <class 'numpy.ndarray'>
370.9421 	EXP 	unnamed TextStim: text = ''
370.9421 	EXP 	unnamed TextStim: text = ''
371.3926 	DATA 	Keypress: 4
371.4096 	EXP 	unnamed ShapeStim: vertices = <class 'numpy.ndarray'>
373.6936 	EXP 	Sound  started
373.6944 	DATA 	Keypress: rctrl
374.3345 	DATA 	Keypress: lctrl
374.4435 	EXP 	Sound  started
375.1826 	DATA 	Keypress: lctrl
375.1935 	EXP 	Sound  started
375.8866 	DATA 	Keypress: lctrl
375.9436 	EXP 	Sound  started
376.6386 	DATA 	Keypress: lctrl
376.6936 	EXP 	Sound  started
377.3585 	DATA 	Keypress: lctrl
377.4436 	EXP 	Sound  started
378.1426 	DATA 	Keypress: lctrl
378.1936 	EXP 	Sound  started
378.8786 	DATA 	Keypress: lctrl
378.9436 	EXP 	Sound  started
379.6305 	DATA 	Keypress: rctrl
379.6936 	EXP 	Sound  started
380.3186 	DATA 	Keypress: rctrl
380.4437 	EXP 	Sound  started
381.1025 	DATA 	Keypress: rctrl
381.1937 	EXP 	Sound  started
381.8546 	DATA 	Keypress: lctrl
381.9437 	EXP 	Sound  started
382.5745 	DATA 	Keypress: lctrl
382.6937 	EXP 	Sound  started
383.3586 	DATA 	Keypress: lctrl
383.4437 	EXP 	Sound  started
384.1426 	DATA 	Keypress: lctrl
384.1937 	EXP 	Sound  started
384.8625 	DATA 	Keypress: lctrl
384.9437 	EXP 	Sound  started
385.5666 	DATA 	Keypress: lctrl
385.6938 	EXP 	Sound  started
386.3345 	DATA 	Keypress: rctrl
386.4438 	EXP 	Sound  started
387.0705 	DATA 	Keypress: rctrl
387.1938 	EXP 	Sound  started
387.8865 	DATA 	Keypress: rctrl
387.9438 	EXP 	Sound  started
388.6226 	DATA 	Keypress: lctrl
388.6938 	EXP 	Sound  started
389.4066 	DATA 	Keypress: lctrl
389.4438 	EXP 	Sound  started
390.1425 	DATA 	Keypress: rctrl
390.1939 	EXP 	Sound  started
390.8305 	DATA 	Keypress: rctrl
390.9439 	EXP 	Sound  started
391.5985 	DATA 	Keypress: rctrl
391.6939 	EXP 	Sound  started
392.3186 	DATA 	Keypress: rctrl
392.4439 	EXP 	Sound  started
393.0866 	DATA 	Keypress: rctrl
393.1939 	EXP 	Sound  started
393.7745 	DATA 	Keypress: rctrl
393.9439 	EXP 	Sound  started
394.4786 	DATA 	Keypress: rctrl
394.6940 	EXP 	Sound  started
395.3266 	DATA 	Keypress: rctrl
395.4440 	EXP 	Sound  started
395.9505 	DATA 	Keypress: rctrl
396.1940 	EXP 	Sound  started
396.7986 	DATA 	Keypress: rctrl
396.9440 	EXP 	Sound  started
397.5505 	DATA 	Keypress: rctrl
397.6940 	EXP 	Sound  started
398.3026 	DATA 	Keypress: rctrl
398.4440 	EXP 	Sound  started
399.0225 	DATA 	Keypress: rctrl
399.1940 	EXP 	Sound  started
399.6785 	DATA 	Keypress: rctrl
399.9441 	EXP 	Sound  started
400.4465 	DATA 	Keypress: rctrl
400.6941 	EXP 	Sound  started
401.3585 	DATA 	Keypress: lctrl
401.4441 	EXP 	Sound  started
402.0786 	DATA 	Keypress: lctrl
402.1941 	EXP 	Sound  started
402.8145 	DATA 	Keypress: rctrl
402.9441 	EXP 	Sound  started
403.5665 	DATA 	Keypress: rctrl
403.6941 	EXP 	Sound  started
404.3025 	DATA 	Keypress: rctrl
404.4441 	EXP 	Sound  started
405.0866 	DATA 	Keypress: rctrl
405.1942 	EXP 	Sound  started
405.8545 	DATA 	Keypress: rctrl
405.9442 	EXP 	Sound  started
406.6225 	DATA 	Keypress: rctrl
406.6942 	EXP 	Sound  started
407.4442 	EXP 	Sound  started
407.4705 	DATA 	Keypress: rctrl
408.1266 	DATA 	Keypress: lctrl
408.1942 	EXP 	Sound  started
408.9265 	DATA 	Keypress: lctrl
408.9442 	EXP 	Sound  started
409.6943 	EXP 	Sound  started
410.1745 	DATA 	Keypress: rctrl
410.4443 	EXP 	Sound  started
410.6386 	DATA 	Keypress: rctrl
411.1943 	EXP 	Sound  started
411.2786 	DATA 	Keypress: rctrl
411.9186 	DATA 	Keypress: rctrl
411.9443 	EXP 	Sound  started
412.6546 	DATA 	Keypress: lctrl
412.6943 	EXP 	Sound  started
413.4065 	DATA 	Keypress: rctrl
413.4443 	EXP 	Sound  started
414.1745 	DATA 	Keypress: rctrl
414.1943 	EXP 	Sound  started
414.8145 	DATA 	Keypress: rctrl
414.9443 	EXP 	Sound  started
415.5505 	DATA 	Keypress: rctrl
417.9140 	DATA 	Keypress: 2
417.9305 	EXP 	unnamed ShapeStim: vertices = <class 'numpy.ndarray'>
420.5828 	DATA 	Keypress: 3
420.5994 	EXP 	unnamed ShapeStim: vertices = <class 'numpy.ndarray'>
422.2342 	DATA 	Keypress: 2
422.2507 	EXP 	unnamed ShapeStim: vertices = <class 'numpy.ndarray'>
424.5359 	EXP 	Sound  started
424.6705 	DATA 	Keypress: rctrl
425.2146 	DATA 	Keypress: lctrl
425.2859 	EXP 	Sound  started
425.9025 	DATA 	Keypress: rctrl
426.0359 	EXP 	Sound  started
426.7025 	DATA 	Keypress: rctrl
426.7859 	EXP 	Sound  started
427.4386 	DATA 	Keypress: rctrl
427.5359 	EXP 	Sound  started
428.2065 	DATA 	Keypress: rctrl
428.2860 	EXP 	Sound  started
428.9425 	DATA 	Keypress: rctrl
429.0360 	EXP 	Sound  started
429.7586 	DATA 	Keypress: rctrl
429.7860 	EXP 	Sound  started
430.4785 	DATA 	Keypress: rctrl
430.5360 	EXP 	Sound  started
431.1826 	DATA 	Keypress: rctrl
431.2860 	EXP 	Sound  started
431.9826 	DATA 	Keypress: rctrl
432.0360 	EXP 	Sound  started
432.6865 	DATA 	Keypress: lctrl
432.7860 	EXP 	Sound  started
433.4225 	DATA 	Keypress: lctrl
433.5361 	EXP 	Sound  started
434.2065 	DATA 	Keypress: lctrl
434.2861 	EXP 	Sound  started
434.8945 	DATA 	Keypress: lctrl
435.0361 	EXP 	Sound  started
435.5985 	DATA 	Keypress: lctrl
435.7861 	EXP 	Sound  started
436.3665 	DATA 	Keypress: lctrl
436.5361 	EXP 	Sound  started
437.2145 	DATA 	Keypress: rctrl
437.2861 	EXP 	Sound  started
437.9346 	DATA 	Keypress: rctrl
438.0362 	EXP 	Sound  started
438.6706 	DATA 	Keypress: lctrl
438.7862 	EXP 	Sound  started
439.4065 	DATA 	Keypress: lctrl
439.5362 	EXP 	Sound  started
440.1906 	DATA 	Keypress: rctrl
440.2862 	EXP 	Sound  started
440.9426 	DATA 	Keypress: rctrl
441.0362 	EXP 	Sound  started
441.7266 	DATA 	Keypress: rctrl
441.7862 	EXP 	Sound  started
442.3985 	DATA 	Keypress: rctrl
442.5362 	EXP 	Sound  started
443.1666 	DATA 	Keypress: lctrl
443.2862 	EXP 	Sound  started
443.9346 	DATA 	Keypress: lctrl
444.0363 	EXP 	Sound  started
444.7026 	DATA 	Keypress: rctrl
444.7863 	EXP 	Sound  started
445.4385 	DATA 	Keypress: rctrl
445.5363 	EXP 	Sound  started
446.2066 	DATA 	Keypress: rctrl
446.2863 	EXP 	Sound  started
446.9426 	DATA 	Keypress: rctrl
447.0363 	EXP 	Sound  started
447.6465 	DATA 	Keypress: lctrl
447.7863 	EXP 	Sound  started
448.3985 	DATA 	Keypress: lctrl
448.5363 	EXP 	Sound  started
449.1506 	DATA 	Keypress: lctrl
449.2864 	EXP 	Sound  started
449.9666 	DATA 	Keypress: lctrl
450.0364 	EXP 	Sound  started
450.6866 	DATA 	Keypress: rctrl
450.7864 	EXP 	Sound  started
451.4386 	DATA 	Keypress: rctrl
451.5364 	EXP 	Sound  started
452.1905 	DATA 	Keypress: rctrl
452.2865 	EXP 	Sound  started
452.9585 	DATA 	Keypress: rctrl
453.0365 	EXP 	Sound  started
453.7266 	DATA 	Keypress: rctrl
453.7865 	EXP 	Sound  started
454.3985 	DATA 	Keypress: lctrl
454.5365 	EXP 	Sound  started
455.1506 	DATA 	Keypress: lctrl
455.2865 	EXP 	Sound  started
455.8546 	DATA 	Keypress: rctrl
456.0365 	EXP 	Sound  started
456.6867 	DATA 	Keypress: rctrl
456.7865 	EXP 	Sound  started
457.4865 	DATA 	Keypress: rctrl
457.5365 	EXP 	Sound  started
458.2226 	DATA 	Keypress: rctrl
458.2866 	EXP 	Sound  started
458.9425 	DATA 	Keypress: rctrl
459.0366 	EXP 	Sound  started
459.7265 	DATA 	Keypress: rctrl
459.7866 	EXP 	Sound  started
460.4786 	DATA 	Keypress: lctrl
460.5366 	EXP 	Sound  started
461.2785 	DATA 	Keypress: rctrl
461.2866 	EXP 	Sound  started
461.9505 	DATA 	Keypress: rctrl
462.0366 	EXP 	Sound  started
462.7025 	DATA 	Keypress: rctrl
462.7866 	EXP 	Sound  started
463.4225 	DATA 	Keypress: lctrl
463.5367 	EXP 	Sound  started
464.2225 	DATA 	Keypress: lctrl
464.2867 	EXP 	Sound  started
464.9585 	DATA 	Keypress: lctrl
465.0367 	EXP 	Sound  started
465.6946 	DATA 	Keypress: lctrl
465.7867 	EXP 	Sound  started
466.4465 	DATA 	Keypress: lctrl
466.5367 	EXP 	Sound  started
467.1826 	DATA 	Keypress: rctrl
467.2867 	EXP 	Sound  started
467.9985 	DATA 	Keypress: rctrl
468.0367 	EXP 	Sound  started
468.7505 	DATA 	Keypress: lctrl
468.7868 	EXP 	Sound  started
469.4705 	DATA 	Keypress: rctrl
469.5368 	EXP 	Sound  started
470.1905 	DATA 	Keypress: rctrl
470.2868 	EXP 	Sound  started
470.9105 	DATA 	Keypress: rctrl
471.0368 	EXP 	Sound  started
471.4865 	DATA 	Keypress: rctrl
471.7868 	EXP 	Sound  started
472.3985 	DATA 	Keypress: rctrl
472.5368 	EXP 	Sound  started
473.1825 	DATA 	Keypress: rctrl
473.2868 	EXP 	Sound  started
473.9185 	DATA 	Keypress: rctrl
474.0369 	EXP 	Sound  started
474.6225 	DATA 	Keypress: lctrl
474.7869 	EXP 	Sound  started
475.4546 	DATA 	Keypress: lctrl
475.5369 	EXP 	Sound  started
476.1905 	DATA 	Keypress: lctrl
476.2869 	EXP 	Sound  started
476.8945 	DATA 	Keypress: lctrl
477.0369 	EXP 	Sound  started
477.6786 	DATA 	Keypress: rctrl
477.7869 	EXP 	Sound  started
478.4625 	DATA 	Keypress: rctrl
478.5370 	EXP 	Sound  started
479.2465 	DATA 	Keypress: rctrl
479.2870 	EXP 	Sound  started
479.9985 	DATA 	Keypress: rctrl
480.0370 	EXP 	Sound  started
480.7826 	DATA 	Keypress: lctrl
482.5169 	DATA 	Keypress: 4
482.5334 	EXP 	unnamed ShapeStim: vertices = <class 'numpy.ndarray'>
485.4030 	DATA 	Keypress: 4
485.4192 	EXP 	unnamed ShapeStim: vertices = <class 'numpy.ndarray'>
487.1373 	DATA 	Keypress: 4
487.1539 	EXP 	unnamed ShapeStim: vertices = <class 'numpy.ndarray'>
489.4396 	EXP 	Sound  started
489.4399 	DATA 	Keypress: rctrl
490.0465 	DATA 	Keypress: lctrl
490.1896 	EXP 	Sound  started
490.8145 	DATA 	Keypress: lctrl
490.9396 	EXP 	Sound  started
491.5505 	DATA 	Keypress: rctrl
491.6896 	EXP 	Sound  started
492.4396 	EXP 	Sound  started
492.5426 	DATA 	Keypress: lctrl
493.1185 	DATA 	Keypress: rctrl
493.1896 	EXP 	Sound  started
493.8545 	DATA 	Keypress: rctrl
493.9396 	EXP 	Sound  started
494.5906 	DATA 	Keypress: rctrl
494.6897 	EXP 	Sound  started
495.3106 	DATA 	Keypress: rctrl
495.4397 	EXP 	Sound  started
496.0626 	DATA 	Keypress: lctrl
496.1897 	EXP 	Sound  started
496.8465 	DATA 	Keypress: rctrl
496.9397 	EXP 	Sound  started
497.5826 	DATA 	Keypress: rctrl
497.6897 	EXP 	Sound  started
498.3825 	DATA 	Keypress: lctrl
498.4397 	EXP 	Sound  started
499.0385 	DATA 	Keypress: rctrl
499.1897 	EXP 	Sound  started
499.8385 	DATA 	Keypress: rctrl
499.9397 	EXP 	Sound  started
500.5906 	DATA 	Keypress: rctrl
500.6898 	EXP 	Sound  started
501.3585 	DATA 	Keypress: rctrl
501.4398 	EXP 	Sound  started
502.0625 	DATA 	Keypress: rctrl
502.1898 	EXP 	Sound  started
502.6545 	DATA 	Keypress: rctrl
502.9398 	EXP 	Sound  started
503.5985 	DATA 	Keypress: rctrl
503.6898 	EXP 	Sound  started
504.3025 	DATA 	Keypress: rctrl
504.4398 	EXP 	Sound  started
505.1025 	DATA 	Keypress: rctrl
505.1899 	EXP 	Sound  started
505.8866 	DATA 	Keypress: rctrl
505.9399 	EXP 	Sound  started
506.5586 	DATA 	Keypress: lctrl
506.6899 	EXP 	Sound  started
507.3105 	DATA 	Keypress: lctrl
507.4399 	EXP 	Sound  started
508.1585 	DATA 	Keypress: lctrl
508.1899 	EXP 	Sound  started
508.8785 	DATA 	Keypress: rctrl
508.9399 	EXP 	Sound  started
509.6465 	DATA 	Keypress: rctrl
509.6899 	EXP 	Sound  started
510.3345 	DATA 	Keypress: lctrl
510.4399 	EXP 	Sound  started
511.1185 	DATA 	Keypress: lctrl
511.1900 	EXP 	Sound  started
511.8545 	DATA 	Keypress: lctrl
511.9400 	EXP 	Sound  started
512.6225 	DATA 	Keypress: lctrl
512.6900 	EXP 	Sound  started
513.4225 	DATA 	Keypress: lctrl
513.4400 	EXP 	Sound  started
514.0626 	DATA 	Keypress: rctrl
514.1900 	EXP 	Sound  started
514.8146 	DATA 	Keypress: rctrl
514.9400 	EXP 	Sound  started
515.6900 	EXP 	Sound  started
516.3666 	DATA 	Keypress: rctrl
516.4401 	EXP 	Sound  started
517.1345 	DATA 	Keypress: rctrl
517.1901 	EXP 	Sound  started
517.8865 	DATA 	Keypress: rctrl
517.9401 	EXP 	Sound  started
518.6545 	DATA 	Keypress: rctrl
518.6901 	EXP 	Sound  started
519.4065 	DATA 	Keypress: rctrl
519.4401 	EXP 	Sound  started
520.1105 	DATA 	Keypress: lctrl
520.1901 	EXP 	Sound  started
520.8465 	DATA 	Keypress: lctrl
520.9401 	EXP 	Sound  started
521.6902 	EXP 	Sound  started
521.7105 	DATA 	Keypress: lctrl
522.3505 	DATA 	Keypress: lctrl
522.4402 	EXP 	Sound  started
523.1185 	DATA 	Keypress: rctrl
523.1902 	EXP 	Sound  started
523.9345 	DATA 	Keypress: rctrl
523.9402 	EXP 	Sound  started
524.6226 	DATA 	Keypress: rctrl
524.6902 	EXP 	Sound  started
525.3585 	DATA 	Keypress: rctrl
525.4402 	EXP 	Sound  started
526.1426 	DATA 	Keypress: rctrl
526.1902 	EXP 	Sound  started
526.8945 	DATA 	Keypress: rctrl
526.9403 	EXP 	Sound  started
527.6465 	DATA 	Keypress: rctrl
527.6903 	EXP 	Sound  started
528.3827 	DATA 	Keypress: rctrl
528.4403 	EXP 	Sound  started
529.1025 	DATA 	Keypress: rctrl
529.1903 	EXP 	Sound  started
529.8226 	DATA 	Keypress: lctrl
529.9403 	EXP 	Sound  started
530.5265 	DATA 	Keypress: rctrl
530.6903 	EXP 	Sound  started
531.3745 	DATA 	Keypress: rctrl
531.4403 	EXP 	Sound  started
532.1746 	DATA 	Keypress: lctrl
532.1904 	EXP 	Sound  started
532.8465 	DATA 	Keypress: lctrl
532.9404 	EXP 	Sound  started
533.5985 	DATA 	Keypress: lctrl
533.6904 	EXP 	Sound  started
534.3186 	DATA 	Keypress: lctrl
534.4404 	EXP 	Sound  started
535.1826 	DATA 	Keypress: lctrl
535.1904 	EXP 	Sound  started
535.9347 	DATA 	Keypress: rctrl
535.9404 	EXP 	Sound  started
536.6065 	DATA 	Keypress: lctrl
536.6905 	EXP 	Sound  started
537.3745 	DATA 	Keypress: lctrl
537.4405 	EXP 	Sound  started
538.1265 	DATA 	Keypress: lctrl
538.1905 	EXP 	Sound  started
538.9405 	EXP 	Sound  started
539.0385 	DATA 	Keypress: rctrl
539.6306 	DATA 	Keypress: lctrl
539.6905 	EXP 	Sound  started
540.3505 	DATA 	Keypress: rctrl
540.4405 	EXP 	Sound  started
541.0545 	DATA 	Keypress: rctrl
541.1905 	EXP 	Sound  started
541.7745 	DATA 	Keypress: rctrl
541.9406 	EXP 	Sound  started
542.5906 	DATA 	Keypress: lctrl
542.6906 	EXP 	Sound  started
543.3425 	DATA 	Keypress: lctrl
543.4406 	EXP 	Sound  started
544.0786 	DATA 	Keypress: lctrl
544.1906 	EXP 	Sound  started
544.7665 	DATA 	Keypress: lctrl
544.9406 	EXP 	Sound  started
545.6146 	DATA 	Keypress: lctrl
545.6906 	EXP 	Sound  started
546.3505 	DATA 	Keypress: lctrl
546.4406 	EXP 	Sound  started
547.1025 	DATA 	Keypress: lctrl
547.1907 	EXP 	Sound  started
547.8705 	DATA 	Keypress: lctrl
547.9407 	EXP 	Sound  started
548.6225 	DATA 	Keypress: rctrl
548.6907 	EXP 	Sound  started
549.3266 	DATA 	Keypress: rctrl
549.4407 	EXP 	Sound  started
550.1268 	DATA 	Keypress: lctrl
550.1907 	EXP 	Sound  started
550.8626 	DATA 	Keypress: lctrl
550.9407 	EXP 	Sound  started
551.6145 	DATA 	Keypress: lctrl
551.6908 	EXP 	Sound  started
552.4618 	DATA 	Keypress: lctrl
553.9420 	DATA 	Keypress: 4
553.9585 	EXP 	unnamed ShapeStim: vertices = <class 'numpy.ndarray'>
555.9442 	DATA 	Keypress: 4
555.9607 	EXP 	unnamed ShapeStim: vertices = <class 'numpy.ndarray'>
558.0626 	DATA 	Keypress: 4
558.0790 	EXP 	unnamed ShapeStim: vertices = <class 'numpy.ndarray'>
560.3636 	EXP 	Sound  started
560.3826 	DATA 	Keypress: rctrl
560.9905 	DATA 	Keypress: lctrl
561.1135 	EXP 	Sound  started
561.6785 	DATA 	Keypress: lctrl
561.8635 	EXP 	Sound  started
562.5105 	DATA 	Keypress: lctrl
562.6135 	EXP 	Sound  started
563.2466 	DATA 	Keypress: rctrl
563.3635 	EXP 	Sound  started
564.0625 	DATA 	Keypress: lctrl
564.1135 	EXP 	Sound  started
564.8145 	DATA 	Keypress: lctrl
564.8635 	EXP 	Sound  started
565.4545 	DATA 	Keypress: lctrl
565.6136 	EXP 	Sound  started
566.2225 	DATA 	Keypress: lctrl
566.3636 	EXP 	Sound  started
567.0226 	DATA 	Keypress: lctrl
567.1136 	EXP 	Sound  started
567.7745 	DATA 	Keypress: lctrl
567.8636 	EXP 	Sound  started
568.5265 	DATA 	Keypress: lctrl
568.6136 	EXP 	Sound  started
569.2465 	DATA 	Keypress: lctrl
569.3636 	EXP 	Sound  started
570.1136 	EXP 	Sound  started
570.2385 	DATA 	Keypress: lctrl
570.8625 	DATA 	Keypress: rctrl
570.8636 	EXP 	Sound  started
571.5186 	DATA 	Keypress: rctrl
571.6137 	EXP 	Sound  started
572.2226 	DATA 	Keypress: rctrl
572.3637 	EXP 	Sound  started
573.0545 	DATA 	Keypress: rctrl
573.1137 	EXP 	Sound  started
573.6466 	DATA 	Keypress: rctrl
573.8637 	EXP 	Sound  started
574.4945 	DATA 	Keypress: lctrl
574.6137 	EXP 	Sound  started
575.2465 	DATA 	Keypress: rctrl
575.3637 	EXP 	Sound  started
575.9985 	DATA 	Keypress: rctrl
576.1138 	EXP 	Sound  started
576.7825 	DATA 	Keypress: rctrl
576.8638 	EXP 	Sound  started
577.5345 	DATA 	Keypress: rctrl
577.6138 	EXP 	Sound  started
578.3345 	DATA 	Keypress: lctrl
578.3638 	EXP 	Sound  started
579.0065 	DATA 	Keypress: rctrl
579.1138 	EXP 	Sound  started
579.8065 	DATA 	Keypress: rctrl
579.8638 	EXP 	Sound  started
580.5425 	DATA 	Keypress: rctrl
580.6138 	EXP 	Sound  started
581.3105 	DATA 	Keypress: rctrl
581.3638 	EXP 	Sound  started
582.1105 	DATA 	Keypress: lctrl
582.1139 	EXP 	Sound  started
582.8145 	DATA 	Keypress: rctrl
582.8639 	EXP 	Sound  started
583.5346 	DATA 	Keypress: rctrl
583.6139 	EXP 	Sound  started
584.2545 	DATA 	Keypress: rctrl
584.3639 	EXP 	Sound  started
584.9905 	DATA 	Keypress: rctrl
585.1139 	EXP 	Sound  started
585.7585 	DATA 	Keypress: rctrl
585.8639 	EXP 	Sound  started
586.6139 	EXP 	Sound  started
586.6705 	DATA 	Keypress: lctrl
587.3105 	DATA 	Keypress: lctrl
587.3640 	EXP 	Sound  started
588.0145 	DATA 	Keypress: lctrl
588.1140 	EXP 	Sound  started
588.7665 	DATA 	Keypress: lctrl
588.8640 	EXP 	Sound  started
589.4226 	DATA 	Keypress: lctrl
589.6140 	EXP 	Sound  started
590.2705 	DATA 	Keypress: lctrl
590.3640 	EXP 	Sound  started
591.0385 	DATA 	Keypress: lctrl
591.1140 	EXP 	Sound  started
591.8225 	DATA 	Keypress: lctrl
591.8641 	EXP 	Sound  started
592.4465 	DATA 	Keypress: lctrl
592.6141 	EXP 	Sound  started
593.2307 	DATA 	Keypress: lctrl
593.3641 	EXP 	Sound  started
593.9986 	DATA 	Keypress: rctrl
594.1141 	EXP 	Sound  started
594.7025 	DATA 	Keypress: rctrl
594.8641 	EXP 	Sound  started
595.5026 	DATA 	Keypress: rctrl
595.6141 	EXP 	Sound  started
596.2865 	DATA 	Keypress: rctrl
596.3642 	EXP 	Sound  started
597.1142 	EXP 	Sound  started
597.3105 	DATA 	Keypress: lctrl
597.8065 	DATA 	Keypress: lctrl
597.8642 	EXP 	Sound  started
598.4465 	DATA 	Keypress: rctrl
598.6142 	EXP 	Sound  started
599.2146 	DATA 	Keypress: rctrl
599.3642 	EXP 	Sound  started
599.9665 	DATA 	Keypress: rctrl
600.1142 	EXP 	Sound  started
600.7665 	DATA 	Keypress: lctrl
600.8642 	EXP 	Sound  started
601.5346 	DATA 	Keypress: rctrl
601.6143 	EXP 	Sound  started
602.2545 	DATA 	Keypress: rctrl
602.3643 	EXP 	Sound  started
603.0065 	DATA 	Keypress: lctrl
603.1143 	EXP 	Sound  started
603.7905 	DATA 	Keypress: lctrl
603.8643 	EXP 	Sound  started
604.4305 	DATA 	Keypress: lctrl
604.6143 	EXP 	Sound  started
605.2306 	DATA 	Keypress: lctrl
605.3643 	EXP 	Sound  started
605.9665 	DATA 	Keypress: lctrl
606.1144 	EXP 	Sound  started
606.7025 	DATA 	Keypress: lctrl
606.8644 	EXP 	Sound  started
607.3746 	DATA 	Keypress: rctrl
607.6144 	EXP 	Sound  started
608.2385 	DATA 	Keypress: rctrl
608.3644 	EXP 	Sound  started
609.0546 	DATA 	Keypress: rctrl
609.1144 	EXP 	Sound  started
609.8065 	DATA 	Keypress: rctrl
609.8644 	EXP 	Sound  started
610.5426 	DATA 	Keypress: rctrl
610.6144 	EXP 	Sound  started
611.2945 	DATA 	Keypress: rctrl
611.3644 	EXP 	Sound  started
612.0945 	DATA 	Keypress: rctrl
612.1145 	EXP 	Sound  started
612.7985 	DATA 	Keypress: rctrl
612.8645 	EXP 	Sound  started
613.5665 	DATA 	Keypress: rctrl
613.6145 	EXP 	Sound  started
614.2545 	DATA 	Keypress: rctrl
614.3645 	EXP 	Sound  started
614.7185 	DATA 	Keypress: lctrl
615.1145 	EXP 	Sound  started
615.7906 	DATA 	Keypress: lctrl
615.8645 	EXP 	Sound  started
616.5426 	DATA 	Keypress: lctrl
616.6145 	EXP 	Sound  started
617.2465 	DATA 	Keypress: lctrl
617.3646 	EXP 	Sound  started
617.9826 	DATA 	Keypress: lctrl
620.0962 	DATA 	Keypress: 2
620.1128 	EXP 	unnamed ShapeStim: vertices = <class 'numpy.ndarray'>
622.4319 	DATA 	Keypress: 2
622.4484 	EXP 	unnamed ShapeStim: vertices = <class 'numpy.ndarray'>
624.5503 	DATA 	Keypress: 2
624.5668 	EXP 	unnamed ShapeStim: vertices = <class 'numpy.ndarray'>
626.8517 	EXP 	Sound  started
626.8522 	DATA 	Keypress: lctrl
627.5345 	DATA 	Keypress: lctrl
627.6017 	EXP 	Sound  started
628.2545 	DATA 	Keypress: rctrl
628.3517 	EXP 	Sound  started
629.0065 	DATA 	Keypress: rctrl
629.1017 	EXP 	Sound  started
629.7585 	DATA 	Keypress: rctrl
629.8517 	EXP 	Sound  started
630.4465 	DATA 	Keypress: rctrl
630.6017 	EXP 	Sound  started
631.2785 	DATA 	Keypress: rctrl
631.3517 	EXP 	Sound  started
631.9665 	DATA 	Keypress: rctrl
632.1018 	EXP 	Sound  started
632.6545 	DATA 	Keypress: rctrl
632.8518 	EXP 	Sound  started
633.4545 	DATA 	Keypress: rctrl
633.6018 	EXP 	Sound  started
633.9985 	DATA 	Keypress: rctrl
634.3518 	EXP 	Sound  started
634.7985 	DATA 	Keypress: rctrl
635.1018 	EXP 	Sound  started
635.6945 	DATA 	Keypress: rctrl
635.8518 	EXP 	Sound  started
636.4945 	DATA 	Keypress: lctrl
636.6019 	EXP 	Sound  started
637.1505 	DATA 	Keypress: lctrl
637.3519 	EXP 	Sound  started
637.9346 	DATA 	Keypress: rctrl
638.1019 	EXP 	Sound  started
638.7346 	DATA 	Keypress: rctrl
638.8519 	EXP 	Sound  started
639.5186 	DATA 	Keypress: rctrl
639.6019 	EXP 	Sound  started
640.2865 	DATA 	Keypress: rctrl
640.3519 	EXP 	Sound  started
640.9426 	DATA 	Keypress: rctrl
641.1019 	EXP 	Sound  started
641.6625 	DATA 	Keypress: rctrl
641.8520 	EXP 	Sound  started
642.5425 	DATA 	Keypress: lctrl
642.6020 	EXP 	Sound  started
643.2465 	DATA 	Keypress: lctrl
643.3520 	EXP 	Sound  started
643.9505 	DATA 	Keypress: lctrl
644.1020 	EXP 	Sound  started
644.6706 	DATA 	Keypress: lctrl
644.8520 	EXP 	Sound  started
645.4705 	DATA 	Keypress: rctrl
645.6020 	EXP 	Sound  started
646.2065 	DATA 	Keypress: rctrl
646.3520 	EXP 	Sound  started
647.0386 	DATA 	Keypress: rctrl
647.1021 	EXP 	Sound  started
647.7427 	DATA 	Keypress: rctrl
647.8521 	EXP 	Sound  started
648.4465 	DATA 	Keypress: rctrl
648.6021 	EXP 	Sound  started
649.1825 	DATA 	Keypress: rctrl
649.3521 	EXP 	Sound  started
649.9985 	DATA 	Keypress: rctrl
650.1021 	EXP 	Sound  started
650.7505 	DATA 	Keypress: lctrl
650.8521 	EXP 	Sound  started
651.5505 	DATA 	Keypress: lctrl
651.6021 	EXP 	Sound  started
652.3025 	DATA 	Keypress: lctrl
652.3522 	EXP 	Sound  started
653.0705 	DATA 	Keypress: lctrl
653.1022 	EXP 	Sound  started
653.7585 	DATA 	Keypress: rctrl
653.8522 	EXP 	Sound  started
654.5425 	DATA 	Keypress: rctrl
654.6022 	EXP 	Sound  started
655.2625 	DATA 	Keypress: rctrl
655.3522 	EXP 	Sound  started
656.0625 	DATA 	Keypress: rctrl
656.1022 	EXP 	Sound  started
656.7185 	DATA 	Keypress: rctrl
656.8522 	EXP 	Sound  started
657.5025 	DATA 	Keypress: rctrl
657.6023 	EXP 	Sound  started
658.1745 	DATA 	Keypress: rctrl
658.3523 	EXP 	Sound  started
658.9425 	DATA 	Keypress: rctrl
659.1023 	EXP 	Sound  started
659.7425 	DATA 	Keypress: lctrl
659.8523 	EXP 	Sound  started
660.4625 	DATA 	Keypress: lctrl
660.6023 	EXP 	Sound  started
661.2626 	DATA 	Keypress: lctrl
661.3523 	EXP 	Sound  started
661.9825 	DATA 	Keypress: rctrl
662.1024 	EXP 	Sound  started
662.7346 	DATA 	Keypress: rctrl
662.8524 	EXP 	Sound  started
663.5345 	DATA 	Keypress: rctrl
663.6024 	EXP 	Sound  started
664.2865 	DATA 	Keypress: rctrl
664.3524 	EXP 	Sound  started
665.0545 	DATA 	Keypress: rctrl
665.1024 	EXP 	Sound  started
665.7906 	DATA 	Keypress: rctrl
665.8524 	EXP 	Sound  started
666.5105 	DATA 	Keypress: rctrl
666.6024 	EXP 	Sound  started
667.2145 	DATA 	Keypress: rctrl
667.3525 	EXP 	Sound  started
667.9665 	DATA 	Keypress: lctrl
668.1025 	EXP 	Sound  started
668.7985 	DATA 	Keypress: rctrl
668.8525 	EXP 	Sound  started
669.5345 	DATA 	Keypress: rctrl
669.6025 	EXP 	Sound  started
670.2545 	DATA 	Keypress: rctrl
670.3525 	EXP 	Sound  started
671.0065 	DATA 	Keypress: rctrl
671.1026 	EXP 	Sound  started
671.7105 	DATA 	Keypress: rctrl
671.8526 	EXP 	Sound  started
672.4625 	DATA 	Keypress: lctrl
672.6026 	EXP 	Sound  started
673.2305 	DATA 	Keypress: lctrl
673.3526 	EXP 	Sound  started
674.0625 	DATA 	Keypress: lctrl
674.1026 	EXP 	Sound  started
674.7664 	DATA 	Keypress: lctrl
674.8526 	EXP 	Sound  started
675.5345 	DATA 	Keypress: rctrl
675.6026 	EXP 	Sound  started
676.2705 	DATA 	Keypress: lctrl
676.3527 	EXP 	Sound  started
677.0065 	DATA 	Keypress: rctrl
677.1027 	EXP 	Sound  started
677.7745 	DATA 	Keypress: rctrl
677.8527 	EXP 	Sound  started
678.3985 	DATA 	Keypress: rctrl
681.5132 	DATA 	Keypress: 3
681.5297 	EXP 	unnamed ShapeStim: vertices = <class 'numpy.ndarray'>
684.0824 	DATA 	Keypress: 2
684.0989 	EXP 	unnamed ShapeStim: vertices = <class 'numpy.ndarray'>
686.0173 	DATA 	Keypress: 2
686.0338 	EXP 	unnamed ShapeStim: vertices = <class 'numpy.ndarray'>
688.3180 	EXP 	Sound  started
688.3182 	DATA 	Keypress: rctrl
688.9105 	DATA 	Keypress: rctrl
689.0679 	EXP 	Sound  started
689.6625 	DATA 	Keypress: rctrl
689.8179 	EXP 	Sound  started
690.4145 	DATA 	Keypress: rctrl
690.5680 	EXP 	Sound  started
691.2785 	DATA 	Keypress: lctrl
691.3180 	EXP 	Sound  started
692.0465 	DATA 	Keypress: lctrl
692.0680 	EXP 	Sound  started
692.7185 	DATA 	Keypress: rctrl
692.8180 	EXP 	Sound  started
693.5025 	DATA 	Keypress: rctrl
693.5680 	EXP 	Sound  started
694.2545 	DATA 	Keypress: rctrl
694.3181 	EXP 	Sound  started
694.9744 	DATA 	Keypress: rctrl
695.0681 	EXP 	Sound  started
695.7265 	DATA 	Keypress: rctrl
695.8181 	EXP 	Sound  started
696.4145 	DATA 	Keypress: lctrl
696.5681 	EXP 	Sound  started
697.1825 	DATA 	Keypress: rctrl
697.3181 	EXP 	Sound  started
697.9345 	DATA 	Keypress: rctrl
698.0681 	EXP 	Sound  started
698.7185 	DATA 	Keypress: rctrl
698.8181 	EXP 	Sound  started
699.5505 	DATA 	Keypress: lctrl
699.5682 	EXP 	Sound  started
700.2545 	DATA 	Keypress: lctrl
700.3182 	EXP 	Sound  started
701.0226 	DATA 	Keypress: lctrl
701.0682 	EXP 	Sound  started
701.8182 	EXP 	Sound  started
701.8705 	DATA 	Keypress: lctrl
702.4465 	DATA 	Keypress: lctrl
702.5682 	EXP 	Sound  started
703.1665 	DATA 	Keypress: lctrl
703.3182 	EXP 	Sound  started
703.9505 	DATA 	Keypress: lctrl
704.0682 	EXP 	Sound  started
704.7505 	DATA 	Keypress: lctrl
704.8182 	EXP 	Sound  started
705.4865 	DATA 	Keypress: lctrl
705.5683 	EXP 	Sound  started
706.1745 	DATA 	Keypress: lctrl
706.3183 	EXP 	Sound  started
706.9585 	DATA 	Keypress: rctrl
707.0683 	EXP 	Sound  started
707.6945 	DATA 	Keypress: rctrl
707.8183 	EXP 	Sound  started
708.4945 	DATA 	Keypress: rctrl
708.5683 	EXP 	Sound  started
709.2625 	DATA 	Keypress: rctrl
709.3183 	EXP 	Sound  started
710.0465 	DATA 	Keypress: lctrl
710.0683 	EXP 	Sound  started
710.7345 	DATA 	Keypress: lctrl
710.8183 	EXP 	Sound  started
711.4864 	DATA 	Keypress: lctrl
711.5684 	EXP 	Sound  started
712.2705 	DATA 	Keypress: lctrl
712.3184 	EXP 	Sound  started
712.9264 	DATA 	Keypress: lctrl
713.0684 	EXP 	Sound  started
713.7585 	DATA 	Keypress: rctrl
713.8184 	EXP 	Sound  started
714.4145 	DATA 	Keypress: rctrl
714.5684 	EXP 	Sound  started
715.2625 	DATA 	Keypress: rctrl
715.3184 	EXP 	Sound  started
716.0145 	DATA 	Keypress: rctrl
716.0685 	EXP 	Sound  started
716.7345 	DATA 	Keypress: rctrl
716.8185 	EXP 	Sound  started
717.4385 	DATA 	Keypress: rctrl
717.5685 	EXP 	Sound  started
718.1584 	DATA 	Keypress: rctrl
718.3185 	EXP 	Sound  started
718.8305 	DATA 	Keypress: lctrl
719.0685 	EXP 	Sound  started
719.8066 	DATA 	Keypress: lctrl
719.8185 	EXP 	Sound  started
720.4785 	DATA 	Keypress: lctrl
720.5685 	EXP 	Sound  started
721.2305 	DATA 	Keypress: lctrl
721.3185 	EXP 	Sound  started
721.9665 	DATA 	Keypress: rctrl
722.0686 	EXP 	Sound  started
722.7826 	DATA 	Keypress: rctrl
722.8186 	EXP 	Sound  started
723.5504 	DATA 	Keypress: lctrl
723.5686 	EXP 	Sound  started
724.1585 	DATA 	Keypress: lctrl
724.3186 	EXP 	Sound  started
724.9905 	DATA 	Keypress: lctrl
725.0686 	EXP 	Sound  started
725.7265 	DATA 	Keypress: lctrl
725.8186 	EXP 	Sound  started
726.5266 	DATA 	Keypress: lctrl
726.5686 	EXP 	Sound  started
727.2145 	DATA 	Keypress: lctrl
727.3187 	EXP 	Sound  started
727.9985 	DATA 	Keypress: lctrl
728.0687 	EXP 	Sound  started
728.7505 	DATA 	Keypress: lctrl
728.8187 	EXP 	Sound  started
729.4225 	DATA 	Keypress: lctrl
729.5687 	EXP 	Sound  started
730.1745 	DATA 	Keypress: lctrl
730.3187 	EXP 	Sound  started
730.8945 	DATA 	Keypress: lctrl
731.0687 	EXP 	Sound  started
731.5985 	DATA 	Keypress: lctrl
731.8187 	EXP 	Sound  started
732.3825 	DATA 	Keypress: lctrl
732.5687 	EXP 	Sound  started
733.1025 	DATA 	Keypress: lctrl
733.3188 	EXP 	Sound  started
733.8705 	DATA 	Keypress: lctrl
734.0688 	EXP 	Sound  started
734.6544 	DATA 	Keypress: rctrl
734.8188 	EXP 	Sound  started
735.5345 	DATA 	Keypress: rctrl
735.5688 	EXP 	Sound  started
736.2225 	DATA 	Keypress: rctrl
736.3188 	EXP 	Sound  started
737.0385 	DATA 	Keypress: rctrl
737.0688 	EXP 	Sound  started
737.7426 	DATA 	Keypress: lctrl
737.8188 	EXP 	Sound  started
738.4625 	DATA 	Keypress: lctrl
738.5689 	EXP 	Sound  started
739.2305 	DATA 	Keypress: rctrl
739.3189 	EXP 	Sound  started
739.9665 	DATA 	Keypress: rctrl
740.0689 	EXP 	Sound  started
740.6705 	DATA 	Keypress: rctrl
740.8189 	EXP 	Sound  started
741.4705 	DATA 	Keypress: rctrl
741.5689 	EXP 	Sound  started
742.2545 	DATA 	Keypress: rctrl
742.3189 	EXP 	Sound  started
743.0065 	DATA 	Keypress: rctrl
743.0689 	EXP 	Sound  started
743.7585 	DATA 	Keypress: rctrl
743.8190 	EXP 	Sound  started
744.5266 	DATA 	Keypress: rctrl
744.5690 	EXP 	Sound  started
745.3105 	DATA 	Keypress: lctrl
745.3190 	EXP 	Sound  started
745.9825 	DATA 	Keypress: rctrl
746.0690 	EXP 	Sound  started
746.7347 	DATA 	Keypress: rctrl
746.8190 	EXP 	Sound  started
747.5185 	DATA 	Keypress: rctrl
747.5690 	EXP 	Sound  started
748.2545 	DATA 	Keypress: rctrl
748.3190 	EXP 	Sound  started
749.0690 	EXP 	Sound  started
749.0865 	DATA 	Keypress: rctrl
749.8065 	DATA 	Keypress: rctrl
749.8191 	EXP 	Sound  started
750.5106 	DATA 	Keypress: rctrl
750.5691 	EXP 	Sound  started
751.2305 	DATA 	Keypress: lctrl
751.3191 	EXP 	Sound  started
751.9505 	DATA 	Keypress: lctrl
752.0691 	EXP 	Sound  started
752.6545 	DATA 	Keypress: lctrl
755.5571 	DATA 	Keypress: 2
755.5736 	EXP 	unnamed ShapeStim: vertices = <class 'numpy.ndarray'>
757.4087 	DATA 	Keypress: 2
757.4252 	EXP 	unnamed ShapeStim: vertices = <class 'numpy.ndarray'>
759.1934 	DATA 	Keypress: 1
759.2100 	EXP 	unnamed ShapeStim: vertices = <class 'numpy.ndarray'>
761.4944 	EXP 	Sound  started
761.4950 	DATA 	Keypress: rctrl
762.1585 	DATA 	Keypress: rctrl
762.2444 	EXP 	Sound  started
762.8944 	DATA 	Keypress: rctrl
762.9944 	EXP 	Sound  started
763.6785 	DATA 	Keypress: rctrl
763.7444 	EXP 	Sound  started
764.4306 	DATA 	Keypress: rctrl
764.4944 	EXP 	Sound  started
765.2444 	EXP 	Sound  started
765.2466 	DATA 	Keypress: rctrl
765.9826 	DATA 	Keypress: rctrl
765.9944 	EXP 	Sound  started
766.7345 	DATA 	Keypress: rctrl
766.7444 	EXP 	Sound  started
767.4865 	DATA 	Keypress: lctrl
767.4945 	EXP 	Sound  started
768.1585 	DATA 	Keypress: lctrl
768.2445 	EXP 	Sound  started
768.9745 	DATA 	Keypress: rctrl
768.9945 	EXP 	Sound  started
769.7105 	DATA 	Keypress: rctrl
769.7445 	EXP 	Sound  started
770.4305 	DATA 	Keypress: rctrl
770.4945 	EXP 	Sound  started
771.2445 	EXP 	Sound  started
771.2465 	DATA 	Keypress: rctrl
771.9505 	DATA 	Keypress: rctrl
771.9945 	EXP 	Sound  started
772.7446 	EXP 	Sound  started
772.7505 	DATA 	Keypress: lctrl
773.4225 	DATA 	Keypress: lctrl
773.4946 	EXP 	Sound  started
774.1745 	DATA 	Keypress: lctrl
774.2446 	EXP 	Sound  started
774.8945 	DATA 	Keypress: lctrl
774.9946 	EXP 	Sound  started
775.6785 	DATA 	Keypress: lctrl
775.7446 	EXP 	Sound  started
776.4946 	EXP 	Sound  started
776.5265 	DATA 	Keypress: rctrl
777.1825 	DATA 	Keypress: lctrl
777.2446 	EXP 	Sound  started
777.9505 	DATA 	Keypress: lctrl
777.9946 	EXP 	Sound  started
778.6385 	DATA 	Keypress: lctrl
778.7447 	EXP 	Sound  started
779.3745 	DATA 	Keypress: rctrl
779.4947 	EXP 	Sound  started
780.2385 	DATA 	Keypress: rctrl
780.2447 	EXP 	Sound  started
780.9947 	EXP 	Sound  started
781.0225 	DATA 	Keypress: rctrl
781.7447 	EXP 	Sound  started
781.7745 	DATA 	Keypress: lctrl
782.3986 	DATA 	Keypress: lctrl
782.4947 	EXP 	Sound  started
783.2145 	DATA 	Keypress: lctrl
783.2448 	EXP 	Sound  started
783.9825 	DATA 	Keypress: lctrl
783.9948 	EXP 	Sound  started
784.7448 	EXP 	Sound  started
785.2946 	DATA 	Keypress: lctrl
785.4948 	EXP 	Sound  started
786.2385 	DATA 	Keypress: lctrl
786.2448 	EXP 	Sound  started
786.8466 	DATA 	Keypress: lctrl
786.9948 	EXP 	Sound  started
787.6625 	DATA 	Keypress: lctrl
787.7449 	EXP 	Sound  started
788.4465 	DATA 	Keypress: lctrl
788.4949 	EXP 	Sound  started
789.2305 	DATA 	Keypress: lctrl
789.2449 	EXP 	Sound  started
789.9825 	DATA 	Keypress: rctrl
789.9949 	EXP 	Sound  started
790.6705 	DATA 	Keypress: lctrl
790.7449 	EXP 	Sound  started
791.4226 	DATA 	Keypress: lctrl
791.4949 	EXP 	Sound  started
792.2385 	DATA 	Keypress: lctrl
792.2449 	EXP 	Sound  started
792.9265 	DATA 	Keypress: lctrl
792.9949 	EXP 	Sound  started
793.5825 	DATA 	Keypress: lctrl
793.7450 	EXP 	Sound  started
794.4145 	DATA 	Keypress: rctrl
794.4950 	EXP 	Sound  started
795.1985 	DATA 	Keypress: rctrl
795.2450 	EXP 	Sound  started
795.9346 	DATA 	Keypress: rctrl
795.9950 	EXP 	Sound  started
796.6704 	DATA 	Keypress: rctrl
796.7450 	EXP 	Sound  started
797.4225 	DATA 	Keypress: rctrl
797.4950 	EXP 	Sound  started
798.1904 	DATA 	Keypress: rctrl
798.2451 	EXP 	Sound  started
798.9951 	EXP 	Sound  started
799.0065 	DATA 	Keypress: lctrl
799.7105 	DATA 	Keypress: lctrl
799.7451 	EXP 	Sound  started
800.4305 	DATA 	Keypress: rctrl
800.4951 	EXP 	Sound  started
801.1985 	DATA 	Keypress: rctrl
801.2451 	EXP 	Sound  started
801.9665 	DATA 	Keypress: rctrl
801.9951 	EXP 	Sound  started
802.6065 	DATA 	Keypress: rctrl
802.7451 	EXP 	Sound  started
803.4225 	DATA 	Keypress: rctrl
803.4952 	EXP 	Sound  started
804.2065 	DATA 	Keypress: lctrl
804.2452 	EXP 	Sound  started
804.8625 	DATA 	Keypress: lctrl
804.9952 	EXP 	Sound  started
805.6305 	DATA 	Keypress: lctrl
805.7452 	EXP 	Sound  started
806.3504 	DATA 	Keypress: lctrl
806.4952 	EXP 	Sound  started
807.1665 	DATA 	Keypress: lctrl
807.2453 	EXP 	Sound  started
807.9347 	DATA 	Keypress: lctrl
807.9953 	EXP 	Sound  started
808.7345 	DATA 	Keypress: rctrl
808.7453 	EXP 	Sound  started
809.4545 	DATA 	Keypress: rctrl
809.4953 	EXP 	Sound  started
810.2065 	DATA 	Keypress: rctrl
810.2453 	EXP 	Sound  started
810.9953 	EXP 	Sound  started
811.6465 	DATA 	Keypress: lctrl
813.8085 	DATA 	Keypress: 3
813.8380 	EXP 	unnamed ShapeStim: vertices = <class 'numpy.ndarray'>
816.0571 	DATA 	Keypress: 3
816.0737 	EXP 	unnamed ShapeStim: vertices = <class 'numpy.ndarray'>
817.9754 	DATA 	Keypress: 3
817.9919 	EXP 	unnamed ShapeStim: vertices = <class 'numpy.ndarray'>
820.2767 	EXP 	Sound  started
820.9585 	DATA 	Keypress: rctrl
821.0267 	EXP 	Sound  started
821.6786 	DATA 	Keypress: rctrl
821.7767 	EXP 	Sound  started
822.4625 	DATA 	Keypress: lctrl
822.5267 	EXP 	Sound  started
823.2465 	DATA 	Keypress: lctrl
823.2768 	EXP 	Sound  started
824.0145 	DATA 	Keypress: lctrl
824.0268 	EXP 	Sound  started
824.7505 	DATA 	Keypress: lctrl
824.7768 	EXP 	Sound  started
825.4545 	DATA 	Keypress: lctrl
825.5268 	EXP 	Sound  started
826.2544 	DATA 	Keypress: lctrl
826.2768 	EXP 	Sound  started
826.9585 	DATA 	Keypress: lctrl
827.0268 	EXP 	Sound  started
827.7768 	EXP 	Sound  started
827.7905 	DATA 	Keypress: lctrl
828.4625 	DATA 	Keypress: lctrl
828.5268 	EXP 	Sound  started
829.2145 	DATA 	Keypress: rctrl
829.2769 	EXP 	Sound  started
829.9665 	DATA 	Keypress: rctrl
830.0269 	EXP 	Sound  started
830.7185 	DATA 	Keypress: rctrl
830.7769 	EXP 	Sound  started
831.4705 	DATA 	Keypress: lctrl
831.5269 	EXP 	Sound  started
832.2225 	DATA 	Keypress: lctrl
832.2769 	EXP 	Sound  started
832.9425 	DATA 	Keypress: lctrl
833.0269 	EXP 	Sound  started
833.6945 	DATA 	Keypress: lctrl
833.7769 	EXP 	Sound  started
834.4305 	DATA 	Keypress: lctrl
834.5270 	EXP 	Sound  started
835.1986 	DATA 	Keypress: rctrl
835.2770 	EXP 	Sound  started
835.9984 	DATA 	Keypress: rctrl
836.0270 	EXP 	Sound  started
836.7345 	DATA 	Keypress: rctrl
836.7770 	EXP 	Sound  started
837.4865 	DATA 	Keypress: lctrl
837.5270 	EXP 	Sound  started
838.1905 	DATA 	Keypress: lctrl
838.2770 	EXP 	Sound  started
839.0065 	DATA 	Keypress: lctrl
839.0270 	EXP 	Sound  started
839.7770 	EXP 	Sound  started
839.7905 	DATA 	Keypress: lctrl
840.4625 	DATA 	Keypress: lctrl
840.5271 	EXP 	Sound  started
841.2771 	EXP 	Sound  started
841.2945 	DATA 	Keypress: rctrl
841.8545 	DATA 	Keypress: lctrl
842.0271 	EXP 	Sound  started
842.6545 	DATA 	Keypress: lctrl
842.7771 	EXP 	Sound  started
843.3905 	DATA 	Keypress: rctrl
843.5271 	EXP 	Sound  started
844.2225 	DATA 	Keypress: rctrl
844.2771 	EXP 	Sound  started
845.0271 	EXP 	Sound  started
845.7265 	DATA 	Keypress: lctrl
845.7772 	EXP 	Sound  started
846.4466 	DATA 	Keypress: lctrl
846.5272 	EXP 	Sound  started
847.2772 	EXP 	Sound  started
847.2785 	DATA 	Keypress: lctrl
847.9825 	DATA 	Keypress: lctrl
848.0272 	EXP 	Sound  started
848.6704 	DATA 	Keypress: lctrl
848.7772 	EXP 	Sound  started
849.4386 	DATA 	Keypress: lctrl
849.5272 	EXP 	Sound  started
850.2772 	EXP 	Sound  started
850.3825 	DATA 	Keypress: rctrl
850.8944 	DATA 	Keypress: rctrl
851.0273 	EXP 	Sound  started
851.6626 	DATA 	Keypress: rctrl
851.7773 	EXP 	Sound  started
852.4465 	DATA 	Keypress: rctrl
852.5273 	EXP 	Sound  started
853.2145 	DATA 	Keypress: rctrl
853.2773 	EXP 	Sound  started
853.9665 	DATA 	Keypress: rctrl
854.0273 	EXP 	Sound  started
854.6705 	DATA 	Keypress: rctrl
854.7773 	EXP 	Sound  started
855.4545 	DATA 	Keypress: rctrl
855.5273 	EXP 	Sound  started
856.1745 	DATA 	Keypress: rctrl
856.2774 	EXP 	Sound  started
856.8946 	DATA 	Keypress: rctrl
857.0274 	EXP 	Sound  started
857.6625 	DATA 	Keypress: rctrl
857.7774 	EXP 	Sound  started
858.4146 	DATA 	Keypress: lctrl
858.5274 	EXP 	Sound  started
859.2465 	DATA 	Keypress: lctrl
859.2774 	EXP 	Sound  started
859.9666 	DATA 	Keypress: lctrl
860.0274 	EXP 	Sound  started
860.6545 	DATA 	Keypress: lctrl
860.7774 	EXP 	Sound  started
861.3585 	DATA 	Keypress: lctrl
861.5275 	EXP 	Sound  started
862.1105 	DATA 	Keypress: lctrl
862.2775 	EXP 	Sound  started
862.9584 	DATA 	Keypress: lctrl
863.0275 	EXP 	Sound  started
863.7585 	DATA 	Keypress: lctrl
865.5843 	DATA 	Keypress: 3
865.6138 	EXP 	unnamed ShapeStim: vertices = <class 'numpy.ndarray'>
867.4154 	DATA 	Keypress: 3
867.4319 	EXP 	unnamed ShapeStim: vertices = <class 'numpy.ndarray'>
869.2335 	DATA 	Keypress: 3
869.2501 	EXP 	unnamed ShapeStim: vertices = <class 'numpy.ndarray'>
871.5350 	EXP 	Sound  started
871.5355 	DATA 	Keypress: rctrl
872.2065 	DATA 	Keypress: rctrl
872.2850 	EXP 	Sound  started
873.0350 	EXP 	Sound  started
873.0545 	DATA 	Keypress: lctrl
873.6945 	DATA 	Keypress: lctrl
873.7850 	EXP 	Sound  started
874.4465 	DATA 	Keypress: lctrl
874.5350 	EXP 	Sound  started
875.2851 	EXP 	Sound  started
875.2945 	DATA 	Keypress: rctrl
875.9665 	DATA 	Keypress: lctrl
876.0351 	EXP 	Sound  started
876.6545 	DATA 	Keypress: lctrl
876.7851 	EXP 	Sound  started
877.4065 	DATA 	Keypress: lctrl
877.5351 	EXP 	Sound  started
878.1426 	DATA 	Keypress: lctrl
878.2851 	EXP 	Sound  started
878.9105 	DATA 	Keypress: lctrl
879.0351 	EXP 	Sound  started
879.7426 	DATA 	Keypress: rctrl
879.7852 	EXP 	Sound  started
880.4145 	DATA 	Keypress: lctrl
880.5352 	EXP 	Sound  started
881.2466 	DATA 	Keypress: rctrl
881.2852 	EXP 	Sound  started
881.9345 	DATA 	Keypress: rctrl
882.0352 	EXP 	Sound  started
882.7345 	DATA 	Keypress: rctrl
882.7852 	EXP 	Sound  started
883.5345 	DATA 	Keypress: rctrl
883.5352 	EXP 	Sound  started
884.2705 	DATA 	Keypress: rctrl
884.2852 	EXP 	Sound  started
884.9584 	DATA 	Keypress: rctrl
885.0352 	EXP 	Sound  started
885.6785 	DATA 	Keypress: rctrl
885.7853 	EXP 	Sound  started
886.4306 	DATA 	Keypress: lctrl
886.5353 	EXP 	Sound  started
887.2145 	DATA 	Keypress: lctrl
887.2853 	EXP 	Sound  started
887.9505 	DATA 	Keypress: rctrl
888.0353 	EXP 	Sound  started
888.7824 	DATA 	Keypress: rctrl
888.7853 	EXP 	Sound  started
889.4704 	DATA 	Keypress: rctrl
889.5354 	EXP 	Sound  started
890.2544 	DATA 	Keypress: rctrl
890.2854 	EXP 	Sound  started
890.9265 	DATA 	Keypress: lctrl
891.0354 	EXP 	Sound  started
891.6785 	DATA 	Keypress: lctrl
891.7854 	EXP 	Sound  started
892.4305 	DATA 	Keypress: lctrl
892.5354 	EXP 	Sound  started
893.2306 	DATA 	Keypress: lctrl
893.2854 	EXP 	Sound  started
893.9825 	DATA 	Keypress: lctrl
894.0354 	EXP 	Sound  started
894.7505 	DATA 	Keypress: lctrl
894.7854 	EXP 	Sound  started
895.4545 	DATA 	Keypress: lctrl
895.5355 	EXP 	Sound  started
896.1745 	DATA 	Keypress: lctrl
896.2855 	EXP 	Sound  started
896.9745 	DATA 	Keypress: lctrl
897.0355 	EXP 	Sound  started
897.6625 	DATA 	Keypress: lctrl
897.7855 	EXP 	Sound  started
898.3024 	DATA 	Keypress: lctrl
898.5355 	EXP 	Sound  started
899.1504 	DATA 	Keypress: rctrl
899.2855 	EXP 	Sound  started
899.8705 	DATA 	Keypress: lctrl
900.0356 	EXP 	Sound  started
900.6384 	DATA 	Keypress: lctrl
900.7856 	EXP 	Sound  started
901.3585 	DATA 	Keypress: lctrl
901.5356 	EXP 	Sound  started
902.0145 	DATA 	Keypress: lctrl
902.2856 	EXP 	Sound  started
902.8465 	DATA 	Keypress: lctrl
903.0356 	EXP 	Sound  started
903.6945 	DATA 	Keypress: rctrl
903.7856 	EXP 	Sound  started
904.5265 	DATA 	Keypress: rctrl
904.5357 	EXP 	Sound  started
905.1985 	DATA 	Keypress: lctrl
905.2857 	EXP 	Sound  started
905.9185 	DATA 	Keypress: lctrl
906.0357 	EXP 	Sound  started
906.7185 	DATA 	Keypress: lctrl
906.7857 	EXP 	Sound  started
907.4545 	DATA 	Keypress: lctrl
907.5357 	EXP 	Sound  started
908.2857 	EXP 	Sound  started
908.3024 	DATA 	Keypress: rctrl
908.9105 	DATA 	Keypress: rctrl
909.0357 	EXP 	Sound  started
909.6625 	DATA 	Keypress: rctrl
909.7858 	EXP 	Sound  started
910.3345 	DATA 	Keypress: rctrl
910.5358 	EXP 	Sound  started
911.1825 	DATA 	Keypress: rctrl
911.2858 	EXP 	Sound  started
911.8705 	DATA 	Keypress: rctrl
912.0358 	EXP 	Sound  started
912.6225 	DATA 	Keypress: rctrl
912.7858 	EXP 	Sound  started
913.5025 	DATA 	Keypress: rctrl
913.5358 	EXP 	Sound  started
914.2064 	DATA 	Keypress: rctrl
914.2858 	EXP 	Sound  started
914.9584 	DATA 	Keypress: rctrl
915.0359 	EXP 	Sound  started
915.6785 	DATA 	Keypress: rctrl
915.7859 	EXP 	Sound  started
916.3345 	DATA 	Keypress: rctrl
916.5359 	EXP 	Sound  started
917.2625 	DATA 	Keypress: lctrl
917.2859 	EXP 	Sound  started
918.0144 	DATA 	Keypress: lctrl
918.0359 	EXP 	Sound  started
918.7859 	EXP 	Sound  started
918.8144 	DATA 	Keypress: rctrl
919.4224 	DATA 	Keypress: rctrl
919.5359 	EXP 	Sound  started
920.1265 	DATA 	Keypress: rctrl
921.9433 	DATA 	Keypress: 2
921.9599 	EXP 	unnamed ShapeStim: vertices = <class 'numpy.ndarray'>
925.1627 	DATA 	Keypress: 2
925.1792 	EXP 	unnamed ShapeStim: vertices = <class 'numpy.ndarray'>
926.9981 	DATA 	Keypress: 1
927.0145 	EXP 	unnamed ShapeStim: vertices = <class 'numpy.ndarray'>
929.2996 	EXP 	Sound  started
929.3000 	DATA 	Keypress: rctrl
929.8865 	DATA 	Keypress: lctrl
930.0495 	EXP 	Sound  started
930.5584 	DATA 	Keypress: lctrl
930.7995 	EXP 	Sound  started
931.4225 	DATA 	Keypress: lctrl
931.5496 	EXP 	Sound  started
932.1425 	DATA 	Keypress: rctrl
932.2996 	EXP 	Sound  started
933.0064 	DATA 	Keypress: lctrl
933.0496 	EXP 	Sound  started
933.6785 	DATA 	Keypress: lctrl
933.7996 	EXP 	Sound  started
934.4624 	DATA 	Keypress: rctrl
934.5496 	EXP 	Sound  started
935.2625 	DATA 	Keypress: rctrl
935.2996 	EXP 	Sound  started
935.9665 	DATA 	Keypress: rctrl
936.0496 	EXP 	Sound  started
936.7025 	DATA 	Keypress: rctrl
936.7997 	EXP 	Sound  started
937.4225 	DATA 	Keypress: rctrl
937.5497 	EXP 	Sound  started
938.1104 	DATA 	Keypress: rctrl
938.2997 	EXP 	Sound  started
939.0497 	EXP 	Sound  started
939.3585 	DATA 	Keypress: rctrl
939.7265 	DATA 	Keypress: rctrl
939.7997 	EXP 	Sound  started
940.4625 	DATA 	Keypress: rctrl
940.5497 	EXP 	Sound  started
941.2144 	DATA 	Keypress: rctrl
941.2998 	EXP 	Sound  started
941.9985 	DATA 	Keypress: lctrl
942.0498 	EXP 	Sound  started
942.6544 	DATA 	Keypress: lctrl
942.7998 	EXP 	Sound  started
943.4865 	DATA 	Keypress: lctrl
943.5498 	EXP 	Sound  started
944.1905 	DATA 	Keypress: rctrl
944.2998 	EXP 	Sound  started
944.9905 	DATA 	Keypress: rctrl
945.0498 	EXP 	Sound  started
945.6944 	DATA 	Keypress: rctrl
945.7998 	EXP 	Sound  started
946.4785 	DATA 	Keypress: rctrl
946.5499 	EXP 	Sound  started
947.1984 	DATA 	Keypress: rctrl
947.2999 	EXP 	Sound  started
947.9505 	DATA 	Keypress: rctrl
948.0499 	EXP 	Sound  started
948.6704 	DATA 	Keypress: rctrl
948.7999 	EXP 	Sound  started
949.4705 	DATA 	Keypress: rctrl
949.5499 	EXP 	Sound  started
950.2225 	DATA 	Keypress: rctrl
950.2999 	EXP 	Sound  started
950.9905 	DATA 	Keypress: rctrl
951.0499 	EXP 	Sound  started
951.6785 	DATA 	Keypress: lctrl
951.8000 	EXP 	Sound  started
952.3665 	DATA 	Keypress: lctrl
952.5500 	EXP 	Sound  started
953.1824 	DATA 	Keypress: lctrl
953.3000 	EXP 	Sound  started
953.9504 	DATA 	Keypress: lctrl
954.0500 	EXP 	Sound  started
954.6066 	DATA 	Keypress: lctrl
954.8000 	EXP 	Sound  started
955.4705 	DATA 	Keypress: lctrl
955.5500 	EXP 	Sound  started
956.1105 	DATA 	Keypress: lctrl
956.3000 	EXP 	Sound  started
956.9745 	DATA 	Keypress: rctrl
957.0501 	EXP 	Sound  started
957.7106 	DATA 	Keypress: rctrl
957.8001 	EXP 	Sound  started
958.4465 	DATA 	Keypress: lctrl
958.5501 	EXP 	Sound  started
959.2464 	DATA 	Keypress: lctrl
959.3001 	EXP 	Sound  started
959.8865 	DATA 	Keypress: lctrl
960.0501 	EXP 	Sound  started
960.6224 	DATA 	Keypress: lctrl
960.8001 	EXP 	Sound  started
961.4705 	DATA 	Keypress: lctrl
961.5501 	EXP 	Sound  started
962.1585 	DATA 	Keypress: lctrl
962.3002 	EXP 	Sound  started
962.8465 	DATA 	Keypress: lctrl
963.0502 	EXP 	Sound  started
963.5664 	DATA 	Keypress: lctrl
963.8002 	EXP 	Sound  started
964.3984 	DATA 	Keypress: rctrl
964.5502 	EXP 	Sound  started
965.1825 	DATA 	Keypress: lctrl
965.3002 	EXP 	Sound  started
965.9505 	DATA 	Keypress: lctrl
966.0502 	EXP 	Sound  started
966.7185 	DATA 	Keypress: lctrl
966.8002 	EXP 	Sound  started
967.4704 	DATA 	Keypress: lctrl
967.5503 	EXP 	Sound  started
968.2065 	DATA 	Keypress: lctrl
968.3003 	EXP 	Sound  started
968.9585 	DATA 	Keypress: lctrl
969.0503 	EXP 	Sound  started
969.5986 	DATA 	Keypress: rctrl
969.8003 	EXP 	Sound  started
970.3984 	DATA 	Keypress: rctrl
970.5503 	EXP 	Sound  started
971.0704 	DATA 	Keypress: lctrl
971.3003 	EXP 	Sound  started
971.9024 	DATA 	Keypress: rctrl
972.0503 	EXP 	Sound  started
972.6704 	DATA 	Keypress: rctrl
972.8004 	EXP 	Sound  started
973.4065 	DATA 	Keypress: rctrl
973.5504 	EXP 	Sound  started
974.1585 	DATA 	Keypress: rctrl
974.3004 	EXP 	Sound  started
974.9905 	DATA 	Keypress: rctrl
975.0504 	EXP 	Sound  started
975.7264 	DATA 	Keypress: rctrl
975.8004 	EXP 	Sound  started
976.4465 	DATA 	Keypress: lctrl
976.5504 	EXP 	Sound  started
977.2625 	DATA 	Keypress: rctrl
977.3004 	EXP 	Sound  started
977.9025 	DATA 	Keypress: rctrl
978.0505 	EXP 	Sound  started
978.5905 	DATA 	Keypress: lctrl
978.8005 	EXP 	Sound  started
979.3905 	DATA 	Keypress: lctrl
979.5505 	EXP 	Sound  started
980.0944 	DATA 	Keypress: lctrl
980.3005 	EXP 	Sound  started
980.8625 	DATA 	Keypress: lctrl
981.0505 	EXP 	Sound  started
981.5825 	DATA 	Keypress: lctrl
981.8005 	EXP 	Sound  started
982.3664 	DATA 	Keypress: lctrl
982.5505 	EXP 	Sound  started
983.1347 	DATA 	Keypress: lctrl
983.3006 	EXP 	Sound  started
983.8864 	DATA 	Keypress: lctrl
984.0506 	EXP 	Sound  started
984.6544 	DATA 	Keypress: rctrl
984.8006 	EXP 	Sound  started
985.4064 	DATA 	Keypress: rctrl
985.5506 	EXP 	Sound  started
986.0945 	DATA 	Keypress: rctrl
986.3006 	EXP 	Sound  started
986.9585 	DATA 	Keypress: rctrl
987.0506 	EXP 	Sound  started
987.5344 	DATA 	Keypress: lctrl
987.8006 	EXP 	Sound  started
988.4945 	DATA 	Keypress: rctrl
990.4662 	DATA 	Keypress: 2
990.4827 	EXP 	unnamed ShapeStim: vertices = <class 'numpy.ndarray'>
994.3360 	DATA 	Keypress: 1
994.3525 	EXP 	unnamed ShapeStim: vertices = <class 'numpy.ndarray'>
995.8811 	DATA 	Keypress: 1
995.9372 	EXP 	unnamed ShapeStim: vertices = <class 'numpy.ndarray'>
998.2263 	DATA 	Keypress: rctrl
1184.8945 	DATA 	Keypress: escape
1184.9625 	EXP 	window1: mouseVisible = True
