134.5280 	WARNING 	User requested fullscreen with size [1024  768], but screen is actually [1920, 1200]. Using actual size
135.3396 	EXP 	Created window1 = Window(allowGUI=False, allowStencil=False, autoLog=True, backendConf=UNKNOWN, bitsMode=UNKNOWN, blendMode='avg', bpc=(8, 8, 8), color=array([0, 0, 0]), colorSpace='rgb', depthBits=8, fullscr=<method-wrapper '__getattribute__' of attributeSetter object at 0x000001D807F96780>, gamma=None, gammaErrorPolicy='raise', lms=UNKNOWN, monitor=<psychopy.monitors.calibTools.Monitor object at 0x000001D809985080>, multiSample=False, name='window1', numSamples=2, pos=[0.0, 0.0], screen=0, size=array([1920, 1200]), stencilBits=0, stereo=False, units='norm', useFBO=True, useRetina=False, viewOri=0.0, viewPos=None, viewScale=None, waitBlanking=True, winType='pyglet')
135.3399 	EXP 	window1: mouseVisible = True
135.3400 	EXP 	window1: mouseVisible = False
135.3400 	EXP 	window1: recordFrameIntervals = False
135.5062 	EXP 	window1: recordFrameIntervals = True
135.6897 	EXP 	window1: recordFrameIntervals = False
135.7437 	EXP 	Created text = TextStim(__class__=<class 'psychopy.visual.text.TextStim'>, alignHoriz=method-wrapper(...), alignText='center', alignVert=method-wrapper(...), anchorHoriz='center', anchorVert='center', antialias=True, autoLog=True, bold=False, color=array([1., 1., 1.]), colorSpace='rgb', contrast=1.0, depth=0.0, flipHoriz=False, flipVert=False, font='Arial', fontFiles=[], height=0.15, italic=False, languageStyle='LTR', name='text', opacity=1, ori=0, pos=array([0., 0.]), rgb=UNKNOWN, text='+', units='norm', win=Window(...), wrapWidth=1)
135.7638 	EXP 	Created text = TextStim(__class__=<class 'psychopy.visual.text.TextStim'>, alignHoriz=method-wrapper(...), alignText='center', alignVert=method-wrapper(...), anchorHoriz='center', anchorVert='center', antialias=True, autoLog=True, bold=False, color=array([1., 1., 1.]), colorSpace='rgb', contrast=1.0, depth=0.0, flipHoriz=False, flipVert=False, font='Arial', fontFiles=[], height=0.07, italic=False, languageStyle='LTR', name='text', opacity=1, ori=0, pos=array([0., 0.]), rgb=UNKNOWN, text=str(...), units='norm', win=Window(...), wrapWidth=1.65)
135.7762 	EXP 	Created text = TextStim(__class__=<class 'psychopy.visual.text.TextStim'>, alignHoriz=method-wrapper(...), alignText='center', alignVert=method-wrapper(...), anchorHoriz='center', anchorVert='center', antialias=True, autoLog=True, bold=False, color=array([1., 1., 1.]), colorSpace='rgb', contrast=1.0, depth=0.0, flipHoriz=False, flipVert=False, font='Arial', fontFiles=[], height=0.07, italic=False, languageStyle='LTR', name='text', opacity=1, ori=0, pos=array([0., 0.]), rgb=UNKNOWN, text=str(...), units='norm', win=Window(...), wrapWidth=1.65)
135.7863 	EXP 	Created text = TextStim(__class__=<class 'psychopy.visual.text.TextStim'>, alignHoriz=method-wrapper(...), alignText='center', alignVert=method-wrapper(...), anchorHoriz='center', anchorVert='center', antialias=True, autoLog=True, bold=False, color=array([1., 1., 1.]), colorSpace='rgb', contrast=1.0, depth=0.0, flipHoriz=False, flipVert=False, font='Arial', fontFiles=[], height=0.07, italic=False, languageStyle='LTR', name='text', opacity=1, ori=0, pos=array([0., 0.]), rgb=UNKNOWN, text=str(...), units='norm', win=Window(...), wrapWidth=1.65)
135.7967 	EXP 	Created text = TextStim(__class__=<class 'psychopy.visual.text.TextStim'>, alignHoriz=method-wrapper(...), alignText='center', alignVert=method-wrapper(...), anchorHoriz='center', anchorVert='center', antialias=True, autoLog=True, bold=False, color=array([1., 1., 1.]), colorSpace='rgb', contrast=1.0, depth=0.0, flipHoriz=False, flipVert=False, font='Arial', fontFiles=[], height=0.07, italic=False, languageStyle='LTR', name='text', opacity=1, ori=0, pos=array([0., 0.]), rgb=UNKNOWN, text=str(...), units='norm', win=Window(...), wrapWidth=1.65)
135.8017 	EXP 	Created text = TextStim(__class__=<class 'psychopy.visual.text.TextStim'>, alignHoriz=method-wrapper(...), alignText='center', alignVert=method-wrapper(...), anchorHoriz='center', anchorVert='center', antialias=True, autoLog=True, bold=False, color=array([1., 1., 1.]), colorSpace='rgb', contrast=1.0, depth=0.0, flipHoriz=False, flipVert=False, font='Arial', fontFiles=[], height=0.07, italic=False, languageStyle='LTR', name='text', opacity=1, ori=0, pos=array([0., 0.]), rgb=UNKNOWN, text=str(...), units='norm', win=Window(...), wrapWidth=1.65)
135.8153 	EXP 	Created text = TextStim(__class__=<class 'psychopy.visual.text.TextStim'>, alignHoriz=method-wrapper(...), alignText='center', alignVert=method-wrapper(...), anchorHoriz='center', anchorVert='center', antialias=True, autoLog=True, bold=False, color=array([1., 1., 1.]), colorSpace='rgb', contrast=1.0, depth=0.0, flipHoriz=False, flipVert=False, font='Arial', fontFiles=[], height=0.15, italic=False, languageStyle='LTR', name='text', opacity=1, ori=0, pos=array([0., 0.]), rgb=UNKNOWN, text=str(...), units='norm', win=Window(...), wrapWidth=1.65)
135.8433 	EXP 	Created text = TextStim(__class__=<class 'psychopy.visual.text.TextStim'>, alignHoriz=method-wrapper(...), alignText='center', alignVert=method-wrapper(...), anchorHoriz='center', anchorVert='center', antialias=True, autoLog=True, bold=False, color=array([1., 1., 1.]), colorSpace='rgb', contrast=1.0, depth=0.0, flipHoriz=False, flipVert=False, font='Arial', fontFiles=[], height=0.07, italic=False, languageStyle='LTR', name='text', opacity=1, ori=0, pos=array([0., 0.]), rgb=UNKNOWN, text=str(...), units='norm', win=Window(...), wrapWidth=1.65)
135.8614 	EXP 	Created text = TextStim(__class__=<class 'psychopy.visual.text.TextStim'>, alignHoriz=method-wrapper(...), alignText='center', alignVert=method-wrapper(...), anchorHoriz='center', anchorVert='center', antialias=True, autoLog=True, bold=False, color=array([1., 1., 1.]), colorSpace='rgb', contrast=1.0, depth=0.0, flipHoriz=False, flipVert=False, font='Arial', fontFiles=[], height=0.07, italic=False, languageStyle='LTR', name='text', opacity=1, ori=0, pos=array([0., 0.]), rgb=UNKNOWN, text=str(...), units='norm', win=Window(...), wrapWidth=1.65)
135.8916 	EXP 	Created text = TextStim(__class__=<class 'psychopy.visual.text.TextStim'>, alignHoriz=method-wrapper(...), alignText='center', alignVert=method-wrapper(...), anchorHoriz='center', anchorVert='center', antialias=True, autoLog=True, bold=False, color=array([1., 1., 1.]), colorSpace='rgb', contrast=1.0, depth=0.0, flipHoriz=False, flipVert=False, font='Arial', fontFiles=[], height=0.07, italic=False, languageStyle='LTR', name='text', opacity=1, ori=0, pos=array([0., 0.]), rgb=UNKNOWN, text=str(...), units='norm', win=Window(...), wrapWidth=1.65)
135.9196 	EXP 	Created text = TextStim(__class__=<class 'psychopy.visual.text.TextStim'>, alignHoriz=method-wrapper(...), alignText='center', alignVert=method-wrapper(...), anchorHoriz='center', anchorVert='center', antialias=True, autoLog=True, bold=False, color=array([1., 1., 1.]), colorSpace='rgb', contrast=1.0, depth=0.0, flipHoriz=False, flipVert=False, font='Arial', fontFiles=[], height=0.07, italic=False, languageStyle='LTR', name='text', opacity=1, ori=0, pos=array([0., 0.]), rgb=UNKNOWN, text=str(...), units='norm', win=Window(...), wrapWidth=1.65)
135.9519 	EXP 	Created text = TextStim(__class__=<class 'psychopy.visual.text.TextStim'>, alignHoriz=method-wrapper(...), alignText='center', alignVert=method-wrapper(...), anchorHoriz='center', anchorVert='center', antialias=True, autoLog=True, bold=False, color=array([1., 1., 1.]), colorSpace='rgb', contrast=1.0, depth=0.0, flipHoriz=False, flipVert=False, font='Arial', fontFiles=[], height=0.07, italic=False, languageStyle='LTR', name='text', opacity=1, ori=0, pos=array([0., 0.]), rgb=UNKNOWN, text=str(...), units='norm', win=Window(...), wrapWidth=1.65)
135.9608 	EXP 	Created text = TextStim(__class__=<class 'psychopy.visual.text.TextStim'>, alignHoriz=method-wrapper(...), alignText='center', alignVert=method-wrapper(...), anchorHoriz='center', anchorVert='center', antialias=True, autoLog=True, bold=False, color=array([1., 1., 1.]), colorSpace='rgb', contrast=1.0, depth=0.0, flipHoriz=False, flipVert=False, font='Arial', fontFiles=[], height=0.07, italic=False, languageStyle='LTR', name='text', opacity=1, ori=0, pos=array([0., 0.]), rgb=UNKNOWN, text=str(...), units='norm', win=Window(...), wrapWidth=1.65)
135.9732 	EXP 	Created text = TextStim(__class__=<class 'psychopy.visual.text.TextStim'>, alignHoriz=method-wrapper(...), alignText='center', alignVert=method-wrapper(...), anchorHoriz='center', anchorVert='center', antialias=True, autoLog=True, bold=False, color=array([1., 1., 1.]), colorSpace='rgb', contrast=1.0, depth=0.0, flipHoriz=False, flipVert=False, font='Arial', fontFiles=[], height=0.07, italic=False, languageStyle='LTR', name='text', opacity=1, ori=0, pos=array([0., 0.]), rgb=UNKNOWN, text=str(...), units='norm', win=Window(...), wrapWidth=1.65)
135.9779 	EXP 	Created instru = TextStim(__class__=<class 'psychopy.visual.text.TextStim'>, alignHoriz=method-wrapper(...), alignText='center', alignVert=method-wrapper(...), anchorHoriz='center', anchorVert='center', antialias=True, autoLog=True, bold=False, color=array([1., 1., 1.]), colorSpace='rgb', contrast=1.0, depth=0.0, flipHoriz=False, flipVert=False, font='Arial', fontFiles=[], height=0.07, italic=False, languageStyle='LTR', name='instru', opacity=1, ori=0, pos=array([0. , 0.5]), rgb=UNKNOWN, text=str(...), units='norm', win=Window(...), wrapWidth=1)
135.9805 	EXP 	Created unnamed Line = Line(__class__=<class 'psychopy.visual.line.Line'>, autoDraw=False, autoLog=True, closeShape=False, color=array([1., 1., 1.]), colorSpace='rgb', contrast=None, depth=0, fillColor=array([0, 0, 0]), fillColorSpace='rgb', fillRGB=array([0, 0, 0]), interpolate=True, lineColor=array([1., 1., 1.]), lineColorSpace='rgb', lineRGB=array([1, 1, 1]), lineWidth=5, name='unnamed Line', opacity=0.5, ori=0.0, pos=array([0., 0.]), size=array([1., 1.]), units='norm', vertices=array([[-0.5,  0. ],
       [ 0.5,  0. ]]), win=Window(...), windingRule=None)
135.9825 	EXP 	Created unnamed Line = Line(__class__=<class 'psychopy.visual.line.Line'>, autoDraw=False, autoLog=True, closeShape=False, color=array([1., 1., 1.]), colorSpace='rgb', contrast=None, depth=0, fillColor=array([0, 0, 0]), fillColorSpace='rgb', fillRGB=array([0, 0, 0]), interpolate=True, lineColor=array([1., 1., 1.]), lineColorSpace='rgb', lineRGB=array([1, 1, 1]), lineWidth=3, name='unnamed Line', opacity=0.5, ori=0.0, pos=array([0., 0.]), size=array([1., 1.]), units='norm', vertices=array([[-0.5 , -0.05],
       [-0.5 ,  0.05]]), win=Window(...), windingRule=None)
135.9845 	EXP 	Created unnamed Line = Line(__class__=<class 'psychopy.visual.line.Line'>, autoDraw=False, autoLog=True, closeShape=False, color=array([1., 1., 1.]), colorSpace='rgb', contrast=None, depth=0, fillColor=array([0, 0, 0]), fillColorSpace='rgb', fillRGB=array([0, 0, 0]), interpolate=True, lineColor=array([1., 1., 1.]), lineColorSpace='rgb', lineRGB=array([1, 1, 1]), lineWidth=3, name='unnamed Line', opacity=0.5, ori=0.0, pos=array([0., 0.]), size=array([1., 1.]), units='norm', vertices=ndarray(...), win=Window(...), windingRule=None)
135.9865 	EXP 	Created unnamed Line = Line(__class__=<class 'psychopy.visual.line.Line'>, autoDraw=False, autoLog=True, closeShape=False, color=array([1., 1., 1.]), colorSpace='rgb', contrast=None, depth=0, fillColor=array([0, 0, 0]), fillColorSpace='rgb', fillRGB=array([0, 0, 0]), interpolate=True, lineColor=array([1., 1., 1.]), lineColorSpace='rgb', lineRGB=array([1, 1, 1]), lineWidth=3, name='unnamed Line', opacity=0.5, ori=0.0, pos=array([0., 0.]), size=array([1., 1.]), units='norm', vertices=ndarray(...), win=Window(...), windingRule=None)
135.9885 	EXP 	Created unnamed Line = Line(__class__=<class 'psychopy.visual.line.Line'>, autoDraw=False, autoLog=True, closeShape=False, color=array([1., 1., 1.]), colorSpace='rgb', contrast=None, depth=0, fillColor=array([0, 0, 0]), fillColorSpace='rgb', fillRGB=array([0, 0, 0]), interpolate=True, lineColor=array([1., 1., 1.]), lineColorSpace='rgb', lineRGB=array([1, 1, 1]), lineWidth=3, name='unnamed Line', opacity=0.5, ori=0.0, pos=array([0., 0.]), size=array([1., 1.]), units='norm', vertices=array([[ 0.5 , -0.05],
       [ 0.5 ,  0.05]]), win=Window(...), windingRule=None)
136.0011 	EXP 	Created unnamed TextStim = TextStim(__class__=<class 'psychopy.visual.text.TextStim'>, alignHoriz=method-wrapper(...), alignText='center', alignVert=method-wrapper(...), anchorHoriz='center', anchorVert='center', antialias=True, autoLog=True, bold=False, color=array([1., 1., 1.]), colorSpace='rgb', contrast=1.0, depth=0, flipHoriz=False, flipVert=False, font='', fontFiles=[], height=0.05, italic=False, languageStyle='LTR', name='unnamed TextStim', opacity=1.0, ori=0.0, pos=array([-0.5, -0.1]), rgb=UNKNOWN, text='Clearly \n NOT FOCUSED', units='norm', win=Window(...), wrapWidth=1)
136.0022 	EXP 	Created unnamed TextStim = TextStim(__class__=<class 'psychopy.visual.text.TextStim'>, alignHoriz=method-wrapper(...), alignText='center', alignVert=method-wrapper(...), anchorHoriz='center', anchorVert='center', antialias=True, autoLog=True, bold=False, color=array([1., 1., 1.]), colorSpace='rgb', contrast=1.0, depth=0, flipHoriz=False, flipVert=False, font='', fontFiles=[], height=0.05, italic=False, languageStyle='LTR', name='unnamed TextStim', opacity=1.0, ori=0.0, pos=array([-0.16666667, -0.1       ]), rgb=UNKNOWN, text='', units='norm', win=Window(...), wrapWidth=1)
136.0033 	EXP 	Created unnamed TextStim = TextStim(__class__=<class 'psychopy.visual.text.TextStim'>, alignHoriz=method-wrapper(...), alignText='center', alignVert=method-wrapper(...), anchorHoriz='center', anchorVert='center', antialias=True, autoLog=True, bold=False, color=array([1., 1., 1.]), colorSpace='rgb', contrast=1.0, depth=0, flipHoriz=False, flipVert=False, font='', fontFiles=[], height=0.05, italic=False, languageStyle='LTR', name='unnamed TextStim', opacity=1.0, ori=0.0, pos=array([ 0.16666667, -0.1       ]), rgb=UNKNOWN, text='', units='norm', win=Window(...), wrapWidth=1)
136.0067 	EXP 	Created unnamed TextStim = TextStim(__class__=<class 'psychopy.visual.text.TextStim'>, alignHoriz=method-wrapper(...), alignText='center', alignVert=method-wrapper(...), anchorHoriz='center', anchorVert='center', antialias=True, autoLog=True, bold=False, color=array([1., 1., 1.]), colorSpace='rgb', contrast=1.0, depth=0, flipHoriz=False, flipVert=False, font='', fontFiles=[], height=0.05, italic=False, languageStyle='LTR', name='unnamed TextStim', opacity=1.0, ori=0.0, pos=array([ 0.5, -0.1]), rgb=UNKNOWN, text='Clearly \n FOCUSED', units='norm', win=Window(...), wrapWidth=1)
136.0086 	EXP 	Created unnamed ShapeStim = ShapeStim(__class__=<class 'psychopy.visual.shape.ShapeStim'>, autoDraw=False, autoLog=True, closeShape=True, color=method-wrapper(...), colorSpace='rgb', contrast=None, depth=0, fillColor=array([1, 1, 1]), fillColorSpace='rgb', fillRGB=array([1, 1, 1]), interpolate=True, lineColor=array([-1., -1., -1.]), lineColorSpace='rgb', lineRGB=array([-1, -1, -1]), lineWidth=1.5, name='unnamed ShapeStim', opacity=1.0, ori=0.0, pos=array([0., 0.]), size=array([1., 1.]), units='norm', vertices=ndarray(...), win=Window(...), windingRule=None)
136.0185 	EXP 	Created instru = TextStim(__class__=<class 'psychopy.visual.text.TextStim'>, alignHoriz=method-wrapper(...), alignText='center', alignVert=method-wrapper(...), anchorHoriz='center', anchorVert='center', antialias=True, autoLog=True, bold=False, color=array([1., 1., 1.]), colorSpace='rgb', contrast=1.0, depth=0.0, flipHoriz=False, flipVert=False, font='Arial', fontFiles=[], height=0.07, italic=False, languageStyle='LTR', name='instru', opacity=1, ori=0, pos=array([0. , 0.5]), rgb=UNKNOWN, text=str(...), units='norm', win=Window(...), wrapWidth=1)
136.0206 	EXP 	Created unnamed Line = Line(__class__=<class 'psychopy.visual.line.Line'>, autoDraw=False, autoLog=True, closeShape=False, color=array([1., 1., 1.]), colorSpace='rgb', contrast=None, depth=0, fillColor=array([0, 0, 0]), fillColorSpace='rgb', fillRGB=array([0, 0, 0]), interpolate=True, lineColor=array([1., 1., 1.]), lineColorSpace='rgb', lineRGB=array([1, 1, 1]), lineWidth=5, name='unnamed Line', opacity=0.5, ori=0.0, pos=array([0., 0.]), size=array([1., 1.]), units='norm', vertices=array([[-0.5,  0. ],
       [ 0.5,  0. ]]), win=Window(...), windingRule=None)
136.0226 	EXP 	Created unnamed Line = Line(__class__=<class 'psychopy.visual.line.Line'>, autoDraw=False, autoLog=True, closeShape=False, color=array([1., 1., 1.]), colorSpace='rgb', contrast=None, depth=0, fillColor=array([0, 0, 0]), fillColorSpace='rgb', fillRGB=array([0, 0, 0]), interpolate=True, lineColor=array([1., 1., 1.]), lineColorSpace='rgb', lineRGB=array([1, 1, 1]), lineWidth=3, name='unnamed Line', opacity=0.5, ori=0.0, pos=array([0., 0.]), size=array([1., 1.]), units='norm', vertices=array([[-0.5 , -0.05],
       [-0.5 ,  0.05]]), win=Window(...), windingRule=None)
136.0247 	EXP 	Created unnamed Line = Line(__class__=<class 'psychopy.visual.line.Line'>, autoDraw=False, autoLog=True, closeShape=False, color=array([1., 1., 1.]), colorSpace='rgb', contrast=None, depth=0, fillColor=array([0, 0, 0]), fillColorSpace='rgb', fillRGB=array([0, 0, 0]), interpolate=True, lineColor=array([1., 1., 1.]), lineColorSpace='rgb', lineRGB=array([1, 1, 1]), lineWidth=3, name='unnamed Line', opacity=0.5, ori=0.0, pos=array([0., 0.]), size=array([1., 1.]), units='norm', vertices=ndarray(...), win=Window(...), windingRule=None)
136.0267 	EXP 	Created unnamed Line = Line(__class__=<class 'psychopy.visual.line.Line'>, autoDraw=False, autoLog=True, closeShape=False, color=array([1., 1., 1.]), colorSpace='rgb', contrast=None, depth=0, fillColor=array([0, 0, 0]), fillColorSpace='rgb', fillRGB=array([0, 0, 0]), interpolate=True, lineColor=array([1., 1., 1.]), lineColorSpace='rgb', lineRGB=array([1, 1, 1]), lineWidth=3, name='unnamed Line', opacity=0.5, ori=0.0, pos=array([0., 0.]), size=array([1., 1.]), units='norm', vertices=ndarray(...), win=Window(...), windingRule=None)
136.0286 	EXP 	Created unnamed Line = Line(__class__=<class 'psychopy.visual.line.Line'>, autoDraw=False, autoLog=True, closeShape=False, color=array([1., 1., 1.]), colorSpace='rgb', contrast=None, depth=0, fillColor=array([0, 0, 0]), fillColorSpace='rgb', fillRGB=array([0, 0, 0]), interpolate=True, lineColor=array([1., 1., 1.]), lineColorSpace='rgb', lineRGB=array([1, 1, 1]), lineWidth=3, name='unnamed Line', opacity=0.5, ori=0.0, pos=array([0., 0.]), size=array([1., 1.]), units='norm', vertices=array([[ 0.5 , -0.05],
       [ 0.5 ,  0.05]]), win=Window(...), windingRule=None)
136.0354 	EXP 	Created unnamed TextStim = TextStim(__class__=<class 'psychopy.visual.text.TextStim'>, alignHoriz=method-wrapper(...), alignText='center', alignVert=method-wrapper(...), anchorHoriz='center', anchorVert='center', antialias=True, autoLog=True, bold=False, color=array([1., 1., 1.]), colorSpace='rgb', contrast=1.0, depth=0, flipHoriz=False, flipVert=False, font='', fontFiles=[], height=0.05, italic=False, languageStyle='LTR', name='unnamed TextStim', opacity=1.0, ori=0.0, pos=array([-0.5, -0.1]), rgb=UNKNOWN, text='Clearly \n NOTHING', units='norm', win=Window(...), wrapWidth=1)
136.0366 	EXP 	Created unnamed TextStim = TextStim(__class__=<class 'psychopy.visual.text.TextStim'>, alignHoriz=method-wrapper(...), alignText='center', alignVert=method-wrapper(...), anchorHoriz='center', anchorVert='center', antialias=True, autoLog=True, bold=False, color=array([1., 1., 1.]), colorSpace='rgb', contrast=1.0, depth=0, flipHoriz=False, flipVert=False, font='', fontFiles=[], height=0.05, italic=False, languageStyle='LTR', name='unnamed TextStim', opacity=1.0, ori=0.0, pos=array([-0.16666667, -0.1       ]), rgb=UNKNOWN, text='', units='norm', win=Window(...), wrapWidth=1)
136.0376 	EXP 	Created unnamed TextStim = TextStim(__class__=<class 'psychopy.visual.text.TextStim'>, alignHoriz=method-wrapper(...), alignText='center', alignVert=method-wrapper(...), anchorHoriz='center', anchorVert='center', antialias=True, autoLog=True, bold=False, color=array([1., 1., 1.]), colorSpace='rgb', contrast=1.0, depth=0, flipHoriz=False, flipVert=False, font='', fontFiles=[], height=0.05, italic=False, languageStyle='LTR', name='unnamed TextStim', opacity=1.0, ori=0.0, pos=array([ 0.16666667, -0.1       ]), rgb=UNKNOWN, text='', units='norm', win=Window(...), wrapWidth=1)
136.0424 	EXP 	Created unnamed TextStim = TextStim(__class__=<class 'psychopy.visual.text.TextStim'>, alignHoriz=method-wrapper(...), alignText='center', alignVert=method-wrapper(...), anchorHoriz='center', anchorVert='center', antialias=True, autoLog=True, bold=False, color=array([1., 1., 1.]), colorSpace='rgb', contrast=1.0, depth=0, flipHoriz=False, flipVert=False, font='', fontFiles=[], height=0.05, italic=False, languageStyle='LTR', name='unnamed TextStim', opacity=1.0, ori=0.0, pos=array([ 0.5, -0.1]), rgb=UNKNOWN, text='Clearly \n SOMETHING', units='norm', win=Window(...), wrapWidth=1)
136.0445 	EXP 	Created unnamed ShapeStim = ShapeStim(__class__=<class 'psychopy.visual.shape.ShapeStim'>, autoDraw=False, autoLog=True, closeShape=True, color=method-wrapper(...), colorSpace='rgb', contrast=None, depth=0, fillColor=array([1, 1, 1]), fillColorSpace='rgb', fillRGB=array([1, 1, 1]), interpolate=True, lineColor=array([-1., -1., -1.]), lineColorSpace='rgb', lineRGB=array([-1, -1, -1]), lineWidth=1.5, name='unnamed ShapeStim', opacity=1.0, ori=0.0, pos=array([0., 0.]), size=array([1., 1.]), units='norm', vertices=ndarray(...), win=Window(...), windingRule=None)
136.0521 	EXP 	Created instru = TextStim(__class__=<class 'psychopy.visual.text.TextStim'>, alignHoriz=method-wrapper(...), alignText='center', alignVert=method-wrapper(...), anchorHoriz='center', anchorVert='center', antialias=True, autoLog=True, bold=False, color=array([1., 1., 1.]), colorSpace='rgb', contrast=1.0, depth=0.0, flipHoriz=False, flipVert=False, font='Arial', fontFiles=[], height=0.07, italic=False, languageStyle='LTR', name='instru', opacity=1, ori=0, pos=array([0. , 0.5]), rgb=UNKNOWN, text=str(...), units='norm', win=Window(...), wrapWidth=1)
136.0541 	EXP 	Created unnamed Line = Line(__class__=<class 'psychopy.visual.line.Line'>, autoDraw=False, autoLog=True, closeShape=False, color=array([1., 1., 1.]), colorSpace='rgb', contrast=None, depth=0, fillColor=array([0, 0, 0]), fillColorSpace='rgb', fillRGB=array([0, 0, 0]), interpolate=True, lineColor=array([1., 1., 1.]), lineColorSpace='rgb', lineRGB=array([1, 1, 1]), lineWidth=5, name='unnamed Line', opacity=0.5, ori=0.0, pos=array([0., 0.]), size=array([1., 1.]), units='norm', vertices=array([[-0.5,  0. ],
       [ 0.5,  0. ]]), win=Window(...), windingRule=None)
136.0561 	EXP 	Created unnamed Line = Line(__class__=<class 'psychopy.visual.line.Line'>, autoDraw=False, autoLog=True, closeShape=False, color=array([1., 1., 1.]), colorSpace='rgb', contrast=None, depth=0, fillColor=array([0, 0, 0]), fillColorSpace='rgb', fillRGB=array([0, 0, 0]), interpolate=True, lineColor=array([1., 1., 1.]), lineColorSpace='rgb', lineRGB=array([1, 1, 1]), lineWidth=3, name='unnamed Line', opacity=0.5, ori=0.0, pos=array([0., 0.]), size=array([1., 1.]), units='norm', vertices=array([[-0.5 , -0.05],
       [-0.5 ,  0.05]]), win=Window(...), windingRule=None)
136.0581 	EXP 	Created unnamed Line = Line(__class__=<class 'psychopy.visual.line.Line'>, autoDraw=False, autoLog=True, closeShape=False, color=array([1., 1., 1.]), colorSpace='rgb', contrast=None, depth=0, fillColor=array([0, 0, 0]), fillColorSpace='rgb', fillRGB=array([0, 0, 0]), interpolate=True, lineColor=array([1., 1., 1.]), lineColorSpace='rgb', lineRGB=array([1, 1, 1]), lineWidth=3, name='unnamed Line', opacity=0.5, ori=0.0, pos=array([0., 0.]), size=array([1., 1.]), units='norm', vertices=ndarray(...), win=Window(...), windingRule=None)
136.0601 	EXP 	Created unnamed Line = Line(__class__=<class 'psychopy.visual.line.Line'>, autoDraw=False, autoLog=True, closeShape=False, color=array([1., 1., 1.]), colorSpace='rgb', contrast=None, depth=0, fillColor=array([0, 0, 0]), fillColorSpace='rgb', fillRGB=array([0, 0, 0]), interpolate=True, lineColor=array([1., 1., 1.]), lineColorSpace='rgb', lineRGB=array([1, 1, 1]), lineWidth=3, name='unnamed Line', opacity=0.5, ori=0.0, pos=array([0., 0.]), size=array([1., 1.]), units='norm', vertices=ndarray(...), win=Window(...), windingRule=None)
136.0621 	EXP 	Created unnamed Line = Line(__class__=<class 'psychopy.visual.line.Line'>, autoDraw=False, autoLog=True, closeShape=False, color=array([1., 1., 1.]), colorSpace='rgb', contrast=None, depth=0, fillColor=array([0, 0, 0]), fillColorSpace='rgb', fillRGB=array([0, 0, 0]), interpolate=True, lineColor=array([1., 1., 1.]), lineColorSpace='rgb', lineRGB=array([1, 1, 1]), lineWidth=3, name='unnamed Line', opacity=0.5, ori=0.0, pos=array([0., 0.]), size=array([1., 1.]), units='norm', vertices=array([[ 0.5 , -0.05],
       [ 0.5 ,  0.05]]), win=Window(...), windingRule=None)
136.0673 	EXP 	Created unnamed TextStim = TextStim(__class__=<class 'psychopy.visual.text.TextStim'>, alignHoriz=method-wrapper(...), alignText='center', alignVert=method-wrapper(...), anchorHoriz='center', anchorVert='center', antialias=True, autoLog=True, bold=False, color=array([1., 1., 1.]), colorSpace='rgb', contrast=1.0, depth=0, flipHoriz=False, flipVert=False, font='', fontFiles=[], height=0.05, italic=False, languageStyle='LTR', name='unnamed TextStim', opacity=1.0, ori=0.0, pos=array([-0.5, -0.1]), rgb=UNKNOWN, text='Clearly \n SPONTANEOUS', units='norm', win=Window(...), wrapWidth=1)
136.0683 	EXP 	Created unnamed TextStim = TextStim(__class__=<class 'psychopy.visual.text.TextStim'>, alignHoriz=method-wrapper(...), alignText='center', alignVert=method-wrapper(...), anchorHoriz='center', anchorVert='center', antialias=True, autoLog=True, bold=False, color=array([1., 1., 1.]), colorSpace='rgb', contrast=1.0, depth=0, flipHoriz=False, flipVert=False, font='', fontFiles=[], height=0.05, italic=False, languageStyle='LTR', name='unnamed TextStim', opacity=1.0, ori=0.0, pos=array([-0.16666667, -0.1       ]), rgb=UNKNOWN, text='', units='norm', win=Window(...), wrapWidth=1)
136.0693 	EXP 	Created unnamed TextStim = TextStim(__class__=<class 'psychopy.visual.text.TextStim'>, alignHoriz=method-wrapper(...), alignText='center', alignVert=method-wrapper(...), anchorHoriz='center', anchorVert='center', antialias=True, autoLog=True, bold=False, color=array([1., 1., 1.]), colorSpace='rgb', contrast=1.0, depth=0, flipHoriz=False, flipVert=False, font='', fontFiles=[], height=0.05, italic=False, languageStyle='LTR', name='unnamed TextStim', opacity=1.0, ori=0.0, pos=array([ 0.16666667, -0.1       ]), rgb=UNKNOWN, text='', units='norm', win=Window(...), wrapWidth=1)
136.0745 	EXP 	Created unnamed TextStim = TextStim(__class__=<class 'psychopy.visual.text.TextStim'>, alignHoriz=method-wrapper(...), alignText='center', alignVert=method-wrapper(...), anchorHoriz='center', anchorVert='center', antialias=True, autoLog=True, bold=False, color=array([1., 1., 1.]), colorSpace='rgb', contrast=1.0, depth=0, flipHoriz=False, flipVert=False, font='', fontFiles=[], height=0.05, italic=False, languageStyle='LTR', name='unnamed TextStim', opacity=1.0, ori=0.0, pos=array([ 0.5, -0.1]), rgb=UNKNOWN, text='Clearly \n DELIBERATE', units='norm', win=Window(...), wrapWidth=1)
136.0763 	EXP 	Created unnamed ShapeStim = ShapeStim(__class__=<class 'psychopy.visual.shape.ShapeStim'>, autoDraw=False, autoLog=True, closeShape=True, color=method-wrapper(...), colorSpace='rgb', contrast=None, depth=0, fillColor=array([1, 1, 1]), fillColorSpace='rgb', fillRGB=array([1, 1, 1]), interpolate=True, lineColor=array([-1., -1., -1.]), lineColorSpace='rgb', lineRGB=array([-1, -1, -1]), lineWidth=1.5, name='unnamed ShapeStim', opacity=1.0, ori=0.0, pos=array([0., 0.]), size=array([1., 1.]), units='norm', vertices=ndarray(...), win=Window(...), windingRule=None)
136.1254 	EXP 	Sound  set volume 1.000
136.1537 	EXP 	unnamed ShapeStim: vertices = <class 'numpy.ndarray'>
136.1537 	EXP 	unnamed ShapeStim: vertices = <class 'numpy.ndarray'>
136.1537 	EXP 	unnamed ShapeStim: vertices = <class 'numpy.ndarray'>
173.8424 	DATA 	Keypress: space
175.7143 	DATA 	Keypress: space
176.7864 	DATA 	Keypress: space
176.8066 	EXP 	unnamed TextStim: text = ''
176.8066 	EXP 	unnamed TextStim: text = ''
180.8763 	DATA 	Keypress: 4
180.8928 	EXP 	unnamed ShapeStim: vertices = <class 'numpy.ndarray'>
188.2744 	DATA 	Keypress: space
188.2994 	EXP 	unnamed TextStim: text = ''
188.2994 	EXP 	unnamed TextStim: text = ''
190.7010 	DATA 	Keypress: 2
190.7175 	EXP 	unnamed ShapeStim: vertices = <class 'numpy.ndarray'>
193.5703 	DATA 	Keypress: space
193.5870 	EXP 	unnamed TextStim: text = ''
193.5870 	EXP 	unnamed TextStim: text = ''
194.1376 	DATA 	Keypress: 2
194.1542 	EXP 	unnamed ShapeStim: vertices = <class 'numpy.ndarray'>
195.6749 	DATA 	Keypress: space
197.1064 	DATA 	Keypress: space
199.0424 	DATA 	Keypress: space
201.0903 	DATA 	Keypress: space
201.6102 	EXP 	Sound  started
202.2904 	DATA 	Keypress: rctrl
202.3600 	EXP 	Sound  started
203.0263 	DATA 	Keypress: rctrl
203.1101 	EXP 	Sound  started
203.6663 	DATA 	Keypress: rctrl
203.8601 	EXP 	Sound  started
204.4184 	DATA 	Keypress: rctrl
204.6101 	EXP 	Sound  started
205.1543 	DATA 	Keypress: rctrl
205.3601 	EXP 	Sound  started
205.8743 	DATA 	Keypress: rctrl
206.1101 	EXP 	Sound  started
206.5942 	DATA 	Keypress: rctrl
206.8601 	EXP 	Sound  started
207.3463 	DATA 	Keypress: rctrl
207.6101 	EXP 	Sound  started
208.1623 	DATA 	Keypress: rctrl
208.3602 	EXP 	Sound  started
208.9143 	DATA 	Keypress: rctrl
209.1102 	EXP 	Sound  started
209.6503 	DATA 	Keypress: rctrl
209.8602 	EXP 	Sound  started
210.4023 	DATA 	Keypress: rctrl
210.6102 	EXP 	Sound  started
211.0903 	DATA 	Keypress: rctrl
211.3602 	EXP 	Sound  started
211.8423 	DATA 	Keypress: rctrl
212.1102 	EXP 	Sound  started
212.7543 	DATA 	Keypress: rctrl
212.8603 	EXP 	Sound  started
213.5703 	DATA 	Keypress: lctrl
213.6103 	EXP 	Sound  started
214.2103 	DATA 	Keypress: lctrl
214.3603 	EXP 	Sound  started
214.9623 	DATA 	Keypress: lctrl
215.1103 	EXP 	Sound  started
215.7142 	DATA 	Keypress: lctrl
215.8603 	EXP 	Sound  started
216.4023 	DATA 	Keypress: lctrl
216.6103 	EXP 	Sound  started
217.1383 	DATA 	Keypress: lctrl
217.3603 	EXP 	Sound  started
217.9383 	DATA 	Keypress: lctrl
218.1104 	EXP 	Sound  started
218.6583 	DATA 	Keypress: lctrl
218.8604 	EXP 	Sound  started
219.4263 	DATA 	Keypress: rctrl
219.6104 	EXP 	Sound  started
220.1463 	DATA 	Keypress: rctrl
220.3604 	EXP 	Sound  started
220.8662 	DATA 	Keypress: rctrl
221.1104 	EXP 	Sound  started
221.6503 	DATA 	Keypress: rctrl
221.8604 	EXP 	Sound  started
222.4503 	DATA 	Keypress: rctrl
222.6104 	EXP 	Sound  started
223.1703 	DATA 	Keypress: rctrl
223.3605 	EXP 	Sound  started
223.8583 	DATA 	Keypress: rctrl
224.1105 	EXP 	Sound  started
224.6423 	DATA 	Keypress: rctrl
224.8605 	EXP 	Sound  started
225.4103 	DATA 	Keypress: rctrl
225.6105 	EXP 	Sound  started
226.2263 	DATA 	Keypress: rctrl
226.3605 	EXP 	Sound  started
226.9143 	DATA 	Keypress: rctrl
227.1105 	EXP 	Sound  started
227.6502 	DATA 	Keypress: rctrl
227.8605 	EXP 	Sound  started
228.5783 	DATA 	Keypress: lctrl
228.6105 	EXP 	Sound  started
229.1863 	DATA 	Keypress: lctrl
229.3606 	EXP 	Sound  started
229.9702 	DATA 	Keypress: lctrl
230.1106 	EXP 	Sound  started
230.7063 	DATA 	Keypress: lctrl
230.8606 	EXP 	Sound  started
231.4422 	DATA 	Keypress: lctrl
231.6106 	EXP 	Sound  started
232.2103 	DATA 	Keypress: lctrl
232.3606 	EXP 	Sound  started
232.9144 	DATA 	Keypress: lctrl
233.1106 	EXP 	Sound  started
233.7304 	DATA 	Keypress: lctrl
233.8607 	EXP 	Sound  started
234.4503 	DATA 	Keypress: rctrl
234.6107 	EXP 	Sound  started
235.1703 	DATA 	Keypress: rctrl
235.3607 	EXP 	Sound  started
235.8583 	DATA 	Keypress: rctrl
236.1107 	EXP 	Sound  started
236.7222 	DATA 	Keypress: rctrl
236.8607 	EXP 	Sound  started
237.4263 	DATA 	Keypress: rctrl
237.6107 	EXP 	Sound  started
238.2743 	DATA 	Keypress: rctrl
238.3607 	EXP 	Sound  started
239.0263 	DATA 	Keypress: rctrl
239.1108 	EXP 	Sound  started
239.8608 	EXP 	Sound  started
240.5142 	DATA 	Keypress: lctrl
240.6108 	EXP 	Sound  started
241.2823 	DATA 	Keypress: lctrl
241.3608 	EXP 	Sound  started
242.0664 	DATA 	Keypress: lctrl
242.1108 	EXP 	Sound  started
242.8503 	DATA 	Keypress: lctrl
242.8608 	EXP 	Sound  started
243.5063 	DATA 	Keypress: lctrl
243.6108 	EXP 	Sound  started
244.1942 	DATA 	Keypress: lctrl
244.3609 	EXP 	Sound  started
245.1109 	EXP 	Sound  started
245.1543 	DATA 	Keypress: lctrl
245.7623 	DATA 	Keypress: lctrl
245.8609 	EXP 	Sound  started
246.4662 	DATA 	Keypress: lctrl
246.6109 	EXP 	Sound  started
247.2342 	DATA 	Keypress: lctrl
247.3609 	EXP 	Sound  started
248.0022 	DATA 	Keypress: lctrl
248.1109 	EXP 	Sound  started
248.8182 	DATA 	Keypress: lctrl
248.8609 	EXP 	Sound  started
249.6110 	EXP 	Sound  started
250.3062 	DATA 	Keypress: lctrl
250.3610 	EXP 	Sound  started
251.0103 	DATA 	Keypress: rctrl
251.1110 	EXP 	Sound  started
251.7462 	DATA 	Keypress: rctrl
251.8610 	EXP 	Sound  started
252.4022 	DATA 	Keypress: rctrl
252.6110 	EXP 	Sound  started
253.0903 	DATA 	Keypress: rctrl
253.3610 	EXP 	Sound  started
253.8743 	DATA 	Keypress: rctrl
254.1110 	EXP 	Sound  started
254.4662 	DATA 	Keypress: rctrl
254.8611 	EXP 	Sound  started
255.4262 	DATA 	Keypress: rctrl
255.6111 	EXP 	Sound  started
256.2264 	DATA 	Keypress: rctrl
256.3611 	EXP 	Sound  started
256.9783 	DATA 	Keypress: rctrl
257.1111 	EXP 	Sound  started
257.7623 	DATA 	Keypress: rctrl
257.8611 	EXP 	Sound  started
258.4983 	DATA 	Keypress: rctrl
258.6111 	EXP 	Sound  started
259.2503 	DATA 	Keypress: rctrl
259.3612 	EXP 	Sound  started
259.9542 	DATA 	Keypress: rctrl
260.1112 	EXP 	Sound  started
260.7703 	DATA 	Keypress: rctrl
260.8612 	EXP 	Sound  started
261.4743 	DATA 	Keypress: rctrl
261.6112 	EXP 	Sound  started
262.1942 	DATA 	Keypress: rctrl
262.3612 	EXP 	Sound  started
262.9142 	DATA 	Keypress: rctrl
263.1112 	EXP 	Sound  started
263.6342 	DATA 	Keypress: rctrl
263.8612 	EXP 	Sound  started
264.4343 	DATA 	Keypress: rctrl
264.6113 	EXP 	Sound  started
265.1862 	DATA 	Keypress: rctrl
265.3613 	EXP 	Sound  started
265.8422 	DATA 	Keypress: rctrl
266.1113 	EXP 	Sound  started
266.7382 	DATA 	Keypress: rctrl
268.8522 	DATA 	Keypress: 4
268.8815 	EXP 	unnamed ShapeStim: vertices = <class 'numpy.ndarray'>
274.1693 	DATA 	Keypress: 2
274.1859 	EXP 	unnamed ShapeStim: vertices = <class 'numpy.ndarray'>
276.6429 	DATA 	Keypress: 2
276.6717 	EXP 	unnamed ShapeStim: vertices = <class 'numpy.ndarray'>
278.9566 	EXP 	Sound  started
279.1863 	DATA 	Keypress: rctrl
279.7064 	EXP 	Sound  started
279.7462 	DATA 	Keypress: rctrl
280.3542 	DATA 	Keypress: rctrl
280.4564 	EXP 	Sound  started
281.0742 	DATA 	Keypress: rctrl
281.2065 	EXP 	Sound  started
281.8102 	DATA 	Keypress: rctrl
281.9565 	EXP 	Sound  started
282.6102 	DATA 	Keypress: rctrl
282.7065 	EXP 	Sound  started
283.3143 	DATA 	Keypress: rctrl
283.4565 	EXP 	Sound  started
283.9862 	DATA 	Keypress: rctrl
284.2065 	EXP 	Sound  started
284.6743 	DATA 	Keypress: lctrl
284.9565 	EXP 	Sound  started
285.4582 	DATA 	Keypress: lctrl
285.7065 	EXP 	Sound  started
286.1463 	DATA 	Keypress: lctrl
286.4566 	EXP 	Sound  started
287.0102 	DATA 	Keypress: lctrl
287.2066 	EXP 	Sound  started
287.7943 	DATA 	Keypress: lctrl
287.9566 	EXP 	Sound  started
288.7062 	DATA 	Keypress: lctrl
288.7066 	EXP 	Sound  started
289.3462 	DATA 	Keypress: lctrl
289.4566 	EXP 	Sound  started
290.0822 	DATA 	Keypress: lctrl
290.2067 	EXP 	Sound  started
290.8823 	DATA 	Keypress: lctrl
290.9567 	EXP 	Sound  started
291.6023 	DATA 	Keypress: lctrl
291.7067 	EXP 	Sound  started
292.3222 	DATA 	Keypress: lctrl
292.4567 	EXP 	Sound  started
293.2067 	EXP 	Sound  started
293.9567 	EXP 	Sound  started
294.0183 	DATA 	Keypress: rctrl
294.6743 	DATA 	Keypress: rctrl
294.7067 	EXP 	Sound  started
295.3302 	DATA 	Keypress: rctrl
295.4567 	EXP 	Sound  started
296.1143 	DATA 	Keypress: rctrl
296.2067 	EXP 	Sound  started
296.8342 	DATA 	Keypress: rctrl
296.9568 	EXP 	Sound  started
297.6182 	DATA 	Keypress: rctrl
297.7068 	EXP 	Sound  started
298.4183 	DATA 	Keypress: rctrl
298.4568 	EXP 	Sound  started
299.1063 	DATA 	Keypress: lctrl
299.2068 	EXP 	Sound  started
299.7783 	DATA 	Keypress: lctrl
299.9568 	EXP 	Sound  started
300.4822 	DATA 	Keypress: lctrl
300.7068 	EXP 	Sound  started
301.2662 	DATA 	Keypress: lctrl
301.4568 	EXP 	Sound  started
302.2068 	EXP 	Sound  started
302.8343 	DATA 	Keypress: lctrl
302.9569 	EXP 	Sound  started
303.6662 	DATA 	Keypress: rctrl
303.7069 	EXP 	Sound  started
304.3542 	DATA 	Keypress: rctrl
304.4569 	EXP 	Sound  started
305.0902 	DATA 	Keypress: rctrl
305.2069 	EXP 	Sound  started
305.7782 	DATA 	Keypress: rctrl
305.9569 	EXP 	Sound  started
306.5942 	DATA 	Keypress: rctrl
306.7069 	EXP 	Sound  started
307.3462 	DATA 	Keypress: rctrl
307.4570 	EXP 	Sound  started
308.0502 	DATA 	Keypress: rctrl
308.2070 	EXP 	Sound  started
308.8662 	DATA 	Keypress: rctrl
308.9570 	EXP 	Sound  started
309.5383 	DATA 	Keypress: rctrl
309.7070 	EXP 	Sound  started
310.3062 	DATA 	Keypress: rctrl
310.4570 	EXP 	Sound  started
310.9463 	DATA 	Keypress: lctrl
311.2070 	EXP 	Sound  started
311.8902 	DATA 	Keypress: lctrl
311.9570 	EXP 	Sound  started
312.6583 	DATA 	Keypress: lctrl
312.7071 	EXP 	Sound  started
313.3623 	DATA 	Keypress: lctrl
313.4571 	EXP 	Sound  started
314.0341 	DATA 	Keypress: lctrl
314.2071 	EXP 	Sound  started
314.8343 	DATA 	Keypress: lctrl
314.9571 	EXP 	Sound  started
315.7071 	EXP 	Sound  started
316.0182 	DATA 	Keypress: lctrl
316.4572 	EXP 	Sound  started
316.5303 	DATA 	Keypress: lctrl
317.1542 	DATA 	Keypress: lctrl
317.2072 	EXP 	Sound  started
317.9572 	EXP 	Sound  started
318.6263 	DATA 	Keypress: lctrl
318.7072 	EXP 	Sound  started
319.3782 	DATA 	Keypress: lctrl
319.4572 	EXP 	Sound  started
320.1622 	DATA 	Keypress: rctrl
320.2072 	EXP 	Sound  started
320.9572 	EXP 	Sound  started
320.9621 	DATA 	Keypress: rctrl
321.6502 	DATA 	Keypress: rctrl
321.7072 	EXP 	Sound  started
322.4022 	DATA 	Keypress: rctrl
322.4573 	EXP 	Sound  started
323.1863 	DATA 	Keypress: rctrl
323.2073 	EXP 	Sound  started
323.8902 	DATA 	Keypress: rctrl
323.9573 	EXP 	Sound  started
324.6422 	DATA 	Keypress: rctrl
324.7073 	EXP 	Sound  started
325.2502 	DATA 	Keypress: rctrl
325.4573 	EXP 	Sound  started
326.0662 	DATA 	Keypress: rctrl
326.2073 	EXP 	Sound  started
326.9303 	DATA 	Keypress: rctrl
326.9573 	EXP 	Sound  started
327.6183 	DATA 	Keypress: rctrl
327.7073 	EXP 	Sound  started
328.4182 	DATA 	Keypress: rctrl
328.4574 	EXP 	Sound  started
329.1541 	DATA 	Keypress: rctrl
329.2074 	EXP 	Sound  started
329.8422 	DATA 	Keypress: rctrl
329.9574 	EXP 	Sound  started
330.7063 	DATA 	Keypress: rctrl
330.7074 	EXP 	Sound  started
331.3942 	DATA 	Keypress: rctrl
331.4574 	EXP 	Sound  started
332.0502 	DATA 	Keypress: lctrl
332.2074 	EXP 	Sound  started
332.8022 	DATA 	Keypress: lctrl
332.9574 	EXP 	Sound  started
333.5062 	DATA 	Keypress: lctrl
333.7075 	EXP 	Sound  started
334.1782 	DATA 	Keypress: lctrl
334.4575 	EXP 	Sound  started
335.0902 	DATA 	Keypress: lctrl
335.2075 	EXP 	Sound  started
335.8423 	DATA 	Keypress: lctrl
335.9575 	EXP 	Sound  started
336.5622 	DATA 	Keypress: lctrl
336.7075 	EXP 	Sound  started
337.3303 	DATA 	Keypress: lctrl
337.4575 	EXP 	Sound  started
338.1462 	DATA 	Keypress: lctrl
338.2075 	EXP 	Sound  started
338.9463 	DATA 	Keypress: lctrl
338.9575 	EXP 	Sound  started
339.6823 	DATA 	Keypress: lctrl
341.7246 	DATA 	Keypress: 3
341.7412 	EXP 	unnamed ShapeStim: vertices = <class 'numpy.ndarray'>
344.9814 	DATA 	Keypress: 3
345.0105 	EXP 	unnamed ShapeStim: vertices = <class 'numpy.ndarray'>
347.9631 	DATA 	Keypress: 2
347.9796 	EXP 	unnamed ShapeStim: vertices = <class 'numpy.ndarray'>
350.2652 	EXP 	Sound  started
350.2661 	DATA 	Keypress: rctrl
350.8183 	DATA 	Keypress: rctrl
351.0150 	EXP 	Sound  started
351.5862 	DATA 	Keypress: rctrl
351.7650 	EXP 	Sound  started
352.3222 	DATA 	Keypress: rctrl
352.5151 	EXP 	Sound  started
353.2651 	EXP 	Sound  started
353.2823 	DATA 	Keypress: rctrl
353.8903 	DATA 	Keypress: rctrl
354.0151 	EXP 	Sound  started
354.5622 	DATA 	Keypress: rctrl
354.7651 	EXP 	Sound  started
355.3622 	DATA 	Keypress: rctrl
355.5151 	EXP 	Sound  started
356.0822 	DATA 	Keypress: rctrl
356.2651 	EXP 	Sound  started
356.7861 	DATA 	Keypress: rctrl
357.0151 	EXP 	Sound  started
357.6663 	DATA 	Keypress: rctrl
357.7652 	EXP 	Sound  started
358.4021 	DATA 	Keypress: rctrl
358.5152 	EXP 	Sound  started
359.1061 	DATA 	Keypress: rctrl
359.2652 	EXP 	Sound  started
359.7463 	DATA 	Keypress: rctrl
360.0152 	EXP 	Sound  started
360.5141 	DATA 	Keypress: rctrl
360.7652 	EXP 	Sound  started
361.2982 	DATA 	Keypress: rctrl
361.5152 	EXP 	Sound  started
362.1301 	DATA 	Keypress: lctrl
362.2653 	EXP 	Sound  started
362.7862 	DATA 	Keypress: lctrl
363.0153 	EXP 	Sound  started
363.5062 	DATA 	Keypress: lctrl
363.7653 	EXP 	Sound  started
364.2741 	DATA 	Keypress: lctrl
364.5153 	EXP 	Sound  started
365.0422 	DATA 	Keypress: lctrl
365.2653 	EXP 	Sound  started
365.8262 	DATA 	Keypress: lctrl
366.0153 	EXP 	Sound  started
366.4822 	DATA 	Keypress: lctrl
366.7653 	EXP 	Sound  started
367.3142 	DATA 	Keypress: lctrl
367.5154 	EXP 	Sound  started
368.0661 	DATA 	Keypress: rctrl
368.2654 	EXP 	Sound  started
368.8501 	DATA 	Keypress: rctrl
369.0154 	EXP 	Sound  started
369.6502 	DATA 	Keypress: rctrl
369.7654 	EXP 	Sound  started
370.3541 	DATA 	Keypress: rctrl
370.5154 	EXP 	Sound  started
371.0262 	DATA 	Keypress: rctrl
371.2654 	EXP 	Sound  started
371.7941 	DATA 	Keypress: rctrl
372.0155 	EXP 	Sound  started
372.6102 	DATA 	Keypress: rctrl
372.7655 	EXP 	Sound  started
373.2822 	DATA 	Keypress: rctrl
373.5155 	EXP 	Sound  started
374.1303 	DATA 	Keypress: rctrl
374.2655 	EXP 	Sound  started
374.8821 	DATA 	Keypress: rctrl
375.0155 	EXP 	Sound  started
375.6342 	DATA 	Keypress: rctrl
375.7655 	EXP 	Sound  started
376.4502 	DATA 	Keypress: rctrl
376.5156 	EXP 	Sound  started
377.2656 	EXP 	Sound  started
377.2982 	DATA 	Keypress: rctrl
377.9702 	DATA 	Keypress: rctrl
378.0156 	EXP 	Sound  started
378.6741 	DATA 	Keypress: lctrl
378.7656 	EXP 	Sound  started
379.5156 	EXP 	Sound  started
379.5222 	DATA 	Keypress: lctrl
380.2656 	EXP 	Sound  started
380.2742 	DATA 	Keypress: lctrl
380.9142 	DATA 	Keypress: lctrl
381.0156 	EXP 	Sound  started
381.6821 	DATA 	Keypress: lctrl
381.7656 	EXP 	Sound  started
382.3541 	DATA 	Keypress: lctrl
382.5156 	EXP 	Sound  started
383.1382 	DATA 	Keypress: lctrl
383.2657 	EXP 	Sound  started
383.8742 	DATA 	Keypress: lctrl
384.0157 	EXP 	Sound  started
384.6422 	DATA 	Keypress: lctrl
384.7657 	EXP 	Sound  started
385.3781 	DATA 	Keypress: lctrl
385.5157 	EXP 	Sound  started
386.1782 	DATA 	Keypress: lctrl
386.2657 	EXP 	Sound  started
386.9301 	DATA 	Keypress: rctrl
387.0157 	EXP 	Sound  started
387.6822 	DATA 	Keypress: rctrl
387.7657 	EXP 	Sound  started
388.4821 	DATA 	Keypress: rctrl
388.5158 	EXP 	Sound  started
389.2342 	DATA 	Keypress: rctrl
389.2658 	EXP 	Sound  started
389.8582 	DATA 	Keypress: rctrl
390.0158 	EXP 	Sound  started
390.5942 	DATA 	Keypress: rctrl
392.9333 	DATA 	Keypress: 3
392.9498 	EXP 	unnamed ShapeStim: vertices = <class 'numpy.ndarray'>
396.8698 	DATA 	Keypress: 3
396.8863 	EXP 	unnamed ShapeStim: vertices = <class 'numpy.ndarray'>
399.0220 	DATA 	Keypress: 2
399.0386 	EXP 	unnamed ShapeStim: vertices = <class 'numpy.ndarray'>
401.3237 	EXP 	Sound  started
401.5223 	DATA 	Keypress: rctrl
402.0181 	DATA 	Keypress: rctrl
402.0736 	EXP 	Sound  started
402.7222 	DATA 	Keypress: rctrl
402.8236 	EXP 	Sound  started
403.5062 	DATA 	Keypress: rctrl
403.5736 	EXP 	Sound  started
404.2261 	DATA 	Keypress: rctrl
404.3236 	EXP 	Sound  started
405.0262 	DATA 	Keypress: rctrl
405.0736 	EXP 	Sound  started
405.6022 	DATA 	Keypress: rctrl
405.8236 	EXP 	Sound  started
406.5302 	DATA 	Keypress: rctrl
406.5736 	EXP 	Sound  started
407.1062 	DATA 	Keypress: lctrl
407.3236 	EXP 	Sound  started
407.8261 	DATA 	Keypress: lctrl
408.0737 	EXP 	Sound  started
408.6422 	DATA 	Keypress: lctrl
408.8237 	EXP 	Sound  started
409.4581 	DATA 	Keypress: lctrl
409.5737 	EXP 	Sound  started
410.2101 	DATA 	Keypress: lctrl
410.3237 	EXP 	Sound  started
411.0102 	DATA 	Keypress: lctrl
411.0737 	EXP 	Sound  started
411.8101 	DATA 	Keypress: lctrl
411.8237 	EXP 	Sound  started
412.4501 	DATA 	Keypress: lctrl
412.5737 	EXP 	Sound  started
413.3142 	DATA 	Keypress: lctrl
413.3238 	EXP 	Sound  started
414.0738 	EXP 	Sound  started
414.0981 	DATA 	Keypress: lctrl
414.8182 	DATA 	Keypress: lctrl
414.8238 	EXP 	Sound  started
415.5381 	DATA 	Keypress: lctrl
415.5738 	EXP 	Sound  started
416.1462 	DATA 	Keypress: lctrl
416.3238 	EXP 	Sound  started
416.9141 	DATA 	Keypress: lctrl
417.0738 	EXP 	Sound  started
417.7302 	DATA 	Keypress: lctrl
417.8238 	EXP 	Sound  started
418.4502 	DATA 	Keypress: lctrl
418.5739 	EXP 	Sound  started
419.2342 	DATA 	Keypress: lctrl
419.3239 	EXP 	Sound  started
419.9701 	DATA 	Keypress: lctrl
420.0739 	EXP 	Sound  started
420.7701 	DATA 	Keypress: rctrl
420.8239 	EXP 	Sound  started
421.4421 	DATA 	Keypress: rctrl
421.5739 	EXP 	Sound  started
422.2902 	DATA 	Keypress: rctrl
422.3239 	EXP 	Sound  started
422.9461 	DATA 	Keypress: rctrl
423.0739 	EXP 	Sound  started
423.7461 	DATA 	Keypress: rctrl
423.8239 	EXP 	Sound  started
424.4981 	DATA 	Keypress: rctrl
424.5740 	EXP 	Sound  started
425.2342 	DATA 	Keypress: rctrl
425.3240 	EXP 	Sound  started
425.9381 	DATA 	Keypress: rctrl
426.0740 	EXP 	Sound  started
426.8021 	DATA 	Keypress: rctrl
426.8240 	EXP 	Sound  started
427.5381 	DATA 	Keypress: rctrl
427.5740 	EXP 	Sound  started
428.3240 	EXP 	Sound  started
428.4181 	DATA 	Keypress: rctrl
429.0741 	DATA 	Keypress: rctrl
429.0743 	EXP 	Sound  started
429.7621 	DATA 	Keypress: rctrl
429.8243 	EXP 	Sound  started
430.4661 	DATA 	Keypress: rctrl
430.5743 	EXP 	Sound  started
431.1861 	DATA 	Keypress: rctrl
431.3243 	EXP 	Sound  started
431.9381 	DATA 	Keypress: rctrl
432.0744 	EXP 	Sound  started
432.5781 	DATA 	Keypress: rctrl
432.8244 	EXP 	Sound  started
433.3781 	DATA 	Keypress: rctrl
433.5744 	EXP 	Sound  started
434.1302 	DATA 	Keypress: rctrl
434.3244 	EXP 	Sound  started
434.8981 	DATA 	Keypress: lctrl
435.0744 	EXP 	Sound  started
435.6981 	DATA 	Keypress: lctrl
435.8244 	EXP 	Sound  started
436.4182 	DATA 	Keypress: lctrl
436.5745 	EXP 	Sound  started
437.1702 	DATA 	Keypress: lctrl
437.3245 	EXP 	Sound  started
437.9862 	DATA 	Keypress: lctrl
438.0745 	EXP 	Sound  started
438.8182 	DATA 	Keypress: lctrl
438.8245 	EXP 	Sound  started
439.5541 	DATA 	Keypress: lctrl
439.5745 	EXP 	Sound  started
440.2582 	DATA 	Keypress: lctrl
440.3245 	EXP 	Sound  started
441.0745 	EXP 	Sound  started
441.1061 	DATA 	Keypress: lctrl
441.8101 	DATA 	Keypress: lctrl
441.8245 	EXP 	Sound  started
442.4821 	DATA 	Keypress: lctrl
442.5746 	EXP 	Sound  started
443.2501 	DATA 	Keypress: lctrl
443.3246 	EXP 	Sound  started
443.9541 	DATA 	Keypress: lctrl
444.0746 	EXP 	Sound  started
444.6421 	DATA 	Keypress: lctrl
444.8246 	EXP 	Sound  started
445.4262 	DATA 	Keypress: lctrl
445.5746 	EXP 	Sound  started
446.1782 	DATA 	Keypress: lctrl
446.3246 	EXP 	Sound  started
446.9302 	DATA 	Keypress: lctrl
447.0746 	EXP 	Sound  started
447.6341 	DATA 	Keypress: lctrl
447.8247 	EXP 	Sound  started
448.3541 	DATA 	Keypress: lctrl
448.5747 	EXP 	Sound  started
448.9621 	DATA 	Keypress: rctrl
449.3247 	EXP 	Sound  started
449.9061 	DATA 	Keypress: rctrl
450.0747 	EXP 	Sound  started
450.8247 	EXP 	Sound  started
451.3142 	DATA 	Keypress: rctrl
451.5747 	EXP 	Sound  started
451.9381 	DATA 	Keypress: rctrl
452.3247 	EXP 	Sound  started
452.7862 	DATA 	Keypress: rctrl
453.0747 	EXP 	Sound  started
453.5862 	DATA 	Keypress: rctrl
453.8248 	EXP 	Sound  started
454.5748 	EXP 	Sound  started
454.6422 	DATA 	Keypress: rctrl
455.3248 	EXP 	Sound  started
455.3461 	DATA 	Keypress: lctrl
455.9221 	DATA 	Keypress: lctrl
457.7530 	DATA 	Keypress: 3
457.7695 	EXP 	unnamed ShapeStim: vertices = <class 'numpy.ndarray'>
459.9261 	DATA 	Keypress: 3
459.9551 	EXP 	unnamed ShapeStim: vertices = <class 'numpy.ndarray'>
462.0069 	DATA 	Keypress: 2
462.0235 	EXP 	unnamed ShapeStim: vertices = <class 'numpy.ndarray'>
464.3083 	EXP 	Sound  started
464.4982 	DATA 	Keypress: rctrl
465.0101 	DATA 	Keypress: rctrl
465.0581 	EXP 	Sound  started
465.6181 	DATA 	Keypress: rctrl
465.8081 	EXP 	Sound  started
466.4181 	DATA 	Keypress: rctrl
466.5581 	EXP 	Sound  started
467.1381 	DATA 	Keypress: rctrl
467.3082 	EXP 	Sound  started
467.8422 	DATA 	Keypress: rctrl
468.0582 	EXP 	Sound  started
468.6102 	DATA 	Keypress: rctrl
468.8082 	EXP 	Sound  started
469.3782 	DATA 	Keypress: rctrl
469.5582 	EXP 	Sound  started
470.0822 	DATA 	Keypress: rctrl
470.3082 	EXP 	Sound  started
470.7862 	DATA 	Keypress: lctrl
471.0582 	EXP 	Sound  started
471.5540 	DATA 	Keypress: lctrl
471.8082 	EXP 	Sound  started
472.3701 	DATA 	Keypress: lctrl
472.5583 	EXP 	Sound  started
473.0902 	DATA 	Keypress: lctrl
473.3083 	EXP 	Sound  started
474.0502 	DATA 	Keypress: lctrl
474.0583 	EXP 	Sound  started
474.8021 	DATA 	Keypress: rctrl
474.8083 	EXP 	Sound  started
475.5062 	DATA 	Keypress: rctrl
475.5583 	EXP 	Sound  started
476.3083 	EXP 	Sound  started
476.3221 	DATA 	Keypress: rctrl
477.0260 	DATA 	Keypress: rctrl
477.0583 	EXP 	Sound  started
477.7141 	DATA 	Keypress: rctrl
477.8084 	EXP 	Sound  started
478.4981 	DATA 	Keypress: rctrl
478.5584 	EXP 	Sound  started
479.0742 	DATA 	Keypress: rctrl
479.3084 	EXP 	Sound  started
479.8903 	DATA 	Keypress: lctrl
480.0584 	EXP 	Sound  started
480.7221 	DATA 	Keypress: lctrl
480.8084 	EXP 	Sound  started
481.5584 	EXP 	Sound  started
481.6181 	DATA 	Keypress: lctrl
482.3084 	EXP 	Sound  started
482.3221 	DATA 	Keypress: lctrl
483.0585 	EXP 	Sound  started
483.1861 	DATA 	Keypress: lctrl
483.8085 	EXP 	Sound  started
483.8421 	DATA 	Keypress: lctrl
484.5460 	DATA 	Keypress: lctrl
484.5585 	EXP 	Sound  started
485.2501 	DATA 	Keypress: rctrl
485.3085 	EXP 	Sound  started
485.9860 	DATA 	Keypress: rctrl
486.0585 	EXP 	Sound  started
486.6900 	DATA 	Keypress: rctrl
486.8085 	EXP 	Sound  started
487.4741 	DATA 	Keypress: rctrl
487.5585 	EXP 	Sound  started
488.2421 	DATA 	Keypress: rctrl
488.3086 	EXP 	Sound  started
489.0586 	EXP 	Sound  started
489.0741 	DATA 	Keypress: rctrl
489.7781 	DATA 	Keypress: rctrl
489.8086 	EXP 	Sound  started
490.4981 	DATA 	Keypress: rctrl
490.5586 	EXP 	Sound  started
491.2341 	DATA 	Keypress: rctrl
491.3086 	EXP 	Sound  started
492.0501 	DATA 	Keypress: rctrl
492.0586 	EXP 	Sound  started
492.7540 	DATA 	Keypress: rctrl
492.8086 	EXP 	Sound  started
493.5061 	DATA 	Keypress: lctrl
493.5586 	EXP 	Sound  started
494.1941 	DATA 	Keypress: lctrl
494.3087 	EXP 	Sound  started
495.0100 	DATA 	Keypress: lctrl
495.0587 	EXP 	Sound  started
495.8087 	EXP 	Sound  started
495.8101 	DATA 	Keypress: lctrl
496.4822 	DATA 	Keypress: lctrl
496.5587 	EXP 	Sound  started
497.3087 	EXP 	Sound  started
497.4581 	DATA 	Keypress: lctrl
498.0501 	DATA 	Keypress: lctrl
498.0587 	EXP 	Sound  started
498.7541 	DATA 	Keypress: lctrl
498.8087 	EXP 	Sound  started
499.5061 	DATA 	Keypress: rctrl
499.5587 	EXP 	Sound  started
500.2420 	DATA 	Keypress: rctrl
500.3088 	EXP 	Sound  started
501.0261 	DATA 	Keypress: rctrl
501.0588 	EXP 	Sound  started
501.7140 	DATA 	Keypress: rctrl
501.8088 	EXP 	Sound  started
502.4341 	DATA 	Keypress: rctrl
502.5588 	EXP 	Sound  started
503.1701 	DATA 	Keypress: rctrl
503.3088 	EXP 	Sound  started
503.8420 	DATA 	Keypress: rctrl
504.0588 	EXP 	Sound  started
504.5461 	DATA 	Keypress: rctrl
504.8088 	EXP 	Sound  started
505.4100 	DATA 	Keypress: rctrl
505.5589 	EXP 	Sound  started
506.1622 	DATA 	Keypress: rctrl
506.3089 	EXP 	Sound  started
507.0589 	EXP 	Sound  started
507.0901 	DATA 	Keypress: rctrl
507.7460 	DATA 	Keypress: rctrl
507.8089 	EXP 	Sound  started
508.4341 	DATA 	Keypress: rctrl
508.5589 	EXP 	Sound  started
509.2340 	DATA 	Keypress: rctrl
509.3089 	EXP 	Sound  started
510.0589 	EXP 	Sound  started
510.0821 	DATA 	Keypress: rctrl
510.7541 	DATA 	Keypress: lctrl
510.8089 	EXP 	Sound  started
511.4901 	DATA 	Keypress: lctrl
511.5590 	EXP 	Sound  started
512.2420 	DATA 	Keypress: lctrl
512.3090 	EXP 	Sound  started
512.9781 	DATA 	Keypress: lctrl
516.6346 	DATA 	Keypress: 3
516.6511 	EXP 	unnamed ShapeStim: vertices = <class 'numpy.ndarray'>
520.7546 	DATA 	Keypress: 3
520.7711 	EXP 	unnamed ShapeStim: vertices = <class 'numpy.ndarray'>
522.9569 	DATA 	Keypress: 2
522.9734 	EXP 	unnamed ShapeStim: vertices = <class 'numpy.ndarray'>
525.2582 	EXP 	Sound  started
525.2591 	DATA 	Keypress: rctrl
525.7301 	DATA 	Keypress: rctrl
526.0081 	EXP 	Sound  started
526.4341 	DATA 	Keypress: rctrl
526.7581 	EXP 	Sound  started
527.2660 	DATA 	Keypress: rctrl
527.5081 	EXP 	Sound  started
528.0340 	DATA 	Keypress: rctrl
528.2581 	EXP 	Sound  started
528.8501 	DATA 	Keypress: rctrl
529.0081 	EXP 	Sound  started
529.6340 	DATA 	Keypress: rctrl
529.7581 	EXP 	Sound  started
530.3220 	DATA 	Keypress: lctrl
530.5081 	EXP 	Sound  started
531.0740 	DATA 	Keypress: lctrl
531.2581 	EXP 	Sound  started
531.7621 	DATA 	Keypress: lctrl
532.0082 	EXP 	Sound  started
532.6261 	DATA 	Keypress: lctrl
532.7582 	EXP 	Sound  started
533.4581 	DATA 	Keypress: lctrl
533.5082 	EXP 	Sound  started
534.1941 	DATA 	Keypress: lctrl
534.2582 	EXP 	Sound  started
534.9301 	DATA 	Keypress: rctrl
535.0082 	EXP 	Sound  started
535.6821 	DATA 	Keypress: rctrl
535.7582 	EXP 	Sound  started
536.4181 	DATA 	Keypress: rctrl
536.5082 	EXP 	Sound  started
537.1861 	DATA 	Keypress: rctrl
537.2583 	EXP 	Sound  started
537.9541 	DATA 	Keypress: rctrl
538.0083 	EXP 	Sound  started
538.7540 	DATA 	Keypress: rctrl
538.7583 	EXP 	Sound  started
539.5061 	DATA 	Keypress: rctrl
539.5083 	EXP 	Sound  started
540.1620 	DATA 	Keypress: lctrl
540.2583 	EXP 	Sound  started
540.9140 	DATA 	Keypress: lctrl
541.0083 	EXP 	Sound  started
541.6821 	DATA 	Keypress: lctrl
541.7583 	EXP 	Sound  started
542.4820 	DATA 	Keypress: lctrl
542.5084 	EXP 	Sound  started
543.1861 	DATA 	Keypress: lctrl
543.2584 	EXP 	Sound  started
543.9380 	DATA 	Keypress: lctrl
544.0084 	EXP 	Sound  started
544.7584 	EXP 	Sound  started
544.9140 	DATA 	Keypress: lctrl
545.4420 	DATA 	Keypress: lctrl
545.5084 	EXP 	Sound  started
546.0981 	DATA 	Keypress: lctrl
546.2584 	EXP 	Sound  started
546.9781 	DATA 	Keypress: rctrl
547.0084 	EXP 	Sound  started
547.7460 	DATA 	Keypress: rctrl
547.7584 	EXP 	Sound  started
548.4340 	DATA 	Keypress: rctrl
548.5085 	EXP 	Sound  started
549.2181 	DATA 	Keypress: rctrl
549.2585 	EXP 	Sound  started
549.9221 	DATA 	Keypress: lctrl
550.0085 	EXP 	Sound  started
550.6260 	DATA 	Keypress: lctrl
550.7585 	EXP 	Sound  started
551.3461 	DATA 	Keypress: lctrl
551.5085 	EXP 	Sound  started
552.1780 	DATA 	Keypress: lctrl
552.2585 	EXP 	Sound  started
552.9621 	DATA 	Keypress: rctrl
553.0086 	EXP 	Sound  started
553.6661 	DATA 	Keypress: rctrl
553.7586 	EXP 	Sound  started
554.3380 	DATA 	Keypress: rctrl
554.5086 	EXP 	Sound  started
555.1540 	DATA 	Keypress: rctrl
555.2586 	EXP 	Sound  started
555.8420 	DATA 	Keypress: lctrl
556.0086 	EXP 	Sound  started
556.6421 	DATA 	Keypress: lctrl
556.7586 	EXP 	Sound  started
557.3301 	DATA 	Keypress: lctrl
557.5086 	EXP 	Sound  started
558.2420 	DATA 	Keypress: lctrl
558.2586 	EXP 	Sound  started
558.9780 	DATA 	Keypress: rctrl
559.0087 	EXP 	Sound  started
559.7301 	DATA 	Keypress: rctrl
559.7587 	EXP 	Sound  started
560.4821 	DATA 	Keypress: rctrl
560.5087 	EXP 	Sound  started
561.2501 	DATA 	Keypress: rctrl
561.2587 	EXP 	Sound  started
562.0087 	EXP 	Sound  started
562.1300 	DATA 	Keypress: rctrl
562.7220 	DATA 	Keypress: lctrl
562.7587 	EXP 	Sound  started
563.4420 	DATA 	Keypress: lctrl
563.5087 	EXP 	Sound  started
564.2100 	DATA 	Keypress: lctrl
564.2588 	EXP 	Sound  started
564.9461 	DATA 	Keypress: lctrl
565.0088 	EXP 	Sound  started
565.7588 	EXP 	Sound  started
565.7621 	DATA 	Keypress: lctrl
566.5426 	DATA 	Keypress: lctrl
572.8679 	DATA 	Keypress: 4
572.8971 	EXP 	unnamed ShapeStim: vertices = <class 'numpy.ndarray'>
575.8330 	DATA 	Keypress: 2
575.8496 	EXP 	unnamed ShapeStim: vertices = <class 'numpy.ndarray'>
578.5354 	DATA 	Keypress: 2
578.5518 	EXP 	unnamed ShapeStim: vertices = <class 'numpy.ndarray'>
580.8360 	EXP 	Sound  started
581.0101 	DATA 	Keypress: rctrl
581.5381 	DATA 	Keypress: rctrl
581.5859 	EXP 	Sound  started
582.2260 	DATA 	Keypress: rctrl
582.3359 	EXP 	Sound  started
582.5460 	DATA 	Keypress: lctrl
583.0859 	EXP 	Sound  started
583.2500 	DATA 	Keypress: lctrl
583.8260 	DATA 	Keypress: lctrl
583.8359 	EXP 	Sound  started
584.4820 	DATA 	Keypress: lctrl
584.5859 	EXP 	Sound  started
585.1540 	DATA 	Keypress: lctrl
585.3359 	EXP 	Sound  started
585.9540 	DATA 	Keypress: lctrl
586.0859 	EXP 	Sound  started
586.7220 	DATA 	Keypress: lctrl
586.8360 	EXP 	Sound  started
587.5220 	DATA 	Keypress: rctrl
587.5860 	EXP 	Sound  started
588.2100 	DATA 	Keypress: lctrl
588.3360 	EXP 	Sound  started
589.0101 	DATA 	Keypress: rctrl
589.0860 	EXP 	Sound  started
589.7300 	DATA 	Keypress: lctrl
589.8360 	EXP 	Sound  started
590.4661 	DATA 	Keypress: lctrl
590.5861 	EXP 	Sound  started
591.2020 	DATA 	Keypress: lctrl
591.3360 	EXP 	Sound  started
591.9861 	DATA 	Keypress: lctrl
592.0861 	EXP 	Sound  started
592.6260 	DATA 	Keypress: lctrl
592.8361 	EXP 	Sound  started
593.3940 	DATA 	Keypress: lctrl
593.5861 	EXP 	Sound  started
594.2260 	DATA 	Keypress: lctrl
594.3361 	EXP 	Sound  started
594.9301 	DATA 	Keypress: lctrl
595.0861 	EXP 	Sound  started
595.6981 	DATA 	Keypress: lctrl
595.8361 	EXP 	Sound  started
596.5140 	DATA 	Keypress: rctrl
596.5862 	EXP 	Sound  started
597.2340 	DATA 	Keypress: rctrl
597.3362 	EXP 	Sound  started
597.9540 	DATA 	Keypress: rctrl
598.0862 	EXP 	Sound  started
598.7220 	DATA 	Keypress: rctrl
598.8362 	EXP 	Sound  started
599.4580 	DATA 	Keypress: rctrl
599.5863 	EXP 	Sound  started
600.2261 	DATA 	Keypress: rctrl
600.3363 	EXP 	Sound  started
600.9460 	DATA 	Keypress: rctrl
601.0863 	EXP 	Sound  started
601.7140 	DATA 	Keypress: rctrl
601.8363 	EXP 	Sound  started
602.5300 	DATA 	Keypress: rctrl
602.5863 	EXP 	Sound  started
603.1860 	DATA 	Keypress: rctrl
603.3363 	EXP 	Sound  started
603.8419 	DATA 	Keypress: lctrl
604.0863 	EXP 	Sound  started
604.6740 	DATA 	Keypress: lctrl
604.8363 	EXP 	Sound  started
605.3940 	DATA 	Keypress: lctrl
605.5864 	EXP 	Sound  started
606.1780 	DATA 	Keypress: lctrl
606.3364 	EXP 	Sound  started
606.9140 	DATA 	Keypress: lctrl
607.0864 	EXP 	Sound  started
607.6820 	DATA 	Keypress: rctrl
607.8364 	EXP 	Sound  started
608.4820 	DATA 	Keypress: lctrl
608.5864 	EXP 	Sound  started
609.1700 	DATA 	Keypress: rctrl
609.3364 	EXP 	Sound  started
609.9860 	DATA 	Keypress: rctrl
610.0864 	EXP 	Sound  started
610.7860 	DATA 	Keypress: rctrl
610.8365 	EXP 	Sound  started
611.4420 	DATA 	Keypress: rctrl
611.5865 	EXP 	Sound  started
612.1460 	DATA 	Keypress: rctrl
612.3365 	EXP 	Sound  started
612.8979 	DATA 	Keypress: rctrl
613.0865 	EXP 	Sound  started
613.6180 	DATA 	Keypress: rctrl
613.8365 	EXP 	Sound  started
614.3221 	DATA 	Keypress: rctrl
614.5865 	EXP 	Sound  started
615.1700 	DATA 	Keypress: rctrl
615.3365 	EXP 	Sound  started
615.9700 	DATA 	Keypress: rctrl
616.0866 	EXP 	Sound  started
616.7060 	DATA 	Keypress: rctrl
616.8366 	EXP 	Sound  started
617.4741 	DATA 	Keypress: lctrl
617.5866 	EXP 	Sound  started
618.1621 	DATA 	Keypress: lctrl
618.3366 	EXP 	Sound  started
618.9620 	DATA 	Keypress: lctrl
619.0866 	EXP 	Sound  started
619.7620 	DATA 	Keypress: lctrl
619.8366 	EXP 	Sound  started
620.5866 	EXP 	Sound  started
620.6579 	DATA 	Keypress: lctrl
621.3299 	DATA 	Keypress: lctrl
621.3367 	EXP 	Sound  started
622.0660 	DATA 	Keypress: lctrl
622.0867 	EXP 	Sound  started
622.8020 	DATA 	Keypress: lctrl
622.8367 	EXP 	Sound  started
623.5867 	EXP 	Sound  started
623.6020 	DATA 	Keypress: lctrl
624.3367 	EXP 	Sound  started
624.3540 	DATA 	Keypress: rctrl
625.0580 	DATA 	Keypress: rctrl
625.0867 	EXP 	Sound  started
625.6980 	DATA 	Keypress: rctrl
625.8367 	EXP 	Sound  started
626.5300 	DATA 	Keypress: rctrl
628.1471 	DATA 	Keypress: 4
628.1757 	EXP 	unnamed ShapeStim: vertices = <class 'numpy.ndarray'>
631.9957 	DATA 	Keypress: 3
632.0122 	EXP 	unnamed ShapeStim: vertices = <class 'numpy.ndarray'>
634.4519 	DATA 	Keypress: 1
634.4809 	EXP 	unnamed ShapeStim: vertices = <class 'numpy.ndarray'>
636.7669 	EXP 	Sound  started
636.9781 	DATA 	Keypress: rctrl
637.4579 	DATA 	Keypress: rctrl
637.5167 	EXP 	Sound  started
638.1619 	DATA 	Keypress: rctrl
638.2667 	EXP 	Sound  started
638.9140 	DATA 	Keypress: rctrl
639.0168 	EXP 	Sound  started
639.6179 	DATA 	Keypress: lctrl
639.7668 	EXP 	Sound  started
640.4499 	DATA 	Keypress: lctrl
640.5168 	EXP 	Sound  started
641.1700 	DATA 	Keypress: lctrl
641.2668 	EXP 	Sound  started
641.8899 	DATA 	Keypress: lctrl
642.0168 	EXP 	Sound  started
642.7220 	DATA 	Keypress: lctrl
642.7668 	EXP 	Sound  started
643.4580 	DATA 	Keypress: lctrl
643.5168 	EXP 	Sound  started
644.1939 	DATA 	Keypress: lctrl
644.2669 	EXP 	Sound  started
644.9620 	DATA 	Keypress: lctrl
645.0169 	EXP 	Sound  started
645.6820 	DATA 	Keypress: lctrl
645.7669 	EXP 	Sound  started
646.4659 	DATA 	Keypress: lctrl
646.5169 	EXP 	Sound  started
647.2339 	DATA 	Keypress: lctrl
647.2669 	EXP 	Sound  started
647.9860 	DATA 	Keypress: lctrl
648.0169 	EXP 	Sound  started
648.7669 	EXP 	Sound  started
648.8181 	DATA 	Keypress: lctrl
649.5060 	DATA 	Keypress: rctrl
649.5169 	EXP 	Sound  started
650.2259 	DATA 	Keypress: rctrl
650.2670 	EXP 	Sound  started
650.8980 	DATA 	Keypress: rctrl
651.0170 	EXP 	Sound  started
651.5539 	DATA 	Keypress: rctrl
651.7670 	EXP 	Sound  started
652.3539 	DATA 	Keypress: rctrl
652.5170 	EXP 	Sound  started
653.1061 	DATA 	Keypress: rctrl
653.2670 	EXP 	Sound  started
653.8260 	DATA 	Keypress: rctrl
654.0170 	EXP 	Sound  started
654.5941 	DATA 	Keypress: rctrl
654.7670 	EXP 	Sound  started
655.4259 	DATA 	Keypress: rctrl
655.5171 	EXP 	Sound  started
656.1620 	DATA 	Keypress: rctrl
656.2671 	EXP 	Sound  started
656.9620 	DATA 	Keypress: rctrl
657.0171 	EXP 	Sound  started
657.6660 	DATA 	Keypress: rctrl
657.7671 	EXP 	Sound  started
658.3220 	DATA 	Keypress: lctrl
658.5171 	EXP 	Sound  started
659.1860 	DATA 	Keypress: lctrl
659.2671 	EXP 	Sound  started
659.8899 	DATA 	Keypress: lctrl
660.0171 	EXP 	Sound  started
660.6100 	DATA 	Keypress: lctrl
660.7672 	EXP 	Sound  started
661.3140 	DATA 	Keypress: lctrl
661.5172 	EXP 	Sound  started
662.1140 	DATA 	Keypress: lctrl
662.2672 	EXP 	Sound  started
662.7540 	DATA 	Keypress: lctrl
663.0172 	EXP 	Sound  started
663.5539 	DATA 	Keypress: lctrl
663.7672 	EXP 	Sound  started
664.2900 	DATA 	Keypress: lctrl
664.5172 	EXP 	Sound  started
665.1699 	DATA 	Keypress: rctrl
665.2672 	EXP 	Sound  started
665.9380 	DATA 	Keypress: rctrl
666.0173 	EXP 	Sound  started
666.6740 	DATA 	Keypress: rctrl
666.7673 	EXP 	Sound  started
667.3939 	DATA 	Keypress: rctrl
667.5173 	EXP 	Sound  started
668.0339 	DATA 	Keypress: rctrl
668.2673 	EXP 	Sound  started
668.7699 	DATA 	Keypress: rctrl
669.0173 	EXP 	Sound  started
669.6019 	DATA 	Keypress: lctrl
669.7673 	EXP 	Sound  started
670.3380 	DATA 	Keypress: lctrl
670.5173 	EXP 	Sound  started
670.9939 	DATA 	Keypress: lctrl
671.2673 	EXP 	Sound  started
671.8742 	DATA 	Keypress: lctrl
672.0174 	EXP 	Sound  started
672.7060 	DATA 	Keypress: lctrl
672.7674 	EXP 	Sound  started
673.4900 	DATA 	Keypress: lctrl
673.5174 	EXP 	Sound  started
674.1620 	DATA 	Keypress: rctrl
674.2674 	EXP 	Sound  started
675.0174 	EXP 	Sound  started
675.0739 	DATA 	Keypress: rctrl
675.7620 	DATA 	Keypress: rctrl
675.7674 	EXP 	Sound  started
676.5175 	EXP 	Sound  started
676.5460 	DATA 	Keypress: rctrl
677.2659 	DATA 	Keypress: rctrl
677.2675 	EXP 	Sound  started
677.9699 	DATA 	Keypress: rctrl
678.0175 	EXP 	Sound  started
678.7220 	DATA 	Keypress: rctrl
678.7675 	EXP 	Sound  started
679.4420 	DATA 	Keypress: rctrl
679.5175 	EXP 	Sound  started
679.9860 	DATA 	Keypress: lctrl
680.2675 	EXP 	Sound  started
680.8020 	DATA 	Keypress: lctrl
681.0175 	EXP 	Sound  started
681.6180 	DATA 	Keypress: lctrl
681.7675 	EXP 	Sound  started
682.3699 	DATA 	Keypress: lctrl
682.5175 	EXP 	Sound  started
683.1699 	DATA 	Keypress: lctrl
683.2676 	EXP 	Sound  started
683.8580 	DATA 	Keypress: lctrl
684.0176 	EXP 	Sound  started
684.6420 	DATA 	Keypress: lctrl
684.7676 	EXP 	Sound  started
685.3139 	DATA 	Keypress: lctrl
685.5176 	EXP 	Sound  started
686.1459 	DATA 	Keypress: lctrl
686.2676 	EXP 	Sound  started
686.7859 	DATA 	Keypress: lctrl
687.0176 	EXP 	Sound  started
687.5540 	DATA 	Keypress: lctrl
687.7677 	EXP 	Sound  started
688.2899 	DATA 	Keypress: lctrl
688.5177 	EXP 	Sound  started
689.1699 	DATA 	Keypress: lctrl
689.2677 	EXP 	Sound  started
689.8900 	DATA 	Keypress: lctrl
690.0177 	EXP 	Sound  started
690.7220 	DATA 	Keypress: lctrl
690.7677 	EXP 	Sound  started
691.4099 	DATA 	Keypress: lctrl
691.5177 	EXP 	Sound  started
692.1779 	DATA 	Keypress: lctrl
692.2677 	EXP 	Sound  started
692.8660 	DATA 	Keypress: rctrl
693.0178 	EXP 	Sound  started
693.6500 	DATA 	Keypress: rctrl
693.7678 	EXP 	Sound  started
694.4019 	DATA 	Keypress: rctrl
694.5178 	EXP 	Sound  started
695.0579 	DATA 	Keypress: rctrl
695.2678 	EXP 	Sound  started
695.8259 	DATA 	Keypress: rctrl
696.0178 	EXP 	Sound  started
696.6580 	DATA 	Keypress: rctrl
696.7678 	EXP 	Sound  started
697.4099 	DATA 	Keypress: rctrl
697.5178 	EXP 	Sound  started
698.0979 	DATA 	Keypress: rctrl
698.2678 	EXP 	Sound  started
698.9459 	DATA 	Keypress: rctrl
699.0179 	EXP 	Sound  started
699.6499 	DATA 	Keypress: rctrl
699.7679 	EXP 	Sound  started
700.4659 	DATA 	Keypress: rctrl
700.5179 	EXP 	Sound  started
701.2019 	DATA 	Keypress: lctrl
701.2679 	EXP 	Sound  started
702.0019 	DATA 	Keypress: lctrl
702.0179 	EXP 	Sound  started
702.6899 	DATA 	Keypress: lctrl
706.0730 	DATA 	Keypress: 2
706.0896 	EXP 	unnamed ShapeStim: vertices = <class 'numpy.ndarray'>
709.4925 	DATA 	Keypress: 3
709.5090 	EXP 	unnamed ShapeStim: vertices = <class 'numpy.ndarray'>
711.3481 	DATA 	Keypress: 1
711.3772 	EXP 	unnamed ShapeStim: vertices = <class 'numpy.ndarray'>
713.6625 	EXP 	Sound  started
713.6630 	DATA 	Keypress: rctrl
714.2580 	DATA 	Keypress: rctrl
714.4124 	EXP 	Sound  started
715.0099 	DATA 	Keypress: rctrl
715.1624 	EXP 	Sound  started
715.7139 	DATA 	Keypress: lctrl
715.9125 	EXP 	Sound  started
716.4659 	DATA 	Keypress: lctrl
716.6625 	EXP 	Sound  started
717.2339 	DATA 	Keypress: lctrl
717.4125 	EXP 	Sound  started
718.0339 	DATA 	Keypress: lctrl
718.1625 	EXP 	Sound  started
718.6899 	DATA 	Keypress: lctrl
718.9125 	EXP 	Sound  started
719.4739 	DATA 	Keypress: lctrl
719.6625 	EXP 	Sound  started
720.3059 	DATA 	Keypress: lctrl
720.4125 	EXP 	Sound  started
720.9779 	DATA 	Keypress: lctrl
721.1626 	EXP 	Sound  started
721.7619 	DATA 	Keypress: lctrl
721.9126 	EXP 	Sound  started
722.5939 	DATA 	Keypress: lctrl
722.6626 	EXP 	Sound  started
723.2499 	DATA 	Keypress: rctrl
723.4126 	EXP 	Sound  started
723.9539 	DATA 	Keypress: rctrl
724.1626 	EXP 	Sound  started
724.7380 	DATA 	Keypress: rctrl
724.9126 	EXP 	Sound  started
725.4739 	DATA 	Keypress: rctrl
725.6626 	EXP 	Sound  started
726.1939 	DATA 	Keypress: rctrl
726.4127 	EXP 	Sound  started
726.9299 	DATA 	Keypress: rctrl
727.1627 	EXP 	Sound  started
727.7459 	DATA 	Keypress: rctrl
727.9127 	EXP 	Sound  started
728.4979 	DATA 	Keypress: rctrl
728.6627 	EXP 	Sound  started
729.2979 	DATA 	Keypress: rctrl
729.4127 	EXP 	Sound  started
730.0019 	DATA 	Keypress: rctrl
730.1627 	EXP 	Sound  started
730.7699 	DATA 	Keypress: rctrl
730.9127 	EXP 	Sound  started
731.5379 	DATA 	Keypress: rctrl
731.6628 	EXP 	Sound  started
732.3059 	DATA 	Keypress: rctrl
732.4128 	EXP 	Sound  started
733.0419 	DATA 	Keypress: rctrl
733.1628 	EXP 	Sound  started
733.8260 	DATA 	Keypress: lctrl
733.9128 	EXP 	Sound  started
734.5460 	DATA 	Keypress: lctrl
734.6628 	EXP 	Sound  started
735.4128 	EXP 	Sound  started
735.5540 	DATA 	Keypress: lctrl
736.0979 	DATA 	Keypress: lctrl
736.1628 	EXP 	Sound  started
736.7540 	DATA 	Keypress: lctrl
736.9129 	EXP 	Sound  started
737.4420 	DATA 	Keypress: lctrl
737.6629 	EXP 	Sound  started
738.2580 	DATA 	Keypress: lctrl
738.4129 	EXP 	Sound  started
739.0580 	DATA 	Keypress: lctrl
739.1629 	EXP 	Sound  started
739.8579 	DATA 	Keypress: rctrl
739.9129 	EXP 	Sound  started
740.5460 	DATA 	Keypress: rctrl
740.6629 	EXP 	Sound  started
741.3939 	DATA 	Keypress: rctrl
741.4129 	EXP 	Sound  started
742.0499 	DATA 	Keypress: rctrl
742.1630 	EXP 	Sound  started
742.7539 	DATA 	Keypress: rctrl
742.9130 	EXP 	Sound  started
743.5219 	DATA 	Keypress: lctrl
743.6630 	EXP 	Sound  started
744.2740 	DATA 	Keypress: lctrl
744.4130 	EXP 	Sound  started
745.1219 	DATA 	Keypress: rctrl
745.1630 	EXP 	Sound  started
745.7939 	DATA 	Keypress: lctrl
745.9130 	EXP 	Sound  started
746.5619 	DATA 	Keypress: lctrl
746.6630 	EXP 	Sound  started
747.3139 	DATA 	Keypress: lctrl
747.4131 	EXP 	Sound  started
748.0659 	DATA 	Keypress: lctrl
748.1631 	EXP 	Sound  started
748.8499 	DATA 	Keypress: lctrl
748.9131 	EXP 	Sound  started
749.5379 	DATA 	Keypress: lctrl
749.6631 	EXP 	Sound  started
750.2901 	DATA 	Keypress: lctrl
750.4131 	EXP 	Sound  started
751.1219 	DATA 	Keypress: lctrl
751.1631 	EXP 	Sound  started
751.8739 	DATA 	Keypress: lctrl
751.9131 	EXP 	Sound  started
752.6579 	DATA 	Keypress: lctrl
752.6632 	EXP 	Sound  started
753.3940 	DATA 	Keypress: lctrl
753.4132 	EXP 	Sound  started
754.1632 	EXP 	Sound  started
754.2100 	DATA 	Keypress: lctrl
754.9132 	EXP 	Sound  started
755.0099 	DATA 	Keypress: lctrl
755.6499 	DATA 	Keypress: lctrl
755.6632 	EXP 	Sound  started
756.3858 	DATA 	Keypress: lctrl
756.4132 	EXP 	Sound  started
757.0419 	DATA 	Keypress: rctrl
757.1632 	EXP 	Sound  started
757.9132 	EXP 	Sound  started
757.9379 	DATA 	Keypress: rctrl
758.6633 	EXP 	Sound  started
758.7378 	DATA 	Keypress: rctrl
759.3939 	DATA 	Keypress: lctrl
759.4133 	EXP 	Sound  started
760.0179 	DATA 	Keypress: lctrl
760.1633 	EXP 	Sound  started
760.8659 	DATA 	Keypress: lctrl
760.9133 	EXP 	Sound  started
761.5218 	DATA 	Keypress: lctrl
761.6633 	EXP 	Sound  started
762.2579 	DATA 	Keypress: lctrl
762.4133 	EXP 	Sound  started
763.0419 	DATA 	Keypress: lctrl
763.1633 	EXP 	Sound  started
763.7619 	DATA 	Keypress: lctrl
763.9134 	EXP 	Sound  started
764.5618 	DATA 	Keypress: lctrl
764.6634 	EXP 	Sound  started
765.5094 	DATA 	Keypress: lctrl
770.3757 	DATA 	Keypress: 3
770.3922 	EXP 	unnamed ShapeStim: vertices = <class 'numpy.ndarray'>
772.6275 	DATA 	Keypress: 3
772.6441 	EXP 	unnamed ShapeStim: vertices = <class 'numpy.ndarray'>
775.6674 	DATA 	Keypress: 1
775.6966 	EXP 	unnamed ShapeStim: vertices = <class 'numpy.ndarray'>
777.9812 	EXP 	Sound  started
778.0980 	DATA 	Keypress: rctrl
778.7219 	DATA 	Keypress: rctrl
778.7310 	EXP 	Sound  started
779.4579 	DATA 	Keypress: rctrl
779.4810 	EXP 	Sound  started
780.1619 	DATA 	Keypress: rctrl
780.2310 	EXP 	Sound  started
780.8498 	DATA 	Keypress: lctrl
780.9810 	EXP 	Sound  started
781.5219 	DATA 	Keypress: lctrl
781.7311 	EXP 	Sound  started
782.2738 	DATA 	Keypress: lctrl
782.4811 	EXP 	Sound  started
783.0418 	DATA 	Keypress: lctrl
783.2311 	EXP 	Sound  started
783.8418 	DATA 	Keypress: lctrl
783.9811 	EXP 	Sound  started
784.5459 	DATA 	Keypress: lctrl
784.7311 	EXP 	Sound  started
785.3459 	DATA 	Keypress: lctrl
785.4811 	EXP 	Sound  started
786.0499 	DATA 	Keypress: lctrl
786.2311 	EXP 	Sound  started
786.9139 	DATA 	Keypress: lctrl
786.9811 	EXP 	Sound  started
787.6179 	DATA 	Keypress: rctrl
787.7312 	EXP 	Sound  started
788.4018 	DATA 	Keypress: rctrl
788.4812 	EXP 	Sound  started
789.2179 	DATA 	Keypress: rctrl
789.2312 	EXP 	Sound  started
789.7939 	DATA 	Keypress: rctrl
789.9812 	EXP 	Sound  started
790.7218 	DATA 	Keypress: rctrl
790.7312 	EXP 	Sound  started
791.4578 	DATA 	Keypress: rctrl
791.4812 	EXP 	Sound  started
792.1619 	DATA 	Keypress: rctrl
792.2312 	EXP 	Sound  started
792.8339 	DATA 	Keypress: rctrl
792.9813 	EXP 	Sound  started
793.6499 	DATA 	Keypress: rctrl
793.7313 	EXP 	Sound  started
794.4658 	DATA 	Keypress: rctrl
794.4813 	EXP 	Sound  started
795.1539 	DATA 	Keypress: rctrl
795.2313 	EXP 	Sound  started
795.8898 	DATA 	Keypress: rctrl
795.9813 	EXP 	Sound  started
796.7060 	DATA 	Keypress: rctrl
796.7314 	EXP 	Sound  started
797.4259 	DATA 	Keypress: rctrl
797.4814 	EXP 	Sound  started
798.1619 	DATA 	Keypress: lctrl
798.2314 	EXP 	Sound  started
798.8819 	DATA 	Keypress: lctrl
798.9814 	EXP 	Sound  started
799.5858 	DATA 	Keypress: lctrl
799.7314 	EXP 	Sound  started
800.4019 	DATA 	Keypress: lctrl
800.4814 	EXP 	Sound  started
801.1698 	DATA 	Keypress: lctrl
801.2314 	EXP 	Sound  started
801.8899 	DATA 	Keypress: rctrl
801.9814 	EXP 	Sound  started
802.6578 	DATA 	Keypress: rctrl
802.7314 	EXP 	Sound  started
803.4418 	DATA 	Keypress: rctrl
803.4815 	EXP 	Sound  started
804.1778 	DATA 	Keypress: rctrl
804.2315 	EXP 	Sound  started
804.9778 	DATA 	Keypress: lctrl
804.9815 	EXP 	Sound  started
805.7138 	DATA 	Keypress: rctrl
805.7315 	EXP 	Sound  started
806.3858 	DATA 	Keypress: lctrl
806.4815 	EXP 	Sound  started
807.0738 	DATA 	Keypress: rctrl
807.2315 	EXP 	Sound  started
807.8738 	DATA 	Keypress: rctrl
807.9816 	EXP 	Sound  started
808.6259 	DATA 	Keypress: rctrl
808.7316 	EXP 	Sound  started
809.3939 	DATA 	Keypress: lctrl
809.4816 	EXP 	Sound  started
810.0979 	DATA 	Keypress: lctrl
810.2316 	EXP 	Sound  started
810.7539 	DATA 	Keypress: lctrl
810.9816 	EXP 	Sound  started
811.6978 	DATA 	Keypress: rctrl
811.7316 	EXP 	Sound  started
812.4658 	DATA 	Keypress: rctrl
812.4816 	EXP 	Sound  started
813.2178 	DATA 	Keypress: lctrl
813.2317 	EXP 	Sound  started
813.9817 	EXP 	Sound  started
814.0499 	DATA 	Keypress: rctrl
814.7317 	EXP 	Sound  started
814.7378 	DATA 	Keypress: lctrl
815.4579 	DATA 	Keypress: lctrl
815.4817 	EXP 	Sound  started
816.1618 	DATA 	Keypress: lctrl
816.2317 	EXP 	Sound  started
816.9299 	DATA 	Keypress: lctrl
816.9817 	EXP 	Sound  started
817.6339 	DATA 	Keypress: lctrl
817.7317 	EXP 	Sound  started
818.4499 	DATA 	Keypress: lctrl
818.4818 	EXP 	Sound  started
819.0578 	DATA 	Keypress: lctrl
819.2318 	EXP 	Sound  started
819.6978 	DATA 	Keypress: lctrl
819.9818 	EXP 	Sound  started
820.6258 	DATA 	Keypress: rctrl
820.7318 	EXP 	Sound  started
821.4098 	DATA 	Keypress: rctrl
821.4818 	EXP 	Sound  started
822.1458 	DATA 	Keypress: rctrl
822.2318 	EXP 	Sound  started
822.8818 	DATA 	Keypress: rctrl
822.9819 	EXP 	Sound  started
823.5699 	DATA 	Keypress: rctrl
823.7319 	EXP 	Sound  started
824.3698 	DATA 	Keypress: rctrl
824.4819 	EXP 	Sound  started
825.1379 	DATA 	Keypress: rctrl
825.2319 	EXP 	Sound  started
825.9819 	EXP 	Sound  started
826.0338 	DATA 	Keypress: rctrl
826.7319 	EXP 	Sound  started
826.7858 	DATA 	Keypress: rctrl
827.4739 	DATA 	Keypress: rctrl
827.4819 	EXP 	Sound  started
828.2319 	EXP 	Sound  started
828.2419 	DATA 	Keypress: rctrl
828.9459 	DATA 	Keypress: lctrl
828.9820 	EXP 	Sound  started
829.6498 	DATA 	Keypress: lctrl
829.7320 	EXP 	Sound  started
830.4820 	EXP 	Sound  started
830.5138 	DATA 	Keypress: lctrl
831.2320 	EXP 	Sound  started
831.2979 	DATA 	Keypress: lctrl
831.9219 	DATA 	Keypress: lctrl
831.9820 	EXP 	Sound  started
832.6259 	DATA 	Keypress: rctrl
832.7320 	EXP 	Sound  started
833.4821 	EXP 	Sound  started
833.5219 	DATA 	Keypress: rctrl
834.2099 	DATA 	Keypress: lctrl
834.2321 	EXP 	Sound  started
834.9779 	DATA 	Keypress: rctrl
834.9821 	EXP 	Sound  started
835.6018 	DATA 	Keypress: lctrl
838.9986 	DATA 	Keypress: 2
839.0151 	EXP 	unnamed ShapeStim: vertices = <class 'numpy.ndarray'>
841.7508 	DATA 	Keypress: 3
841.7673 	EXP 	unnamed ShapeStim: vertices = <class 'numpy.ndarray'>
843.7363 	DATA 	Keypress: 1
843.7528 	EXP 	unnamed ShapeStim: vertices = <class 'numpy.ndarray'>
846.0373 	EXP 	Sound  started
846.1459 	DATA 	Keypress: rctrl
846.7379 	DATA 	Keypress: rctrl
846.7872 	EXP 	Sound  started
847.4738 	DATA 	Keypress: rctrl
847.5372 	EXP 	Sound  started
848.2098 	DATA 	Keypress: rctrl
848.2872 	EXP 	Sound  started
848.8819 	DATA 	Keypress: rctrl
849.0372 	EXP 	Sound  started
849.6659 	DATA 	Keypress: rctrl
849.7872 	EXP 	Sound  started
850.4018 	DATA 	Keypress: rctrl
850.5372 	EXP 	Sound  started
851.1539 	DATA 	Keypress: lctrl
851.2873 	EXP 	Sound  started
851.8098 	DATA 	Keypress: lctrl
852.0373 	EXP 	Sound  started
852.6419 	DATA 	Keypress: lctrl
852.7873 	EXP 	Sound  started
853.4099 	DATA 	Keypress: lctrl
853.5373 	EXP 	Sound  started
854.1779 	DATA 	Keypress: lctrl
854.2873 	EXP 	Sound  started
854.9458 	DATA 	Keypress: lctrl
855.0373 	EXP 	Sound  started
855.6338 	DATA 	Keypress: lctrl
855.7873 	EXP 	Sound  started
856.4979 	DATA 	Keypress: lctrl
856.5374 	EXP 	Sound  started
857.2179 	DATA 	Keypress: lctrl
857.2874 	EXP 	Sound  started
857.9378 	DATA 	Keypress: rctrl
858.0374 	EXP 	Sound  started
858.6899 	DATA 	Keypress: rctrl
858.7874 	EXP 	Sound  started
859.4738 	DATA 	Keypress: rctrl
859.5374 	EXP 	Sound  started
860.2418 	DATA 	Keypress: rctrl
860.2874 	EXP 	Sound  started
860.9138 	DATA 	Keypress: rctrl
861.0374 	EXP 	Sound  started
861.7139 	DATA 	Keypress: rctrl
861.7875 	EXP 	Sound  started
862.4339 	DATA 	Keypress: rctrl
862.5375 	EXP 	Sound  started
863.1539 	DATA 	Keypress: rctrl
863.2875 	EXP 	Sound  started
863.9058 	DATA 	Keypress: rctrl
864.0375 	EXP 	Sound  started
864.5938 	DATA 	Keypress: rctrl
864.7875 	EXP 	Sound  started
865.2818 	DATA 	Keypress: rctrl
865.5375 	EXP 	Sound  started
866.1618 	DATA 	Keypress: rctrl
866.2875 	EXP 	Sound  started
866.8499 	DATA 	Keypress: rctrl
867.0375 	EXP 	Sound  started
867.5858 	DATA 	Keypress: rctrl
867.7876 	EXP 	Sound  started
868.3698 	DATA 	Keypress: rctrl
868.5376 	EXP 	Sound  started
869.2876 	EXP 	Sound  started
869.9698 	DATA 	Keypress: lctrl
870.0376 	EXP 	Sound  started
870.6097 	DATA 	Keypress: lctrl
870.7876 	EXP 	Sound  started
871.5376 	EXP 	Sound  started
871.5379 	DATA 	Keypress: lctrl
872.2098 	DATA 	Keypress: lctrl
872.2876 	EXP 	Sound  started
872.8658 	DATA 	Keypress: lctrl
873.0377 	EXP 	Sound  started
873.6498 	DATA 	Keypress: lctrl
873.7877 	EXP 	Sound  started
874.4019 	DATA 	Keypress: lctrl
874.5377 	EXP 	Sound  started
875.1698 	DATA 	Keypress: lctrl
875.2877 	EXP 	Sound  started
875.9218 	DATA 	Keypress: rctrl
876.0377 	EXP 	Sound  started
876.7858 	DATA 	Keypress: rctrl
876.7877 	EXP 	Sound  started
877.5058 	DATA 	Keypress: rctrl
877.5377 	EXP 	Sound  started
878.2738 	DATA 	Keypress: rctrl
878.2878 	EXP 	Sound  started
878.8499 	DATA 	Keypress: rctrl
879.0378 	EXP 	Sound  started
879.6978 	DATA 	Keypress: rctrl
879.7878 	EXP 	Sound  started
880.4178 	DATA 	Keypress: rctrl
880.5378 	EXP 	Sound  started
881.1219 	DATA 	Keypress: rctrl
881.2878 	EXP 	Sound  started
881.8098 	DATA 	Keypress: rctrl
882.0378 	EXP 	Sound  started
882.6739 	DATA 	Keypress: rctrl
882.7879 	EXP 	Sound  started
883.4419 	DATA 	Keypress: rctrl
883.5379 	EXP 	Sound  started
884.1299 	DATA 	Keypress: rctrl
884.2879 	EXP 	Sound  started
885.0379 	EXP 	Sound  started
885.1218 	DATA 	Keypress: rctrl
885.7618 	DATA 	Keypress: rctrl
885.7879 	EXP 	Sound  started
886.5138 	DATA 	Keypress: rctrl
886.5379 	EXP 	Sound  started
887.2498 	DATA 	Keypress: lctrl
887.2879 	EXP 	Sound  started
888.0178 	DATA 	Keypress: lctrl
888.0380 	EXP 	Sound  started
888.6898 	DATA 	Keypress: lctrl
888.7880 	EXP 	Sound  started
889.5377 	DATA 	Keypress: lctrl
889.5380 	EXP 	Sound  started
890.1939 	DATA 	Keypress: lctrl
890.2880 	EXP 	Sound  started
890.9137 	DATA 	Keypress: lctrl
891.0380 	EXP 	Sound  started
891.6818 	DATA 	Keypress: lctrl
891.7880 	EXP 	Sound  started
892.4498 	DATA 	Keypress: lctrl
892.5381 	EXP 	Sound  started
893.2881 	EXP 	Sound  started
893.3298 	DATA 	Keypress: lctrl
894.0338 	DATA 	Keypress: lctrl
894.0381 	EXP 	Sound  started
894.7881 	EXP 	Sound  started
894.8499 	DATA 	Keypress: rctrl
895.4898 	DATA 	Keypress: rctrl
895.5381 	EXP 	Sound  started
896.2881 	EXP 	Sound  started
896.2899 	DATA 	Keypress: rctrl
897.0098 	DATA 	Keypress: rctrl
897.0381 	EXP 	Sound  started
897.6658 	DATA 	Keypress: rctrl
897.7882 	EXP 	Sound  started
898.5382 	EXP 	Sound  started
898.6578 	DATA 	Keypress: rctrl
899.2017 	DATA 	Keypress: rctrl
899.2882 	EXP 	Sound  started
900.0382 	EXP 	Sound  started
900.0978 	DATA 	Keypress: rctrl
900.7882 	EXP 	Sound  started
900.8018 	DATA 	Keypress: rctrl
901.5057 	DATA 	Keypress: rctrl
901.5382 	EXP 	Sound  started
902.2257 	DATA 	Keypress: lctrl
902.2882 	EXP 	Sound  started
902.9298 	DATA 	Keypress: lctrl
903.0383 	EXP 	Sound  started
903.7883 	EXP 	Sound  started
903.8898 	DATA 	Keypress: lctrl
904.5383 	EXP 	Sound  started
904.5458 	DATA 	Keypress: lctrl
905.2658 	DATA 	Keypress: lctrl
907.4419 	DATA 	Keypress: 2
907.4711 	EXP 	unnamed ShapeStim: vertices = <class 'numpy.ndarray'>
909.8276 	DATA 	Keypress: 3
909.8569 	EXP 	unnamed ShapeStim: vertices = <class 'numpy.ndarray'>
911.7086 	DATA 	Keypress: 1
911.7251 	EXP 	unnamed ShapeStim: vertices = <class 'numpy.ndarray'>
916.0273 	DATA 	Keypress: rctrl
929.5218 	DATA 	Keypress: return
929.5962 	EXP 	window1: mouseVisible = True
