295.5763 	WARNING 	User requested fullscreen with size [1024  768], but screen is actually [1920, 1200]. Using actual size
296.4003 	EXP 	Created window1 = Window(allowGUI=False, allowStencil=False, autoLog=True, backendConf=UNKNOWN, bitsMode=UNKNOWN, blendMode='avg', bpc=(8, 8, 8), color=array([0, 0, 0]), colorSpace='rgb', depthBits=8, fullscr=<method-wrapper '__getattribute__' of attributeSetter object at 0x0000018B88457780>, gamma=None, gammaErrorPolicy='raise', lms=UNKNOWN, monitor=<psychopy.monitors.calibTools.Monitor object at 0x0000018B89E14080>, multiSample=False, name='window1', numSamples=2, pos=[0.0, 0.0], screen=0, size=array([1920, 1200]), stencilBits=0, stereo=False, units='norm', useFBO=True, useRetina=False, viewOri=0.0, viewPos=None, viewScale=None, waitBlanking=True, winType='pyglet')
296.4007 	EXP 	window1: mouseVisible = True
296.4007 	EXP 	window1: mouseVisible = False
296.4007 	EXP 	window1: recordFrameIntervals = False
296.5668 	EXP 	window1: recordFrameIntervals = True
296.7504 	EXP 	window1: recordFrameIntervals = False
296.8079 	EXP 	Created text = TextStim(__class__=<class 'psychopy.visual.text.TextStim'>, alignHoriz=method-wrapper(...), alignText='center', alignVert=method-wrapper(...), anchorHoriz='center', anchorVert='center', antialias=True, autoLog=True, bold=False, color=array([1., 1., 1.]), colorSpace='rgb', contrast=1.0, depth=0.0, flipHoriz=False, flipVert=False, font='Arial', fontFiles=[], height=0.15, italic=False, languageStyle='LTR', name='text', opacity=1, ori=0, pos=array([0., 0.]), rgb=UNKNOWN, text='+', units='norm', win=Window(...), wrapWidth=1)
296.8295 	EXP 	Created text = TextStim(__class__=<class 'psychopy.visual.text.TextStim'>, alignHoriz=method-wrapper(...), alignText='center', alignVert=method-wrapper(...), anchorHoriz='center', anchorVert='center', antialias=True, autoLog=True, bold=False, color=array([1., 1., 1.]), colorSpace='rgb', contrast=1.0, depth=0.0, flipHoriz=False, flipVert=False, font='Arial', fontFiles=[], height=0.07, italic=False, languageStyle='LTR', name='text', opacity=1, ori=0, pos=array([0., 0.]), rgb=UNKNOWN, text=str(...), units='norm', win=Window(...), wrapWidth=1.65)
296.8390 	EXP 	Created text = TextStim(__class__=<class 'psychopy.visual.text.TextStim'>, alignHoriz=method-wrapper(...), alignText='center', alignVert=method-wrapper(...), anchorHoriz='center', anchorVert='center', antialias=True, autoLog=True, bold=False, color=array([1., 1., 1.]), colorSpace='rgb', contrast=1.0, depth=0.0, flipHoriz=False, flipVert=False, font='Arial', fontFiles=[], height=0.07, italic=False, languageStyle='LTR', name='text', opacity=1, ori=0, pos=array([0., 0.]), rgb=UNKNOWN, text=str(...), units='norm', win=Window(...), wrapWidth=1.65)
296.8479 	EXP 	Created text = TextStim(__class__=<class 'psychopy.visual.text.TextStim'>, alignHoriz=method-wrapper(...), alignText='center', alignVert=method-wrapper(...), anchorHoriz='center', anchorVert='center', antialias=True, autoLog=True, bold=False, color=array([1., 1., 1.]), colorSpace='rgb', contrast=1.0, depth=0.0, flipHoriz=False, flipVert=False, font='Arial', fontFiles=[], height=0.07, italic=False, languageStyle='LTR', name='text', opacity=1, ori=0, pos=array([0., 0.]), rgb=UNKNOWN, text=str(...), units='norm', win=Window(...), wrapWidth=1.65)
296.8591 	EXP 	Created text = TextStim(__class__=<class 'psychopy.visual.text.TextStim'>, alignHoriz=method-wrapper(...), alignText='center', alignVert=method-wrapper(...), anchorHoriz='center', anchorVert='center', antialias=True, autoLog=True, bold=False, color=array([1., 1., 1.]), colorSpace='rgb', contrast=1.0, depth=0.0, flipHoriz=False, flipVert=False, font='Arial', fontFiles=[], height=0.07, italic=False, languageStyle='LTR', name='text', opacity=1, ori=0, pos=array([0., 0.]), rgb=UNKNOWN, text=str(...), units='norm', win=Window(...), wrapWidth=1.65)
296.8652 	EXP 	Created text = TextStim(__class__=<class 'psychopy.visual.text.TextStim'>, alignHoriz=method-wrapper(...), alignText='center', alignVert=method-wrapper(...), anchorHoriz='center', anchorVert='center', antialias=True, autoLog=True, bold=False, color=array([1., 1., 1.]), colorSpace='rgb', contrast=1.0, depth=0.0, flipHoriz=False, flipVert=False, font='Arial', fontFiles=[], height=0.07, italic=False, languageStyle='LTR', name='text', opacity=1, ori=0, pos=array([0., 0.]), rgb=UNKNOWN, text=str(...), units='norm', win=Window(...), wrapWidth=1.65)
296.8797 	EXP 	Created text = TextStim(__class__=<class 'psychopy.visual.text.TextStim'>, alignHoriz=method-wrapper(...), alignText='center', alignVert=method-wrapper(...), anchorHoriz='center', anchorVert='center', antialias=True, autoLog=True, bold=False, color=array([1., 1., 1.]), colorSpace='rgb', contrast=1.0, depth=0.0, flipHoriz=False, flipVert=False, font='Arial', fontFiles=[], height=0.15, italic=False, languageStyle='LTR', name='text', opacity=1, ori=0, pos=array([0., 0.]), rgb=UNKNOWN, text=str(...), units='norm', win=Window(...), wrapWidth=1.65)
296.9093 	EXP 	Created text = TextStim(__class__=<class 'psychopy.visual.text.TextStim'>, alignHoriz=method-wrapper(...), alignText='center', alignVert=method-wrapper(...), anchorHoriz='center', anchorVert='center', antialias=True, autoLog=True, bold=False, color=array([1., 1., 1.]), colorSpace='rgb', contrast=1.0, depth=0.0, flipHoriz=False, flipVert=False, font='Arial', fontFiles=[], height=0.07, italic=False, languageStyle='LTR', name='text', opacity=1, ori=0, pos=array([0., 0.]), rgb=UNKNOWN, text=str(...), units='norm', win=Window(...), wrapWidth=1.65)
296.9302 	EXP 	Created text = TextStim(__class__=<class 'psychopy.visual.text.TextStim'>, alignHoriz=method-wrapper(...), alignText='center', alignVert=method-wrapper(...), anchorHoriz='center', anchorVert='center', antialias=True, autoLog=True, bold=False, color=array([1., 1., 1.]), colorSpace='rgb', contrast=1.0, depth=0.0, flipHoriz=False, flipVert=False, font='Arial', fontFiles=[], height=0.07, italic=False, languageStyle='LTR', name='text', opacity=1, ori=0, pos=array([0., 0.]), rgb=UNKNOWN, text=str(...), units='norm', win=Window(...), wrapWidth=1.65)
296.9600 	EXP 	Created text = TextStim(__class__=<class 'psychopy.visual.text.TextStim'>, alignHoriz=method-wrapper(...), alignText='center', alignVert=method-wrapper(...), anchorHoriz='center', anchorVert='center', antialias=True, autoLog=True, bold=False, color=array([1., 1., 1.]), colorSpace='rgb', contrast=1.0, depth=0.0, flipHoriz=False, flipVert=False, font='Arial', fontFiles=[], height=0.07, italic=False, languageStyle='LTR', name='text', opacity=1, ori=0, pos=array([0., 0.]), rgb=UNKNOWN, text=str(...), units='norm', win=Window(...), wrapWidth=1.65)
296.9849 	EXP 	Created text = TextStim(__class__=<class 'psychopy.visual.text.TextStim'>, alignHoriz=method-wrapper(...), alignText='center', alignVert=method-wrapper(...), anchorHoriz='center', anchorVert='center', antialias=True, autoLog=True, bold=False, color=array([1., 1., 1.]), colorSpace='rgb', contrast=1.0, depth=0.0, flipHoriz=False, flipVert=False, font='Arial', fontFiles=[], height=0.07, italic=False, languageStyle='LTR', name='text', opacity=1, ori=0, pos=array([0., 0.]), rgb=UNKNOWN, text=str(...), units='norm', win=Window(...), wrapWidth=1.65)
297.0167 	EXP 	Created text = TextStim(__class__=<class 'psychopy.visual.text.TextStim'>, alignHoriz=method-wrapper(...), alignText='center', alignVert=method-wrapper(...), anchorHoriz='center', anchorVert='center', antialias=True, autoLog=True, bold=False, color=array([1., 1., 1.]), colorSpace='rgb', contrast=1.0, depth=0.0, flipHoriz=False, flipVert=False, font='Arial', fontFiles=[], height=0.07, italic=False, languageStyle='LTR', name='text', opacity=1, ori=0, pos=array([0., 0.]), rgb=UNKNOWN, text=str(...), units='norm', win=Window(...), wrapWidth=1.65)
297.0273 	EXP 	Created text = TextStim(__class__=<class 'psychopy.visual.text.TextStim'>, alignHoriz=method-wrapper(...), alignText='center', alignVert=method-wrapper(...), anchorHoriz='center', anchorVert='center', antialias=True, autoLog=True, bold=False, color=array([1., 1., 1.]), colorSpace='rgb', contrast=1.0, depth=0.0, flipHoriz=False, flipVert=False, font='Arial', fontFiles=[], height=0.07, italic=False, languageStyle='LTR', name='text', opacity=1, ori=0, pos=array([0., 0.]), rgb=UNKNOWN, text=str(...), units='norm', win=Window(...), wrapWidth=1.65)
297.0397 	EXP 	Created text = TextStim(__class__=<class 'psychopy.visual.text.TextStim'>, alignHoriz=method-wrapper(...), alignText='center', alignVert=method-wrapper(...), anchorHoriz='center', anchorVert='center', antialias=True, autoLog=True, bold=False, color=array([1., 1., 1.]), colorSpace='rgb', contrast=1.0, depth=0.0, flipHoriz=False, flipVert=False, font='Arial', fontFiles=[], height=0.07, italic=False, languageStyle='LTR', name='text', opacity=1, ori=0, pos=array([0., 0.]), rgb=UNKNOWN, text=str(...), units='norm', win=Window(...), wrapWidth=1.65)
297.0444 	EXP 	Created instru = TextStim(__class__=<class 'psychopy.visual.text.TextStim'>, alignHoriz=method-wrapper(...), alignText='center', alignVert=method-wrapper(...), anchorHoriz='center', anchorVert='center', antialias=True, autoLog=True, bold=False, color=array([1., 1., 1.]), colorSpace='rgb', contrast=1.0, depth=0.0, flipHoriz=False, flipVert=False, font='Arial', fontFiles=[], height=0.07, italic=False, languageStyle='LTR', name='instru', opacity=1, ori=0, pos=array([0. , 0.5]), rgb=UNKNOWN, text=str(...), units='norm', win=Window(...), wrapWidth=1)
297.0469 	EXP 	Created unnamed Line = Line(__class__=<class 'psychopy.visual.line.Line'>, autoDraw=False, autoLog=True, closeShape=False, color=array([1., 1., 1.]), colorSpace='rgb', contrast=None, depth=0, fillColor=array([0, 0, 0]), fillColorSpace='rgb', fillRGB=array([0, 0, 0]), interpolate=True, lineColor=array([1., 1., 1.]), lineColorSpace='rgb', lineRGB=array([1, 1, 1]), lineWidth=5, name='unnamed Line', opacity=0.5, ori=0.0, pos=array([0., 0.]), size=array([1., 1.]), units='norm', vertices=array([[-0.5,  0. ],
       [ 0.5,  0. ]]), win=Window(...), windingRule=None)
297.0489 	EXP 	Created unnamed Line = Line(__class__=<class 'psychopy.visual.line.Line'>, autoDraw=False, autoLog=True, closeShape=False, color=array([1., 1., 1.]), colorSpace='rgb', contrast=None, depth=0, fillColor=array([0, 0, 0]), fillColorSpace='rgb', fillRGB=array([0, 0, 0]), interpolate=True, lineColor=array([1., 1., 1.]), lineColorSpace='rgb', lineRGB=array([1, 1, 1]), lineWidth=3, name='unnamed Line', opacity=0.5, ori=0.0, pos=array([0., 0.]), size=array([1., 1.]), units='norm', vertices=array([[-0.5 , -0.05],
       [-0.5 ,  0.05]]), win=Window(...), windingRule=None)
297.0509 	EXP 	Created unnamed Line = Line(__class__=<class 'psychopy.visual.line.Line'>, autoDraw=False, autoLog=True, closeShape=False, color=array([1., 1., 1.]), colorSpace='rgb', contrast=None, depth=0, fillColor=array([0, 0, 0]), fillColorSpace='rgb', fillRGB=array([0, 0, 0]), interpolate=True, lineColor=array([1., 1., 1.]), lineColorSpace='rgb', lineRGB=array([1, 1, 1]), lineWidth=3, name='unnamed Line', opacity=0.5, ori=0.0, pos=array([0., 0.]), size=array([1., 1.]), units='norm', vertices=ndarray(...), win=Window(...), windingRule=None)
297.0530 	EXP 	Created unnamed Line = Line(__class__=<class 'psychopy.visual.line.Line'>, autoDraw=False, autoLog=True, closeShape=False, color=array([1., 1., 1.]), colorSpace='rgb', contrast=None, depth=0, fillColor=array([0, 0, 0]), fillColorSpace='rgb', fillRGB=array([0, 0, 0]), interpolate=True, lineColor=array([1., 1., 1.]), lineColorSpace='rgb', lineRGB=array([1, 1, 1]), lineWidth=3, name='unnamed Line', opacity=0.5, ori=0.0, pos=array([0., 0.]), size=array([1., 1.]), units='norm', vertices=ndarray(...), win=Window(...), windingRule=None)
297.0550 	EXP 	Created unnamed Line = Line(__class__=<class 'psychopy.visual.line.Line'>, autoDraw=False, autoLog=True, closeShape=False, color=array([1., 1., 1.]), colorSpace='rgb', contrast=None, depth=0, fillColor=array([0, 0, 0]), fillColorSpace='rgb', fillRGB=array([0, 0, 0]), interpolate=True, lineColor=array([1., 1., 1.]), lineColorSpace='rgb', lineRGB=array([1, 1, 1]), lineWidth=3, name='unnamed Line', opacity=0.5, ori=0.0, pos=array([0., 0.]), size=array([1., 1.]), units='norm', vertices=array([[ 0.5 , -0.05],
       [ 0.5 ,  0.05]]), win=Window(...), windingRule=None)
297.0681 	EXP 	Created unnamed TextStim = TextStim(__class__=<class 'psychopy.visual.text.TextStim'>, alignHoriz=method-wrapper(...), alignText='center', alignVert=method-wrapper(...), anchorHoriz='center', anchorVert='center', antialias=True, autoLog=True, bold=False, color=array([1., 1., 1.]), colorSpace='rgb', contrast=1.0, depth=0, flipHoriz=False, flipVert=False, font='', fontFiles=[], height=0.05, italic=False, languageStyle='LTR', name='unnamed TextStim', opacity=1.0, ori=0.0, pos=array([-0.5, -0.1]), rgb=UNKNOWN, text='Helt klart \n IKKE FOKUSERT', units='norm', win=Window(...), wrapWidth=1)
297.0691 	EXP 	Created unnamed TextStim = TextStim(__class__=<class 'psychopy.visual.text.TextStim'>, alignHoriz=method-wrapper(...), alignText='center', alignVert=method-wrapper(...), anchorHoriz='center', anchorVert='center', antialias=True, autoLog=True, bold=False, color=array([1., 1., 1.]), colorSpace='rgb', contrast=1.0, depth=0, flipHoriz=False, flipVert=False, font='', fontFiles=[], height=0.05, italic=False, languageStyle='LTR', name='unnamed TextStim', opacity=1.0, ori=0.0, pos=array([-0.16666667, -0.1       ]), rgb=UNKNOWN, text='', units='norm', win=Window(...), wrapWidth=1)
297.0702 	EXP 	Created unnamed TextStim = TextStim(__class__=<class 'psychopy.visual.text.TextStim'>, alignHoriz=method-wrapper(...), alignText='center', alignVert=method-wrapper(...), anchorHoriz='center', anchorVert='center', antialias=True, autoLog=True, bold=False, color=array([1., 1., 1.]), colorSpace='rgb', contrast=1.0, depth=0, flipHoriz=False, flipVert=False, font='', fontFiles=[], height=0.05, italic=False, languageStyle='LTR', name='unnamed TextStim', opacity=1.0, ori=0.0, pos=array([ 0.16666667, -0.1       ]), rgb=UNKNOWN, text='', units='norm', win=Window(...), wrapWidth=1)
297.0733 	EXP 	Created unnamed TextStim = TextStim(__class__=<class 'psychopy.visual.text.TextStim'>, alignHoriz=method-wrapper(...), alignText='center', alignVert=method-wrapper(...), anchorHoriz='center', anchorVert='center', antialias=True, autoLog=True, bold=False, color=array([1., 1., 1.]), colorSpace='rgb', contrast=1.0, depth=0, flipHoriz=False, flipVert=False, font='', fontFiles=[], height=0.05, italic=False, languageStyle='LTR', name='unnamed TextStim', opacity=1.0, ori=0.0, pos=array([ 0.5, -0.1]), rgb=UNKNOWN, text='Helt klart \n FOKUSERT', units='norm', win=Window(...), wrapWidth=1)
297.0755 	EXP 	Created unnamed ShapeStim = ShapeStim(__class__=<class 'psychopy.visual.shape.ShapeStim'>, autoDraw=False, autoLog=True, closeShape=True, color=method-wrapper(...), colorSpace='rgb', contrast=None, depth=0, fillColor=array([1, 1, 1]), fillColorSpace='rgb', fillRGB=array([1, 1, 1]), interpolate=True, lineColor=array([-1., -1., -1.]), lineColorSpace='rgb', lineRGB=array([-1, -1, -1]), lineWidth=1.5, name='unnamed ShapeStim', opacity=1.0, ori=0.0, pos=array([0., 0.]), size=array([1., 1.]), units='norm', vertices=ndarray(...), win=Window(...), windingRule=None)
297.0840 	EXP 	Created instru = TextStim(__class__=<class 'psychopy.visual.text.TextStim'>, alignHoriz=method-wrapper(...), alignText='center', alignVert=method-wrapper(...), anchorHoriz='center', anchorVert='center', antialias=True, autoLog=True, bold=False, color=array([1., 1., 1.]), colorSpace='rgb', contrast=1.0, depth=0.0, flipHoriz=False, flipVert=False, font='Arial', fontFiles=[], height=0.07, italic=False, languageStyle='LTR', name='instru', opacity=1, ori=0, pos=array([0. , 0.5]), rgb=UNKNOWN, text=str(...), units='norm', win=Window(...), wrapWidth=1)
297.0861 	EXP 	Created unnamed Line = Line(__class__=<class 'psychopy.visual.line.Line'>, autoDraw=False, autoLog=True, closeShape=False, color=array([1., 1., 1.]), colorSpace='rgb', contrast=None, depth=0, fillColor=array([0, 0, 0]), fillColorSpace='rgb', fillRGB=array([0, 0, 0]), interpolate=True, lineColor=array([1., 1., 1.]), lineColorSpace='rgb', lineRGB=array([1, 1, 1]), lineWidth=5, name='unnamed Line', opacity=0.5, ori=0.0, pos=array([0., 0.]), size=array([1., 1.]), units='norm', vertices=array([[-0.5,  0. ],
       [ 0.5,  0. ]]), win=Window(...), windingRule=None)
297.0882 	EXP 	Created unnamed Line = Line(__class__=<class 'psychopy.visual.line.Line'>, autoDraw=False, autoLog=True, closeShape=False, color=array([1., 1., 1.]), colorSpace='rgb', contrast=None, depth=0, fillColor=array([0, 0, 0]), fillColorSpace='rgb', fillRGB=array([0, 0, 0]), interpolate=True, lineColor=array([1., 1., 1.]), lineColorSpace='rgb', lineRGB=array([1, 1, 1]), lineWidth=3, name='unnamed Line', opacity=0.5, ori=0.0, pos=array([0., 0.]), size=array([1., 1.]), units='norm', vertices=array([[-0.5 , -0.05],
       [-0.5 ,  0.05]]), win=Window(...), windingRule=None)
297.0903 	EXP 	Created unnamed Line = Line(__class__=<class 'psychopy.visual.line.Line'>, autoDraw=False, autoLog=True, closeShape=False, color=array([1., 1., 1.]), colorSpace='rgb', contrast=None, depth=0, fillColor=array([0, 0, 0]), fillColorSpace='rgb', fillRGB=array([0, 0, 0]), interpolate=True, lineColor=array([1., 1., 1.]), lineColorSpace='rgb', lineRGB=array([1, 1, 1]), lineWidth=3, name='unnamed Line', opacity=0.5, ori=0.0, pos=array([0., 0.]), size=array([1., 1.]), units='norm', vertices=ndarray(...), win=Window(...), windingRule=None)
297.0923 	EXP 	Created unnamed Line = Line(__class__=<class 'psychopy.visual.line.Line'>, autoDraw=False, autoLog=True, closeShape=False, color=array([1., 1., 1.]), colorSpace='rgb', contrast=None, depth=0, fillColor=array([0, 0, 0]), fillColorSpace='rgb', fillRGB=array([0, 0, 0]), interpolate=True, lineColor=array([1., 1., 1.]), lineColorSpace='rgb', lineRGB=array([1, 1, 1]), lineWidth=3, name='unnamed Line', opacity=0.5, ori=0.0, pos=array([0., 0.]), size=array([1., 1.]), units='norm', vertices=ndarray(...), win=Window(...), windingRule=None)
297.0944 	EXP 	Created unnamed Line = Line(__class__=<class 'psychopy.visual.line.Line'>, autoDraw=False, autoLog=True, closeShape=False, color=array([1., 1., 1.]), colorSpace='rgb', contrast=None, depth=0, fillColor=array([0, 0, 0]), fillColorSpace='rgb', fillRGB=array([0, 0, 0]), interpolate=True, lineColor=array([1., 1., 1.]), lineColorSpace='rgb', lineRGB=array([1, 1, 1]), lineWidth=3, name='unnamed Line', opacity=0.5, ori=0.0, pos=array([0., 0.]), size=array([1., 1.]), units='norm', vertices=array([[ 0.5 , -0.05],
       [ 0.5 ,  0.05]]), win=Window(...), windingRule=None)
297.1002 	EXP 	Created unnamed TextStim = TextStim(__class__=<class 'psychopy.visual.text.TextStim'>, alignHoriz=method-wrapper(...), alignText='center', alignVert=method-wrapper(...), anchorHoriz='center', anchorVert='center', antialias=True, autoLog=True, bold=False, color=array([1., 1., 1.]), colorSpace='rgb', contrast=1.0, depth=0, flipHoriz=False, flipVert=False, font='', fontFiles=[], height=0.05, italic=False, languageStyle='LTR', name='unnamed TextStim', opacity=1.0, ori=0.0, pos=array([-0.5, -0.1]), rgb=UNKNOWN, text='Helt klart \n INGENTING', units='norm', win=Window(...), wrapWidth=1)
297.1013 	EXP 	Created unnamed TextStim = TextStim(__class__=<class 'psychopy.visual.text.TextStim'>, alignHoriz=method-wrapper(...), alignText='center', alignVert=method-wrapper(...), anchorHoriz='center', anchorVert='center', antialias=True, autoLog=True, bold=False, color=array([1., 1., 1.]), colorSpace='rgb', contrast=1.0, depth=0, flipHoriz=False, flipVert=False, font='', fontFiles=[], height=0.05, italic=False, languageStyle='LTR', name='unnamed TextStim', opacity=1.0, ori=0.0, pos=array([-0.16666667, -0.1       ]), rgb=UNKNOWN, text='', units='norm', win=Window(...), wrapWidth=1)
297.1024 	EXP 	Created unnamed TextStim = TextStim(__class__=<class 'psychopy.visual.text.TextStim'>, alignHoriz=method-wrapper(...), alignText='center', alignVert=method-wrapper(...), anchorHoriz='center', anchorVert='center', antialias=True, autoLog=True, bold=False, color=array([1., 1., 1.]), colorSpace='rgb', contrast=1.0, depth=0, flipHoriz=False, flipVert=False, font='', fontFiles=[], height=0.05, italic=False, languageStyle='LTR', name='unnamed TextStim', opacity=1.0, ori=0.0, pos=array([ 0.16666667, -0.1       ]), rgb=UNKNOWN, text='', units='norm', win=Window(...), wrapWidth=1)
297.1057 	EXP 	Created unnamed TextStim = TextStim(__class__=<class 'psychopy.visual.text.TextStim'>, alignHoriz=method-wrapper(...), alignText='center', alignVert=method-wrapper(...), anchorHoriz='center', anchorVert='center', antialias=True, autoLog=True, bold=False, color=array([1., 1., 1.]), colorSpace='rgb', contrast=1.0, depth=0, flipHoriz=False, flipVert=False, font='', fontFiles=[], height=0.05, italic=False, languageStyle='LTR', name='unnamed TextStim', opacity=1.0, ori=0.0, pos=array([ 0.5, -0.1]), rgb=UNKNOWN, text='Helt klart \n NOE', units='norm', win=Window(...), wrapWidth=1)
297.1076 	EXP 	Created unnamed ShapeStim = ShapeStim(__class__=<class 'psychopy.visual.shape.ShapeStim'>, autoDraw=False, autoLog=True, closeShape=True, color=method-wrapper(...), colorSpace='rgb', contrast=None, depth=0, fillColor=array([1, 1, 1]), fillColorSpace='rgb', fillRGB=array([1, 1, 1]), interpolate=True, lineColor=array([-1., -1., -1.]), lineColorSpace='rgb', lineRGB=array([-1, -1, -1]), lineWidth=1.5, name='unnamed ShapeStim', opacity=1.0, ori=0.0, pos=array([0., 0.]), size=array([1., 1.]), units='norm', vertices=ndarray(...), win=Window(...), windingRule=None)
297.1148 	EXP 	Created instru = TextStim(__class__=<class 'psychopy.visual.text.TextStim'>, alignHoriz=method-wrapper(...), alignText='center', alignVert=method-wrapper(...), anchorHoriz='center', anchorVert='center', antialias=True, autoLog=True, bold=False, color=array([1., 1., 1.]), colorSpace='rgb', contrast=1.0, depth=0.0, flipHoriz=False, flipVert=False, font='Arial', fontFiles=[], height=0.07, italic=False, languageStyle='LTR', name='instru', opacity=1, ori=0, pos=array([0. , 0.5]), rgb=UNKNOWN, text=str(...), units='norm', win=Window(...), wrapWidth=1)
297.1169 	EXP 	Created unnamed Line = Line(__class__=<class 'psychopy.visual.line.Line'>, autoDraw=False, autoLog=True, closeShape=False, color=array([1., 1., 1.]), colorSpace='rgb', contrast=None, depth=0, fillColor=array([0, 0, 0]), fillColorSpace='rgb', fillRGB=array([0, 0, 0]), interpolate=True, lineColor=array([1., 1., 1.]), lineColorSpace='rgb', lineRGB=array([1, 1, 1]), lineWidth=5, name='unnamed Line', opacity=0.5, ori=0.0, pos=array([0., 0.]), size=array([1., 1.]), units='norm', vertices=array([[-0.5,  0. ],
       [ 0.5,  0. ]]), win=Window(...), windingRule=None)
297.1189 	EXP 	Created unnamed Line = Line(__class__=<class 'psychopy.visual.line.Line'>, autoDraw=False, autoLog=True, closeShape=False, color=array([1., 1., 1.]), colorSpace='rgb', contrast=None, depth=0, fillColor=array([0, 0, 0]), fillColorSpace='rgb', fillRGB=array([0, 0, 0]), interpolate=True, lineColor=array([1., 1., 1.]), lineColorSpace='rgb', lineRGB=array([1, 1, 1]), lineWidth=3, name='unnamed Line', opacity=0.5, ori=0.0, pos=array([0., 0.]), size=array([1., 1.]), units='norm', vertices=array([[-0.5 , -0.05],
       [-0.5 ,  0.05]]), win=Window(...), windingRule=None)
297.1209 	EXP 	Created unnamed Line = Line(__class__=<class 'psychopy.visual.line.Line'>, autoDraw=False, autoLog=True, closeShape=False, color=array([1., 1., 1.]), colorSpace='rgb', contrast=None, depth=0, fillColor=array([0, 0, 0]), fillColorSpace='rgb', fillRGB=array([0, 0, 0]), interpolate=True, lineColor=array([1., 1., 1.]), lineColorSpace='rgb', lineRGB=array([1, 1, 1]), lineWidth=3, name='unnamed Line', opacity=0.5, ori=0.0, pos=array([0., 0.]), size=array([1., 1.]), units='norm', vertices=ndarray(...), win=Window(...), windingRule=None)
297.1229 	EXP 	Created unnamed Line = Line(__class__=<class 'psychopy.visual.line.Line'>, autoDraw=False, autoLog=True, closeShape=False, color=array([1., 1., 1.]), colorSpace='rgb', contrast=None, depth=0, fillColor=array([0, 0, 0]), fillColorSpace='rgb', fillRGB=array([0, 0, 0]), interpolate=True, lineColor=array([1., 1., 1.]), lineColorSpace='rgb', lineRGB=array([1, 1, 1]), lineWidth=3, name='unnamed Line', opacity=0.5, ori=0.0, pos=array([0., 0.]), size=array([1., 1.]), units='norm', vertices=ndarray(...), win=Window(...), windingRule=None)
297.1249 	EXP 	Created unnamed Line = Line(__class__=<class 'psychopy.visual.line.Line'>, autoDraw=False, autoLog=True, closeShape=False, color=array([1., 1., 1.]), colorSpace='rgb', contrast=None, depth=0, fillColor=array([0, 0, 0]), fillColorSpace='rgb', fillRGB=array([0, 0, 0]), interpolate=True, lineColor=array([1., 1., 1.]), lineColorSpace='rgb', lineRGB=array([1, 1, 1]), lineWidth=3, name='unnamed Line', opacity=0.5, ori=0.0, pos=array([0., 0.]), size=array([1., 1.]), units='norm', vertices=array([[ 0.5 , -0.05],
       [ 0.5 ,  0.05]]), win=Window(...), windingRule=None)
297.1298 	EXP 	Created unnamed TextStim = TextStim(__class__=<class 'psychopy.visual.text.TextStim'>, alignHoriz=method-wrapper(...), alignText='center', alignVert=method-wrapper(...), anchorHoriz='center', anchorVert='center', antialias=True, autoLog=True, bold=False, color=array([1., 1., 1.]), colorSpace='rgb', contrast=1.0, depth=0, flipHoriz=False, flipVert=False, font='', fontFiles=[], height=0.05, italic=False, languageStyle='LTR', name='unnamed TextStim', opacity=1.0, ori=0.0, pos=array([-0.5, -0.1]), rgb=UNKNOWN, text='Helt klart \n SPONTAN', units='norm', win=Window(...), wrapWidth=1)
297.1309 	EXP 	Created unnamed TextStim = TextStim(__class__=<class 'psychopy.visual.text.TextStim'>, alignHoriz=method-wrapper(...), alignText='center', alignVert=method-wrapper(...), anchorHoriz='center', anchorVert='center', antialias=True, autoLog=True, bold=False, color=array([1., 1., 1.]), colorSpace='rgb', contrast=1.0, depth=0, flipHoriz=False, flipVert=False, font='', fontFiles=[], height=0.05, italic=False, languageStyle='LTR', name='unnamed TextStim', opacity=1.0, ori=0.0, pos=array([-0.16666667, -0.1       ]), rgb=UNKNOWN, text='', units='norm', win=Window(...), wrapWidth=1)
297.1320 	EXP 	Created unnamed TextStim = TextStim(__class__=<class 'psychopy.visual.text.TextStim'>, alignHoriz=method-wrapper(...), alignText='center', alignVert=method-wrapper(...), anchorHoriz='center', anchorVert='center', antialias=True, autoLog=True, bold=False, color=array([1., 1., 1.]), colorSpace='rgb', contrast=1.0, depth=0, flipHoriz=False, flipVert=False, font='', fontFiles=[], height=0.05, italic=False, languageStyle='LTR', name='unnamed TextStim', opacity=1.0, ori=0.0, pos=array([ 0.16666667, -0.1       ]), rgb=UNKNOWN, text='', units='norm', win=Window(...), wrapWidth=1)
297.1368 	EXP 	Created unnamed TextStim = TextStim(__class__=<class 'psychopy.visual.text.TextStim'>, alignHoriz=method-wrapper(...), alignText='center', alignVert=method-wrapper(...), anchorHoriz='center', anchorVert='center', antialias=True, autoLog=True, bold=False, color=array([1., 1., 1.]), colorSpace='rgb', contrast=1.0, depth=0, flipHoriz=False, flipVert=False, font='', fontFiles=[], height=0.05, italic=False, languageStyle='LTR', name='unnamed TextStim', opacity=1.0, ori=0.0, pos=array([ 0.5, -0.1]), rgb=UNKNOWN, text='Helt klart \n BEVISST', units='norm', win=Window(...), wrapWidth=1)
297.1387 	EXP 	Created unnamed ShapeStim = ShapeStim(__class__=<class 'psychopy.visual.shape.ShapeStim'>, autoDraw=False, autoLog=True, closeShape=True, color=method-wrapper(...), colorSpace='rgb', contrast=None, depth=0, fillColor=array([1, 1, 1]), fillColorSpace='rgb', fillRGB=array([1, 1, 1]), interpolate=True, lineColor=array([-1., -1., -1.]), lineColorSpace='rgb', lineRGB=array([-1, -1, -1]), lineWidth=1.5, name='unnamed ShapeStim', opacity=1.0, ori=0.0, pos=array([0., 0.]), size=array([1., 1.]), units='norm', vertices=ndarray(...), win=Window(...), windingRule=None)
297.1887 	EXP 	Sound  set volume 1.000
297.2258 	EXP 	unnamed ShapeStim: vertices = <class 'numpy.ndarray'>
297.2258 	EXP 	unnamed ShapeStim: vertices = <class 'numpy.ndarray'>
297.2258 	EXP 	unnamed ShapeStim: vertices = <class 'numpy.ndarray'>
304.9758 	DATA 	Keypress: lctrl
305.5130 	EXP 	Sound  started
306.2628 	EXP 	Sound  started
306.3518 	DATA 	Keypress: lctrl
307.0129 	EXP 	Sound  started
307.0237 	DATA 	Keypress: rctrl
307.7629 	EXP 	Sound  started
307.7757 	DATA 	Keypress: rctrl
308.5129 	EXP 	Sound  started
308.5278 	DATA 	Keypress: lctrl
309.2158 	DATA 	Keypress: rctrl
309.2629 	EXP 	Sound  started
310.0129 	EXP 	Sound  started
310.0317 	DATA 	Keypress: lctrl
310.7357 	DATA 	Keypress: lctrl
310.7629 	EXP 	Sound  started
311.4878 	DATA 	Keypress: rctrl
311.5129 	EXP 	Sound  started
312.2557 	DATA 	Keypress: rctrl
312.2630 	EXP 	Sound  started
312.9757 	DATA 	Keypress: lctrl
313.0130 	EXP 	Sound  started
313.6957 	DATA 	Keypress: rctrl
313.7630 	EXP 	Sound  started
314.5130 	EXP 	Sound  started
314.6077 	DATA 	Keypress: lctrl
315.2630 	EXP 	Sound  started
315.2957 	DATA 	Keypress: rctrl
315.9997 	DATA 	Keypress: lctrl
316.0130 	EXP 	Sound  started
316.7631 	EXP 	Sound  started
316.7837 	DATA 	Keypress: lctrl
317.5131 	EXP 	Sound  started
317.5517 	DATA 	Keypress: lctrl
318.2631 	EXP 	Sound  started
318.3197 	DATA 	Keypress: rctrl
319.0131 	EXP 	Sound  started
319.0717 	DATA 	Keypress: lctrl
319.7631 	EXP 	Sound  started
319.7757 	DATA 	Keypress: rctrl
320.5117 	DATA 	Keypress: rctrl
320.5131 	EXP 	Sound  started
321.2632 	EXP 	Sound  started
321.3278 	DATA 	Keypress: rctrl
322.0132 	EXP 	Sound  started
322.0477 	DATA 	Keypress: lctrl
322.7632 	EXP 	Sound  started
322.7997 	DATA 	Keypress: rctrl
323.5132 	EXP 	Sound  started
323.5517 	DATA 	Keypress: lctrl
324.2632 	EXP 	Sound  started
324.2717 	DATA 	Keypress: rctrl
324.9757 	DATA 	Keypress: rctrl
325.0132 	EXP 	Sound  started
325.7437 	DATA 	Keypress: rctrl
325.7632 	EXP 	Sound  started
326.5118 	DATA 	Keypress: lctrl
326.5132 	EXP 	Sound  started
327.2478 	DATA 	Keypress: lctrl
327.2633 	EXP 	Sound  started
328.0133 	EXP 	Sound  started
328.0317 	DATA 	Keypress: lctrl
328.7198 	DATA 	Keypress: rctrl
328.7633 	EXP 	Sound  started
329.5133 	EXP 	Sound  started
329.5198 	DATA 	Keypress: rctrl
330.2557 	DATA 	Keypress: lctrl
330.2633 	EXP 	Sound  started
330.9757 	DATA 	Keypress: rctrl
331.0133 	EXP 	Sound  started
331.7277 	DATA 	Keypress: rctrl
331.7634 	EXP 	Sound  started
332.4957 	DATA 	Keypress: rctrl
332.5134 	EXP 	Sound  started
333.2157 	DATA 	Keypress: rctrl
333.2634 	EXP 	Sound  started
334.0134 	EXP 	Sound  started
334.0158 	DATA 	Keypress: lctrl
334.7634 	EXP 	Sound  started
334.7677 	DATA 	Keypress: rctrl
335.4877 	DATA 	Keypress: rctrl
335.5134 	EXP 	Sound  started
336.2557 	DATA 	Keypress: rctrl
336.2634 	EXP 	Sound  started
337.0135 	EXP 	Sound  started
337.0237 	DATA 	Keypress: lctrl
337.7635 	EXP 	Sound  started
337.7917 	DATA 	Keypress: lctrl
338.4957 	DATA 	Keypress: rctrl
338.5135 	EXP 	Sound  started
339.2158 	DATA 	Keypress: rctrl
339.2635 	EXP 	Sound  started
340.0135 	EXP 	Sound  started
340.0478 	DATA 	Keypress: lctrl
340.7635 	EXP 	Sound  started
340.7678 	DATA 	Keypress: lctrl
341.5037 	DATA 	Keypress: lctrl
341.5135 	EXP 	Sound  started
342.2558 	DATA 	Keypress: rctrl
342.2636 	EXP 	Sound  started
342.9918 	DATA 	Keypress: lctrl
343.0136 	EXP 	Sound  started
343.7117 	DATA 	Keypress: lctrl
343.7887 	EXP 	unnamed TextStim: text = ''
343.7887 	EXP 	unnamed TextStim: text = ''
349.6599 	DATA 	Keypress: 3
349.6764 	EXP 	unnamed ShapeStim: vertices = <class 'numpy.ndarray'>
351.2110 	EXP 	unnamed TextStim: text = ''
351.2110 	EXP 	unnamed TextStim: text = ''
351.5953 	DATA 	Keypress: 1
351.6118 	EXP 	unnamed ShapeStim: vertices = <class 'numpy.ndarray'>
353.1464 	EXP 	unnamed TextStim: text = ''
353.1464 	EXP 	unnamed TextStim: text = ''
355.7649 	DATA 	Keypress: 2
355.7814 	EXP 	unnamed ShapeStim: vertices = <class 'numpy.ndarray'>
358.0667 	EXP 	Sound  started
358.3037 	DATA 	Keypress: lctrl
358.8167 	EXP 	Sound  started
358.9598 	DATA 	Keypress: rctrl
359.5667 	EXP 	Sound  started
359.5837 	DATA 	Keypress: lctrl
360.3167 	EXP 	Sound  started
360.3197 	DATA 	Keypress: rctrl
361.0078 	DATA 	Keypress: rctrl
361.0667 	EXP 	Sound  started
361.8167 	EXP 	Sound  started
361.8557 	DATA 	Keypress: rctrl
362.5437 	DATA 	Keypress: lctrl
362.5667 	EXP 	Sound  started
363.2957 	DATA 	Keypress: rctrl
363.3167 	EXP 	Sound  started
363.9997 	DATA 	Keypress: lctrl
364.0668 	EXP 	Sound  started
364.8157 	DATA 	Keypress: lctrl
364.8168 	EXP 	Sound  started
365.5517 	DATA 	Keypress: lctrl
365.5668 	EXP 	Sound  started
366.3037 	DATA 	Keypress: rctrl
366.3168 	EXP 	Sound  started
367.0668 	EXP 	Sound  started
367.0877 	DATA 	Keypress: lctrl
367.8168 	EXP 	Sound  started
367.8717 	DATA 	Keypress: rctrl
368.5669 	EXP 	Sound  started
368.6237 	DATA 	Keypress: lctrl
369.2957 	DATA 	Keypress: rctrl
369.3169 	EXP 	Sound  started
370.0669 	EXP 	Sound  started
370.0797 	DATA 	Keypress: lctrl
370.7997 	DATA 	Keypress: lctrl
370.8169 	EXP 	Sound  started
371.5517 	DATA 	Keypress: rctrl
371.5669 	EXP 	Sound  started
372.3037 	DATA 	Keypress: rctrl
372.3169 	EXP 	Sound  started
373.0669 	EXP 	Sound  started
373.0877 	DATA 	Keypress: rctrl
373.8170 	EXP 	Sound  started
373.8397 	DATA 	Keypress: lctrl
374.5670 	EXP 	Sound  started
374.5757 	DATA 	Keypress: lctrl
375.3117 	DATA 	Keypress: lctrl
375.3170 	EXP 	Sound  started
376.0670 	EXP 	Sound  started
376.1117 	DATA 	Keypress: lctrl
376.8170 	EXP 	Sound  started
376.8797 	DATA 	Keypress: rctrl
377.5670 	EXP 	Sound  started
377.5677 	DATA 	Keypress: rctrl
378.3170 	EXP 	Sound  started
378.3357 	DATA 	Keypress: rctrl
379.0671 	EXP 	Sound  started
379.0877 	DATA 	Keypress: rctrl
379.8077 	DATA 	Keypress: lctrl
379.8171 	EXP 	Sound  started
380.5671 	EXP 	Sound  started
380.5917 	DATA 	Keypress: rctrl
381.3171 	EXP 	Sound  started
381.3276 	DATA 	Keypress: lctrl
382.0637 	DATA 	Keypress: rctrl
382.0671 	EXP 	Sound  started
382.8171 	EXP 	Sound  started
382.8637 	DATA 	Keypress: rctrl
383.5672 	EXP 	Sound  started
383.5677 	DATA 	Keypress: lctrl
384.3037 	DATA 	Keypress: lctrl
384.3172 	EXP 	Sound  started
385.0397 	DATA 	Keypress: lctrl
385.0672 	EXP 	Sound  started
385.7757 	DATA 	Keypress: lctrl
385.8172 	EXP 	Sound  started
386.5597 	DATA 	Keypress: lctrl
386.5672 	EXP 	Sound  started
387.3172 	EXP 	Sound  started
387.3597 	DATA 	Keypress: lctrl
388.0672 	EXP 	Sound  started
388.1437 	DATA 	Keypress: rctrl
388.8173 	EXP 	Sound  started
388.8637 	DATA 	Keypress: rctrl
389.5673 	EXP 	Sound  started
389.5676 	DATA 	Keypress: rctrl
390.3037 	DATA 	Keypress: rctrl
390.3173 	EXP 	Sound  started
391.0673 	EXP 	Sound  started
391.1037 	DATA 	Keypress: rctrl
391.8173 	EXP 	Sound  started
391.8237 	DATA 	Keypress: lctrl
392.5597 	DATA 	Keypress: lctrl
392.5673 	EXP 	Sound  started
393.2797 	DATA 	Keypress: lctrl
393.3173 	EXP 	Sound  started
394.0674 	EXP 	Sound  started
394.0797 	DATA 	Keypress: lctrl
394.8174 	EXP 	Sound  started
394.8476 	DATA 	Keypress: rctrl
395.5674 	EXP 	Sound  started
395.5676 	DATA 	Keypress: rctrl
396.3695 	DATA 	Keypress: rctrl
399.3839 	DATA 	Keypress: 3
399.4004 	EXP 	unnamed ShapeStim: vertices = <class 'numpy.ndarray'>
405.8893 	DATA 	Keypress: 4
405.9058 	EXP 	unnamed ShapeStim: vertices = <class 'numpy.ndarray'>
409.4755 	DATA 	Keypress: 2
409.4920 	EXP 	unnamed ShapeStim: vertices = <class 'numpy.ndarray'>
411.7764 	EXP 	Sound  started
412.0317 	DATA 	Keypress: lctrl
412.5263 	EXP 	Sound  started
412.6236 	DATA 	Keypress: rctrl
413.2763 	EXP 	Sound  started
413.3116 	DATA 	Keypress: lctrl
414.0263 	EXP 	Sound  started
414.0637 	DATA 	Keypress: rctrl
414.7763 	EXP 	Sound  started
414.7836 	DATA 	Keypress: rctrl
415.5196 	DATA 	Keypress: lctrl
415.5263 	EXP 	Sound  started
416.2764 	EXP 	Sound  started
416.2876 	DATA 	Keypress: lctrl
417.0264 	EXP 	Sound  started
417.0557 	DATA 	Keypress: lctrl
417.7764 	EXP 	Sound  started
417.7916 	DATA 	Keypress: lctrl
418.4957 	DATA 	Keypress: rctrl
418.5264 	EXP 	Sound  started
419.2637 	DATA 	Keypress: rctrl
419.2764 	EXP 	Sound  started
420.0264 	EXP 	Sound  started
420.0317 	DATA 	Keypress: rctrl
420.7765 	EXP 	Sound  started
420.7837 	DATA 	Keypress: lctrl
421.5038 	DATA 	Keypress: lctrl
421.5265 	EXP 	Sound  started
422.2765 	EXP 	Sound  started
422.3356 	DATA 	Keypress: rctrl
423.0265 	EXP 	Sound  started
423.0557 	DATA 	Keypress: lctrl
423.7765 	EXP 	Sound  started
423.7917 	DATA 	Keypress: rctrl
424.4957 	DATA 	Keypress: rctrl
424.5265 	EXP 	Sound  started
425.2637 	DATA 	Keypress: lctrl
425.2765 	EXP 	Sound  started
426.0266 	EXP 	Sound  started
426.0316 	DATA 	Keypress: lctrl
426.7766 	EXP 	Sound  started
426.7997 	DATA 	Keypress: lctrl
427.5266 	EXP 	Sound  started
427.5516 	DATA 	Keypress: rctrl
428.1757 	DATA 	Keypress: rctrl
428.2766 	EXP 	Sound  started
429.0237 	DATA 	Keypress: rctrl
429.0266 	EXP 	Sound  started
429.7766 	EXP 	Sound  started
429.8077 	DATA 	Keypress: rctrl
430.5267 	EXP 	Sound  started
430.5277 	DATA 	Keypress: lctrl
431.2638 	DATA 	Keypress: lctrl
431.2767 	EXP 	Sound  started
432.0267 	EXP 	Sound  started
432.0316 	DATA 	Keypress: lctrl
432.7767 	EXP 	Sound  started
432.7996 	DATA 	Keypress: lctrl
433.5267 	EXP 	Sound  started
433.5517 	DATA 	Keypress: lctrl
434.2768 	EXP 	Sound  started
434.3197 	DATA 	Keypress: rctrl
434.9916 	DATA 	Keypress: rctrl
435.0268 	EXP 	Sound  started
435.7436 	DATA 	Keypress: rctrl
435.7768 	EXP 	Sound  started
436.5268 	EXP 	Sound  started
436.5276 	DATA 	Keypress: rctrl
437.2768 	EXP 	Sound  started
437.3436 	DATA 	Keypress: rctrl
438.0268 	EXP 	Sound  started
438.1437 	DATA 	Keypress: lctrl
438.7768 	EXP 	Sound  started
438.8317 	DATA 	Keypress: lctrl
439.5268 	EXP 	Sound  started
439.5356 	DATA 	Keypress: lctrl
440.2769 	EXP 	Sound  started
440.2877 	DATA 	Keypress: lctrl
441.0269 	EXP 	Sound  started
441.0556 	DATA 	Keypress: rctrl
441.7769 	EXP 	Sound  started
441.7916 	DATA 	Keypress: rctrl
442.5269 	EXP 	Sound  started
442.5596 	DATA 	Keypress: rctrl
443.2769 	EXP 	Sound  started
443.2956 	DATA 	Keypress: rctrl
443.9997 	DATA 	Keypress: lctrl
444.0269 	EXP 	Sound  started
444.7677 	DATA 	Keypress: lctrl
444.7769 	EXP 	Sound  started
445.5270 	EXP 	Sound  started
445.5356 	DATA 	Keypress: lctrl
446.2770 	EXP 	Sound  started
446.3037 	DATA 	Keypress: rctrl
447.0270 	EXP 	Sound  started
447.0716 	DATA 	Keypress: rctrl
447.7770 	EXP 	Sound  started
447.8236 	DATA 	Keypress: rctrl
448.5270 	EXP 	Sound  started
448.5596 	DATA 	Keypress: lctrl
449.2770 	EXP 	Sound  started
449.2797 	DATA 	Keypress: lctrl
450.0271 	EXP 	Sound  started
450.0636 	DATA 	Keypress: rctrl
450.7771 	EXP 	Sound  started
450.7996 	DATA 	Keypress: rctrl
451.5271 	EXP 	Sound  started
451.5677 	DATA 	Keypress: lctrl
452.2771 	EXP 	Sound  started
452.3037 	DATA 	Keypress: rctrl
453.0271 	EXP 	Sound  started
453.0556 	DATA 	Keypress: lctrl
453.7771 	EXP 	Sound  started
453.8557 	DATA 	Keypress: lctrl
454.5271 	EXP 	Sound  started
454.5916 	DATA 	Keypress: rctrl
455.2772 	EXP 	Sound  started
455.3276 	DATA 	Keypress: rctrl
456.0272 	EXP 	Sound  started
456.0636 	DATA 	Keypress: rctrl
456.7772 	EXP 	Sound  started
456.7836 	DATA 	Keypress: lctrl
457.4876 	DATA 	Keypress: lctrl
457.5272 	EXP 	Sound  started
458.2556 	DATA 	Keypress: lctrl
458.2772 	EXP 	Sound  started
459.0272 	EXP 	Sound  started
459.0396 	DATA 	Keypress: lctrl
459.7772 	EXP 	Sound  started
459.7916 	DATA 	Keypress: rctrl
460.5273 	EXP 	Sound  started
460.5436 	DATA 	Keypress: rctrl
461.2773 	EXP 	Sound  started
461.2957 	DATA 	Keypress: rctrl
462.0273 	EXP 	Sound  started
462.0636 	DATA 	Keypress: rctrl
462.7773 	EXP 	Sound  started
462.8156 	DATA 	Keypress: rctrl
463.5273 	EXP 	Sound  started
463.5676 	DATA 	Keypress: lctrl
464.2773 	EXP 	Sound  started
464.3356 	DATA 	Keypress: lctrl
465.0274 	EXP 	Sound  started
465.0396 	DATA 	Keypress: lctrl
465.7596 	DATA 	Keypress: lctrl
465.7774 	EXP 	Sound  started
466.5274 	EXP 	Sound  started
466.5276 	DATA 	Keypress: lctrl
467.2774 	EXP 	Sound  started
467.3277 	DATA 	Keypress: rctrl
468.0274 	EXP 	Sound  started
468.0637 	DATA 	Keypress: rctrl
468.7774 	EXP 	Sound  started
468.8316 	DATA 	Keypress: rctrl
469.5274 	EXP 	Sound  started
469.6156 	DATA 	Keypress: rctrl
470.2775 	EXP 	Sound  started
470.3197 	DATA 	Keypress: lctrl
471.0275 	EXP 	Sound  started
471.0716 	DATA 	Keypress: lctrl
471.7775 	EXP 	Sound  started
471.8716 	DATA 	Keypress: lctrl
472.5275 	EXP 	Sound  started
472.6716 	DATA 	Keypress: rctrl
473.2775 	EXP 	Sound  started
473.3597 	DATA 	Keypress: rctrl
474.0275 	EXP 	Sound  started
474.0636 	DATA 	Keypress: lctrl
474.7775 	EXP 	Sound  started
474.7996 	DATA 	Keypress: rctrl
475.5275 	EXP 	Sound  started
475.5517 	DATA 	Keypress: lctrl
476.2776 	EXP 	Sound  started
476.3036 	DATA 	Keypress: lctrl
477.0276 	EXP 	Sound  started
477.0876 	DATA 	Keypress: rctrl
477.7776 	EXP 	Sound  started
477.8076 	DATA 	Keypress: rctrl
478.5826 	DATA 	Keypress: rctrl
480.1839 	DATA 	Keypress: 3
480.2004 	EXP 	unnamed ShapeStim: vertices = <class 'numpy.ndarray'>
482.0349 	DATA 	Keypress: 2
482.0514 	EXP 	unnamed ShapeStim: vertices = <class 'numpy.ndarray'>
484.4374 	DATA 	Keypress: 2
484.4539 	EXP 	unnamed ShapeStim: vertices = <class 'numpy.ndarray'>
486.7386 	EXP 	Sound  started
486.9756 	DATA 	Keypress: rctrl
487.4886 	EXP 	Sound  started
487.5996 	DATA 	Keypress: lctrl
488.2386 	EXP 	Sound  started
488.2556 	DATA 	Keypress: lctrl
488.9886 	EXP 	Sound  started
489.0237 	DATA 	Keypress: rctrl
489.7386 	EXP 	Sound  started
489.7436 	DATA 	Keypress: rctrl
490.4636 	DATA 	Keypress: rctrl
490.4887 	EXP 	Sound  started
491.2156 	DATA 	Keypress: lctrl
491.2387 	EXP 	Sound  started
491.9676 	DATA 	Keypress: lctrl
491.9887 	EXP 	Sound  started
492.6876 	DATA 	Keypress: lctrl
492.7387 	EXP 	Sound  started
493.4887 	EXP 	Sound  started
493.5037 	DATA 	Keypress: lctrl
494.2387 	EXP 	Sound  started
494.2396 	DATA 	Keypress: rctrl
494.9887 	EXP 	Sound  started
495.0077 	DATA 	Keypress: rctrl
495.7275 	DATA 	Keypress: rctrl
495.7388 	EXP 	Sound  started
496.4888 	EXP 	Sound  started
496.4956 	DATA 	Keypress: rctrl
497.2388 	EXP 	Sound  started
497.2796 	DATA 	Keypress: rctrl
497.9888 	EXP 	Sound  started
498.0636 	DATA 	Keypress: lctrl
498.7388 	EXP 	Sound  started
498.7516 	DATA 	Keypress: lctrl
499.4876 	DATA 	Keypress: lctrl
499.4888 	EXP 	Sound  started
500.1916 	DATA 	Keypress: lctrl
500.2389 	EXP 	Sound  started
500.9435 	DATA 	Keypress: lctrl
500.9889 	EXP 	Sound  started
501.7389 	EXP 	Sound  started
501.7596 	DATA 	Keypress: rctrl
502.4316 	DATA 	Keypress: rctrl
502.4889 	EXP 	Sound  started
503.2316 	DATA 	Keypress: rctrl
503.2389 	EXP 	Sound  started
503.9889 	EXP 	Sound  started
503.9996 	DATA 	Keypress: rctrl
504.7356 	DATA 	Keypress: lctrl
504.7389 	EXP 	Sound  started
505.4556 	DATA 	Keypress: lctrl
505.4890 	EXP 	Sound  started
506.2077 	DATA 	Keypress: lctrl
506.2390 	EXP 	Sound  started
506.9890 	EXP 	Sound  started
507.0236 	DATA 	Keypress: rctrl
507.7390 	EXP 	Sound  started
507.7436 	DATA 	Keypress: rctrl
508.4796 	DATA 	Keypress: lctrl
508.4890 	EXP 	Sound  started
509.2316 	DATA 	Keypress: rctrl
509.2390 	EXP 	Sound  started
509.9676 	DATA 	Keypress: lctrl
509.9890 	EXP 	Sound  started
510.7391 	EXP 	Sound  started
510.7517 	DATA 	Keypress: lctrl
511.4891 	EXP 	Sound  started
511.5516 	DATA 	Keypress: rctrl
512.2391 	EXP 	Sound  started
512.2875 	DATA 	Keypress: rctrl
512.9891 	EXP 	Sound  started
512.9916 	DATA 	Keypress: rctrl
513.7391 	EXP 	Sound  started
513.7596 	DATA 	Keypress: lctrl
514.4891 	EXP 	Sound  started
514.5116 	DATA 	Keypress: lctrl
515.1996 	DATA 	Keypress: lctrl
515.2392 	EXP 	Sound  started
515.9676 	DATA 	Keypress: lctrl
515.9892 	EXP 	Sound  started
516.7356 	DATA 	Keypress: rctrl
516.7392 	EXP 	Sound  started
517.4716 	DATA 	Keypress: rctrl
517.4892 	EXP 	Sound  started
518.2236 	DATA 	Keypress: rctrl
518.2392 	EXP 	Sound  started
518.9892 	EXP 	Sound  started
518.9915 	DATA 	Keypress: rctrl
519.7393 	EXP 	Sound  started
519.7596 	DATA 	Keypress: rctrl
520.4636 	DATA 	Keypress: lctrl
520.4893 	EXP 	Sound  started
521.2317 	DATA 	Keypress: lctrl
521.2393 	EXP 	Sound  started
521.9837 	DATA 	Keypress: lctrl
521.9893 	EXP 	Sound  started
522.7393 	EXP 	Sound  started
522.7836 	DATA 	Keypress: lctrl
523.4876 	DATA 	Keypress: lctrl
523.4893 	EXP 	Sound  started
524.2393 	EXP 	Sound  started
524.2556 	DATA 	Keypress: rctrl
524.9894 	EXP 	Sound  started
524.9916 	DATA 	Keypress: rctrl
525.7394 	EXP 	Sound  started
525.7595 	DATA 	Keypress: rctrl
526.4894 	EXP 	Sound  started
526.5277 	DATA 	Keypress: rctrl
527.2394 	EXP 	Sound  started
527.2796 	DATA 	Keypress: lctrl
527.9894 	EXP 	Sound  started
527.9995 	DATA 	Keypress: lctrl
528.7394 	EXP 	Sound  started
528.7676 	DATA 	Keypress: lctrl
529.4895 	EXP 	Sound  started
529.5036 	DATA 	Keypress: rctrl
530.2395 	EXP 	Sound  started
530.2716 	DATA 	Keypress: rctrl
530.9895 	EXP 	Sound  started
531.0716 	DATA 	Keypress: lctrl
531.7395 	EXP 	Sound  started
531.8396 	DATA 	Keypress: rctrl
532.4895 	EXP 	Sound  started
532.5276 	DATA 	Keypress: lctrl
533.2395 	EXP 	Sound  started
533.2796 	DATA 	Keypress: lctrl
533.9895 	EXP 	Sound  started
533.9996 	DATA 	Keypress: rctrl
534.7396 	EXP 	Sound  started
534.7516 	DATA 	Keypress: rctrl
535.4896 	EXP 	Sound  started
535.5675 	DATA 	Keypress: rctrl
536.2396 	EXP 	Sound  started
536.2876 	DATA 	Keypress: lctrl
536.9276 	DATA 	Keypress: lctrl
536.9896 	EXP 	Sound  started
537.7116 	DATA 	Keypress: lctrl
537.7396 	EXP 	Sound  started
538.4896 	EXP 	Sound  started
538.4956 	DATA 	Keypress: lctrl
539.2397 	EXP 	Sound  started
539.2476 	DATA 	Keypress: rctrl
539.9897 	EXP 	Sound  started
540.0156 	DATA 	Keypress: rctrl
540.7397 	EXP 	Sound  started
540.7836 	DATA 	Keypress: rctrl
541.4897 	EXP 	Sound  started
541.5036 	DATA 	Keypress: rctrl
542.2397 	EXP 	Sound  started
542.2876 	DATA 	Keypress: rctrl
542.9897 	EXP 	Sound  started
543.0396 	DATA 	Keypress: lctrl
543.7397 	EXP 	Sound  started
543.7596 	DATA 	Keypress: lctrl
544.4796 	DATA 	Keypress: lctrl
544.4897 	EXP 	Sound  started
545.2316 	DATA 	Keypress: lctrl
545.2398 	EXP 	Sound  started
545.9676 	DATA 	Keypress: lctrl
545.9898 	EXP 	Sound  started
546.7197 	DATA 	Keypress: rctrl
546.7398 	EXP 	Sound  started
547.4556 	DATA 	Keypress: rctrl
547.4898 	EXP 	Sound  started
548.2076 	DATA 	Keypress: rctrl
548.2398 	EXP 	Sound  started
548.9898 	EXP 	Sound  started
548.9916 	DATA 	Keypress: rctrl
549.7116 	DATA 	Keypress: lctrl
549.7399 	EXP 	Sound  started
550.4795 	DATA 	Keypress: lctrl
550.4899 	EXP 	Sound  started
551.2399 	EXP 	Sound  started
551.2636 	DATA 	Keypress: lctrl
551.9899 	EXP 	Sound  started
552.0315 	DATA 	Keypress: rctrl
552.7935 	DATA 	Keypress: rctrl
556.4333 	DATA 	Keypress: 2
556.4623 	EXP 	unnamed ShapeStim: vertices = <class 'numpy.ndarray'>
559.2820 	DATA 	Keypress: 4
559.2985 	EXP 	unnamed ShapeStim: vertices = <class 'numpy.ndarray'>
562.5008 	DATA 	Keypress: 3
562.5173 	EXP 	unnamed ShapeStim: vertices = <class 'numpy.ndarray'>
564.8016 	EXP 	Sound  started
564.8020 	DATA 	Keypress: lctrl
565.5516 	DATA 	Keypress: lctrl
565.5518 	EXP 	Sound  started
566.3018 	EXP 	Sound  started
566.3036 	DATA 	Keypress: rctrl
567.0395 	DATA 	Keypress: rctrl
567.0518 	EXP 	Sound  started
567.7755 	DATA 	Keypress: lctrl
567.8019 	EXP 	Sound  started
568.4955 	DATA 	Keypress: rctrl
568.5519 	EXP 	Sound  started
569.2797 	DATA 	Keypress: lctrl
569.3019 	EXP 	Sound  started
570.0156 	DATA 	Keypress: lctrl
570.0519 	EXP 	Sound  started
570.7356 	DATA 	Keypress: lctrl
570.8019 	EXP 	Sound  started
571.5355 	DATA 	Keypress: lctrl
571.5519 	EXP 	Sound  started
572.2716 	DATA 	Keypress: rctrl
572.3019 	EXP 	Sound  started
573.0520 	EXP 	Sound  started
573.0555 	DATA 	Keypress: rctrl
573.8020 	EXP 	Sound  started
573.8075 	DATA 	Keypress: rctrl
574.5520 	EXP 	Sound  started
574.5596 	DATA 	Keypress: rctrl
575.2955 	DATA 	Keypress: lctrl
575.3020 	EXP 	Sound  started
576.0520 	EXP 	Sound  started
576.0796 	DATA 	Keypress: rctrl
576.8020 	EXP 	Sound  started
576.8155 	DATA 	Keypress: lctrl
577.5515 	DATA 	Keypress: rctrl
577.5520 	EXP 	Sound  started
578.3021 	EXP 	Sound  started
578.3195 	DATA 	Keypress: lctrl
579.0521 	EXP 	Sound  started
579.0715 	DATA 	Keypress: lctrl
579.8021 	EXP 	Sound  started
579.8075 	DATA 	Keypress: rctrl
580.5521 	EXP 	Sound  started
580.5916 	DATA 	Keypress: rctrl
581.2956 	DATA 	Keypress: rctrl
581.3021 	EXP 	Sound  started
582.0522 	EXP 	Sound  started
582.0796 	DATA 	Keypress: lctrl
582.7995 	DATA 	Keypress: lctrl
582.8021 	EXP 	Sound  started
583.5516 	DATA 	Keypress: lctrl
583.5522 	EXP 	Sound  started
584.3022 	EXP 	Sound  started
584.3036 	DATA 	Keypress: lctrl
585.0396 	DATA 	Keypress: rctrl
585.0522 	EXP 	Sound  started
585.7755 	DATA 	Keypress: rctrl
585.8022 	EXP 	Sound  started
586.5275 	DATA 	Keypress: rctrl
586.5522 	EXP 	Sound  started
587.2796 	DATA 	Keypress: rctrl
587.3022 	EXP 	Sound  started
588.0156 	DATA 	Keypress: rctrl
588.0522 	EXP 	Sound  started
588.7836 	DATA 	Keypress: lctrl
588.8023 	EXP 	Sound  started
589.5356 	DATA 	Keypress: lctrl
589.5523 	EXP 	Sound  started
590.2876 	DATA 	Keypress: lctrl
590.3023 	EXP 	Sound  started
591.0395 	DATA 	Keypress: lctrl
591.0523 	EXP 	Sound  started
591.8023 	EXP 	Sound  started
591.8075 	DATA 	Keypress: lctrl
592.5524 	EXP 	Sound  started
592.5755 	DATA 	Keypress: rctrl
593.2956 	DATA 	Keypress: rctrl
593.3024 	EXP 	Sound  started
594.0475 	DATA 	Keypress: rctrl
594.0524 	EXP 	Sound  started
594.8024 	EXP 	Sound  started
594.8315 	DATA 	Keypress: rctrl
595.5524 	EXP 	Sound  started
595.5995 	DATA 	Keypress: lctrl
596.3024 	EXP 	Sound  started
596.3035 	DATA 	Keypress: lctrl
597.0524 	EXP 	Sound  started
597.0556 	DATA 	Keypress: lctrl
597.8025 	EXP 	Sound  started
597.8075 	DATA 	Keypress: rctrl
598.5525 	EXP 	Sound  started
598.5756 	DATA 	Keypress: rctrl
599.3025 	EXP 	Sound  started
599.3435 	DATA 	Keypress: lctrl
600.0525 	EXP 	Sound  started
600.0796 	DATA 	Keypress: rctrl
600.8025 	EXP 	Sound  started
600.8315 	DATA 	Keypress: lctrl
601.5516 	DATA 	Keypress: lctrl
601.5525 	EXP 	Sound  started
602.3026 	EXP 	Sound  started
602.3195 	DATA 	Keypress: rctrl
603.0526 	EXP 	Sound  started
603.0875 	DATA 	Keypress: rctrl
603.8026 	EXP 	Sound  started
603.8076 	DATA 	Keypress: rctrl
604.5526 	EXP 	Sound  started
604.6075 	DATA 	Keypress: lctrl
605.3026 	EXP 	Sound  started
605.3435 	DATA 	Keypress: lctrl
606.0475 	DATA 	Keypress: lctrl
606.0526 	EXP 	Sound  started
606.7996 	DATA 	Keypress: lctrl
606.8027 	EXP 	Sound  started
607.5355 	DATA 	Keypress: rctrl
607.5527 	EXP 	Sound  started
608.2555 	DATA 	Keypress: rctrl
608.3027 	EXP 	Sound  started
609.0236 	DATA 	Keypress: rctrl
609.0527 	EXP 	Sound  started
609.7916 	DATA 	Keypress: rctrl
609.8027 	EXP 	Sound  started
610.5435 	DATA 	Keypress: rctrl
610.5527 	EXP 	Sound  started
611.2796 	DATA 	Keypress: lctrl
611.3027 	EXP 	Sound  started
612.0156 	DATA 	Keypress: lctrl
612.0527 	EXP 	Sound  started
612.7835 	DATA 	Keypress: lctrl
612.8028 	EXP 	Sound  started
613.5528 	EXP 	Sound  started
613.5675 	DATA 	Keypress: lctrl
614.3028 	EXP 	Sound  started
614.3516 	DATA 	Keypress: lctrl
615.0528 	EXP 	Sound  started
615.1035 	DATA 	Keypress: rctrl
615.8028 	EXP 	Sound  started
615.8395 	DATA 	Keypress: rctrl
616.5528 	EXP 	Sound  started
616.5916 	DATA 	Keypress: rctrl
617.3029 	EXP 	Sound  started
617.3915 	DATA 	Keypress: rctrl
618.0529 	EXP 	Sound  started
618.1115 	DATA 	Keypress: lctrl
618.7996 	DATA 	Keypress: lctrl
618.8029 	EXP 	Sound  started
619.5196 	DATA 	Keypress: lctrl
619.5529 	EXP 	Sound  started
620.2875 	DATA 	Keypress: rctrl
620.3029 	EXP 	Sound  started
621.0236 	DATA 	Keypress: rctrl
621.0529 	EXP 	Sound  started
621.8030 	EXP 	Sound  started
621.8395 	DATA 	Keypress: lctrl
622.5530 	EXP 	Sound  started
622.6075 	DATA 	Keypress: rctrl
623.4012 	DATA 	Keypress: lctrl
628.9385 	DATA 	Keypress: 2
628.9550 	EXP 	unnamed ShapeStim: vertices = <class 'numpy.ndarray'>
630.9607 	DATA 	Keypress: 4
630.9900 	EXP 	unnamed ShapeStim: vertices = <class 'numpy.ndarray'>
633.4923 	DATA 	Keypress: 3
633.5088 	EXP 	unnamed ShapeStim: vertices = <class 'numpy.ndarray'>
635.7934 	EXP 	Sound  started
636.0476 	DATA 	Keypress: lctrl
636.5434 	EXP 	Sound  started
636.6716 	DATA 	Keypress: rctrl
637.2934 	EXP 	Sound  started
637.3595 	DATA 	Keypress: lctrl
637.9995 	DATA 	Keypress: rctrl
638.0434 	EXP 	Sound  started
638.7355 	DATA 	Keypress: rctrl
638.7935 	EXP 	Sound  started
639.5035 	DATA 	Keypress: rctrl
639.5435 	EXP 	Sound  started
640.2555 	DATA 	Keypress: rctrl
640.2935 	EXP 	Sound  started
641.0075 	DATA 	Keypress: lctrl
641.0435 	EXP 	Sound  started
641.7755 	DATA 	Keypress: lctrl
641.7935 	EXP 	Sound  started
642.5435 	EXP 	Sound  started
642.6075 	DATA 	Keypress: lctrl
643.2936 	EXP 	Sound  started
643.3435 	DATA 	Keypress: rctrl
644.0315 	DATA 	Keypress: rctrl
644.0436 	EXP 	Sound  started
644.7936 	EXP 	Sound  started
644.8795 	DATA 	Keypress: lctrl
645.5436 	EXP 	Sound  started
645.5835 	DATA 	Keypress: rctrl
646.2875 	DATA 	Keypress: lctrl
646.2936 	EXP 	Sound  started
647.0075 	DATA 	Keypress: lctrl
647.0436 	EXP 	Sound  started
647.7275 	DATA 	Keypress: rctrl
647.7936 	EXP 	Sound  started
648.5115 	DATA 	Keypress: rctrl
648.5437 	EXP 	Sound  started
649.2636 	DATA 	Keypress: rctrl
649.2937 	EXP 	Sound  started
650.0155 	DATA 	Keypress: lctrl
650.0437 	EXP 	Sound  started
650.7515 	DATA 	Keypress: lctrl
650.7937 	EXP 	Sound  started
651.4715 	DATA 	Keypress: lctrl
651.5437 	EXP 	Sound  started
652.2555 	DATA 	Keypress: lctrl
652.2937 	EXP 	Sound  started
653.0235 	DATA 	Keypress: rctrl
653.0437 	EXP 	Sound  started
653.7755 	DATA 	Keypress: rctrl
653.7937 	EXP 	Sound  started
654.5275 	DATA 	Keypress: rctrl
654.5438 	EXP 	Sound  started
655.2938 	EXP 	Sound  started
655.3115 	DATA 	Keypress: rctrl
655.9835 	DATA 	Keypress: rctrl
656.0438 	EXP 	Sound  started
656.7675 	DATA 	Keypress: lctrl
656.7938 	EXP 	Sound  started
657.5035 	DATA 	Keypress: lctrl
657.5438 	EXP 	Sound  started
658.2556 	DATA 	Keypress: lctrl
658.2938 	EXP 	Sound  started
659.0395 	DATA 	Keypress: lctrl
659.0438 	EXP 	Sound  started
659.7916 	DATA 	Keypress: rctrl
659.7939 	EXP 	Sound  started
660.5439 	EXP 	Sound  started
660.5595 	DATA 	Keypress: rctrl
661.2939 	EXP 	Sound  started
661.3115 	DATA 	Keypress: rctrl
662.0439 	EXP 	Sound  started
662.1115 	DATA 	Keypress: lctrl
662.7939 	EXP 	Sound  started
662.8315 	DATA 	Keypress: lctrl
663.5439 	EXP 	Sound  started
663.5675 	DATA 	Keypress: rctrl
664.2940 	EXP 	Sound  started
664.3355 	DATA 	Keypress: lctrl
665.0440 	EXP 	Sound  started
665.0875 	DATA 	Keypress: lctrl
665.7940 	EXP 	Sound  started
665.8075 	DATA 	Keypress: rctrl
666.4955 	DATA 	Keypress: rctrl
666.5440 	EXP 	Sound  started
667.2940 	EXP 	Sound  started
667.3594 	DATA 	Keypress: lctrl
668.0440 	EXP 	Sound  started
668.0474 	DATA 	Keypress: rctrl
668.7515 	DATA 	Keypress: lctrl
668.7941 	EXP 	Sound  started
669.5035 	DATA 	Keypress: lctrl
669.5441 	EXP 	Sound  started
670.2715 	DATA 	Keypress: rctrl
670.2941 	EXP 	Sound  started
671.0235 	DATA 	Keypress: lctrl
671.0441 	EXP 	Sound  started
671.7595 	DATA 	Keypress: rctrl
671.7941 	EXP 	Sound  started
672.5442 	EXP 	Sound  started
672.5595 	DATA 	Keypress: rctrl
673.2942 	EXP 	Sound  started
673.3274 	DATA 	Keypress: lctrl
674.0442 	EXP 	Sound  started
674.0634 	DATA 	Keypress: lctrl
674.7675 	DATA 	Keypress: lctrl
674.7942 	EXP 	Sound  started
675.5442 	EXP 	Sound  started
675.5514 	DATA 	Keypress: rctrl
676.2715 	DATA 	Keypress: rctrl
676.2942 	EXP 	Sound  started
677.0075 	DATA 	Keypress: lctrl
677.0442 	EXP 	Sound  started
677.7755 	DATA 	Keypress: rctrl
677.7942 	EXP 	Sound  started
678.5443 	EXP 	Sound  started
678.5594 	DATA 	Keypress: lctrl
679.2943 	EXP 	Sound  started
679.3116 	DATA 	Keypress: rctrl
680.0443 	EXP 	Sound  started
680.0955 	DATA 	Keypress: rctrl
680.7943 	EXP 	Sound  started
680.8315 	DATA 	Keypress: rctrl
681.5443 	EXP 	Sound  started
681.6155 	DATA 	Keypress: rctrl
682.2944 	EXP 	Sound  started
682.3354 	DATA 	Keypress: lctrl
683.0395 	DATA 	Keypress: rctrl
683.0444 	EXP 	Sound  started
683.7755 	DATA 	Keypress: lctrl
683.7944 	EXP 	Sound  started
684.5434 	DATA 	Keypress: rctrl
684.5444 	EXP 	Sound  started
685.2944 	EXP 	Sound  started
685.3277 	DATA 	Keypress: lctrl
686.0444 	EXP 	Sound  started
686.1275 	DATA 	Keypress: lctrl
686.7944 	EXP 	Sound  started
686.8155 	DATA 	Keypress: lctrl
687.5356 	DATA 	Keypress: lctrl
687.5444 	EXP 	Sound  started
688.2875 	DATA 	Keypress: rctrl
688.2945 	EXP 	Sound  started
689.0445 	EXP 	Sound  started
689.0554 	DATA 	Keypress: lctrl
689.7945 	EXP 	Sound  started
689.8235 	DATA 	Keypress: rctrl
690.5445 	EXP 	Sound  started
690.5756 	DATA 	Keypress: lctrl
691.2945 	EXP 	Sound  started
691.3115 	DATA 	Keypress: rctrl
692.0315 	DATA 	Keypress: rctrl
692.0445 	EXP 	Sound  started
692.7835 	DATA 	Keypress: rctrl
692.7946 	EXP 	Sound  started
693.5446 	EXP 	Sound  started
693.5514 	DATA 	Keypress: rctrl
694.2946 	EXP 	Sound  started
694.3355 	DATA 	Keypress: lctrl
695.0446 	EXP 	Sound  started
695.0874 	DATA 	Keypress: rctrl
695.7946 	EXP 	Sound  started
695.8235 	DATA 	Keypress: lctrl
696.5446 	EXP 	Sound  started
696.5595 	DATA 	Keypress: lctrl
697.2947 	EXP 	Sound  started
697.2955 	DATA 	Keypress: lctrl
697.9995 	DATA 	Keypress: rctrl
698.0447 	EXP 	Sound  started
698.7947 	EXP 	Sound  started
698.8154 	DATA 	Keypress: lctrl
699.5355 	DATA 	Keypress: rctrl
699.5447 	EXP 	Sound  started
700.2875 	DATA 	Keypress: rctrl
700.2947 	EXP 	Sound  started
701.0447 	EXP 	Sound  started
701.0555 	DATA 	Keypress: rctrl
701.7948 	EXP 	Sound  started
701.8396 	DATA 	Keypress: lctrl
702.5448 	EXP 	Sound  started
702.5755 	DATA 	Keypress: rctrl
703.2948 	EXP 	Sound  started
703.3275 	DATA 	Keypress: lctrl
704.1339 	DATA 	Keypress: lctrl
705.8720 	DATA 	Keypress: 1
705.9014 	EXP 	unnamed ShapeStim: vertices = <class 'numpy.ndarray'>
708.3869 	DATA 	Keypress: 3
708.4034 	EXP 	unnamed ShapeStim: vertices = <class 'numpy.ndarray'>
710.7560 	DATA 	Keypress: 3
710.7725 	EXP 	unnamed ShapeStim: vertices = <class 'numpy.ndarray'>
713.0575 	EXP 	Sound  started
713.0579 	DATA 	Keypress: lctrl
713.2795 	DATA 	Keypress: lctrl
713.8074 	EXP 	Sound  started
713.8235 	DATA 	Keypress: rctrl
714.5114 	DATA 	Keypress: lctrl
714.5574 	EXP 	Sound  started
715.3075 	EXP 	Sound  started
715.3116 	DATA 	Keypress: rctrl
716.0155 	DATA 	Keypress: rctrl
716.0575 	EXP 	Sound  started
716.7994 	DATA 	Keypress: lctrl
716.8075 	EXP 	Sound  started
717.5034 	DATA 	Keypress: rctrl
717.5575 	EXP 	Sound  started
718.2074 	DATA 	Keypress: lctrl
718.3075 	EXP 	Sound  started
719.0235 	DATA 	Keypress: lctrl
719.0575 	EXP 	Sound  started
719.8074 	DATA 	Keypress: lctrl
719.8077 	EXP 	Sound  started
720.5577 	EXP 	Sound  started
720.6395 	DATA 	Keypress: lctrl
721.3077 	EXP 	Sound  started
721.3274 	DATA 	Keypress: lctrl
722.0577 	EXP 	Sound  started
722.1114 	DATA 	Keypress: rctrl
722.8078 	EXP 	Sound  started
722.8475 	DATA 	Keypress: rctrl
723.5578 	EXP 	Sound  started
723.5675 	DATA 	Keypress: rctrl
724.3078 	EXP 	Sound  started
724.3354 	DATA 	Keypress: lctrl
725.0578 	EXP 	Sound  started
725.1035 	DATA 	Keypress: lctrl
725.8078 	EXP 	Sound  started
725.8235 	DATA 	Keypress: lctrl
726.5578 	EXP 	Sound  started
726.5754 	DATA 	Keypress: lctrl
727.3079 	EXP 	Sound  started
727.3275 	DATA 	Keypress: lctrl
728.0475 	DATA 	Keypress: rctrl
728.0579 	EXP 	Sound  started
728.7675 	DATA 	Keypress: lctrl
728.8079 	EXP 	Sound  started
729.5514 	DATA 	Keypress: rctrl
729.5579 	EXP 	Sound  started
730.3079 	EXP 	Sound  started
730.3514 	DATA 	Keypress: rctrl
731.0394 	DATA 	Keypress: lctrl
731.0579 	EXP 	Sound  started
731.7914 	DATA 	Keypress: lctrl
731.8080 	EXP 	Sound  started
732.5436 	DATA 	Keypress: rctrl
732.5580 	EXP 	Sound  started
733.2635 	DATA 	Keypress: rctrl
733.3080 	EXP 	Sound  started
734.0475 	DATA 	Keypress: rctrl
734.0580 	EXP 	Sound  started
734.7515 	DATA 	Keypress: lctrl
734.8080 	EXP 	Sound  started
735.5354 	DATA 	Keypress: lctrl
735.5580 	EXP 	Sound  started
736.2394 	DATA 	Keypress: lctrl
736.3080 	EXP 	Sound  started
737.0235 	DATA 	Keypress: rctrl
737.0580 	EXP 	Sound  started
737.7594 	DATA 	Keypress: rctrl
737.8081 	EXP 	Sound  started
738.5434 	DATA 	Keypress: rctrl
738.5581 	EXP 	Sound  started
739.2794 	DATA 	Keypress: rctrl
739.3081 	EXP 	Sound  started
740.0581 	EXP 	Sound  started
740.0794 	DATA 	Keypress: lctrl
740.8081 	EXP 	Sound  started
740.8315 	DATA 	Keypress: lctrl
741.5581 	EXP 	Sound  started
741.5834 	DATA 	Keypress: lctrl
742.3081 	EXP 	Sound  started
742.3195 	DATA 	Keypress: lctrl
743.0582 	EXP 	Sound  started
743.0875 	DATA 	Keypress: rctrl
743.8082 	EXP 	Sound  started
743.8394 	DATA 	Keypress: rctrl
744.5582 	EXP 	Sound  started
744.5755 	DATA 	Keypress: lctrl
745.3082 	EXP 	Sound  started
745.3275 	DATA 	Keypress: rctrl
746.0582 	EXP 	Sound  started
746.0955 	DATA 	Keypress: lctrl
746.8082 	EXP 	Sound  started
746.8474 	DATA 	Keypress: lctrl
747.5515 	DATA 	Keypress: lctrl
747.5582 	EXP 	Sound  started
748.2874 	DATA 	Keypress: lctrl
748.3083 	EXP 	Sound  started
749.0554 	DATA 	Keypress: rctrl
749.0583 	EXP 	Sound  started
749.8074 	DATA 	Keypress: rctrl
749.8083 	EXP 	Sound  started
750.5583 	EXP 	Sound  started
750.5754 	DATA 	Keypress: lctrl
751.3083 	EXP 	Sound  started
751.3114 	DATA 	Keypress: rctrl
752.0154 	DATA 	Keypress: rctrl
752.0583 	EXP 	Sound  started
752.8084 	EXP 	Sound  started
752.8634 	DATA 	Keypress: lctrl
753.5584 	EXP 	Sound  started
753.5674 	DATA 	Keypress: rctrl
754.3084 	EXP 	Sound  started
754.3354 	DATA 	Keypress: lctrl
755.0584 	EXP 	Sound  started
755.0714 	DATA 	Keypress: rctrl
755.8084 	EXP 	Sound  started
755.8555 	DATA 	Keypress: rctrl
756.5584 	EXP 	Sound  started
756.6235 	DATA 	Keypress: lctrl
757.3085 	EXP 	Sound  started
757.3754 	DATA 	Keypress: rctrl
758.0585 	EXP 	Sound  started
758.0954 	DATA 	Keypress: rctrl
758.7994 	DATA 	Keypress: rctrl
758.8085 	EXP 	Sound  started
759.5585 	EXP 	Sound  started
759.5674 	DATA 	Keypress: lctrl
760.3085 	EXP 	Sound  started
760.3356 	DATA 	Keypress: rctrl
761.0585 	EXP 	Sound  started
761.0714 	DATA 	Keypress: lctrl
761.8085 	EXP 	Sound  started
761.8234 	DATA 	Keypress: rctrl
762.5586 	EXP 	Sound  started
762.5594 	DATA 	Keypress: lctrl
763.2474 	DATA 	Keypress: lctrl
763.3086 	EXP 	Sound  started
764.0586 	EXP 	Sound  started
764.0794 	DATA 	Keypress: rctrl
764.8086 	EXP 	Sound  started
764.8315 	DATA 	Keypress: lctrl
765.5586 	EXP 	Sound  started
765.5674 	DATA 	Keypress: rctrl
766.3086 	EXP 	Sound  started
766.3514 	DATA 	Keypress: rctrl
767.0587 	EXP 	Sound  started
767.1035 	DATA 	Keypress: rctrl
767.8087 	EXP 	Sound  started
767.8555 	DATA 	Keypress: lctrl
768.5587 	EXP 	Sound  started
768.5754 	DATA 	Keypress: lctrl
769.3087 	EXP 	Sound  started
769.3115 	DATA 	Keypress: rctrl
770.0587 	EXP 	Sound  started
770.1114 	DATA 	Keypress: lctrl
770.8087 	EXP 	Sound  started
770.8795 	DATA 	Keypress: rctrl
771.5587 	EXP 	Sound  started
771.6635 	DATA 	Keypress: lctrl
772.3088 	EXP 	Sound  started
772.3354 	DATA 	Keypress: rctrl
773.0588 	EXP 	Sound  started
773.0875 	DATA 	Keypress: lctrl
773.8088 	EXP 	Sound  started
773.8234 	DATA 	Keypress: rctrl
774.5434 	DATA 	Keypress: lctrl
774.5588 	EXP 	Sound  started
775.2954 	DATA 	Keypress: rctrl
775.3088 	EXP 	Sound  started
776.0588 	EXP 	Sound  started
776.0954 	DATA 	Keypress: lctrl
776.8088 	EXP 	Sound  started
776.8155 	DATA 	Keypress: rctrl
777.5515 	DATA 	Keypress: rctrl
777.5589 	EXP 	Sound  started
778.3089 	EXP 	Sound  started
778.3355 	DATA 	Keypress: rctrl
779.0555 	DATA 	Keypress: lctrl
779.0589 	EXP 	Sound  started
779.7915 	DATA 	Keypress: rctrl
779.8089 	EXP 	Sound  started
780.5589 	EXP 	Sound  started
780.5754 	DATA 	Keypress: lctrl
781.2634 	DATA 	Keypress: rctrl
794.2739 	DATA 	Keypress: 1
794.2904 	EXP 	unnamed ShapeStim: vertices = <class 'numpy.ndarray'>
798.0475 	DATA 	Keypress: 4
798.0769 	EXP 	unnamed ShapeStim: vertices = <class 'numpy.ndarray'>
801.7800 	DATA 	Keypress: 4
801.7966 	EXP 	unnamed ShapeStim: vertices = <class 'numpy.ndarray'>
804.0808 	EXP 	Sound  started
804.3994 	DATA 	Keypress: lctrl
804.8307 	EXP 	Sound  started
804.9114 	DATA 	Keypress: rctrl
805.5674 	DATA 	Keypress: lctrl
805.5807 	EXP 	Sound  started
806.3194 	DATA 	Keypress: rctrl
806.3307 	EXP 	Sound  started
807.0554 	DATA 	Keypress: rctrl
807.0807 	EXP 	Sound  started
807.8233 	DATA 	Keypress: rctrl
807.8307 	EXP 	Sound  started
808.5754 	DATA 	Keypress: lctrl
808.5807 	EXP 	Sound  started
809.2954 	DATA 	Keypress: lctrl
809.3308 	EXP 	Sound  started
810.0808 	EXP 	Sound  started
810.0954 	DATA 	Keypress: lctrl
810.7994 	DATA 	Keypress: rctrl
810.8308 	EXP 	Sound  started
811.5514 	DATA 	Keypress: lctrl
811.5808 	EXP 	Sound  started
812.3034 	DATA 	Keypress: rctrl
812.3308 	EXP 	Sound  started
813.0808 	EXP 	Sound  started
813.0874 	DATA 	Keypress: lctrl
813.7914 	DATA 	Keypress: rctrl
813.8308 	EXP 	Sound  started
814.5754 	DATA 	Keypress: rctrl
814.5809 	EXP 	Sound  started
815.2955 	DATA 	Keypress: lctrl
815.3309 	EXP 	Sound  started
816.0809 	EXP 	Sound  started
816.0954 	DATA 	Keypress: rctrl
816.7994 	DATA 	Keypress: lctrl
816.8309 	EXP 	Sound  started
817.5194 	DATA 	Keypress: rctrl
817.5809 	EXP 	Sound  started
818.2074 	DATA 	Keypress: rctrl
818.3309 	EXP 	Sound  started
819.0553 	DATA 	Keypress: lctrl
819.0809 	EXP 	Sound  started
819.7594 	DATA 	Keypress: lctrl
819.8310 	EXP 	Sound  started
820.4793 	DATA 	Keypress: rctrl
820.5810 	EXP 	Sound  started
821.3114 	DATA 	Keypress: lctrl
821.3310 	EXP 	Sound  started
822.0810 	EXP 	Sound  started
822.1274 	DATA 	Keypress: rctrl
822.8310 	EXP 	Sound  started
822.8634 	DATA 	Keypress: rctrl
823.5810 	EXP 	Sound  started
823.6154 	DATA 	Keypress: rctrl
824.3310 	EXP 	Sound  started
824.3834 	DATA 	Keypress: lctrl
825.0811 	EXP 	Sound  started
825.0874 	DATA 	Keypress: lctrl
825.8074 	DATA 	Keypress: lctrl
825.8311 	EXP 	Sound  started
826.5594 	DATA 	Keypress: lctrl
826.5811 	EXP 	Sound  started
827.3274 	DATA 	Keypress: rctrl
827.3311 	EXP 	Sound  started
828.0811 	EXP 	Sound  started
828.1274 	DATA 	Keypress: lctrl
828.8311 	EXP 	Sound  started
828.8793 	DATA 	Keypress: rctrl
829.5811 	EXP 	Sound  started
829.6154 	DATA 	Keypress: rctrl
830.3194 	DATA 	Keypress: rctrl
830.3311 	EXP 	Sound  started
831.0812 	EXP 	Sound  started
831.1034 	DATA 	Keypress: rctrl
831.8312 	EXP 	Sound  started
831.8874 	DATA 	Keypress: lctrl
832.5812 	EXP 	Sound  started
832.6073 	DATA 	Keypress: rctrl
833.3274 	DATA 	Keypress: lctrl
833.3312 	EXP 	Sound  started
834.0793 	DATA 	Keypress: lctrl
834.0812 	EXP 	Sound  started
834.8154 	DATA 	Keypress: lctrl
834.8312 	EXP 	Sound  started
835.5354 	DATA 	Keypress: lctrl
835.5813 	EXP 	Sound  started
836.3313 	EXP 	Sound  started
836.3513 	DATA 	Keypress: rctrl
837.0554 	DATA 	Keypress: rctrl
837.0813 	EXP 	Sound  started
837.7754 	DATA 	Keypress: rctrl
837.8313 	EXP 	Sound  started
838.5594 	DATA 	Keypress: rctrl
838.5813 	EXP 	Sound  started
839.3113 	DATA 	Keypress: rctrl
839.3313 	EXP 	Sound  started
840.0154 	DATA 	Keypress: lctrl
840.0813 	EXP 	Sound  started
840.7995 	DATA 	Keypress: lctrl
840.8314 	EXP 	Sound  started
841.5354 	DATA 	Keypress: rctrl
841.5814 	EXP 	Sound  started
842.3194 	DATA 	Keypress: lctrl
842.3314 	EXP 	Sound  started
843.0713 	DATA 	Keypress: rctrl
843.0814 	EXP 	Sound  started
843.8074 	DATA 	Keypress: rctrl
850.0863 	DATA 	Keypress: 3
850.1028 	EXP 	unnamed ShapeStim: vertices = <class 'numpy.ndarray'>
852.2422 	DATA 	Keypress: 2
852.2712 	EXP 	unnamed ShapeStim: vertices = <class 'numpy.ndarray'>
854.5071 	DATA 	Keypress: 2
854.5236 	EXP 	unnamed ShapeStim: vertices = <class 'numpy.ndarray'>
856.8081 	EXP 	Sound  started
857.0554 	DATA 	Keypress: rctrl
857.5580 	EXP 	Sound  started
857.6153 	DATA 	Keypress: lctrl
858.3034 	DATA 	Keypress: rctrl
858.3080 	EXP 	Sound  started
859.0553 	DATA 	Keypress: rctrl
859.0580 	EXP 	Sound  started
859.7753 	DATA 	Keypress: lctrl
859.8080 	EXP 	Sound  started
860.5433 	DATA 	Keypress: rctrl
860.5581 	EXP 	Sound  started
861.2793 	DATA 	Keypress: lctrl
861.3081 	EXP 	Sound  started
862.0153 	DATA 	Keypress: lctrl
862.0581 	EXP 	Sound  started
862.8081 	EXP 	Sound  started
862.8953 	DATA 	Keypress: lctrl
863.5581 	EXP 	Sound  started
863.5833 	DATA 	Keypress: rctrl
864.2873 	DATA 	Keypress: lctrl
864.3081 	EXP 	Sound  started
865.0074 	DATA 	Keypress: rctrl
865.0582 	EXP 	Sound  started
865.7594 	DATA 	Keypress: rctrl
865.8082 	EXP 	Sound  started
866.5582 	EXP 	Sound  started
866.5913 	DATA 	Keypress: rctrl
867.3082 	EXP 	Sound  started
867.3433 	DATA 	Keypress: rctrl
868.0582 	EXP 	Sound  started
868.0953 	DATA 	Keypress: lctrl
868.8082 	EXP 	Sound  started
868.8313 	DATA 	Keypress: rctrl
869.5583 	EXP 	Sound  started
869.5673 	DATA 	Keypress: lctrl
870.3083 	EXP 	Sound  started
870.3194 	DATA 	Keypress: lctrl
871.0394 	DATA 	Keypress: lctrl
871.0583 	EXP 	Sound  started
871.8083 	EXP 	Sound  started
871.8233 	DATA 	Keypress: lctrl
872.5583 	EXP 	Sound  started
872.6234 	DATA 	Keypress: lctrl
873.3083 	EXP 	Sound  started
873.3753 	DATA 	Keypress: rctrl
874.0584 	EXP 	Sound  started
874.0953 	DATA 	Keypress: lctrl
874.8084 	EXP 	Sound  started
874.8313 	DATA 	Keypress: rctrl
875.5584 	EXP 	Sound  started
875.5834 	DATA 	Keypress: lctrl
876.3033 	DATA 	Keypress: lctrl
876.3084 	EXP 	Sound  started
877.0393 	DATA 	Keypress: lctrl
877.0584 	EXP 	Sound  started
877.8073 	DATA 	Keypress: lctrl
877.8084 	EXP 	Sound  started
878.5273 	DATA 	Keypress: rctrl
878.5584 	EXP 	Sound  started
879.2953 	DATA 	Keypress: lctrl
879.3085 	EXP 	Sound  started
880.0585 	EXP 	Sound  started
880.0633 	DATA 	Keypress: rctrl
880.8085 	EXP 	Sound  started
880.8473 	DATA 	Keypress: rctrl
881.5585 	EXP 	Sound  started
881.5994 	DATA 	Keypress: rctrl
882.3085 	EXP 	Sound  started
882.3194 	DATA 	Keypress: rctrl
883.0585 	EXP 	Sound  started
883.0714 	DATA 	Keypress: rctrl
883.8086 	EXP 	Sound  started
883.8233 	DATA 	Keypress: lctrl
884.5586 	EXP 	Sound  started
884.5594 	DATA 	Keypress: rctrl
885.3086 	EXP 	Sound  started
885.3113 	DATA 	Keypress: lctrl
886.0314 	DATA 	Keypress: lctrl
886.0586 	EXP 	Sound  started
886.8086 	EXP 	Sound  started
886.8153 	DATA 	Keypress: lctrl
887.5586 	EXP 	Sound  started
887.5674 	DATA 	Keypress: rctrl
888.2873 	DATA 	Keypress: lctrl
888.3086 	EXP 	Sound  started
889.0393 	DATA 	Keypress: rctrl
889.0587 	EXP 	Sound  started
889.8073 	DATA 	Keypress: rctrl
889.8087 	EXP 	Sound  started
890.5587 	EXP 	Sound  started
890.5753 	DATA 	Keypress: rctrl
891.3087 	EXP 	Sound  started
891.3753 	DATA 	Keypress: lctrl
892.0587 	EXP 	Sound  started
892.1274 	DATA 	Keypress: lctrl
892.8087 	EXP 	Sound  started
892.8154 	DATA 	Keypress: lctrl
893.5353 	DATA 	Keypress: lctrl
893.5588 	EXP 	Sound  started
894.3033 	DATA 	Keypress: rctrl
894.3088 	EXP 	Sound  started
895.0393 	DATA 	Keypress: lctrl
895.0588 	EXP 	Sound  started
895.7434 	DATA 	Keypress: rctrl
895.8088 	EXP 	Sound  started
896.5114 	DATA 	Keypress: rctrl
896.5588 	EXP 	Sound  started
897.3757 	DATA 	Keypress: rctrl
901.4784 	DATA 	Keypress: 2
901.4949 	EXP 	unnamed ShapeStim: vertices = <class 'numpy.ndarray'>
903.6973 	DATA 	Keypress: 3
903.7139 	EXP 	unnamed ShapeStim: vertices = <class 'numpy.ndarray'>
905.9159 	DATA 	Keypress: 3
905.9323 	EXP 	unnamed ShapeStim: vertices = <class 'numpy.ndarray'>
908.2177 	EXP 	Sound  started
908.9676 	EXP 	Sound  started
909.0393 	DATA 	Keypress: rctrl
909.7176 	EXP 	Sound  started
909.7433 	DATA 	Keypress: lctrl
910.4677 	EXP 	Sound  started
910.4953 	DATA 	Keypress: lctrl
911.1994 	DATA 	Keypress: rctrl
911.2177 	EXP 	Sound  started
911.9673 	DATA 	Keypress: lctrl
911.9677 	EXP 	Sound  started
912.7177 	EXP 	Sound  started
912.7354 	DATA 	Keypress: rctrl
913.4677 	EXP 	Sound  started
913.4874 	DATA 	Keypress: lctrl
914.2073 	DATA 	Keypress: lctrl
914.2177 	EXP 	Sound  started
914.9677 	EXP 	Sound  started
914.9753 	DATA 	Keypress: rctrl
915.7113 	DATA 	Keypress: rctrl
915.7178 	EXP 	Sound  started
916.4678 	EXP 	Sound  started
916.4793 	DATA 	Keypress: rctrl
917.2178 	EXP 	Sound  started
917.2473 	DATA 	Keypress: rctrl
917.9513 	DATA 	Keypress: rctrl
917.9678 	EXP 	Sound  started
918.7033 	DATA 	Keypress: lctrl
918.7178 	EXP 	Sound  started
919.4233 	DATA 	Keypress: lctrl
919.4678 	EXP 	Sound  started
920.2179 	EXP 	Sound  started
920.2393 	DATA 	Keypress: lctrl
920.9679 	EXP 	Sound  started
920.9753 	DATA 	Keypress: rctrl
921.7179 	EXP 	Sound  started
921.7433 	DATA 	Keypress: rctrl
922.4679 	EXP 	Sound  started
922.4953 	DATA 	Keypress: rctrl
923.2179 	EXP 	Sound  started
923.2473 	DATA 	Keypress: rctrl
923.9679 	EXP 	Sound  started
924.0153 	DATA 	Keypress: lctrl
924.7179 	EXP 	Sound  started
924.7514 	DATA 	Keypress: lctrl
925.4680 	EXP 	Sound  started
925.4713 	DATA 	Keypress: lctrl
926.2073 	DATA 	Keypress: rctrl
926.2180 	EXP 	Sound  started
926.9433 	DATA 	Keypress: rctrl
926.9680 	EXP 	Sound  started
927.7180 	EXP 	Sound  started
927.7432 	DATA 	Keypress: rctrl
928.4680 	EXP 	Sound  started
928.4953 	DATA 	Keypress: lctrl
929.1993 	DATA 	Keypress: lctrl
929.2180 	EXP 	Sound  started
929.9681 	EXP 	Sound  started
929.9993 	DATA 	Keypress: lctrl
930.7181 	EXP 	Sound  started
930.7833 	DATA 	Keypress: lctrl
931.4681 	EXP 	Sound  started
931.5193 	DATA 	Keypress: rctrl
932.2181 	EXP 	Sound  started
932.2553 	DATA 	Keypress: rctrl
932.9681 	EXP 	Sound  started
933.0234 	DATA 	Keypress: lctrl
933.7181 	EXP 	Sound  started
933.7433 	DATA 	Keypress: lctrl
934.4313 	DATA 	Keypress: lctrl
934.4681 	EXP 	Sound  started
935.2153 	DATA 	Keypress: lctrl
935.2182 	EXP 	Sound  started
935.9353 	DATA 	Keypress: lctrl
935.9682 	EXP 	Sound  started
936.7182 	EXP 	Sound  started
936.7193 	DATA 	Keypress: rctrl
937.4682 	EXP 	Sound  started
937.4713 	DATA 	Keypress: lctrl
938.2182 	EXP 	Sound  started
938.2232 	DATA 	Keypress: lctrl
938.9682 	EXP 	Sound  started
938.9753 	DATA 	Keypress: lctrl
939.7182 	EXP 	Sound  started
939.7433 	DATA 	Keypress: lctrl
940.4682 	EXP 	Sound  started
940.4953 	DATA 	Keypress: rctrl
941.2153 	DATA 	Keypress: rctrl
941.2183 	EXP 	Sound  started
941.9683 	EXP 	Sound  started
942.0153 	DATA 	Keypress: lctrl
942.7183 	EXP 	Sound  started
942.7193 	DATA 	Keypress: lctrl
943.4683 	EXP 	Sound  started
943.4874 	DATA 	Keypress: lctrl
944.2073 	DATA 	Keypress: rctrl
944.2183 	EXP 	Sound  started
944.9594 	DATA 	Keypress: rctrl
944.9683 	EXP 	Sound  started
945.6794 	DATA 	Keypress: rctrl
945.7184 	EXP 	Sound  started
946.4633 	DATA 	Keypress: lctrl
946.4684 	EXP 	Sound  started
947.2184 	EXP 	Sound  started
947.2473 	DATA 	Keypress: lctrl
947.9684 	EXP 	Sound  started
947.9993 	DATA 	Keypress: rctrl
948.7184 	EXP 	Sound  started
948.7513 	DATA 	Keypress: rctrl
949.4685 	EXP 	Sound  started
949.4713 	DATA 	Keypress: rctrl
950.2185 	EXP 	Sound  started
950.2713 	DATA 	Keypress: rctrl
950.9685 	EXP 	Sound  started
951.0233 	DATA 	Keypress: lctrl
951.7185 	EXP 	Sound  started
951.7913 	DATA 	Keypress: rctrl
952.4685 	EXP 	Sound  started
952.5433 	DATA 	Keypress: rctrl
953.2185 	EXP 	Sound  started
953.2953 	DATA 	Keypress: rctrl
953.9685 	EXP 	Sound  started
954.0153 	DATA 	Keypress: rctrl
954.7186 	EXP 	Sound  started
954.7353 	DATA 	Keypress: rctrl
955.4686 	EXP 	Sound  started
955.5513 	DATA 	Keypress: lctrl
956.2904 	DATA 	Keypress: lctrl
959.3131 	DATA 	Keypress: 3
959.3423 	EXP 	unnamed ShapeStim: vertices = <class 'numpy.ndarray'>
961.3941 	DATA 	Keypress: 2
961.4106 	EXP 	unnamed ShapeStim: vertices = <class 'numpy.ndarray'>
963.7465 	DATA 	Keypress: 1
963.7630 	EXP 	unnamed ShapeStim: vertices = <class 'numpy.ndarray'>
966.0474 	EXP 	Sound  started
966.2393 	DATA 	Keypress: rctrl
966.7974 	EXP 	Sound  started
966.8153 	DATA 	Keypress: lctrl
967.4873 	DATA 	Keypress: rctrl
967.5474 	EXP 	Sound  started
968.2233 	DATA 	Keypress: rctrl
968.2974 	EXP 	Sound  started
969.0072 	DATA 	Keypress: rctrl
969.0474 	EXP 	Sound  started
969.7974 	EXP 	Sound  started
969.8233 	DATA 	Keypress: lctrl
970.5113 	DATA 	Keypress: rctrl
970.5474 	EXP 	Sound  started
971.2975 	EXP 	Sound  started
971.3272 	DATA 	Keypress: lctrl
972.0475 	EXP 	Sound  started
972.0632 	DATA 	Keypress: lctrl
972.7833 	DATA 	Keypress: lctrl
972.7975 	EXP 	Sound  started
973.5033 	DATA 	Keypress: rctrl
973.5475 	EXP 	Sound  started
974.2553 	DATA 	Keypress: lctrl
974.2975 	EXP 	Sound  started
975.0475 	EXP 	Sound  started
975.0553 	DATA 	Keypress: rctrl
975.7592 	DATA 	Keypress: rctrl
975.7975 	EXP 	Sound  started
976.4953 	DATA 	Keypress: rctrl
976.5476 	EXP 	Sound  started
977.1833 	DATA 	Keypress: rctrl
977.2976 	EXP 	Sound  started
978.0312 	DATA 	Keypress: lctrl
978.0476 	EXP 	Sound  started
978.7353 	DATA 	Keypress: rctrl
978.7976 	EXP 	Sound  started
979.4712 	DATA 	Keypress: lctrl
979.5476 	EXP 	Sound  started
980.2976 	EXP 	Sound  started
980.3193 	DATA 	Keypress: lctrl
981.0233 	DATA 	Keypress: lctrl
981.0476 	EXP 	Sound  started
981.7592 	DATA 	Keypress: rctrl
981.7976 	EXP 	Sound  started
982.5273 	DATA 	Keypress: lctrl
982.5477 	EXP 	Sound  started
983.2953 	DATA 	Keypress: rctrl
983.2977 	EXP 	Sound  started
984.0477 	EXP 	Sound  started
984.0632 	DATA 	Keypress: rctrl
984.7673 	DATA 	Keypress: rctrl
984.7977 	EXP 	Sound  started
985.5477 	EXP 	Sound  started
985.5672 	DATA 	Keypress: lctrl
986.2977 	EXP 	Sound  started
986.3033 	DATA 	Keypress: lctrl
987.0478 	EXP 	Sound  started
987.0873 	DATA 	Keypress: lctrl
987.7978 	EXP 	Sound  started
987.8233 	DATA 	Keypress: rctrl
988.5478 	EXP 	Sound  started
988.5593 	DATA 	Keypress: lctrl
989.2952 	DATA 	Keypress: lctrl
989.2978 	EXP 	Sound  started
990.0478 	EXP 	Sound  started
990.0793 	DATA 	Keypress: lctrl
990.7978 	EXP 	Sound  started
990.8312 	DATA 	Keypress: lctrl
991.5478 	EXP 	Sound  started
991.5992 	DATA 	Keypress: rctrl
992.2979 	EXP 	Sound  started
992.3992 	DATA 	Keypress: lctrl
993.0479 	EXP 	Sound  started
993.0712 	DATA 	Keypress: rctrl
993.7913 	DATA 	Keypress: rctrl
993.7979 	EXP 	Sound  started
994.5273 	DATA 	Keypress: rctrl
994.5479 	EXP 	Sound  started
995.2633 	DATA 	Keypress: lctrl
995.2979 	EXP 	Sound  started
995.9992 	DATA 	Keypress: rctrl
996.0479 	EXP 	Sound  started
996.7673 	DATA 	Keypress: rctrl
996.7979 	EXP 	Sound  started
997.5480 	EXP 	Sound  started
997.5832 	DATA 	Keypress: lctrl
998.2872 	DATA 	Keypress: rctrl
998.2980 	EXP 	Sound  started
999.0073 	DATA 	Keypress: lctrl
999.0480 	EXP 	Sound  started
999.7752 	DATA 	Keypress: lctrl
999.7980 	EXP 	Sound  started
1000.5480 	EXP 	Sound  started
1000.6232 	DATA 	Keypress: rctrl
1001.2632 	DATA 	Keypress: lctrl
1001.2980 	EXP 	Sound  started
1002.0153 	DATA 	Keypress: rctrl
1002.0481 	EXP 	Sound  started
1002.7673 	DATA 	Keypress: rctrl
1002.7981 	EXP 	Sound  started
1003.5481 	EXP 	Sound  started
1003.5513 	DATA 	Keypress: lctrl
1004.2713 	DATA 	Keypress: rctrl
1004.2981 	EXP 	Sound  started
1005.0481 	EXP 	Sound  started
1005.0712 	DATA 	Keypress: lctrl
1005.7981 	EXP 	Sound  started
1005.8072 	DATA 	Keypress: lctrl
1006.5482 	EXP 	Sound  started
1006.5753 	DATA 	Keypress: lctrl
1007.2982 	EXP 	Sound  started
1007.3113 	DATA 	Keypress: rctrl
1008.0152 	DATA 	Keypress: lctrl
1008.0482 	EXP 	Sound  started
1008.7832 	DATA 	Keypress: rctrl
1008.7982 	EXP 	Sound  started
1009.4712 	DATA 	Keypress: lctrl
1009.5482 	EXP 	Sound  started
1010.2872 	DATA 	Keypress: rctrl
1010.2982 	EXP 	Sound  started
1010.9913 	DATA 	Keypress: rctrl
1011.0482 	EXP 	Sound  started
1011.7913 	DATA 	Keypress: rctrl
1011.7983 	EXP 	Sound  started
1012.5483 	EXP 	Sound  started
1012.5914 	DATA 	Keypress: lctrl
1013.2952 	DATA 	Keypress: rctrl
1013.2983 	EXP 	Sound  started
1014.0313 	DATA 	Keypress: lctrl
1014.0483 	EXP 	Sound  started
1014.7512 	DATA 	Keypress: rctrl
1014.7983 	EXP 	Sound  started
1015.5483 	EXP 	Sound  started
1015.5672 	DATA 	Keypress: rctrl
1016.2983 	EXP 	Sound  started
1016.3353 	DATA 	Keypress: lctrl
1017.0393 	DATA 	Keypress: rctrl
1017.0484 	EXP 	Sound  started
1017.7112 	DATA 	Keypress: lctrl
1017.7984 	EXP 	Sound  started
1018.4793 	DATA 	Keypress: rctrl
1018.5484 	EXP 	Sound  started
1019.2792 	DATA 	Keypress: rctrl
1019.2984 	EXP 	Sound  started
1020.0484 	EXP 	Sound  started
1020.1113 	DATA 	Keypress: lctrl
1020.7833 	DATA 	Keypress: rctrl
1020.7984 	EXP 	Sound  started
1021.5484 	EXP 	Sound  started
1021.5512 	DATA 	Keypress: lctrl
1022.2872 	DATA 	Keypress: rctrl
1022.2984 	EXP 	Sound  started
1023.0485 	EXP 	Sound  started
1023.0552 	DATA 	Keypress: lctrl
1023.7913 	DATA 	Keypress: lctrl
1023.7985 	EXP 	Sound  started
1024.5432 	DATA 	Keypress: lctrl
1024.5485 	EXP 	Sound  started
1025.2952 	DATA 	Keypress: lctrl
1028.8493 	DATA 	Keypress: 2
1028.8659 	EXP 	unnamed ShapeStim: vertices = <class 'numpy.ndarray'>
1032.4023 	DATA 	Keypress: 3
1032.4188 	EXP 	unnamed ShapeStim: vertices = <class 'numpy.ndarray'>
1035.1717 	DATA 	Keypress: 3
1035.1882 	EXP 	unnamed ShapeStim: vertices = <class 'numpy.ndarray'>
1174.7992 	DATA 	Keypress: escape
1174.8813 	EXP 	window1: mouseVisible = True
