16.5962 	WARNING 	User requested fullscreen with size [1024  768], but screen is actually [1920, 1200]. Using actual size
17.3929 	EXP 	Created window1 = Window(allowGUI=False, allowStencil=False, autoLog=True, backendConf=UNKNOWN, bitsMode=UNKNOWN, blendMode='avg', bpc=(8, 8, 8), color=array([0, 0, 0]), colorSpace='rgb', depthBits=8, fullscr=<method-wrapper '__getattribute__' of attributeSetter object at 0x000001FAA30767B8>, gamma=None, gammaErrorPolicy='raise', lms=UNKNOWN, monitor=<psychopy.monitors.calibTools.Monitor object at 0x000001FAA47B50B8>, multiSample=False, name='window1', numSamples=2, pos=[0.0, 0.0], screen=0, size=array([1920, 1200]), stencilBits=0, stereo=False, units='norm', useFBO=True, useRetina=False, viewOri=0.0, viewPos=None, viewScale=None, waitBlanking=True, winType='pyglet')
17.3933 	EXP 	window1: mouseVisible = True
17.3933 	EXP 	window1: mouseVisible = False
17.3933 	EXP 	window1: recordFrameIntervals = False
17.5595 	EXP 	window1: recordFrameIntervals = True
17.7431 	EXP 	window1: recordFrameIntervals = False
17.7973 	EXP 	Created text = TextStim(__class__=<class 'psychopy.visual.text.TextStim'>, alignHoriz=method-wrapper(...), alignText='center', alignVert=method-wrapper(...), anchorHoriz='center', anchorVert='center', antialias=True, autoLog=True, bold=False, color=array([1., 1., 1.]), colorSpace='rgb', contrast=1.0, depth=0.0, flipHoriz=False, flipVert=False, font='Arial', fontFiles=[], height=0.15, italic=False, languageStyle='LTR', name='text', opacity=1, ori=0, pos=array([0., 0.]), rgb=UNKNOWN, text='+', units='norm', win=Window(...), wrapWidth=1)
17.8172 	EXP 	Created text = TextStim(__class__=<class 'psychopy.visual.text.TextStim'>, alignHoriz=method-wrapper(...), alignText='center', alignVert=method-wrapper(...), anchorHoriz='center', anchorVert='center', antialias=True, autoLog=True, bold=False, color=array([1., 1., 1.]), colorSpace='rgb', contrast=1.0, depth=0.0, flipHoriz=False, flipVert=False, font='Arial', fontFiles=[], height=0.07, italic=False, languageStyle='LTR', name='text', opacity=1, ori=0, pos=array([0., 0.]), rgb=UNKNOWN, text=str(...), units='norm', win=Window(...), wrapWidth=1.65)
17.8294 	EXP 	Created text = TextStim(__class__=<class 'psychopy.visual.text.TextStim'>, alignHoriz=method-wrapper(...), alignText='center', alignVert=method-wrapper(...), anchorHoriz='center', anchorVert='center', antialias=True, autoLog=True, bold=False, color=array([1., 1., 1.]), colorSpace='rgb', contrast=1.0, depth=0.0, flipHoriz=False, flipVert=False, font='Arial', fontFiles=[], height=0.07, italic=False, languageStyle='LTR', name='text', opacity=1, ori=0, pos=array([0., 0.]), rgb=UNKNOWN, text=str(...), units='norm', win=Window(...), wrapWidth=1.65)
17.8393 	EXP 	Created text = TextStim(__class__=<class 'psychopy.visual.text.TextStim'>, alignHoriz=method-wrapper(...), alignText='center', alignVert=method-wrapper(...), anchorHoriz='center', anchorVert='center', antialias=True, autoLog=True, bold=False, color=array([1., 1., 1.]), colorSpace='rgb', contrast=1.0, depth=0.0, flipHoriz=False, flipVert=False, font='Arial', fontFiles=[], height=0.07, italic=False, languageStyle='LTR', name='text', opacity=1, ori=0, pos=array([0., 0.]), rgb=UNKNOWN, text=str(...), units='norm', win=Window(...), wrapWidth=1.65)
17.8492 	EXP 	Created text = TextStim(__class__=<class 'psychopy.visual.text.TextStim'>, alignHoriz=method-wrapper(...), alignText='center', alignVert=method-wrapper(...), anchorHoriz='center', anchorVert='center', antialias=True, autoLog=True, bold=False, color=array([1., 1., 1.]), colorSpace='rgb', contrast=1.0, depth=0.0, flipHoriz=False, flipVert=False, font='Arial', fontFiles=[], height=0.07, italic=False, languageStyle='LTR', name='text', opacity=1, ori=0, pos=array([0., 0.]), rgb=UNKNOWN, text=str(...), units='norm', win=Window(...), wrapWidth=1.65)
17.8547 	EXP 	Created text = TextStim(__class__=<class 'psychopy.visual.text.TextStim'>, alignHoriz=method-wrapper(...), alignText='center', alignVert=method-wrapper(...), anchorHoriz='center', anchorVert='center', antialias=True, autoLog=True, bold=False, color=array([1., 1., 1.]), colorSpace='rgb', contrast=1.0, depth=0.0, flipHoriz=False, flipVert=False, font='Arial', fontFiles=[], height=0.07, italic=False, languageStyle='LTR', name='text', opacity=1, ori=0, pos=array([0., 0.]), rgb=UNKNOWN, text=str(...), units='norm', win=Window(...), wrapWidth=1.65)
17.8699 	EXP 	Created text = TextStim(__class__=<class 'psychopy.visual.text.TextStim'>, alignHoriz=method-wrapper(...), alignText='center', alignVert=method-wrapper(...), anchorHoriz='center', anchorVert='center', antialias=True, autoLog=True, bold=False, color=array([1., 1., 1.]), colorSpace='rgb', contrast=1.0, depth=0.0, flipHoriz=False, flipVert=False, font='Arial', fontFiles=[], height=0.15, italic=False, languageStyle='LTR', name='text', opacity=1, ori=0, pos=array([0., 0.]), rgb=UNKNOWN, text=str(...), units='norm', win=Window(...), wrapWidth=1.65)
17.8985 	EXP 	Created text = TextStim(__class__=<class 'psychopy.visual.text.TextStim'>, alignHoriz=method-wrapper(...), alignText='center', alignVert=method-wrapper(...), anchorHoriz='center', anchorVert='center', antialias=True, autoLog=True, bold=False, color=array([1., 1., 1.]), colorSpace='rgb', contrast=1.0, depth=0.0, flipHoriz=False, flipVert=False, font='Arial', fontFiles=[], height=0.07, italic=False, languageStyle='LTR', name='text', opacity=1, ori=0, pos=array([0., 0.]), rgb=UNKNOWN, text=str(...), units='norm', win=Window(...), wrapWidth=1.65)
17.9167 	EXP 	Created text = TextStim(__class__=<class 'psychopy.visual.text.TextStim'>, alignHoriz=method-wrapper(...), alignText='center', alignVert=method-wrapper(...), anchorHoriz='center', anchorVert='center', antialias=True, autoLog=True, bold=False, color=array([1., 1., 1.]), colorSpace='rgb', contrast=1.0, depth=0.0, flipHoriz=False, flipVert=False, font='Arial', fontFiles=[], height=0.07, italic=False, languageStyle='LTR', name='text', opacity=1, ori=0, pos=array([0., 0.]), rgb=UNKNOWN, text=str(...), units='norm', win=Window(...), wrapWidth=1.65)
17.9476 	EXP 	Created text = TextStim(__class__=<class 'psychopy.visual.text.TextStim'>, alignHoriz=method-wrapper(...), alignText='center', alignVert=method-wrapper(...), anchorHoriz='center', anchorVert='center', antialias=True, autoLog=True, bold=False, color=array([1., 1., 1.]), colorSpace='rgb', contrast=1.0, depth=0.0, flipHoriz=False, flipVert=False, font='Arial', fontFiles=[], height=0.07, italic=False, languageStyle='LTR', name='text', opacity=1, ori=0, pos=array([0., 0.]), rgb=UNKNOWN, text=str(...), units='norm', win=Window(...), wrapWidth=1.65)
17.9759 	EXP 	Created text = TextStim(__class__=<class 'psychopy.visual.text.TextStim'>, alignHoriz=method-wrapper(...), alignText='center', alignVert=method-wrapper(...), anchorHoriz='center', anchorVert='center', antialias=True, autoLog=True, bold=False, color=array([1., 1., 1.]), colorSpace='rgb', contrast=1.0, depth=0.0, flipHoriz=False, flipVert=False, font='Arial', fontFiles=[], height=0.07, italic=False, languageStyle='LTR', name='text', opacity=1, ori=0, pos=array([0., 0.]), rgb=UNKNOWN, text=str(...), units='norm', win=Window(...), wrapWidth=1.65)
18.0086 	EXP 	Created text = TextStim(__class__=<class 'psychopy.visual.text.TextStim'>, alignHoriz=method-wrapper(...), alignText='center', alignVert=method-wrapper(...), anchorHoriz='center', anchorVert='center', antialias=True, autoLog=True, bold=False, color=array([1., 1., 1.]), colorSpace='rgb', contrast=1.0, depth=0.0, flipHoriz=False, flipVert=False, font='Arial', fontFiles=[], height=0.07, italic=False, languageStyle='LTR', name='text', opacity=1, ori=0, pos=array([0., 0.]), rgb=UNKNOWN, text=str(...), units='norm', win=Window(...), wrapWidth=1.65)
18.0175 	EXP 	Created text = TextStim(__class__=<class 'psychopy.visual.text.TextStim'>, alignHoriz=method-wrapper(...), alignText='center', alignVert=method-wrapper(...), anchorHoriz='center', anchorVert='center', antialias=True, autoLog=True, bold=False, color=array([1., 1., 1.]), colorSpace='rgb', contrast=1.0, depth=0.0, flipHoriz=False, flipVert=False, font='Arial', fontFiles=[], height=0.07, italic=False, languageStyle='LTR', name='text', opacity=1, ori=0, pos=array([0., 0.]), rgb=UNKNOWN, text=str(...), units='norm', win=Window(...), wrapWidth=1.65)
18.0299 	EXP 	Created text = TextStim(__class__=<class 'psychopy.visual.text.TextStim'>, alignHoriz=method-wrapper(...), alignText='center', alignVert=method-wrapper(...), anchorHoriz='center', anchorVert='center', antialias=True, autoLog=True, bold=False, color=array([1., 1., 1.]), colorSpace='rgb', contrast=1.0, depth=0.0, flipHoriz=False, flipVert=False, font='Arial', fontFiles=[], height=0.07, italic=False, languageStyle='LTR', name='text', opacity=1, ori=0, pos=array([0., 0.]), rgb=UNKNOWN, text=str(...), units='norm', win=Window(...), wrapWidth=1.65)
18.0345 	EXP 	Created instru = TextStim(__class__=<class 'psychopy.visual.text.TextStim'>, alignHoriz=method-wrapper(...), alignText='center', alignVert=method-wrapper(...), anchorHoriz='center', anchorVert='center', antialias=True, autoLog=True, bold=False, color=array([1., 1., 1.]), colorSpace='rgb', contrast=1.0, depth=0.0, flipHoriz=False, flipVert=False, font='Arial', fontFiles=[], height=0.07, italic=False, languageStyle='LTR', name='instru', opacity=1, ori=0, pos=array([0. , 0.5]), rgb=UNKNOWN, text=str(...), units='norm', win=Window(...), wrapWidth=1)
18.0371 	EXP 	Created unnamed Line = Line(__class__=<class 'psychopy.visual.line.Line'>, autoDraw=False, autoLog=True, closeShape=False, color=array([1., 1., 1.]), colorSpace='rgb', contrast=None, depth=0, fillColor=array([0, 0, 0]), fillColorSpace='rgb', fillRGB=array([0, 0, 0]), interpolate=True, lineColor=array([1., 1., 1.]), lineColorSpace='rgb', lineRGB=array([1, 1, 1]), lineWidth=5, name='unnamed Line', opacity=0.5, ori=0.0, pos=array([0., 0.]), size=array([1., 1.]), units='norm', vertices=array([[-0.5,  0. ],
       [ 0.5,  0. ]]), win=Window(...), windingRule=None)
18.0391 	EXP 	Created unnamed Line = Line(__class__=<class 'psychopy.visual.line.Line'>, autoDraw=False, autoLog=True, closeShape=False, color=array([1., 1., 1.]), colorSpace='rgb', contrast=None, depth=0, fillColor=array([0, 0, 0]), fillColorSpace='rgb', fillRGB=array([0, 0, 0]), interpolate=True, lineColor=array([1., 1., 1.]), lineColorSpace='rgb', lineRGB=array([1, 1, 1]), lineWidth=3, name='unnamed Line', opacity=0.5, ori=0.0, pos=array([0., 0.]), size=array([1., 1.]), units='norm', vertices=array([[-0.5 , -0.05],
       [-0.5 ,  0.05]]), win=Window(...), windingRule=None)
18.0412 	EXP 	Created unnamed Line = Line(__class__=<class 'psychopy.visual.line.Line'>, autoDraw=False, autoLog=True, closeShape=False, color=array([1., 1., 1.]), colorSpace='rgb', contrast=None, depth=0, fillColor=array([0, 0, 0]), fillColorSpace='rgb', fillRGB=array([0, 0, 0]), interpolate=True, lineColor=array([1., 1., 1.]), lineColorSpace='rgb', lineRGB=array([1, 1, 1]), lineWidth=3, name='unnamed Line', opacity=0.5, ori=0.0, pos=array([0., 0.]), size=array([1., 1.]), units='norm', vertices=ndarray(...), win=Window(...), windingRule=None)
18.0432 	EXP 	Created unnamed Line = Line(__class__=<class 'psychopy.visual.line.Line'>, autoDraw=False, autoLog=True, closeShape=False, color=array([1., 1., 1.]), colorSpace='rgb', contrast=None, depth=0, fillColor=array([0, 0, 0]), fillColorSpace='rgb', fillRGB=array([0, 0, 0]), interpolate=True, lineColor=array([1., 1., 1.]), lineColorSpace='rgb', lineRGB=array([1, 1, 1]), lineWidth=3, name='unnamed Line', opacity=0.5, ori=0.0, pos=array([0., 0.]), size=array([1., 1.]), units='norm', vertices=ndarray(...), win=Window(...), windingRule=None)
18.0452 	EXP 	Created unnamed Line = Line(__class__=<class 'psychopy.visual.line.Line'>, autoDraw=False, autoLog=True, closeShape=False, color=array([1., 1., 1.]), colorSpace='rgb', contrast=None, depth=0, fillColor=array([0, 0, 0]), fillColorSpace='rgb', fillRGB=array([0, 0, 0]), interpolate=True, lineColor=array([1., 1., 1.]), lineColorSpace='rgb', lineRGB=array([1, 1, 1]), lineWidth=3, name='unnamed Line', opacity=0.5, ori=0.0, pos=array([0., 0.]), size=array([1., 1.]), units='norm', vertices=array([[ 0.5 , -0.05],
       [ 0.5 ,  0.05]]), win=Window(...), windingRule=None)
18.0571 	EXP 	Created unnamed TextStim = TextStim(__class__=<class 'psychopy.visual.text.TextStim'>, alignHoriz=method-wrapper(...), alignText='center', alignVert=method-wrapper(...), anchorHoriz='center', anchorVert='center', antialias=True, autoLog=True, bold=False, color=array([1., 1., 1.]), colorSpace='rgb', contrast=1.0, depth=0, flipHoriz=False, flipVert=False, font='', fontFiles=[], height=0.05, italic=False, languageStyle='LTR', name='unnamed TextStim', opacity=1.0, ori=0.0, pos=array([-0.5, -0.1]), rgb=UNKNOWN, text='Clearly \n NOT FOCUSED', units='norm', win=Window(...), wrapWidth=1)
18.0581 	EXP 	Created unnamed TextStim = TextStim(__class__=<class 'psychopy.visual.text.TextStim'>, alignHoriz=method-wrapper(...), alignText='center', alignVert=method-wrapper(...), anchorHoriz='center', anchorVert='center', antialias=True, autoLog=True, bold=False, color=array([1., 1., 1.]), colorSpace='rgb', contrast=1.0, depth=0, flipHoriz=False, flipVert=False, font='', fontFiles=[], height=0.05, italic=False, languageStyle='LTR', name='unnamed TextStim', opacity=1.0, ori=0.0, pos=array([-0.16666667, -0.1       ]), rgb=UNKNOWN, text='', units='norm', win=Window(...), wrapWidth=1)
18.0592 	EXP 	Created unnamed TextStim = TextStim(__class__=<class 'psychopy.visual.text.TextStim'>, alignHoriz=method-wrapper(...), alignText='center', alignVert=method-wrapper(...), anchorHoriz='center', anchorVert='center', antialias=True, autoLog=True, bold=False, color=array([1., 1., 1.]), colorSpace='rgb', contrast=1.0, depth=0, flipHoriz=False, flipVert=False, font='', fontFiles=[], height=0.05, italic=False, languageStyle='LTR', name='unnamed TextStim', opacity=1.0, ori=0.0, pos=array([ 0.16666667, -0.1       ]), rgb=UNKNOWN, text='', units='norm', win=Window(...), wrapWidth=1)
18.0623 	EXP 	Created unnamed TextStim = TextStim(__class__=<class 'psychopy.visual.text.TextStim'>, alignHoriz=method-wrapper(...), alignText='center', alignVert=method-wrapper(...), anchorHoriz='center', anchorVert='center', antialias=True, autoLog=True, bold=False, color=array([1., 1., 1.]), colorSpace='rgb', contrast=1.0, depth=0, flipHoriz=False, flipVert=False, font='', fontFiles=[], height=0.05, italic=False, languageStyle='LTR', name='unnamed TextStim', opacity=1.0, ori=0.0, pos=array([ 0.5, -0.1]), rgb=UNKNOWN, text='Clearly \n FOCUSED', units='norm', win=Window(...), wrapWidth=1)
18.0641 	EXP 	Created unnamed ShapeStim = ShapeStim(__class__=<class 'psychopy.visual.shape.ShapeStim'>, autoDraw=False, autoLog=True, closeShape=True, color=method-wrapper(...), colorSpace='rgb', contrast=None, depth=0, fillColor=array([1, 1, 1]), fillColorSpace='rgb', fillRGB=array([1, 1, 1]), interpolate=True, lineColor=array([-1., -1., -1.]), lineColorSpace='rgb', lineRGB=array([-1, -1, -1]), lineWidth=1.5, name='unnamed ShapeStim', opacity=1.0, ori=0.0, pos=array([0., 0.]), size=array([1., 1.]), units='norm', vertices=ndarray(...), win=Window(...), windingRule=None)
18.0724 	EXP 	Created instru = TextStim(__class__=<class 'psychopy.visual.text.TextStim'>, alignHoriz=method-wrapper(...), alignText='center', alignVert=method-wrapper(...), anchorHoriz='center', anchorVert='center', antialias=True, autoLog=True, bold=False, color=array([1., 1., 1.]), colorSpace='rgb', contrast=1.0, depth=0.0, flipHoriz=False, flipVert=False, font='Arial', fontFiles=[], height=0.07, italic=False, languageStyle='LTR', name='instru', opacity=1, ori=0, pos=array([0. , 0.5]), rgb=UNKNOWN, text=str(...), units='norm', win=Window(...), wrapWidth=1)
18.0745 	EXP 	Created unnamed Line = Line(__class__=<class 'psychopy.visual.line.Line'>, autoDraw=False, autoLog=True, closeShape=False, color=array([1., 1., 1.]), colorSpace='rgb', contrast=None, depth=0, fillColor=array([0, 0, 0]), fillColorSpace='rgb', fillRGB=array([0, 0, 0]), interpolate=True, lineColor=array([1., 1., 1.]), lineColorSpace='rgb', lineRGB=array([1, 1, 1]), lineWidth=5, name='unnamed Line', opacity=0.5, ori=0.0, pos=array([0., 0.]), size=array([1., 1.]), units='norm', vertices=array([[-0.5,  0. ],
       [ 0.5,  0. ]]), win=Window(...), windingRule=None)
18.0765 	EXP 	Created unnamed Line = Line(__class__=<class 'psychopy.visual.line.Line'>, autoDraw=False, autoLog=True, closeShape=False, color=array([1., 1., 1.]), colorSpace='rgb', contrast=None, depth=0, fillColor=array([0, 0, 0]), fillColorSpace='rgb', fillRGB=array([0, 0, 0]), interpolate=True, lineColor=array([1., 1., 1.]), lineColorSpace='rgb', lineRGB=array([1, 1, 1]), lineWidth=3, name='unnamed Line', opacity=0.5, ori=0.0, pos=array([0., 0.]), size=array([1., 1.]), units='norm', vertices=array([[-0.5 , -0.05],
       [-0.5 ,  0.05]]), win=Window(...), windingRule=None)
18.0786 	EXP 	Created unnamed Line = Line(__class__=<class 'psychopy.visual.line.Line'>, autoDraw=False, autoLog=True, closeShape=False, color=array([1., 1., 1.]), colorSpace='rgb', contrast=None, depth=0, fillColor=array([0, 0, 0]), fillColorSpace='rgb', fillRGB=array([0, 0, 0]), interpolate=True, lineColor=array([1., 1., 1.]), lineColorSpace='rgb', lineRGB=array([1, 1, 1]), lineWidth=3, name='unnamed Line', opacity=0.5, ori=0.0, pos=array([0., 0.]), size=array([1., 1.]), units='norm', vertices=ndarray(...), win=Window(...), windingRule=None)
18.0806 	EXP 	Created unnamed Line = Line(__class__=<class 'psychopy.visual.line.Line'>, autoDraw=False, autoLog=True, closeShape=False, color=array([1., 1., 1.]), colorSpace='rgb', contrast=None, depth=0, fillColor=array([0, 0, 0]), fillColorSpace='rgb', fillRGB=array([0, 0, 0]), interpolate=True, lineColor=array([1., 1., 1.]), lineColorSpace='rgb', lineRGB=array([1, 1, 1]), lineWidth=3, name='unnamed Line', opacity=0.5, ori=0.0, pos=array([0., 0.]), size=array([1., 1.]), units='norm', vertices=ndarray(...), win=Window(...), windingRule=None)
18.0826 	EXP 	Created unnamed Line = Line(__class__=<class 'psychopy.visual.line.Line'>, autoDraw=False, autoLog=True, closeShape=False, color=array([1., 1., 1.]), colorSpace='rgb', contrast=None, depth=0, fillColor=array([0, 0, 0]), fillColorSpace='rgb', fillRGB=array([0, 0, 0]), interpolate=True, lineColor=array([1., 1., 1.]), lineColorSpace='rgb', lineRGB=array([1, 1, 1]), lineWidth=3, name='unnamed Line', opacity=0.5, ori=0.0, pos=array([0., 0.]), size=array([1., 1.]), units='norm', vertices=array([[ 0.5 , -0.05],
       [ 0.5 ,  0.05]]), win=Window(...), windingRule=None)
18.0878 	EXP 	Created unnamed TextStim = TextStim(__class__=<class 'psychopy.visual.text.TextStim'>, alignHoriz=method-wrapper(...), alignText='center', alignVert=method-wrapper(...), anchorHoriz='center', anchorVert='center', antialias=True, autoLog=True, bold=False, color=array([1., 1., 1.]), colorSpace='rgb', contrast=1.0, depth=0, flipHoriz=False, flipVert=False, font='', fontFiles=[], height=0.05, italic=False, languageStyle='LTR', name='unnamed TextStim', opacity=1.0, ori=0.0, pos=array([-0.5, -0.1]), rgb=UNKNOWN, text='Clearly \n NOTHING', units='norm', win=Window(...), wrapWidth=1)
18.0889 	EXP 	Created unnamed TextStim = TextStim(__class__=<class 'psychopy.visual.text.TextStim'>, alignHoriz=method-wrapper(...), alignText='center', alignVert=method-wrapper(...), anchorHoriz='center', anchorVert='center', antialias=True, autoLog=True, bold=False, color=array([1., 1., 1.]), colorSpace='rgb', contrast=1.0, depth=0, flipHoriz=False, flipVert=False, font='', fontFiles=[], height=0.05, italic=False, languageStyle='LTR', name='unnamed TextStim', opacity=1.0, ori=0.0, pos=array([-0.16666667, -0.1       ]), rgb=UNKNOWN, text='', units='norm', win=Window(...), wrapWidth=1)
18.0899 	EXP 	Created unnamed TextStim = TextStim(__class__=<class 'psychopy.visual.text.TextStim'>, alignHoriz=method-wrapper(...), alignText='center', alignVert=method-wrapper(...), anchorHoriz='center', anchorVert='center', antialias=True, autoLog=True, bold=False, color=array([1., 1., 1.]), colorSpace='rgb', contrast=1.0, depth=0, flipHoriz=False, flipVert=False, font='', fontFiles=[], height=0.05, italic=False, languageStyle='LTR', name='unnamed TextStim', opacity=1.0, ori=0.0, pos=array([ 0.16666667, -0.1       ]), rgb=UNKNOWN, text='', units='norm', win=Window(...), wrapWidth=1)
18.0943 	EXP 	Created unnamed TextStim = TextStim(__class__=<class 'psychopy.visual.text.TextStim'>, alignHoriz=method-wrapper(...), alignText='center', alignVert=method-wrapper(...), anchorHoriz='center', anchorVert='center', antialias=True, autoLog=True, bold=False, color=array([1., 1., 1.]), colorSpace='rgb', contrast=1.0, depth=0, flipHoriz=False, flipVert=False, font='', fontFiles=[], height=0.05, italic=False, languageStyle='LTR', name='unnamed TextStim', opacity=1.0, ori=0.0, pos=array([ 0.5, -0.1]), rgb=UNKNOWN, text='Clearly \n SOMETHING', units='norm', win=Window(...), wrapWidth=1)
18.0962 	EXP 	Created unnamed ShapeStim = ShapeStim(__class__=<class 'psychopy.visual.shape.ShapeStim'>, autoDraw=False, autoLog=True, closeShape=True, color=method-wrapper(...), colorSpace='rgb', contrast=None, depth=0, fillColor=array([1, 1, 1]), fillColorSpace='rgb', fillRGB=array([1, 1, 1]), interpolate=True, lineColor=array([-1., -1., -1.]), lineColorSpace='rgb', lineRGB=array([-1, -1, -1]), lineWidth=1.5, name='unnamed ShapeStim', opacity=1.0, ori=0.0, pos=array([0., 0.]), size=array([1., 1.]), units='norm', vertices=ndarray(...), win=Window(...), windingRule=None)
18.1035 	EXP 	Created instru = TextStim(__class__=<class 'psychopy.visual.text.TextStim'>, alignHoriz=method-wrapper(...), alignText='center', alignVert=method-wrapper(...), anchorHoriz='center', anchorVert='center', antialias=True, autoLog=True, bold=False, color=array([1., 1., 1.]), colorSpace='rgb', contrast=1.0, depth=0.0, flipHoriz=False, flipVert=False, font='Arial', fontFiles=[], height=0.07, italic=False, languageStyle='LTR', name='instru', opacity=1, ori=0, pos=array([0. , 0.5]), rgb=UNKNOWN, text=str(...), units='norm', win=Window(...), wrapWidth=1)
18.1055 	EXP 	Created unnamed Line = Line(__class__=<class 'psychopy.visual.line.Line'>, autoDraw=False, autoLog=True, closeShape=False, color=array([1., 1., 1.]), colorSpace='rgb', contrast=None, depth=0, fillColor=array([0, 0, 0]), fillColorSpace='rgb', fillRGB=array([0, 0, 0]), interpolate=True, lineColor=array([1., 1., 1.]), lineColorSpace='rgb', lineRGB=array([1, 1, 1]), lineWidth=5, name='unnamed Line', opacity=0.5, ori=0.0, pos=array([0., 0.]), size=array([1., 1.]), units='norm', vertices=array([[-0.5,  0. ],
       [ 0.5,  0. ]]), win=Window(...), windingRule=None)
18.1076 	EXP 	Created unnamed Line = Line(__class__=<class 'psychopy.visual.line.Line'>, autoDraw=False, autoLog=True, closeShape=False, color=array([1., 1., 1.]), colorSpace='rgb', contrast=None, depth=0, fillColor=array([0, 0, 0]), fillColorSpace='rgb', fillRGB=array([0, 0, 0]), interpolate=True, lineColor=array([1., 1., 1.]), lineColorSpace='rgb', lineRGB=array([1, 1, 1]), lineWidth=3, name='unnamed Line', opacity=0.5, ori=0.0, pos=array([0., 0.]), size=array([1., 1.]), units='norm', vertices=array([[-0.5 , -0.05],
       [-0.5 ,  0.05]]), win=Window(...), windingRule=None)
18.1096 	EXP 	Created unnamed Line = Line(__class__=<class 'psychopy.visual.line.Line'>, autoDraw=False, autoLog=True, closeShape=False, color=array([1., 1., 1.]), colorSpace='rgb', contrast=None, depth=0, fillColor=array([0, 0, 0]), fillColorSpace='rgb', fillRGB=array([0, 0, 0]), interpolate=True, lineColor=array([1., 1., 1.]), lineColorSpace='rgb', lineRGB=array([1, 1, 1]), lineWidth=3, name='unnamed Line', opacity=0.5, ori=0.0, pos=array([0., 0.]), size=array([1., 1.]), units='norm', vertices=ndarray(...), win=Window(...), windingRule=None)
18.1116 	EXP 	Created unnamed Line = Line(__class__=<class 'psychopy.visual.line.Line'>, autoDraw=False, autoLog=True, closeShape=False, color=array([1., 1., 1.]), colorSpace='rgb', contrast=None, depth=0, fillColor=array([0, 0, 0]), fillColorSpace='rgb', fillRGB=array([0, 0, 0]), interpolate=True, lineColor=array([1., 1., 1.]), lineColorSpace='rgb', lineRGB=array([1, 1, 1]), lineWidth=3, name='unnamed Line', opacity=0.5, ori=0.0, pos=array([0., 0.]), size=array([1., 1.]), units='norm', vertices=ndarray(...), win=Window(...), windingRule=None)
18.1136 	EXP 	Created unnamed Line = Line(__class__=<class 'psychopy.visual.line.Line'>, autoDraw=False, autoLog=True, closeShape=False, color=array([1., 1., 1.]), colorSpace='rgb', contrast=None, depth=0, fillColor=array([0, 0, 0]), fillColorSpace='rgb', fillRGB=array([0, 0, 0]), interpolate=True, lineColor=array([1., 1., 1.]), lineColorSpace='rgb', lineRGB=array([1, 1, 1]), lineWidth=3, name='unnamed Line', opacity=0.5, ori=0.0, pos=array([0., 0.]), size=array([1., 1.]), units='norm', vertices=array([[ 0.5 , -0.05],
       [ 0.5 ,  0.05]]), win=Window(...), windingRule=None)
18.1186 	EXP 	Created unnamed TextStim = TextStim(__class__=<class 'psychopy.visual.text.TextStim'>, alignHoriz=method-wrapper(...), alignText='center', alignVert=method-wrapper(...), anchorHoriz='center', anchorVert='center', antialias=True, autoLog=True, bold=False, color=array([1., 1., 1.]), colorSpace='rgb', contrast=1.0, depth=0, flipHoriz=False, flipVert=False, font='', fontFiles=[], height=0.05, italic=False, languageStyle='LTR', name='unnamed TextStim', opacity=1.0, ori=0.0, pos=array([-0.5, -0.1]), rgb=UNKNOWN, text='Clearly \n SPONTANEOUS', units='norm', win=Window(...), wrapWidth=1)
18.1197 	EXP 	Created unnamed TextStim = TextStim(__class__=<class 'psychopy.visual.text.TextStim'>, alignHoriz=method-wrapper(...), alignText='center', alignVert=method-wrapper(...), anchorHoriz='center', anchorVert='center', antialias=True, autoLog=True, bold=False, color=array([1., 1., 1.]), colorSpace='rgb', contrast=1.0, depth=0, flipHoriz=False, flipVert=False, font='', fontFiles=[], height=0.05, italic=False, languageStyle='LTR', name='unnamed TextStim', opacity=1.0, ori=0.0, pos=array([-0.16666667, -0.1       ]), rgb=UNKNOWN, text='', units='norm', win=Window(...), wrapWidth=1)
18.1209 	EXP 	Created unnamed TextStim = TextStim(__class__=<class 'psychopy.visual.text.TextStim'>, alignHoriz=method-wrapper(...), alignText='center', alignVert=method-wrapper(...), anchorHoriz='center', anchorVert='center', antialias=True, autoLog=True, bold=False, color=array([1., 1., 1.]), colorSpace='rgb', contrast=1.0, depth=0, flipHoriz=False, flipVert=False, font='', fontFiles=[], height=0.05, italic=False, languageStyle='LTR', name='unnamed TextStim', opacity=1.0, ori=0.0, pos=array([ 0.16666667, -0.1       ]), rgb=UNKNOWN, text='', units='norm', win=Window(...), wrapWidth=1)
18.1265 	EXP 	Created unnamed TextStim = TextStim(__class__=<class 'psychopy.visual.text.TextStim'>, alignHoriz=method-wrapper(...), alignText='center', alignVert=method-wrapper(...), anchorHoriz='center', anchorVert='center', antialias=True, autoLog=True, bold=False, color=array([1., 1., 1.]), colorSpace='rgb', contrast=1.0, depth=0, flipHoriz=False, flipVert=False, font='', fontFiles=[], height=0.05, italic=False, languageStyle='LTR', name='unnamed TextStim', opacity=1.0, ori=0.0, pos=array([ 0.5, -0.1]), rgb=UNKNOWN, text='Clearly \n DELIBERATE', units='norm', win=Window(...), wrapWidth=1)
18.1282 	EXP 	Created unnamed ShapeStim = ShapeStim(__class__=<class 'psychopy.visual.shape.ShapeStim'>, autoDraw=False, autoLog=True, closeShape=True, color=method-wrapper(...), colorSpace='rgb', contrast=None, depth=0, fillColor=array([1, 1, 1]), fillColorSpace='rgb', fillRGB=array([1, 1, 1]), interpolate=True, lineColor=array([-1., -1., -1.]), lineColorSpace='rgb', lineRGB=array([-1, -1, -1]), lineWidth=1.5, name='unnamed ShapeStim', opacity=1.0, ori=0.0, pos=array([0., 0.]), size=array([1., 1.]), units='norm', vertices=ndarray(...), win=Window(...), windingRule=None)
18.1775 	EXP 	Sound  set volume 1.000
18.2088 	EXP 	unnamed ShapeStim: vertices = <class 'numpy.ndarray'>
18.2088 	EXP 	unnamed ShapeStim: vertices = <class 'numpy.ndarray'>
18.2088 	EXP 	unnamed ShapeStim: vertices = <class 'numpy.ndarray'>
207.2201 	DATA 	Keypress: rctrl
207.7319 	EXP 	Sound  started
208.4818 	EXP 	Sound  started
208.5319 	DATA 	Keypress: rctrl
209.1879 	DATA 	Keypress: rctrl
209.2318 	EXP 	Sound  started
209.8760 	DATA 	Keypress: rctrl
209.9818 	EXP 	Sound  started
210.6280 	DATA 	Keypress: lctrl
210.7318 	EXP 	Sound  started
211.3320 	DATA 	Keypress: rctrl
211.4818 	EXP 	Sound  started
212.1799 	DATA 	Keypress: lctrl
212.2318 	EXP 	Sound  started
212.8359 	DATA 	Keypress: lctrl
212.9819 	EXP 	Sound  started
213.5399 	DATA 	Keypress: lctrl
213.7319 	EXP 	Sound  started
214.2599 	DATA 	Keypress: lctrl
214.4819 	EXP 	Sound  started
215.0279 	DATA 	Keypress: rctrl
215.2319 	EXP 	Sound  started
215.7798 	DATA 	Keypress: lctrl
215.9819 	EXP 	Sound  started
216.4360 	DATA 	Keypress: rctrl
216.7319 	EXP 	Sound  started
217.1719 	DATA 	Keypress: rctrl
217.4819 	EXP 	Sound  started
217.9399 	DATA 	Keypress: rctrl
218.2319 	EXP 	Sound  started
218.6759 	DATA 	Keypress: rctrl
218.9820 	EXP 	Sound  started
219.3800 	DATA 	Keypress: lctrl
219.7320 	EXP 	Sound  started
220.1799 	DATA 	Keypress: rctrl
220.4820 	EXP 	Sound  started
220.9319 	DATA 	Keypress: lctrl
221.2320 	EXP 	Sound  started
221.7319 	DATA 	Keypress: lctrl
221.9820 	EXP 	Sound  started
222.5159 	DATA 	Keypress: lctrl
222.7320 	EXP 	Sound  started
223.1879 	DATA 	Keypress: rctrl
223.4820 	EXP 	Sound  started
224.0039 	DATA 	Keypress: rctrl
224.2321 	EXP 	Sound  started
224.7879 	DATA 	Keypress: lctrl
224.9821 	EXP 	Sound  started
225.5399 	DATA 	Keypress: lctrl
225.7321 	EXP 	Sound  started
226.2120 	DATA 	Keypress: rctrl
226.4821 	EXP 	Sound  started
226.9799 	DATA 	Keypress: lctrl
227.2321 	EXP 	Sound  started
227.6999 	DATA 	Keypress: rctrl
227.9821 	EXP 	Sound  started
228.4359 	DATA 	Keypress: rctrl
228.7321 	EXP 	Sound  started
229.1719 	DATA 	Keypress: rctrl
229.4822 	EXP 	Sound  started
230.0360 	DATA 	Keypress: lctrl
230.2322 	EXP 	Sound  started
230.7239 	DATA 	Keypress: rctrl
230.9822 	EXP 	Sound  started
231.5240 	DATA 	Keypress: lctrl
231.7322 	EXP 	Sound  started
232.2119 	DATA 	Keypress: lctrl
232.4822 	EXP 	Sound  started
232.9799 	DATA 	Keypress: lctrl
233.2322 	EXP 	Sound  started
233.7160 	DATA 	Keypress: lctrl
233.9822 	EXP 	Sound  started
234.5479 	DATA 	Keypress: rctrl
234.7323 	EXP 	Sound  started
235.3799 	DATA 	Keypress: lctrl
235.4823 	EXP 	Sound  started
236.0839 	DATA 	Keypress: rctrl
236.2323 	EXP 	Sound  started
236.7719 	DATA 	Keypress: rctrl
236.9823 	EXP 	Sound  started
237.6039 	DATA 	Keypress: rctrl
237.7323 	EXP 	Sound  started
238.3719 	DATA 	Keypress: lctrl
238.4823 	EXP 	Sound  started
239.1079 	DATA 	Keypress: rctrl
239.2323 	EXP 	Sound  started
239.8279 	DATA 	Keypress: rctrl
239.9824 	EXP 	Sound  started
240.5479 	DATA 	Keypress: rctrl
240.7324 	EXP 	Sound  started
241.3000 	DATA 	Keypress: lctrl
241.4824 	EXP 	Sound  started
242.0519 	DATA 	Keypress: rctrl
242.2324 	EXP 	Sound  started
242.7720 	DATA 	Keypress: rctrl
242.9824 	EXP 	Sound  started
243.4279 	DATA 	Keypress: rctrl
243.7324 	EXP 	Sound  started
244.1800 	DATA 	Keypress: rctrl
244.4824 	EXP 	Sound  started
245.0119 	DATA 	Keypress: lctrl
245.2324 	EXP 	Sound  started
245.7799 	DATA 	Keypress: rctrl
245.9825 	EXP 	Sound  started
246.5319 	DATA 	Keypress: rctrl
246.7325 	EXP 	Sound  started
247.2839 	DATA 	Keypress: rctrl
247.4825 	EXP 	Sound  started
248.0039 	DATA 	Keypress: rctrl
248.2325 	EXP 	Sound  started
248.7879 	DATA 	Keypress: lctrl
248.9825 	EXP 	Sound  started
249.5079 	DATA 	Keypress: rctrl
249.7325 	EXP 	Sound  started
250.2439 	DATA 	Keypress: lctrl
250.4825 	EXP 	Sound  started
250.9158 	DATA 	Keypress: lctrl
251.2326 	EXP 	Sound  started
251.6998 	DATA 	Keypress: lctrl
251.9826 	EXP 	Sound  started
252.4198 	DATA 	Keypress: lctrl
252.7326 	EXP 	Sound  started
253.2199 	DATA 	Keypress: rctrl
253.4826 	EXP 	Sound  started
253.9239 	DATA 	Keypress: lctrl
254.2326 	EXP 	Sound  started
254.6438 	DATA 	Keypress: rctrl
254.9826 	EXP 	Sound  started
255.3799 	DATA 	Keypress: rctrl
255.7326 	EXP 	Sound  started
256.1639 	DATA 	Keypress: rctrl
256.4827 	EXP 	Sound  started
256.8999 	DATA 	Keypress: rctrl
257.2327 	EXP 	Sound  started
257.7479 	DATA 	Keypress: lctrl
257.9827 	EXP 	Sound  started
258.4679 	DATA 	Keypress: rctrl
258.7327 	EXP 	Sound  started
259.2519 	DATA 	Keypress: lctrl
259.4827 	EXP 	Sound  started
260.0359 	DATA 	Keypress: rctrl
260.2327 	EXP 	Sound  started
260.7239 	DATA 	Keypress: rctrl
260.9827 	EXP 	Sound  started
261.4598 	DATA 	Keypress: rctrl
261.7328 	EXP 	Sound  started
262.1959 	DATA 	Keypress: rctrl
262.4828 	EXP 	Sound  started
262.9639 	DATA 	Keypress: lctrl
263.2328 	EXP 	Sound  started
263.7479 	DATA 	Keypress: rctrl
263.9828 	EXP 	Sound  started
264.5000 	DATA 	Keypress: rctrl
264.7328 	EXP 	Sound  started
265.2681 	DATA 	Keypress: rctrl
265.4828 	EXP 	Sound  started
266.0840 	DATA 	Keypress: lctrl
266.2328 	EXP 	Sound  started
266.7559 	DATA 	Keypress: rctrl
266.9828 	EXP 	Sound  started
267.5239 	DATA 	Keypress: rctrl
267.7329 	EXP 	Sound  started
268.2599 	DATA 	Keypress: rctrl
268.4982 	EXP 	unnamed TextStim: text = ''
268.4982 	EXP 	unnamed TextStim: text = ''
270.6664 	DATA 	Keypress: 3
270.6829 	EXP 	unnamed ShapeStim: vertices = <class 'numpy.ndarray'>
272.2175 	EXP 	unnamed TextStim: text = ''
272.2175 	EXP 	unnamed TextStim: text = ''
273.3357 	DATA 	Keypress: 4
273.3522 	EXP 	unnamed ShapeStim: vertices = <class 'numpy.ndarray'>
274.8868 	EXP 	unnamed TextStim: text = ''
274.8868 	EXP 	unnamed TextStim: text = ''
276.4884 	DATA 	Keypress: 4
276.5048 	EXP 	unnamed ShapeStim: vertices = <class 'numpy.ndarray'>
278.7891 	EXP 	Sound  started
278.7900 	DATA 	Keypress: rctrl
279.2999 	DATA 	Keypress: rctrl
279.5389 	EXP 	Sound  started
280.0678 	DATA 	Keypress: lctrl
280.2889 	EXP 	Sound  started
280.7239 	DATA 	Keypress: rctrl
281.0390 	EXP 	Sound  started
281.4598 	DATA 	Keypress: rctrl
281.7890 	EXP 	Sound  started
282.2119 	DATA 	Keypress: rctrl
282.5390 	EXP 	Sound  started
283.0440 	DATA 	Keypress: lctrl
283.2890 	EXP 	Sound  started
283.7479 	DATA 	Keypress: rctrl
284.0390 	EXP 	Sound  started
284.4999 	DATA 	Keypress: rctrl
284.7890 	EXP 	Sound  started
285.2679 	DATA 	Keypress: rctrl
285.5390 	EXP 	Sound  started
285.9719 	DATA 	Keypress: rctrl
286.2891 	EXP 	Sound  started
286.8038 	DATA 	Keypress: lctrl
287.0391 	EXP 	Sound  started
287.4759 	DATA 	Keypress: rctrl
287.7891 	EXP 	Sound  started
288.1959 	DATA 	Keypress: rctrl
288.5391 	EXP 	Sound  started
288.9158 	DATA 	Keypress: rctrl
289.2891 	EXP 	Sound  started
289.6839 	DATA 	Keypress: rctrl
290.0391 	EXP 	Sound  started
290.4359 	DATA 	Keypress: rctrl
290.7891 	EXP 	Sound  started
291.3159 	DATA 	Keypress: lctrl
291.5392 	EXP 	Sound  started
292.0358 	DATA 	Keypress: rctrl
292.2892 	EXP 	Sound  started
292.8359 	DATA 	Keypress: lctrl
293.0392 	EXP 	Sound  started
293.5719 	DATA 	Keypress: rctrl
293.7892 	EXP 	Sound  started
294.2439 	DATA 	Keypress: rctrl
294.5392 	EXP 	Sound  started
294.9479 	DATA 	Keypress: rctrl
295.2892 	EXP 	Sound  started
295.6839 	DATA 	Keypress: lctrl
296.0392 	EXP 	Sound  started
296.3558 	DATA 	Keypress: lctrl
296.7892 	EXP 	Sound  started
297.1400 	DATA 	Keypress: rctrl
297.5393 	EXP 	Sound  started
297.9078 	DATA 	Keypress: rctrl
298.2893 	EXP 	Sound  started
298.6598 	DATA 	Keypress: lctrl
299.0393 	EXP 	Sound  started
299.3799 	DATA 	Keypress: rctrl
299.7893 	EXP 	Sound  started
300.1798 	DATA 	Keypress: lctrl
300.5393 	EXP 	Sound  started
300.9159 	DATA 	Keypress: lctrl
301.2894 	EXP 	Sound  started
301.6519 	DATA 	Keypress: lctrl
302.0394 	EXP 	Sound  started
302.3399 	DATA 	Keypress: lctrl
302.7894 	EXP 	Sound  started
303.2038 	DATA 	Keypress: rctrl
303.5394 	EXP 	Sound  started
303.9718 	DATA 	Keypress: lctrl
304.2894 	EXP 	Sound  started
304.7239 	DATA 	Keypress: rctrl
305.0394 	EXP 	Sound  started
305.4279 	DATA 	Keypress: rctrl
305.7894 	EXP 	Sound  started
306.3239 	DATA 	Keypress: rctrl
306.5394 	EXP 	Sound  started
307.1718 	DATA 	Keypress: lctrl
307.2894 	EXP 	Sound  started
307.8119 	DATA 	Keypress: rctrl
308.0395 	EXP 	Sound  started
308.5159 	DATA 	Keypress: rctrl
308.7895 	EXP 	Sound  started
309.2199 	DATA 	Keypress: rctrl
309.5395 	EXP 	Sound  started
310.0839 	DATA 	Keypress: lctrl
310.2895 	EXP 	Sound  started
310.7398 	DATA 	Keypress: lctrl
311.0395 	EXP 	Sound  started
311.3638 	DATA 	Keypress: lctrl
311.7895 	EXP 	Sound  started
312.1799 	DATA 	Keypress: rctrl
312.5395 	EXP 	Sound  started
313.0279 	DATA 	Keypress: lctrl
313.2895 	EXP 	Sound  started
313.7478 	DATA 	Keypress: rctrl
314.0396 	EXP 	Sound  started
314.4839 	DATA 	Keypress: rctrl
314.7896 	EXP 	Sound  started
315.2679 	DATA 	Keypress: rctrl
315.5396 	EXP 	Sound  started
316.0838 	DATA 	Keypress: lctrl
316.2896 	EXP 	Sound  started
316.7399 	DATA 	Keypress: rctrl
317.0396 	EXP 	Sound  started
317.4598 	DATA 	Keypress: rctrl
317.7896 	EXP 	Sound  started
318.1480 	DATA 	Keypress: rctrl
318.5397 	EXP 	Sound  started
318.9959 	DATA 	Keypress: lctrl
319.2897 	EXP 	Sound  started
319.6999 	DATA 	Keypress: rctrl
320.0397 	EXP 	Sound  started
320.4359 	DATA 	Keypress: rctrl
320.7897 	EXP 	Sound  started
321.2039 	DATA 	Keypress: rctrl
321.5397 	EXP 	Sound  started
321.9718 	DATA 	Keypress: lctrl
322.2897 	EXP 	Sound  started
322.7238 	DATA 	Keypress: rctrl
323.0397 	EXP 	Sound  started
323.5719 	DATA 	Keypress: lctrl
323.7897 	EXP 	Sound  started
324.2278 	DATA 	Keypress: lctrl
324.5398 	EXP 	Sound  started
324.9798 	DATA 	Keypress: lctrl
325.2898 	EXP 	Sound  started
325.6998 	DATA 	Keypress: rctrl
326.0398 	EXP 	Sound  started
326.4360 	DATA 	Keypress: rctrl
326.7898 	EXP 	Sound  started
327.2518 	DATA 	Keypress: lctrl
327.5398 	EXP 	Sound  started
327.9718 	DATA 	Keypress: rctrl
328.2898 	EXP 	Sound  started
328.6918 	DATA 	Keypress: rctrl
329.0398 	EXP 	Sound  started
329.4599 	DATA 	Keypress: rctrl
329.7898 	EXP 	Sound  started
330.2118 	DATA 	Keypress: rctrl
330.5398 	EXP 	Sound  started
330.9958 	DATA 	Keypress: lctrl
331.2899 	EXP 	Sound  started
331.7798 	DATA 	Keypress: lctrl
332.0399 	EXP 	Sound  started
332.5638 	DATA 	Keypress: lctrl
332.7899 	EXP 	Sound  started
333.3318 	DATA 	Keypress: rctrl
333.5399 	EXP 	Sound  started
334.0838 	DATA 	Keypress: lctrl
340.0732 	DATA 	Keypress: 4
340.0897 	EXP 	unnamed ShapeStim: vertices = <class 'numpy.ndarray'>
342.7254 	DATA 	Keypress: 4
342.7419 	EXP 	unnamed ShapeStim: vertices = <class 'numpy.ndarray'>
344.8109 	DATA 	Keypress: 4
344.8274 	EXP 	unnamed ShapeStim: vertices = <class 'numpy.ndarray'>
347.1125 	EXP 	Sound  started
347.2039 	DATA 	Keypress: rctrl
347.7798 	DATA 	Keypress: rctrl
347.8623 	EXP 	Sound  started
348.4679 	DATA 	Keypress: lctrl
348.6123 	EXP 	Sound  started
349.2198 	DATA 	Keypress: rctrl
349.3624 	EXP 	Sound  started
349.9718 	DATA 	Keypress: lctrl
350.1124 	EXP 	Sound  started
350.7239 	DATA 	Keypress: lctrl
350.8624 	EXP 	Sound  started
351.4758 	DATA 	Keypress: lctrl
351.6124 	EXP 	Sound  started
352.1478 	DATA 	Keypress: lctrl
352.3624 	EXP 	Sound  started
352.8519 	DATA 	Keypress: lctrl
353.1124 	EXP 	Sound  started
353.5558 	DATA 	Keypress: lctrl
353.8624 	EXP 	Sound  started
354.2758 	DATA 	Keypress: rctrl
354.6124 	EXP 	Sound  started
355.0758 	DATA 	Keypress: lctrl
355.3625 	EXP 	Sound  started
355.7958 	DATA 	Keypress: rctrl
356.1125 	EXP 	Sound  started
356.4518 	DATA 	Keypress: rctrl
356.8625 	EXP 	Sound  started
357.3158 	DATA 	Keypress: lctrl
357.6125 	EXP 	Sound  started
358.0518 	DATA 	Keypress: lctrl
358.3625 	EXP 	Sound  started
358.7879 	DATA 	Keypress: rctrl
359.1125 	EXP 	Sound  started
359.5238 	DATA 	Keypress: lctrl
359.8625 	EXP 	Sound  started
360.1958 	DATA 	Keypress: lctrl
360.6125 	EXP 	Sound  started
360.9638 	DATA 	Keypress: lctrl
361.3626 	EXP 	Sound  started
361.6998 	DATA 	Keypress: lctrl
362.1126 	EXP 	Sound  started
362.5958 	DATA 	Keypress: rctrl
362.8626 	EXP 	Sound  started
363.3958 	DATA 	Keypress: rctrl
363.6126 	EXP 	Sound  started
364.2278 	DATA 	Keypress: lctrl
364.3626 	EXP 	Sound  started
364.8678 	DATA 	Keypress: lctrl
365.1126 	EXP 	Sound  started
365.6038 	DATA 	Keypress: lctrl
365.8626 	EXP 	Sound  started
366.4038 	DATA 	Keypress: rctrl
366.6127 	EXP 	Sound  started
367.0918 	DATA 	Keypress: lctrl
367.3627 	EXP 	Sound  started
367.8759 	DATA 	Keypress: rctrl
368.1127 	EXP 	Sound  started
368.5639 	DATA 	Keypress: rctrl
368.8627 	EXP 	Sound  started
369.3639 	DATA 	Keypress: rctrl
369.6127 	EXP 	Sound  started
370.1319 	DATA 	Keypress: lctrl
370.3627 	EXP 	Sound  started
370.8358 	DATA 	Keypress: rctrl
371.1128 	EXP 	Sound  started
371.5879 	DATA 	Keypress: lctrl
371.8628 	EXP 	Sound  started
372.3398 	DATA 	Keypress: lctrl
372.6128 	EXP 	Sound  started
373.1078 	DATA 	Keypress: lctrl
373.3628 	EXP 	Sound  started
373.8598 	DATA 	Keypress: rctrl
374.1128 	EXP 	Sound  started
374.6598 	DATA 	Keypress: lctrl
374.8628 	EXP 	Sound  started
375.3318 	DATA 	Keypress: rctrl
375.6128 	EXP 	Sound  started
376.0359 	DATA 	Keypress: rctrl
376.3628 	EXP 	Sound  started
376.7398 	DATA 	Keypress: rctrl
377.1128 	EXP 	Sound  started
377.5398 	DATA 	Keypress: rctrl
377.8629 	EXP 	Sound  started
378.3879 	DATA 	Keypress: rctrl
378.6129 	EXP 	Sound  started
379.1879 	DATA 	Keypress: lctrl
379.3629 	EXP 	Sound  started
379.9719 	DATA 	Keypress: rctrl
380.1129 	EXP 	Sound  started
380.7078 	DATA 	Keypress: lctrl
380.8629 	EXP 	Sound  started
381.3958 	DATA 	Keypress: lctrl
381.6129 	EXP 	Sound  started
382.1958 	DATA 	Keypress: lctrl
382.3629 	EXP 	Sound  started
382.9158 	DATA 	Keypress: lctrl
383.1130 	EXP 	Sound  started
383.6359 	DATA 	Keypress: rctrl
383.8630 	EXP 	Sound  started
384.4038 	DATA 	Keypress: lctrl
384.6130 	EXP 	Sound  started
385.1878 	DATA 	Keypress: rctrl
385.3630 	EXP 	Sound  started
385.9079 	DATA 	Keypress: rctrl
386.1130 	EXP 	Sound  started
386.6439 	DATA 	Keypress: rctrl
386.8630 	EXP 	Sound  started
387.4598 	DATA 	Keypress: lctrl
387.6130 	EXP 	Sound  started
388.2278 	DATA 	Keypress: rctrl
388.3630 	EXP 	Sound  started
389.0118 	DATA 	Keypress: lctrl
389.1131 	EXP 	Sound  started
389.7638 	DATA 	Keypress: lctrl
389.8631 	EXP 	Sound  started
390.4678 	DATA 	Keypress: rctrl
390.6131 	EXP 	Sound  started
391.1558 	DATA 	Keypress: rctrl
391.3631 	EXP 	Sound  started
391.9239 	DATA 	Keypress: rctrl
392.1131 	EXP 	Sound  started
392.6918 	DATA 	Keypress: rctrl
392.8631 	EXP 	Sound  started
393.5078 	DATA 	Keypress: lctrl
393.6131 	EXP 	Sound  started
394.2278 	DATA 	Keypress: rctrl
394.3632 	EXP 	Sound  started
394.9478 	DATA 	Keypress: lctrl
399.0048 	DATA 	Keypress: 4
399.0213 	EXP 	unnamed ShapeStim: vertices = <class 'numpy.ndarray'>
402.4076 	DATA 	Keypress: 3
402.4241 	EXP 	unnamed ShapeStim: vertices = <class 'numpy.ndarray'>
405.6106 	DATA 	Keypress: 3
405.6272 	EXP 	unnamed ShapeStim: vertices = <class 'numpy.ndarray'>
407.9111 	EXP 	Sound  started
407.9239 	DATA 	Keypress: lctrl
408.6597 	DATA 	Keypress: lctrl
408.6610 	EXP 	Sound  started
409.4110 	EXP 	Sound  started
409.4759 	DATA 	Keypress: lctrl
410.1610 	EXP 	Sound  started
410.1958 	DATA 	Keypress: lctrl
410.8838 	DATA 	Keypress: lctrl
410.9110 	EXP 	Sound  started
411.6039 	DATA 	Keypress: rctrl
411.6610 	EXP 	Sound  started
412.3558 	DATA 	Keypress: lctrl
412.4111 	EXP 	Sound  started
413.0918 	DATA 	Keypress: rctrl
413.1611 	EXP 	Sound  started
413.7318 	DATA 	Keypress: rctrl
413.9111 	EXP 	Sound  started
414.4198 	DATA 	Keypress: rctrl
414.6611 	EXP 	Sound  started
415.2037 	DATA 	Keypress: lctrl
415.4111 	EXP 	Sound  started
415.8918 	DATA 	Keypress: rctrl
416.1611 	EXP 	Sound  started
416.6119 	DATA 	Keypress: rctrl
416.9111 	EXP 	Sound  started
417.3959 	DATA 	Keypress: rctrl
417.6612 	EXP 	Sound  started
418.1157 	DATA 	Keypress: rctrl
418.4112 	EXP 	Sound  started
418.9318 	DATA 	Keypress: lctrl
419.1612 	EXP 	Sound  started
419.6998 	DATA 	Keypress: rctrl
419.9112 	EXP 	Sound  started
420.4199 	DATA 	Keypress: lctrl
420.6612 	EXP 	Sound  started
421.0918 	DATA 	Keypress: lctrl
421.4112 	EXP 	Sound  started
421.8118 	DATA 	Keypress: lctrl
422.1613 	EXP 	Sound  started
422.5478 	DATA 	Keypress: rctrl
422.9113 	EXP 	Sound  started
423.3638 	DATA 	Keypress: lctrl
423.6613 	EXP 	Sound  started
424.1318 	DATA 	Keypress: rctrl
424.4113 	EXP 	Sound  started
424.8038 	DATA 	Keypress: rctrl
425.1613 	EXP 	Sound  started
425.5238 	DATA 	Keypress: rctrl
425.9113 	EXP 	Sound  started
426.3078 	DATA 	Keypress: lctrl
426.6614 	EXP 	Sound  started
427.0438 	DATA 	Keypress: rctrl
427.4114 	EXP 	Sound  started
427.8437 	DATA 	Keypress: lctrl
428.1614 	EXP 	Sound  started
428.5478 	DATA 	Keypress: lctrl
428.9114 	EXP 	Sound  started
429.2839 	DATA 	Keypress: lctrl
429.6614 	EXP 	Sound  started
430.0678 	DATA 	Keypress: rctrl
430.4114 	EXP 	Sound  started
430.8038 	DATA 	Keypress: lctrl
431.1614 	EXP 	Sound  started
431.5719 	DATA 	Keypress: rctrl
431.9114 	EXP 	Sound  started
432.2918 	DATA 	Keypress: rctrl
432.6615 	EXP 	Sound  started
433.0919 	DATA 	Keypress: rctrl
433.4115 	EXP 	Sound  started
433.8918 	DATA 	Keypress: lctrl
434.1615 	EXP 	Sound  started
434.6919 	DATA 	Keypress: rctrl
434.9115 	EXP 	Sound  started
435.5079 	DATA 	Keypress: rctrl
435.6615 	EXP 	Sound  started
436.2918 	DATA 	Keypress: rctrl
436.4115 	EXP 	Sound  started
437.0598 	DATA 	Keypress: lctrl
437.1615 	EXP 	Sound  started
437.8277 	DATA 	Keypress: rctrl
437.9116 	EXP 	Sound  started
438.5157 	DATA 	Keypress: lctrl
438.6616 	EXP 	Sound  started
439.2198 	DATA 	Keypress: lctrl
439.4116 	EXP 	Sound  started
439.9559 	DATA 	Keypress: lctrl
440.1616 	EXP 	Sound  started
440.6758 	DATA 	Keypress: lctrl
440.9116 	EXP 	Sound  started
441.4758 	DATA 	Keypress: rctrl
441.6616 	EXP 	Sound  started
442.1798 	DATA 	Keypress: lctrl
442.4116 	EXP 	Sound  started
442.9158 	DATA 	Keypress: rctrl
443.1616 	EXP 	Sound  started
443.6197 	DATA 	Keypress: rctrl
443.9117 	EXP 	Sound  started
444.3238 	DATA 	Keypress: rctrl
444.6617 	EXP 	Sound  started
445.2518 	DATA 	Keypress: lctrl
445.4117 	EXP 	Sound  started
445.9558 	DATA 	Keypress: rctrl
446.1617 	EXP 	Sound  started
446.6757 	DATA 	Keypress: rctrl
446.9117 	EXP 	Sound  started
447.4438 	DATA 	Keypress: rctrl
447.6617 	EXP 	Sound  started
448.2118 	DATA 	Keypress: lctrl
448.4117 	EXP 	Sound  started
448.9318 	DATA 	Keypress: rctrl
449.1618 	EXP 	Sound  started
449.7158 	DATA 	Keypress: lctrl
449.9118 	EXP 	Sound  started
450.5158 	DATA 	Keypress: lctrl
450.6618 	EXP 	Sound  started
451.2997 	DATA 	Keypress: lctrl
451.4118 	EXP 	Sound  started
452.0838 	DATA 	Keypress: rctrl
452.1618 	EXP 	Sound  started
452.8198 	DATA 	Keypress: lctrl
452.9118 	EXP 	Sound  started
453.4437 	DATA 	Keypress: lctrl
453.6618 	EXP 	Sound  started
454.1638 	DATA 	Keypress: lctrl
454.4118 	EXP 	Sound  started
454.9477 	DATA 	Keypress: rctrl
457.1524 	DATA 	Keypress: 3
457.1689 	EXP 	unnamed ShapeStim: vertices = <class 'numpy.ndarray'>
459.7879 	DATA 	Keypress: 3
459.8044 	EXP 	unnamed ShapeStim: vertices = <class 'numpy.ndarray'>
463.8785 	DATA 	Keypress: 2
463.9078 	EXP 	unnamed ShapeStim: vertices = <class 'numpy.ndarray'>
466.1926 	EXP 	Sound  started
466.1935 	DATA 	Keypress: rctrl
466.6918 	DATA 	Keypress: rctrl
466.9424 	EXP 	Sound  started
467.4598 	DATA 	Keypress: lctrl
467.6924 	EXP 	Sound  started
468.1478 	DATA 	Keypress: rctrl
468.4424 	EXP 	Sound  started
468.8517 	DATA 	Keypress: rctrl
469.1925 	EXP 	Sound  started
469.5718 	DATA 	Keypress: rctrl
469.9425 	EXP 	Sound  started
470.2917 	DATA 	Keypress: rctrl
470.6925 	EXP 	Sound  started
471.0117 	DATA 	Keypress: rctrl
471.4425 	EXP 	Sound  started
471.7478 	DATA 	Keypress: lctrl
472.1925 	EXP 	Sound  started
472.4517 	DATA 	Keypress: lctrl
472.9425 	EXP 	Sound  started
473.3158 	DATA 	Keypress: rctrl
473.6925 	EXP 	Sound  started
474.0677 	DATA 	Keypress: lctrl
474.4426 	EXP 	Sound  started
474.8198 	DATA 	Keypress: rctrl
475.1926 	EXP 	Sound  started
475.5878 	DATA 	Keypress: rctrl
475.9426 	EXP 	Sound  started
476.3077 	DATA 	Keypress: rctrl
476.6926 	EXP 	Sound  started
477.0117 	DATA 	Keypress: rctrl
477.4426 	EXP 	Sound  started
477.8597 	DATA 	Keypress: lctrl
478.1926 	EXP 	Sound  started
478.6278 	DATA 	Keypress: rctrl
478.9428 	EXP 	Sound  started
479.4278 	DATA 	Keypress: lctrl
479.6928 	EXP 	Sound  started
480.0678 	DATA 	Keypress: lctrl
480.4428 	EXP 	Sound  started
480.7718 	DATA 	Keypress: lctrl
481.1928 	EXP 	Sound  started
481.5718 	DATA 	Keypress: lctrl
481.9429 	EXP 	Sound  started
482.3077 	DATA 	Keypress: rctrl
482.6929 	EXP 	Sound  started
483.0597 	DATA 	Keypress: lctrl
483.4429 	EXP 	Sound  started
483.7478 	DATA 	Keypress: rctrl
484.1929 	EXP 	Sound  started
484.5478 	DATA 	Keypress: rctrl
484.9429 	EXP 	Sound  started
485.3317 	DATA 	Keypress: rctrl
485.6929 	EXP 	Sound  started
486.1318 	DATA 	Keypress: lctrl
486.4429 	EXP 	Sound  started
486.9157 	DATA 	Keypress: rctrl
487.1930 	EXP 	Sound  started
487.6357 	DATA 	Keypress: rctrl
487.9430 	EXP 	Sound  started
488.3718 	DATA 	Keypress: rctrl
488.6930 	EXP 	Sound  started
489.0758 	DATA 	Keypress: rctrl
489.4430 	EXP 	Sound  started
489.9399 	DATA 	Keypress: lctrl
490.1930 	EXP 	Sound  started
490.5958 	DATA 	Keypress: rctrl
490.9430 	EXP 	Sound  started
491.3477 	DATA 	Keypress: lctrl
491.6930 	EXP 	Sound  started
492.0357 	DATA 	Keypress: lctrl
492.4430 	EXP 	Sound  started
492.8677 	DATA 	Keypress: lctrl
493.1931 	EXP 	Sound  started
493.6198 	DATA 	Keypress: lctrl
493.9431 	EXP 	Sound  started
494.3237 	DATA 	Keypress: rctrl
494.6931 	EXP 	Sound  started
494.9798 	DATA 	Keypress: lctrl
495.4431 	EXP 	Sound  started
495.7157 	DATA 	Keypress: rctrl
496.1931 	EXP 	Sound  started
496.4837 	DATA 	Keypress: rctrl
496.9431 	EXP 	Sound  started
497.2038 	DATA 	Keypress: rctrl
497.6932 	EXP 	Sound  started
497.9398 	DATA 	Keypress: rctrl
498.4432 	EXP 	Sound  started
498.8037 	DATA 	Keypress: lctrl
499.1932 	EXP 	Sound  started
499.5558 	DATA 	Keypress: lctrl
499.9432 	EXP 	Sound  started
500.3077 	DATA 	Keypress: lctrl
500.6932 	EXP 	Sound  started
501.0117 	DATA 	Keypress: rctrl
501.4432 	EXP 	Sound  started
501.8118 	DATA 	Keypress: lctrl
502.1932 	EXP 	Sound  started
502.5158 	DATA 	Keypress: rctrl
502.9433 	EXP 	Sound  started
503.2837 	DATA 	Keypress: rctrl
503.6933 	EXP 	Sound  started
504.0677 	DATA 	Keypress: rctrl
504.4433 	EXP 	Sound  started
504.8357 	DATA 	Keypress: rctrl
505.1933 	EXP 	Sound  started
505.6838 	DATA 	Keypress: rctrl
508.2776 	DATA 	Keypress: 4
508.2941 	EXP 	unnamed ShapeStim: vertices = <class 'numpy.ndarray'>
509.8162 	DATA 	Keypress: 3
509.8621 	EXP 	unnamed ShapeStim: vertices = <class 'numpy.ndarray'>
511.3875 	DATA 	Keypress: 3
511.4305 	EXP 	unnamed ShapeStim: vertices = <class 'numpy.ndarray'>
512.9522 	DATA 	Keypress: 3
513.7149 	EXP 	Sound  started
513.7158 	DATA 	Keypress: rctrl
514.2117 	DATA 	Keypress: rctrl
514.4647 	EXP 	Sound  started
514.9477 	DATA 	Keypress: rctrl
515.2147 	EXP 	Sound  started
515.7318 	DATA 	Keypress: lctrl
515.9648 	EXP 	Sound  started
516.5477 	DATA 	Keypress: rctrl
516.7148 	EXP 	Sound  started
517.2837 	DATA 	Keypress: lctrl
517.4648 	EXP 	Sound  started
517.9877 	DATA 	Keypress: lctrl
518.2148 	EXP 	Sound  started
518.7077 	DATA 	Keypress: lctrl
518.9648 	EXP 	Sound  started
519.3958 	DATA 	Keypress: lctrl
519.7148 	EXP 	Sound  started
520.1478 	DATA 	Keypress: rctrl
520.4648 	EXP 	Sound  started
520.9638 	DATA 	Keypress: lctrl
521.2148 	EXP 	Sound  started
521.6837 	DATA 	Keypress: rctrl
521.9649 	EXP 	Sound  started
522.3717 	DATA 	Keypress: rctrl
522.7149 	EXP 	Sound  started
523.2198 	DATA 	Keypress: lctrl
523.4649 	EXP 	Sound  started
524.0197 	DATA 	Keypress: rctrl
524.2149 	EXP 	Sound  started
524.6437 	DATA 	Keypress: rctrl
524.9649 	EXP 	Sound  started
525.3958 	DATA 	Keypress: rctrl
525.7149 	EXP 	Sound  started
526.1158 	DATA 	Keypress: rctrl
526.4649 	EXP 	Sound  started
526.8997 	DATA 	Keypress: lctrl
527.2149 	EXP 	Sound  started
527.6357 	DATA 	Keypress: rctrl
527.9650 	EXP 	Sound  started
528.3718 	DATA 	Keypress: lctrl
528.7150 	EXP 	Sound  started
529.1717 	DATA 	Keypress: lctrl
529.4650 	EXP 	Sound  started
529.9398 	DATA 	Keypress: rctrl
530.2150 	EXP 	Sound  started
530.7237 	DATA 	Keypress: rctrl
530.9650 	EXP 	Sound  started
531.5077 	DATA 	Keypress: rctrl
531.7150 	EXP 	Sound  started
532.2917 	DATA 	Keypress: lctrl
532.4650 	EXP 	Sound  started
533.1397 	DATA 	Keypress: rctrl
533.2151 	EXP 	Sound  started
533.8117 	DATA 	Keypress: rctrl
533.9651 	EXP 	Sound  started
534.6118 	DATA 	Keypress: lctrl
534.7151 	EXP 	Sound  started
535.2677 	DATA 	Keypress: lctrl
535.4651 	EXP 	Sound  started
536.0677 	DATA 	Keypress: lctrl
536.2151 	EXP 	Sound  started
536.8197 	DATA 	Keypress: lctrl
536.9651 	EXP 	Sound  started
537.5557 	DATA 	Keypress: lctrl
537.7151 	EXP 	Sound  started
538.4198 	DATA 	Keypress: rctrl
538.4652 	EXP 	Sound  started
539.1077 	DATA 	Keypress: lctrl
539.2152 	EXP 	Sound  started
539.7477 	DATA 	Keypress: rctrl
539.9652 	EXP 	Sound  started
540.5637 	DATA 	Keypress: rctrl
540.7152 	EXP 	Sound  started
541.3797 	DATA 	Keypress: rctrl
541.4652 	EXP 	Sound  started
542.1158 	DATA 	Keypress: rctrl
542.2152 	EXP 	Sound  started
542.8677 	DATA 	Keypress: lctrl
542.9652 	EXP 	Sound  started
543.6037 	DATA 	Keypress: lctrl
543.7153 	EXP 	Sound  started
544.3237 	DATA 	Keypress: rctrl
544.4653 	EXP 	Sound  started
545.1237 	DATA 	Keypress: lctrl
545.2153 	EXP 	Sound  started
545.8118 	DATA 	Keypress: rctrl
545.9653 	EXP 	Sound  started
546.5317 	DATA 	Keypress: lctrl
546.7153 	EXP 	Sound  started
547.1878 	DATA 	Keypress: rctrl
547.4653 	EXP 	Sound  started
547.9557 	DATA 	Keypress: lctrl
548.2153 	EXP 	Sound  started
548.7077 	DATA 	Keypress: rctrl
548.9654 	EXP 	Sound  started
549.4438 	DATA 	Keypress: rctrl
549.7154 	EXP 	Sound  started
550.1317 	DATA 	Keypress: rctrl
550.4654 	EXP 	Sound  started
550.8998 	DATA 	Keypress: lctrl
551.2154 	EXP 	Sound  started
551.6357 	DATA 	Keypress: lctrl
551.9654 	EXP 	Sound  started
552.4197 	DATA 	Keypress: lctrl
552.7154 	EXP 	Sound  started
553.2837 	DATA 	Keypress: rctrl
553.4654 	EXP 	Sound  started
554.0197 	DATA 	Keypress: lctrl
554.2155 	EXP 	Sound  started
554.7077 	DATA 	Keypress: rctrl
554.9655 	EXP 	Sound  started
555.4757 	DATA 	Keypress: rctrl
555.7155 	EXP 	Sound  started
556.1957 	DATA 	Keypress: rctrl
556.4655 	EXP 	Sound  started
556.8837 	DATA 	Keypress: rctrl
557.2155 	EXP 	Sound  started
557.6357 	DATA 	Keypress: rctrl
557.9655 	EXP 	Sound  started
558.4358 	DATA 	Keypress: lctrl
558.7156 	EXP 	Sound  started
559.1078 	DATA 	Keypress: rctrl
563.6062 	DATA 	Keypress: 3
563.6228 	EXP 	unnamed ShapeStim: vertices = <class 'numpy.ndarray'>
566.2456 	DATA 	Keypress: 2
566.2749 	EXP 	unnamed ShapeStim: vertices = <class 'numpy.ndarray'>
568.0937 	DATA 	Keypress: 2
568.1102 	EXP 	unnamed ShapeStim: vertices = <class 'numpy.ndarray'>
570.3950 	EXP 	Sound  started
570.3958 	DATA 	Keypress: rctrl
571.0277 	DATA 	Keypress: rctrl
571.1448 	EXP 	Sound  started
571.7317 	DATA 	Keypress: lctrl
571.8948 	EXP 	Sound  started
572.4517 	DATA 	Keypress: rctrl
572.6448 	EXP 	Sound  started
573.1877 	DATA 	Keypress: lctrl
573.3949 	EXP 	Sound  started
573.8437 	DATA 	Keypress: lctrl
574.1449 	EXP 	Sound  started
574.4996 	DATA 	Keypress: lctrl
574.8949 	EXP 	Sound  started
575.3317 	DATA 	Keypress: lctrl
575.6449 	EXP 	Sound  started
576.0677 	DATA 	Keypress: rctrl
576.3949 	EXP 	Sound  started
576.7877 	DATA 	Keypress: lctrl
577.1449 	EXP 	Sound  started
577.4757 	DATA 	Keypress: rctrl
577.8949 	EXP 	Sound  started
578.1957 	DATA 	Keypress: rctrl
578.6449 	EXP 	Sound  started
578.8997 	DATA 	Keypress: rctrl
579.3950 	EXP 	Sound  started
579.6837 	DATA 	Keypress: lctrl
580.1450 	EXP 	Sound  started
580.4357 	DATA 	Keypress: rctrl
580.8950 	EXP 	Sound  started
581.2197 	DATA 	Keypress: rctrl
581.6450 	EXP 	Sound  started
581.9396 	DATA 	Keypress: rctrl
582.3950 	EXP 	Sound  started
582.6918 	DATA 	Keypress: lctrl
583.1450 	EXP 	Sound  started
583.3957 	DATA 	Keypress: rctrl
583.8950 	EXP 	Sound  started
584.1957 	DATA 	Keypress: rctrl
584.6450 	EXP 	Sound  started
584.8358 	DATA 	Keypress: rctrl
585.3951 	EXP 	Sound  started
585.6037 	DATA 	Keypress: lctrl
586.1451 	EXP 	Sound  started
586.4676 	DATA 	Keypress: rctrl
586.8951 	EXP 	Sound  started
587.3797 	DATA 	Keypress: rctrl
587.6451 	EXP 	Sound  started
588.0997 	DATA 	Keypress: rctrl
588.3951 	EXP 	Sound  started
588.8037 	DATA 	Keypress: lctrl
589.1451 	EXP 	Sound  started
589.5077 	DATA 	Keypress: lctrl
589.8951 	EXP 	Sound  started
590.2437 	DATA 	Keypress: rctrl
590.6452 	EXP 	Sound  started
590.9317 	DATA 	Keypress: lctrl
591.3952 	EXP 	Sound  started
591.6837 	DATA 	Keypress: lctrl
592.1452 	EXP 	Sound  started
592.5156 	DATA 	Keypress: lctrl
592.8952 	EXP 	Sound  started
593.3157 	DATA 	Keypress: lctrl
593.6452 	EXP 	Sound  started
594.1316 	DATA 	Keypress: rctrl
594.3952 	EXP 	Sound  started
594.8677 	DATA 	Keypress: rctrl
595.1453 	EXP 	Sound  started
595.6677 	DATA 	Keypress: lctrl
595.8953 	EXP 	Sound  started
596.4357 	DATA 	Keypress: rctrl
596.6453 	EXP 	Sound  started
597.1557 	DATA 	Keypress: lctrl
597.3953 	EXP 	Sound  started
597.9557 	DATA 	Keypress: rctrl
598.1453 	EXP 	Sound  started
598.6916 	DATA 	Keypress: rctrl
598.8953 	EXP 	Sound  started
599.4597 	DATA 	Keypress: rctrl
599.6453 	EXP 	Sound  started
600.2277 	DATA 	Keypress: rctrl
600.3954 	EXP 	Sound  started
601.0117 	DATA 	Keypress: lctrl
601.1454 	EXP 	Sound  started
601.6677 	DATA 	Keypress: rctrl
601.8954 	EXP 	Sound  started
602.4676 	DATA 	Keypress: lctrl
602.6454 	EXP 	Sound  started
603.1236 	DATA 	Keypress: lctrl
603.3954 	EXP 	Sound  started
603.8596 	DATA 	Keypress: lctrl
604.1454 	EXP 	Sound  started
604.6917 	DATA 	Keypress: lctrl
604.8954 	EXP 	Sound  started
605.4917 	DATA 	Keypress: rctrl
605.6454 	EXP 	Sound  started
606.2756 	DATA 	Keypress: lctrl
606.3955 	EXP 	Sound  started
607.0277 	DATA 	Keypress: rctrl
607.1455 	EXP 	Sound  started
607.7637 	DATA 	Keypress: rctrl
607.8955 	EXP 	Sound  started
608.5317 	DATA 	Keypress: rctrl
608.6455 	EXP 	Sound  started
609.3157 	DATA 	Keypress: rctrl
609.3955 	EXP 	Sound  started
610.0997 	DATA 	Keypress: lctrl
610.1455 	EXP 	Sound  started
610.8196 	DATA 	Keypress: rctrl
610.8955 	EXP 	Sound  started
611.5876 	DATA 	Keypress: lctrl
611.6456 	EXP 	Sound  started
612.2757 	DATA 	Keypress: lctrl
612.3956 	EXP 	Sound  started
613.0117 	DATA 	Keypress: lctrl
613.1456 	EXP 	Sound  started
613.7476 	DATA 	Keypress: rctrl
613.8956 	EXP 	Sound  started
614.4676 	DATA 	Keypress: lctrl
614.6456 	EXP 	Sound  started
615.2357 	DATA 	Keypress: rctrl
615.3956 	EXP 	Sound  started
615.8917 	DATA 	Keypress: rctrl
616.1456 	EXP 	Sound  started
616.6116 	DATA 	Keypress: rctrl
616.8957 	EXP 	Sound  started
617.5238 	DATA 	Keypress: lctrl
617.6457 	EXP 	Sound  started
618.1958 	DATA 	Keypress: rctrl
618.3957 	EXP 	Sound  started
618.8516 	DATA 	Keypress: rctrl
619.1457 	EXP 	Sound  started
619.6677 	DATA 	Keypress: lctrl
619.8957 	EXP 	Sound  started
620.3397 	DATA 	Keypress: rctrl
620.6457 	EXP 	Sound  started
621.1397 	DATA 	Keypress: rctrl
624.6934 	DATA 	Keypress: 3
624.7228 	EXP 	unnamed ShapeStim: vertices = <class 'numpy.ndarray'>
627.0625 	DATA 	Keypress: 4
627.0919 	EXP 	unnamed ShapeStim: vertices = <class 'numpy.ndarray'>
629.4440 	DATA 	Keypress: 3
629.4605 	EXP 	unnamed ShapeStim: vertices = <class 'numpy.ndarray'>
631.7450 	EXP 	Sound  started
631.7459 	DATA 	Keypress: rctrl
632.2757 	DATA 	Keypress: rctrl
632.4949 	EXP 	Sound  started
632.9637 	DATA 	Keypress: lctrl
633.2449 	EXP 	Sound  started
633.7476 	DATA 	Keypress: rctrl
633.9949 	EXP 	Sound  started
634.4997 	DATA 	Keypress: lctrl
634.7449 	EXP 	Sound  started
635.2356 	DATA 	Keypress: rctrl
635.4949 	EXP 	Sound  started
636.0196 	DATA 	Keypress: rctrl
636.2450 	EXP 	Sound  started
636.7077 	DATA 	Keypress: rctrl
636.9950 	EXP 	Sound  started
637.4437 	DATA 	Keypress: lctrl
637.7450 	EXP 	Sound  started
638.1636 	DATA 	Keypress: rctrl
638.4950 	EXP 	Sound  started
638.9157 	DATA 	Keypress: lctrl
639.2450 	EXP 	Sound  started
639.6036 	DATA 	Keypress: lctrl
639.9950 	EXP 	Sound  started
640.3717 	DATA 	Keypress: lctrl
640.7450 	EXP 	Sound  started
641.1077 	DATA 	Keypress: rctrl
641.4951 	EXP 	Sound  started
641.8276 	DATA 	Keypress: rctrl
642.2451 	EXP 	Sound  started
642.5797 	DATA 	Keypress: rctrl
642.9951 	EXP 	Sound  started
643.4277 	DATA 	Keypress: lctrl
643.7451 	EXP 	Sound  started
644.1797 	DATA 	Keypress: rctrl
644.4951 	EXP 	Sound  started
644.8837 	DATA 	Keypress: lctrl
645.2451 	EXP 	Sound  started
645.6676 	DATA 	Keypress: lctrl
645.9951 	EXP 	Sound  started
646.4356 	DATA 	Keypress: lctrl
646.7451 	EXP 	Sound  started
647.1877 	DATA 	Keypress: lctrl
647.4952 	EXP 	Sound  started
648.0516 	DATA 	Keypress: rctrl
648.2452 	EXP 	Sound  started
648.7237 	DATA 	Keypress: rctrl
648.9952 	EXP 	Sound  started
649.4916 	DATA 	Keypress: lctrl
649.7452 	EXP 	Sound  started
650.2117 	DATA 	Keypress: rctrl
650.4952 	EXP 	Sound  started
650.9316 	DATA 	Keypress: rctrl
651.2452 	EXP 	Sound  started
651.6356 	DATA 	Keypress: rctrl
651.9952 	EXP 	Sound  started
652.3716 	DATA 	Keypress: lctrl
652.7453 	EXP 	Sound  started
653.1557 	DATA 	Keypress: rctrl
653.4953 	EXP 	Sound  started
653.9236 	DATA 	Keypress: rctrl
654.2453 	EXP 	Sound  started
654.7077 	DATA 	Keypress: lctrl
654.9953 	EXP 	Sound  started
655.4437 	DATA 	Keypress: rctrl
655.7453 	EXP 	Sound  started
656.1637 	DATA 	Keypress: rctrl
656.4953 	EXP 	Sound  started
656.9317 	DATA 	Keypress: rctrl
657.2453 	EXP 	Sound  started
657.7316 	DATA 	Keypress: lctrl
657.9954 	EXP 	Sound  started
658.4516 	DATA 	Keypress: rctrl
658.7454 	EXP 	Sound  started
659.1876 	DATA 	Keypress: lctrl
659.4954 	EXP 	Sound  started
659.9236 	DATA 	Keypress: lctrl
660.2454 	EXP 	Sound  started
660.6437 	DATA 	Keypress: lctrl
660.9954 	EXP 	Sound  started
661.4116 	DATA 	Keypress: lctrl
661.7454 	EXP 	Sound  started
662.1956 	DATA 	Keypress: rctrl
662.4954 	EXP 	Sound  started
662.8516 	DATA 	Keypress: lctrl
663.2455 	EXP 	Sound  started
663.5556 	DATA 	Keypress: rctrl
663.9955 	EXP 	Sound  started
664.2596 	DATA 	Keypress: rctrl
664.7455 	EXP 	Sound  started
664.9796 	DATA 	Keypress: rctrl
665.4955 	EXP 	Sound  started
665.7476 	DATA 	Keypress: rctrl
666.2455 	EXP 	Sound  started
666.4677 	DATA 	Keypress: rctrl
666.9955 	EXP 	Sound  started
667.2837 	DATA 	Keypress: lctrl
667.7455 	EXP 	Sound  started
667.9717 	DATA 	Keypress: rctrl
668.4956 	EXP 	Sound  started
668.8676 	DATA 	Keypress: lctrl
669.2456 	EXP 	Sound  started
669.6196 	DATA 	Keypress: lctrl
669.9956 	EXP 	Sound  started
670.3716 	DATA 	Keypress: lctrl
670.7456 	EXP 	Sound  started
671.1236 	DATA 	Keypress: lctrl
671.4956 	EXP 	Sound  started
671.8598 	DATA 	Keypress: rctrl
672.2456 	EXP 	Sound  started
672.5476 	DATA 	Keypress: lctrl
672.9956 	EXP 	Sound  started
673.2356 	DATA 	Keypress: rctrl
673.7456 	EXP 	Sound  started
674.0677 	DATA 	Keypress: rctrl
674.4957 	EXP 	Sound  started
674.7557 	DATA 	Keypress: rctrl
675.2457 	EXP 	Sound  started
675.5876 	DATA 	Keypress: rctrl
675.9957 	EXP 	Sound  started
676.3076 	DATA 	Keypress: rctrl
676.7457 	EXP 	Sound  started
677.0436 	DATA 	Keypress: lctrl
677.4957 	EXP 	Sound  started
677.7637 	DATA 	Keypress: rctrl
678.2458 	EXP 	Sound  started
678.5637 	DATA 	Keypress: lctrl
678.9958 	EXP 	Sound  started
679.3316 	DATA 	Keypress: lctrl
679.7458 	EXP 	Sound  started
680.1317 	DATA 	Keypress: lctrl
680.4958 	EXP 	Sound  started
680.8836 	DATA 	Keypress: lctrl
681.2458 	EXP 	Sound  started
681.6517 	DATA 	Keypress: rctrl
681.9958 	EXP 	Sound  started
682.3877 	DATA 	Keypress: lctrl
682.7458 	EXP 	Sound  started
683.1236 	DATA 	Keypress: rctrl
683.4958 	EXP 	Sound  started
683.8596 	DATA 	Keypress: rctrl
684.2458 	EXP 	Sound  started
684.6596 	DATA 	Keypress: rctrl
684.9959 	EXP 	Sound  started
685.4117 	DATA 	Keypress: lctrl
685.7459 	EXP 	Sound  started
686.0677 	DATA 	Keypress: rctrl
686.4959 	EXP 	Sound  started
686.8676 	DATA 	Keypress: lctrl
687.2459 	EXP 	Sound  started
687.6196 	DATA 	Keypress: lctrl
687.9959 	EXP 	Sound  started
688.3716 	DATA 	Keypress: lctrl
688.7459 	EXP 	Sound  started
689.1556 	DATA 	Keypress: rctrl
689.4959 	EXP 	Sound  started
689.9076 	DATA 	Keypress: rctrl
692.5490 	DATA 	Keypress: 3
692.5783 	EXP 	unnamed ShapeStim: vertices = <class 'numpy.ndarray'>
695.2679 	DATA 	Keypress: 4
695.2972 	EXP 	unnamed ShapeStim: vertices = <class 'numpy.ndarray'>
697.6036 	DATA 	Keypress: 2
697.6330 	EXP 	unnamed ShapeStim: vertices = <class 'numpy.ndarray'>
699.9173 	EXP 	Sound  started
700.0357 	DATA 	Keypress: rctrl
700.5796 	DATA 	Keypress: rctrl
700.6671 	EXP 	Sound  started
701.3157 	DATA 	Keypress: lctrl
701.4171 	EXP 	Sound  started
702.0516 	DATA 	Keypress: rctrl
702.1672 	EXP 	Sound  started
702.7237 	DATA 	Keypress: rctrl
702.9172 	EXP 	Sound  started
703.5076 	DATA 	Keypress: lctrl
703.6672 	EXP 	Sound  started
704.2596 	DATA 	Keypress: rctrl
704.4172 	EXP 	Sound  started
704.9636 	DATA 	Keypress: rctrl
705.1672 	EXP 	Sound  started
705.6676 	DATA 	Keypress: rctrl
705.9172 	EXP 	Sound  started
706.3556 	DATA 	Keypress: rctrl
706.6672 	EXP 	Sound  started
707.1717 	DATA 	Keypress: lctrl
707.4173 	EXP 	Sound  started
707.8436 	DATA 	Keypress: lctrl
708.1673 	EXP 	Sound  started
708.5637 	DATA 	Keypress: rctrl
708.9173 	EXP 	Sound  started
709.3796 	DATA 	Keypress: lctrl
709.6673 	EXP 	Sound  started
710.1156 	DATA 	Keypress: lctrl
710.4173 	EXP 	Sound  started
710.8196 	DATA 	Keypress: rctrl
711.1673 	EXP 	Sound  started
711.6196 	DATA 	Keypress: lctrl
711.9173 	EXP 	Sound  started
712.3396 	DATA 	Keypress: rctrl
712.6673 	EXP 	Sound  started
713.1076 	DATA 	Keypress: rctrl
713.4174 	EXP 	Sound  started
713.8277 	DATA 	Keypress: rctrl
714.1674 	EXP 	Sound  started
714.6276 	DATA 	Keypress: lctrl
714.9174 	EXP 	Sound  started
715.3476 	DATA 	Keypress: rctrl
715.6674 	EXP 	Sound  started
716.1156 	DATA 	Keypress: lctrl
716.4174 	EXP 	Sound  started
716.8516 	DATA 	Keypress: lctrl
717.1674 	EXP 	Sound  started
717.6517 	DATA 	Keypress: rctrl
717.9174 	EXP 	Sound  started
718.4036 	DATA 	Keypress: rctrl
718.6675 	EXP 	Sound  started
719.1716 	DATA 	Keypress: rctrl
719.4175 	EXP 	Sound  started
719.9237 	DATA 	Keypress: rctrl
720.1675 	EXP 	Sound  started
720.6757 	DATA 	Keypress: lctrl
720.9175 	EXP 	Sound  started
721.3796 	DATA 	Keypress: lctrl
721.6675 	EXP 	Sound  started
722.1637 	DATA 	Keypress: rctrl
722.4175 	EXP 	Sound  started
722.9156 	DATA 	Keypress: lctrl
723.1675 	EXP 	Sound  started
723.6676 	DATA 	Keypress: lctrl
723.9175 	EXP 	Sound  started
724.4676 	DATA 	Keypress: lctrl
724.6676 	EXP 	Sound  started
725.1876 	DATA 	Keypress: rctrl
725.4176 	EXP 	Sound  started
725.9716 	DATA 	Keypress: lctrl
726.1676 	EXP 	Sound  started
726.6916 	DATA 	Keypress: lctrl
726.9176 	EXP 	Sound  started
727.4116 	DATA 	Keypress: rctrl
727.6677 	EXP 	Sound  started
728.2436 	DATA 	Keypress: lctrl
728.4177 	EXP 	Sound  started
728.9316 	DATA 	Keypress: rctrl
729.1677 	EXP 	Sound  started
729.7636 	DATA 	Keypress: rctrl
729.9177 	EXP 	Sound  started
730.5476 	DATA 	Keypress: rctrl
730.6678 	EXP 	Sound  started
731.3157 	DATA 	Keypress: lctrl
731.4178 	EXP 	Sound  started
732.0037 	DATA 	Keypress: rctrl
732.1678 	EXP 	Sound  started
732.7716 	DATA 	Keypress: rctrl
732.9178 	EXP 	Sound  started
733.6356 	DATA 	Keypress: lctrl
733.6678 	EXP 	Sound  started
734.3396 	DATA 	Keypress: rctrl
734.4178 	EXP 	Sound  started
735.0277 	DATA 	Keypress: rctrl
735.1678 	EXP 	Sound  started
735.7797 	DATA 	Keypress: lctrl
735.9178 	EXP 	Sound  started
736.5156 	DATA 	Keypress: rctrl
736.6679 	EXP 	Sound  started
737.2836 	DATA 	Keypress: rctrl
737.4179 	EXP 	Sound  started
737.9716 	DATA 	Keypress: rctrl
738.1679 	EXP 	Sound  started
738.7876 	DATA 	Keypress: lctrl
738.9179 	EXP 	Sound  started
739.4917 	DATA 	Keypress: lctrl
739.6679 	EXP 	Sound  started
740.2276 	DATA 	Keypress: lctrl
740.4179 	EXP 	Sound  started
740.9956 	DATA 	Keypress: lctrl
741.1680 	EXP 	Sound  started
741.6996 	DATA 	Keypress: rctrl
741.9179 	EXP 	Sound  started
742.4836 	DATA 	Keypress: rctrl
742.6680 	EXP 	Sound  started
743.2996 	DATA 	Keypress: lctrl
743.4180 	EXP 	Sound  started
744.0837 	DATA 	Keypress: rctrl
744.1680 	EXP 	Sound  started
744.7556 	DATA 	Keypress: rctrl
744.9180 	EXP 	Sound  started
745.5396 	DATA 	Keypress: rctrl
745.6680 	EXP 	Sound  started
746.3716 	DATA 	Keypress: rctrl
746.4181 	EXP 	Sound  started
747.1076 	DATA 	Keypress: lctrl
747.1681 	EXP 	Sound  started
747.8116 	DATA 	Keypress: rctrl
747.9181 	EXP 	Sound  started
748.5637 	DATA 	Keypress: rctrl
748.6681 	EXP 	Sound  started
749.3317 	DATA 	Keypress: rctrl
749.4181 	EXP 	Sound  started
750.0356 	DATA 	Keypress: rctrl
750.1681 	EXP 	Sound  started
750.7716 	DATA 	Keypress: lctrl
750.9181 	EXP 	Sound  started
751.5076 	DATA 	Keypress: rctrl
751.6682 	EXP 	Sound  started
752.2915 	DATA 	Keypress: rctrl
752.4182 	EXP 	Sound  started
753.0436 	DATA 	Keypress: rctrl
753.1682 	EXP 	Sound  started
753.8916 	DATA 	Keypress: lctrl
753.9182 	EXP 	Sound  started
754.5636 	DATA 	Keypress: rctrl
754.6682 	EXP 	Sound  started
755.2516 	DATA 	Keypress: rctrl
755.4182 	EXP 	Sound  started
755.9235 	DATA 	Keypress: rctrl
756.1682 	EXP 	Sound  started
756.7076 	DATA 	Keypress: rctrl
756.9182 	EXP 	Sound  started
757.4596 	DATA 	Keypress: lctrl
757.6683 	EXP 	Sound  started
758.2276 	DATA 	Keypress: rctrl
758.4183 	EXP 	Sound  started
758.9315 	DATA 	Keypress: rctrl
763.6534 	DATA 	Keypress: 4
763.6699 	EXP 	unnamed ShapeStim: vertices = <class 'numpy.ndarray'>
766.6597 	DATA 	Keypress: 3
766.6890 	EXP 	unnamed ShapeStim: vertices = <class 'numpy.ndarray'>
769.2246 	DATA 	Keypress: 3
769.2411 	EXP 	unnamed ShapeStim: vertices = <class 'numpy.ndarray'>
771.5265 	EXP 	Sound  started
771.5273 	DATA 	Keypress: rctrl
772.0677 	DATA 	Keypress: rctrl
772.2763 	EXP 	Sound  started
772.8197 	DATA 	Keypress: rctrl
773.0263 	EXP 	Sound  started
773.5876 	DATA 	Keypress: lctrl
773.7764 	EXP 	Sound  started
774.2915 	DATA 	Keypress: rctrl
774.5264 	EXP 	Sound  started
774.9636 	DATA 	Keypress: lctrl
775.2764 	EXP 	Sound  started
775.7476 	DATA 	Keypress: lctrl
776.0264 	EXP 	Sound  started
776.4356 	DATA 	Keypress: rctrl
776.7764 	EXP 	Sound  started
777.2516 	DATA 	Keypress: lctrl
777.5264 	EXP 	Sound  started
777.9555 	DATA 	Keypress: rctrl
778.2764 	EXP 	Sound  started
778.6756 	DATA 	Keypress: rctrl
779.0264 	EXP 	Sound  started
779.5076 	DATA 	Keypress: lctrl
779.7765 	EXP 	Sound  started
780.2275 	DATA 	Keypress: lctrl
780.5265 	EXP 	Sound  started
781.1237 	DATA 	Keypress: lctrl
781.2765 	EXP 	Sound  started
781.9075 	DATA 	Keypress: lctrl
782.0265 	EXP 	Sound  started
782.6275 	DATA 	Keypress: lctrl
782.7765 	EXP 	Sound  started
783.3636 	DATA 	Keypress: rctrl
783.5265 	EXP 	Sound  started
784.0996 	DATA 	Keypress: lctrl
784.2765 	EXP 	Sound  started
784.7556 	DATA 	Keypress: rctrl
785.0266 	EXP 	Sound  started
785.4755 	DATA 	Keypress: rctrl
785.7766 	EXP 	Sound  started
786.2275 	DATA 	Keypress: rctrl
786.5266 	EXP 	Sound  started
786.9795 	DATA 	Keypress: rctrl
787.2766 	EXP 	Sound  started
787.7156 	DATA 	Keypress: rctrl
788.0266 	EXP 	Sound  started
788.4036 	DATA 	Keypress: rctrl
788.7766 	EXP 	Sound  started
789.1876 	DATA 	Keypress: rctrl
789.5266 	EXP 	Sound  started
789.9556 	DATA 	Keypress: lctrl
790.2766 	EXP 	Sound  started
790.6916 	DATA 	Keypress: rctrl
791.0267 	EXP 	Sound  started
791.4276 	DATA 	Keypress: rctrl
791.7767 	EXP 	Sound  started
792.2116 	DATA 	Keypress: lctrl
792.5267 	EXP 	Sound  started
792.9477 	DATA 	Keypress: lctrl
793.2767 	EXP 	Sound  started
793.7316 	DATA 	Keypress: lctrl
794.0267 	EXP 	Sound  started
794.5636 	DATA 	Keypress: lctrl
794.7767 	EXP 	Sound  started
795.2675 	DATA 	Keypress: lctrl
795.5267 	EXP 	Sound  started
796.0676 	DATA 	Keypress: rctrl
796.2767 	EXP 	Sound  started
796.8515 	DATA 	Keypress: lctrl
797.0267 	EXP 	Sound  started
797.5396 	DATA 	Keypress: rctrl
797.7768 	EXP 	Sound  started
798.2438 	DATA 	Keypress: rctrl
798.5268 	EXP 	Sound  started
798.9635 	DATA 	Keypress: rctrl
799.2768 	EXP 	Sound  started
799.7475 	DATA 	Keypress: rctrl
800.0268 	EXP 	Sound  started
800.5796 	DATA 	Keypress: rctrl
800.7768 	EXP 	Sound  started
801.3156 	DATA 	Keypress: rctrl
801.5268 	EXP 	Sound  started
802.0356 	DATA 	Keypress: lctrl
802.2768 	EXP 	Sound  started
802.7875 	DATA 	Keypress: rctrl
803.0268 	EXP 	Sound  started
803.5556 	DATA 	Keypress: lctrl
803.7769 	EXP 	Sound  started
804.4196 	DATA 	Keypress: lctrl
804.5269 	EXP 	Sound  started
805.1395 	DATA 	Keypress: lctrl
805.2769 	EXP 	Sound  started
805.9396 	DATA 	Keypress: rctrl
806.0269 	EXP 	Sound  started
806.6595 	DATA 	Keypress: lctrl
806.7769 	EXP 	Sound  started
807.3955 	DATA 	Keypress: rctrl
807.5269 	EXP 	Sound  started
808.0995 	DATA 	Keypress: rctrl
808.2769 	EXP 	Sound  started
808.8196 	DATA 	Keypress: rctrl
809.0270 	EXP 	Sound  started
809.6355 	DATA 	Keypress: lctrl
809.7770 	EXP 	Sound  started
810.3395 	DATA 	Keypress: rctrl
810.5270 	EXP 	Sound  started
811.0916 	DATA 	Keypress: lctrl
811.2770 	EXP 	Sound  started
811.8436 	DATA 	Keypress: lctrl
812.0270 	EXP 	Sound  started
812.5955 	DATA 	Keypress: lctrl
812.7770 	EXP 	Sound  started
813.3635 	DATA 	Keypress: rctrl
813.5270 	EXP 	Sound  started
814.0835 	DATA 	Keypress: rctrl
814.2771 	EXP 	Sound  started
814.8515 	DATA 	Keypress: rctrl
815.0271 	EXP 	Sound  started
815.6837 	DATA 	Keypress: lctrl
815.7771 	EXP 	Sound  started
816.5155 	DATA 	Keypress: lctrl
816.5271 	EXP 	Sound  started
817.2771 	EXP 	Sound  started
817.3155 	DATA 	Keypress: lctrl
817.9555 	DATA 	Keypress: rctrl
818.0271 	EXP 	Sound  started
818.7555 	DATA 	Keypress: lctrl
818.7771 	EXP 	Sound  started
819.4435 	DATA 	Keypress: rctrl
819.5272 	EXP 	Sound  started
820.2276 	DATA 	Keypress: rctrl
820.2772 	EXP 	Sound  started
820.9157 	DATA 	Keypress: rctrl
821.0272 	EXP 	Sound  started
821.6196 	DATA 	Keypress: lctrl
821.7772 	EXP 	Sound  started
822.4196 	DATA 	Keypress: rctrl
822.5272 	EXP 	Sound  started
823.1396 	DATA 	Keypress: lctrl
823.2772 	EXP 	Sound  started
823.8595 	DATA 	Keypress: rctrl
824.0272 	EXP 	Sound  started
824.6436 	DATA 	Keypress: rctrl
824.7773 	EXP 	Sound  started
825.3795 	DATA 	Keypress: rctrl
825.5273 	EXP 	Sound  started
826.1955 	DATA 	Keypress: lctrl
826.2773 	EXP 	Sound  started
826.9476 	DATA 	Keypress: lctrl
827.0273 	EXP 	Sound  started
827.6676 	DATA 	Keypress: lctrl
827.7773 	EXP 	Sound  started
828.3555 	DATA 	Keypress: rctrl
828.5273 	EXP 	Sound  started
829.0596 	DATA 	Keypress: rctrl
829.2774 	EXP 	Sound  started
829.7635 	DATA 	Keypress: rctrl
830.0274 	EXP 	Sound  started
830.6115 	DATA 	Keypress: lctrl
830.7774 	EXP 	Sound  started
831.4755 	DATA 	Keypress: rctrl
831.5274 	EXP 	Sound  started
832.1795 	DATA 	Keypress: rctrl
832.2774 	EXP 	Sound  started
832.9315 	DATA 	Keypress: lctrl
833.0274 	EXP 	Sound  started
833.5715 	DATA 	Keypress: rctrl
833.7774 	EXP 	Sound  started
834.3556 	DATA 	Keypress: lctrl
834.5274 	EXP 	Sound  started
835.1235 	DATA 	Keypress: lctrl
835.2775 	EXP 	Sound  started
835.8435 	DATA 	Keypress: lctrl
836.0275 	EXP 	Sound  started
836.5475 	DATA 	Keypress: lctrl
836.7775 	EXP 	Sound  started
837.2995 	DATA 	Keypress: rctrl
837.5275 	EXP 	Sound  started
838.0515 	DATA 	Keypress: lctrl
842.0047 	DATA 	Keypress: 4
842.0341 	EXP 	unnamed ShapeStim: vertices = <class 'numpy.ndarray'>
843.9901 	DATA 	Keypress: 4
844.0195 	EXP 	unnamed ShapeStim: vertices = <class 'numpy.ndarray'>
845.6042 	DATA 	Keypress: 4
845.6208 	EXP 	unnamed ShapeStim: vertices = <class 'numpy.ndarray'>
847.9056 	EXP 	Sound  started
847.9064 	DATA 	Keypress: rctrl
848.5475 	DATA 	Keypress: lctrl
848.6554 	EXP 	Sound  started
849.2195 	DATA 	Keypress: rctrl
849.4054 	EXP 	Sound  started
849.8915 	DATA 	Keypress: rctrl
850.1554 	EXP 	Sound  started
850.6276 	DATA 	Keypress: rctrl
850.9054 	EXP 	Sound  started
851.4277 	DATA 	Keypress: lctrl
851.6555 	EXP 	Sound  started
852.1476 	DATA 	Keypress: rctrl
852.4055 	EXP 	Sound  started
852.9475 	DATA 	Keypress: rctrl
853.1556 	EXP 	Sound  started
853.6355 	DATA 	Keypress: lctrl
853.9056 	EXP 	Sound  started
854.4835 	DATA 	Keypress: rctrl
854.6556 	EXP 	Sound  started
855.1555 	DATA 	Keypress: rctrl
855.4057 	EXP 	Sound  started
855.8115 	DATA 	Keypress: rctrl
856.1557 	EXP 	Sound  started
856.5315 	DATA 	Keypress: rctrl
856.9057 	EXP 	Sound  started
857.3635 	DATA 	Keypress: lctrl
857.6557 	EXP 	Sound  started
858.1956 	DATA 	Keypress: lctrl
858.4057 	EXP 	Sound  started
858.9796 	DATA 	Keypress: rctrl
859.1557 	EXP 	Sound  started
859.6675 	DATA 	Keypress: lctrl
859.9057 	EXP 	Sound  started
860.3876 	DATA 	Keypress: lctrl
860.6558 	EXP 	Sound  started
861.1236 	DATA 	Keypress: lctrl
861.4058 	EXP 	Sound  started
861.8596 	DATA 	Keypress: lctrl
862.1558 	EXP 	Sound  started
862.5955 	DATA 	Keypress: rctrl
862.9058 	EXP 	Sound  started
863.3155 	DATA 	Keypress: rctrl
863.6558 	EXP 	Sound  started
864.0835 	DATA 	Keypress: rctrl
864.4059 	EXP 	Sound  started
864.8036 	DATA 	Keypress: rctrl
865.1559 	EXP 	Sound  started
865.5395 	DATA 	Keypress: lctrl
865.9059 	EXP 	Sound  started
866.3075 	DATA 	Keypress: rctrl
866.6559 	EXP 	Sound  started
866.9955 	DATA 	Keypress: lctrl
867.4059 	EXP 	Sound  started
867.7156 	DATA 	Keypress: lctrl
868.1559 	EXP 	Sound  started
868.4995 	DATA 	Keypress: lctrl
868.9059 	EXP 	Sound  started
869.2676 	DATA 	Keypress: rctrl
869.6559 	EXP 	Sound  started
870.0516 	DATA 	Keypress: rctrl
870.4060 	EXP 	Sound  started
870.7395 	DATA 	Keypress: lctrl
871.1560 	EXP 	Sound  started
871.4595 	DATA 	Keypress: rctrl
871.9060 	EXP 	Sound  started
872.2435 	DATA 	Keypress: lctrl
872.6560 	EXP 	Sound  started
873.0435 	DATA 	Keypress: lctrl
873.4060 	EXP 	Sound  started
873.8595 	DATA 	Keypress: lctrl
874.1560 	EXP 	Sound  started
874.6596 	DATA 	Keypress: rctrl
874.9060 	EXP 	Sound  started
875.3315 	DATA 	Keypress: lctrl
875.6560 	EXP 	Sound  started
876.0356 	DATA 	Keypress: lctrl
876.4061 	EXP 	Sound  started
876.8675 	DATA 	Keypress: lctrl
877.1561 	EXP 	Sound  started
877.5715 	DATA 	Keypress: rctrl
877.9061 	EXP 	Sound  started
878.3235 	DATA 	Keypress: lctrl
878.6561 	EXP 	Sound  started
878.9955 	DATA 	Keypress: rctrl
879.4061 	EXP 	Sound  started
879.6836 	DATA 	Keypress: lctrl
880.1561 	EXP 	Sound  started
880.4035 	DATA 	Keypress: rctrl
880.9061 	EXP 	Sound  started
881.1875 	DATA 	Keypress: rctrl
881.6562 	EXP 	Sound  started
881.9875 	DATA 	Keypress: rctrl
882.4062 	EXP 	Sound  started
882.7556 	DATA 	Keypress: rctrl
883.1562 	EXP 	Sound  started
883.5075 	DATA 	Keypress: rctrl
883.9062 	EXP 	Sound  started
884.2757 	DATA 	Keypress: rctrl
884.6562 	EXP 	Sound  started
885.1075 	DATA 	Keypress: lctrl
885.4062 	EXP 	Sound  started
885.7955 	DATA 	Keypress: lctrl
886.1562 	EXP 	Sound  started
886.5955 	DATA 	Keypress: rctrl
886.9063 	EXP 	Sound  started
887.2996 	DATA 	Keypress: lctrl
887.6563 	EXP 	Sound  started
887.9875 	DATA 	Keypress: rctrl
888.4063 	EXP 	Sound  started
888.6595 	DATA 	Keypress: rctrl
889.1563 	EXP 	Sound  started
889.4435 	DATA 	Keypress: lctrl
889.9063 	EXP 	Sound  started
890.2596 	DATA 	Keypress: lctrl
890.6563 	EXP 	Sound  started
890.9475 	DATA 	Keypress: rctrl
891.4064 	EXP 	Sound  started
891.7156 	DATA 	Keypress: lctrl
892.1564 	EXP 	Sound  started
892.4515 	DATA 	Keypress: rctrl
892.9064 	EXP 	Sound  started
893.1715 	DATA 	Keypress: rctrl
893.6564 	EXP 	Sound  started
893.9075 	DATA 	Keypress: rctrl
894.4064 	EXP 	Sound  started
894.6915 	DATA 	Keypress: rctrl
895.1564 	EXP 	Sound  started
895.5076 	DATA 	Keypress: rctrl
895.9064 	EXP 	Sound  started
896.2916 	DATA 	Keypress: lctrl
896.6565 	EXP 	Sound  started
897.0116 	DATA 	Keypress: rctrl
897.4065 	EXP 	Sound  started
897.7635 	DATA 	Keypress: lctrl
898.1565 	EXP 	Sound  started
898.4835 	DATA 	Keypress: rctrl
898.9065 	EXP 	Sound  started
899.2196 	DATA 	Keypress: rctrl
899.6565 	EXP 	Sound  started
899.9715 	DATA 	Keypress: rctrl
900.4065 	EXP 	Sound  started
900.7395 	DATA 	Keypress: lctrl
901.1565 	EXP 	Sound  started
901.4915 	DATA 	Keypress: lctrl
901.9066 	EXP 	Sound  started
902.2435 	DATA 	Keypress: lctrl
902.6566 	EXP 	Sound  started
902.9796 	DATA 	Keypress: lctrl
903.4066 	EXP 	Sound  started
903.8276 	DATA 	Keypress: rctrl
904.1566 	EXP 	Sound  started
904.5635 	DATA 	Keypress: lctrl
904.9066 	EXP 	Sound  started
905.3155 	DATA 	Keypress: rctrl
905.6566 	EXP 	Sound  started
906.0195 	DATA 	Keypress: rctrl
906.4066 	EXP 	Sound  started
906.7876 	DATA 	Keypress: rctrl
908.6765 	DATA 	Keypress: 1
908.7058 	EXP 	unnamed ShapeStim: vertices = <class 'numpy.ndarray'>
911.3915 	DATA 	Keypress: 4
911.4080 	EXP 	unnamed ShapeStim: vertices = <class 'numpy.ndarray'>
914.5646 	DATA 	Keypress: 2
914.5939 	EXP 	unnamed ShapeStim: vertices = <class 'numpy.ndarray'>
916.8833 	DATA 	Keypress: rctrl
993.9556 	DATA 	Keypress: return
994.0287 	EXP 	window1: mouseVisible = True
