20.4082 	WARNING 	User requested fullscreen with size [1024  768], but screen is actually [1920, 1200]. Using actual size
21.7368 	EXP 	Created window1 = Window(allowGUI=False, allowStencil=False, autoLog=True, backendConf=UNKNOWN, bitsMode=UNKNOWN, blendMode='avg', bpc=(8, 8, 8), color=array([0, 0, 0]), colorSpace='rgb', depthBits=8, fullscr=<method-wrapper '__getattribute__' of attributeSetter object at 0x00000218331339B0>, gamma=None, gammaErrorPolicy='raise', lms=UNKNOWN, monitor=<psychopy.monitors.calibTools.Monitor object at 0x000002183B7102B0>, multiSample=False, name='window1', numSamples=2, pos=[0.0, 0.0], screen=0, size=array([1920, 1200]), stencilBits=0, stereo=False, units='norm', useFBO=True, useRetina=False, viewOri=0.0, viewPos=None, viewScale=None, waitBlanking=True, winType='pyglet')
21.7373 	EXP 	window1: mouseVisible = True
21.7375 	EXP 	window1: mouseVisible = False
21.7375 	EXP 	window1: recordFrameIntervals = False
21.9022 	EXP 	window1: recordFrameIntervals = True
22.0861 	EXP 	window1: recordFrameIntervals = False
22.1477 	EXP 	Created text = TextStim(__class__=<class 'psychopy.visual.text.TextStim'>, alignHoriz=method-wrapper(...), alignText='center', alignVert=method-wrapper(...), anchorHoriz='center', anchorVert='center', antialias=True, autoLog=True, bold=False, color=array([1., 1., 1.]), colorSpace='rgb', contrast=1.0, depth=0.0, flipHoriz=False, flipVert=False, font='Arial', fontFiles=[], height=0.15, italic=False, languageStyle='LTR', name='text', opacity=1, ori=0, pos=array([0., 0.]), rgb=UNKNOWN, text='+', units='norm', win=Window(...), wrapWidth=1)
22.1696 	EXP 	Created text = TextStim(__class__=<class 'psychopy.visual.text.TextStim'>, alignHoriz=method-wrapper(...), alignText='center', alignVert=method-wrapper(...), anchorHoriz='center', anchorVert='center', antialias=True, autoLog=True, bold=False, color=array([1., 1., 1.]), colorSpace='rgb', contrast=1.0, depth=0.0, flipHoriz=False, flipVert=False, font='Arial', fontFiles=[], height=0.07, italic=False, languageStyle='LTR', name='text', opacity=1, ori=0, pos=array([0., 0.]), rgb=UNKNOWN, text=str(...), units='norm', win=Window(...), wrapWidth=1.65)
22.1793 	EXP 	Created text = TextStim(__class__=<class 'psychopy.visual.text.TextStim'>, alignHoriz=method-wrapper(...), alignText='center', alignVert=method-wrapper(...), anchorHoriz='center', anchorVert='center', antialias=True, autoLog=True, bold=False, color=array([1., 1., 1.]), colorSpace='rgb', contrast=1.0, depth=0.0, flipHoriz=False, flipVert=False, font='Arial', fontFiles=[], height=0.07, italic=False, languageStyle='LTR', name='text', opacity=1, ori=0, pos=array([0., 0.]), rgb=UNKNOWN, text=str(...), units='norm', win=Window(...), wrapWidth=1.65)
22.1887 	EXP 	Created text = TextStim(__class__=<class 'psychopy.visual.text.TextStim'>, alignHoriz=method-wrapper(...), alignText='center', alignVert=method-wrapper(...), anchorHoriz='center', anchorVert='center', antialias=True, autoLog=True, bold=False, color=array([1., 1., 1.]), colorSpace='rgb', contrast=1.0, depth=0.0, flipHoriz=False, flipVert=False, font='Arial', fontFiles=[], height=0.07, italic=False, languageStyle='LTR', name='text', opacity=1, ori=0, pos=array([0., 0.]), rgb=UNKNOWN, text=str(...), units='norm', win=Window(...), wrapWidth=1.65)
22.1972 	EXP 	Created text = TextStim(__class__=<class 'psychopy.visual.text.TextStim'>, alignHoriz=method-wrapper(...), alignText='center', alignVert=method-wrapper(...), anchorHoriz='center', anchorVert='center', antialias=True, autoLog=True, bold=False, color=array([1., 1., 1.]), colorSpace='rgb', contrast=1.0, depth=0.0, flipHoriz=False, flipVert=False, font='Arial', fontFiles=[], height=0.07, italic=False, languageStyle='LTR', name='text', opacity=1, ori=0, pos=array([0., 0.]), rgb=UNKNOWN, text=str(...), units='norm', win=Window(...), wrapWidth=1.65)
22.2027 	EXP 	Created text = TextStim(__class__=<class 'psychopy.visual.text.TextStim'>, alignHoriz=method-wrapper(...), alignText='center', alignVert=method-wrapper(...), anchorHoriz='center', anchorVert='center', antialias=True, autoLog=True, bold=False, color=array([1., 1., 1.]), colorSpace='rgb', contrast=1.0, depth=0.0, flipHoriz=False, flipVert=False, font='Arial', fontFiles=[], height=0.07, italic=False, languageStyle='LTR', name='text', opacity=1, ori=0, pos=array([0., 0.]), rgb=UNKNOWN, text=str(...), units='norm', win=Window(...), wrapWidth=1.65)
22.2180 	EXP 	Created text = TextStim(__class__=<class 'psychopy.visual.text.TextStim'>, alignHoriz=method-wrapper(...), alignText='center', alignVert=method-wrapper(...), anchorHoriz='center', anchorVert='center', antialias=True, autoLog=True, bold=False, color=array([1., 1., 1.]), colorSpace='rgb', contrast=1.0, depth=0.0, flipHoriz=False, flipVert=False, font='Arial', fontFiles=[], height=0.15, italic=False, languageStyle='LTR', name='text', opacity=1, ori=0, pos=array([0., 0.]), rgb=UNKNOWN, text=str(...), units='norm', win=Window(...), wrapWidth=1.65)
22.2469 	EXP 	Created text = TextStim(__class__=<class 'psychopy.visual.text.TextStim'>, alignHoriz=method-wrapper(...), alignText='center', alignVert=method-wrapper(...), anchorHoriz='center', anchorVert='center', antialias=True, autoLog=True, bold=False, color=array([1., 1., 1.]), colorSpace='rgb', contrast=1.0, depth=0.0, flipHoriz=False, flipVert=False, font='Arial', fontFiles=[], height=0.07, italic=False, languageStyle='LTR', name='text', opacity=1, ori=0, pos=array([0., 0.]), rgb=UNKNOWN, text=str(...), units='norm', win=Window(...), wrapWidth=1.65)
22.2670 	EXP 	Created text = TextStim(__class__=<class 'psychopy.visual.text.TextStim'>, alignHoriz=method-wrapper(...), alignText='center', alignVert=method-wrapper(...), anchorHoriz='center', anchorVert='center', antialias=True, autoLog=True, bold=False, color=array([1., 1., 1.]), colorSpace='rgb', contrast=1.0, depth=0.0, flipHoriz=False, flipVert=False, font='Arial', fontFiles=[], height=0.07, italic=False, languageStyle='LTR', name='text', opacity=1, ori=0, pos=array([0., 0.]), rgb=UNKNOWN, text=str(...), units='norm', win=Window(...), wrapWidth=1.65)
22.2966 	EXP 	Created text = TextStim(__class__=<class 'psychopy.visual.text.TextStim'>, alignHoriz=method-wrapper(...), alignText='center', alignVert=method-wrapper(...), anchorHoriz='center', anchorVert='center', antialias=True, autoLog=True, bold=False, color=array([1., 1., 1.]), colorSpace='rgb', contrast=1.0, depth=0.0, flipHoriz=False, flipVert=False, font='Arial', fontFiles=[], height=0.07, italic=False, languageStyle='LTR', name='text', opacity=1, ori=0, pos=array([0., 0.]), rgb=UNKNOWN, text=str(...), units='norm', win=Window(...), wrapWidth=1.65)
22.3202 	EXP 	Created text = TextStim(__class__=<class 'psychopy.visual.text.TextStim'>, alignHoriz=method-wrapper(...), alignText='center', alignVert=method-wrapper(...), anchorHoriz='center', anchorVert='center', antialias=True, autoLog=True, bold=False, color=array([1., 1., 1.]), colorSpace='rgb', contrast=1.0, depth=0.0, flipHoriz=False, flipVert=False, font='Arial', fontFiles=[], height=0.07, italic=False, languageStyle='LTR', name='text', opacity=1, ori=0, pos=array([0., 0.]), rgb=UNKNOWN, text=str(...), units='norm', win=Window(...), wrapWidth=1.65)
22.3507 	EXP 	Created text = TextStim(__class__=<class 'psychopy.visual.text.TextStim'>, alignHoriz=method-wrapper(...), alignText='center', alignVert=method-wrapper(...), anchorHoriz='center', anchorVert='center', antialias=True, autoLog=True, bold=False, color=array([1., 1., 1.]), colorSpace='rgb', contrast=1.0, depth=0.0, flipHoriz=False, flipVert=False, font='Arial', fontFiles=[], height=0.07, italic=False, languageStyle='LTR', name='text', opacity=1, ori=0, pos=array([0., 0.]), rgb=UNKNOWN, text=str(...), units='norm', win=Window(...), wrapWidth=1.65)
22.3608 	EXP 	Created text = TextStim(__class__=<class 'psychopy.visual.text.TextStim'>, alignHoriz=method-wrapper(...), alignText='center', alignVert=method-wrapper(...), anchorHoriz='center', anchorVert='center', antialias=True, autoLog=True, bold=False, color=array([1., 1., 1.]), colorSpace='rgb', contrast=1.0, depth=0.0, flipHoriz=False, flipVert=False, font='Arial', fontFiles=[], height=0.07, italic=False, languageStyle='LTR', name='text', opacity=1, ori=0, pos=array([0., 0.]), rgb=UNKNOWN, text=str(...), units='norm', win=Window(...), wrapWidth=1.65)
22.3732 	EXP 	Created text = TextStim(__class__=<class 'psychopy.visual.text.TextStim'>, alignHoriz=method-wrapper(...), alignText='center', alignVert=method-wrapper(...), anchorHoriz='center', anchorVert='center', antialias=True, autoLog=True, bold=False, color=array([1., 1., 1.]), colorSpace='rgb', contrast=1.0, depth=0.0, flipHoriz=False, flipVert=False, font='Arial', fontFiles=[], height=0.07, italic=False, languageStyle='LTR', name='text', opacity=1, ori=0, pos=array([0., 0.]), rgb=UNKNOWN, text=str(...), units='norm', win=Window(...), wrapWidth=1.65)
22.3774 	EXP 	Created instru = TextStim(__class__=<class 'psychopy.visual.text.TextStim'>, alignHoriz=method-wrapper(...), alignText='center', alignVert=method-wrapper(...), anchorHoriz='center', anchorVert='center', antialias=True, autoLog=True, bold=False, color=array([1., 1., 1.]), colorSpace='rgb', contrast=1.0, depth=0.0, flipHoriz=False, flipVert=False, font='Arial', fontFiles=[], height=0.07, italic=False, languageStyle='LTR', name='instru', opacity=1, ori=0, pos=array([0. , 0.5]), rgb=UNKNOWN, text=str(...), units='norm', win=Window(...), wrapWidth=1)
22.3799 	EXP 	Created unnamed Line = Line(__class__=<class 'psychopy.visual.line.Line'>, autoDraw=False, autoLog=True, closeShape=False, color=array([1., 1., 1.]), colorSpace='rgb', contrast=None, depth=0, fillColor=array([0, 0, 0]), fillColorSpace='rgb', fillRGB=array([0, 0, 0]), interpolate=True, lineColor=array([1., 1., 1.]), lineColorSpace='rgb', lineRGB=array([1, 1, 1]), lineWidth=5, name='unnamed Line', opacity=0.5, ori=0.0, pos=array([0., 0.]), size=array([1., 1.]), units='norm', vertices=array([[-0.5,  0. ],
       [ 0.5,  0. ]]), win=Window(...), windingRule=None)
22.3819 	EXP 	Created unnamed Line = Line(__class__=<class 'psychopy.visual.line.Line'>, autoDraw=False, autoLog=True, closeShape=False, color=array([1., 1., 1.]), colorSpace='rgb', contrast=None, depth=0, fillColor=array([0, 0, 0]), fillColorSpace='rgb', fillRGB=array([0, 0, 0]), interpolate=True, lineColor=array([1., 1., 1.]), lineColorSpace='rgb', lineRGB=array([1, 1, 1]), lineWidth=3, name='unnamed Line', opacity=0.5, ori=0.0, pos=array([0., 0.]), size=array([1., 1.]), units='norm', vertices=array([[-0.5 , -0.05],
       [-0.5 ,  0.05]]), win=Window(...), windingRule=None)
22.3839 	EXP 	Created unnamed Line = Line(__class__=<class 'psychopy.visual.line.Line'>, autoDraw=False, autoLog=True, closeShape=False, color=array([1., 1., 1.]), colorSpace='rgb', contrast=None, depth=0, fillColor=array([0, 0, 0]), fillColorSpace='rgb', fillRGB=array([0, 0, 0]), interpolate=True, lineColor=array([1., 1., 1.]), lineColorSpace='rgb', lineRGB=array([1, 1, 1]), lineWidth=3, name='unnamed Line', opacity=0.5, ori=0.0, pos=array([0., 0.]), size=array([1., 1.]), units='norm', vertices=ndarray(...), win=Window(...), windingRule=None)
22.3858 	EXP 	Created unnamed Line = Line(__class__=<class 'psychopy.visual.line.Line'>, autoDraw=False, autoLog=True, closeShape=False, color=array([1., 1., 1.]), colorSpace='rgb', contrast=None, depth=0, fillColor=array([0, 0, 0]), fillColorSpace='rgb', fillRGB=array([0, 0, 0]), interpolate=True, lineColor=array([1., 1., 1.]), lineColorSpace='rgb', lineRGB=array([1, 1, 1]), lineWidth=3, name='unnamed Line', opacity=0.5, ori=0.0, pos=array([0., 0.]), size=array([1., 1.]), units='norm', vertices=ndarray(...), win=Window(...), windingRule=None)
22.3878 	EXP 	Created unnamed Line = Line(__class__=<class 'psychopy.visual.line.Line'>, autoDraw=False, autoLog=True, closeShape=False, color=array([1., 1., 1.]), colorSpace='rgb', contrast=None, depth=0, fillColor=array([0, 0, 0]), fillColorSpace='rgb', fillRGB=array([0, 0, 0]), interpolate=True, lineColor=array([1., 1., 1.]), lineColorSpace='rgb', lineRGB=array([1, 1, 1]), lineWidth=3, name='unnamed Line', opacity=0.5, ori=0.0, pos=array([0., 0.]), size=array([1., 1.]), units='norm', vertices=array([[ 0.5 , -0.05],
       [ 0.5 ,  0.05]]), win=Window(...), windingRule=None)
22.3997 	EXP 	Created unnamed TextStim = TextStim(__class__=<class 'psychopy.visual.text.TextStim'>, alignHoriz=method-wrapper(...), alignText='center', alignVert=method-wrapper(...), anchorHoriz='center', anchorVert='center', antialias=True, autoLog=True, bold=False, color=array([1., 1., 1.]), colorSpace='rgb', contrast=1.0, depth=0, flipHoriz=False, flipVert=False, font='', fontFiles=[], height=0.05, italic=False, languageStyle='LTR', name='unnamed TextStim', opacity=1.0, ori=0.0, pos=array([-0.5, -0.1]), rgb=UNKNOWN, text='Helt klart \n IKKE FOKUSERT', units='norm', win=Window(...), wrapWidth=1)
22.4007 	EXP 	Created unnamed TextStim = TextStim(__class__=<class 'psychopy.visual.text.TextStim'>, alignHoriz=method-wrapper(...), alignText='center', alignVert=method-wrapper(...), anchorHoriz='center', anchorVert='center', antialias=True, autoLog=True, bold=False, color=array([1., 1., 1.]), colorSpace='rgb', contrast=1.0, depth=0, flipHoriz=False, flipVert=False, font='', fontFiles=[], height=0.05, italic=False, languageStyle='LTR', name='unnamed TextStim', opacity=1.0, ori=0.0, pos=array([-0.16666667, -0.1       ]), rgb=UNKNOWN, text='', units='norm', win=Window(...), wrapWidth=1)
22.4017 	EXP 	Created unnamed TextStim = TextStim(__class__=<class 'psychopy.visual.text.TextStim'>, alignHoriz=method-wrapper(...), alignText='center', alignVert=method-wrapper(...), anchorHoriz='center', anchorVert='center', antialias=True, autoLog=True, bold=False, color=array([1., 1., 1.]), colorSpace='rgb', contrast=1.0, depth=0, flipHoriz=False, flipVert=False, font='', fontFiles=[], height=0.05, italic=False, languageStyle='LTR', name='unnamed TextStim', opacity=1.0, ori=0.0, pos=array([ 0.16666667, -0.1       ]), rgb=UNKNOWN, text='', units='norm', win=Window(...), wrapWidth=1)
22.4048 	EXP 	Created unnamed TextStim = TextStim(__class__=<class 'psychopy.visual.text.TextStim'>, alignHoriz=method-wrapper(...), alignText='center', alignVert=method-wrapper(...), anchorHoriz='center', anchorVert='center', antialias=True, autoLog=True, bold=False, color=array([1., 1., 1.]), colorSpace='rgb', contrast=1.0, depth=0, flipHoriz=False, flipVert=False, font='', fontFiles=[], height=0.05, italic=False, languageStyle='LTR', name='unnamed TextStim', opacity=1.0, ori=0.0, pos=array([ 0.5, -0.1]), rgb=UNKNOWN, text='Helt klart \n FOKUSERT', units='norm', win=Window(...), wrapWidth=1)
22.4066 	EXP 	Created unnamed ShapeStim = ShapeStim(__class__=<class 'psychopy.visual.shape.ShapeStim'>, autoDraw=False, autoLog=True, closeShape=True, color=method-wrapper(...), colorSpace='rgb', contrast=None, depth=0, fillColor=array([1, 1, 1]), fillColorSpace='rgb', fillRGB=array([1, 1, 1]), interpolate=True, lineColor=array([-1., -1., -1.]), lineColorSpace='rgb', lineRGB=array([-1, -1, -1]), lineWidth=1.5, name='unnamed ShapeStim', opacity=1.0, ori=0.0, pos=array([0., 0.]), size=array([1., 1.]), units='norm', vertices=ndarray(...), win=Window(...), windingRule=None)
22.4133 	EXP 	Created instru = TextStim(__class__=<class 'psychopy.visual.text.TextStim'>, alignHoriz=method-wrapper(...), alignText='center', alignVert=method-wrapper(...), anchorHoriz='center', anchorVert='center', antialias=True, autoLog=True, bold=False, color=array([1., 1., 1.]), colorSpace='rgb', contrast=1.0, depth=0.0, flipHoriz=False, flipVert=False, font='Arial', fontFiles=[], height=0.07, italic=False, languageStyle='LTR', name='instru', opacity=1, ori=0, pos=array([0. , 0.5]), rgb=UNKNOWN, text=str(...), units='norm', win=Window(...), wrapWidth=1)
22.4154 	EXP 	Created unnamed Line = Line(__class__=<class 'psychopy.visual.line.Line'>, autoDraw=False, autoLog=True, closeShape=False, color=array([1., 1., 1.]), colorSpace='rgb', contrast=None, depth=0, fillColor=array([0, 0, 0]), fillColorSpace='rgb', fillRGB=array([0, 0, 0]), interpolate=True, lineColor=array([1., 1., 1.]), lineColorSpace='rgb', lineRGB=array([1, 1, 1]), lineWidth=5, name='unnamed Line', opacity=0.5, ori=0.0, pos=array([0., 0.]), size=array([1., 1.]), units='norm', vertices=array([[-0.5,  0. ],
       [ 0.5,  0. ]]), win=Window(...), windingRule=None)
22.4174 	EXP 	Created unnamed Line = Line(__class__=<class 'psychopy.visual.line.Line'>, autoDraw=False, autoLog=True, closeShape=False, color=array([1., 1., 1.]), colorSpace='rgb', contrast=None, depth=0, fillColor=array([0, 0, 0]), fillColorSpace='rgb', fillRGB=array([0, 0, 0]), interpolate=True, lineColor=array([1., 1., 1.]), lineColorSpace='rgb', lineRGB=array([1, 1, 1]), lineWidth=3, name='unnamed Line', opacity=0.5, ori=0.0, pos=array([0., 0.]), size=array([1., 1.]), units='norm', vertices=array([[-0.5 , -0.05],
       [-0.5 ,  0.05]]), win=Window(...), windingRule=None)
22.4193 	EXP 	Created unnamed Line = Line(__class__=<class 'psychopy.visual.line.Line'>, autoDraw=False, autoLog=True, closeShape=False, color=array([1., 1., 1.]), colorSpace='rgb', contrast=None, depth=0, fillColor=array([0, 0, 0]), fillColorSpace='rgb', fillRGB=array([0, 0, 0]), interpolate=True, lineColor=array([1., 1., 1.]), lineColorSpace='rgb', lineRGB=array([1, 1, 1]), lineWidth=3, name='unnamed Line', opacity=0.5, ori=0.0, pos=array([0., 0.]), size=array([1., 1.]), units='norm', vertices=ndarray(...), win=Window(...), windingRule=None)
22.4213 	EXP 	Created unnamed Line = Line(__class__=<class 'psychopy.visual.line.Line'>, autoDraw=False, autoLog=True, closeShape=False, color=array([1., 1., 1.]), colorSpace='rgb', contrast=None, depth=0, fillColor=array([0, 0, 0]), fillColorSpace='rgb', fillRGB=array([0, 0, 0]), interpolate=True, lineColor=array([1., 1., 1.]), lineColorSpace='rgb', lineRGB=array([1, 1, 1]), lineWidth=3, name='unnamed Line', opacity=0.5, ori=0.0, pos=array([0., 0.]), size=array([1., 1.]), units='norm', vertices=ndarray(...), win=Window(...), windingRule=None)
22.4233 	EXP 	Created unnamed Line = Line(__class__=<class 'psychopy.visual.line.Line'>, autoDraw=False, autoLog=True, closeShape=False, color=array([1., 1., 1.]), colorSpace='rgb', contrast=None, depth=0, fillColor=array([0, 0, 0]), fillColorSpace='rgb', fillRGB=array([0, 0, 0]), interpolate=True, lineColor=array([1., 1., 1.]), lineColorSpace='rgb', lineRGB=array([1, 1, 1]), lineWidth=3, name='unnamed Line', opacity=0.5, ori=0.0, pos=array([0., 0.]), size=array([1., 1.]), units='norm', vertices=array([[ 0.5 , -0.05],
       [ 0.5 ,  0.05]]), win=Window(...), windingRule=None)
22.4276 	EXP 	Created unnamed TextStim = TextStim(__class__=<class 'psychopy.visual.text.TextStim'>, alignHoriz=method-wrapper(...), alignText='center', alignVert=method-wrapper(...), anchorHoriz='center', anchorVert='center', antialias=True, autoLog=True, bold=False, color=array([1., 1., 1.]), colorSpace='rgb', contrast=1.0, depth=0, flipHoriz=False, flipVert=False, font='', fontFiles=[], height=0.05, italic=False, languageStyle='LTR', name='unnamed TextStim', opacity=1.0, ori=0.0, pos=array([-0.5, -0.1]), rgb=UNKNOWN, text='Helt klart \n INGENTING', units='norm', win=Window(...), wrapWidth=1)
22.4286 	EXP 	Created unnamed TextStim = TextStim(__class__=<class 'psychopy.visual.text.TextStim'>, alignHoriz=method-wrapper(...), alignText='center', alignVert=method-wrapper(...), anchorHoriz='center', anchorVert='center', antialias=True, autoLog=True, bold=False, color=array([1., 1., 1.]), colorSpace='rgb', contrast=1.0, depth=0, flipHoriz=False, flipVert=False, font='', fontFiles=[], height=0.05, italic=False, languageStyle='LTR', name='unnamed TextStim', opacity=1.0, ori=0.0, pos=array([-0.16666667, -0.1       ]), rgb=UNKNOWN, text='', units='norm', win=Window(...), wrapWidth=1)
22.4296 	EXP 	Created unnamed TextStim = TextStim(__class__=<class 'psychopy.visual.text.TextStim'>, alignHoriz=method-wrapper(...), alignText='center', alignVert=method-wrapper(...), anchorHoriz='center', anchorVert='center', antialias=True, autoLog=True, bold=False, color=array([1., 1., 1.]), colorSpace='rgb', contrast=1.0, depth=0, flipHoriz=False, flipVert=False, font='', fontFiles=[], height=0.05, italic=False, languageStyle='LTR', name='unnamed TextStim', opacity=1.0, ori=0.0, pos=array([ 0.16666667, -0.1       ]), rgb=UNKNOWN, text='', units='norm', win=Window(...), wrapWidth=1)
22.4326 	EXP 	Created unnamed TextStim = TextStim(__class__=<class 'psychopy.visual.text.TextStim'>, alignHoriz=method-wrapper(...), alignText='center', alignVert=method-wrapper(...), anchorHoriz='center', anchorVert='center', antialias=True, autoLog=True, bold=False, color=array([1., 1., 1.]), colorSpace='rgb', contrast=1.0, depth=0, flipHoriz=False, flipVert=False, font='', fontFiles=[], height=0.05, italic=False, languageStyle='LTR', name='unnamed TextStim', opacity=1.0, ori=0.0, pos=array([ 0.5, -0.1]), rgb=UNKNOWN, text='Helt klart \n NOE', units='norm', win=Window(...), wrapWidth=1)
22.4342 	EXP 	Created unnamed ShapeStim = ShapeStim(__class__=<class 'psychopy.visual.shape.ShapeStim'>, autoDraw=False, autoLog=True, closeShape=True, color=method-wrapper(...), colorSpace='rgb', contrast=None, depth=0, fillColor=array([1, 1, 1]), fillColorSpace='rgb', fillRGB=array([1, 1, 1]), interpolate=True, lineColor=array([-1., -1., -1.]), lineColorSpace='rgb', lineRGB=array([-1, -1, -1]), lineWidth=1.5, name='unnamed ShapeStim', opacity=1.0, ori=0.0, pos=array([0., 0.]), size=array([1., 1.]), units='norm', vertices=ndarray(...), win=Window(...), windingRule=None)
22.4405 	EXP 	Created instru = TextStim(__class__=<class 'psychopy.visual.text.TextStim'>, alignHoriz=method-wrapper(...), alignText='center', alignVert=method-wrapper(...), anchorHoriz='center', anchorVert='center', antialias=True, autoLog=True, bold=False, color=array([1., 1., 1.]), colorSpace='rgb', contrast=1.0, depth=0.0, flipHoriz=False, flipVert=False, font='Arial', fontFiles=[], height=0.07, italic=False, languageStyle='LTR', name='instru', opacity=1, ori=0, pos=array([0. , 0.5]), rgb=UNKNOWN, text=str(...), units='norm', win=Window(...), wrapWidth=1)
22.4425 	EXP 	Created unnamed Line = Line(__class__=<class 'psychopy.visual.line.Line'>, autoDraw=False, autoLog=True, closeShape=False, color=array([1., 1., 1.]), colorSpace='rgb', contrast=None, depth=0, fillColor=array([0, 0, 0]), fillColorSpace='rgb', fillRGB=array([0, 0, 0]), interpolate=True, lineColor=array([1., 1., 1.]), lineColorSpace='rgb', lineRGB=array([1, 1, 1]), lineWidth=5, name='unnamed Line', opacity=0.5, ori=0.0, pos=array([0., 0.]), size=array([1., 1.]), units='norm', vertices=array([[-0.5,  0. ],
       [ 0.5,  0. ]]), win=Window(...), windingRule=None)
22.4445 	EXP 	Created unnamed Line = Line(__class__=<class 'psychopy.visual.line.Line'>, autoDraw=False, autoLog=True, closeShape=False, color=array([1., 1., 1.]), colorSpace='rgb', contrast=None, depth=0, fillColor=array([0, 0, 0]), fillColorSpace='rgb', fillRGB=array([0, 0, 0]), interpolate=True, lineColor=array([1., 1., 1.]), lineColorSpace='rgb', lineRGB=array([1, 1, 1]), lineWidth=3, name='unnamed Line', opacity=0.5, ori=0.0, pos=array([0., 0.]), size=array([1., 1.]), units='norm', vertices=array([[-0.5 , -0.05],
       [-0.5 ,  0.05]]), win=Window(...), windingRule=None)
22.4465 	EXP 	Created unnamed Line = Line(__class__=<class 'psychopy.visual.line.Line'>, autoDraw=False, autoLog=True, closeShape=False, color=array([1., 1., 1.]), colorSpace='rgb', contrast=None, depth=0, fillColor=array([0, 0, 0]), fillColorSpace='rgb', fillRGB=array([0, 0, 0]), interpolate=True, lineColor=array([1., 1., 1.]), lineColorSpace='rgb', lineRGB=array([1, 1, 1]), lineWidth=3, name='unnamed Line', opacity=0.5, ori=0.0, pos=array([0., 0.]), size=array([1., 1.]), units='norm', vertices=ndarray(...), win=Window(...), windingRule=None)
22.4484 	EXP 	Created unnamed Line = Line(__class__=<class 'psychopy.visual.line.Line'>, autoDraw=False, autoLog=True, closeShape=False, color=array([1., 1., 1.]), colorSpace='rgb', contrast=None, depth=0, fillColor=array([0, 0, 0]), fillColorSpace='rgb', fillRGB=array([0, 0, 0]), interpolate=True, lineColor=array([1., 1., 1.]), lineColorSpace='rgb', lineRGB=array([1, 1, 1]), lineWidth=3, name='unnamed Line', opacity=0.5, ori=0.0, pos=array([0., 0.]), size=array([1., 1.]), units='norm', vertices=ndarray(...), win=Window(...), windingRule=None)
22.4504 	EXP 	Created unnamed Line = Line(__class__=<class 'psychopy.visual.line.Line'>, autoDraw=False, autoLog=True, closeShape=False, color=array([1., 1., 1.]), colorSpace='rgb', contrast=None, depth=0, fillColor=array([0, 0, 0]), fillColorSpace='rgb', fillRGB=array([0, 0, 0]), interpolate=True, lineColor=array([1., 1., 1.]), lineColorSpace='rgb', lineRGB=array([1, 1, 1]), lineWidth=3, name='unnamed Line', opacity=0.5, ori=0.0, pos=array([0., 0.]), size=array([1., 1.]), units='norm', vertices=array([[ 0.5 , -0.05],
       [ 0.5 ,  0.05]]), win=Window(...), windingRule=None)
22.4545 	EXP 	Created unnamed TextStim = TextStim(__class__=<class 'psychopy.visual.text.TextStim'>, alignHoriz=method-wrapper(...), alignText='center', alignVert=method-wrapper(...), anchorHoriz='center', anchorVert='center', antialias=True, autoLog=True, bold=False, color=array([1., 1., 1.]), colorSpace='rgb', contrast=1.0, depth=0, flipHoriz=False, flipVert=False, font='', fontFiles=[], height=0.05, italic=False, languageStyle='LTR', name='unnamed TextStim', opacity=1.0, ori=0.0, pos=array([-0.5, -0.1]), rgb=UNKNOWN, text='Helt klart \n SPONTAN', units='norm', win=Window(...), wrapWidth=1)
22.4555 	EXP 	Created unnamed TextStim = TextStim(__class__=<class 'psychopy.visual.text.TextStim'>, alignHoriz=method-wrapper(...), alignText='center', alignVert=method-wrapper(...), anchorHoriz='center', anchorVert='center', antialias=True, autoLog=True, bold=False, color=array([1., 1., 1.]), colorSpace='rgb', contrast=1.0, depth=0, flipHoriz=False, flipVert=False, font='', fontFiles=[], height=0.05, italic=False, languageStyle='LTR', name='unnamed TextStim', opacity=1.0, ori=0.0, pos=array([-0.16666667, -0.1       ]), rgb=UNKNOWN, text='', units='norm', win=Window(...), wrapWidth=1)
22.4565 	EXP 	Created unnamed TextStim = TextStim(__class__=<class 'psychopy.visual.text.TextStim'>, alignHoriz=method-wrapper(...), alignText='center', alignVert=method-wrapper(...), anchorHoriz='center', anchorVert='center', antialias=True, autoLog=True, bold=False, color=array([1., 1., 1.]), colorSpace='rgb', contrast=1.0, depth=0, flipHoriz=False, flipVert=False, font='', fontFiles=[], height=0.05, italic=False, languageStyle='LTR', name='unnamed TextStim', opacity=1.0, ori=0.0, pos=array([ 0.16666667, -0.1       ]), rgb=UNKNOWN, text='', units='norm', win=Window(...), wrapWidth=1)
22.4606 	EXP 	Created unnamed TextStim = TextStim(__class__=<class 'psychopy.visual.text.TextStim'>, alignHoriz=method-wrapper(...), alignText='center', alignVert=method-wrapper(...), anchorHoriz='center', anchorVert='center', antialias=True, autoLog=True, bold=False, color=array([1., 1., 1.]), colorSpace='rgb', contrast=1.0, depth=0, flipHoriz=False, flipVert=False, font='', fontFiles=[], height=0.05, italic=False, languageStyle='LTR', name='unnamed TextStim', opacity=1.0, ori=0.0, pos=array([ 0.5, -0.1]), rgb=UNKNOWN, text='Helt klart \n BEVISST', units='norm', win=Window(...), wrapWidth=1)
22.4622 	EXP 	Created unnamed ShapeStim = ShapeStim(__class__=<class 'psychopy.visual.shape.ShapeStim'>, autoDraw=False, autoLog=True, closeShape=True, color=method-wrapper(...), colorSpace='rgb', contrast=None, depth=0, fillColor=array([1, 1, 1]), fillColorSpace='rgb', fillRGB=array([1, 1, 1]), interpolate=True, lineColor=array([-1., -1., -1.]), lineColorSpace='rgb', lineRGB=array([-1, -1, -1]), lineWidth=1.5, name='unnamed ShapeStim', opacity=1.0, ori=0.0, pos=array([0., 0.]), size=array([1., 1.]), units='norm', vertices=ndarray(...), win=Window(...), windingRule=None)
22.5141 	EXP 	Sound  set volume 1.000
22.5193 	EXP 	unnamed ShapeStim: vertices = <class 'numpy.ndarray'>
22.5193 	EXP 	unnamed ShapeStim: vertices = <class 'numpy.ndarray'>
22.5193 	EXP 	unnamed ShapeStim: vertices = <class 'numpy.ndarray'>
62.4375 	DATA 	Keypress: rctrl
66.8695 	DATA 	Keypress: rctrl
83.0616 	DATA 	Keypress: rctrl
83.0701 	EXP 	unnamed TextStim: text = ''
83.0701 	EXP 	unnamed TextStim: text = ''
86.1085 	DATA 	Keypress: 4
86.1243 	EXP 	unnamed ShapeStim: vertices = <class 'numpy.ndarray'>
118.0215 	DATA 	Keypress: rctrl
118.0297 	EXP 	unnamed TextStim: text = ''
118.0297 	EXP 	unnamed TextStim: text = ''
120.4864 	DATA 	Keypress: 2
120.5028 	EXP 	unnamed ShapeStim: vertices = <class 'numpy.ndarray'>
149.9895 	DATA 	Keypress: rctrl
149.9977 	EXP 	unnamed TextStim: text = ''
149.9977 	EXP 	unnamed TextStim: text = ''
151.9307 	DATA 	Keypress: 3
151.9471 	EXP 	unnamed ShapeStim: vertices = <class 'numpy.ndarray'>
162.1656 	DATA 	Keypress: rctrl
166.6295 	DATA 	Keypress: rctrl
171.7015 	DATA 	Keypress: rctrl
172.2068 	EXP 	Sound  started
172.9566 	EXP 	Sound  started
173.0773 	DATA 	Keypress: rctrl
173.7067 	EXP 	Sound  started
173.7174 	DATA 	Keypress: lctrl
174.4213 	DATA 	Keypress: lctrl
174.4567 	EXP 	Sound  started
175.1253 	DATA 	Keypress: rctrl
175.2067 	EXP 	Sound  started
175.8773 	DATA 	Keypress: rctrl
175.9567 	EXP 	Sound  started
176.6453 	DATA 	Keypress: rctrl
176.7067 	EXP 	Sound  started
177.3974 	DATA 	Keypress: rctrl
177.4567 	EXP 	Sound  started
178.1174 	DATA 	Keypress: lctrl
178.2067 	EXP 	Sound  started
178.8854 	DATA 	Keypress: lctrl
178.9567 	EXP 	Sound  started
179.6374 	DATA 	Keypress: rctrl
179.7068 	EXP 	Sound  started
180.4053 	DATA 	Keypress: lctrl
180.4568 	EXP 	Sound  started
181.1733 	DATA 	Keypress: rctrl
181.2068 	EXP 	Sound  started
181.9413 	DATA 	Keypress: rctrl
181.9568 	EXP 	Sound  started
182.6773 	DATA 	Keypress: lctrl
182.7068 	EXP 	Sound  started
183.3973 	DATA 	Keypress: lctrl
183.4568 	EXP 	Sound  started
184.1814 	DATA 	Keypress: lctrl
184.2068 	EXP 	Sound  started
184.9014 	DATA 	Keypress: lctrl
184.9569 	EXP 	Sound  started
185.6213 	DATA 	Keypress: lctrl
185.7069 	EXP 	Sound  started
186.3574 	DATA 	Keypress: rctrl
186.4569 	EXP 	Sound  started
187.1254 	DATA 	Keypress: rctrl
187.2069 	EXP 	Sound  started
187.8933 	DATA 	Keypress: lctrl
187.9569 	EXP 	Sound  started
188.6293 	DATA 	Keypress: rctrl
188.7069 	EXP 	Sound  started
189.4134 	DATA 	Keypress: rctrl
189.4569 	EXP 	Sound  started
190.1973 	DATA 	Keypress: rctrl
190.2070 	EXP 	Sound  started
190.9174 	DATA 	Keypress: lctrl
190.9570 	EXP 	Sound  started
191.6373 	DATA 	Keypress: rctrl
191.7070 	EXP 	Sound  started
192.3733 	DATA 	Keypress: lctrl
192.4570 	EXP 	Sound  started
193.1414 	DATA 	Keypress: lctrl
193.2070 	EXP 	Sound  started
193.9093 	DATA 	Keypress: lctrl
193.9570 	EXP 	Sound  started
194.6453 	DATA 	Keypress: lctrl
194.7070 	EXP 	Sound  started
195.3814 	DATA 	Keypress: lctrl
195.4571 	EXP 	Sound  started
196.1173 	DATA 	Keypress: rctrl
196.2071 	EXP 	Sound  started
196.8853 	DATA 	Keypress: lctrl
196.9571 	EXP 	Sound  started
197.6694 	DATA 	Keypress: lctrl
197.7071 	EXP 	Sound  started
198.3894 	DATA 	Keypress: rctrl
198.4571 	EXP 	Sound  started
199.1253 	DATA 	Keypress: rctrl
199.2071 	EXP 	Sound  started
199.8933 	DATA 	Keypress: rctrl
199.9571 	EXP 	Sound  started
200.6934 	DATA 	Keypress: rctrl
200.7071 	EXP 	Sound  started
201.3973 	DATA 	Keypress: lctrl
201.4571 	EXP 	Sound  started
202.1495 	DATA 	Keypress: rctrl
202.2072 	EXP 	Sound  started
202.8853 	DATA 	Keypress: lctrl
202.9572 	EXP 	Sound  started
203.6533 	DATA 	Keypress: lctrl
203.7072 	EXP 	Sound  started
204.3573 	DATA 	Keypress: rctrl
204.4572 	EXP 	Sound  started
205.1733 	DATA 	Keypress: rctrl
205.2072 	EXP 	Sound  started
205.9414 	DATA 	Keypress: rctrl
205.9572 	EXP 	Sound  started
206.6614 	DATA 	Keypress: lctrl
206.7073 	EXP 	Sound  started
207.3813 	DATA 	Keypress: rctrl
207.4573 	EXP 	Sound  started
208.1013 	DATA 	Keypress: lctrl
208.2073 	EXP 	Sound  started
208.8693 	DATA 	Keypress: lctrl
208.9573 	EXP 	Sound  started
209.6533 	DATA 	Keypress: rctrl
209.7073 	EXP 	Sound  started
210.4053 	DATA 	Keypress: rctrl
210.4573 	EXP 	Sound  started
211.1413 	DATA 	Keypress: rctrl
211.2073 	EXP 	Sound  started
211.8934 	DATA 	Keypress: rctrl
211.9573 	EXP 	Sound  started
212.5813 	DATA 	Keypress: lctrl
212.7074 	EXP 	Sound  started
213.3654 	DATA 	Keypress: rctrl
213.4574 	EXP 	Sound  started
214.1173 	DATA 	Keypress: rctrl
220.0709 	DATA 	Keypress: 4
220.0873 	EXP 	unnamed ShapeStim: vertices = <class 'numpy.ndarray'>
236.0264 	DATA 	Keypress: 4
236.0428 	EXP 	unnamed ShapeStim: vertices = <class 'numpy.ndarray'>
242.9288 	DATA 	Keypress: 4
242.9453 	EXP 	unnamed ShapeStim: vertices = <class 'numpy.ndarray'>
245.2201 	EXP 	Sound  started
245.9415 	DATA 	Keypress: rctrl
245.9699 	EXP 	Sound  started
246.6773 	DATA 	Keypress: lctrl
246.7200 	EXP 	Sound  started
247.4612 	DATA 	Keypress: lctrl
247.4700 	EXP 	Sound  started
248.1654 	DATA 	Keypress: rctrl
248.2200 	EXP 	Sound  started
248.9013 	DATA 	Keypress: lctrl
248.9700 	EXP 	Sound  started
249.6694 	DATA 	Keypress: lctrl
249.7200 	EXP 	Sound  started
250.4213 	DATA 	Keypress: lctrl
250.4700 	EXP 	Sound  started
251.1893 	DATA 	Keypress: lctrl
251.2200 	EXP 	Sound  started
251.9253 	DATA 	Keypress: rctrl
251.9700 	EXP 	Sound  started
252.6613 	DATA 	Keypress: rctrl
252.7201 	EXP 	Sound  started
253.4701 	EXP 	Sound  started
253.4773 	DATA 	Keypress: lctrl
254.2133 	DATA 	Keypress: rctrl
254.2201 	EXP 	Sound  started
254.9333 	DATA 	Keypress: lctrl
254.9701 	EXP 	Sound  started
255.6213 	DATA 	Keypress: rctrl
255.7201 	EXP 	Sound  started
256.3893 	DATA 	Keypress: rctrl
256.4701 	EXP 	Sound  started
257.2055 	DATA 	Keypress: rctrl
257.2202 	EXP 	Sound  started
257.7653 	DATA 	Keypress: lctrl
257.9702 	EXP 	Sound  started
258.7093 	DATA 	Keypress: rctrl
258.7202 	EXP 	Sound  started
259.4613 	DATA 	Keypress: lctrl
259.4702 	EXP 	Sound  started
260.2202 	EXP 	Sound  started
260.2772 	DATA 	Keypress: rctrl
260.9333 	DATA 	Keypress: lctrl
260.9702 	EXP 	Sound  started
261.6533 	DATA 	Keypress: rctrl
261.7202 	EXP 	Sound  started
262.4212 	DATA 	Keypress: rctrl
262.4702 	EXP 	Sound  started
263.1573 	DATA 	Keypress: lctrl
263.2203 	EXP 	Sound  started
263.9093 	DATA 	Keypress: lctrl
263.9703 	EXP 	Sound  started
264.6612 	DATA 	Keypress: lctrl
264.7203 	EXP 	Sound  started
265.3973 	DATA 	Keypress: rctrl
265.4703 	EXP 	Sound  started
266.1333 	DATA 	Keypress: rctrl
266.2203 	EXP 	Sound  started
266.9014 	DATA 	Keypress: rctrl
266.9703 	EXP 	Sound  started
267.6533 	DATA 	Keypress: rctrl
267.7203 	EXP 	Sound  started
268.4054 	DATA 	Keypress: rctrl
268.4704 	EXP 	Sound  started
269.1413 	DATA 	Keypress: lctrl
269.2204 	EXP 	Sound  started
269.9253 	DATA 	Keypress: rctrl
269.9704 	EXP 	Sound  started
270.6453 	DATA 	Keypress: lctrl
270.7204 	EXP 	Sound  started
271.4704 	EXP 	Sound  started
271.4774 	DATA 	Keypress: lctrl
272.1172 	DATA 	Keypress: rctrl
272.2204 	EXP 	Sound  started
272.9493 	DATA 	Keypress: rctrl
272.9704 	EXP 	Sound  started
273.6852 	DATA 	Keypress: rctrl
273.7204 	EXP 	Sound  started
274.3893 	DATA 	Keypress: lctrl
274.4705 	EXP 	Sound  started
275.0773 	DATA 	Keypress: lctrl
275.2205 	EXP 	Sound  started
275.8773 	DATA 	Keypress: lctrl
275.9705 	EXP 	Sound  started
276.6453 	DATA 	Keypress: lctrl
276.7205 	EXP 	Sound  started
277.4293 	DATA 	Keypress: rctrl
277.4705 	EXP 	Sound  started
278.1332 	DATA 	Keypress: lctrl
278.2205 	EXP 	Sound  started
278.8854 	DATA 	Keypress: rctrl
278.9705 	EXP 	Sound  started
279.6693 	DATA 	Keypress: rctrl
279.7206 	EXP 	Sound  started
280.4213 	DATA 	Keypress: lctrl
280.4706 	EXP 	Sound  started
281.2052 	DATA 	Keypress: lctrl
281.2206 	EXP 	Sound  started
281.9093 	DATA 	Keypress: rctrl
281.9706 	EXP 	Sound  started
282.5652 	DATA 	Keypress: lctrl
282.7206 	EXP 	Sound  started
283.4133 	DATA 	Keypress: rctrl
283.4706 	EXP 	Sound  started
284.2206 	EXP 	Sound  started
284.2293 	DATA 	Keypress: rctrl
284.9493 	DATA 	Keypress: rctrl
284.9707 	EXP 	Sound  started
285.7172 	DATA 	Keypress: rctrl
285.7207 	EXP 	Sound  started
286.3573 	DATA 	Keypress: lctrl
286.4707 	EXP 	Sound  started
287.1572 	DATA 	Keypress: lctrl
287.2207 	EXP 	Sound  started
287.9572 	DATA 	Keypress: lctrl
287.9707 	EXP 	Sound  started
288.7093 	DATA 	Keypress: rctrl
288.7207 	EXP 	Sound  started
289.4707 	EXP 	Sound  started
289.4933 	DATA 	Keypress: lctrl
290.1813 	DATA 	Keypress: rctrl
290.2207 	EXP 	Sound  started
290.9332 	DATA 	Keypress: rctrl
290.9707 	EXP 	Sound  started
291.7013 	DATA 	Keypress: lctrl
291.7208 	EXP 	Sound  started
292.4692 	DATA 	Keypress: lctrl
292.4708 	EXP 	Sound  started
293.2052 	DATA 	Keypress: lctrl
293.2208 	EXP 	Sound  started
293.8453 	DATA 	Keypress: rctrl
293.9708 	EXP 	Sound  started
294.6932 	DATA 	Keypress: lctrl
294.7208 	EXP 	Sound  started
295.4612 	DATA 	Keypress: rctrl
295.4708 	EXP 	Sound  started
296.1972 	DATA 	Keypress: rctrl
296.2208 	EXP 	Sound  started
296.9709 	EXP 	Sound  started
296.9812 	DATA 	Keypress: lctrl
297.7012 	DATA 	Keypress: lctrl
297.7209 	EXP 	Sound  started
298.4373 	DATA 	Keypress: lctrl
298.4709 	EXP 	Sound  started
299.1413 	DATA 	Keypress: lctrl
302.9213 	DATA 	Keypress: 4
302.9491 	EXP 	unnamed ShapeStim: vertices = <class 'numpy.ndarray'>
307.7056 	DATA 	Keypress: 4
307.7343 	EXP 	unnamed ShapeStim: vertices = <class 'numpy.ndarray'>
310.7522 	DATA 	Keypress: 4
310.7688 	EXP 	unnamed ShapeStim: vertices = <class 'numpy.ndarray'>
313.0434 	EXP 	Sound  started
313.7933 	EXP 	Sound  started
313.8773 	DATA 	Keypress: lctrl
314.5332 	DATA 	Keypress: rctrl
314.5433 	EXP 	Sound  started
315.2534 	DATA 	Keypress: lctrl
315.2933 	EXP 	Sound  started
316.0433 	EXP 	Sound  started
316.0852 	DATA 	Keypress: lctrl
316.7733 	DATA 	Keypress: rctrl
316.7933 	EXP 	Sound  started
317.5413 	DATA 	Keypress: rctrl
317.5433 	EXP 	Sound  started
318.2612 	DATA 	Keypress: rctrl
318.2934 	EXP 	Sound  started
318.9972 	DATA 	Keypress: lctrl
319.0434 	EXP 	Sound  started
319.7013 	DATA 	Keypress: rctrl
319.7934 	EXP 	Sound  started
320.5173 	DATA 	Keypress: lctrl
320.5434 	EXP 	Sound  started
321.2934 	EXP 	Sound  started
321.3012 	DATA 	Keypress: lctrl
322.0213 	DATA 	Keypress: rctrl
322.0434 	EXP 	Sound  started
322.7092 	DATA 	Keypress: lctrl
322.7934 	EXP 	Sound  started
323.5093 	DATA 	Keypress: lctrl
323.5435 	EXP 	Sound  started
324.2933 	DATA 	Keypress: lctrl
324.2935 	EXP 	Sound  started
324.9972 	DATA 	Keypress: rctrl
325.0435 	EXP 	Sound  started
325.7492 	DATA 	Keypress: lctrl
325.7935 	EXP 	Sound  started
326.4532 	DATA 	Keypress: rctrl
326.5435 	EXP 	Sound  started
327.2052 	DATA 	Keypress: rctrl
327.2935 	EXP 	Sound  started
327.9572 	DATA 	Keypress: rctrl
328.0435 	EXP 	Sound  started
328.7253 	DATA 	Keypress: rctrl
328.7935 	EXP 	Sound  started
329.4612 	DATA 	Keypress: lctrl
329.5435 	EXP 	Sound  started
330.2134 	DATA 	Keypress: rctrl
330.2936 	EXP 	Sound  started
330.9972 	DATA 	Keypress: rctrl
331.0436 	EXP 	Sound  started
331.7332 	DATA 	Keypress: rctrl
331.7936 	EXP 	Sound  started
332.5173 	DATA 	Keypress: lctrl
332.5436 	EXP 	Sound  started
333.2212 	DATA 	Keypress: lctrl
333.2936 	EXP 	Sound  started
333.9573 	DATA 	Keypress: lctrl
334.0436 	EXP 	Sound  started
334.7413 	DATA 	Keypress: rctrl
334.7936 	EXP 	Sound  started
335.4294 	DATA 	Keypress: lctrl
335.5437 	EXP 	Sound  started
336.2937 	EXP 	Sound  started
336.3253 	DATA 	Keypress: lctrl
336.9333 	DATA 	Keypress: rctrl
337.0437 	EXP 	Sound  started
337.7937 	EXP 	Sound  started
337.7974 	DATA 	Keypress: lctrl
338.5012 	DATA 	Keypress: lctrl
338.5437 	EXP 	Sound  started
339.2053 	DATA 	Keypress: lctrl
339.2937 	EXP 	Sound  started
340.0437 	EXP 	Sound  started
340.0533 	DATA 	Keypress: lctrl
340.7733 	DATA 	Keypress: lctrl
340.7937 	EXP 	Sound  started
341.5412 	DATA 	Keypress: lctrl
341.5438 	EXP 	Sound  started
342.2772 	DATA 	Keypress: rctrl
342.2938 	EXP 	Sound  started
342.9972 	DATA 	Keypress: rctrl
343.0438 	EXP 	Sound  started
343.7938 	EXP 	Sound  started
343.8132 	DATA 	Keypress: lctrl
344.5013 	DATA 	Keypress: rctrl
344.5438 	EXP 	Sound  started
345.2532 	DATA 	Keypress: rctrl
345.2938 	EXP 	Sound  started
345.9572 	DATA 	Keypress: rctrl
346.0438 	EXP 	Sound  started
346.6612 	DATA 	Keypress: rctrl
346.7938 	EXP 	Sound  started
347.4132 	DATA 	Keypress: rctrl
347.5439 	EXP 	Sound  started
348.1652 	DATA 	Keypress: rctrl
348.2939 	EXP 	Sound  started
349.0132 	DATA 	Keypress: lctrl
349.0439 	EXP 	Sound  started
349.7332 	DATA 	Keypress: rctrl
349.7939 	EXP 	Sound  started
350.5173 	DATA 	Keypress: lctrl
350.5439 	EXP 	Sound  started
351.2532 	DATA 	Keypress: lctrl
351.2939 	EXP 	Sound  started
351.9092 	DATA 	Keypress: rctrl
352.0440 	EXP 	Sound  started
352.7092 	DATA 	Keypress: rctrl
352.7940 	EXP 	Sound  started
353.5252 	DATA 	Keypress: rctrl
353.5440 	EXP 	Sound  started
354.2613 	DATA 	Keypress: lctrl
354.2940 	EXP 	Sound  started
354.9813 	DATA 	Keypress: lctrl
355.0440 	EXP 	Sound  started
355.7013 	DATA 	Keypress: lctrl
355.7940 	EXP 	Sound  started
356.5173 	DATA 	Keypress: lctrl
356.5440 	EXP 	Sound  started
357.2372 	DATA 	Keypress: rctrl
357.2941 	EXP 	Sound  started
358.0441 	EXP 	Sound  started
358.0532 	DATA 	Keypress: lctrl
358.7941 	EXP 	Sound  started
358.8052 	DATA 	Keypress: rctrl
359.4933 	DATA 	Keypress: lctrl
359.5441 	EXP 	Sound  started
360.2292 	DATA 	Keypress: rctrl
360.2941 	EXP 	Sound  started
360.9493 	DATA 	Keypress: rctrl
361.0441 	EXP 	Sound  started
361.7492 	DATA 	Keypress: lctrl
361.7942 	EXP 	Sound  started
362.4693 	DATA 	Keypress: lctrl
362.5442 	EXP 	Sound  started
363.2372 	DATA 	Keypress: lctrl
363.2942 	EXP 	Sound  started
364.0052 	DATA 	Keypress: lctrl
364.0442 	EXP 	Sound  started
364.6932 	DATA 	Keypress: lctrl
364.7942 	EXP 	Sound  started
365.4614 	DATA 	Keypress: rctrl
365.5442 	EXP 	Sound  started
366.2612 	DATA 	Keypress: rctrl
366.2942 	EXP 	Sound  started
367.0132 	DATA 	Keypress: lctrl
367.0442 	EXP 	Sound  started
367.7493 	DATA 	Keypress: rctrl
371.2899 	DATA 	Keypress: 4
371.3059 	EXP 	unnamed ShapeStim: vertices = <class 'numpy.ndarray'>
375.6247 	DATA 	Keypress: 3
375.6411 	EXP 	unnamed ShapeStim: vertices = <class 'numpy.ndarray'>
392.0860 	DATA 	Keypress: 2
392.1135 	EXP 	unnamed ShapeStim: vertices = <class 'numpy.ndarray'>
394.3878 	EXP 	Sound  started
395.1376 	EXP 	Sound  started
395.1734 	DATA 	Keypress: lctrl
395.7812 	DATA 	Keypress: rctrl
395.8876 	EXP 	Sound  started
396.5335 	DATA 	Keypress: lctrl
396.6376 	EXP 	Sound  started
397.3333 	DATA 	Keypress: lctrl
397.3876 	EXP 	Sound  started
398.0853 	DATA 	Keypress: lctrl
398.1377 	EXP 	Sound  started
398.8533 	DATA 	Keypress: rctrl
398.8877 	EXP 	Sound  started
399.5573 	DATA 	Keypress: rctrl
399.6377 	EXP 	Sound  started
400.3877 	EXP 	Sound  started
400.3892 	DATA 	Keypress: lctrl
401.0772 	DATA 	Keypress: rctrl
401.1377 	EXP 	Sound  started
401.7653 	DATA 	Keypress: rctrl
401.8877 	EXP 	Sound  started
402.4852 	DATA 	Keypress: rctrl
402.6377 	EXP 	Sound  started
403.2852 	DATA 	Keypress: rctrl
403.3877 	EXP 	Sound  started
404.0692 	DATA 	Keypress: lctrl
404.1378 	EXP 	Sound  started
404.7892 	DATA 	Keypress: rctrl
404.8878 	EXP 	Sound  started
405.5092 	DATA 	Keypress: rctrl
405.6378 	EXP 	Sound  started
406.3252 	DATA 	Keypress: rctrl
406.3878 	EXP 	Sound  started
407.0133 	DATA 	Keypress: lctrl
407.1378 	EXP 	Sound  started
407.7974 	DATA 	Keypress: lctrl
407.8878 	EXP 	Sound  started
408.5653 	DATA 	Keypress: rctrl
408.6378 	EXP 	Sound  started
409.2852 	DATA 	Keypress: lctrl
409.3878 	EXP 	Sound  started
410.0372 	DATA 	Keypress: lctrl
410.1379 	EXP 	Sound  started
410.8052 	DATA 	Keypress: lctrl
410.8879 	EXP 	Sound  started
411.6052 	DATA 	Keypress: lctrl
411.6379 	EXP 	Sound  started
412.2612 	DATA 	Keypress: lctrl
412.3879 	EXP 	Sound  started
413.0292 	DATA 	Keypress: rctrl
413.1379 	EXP 	Sound  started
413.7813 	DATA 	Keypress: lctrl
413.8879 	EXP 	Sound  started
414.5492 	DATA 	Keypress: lctrl
414.6379 	EXP 	Sound  started
415.2532 	DATA 	Keypress: rctrl
415.3880 	EXP 	Sound  started
416.0533 	DATA 	Keypress: rctrl
416.1380 	EXP 	Sound  started
416.7892 	DATA 	Keypress: rctrl
416.8880 	EXP 	Sound  started
417.5252 	DATA 	Keypress: lctrl
417.6380 	EXP 	Sound  started
418.2772 	DATA 	Keypress: rctrl
418.3880 	EXP 	Sound  started
419.0931 	DATA 	Keypress: lctrl
419.1380 	EXP 	Sound  started
419.8132 	DATA 	Keypress: rctrl
419.8880 	EXP 	Sound  started
420.5652 	DATA 	Keypress: rctrl
420.6380 	EXP 	Sound  started
421.3333 	DATA 	Keypress: lctrl
421.3881 	EXP 	Sound  started
422.0372 	DATA 	Keypress: lctrl
422.1381 	EXP 	Sound  started
422.8212 	DATA 	Keypress: lctrl
422.8881 	EXP 	Sound  started
423.6213 	DATA 	Keypress: lctrl
423.6381 	EXP 	Sound  started
424.3412 	DATA 	Keypress: lctrl
424.3881 	EXP 	Sound  started
425.0771 	DATA 	Keypress: rctrl
425.1381 	EXP 	Sound  started
425.7972 	DATA 	Keypress: rctrl
425.8882 	EXP 	Sound  started
426.5493 	DATA 	Keypress: rctrl
426.6382 	EXP 	Sound  started
427.2372 	DATA 	Keypress: lctrl
427.3882 	EXP 	Sound  started
428.0851 	DATA 	Keypress: lctrl
428.1382 	EXP 	Sound  started
428.8372 	DATA 	Keypress: rctrl
428.8882 	EXP 	Sound  started
429.5412 	DATA 	Keypress: lctrl
429.6382 	EXP 	Sound  started
430.3091 	DATA 	Keypress: rctrl
430.3882 	EXP 	Sound  started
431.0612 	DATA 	Keypress: rctrl
431.1383 	EXP 	Sound  started
431.8293 	DATA 	Keypress: rctrl
431.8883 	EXP 	Sound  started
432.5492 	DATA 	Keypress: rctrl
432.6383 	EXP 	Sound  started
433.2692 	DATA 	Keypress: lctrl
433.3883 	EXP 	Sound  started
434.0692 	DATA 	Keypress: lctrl
434.1383 	EXP 	Sound  started
434.8372 	DATA 	Keypress: lctrl
434.8883 	EXP 	Sound  started
435.6214 	DATA 	Keypress: rctrl
435.6384 	EXP 	Sound  started
436.3252 	DATA 	Keypress: rctrl
436.3884 	EXP 	Sound  started
437.0612 	DATA 	Keypress: rctrl
437.1384 	EXP 	Sound  started
437.8132 	DATA 	Keypress: rctrl
437.8884 	EXP 	Sound  started
438.5012 	DATA 	Keypress: lctrl
438.6384 	EXP 	Sound  started
439.2851 	DATA 	Keypress: lctrl
442.2977 	DATA 	Keypress: 4
442.3139 	EXP 	unnamed ShapeStim: vertices = <class 'numpy.ndarray'>
445.0820 	DATA 	Keypress: 4
445.0985 	EXP 	unnamed ShapeStim: vertices = <class 'numpy.ndarray'>
449.9337 	DATA 	Keypress: 4
449.9501 	EXP 	unnamed ShapeStim: vertices = <class 'numpy.ndarray'>
452.2249 	EXP 	Sound  started
452.9494 	DATA 	Keypress: rctrl
452.9747 	EXP 	Sound  started
453.7172 	DATA 	Keypress: lctrl
453.7247 	EXP 	Sound  started
454.4371 	DATA 	Keypress: rctrl
454.4747 	EXP 	Sound  started
455.1732 	DATA 	Keypress: lctrl
455.2248 	EXP 	Sound  started
455.9573 	DATA 	Keypress: lctrl
455.9748 	EXP 	Sound  started
456.7248 	EXP 	Sound  started
456.7252 	DATA 	Keypress: rctrl
457.4748 	EXP 	Sound  started
457.5092 	DATA 	Keypress: lctrl
458.1651 	DATA 	Keypress: rctrl
458.2248 	EXP 	Sound  started
458.9013 	DATA 	Keypress: rctrl
458.9748 	EXP 	Sound  started
459.6852 	DATA 	Keypress: rctrl
459.7248 	EXP 	Sound  started
460.4748 	EXP 	Sound  started
460.5012 	DATA 	Keypress: lctrl
461.2052 	DATA 	Keypress: lctrl
461.2249 	EXP 	Sound  started
461.9092 	DATA 	Keypress: rctrl
461.9749 	EXP 	Sound  started
462.6611 	DATA 	Keypress: lctrl
462.7249 	EXP 	Sound  started
463.3652 	DATA 	Keypress: lctrl
463.4749 	EXP 	Sound  started
464.1492 	DATA 	Keypress: lctrl
464.2249 	EXP 	Sound  started
464.8852 	DATA 	Keypress: rctrl
464.9749 	EXP 	Sound  started
465.6692 	DATA 	Keypress: rctrl
465.7249 	EXP 	Sound  started
466.3892 	DATA 	Keypress: rctrl
466.4750 	EXP 	Sound  started
467.1572 	DATA 	Keypress: rctrl
467.2250 	EXP 	Sound  started
467.8931 	DATA 	Keypress: lctrl
467.9750 	EXP 	Sound  started
468.7250 	EXP 	Sound  started
468.7573 	DATA 	Keypress: lctrl
469.4452 	DATA 	Keypress: rctrl
469.4750 	EXP 	Sound  started
470.1334 	DATA 	Keypress: lctrl
470.2250 	EXP 	Sound  started
470.9333 	DATA 	Keypress: lctrl
470.9750 	EXP 	Sound  started
471.6852 	DATA 	Keypress: lctrl
471.7251 	EXP 	Sound  started
472.4052 	DATA 	Keypress: lctrl
472.4751 	EXP 	Sound  started
473.1892 	DATA 	Keypress: rctrl
473.2251 	EXP 	Sound  started
473.8931 	DATA 	Keypress: lctrl
473.9751 	EXP 	Sound  started
474.6452 	DATA 	Keypress: rctrl
474.7251 	EXP 	Sound  started
475.4292 	DATA 	Keypress: rctrl
475.4751 	EXP 	Sound  started
476.1812 	DATA 	Keypress: rctrl
476.2251 	EXP 	Sound  started
476.9012 	DATA 	Keypress: rctrl
476.9752 	EXP 	Sound  started
477.6692 	DATA 	Keypress: rctrl
477.7252 	EXP 	Sound  started
478.4371 	DATA 	Keypress: lctrl
478.4752 	EXP 	Sound  started
479.1732 	DATA 	Keypress: lctrl
479.2252 	EXP 	Sound  started
479.9752 	EXP 	Sound  started
479.9892 	DATA 	Keypress: lctrl
480.7252 	DATA 	Keypress: lctrl
480.7254 	EXP 	Sound  started
481.4292 	DATA 	Keypress: rctrl
481.4754 	EXP 	Sound  started
482.1492 	DATA 	Keypress: rctrl
482.2254 	EXP 	Sound  started
482.9332 	DATA 	Keypress: lctrl
482.9754 	EXP 	Sound  started
483.6531 	DATA 	Keypress: rctrl
483.7254 	EXP 	Sound  started
484.3572 	DATA 	Keypress: lctrl
484.4755 	EXP 	Sound  started
485.1411 	DATA 	Keypress: lctrl
485.2255 	EXP 	Sound  started
485.8771 	DATA 	Keypress: lctrl
485.9755 	EXP 	Sound  started
486.6612 	DATA 	Keypress: lctrl
486.7255 	EXP 	Sound  started
487.4291 	DATA 	Keypress: lctrl
487.4755 	EXP 	Sound  started
488.1172 	DATA 	Keypress: rctrl
488.2255 	EXP 	Sound  started
488.9011 	DATA 	Keypress: rctrl
488.9755 	EXP 	Sound  started
489.6852 	DATA 	Keypress: lctrl
489.7256 	EXP 	Sound  started
490.4052 	DATA 	Keypress: rctrl
490.4756 	EXP 	Sound  started
491.1093 	DATA 	Keypress: rctrl
491.2256 	EXP 	Sound  started
491.8611 	DATA 	Keypress: rctrl
491.9756 	EXP 	Sound  started
492.5171 	DATA 	Keypress: lctrl
492.7256 	EXP 	Sound  started
493.3491 	DATA 	Keypress: rctrl
493.4756 	EXP 	Sound  started
494.1172 	DATA 	Keypress: rctrl
494.2256 	EXP 	Sound  started
494.8532 	DATA 	Keypress: rctrl
494.9757 	EXP 	Sound  started
495.5892 	DATA 	Keypress: lctrl
495.7257 	EXP 	Sound  started
496.3254 	DATA 	Keypress: rctrl
496.4757 	EXP 	Sound  started
497.1252 	DATA 	Keypress: lctrl
497.2257 	EXP 	Sound  started
497.8772 	DATA 	Keypress: lctrl
497.9757 	EXP 	Sound  started
498.6291 	DATA 	Keypress: rctrl
498.7257 	EXP 	Sound  started
499.3493 	DATA 	Keypress: rctrl
499.4757 	EXP 	Sound  started
500.1491 	DATA 	Keypress: lctrl
500.2258 	EXP 	Sound  started
500.7731 	DATA 	Keypress: lctrl
500.9758 	EXP 	Sound  started
501.6211 	DATA 	Keypress: lctrl
501.7258 	EXP 	Sound  started
502.4213 	DATA 	Keypress: lctrl
502.4758 	EXP 	Sound  started
503.1731 	DATA 	Keypress: lctrl
503.2258 	EXP 	Sound  started
503.9091 	DATA 	Keypress: lctrl
503.9758 	EXP 	Sound  started
504.6771 	DATA 	Keypress: lctrl
504.7258 	EXP 	Sound  started
505.3011 	DATA 	Keypress: rctrl
505.4758 	EXP 	Sound  started
506.0852 	DATA 	Keypress: rctrl
506.2259 	EXP 	Sound  started
506.8211 	DATA 	Keypress: rctrl
506.9759 	EXP 	Sound  started
507.6211 	DATA 	Keypress: lctrl
507.7259 	EXP 	Sound  started
508.3891 	DATA 	Keypress: rctrl
508.4759 	EXP 	Sound  started
509.1251 	DATA 	Keypress: rctrl
509.2259 	EXP 	Sound  started
509.8931 	DATA 	Keypress: rctrl
509.9759 	EXP 	Sound  started
510.6451 	DATA 	Keypress: rctrl
510.7259 	EXP 	Sound  started
511.3652 	DATA 	Keypress: lctrl
511.4760 	EXP 	Sound  started
512.1331 	DATA 	Keypress: lctrl
512.2260 	EXP 	Sound  started
512.8851 	DATA 	Keypress: rctrl
512.9760 	EXP 	Sound  started
513.6372 	DATA 	Keypress: rctrl
513.7260 	EXP 	Sound  started
514.3412 	DATA 	Keypress: lctrl
514.4760 	EXP 	Sound  started
515.0613 	DATA 	Keypress: rctrl
515.2260 	EXP 	Sound  started
515.8452 	DATA 	Keypress: rctrl
515.9760 	EXP 	Sound  started
516.5492 	DATA 	Keypress: rctrl
516.7261 	EXP 	Sound  started
517.2691 	DATA 	Keypress: lctrl
517.4761 	EXP 	Sound  started
518.0372 	DATA 	Keypress: lctrl
518.2261 	EXP 	Sound  started
518.8052 	DATA 	Keypress: lctrl
521.2584 	DATA 	Keypress: 4
521.2745 	EXP 	unnamed ShapeStim: vertices = <class 'numpy.ndarray'>
525.4482 	DATA 	Keypress: 4
525.4762 	EXP 	unnamed ShapeStim: vertices = <class 'numpy.ndarray'>
530.9117 	DATA 	Keypress: 4
530.9282 	EXP 	unnamed ShapeStim: vertices = <class 'numpy.ndarray'>
533.2029 	EXP 	Sound  started
533.3654 	DATA 	Keypress: lctrl
533.9411 	DATA 	Keypress: rctrl
533.9527 	EXP 	Sound  started
534.7028 	EXP 	Sound  started
534.7091 	DATA 	Keypress: rctrl
535.4452 	DATA 	Keypress: lctrl
535.4528 	EXP 	Sound  started
536.1651 	DATA 	Keypress: rctrl
536.2028 	EXP 	Sound  started
536.9332 	DATA 	Keypress: rctrl
536.9528 	EXP 	Sound  started
537.7012 	DATA 	Keypress: rctrl
537.7028 	EXP 	Sound  started
538.4528 	EXP 	Sound  started
538.4531 	DATA 	Keypress: rctrl
539.2028 	EXP 	Sound  started
539.2052 	DATA 	Keypress: lctrl
539.9411 	DATA 	Keypress: lctrl
539.9528 	EXP 	Sound  started
540.6772 	DATA 	Keypress: rctrl
540.7029 	EXP 	Sound  started
541.4131 	DATA 	Keypress: lctrl
541.4529 	EXP 	Sound  started
542.1971 	DATA 	Keypress: lctrl
542.2029 	EXP 	Sound  started
542.9012 	DATA 	Keypress: lctrl
542.9529 	EXP 	Sound  started
543.6052 	DATA 	Keypress: rctrl
543.7029 	EXP 	Sound  started
544.3731 	DATA 	Keypress: lctrl
544.4529 	EXP 	Sound  started
545.0931 	DATA 	Keypress: rctrl
545.2029 	EXP 	Sound  started
545.8451 	DATA 	Keypress: rctrl
545.9530 	EXP 	Sound  started
546.5811 	DATA 	Keypress: rctrl
546.7030 	EXP 	Sound  started
547.4530 	EXP 	Sound  started
547.4612 	DATA 	Keypress: lctrl
548.1973 	DATA 	Keypress: rctrl
548.2030 	EXP 	Sound  started
548.9331 	DATA 	Keypress: lctrl
548.9530 	EXP 	Sound  started
549.6533 	DATA 	Keypress: lctrl
549.7030 	EXP 	Sound  started
550.4051 	DATA 	Keypress: lctrl
550.4530 	EXP 	Sound  started
551.1572 	DATA 	Keypress: lctrl
551.2031 	EXP 	Sound  started
551.9531 	EXP 	Sound  started
551.9571 	DATA 	Keypress: lctrl
552.6771 	DATA 	Keypress: lctrl
552.7031 	EXP 	Sound  started
553.3491 	DATA 	Keypress: lctrl
553.4531 	EXP 	Sound  started
554.1171 	DATA 	Keypress: rctrl
554.2031 	EXP 	Sound  started
554.9331 	DATA 	Keypress: rctrl
554.9531 	EXP 	Sound  started
555.6211 	DATA 	Keypress: lctrl
555.7031 	EXP 	Sound  started
556.3571 	DATA 	Keypress: rctrl
556.4532 	EXP 	Sound  started
557.1093 	DATA 	Keypress: rctrl
557.2033 	EXP 	Sound  started
557.8771 	DATA 	Keypress: rctrl
557.9533 	EXP 	Sound  started
558.5651 	DATA 	Keypress: lctrl
558.7033 	EXP 	Sound  started
559.3011 	DATA 	Keypress: lctrl
559.4533 	EXP 	Sound  started
560.0691 	DATA 	Keypress: lctrl
560.2033 	EXP 	Sound  started
560.8531 	DATA 	Keypress: lctrl
560.9533 	EXP 	Sound  started
561.5251 	DATA 	Keypress: rctrl
561.7033 	EXP 	Sound  started
562.3092 	DATA 	Keypress: rctrl
562.4533 	EXP 	Sound  started
563.0612 	DATA 	Keypress: rctrl
563.2034 	EXP 	Sound  started
563.9091 	DATA 	Keypress: lctrl
563.9534 	EXP 	Sound  started
564.5491 	DATA 	Keypress: rctrl
564.7034 	EXP 	Sound  started
565.3651 	DATA 	Keypress: lctrl
565.4534 	EXP 	Sound  started
566.1491 	DATA 	Keypress: rctrl
566.2034 	EXP 	Sound  started
566.8531 	DATA 	Keypress: rctrl
566.9534 	EXP 	Sound  started
567.6051 	DATA 	Keypress: rctrl
567.7034 	EXP 	Sound  started
568.3891 	DATA 	Keypress: rctrl
568.4535 	EXP 	Sound  started
569.0772 	DATA 	Keypress: lctrl
569.2035 	EXP 	Sound  started
569.8131 	DATA 	Keypress: rctrl
569.9535 	EXP 	Sound  started
570.6611 	DATA 	Keypress: rctrl
570.7035 	EXP 	Sound  started
571.4291 	DATA 	Keypress: rctrl
571.4535 	EXP 	Sound  started
572.0531 	DATA 	Keypress: lctrl
572.2035 	EXP 	Sound  started
572.8211 	DATA 	Keypress: rctrl
572.9535 	EXP 	Sound  started
573.4931 	DATA 	Keypress: lctrl
573.7036 	EXP 	Sound  started
574.4051 	DATA 	Keypress: rctrl
574.4536 	EXP 	Sound  started
575.2036 	EXP 	Sound  started
575.2051 	DATA 	Keypress: lctrl
575.9536 	EXP 	Sound  started
576.0051 	DATA 	Keypress: rctrl
576.6451 	DATA 	Keypress: rctrl
576.7036 	EXP 	Sound  started
577.3811 	DATA 	Keypress: rctrl
577.4536 	EXP 	Sound  started
578.0691 	DATA 	Keypress: lctrl
578.2036 	EXP 	Sound  started
578.8692 	DATA 	Keypress: lctrl
578.9537 	EXP 	Sound  started
579.6851 	DATA 	Keypress: rctrl
579.7037 	EXP 	Sound  started
580.2771 	DATA 	Keypress: lctrl
580.4537 	EXP 	Sound  started
581.0931 	DATA 	Keypress: lctrl
581.2037 	EXP 	Sound  started
581.8771 	DATA 	Keypress: rctrl
581.9537 	EXP 	Sound  started
582.5651 	DATA 	Keypress: lctrl
582.7037 	EXP 	Sound  started
583.3331 	DATA 	Keypress: lctrl
583.4537 	EXP 	Sound  started
584.1011 	DATA 	Keypress: lctrl
584.2038 	EXP 	Sound  started
584.8211 	DATA 	Keypress: lctrl
584.9538 	EXP 	Sound  started
585.5731 	DATA 	Keypress: rctrl
585.7038 	EXP 	Sound  started
586.3251 	DATA 	Keypress: rctrl
586.4538 	EXP 	Sound  started
587.1251 	DATA 	Keypress: lctrl
587.2038 	EXP 	Sound  started
587.8611 	DATA 	Keypress: rctrl
587.9538 	EXP 	Sound  started
588.5650 	DATA 	Keypress: rctrl
588.7038 	EXP 	Sound  started
589.3331 	DATA 	Keypress: rctrl
589.4538 	EXP 	Sound  started
590.0851 	DATA 	Keypress: lctrl
590.2039 	EXP 	Sound  started
590.8211 	DATA 	Keypress: rctrl
590.9539 	EXP 	Sound  started
591.5571 	DATA 	Keypress: rctrl
591.7039 	EXP 	Sound  started
592.3412 	DATA 	Keypress: rctrl
592.4539 	EXP 	Sound  started
593.0930 	DATA 	Keypress: rctrl
593.2039 	EXP 	Sound  started
593.8771 	DATA 	Keypress: rctrl
593.9539 	EXP 	Sound  started
594.5811 	DATA 	Keypress: lctrl
594.7039 	EXP 	Sound  started
595.3331 	DATA 	Keypress: lctrl
595.4540 	EXP 	Sound  started
596.1172 	DATA 	Keypress: rctrl
596.2040 	EXP 	Sound  started
596.8211 	DATA 	Keypress: lctrl
596.9540 	EXP 	Sound  started
597.5891 	DATA 	Keypress: lctrl
599.5687 	DATA 	Keypress: 4
599.5852 	EXP 	unnamed ShapeStim: vertices = <class 'numpy.ndarray'>
601.5528 	DATA 	Keypress: 4
601.5693 	EXP 	unnamed ShapeStim: vertices = <class 'numpy.ndarray'>
605.8043 	DATA 	Keypress: 4
605.8209 	EXP 	unnamed ShapeStim: vertices = <class 'numpy.ndarray'>
608.0953 	EXP 	Sound  started
608.0962 	DATA 	Keypress: lctrl
608.7252 	DATA 	Keypress: rctrl
608.8452 	EXP 	Sound  started
609.5251 	DATA 	Keypress: rctrl
609.5952 	EXP 	Sound  started
610.3452 	EXP 	Sound  started
610.3571 	DATA 	Keypress: lctrl
611.0291 	DATA 	Keypress: rctrl
611.0952 	EXP 	Sound  started
611.7810 	DATA 	Keypress: rctrl
611.8452 	EXP 	Sound  started
612.5331 	DATA 	Keypress: rctrl
612.5952 	EXP 	Sound  started
613.2850 	DATA 	Keypress: lctrl
613.3453 	EXP 	Sound  started
613.9890 	DATA 	Keypress: lctrl
614.0953 	EXP 	Sound  started
614.7571 	DATA 	Keypress: rctrl
614.8453 	EXP 	Sound  started
615.5573 	DATA 	Keypress: lctrl
615.5953 	EXP 	Sound  started
616.3413 	DATA 	Keypress: lctrl
616.3453 	EXP 	Sound  started
617.0771 	DATA 	Keypress: lctrl
617.0953 	EXP 	Sound  started
617.8291 	DATA 	Keypress: lctrl
617.8453 	EXP 	Sound  started
618.5171 	DATA 	Keypress: rctrl
618.5953 	EXP 	Sound  started
619.3454 	EXP 	Sound  started
619.3492 	DATA 	Keypress: lctrl
620.0691 	DATA 	Keypress: rctrl
620.0954 	EXP 	Sound  started
620.8051 	DATA 	Keypress: rctrl
620.8454 	EXP 	Sound  started
621.5411 	DATA 	Keypress: lctrl
621.5954 	EXP 	Sound  started
622.2930 	DATA 	Keypress: lctrl
622.3454 	EXP 	Sound  started
623.0451 	DATA 	Keypress: lctrl
623.0954 	EXP 	Sound  started
623.7652 	DATA 	Keypress: lctrl
623.8454 	EXP 	Sound  started
624.5331 	DATA 	Keypress: lctrl
624.5954 	EXP 	Sound  started
625.3012 	DATA 	Keypress: lctrl
625.3455 	EXP 	Sound  started
626.0370 	DATA 	Keypress: rctrl
626.0955 	EXP 	Sound  started
626.7250 	DATA 	Keypress: rctrl
626.8455 	EXP 	Sound  started
627.4451 	DATA 	Keypress: rctrl
627.5955 	EXP 	Sound  started
628.2451 	DATA 	Keypress: lctrl
628.3455 	EXP 	Sound  started
628.9811 	DATA 	Keypress: rctrl
629.0955 	EXP 	Sound  started
629.7491 	DATA 	Keypress: rctrl
629.8455 	EXP 	Sound  started
630.5011 	DATA 	Keypress: lctrl
630.5955 	EXP 	Sound  started
631.2851 	DATA 	Keypress: rctrl
631.3456 	EXP 	Sound  started
632.0370 	DATA 	Keypress: lctrl
632.0956 	EXP 	Sound  started
632.7411 	DATA 	Keypress: rctrl
632.8456 	EXP 	Sound  started
633.5250 	DATA 	Keypress: rctrl
633.5956 	EXP 	Sound  started
634.2770 	DATA 	Keypress: rctrl
634.3456 	EXP 	Sound  started
635.0131 	DATA 	Keypress: rctrl
635.0956 	EXP 	Sound  started
635.7172 	DATA 	Keypress: lctrl
635.8456 	EXP 	Sound  started
636.4851 	DATA 	Keypress: lctrl
636.5957 	EXP 	Sound  started
637.3171 	DATA 	Keypress: lctrl
637.3457 	EXP 	Sound  started
638.0691 	DATA 	Keypress: rctrl
638.0957 	EXP 	Sound  started
638.8457 	EXP 	Sound  started
638.8693 	DATA 	Keypress: lctrl
639.4930 	DATA 	Keypress: rctrl
639.5957 	EXP 	Sound  started
640.2450 	DATA 	Keypress: rctrl
640.3457 	EXP 	Sound  started
640.9811 	DATA 	Keypress: rctrl
641.0957 	EXP 	Sound  started
641.7492 	DATA 	Keypress: rctrl
641.8457 	EXP 	Sound  started
642.4530 	DATA 	Keypress: rctrl
642.5958 	EXP 	Sound  started
643.2370 	DATA 	Keypress: rctrl
643.3458 	EXP 	Sound  started
643.8931 	DATA 	Keypress: lctrl
644.0958 	EXP 	Sound  started
644.6931 	DATA 	Keypress: lctrl
644.8458 	EXP 	Sound  started
645.4450 	DATA 	Keypress: rctrl
645.5958 	EXP 	Sound  started
646.2450 	DATA 	Keypress: lctrl
646.3458 	EXP 	Sound  started
647.0290 	DATA 	Keypress: rctrl
647.0958 	EXP 	Sound  started
647.6851 	DATA 	Keypress: lctrl
647.8459 	EXP 	Sound  started
648.5332 	DATA 	Keypress: lctrl
648.5959 	EXP 	Sound  started
649.3170 	DATA 	Keypress: lctrl
649.3459 	EXP 	Sound  started
650.0531 	DATA 	Keypress: rctrl
650.0959 	EXP 	Sound  started
650.7410 	DATA 	Keypress: lctrl
650.8459 	EXP 	Sound  started
651.5410 	DATA 	Keypress: lctrl
651.5959 	EXP 	Sound  started
652.3092 	DATA 	Keypress: rctrl
652.3459 	EXP 	Sound  started
653.0131 	DATA 	Keypress: lctrl
653.0960 	EXP 	Sound  started
653.7331 	DATA 	Keypress: rctrl
653.8460 	EXP 	Sound  started
654.5171 	DATA 	Keypress: rctrl
654.5960 	EXP 	Sound  started
655.2371 	DATA 	Keypress: rctrl
655.3460 	EXP 	Sound  started
656.0371 	DATA 	Keypress: lctrl
656.0960 	EXP 	Sound  started
656.8211 	DATA 	Keypress: lctrl
656.8460 	EXP 	Sound  started
657.5251 	DATA 	Keypress: lctrl
657.5960 	EXP 	Sound  started
658.3250 	DATA 	Keypress: rctrl
658.3462 	EXP 	Sound  started
659.0771 	DATA 	Keypress: lctrl
659.0963 	EXP 	Sound  started
659.8132 	DATA 	Keypress: lctrl
659.8463 	EXP 	Sound  started
660.5810 	DATA 	Keypress: rctrl
664.3579 	DATA 	Keypress: 3
664.3743 	EXP 	unnamed ShapeStim: vertices = <class 'numpy.ndarray'>
672.2158 	DATA 	Keypress: 3
672.2436 	EXP 	unnamed ShapeStim: vertices = <class 'numpy.ndarray'>
677.0456 	DATA 	Keypress: 2
677.0620 	EXP 	unnamed ShapeStim: vertices = <class 'numpy.ndarray'>
679.3362 	EXP 	Sound  started
679.5252 	DATA 	Keypress: rctrl
680.0851 	DATA 	Keypress: lctrl
680.0860 	EXP 	Sound  started
680.7730 	DATA 	Keypress: rctrl
680.8360 	EXP 	Sound  started
681.5090 	DATA 	Keypress: rctrl
681.5860 	EXP 	Sound  started
682.2770 	DATA 	Keypress: lctrl
682.3361 	EXP 	Sound  started
683.0610 	DATA 	Keypress: lctrl
683.0861 	EXP 	Sound  started
683.7810 	DATA 	Keypress: rctrl
683.8361 	EXP 	Sound  started
684.4690 	DATA 	Keypress: rctrl
684.5861 	EXP 	Sound  started
685.2853 	DATA 	Keypress: lctrl
685.3361 	EXP 	Sound  started
685.9890 	DATA 	Keypress: rctrl
686.0861 	EXP 	Sound  started
686.7571 	DATA 	Keypress: rctrl
686.8361 	EXP 	Sound  started
687.5092 	DATA 	Keypress: rctrl
687.5862 	EXP 	Sound  started
688.2771 	DATA 	Keypress: lctrl
688.3362 	EXP 	Sound  started
689.0290 	DATA 	Keypress: lctrl
689.0862 	EXP 	Sound  started
689.7971 	DATA 	Keypress: lctrl
689.8362 	EXP 	Sound  started
690.5171 	DATA 	Keypress: rctrl
690.5862 	EXP 	Sound  started
691.2850 	DATA 	Keypress: lctrl
691.3362 	EXP 	Sound  started
691.9730 	DATA 	Keypress: rctrl
692.0862 	EXP 	Sound  started
692.7251 	DATA 	Keypress: rctrl
692.8363 	EXP 	Sound  started
693.4610 	DATA 	Keypress: rctrl
693.5863 	EXP 	Sound  started
694.2451 	DATA 	Keypress: rctrl
694.3363 	EXP 	Sound  started
694.9330 	DATA 	Keypress: lctrl
695.0863 	EXP 	Sound  started
695.8131 	DATA 	Keypress: lctrl
695.8363 	EXP 	Sound  started
696.4530 	DATA 	Keypress: rctrl
696.5863 	EXP 	Sound  started
697.2210 	DATA 	Keypress: rctrl
697.3363 	EXP 	Sound  started
697.9251 	DATA 	Keypress: rctrl
698.0864 	EXP 	Sound  started
698.6612 	DATA 	Keypress: rctrl
698.8364 	EXP 	Sound  started
699.4131 	DATA 	Keypress: rctrl
699.5864 	EXP 	Sound  started
700.2130 	DATA 	Keypress: rctrl
700.3364 	EXP 	Sound  started
700.9811 	DATA 	Keypress: lctrl
701.0864 	EXP 	Sound  started
701.8290 	DATA 	Keypress: lctrl
701.8364 	EXP 	Sound  started
702.5650 	DATA 	Keypress: rctrl
702.5864 	EXP 	Sound  started
703.2210 	DATA 	Keypress: lctrl
703.3365 	EXP 	Sound  started
703.9570 	DATA 	Keypress: lctrl
704.0865 	EXP 	Sound  started
704.7571 	DATA 	Keypress: lctrl
704.8365 	EXP 	Sound  started
705.5091 	DATA 	Keypress: rctrl
705.5865 	EXP 	Sound  started
706.2770 	DATA 	Keypress: lctrl
706.3365 	EXP 	Sound  started
707.0770 	DATA 	Keypress: rctrl
707.0865 	EXP 	Sound  started
707.7170 	DATA 	Keypress: lctrl
707.8365 	EXP 	Sound  started
708.5170 	DATA 	Keypress: lctrl
708.5866 	EXP 	Sound  started
709.2691 	DATA 	Keypress: lctrl
709.3366 	EXP 	Sound  started
710.0050 	DATA 	Keypress: rctrl
710.0866 	EXP 	Sound  started
710.7410 	DATA 	Keypress: rctrl
710.8366 	EXP 	Sound  started
711.4930 	DATA 	Keypress: rctrl
711.5866 	EXP 	Sound  started
712.2450 	DATA 	Keypress: rctrl
712.3366 	EXP 	Sound  started
713.0130 	DATA 	Keypress: lctrl
713.0867 	EXP 	Sound  started
713.7330 	DATA 	Keypress: lctrl
713.8367 	EXP 	Sound  started
714.5650 	DATA 	Keypress: lctrl
714.5867 	EXP 	Sound  started
715.3010 	DATA 	Keypress: rctrl
715.3367 	EXP 	Sound  started
715.9731 	DATA 	Keypress: lctrl
716.0867 	EXP 	Sound  started
716.7411 	DATA 	Keypress: lctrl
716.8367 	EXP 	Sound  started
717.4770 	DATA 	Keypress: rctrl
717.5867 	EXP 	Sound  started
718.2450 	DATA 	Keypress: rctrl
718.3367 	EXP 	Sound  started
719.0130 	DATA 	Keypress: rctrl
719.0868 	EXP 	Sound  started
719.7010 	DATA 	Keypress: lctrl
719.8368 	EXP 	Sound  started
720.4530 	DATA 	Keypress: lctrl
720.5868 	EXP 	Sound  started
721.2051 	DATA 	Keypress: lctrl
721.3368 	EXP 	Sound  started
721.9090 	DATA 	Keypress: lctrl
722.0868 	EXP 	Sound  started
722.6611 	DATA 	Keypress: lctrl
722.8368 	EXP 	Sound  started
723.4770 	DATA 	Keypress: rctrl
723.5868 	EXP 	Sound  started
724.2772 	DATA 	Keypress: rctrl
724.3369 	EXP 	Sound  started
724.9971 	DATA 	Keypress: lctrl
725.0869 	EXP 	Sound  started
725.7490 	DATA 	Keypress: rctrl
725.8369 	EXP 	Sound  started
726.4690 	DATA 	Keypress: rctrl
726.5869 	EXP 	Sound  started
727.2211 	DATA 	Keypress: rctrl
727.3369 	EXP 	Sound  started
728.0051 	DATA 	Keypress: lctrl
728.0869 	EXP 	Sound  started
728.7571 	DATA 	Keypress: lctrl
728.8370 	EXP 	Sound  started
729.4770 	DATA 	Keypress: rctrl
729.5870 	EXP 	Sound  started
730.2131 	DATA 	Keypress: lctrl
730.3370 	EXP 	Sound  started
730.9330 	DATA 	Keypress: lctrl
733.5432 	DATA 	Keypress: 4
733.5647 	EXP 	unnamed ShapeStim: vertices = <class 'numpy.ndarray'>
737.3498 	DATA 	Keypress: 4
737.3663 	EXP 	unnamed ShapeStim: vertices = <class 'numpy.ndarray'>
746.2195 	DATA 	Keypress: 4
746.2360 	EXP 	unnamed ShapeStim: vertices = <class 'numpy.ndarray'>
748.5103 	EXP 	Sound  started
748.5114 	DATA 	Keypress: lctrl
749.1252 	DATA 	Keypress: rctrl
749.2602 	EXP 	Sound  started
749.8770 	DATA 	Keypress: rctrl
750.0102 	EXP 	Sound  started
750.6290 	DATA 	Keypress: lctrl
750.7602 	EXP 	Sound  started
751.4610 	DATA 	Keypress: rctrl
751.5102 	EXP 	Sound  started
752.1811 	DATA 	Keypress: rctrl
752.2602 	EXP 	Sound  started
752.9650 	DATA 	Keypress: rctrl
753.0102 	EXP 	Sound  started
753.7170 	DATA 	Keypress: lctrl
753.7602 	EXP 	Sound  started
754.4850 	DATA 	Keypress: lctrl
754.5103 	EXP 	Sound  started
755.1730 	DATA 	Keypress: lctrl
755.2603 	EXP 	Sound  started
755.9410 	DATA 	Keypress: rctrl
756.0103 	EXP 	Sound  started
756.6610 	DATA 	Keypress: lctrl
756.7603 	EXP 	Sound  started
757.3810 	DATA 	Keypress: rctrl
757.5103 	EXP 	Sound  started
758.1330 	DATA 	Keypress: rctrl
758.2603 	EXP 	Sound  started
758.9492 	DATA 	Keypress: lctrl
759.0104 	EXP 	Sound  started
759.6530 	DATA 	Keypress: rctrl
759.7604 	EXP 	Sound  started
760.4050 	DATA 	Keypress: rctrl
760.5104 	EXP 	Sound  started
761.1090 	DATA 	Keypress: rctrl
761.2604 	EXP 	Sound  started
761.8770 	DATA 	Keypress: rctrl
762.0104 	EXP 	Sound  started
762.6930 	DATA 	Keypress: rctrl
762.7604 	EXP 	Sound  started
763.3650 	DATA 	Keypress: lctrl
763.5104 	EXP 	Sound  started
764.1169 	DATA 	Keypress: lctrl
764.2604 	EXP 	Sound  started
764.8533 	DATA 	Keypress: lctrl
765.0105 	EXP 	Sound  started
765.5890 	DATA 	Keypress: lctrl
765.7605 	EXP 	Sound  started
766.3411 	DATA 	Keypress: lctrl
766.5105 	EXP 	Sound  started
767.2050 	DATA 	Keypress: lctrl
767.2605 	EXP 	Sound  started
767.9731 	DATA 	Keypress: rctrl
768.0105 	EXP 	Sound  started
768.7571 	DATA 	Keypress: rctrl
768.7605 	EXP 	Sound  started
769.5106 	EXP 	Sound  started
769.5411 	DATA 	Keypress: lctrl
770.2290 	DATA 	Keypress: lctrl
770.2606 	EXP 	Sound  started
770.9650 	DATA 	Keypress: lctrl
771.0106 	EXP 	Sound  started
771.7169 	DATA 	Keypress: rctrl
771.7606 	EXP 	Sound  started
772.4530 	DATA 	Keypress: lctrl
772.5106 	EXP 	Sound  started
773.1730 	DATA 	Keypress: rctrl
773.2606 	EXP 	Sound  started
773.8450 	DATA 	Keypress: rctrl
774.0106 	EXP 	Sound  started
774.6450 	DATA 	Keypress: lctrl
774.7606 	EXP 	Sound  started
775.4609 	DATA 	Keypress: rctrl
775.5107 	EXP 	Sound  started
776.1330 	DATA 	Keypress: lctrl
776.2607 	EXP 	Sound  started
776.8851 	DATA 	Keypress: lctrl
777.0107 	EXP 	Sound  started
777.7010 	DATA 	Keypress: lctrl
777.7607 	EXP 	Sound  started
778.4050 	DATA 	Keypress: rctrl
778.5107 	EXP 	Sound  started
779.1571 	DATA 	Keypress: rctrl
779.2607 	EXP 	Sound  started
779.8609 	DATA 	Keypress: rctrl
780.0107 	EXP 	Sound  started
780.6770 	DATA 	Keypress: lctrl
780.7608 	EXP 	Sound  started
781.4930 	DATA 	Keypress: lctrl
781.5108 	EXP 	Sound  started
782.1969 	DATA 	Keypress: lctrl
782.2608 	EXP 	Sound  started
782.8850 	DATA 	Keypress: lctrl
783.0108 	EXP 	Sound  started
783.6530 	DATA 	Keypress: rctrl
783.7608 	EXP 	Sound  started
784.4050 	DATA 	Keypress: rctrl
784.5108 	EXP 	Sound  started
785.1729 	DATA 	Keypress: lctrl
785.2608 	EXP 	Sound  started
785.9410 	DATA 	Keypress: rctrl
786.0109 	EXP 	Sound  started
786.6930 	DATA 	Keypress: rctrl
786.7609 	EXP 	Sound  started
787.4609 	DATA 	Keypress: rctrl
787.5109 	EXP 	Sound  started
788.1810 	DATA 	Keypress: rctrl
788.2609 	EXP 	Sound  started
788.9489 	DATA 	Keypress: lctrl
789.0109 	EXP 	Sound  started
789.6690 	DATA 	Keypress: lctrl
789.7609 	EXP 	Sound  started
790.4370 	DATA 	Keypress: rctrl
790.5109 	EXP 	Sound  started
791.1730 	DATA 	Keypress: lctrl
791.2609 	EXP 	Sound  started
791.9091 	DATA 	Keypress: lctrl
792.0110 	EXP 	Sound  started
792.6770 	DATA 	Keypress: lctrl
792.7610 	EXP 	Sound  started
793.4290 	DATA 	Keypress: rctrl
793.5110 	EXP 	Sound  started
794.1490 	DATA 	Keypress: rctrl
794.2611 	EXP 	Sound  started
794.8690 	DATA 	Keypress: rctrl
795.0111 	EXP 	Sound  started
795.6051 	DATA 	Keypress: rctrl
795.7611 	EXP 	Sound  started
796.4050 	DATA 	Keypress: rctrl
796.5112 	EXP 	Sound  started
797.1251 	DATA 	Keypress: lctrl
797.2612 	EXP 	Sound  started
797.9410 	DATA 	Keypress: lctrl
798.0112 	EXP 	Sound  started
798.6930 	DATA 	Keypress: rctrl
798.7612 	EXP 	Sound  started
799.3969 	DATA 	Keypress: rctrl
799.5112 	EXP 	Sound  started
800.1490 	DATA 	Keypress: rctrl
800.2612 	EXP 	Sound  started
800.9010 	DATA 	Keypress: lctrl
801.0112 	EXP 	Sound  started
801.6690 	DATA 	Keypress: lctrl
801.7613 	EXP 	Sound  started
802.4529 	DATA 	Keypress: lctrl
802.5113 	EXP 	Sound  started
803.2050 	DATA 	Keypress: lctrl
803.2613 	EXP 	Sound  started
803.9410 	DATA 	Keypress: rctrl
804.0113 	EXP 	Sound  started
804.6770 	DATA 	Keypress: lctrl
804.7613 	EXP 	Sound  started
805.4130 	DATA 	Keypress: rctrl
805.5113 	EXP 	Sound  started
806.1649 	DATA 	Keypress: lctrl
806.2613 	EXP 	Sound  started
806.8529 	DATA 	Keypress: lctrl
807.0113 	EXP 	Sound  started
807.6530 	DATA 	Keypress: rctrl
807.7613 	EXP 	Sound  started
808.4369 	DATA 	Keypress: lctrl
808.5113 	EXP 	Sound  started
809.1569 	DATA 	Keypress: rctrl
809.2614 	EXP 	Sound  started
809.8769 	DATA 	Keypress: rctrl
811.9755 	DATA 	Keypress: 4
811.9919 	EXP 	unnamed ShapeStim: vertices = <class 'numpy.ndarray'>
834.5999 	DATA 	Keypress: 4
834.6165 	EXP 	unnamed ShapeStim: vertices = <class 'numpy.ndarray'>
841.7692 	DATA 	Keypress: 4
841.7857 	EXP 	unnamed ShapeStim: vertices = <class 'numpy.ndarray'>
844.0606 	EXP 	Sound  started
844.2451 	DATA 	Keypress: rctrl
844.8049 	DATA 	Keypress: lctrl
844.8105 	EXP 	Sound  started
845.5249 	DATA 	Keypress: lctrl
845.5605 	EXP 	Sound  started
846.3105 	EXP 	Sound  started
846.3249 	DATA 	Keypress: lctrl
847.0129 	DATA 	Keypress: lctrl
847.0605 	EXP 	Sound  started
847.7809 	DATA 	Keypress: rctrl
847.8105 	EXP 	Sound  started
848.5605 	EXP 	Sound  started
848.5969 	DATA 	Keypress: lctrl
849.3010 	DATA 	Keypress: rctrl
849.3105 	EXP 	Sound  started
849.9889 	DATA 	Keypress: rctrl
850.0606 	EXP 	Sound  started
850.7409 	DATA 	Keypress: rctrl
850.8106 	EXP 	Sound  started
851.5249 	DATA 	Keypress: lctrl
851.5606 	EXP 	Sound  started
852.2610 	DATA 	Keypress: rctrl
852.3106 	EXP 	Sound  started
852.9490 	DATA 	Keypress: rctrl
853.0606 	EXP 	Sound  started
853.6849 	DATA 	Keypress: rctrl
853.8106 	EXP 	Sound  started
854.5009 	DATA 	Keypress: rctrl
854.5606 	EXP 	Sound  started
855.2210 	DATA 	Keypress: lctrl
855.3107 	EXP 	Sound  started
855.9731 	DATA 	Keypress: rctrl
856.0607 	EXP 	Sound  started
856.7411 	DATA 	Keypress: lctrl
856.8107 	EXP 	Sound  started
857.4929 	DATA 	Keypress: lctrl
857.5607 	EXP 	Sound  started
858.2289 	DATA 	Keypress: rctrl
858.3107 	EXP 	Sound  started
859.0129 	DATA 	Keypress: lctrl
859.0607 	EXP 	Sound  started
859.7169 	DATA 	Keypress: lctrl
859.8107 	EXP 	Sound  started
860.5330 	DATA 	Keypress: lctrl
860.5607 	EXP 	Sound  started
861.2210 	DATA 	Keypress: rctrl
861.3108 	EXP 	Sound  started
861.9569 	DATA 	Keypress: rctrl
862.0608 	EXP 	Sound  started
862.7889 	DATA 	Keypress: lctrl
862.8108 	EXP 	Sound  started
863.5090 	DATA 	Keypress: rctrl
863.5608 	EXP 	Sound  started
864.2290 	DATA 	Keypress: rctrl
864.3108 	EXP 	Sound  started
865.0450 	DATA 	Keypress: rctrl
865.0608 	EXP 	Sound  started
865.7329 	DATA 	Keypress: lctrl
865.8109 	EXP 	Sound  started
866.5171 	DATA 	Keypress: rctrl
866.5609 	EXP 	Sound  started
867.2529 	DATA 	Keypress: rctrl
867.3109 	EXP 	Sound  started
867.9889 	DATA 	Keypress: lctrl
868.0609 	EXP 	Sound  started
868.6929 	DATA 	Keypress: lctrl
868.8109 	EXP 	Sound  started
869.5609 	EXP 	Sound  started
869.5729 	DATA 	Keypress: lctrl
870.2449 	DATA 	Keypress: lctrl
870.3109 	EXP 	Sound  started
871.0609 	DATA 	Keypress: lctrl
871.0611 	EXP 	Sound  started
871.7809 	DATA 	Keypress: rctrl
871.8111 	EXP 	Sound  started
872.5611 	EXP 	Sound  started
872.5971 	DATA 	Keypress: lctrl
873.3010 	DATA 	Keypress: rctrl
873.3111 	EXP 	Sound  started
874.0611 	EXP 	Sound  started
874.1010 	DATA 	Keypress: rctrl
874.7729 	DATA 	Keypress: rctrl
874.8111 	EXP 	Sound  started
875.4931 	DATA 	Keypress: lctrl
875.5612 	EXP 	Sound  started
876.2450 	DATA 	Keypress: rctrl
876.3112 	EXP 	Sound  started
876.9811 	DATA 	Keypress: rctrl
877.0612 	EXP 	Sound  started
877.6849 	DATA 	Keypress: rctrl
877.8112 	EXP 	Sound  started
878.3729 	DATA 	Keypress: rctrl
878.5612 	EXP 	Sound  started
879.2690 	DATA 	Keypress: rctrl
879.3113 	EXP 	Sound  started
880.0049 	DATA 	Keypress: rctrl
880.0613 	EXP 	Sound  started
880.7089 	DATA 	Keypress: lctrl
880.8113 	EXP 	Sound  started
881.4129 	DATA 	Keypress: lctrl
881.5613 	EXP 	Sound  started
882.2129 	DATA 	Keypress: rctrl
882.3113 	EXP 	Sound  started
883.0129 	DATA 	Keypress: lctrl
883.0613 	EXP 	Sound  started
883.6689 	DATA 	Keypress: lctrl
886.8449 	DATA 	Keypress: 2
886.8677 	EXP 	unnamed ShapeStim: vertices = <class 'numpy.ndarray'>
892.9869 	DATA 	Keypress: 4
893.0033 	EXP 	unnamed ShapeStim: vertices = <class 'numpy.ndarray'>
899.2225 	DATA 	Keypress: 2
899.2389 	EXP 	unnamed ShapeStim: vertices = <class 'numpy.ndarray'>
901.5137 	EXP 	Sound  started
902.1971 	DATA 	Keypress: rctrl
902.2635 	EXP 	Sound  started
903.0129 	DATA 	Keypress: lctrl
903.0135 	EXP 	Sound  started
903.6529 	DATA 	Keypress: rctrl
903.7636 	EXP 	Sound  started
904.3889 	DATA 	Keypress: rctrl
904.5136 	EXP 	Sound  started
905.2530 	DATA 	Keypress: lctrl
905.2636 	EXP 	Sound  started
905.9569 	DATA 	Keypress: rctrl
906.0136 	EXP 	Sound  started
906.7250 	DATA 	Keypress: lctrl
906.7636 	EXP 	Sound  started
907.4770 	DATA 	Keypress: lctrl
907.5136 	EXP 	Sound  started
908.2449 	DATA 	Keypress: lctrl
908.2636 	EXP 	Sound  started
908.9809 	DATA 	Keypress: rctrl
909.0136 	EXP 	Sound  started
909.7169 	DATA 	Keypress: rctrl
909.7636 	EXP 	Sound  started
910.4369 	DATA 	Keypress: lctrl
910.5137 	EXP 	Sound  started
911.1570 	DATA 	Keypress: rctrl
911.2637 	EXP 	Sound  started
911.8610 	DATA 	Keypress: rctrl
912.0137 	EXP 	Sound  started
912.6609 	DATA 	Keypress: rctrl
912.7637 	EXP 	Sound  started
913.4610 	DATA 	Keypress: rctrl
913.5137 	EXP 	Sound  started
914.2129 	DATA 	Keypress: rctrl
914.2637 	EXP 	Sound  started
914.9809 	DATA 	Keypress: lctrl
915.0137 	EXP 	Sound  started
915.7331 	DATA 	Keypress: lctrl
915.7638 	EXP 	Sound  started
916.3890 	DATA 	Keypress: rctrl
916.5138 	EXP 	Sound  started
917.2529 	DATA 	Keypress: lctrl
917.2638 	EXP 	Sound  started
918.0049 	DATA 	Keypress: lctrl
918.0138 	EXP 	Sound  started
918.6930 	DATA 	Keypress: lctrl
918.7638 	EXP 	Sound  started
919.4289 	DATA 	Keypress: lctrl
919.5138 	EXP 	Sound  started
920.1969 	DATA 	Keypress: lctrl
920.2638 	EXP 	Sound  started
920.9009 	DATA 	Keypress: lctrl
921.0138 	EXP 	Sound  started
921.6529 	DATA 	Keypress: lctrl
921.7639 	EXP 	Sound  started
922.4049 	DATA 	Keypress: lctrl
922.5139 	EXP 	Sound  started
923.1889 	DATA 	Keypress: rctrl
923.2639 	EXP 	Sound  started
923.9569 	DATA 	Keypress: lctrl
924.0139 	EXP 	Sound  started
924.6929 	DATA 	Keypress: rctrl
924.7639 	EXP 	Sound  started
925.4929 	DATA 	Keypress: rctrl
925.5139 	EXP 	Sound  started
926.2449 	DATA 	Keypress: lctrl
926.2640 	EXP 	Sound  started
926.9489 	DATA 	Keypress: lctrl
927.0140 	EXP 	Sound  started
927.6529 	DATA 	Keypress: lctrl
927.7640 	EXP 	Sound  started
928.4049 	DATA 	Keypress: rctrl
928.5140 	EXP 	Sound  started
929.1090 	DATA 	Keypress: rctrl
929.2640 	EXP 	Sound  started
929.8449 	DATA 	Keypress: rctrl
930.0140 	EXP 	Sound  started
930.6289 	DATA 	Keypress: rctrl
930.7640 	EXP 	Sound  started
931.4289 	DATA 	Keypress: lctrl
931.5141 	EXP 	Sound  started
932.1488 	DATA 	Keypress: rctrl
932.2641 	EXP 	Sound  started
932.9009 	DATA 	Keypress: rctrl
933.0141 	EXP 	Sound  started
933.6529 	DATA 	Keypress: lctrl
933.7641 	EXP 	Sound  started
934.3729 	DATA 	Keypress: rctrl
934.5141 	EXP 	Sound  started
935.1089 	DATA 	Keypress: rctrl
935.2641 	EXP 	Sound  started
935.8929 	DATA 	Keypress: rctrl
936.0141 	EXP 	Sound  started
936.6130 	DATA 	Keypress: rctrl
936.7641 	EXP 	Sound  started
937.2371 	DATA 	Keypress: lctrl
937.5142 	EXP 	Sound  started
938.1649 	DATA 	Keypress: lctrl
938.2642 	EXP 	Sound  started
938.9489 	DATA 	Keypress: lctrl
939.0142 	EXP 	Sound  started
939.5889 	DATA 	Keypress: rctrl
939.7642 	EXP 	Sound  started
940.3089 	DATA 	Keypress: rctrl
940.5142 	EXP 	Sound  started
941.1249 	DATA 	Keypress: rctrl
941.2642 	EXP 	Sound  started
941.8769 	DATA 	Keypress: rctrl
942.0142 	EXP 	Sound  started
942.6608 	DATA 	Keypress: rctrl
942.7642 	EXP 	Sound  started
943.3808 	DATA 	Keypress: lctrl
943.5143 	EXP 	Sound  started
944.1170 	DATA 	Keypress: lctrl
944.2643 	EXP 	Sound  started
944.8529 	DATA 	Keypress: rctrl
945.0143 	EXP 	Sound  started
945.5890 	DATA 	Keypress: lctrl
945.7643 	EXP 	Sound  started
946.3249 	DATA 	Keypress: lctrl
946.5143 	EXP 	Sound  started
947.1249 	DATA 	Keypress: lctrl
947.2643 	EXP 	Sound  started
947.9409 	DATA 	Keypress: rctrl
948.0143 	EXP 	Sound  started
948.6288 	DATA 	Keypress: lctrl
948.7644 	EXP 	Sound  started
949.4129 	DATA 	Keypress: rctrl
949.5144 	EXP 	Sound  started
950.1489 	DATA 	Keypress: lctrl
950.2644 	EXP 	Sound  started
950.9169 	DATA 	Keypress: lctrl
951.0144 	EXP 	Sound  started
951.6849 	DATA 	Keypress: lctrl
951.7644 	EXP 	Sound  started
952.4529 	DATA 	Keypress: rctrl
952.5144 	EXP 	Sound  started
953.1888 	DATA 	Keypress: rctrl
953.2644 	EXP 	Sound  started
953.8769 	DATA 	Keypress: lctrl
954.0144 	EXP 	Sound  started
954.5969 	DATA 	Keypress: lctrl
954.7645 	EXP 	Sound  started
955.4129 	DATA 	Keypress: lctrl
955.5145 	EXP 	Sound  started
956.1809 	DATA 	Keypress: lctrl
956.2645 	EXP 	Sound  started
956.9490 	DATA 	Keypress: lctrl
957.0145 	EXP 	Sound  started
957.6689 	DATA 	Keypress: rctrl
957.7645 	EXP 	Sound  started
958.3889 	DATA 	Keypress: rctrl
958.5145 	EXP 	Sound  started
959.1089 	DATA 	Keypress: rctrl
959.2645 	EXP 	Sound  started
959.8129 	DATA 	Keypress: lctrl
960.0146 	EXP 	Sound  started
960.6130 	DATA 	Keypress: lctrl
962.7444 	DATA 	Keypress: 4
962.7605 	EXP 	unnamed ShapeStim: vertices = <class 'numpy.ndarray'>
965.7998 	DATA 	Keypress: 4
965.8286 	EXP 	unnamed ShapeStim: vertices = <class 'numpy.ndarray'>
968.6466 	DATA 	Keypress: 4
968.6629 	EXP 	unnamed ShapeStim: vertices = <class 'numpy.ndarray'>
972.9455 	DATA 	Keypress: lctrl
1995.8928 	DATA 	Keypress: escape
1996.0444 	EXP 	window1: mouseVisible = True
