25.1055 	WARNING 	User requested fullscreen with size [1024  768], but screen is actually [1920, 1200]. Using actual size
25.9177 	EXP 	Created window1 = Window(allowGUI=False, allowStencil=False, autoLog=True, backendConf=UNKNOWN, bitsMode=UNKNOWN, blendMode='avg', bpc=(8, 8, 8), color=array([0, 0, 0]), colorSpace='rgb', depthBits=8, fullscr=<method-wrapper '__getattribute__' of attributeSetter object at 0x000002370E9767B8>, gamma=None, gammaErrorPolicy='raise', lms=UNKNOWN, monitor=<psychopy.monitors.calibTools.Monitor object at 0x00000237100840B8>, multiSample=False, name='window1', numSamples=2, pos=[0.0, 0.0], screen=0, size=array([1920, 1200]), stencilBits=0, stereo=False, units='norm', useFBO=True, useRetina=False, viewOri=0.0, viewPos=None, viewScale=None, waitBlanking=True, winType='pyglet')
25.9180 	EXP 	window1: mouseVisible = True
25.9180 	EXP 	window1: mouseVisible = False
25.9181 	EXP 	window1: recordFrameIntervals = False
26.0841 	EXP 	window1: recordFrameIntervals = True
26.2678 	EXP 	window1: recordFrameIntervals = False
26.3229 	EXP 	Created text = TextStim(__class__=<class 'psychopy.visual.text.TextStim'>, alignHoriz=method-wrapper(...), alignText='center', alignVert=method-wrapper(...), anchorHoriz='center', anchorVert='center', antialias=True, autoLog=True, bold=False, color=array([1., 1., 1.]), colorSpace='rgb', contrast=1.0, depth=0.0, flipHoriz=False, flipVert=False, font='Arial', fontFiles=[], height=0.15, italic=False, languageStyle='LTR', name='text', opacity=1, ori=0, pos=array([0., 0.]), rgb=UNKNOWN, text='+', units='norm', win=Window(...), wrapWidth=1)
26.3447 	EXP 	Created text = TextStim(__class__=<class 'psychopy.visual.text.TextStim'>, alignHoriz=method-wrapper(...), alignText='center', alignVert=method-wrapper(...), anchorHoriz='center', anchorVert='center', antialias=True, autoLog=True, bold=False, color=array([1., 1., 1.]), colorSpace='rgb', contrast=1.0, depth=0.0, flipHoriz=False, flipVert=False, font='Arial', fontFiles=[], height=0.07, italic=False, languageStyle='LTR', name='text', opacity=1, ori=0, pos=array([0., 0.]), rgb=UNKNOWN, text=str(...), units='norm', win=Window(...), wrapWidth=1.65)
26.3541 	EXP 	Created text = TextStim(__class__=<class 'psychopy.visual.text.TextStim'>, alignHoriz=method-wrapper(...), alignText='center', alignVert=method-wrapper(...), anchorHoriz='center', anchorVert='center', antialias=True, autoLog=True, bold=False, color=array([1., 1., 1.]), colorSpace='rgb', contrast=1.0, depth=0.0, flipHoriz=False, flipVert=False, font='Arial', fontFiles=[], height=0.07, italic=False, languageStyle='LTR', name='text', opacity=1, ori=0, pos=array([0., 0.]), rgb=UNKNOWN, text=str(...), units='norm', win=Window(...), wrapWidth=1.65)
26.3632 	EXP 	Created text = TextStim(__class__=<class 'psychopy.visual.text.TextStim'>, alignHoriz=method-wrapper(...), alignText='center', alignVert=method-wrapper(...), anchorHoriz='center', anchorVert='center', antialias=True, autoLog=True, bold=False, color=array([1., 1., 1.]), colorSpace='rgb', contrast=1.0, depth=0.0, flipHoriz=False, flipVert=False, font='Arial', fontFiles=[], height=0.07, italic=False, languageStyle='LTR', name='text', opacity=1, ori=0, pos=array([0., 0.]), rgb=UNKNOWN, text=str(...), units='norm', win=Window(...), wrapWidth=1.65)
26.3737 	EXP 	Created text = TextStim(__class__=<class 'psychopy.visual.text.TextStim'>, alignHoriz=method-wrapper(...), alignText='center', alignVert=method-wrapper(...), anchorHoriz='center', anchorVert='center', antialias=True, autoLog=True, bold=False, color=array([1., 1., 1.]), colorSpace='rgb', contrast=1.0, depth=0.0, flipHoriz=False, flipVert=False, font='Arial', fontFiles=[], height=0.07, italic=False, languageStyle='LTR', name='text', opacity=1, ori=0, pos=array([0., 0.]), rgb=UNKNOWN, text=str(...), units='norm', win=Window(...), wrapWidth=1.65)
26.3798 	EXP 	Created text = TextStim(__class__=<class 'psychopy.visual.text.TextStim'>, alignHoriz=method-wrapper(...), alignText='center', alignVert=method-wrapper(...), anchorHoriz='center', anchorVert='center', antialias=True, autoLog=True, bold=False, color=array([1., 1., 1.]), colorSpace='rgb', contrast=1.0, depth=0.0, flipHoriz=False, flipVert=False, font='Arial', fontFiles=[], height=0.07, italic=False, languageStyle='LTR', name='text', opacity=1, ori=0, pos=array([0., 0.]), rgb=UNKNOWN, text=str(...), units='norm', win=Window(...), wrapWidth=1.65)
26.3938 	EXP 	Created text = TextStim(__class__=<class 'psychopy.visual.text.TextStim'>, alignHoriz=method-wrapper(...), alignText='center', alignVert=method-wrapper(...), anchorHoriz='center', anchorVert='center', antialias=True, autoLog=True, bold=False, color=array([1., 1., 1.]), colorSpace='rgb', contrast=1.0, depth=0.0, flipHoriz=False, flipVert=False, font='Arial', fontFiles=[], height=0.15, italic=False, languageStyle='LTR', name='text', opacity=1, ori=0, pos=array([0., 0.]), rgb=UNKNOWN, text=str(...), units='norm', win=Window(...), wrapWidth=1.65)
26.4227 	EXP 	Created text = TextStim(__class__=<class 'psychopy.visual.text.TextStim'>, alignHoriz=method-wrapper(...), alignText='center', alignVert=method-wrapper(...), anchorHoriz='center', anchorVert='center', antialias=True, autoLog=True, bold=False, color=array([1., 1., 1.]), colorSpace='rgb', contrast=1.0, depth=0.0, flipHoriz=False, flipVert=False, font='Arial', fontFiles=[], height=0.07, italic=False, languageStyle='LTR', name='text', opacity=1, ori=0, pos=array([0., 0.]), rgb=UNKNOWN, text=str(...), units='norm', win=Window(...), wrapWidth=1.65)
26.4432 	EXP 	Created text = TextStim(__class__=<class 'psychopy.visual.text.TextStim'>, alignHoriz=method-wrapper(...), alignText='center', alignVert=method-wrapper(...), anchorHoriz='center', anchorVert='center', antialias=True, autoLog=True, bold=False, color=array([1., 1., 1.]), colorSpace='rgb', contrast=1.0, depth=0.0, flipHoriz=False, flipVert=False, font='Arial', fontFiles=[], height=0.07, italic=False, languageStyle='LTR', name='text', opacity=1, ori=0, pos=array([0., 0.]), rgb=UNKNOWN, text=str(...), units='norm', win=Window(...), wrapWidth=1.65)
26.4736 	EXP 	Created text = TextStim(__class__=<class 'psychopy.visual.text.TextStim'>, alignHoriz=method-wrapper(...), alignText='center', alignVert=method-wrapper(...), anchorHoriz='center', anchorVert='center', antialias=True, autoLog=True, bold=False, color=array([1., 1., 1.]), colorSpace='rgb', contrast=1.0, depth=0.0, flipHoriz=False, flipVert=False, font='Arial', fontFiles=[], height=0.07, italic=False, languageStyle='LTR', name='text', opacity=1, ori=0, pos=array([0., 0.]), rgb=UNKNOWN, text=str(...), units='norm', win=Window(...), wrapWidth=1.65)
26.4975 	EXP 	Created text = TextStim(__class__=<class 'psychopy.visual.text.TextStim'>, alignHoriz=method-wrapper(...), alignText='center', alignVert=method-wrapper(...), anchorHoriz='center', anchorVert='center', antialias=True, autoLog=True, bold=False, color=array([1., 1., 1.]), colorSpace='rgb', contrast=1.0, depth=0.0, flipHoriz=False, flipVert=False, font='Arial', fontFiles=[], height=0.07, italic=False, languageStyle='LTR', name='text', opacity=1, ori=0, pos=array([0., 0.]), rgb=UNKNOWN, text=str(...), units='norm', win=Window(...), wrapWidth=1.65)
26.5266 	EXP 	Created text = TextStim(__class__=<class 'psychopy.visual.text.TextStim'>, alignHoriz=method-wrapper(...), alignText='center', alignVert=method-wrapper(...), anchorHoriz='center', anchorVert='center', antialias=True, autoLog=True, bold=False, color=array([1., 1., 1.]), colorSpace='rgb', contrast=1.0, depth=0.0, flipHoriz=False, flipVert=False, font='Arial', fontFiles=[], height=0.07, italic=False, languageStyle='LTR', name='text', opacity=1, ori=0, pos=array([0., 0.]), rgb=UNKNOWN, text=str(...), units='norm', win=Window(...), wrapWidth=1.65)
26.5372 	EXP 	Created text = TextStim(__class__=<class 'psychopy.visual.text.TextStim'>, alignHoriz=method-wrapper(...), alignText='center', alignVert=method-wrapper(...), anchorHoriz='center', anchorVert='center', antialias=True, autoLog=True, bold=False, color=array([1., 1., 1.]), colorSpace='rgb', contrast=1.0, depth=0.0, flipHoriz=False, flipVert=False, font='Arial', fontFiles=[], height=0.07, italic=False, languageStyle='LTR', name='text', opacity=1, ori=0, pos=array([0., 0.]), rgb=UNKNOWN, text=str(...), units='norm', win=Window(...), wrapWidth=1.65)
26.5494 	EXP 	Created text = TextStim(__class__=<class 'psychopy.visual.text.TextStim'>, alignHoriz=method-wrapper(...), alignText='center', alignVert=method-wrapper(...), anchorHoriz='center', anchorVert='center', antialias=True, autoLog=True, bold=False, color=array([1., 1., 1.]), colorSpace='rgb', contrast=1.0, depth=0.0, flipHoriz=False, flipVert=False, font='Arial', fontFiles=[], height=0.07, italic=False, languageStyle='LTR', name='text', opacity=1, ori=0, pos=array([0., 0.]), rgb=UNKNOWN, text=str(...), units='norm', win=Window(...), wrapWidth=1.65)
26.5537 	EXP 	Created instru = TextStim(__class__=<class 'psychopy.visual.text.TextStim'>, alignHoriz=method-wrapper(...), alignText='center', alignVert=method-wrapper(...), anchorHoriz='center', anchorVert='center', antialias=True, autoLog=True, bold=False, color=array([1., 1., 1.]), colorSpace='rgb', contrast=1.0, depth=0.0, flipHoriz=False, flipVert=False, font='Arial', fontFiles=[], height=0.07, italic=False, languageStyle='LTR', name='instru', opacity=1, ori=0, pos=array([0. , 0.5]), rgb=UNKNOWN, text=str(...), units='norm', win=Window(...), wrapWidth=1)
26.5562 	EXP 	Created unnamed Line = Line(__class__=<class 'psychopy.visual.line.Line'>, autoDraw=False, autoLog=True, closeShape=False, color=array([1., 1., 1.]), colorSpace='rgb', contrast=None, depth=0, fillColor=array([0, 0, 0]), fillColorSpace='rgb', fillRGB=array([0, 0, 0]), interpolate=True, lineColor=array([1., 1., 1.]), lineColorSpace='rgb', lineRGB=array([1, 1, 1]), lineWidth=5, name='unnamed Line', opacity=0.5, ori=0.0, pos=array([0., 0.]), size=array([1., 1.]), units='norm', vertices=array([[-0.5,  0. ],
       [ 0.5,  0. ]]), win=Window(...), windingRule=None)
26.5583 	EXP 	Created unnamed Line = Line(__class__=<class 'psychopy.visual.line.Line'>, autoDraw=False, autoLog=True, closeShape=False, color=array([1., 1., 1.]), colorSpace='rgb', contrast=None, depth=0, fillColor=array([0, 0, 0]), fillColorSpace='rgb', fillRGB=array([0, 0, 0]), interpolate=True, lineColor=array([1., 1., 1.]), lineColorSpace='rgb', lineRGB=array([1, 1, 1]), lineWidth=3, name='unnamed Line', opacity=0.5, ori=0.0, pos=array([0., 0.]), size=array([1., 1.]), units='norm', vertices=array([[-0.5 , -0.05],
       [-0.5 ,  0.05]]), win=Window(...), windingRule=None)
26.5602 	EXP 	Created unnamed Line = Line(__class__=<class 'psychopy.visual.line.Line'>, autoDraw=False, autoLog=True, closeShape=False, color=array([1., 1., 1.]), colorSpace='rgb', contrast=None, depth=0, fillColor=array([0, 0, 0]), fillColorSpace='rgb', fillRGB=array([0, 0, 0]), interpolate=True, lineColor=array([1., 1., 1.]), lineColorSpace='rgb', lineRGB=array([1, 1, 1]), lineWidth=3, name='unnamed Line', opacity=0.5, ori=0.0, pos=array([0., 0.]), size=array([1., 1.]), units='norm', vertices=ndarray(...), win=Window(...), windingRule=None)
26.5622 	EXP 	Created unnamed Line = Line(__class__=<class 'psychopy.visual.line.Line'>, autoDraw=False, autoLog=True, closeShape=False, color=array([1., 1., 1.]), colorSpace='rgb', contrast=None, depth=0, fillColor=array([0, 0, 0]), fillColorSpace='rgb', fillRGB=array([0, 0, 0]), interpolate=True, lineColor=array([1., 1., 1.]), lineColorSpace='rgb', lineRGB=array([1, 1, 1]), lineWidth=3, name='unnamed Line', opacity=0.5, ori=0.0, pos=array([0., 0.]), size=array([1., 1.]), units='norm', vertices=ndarray(...), win=Window(...), windingRule=None)
26.5642 	EXP 	Created unnamed Line = Line(__class__=<class 'psychopy.visual.line.Line'>, autoDraw=False, autoLog=True, closeShape=False, color=array([1., 1., 1.]), colorSpace='rgb', contrast=None, depth=0, fillColor=array([0, 0, 0]), fillColorSpace='rgb', fillRGB=array([0, 0, 0]), interpolate=True, lineColor=array([1., 1., 1.]), lineColorSpace='rgb', lineRGB=array([1, 1, 1]), lineWidth=3, name='unnamed Line', opacity=0.5, ori=0.0, pos=array([0., 0.]), size=array([1., 1.]), units='norm', vertices=array([[ 0.5 , -0.05],
       [ 0.5 ,  0.05]]), win=Window(...), windingRule=None)
26.5766 	EXP 	Created unnamed TextStim = TextStim(__class__=<class 'psychopy.visual.text.TextStim'>, alignHoriz=method-wrapper(...), alignText='center', alignVert=method-wrapper(...), anchorHoriz='center', anchorVert='center', antialias=True, autoLog=True, bold=False, color=array([1., 1., 1.]), colorSpace='rgb', contrast=1.0, depth=0, flipHoriz=False, flipVert=False, font='', fontFiles=[], height=0.05, italic=False, languageStyle='LTR', name='unnamed TextStim', opacity=1.0, ori=0.0, pos=array([-0.5, -0.1]), rgb=UNKNOWN, text='Helt klart \n IKKE FOKUSERT', units='norm', win=Window(...), wrapWidth=1)
26.5776 	EXP 	Created unnamed TextStim = TextStim(__class__=<class 'psychopy.visual.text.TextStim'>, alignHoriz=method-wrapper(...), alignText='center', alignVert=method-wrapper(...), anchorHoriz='center', anchorVert='center', antialias=True, autoLog=True, bold=False, color=array([1., 1., 1.]), colorSpace='rgb', contrast=1.0, depth=0, flipHoriz=False, flipVert=False, font='', fontFiles=[], height=0.05, italic=False, languageStyle='LTR', name='unnamed TextStim', opacity=1.0, ori=0.0, pos=array([-0.16666667, -0.1       ]), rgb=UNKNOWN, text='', units='norm', win=Window(...), wrapWidth=1)
26.5786 	EXP 	Created unnamed TextStim = TextStim(__class__=<class 'psychopy.visual.text.TextStim'>, alignHoriz=method-wrapper(...), alignText='center', alignVert=method-wrapper(...), anchorHoriz='center', anchorVert='center', antialias=True, autoLog=True, bold=False, color=array([1., 1., 1.]), colorSpace='rgb', contrast=1.0, depth=0, flipHoriz=False, flipVert=False, font='', fontFiles=[], height=0.05, italic=False, languageStyle='LTR', name='unnamed TextStim', opacity=1.0, ori=0.0, pos=array([ 0.16666667, -0.1       ]), rgb=UNKNOWN, text='', units='norm', win=Window(...), wrapWidth=1)
26.5820 	EXP 	Created unnamed TextStim = TextStim(__class__=<class 'psychopy.visual.text.TextStim'>, alignHoriz=method-wrapper(...), alignText='center', alignVert=method-wrapper(...), anchorHoriz='center', anchorVert='center', antialias=True, autoLog=True, bold=False, color=array([1., 1., 1.]), colorSpace='rgb', contrast=1.0, depth=0, flipHoriz=False, flipVert=False, font='', fontFiles=[], height=0.05, italic=False, languageStyle='LTR', name='unnamed TextStim', opacity=1.0, ori=0.0, pos=array([ 0.5, -0.1]), rgb=UNKNOWN, text='Helt klart \n FOKUSERT', units='norm', win=Window(...), wrapWidth=1)
26.5841 	EXP 	Created unnamed ShapeStim = ShapeStim(__class__=<class 'psychopy.visual.shape.ShapeStim'>, autoDraw=False, autoLog=True, closeShape=True, color=method-wrapper(...), colorSpace='rgb', contrast=None, depth=0, fillColor=array([1, 1, 1]), fillColorSpace='rgb', fillRGB=array([1, 1, 1]), interpolate=True, lineColor=array([-1., -1., -1.]), lineColorSpace='rgb', lineRGB=array([-1, -1, -1]), lineWidth=1.5, name='unnamed ShapeStim', opacity=1.0, ori=0.0, pos=array([0., 0.]), size=array([1., 1.]), units='norm', vertices=ndarray(...), win=Window(...), windingRule=None)
26.5912 	EXP 	Created instru = TextStim(__class__=<class 'psychopy.visual.text.TextStim'>, alignHoriz=method-wrapper(...), alignText='center', alignVert=method-wrapper(...), anchorHoriz='center', anchorVert='center', antialias=True, autoLog=True, bold=False, color=array([1., 1., 1.]), colorSpace='rgb', contrast=1.0, depth=0.0, flipHoriz=False, flipVert=False, font='Arial', fontFiles=[], height=0.07, italic=False, languageStyle='LTR', name='instru', opacity=1, ori=0, pos=array([0. , 0.5]), rgb=UNKNOWN, text=str(...), units='norm', win=Window(...), wrapWidth=1)
26.5932 	EXP 	Created unnamed Line = Line(__class__=<class 'psychopy.visual.line.Line'>, autoDraw=False, autoLog=True, closeShape=False, color=array([1., 1., 1.]), colorSpace='rgb', contrast=None, depth=0, fillColor=array([0, 0, 0]), fillColorSpace='rgb', fillRGB=array([0, 0, 0]), interpolate=True, lineColor=array([1., 1., 1.]), lineColorSpace='rgb', lineRGB=array([1, 1, 1]), lineWidth=5, name='unnamed Line', opacity=0.5, ori=0.0, pos=array([0., 0.]), size=array([1., 1.]), units='norm', vertices=array([[-0.5,  0. ],
       [ 0.5,  0. ]]), win=Window(...), windingRule=None)
26.5953 	EXP 	Created unnamed Line = Line(__class__=<class 'psychopy.visual.line.Line'>, autoDraw=False, autoLog=True, closeShape=False, color=array([1., 1., 1.]), colorSpace='rgb', contrast=None, depth=0, fillColor=array([0, 0, 0]), fillColorSpace='rgb', fillRGB=array([0, 0, 0]), interpolate=True, lineColor=array([1., 1., 1.]), lineColorSpace='rgb', lineRGB=array([1, 1, 1]), lineWidth=3, name='unnamed Line', opacity=0.5, ori=0.0, pos=array([0., 0.]), size=array([1., 1.]), units='norm', vertices=array([[-0.5 , -0.05],
       [-0.5 ,  0.05]]), win=Window(...), windingRule=None)
26.5972 	EXP 	Created unnamed Line = Line(__class__=<class 'psychopy.visual.line.Line'>, autoDraw=False, autoLog=True, closeShape=False, color=array([1., 1., 1.]), colorSpace='rgb', contrast=None, depth=0, fillColor=array([0, 0, 0]), fillColorSpace='rgb', fillRGB=array([0, 0, 0]), interpolate=True, lineColor=array([1., 1., 1.]), lineColorSpace='rgb', lineRGB=array([1, 1, 1]), lineWidth=3, name='unnamed Line', opacity=0.5, ori=0.0, pos=array([0., 0.]), size=array([1., 1.]), units='norm', vertices=ndarray(...), win=Window(...), windingRule=None)
26.5992 	EXP 	Created unnamed Line = Line(__class__=<class 'psychopy.visual.line.Line'>, autoDraw=False, autoLog=True, closeShape=False, color=array([1., 1., 1.]), colorSpace='rgb', contrast=None, depth=0, fillColor=array([0, 0, 0]), fillColorSpace='rgb', fillRGB=array([0, 0, 0]), interpolate=True, lineColor=array([1., 1., 1.]), lineColorSpace='rgb', lineRGB=array([1, 1, 1]), lineWidth=3, name='unnamed Line', opacity=0.5, ori=0.0, pos=array([0., 0.]), size=array([1., 1.]), units='norm', vertices=ndarray(...), win=Window(...), windingRule=None)
26.6011 	EXP 	Created unnamed Line = Line(__class__=<class 'psychopy.visual.line.Line'>, autoDraw=False, autoLog=True, closeShape=False, color=array([1., 1., 1.]), colorSpace='rgb', contrast=None, depth=0, fillColor=array([0, 0, 0]), fillColorSpace='rgb', fillRGB=array([0, 0, 0]), interpolate=True, lineColor=array([1., 1., 1.]), lineColorSpace='rgb', lineRGB=array([1, 1, 1]), lineWidth=3, name='unnamed Line', opacity=0.5, ori=0.0, pos=array([0., 0.]), size=array([1., 1.]), units='norm', vertices=array([[ 0.5 , -0.05],
       [ 0.5 ,  0.05]]), win=Window(...), windingRule=None)
26.6061 	EXP 	Created unnamed TextStim = TextStim(__class__=<class 'psychopy.visual.text.TextStim'>, alignHoriz=method-wrapper(...), alignText='center', alignVert=method-wrapper(...), anchorHoriz='center', anchorVert='center', antialias=True, autoLog=True, bold=False, color=array([1., 1., 1.]), colorSpace='rgb', contrast=1.0, depth=0, flipHoriz=False, flipVert=False, font='', fontFiles=[], height=0.05, italic=False, languageStyle='LTR', name='unnamed TextStim', opacity=1.0, ori=0.0, pos=array([-0.5, -0.1]), rgb=UNKNOWN, text='Helt klart \n INGENTING', units='norm', win=Window(...), wrapWidth=1)
26.6073 	EXP 	Created unnamed TextStim = TextStim(__class__=<class 'psychopy.visual.text.TextStim'>, alignHoriz=method-wrapper(...), alignText='center', alignVert=method-wrapper(...), anchorHoriz='center', anchorVert='center', antialias=True, autoLog=True, bold=False, color=array([1., 1., 1.]), colorSpace='rgb', contrast=1.0, depth=0, flipHoriz=False, flipVert=False, font='', fontFiles=[], height=0.05, italic=False, languageStyle='LTR', name='unnamed TextStim', opacity=1.0, ori=0.0, pos=array([-0.16666667, -0.1       ]), rgb=UNKNOWN, text='', units='norm', win=Window(...), wrapWidth=1)
26.6084 	EXP 	Created unnamed TextStim = TextStim(__class__=<class 'psychopy.visual.text.TextStim'>, alignHoriz=method-wrapper(...), alignText='center', alignVert=method-wrapper(...), anchorHoriz='center', anchorVert='center', antialias=True, autoLog=True, bold=False, color=array([1., 1., 1.]), colorSpace='rgb', contrast=1.0, depth=0, flipHoriz=False, flipVert=False, font='', fontFiles=[], height=0.05, italic=False, languageStyle='LTR', name='unnamed TextStim', opacity=1.0, ori=0.0, pos=array([ 0.16666667, -0.1       ]), rgb=UNKNOWN, text='', units='norm', win=Window(...), wrapWidth=1)
26.6116 	EXP 	Created unnamed TextStim = TextStim(__class__=<class 'psychopy.visual.text.TextStim'>, alignHoriz=method-wrapper(...), alignText='center', alignVert=method-wrapper(...), anchorHoriz='center', anchorVert='center', antialias=True, autoLog=True, bold=False, color=array([1., 1., 1.]), colorSpace='rgb', contrast=1.0, depth=0, flipHoriz=False, flipVert=False, font='', fontFiles=[], height=0.05, italic=False, languageStyle='LTR', name='unnamed TextStim', opacity=1.0, ori=0.0, pos=array([ 0.5, -0.1]), rgb=UNKNOWN, text='Helt klart \n NOE', units='norm', win=Window(...), wrapWidth=1)
26.6133 	EXP 	Created unnamed ShapeStim = ShapeStim(__class__=<class 'psychopy.visual.shape.ShapeStim'>, autoDraw=False, autoLog=True, closeShape=True, color=method-wrapper(...), colorSpace='rgb', contrast=None, depth=0, fillColor=array([1, 1, 1]), fillColorSpace='rgb', fillRGB=array([1, 1, 1]), interpolate=True, lineColor=array([-1., -1., -1.]), lineColorSpace='rgb', lineRGB=array([-1, -1, -1]), lineWidth=1.5, name='unnamed ShapeStim', opacity=1.0, ori=0.0, pos=array([0., 0.]), size=array([1., 1.]), units='norm', vertices=ndarray(...), win=Window(...), windingRule=None)
26.6202 	EXP 	Created instru = TextStim(__class__=<class 'psychopy.visual.text.TextStim'>, alignHoriz=method-wrapper(...), alignText='center', alignVert=method-wrapper(...), anchorHoriz='center', anchorVert='center', antialias=True, autoLog=True, bold=False, color=array([1., 1., 1.]), colorSpace='rgb', contrast=1.0, depth=0.0, flipHoriz=False, flipVert=False, font='Arial', fontFiles=[], height=0.07, italic=False, languageStyle='LTR', name='instru', opacity=1, ori=0, pos=array([0. , 0.5]), rgb=UNKNOWN, text=str(...), units='norm', win=Window(...), wrapWidth=1)
26.6221 	EXP 	Created unnamed Line = Line(__class__=<class 'psychopy.visual.line.Line'>, autoDraw=False, autoLog=True, closeShape=False, color=array([1., 1., 1.]), colorSpace='rgb', contrast=None, depth=0, fillColor=array([0, 0, 0]), fillColorSpace='rgb', fillRGB=array([0, 0, 0]), interpolate=True, lineColor=array([1., 1., 1.]), lineColorSpace='rgb', lineRGB=array([1, 1, 1]), lineWidth=5, name='unnamed Line', opacity=0.5, ori=0.0, pos=array([0., 0.]), size=array([1., 1.]), units='norm', vertices=array([[-0.5,  0. ],
       [ 0.5,  0. ]]), win=Window(...), windingRule=None)
26.6241 	EXP 	Created unnamed Line = Line(__class__=<class 'psychopy.visual.line.Line'>, autoDraw=False, autoLog=True, closeShape=False, color=array([1., 1., 1.]), colorSpace='rgb', contrast=None, depth=0, fillColor=array([0, 0, 0]), fillColorSpace='rgb', fillRGB=array([0, 0, 0]), interpolate=True, lineColor=array([1., 1., 1.]), lineColorSpace='rgb', lineRGB=array([1, 1, 1]), lineWidth=3, name='unnamed Line', opacity=0.5, ori=0.0, pos=array([0., 0.]), size=array([1., 1.]), units='norm', vertices=array([[-0.5 , -0.05],
       [-0.5 ,  0.05]]), win=Window(...), windingRule=None)
26.6261 	EXP 	Created unnamed Line = Line(__class__=<class 'psychopy.visual.line.Line'>, autoDraw=False, autoLog=True, closeShape=False, color=array([1., 1., 1.]), colorSpace='rgb', contrast=None, depth=0, fillColor=array([0, 0, 0]), fillColorSpace='rgb', fillRGB=array([0, 0, 0]), interpolate=True, lineColor=array([1., 1., 1.]), lineColorSpace='rgb', lineRGB=array([1, 1, 1]), lineWidth=3, name='unnamed Line', opacity=0.5, ori=0.0, pos=array([0., 0.]), size=array([1., 1.]), units='norm', vertices=ndarray(...), win=Window(...), windingRule=None)
26.6280 	EXP 	Created unnamed Line = Line(__class__=<class 'psychopy.visual.line.Line'>, autoDraw=False, autoLog=True, closeShape=False, color=array([1., 1., 1.]), colorSpace='rgb', contrast=None, depth=0, fillColor=array([0, 0, 0]), fillColorSpace='rgb', fillRGB=array([0, 0, 0]), interpolate=True, lineColor=array([1., 1., 1.]), lineColorSpace='rgb', lineRGB=array([1, 1, 1]), lineWidth=3, name='unnamed Line', opacity=0.5, ori=0.0, pos=array([0., 0.]), size=array([1., 1.]), units='norm', vertices=ndarray(...), win=Window(...), windingRule=None)
26.6300 	EXP 	Created unnamed Line = Line(__class__=<class 'psychopy.visual.line.Line'>, autoDraw=False, autoLog=True, closeShape=False, color=array([1., 1., 1.]), colorSpace='rgb', contrast=None, depth=0, fillColor=array([0, 0, 0]), fillColorSpace='rgb', fillRGB=array([0, 0, 0]), interpolate=True, lineColor=array([1., 1., 1.]), lineColorSpace='rgb', lineRGB=array([1, 1, 1]), lineWidth=3, name='unnamed Line', opacity=0.5, ori=0.0, pos=array([0., 0.]), size=array([1., 1.]), units='norm', vertices=array([[ 0.5 , -0.05],
       [ 0.5 ,  0.05]]), win=Window(...), windingRule=None)
26.6346 	EXP 	Created unnamed TextStim = TextStim(__class__=<class 'psychopy.visual.text.TextStim'>, alignHoriz=method-wrapper(...), alignText='center', alignVert=method-wrapper(...), anchorHoriz='center', anchorVert='center', antialias=True, autoLog=True, bold=False, color=array([1., 1., 1.]), colorSpace='rgb', contrast=1.0, depth=0, flipHoriz=False, flipVert=False, font='', fontFiles=[], height=0.05, italic=False, languageStyle='LTR', name='unnamed TextStim', opacity=1.0, ori=0.0, pos=array([-0.5, -0.1]), rgb=UNKNOWN, text='Helt klart \n SPONTAN', units='norm', win=Window(...), wrapWidth=1)
26.6358 	EXP 	Created unnamed TextStim = TextStim(__class__=<class 'psychopy.visual.text.TextStim'>, alignHoriz=method-wrapper(...), alignText='center', alignVert=method-wrapper(...), anchorHoriz='center', anchorVert='center', antialias=True, autoLog=True, bold=False, color=array([1., 1., 1.]), colorSpace='rgb', contrast=1.0, depth=0, flipHoriz=False, flipVert=False, font='', fontFiles=[], height=0.05, italic=False, languageStyle='LTR', name='unnamed TextStim', opacity=1.0, ori=0.0, pos=array([-0.16666667, -0.1       ]), rgb=UNKNOWN, text='', units='norm', win=Window(...), wrapWidth=1)
26.6368 	EXP 	Created unnamed TextStim = TextStim(__class__=<class 'psychopy.visual.text.TextStim'>, alignHoriz=method-wrapper(...), alignText='center', alignVert=method-wrapper(...), anchorHoriz='center', anchorVert='center', antialias=True, autoLog=True, bold=False, color=array([1., 1., 1.]), colorSpace='rgb', contrast=1.0, depth=0, flipHoriz=False, flipVert=False, font='', fontFiles=[], height=0.05, italic=False, languageStyle='LTR', name='unnamed TextStim', opacity=1.0, ori=0.0, pos=array([ 0.16666667, -0.1       ]), rgb=UNKNOWN, text='', units='norm', win=Window(...), wrapWidth=1)
26.6413 	EXP 	Created unnamed TextStim = TextStim(__class__=<class 'psychopy.visual.text.TextStim'>, alignHoriz=method-wrapper(...), alignText='center', alignVert=method-wrapper(...), anchorHoriz='center', anchorVert='center', antialias=True, autoLog=True, bold=False, color=array([1., 1., 1.]), colorSpace='rgb', contrast=1.0, depth=0, flipHoriz=False, flipVert=False, font='', fontFiles=[], height=0.05, italic=False, languageStyle='LTR', name='unnamed TextStim', opacity=1.0, ori=0.0, pos=array([ 0.5, -0.1]), rgb=UNKNOWN, text='Helt klart \n BEVISST', units='norm', win=Window(...), wrapWidth=1)
26.6431 	EXP 	Created unnamed ShapeStim = ShapeStim(__class__=<class 'psychopy.visual.shape.ShapeStim'>, autoDraw=False, autoLog=True, closeShape=True, color=method-wrapper(...), colorSpace='rgb', contrast=None, depth=0, fillColor=array([1, 1, 1]), fillColorSpace='rgb', fillRGB=array([1, 1, 1]), interpolate=True, lineColor=array([-1., -1., -1.]), lineColorSpace='rgb', lineRGB=array([-1, -1, -1]), lineWidth=1.5, name='unnamed ShapeStim', opacity=1.0, ori=0.0, pos=array([0., 0.]), size=array([1., 1.]), units='norm', vertices=ndarray(...), win=Window(...), windingRule=None)
26.6916 	EXP 	Sound  set volume 1.000
26.7244 	EXP 	unnamed ShapeStim: vertices = <class 'numpy.ndarray'>
26.7244 	EXP 	unnamed ShapeStim: vertices = <class 'numpy.ndarray'>
26.7244 	EXP 	unnamed ShapeStim: vertices = <class 'numpy.ndarray'>
31.8998 	DATA 	Keypress: rctrl
32.4229 	EXP 	Sound  started
32.7636 	DATA 	Keypress: lctrl
33.1727 	EXP 	Sound  started
33.3236 	DATA 	Keypress: rctrl
33.9227 	EXP 	Sound  started
33.9476 	DATA 	Keypress: lctrl
34.6196 	DATA 	Keypress: lctrl
34.6727 	EXP 	Sound  started
35.3237 	DATA 	Keypress: lctrl
35.4228 	EXP 	Sound  started
36.0757 	DATA 	Keypress: rctrl
36.1728 	EXP 	Sound  started
36.8596 	DATA 	Keypress: rctrl
36.9228 	EXP 	Sound  started
37.5956 	DATA 	Keypress: rctrl
37.6728 	EXP 	Sound  started
38.3636 	DATA 	Keypress: rctrl
38.4228 	EXP 	Sound  started
39.1157 	DATA 	Keypress: lctrl
39.1728 	EXP 	Sound  started
39.8357 	DATA 	Keypress: lctrl
39.9228 	EXP 	Sound  started
40.5557 	DATA 	Keypress: lctrl
40.6729 	EXP 	Sound  started
41.3076 	DATA 	Keypress: rctrl
41.4229 	EXP 	Sound  started
42.0116 	DATA 	Keypress: rctrl
42.1729 	EXP 	Sound  started
42.7477 	DATA 	Keypress: rctrl
42.9229 	EXP 	Sound  started
43.5156 	DATA 	Keypress: rctrl
43.6729 	EXP 	Sound  started
44.2356 	DATA 	Keypress: rctrl
44.4229 	EXP 	Sound  started
45.0356 	DATA 	Keypress: rctrl
45.1729 	EXP 	Sound  started
45.7876 	DATA 	Keypress: rctrl
45.9229 	EXP 	Sound  started
46.5717 	DATA 	Keypress: lctrl
46.6730 	EXP 	Sound  started
47.3077 	DATA 	Keypress: rctrl
47.4230 	EXP 	Sound  started
48.1076 	DATA 	Keypress: lctrl
48.1730 	EXP 	Sound  started
48.8436 	DATA 	Keypress: lctrl
48.9230 	EXP 	Sound  started
49.5796 	DATA 	Keypress: rctrl
49.6730 	EXP 	Sound  started
50.3476 	DATA 	Keypress: lctrl
50.4230 	EXP 	Sound  started
51.0836 	DATA 	Keypress: lctrl
51.1730 	EXP 	Sound  started
51.8676 	DATA 	Keypress: lctrl
51.9231 	EXP 	Sound  started
52.6036 	DATA 	Keypress: rctrl
52.6731 	EXP 	Sound  started
53.3077 	DATA 	Keypress: rctrl
53.4231 	EXP 	Sound  started
54.0436 	DATA 	Keypress: rctrl
54.1731 	EXP 	Sound  started
54.7636 	DATA 	Keypress: rctrl
54.9231 	EXP 	Sound  started
55.5317 	DATA 	Keypress: rctrl
55.6732 	EXP 	Sound  started
56.2516 	DATA 	Keypress: rctrl
56.4231 	EXP 	Sound  started
57.0836 	DATA 	Keypress: rctrl
57.1732 	EXP 	Sound  started
57.8516 	DATA 	Keypress: lctrl
57.9232 	EXP 	Sound  started
58.6196 	DATA 	Keypress: rctrl
58.6732 	EXP 	Sound  started
59.3236 	DATA 	Keypress: lctrl
59.4232 	EXP 	Sound  started
60.0916 	DATA 	Keypress: lctrl
60.1732 	EXP 	Sound  started
60.8596 	DATA 	Keypress: lctrl
60.9232 	EXP 	Sound  started
61.6117 	DATA 	Keypress: lctrl
61.6732 	EXP 	Sound  started
62.3476 	DATA 	Keypress: rctrl
62.4232 	EXP 	Sound  started
63.0996 	DATA 	Keypress: lctrl
63.1733 	EXP 	Sound  started
63.8836 	DATA 	Keypress: rctrl
63.9233 	EXP 	Sound  started
64.6356 	DATA 	Keypress: rctrl
64.6733 	EXP 	Sound  started
65.3396 	DATA 	Keypress: rctrl
65.4233 	EXP 	Sound  started
66.0756 	DATA 	Keypress: rctrl
66.1733 	EXP 	Sound  started
66.7956 	DATA 	Keypress: rctrl
66.9233 	EXP 	Sound  started
67.5316 	DATA 	Keypress: lctrl
67.6733 	EXP 	Sound  started
68.3316 	DATA 	Keypress: lctrl
68.4234 	EXP 	Sound  started
69.0996 	DATA 	Keypress: rctrl
69.1734 	EXP 	Sound  started
69.7876 	DATA 	Keypress: rctrl
69.9234 	EXP 	Sound  started
70.5716 	DATA 	Keypress: rctrl
70.6734 	EXP 	Sound  started
71.3076 	DATA 	Keypress: lctrl
71.4234 	EXP 	Sound  started
72.0436 	DATA 	Keypress: lctrl
72.1734 	EXP 	Sound  started
72.8115 	DATA 	Keypress: lctrl
72.9234 	EXP 	Sound  started
73.5795 	DATA 	Keypress: lctrl
73.6734 	EXP 	Sound  started
74.3635 	DATA 	Keypress: rctrl
74.4235 	EXP 	Sound  started
75.0836 	DATA 	Keypress: rctrl
75.1735 	EXP 	Sound  started
75.8196 	DATA 	Keypress: rctrl
75.9235 	EXP 	Sound  started
76.5716 	DATA 	Keypress: rctrl
76.6735 	EXP 	Sound  started
77.3237 	DATA 	Keypress: rctrl
77.4235 	EXP 	Sound  started
78.0597 	DATA 	Keypress: rctrl
78.1735 	EXP 	Sound  started
78.8277 	DATA 	Keypress: rctrl
78.9235 	EXP 	Sound  started
79.6437 	DATA 	Keypress: lctrl
79.6736 	EXP 	Sound  started
80.3476 	DATA 	Keypress: rctrl
80.4236 	EXP 	Sound  started
81.0996 	DATA 	Keypress: lctrl
81.1736 	EXP 	Sound  started
81.8996 	DATA 	Keypress: lctrl
81.9236 	EXP 	Sound  started
82.6196 	DATA 	Keypress: rctrl
82.6736 	EXP 	Sound  started
83.3076 	DATA 	Keypress: rctrl
83.4236 	EXP 	Sound  started
84.0436 	DATA 	Keypress: rctrl
84.1737 	EXP 	Sound  started
84.8117 	DATA 	Keypress: lctrl
84.9237 	EXP 	Sound  started
85.5477 	DATA 	Keypress: lctrl
85.6737 	EXP 	Sound  started
86.2836 	DATA 	Keypress: lctrl
86.4237 	EXP 	Sound  started
87.0036 	DATA 	Keypress: lctrl
87.1737 	EXP 	Sound  started
87.7875 	DATA 	Keypress: lctrl
87.9237 	EXP 	Sound  started
88.5557 	DATA 	Keypress: rctrl
88.6737 	EXP 	Sound  started
89.3396 	DATA 	Keypress: rctrl
89.4237 	EXP 	Sound  started
90.0275 	DATA 	Keypress: lctrl
90.1738 	EXP 	Sound  started
90.7956 	DATA 	Keypress: lctrl
90.9238 	EXP 	Sound  started
91.5476 	DATA 	Keypress: lctrl
91.6738 	EXP 	Sound  started
92.3637 	DATA 	Keypress: lctrl
92.4238 	EXP 	Sound  started
93.0996 	DATA 	Keypress: rctrl
93.1738 	EXP 	Sound  started
93.8356 	DATA 	Keypress: lctrl
93.9396 	EXP 	unnamed TextStim: text = ''
93.9396 	EXP 	unnamed TextStim: text = ''
96.2412 	DATA 	Keypress: 4
96.2577 	EXP 	unnamed ShapeStim: vertices = <class 'numpy.ndarray'>
97.7923 	EXP 	unnamed TextStim: text = ''
97.7923 	EXP 	unnamed TextStim: text = ''
98.4305 	DATA 	Keypress: 1
98.4600 	EXP 	unnamed ShapeStim: vertices = <class 'numpy.ndarray'>
99.9946 	EXP 	unnamed TextStim: text = ''
99.9946 	EXP 	unnamed TextStim: text = ''
100.4951 	DATA 	Keypress: 4
100.5117 	EXP 	unnamed ShapeStim: vertices = <class 'numpy.ndarray'>
102.7964 	EXP 	Sound  started
102.8438 	DATA 	Keypress: lctrl
103.4677 	DATA 	Keypress: rctrl
103.5463 	EXP 	Sound  started
104.1716 	DATA 	Keypress: lctrl
104.2963 	EXP 	Sound  started
104.9076 	DATA 	Keypress: lctrl
105.0463 	EXP 	Sound  started
105.6756 	DATA 	Keypress: lctrl
105.7963 	EXP 	Sound  started
106.4276 	DATA 	Keypress: rctrl
106.5463 	EXP 	Sound  started
107.1315 	DATA 	Keypress: rctrl
107.2963 	EXP 	Sound  started
107.8996 	DATA 	Keypress: rctrl
108.0464 	EXP 	Sound  started
108.6677 	DATA 	Keypress: rctrl
108.7964 	EXP 	Sound  started
109.3876 	DATA 	Keypress: lctrl
109.5464 	EXP 	Sound  started
110.1396 	DATA 	Keypress: rctrl
110.2964 	EXP 	Sound  started
110.9076 	DATA 	Keypress: lctrl
111.0464 	EXP 	Sound  started
111.6436 	DATA 	Keypress: rctrl
111.7964 	EXP 	Sound  started
112.3635 	DATA 	Keypress: lctrl
112.5464 	EXP 	Sound  started
113.1316 	DATA 	Keypress: rctrl
113.2964 	EXP 	Sound  started
113.8995 	DATA 	Keypress: rctrl
114.0465 	EXP 	Sound  started
114.6676 	DATA 	Keypress: rctrl
114.7965 	EXP 	Sound  started
115.4356 	DATA 	Keypress: rctrl
115.5465 	EXP 	Sound  started
116.1876 	DATA 	Keypress: rctrl
116.2965 	EXP 	Sound  started
116.9718 	DATA 	Keypress: lctrl
117.0465 	EXP 	Sound  started
117.7716 	DATA 	Keypress: rctrl
117.7965 	EXP 	Sound  started
118.4596 	DATA 	Keypress: lctrl
118.5465 	EXP 	Sound  started
119.2436 	DATA 	Keypress: rctrl
119.2966 	EXP 	Sound  started
119.9635 	DATA 	Keypress: lctrl
120.0466 	EXP 	Sound  started
120.7316 	DATA 	Keypress: rctrl
120.7966 	EXP 	Sound  started
121.4676 	DATA 	Keypress: lctrl
121.5466 	EXP 	Sound  started
122.1716 	DATA 	Keypress: lctrl
122.2966 	EXP 	Sound  started
122.9557 	DATA 	Keypress: lctrl
123.0466 	EXP 	Sound  started
123.7236 	DATA 	Keypress: rctrl
123.7966 	EXP 	Sound  started
124.4756 	DATA 	Keypress: rctrl
124.5467 	EXP 	Sound  started
125.2116 	DATA 	Keypress: rctrl
125.2967 	EXP 	Sound  started
126.0275 	DATA 	Keypress: rctrl
126.0467 	EXP 	Sound  started
126.7476 	DATA 	Keypress: rctrl
126.7967 	EXP 	Sound  started
127.4516 	DATA 	Keypress: lctrl
127.5467 	EXP 	Sound  started
128.2036 	DATA 	Keypress: lctrl
128.2967 	EXP 	Sound  started
129.0197 	DATA 	Keypress: rctrl
129.0467 	EXP 	Sound  started
129.7076 	DATA 	Keypress: lctrl
129.7968 	EXP 	Sound  started
130.4755 	DATA 	Keypress: lctrl
130.5468 	EXP 	Sound  started
131.2275 	DATA 	Keypress: lctrl
131.2968 	EXP 	Sound  started
131.8835 	DATA 	Keypress: lctrl
132.0468 	EXP 	Sound  started
132.6515 	DATA 	Keypress: rctrl
132.7968 	EXP 	Sound  started
133.4196 	DATA 	Keypress: rctrl
133.5468 	EXP 	Sound  started
134.2195 	DATA 	Keypress: rctrl
134.2968 	EXP 	Sound  started
134.9555 	DATA 	Keypress: rctrl
135.0468 	EXP 	Sound  started
135.7236 	DATA 	Keypress: rctrl
135.7969 	EXP 	Sound  started
136.4435 	DATA 	Keypress: rctrl
136.5469 	EXP 	Sound  started
137.1636 	DATA 	Keypress: lctrl
137.2969 	EXP 	Sound  started
137.9316 	DATA 	Keypress: lctrl
138.0469 	EXP 	Sound  started
138.7155 	DATA 	Keypress: lctrl
138.7969 	EXP 	Sound  started
139.4836 	DATA 	Keypress: lctrl
139.5469 	EXP 	Sound  started
140.2356 	DATA 	Keypress: rctrl
140.2969 	EXP 	Sound  started
141.0035 	DATA 	Keypress: lctrl
141.0470 	EXP 	Sound  started
141.7235 	DATA 	Keypress: rctrl
141.7970 	EXP 	Sound  started
142.4435 	DATA 	Keypress: lctrl
142.5470 	EXP 	Sound  started
143.2277 	DATA 	Keypress: lctrl
143.2970 	EXP 	Sound  started
143.9476 	DATA 	Keypress: lctrl
144.0470 	EXP 	Sound  started
144.7316 	DATA 	Keypress: lctrl
144.7970 	EXP 	Sound  started
145.4516 	DATA 	Keypress: lctrl
145.5470 	EXP 	Sound  started
146.1876 	DATA 	Keypress: lctrl
146.2970 	EXP 	Sound  started
146.9396 	DATA 	Keypress: rctrl
147.0471 	EXP 	Sound  started
147.7236 	DATA 	Keypress: rctrl
147.7971 	EXP 	Sound  started
148.4595 	DATA 	Keypress: lctrl
148.5471 	EXP 	Sound  started
149.2596 	DATA 	Keypress: lctrl
149.2971 	EXP 	Sound  started
149.9315 	DATA 	Keypress: lctrl
150.0471 	EXP 	Sound  started
150.6996 	DATA 	Keypress: rctrl
150.7971 	EXP 	Sound  started
151.4676 	DATA 	Keypress: rctrl
151.5472 	EXP 	Sound  started
152.2515 	DATA 	Keypress: rctrl
152.2972 	EXP 	Sound  started
152.9717 	DATA 	Keypress: rctrl
153.0472 	EXP 	Sound  started
153.7076 	DATA 	Keypress: rctrl
153.7972 	EXP 	Sound  started
154.3956 	DATA 	Keypress: lctrl
154.5472 	EXP 	Sound  started
155.1955 	DATA 	Keypress: rctrl
155.2972 	EXP 	Sound  started
155.9955 	DATA 	Keypress: lctrl
156.0472 	EXP 	Sound  started
156.7796 	DATA 	Keypress: lctrl
156.7973 	EXP 	Sound  started
157.4996 	DATA 	Keypress: lctrl
157.5473 	EXP 	Sound  started
158.2516 	DATA 	Keypress: lctrl
158.2973 	EXP 	Sound  started
158.9715 	DATA 	Keypress: lctrl
160.7812 	DATA 	Keypress: 4
160.8106 	EXP 	unnamed ShapeStim: vertices = <class 'numpy.ndarray'>
162.8791 	DATA 	Keypress: 1
162.8956 	EXP 	unnamed ShapeStim: vertices = <class 'numpy.ndarray'>
164.7812 	DATA 	Keypress: 4
164.7977 	EXP 	unnamed ShapeStim: vertices = <class 'numpy.ndarray'>
167.0819 	EXP 	Sound  started
167.7557 	DATA 	Keypress: lctrl
167.8318 	EXP 	Sound  started
168.5236 	DATA 	Keypress: rctrl
168.5818 	EXP 	Sound  started
169.2275 	DATA 	Keypress: rctrl
169.3318 	EXP 	Sound  started
169.9636 	DATA 	Keypress: rctrl
170.0818 	EXP 	Sound  started
170.7155 	DATA 	Keypress: rctrl
170.8318 	EXP 	Sound  started
171.4837 	DATA 	Keypress: rctrl
171.5819 	EXP 	Sound  started
172.2195 	DATA 	Keypress: lctrl
172.3319 	EXP 	Sound  started
173.0035 	DATA 	Keypress: lctrl
173.0819 	EXP 	Sound  started
173.8035 	DATA 	Keypress: rctrl
173.8319 	EXP 	Sound  started
174.4756 	DATA 	Keypress: lctrl
174.5819 	EXP 	Sound  started
175.2596 	DATA 	Keypress: rctrl
175.3319 	EXP 	Sound  started
175.9956 	DATA 	Keypress: lctrl
176.0820 	EXP 	Sound  started
176.7475 	DATA 	Keypress: lctrl
176.8320 	EXP 	Sound  started
177.4675 	DATA 	Keypress: lctrl
177.5820 	EXP 	Sound  started
178.2197 	DATA 	Keypress: rctrl
178.3320 	EXP 	Sound  started
178.9556 	DATA 	Keypress: rctrl
179.0820 	EXP 	Sound  started
179.6756 	DATA 	Keypress: rctrl
179.8320 	EXP 	Sound  started
180.4436 	DATA 	Keypress: rctrl
180.5821 	EXP 	Sound  started
181.1637 	DATA 	Keypress: rctrl
181.3321 	EXP 	Sound  started
181.9795 	DATA 	Keypress: rctrl
182.0821 	EXP 	Sound  started
182.7316 	DATA 	Keypress: rctrl
182.8321 	EXP 	Sound  started
183.5157 	DATA 	Keypress: lctrl
183.5821 	EXP 	Sound  started
184.2356 	DATA 	Keypress: rctrl
184.3321 	EXP 	Sound  started
185.0035 	DATA 	Keypress: lctrl
185.0821 	EXP 	Sound  started
185.7876 	DATA 	Keypress: lctrl
185.8322 	EXP 	Sound  started
186.5396 	DATA 	Keypress: lctrl
186.5822 	EXP 	Sound  started
187.2435 	DATA 	Keypress: lctrl
187.3322 	EXP 	Sound  started
188.0116 	DATA 	Keypress: lctrl
188.0822 	EXP 	Sound  started
188.7795 	DATA 	Keypress: lctrl
188.8322 	EXP 	Sound  started
189.5475 	DATA 	Keypress: rctrl
189.5822 	EXP 	Sound  started
190.2675 	DATA 	Keypress: lctrl
190.3322 	EXP 	Sound  started
191.0195 	DATA 	Keypress: rctrl
191.0822 	EXP 	Sound  started
191.8322 	EXP 	Sound  started
191.8515 	DATA 	Keypress: rctrl
192.5236 	DATA 	Keypress: rctrl
192.5823 	EXP 	Sound  started
193.2436 	DATA 	Keypress: rctrl
193.3323 	EXP 	Sound  started
194.0115 	DATA 	Keypress: rctrl
194.0823 	EXP 	Sound  started
194.7635 	DATA 	Keypress: rctrl
194.8323 	EXP 	Sound  started
195.4675 	DATA 	Keypress: lctrl
195.5823 	EXP 	Sound  started
196.2195 	DATA 	Keypress: lctrl
196.3323 	EXP 	Sound  started
196.9875 	DATA 	Keypress: lctrl
197.0823 	EXP 	Sound  started
197.7876 	DATA 	Keypress: lctrl
197.8324 	EXP 	Sound  started
198.4915 	DATA 	Keypress: rctrl
198.5824 	EXP 	Sound  started
199.2116 	DATA 	Keypress: rctrl
199.3324 	EXP 	Sound  started
200.0115 	DATA 	Keypress: lctrl
200.0824 	EXP 	Sound  started
200.7315 	DATA 	Keypress: lctrl
200.8324 	EXP 	Sound  started
201.5155 	DATA 	Keypress: lctrl
201.5824 	EXP 	Sound  started
202.2355 	DATA 	Keypress: rctrl
202.3324 	EXP 	Sound  started
203.0196 	DATA 	Keypress: lctrl
203.0824 	EXP 	Sound  started
203.7075 	DATA 	Keypress: lctrl
203.8325 	EXP 	Sound  started
204.4595 	DATA 	Keypress: lctrl
204.5825 	EXP 	Sound  started
205.2116 	DATA 	Keypress: lctrl
205.3325 	EXP 	Sound  started
205.9795 	DATA 	Keypress: lctrl
206.0825 	EXP 	Sound  started
206.7475 	DATA 	Keypress: lctrl
206.8325 	EXP 	Sound  started
207.5315 	DATA 	Keypress: rctrl
207.5825 	EXP 	Sound  started
208.2676 	DATA 	Keypress: lctrl
208.3325 	EXP 	Sound  started
209.0516 	DATA 	Keypress: rctrl
209.0826 	EXP 	Sound  started
209.7235 	DATA 	Keypress: lctrl
209.8326 	EXP 	Sound  started
210.5396 	DATA 	Keypress: rctrl
210.5826 	EXP 	Sound  started
211.2596 	DATA 	Keypress: rctrl
211.3326 	EXP 	Sound  started
212.0115 	DATA 	Keypress: rctrl
215.4555 	DATA 	Keypress: 4
215.4720 	EXP 	unnamed ShapeStim: vertices = <class 'numpy.ndarray'>
217.4409 	DATA 	Keypress: 1
217.4574 	EXP 	unnamed ShapeStim: vertices = <class 'numpy.ndarray'>
225.6471 	DATA 	Keypress: 4
225.6637 	EXP 	unnamed ShapeStim: vertices = <class 'numpy.ndarray'>
227.9486 	EXP 	Sound  started
228.1236 	DATA 	Keypress: lctrl
228.6836 	DATA 	Keypress: rctrl
228.6984 	EXP 	Sound  started
229.4036 	DATA 	Keypress: lctrl
229.4484 	EXP 	Sound  started
230.1395 	DATA 	Keypress: rctrl
230.1984 	EXP 	Sound  started
230.8755 	DATA 	Keypress: lctrl
230.9485 	EXP 	Sound  started
231.5635 	DATA 	Keypress: lctrl
231.6985 	EXP 	Sound  started
232.3476 	DATA 	Keypress: lctrl
232.4485 	EXP 	Sound  started
233.0676 	DATA 	Keypress: lctrl
233.1985 	EXP 	Sound  started
233.7875 	DATA 	Keypress: lctrl
233.9485 	EXP 	Sound  started
234.5875 	DATA 	Keypress: lctrl
234.6985 	EXP 	Sound  started
235.3875 	DATA 	Keypress: rctrl
235.4486 	EXP 	Sound  started
236.1395 	DATA 	Keypress: rctrl
236.1986 	EXP 	Sound  started
236.8915 	DATA 	Keypress: rctrl
236.9486 	EXP 	Sound  started
237.6276 	DATA 	Keypress: rctrl
237.6986 	EXP 	Sound  started
238.3315 	DATA 	Keypress: lctrl
238.4486 	EXP 	Sound  started
239.1475 	DATA 	Keypress: rctrl
239.1986 	EXP 	Sound  started
239.8996 	DATA 	Keypress: rctrl
239.9486 	EXP 	Sound  started
240.6355 	DATA 	Keypress: rctrl
240.6986 	EXP 	Sound  started
241.3396 	DATA 	Keypress: rctrl
241.4487 	EXP 	Sound  started
242.1235 	DATA 	Keypress: rctrl
242.1987 	EXP 	Sound  started
242.8915 	DATA 	Keypress: rctrl
242.9487 	EXP 	Sound  started
243.5796 	DATA 	Keypress: lctrl
243.6987 	EXP 	Sound  started
244.3956 	DATA 	Keypress: rctrl
244.4487 	EXP 	Sound  started
245.1155 	DATA 	Keypress: lctrl
245.1987 	EXP 	Sound  started
245.9156 	DATA 	Keypress: rctrl
245.9487 	EXP 	Sound  started
246.5875 	DATA 	Keypress: rctrl
246.6988 	EXP 	Sound  started
247.4195 	DATA 	Keypress: rctrl
247.4488 	EXP 	Sound  started
248.0915 	DATA 	Keypress: lctrl
248.1988 	EXP 	Sound  started
248.8275 	DATA 	Keypress: lctrl
248.9488 	EXP 	Sound  started
249.5795 	DATA 	Keypress: lctrl
249.6988 	EXP 	Sound  started
250.3315 	DATA 	Keypress: lctrl
250.4488 	EXP 	Sound  started
251.1315 	DATA 	Keypress: lctrl
251.1988 	EXP 	Sound  started
251.8996 	DATA 	Keypress: rctrl
251.9488 	EXP 	Sound  started
252.6035 	DATA 	Keypress: rctrl
252.6989 	EXP 	Sound  started
253.3875 	DATA 	Keypress: rctrl
253.4489 	EXP 	Sound  started
254.1235 	DATA 	Keypress: rctrl
254.1989 	EXP 	Sound  started
254.8596 	DATA 	Keypress: rctrl
254.9489 	EXP 	Sound  started
255.6436 	DATA 	Keypress: rctrl
255.6989 	EXP 	Sound  started
256.3795 	DATA 	Keypress: rctrl
256.4489 	EXP 	Sound  started
257.1635 	DATA 	Keypress: rctrl
257.1990 	EXP 	Sound  started
257.8995 	DATA 	Keypress: rctrl
257.9490 	EXP 	Sound  started
258.6675 	DATA 	Keypress: lctrl
258.6990 	EXP 	Sound  started
259.4035 	DATA 	Keypress: rctrl
259.4490 	EXP 	Sound  started
260.1716 	DATA 	Keypress: lctrl
260.1990 	EXP 	Sound  started
260.8915 	DATA 	Keypress: lctrl
260.9490 	EXP 	Sound  started
261.6755 	DATA 	Keypress: lctrl
261.6990 	EXP 	Sound  started
262.4490 	EXP 	Sound  started
262.4595 	DATA 	Keypress: rctrl
263.1474 	DATA 	Keypress: rctrl
263.1991 	EXP 	Sound  started
263.9154 	DATA 	Keypress: lctrl
263.9491 	EXP 	Sound  started
264.6354 	DATA 	Keypress: rctrl
264.6991 	EXP 	Sound  started
265.3875 	DATA 	Keypress: rctrl
265.4491 	EXP 	Sound  started
266.1235 	DATA 	Keypress: rctrl
266.1991 	EXP 	Sound  started
266.8435 	DATA 	Keypress: lctrl
266.9491 	EXP 	Sound  started
267.5955 	DATA 	Keypress: lctrl
267.6991 	EXP 	Sound  started
268.3475 	DATA 	Keypress: lctrl
268.4492 	EXP 	Sound  started
269.0995 	DATA 	Keypress: lctrl
269.1992 	EXP 	Sound  started
269.8516 	DATA 	Keypress: lctrl
269.9492 	EXP 	Sound  started
270.5876 	DATA 	Keypress: rctrl
270.6992 	EXP 	Sound  started
271.2916 	DATA 	Keypress: lctrl
271.4492 	EXP 	Sound  started
272.1075 	DATA 	Keypress: rctrl
272.1992 	EXP 	Sound  started
272.9075 	DATA 	Keypress: rctrl
272.9492 	EXP 	Sound  started
273.6115 	DATA 	Keypress: rctrl
273.6993 	EXP 	Sound  started
274.4116 	DATA 	Keypress: rctrl
274.4493 	EXP 	Sound  started
275.1315 	DATA 	Keypress: rctrl
275.1993 	EXP 	Sound  started
275.8835 	DATA 	Keypress: rctrl
275.9493 	EXP 	Sound  started
276.6195 	DATA 	Keypress: lctrl
276.6993 	EXP 	Sound  started
277.3874 	DATA 	Keypress: rctrl
277.4493 	EXP 	Sound  started
278.1235 	DATA 	Keypress: lctrl
278.1993 	EXP 	Sound  started
278.9074 	DATA 	Keypress: lctrl
278.9493 	EXP 	Sound  started
279.6434 	DATA 	Keypress: lctrl
279.6994 	EXP 	Sound  started
280.3955 	DATA 	Keypress: lctrl
280.4494 	EXP 	Sound  started
281.1155 	DATA 	Keypress: lctrl
281.1994 	EXP 	Sound  started
281.8835 	DATA 	Keypress: rctrl
281.9494 	EXP 	Sound  started
282.5875 	DATA 	Keypress: rctrl
282.6994 	EXP 	Sound  started
283.3395 	DATA 	Keypress: rctrl
283.4494 	EXP 	Sound  started
284.1555 	DATA 	Keypress: rctrl
284.1995 	EXP 	Sound  started
284.9234 	DATA 	Keypress: lctrl
284.9495 	EXP 	Sound  started
285.6595 	DATA 	Keypress: lctrl
285.6995 	EXP 	Sound  started
286.3635 	DATA 	Keypress: lctrl
286.4495 	EXP 	Sound  started
287.0675 	DATA 	Keypress: lctrl
287.1995 	EXP 	Sound  started
287.7874 	DATA 	Keypress: lctrl
287.9495 	EXP 	Sound  started
288.6354 	DATA 	Keypress: lctrl
288.6995 	EXP 	Sound  started
289.3715 	DATA 	Keypress: rctrl
289.4495 	EXP 	Sound  started
290.1555 	DATA 	Keypress: rctrl
290.1996 	EXP 	Sound  started
290.8916 	DATA 	Keypress: rctrl
290.9496 	EXP 	Sound  started
291.6115 	DATA 	Keypress: rctrl
291.6996 	EXP 	Sound  started
292.3795 	DATA 	Keypress: rctrl
292.4496 	EXP 	Sound  started
293.1795 	DATA 	Keypress: rctrl
293.1996 	EXP 	Sound  started
293.8994 	DATA 	Keypress: rctrl
293.9496 	EXP 	Sound  started
294.6035 	DATA 	Keypress: lctrl
298.1269 	DATA 	Keypress: 4
298.1563 	EXP 	unnamed ShapeStim: vertices = <class 'numpy.ndarray'>
309.1157 	DATA 	Keypress: 3
309.1320 	EXP 	unnamed ShapeStim: vertices = <class 'numpy.ndarray'>
313.9694 	DATA 	Keypress: 4
313.9860 	EXP 	unnamed ShapeStim: vertices = <class 'numpy.ndarray'>
316.2707 	EXP 	Sound  started
316.4435 	DATA 	Keypress: rctrl
317.0194 	DATA 	Keypress: lctrl
317.0205 	EXP 	Sound  started
317.6755 	DATA 	Keypress: rctrl
317.7705 	EXP 	Sound  started
318.4275 	DATA 	Keypress: rctrl
318.5205 	EXP 	Sound  started
319.1794 	DATA 	Keypress: rctrl
319.2706 	EXP 	Sound  started
319.9474 	DATA 	Keypress: lctrl
320.0206 	EXP 	Sound  started
320.7154 	DATA 	Keypress: rctrl
320.7706 	EXP 	Sound  started
321.4514 	DATA 	Keypress: lctrl
321.5206 	EXP 	Sound  started
322.1395 	DATA 	Keypress: lctrl
322.2706 	EXP 	Sound  started
322.9395 	DATA 	Keypress: lctrl
323.0207 	EXP 	Sound  started
323.6434 	DATA 	Keypress: lctrl
323.7706 	EXP 	Sound  started
324.4275 	DATA 	Keypress: rctrl
324.5207 	EXP 	Sound  started
325.1314 	DATA 	Keypress: rctrl
325.2707 	EXP 	Sound  started
325.9315 	DATA 	Keypress: rctrl
326.0207 	EXP 	Sound  started
326.6354 	DATA 	Keypress: rctrl
326.7707 	EXP 	Sound  started
327.3715 	DATA 	Keypress: rctrl
327.5207 	EXP 	Sound  started
328.1874 	DATA 	Keypress: rctrl
328.2707 	EXP 	Sound  started
328.9555 	DATA 	Keypress: rctrl
329.0207 	EXP 	Sound  started
329.6914 	DATA 	Keypress: rctrl
329.7708 	EXP 	Sound  started
330.4755 	DATA 	Keypress: lctrl
330.5208 	EXP 	Sound  started
331.2114 	DATA 	Keypress: lctrl
331.2708 	EXP 	Sound  started
331.9794 	DATA 	Keypress: rctrl
332.0208 	EXP 	Sound  started
332.6834 	DATA 	Keypress: rctrl
332.7708 	EXP 	Sound  started
333.3874 	DATA 	Keypress: rctrl
333.5208 	EXP 	Sound  started
334.1875 	DATA 	Keypress: lctrl
334.2708 	EXP 	Sound  started
334.9394 	DATA 	Keypress: rctrl
335.0208 	EXP 	Sound  started
335.7235 	DATA 	Keypress: lctrl
335.7709 	EXP 	Sound  started
336.4435 	DATA 	Keypress: rctrl
336.5209 	EXP 	Sound  started
337.1475 	DATA 	Keypress: lctrl
337.2709 	EXP 	Sound  started
337.9475 	DATA 	Keypress: lctrl
338.0209 	EXP 	Sound  started
338.6514 	DATA 	Keypress: lctrl
338.7709 	EXP 	Sound  started
339.4514 	DATA 	Keypress: lctrl
339.5209 	EXP 	Sound  started
340.2194 	DATA 	Keypress: rctrl
340.2710 	EXP 	Sound  started
340.9554 	DATA 	Keypress: rctrl
341.0210 	EXP 	Sound  started
341.7394 	DATA 	Keypress: rctrl
341.7710 	EXP 	Sound  started
342.4754 	DATA 	Keypress: rctrl
342.5210 	EXP 	Sound  started
343.2434 	DATA 	Keypress: rctrl
343.2710 	EXP 	Sound  started
343.9154 	DATA 	Keypress: lctrl
344.0210 	EXP 	Sound  started
344.6835 	DATA 	Keypress: lctrl
344.7710 	EXP 	Sound  started
345.4195 	DATA 	Keypress: lctrl
345.5211 	EXP 	Sound  started
346.1554 	DATA 	Keypress: lctrl
346.2711 	EXP 	Sound  started
346.8914 	DATA 	Keypress: lctrl
347.0211 	EXP 	Sound  started
347.6754 	DATA 	Keypress: lctrl
347.7711 	EXP 	Sound  started
348.4755 	DATA 	Keypress: lctrl
348.5211 	EXP 	Sound  started
349.2711 	EXP 	Sound  started
349.2754 	DATA 	Keypress: rctrl
349.9794 	DATA 	Keypress: lctrl
350.0211 	EXP 	Sound  started
350.7474 	DATA 	Keypress: rctrl
350.7711 	EXP 	Sound  started
351.4514 	DATA 	Keypress: rctrl
351.5212 	EXP 	Sound  started
352.2035 	DATA 	Keypress: rctrl
352.2712 	EXP 	Sound  started
352.9395 	DATA 	Keypress: rctrl
353.0212 	EXP 	Sound  started
353.6755 	DATA 	Keypress: rctrl
353.7712 	EXP 	Sound  started
354.3954 	DATA 	Keypress: rctrl
354.5212 	EXP 	Sound  started
355.1954 	DATA 	Keypress: lctrl
355.2712 	EXP 	Sound  started
355.9794 	DATA 	Keypress: rctrl
356.0212 	EXP 	Sound  started
356.7154 	DATA 	Keypress: lctrl
356.7713 	EXP 	Sound  started
357.4514 	DATA 	Keypress: lctrl
357.5213 	EXP 	Sound  started
358.1555 	DATA 	Keypress: lctrl
358.2713 	EXP 	Sound  started
358.9555 	DATA 	Keypress: rctrl
359.0213 	EXP 	Sound  started
359.6594 	DATA 	Keypress: rctrl
359.7713 	EXP 	Sound  started
360.4275 	DATA 	Keypress: lctrl
360.5214 	EXP 	Sound  started
361.2114 	DATA 	Keypress: rctrl
367.4799 	DATA 	Keypress: 4
367.4965 	EXP 	unnamed ShapeStim: vertices = <class 'numpy.ndarray'>
374.7693 	DATA 	Keypress: 4
374.7857 	EXP 	unnamed ShapeStim: vertices = <class 'numpy.ndarray'>
379.6232 	DATA 	Keypress: 4
379.6397 	EXP 	unnamed ShapeStim: vertices = <class 'numpy.ndarray'>
381.9246 	EXP 	Sound  started
381.9635 	DATA 	Keypress: lctrl
382.6194 	DATA 	Keypress: rctrl
382.6744 	EXP 	Sound  started
383.3394 	DATA 	Keypress: lctrl
383.4244 	EXP 	Sound  started
384.1074 	DATA 	Keypress: rctrl
384.1744 	EXP 	Sound  started
384.8114 	DATA 	Keypress: lctrl
384.9245 	EXP 	Sound  started
385.5475 	DATA 	Keypress: lctrl
385.6745 	EXP 	Sound  started
386.3794 	DATA 	Keypress: lctrl
386.4245 	EXP 	Sound  started
387.1154 	DATA 	Keypress: rctrl
387.1745 	EXP 	Sound  started
387.7874 	DATA 	Keypress: rctrl
387.9245 	EXP 	Sound  started
388.5874 	DATA 	Keypress: rctrl
388.6745 	EXP 	Sound  started
389.3234 	DATA 	Keypress: rctrl
389.4246 	EXP 	Sound  started
390.0914 	DATA 	Keypress: rctrl
390.1746 	EXP 	Sound  started
390.8434 	DATA 	Keypress: rctrl
390.9246 	EXP 	Sound  started
391.5955 	DATA 	Keypress: rctrl
391.6746 	EXP 	Sound  started
392.3794 	DATA 	Keypress: lctrl
392.4247 	EXP 	Sound  started
393.1155 	DATA 	Keypress: lctrl
393.1747 	EXP 	Sound  started
393.8514 	DATA 	Keypress: lctrl
393.9247 	EXP 	Sound  started
394.6354 	DATA 	Keypress: rctrl
394.6747 	EXP 	Sound  started
395.3075 	DATA 	Keypress: lctrl
395.4248 	EXP 	Sound  started
396.0754 	DATA 	Keypress: rctrl
396.1748 	EXP 	Sound  started
396.8114 	DATA 	Keypress: rctrl
396.9248 	EXP 	Sound  started
397.5635 	DATA 	Keypress: rctrl
397.6748 	EXP 	Sound  started
398.3475 	DATA 	Keypress: rctrl
398.4248 	EXP 	Sound  started
399.0354 	DATA 	Keypress: lctrl
399.1748 	EXP 	Sound  started
399.7714 	DATA 	Keypress: lctrl
399.9248 	EXP 	Sound  started
400.5554 	DATA 	Keypress: lctrl
400.6748 	EXP 	Sound  started
401.3554 	DATA 	Keypress: lctrl
401.4248 	EXP 	Sound  started
402.1074 	DATA 	Keypress: lctrl
402.1749 	EXP 	Sound  started
402.8274 	DATA 	Keypress: lctrl
402.9249 	EXP 	Sound  started
403.5634 	DATA 	Keypress: rctrl
403.6749 	EXP 	Sound  started
404.3474 	DATA 	Keypress: rctrl
404.4249 	EXP 	Sound  started
405.0834 	DATA 	Keypress: rctrl
405.1749 	EXP 	Sound  started
405.7715 	DATA 	Keypress: lctrl
405.9249 	EXP 	Sound  started
406.5234 	DATA 	Keypress: lctrl
406.6749 	EXP 	Sound  started
407.3874 	DATA 	Keypress: rctrl
407.4249 	EXP 	Sound  started
408.1074 	DATA 	Keypress: lctrl
408.1750 	EXP 	Sound  started
408.8115 	DATA 	Keypress: lctrl
408.9250 	EXP 	Sound  started
409.5474 	DATA 	Keypress: lctrl
409.6750 	EXP 	Sound  started
410.3314 	DATA 	Keypress: lctrl
410.4250 	EXP 	Sound  started
411.0674 	DATA 	Keypress: rctrl
411.1750 	EXP 	Sound  started
411.8354 	DATA 	Keypress: rctrl
411.9250 	EXP 	Sound  started
412.5874 	DATA 	Keypress: rctrl
412.6751 	EXP 	Sound  started
413.3076 	DATA 	Keypress: lctrl
413.4251 	EXP 	Sound  started
414.0434 	DATA 	Keypress: lctrl
414.1751 	EXP 	Sound  started
414.8594 	DATA 	Keypress: rctrl
414.9251 	EXP 	Sound  started
415.5954 	DATA 	Keypress: rctrl
415.6751 	EXP 	Sound  started
416.3154 	DATA 	Keypress: lctrl
416.4251 	EXP 	Sound  started
417.0674 	DATA 	Keypress: lctrl
417.1751 	EXP 	Sound  started
417.8355 	DATA 	Keypress: lctrl
417.9251 	EXP 	Sound  started
418.5394 	DATA 	Keypress: lctrl
418.6751 	EXP 	Sound  started
419.2755 	DATA 	Keypress: lctrl
419.4252 	EXP 	Sound  started
420.0274 	DATA 	Keypress: lctrl
420.1752 	EXP 	Sound  started
420.8115 	DATA 	Keypress: lctrl
420.9252 	EXP 	Sound  started
421.6274 	DATA 	Keypress: lctrl
421.6752 	EXP 	Sound  started
422.3796 	DATA 	Keypress: rctrl
422.4252 	EXP 	Sound  started
423.1154 	DATA 	Keypress: rctrl
423.1752 	EXP 	Sound  started
423.8354 	DATA 	Keypress: rctrl
423.9252 	EXP 	Sound  started
424.5554 	DATA 	Keypress: lctrl
424.6753 	EXP 	Sound  started
425.2594 	DATA 	Keypress: lctrl
425.4253 	EXP 	Sound  started
425.9634 	DATA 	Keypress: lctrl
426.1753 	EXP 	Sound  started
426.7795 	DATA 	Keypress: lctrl
429.2305 	DATA 	Keypress: 4
429.2470 	EXP 	unnamed ShapeStim: vertices = <class 'numpy.ndarray'>
433.0374 	DATA 	Keypress: 1
433.0668 	EXP 	unnamed ShapeStim: vertices = <class 'numpy.ndarray'>
436.6867 	DATA 	Keypress: 4
436.7031 	EXP 	unnamed ShapeStim: vertices = <class 'numpy.ndarray'>
438.9886 	EXP 	Sound  started
439.1475 	DATA 	Keypress: lctrl
439.7384 	EXP 	Sound  started
439.7393 	DATA 	Keypress: rctrl
440.4594 	DATA 	Keypress: lctrl
440.4885 	EXP 	Sound  started
441.1954 	DATA 	Keypress: rctrl
441.2385 	EXP 	Sound  started
441.9473 	DATA 	Keypress: lctrl
441.9885 	EXP 	Sound  started
442.6514 	DATA 	Keypress: lctrl
442.7385 	EXP 	Sound  started
443.4033 	DATA 	Keypress: lctrl
443.4885 	EXP 	Sound  started
444.1233 	DATA 	Keypress: lctrl
444.2385 	EXP 	Sound  started
444.8753 	DATA 	Keypress: rctrl
444.9885 	EXP 	Sound  started
445.6434 	DATA 	Keypress: rctrl
445.7386 	EXP 	Sound  started
446.4114 	DATA 	Keypress: rctrl
446.4886 	EXP 	Sound  started
447.1794 	DATA 	Keypress: rctrl
447.2386 	EXP 	Sound  started
447.9474 	DATA 	Keypress: rctrl
447.9886 	EXP 	Sound  started
448.6354 	DATA 	Keypress: lctrl
448.7386 	EXP 	Sound  started
449.4194 	DATA 	Keypress: lctrl
449.4886 	EXP 	Sound  started
450.2034 	DATA 	Keypress: rctrl
450.2386 	EXP 	Sound  started
450.8594 	DATA 	Keypress: rctrl
450.9887 	EXP 	Sound  started
451.6114 	DATA 	Keypress: rctrl
451.7387 	EXP 	Sound  started
452.3954 	DATA 	Keypress: rctrl
452.4887 	EXP 	Sound  started
453.1314 	DATA 	Keypress: lctrl
453.2387 	EXP 	Sound  started
453.8513 	DATA 	Keypress: lctrl
453.9887 	EXP 	Sound  started
454.6034 	DATA 	Keypress: lctrl
454.7387 	EXP 	Sound  started
455.4355 	DATA 	Keypress: lctrl
455.4888 	EXP 	Sound  started
456.1874 	DATA 	Keypress: lctrl
456.2388 	EXP 	Sound  started
456.9235 	DATA 	Keypress: lctrl
456.9888 	EXP 	Sound  started
457.6593 	DATA 	Keypress: rctrl
457.7388 	EXP 	Sound  started
458.4434 	DATA 	Keypress: lctrl
458.4888 	EXP 	Sound  started
459.1793 	DATA 	Keypress: rctrl
459.2388 	EXP 	Sound  started
459.8994 	DATA 	Keypress: rctrl
459.9888 	EXP 	Sound  started
460.6353 	DATA 	Keypress: rctrl
460.7388 	EXP 	Sound  started
461.3874 	DATA 	Keypress: lctrl
461.4888 	EXP 	Sound  started
462.1554 	DATA 	Keypress: rctrl
462.2389 	EXP 	Sound  started
462.8914 	DATA 	Keypress: lctrl
462.9889 	EXP 	Sound  started
463.6754 	DATA 	Keypress: lctrl
463.7389 	EXP 	Sound  started
464.4114 	DATA 	Keypress: lctrl
464.4889 	EXP 	Sound  started
465.1154 	DATA 	Keypress: lctrl
465.2389 	EXP 	Sound  started
465.9314 	DATA 	Keypress: rctrl
465.9889 	EXP 	Sound  started
466.6673 	DATA 	Keypress: rctrl
466.7389 	EXP 	Sound  started
467.3714 	DATA 	Keypress: rctrl
467.4890 	EXP 	Sound  started
468.2034 	DATA 	Keypress: rctrl
468.2390 	EXP 	Sound  started
468.9394 	DATA 	Keypress: rctrl
468.9890 	EXP 	Sound  started
469.6913 	DATA 	Keypress: rctrl
469.7390 	EXP 	Sound  started
470.3795 	DATA 	Keypress: rctrl
470.4890 	EXP 	Sound  started
471.0994 	DATA 	Keypress: lctrl
471.2390 	EXP 	Sound  started
471.9634 	DATA 	Keypress: lctrl
471.9890 	EXP 	Sound  started
472.7391 	EXP 	Sound  started
472.7474 	DATA 	Keypress: rctrl
473.4193 	DATA 	Keypress: rctrl
473.4891 	EXP 	Sound  started
474.1714 	DATA 	Keypress: rctrl
474.2391 	EXP 	Sound  started
474.8914 	DATA 	Keypress: rctrl
474.9891 	EXP 	Sound  started
475.6274 	DATA 	Keypress: rctrl
475.7391 	EXP 	Sound  started
476.3634 	DATA 	Keypress: lctrl
476.4891 	EXP 	Sound  started
477.1633 	DATA 	Keypress: lctrl
477.2391 	EXP 	Sound  started
477.9314 	DATA 	Keypress: rctrl
477.9892 	EXP 	Sound  started
478.6193 	DATA 	Keypress: rctrl
478.7392 	EXP 	Sound  started
479.4194 	DATA 	Keypress: rctrl
479.4892 	EXP 	Sound  started
480.1234 	DATA 	Keypress: lctrl
480.2392 	EXP 	Sound  started
480.9892 	EXP 	Sound  started
481.0354 	DATA 	Keypress: rctrl
481.6434 	DATA 	Keypress: lctrl
481.7392 	EXP 	Sound  started
482.4274 	DATA 	Keypress: rctrl
482.4892 	EXP 	Sound  started
483.1794 	DATA 	Keypress: lctrl
483.2393 	EXP 	Sound  started
483.8514 	DATA 	Keypress: lctrl
483.9893 	EXP 	Sound  started
484.6674 	DATA 	Keypress: lctrl
484.7393 	EXP 	Sound  started
485.3553 	DATA 	Keypress: lctrl
485.4893 	EXP 	Sound  started
486.1234 	DATA 	Keypress: lctrl
486.2393 	EXP 	Sound  started
486.8754 	DATA 	Keypress: rctrl
486.9893 	EXP 	Sound  started
487.6113 	DATA 	Keypress: rctrl
487.7394 	EXP 	Sound  started
488.3473 	DATA 	Keypress: rctrl
488.4894 	EXP 	Sound  started
489.1474 	DATA 	Keypress: rctrl
492.1320 	DATA 	Keypress: 4
492.1485 	EXP 	unnamed ShapeStim: vertices = <class 'numpy.ndarray'>
494.5006 	DATA 	Keypress: 1
494.5171 	EXP 	unnamed ShapeStim: vertices = <class 'numpy.ndarray'>
497.3029 	DATA 	Keypress: 4
497.3194 	EXP 	unnamed ShapeStim: vertices = <class 'numpy.ndarray'>
499.6037 	EXP 	Sound  started
499.6046 	DATA 	Keypress: lctrl
500.2513 	DATA 	Keypress: rctrl
500.3536 	EXP 	Sound  started
501.0673 	DATA 	Keypress: lctrl
501.1036 	EXP 	Sound  started
501.7394 	DATA 	Keypress: lctrl
501.8536 	EXP 	Sound  started
502.4753 	DATA 	Keypress: lctrl
502.6038 	EXP 	Sound  started
503.2595 	DATA 	Keypress: lctrl
503.3538 	EXP 	Sound  started
503.9953 	DATA 	Keypress: lctrl
504.1038 	EXP 	Sound  started
504.7634 	DATA 	Keypress: lctrl
504.8538 	EXP 	Sound  started
505.4834 	DATA 	Keypress: lctrl
505.6039 	EXP 	Sound  started
506.2514 	DATA 	Keypress: rctrl
506.3539 	EXP 	Sound  started
506.9873 	DATA 	Keypress: rctrl
507.1039 	EXP 	Sound  started
507.7714 	DATA 	Keypress: rctrl
507.8539 	EXP 	Sound  started
508.4754 	DATA 	Keypress: lctrl
508.6039 	EXP 	Sound  started
509.1954 	DATA 	Keypress: lctrl
509.3539 	EXP 	Sound  started
509.9154 	DATA 	Keypress: lctrl
510.1039 	EXP 	Sound  started
510.7153 	DATA 	Keypress: lctrl
510.8540 	EXP 	Sound  started
511.4833 	DATA 	Keypress: lctrl
511.6040 	EXP 	Sound  started
512.2353 	DATA 	Keypress: rctrl
512.3540 	EXP 	Sound  started
512.9874 	DATA 	Keypress: rctrl
513.1040 	EXP 	Sound  started
513.7234 	DATA 	Keypress: rctrl
513.8540 	EXP 	Sound  started
514.4753 	DATA 	Keypress: rctrl
514.6040 	EXP 	Sound  started
515.2754 	DATA 	Keypress: rctrl
515.3541 	EXP 	Sound  started
515.9474 	DATA 	Keypress: rctrl
516.1041 	EXP 	Sound  started
516.7153 	DATA 	Keypress: lctrl
516.8541 	EXP 	Sound  started
517.4673 	DATA 	Keypress: lctrl
517.6041 	EXP 	Sound  started
518.2354 	DATA 	Keypress: lctrl
518.3541 	EXP 	Sound  started
518.9393 	DATA 	Keypress: rctrl
519.1041 	EXP 	Sound  started
519.8514 	DATA 	Keypress: lctrl
519.8541 	EXP 	Sound  started
520.5554 	DATA 	Keypress: lctrl
520.6041 	EXP 	Sound  started
521.2433 	DATA 	Keypress: rctrl
521.3542 	EXP 	Sound  started
522.0113 	DATA 	Keypress: rctrl
522.1042 	EXP 	Sound  started
522.7633 	DATA 	Keypress: rctrl
522.8542 	EXP 	Sound  started
523.5154 	DATA 	Keypress: rctrl
523.6042 	EXP 	Sound  started
524.2994 	DATA 	Keypress: lctrl
524.3542 	EXP 	Sound  started
525.0195 	DATA 	Keypress: lctrl
525.1042 	EXP 	Sound  started
525.7393 	DATA 	Keypress: lctrl
525.8542 	EXP 	Sound  started
526.5074 	DATA 	Keypress: lctrl
526.6043 	EXP 	Sound  started
527.2274 	DATA 	Keypress: lctrl
527.3543 	EXP 	Sound  started
527.9313 	DATA 	Keypress: lctrl
528.1043 	EXP 	Sound  started
528.6674 	DATA 	Keypress: lctrl
528.8543 	EXP 	Sound  started
529.4834 	DATA 	Keypress: lctrl
529.6043 	EXP 	Sound  started
530.2513 	DATA 	Keypress: lctrl
530.3543 	EXP 	Sound  started
531.0354 	DATA 	Keypress: rctrl
531.1043 	EXP 	Sound  started
531.8514 	DATA 	Keypress: rctrl
531.8544 	EXP 	Sound  started
532.5554 	DATA 	Keypress: rctrl
532.6044 	EXP 	Sound  started
533.2913 	DATA 	Keypress: rctrl
533.3544 	EXP 	Sound  started
534.0593 	DATA 	Keypress: rctrl
534.1044 	EXP 	Sound  started
534.6993 	DATA 	Keypress: lctrl
534.8544 	EXP 	Sound  started
535.5153 	DATA 	Keypress: lctrl
535.6044 	EXP 	Sound  started
536.2673 	DATA 	Keypress: lctrl
536.3544 	EXP 	Sound  started
537.0353 	DATA 	Keypress: rctrl
537.1044 	EXP 	Sound  started
537.8033 	DATA 	Keypress: rctrl
537.8545 	EXP 	Sound  started
538.5553 	DATA 	Keypress: rctrl
538.6045 	EXP 	Sound  started
539.2754 	DATA 	Keypress: rctrl
539.3545 	EXP 	Sound  started
540.0113 	DATA 	Keypress: rctrl
540.1045 	EXP 	Sound  started
540.7314 	DATA 	Keypress: rctrl
540.8545 	EXP 	Sound  started
541.4833 	DATA 	Keypress: rctrl
541.6045 	EXP 	Sound  started
542.2514 	DATA 	Keypress: rctrl
542.3546 	EXP 	Sound  started
542.9393 	DATA 	Keypress: lctrl
543.1046 	EXP 	Sound  started
543.7713 	DATA 	Keypress: rctrl
543.8546 	EXP 	Sound  started
544.5393 	DATA 	Keypress: lctrl
544.6046 	EXP 	Sound  started
545.2434 	DATA 	Keypress: lctrl
545.3546 	EXP 	Sound  started
546.0433 	DATA 	Keypress: rctrl
546.1046 	EXP 	Sound  started
546.7633 	DATA 	Keypress: rctrl
546.8546 	EXP 	Sound  started
547.4674 	DATA 	Keypress: lctrl
547.6046 	EXP 	Sound  started
548.2354 	DATA 	Keypress: lctrl
548.3546 	EXP 	Sound  started
548.9553 	DATA 	Keypress: lctrl
549.1047 	EXP 	Sound  started
549.6914 	DATA 	Keypress: lctrl
549.8547 	EXP 	Sound  started
550.5233 	DATA 	Keypress: lctrl
550.6047 	EXP 	Sound  started
551.2274 	DATA 	Keypress: lctrl
551.3547 	EXP 	Sound  started
552.0274 	DATA 	Keypress: rctrl
552.1047 	EXP 	Sound  started
552.6834 	DATA 	Keypress: lctrl
552.8547 	EXP 	Sound  started
553.4993 	DATA 	Keypress: rctrl
553.6047 	EXP 	Sound  started
554.2353 	DATA 	Keypress: rctrl
554.3548 	EXP 	Sound  started
554.9553 	DATA 	Keypress: rctrl
555.1048 	EXP 	Sound  started
555.7233 	DATA 	Keypress: rctrl
555.8548 	EXP 	Sound  started
556.4914 	DATA 	Keypress: rctrl
556.6048 	EXP 	Sound  started
557.1953 	DATA 	Keypress: lctrl
557.3548 	EXP 	Sound  started
557.9634 	DATA 	Keypress: lctrl
558.1048 	EXP 	Sound  started
558.6994 	DATA 	Keypress: lctrl
558.8549 	EXP 	Sound  started
559.4673 	DATA 	Keypress: lctrl
559.6049 	EXP 	Sound  started
560.3153 	DATA 	Keypress: rctrl
560.3549 	EXP 	Sound  started
561.0193 	DATA 	Keypress: rctrl
563.5071 	DATA 	Keypress: 4
563.5236 	EXP 	unnamed ShapeStim: vertices = <class 'numpy.ndarray'>
574.3660 	DATA 	Keypress: 3
574.3825 	EXP 	unnamed ShapeStim: vertices = <class 'numpy.ndarray'>
582.4763 	DATA 	Keypress: 4
582.5058 	EXP 	unnamed ShapeStim: vertices = <class 'numpy.ndarray'>
584.7910 	EXP 	Sound  started
584.7919 	DATA 	Keypress: lctrl
585.4834 	DATA 	Keypress: rctrl
585.5409 	EXP 	Sound  started
586.2033 	DATA 	Keypress: lctrl
586.2909 	EXP 	Sound  started
586.9874 	DATA 	Keypress: lctrl
587.0409 	EXP 	Sound  started
587.7073 	DATA 	Keypress: lctrl
587.7909 	EXP 	Sound  started
588.4593 	DATA 	Keypress: lctrl
588.5409 	EXP 	Sound  started
589.2114 	DATA 	Keypress: rctrl
589.2909 	EXP 	Sound  started
589.9472 	DATA 	Keypress: rctrl
590.0409 	EXP 	Sound  started
590.7153 	DATA 	Keypress: lctrl
590.7910 	EXP 	Sound  started
591.3873 	DATA 	Keypress: lctrl
591.5410 	EXP 	Sound  started
592.1233 	DATA 	Keypress: lctrl
592.2910 	EXP 	Sound  started
592.8914 	DATA 	Keypress: lctrl
593.0410 	EXP 	Sound  started
593.6753 	DATA 	Keypress: lctrl
593.7910 	EXP 	Sound  started
594.4274 	DATA 	Keypress: lctrl
594.5410 	EXP 	Sound  started
595.1473 	DATA 	Keypress: rctrl
595.2910 	EXP 	Sound  started
595.9313 	DATA 	Keypress: rctrl
596.0410 	EXP 	Sound  started
596.7473 	DATA 	Keypress: lctrl
596.7911 	EXP 	Sound  started
597.4353 	DATA 	Keypress: lctrl
597.5411 	EXP 	Sound  started
598.1233 	DATA 	Keypress: lctrl
598.2911 	EXP 	Sound  started
598.8913 	DATA 	Keypress: lctrl
599.0411 	EXP 	Sound  started
599.6272 	DATA 	Keypress: lctrl
599.7911 	EXP 	Sound  started
600.4434 	DATA 	Keypress: lctrl
600.5411 	EXP 	Sound  started
601.1952 	DATA 	Keypress: rctrl
601.2912 	EXP 	Sound  started
601.9314 	DATA 	Keypress: rctrl
602.0412 	EXP 	Sound  started
602.7153 	DATA 	Keypress: rctrl
602.7912 	EXP 	Sound  started
603.4673 	DATA 	Keypress: rctrl
603.5412 	EXP 	Sound  started
604.2353 	DATA 	Keypress: rctrl
604.2912 	EXP 	Sound  started
605.0033 	DATA 	Keypress: rctrl
605.0412 	EXP 	Sound  started
605.6593 	DATA 	Keypress: lctrl
605.7912 	EXP 	Sound  started
606.3953 	DATA 	Keypress: lctrl
606.5412 	EXP 	Sound  started
607.1794 	DATA 	Keypress: rctrl
607.2913 	EXP 	Sound  started
607.9153 	DATA 	Keypress: rctrl
608.0413 	EXP 	Sound  started
608.6833 	DATA 	Keypress: lctrl
608.7913 	EXP 	Sound  started
609.4673 	DATA 	Keypress: lctrl
609.5413 	EXP 	Sound  started
610.2033 	DATA 	Keypress: lctrl
610.2913 	EXP 	Sound  started
610.9073 	DATA 	Keypress: rctrl
611.0413 	EXP 	Sound  started
611.6753 	DATA 	Keypress: rctrl
611.7913 	EXP 	Sound  started
612.4273 	DATA 	Keypress: rctrl
612.5414 	EXP 	Sound  started
613.2273 	DATA 	Keypress: rctrl
613.2914 	EXP 	Sound  started
613.8992 	DATA 	Keypress: lctrl
614.0414 	EXP 	Sound  started
614.6673 	DATA 	Keypress: lctrl
614.7914 	EXP 	Sound  started
615.4033 	DATA 	Keypress: lctrl
615.5414 	EXP 	Sound  started
616.1712 	DATA 	Keypress: lctrl
616.2914 	EXP 	Sound  started
616.9552 	DATA 	Keypress: lctrl
617.0414 	EXP 	Sound  started
617.6912 	DATA 	Keypress: lctrl
617.7914 	EXP 	Sound  started
618.4592 	DATA 	Keypress: lctrl
618.5415 	EXP 	Sound  started
619.1954 	DATA 	Keypress: lctrl
619.2915 	EXP 	Sound  started
619.9792 	DATA 	Keypress: rctrl
620.0415 	EXP 	Sound  started
620.6673 	DATA 	Keypress: rctrl
620.7915 	EXP 	Sound  started
621.4353 	DATA 	Keypress: rctrl
621.5415 	EXP 	Sound  started
622.2033 	DATA 	Keypress: rctrl
622.2915 	EXP 	Sound  started
622.9552 	DATA 	Keypress: rctrl
623.0415 	EXP 	Sound  started
623.7394 	DATA 	Keypress: lctrl
623.7916 	EXP 	Sound  started
624.4113 	DATA 	Keypress: lctrl
626.2918 	DATA 	Keypress: 4
626.3083 	EXP 	unnamed ShapeStim: vertices = <class 'numpy.ndarray'>
629.4944 	DATA 	Keypress: 1
629.5110 	EXP 	unnamed ShapeStim: vertices = <class 'numpy.ndarray'>
633.2809 	DATA 	Keypress: 4
633.2974 	EXP 	unnamed ShapeStim: vertices = <class 'numpy.ndarray'>
635.5820 	EXP 	Sound  started
635.6274 	DATA 	Keypress: lctrl
636.2672 	DATA 	Keypress: rctrl
636.3319 	EXP 	Sound  started
637.0193 	DATA 	Keypress: lctrl
637.0819 	EXP 	Sound  started
637.6913 	DATA 	Keypress: lctrl
637.8319 	EXP 	Sound  started
638.4753 	DATA 	Keypress: lctrl
638.5819 	EXP 	Sound  started
639.2912 	DATA 	Keypress: rctrl
639.3319 	EXP 	Sound  started
640.0272 	DATA 	Keypress: lctrl
640.0819 	EXP 	Sound  started
640.7633 	DATA 	Keypress: rctrl
640.8319 	EXP 	Sound  started
641.4512 	DATA 	Keypress: rctrl
641.5820 	EXP 	Sound  started
642.1872 	DATA 	Keypress: rctrl
642.3320 	EXP 	Sound  started
642.9073 	DATA 	Keypress: rctrl
643.0820 	EXP 	Sound  started
643.7073 	DATA 	Keypress: rctrl
643.8320 	EXP 	Sound  started
644.4274 	DATA 	Keypress: lctrl
644.5820 	EXP 	Sound  started
645.2112 	DATA 	Keypress: lctrl
645.3320 	EXP 	Sound  started
645.9473 	DATA 	Keypress: rctrl
646.0820 	EXP 	Sound  started
646.6672 	DATA 	Keypress: rctrl
646.8320 	EXP 	Sound  started
647.4033 	DATA 	Keypress: rctrl
647.5821 	EXP 	Sound  started
648.2033 	DATA 	Keypress: rctrl
648.3321 	EXP 	Sound  started
648.8913 	DATA 	Keypress: lctrl
649.0821 	EXP 	Sound  started
649.6912 	DATA 	Keypress: lctrl
649.8321 	EXP 	Sound  started
650.4433 	DATA 	Keypress: lctrl
650.5821 	EXP 	Sound  started
651.2113 	DATA 	Keypress: lctrl
651.3321 	EXP 	Sound  started
651.9792 	DATA 	Keypress: lctrl
652.0821 	EXP 	Sound  started
652.7153 	DATA 	Keypress: lctrl
652.8322 	EXP 	Sound  started
653.4833 	DATA 	Keypress: rctrl
653.5822 	EXP 	Sound  started
654.2193 	DATA 	Keypress: rctrl
654.3322 	EXP 	Sound  started
655.0032 	DATA 	Keypress: rctrl
655.0822 	EXP 	Sound  started
655.7392 	DATA 	Keypress: rctrl
655.8322 	EXP 	Sound  started
656.5072 	DATA 	Keypress: rctrl
656.5822 	EXP 	Sound  started
657.2432 	DATA 	Keypress: rctrl
657.3322 	EXP 	Sound  started
658.0273 	DATA 	Keypress: lctrl
658.0822 	EXP 	Sound  started
658.7155 	DATA 	Keypress: rctrl
658.8323 	EXP 	Sound  started
659.4833 	DATA 	Keypress: rctrl
659.5823 	EXP 	Sound  started
660.2513 	DATA 	Keypress: rctrl
660.3323 	EXP 	Sound  started
661.0033 	DATA 	Keypress: lctrl
661.0823 	EXP 	Sound  started
661.7554 	DATA 	Keypress: rctrl
661.8323 	EXP 	Sound  started
662.4753 	DATA 	Keypress: rctrl
662.5823 	EXP 	Sound  started
663.1952 	DATA 	Keypress: rctrl
663.3324 	EXP 	Sound  started
663.9793 	DATA 	Keypress: rctrl
664.0824 	EXP 	Sound  started
664.7153 	DATA 	Keypress: lctrl
664.8324 	EXP 	Sound  started
665.5152 	DATA 	Keypress: lctrl
665.5824 	EXP 	Sound  started
666.2513 	DATA 	Keypress: lctrl
666.3324 	EXP 	Sound  started
667.0513 	DATA 	Keypress: lctrl
667.0824 	EXP 	Sound  started
667.7872 	DATA 	Keypress: lctrl
667.8324 	EXP 	Sound  started
668.5393 	DATA 	Keypress: lctrl
668.5824 	EXP 	Sound  started
669.2272 	DATA 	Keypress: rctrl
669.3325 	EXP 	Sound  started
670.0593 	DATA 	Keypress: rctrl
670.0825 	EXP 	Sound  started
670.7632 	DATA 	Keypress: lctrl
670.8325 	EXP 	Sound  started
671.5312 	DATA 	Keypress: lctrl
671.5825 	EXP 	Sound  started
672.2513 	DATA 	Keypress: lctrl
672.3325 	EXP 	Sound  started
672.9392 	DATA 	Keypress: lctrl
673.0825 	EXP 	Sound  started
673.7073 	DATA 	Keypress: lctrl
673.8326 	EXP 	Sound  started
674.3953 	DATA 	Keypress: lctrl
674.5826 	EXP 	Sound  started
675.1952 	DATA 	Keypress: lctrl
675.3326 	EXP 	Sound  started
675.9952 	DATA 	Keypress: rctrl
676.0826 	EXP 	Sound  started
676.7633 	DATA 	Keypress: rctrl
676.8326 	EXP 	Sound  started
677.5313 	DATA 	Keypress: rctrl
677.5826 	EXP 	Sound  started
678.2352 	DATA 	Keypress: lctrl
678.3326 	EXP 	Sound  started
678.9873 	DATA 	Keypress: lctrl
679.0826 	EXP 	Sound  started
679.7232 	DATA 	Keypress: lctrl
679.8326 	EXP 	Sound  started
680.4112 	DATA 	Keypress: lctrl
680.5827 	EXP 	Sound  started
681.1953 	DATA 	Keypress: lctrl
681.3327 	EXP 	Sound  started
681.9952 	DATA 	Keypress: lctrl
682.0827 	EXP 	Sound  started
682.7313 	DATA 	Keypress: rctrl
682.8327 	EXP 	Sound  started
683.4833 	DATA 	Keypress: rctrl
683.5827 	EXP 	Sound  started
684.2514 	DATA 	Keypress: rctrl
684.3327 	EXP 	Sound  started
684.9873 	DATA 	Keypress: lctrl
685.0827 	EXP 	Sound  started
685.7073 	DATA 	Keypress: lctrl
685.8328 	EXP 	Sound  started
686.4593 	DATA 	Keypress: lctrl
686.5828 	EXP 	Sound  started
687.1632 	DATA 	Keypress: lctrl
687.3328 	EXP 	Sound  started
687.8833 	DATA 	Keypress: lctrl
688.0828 	EXP 	Sound  started
688.6352 	DATA 	Keypress: lctrl
688.8328 	EXP 	Sound  started
689.4513 	DATA 	Keypress: rctrl
689.5828 	EXP 	Sound  started
690.2352 	DATA 	Keypress: rctrl
690.3328 	EXP 	Sound  started
690.9553 	DATA 	Keypress: rctrl
691.0829 	EXP 	Sound  started
691.6752 	DATA 	Keypress: rctrl
691.8329 	EXP 	Sound  started
692.4273 	DATA 	Keypress: rctrl
692.5829 	EXP 	Sound  started
693.1472 	DATA 	Keypress: lctrl
693.3329 	EXP 	Sound  started
693.9792 	DATA 	Keypress: rctrl
694.0829 	EXP 	Sound  started
694.7153 	DATA 	Keypress: lctrl
694.8329 	EXP 	Sound  started
695.4194 	DATA 	Keypress: lctrl
695.5830 	EXP 	Sound  started
696.2033 	DATA 	Keypress: lctrl
696.3330 	EXP 	Sound  started
696.9553 	DATA 	Keypress: lctrl
706.8782 	DATA 	Keypress: 4
706.9076 	EXP 	unnamed ShapeStim: vertices = <class 'numpy.ndarray'>
709.0095 	DATA 	Keypress: 1
709.0261 	EXP 	unnamed ShapeStim: vertices = <class 'numpy.ndarray'>
713.3631 	DATA 	Keypress: 4
713.3796 	EXP 	unnamed ShapeStim: vertices = <class 'numpy.ndarray'>
715.6647 	EXP 	Sound  started
715.8194 	DATA 	Keypress: lctrl
716.3632 	DATA 	Keypress: rctrl
716.4146 	EXP 	Sound  started
717.0512 	DATA 	Keypress: lctrl
717.1646 	EXP 	Sound  started
717.7873 	DATA 	Keypress: lctrl
717.9146 	EXP 	Sound  started
718.5392 	DATA 	Keypress: lctrl
718.6646 	EXP 	Sound  started
719.3233 	DATA 	Keypress: lctrl
719.4146 	EXP 	Sound  started
720.0433 	DATA 	Keypress: rctrl
720.1646 	EXP 	Sound  started
720.8432 	DATA 	Keypress: rctrl
720.9146 	EXP 	Sound  started
721.5792 	DATA 	Keypress: rctrl
721.6646 	EXP 	Sound  started
722.3153 	DATA 	Keypress: rctrl
722.4147 	EXP 	Sound  started
723.0674 	DATA 	Keypress: rctrl
723.1647 	EXP 	Sound  started
723.7552 	DATA 	Keypress: rctrl
723.9147 	EXP 	Sound  started
724.5712 	DATA 	Keypress: rctrl
724.6647 	EXP 	Sound  started
725.3072 	DATA 	Keypress: lctrl
725.4147 	EXP 	Sound  started
726.0433 	DATA 	Keypress: lctrl
726.1648 	EXP 	Sound  started
726.7792 	DATA 	Keypress: lctrl
726.9147 	EXP 	Sound  started
727.4833 	DATA 	Keypress: rctrl
727.6648 	EXP 	Sound  started
728.2833 	DATA 	Keypress: rctrl
728.4148 	EXP 	Sound  started
728.9872 	DATA 	Keypress: lctrl
729.1648 	EXP 	Sound  started
729.7392 	DATA 	Keypress: lctrl
729.9148 	EXP 	Sound  started
730.5233 	DATA 	Keypress: rctrl
730.6648 	EXP 	Sound  started
731.2273 	DATA 	Keypress: rctrl
731.4148 	EXP 	Sound  started
732.0593 	DATA 	Keypress: rctrl
732.1648 	EXP 	Sound  started
732.7153 	DATA 	Keypress: lctrl
732.9149 	EXP 	Sound  started
733.5952 	DATA 	Keypress: rctrl
733.6649 	EXP 	Sound  started
734.2672 	DATA 	Keypress: rctrl
734.4149 	EXP 	Sound  started
735.0192 	DATA 	Keypress: rctrl
735.1649 	EXP 	Sound  started
735.7712 	DATA 	Keypress: rctrl
735.9149 	EXP 	Sound  started
736.5394 	DATA 	Keypress: lctrl
736.6649 	EXP 	Sound  started
737.2753 	DATA 	Keypress: lctrl
737.4149 	EXP 	Sound  started
738.0593 	DATA 	Keypress: lctrl
738.1649 	EXP 	Sound  started
738.8433 	DATA 	Keypress: lctrl
738.9150 	EXP 	Sound  started
739.5633 	DATA 	Keypress: lctrl
739.6650 	EXP 	Sound  started
740.3312 	DATA 	Keypress: rctrl
740.4150 	EXP 	Sound  started
741.0512 	DATA 	Keypress: rctrl
741.1650 	EXP 	Sound  started
741.8032 	DATA 	Keypress: rctrl
741.9150 	EXP 	Sound  started
742.5872 	DATA 	Keypress: lctrl
742.6650 	EXP 	Sound  started
743.2913 	DATA 	Keypress: lctrl
743.4150 	EXP 	Sound  started
744.0592 	DATA 	Keypress: lctrl
744.1650 	EXP 	Sound  started
744.7952 	DATA 	Keypress: lctrl
744.9151 	EXP 	Sound  started
745.5473 	DATA 	Keypress: lctrl
745.6651 	EXP 	Sound  started
746.2992 	DATA 	Keypress: lctrl
746.4151 	EXP 	Sound  started
747.0512 	DATA 	Keypress: lctrl
747.1651 	EXP 	Sound  started
747.8512 	DATA 	Keypress: lctrl
747.9151 	EXP 	Sound  started
748.5553 	DATA 	Keypress: rctrl
748.6651 	EXP 	Sound  started
749.3232 	DATA 	Keypress: rctrl
749.4151 	EXP 	Sound  started
750.1232 	DATA 	Keypress: rctrl
750.1652 	EXP 	Sound  started
750.8432 	DATA 	Keypress: lctrl
750.9152 	EXP 	Sound  started
751.5312 	DATA 	Keypress: lctrl
751.6652 	EXP 	Sound  started
752.3472 	DATA 	Keypress: rctrl
752.4152 	EXP 	Sound  started
753.0353 	DATA 	Keypress: rctrl
753.1652 	EXP 	Sound  started
753.8033 	DATA 	Keypress: rctrl
753.9152 	EXP 	Sound  started
754.5552 	DATA 	Keypress: lctrl
754.6652 	EXP 	Sound  started
755.3233 	DATA 	Keypress: rctrl
755.4153 	EXP 	Sound  started
756.0113 	DATA 	Keypress: rctrl
756.1653 	EXP 	Sound  started
756.7472 	DATA 	Keypress: rctrl
756.9153 	EXP 	Sound  started
757.5632 	DATA 	Keypress: rctrl
757.6653 	EXP 	Sound  started
758.3472 	DATA 	Keypress: lctrl
758.4153 	EXP 	Sound  started
759.0353 	DATA 	Keypress: lctrl
759.1653 	EXP 	Sound  started
759.7871 	DATA 	Keypress: lctrl
759.9153 	EXP 	Sound  started
760.5232 	DATA 	Keypress: lctrl
760.6653 	EXP 	Sound  started
761.3552 	DATA 	Keypress: lctrl
761.4154 	EXP 	Sound  started
762.0912 	DATA 	Keypress: lctrl
762.1654 	EXP 	Sound  started
762.7792 	DATA 	Keypress: rctrl
762.9154 	EXP 	Sound  started
763.5472 	DATA 	Keypress: rctrl
763.6654 	EXP 	Sound  started
764.3952 	DATA 	Keypress: rctrl
764.4155 	EXP 	Sound  started
765.0833 	DATA 	Keypress: lctrl
765.1655 	EXP 	Sound  started
765.7552 	DATA 	Keypress: lctrl
765.9155 	EXP 	Sound  started
766.5232 	DATA 	Keypress: lctrl
766.6655 	EXP 	Sound  started
767.2591 	DATA 	Keypress: lctrl
767.4155 	EXP 	Sound  started
768.0112 	DATA 	Keypress: lctrl
768.1655 	EXP 	Sound  started
768.7632 	DATA 	Keypress: lctrl
768.9155 	EXP 	Sound  started
769.4672 	DATA 	Keypress: rctrl
769.6656 	EXP 	Sound  started
770.3152 	DATA 	Keypress: rctrl
770.4156 	EXP 	Sound  started
771.1153 	DATA 	Keypress: rctrl
771.1656 	EXP 	Sound  started
771.8351 	DATA 	Keypress: rctrl
771.9156 	EXP 	Sound  started
772.5072 	DATA 	Keypress: rctrl
772.6656 	EXP 	Sound  started
773.3393 	DATA 	Keypress: rctrl
773.4156 	EXP 	Sound  started
774.0753 	DATA 	Keypress: lctrl
774.1656 	EXP 	Sound  started
774.7791 	DATA 	Keypress: lctrl
780.8350 	DATA 	Keypress: 3
780.8515 	EXP 	unnamed ShapeStim: vertices = <class 'numpy.ndarray'>
783.0535 	DATA 	Keypress: 1
783.0700 	EXP 	unnamed ShapeStim: vertices = <class 'numpy.ndarray'>
789.5088 	DATA 	Keypress: 3
789.5253 	EXP 	unnamed ShapeStim: vertices = <class 'numpy.ndarray'>
793.8283 	DATA 	Keypress: lctrl
1144.6675 	DATA 	Keypress: escape
1144.7557 	EXP 	window1: mouseVisible = True
