23.6214 	WARNING 	User requested fullscreen with size [1024  768], but screen is actually [1920, 1200]. Using actual size
24.4343 	EXP 	Created window1 = Window(allowGUI=False, allowStencil=False, autoLog=True, backendConf=UNKNOWN, bitsMode=UNKNOWN, blendMode='avg', bpc=(8, 8, 8), color=array([0, 0, 0]), colorSpace='rgb', depthBits=8, fullscr=<method-wrapper '__getattribute__' of attributeSetter object at 0x000001C4DE177940>, gamma=None, gammaErrorPolicy='raise', lms=UNKNOWN, monitor=<psychopy.monitors.calibTools.Monitor object at 0x000001C4DF8B4240>, multiSample=False, name='window1', numSamples=2, pos=[0.0, 0.0], screen=0, size=array([1920, 1200]), stencilBits=0, stereo=False, units='norm', useFBO=True, useRetina=False, viewOri=0.0, viewPos=None, viewScale=None, waitBlanking=True, winType='pyglet')
24.4346 	EXP 	window1: mouseVisible = True
24.4347 	EXP 	window1: mouseVisible = False
24.4347 	EXP 	window1: recordFrameIntervals = False
24.6008 	EXP 	window1: recordFrameIntervals = True
24.7844 	EXP 	window1: recordFrameIntervals = False
24.8378 	EXP 	Created text = TextStim(__class__=<class 'psychopy.visual.text.TextStim'>, alignHoriz=method-wrapper(...), alignText='center', alignVert=method-wrapper(...), anchorHoriz='center', anchorVert='center', antialias=True, autoLog=True, bold=False, color=array([1., 1., 1.]), colorSpace='rgb', contrast=1.0, depth=0.0, flipHoriz=False, flipVert=False, font='Arial', fontFiles=[], height=0.15, italic=False, languageStyle='LTR', name='text', opacity=1, ori=0, pos=array([0., 0.]), rgb=UNKNOWN, text='+', units='norm', win=Window(...), wrapWidth=1)
24.8589 	EXP 	Created text = TextStim(__class__=<class 'psychopy.visual.text.TextStim'>, alignHoriz=method-wrapper(...), alignText='center', alignVert=method-wrapper(...), anchorHoriz='center', anchorVert='center', antialias=True, autoLog=True, bold=False, color=array([1., 1., 1.]), colorSpace='rgb', contrast=1.0, depth=0.0, flipHoriz=False, flipVert=False, font='Arial', fontFiles=[], height=0.07, italic=False, languageStyle='LTR', name='text', opacity=1, ori=0, pos=array([0., 0.]), rgb=UNKNOWN, text=str(...), units='norm', win=Window(...), wrapWidth=1.65)
24.8683 	EXP 	Created text = TextStim(__class__=<class 'psychopy.visual.text.TextStim'>, alignHoriz=method-wrapper(...), alignText='center', alignVert=method-wrapper(...), anchorHoriz='center', anchorVert='center', antialias=True, autoLog=True, bold=False, color=array([1., 1., 1.]), colorSpace='rgb', contrast=1.0, depth=0.0, flipHoriz=False, flipVert=False, font='Arial', fontFiles=[], height=0.07, italic=False, languageStyle='LTR', name='text', opacity=1, ori=0, pos=array([0., 0.]), rgb=UNKNOWN, text=str(...), units='norm', win=Window(...), wrapWidth=1.65)
24.8771 	EXP 	Created text = TextStim(__class__=<class 'psychopy.visual.text.TextStim'>, alignHoriz=method-wrapper(...), alignText='center', alignVert=method-wrapper(...), anchorHoriz='center', anchorVert='center', antialias=True, autoLog=True, bold=False, color=array([1., 1., 1.]), colorSpace='rgb', contrast=1.0, depth=0.0, flipHoriz=False, flipVert=False, font='Arial', fontFiles=[], height=0.07, italic=False, languageStyle='LTR', name='text', opacity=1, ori=0, pos=array([0., 0.]), rgb=UNKNOWN, text=str(...), units='norm', win=Window(...), wrapWidth=1.65)
24.8855 	EXP 	Created text = TextStim(__class__=<class 'psychopy.visual.text.TextStim'>, alignHoriz=method-wrapper(...), alignText='center', alignVert=method-wrapper(...), anchorHoriz='center', anchorVert='center', antialias=True, autoLog=True, bold=False, color=array([1., 1., 1.]), colorSpace='rgb', contrast=1.0, depth=0.0, flipHoriz=False, flipVert=False, font='Arial', fontFiles=[], height=0.07, italic=False, languageStyle='LTR', name='text', opacity=1, ori=0, pos=array([0., 0.]), rgb=UNKNOWN, text=str(...), units='norm', win=Window(...), wrapWidth=1.65)
24.8914 	EXP 	Created text = TextStim(__class__=<class 'psychopy.visual.text.TextStim'>, alignHoriz=method-wrapper(...), alignText='center', alignVert=method-wrapper(...), anchorHoriz='center', anchorVert='center', antialias=True, autoLog=True, bold=False, color=array([1., 1., 1.]), colorSpace='rgb', contrast=1.0, depth=0.0, flipHoriz=False, flipVert=False, font='Arial', fontFiles=[], height=0.07, italic=False, languageStyle='LTR', name='text', opacity=1, ori=0, pos=array([0., 0.]), rgb=UNKNOWN, text=str(...), units='norm', win=Window(...), wrapWidth=1.65)
24.9053 	EXP 	Created text = TextStim(__class__=<class 'psychopy.visual.text.TextStim'>, alignHoriz=method-wrapper(...), alignText='center', alignVert=method-wrapper(...), anchorHoriz='center', anchorVert='center', antialias=True, autoLog=True, bold=False, color=array([1., 1., 1.]), colorSpace='rgb', contrast=1.0, depth=0.0, flipHoriz=False, flipVert=False, font='Arial', fontFiles=[], height=0.15, italic=False, languageStyle='LTR', name='text', opacity=1, ori=0, pos=array([0., 0.]), rgb=UNKNOWN, text=str(...), units='norm', win=Window(...), wrapWidth=1.65)
24.9335 	EXP 	Created text = TextStim(__class__=<class 'psychopy.visual.text.TextStim'>, alignHoriz=method-wrapper(...), alignText='center', alignVert=method-wrapper(...), anchorHoriz='center', anchorVert='center', antialias=True, autoLog=True, bold=False, color=array([1., 1., 1.]), colorSpace='rgb', contrast=1.0, depth=0.0, flipHoriz=False, flipVert=False, font='Arial', fontFiles=[], height=0.07, italic=False, languageStyle='LTR', name='text', opacity=1, ori=0, pos=array([0., 0.]), rgb=UNKNOWN, text=str(...), units='norm', win=Window(...), wrapWidth=1.65)
24.9538 	EXP 	Created text = TextStim(__class__=<class 'psychopy.visual.text.TextStim'>, alignHoriz=method-wrapper(...), alignText='center', alignVert=method-wrapper(...), anchorHoriz='center', anchorVert='center', antialias=True, autoLog=True, bold=False, color=array([1., 1., 1.]), colorSpace='rgb', contrast=1.0, depth=0.0, flipHoriz=False, flipVert=False, font='Arial', fontFiles=[], height=0.07, italic=False, languageStyle='LTR', name='text', opacity=1, ori=0, pos=array([0., 0.]), rgb=UNKNOWN, text=str(...), units='norm', win=Window(...), wrapWidth=1.65)
24.9836 	EXP 	Created text = TextStim(__class__=<class 'psychopy.visual.text.TextStim'>, alignHoriz=method-wrapper(...), alignText='center', alignVert=method-wrapper(...), anchorHoriz='center', anchorVert='center', antialias=True, autoLog=True, bold=False, color=array([1., 1., 1.]), colorSpace='rgb', contrast=1.0, depth=0.0, flipHoriz=False, flipVert=False, font='Arial', fontFiles=[], height=0.07, italic=False, languageStyle='LTR', name='text', opacity=1, ori=0, pos=array([0., 0.]), rgb=UNKNOWN, text=str(...), units='norm', win=Window(...), wrapWidth=1.65)
25.0069 	EXP 	Created text = TextStim(__class__=<class 'psychopy.visual.text.TextStim'>, alignHoriz=method-wrapper(...), alignText='center', alignVert=method-wrapper(...), anchorHoriz='center', anchorVert='center', antialias=True, autoLog=True, bold=False, color=array([1., 1., 1.]), colorSpace='rgb', contrast=1.0, depth=0.0, flipHoriz=False, flipVert=False, font='Arial', fontFiles=[], height=0.07, italic=False, languageStyle='LTR', name='text', opacity=1, ori=0, pos=array([0., 0.]), rgb=UNKNOWN, text=str(...), units='norm', win=Window(...), wrapWidth=1.65)
25.0365 	EXP 	Created text = TextStim(__class__=<class 'psychopy.visual.text.TextStim'>, alignHoriz=method-wrapper(...), alignText='center', alignVert=method-wrapper(...), anchorHoriz='center', anchorVert='center', antialias=True, autoLog=True, bold=False, color=array([1., 1., 1.]), colorSpace='rgb', contrast=1.0, depth=0.0, flipHoriz=False, flipVert=False, font='Arial', fontFiles=[], height=0.07, italic=False, languageStyle='LTR', name='text', opacity=1, ori=0, pos=array([0., 0.]), rgb=UNKNOWN, text=str(...), units='norm', win=Window(...), wrapWidth=1.65)
25.0467 	EXP 	Created text = TextStim(__class__=<class 'psychopy.visual.text.TextStim'>, alignHoriz=method-wrapper(...), alignText='center', alignVert=method-wrapper(...), anchorHoriz='center', anchorVert='center', antialias=True, autoLog=True, bold=False, color=array([1., 1., 1.]), colorSpace='rgb', contrast=1.0, depth=0.0, flipHoriz=False, flipVert=False, font='Arial', fontFiles=[], height=0.07, italic=False, languageStyle='LTR', name='text', opacity=1, ori=0, pos=array([0., 0.]), rgb=UNKNOWN, text=str(...), units='norm', win=Window(...), wrapWidth=1.65)
25.0586 	EXP 	Created text = TextStim(__class__=<class 'psychopy.visual.text.TextStim'>, alignHoriz=method-wrapper(...), alignText='center', alignVert=method-wrapper(...), anchorHoriz='center', anchorVert='center', antialias=True, autoLog=True, bold=False, color=array([1., 1., 1.]), colorSpace='rgb', contrast=1.0, depth=0.0, flipHoriz=False, flipVert=False, font='Arial', fontFiles=[], height=0.07, italic=False, languageStyle='LTR', name='text', opacity=1, ori=0, pos=array([0., 0.]), rgb=UNKNOWN, text=str(...), units='norm', win=Window(...), wrapWidth=1.65)
25.0629 	EXP 	Created instru = TextStim(__class__=<class 'psychopy.visual.text.TextStim'>, alignHoriz=method-wrapper(...), alignText='center', alignVert=method-wrapper(...), anchorHoriz='center', anchorVert='center', antialias=True, autoLog=True, bold=False, color=array([1., 1., 1.]), colorSpace='rgb', contrast=1.0, depth=0.0, flipHoriz=False, flipVert=False, font='Arial', fontFiles=[], height=0.07, italic=False, languageStyle='LTR', name='instru', opacity=1, ori=0, pos=array([0. , 0.5]), rgb=UNKNOWN, text=str(...), units='norm', win=Window(...), wrapWidth=1)
25.0655 	EXP 	Created unnamed Line = Line(__class__=<class 'psychopy.visual.line.Line'>, autoDraw=False, autoLog=True, closeShape=False, color=array([1., 1., 1.]), colorSpace='rgb', contrast=None, depth=0, fillColor=array([0, 0, 0]), fillColorSpace='rgb', fillRGB=array([0, 0, 0]), interpolate=True, lineColor=array([1., 1., 1.]), lineColorSpace='rgb', lineRGB=array([1, 1, 1]), lineWidth=5, name='unnamed Line', opacity=0.5, ori=0.0, pos=array([0., 0.]), size=array([1., 1.]), units='norm', vertices=array([[-0.5,  0. ],
       [ 0.5,  0. ]]), win=Window(...), windingRule=None)
25.0675 	EXP 	Created unnamed Line = Line(__class__=<class 'psychopy.visual.line.Line'>, autoDraw=False, autoLog=True, closeShape=False, color=array([1., 1., 1.]), colorSpace='rgb', contrast=None, depth=0, fillColor=array([0, 0, 0]), fillColorSpace='rgb', fillRGB=array([0, 0, 0]), interpolate=True, lineColor=array([1., 1., 1.]), lineColorSpace='rgb', lineRGB=array([1, 1, 1]), lineWidth=3, name='unnamed Line', opacity=0.5, ori=0.0, pos=array([0., 0.]), size=array([1., 1.]), units='norm', vertices=array([[-0.5 , -0.05],
       [-0.5 ,  0.05]]), win=Window(...), windingRule=None)
25.0695 	EXP 	Created unnamed Line = Line(__class__=<class 'psychopy.visual.line.Line'>, autoDraw=False, autoLog=True, closeShape=False, color=array([1., 1., 1.]), colorSpace='rgb', contrast=None, depth=0, fillColor=array([0, 0, 0]), fillColorSpace='rgb', fillRGB=array([0, 0, 0]), interpolate=True, lineColor=array([1., 1., 1.]), lineColorSpace='rgb', lineRGB=array([1, 1, 1]), lineWidth=3, name='unnamed Line', opacity=0.5, ori=0.0, pos=array([0., 0.]), size=array([1., 1.]), units='norm', vertices=ndarray(...), win=Window(...), windingRule=None)
25.0715 	EXP 	Created unnamed Line = Line(__class__=<class 'psychopy.visual.line.Line'>, autoDraw=False, autoLog=True, closeShape=False, color=array([1., 1., 1.]), colorSpace='rgb', contrast=None, depth=0, fillColor=array([0, 0, 0]), fillColorSpace='rgb', fillRGB=array([0, 0, 0]), interpolate=True, lineColor=array([1., 1., 1.]), lineColorSpace='rgb', lineRGB=array([1, 1, 1]), lineWidth=3, name='unnamed Line', opacity=0.5, ori=0.0, pos=array([0., 0.]), size=array([1., 1.]), units='norm', vertices=ndarray(...), win=Window(...), windingRule=None)
25.0735 	EXP 	Created unnamed Line = Line(__class__=<class 'psychopy.visual.line.Line'>, autoDraw=False, autoLog=True, closeShape=False, color=array([1., 1., 1.]), colorSpace='rgb', contrast=None, depth=0, fillColor=array([0, 0, 0]), fillColorSpace='rgb', fillRGB=array([0, 0, 0]), interpolate=True, lineColor=array([1., 1., 1.]), lineColorSpace='rgb', lineRGB=array([1, 1, 1]), lineWidth=3, name='unnamed Line', opacity=0.5, ori=0.0, pos=array([0., 0.]), size=array([1., 1.]), units='norm', vertices=array([[ 0.5 , -0.05],
       [ 0.5 ,  0.05]]), win=Window(...), windingRule=None)
25.0863 	EXP 	Created unnamed TextStim = TextStim(__class__=<class 'psychopy.visual.text.TextStim'>, alignHoriz=method-wrapper(...), alignText='center', alignVert=method-wrapper(...), anchorHoriz='center', anchorVert='center', antialias=True, autoLog=True, bold=False, color=array([1., 1., 1.]), colorSpace='rgb', contrast=1.0, depth=0, flipHoriz=False, flipVert=False, font='', fontFiles=[], height=0.05, italic=False, languageStyle='LTR', name='unnamed TextStim', opacity=1.0, ori=0.0, pos=array([-0.5, -0.1]), rgb=UNKNOWN, text='Helt klart \n IKKE FOKUSERT', units='norm', win=Window(...), wrapWidth=1)
25.0874 	EXP 	Created unnamed TextStim = TextStim(__class__=<class 'psychopy.visual.text.TextStim'>, alignHoriz=method-wrapper(...), alignText='center', alignVert=method-wrapper(...), anchorHoriz='center', anchorVert='center', antialias=True, autoLog=True, bold=False, color=array([1., 1., 1.]), colorSpace='rgb', contrast=1.0, depth=0, flipHoriz=False, flipVert=False, font='', fontFiles=[], height=0.05, italic=False, languageStyle='LTR', name='unnamed TextStim', opacity=1.0, ori=0.0, pos=array([-0.16666667, -0.1       ]), rgb=UNKNOWN, text='', units='norm', win=Window(...), wrapWidth=1)
25.0886 	EXP 	Created unnamed TextStim = TextStim(__class__=<class 'psychopy.visual.text.TextStim'>, alignHoriz=method-wrapper(...), alignText='center', alignVert=method-wrapper(...), anchorHoriz='center', anchorVert='center', antialias=True, autoLog=True, bold=False, color=array([1., 1., 1.]), colorSpace='rgb', contrast=1.0, depth=0, flipHoriz=False, flipVert=False, font='', fontFiles=[], height=0.05, italic=False, languageStyle='LTR', name='unnamed TextStim', opacity=1.0, ori=0.0, pos=array([ 0.16666667, -0.1       ]), rgb=UNKNOWN, text='', units='norm', win=Window(...), wrapWidth=1)
25.0920 	EXP 	Created unnamed TextStim = TextStim(__class__=<class 'psychopy.visual.text.TextStim'>, alignHoriz=method-wrapper(...), alignText='center', alignVert=method-wrapper(...), anchorHoriz='center', anchorVert='center', antialias=True, autoLog=True, bold=False, color=array([1., 1., 1.]), colorSpace='rgb', contrast=1.0, depth=0, flipHoriz=False, flipVert=False, font='', fontFiles=[], height=0.05, italic=False, languageStyle='LTR', name='unnamed TextStim', opacity=1.0, ori=0.0, pos=array([ 0.5, -0.1]), rgb=UNKNOWN, text='Helt klart \n FOKUSERT', units='norm', win=Window(...), wrapWidth=1)
25.0940 	EXP 	Created unnamed ShapeStim = ShapeStim(__class__=<class 'psychopy.visual.shape.ShapeStim'>, autoDraw=False, autoLog=True, closeShape=True, color=method-wrapper(...), colorSpace='rgb', contrast=None, depth=0, fillColor=array([1, 1, 1]), fillColorSpace='rgb', fillRGB=array([1, 1, 1]), interpolate=True, lineColor=array([-1., -1., -1.]), lineColorSpace='rgb', lineRGB=array([-1, -1, -1]), lineWidth=1.5, name='unnamed ShapeStim', opacity=1.0, ori=0.0, pos=array([0., 0.]), size=array([1., 1.]), units='norm', vertices=ndarray(...), win=Window(...), windingRule=None)
25.1014 	EXP 	Created instru = TextStim(__class__=<class 'psychopy.visual.text.TextStim'>, alignHoriz=method-wrapper(...), alignText='center', alignVert=method-wrapper(...), anchorHoriz='center', anchorVert='center', antialias=True, autoLog=True, bold=False, color=array([1., 1., 1.]), colorSpace='rgb', contrast=1.0, depth=0.0, flipHoriz=False, flipVert=False, font='Arial', fontFiles=[], height=0.07, italic=False, languageStyle='LTR', name='instru', opacity=1, ori=0, pos=array([0. , 0.5]), rgb=UNKNOWN, text=str(...), units='norm', win=Window(...), wrapWidth=1)
25.1035 	EXP 	Created unnamed Line = Line(__class__=<class 'psychopy.visual.line.Line'>, autoDraw=False, autoLog=True, closeShape=False, color=array([1., 1., 1.]), colorSpace='rgb', contrast=None, depth=0, fillColor=array([0, 0, 0]), fillColorSpace='rgb', fillRGB=array([0, 0, 0]), interpolate=True, lineColor=array([1., 1., 1.]), lineColorSpace='rgb', lineRGB=array([1, 1, 1]), lineWidth=5, name='unnamed Line', opacity=0.5, ori=0.0, pos=array([0., 0.]), size=array([1., 1.]), units='norm', vertices=array([[-0.5,  0. ],
       [ 0.5,  0. ]]), win=Window(...), windingRule=None)
25.1055 	EXP 	Created unnamed Line = Line(__class__=<class 'psychopy.visual.line.Line'>, autoDraw=False, autoLog=True, closeShape=False, color=array([1., 1., 1.]), colorSpace='rgb', contrast=None, depth=0, fillColor=array([0, 0, 0]), fillColorSpace='rgb', fillRGB=array([0, 0, 0]), interpolate=True, lineColor=array([1., 1., 1.]), lineColorSpace='rgb', lineRGB=array([1, 1, 1]), lineWidth=3, name='unnamed Line', opacity=0.5, ori=0.0, pos=array([0., 0.]), size=array([1., 1.]), units='norm', vertices=array([[-0.5 , -0.05],
       [-0.5 ,  0.05]]), win=Window(...), windingRule=None)
25.1075 	EXP 	Created unnamed Line = Line(__class__=<class 'psychopy.visual.line.Line'>, autoDraw=False, autoLog=True, closeShape=False, color=array([1., 1., 1.]), colorSpace='rgb', contrast=None, depth=0, fillColor=array([0, 0, 0]), fillColorSpace='rgb', fillRGB=array([0, 0, 0]), interpolate=True, lineColor=array([1., 1., 1.]), lineColorSpace='rgb', lineRGB=array([1, 1, 1]), lineWidth=3, name='unnamed Line', opacity=0.5, ori=0.0, pos=array([0., 0.]), size=array([1., 1.]), units='norm', vertices=ndarray(...), win=Window(...), windingRule=None)
25.1095 	EXP 	Created unnamed Line = Line(__class__=<class 'psychopy.visual.line.Line'>, autoDraw=False, autoLog=True, closeShape=False, color=array([1., 1., 1.]), colorSpace='rgb', contrast=None, depth=0, fillColor=array([0, 0, 0]), fillColorSpace='rgb', fillRGB=array([0, 0, 0]), interpolate=True, lineColor=array([1., 1., 1.]), lineColorSpace='rgb', lineRGB=array([1, 1, 1]), lineWidth=3, name='unnamed Line', opacity=0.5, ori=0.0, pos=array([0., 0.]), size=array([1., 1.]), units='norm', vertices=ndarray(...), win=Window(...), windingRule=None)
25.1115 	EXP 	Created unnamed Line = Line(__class__=<class 'psychopy.visual.line.Line'>, autoDraw=False, autoLog=True, closeShape=False, color=array([1., 1., 1.]), colorSpace='rgb', contrast=None, depth=0, fillColor=array([0, 0, 0]), fillColorSpace='rgb', fillRGB=array([0, 0, 0]), interpolate=True, lineColor=array([1., 1., 1.]), lineColorSpace='rgb', lineRGB=array([1, 1, 1]), lineWidth=3, name='unnamed Line', opacity=0.5, ori=0.0, pos=array([0., 0.]), size=array([1., 1.]), units='norm', vertices=array([[ 0.5 , -0.05],
       [ 0.5 ,  0.05]]), win=Window(...), windingRule=None)
25.1165 	EXP 	Created unnamed TextStim = TextStim(__class__=<class 'psychopy.visual.text.TextStim'>, alignHoriz=method-wrapper(...), alignText='center', alignVert=method-wrapper(...), anchorHoriz='center', anchorVert='center', antialias=True, autoLog=True, bold=False, color=array([1., 1., 1.]), colorSpace='rgb', contrast=1.0, depth=0, flipHoriz=False, flipVert=False, font='', fontFiles=[], height=0.05, italic=False, languageStyle='LTR', name='unnamed TextStim', opacity=1.0, ori=0.0, pos=array([-0.5, -0.1]), rgb=UNKNOWN, text='Helt klart \n INGENTING', units='norm', win=Window(...), wrapWidth=1)
25.1176 	EXP 	Created unnamed TextStim = TextStim(__class__=<class 'psychopy.visual.text.TextStim'>, alignHoriz=method-wrapper(...), alignText='center', alignVert=method-wrapper(...), anchorHoriz='center', anchorVert='center', antialias=True, autoLog=True, bold=False, color=array([1., 1., 1.]), colorSpace='rgb', contrast=1.0, depth=0, flipHoriz=False, flipVert=False, font='', fontFiles=[], height=0.05, italic=False, languageStyle='LTR', name='unnamed TextStim', opacity=1.0, ori=0.0, pos=array([-0.16666667, -0.1       ]), rgb=UNKNOWN, text='', units='norm', win=Window(...), wrapWidth=1)
25.1186 	EXP 	Created unnamed TextStim = TextStim(__class__=<class 'psychopy.visual.text.TextStim'>, alignHoriz=method-wrapper(...), alignText='center', alignVert=method-wrapper(...), anchorHoriz='center', anchorVert='center', antialias=True, autoLog=True, bold=False, color=array([1., 1., 1.]), colorSpace='rgb', contrast=1.0, depth=0, flipHoriz=False, flipVert=False, font='', fontFiles=[], height=0.05, italic=False, languageStyle='LTR', name='unnamed TextStim', opacity=1.0, ori=0.0, pos=array([ 0.16666667, -0.1       ]), rgb=UNKNOWN, text='', units='norm', win=Window(...), wrapWidth=1)
25.1217 	EXP 	Created unnamed TextStim = TextStim(__class__=<class 'psychopy.visual.text.TextStim'>, alignHoriz=method-wrapper(...), alignText='center', alignVert=method-wrapper(...), anchorHoriz='center', anchorVert='center', antialias=True, autoLog=True, bold=False, color=array([1., 1., 1.]), colorSpace='rgb', contrast=1.0, depth=0, flipHoriz=False, flipVert=False, font='', fontFiles=[], height=0.05, italic=False, languageStyle='LTR', name='unnamed TextStim', opacity=1.0, ori=0.0, pos=array([ 0.5, -0.1]), rgb=UNKNOWN, text='Helt klart \n NOE', units='norm', win=Window(...), wrapWidth=1)
25.1235 	EXP 	Created unnamed ShapeStim = ShapeStim(__class__=<class 'psychopy.visual.shape.ShapeStim'>, autoDraw=False, autoLog=True, closeShape=True, color=method-wrapper(...), colorSpace='rgb', contrast=None, depth=0, fillColor=array([1, 1, 1]), fillColorSpace='rgb', fillRGB=array([1, 1, 1]), interpolate=True, lineColor=array([-1., -1., -1.]), lineColorSpace='rgb', lineRGB=array([-1, -1, -1]), lineWidth=1.5, name='unnamed ShapeStim', opacity=1.0, ori=0.0, pos=array([0., 0.]), size=array([1., 1.]), units='norm', vertices=ndarray(...), win=Window(...), windingRule=None)
25.1304 	EXP 	Created instru = TextStim(__class__=<class 'psychopy.visual.text.TextStim'>, alignHoriz=method-wrapper(...), alignText='center', alignVert=method-wrapper(...), anchorHoriz='center', anchorVert='center', antialias=True, autoLog=True, bold=False, color=array([1., 1., 1.]), colorSpace='rgb', contrast=1.0, depth=0.0, flipHoriz=False, flipVert=False, font='Arial', fontFiles=[], height=0.07, italic=False, languageStyle='LTR', name='instru', opacity=1, ori=0, pos=array([0. , 0.5]), rgb=UNKNOWN, text=str(...), units='norm', win=Window(...), wrapWidth=1)
25.1325 	EXP 	Created unnamed Line = Line(__class__=<class 'psychopy.visual.line.Line'>, autoDraw=False, autoLog=True, closeShape=False, color=array([1., 1., 1.]), colorSpace='rgb', contrast=None, depth=0, fillColor=array([0, 0, 0]), fillColorSpace='rgb', fillRGB=array([0, 0, 0]), interpolate=True, lineColor=array([1., 1., 1.]), lineColorSpace='rgb', lineRGB=array([1, 1, 1]), lineWidth=5, name='unnamed Line', opacity=0.5, ori=0.0, pos=array([0., 0.]), size=array([1., 1.]), units='norm', vertices=array([[-0.5,  0. ],
       [ 0.5,  0. ]]), win=Window(...), windingRule=None)
25.1345 	EXP 	Created unnamed Line = Line(__class__=<class 'psychopy.visual.line.Line'>, autoDraw=False, autoLog=True, closeShape=False, color=array([1., 1., 1.]), colorSpace='rgb', contrast=None, depth=0, fillColor=array([0, 0, 0]), fillColorSpace='rgb', fillRGB=array([0, 0, 0]), interpolate=True, lineColor=array([1., 1., 1.]), lineColorSpace='rgb', lineRGB=array([1, 1, 1]), lineWidth=3, name='unnamed Line', opacity=0.5, ori=0.0, pos=array([0., 0.]), size=array([1., 1.]), units='norm', vertices=array([[-0.5 , -0.05],
       [-0.5 ,  0.05]]), win=Window(...), windingRule=None)
25.1364 	EXP 	Created unnamed Line = Line(__class__=<class 'psychopy.visual.line.Line'>, autoDraw=False, autoLog=True, closeShape=False, color=array([1., 1., 1.]), colorSpace='rgb', contrast=None, depth=0, fillColor=array([0, 0, 0]), fillColorSpace='rgb', fillRGB=array([0, 0, 0]), interpolate=True, lineColor=array([1., 1., 1.]), lineColorSpace='rgb', lineRGB=array([1, 1, 1]), lineWidth=3, name='unnamed Line', opacity=0.5, ori=0.0, pos=array([0., 0.]), size=array([1., 1.]), units='norm', vertices=ndarray(...), win=Window(...), windingRule=None)
25.1384 	EXP 	Created unnamed Line = Line(__class__=<class 'psychopy.visual.line.Line'>, autoDraw=False, autoLog=True, closeShape=False, color=array([1., 1., 1.]), colorSpace='rgb', contrast=None, depth=0, fillColor=array([0, 0, 0]), fillColorSpace='rgb', fillRGB=array([0, 0, 0]), interpolate=True, lineColor=array([1., 1., 1.]), lineColorSpace='rgb', lineRGB=array([1, 1, 1]), lineWidth=3, name='unnamed Line', opacity=0.5, ori=0.0, pos=array([0., 0.]), size=array([1., 1.]), units='norm', vertices=ndarray(...), win=Window(...), windingRule=None)
25.1404 	EXP 	Created unnamed Line = Line(__class__=<class 'psychopy.visual.line.Line'>, autoDraw=False, autoLog=True, closeShape=False, color=array([1., 1., 1.]), colorSpace='rgb', contrast=None, depth=0, fillColor=array([0, 0, 0]), fillColorSpace='rgb', fillRGB=array([0, 0, 0]), interpolate=True, lineColor=array([1., 1., 1.]), lineColorSpace='rgb', lineRGB=array([1, 1, 1]), lineWidth=3, name='unnamed Line', opacity=0.5, ori=0.0, pos=array([0., 0.]), size=array([1., 1.]), units='norm', vertices=array([[ 0.5 , -0.05],
       [ 0.5 ,  0.05]]), win=Window(...), windingRule=None)
25.1451 	EXP 	Created unnamed TextStim = TextStim(__class__=<class 'psychopy.visual.text.TextStim'>, alignHoriz=method-wrapper(...), alignText='center', alignVert=method-wrapper(...), anchorHoriz='center', anchorVert='center', antialias=True, autoLog=True, bold=False, color=array([1., 1., 1.]), colorSpace='rgb', contrast=1.0, depth=0, flipHoriz=False, flipVert=False, font='', fontFiles=[], height=0.05, italic=False, languageStyle='LTR', name='unnamed TextStim', opacity=1.0, ori=0.0, pos=array([-0.5, -0.1]), rgb=UNKNOWN, text='Helt klart \n SPONTAN', units='norm', win=Window(...), wrapWidth=1)
25.1462 	EXP 	Created unnamed TextStim = TextStim(__class__=<class 'psychopy.visual.text.TextStim'>, alignHoriz=method-wrapper(...), alignText='center', alignVert=method-wrapper(...), anchorHoriz='center', anchorVert='center', antialias=True, autoLog=True, bold=False, color=array([1., 1., 1.]), colorSpace='rgb', contrast=1.0, depth=0, flipHoriz=False, flipVert=False, font='', fontFiles=[], height=0.05, italic=False, languageStyle='LTR', name='unnamed TextStim', opacity=1.0, ori=0.0, pos=array([-0.16666667, -0.1       ]), rgb=UNKNOWN, text='', units='norm', win=Window(...), wrapWidth=1)
25.1472 	EXP 	Created unnamed TextStim = TextStim(__class__=<class 'psychopy.visual.text.TextStim'>, alignHoriz=method-wrapper(...), alignText='center', alignVert=method-wrapper(...), anchorHoriz='center', anchorVert='center', antialias=True, autoLog=True, bold=False, color=array([1., 1., 1.]), colorSpace='rgb', contrast=1.0, depth=0, flipHoriz=False, flipVert=False, font='', fontFiles=[], height=0.05, italic=False, languageStyle='LTR', name='unnamed TextStim', opacity=1.0, ori=0.0, pos=array([ 0.16666667, -0.1       ]), rgb=UNKNOWN, text='', units='norm', win=Window(...), wrapWidth=1)
25.1519 	EXP 	Created unnamed TextStim = TextStim(__class__=<class 'psychopy.visual.text.TextStim'>, alignHoriz=method-wrapper(...), alignText='center', alignVert=method-wrapper(...), anchorHoriz='center', anchorVert='center', antialias=True, autoLog=True, bold=False, color=array([1., 1., 1.]), colorSpace='rgb', contrast=1.0, depth=0, flipHoriz=False, flipVert=False, font='', fontFiles=[], height=0.05, italic=False, languageStyle='LTR', name='unnamed TextStim', opacity=1.0, ori=0.0, pos=array([ 0.5, -0.1]), rgb=UNKNOWN, text='Helt klart \n BEVISST', units='norm', win=Window(...), wrapWidth=1)
25.1537 	EXP 	Created unnamed ShapeStim = ShapeStim(__class__=<class 'psychopy.visual.shape.ShapeStim'>, autoDraw=False, autoLog=True, closeShape=True, color=method-wrapper(...), colorSpace='rgb', contrast=None, depth=0, fillColor=array([1, 1, 1]), fillColorSpace='rgb', fillRGB=array([1, 1, 1]), interpolate=True, lineColor=array([-1., -1., -1.]), lineColorSpace='rgb', lineRGB=array([-1, -1, -1]), lineWidth=1.5, name='unnamed ShapeStim', opacity=1.0, ori=0.0, pos=array([0., 0.]), size=array([1., 1.]), units='norm', vertices=ndarray(...), win=Window(...), windingRule=None)
25.2015 	EXP 	Sound  set volume 1.000
25.2308 	EXP 	unnamed ShapeStim: vertices = <class 'numpy.ndarray'>
25.2308 	EXP 	unnamed ShapeStim: vertices = <class 'numpy.ndarray'>
25.2308 	EXP 	unnamed ShapeStim: vertices = <class 'numpy.ndarray'>
35.3675 	DATA 	Keypress: rctrl
37.5114 	DATA 	Keypress: rctrl
42.1835 	DATA 	Keypress: rctrl
42.2153 	EXP 	unnamed TextStim: text = ''
42.2153 	EXP 	unnamed TextStim: text = ''
44.8839 	DATA 	Keypress: 3
44.9003 	EXP 	unnamed ShapeStim: vertices = <class 'numpy.ndarray'>
50.7756 	DATA 	Keypress: 3
50.7889 	EXP 	unnamed TextStim: text = ''
50.7889 	EXP 	unnamed TextStim: text = ''
52.8236 	DATA 	Keypress: 2
52.8401 	EXP 	unnamed ShapeStim: vertices = <class 'numpy.ndarray'>
56.1356 	DATA 	Keypress: rctrl
56.1600 	EXP 	unnamed TextStim: text = ''
56.1600 	EXP 	unnamed TextStim: text = ''
57.2276 	DATA 	Keypress: 2
57.2442 	EXP 	unnamed ShapeStim: vertices = <class 'numpy.ndarray'>
64.5835 	DATA 	Keypress: rctrl
67.5115 	DATA 	Keypress: rctrl
71.8635 	DATA 	Keypress: rctrl
72.3739 	EXP 	Sound  started
73.1237 	EXP 	Sound  started
73.1915 	DATA 	Keypress: rctrl
73.8737 	EXP 	Sound  started
73.8795 	DATA 	Keypress: rctrl
74.6237 	EXP 	Sound  started
74.6474 	DATA 	Keypress: lctrl
75.3737 	EXP 	Sound  started
75.3834 	DATA 	Keypress: rctrl
76.0874 	DATA 	Keypress: lctrl
76.1237 	EXP 	Sound  started
76.8394 	DATA 	Keypress: lctrl
76.8738 	EXP 	Sound  started
77.5754 	DATA 	Keypress: lctrl
77.6238 	EXP 	Sound  started
78.2954 	DATA 	Keypress: rctrl
78.3738 	EXP 	Sound  started
79.0634 	DATA 	Keypress: lctrl
79.1238 	EXP 	Sound  started
79.7994 	DATA 	Keypress: lctrl
79.8738 	EXP 	Sound  started
80.5194 	DATA 	Keypress: rctrl
80.6238 	EXP 	Sound  started
81.2394 	DATA 	Keypress: rctrl
81.3738 	EXP 	Sound  started
82.0075 	DATA 	Keypress: rctrl
82.1239 	EXP 	Sound  started
82.7754 	DATA 	Keypress: rctrl
82.8739 	EXP 	Sound  started
83.5595 	DATA 	Keypress: lctrl
83.6239 	EXP 	Sound  started
84.2954 	DATA 	Keypress: rctrl
84.3739 	EXP 	Sound  started
85.0315 	DATA 	Keypress: rctrl
85.1239 	EXP 	Sound  started
85.7834 	DATA 	Keypress: lctrl
85.8739 	EXP 	Sound  started
86.5354 	DATA 	Keypress: lctrl
86.6239 	EXP 	Sound  started
87.2714 	DATA 	Keypress: lctrl
87.3739 	EXP 	Sound  started
88.0074 	DATA 	Keypress: rctrl
88.1240 	EXP 	Sound  started
88.8234 	DATA 	Keypress: lctrl
88.8740 	EXP 	Sound  started
89.5595 	DATA 	Keypress: lctrl
89.6240 	EXP 	Sound  started
90.2634 	DATA 	Keypress: rctrl
90.3740 	EXP 	Sound  started
91.0154 	DATA 	Keypress: rctrl
91.1240 	EXP 	Sound  started
91.7674 	DATA 	Keypress: rctrl
91.8740 	EXP 	Sound  started
92.5354 	DATA 	Keypress: rctrl
92.6241 	EXP 	Sound  started
93.2555 	DATA 	Keypress: rctrl
93.3741 	EXP 	Sound  started
93.9914 	DATA 	Keypress: lctrl
94.1241 	EXP 	Sound  started
94.7594 	DATA 	Keypress: rctrl
94.8741 	EXP 	Sound  started
95.5274 	DATA 	Keypress: rctrl
95.6241 	EXP 	Sound  started
96.2796 	DATA 	Keypress: rctrl
96.3741 	EXP 	Sound  started
97.0634 	DATA 	Keypress: lctrl
97.1241 	EXP 	Sound  started
97.7674 	DATA 	Keypress: lctrl
97.8741 	EXP 	Sound  started
98.4874 	DATA 	Keypress: rctrl
98.6242 	EXP 	Sound  started
99.2554 	DATA 	Keypress: lctrl
99.3742 	EXP 	Sound  started
100.0234 	DATA 	Keypress: lctrl
100.1242 	EXP 	Sound  started
100.7754 	DATA 	Keypress: lctrl
100.8742 	EXP 	Sound  started
101.4954 	DATA 	Keypress: rctrl
101.6242 	EXP 	Sound  started
102.2475 	DATA 	Keypress: lctrl
102.3742 	EXP 	Sound  started
103.0314 	DATA 	Keypress: rctrl
103.1242 	EXP 	Sound  started
103.7675 	DATA 	Keypress: lctrl
103.8743 	EXP 	Sound  started
104.5034 	DATA 	Keypress: rctrl
104.6243 	EXP 	Sound  started
105.2554 	DATA 	Keypress: rctrl
105.3743 	EXP 	Sound  started
106.0554 	DATA 	Keypress: lctrl
106.1243 	EXP 	Sound  started
106.7914 	DATA 	Keypress: lctrl
106.8743 	EXP 	Sound  started
107.5274 	DATA 	Keypress: rctrl
107.6243 	EXP 	Sound  started
108.3274 	DATA 	Keypress: lctrl
108.3743 	EXP 	Sound  started
109.0795 	DATA 	Keypress: rctrl
109.1243 	EXP 	Sound  started
109.7834 	DATA 	Keypress: rctrl
109.8744 	EXP 	Sound  started
110.5834 	DATA 	Keypress: rctrl
110.6244 	EXP 	Sound  started
111.3034 	DATA 	Keypress: lctrl
111.3744 	EXP 	Sound  started
112.0394 	DATA 	Keypress: lctrl
112.1244 	EXP 	Sound  started
112.7914 	DATA 	Keypress: lctrl
112.8744 	EXP 	Sound  started
113.5274 	DATA 	Keypress: lctrl
113.6244 	EXP 	Sound  started
114.2794 	DATA 	Keypress: lctrl
114.3744 	EXP 	Sound  started
115.0794 	DATA 	Keypress: rctrl
115.1245 	EXP 	Sound  started
115.7674 	DATA 	Keypress: rctrl
115.8745 	EXP 	Sound  started
116.5834 	DATA 	Keypress: lctrl
116.6245 	EXP 	Sound  started
117.3354 	DATA 	Keypress: rctrl
117.3745 	EXP 	Sound  started
118.0553 	DATA 	Keypress: rctrl
118.1245 	EXP 	Sound  started
118.7754 	DATA 	Keypress: rctrl
118.8745 	EXP 	Sound  started
119.5915 	DATA 	Keypress: lctrl
119.6245 	EXP 	Sound  started
120.2795 	DATA 	Keypress: lctrl
120.3745 	EXP 	Sound  started
121.0154 	DATA 	Keypress: rctrl
121.1246 	EXP 	Sound  started
121.7834 	DATA 	Keypress: rctrl
121.8746 	EXP 	Sound  started
122.5354 	DATA 	Keypress: rctrl
122.6246 	EXP 	Sound  started
123.3033 	DATA 	Keypress: rctrl
123.3746 	EXP 	Sound  started
124.0394 	DATA 	Keypress: lctrl
124.1246 	EXP 	Sound  started
124.8074 	DATA 	Keypress: lctrl
124.8746 	EXP 	Sound  started
125.5594 	DATA 	Keypress: rctrl
125.6246 	EXP 	Sound  started
126.3114 	DATA 	Keypress: lctrl
129.6570 	DATA 	Keypress: 4
129.6864 	EXP 	unnamed ShapeStim: vertices = <class 'numpy.ndarray'>
142.1839 	DATA 	Keypress: 4
142.2133 	EXP 	unnamed ShapeStim: vertices = <class 'numpy.ndarray'>
151.4210 	DATA 	Keypress: 4
151.4375 	EXP 	unnamed ShapeStim: vertices = <class 'numpy.ndarray'>
153.7226 	EXP 	Sound  started
153.9274 	DATA 	Keypress: lctrl
154.4725 	EXP 	Sound  started
154.4873 	DATA 	Keypress: rctrl
155.1915 	DATA 	Keypress: rctrl
155.2225 	EXP 	Sound  started
155.9725 	EXP 	Sound  started
155.9753 	DATA 	Keypress: lctrl
156.6954 	DATA 	Keypress: rctrl
156.7225 	EXP 	Sound  started
157.4475 	DATA 	Keypress: rctrl
157.4725 	EXP 	Sound  started
158.1834 	DATA 	Keypress: rctrl
158.2226 	EXP 	Sound  started
158.9354 	DATA 	Keypress: lctrl
158.9726 	EXP 	Sound  started
159.6714 	DATA 	Keypress: lctrl
159.7226 	EXP 	Sound  started
160.4234 	DATA 	Keypress: rctrl
160.4726 	EXP 	Sound  started
161.1753 	DATA 	Keypress: lctrl
161.2226 	EXP 	Sound  started
161.8795 	DATA 	Keypress: lctrl
161.9726 	EXP 	Sound  started
162.6473 	DATA 	Keypress: lctrl
162.7226 	EXP 	Sound  started
163.4154 	DATA 	Keypress: rctrl
163.4726 	EXP 	Sound  started
164.1035 	DATA 	Keypress: rctrl
164.2227 	EXP 	Sound  started
164.8874 	DATA 	Keypress: lctrl
164.9727 	EXP 	Sound  started
165.6554 	DATA 	Keypress: rctrl
165.7227 	EXP 	Sound  started
166.4234 	DATA 	Keypress: lctrl
166.4727 	EXP 	Sound  started
167.1273 	DATA 	Keypress: lctrl
167.2227 	EXP 	Sound  started
167.8474 	DATA 	Keypress: lctrl
167.9727 	EXP 	Sound  started
168.5993 	DATA 	Keypress: lctrl
168.7227 	EXP 	Sound  started
169.3673 	DATA 	Keypress: lctrl
169.4727 	EXP 	Sound  started
170.1193 	DATA 	Keypress: rctrl
170.2228 	EXP 	Sound  started
170.8873 	DATA 	Keypress: lctrl
170.9728 	EXP 	Sound  started
171.6393 	DATA 	Keypress: rctrl
171.7228 	EXP 	Sound  started
172.3593 	DATA 	Keypress: rctrl
172.4728 	EXP 	Sound  started
173.1433 	DATA 	Keypress: lctrl
173.2228 	EXP 	Sound  started
173.9274 	DATA 	Keypress: rctrl
173.9728 	EXP 	Sound  started
174.6794 	DATA 	Keypress: rctrl
174.7228 	EXP 	Sound  started
175.3994 	DATA 	Keypress: rctrl
175.4729 	EXP 	Sound  started
176.1514 	DATA 	Keypress: rctrl
176.2229 	EXP 	Sound  started
176.8874 	DATA 	Keypress: lctrl
176.9729 	EXP 	Sound  started
177.6554 	DATA 	Keypress: lctrl
177.7229 	EXP 	Sound  started
178.4553 	DATA 	Keypress: lctrl
178.4729 	EXP 	Sound  started
179.1593 	DATA 	Keypress: lctrl
179.2229 	EXP 	Sound  started
179.8474 	DATA 	Keypress: lctrl
179.9729 	EXP 	Sound  started
180.6634 	DATA 	Keypress: rctrl
180.7230 	EXP 	Sound  started
181.3994 	DATA 	Keypress: rctrl
181.4730 	EXP 	Sound  started
182.1834 	DATA 	Keypress: rctrl
182.2230 	EXP 	Sound  started
182.9673 	DATA 	Keypress: lctrl
182.9730 	EXP 	Sound  started
183.6553 	DATA 	Keypress: rctrl
183.7230 	EXP 	Sound  started
184.4073 	DATA 	Keypress: rctrl
184.4730 	EXP 	Sound  started
185.1113 	DATA 	Keypress: rctrl
185.2230 	EXP 	Sound  started
185.9433 	DATA 	Keypress: rctrl
185.9730 	EXP 	Sound  started
186.6634 	DATA 	Keypress: lctrl
186.7231 	EXP 	Sound  started
187.3674 	DATA 	Keypress: rctrl
187.4731 	EXP 	Sound  started
188.1193 	DATA 	Keypress: rctrl
188.2231 	EXP 	Sound  started
188.8553 	DATA 	Keypress: rctrl
188.9731 	EXP 	Sound  started
189.6554 	DATA 	Keypress: lctrl
189.7231 	EXP 	Sound  started
190.4075 	DATA 	Keypress: rctrl
190.4731 	EXP 	Sound  started
191.1433 	DATA 	Keypress: lctrl
191.2231 	EXP 	Sound  started
191.8313 	DATA 	Keypress: lctrl
191.9731 	EXP 	Sound  started
192.6633 	DATA 	Keypress: rctrl
192.7232 	EXP 	Sound  started
193.3354 	DATA 	Keypress: lctrl
193.4732 	EXP 	Sound  started
194.0713 	DATA 	Keypress: lctrl
194.2232 	EXP 	Sound  started
194.8394 	DATA 	Keypress: lctrl
194.9732 	EXP 	Sound  started
195.6394 	DATA 	Keypress: lctrl
195.7232 	EXP 	Sound  started
196.3273 	DATA 	Keypress: lctrl
196.4732 	EXP 	Sound  started
197.1113 	DATA 	Keypress: lctrl
197.2232 	EXP 	Sound  started
197.8793 	DATA 	Keypress: rctrl
197.9733 	EXP 	Sound  started
198.6314 	DATA 	Keypress: rctrl
198.7233 	EXP 	Sound  started
199.4474 	DATA 	Keypress: lctrl
199.4733 	EXP 	Sound  started
200.1833 	DATA 	Keypress: rctrl
200.2233 	EXP 	Sound  started
200.9035 	DATA 	Keypress: rctrl
200.9733 	EXP 	Sound  started
201.6394 	DATA 	Keypress: rctrl
201.7233 	EXP 	Sound  started
202.3914 	DATA 	Keypress: lctrl
202.4733 	EXP 	Sound  started
203.1113 	DATA 	Keypress: rctrl
203.2234 	EXP 	Sound  started
203.8634 	DATA 	Keypress: rctrl
203.9734 	EXP 	Sound  started
204.6153 	DATA 	Keypress: rctrl
204.7234 	EXP 	Sound  started
205.3993 	DATA 	Keypress: rctrl
205.4734 	EXP 	Sound  started
206.1513 	DATA 	Keypress: lctrl
206.2234 	EXP 	Sound  started
206.8713 	DATA 	Keypress: lctrl
209.4685 	DATA 	Keypress: 4
209.4850 	EXP 	unnamed ShapeStim: vertices = <class 'numpy.ndarray'>
215.4567 	DATA 	Keypress: 4
215.4732 	EXP 	unnamed ShapeStim: vertices = <class 'numpy.ndarray'>
218.6260 	DATA 	Keypress: 4
218.6425 	EXP 	unnamed ShapeStim: vertices = <class 'numpy.ndarray'>
220.9274 	EXP 	Sound  started
220.9284 	DATA 	Keypress: lctrl
221.6234 	DATA 	Keypress: rctrl
221.6773 	EXP 	Sound  started
222.3275 	DATA 	Keypress: lctrl
222.4273 	EXP 	Sound  started
223.0793 	DATA 	Keypress: lctrl
223.1773 	EXP 	Sound  started
223.8793 	DATA 	Keypress: rctrl
223.9273 	EXP 	Sound  started
224.6633 	DATA 	Keypress: lctrl
224.6773 	EXP 	Sound  started
225.3994 	DATA 	Keypress: rctrl
225.4274 	EXP 	Sound  started
226.0393 	DATA 	Keypress: rctrl
226.1774 	EXP 	Sound  started
226.8394 	DATA 	Keypress: lctrl
226.9274 	EXP 	Sound  started
227.6393 	DATA 	Keypress: rctrl
227.6774 	EXP 	Sound  started
228.4073 	DATA 	Keypress: rctrl
228.4274 	EXP 	Sound  started
229.0633 	DATA 	Keypress: rctrl
229.1774 	EXP 	Sound  started
229.8473 	DATA 	Keypress: lctrl
229.9274 	EXP 	Sound  started
230.5834 	DATA 	Keypress: rctrl
230.6775 	EXP 	Sound  started
231.3033 	DATA 	Keypress: rctrl
231.4275 	EXP 	Sound  started
232.1194 	DATA 	Keypress: lctrl
232.1775 	EXP 	Sound  started
232.8553 	DATA 	Keypress: rctrl
232.9275 	EXP 	Sound  started
233.5914 	DATA 	Keypress: rctrl
233.6775 	EXP 	Sound  started
234.3114 	DATA 	Keypress: rctrl
234.4275 	EXP 	Sound  started
235.0633 	DATA 	Keypress: lctrl
235.1775 	EXP 	Sound  started
235.8313 	DATA 	Keypress: lctrl
235.9275 	EXP 	Sound  started
236.5833 	DATA 	Keypress: rctrl
236.6776 	EXP 	Sound  started
237.3513 	DATA 	Keypress: lctrl
237.4276 	EXP 	Sound  started
238.0873 	DATA 	Keypress: lctrl
238.1776 	EXP 	Sound  started
238.8074 	DATA 	Keypress: lctrl
238.9276 	EXP 	Sound  started
239.5755 	DATA 	Keypress: lctrl
239.6776 	EXP 	Sound  started
240.3273 	DATA 	Keypress: lctrl
240.4276 	EXP 	Sound  started
241.0153 	DATA 	Keypress: lctrl
241.1776 	EXP 	Sound  started
241.8473 	DATA 	Keypress: rctrl
241.9277 	EXP 	Sound  started
242.5993 	DATA 	Keypress: rctrl
242.6777 	EXP 	Sound  started
243.3994 	DATA 	Keypress: lctrl
243.4277 	EXP 	Sound  started
244.1353 	DATA 	Keypress: rctrl
244.1777 	EXP 	Sound  started
244.8233 	DATA 	Keypress: rctrl
244.9277 	EXP 	Sound  started
245.6073 	DATA 	Keypress: rctrl
245.6777 	EXP 	Sound  started
246.3593 	DATA 	Keypress: rctrl
246.4277 	EXP 	Sound  started
247.1273 	DATA 	Keypress: lctrl
247.1777 	EXP 	Sound  started
247.8153 	DATA 	Keypress: lctrl
247.9278 	EXP 	Sound  started
248.5994 	DATA 	Keypress: rctrl
248.6778 	EXP 	Sound  started
249.3673 	DATA 	Keypress: lctrl
249.4278 	EXP 	Sound  started
250.1033 	DATA 	Keypress: lctrl
250.1778 	EXP 	Sound  started
250.8393 	DATA 	Keypress: lctrl
250.9278 	EXP 	Sound  started
251.6073 	DATA 	Keypress: lctrl
251.6779 	EXP 	Sound  started
252.4073 	DATA 	Keypress: lctrl
252.4279 	EXP 	Sound  started
253.1433 	DATA 	Keypress: rctrl
253.1779 	EXP 	Sound  started
253.8793 	DATA 	Keypress: rctrl
253.9279 	EXP 	Sound  started
254.6154 	DATA 	Keypress: lctrl
254.6779 	EXP 	Sound  started
255.3034 	DATA 	Keypress: rctrl
255.4279 	EXP 	Sound  started
256.1193 	DATA 	Keypress: rctrl
256.1779 	EXP 	Sound  started
256.8554 	DATA 	Keypress: rctrl
256.9279 	EXP 	Sound  started
257.6073 	DATA 	Keypress: rctrl
257.6779 	EXP 	Sound  started
258.3433 	DATA 	Keypress: rctrl
258.4280 	EXP 	Sound  started
259.1273 	DATA 	Keypress: rctrl
259.1780 	EXP 	Sound  started
259.8473 	DATA 	Keypress: lctrl
259.9280 	EXP 	Sound  started
260.5993 	DATA 	Keypress: lctrl
260.6780 	EXP 	Sound  started
261.3513 	DATA 	Keypress: lctrl
261.4280 	EXP 	Sound  started
262.1033 	DATA 	Keypress: rctrl
262.1780 	EXP 	Sound  started
262.8713 	DATA 	Keypress: lctrl
262.9281 	EXP 	Sound  started
263.6394 	DATA 	Keypress: lctrl
263.6781 	EXP 	Sound  started
264.3434 	DATA 	Keypress: lctrl
264.4281 	EXP 	Sound  started
265.0953 	DATA 	Keypress: lctrl
265.1781 	EXP 	Sound  started
265.8475 	DATA 	Keypress: rctrl
265.9281 	EXP 	Sound  started
266.5833 	DATA 	Keypress: lctrl
266.6781 	EXP 	Sound  started
267.3193 	DATA 	Keypress: rctrl
267.4281 	EXP 	Sound  started
268.1033 	DATA 	Keypress: rctrl
268.1781 	EXP 	Sound  started
268.8393 	DATA 	Keypress: lctrl
268.9282 	EXP 	Sound  started
269.5753 	DATA 	Keypress: lctrl
269.6782 	EXP 	Sound  started
270.3753 	DATA 	Keypress: rctrl
270.4282 	EXP 	Sound  started
271.1113 	DATA 	Keypress: lctrl
271.1782 	EXP 	Sound  started
271.7673 	DATA 	Keypress: lctrl
271.9282 	EXP 	Sound  started
272.5353 	DATA 	Keypress: lctrl
272.6782 	EXP 	Sound  started
273.3193 	DATA 	Keypress: rctrl
273.4282 	EXP 	Sound  started
274.0233 	DATA 	Keypress: rctrl
274.1782 	EXP 	Sound  started
274.8073 	DATA 	Keypress: lctrl
274.9283 	EXP 	Sound  started
275.6394 	DATA 	Keypress: rctrl
275.6783 	EXP 	Sound  started
276.4073 	DATA 	Keypress: rctrl
276.4283 	EXP 	Sound  started
277.1434 	DATA 	Keypress: rctrl
277.1783 	EXP 	Sound  started
277.8793 	DATA 	Keypress: rctrl
277.9283 	EXP 	Sound  started
278.5993 	DATA 	Keypress: lctrl
278.6783 	EXP 	Sound  started
279.3513 	DATA 	Keypress: rctrl
279.4283 	EXP 	Sound  started
280.1034 	DATA 	Keypress: lctrl
280.1784 	EXP 	Sound  started
280.8393 	DATA 	Keypress: rctrl
280.9284 	EXP 	Sound  started
281.6073 	DATA 	Keypress: lctrl
281.6784 	EXP 	Sound  started
282.3593 	DATA 	Keypress: rctrl
282.4284 	EXP 	Sound  started
283.0953 	DATA 	Keypress: rctrl
283.1784 	EXP 	Sound  started
283.8793 	DATA 	Keypress: lctrl
283.9284 	EXP 	Sound  started
284.6153 	DATA 	Keypress: rctrl
284.6784 	EXP 	Sound  started
285.3995 	DATA 	Keypress: lctrl
285.4285 	EXP 	Sound  started
286.1033 	DATA 	Keypress: lctrl
286.1785 	EXP 	Sound  started
286.7915 	DATA 	Keypress: lctrl
286.9285 	EXP 	Sound  started
287.5593 	DATA 	Keypress: lctrl
287.6785 	EXP 	Sound  started
288.2793 	DATA 	Keypress: rctrl
290.1846 	DATA 	Keypress: 4
290.2011 	EXP 	unnamed ShapeStim: vertices = <class 'numpy.ndarray'>
297.9781 	DATA 	Keypress: 4
298.0075 	EXP 	unnamed ShapeStim: vertices = <class 'numpy.ndarray'>
299.8963 	DATA 	Keypress: 3
299.9257 	EXP 	unnamed ShapeStim: vertices = <class 'numpy.ndarray'>
302.2107 	EXP 	Sound  started
302.2115 	DATA 	Keypress: lctrl
302.8555 	DATA 	Keypress: lctrl
302.9605 	EXP 	Sound  started
303.6393 	DATA 	Keypress: lctrl
303.7105 	EXP 	Sound  started
304.3913 	DATA 	Keypress: rctrl
304.4605 	EXP 	Sound  started
305.1433 	DATA 	Keypress: rctrl
305.2106 	EXP 	Sound  started
305.8633 	DATA 	Keypress: lctrl
305.9606 	EXP 	Sound  started
306.6473 	DATA 	Keypress: rctrl
306.7106 	EXP 	Sound  started
307.3993 	DATA 	Keypress: rctrl
307.4606 	EXP 	Sound  started
308.0874 	DATA 	Keypress: rctrl
308.2106 	EXP 	Sound  started
308.8393 	DATA 	Keypress: rctrl
308.9606 	EXP 	Sound  started
309.6713 	DATA 	Keypress: lctrl
309.7106 	EXP 	Sound  started
310.3913 	DATA 	Keypress: rctrl
310.4606 	EXP 	Sound  started
311.1593 	DATA 	Keypress: rctrl
311.2107 	EXP 	Sound  started
311.9113 	DATA 	Keypress: lctrl
311.9607 	EXP 	Sound  started
312.6793 	DATA 	Keypress: lctrl
312.7107 	EXP 	Sound  started
313.4153 	DATA 	Keypress: lctrl
313.4607 	EXP 	Sound  started
314.1193 	DATA 	Keypress: lctrl
314.2107 	EXP 	Sound  started
314.8552 	DATA 	Keypress: rctrl
314.9607 	EXP 	Sound  started
315.6232 	DATA 	Keypress: rctrl
315.7107 	EXP 	Sound  started
316.3913 	DATA 	Keypress: lctrl
316.4608 	EXP 	Sound  started
317.1272 	DATA 	Keypress: rctrl
317.2108 	EXP 	Sound  started
317.8312 	DATA 	Keypress: rctrl
317.9608 	EXP 	Sound  started
318.5993 	DATA 	Keypress: rctrl
318.7108 	EXP 	Sound  started
319.3193 	DATA 	Keypress: rctrl
319.4608 	EXP 	Sound  started
320.0872 	DATA 	Keypress: lctrl
320.2108 	EXP 	Sound  started
320.8873 	DATA 	Keypress: rctrl
320.9609 	EXP 	Sound  started
321.6392 	DATA 	Keypress: lctrl
321.7109 	EXP 	Sound  started
322.3914 	DATA 	Keypress: lctrl
322.4609 	EXP 	Sound  started
323.1433 	DATA 	Keypress: rctrl
323.2109 	EXP 	Sound  started
323.8634 	DATA 	Keypress: rctrl
323.9609 	EXP 	Sound  started
324.6473 	DATA 	Keypress: rctrl
324.7109 	EXP 	Sound  started
325.3352 	DATA 	Keypress: lctrl
325.4609 	EXP 	Sound  started
326.1353 	DATA 	Keypress: rctrl
326.2109 	EXP 	Sound  started
326.8873 	DATA 	Keypress: rctrl
326.9609 	EXP 	Sound  started
327.5913 	DATA 	Keypress: lctrl
327.7110 	EXP 	Sound  started
328.3912 	DATA 	Keypress: lctrl
328.4610 	EXP 	Sound  started
329.1433 	DATA 	Keypress: lctrl
329.2110 	EXP 	Sound  started
329.8313 	DATA 	Keypress: rctrl
329.9610 	EXP 	Sound  started
330.6153 	DATA 	Keypress: lctrl
330.7110 	EXP 	Sound  started
331.3512 	DATA 	Keypress: rctrl
331.4610 	EXP 	Sound  started
332.1352 	DATA 	Keypress: lctrl
332.2110 	EXP 	Sound  started
332.9032 	DATA 	Keypress: lctrl
332.9610 	EXP 	Sound  started
333.6553 	DATA 	Keypress: rctrl
333.7111 	EXP 	Sound  started
334.3592 	DATA 	Keypress: rctrl
334.4611 	EXP 	Sound  started
335.0633 	DATA 	Keypress: rctrl
335.2111 	EXP 	Sound  started
335.8153 	DATA 	Keypress: lctrl
335.9611 	EXP 	Sound  started
336.5832 	DATA 	Keypress: rctrl
336.7111 	EXP 	Sound  started
337.3993 	DATA 	Keypress: rctrl
337.4611 	EXP 	Sound  started
338.1672 	DATA 	Keypress: lctrl
338.2112 	EXP 	Sound  started
338.9352 	DATA 	Keypress: lctrl
338.9612 	EXP 	Sound  started
339.6713 	DATA 	Keypress: lctrl
339.7112 	EXP 	Sound  started
340.4072 	DATA 	Keypress: lctrl
343.9619 	DATA 	Keypress: 2
343.9784 	EXP 	unnamed ShapeStim: vertices = <class 'numpy.ndarray'>
349.1495 	DATA 	Keypress: 4
349.1660 	EXP 	unnamed ShapeStim: vertices = <class 'numpy.ndarray'>
361.3595 	DATA 	Keypress: 1
361.3760 	EXP 	unnamed ShapeStim: vertices = <class 'numpy.ndarray'>
363.6603 	EXP 	Sound  started
363.6612 	DATA 	Keypress: rctrl
364.2794 	DATA 	Keypress: rctrl
364.4101 	EXP 	Sound  started
365.1272 	DATA 	Keypress: lctrl
365.1601 	EXP 	Sound  started
365.8953 	DATA 	Keypress: rctrl
365.9101 	EXP 	Sound  started
366.6312 	DATA 	Keypress: lctrl
366.6602 	EXP 	Sound  started
367.3193 	DATA 	Keypress: lctrl
367.4102 	EXP 	Sound  started
368.0393 	DATA 	Keypress: lctrl
368.1602 	EXP 	Sound  started
368.8233 	DATA 	Keypress: rctrl
368.9102 	EXP 	Sound  started
369.5913 	DATA 	Keypress: lctrl
369.6602 	EXP 	Sound  started
370.3272 	DATA 	Keypress: rctrl
370.4102 	EXP 	Sound  started
371.0153 	DATA 	Keypress: rctrl
371.1602 	EXP 	Sound  started
371.8473 	DATA 	Keypress: rctrl
371.9102 	EXP 	Sound  started
372.5832 	DATA 	Keypress: lctrl
372.6603 	EXP 	Sound  started
373.3192 	DATA 	Keypress: rctrl
373.4103 	EXP 	Sound  started
374.0233 	DATA 	Keypress: lctrl
374.1603 	EXP 	Sound  started
374.7592 	DATA 	Keypress: lctrl
374.9103 	EXP 	Sound  started
375.5592 	DATA 	Keypress: lctrl
375.6603 	EXP 	Sound  started
376.2632 	DATA 	Keypress: lctrl
376.4103 	EXP 	Sound  started
377.0953 	DATA 	Keypress: rctrl
377.1603 	EXP 	Sound  started
377.8792 	DATA 	Keypress: rctrl
377.9104 	EXP 	Sound  started
378.6312 	DATA 	Keypress: lctrl
378.6604 	EXP 	Sound  started
379.3992 	DATA 	Keypress: rctrl
379.4104 	EXP 	Sound  started
380.0872 	DATA 	Keypress: rctrl
380.1604 	EXP 	Sound  started
380.8392 	DATA 	Keypress: rctrl
380.9104 	EXP 	Sound  started
381.5913 	DATA 	Keypress: lctrl
381.6604 	EXP 	Sound  started
382.3433 	DATA 	Keypress: lctrl
382.4104 	EXP 	Sound  started
383.0472 	DATA 	Keypress: rctrl
383.1605 	EXP 	Sound  started
383.7673 	DATA 	Keypress: lctrl
383.9105 	EXP 	Sound  started
384.5673 	DATA 	Keypress: rctrl
384.6605 	EXP 	Sound  started
385.3352 	DATA 	Keypress: rctrl
385.4105 	EXP 	Sound  started
386.0553 	DATA 	Keypress: rctrl
386.1605 	EXP 	Sound  started
386.8233 	DATA 	Keypress: rctrl
386.9105 	EXP 	Sound  started
387.6393 	DATA 	Keypress: rctrl
387.6605 	EXP 	Sound  started
388.3752 	DATA 	Keypress: lctrl
388.4106 	EXP 	Sound  started
389.0472 	DATA 	Keypress: lctrl
389.1606 	EXP 	Sound  started
389.8153 	DATA 	Keypress: lctrl
389.9106 	EXP 	Sound  started
390.5992 	DATA 	Keypress: rctrl
390.6606 	EXP 	Sound  started
391.2873 	DATA 	Keypress: lctrl
391.4106 	EXP 	Sound  started
392.0553 	DATA 	Keypress: lctrl
392.1606 	EXP 	Sound  started
392.7912 	DATA 	Keypress: lctrl
392.9106 	EXP 	Sound  started
393.5752 	DATA 	Keypress: lctrl
393.6607 	EXP 	Sound  started
394.2792 	DATA 	Keypress: rctrl
394.4107 	EXP 	Sound  started
395.0792 	DATA 	Keypress: rctrl
395.1607 	EXP 	Sound  started
395.8472 	DATA 	Keypress: lctrl
395.9107 	EXP 	Sound  started
396.6152 	DATA 	Keypress: rctrl
396.6607 	EXP 	Sound  started
397.3033 	DATA 	Keypress: lctrl
397.4107 	EXP 	Sound  started
398.0552 	DATA 	Keypress: rctrl
398.1607 	EXP 	Sound  started
398.8552 	DATA 	Keypress: rctrl
398.9107 	EXP 	Sound  started
399.5752 	DATA 	Keypress: lctrl
399.6607 	EXP 	Sound  started
400.3273 	DATA 	Keypress: rctrl
400.4108 	EXP 	Sound  started
401.0953 	DATA 	Keypress: rctrl
401.1608 	EXP 	Sound  started
401.8632 	DATA 	Keypress: rctrl
401.9108 	EXP 	Sound  started
402.5832 	DATA 	Keypress: lctrl
402.6608 	EXP 	Sound  started
403.3192 	DATA 	Keypress: lctrl
403.4108 	EXP 	Sound  started
404.0872 	DATA 	Keypress: rctrl
404.1608 	EXP 	Sound  started
404.7432 	DATA 	Keypress: lctrl
404.9108 	EXP 	Sound  started
405.5432 	DATA 	Keypress: rctrl
405.6609 	EXP 	Sound  started
406.2632 	DATA 	Keypress: rctrl
406.4109 	EXP 	Sound  started
407.0473 	DATA 	Keypress: lctrl
407.1609 	EXP 	Sound  started
407.7832 	DATA 	Keypress: lctrl
407.9109 	EXP 	Sound  started
408.4872 	DATA 	Keypress: rctrl
408.6609 	EXP 	Sound  started
409.2714 	DATA 	Keypress: rctrl
409.4109 	EXP 	Sound  started
410.0392 	DATA 	Keypress: lctrl
410.1609 	EXP 	Sound  started
410.7753 	DATA 	Keypress: lctrl
410.9110 	EXP 	Sound  started
411.4953 	DATA 	Keypress: lctrl
411.6610 	EXP 	Sound  started
412.3112 	DATA 	Keypress: rctrl
412.4110 	EXP 	Sound  started
413.0792 	DATA 	Keypress: lctrl
413.1610 	EXP 	Sound  started
413.7992 	DATA 	Keypress: lctrl
413.9110 	EXP 	Sound  started
414.5193 	DATA 	Keypress: lctrl
414.6611 	EXP 	Sound  started
415.2552 	DATA 	Keypress: lctrl
415.4111 	EXP 	Sound  started
416.0552 	DATA 	Keypress: rctrl
416.1611 	EXP 	Sound  started
416.7913 	DATA 	Keypress: rctrl
416.9111 	EXP 	Sound  started
417.5432 	DATA 	Keypress: rctrl
417.6611 	EXP 	Sound  started
418.2792 	DATA 	Keypress: rctrl
418.4111 	EXP 	Sound  started
419.0472 	DATA 	Keypress: rctrl
419.1612 	EXP 	Sound  started
419.7192 	DATA 	Keypress: lctrl
419.9112 	EXP 	Sound  started
420.4872 	DATA 	Keypress: lctrl
420.6612 	EXP 	Sound  started
421.2872 	DATA 	Keypress: rctrl
423.0273 	DATA 	Keypress: 4
423.0432 	EXP 	unnamed ShapeStim: vertices = <class 'numpy.ndarray'>
426.7130 	DATA 	Keypress: 4
426.7295 	EXP 	unnamed ShapeStim: vertices = <class 'numpy.ndarray'>
429.5654 	DATA 	Keypress: 4
429.5819 	EXP 	unnamed ShapeStim: vertices = <class 'numpy.ndarray'>
431.8669 	EXP 	Sound  started
431.8678 	DATA 	Keypress: lctrl
432.5352 	DATA 	Keypress: lctrl
432.6167 	EXP 	Sound  started
433.3032 	DATA 	Keypress: rctrl
433.3667 	EXP 	Sound  started
434.1032 	DATA 	Keypress: lctrl
434.1167 	EXP 	Sound  started
434.8392 	DATA 	Keypress: rctrl
434.8668 	EXP 	Sound  started
435.5272 	DATA 	Keypress: rctrl
435.6168 	EXP 	Sound  started
436.2952 	DATA 	Keypress: rctrl
436.3668 	EXP 	Sound  started
437.0472 	DATA 	Keypress: rctrl
437.1168 	EXP 	Sound  started
437.7672 	DATA 	Keypress: rctrl
437.8668 	EXP 	Sound  started
438.5512 	DATA 	Keypress: lctrl
438.6168 	EXP 	Sound  started
439.2712 	DATA 	Keypress: lctrl
439.3668 	EXP 	Sound  started
440.0072 	DATA 	Keypress: rctrl
440.1169 	EXP 	Sound  started
440.8072 	DATA 	Keypress: lctrl
440.8669 	EXP 	Sound  started
441.5114 	DATA 	Keypress: lctrl
441.6169 	EXP 	Sound  started
442.3669 	EXP 	Sound  started
442.3753 	DATA 	Keypress: lctrl
443.0153 	DATA 	Keypress: rctrl
443.1169 	EXP 	Sound  started
443.7674 	DATA 	Keypress: rctrl
443.8669 	EXP 	Sound  started
444.5192 	DATA 	Keypress: rctrl
444.6170 	EXP 	Sound  started
445.2392 	DATA 	Keypress: rctrl
445.3670 	EXP 	Sound  started
445.9912 	DATA 	Keypress: rctrl
446.1170 	EXP 	Sound  started
446.7752 	DATA 	Keypress: rctrl
446.8670 	EXP 	Sound  started
447.4952 	DATA 	Keypress: rctrl
447.6170 	EXP 	Sound  started
448.2313 	DATA 	Keypress: lctrl
448.3670 	EXP 	Sound  started
448.9992 	DATA 	Keypress: rctrl
449.1170 	EXP 	Sound  started
449.7192 	DATA 	Keypress: lctrl
449.8670 	EXP 	Sound  started
450.4712 	DATA 	Keypress: rctrl
450.6171 	EXP 	Sound  started
451.2232 	DATA 	Keypress: rctrl
451.3671 	EXP 	Sound  started
452.0393 	DATA 	Keypress: lctrl
452.1171 	EXP 	Sound  started
452.7752 	DATA 	Keypress: lctrl
452.8671 	EXP 	Sound  started
453.5432 	DATA 	Keypress: lctrl
453.6171 	EXP 	Sound  started
454.2152 	DATA 	Keypress: lctrl
454.3671 	EXP 	Sound  started
454.8873 	DATA 	Keypress: rctrl
455.1171 	EXP 	Sound  started
455.6872 	DATA 	Keypress: rctrl
455.8671 	EXP 	Sound  started
456.4393 	DATA 	Keypress: lctrl
456.6172 	EXP 	Sound  started
457.1912 	DATA 	Keypress: lctrl
457.3672 	EXP 	Sound  started
457.9592 	DATA 	Keypress: lctrl
458.1172 	EXP 	Sound  started
458.6792 	DATA 	Keypress: rctrl
458.8672 	EXP 	Sound  started
459.4953 	DATA 	Keypress: lctrl
459.6172 	EXP 	Sound  started
460.2792 	DATA 	Keypress: lctrl
460.3672 	EXP 	Sound  started
461.0152 	DATA 	Keypress: lctrl
461.1172 	EXP 	Sound  started
461.7672 	DATA 	Keypress: lctrl
461.8673 	EXP 	Sound  started
462.4872 	DATA 	Keypress: lctrl
462.6173 	EXP 	Sound  started
463.2392 	DATA 	Keypress: rctrl
463.3673 	EXP 	Sound  started
464.0071 	DATA 	Keypress: rctrl
464.1173 	EXP 	Sound  started
464.7592 	DATA 	Keypress: lctrl
464.8673 	EXP 	Sound  started
465.5272 	DATA 	Keypress: rctrl
465.6173 	EXP 	Sound  started
466.2312 	DATA 	Keypress: rctrl
466.3673 	EXP 	Sound  started
466.9673 	DATA 	Keypress: rctrl
467.1173 	EXP 	Sound  started
467.7032 	DATA 	Keypress: rctrl
467.8674 	EXP 	Sound  started
468.4392 	DATA 	Keypress: lctrl
468.6174 	EXP 	Sound  started
469.1912 	DATA 	Keypress: lctrl
469.3674 	EXP 	Sound  started
469.9592 	DATA 	Keypress: rctrl
470.1174 	EXP 	Sound  started
470.7592 	DATA 	Keypress: lctrl
470.8674 	EXP 	Sound  started
471.5272 	DATA 	Keypress: rctrl
471.6174 	EXP 	Sound  started
472.2632 	DATA 	Keypress: rctrl
472.3674 	EXP 	Sound  started
472.9831 	DATA 	Keypress: lctrl
473.1175 	EXP 	Sound  started
473.8152 	DATA 	Keypress: rctrl
473.8675 	EXP 	Sound  started
474.5991 	DATA 	Keypress: rctrl
474.6175 	EXP 	Sound  started
475.3192 	DATA 	Keypress: rctrl
475.3675 	EXP 	Sound  started
476.0232 	DATA 	Keypress: lctrl
476.1175 	EXP 	Sound  started
476.7433 	DATA 	Keypress: lctrl
476.8675 	EXP 	Sound  started
477.4631 	DATA 	Keypress: rctrl
477.6175 	EXP 	Sound  started
478.1991 	DATA 	Keypress: lctrl
478.3676 	EXP 	Sound  started
478.9671 	DATA 	Keypress: lctrl
479.1176 	EXP 	Sound  started
479.6712 	DATA 	Keypress: lctrl
479.8676 	EXP 	Sound  started
480.4713 	DATA 	Keypress: lctrl
480.6176 	EXP 	Sound  started
481.1912 	DATA 	Keypress: lctrl
481.3676 	EXP 	Sound  started
481.9272 	DATA 	Keypress: rctrl
482.1176 	EXP 	Sound  started
482.7912 	DATA 	Keypress: rctrl
482.8677 	EXP 	Sound  started
483.4792 	DATA 	Keypress: lctrl
483.6177 	EXP 	Sound  started
484.2151 	DATA 	Keypress: rctrl
486.2155 	DATA 	Keypress: 3
486.2449 	EXP 	unnamed ShapeStim: vertices = <class 'numpy.ndarray'>
488.2505 	DATA 	Keypress: 2
488.2799 	EXP 	unnamed ShapeStim: vertices = <class 'numpy.ndarray'>
491.2497 	DATA 	Keypress: 2
491.2661 	EXP 	unnamed ShapeStim: vertices = <class 'numpy.ndarray'>
493.5506 	EXP 	Sound  started
493.6714 	DATA 	Keypress: rctrl
494.2792 	DATA 	Keypress: rctrl
494.3004 	EXP 	Sound  started
495.0312 	DATA 	Keypress: lctrl
495.0504 	EXP 	Sound  started
495.7992 	DATA 	Keypress: rctrl
495.8004 	EXP 	Sound  started
496.5032 	DATA 	Keypress: rctrl
496.5504 	EXP 	Sound  started
497.2552 	DATA 	Keypress: lctrl
497.3005 	EXP 	Sound  started
497.9911 	DATA 	Keypress: lctrl
498.0505 	EXP 	Sound  started
498.6792 	DATA 	Keypress: lctrl
498.8005 	EXP 	Sound  started
499.5112 	DATA 	Keypress: rctrl
499.5505 	EXP 	Sound  started
500.2152 	DATA 	Keypress: lctrl
500.3005 	EXP 	Sound  started
500.9352 	DATA 	Keypress: lctrl
501.0505 	EXP 	Sound  started
501.7032 	DATA 	Keypress: rctrl
501.8006 	EXP 	Sound  started
502.4712 	DATA 	Keypress: lctrl
502.5506 	EXP 	Sound  started
503.2071 	DATA 	Keypress: rctrl
503.3006 	EXP 	Sound  started
504.0232 	DATA 	Keypress: rctrl
504.0506 	EXP 	Sound  started
504.8006 	EXP 	Sound  started
504.8073 	DATA 	Keypress: rctrl
505.4793 	DATA 	Keypress: rctrl
505.5506 	EXP 	Sound  started
506.2152 	DATA 	Keypress: lctrl
506.3006 	EXP 	Sound  started
506.9352 	DATA 	Keypress: lctrl
507.0507 	EXP 	Sound  started
507.6392 	DATA 	Keypress: rctrl
507.8007 	EXP 	Sound  started
508.5031 	DATA 	Keypress: lctrl
508.5507 	EXP 	Sound  started
509.2393 	DATA 	Keypress: lctrl
509.3007 	EXP 	Sound  started
509.9591 	DATA 	Keypress: lctrl
510.0507 	EXP 	Sound  started
510.7592 	DATA 	Keypress: rctrl
510.8007 	EXP 	Sound  started
511.5111 	DATA 	Keypress: rctrl
511.5507 	EXP 	Sound  started
512.2471 	DATA 	Keypress: lctrl
512.3007 	EXP 	Sound  started
512.9991 	DATA 	Keypress: rctrl
513.0508 	EXP 	Sound  started
513.7352 	DATA 	Keypress: lctrl
513.8008 	EXP 	Sound  started
514.5508 	EXP 	Sound  started
514.5524 	DATA 	Keypress: lctrl
515.2551 	DATA 	Keypress: lctrl
515.3008 	EXP 	Sound  started
515.9752 	DATA 	Keypress: rctrl
516.0508 	EXP 	Sound  started
516.6951 	DATA 	Keypress: lctrl
516.8008 	EXP 	Sound  started
517.4632 	DATA 	Keypress: lctrl
517.5508 	EXP 	Sound  started
518.1991 	DATA 	Keypress: lctrl
518.3009 	EXP 	Sound  started
518.9512 	DATA 	Keypress: rctrl
519.0509 	EXP 	Sound  started
519.7031 	DATA 	Keypress: rctrl
519.8009 	EXP 	Sound  started
520.4552 	DATA 	Keypress: rctrl
520.5509 	EXP 	Sound  started
521.2872 	DATA 	Keypress: lctrl
521.3009 	EXP 	Sound  started
522.0073 	DATA 	Keypress: rctrl
522.0510 	EXP 	Sound  started
522.7111 	DATA 	Keypress: lctrl
522.8009 	EXP 	Sound  started
523.5112 	DATA 	Keypress: rctrl
523.5510 	EXP 	Sound  started
524.2631 	DATA 	Keypress: rctrl
524.3010 	EXP 	Sound  started
524.9513 	DATA 	Keypress: lctrl
525.0510 	EXP 	Sound  started
525.7032 	DATA 	Keypress: rctrl
525.8010 	EXP 	Sound  started
526.4872 	DATA 	Keypress: rctrl
526.5510 	EXP 	Sound  started
527.2392 	DATA 	Keypress: rctrl
527.3010 	EXP 	Sound  started
527.9752 	DATA 	Keypress: rctrl
528.0510 	EXP 	Sound  started
528.7272 	DATA 	Keypress: lctrl
528.8011 	EXP 	Sound  started
529.4792 	DATA 	Keypress: lctrl
529.5511 	EXP 	Sound  started
530.2152 	DATA 	Keypress: lctrl
530.3011 	EXP 	Sound  started
530.9671 	DATA 	Keypress: rctrl
531.0511 	EXP 	Sound  started
531.7192 	DATA 	Keypress: lctrl
531.8011 	EXP 	Sound  started
532.4872 	DATA 	Keypress: lctrl
532.5511 	EXP 	Sound  started
533.2231 	DATA 	Keypress: lctrl
533.3011 	EXP 	Sound  started
533.9591 	DATA 	Keypress: rctrl
534.0512 	EXP 	Sound  started
534.8012 	EXP 	Sound  started
534.8073 	DATA 	Keypress: rctrl
535.5111 	DATA 	Keypress: lctrl
535.5512 	EXP 	Sound  started
536.2791 	DATA 	Keypress: lctrl
536.3012 	EXP 	Sound  started
537.0311 	DATA 	Keypress: lctrl
537.0512 	EXP 	Sound  started
537.7831 	DATA 	Keypress: lctrl
537.8012 	EXP 	Sound  started
538.4712 	DATA 	Keypress: rctrl
538.5513 	EXP 	Sound  started
539.3013 	EXP 	Sound  started
539.3032 	DATA 	Keypress: lctrl
539.9751 	DATA 	Keypress: rctrl
540.0513 	EXP 	Sound  started
540.7591 	DATA 	Keypress: rctrl
540.8013 	EXP 	Sound  started
541.5272 	DATA 	Keypress: lctrl
541.5513 	EXP 	Sound  started
542.2631 	DATA 	Keypress: rctrl
542.3013 	EXP 	Sound  started
542.9831 	DATA 	Keypress: lctrl
543.0514 	EXP 	Sound  started
543.7352 	DATA 	Keypress: lctrl
543.8014 	EXP 	Sound  started
544.4551 	DATA 	Keypress: lctrl
544.5514 	EXP 	Sound  started
545.1751 	DATA 	Keypress: rctrl
545.3014 	EXP 	Sound  started
545.9591 	DATA 	Keypress: rctrl
546.0514 	EXP 	Sound  started
546.7592 	DATA 	Keypress: rctrl
550.5477 	DATA 	Keypress: 2
550.5642 	EXP 	unnamed ShapeStim: vertices = <class 'numpy.ndarray'>
554.9847 	DATA 	Keypress: 4
555.0012 	EXP 	unnamed ShapeStim: vertices = <class 'numpy.ndarray'>
560.7394 	DATA 	Keypress: 1
560.7559 	EXP 	unnamed ShapeStim: vertices = <class 'numpy.ndarray'>
563.0405 	EXP 	Sound  started
563.0413 	DATA 	Keypress: rctrl
563.6234 	DATA 	Keypress: rctrl
563.7904 	EXP 	Sound  started
564.3592 	DATA 	Keypress: lctrl
564.5404 	EXP 	Sound  started
565.2071 	DATA 	Keypress: rctrl
565.2904 	EXP 	Sound  started
565.9591 	DATA 	Keypress: rctrl
566.0404 	EXP 	Sound  started
566.7271 	DATA 	Keypress: rctrl
566.7904 	EXP 	Sound  started
567.4951 	DATA 	Keypress: lctrl
567.5404 	EXP 	Sound  started
568.2151 	DATA 	Keypress: lctrl
568.2904 	EXP 	Sound  started
568.9671 	DATA 	Keypress: rctrl
569.0405 	EXP 	Sound  started
569.7191 	DATA 	Keypress: lctrl
569.7905 	EXP 	Sound  started
570.4551 	DATA 	Keypress: rctrl
570.5405 	EXP 	Sound  started
571.1751 	DATA 	Keypress: rctrl
571.2905 	EXP 	Sound  started
572.0071 	DATA 	Keypress: lctrl
572.0405 	EXP 	Sound  started
572.7751 	DATA 	Keypress: lctrl
572.7905 	EXP 	Sound  started
573.5113 	DATA 	Keypress: lctrl
573.5406 	EXP 	Sound  started
574.2471 	DATA 	Keypress: lctrl
574.2906 	EXP 	Sound  started
574.9671 	DATA 	Keypress: rctrl
575.0406 	EXP 	Sound  started
575.7351 	DATA 	Keypress: lctrl
575.7906 	EXP 	Sound  started
576.4871 	DATA 	Keypress: rctrl
576.5406 	EXP 	Sound  started
577.2231 	DATA 	Keypress: rctrl
577.2906 	EXP 	Sound  started
577.9752 	DATA 	Keypress: lctrl
578.0406 	EXP 	Sound  started
578.7271 	DATA 	Keypress: lctrl
578.7906 	EXP 	Sound  started
579.4471 	DATA 	Keypress: lctrl
579.5407 	EXP 	Sound  started
580.2151 	DATA 	Keypress: lctrl
580.2907 	EXP 	Sound  started
580.9511 	DATA 	Keypress: rctrl
581.0407 	EXP 	Sound  started
581.7031 	DATA 	Keypress: rctrl
581.7907 	EXP 	Sound  started
582.4391 	DATA 	Keypress: lctrl
582.5407 	EXP 	Sound  started
583.1911 	DATA 	Keypress: rctrl
583.2907 	EXP 	Sound  started
583.8791 	DATA 	Keypress: rctrl
584.0407 	EXP 	Sound  started
584.6151 	DATA 	Keypress: lctrl
584.7908 	EXP 	Sound  started
585.4151 	DATA 	Keypress: lctrl
585.5408 	EXP 	Sound  started
586.2152 	DATA 	Keypress: rctrl
586.2908 	EXP 	Sound  started
586.9511 	DATA 	Keypress: rctrl
587.0408 	EXP 	Sound  started
587.6711 	DATA 	Keypress: rctrl
587.7908 	EXP 	Sound  started
588.3911 	DATA 	Keypress: lctrl
588.5408 	EXP 	Sound  started
589.1271 	DATA 	Keypress: rctrl
589.2908 	EXP 	Sound  started
589.8631 	DATA 	Keypress: lctrl
590.0408 	EXP 	Sound  started
590.6311 	DATA 	Keypress: rctrl
590.7909 	EXP 	Sound  started
591.4471 	DATA 	Keypress: rctrl
591.5409 	EXP 	Sound  started
592.1991 	DATA 	Keypress: lctrl
592.2909 	EXP 	Sound  started
593.0151 	DATA 	Keypress: rctrl
593.0409 	EXP 	Sound  started
593.7351 	DATA 	Keypress: lctrl
593.7909 	EXP 	Sound  started
594.4711 	DATA 	Keypress: lctrl
594.5409 	EXP 	Sound  started
595.1911 	DATA 	Keypress: lctrl
595.2909 	EXP 	Sound  started
595.9751 	DATA 	Keypress: rctrl
596.0410 	EXP 	Sound  started
596.7111 	DATA 	Keypress: rctrl
596.7910 	EXP 	Sound  started
597.4471 	DATA 	Keypress: lctrl
597.5410 	EXP 	Sound  started
598.1511 	DATA 	Keypress: rctrl
598.2910 	EXP 	Sound  started
598.8871 	DATA 	Keypress: rctrl
599.0410 	EXP 	Sound  started
599.6552 	DATA 	Keypress: rctrl
599.7910 	EXP 	Sound  started
600.4231 	DATA 	Keypress: rctrl
600.5410 	EXP 	Sound  started
601.1591 	DATA 	Keypress: rctrl
601.2911 	EXP 	Sound  started
601.9911 	DATA 	Keypress: lctrl
604.3790 	DATA 	Keypress: 2
604.4083 	EXP 	unnamed ShapeStim: vertices = <class 'numpy.ndarray'>
607.7779 	DATA 	Keypress: 4
607.7944 	EXP 	unnamed ShapeStim: vertices = <class 'numpy.ndarray'>
613.5826 	DATA 	Keypress: 3
613.5992 	EXP 	unnamed ShapeStim: vertices = <class 'numpy.ndarray'>
615.8840 	EXP 	Sound  started
615.8848 	DATA 	Keypress: lctrl
616.5031 	DATA 	Keypress: lctrl
616.6339 	EXP 	Sound  started
617.2711 	DATA 	Keypress: rctrl
617.3839 	EXP 	Sound  started
618.0871 	DATA 	Keypress: lctrl
618.1339 	EXP 	Sound  started
618.8232 	DATA 	Keypress: rctrl
618.8839 	EXP 	Sound  started
619.5431 	DATA 	Keypress: rctrl
619.6339 	EXP 	Sound  started
620.2631 	DATA 	Keypress: rctrl
620.3839 	EXP 	Sound  started
621.0311 	DATA 	Keypress: rctrl
621.1340 	EXP 	Sound  started
621.7671 	DATA 	Keypress: lctrl
621.8840 	EXP 	Sound  started
622.5031 	DATA 	Keypress: rctrl
622.6340 	EXP 	Sound  started
623.2551 	DATA 	Keypress: rctrl
623.3840 	EXP 	Sound  started
624.0072 	DATA 	Keypress: rctrl
624.1340 	EXP 	Sound  started
624.8071 	DATA 	Keypress: lctrl
624.8840 	EXP 	Sound  started
625.5591 	DATA 	Keypress: lctrl
625.6340 	EXP 	Sound  started
626.2791 	DATA 	Keypress: rctrl
626.3841 	EXP 	Sound  started
627.0791 	DATA 	Keypress: lctrl
627.1341 	EXP 	Sound  started
627.7991 	DATA 	Keypress: rctrl
627.8841 	EXP 	Sound  started
628.5351 	DATA 	Keypress: rctrl
628.6341 	EXP 	Sound  started
629.2711 	DATA 	Keypress: lctrl
629.3841 	EXP 	Sound  started
630.0391 	DATA 	Keypress: lctrl
630.1341 	EXP 	Sound  started
630.8232 	DATA 	Keypress: rctrl
630.8841 	EXP 	Sound  started
631.5111 	DATA 	Keypress: rctrl
631.6342 	EXP 	Sound  started
632.2791 	DATA 	Keypress: lctrl
632.3842 	EXP 	Sound  started
632.9991 	DATA 	Keypress: rctrl
633.1342 	EXP 	Sound  started
633.7991 	DATA 	Keypress: rctrl
633.8842 	EXP 	Sound  started
634.4871 	DATA 	Keypress: lctrl
634.6342 	EXP 	Sound  started
635.2551 	DATA 	Keypress: lctrl
635.3842 	EXP 	Sound  started
636.0071 	DATA 	Keypress: lctrl
636.1342 	EXP 	Sound  started
636.7592 	DATA 	Keypress: lctrl
636.8843 	EXP 	Sound  started
637.5113 	DATA 	Keypress: lctrl
637.6343 	EXP 	Sound  started
638.2631 	DATA 	Keypress: lctrl
638.3843 	EXP 	Sound  started
639.0151 	DATA 	Keypress: lctrl
639.1343 	EXP 	Sound  started
639.8151 	DATA 	Keypress: rctrl
639.8843 	EXP 	Sound  started
640.5511 	DATA 	Keypress: rctrl
640.6343 	EXP 	Sound  started
641.3031 	DATA 	Keypress: lctrl
641.3843 	EXP 	Sound  started
642.0392 	DATA 	Keypress: rctrl
642.1344 	EXP 	Sound  started
642.7911 	DATA 	Keypress: rctrl
642.8844 	EXP 	Sound  started
643.5111 	DATA 	Keypress: rctrl
643.6344 	EXP 	Sound  started
644.2791 	DATA 	Keypress: rctrl
644.3844 	EXP 	Sound  started
645.0631 	DATA 	Keypress: rctrl
645.1344 	EXP 	Sound  started
645.7511 	DATA 	Keypress: lctrl
645.8844 	EXP 	Sound  started
646.5352 	DATA 	Keypress: rctrl
646.6345 	EXP 	Sound  started
647.2551 	DATA 	Keypress: lctrl
647.3845 	EXP 	Sound  started
648.0551 	DATA 	Keypress: rctrl
648.1345 	EXP 	Sound  started
648.8231 	DATA 	Keypress: lctrl
648.8845 	EXP 	Sound  started
649.5271 	DATA 	Keypress: lctrl
649.6345 	EXP 	Sound  started
650.3430 	DATA 	Keypress: rctrl
650.3845 	EXP 	Sound  started
651.0951 	DATA 	Keypress: rctrl
651.1345 	EXP 	Sound  started
651.8631 	DATA 	Keypress: rctrl
651.8845 	EXP 	Sound  started
652.5831 	DATA 	Keypress: lctrl
652.6345 	EXP 	Sound  started
653.3031 	DATA 	Keypress: rctrl
653.3846 	EXP 	Sound  started
654.1032 	DATA 	Keypress: lctrl
654.1346 	EXP 	Sound  started
654.8072 	DATA 	Keypress: lctrl
654.8846 	EXP 	Sound  started
655.5431 	DATA 	Keypress: lctrl
655.6346 	EXP 	Sound  started
656.2951 	DATA 	Keypress: lctrl
656.3846 	EXP 	Sound  started
656.9832 	DATA 	Keypress: lctrl
657.1346 	EXP 	Sound  started
657.7191 	DATA 	Keypress: rctrl
657.8847 	EXP 	Sound  started
658.6152 	DATA 	Keypress: rctrl
658.6347 	EXP 	Sound  started
659.3351 	DATA 	Keypress: rctrl
659.3847 	EXP 	Sound  started
660.0391 	DATA 	Keypress: lctrl
660.1347 	EXP 	Sound  started
660.7592 	DATA 	Keypress: rctrl
660.8847 	EXP 	Sound  started
661.5112 	DATA 	Keypress: rctrl
661.6347 	EXP 	Sound  started
662.3270 	DATA 	Keypress: lctrl
662.3847 	EXP 	Sound  started
663.0630 	DATA 	Keypress: rctrl
663.1347 	EXP 	Sound  started
663.8311 	DATA 	Keypress: rctrl
663.8848 	EXP 	Sound  started
664.5511 	DATA 	Keypress: rctrl
664.6348 	EXP 	Sound  started
665.2871 	DATA 	Keypress: rctrl
665.3848 	EXP 	Sound  started
666.0551 	DATA 	Keypress: rctrl
666.1348 	EXP 	Sound  started
666.7751 	DATA 	Keypress: lctrl
666.8848 	EXP 	Sound  started
667.5754 	DATA 	Keypress: lctrl
667.6349 	EXP 	Sound  started
668.3591 	DATA 	Keypress: rctrl
668.3849 	EXP 	Sound  started
669.0630 	DATA 	Keypress: lctrl
669.1349 	EXP 	Sound  started
669.7831 	DATA 	Keypress: rctrl
669.8849 	EXP 	Sound  started
670.5510 	DATA 	Keypress: rctrl
670.6349 	EXP 	Sound  started
671.3351 	DATA 	Keypress: lctrl
671.3849 	EXP 	Sound  started
672.0710 	DATA 	Keypress: lctrl
672.1349 	EXP 	Sound  started
672.8071 	DATA 	Keypress: lctrl
672.8849 	EXP 	Sound  started
673.4950 	DATA 	Keypress: lctrl
673.6350 	EXP 	Sound  started
674.2630 	DATA 	Keypress: rctrl
674.3850 	EXP 	Sound  started
674.9991 	DATA 	Keypress: lctrl
675.1350 	EXP 	Sound  started
675.7511 	DATA 	Keypress: lctrl
675.8850 	EXP 	Sound  started
676.5351 	DATA 	Keypress: rctrl
676.6350 	EXP 	Sound  started
677.2711 	DATA 	Keypress: rctrl
677.3850 	EXP 	Sound  started
678.0231 	DATA 	Keypress: rctrl
678.1350 	EXP 	Sound  started
678.7911 	DATA 	Keypress: lctrl
678.8851 	EXP 	Sound  started
679.5271 	DATA 	Keypress: rctrl
679.6351 	EXP 	Sound  started
680.2471 	DATA 	Keypress: lctrl
680.3851 	EXP 	Sound  started
681.0470 	DATA 	Keypress: rctrl
681.1351 	EXP 	Sound  started
681.7511 	DATA 	Keypress: rctrl
681.8851 	EXP 	Sound  started
682.4551 	DATA 	Keypress: rctrl
682.6351 	EXP 	Sound  started
683.1911 	DATA 	Keypress: rctrl
683.3851 	EXP 	Sound  started
683.9431 	DATA 	Keypress: rctrl
685.7584 	DATA 	Keypress: 4
685.7749 	EXP 	unnamed ShapeStim: vertices = <class 'numpy.ndarray'>
690.8125 	DATA 	Keypress: 3
690.8291 	EXP 	unnamed ShapeStim: vertices = <class 'numpy.ndarray'>
692.6808 	DATA 	Keypress: 4
692.6973 	EXP 	unnamed ShapeStim: vertices = <class 'numpy.ndarray'>
694.9824 	EXP 	Sound  started
695.1113 	DATA 	Keypress: rctrl
695.7031 	DATA 	Keypress: rctrl
695.7322 	EXP 	Sound  started
696.4551 	DATA 	Keypress: lctrl
696.4822 	EXP 	Sound  started
697.1910 	DATA 	Keypress: rctrl
697.2322 	EXP 	Sound  started
697.9431 	DATA 	Keypress: lctrl
697.9822 	EXP 	Sound  started
698.7110 	DATA 	Keypress: lctrl
698.7323 	EXP 	Sound  started
699.4310 	DATA 	Keypress: lctrl
699.4823 	EXP 	Sound  started
700.1350 	DATA 	Keypress: rctrl
700.2323 	EXP 	Sound  started
700.9351 	DATA 	Keypress: lctrl
700.9823 	EXP 	Sound  started
701.7031 	DATA 	Keypress: lctrl
701.7323 	EXP 	Sound  started
702.3111 	DATA 	Keypress: rctrl
702.4823 	EXP 	Sound  started
703.1271 	DATA 	Keypress: lctrl
703.2323 	EXP 	Sound  started
703.8470 	DATA 	Keypress: lctrl
703.9823 	EXP 	Sound  started
704.5830 	DATA 	Keypress: lctrl
704.7324 	EXP 	Sound  started
705.3671 	DATA 	Keypress: rctrl
705.4824 	EXP 	Sound  started
706.1030 	DATA 	Keypress: rctrl
706.2324 	EXP 	Sound  started
706.8870 	DATA 	Keypress: lctrl
706.9824 	EXP 	Sound  started
707.5751 	DATA 	Keypress: rctrl
707.7324 	EXP 	Sound  started
708.3591 	DATA 	Keypress: rctrl
708.4824 	EXP 	Sound  started
709.1431 	DATA 	Keypress: rctrl
709.2325 	EXP 	Sound  started
709.9270 	DATA 	Keypress: rctrl
709.9825 	EXP 	Sound  started
710.6310 	DATA 	Keypress: rctrl
710.7325 	EXP 	Sound  started
711.3350 	DATA 	Keypress: rctrl
711.4825 	EXP 	Sound  started
712.0230 	DATA 	Keypress: lctrl
712.2325 	EXP 	Sound  started
712.8230 	DATA 	Keypress: rctrl
712.9825 	EXP 	Sound  started
713.5910 	DATA 	Keypress: rctrl
713.7325 	EXP 	Sound  started
714.4550 	DATA 	Keypress: lctrl
714.4826 	EXP 	Sound  started
715.1590 	DATA 	Keypress: lctrl
715.2326 	EXP 	Sound  started
715.9110 	DATA 	Keypress: rctrl
715.9826 	EXP 	Sound  started
716.5991 	DATA 	Keypress: lctrl
716.7326 	EXP 	Sound  started
717.3990 	DATA 	Keypress: lctrl
717.4826 	EXP 	Sound  started
718.1511 	DATA 	Keypress: rctrl
718.2326 	EXP 	Sound  started
718.8551 	DATA 	Keypress: rctrl
718.9826 	EXP 	Sound  started
719.6390 	DATA 	Keypress: rctrl
719.7326 	EXP 	Sound  started
720.4070 	DATA 	Keypress: lctrl
720.4827 	EXP 	Sound  started
721.1272 	DATA 	Keypress: rctrl
721.2327 	EXP 	Sound  started
721.8951 	DATA 	Keypress: lctrl
721.9827 	EXP 	Sound  started
722.6630 	DATA 	Keypress: lctrl
722.7327 	EXP 	Sound  started
723.3670 	DATA 	Keypress: rctrl
723.4827 	EXP 	Sound  started
724.1191 	DATA 	Keypress: lctrl
724.2327 	EXP 	Sound  started
724.8870 	DATA 	Keypress: lctrl
724.9827 	EXP 	Sound  started
725.7191 	DATA 	Keypress: lctrl
725.7327 	EXP 	Sound  started
726.4550 	DATA 	Keypress: lctrl
726.4828 	EXP 	Sound  started
727.2073 	DATA 	Keypress: lctrl
727.2328 	EXP 	Sound  started
727.9431 	DATA 	Keypress: rctrl
727.9828 	EXP 	Sound  started
728.7110 	DATA 	Keypress: lctrl
728.7328 	EXP 	Sound  started
729.3670 	DATA 	Keypress: lctrl
729.4828 	EXP 	Sound  started
730.2150 	DATA 	Keypress: rctrl
730.2328 	EXP 	Sound  started
730.9190 	DATA 	Keypress: rctrl
730.9828 	EXP 	Sound  started
731.6711 	DATA 	Keypress: rctrl
731.7329 	EXP 	Sound  started
732.3591 	DATA 	Keypress: lctrl
732.4829 	EXP 	Sound  started
733.1590 	DATA 	Keypress: rctrl
733.2329 	EXP 	Sound  started
733.8950 	DATA 	Keypress: lctrl
733.9829 	EXP 	Sound  started
734.5831 	DATA 	Keypress: lctrl
734.7329 	EXP 	Sound  started
735.4150 	DATA 	Keypress: rctrl
735.4829 	EXP 	Sound  started
736.1990 	DATA 	Keypress: rctrl
736.2329 	EXP 	Sound  started
736.9830 	EXP 	Sound  started
737.0310 	DATA 	Keypress: rctrl
737.6711 	DATA 	Keypress: lctrl
737.7330 	EXP 	Sound  started
738.4390 	DATA 	Keypress: rctrl
738.4830 	EXP 	Sound  started
739.1590 	DATA 	Keypress: lctrl
739.2330 	EXP 	Sound  started
739.8631 	DATA 	Keypress: lctrl
739.9830 	EXP 	Sound  started
740.6471 	DATA 	Keypress: rctrl
740.7330 	EXP 	Sound  started
741.3190 	DATA 	Keypress: lctrl
741.4830 	EXP 	Sound  started
742.0071 	DATA 	Keypress: rctrl
742.2331 	EXP 	Sound  started
742.9190 	DATA 	Keypress: rctrl
742.9831 	EXP 	Sound  started
743.6711 	DATA 	Keypress: rctrl
746.7121 	DATA 	Keypress: 3
746.7415 	EXP 	unnamed ShapeStim: vertices = <class 'numpy.ndarray'>
753.1636 	DATA 	Keypress: 3
753.1801 	EXP 	unnamed ShapeStim: vertices = <class 'numpy.ndarray'>
755.1819 	DATA 	Keypress: 3
755.1984 	EXP 	unnamed ShapeStim: vertices = <class 'numpy.ndarray'>
757.4827 	EXP 	Sound  started
757.4836 	DATA 	Keypress: lctrl
758.0711 	DATA 	Keypress: lctrl
758.2326 	EXP 	Sound  started
758.9031 	DATA 	Keypress: rctrl
758.9826 	EXP 	Sound  started
759.6710 	DATA 	Keypress: lctrl
759.7326 	EXP 	Sound  started
760.4070 	DATA 	Keypress: rctrl
760.4826 	EXP 	Sound  started
761.1750 	DATA 	Keypress: rctrl
761.2326 	EXP 	Sound  started
761.8790 	DATA 	Keypress: rctrl
761.9826 	EXP 	Sound  started
762.6630 	DATA 	Keypress: rctrl
762.7326 	EXP 	Sound  started
763.4470 	DATA 	Keypress: lctrl
763.4826 	EXP 	Sound  started
764.1990 	DATA 	Keypress: rctrl
764.2327 	EXP 	Sound  started
764.9827 	EXP 	Sound  started
764.9990 	DATA 	Keypress: rctrl
765.6872 	DATA 	Keypress: lctrl
765.7327 	EXP 	Sound  started
766.4710 	DATA 	Keypress: lctrl
766.4827 	EXP 	Sound  started
767.1910 	DATA 	Keypress: rctrl
767.2327 	EXP 	Sound  started
767.8950 	DATA 	Keypress: lctrl
767.9827 	EXP 	Sound  started
768.6151 	DATA 	Keypress: lctrl
768.7327 	EXP 	Sound  started
769.3670 	DATA 	Keypress: lctrl
769.4828 	EXP 	Sound  started
770.1350 	DATA 	Keypress: lctrl
770.2328 	EXP 	Sound  started
770.8710 	DATA 	Keypress: rctrl
770.9828 	EXP 	Sound  started
771.7190 	DATA 	Keypress: lctrl
771.7328 	EXP 	Sound  started
772.4231 	DATA 	Keypress: rctrl
772.4828 	EXP 	Sound  started
773.0950 	DATA 	Keypress: rctrl
773.2328 	EXP 	Sound  started
773.8470 	DATA 	Keypress: lctrl
773.9828 	EXP 	Sound  started
774.7110 	DATA 	Keypress: rctrl
774.7328 	EXP 	Sound  started
775.4310 	DATA 	Keypress: rctrl
775.4829 	EXP 	Sound  started
776.1350 	DATA 	Keypress: lctrl
776.2329 	EXP 	Sound  started
776.9030 	DATA 	Keypress: rctrl
776.9829 	EXP 	Sound  started
777.6390 	DATA 	Keypress: lctrl
777.7329 	EXP 	Sound  started
778.3750 	DATA 	Keypress: lctrl
778.4830 	EXP 	Sound  started
779.1110 	DATA 	Keypress: rctrl
779.2330 	EXP 	Sound  started
779.9110 	DATA 	Keypress: rctrl
779.9830 	EXP 	Sound  started
780.6950 	DATA 	Keypress: rctrl
780.7330 	EXP 	Sound  started
781.3670 	DATA 	Keypress: lctrl
781.4830 	EXP 	Sound  started
782.1671 	DATA 	Keypress: rctrl
782.2330 	EXP 	Sound  started
782.8071 	DATA 	Keypress: lctrl
782.9830 	EXP 	Sound  started
783.7331 	EXP 	Sound  started
783.7350 	DATA 	Keypress: lctrl
784.4550 	DATA 	Keypress: rctrl
784.4831 	EXP 	Sound  started
785.1750 	DATA 	Keypress: lctrl
785.2331 	EXP 	Sound  started
785.9430 	DATA 	Keypress: lctrl
785.9831 	EXP 	Sound  started
786.6950 	DATA 	Keypress: lctrl
786.7331 	EXP 	Sound  started
787.4630 	DATA 	Keypress: lctrl
787.4831 	EXP 	Sound  started
788.1511 	DATA 	Keypress: rctrl
788.2331 	EXP 	Sound  started
788.9831 	EXP 	Sound  started
788.9990 	DATA 	Keypress: rctrl
789.7190 	DATA 	Keypress: lctrl
789.7332 	EXP 	Sound  started
790.4070 	DATA 	Keypress: rctrl
790.4832 	EXP 	Sound  started
791.1750 	DATA 	Keypress: rctrl
791.2332 	EXP 	Sound  started
791.9431 	DATA 	Keypress: rctrl
791.9832 	EXP 	Sound  started
792.7332 	EXP 	Sound  started
792.7750 	DATA 	Keypress: rctrl
793.4310 	DATA 	Keypress: lctrl
793.4832 	EXP 	Sound  started
794.0870 	DATA 	Keypress: rctrl
794.2332 	EXP 	Sound  started
794.9190 	DATA 	Keypress: lctrl
794.9833 	EXP 	Sound  started
795.6870 	DATA 	Keypress: lctrl
795.7333 	EXP 	Sound  started
796.4551 	DATA 	Keypress: rctrl
796.4833 	EXP 	Sound  started
797.1590 	DATA 	Keypress: lctrl
797.2333 	EXP 	Sound  started
797.8950 	DATA 	Keypress: lctrl
797.9833 	EXP 	Sound  started
798.6470 	DATA 	Keypress: lctrl
798.7333 	EXP 	Sound  started
799.4310 	DATA 	Keypress: lctrl
799.4833 	EXP 	Sound  started
800.1670 	DATA 	Keypress: rctrl
800.2334 	EXP 	Sound  started
800.8710 	DATA 	Keypress: rctrl
800.9834 	EXP 	Sound  started
801.6710 	DATA 	Keypress: lctrl
801.7334 	EXP 	Sound  started
802.3750 	DATA 	Keypress: rctrl
802.4834 	EXP 	Sound  started
803.0950 	DATA 	Keypress: rctrl
803.2334 	EXP 	Sound  started
803.8951 	DATA 	Keypress: rctrl
803.9834 	EXP 	Sound  started
804.6151 	DATA 	Keypress: rctrl
804.7335 	EXP 	Sound  started
805.3670 	DATA 	Keypress: lctrl
805.4835 	EXP 	Sound  started
806.1350 	DATA 	Keypress: rctrl
806.2335 	EXP 	Sound  started
806.9193 	DATA 	Keypress: rctrl
806.9835 	EXP 	Sound  started
807.6550 	DATA 	Keypress: lctrl
807.7335 	EXP 	Sound  started
808.4230 	DATA 	Keypress: lctrl
808.4835 	EXP 	Sound  started
809.1751 	DATA 	Keypress: lctrl
809.2335 	EXP 	Sound  started
809.8790 	DATA 	Keypress: rctrl
809.9835 	EXP 	Sound  started
810.6470 	DATA 	Keypress: lctrl
810.7335 	EXP 	Sound  started
811.4310 	DATA 	Keypress: lctrl
811.4836 	EXP 	Sound  started
812.1990 	DATA 	Keypress: lctrl
812.2336 	EXP 	Sound  started
812.9189 	DATA 	Keypress: lctrl
812.9836 	EXP 	Sound  started
813.5590 	DATA 	Keypress: rctrl
813.7336 	EXP 	Sound  started
814.4070 	DATA 	Keypress: lctrl
814.4836 	EXP 	Sound  started
815.2336 	EXP 	Sound  started
815.2390 	DATA 	Keypress: rctrl
815.9109 	DATA 	Keypress: rctrl
815.9836 	EXP 	Sound  started
816.8162 	DATA 	Keypress: lctrl
824.1384 	DATA 	Keypress: 1
824.1549 	EXP 	unnamed ShapeStim: vertices = <class 'numpy.ndarray'>
827.9787 	DATA 	Keypress: 4
828.0080 	EXP 	unnamed ShapeStim: vertices = <class 'numpy.ndarray'>
831.9615 	DATA 	Keypress: 2
831.9780 	EXP 	unnamed ShapeStim: vertices = <class 'numpy.ndarray'>
834.2670 	DATA 	Keypress: rctrl
1608.1510 	DATA 	Keypress: escape
1608.2226 	EXP 	window1: mouseVisible = True
