16.2275 	WARNING 	User requested fullscreen with size [1024  768], but screen is actually [1920, 1200]. Using actual size
17.0367 	EXP 	Created window1 = Window(allowGUI=False, allowStencil=False, autoLog=True, backendConf=UNKNOWN, bitsMode=UNKNOWN, blendMode='avg', bpc=(8, 8, 8), color=array([0, 0, 0]), colorSpace='rgb', depthBits=8, fullscr=<method-wrapper '__getattribute__' of attributeSetter object at 0x0000024C7C8D6710>, gamma=None, gammaErrorPolicy='raise', lms=UNKNOWN, monitor=<psychopy.monitors.calibTools.Monitor object at 0x0000024C7E012FD0>, multiSample=False, name='window1', numSamples=2, pos=[0.0, 0.0], screen=0, size=array([1920, 1200]), stencilBits=0, stereo=False, units='norm', useFBO=True, useRetina=False, viewOri=0.0, viewPos=None, viewScale=None, waitBlanking=True, winType='pyglet')
17.0371 	EXP 	window1: mouseVisible = True
17.0371 	EXP 	window1: mouseVisible = False
17.0371 	EXP 	window1: recordFrameIntervals = False
17.2032 	EXP 	window1: recordFrameIntervals = True
17.3869 	EXP 	window1: recordFrameIntervals = False
17.4401 	EXP 	Created text = TextStim(__class__=<class 'psychopy.visual.text.TextStim'>, alignHoriz=method-wrapper(...), alignText='center', alignVert=method-wrapper(...), anchorHoriz='center', anchorVert='center', antialias=True, autoLog=True, bold=False, color=array([1., 1., 1.]), colorSpace='rgb', contrast=1.0, depth=0.0, flipHoriz=False, flipVert=False, font='Arial', fontFiles=[], height=0.15, italic=False, languageStyle='LTR', name='text', opacity=1, ori=0, pos=array([0., 0.]), rgb=UNKNOWN, text='+', units='norm', win=Window(...), wrapWidth=1)
17.4613 	EXP 	Created text = TextStim(__class__=<class 'psychopy.visual.text.TextStim'>, alignHoriz=method-wrapper(...), alignText='center', alignVert=method-wrapper(...), anchorHoriz='center', anchorVert='center', antialias=True, autoLog=True, bold=False, color=array([1., 1., 1.]), colorSpace='rgb', contrast=1.0, depth=0.0, flipHoriz=False, flipVert=False, font='Arial', fontFiles=[], height=0.07, italic=False, languageStyle='LTR', name='text', opacity=1, ori=0, pos=array([0., 0.]), rgb=UNKNOWN, text=str(...), units='norm', win=Window(...), wrapWidth=1.65)
17.4734 	EXP 	Created text = TextStim(__class__=<class 'psychopy.visual.text.TextStim'>, alignHoriz=method-wrapper(...), alignText='center', alignVert=method-wrapper(...), anchorHoriz='center', anchorVert='center', antialias=True, autoLog=True, bold=False, color=array([1., 1., 1.]), colorSpace='rgb', contrast=1.0, depth=0.0, flipHoriz=False, flipVert=False, font='Arial', fontFiles=[], height=0.07, italic=False, languageStyle='LTR', name='text', opacity=1, ori=0, pos=array([0., 0.]), rgb=UNKNOWN, text=str(...), units='norm', win=Window(...), wrapWidth=1.65)
17.4835 	EXP 	Created text = TextStim(__class__=<class 'psychopy.visual.text.TextStim'>, alignHoriz=method-wrapper(...), alignText='center', alignVert=method-wrapper(...), anchorHoriz='center', anchorVert='center', antialias=True, autoLog=True, bold=False, color=array([1., 1., 1.]), colorSpace='rgb', contrast=1.0, depth=0.0, flipHoriz=False, flipVert=False, font='Arial', fontFiles=[], height=0.07, italic=False, languageStyle='LTR', name='text', opacity=1, ori=0, pos=array([0., 0.]), rgb=UNKNOWN, text=str(...), units='norm', win=Window(...), wrapWidth=1.65)
17.4934 	EXP 	Created text = TextStim(__class__=<class 'psychopy.visual.text.TextStim'>, alignHoriz=method-wrapper(...), alignText='center', alignVert=method-wrapper(...), anchorHoriz='center', anchorVert='center', antialias=True, autoLog=True, bold=False, color=array([1., 1., 1.]), colorSpace='rgb', contrast=1.0, depth=0.0, flipHoriz=False, flipVert=False, font='Arial', fontFiles=[], height=0.07, italic=False, languageStyle='LTR', name='text', opacity=1, ori=0, pos=array([0., 0.]), rgb=UNKNOWN, text=str(...), units='norm', win=Window(...), wrapWidth=1.65)
17.4987 	EXP 	Created text = TextStim(__class__=<class 'psychopy.visual.text.TextStim'>, alignHoriz=method-wrapper(...), alignText='center', alignVert=method-wrapper(...), anchorHoriz='center', anchorVert='center', antialias=True, autoLog=True, bold=False, color=array([1., 1., 1.]), colorSpace='rgb', contrast=1.0, depth=0.0, flipHoriz=False, flipVert=False, font='Arial', fontFiles=[], height=0.07, italic=False, languageStyle='LTR', name='text', opacity=1, ori=0, pos=array([0., 0.]), rgb=UNKNOWN, text=str(...), units='norm', win=Window(...), wrapWidth=1.65)
17.5134 	EXP 	Created text = TextStim(__class__=<class 'psychopy.visual.text.TextStim'>, alignHoriz=method-wrapper(...), alignText='center', alignVert=method-wrapper(...), anchorHoriz='center', anchorVert='center', antialias=True, autoLog=True, bold=False, color=array([1., 1., 1.]), colorSpace='rgb', contrast=1.0, depth=0.0, flipHoriz=False, flipVert=False, font='Arial', fontFiles=[], height=0.15, italic=False, languageStyle='LTR', name='text', opacity=1, ori=0, pos=array([0., 0.]), rgb=UNKNOWN, text=str(...), units='norm', win=Window(...), wrapWidth=1.65)
17.5417 	EXP 	Created text = TextStim(__class__=<class 'psychopy.visual.text.TextStim'>, alignHoriz=method-wrapper(...), alignText='center', alignVert=method-wrapper(...), anchorHoriz='center', anchorVert='center', antialias=True, autoLog=True, bold=False, color=array([1., 1., 1.]), colorSpace='rgb', contrast=1.0, depth=0.0, flipHoriz=False, flipVert=False, font='Arial', fontFiles=[], height=0.07, italic=False, languageStyle='LTR', name='text', opacity=1, ori=0, pos=array([0., 0.]), rgb=UNKNOWN, text=str(...), units='norm', win=Window(...), wrapWidth=1.65)
17.5595 	EXP 	Created text = TextStim(__class__=<class 'psychopy.visual.text.TextStim'>, alignHoriz=method-wrapper(...), alignText='center', alignVert=method-wrapper(...), anchorHoriz='center', anchorVert='center', antialias=True, autoLog=True, bold=False, color=array([1., 1., 1.]), colorSpace='rgb', contrast=1.0, depth=0.0, flipHoriz=False, flipVert=False, font='Arial', fontFiles=[], height=0.07, italic=False, languageStyle='LTR', name='text', opacity=1, ori=0, pos=array([0., 0.]), rgb=UNKNOWN, text=str(...), units='norm', win=Window(...), wrapWidth=1.65)
17.5896 	EXP 	Created text = TextStim(__class__=<class 'psychopy.visual.text.TextStim'>, alignHoriz=method-wrapper(...), alignText='center', alignVert=method-wrapper(...), anchorHoriz='center', anchorVert='center', antialias=True, autoLog=True, bold=False, color=array([1., 1., 1.]), colorSpace='rgb', contrast=1.0, depth=0.0, flipHoriz=False, flipVert=False, font='Arial', fontFiles=[], height=0.07, italic=False, languageStyle='LTR', name='text', opacity=1, ori=0, pos=array([0., 0.]), rgb=UNKNOWN, text=str(...), units='norm', win=Window(...), wrapWidth=1.65)
17.6173 	EXP 	Created text = TextStim(__class__=<class 'psychopy.visual.text.TextStim'>, alignHoriz=method-wrapper(...), alignText='center', alignVert=method-wrapper(...), anchorHoriz='center', anchorVert='center', antialias=True, autoLog=True, bold=False, color=array([1., 1., 1.]), colorSpace='rgb', contrast=1.0, depth=0.0, flipHoriz=False, flipVert=False, font='Arial', fontFiles=[], height=0.07, italic=False, languageStyle='LTR', name='text', opacity=1, ori=0, pos=array([0., 0.]), rgb=UNKNOWN, text=str(...), units='norm', win=Window(...), wrapWidth=1.65)
17.6497 	EXP 	Created text = TextStim(__class__=<class 'psychopy.visual.text.TextStim'>, alignHoriz=method-wrapper(...), alignText='center', alignVert=method-wrapper(...), anchorHoriz='center', anchorVert='center', antialias=True, autoLog=True, bold=False, color=array([1., 1., 1.]), colorSpace='rgb', contrast=1.0, depth=0.0, flipHoriz=False, flipVert=False, font='Arial', fontFiles=[], height=0.07, italic=False, languageStyle='LTR', name='text', opacity=1, ori=0, pos=array([0., 0.]), rgb=UNKNOWN, text=str(...), units='norm', win=Window(...), wrapWidth=1.65)
17.6586 	EXP 	Created text = TextStim(__class__=<class 'psychopy.visual.text.TextStim'>, alignHoriz=method-wrapper(...), alignText='center', alignVert=method-wrapper(...), anchorHoriz='center', anchorVert='center', antialias=True, autoLog=True, bold=False, color=array([1., 1., 1.]), colorSpace='rgb', contrast=1.0, depth=0.0, flipHoriz=False, flipVert=False, font='Arial', fontFiles=[], height=0.07, italic=False, languageStyle='LTR', name='text', opacity=1, ori=0, pos=array([0., 0.]), rgb=UNKNOWN, text=str(...), units='norm', win=Window(...), wrapWidth=1.65)
17.6710 	EXP 	Created text = TextStim(__class__=<class 'psychopy.visual.text.TextStim'>, alignHoriz=method-wrapper(...), alignText='center', alignVert=method-wrapper(...), anchorHoriz='center', anchorVert='center', antialias=True, autoLog=True, bold=False, color=array([1., 1., 1.]), colorSpace='rgb', contrast=1.0, depth=0.0, flipHoriz=False, flipVert=False, font='Arial', fontFiles=[], height=0.07, italic=False, languageStyle='LTR', name='text', opacity=1, ori=0, pos=array([0., 0.]), rgb=UNKNOWN, text=str(...), units='norm', win=Window(...), wrapWidth=1.65)
17.6755 	EXP 	Created instru = TextStim(__class__=<class 'psychopy.visual.text.TextStim'>, alignHoriz=method-wrapper(...), alignText='center', alignVert=method-wrapper(...), anchorHoriz='center', anchorVert='center', antialias=True, autoLog=True, bold=False, color=array([1., 1., 1.]), colorSpace='rgb', contrast=1.0, depth=0.0, flipHoriz=False, flipVert=False, font='Arial', fontFiles=[], height=0.07, italic=False, languageStyle='LTR', name='instru', opacity=1, ori=0, pos=array([0. , 0.5]), rgb=UNKNOWN, text=str(...), units='norm', win=Window(...), wrapWidth=1)
17.6781 	EXP 	Created unnamed Line = Line(__class__=<class 'psychopy.visual.line.Line'>, autoDraw=False, autoLog=True, closeShape=False, color=array([1., 1., 1.]), colorSpace='rgb', contrast=None, depth=0, fillColor=array([0, 0, 0]), fillColorSpace='rgb', fillRGB=array([0, 0, 0]), interpolate=True, lineColor=array([1., 1., 1.]), lineColorSpace='rgb', lineRGB=array([1, 1, 1]), lineWidth=5, name='unnamed Line', opacity=0.5, ori=0.0, pos=array([0., 0.]), size=array([1., 1.]), units='norm', vertices=array([[-0.5,  0. ],
       [ 0.5,  0. ]]), win=Window(...), windingRule=None)
17.6800 	EXP 	Created unnamed Line = Line(__class__=<class 'psychopy.visual.line.Line'>, autoDraw=False, autoLog=True, closeShape=False, color=array([1., 1., 1.]), colorSpace='rgb', contrast=None, depth=0, fillColor=array([0, 0, 0]), fillColorSpace='rgb', fillRGB=array([0, 0, 0]), interpolate=True, lineColor=array([1., 1., 1.]), lineColorSpace='rgb', lineRGB=array([1, 1, 1]), lineWidth=3, name='unnamed Line', opacity=0.5, ori=0.0, pos=array([0., 0.]), size=array([1., 1.]), units='norm', vertices=array([[-0.5 , -0.05],
       [-0.5 ,  0.05]]), win=Window(...), windingRule=None)
17.6819 	EXP 	Created unnamed Line = Line(__class__=<class 'psychopy.visual.line.Line'>, autoDraw=False, autoLog=True, closeShape=False, color=array([1., 1., 1.]), colorSpace='rgb', contrast=None, depth=0, fillColor=array([0, 0, 0]), fillColorSpace='rgb', fillRGB=array([0, 0, 0]), interpolate=True, lineColor=array([1., 1., 1.]), lineColorSpace='rgb', lineRGB=array([1, 1, 1]), lineWidth=3, name='unnamed Line', opacity=0.5, ori=0.0, pos=array([0., 0.]), size=array([1., 1.]), units='norm', vertices=ndarray(...), win=Window(...), windingRule=None)
17.6839 	EXP 	Created unnamed Line = Line(__class__=<class 'psychopy.visual.line.Line'>, autoDraw=False, autoLog=True, closeShape=False, color=array([1., 1., 1.]), colorSpace='rgb', contrast=None, depth=0, fillColor=array([0, 0, 0]), fillColorSpace='rgb', fillRGB=array([0, 0, 0]), interpolate=True, lineColor=array([1., 1., 1.]), lineColorSpace='rgb', lineRGB=array([1, 1, 1]), lineWidth=3, name='unnamed Line', opacity=0.5, ori=0.0, pos=array([0., 0.]), size=array([1., 1.]), units='norm', vertices=ndarray(...), win=Window(...), windingRule=None)
17.6858 	EXP 	Created unnamed Line = Line(__class__=<class 'psychopy.visual.line.Line'>, autoDraw=False, autoLog=True, closeShape=False, color=array([1., 1., 1.]), colorSpace='rgb', contrast=None, depth=0, fillColor=array([0, 0, 0]), fillColorSpace='rgb', fillRGB=array([0, 0, 0]), interpolate=True, lineColor=array([1., 1., 1.]), lineColorSpace='rgb', lineRGB=array([1, 1, 1]), lineWidth=3, name='unnamed Line', opacity=0.5, ori=0.0, pos=array([0., 0.]), size=array([1., 1.]), units='norm', vertices=array([[ 0.5 , -0.05],
       [ 0.5 ,  0.05]]), win=Window(...), windingRule=None)
17.6975 	EXP 	Created unnamed TextStim = TextStim(__class__=<class 'psychopy.visual.text.TextStim'>, alignHoriz=method-wrapper(...), alignText='center', alignVert=method-wrapper(...), anchorHoriz='center', anchorVert='center', antialias=True, autoLog=True, bold=False, color=array([1., 1., 1.]), colorSpace='rgb', contrast=1.0, depth=0, flipHoriz=False, flipVert=False, font='', fontFiles=[], height=0.05, italic=False, languageStyle='LTR', name='unnamed TextStim', opacity=1.0, ori=0.0, pos=array([-0.5, -0.1]), rgb=UNKNOWN, text='Clearly \n NOT FOCUSED', units='norm', win=Window(...), wrapWidth=1)
17.6985 	EXP 	Created unnamed TextStim = TextStim(__class__=<class 'psychopy.visual.text.TextStim'>, alignHoriz=method-wrapper(...), alignText='center', alignVert=method-wrapper(...), anchorHoriz='center', anchorVert='center', antialias=True, autoLog=True, bold=False, color=array([1., 1., 1.]), colorSpace='rgb', contrast=1.0, depth=0, flipHoriz=False, flipVert=False, font='', fontFiles=[], height=0.05, italic=False, languageStyle='LTR', name='unnamed TextStim', opacity=1.0, ori=0.0, pos=array([-0.16666667, -0.1       ]), rgb=UNKNOWN, text='', units='norm', win=Window(...), wrapWidth=1)
17.6996 	EXP 	Created unnamed TextStim = TextStim(__class__=<class 'psychopy.visual.text.TextStim'>, alignHoriz=method-wrapper(...), alignText='center', alignVert=method-wrapper(...), anchorHoriz='center', anchorVert='center', antialias=True, autoLog=True, bold=False, color=array([1., 1., 1.]), colorSpace='rgb', contrast=1.0, depth=0, flipHoriz=False, flipVert=False, font='', fontFiles=[], height=0.05, italic=False, languageStyle='LTR', name='unnamed TextStim', opacity=1.0, ori=0.0, pos=array([ 0.16666667, -0.1       ]), rgb=UNKNOWN, text='', units='norm', win=Window(...), wrapWidth=1)
17.7026 	EXP 	Created unnamed TextStim = TextStim(__class__=<class 'psychopy.visual.text.TextStim'>, alignHoriz=method-wrapper(...), alignText='center', alignVert=method-wrapper(...), anchorHoriz='center', anchorVert='center', antialias=True, autoLog=True, bold=False, color=array([1., 1., 1.]), colorSpace='rgb', contrast=1.0, depth=0, flipHoriz=False, flipVert=False, font='', fontFiles=[], height=0.05, italic=False, languageStyle='LTR', name='unnamed TextStim', opacity=1.0, ori=0.0, pos=array([ 0.5, -0.1]), rgb=UNKNOWN, text='Clearly \n FOCUSED', units='norm', win=Window(...), wrapWidth=1)
17.7043 	EXP 	Created unnamed ShapeStim = ShapeStim(__class__=<class 'psychopy.visual.shape.ShapeStim'>, autoDraw=False, autoLog=True, closeShape=True, color=method-wrapper(...), colorSpace='rgb', contrast=None, depth=0, fillColor=array([1, 1, 1]), fillColorSpace='rgb', fillRGB=array([1, 1, 1]), interpolate=True, lineColor=array([-1., -1., -1.]), lineColorSpace='rgb', lineRGB=array([-1, -1, -1]), lineWidth=1.5, name='unnamed ShapeStim', opacity=1.0, ori=0.0, pos=array([0., 0.]), size=array([1., 1.]), units='norm', vertices=ndarray(...), win=Window(...), windingRule=None)
17.7125 	EXP 	Created instru = TextStim(__class__=<class 'psychopy.visual.text.TextStim'>, alignHoriz=method-wrapper(...), alignText='center', alignVert=method-wrapper(...), anchorHoriz='center', anchorVert='center', antialias=True, autoLog=True, bold=False, color=array([1., 1., 1.]), colorSpace='rgb', contrast=1.0, depth=0.0, flipHoriz=False, flipVert=False, font='Arial', fontFiles=[], height=0.07, italic=False, languageStyle='LTR', name='instru', opacity=1, ori=0, pos=array([0. , 0.5]), rgb=UNKNOWN, text=str(...), units='norm', win=Window(...), wrapWidth=1)
17.7145 	EXP 	Created unnamed Line = Line(__class__=<class 'psychopy.visual.line.Line'>, autoDraw=False, autoLog=True, closeShape=False, color=array([1., 1., 1.]), colorSpace='rgb', contrast=None, depth=0, fillColor=array([0, 0, 0]), fillColorSpace='rgb', fillRGB=array([0, 0, 0]), interpolate=True, lineColor=array([1., 1., 1.]), lineColorSpace='rgb', lineRGB=array([1, 1, 1]), lineWidth=5, name='unnamed Line', opacity=0.5, ori=0.0, pos=array([0., 0.]), size=array([1., 1.]), units='norm', vertices=array([[-0.5,  0. ],
       [ 0.5,  0. ]]), win=Window(...), windingRule=None)
17.7165 	EXP 	Created unnamed Line = Line(__class__=<class 'psychopy.visual.line.Line'>, autoDraw=False, autoLog=True, closeShape=False, color=array([1., 1., 1.]), colorSpace='rgb', contrast=None, depth=0, fillColor=array([0, 0, 0]), fillColorSpace='rgb', fillRGB=array([0, 0, 0]), interpolate=True, lineColor=array([1., 1., 1.]), lineColorSpace='rgb', lineRGB=array([1, 1, 1]), lineWidth=3, name='unnamed Line', opacity=0.5, ori=0.0, pos=array([0., 0.]), size=array([1., 1.]), units='norm', vertices=array([[-0.5 , -0.05],
       [-0.5 ,  0.05]]), win=Window(...), windingRule=None)
17.7185 	EXP 	Created unnamed Line = Line(__class__=<class 'psychopy.visual.line.Line'>, autoDraw=False, autoLog=True, closeShape=False, color=array([1., 1., 1.]), colorSpace='rgb', contrast=None, depth=0, fillColor=array([0, 0, 0]), fillColorSpace='rgb', fillRGB=array([0, 0, 0]), interpolate=True, lineColor=array([1., 1., 1.]), lineColorSpace='rgb', lineRGB=array([1, 1, 1]), lineWidth=3, name='unnamed Line', opacity=0.5, ori=0.0, pos=array([0., 0.]), size=array([1., 1.]), units='norm', vertices=ndarray(...), win=Window(...), windingRule=None)
17.7204 	EXP 	Created unnamed Line = Line(__class__=<class 'psychopy.visual.line.Line'>, autoDraw=False, autoLog=True, closeShape=False, color=array([1., 1., 1.]), colorSpace='rgb', contrast=None, depth=0, fillColor=array([0, 0, 0]), fillColorSpace='rgb', fillRGB=array([0, 0, 0]), interpolate=True, lineColor=array([1., 1., 1.]), lineColorSpace='rgb', lineRGB=array([1, 1, 1]), lineWidth=3, name='unnamed Line', opacity=0.5, ori=0.0, pos=array([0., 0.]), size=array([1., 1.]), units='norm', vertices=ndarray(...), win=Window(...), windingRule=None)
17.7224 	EXP 	Created unnamed Line = Line(__class__=<class 'psychopy.visual.line.Line'>, autoDraw=False, autoLog=True, closeShape=False, color=array([1., 1., 1.]), colorSpace='rgb', contrast=None, depth=0, fillColor=array([0, 0, 0]), fillColorSpace='rgb', fillRGB=array([0, 0, 0]), interpolate=True, lineColor=array([1., 1., 1.]), lineColorSpace='rgb', lineRGB=array([1, 1, 1]), lineWidth=3, name='unnamed Line', opacity=0.5, ori=0.0, pos=array([0., 0.]), size=array([1., 1.]), units='norm', vertices=array([[ 0.5 , -0.05],
       [ 0.5 ,  0.05]]), win=Window(...), windingRule=None)
17.7275 	EXP 	Created unnamed TextStim = TextStim(__class__=<class 'psychopy.visual.text.TextStim'>, alignHoriz=method-wrapper(...), alignText='center', alignVert=method-wrapper(...), anchorHoriz='center', anchorVert='center', antialias=True, autoLog=True, bold=False, color=array([1., 1., 1.]), colorSpace='rgb', contrast=1.0, depth=0, flipHoriz=False, flipVert=False, font='', fontFiles=[], height=0.05, italic=False, languageStyle='LTR', name='unnamed TextStim', opacity=1.0, ori=0.0, pos=array([-0.5, -0.1]), rgb=UNKNOWN, text='Clearly \n NOTHING', units='norm', win=Window(...), wrapWidth=1)
17.7286 	EXP 	Created unnamed TextStim = TextStim(__class__=<class 'psychopy.visual.text.TextStim'>, alignHoriz=method-wrapper(...), alignText='center', alignVert=method-wrapper(...), anchorHoriz='center', anchorVert='center', antialias=True, autoLog=True, bold=False, color=array([1., 1., 1.]), colorSpace='rgb', contrast=1.0, depth=0, flipHoriz=False, flipVert=False, font='', fontFiles=[], height=0.05, italic=False, languageStyle='LTR', name='unnamed TextStim', opacity=1.0, ori=0.0, pos=array([-0.16666667, -0.1       ]), rgb=UNKNOWN, text='', units='norm', win=Window(...), wrapWidth=1)
17.7296 	EXP 	Created unnamed TextStim = TextStim(__class__=<class 'psychopy.visual.text.TextStim'>, alignHoriz=method-wrapper(...), alignText='center', alignVert=method-wrapper(...), anchorHoriz='center', anchorVert='center', antialias=True, autoLog=True, bold=False, color=array([1., 1., 1.]), colorSpace='rgb', contrast=1.0, depth=0, flipHoriz=False, flipVert=False, font='', fontFiles=[], height=0.05, italic=False, languageStyle='LTR', name='unnamed TextStim', opacity=1.0, ori=0.0, pos=array([ 0.16666667, -0.1       ]), rgb=UNKNOWN, text='', units='norm', win=Window(...), wrapWidth=1)
17.7340 	EXP 	Created unnamed TextStim = TextStim(__class__=<class 'psychopy.visual.text.TextStim'>, alignHoriz=method-wrapper(...), alignText='center', alignVert=method-wrapper(...), anchorHoriz='center', anchorVert='center', antialias=True, autoLog=True, bold=False, color=array([1., 1., 1.]), colorSpace='rgb', contrast=1.0, depth=0, flipHoriz=False, flipVert=False, font='', fontFiles=[], height=0.05, italic=False, languageStyle='LTR', name='unnamed TextStim', opacity=1.0, ori=0.0, pos=array([ 0.5, -0.1]), rgb=UNKNOWN, text='Clearly \n SOMETHING', units='norm', win=Window(...), wrapWidth=1)
17.7358 	EXP 	Created unnamed ShapeStim = ShapeStim(__class__=<class 'psychopy.visual.shape.ShapeStim'>, autoDraw=False, autoLog=True, closeShape=True, color=method-wrapper(...), colorSpace='rgb', contrast=None, depth=0, fillColor=array([1, 1, 1]), fillColorSpace='rgb', fillRGB=array([1, 1, 1]), interpolate=True, lineColor=array([-1., -1., -1.]), lineColorSpace='rgb', lineRGB=array([-1, -1, -1]), lineWidth=1.5, name='unnamed ShapeStim', opacity=1.0, ori=0.0, pos=array([0., 0.]), size=array([1., 1.]), units='norm', vertices=ndarray(...), win=Window(...), windingRule=None)
17.7429 	EXP 	Created instru = TextStim(__class__=<class 'psychopy.visual.text.TextStim'>, alignHoriz=method-wrapper(...), alignText='center', alignVert=method-wrapper(...), anchorHoriz='center', anchorVert='center', antialias=True, autoLog=True, bold=False, color=array([1., 1., 1.]), colorSpace='rgb', contrast=1.0, depth=0.0, flipHoriz=False, flipVert=False, font='Arial', fontFiles=[], height=0.07, italic=False, languageStyle='LTR', name='instru', opacity=1, ori=0, pos=array([0. , 0.5]), rgb=UNKNOWN, text=str(...), units='norm', win=Window(...), wrapWidth=1)
17.7449 	EXP 	Created unnamed Line = Line(__class__=<class 'psychopy.visual.line.Line'>, autoDraw=False, autoLog=True, closeShape=False, color=array([1., 1., 1.]), colorSpace='rgb', contrast=None, depth=0, fillColor=array([0, 0, 0]), fillColorSpace='rgb', fillRGB=array([0, 0, 0]), interpolate=True, lineColor=array([1., 1., 1.]), lineColorSpace='rgb', lineRGB=array([1, 1, 1]), lineWidth=5, name='unnamed Line', opacity=0.5, ori=0.0, pos=array([0., 0.]), size=array([1., 1.]), units='norm', vertices=array([[-0.5,  0. ],
       [ 0.5,  0. ]]), win=Window(...), windingRule=None)
17.7468 	EXP 	Created unnamed Line = Line(__class__=<class 'psychopy.visual.line.Line'>, autoDraw=False, autoLog=True, closeShape=False, color=array([1., 1., 1.]), colorSpace='rgb', contrast=None, depth=0, fillColor=array([0, 0, 0]), fillColorSpace='rgb', fillRGB=array([0, 0, 0]), interpolate=True, lineColor=array([1., 1., 1.]), lineColorSpace='rgb', lineRGB=array([1, 1, 1]), lineWidth=3, name='unnamed Line', opacity=0.5, ori=0.0, pos=array([0., 0.]), size=array([1., 1.]), units='norm', vertices=array([[-0.5 , -0.05],
       [-0.5 ,  0.05]]), win=Window(...), windingRule=None)
17.7488 	EXP 	Created unnamed Line = Line(__class__=<class 'psychopy.visual.line.Line'>, autoDraw=False, autoLog=True, closeShape=False, color=array([1., 1., 1.]), colorSpace='rgb', contrast=None, depth=0, fillColor=array([0, 0, 0]), fillColorSpace='rgb', fillRGB=array([0, 0, 0]), interpolate=True, lineColor=array([1., 1., 1.]), lineColorSpace='rgb', lineRGB=array([1, 1, 1]), lineWidth=3, name='unnamed Line', opacity=0.5, ori=0.0, pos=array([0., 0.]), size=array([1., 1.]), units='norm', vertices=ndarray(...), win=Window(...), windingRule=None)
17.7507 	EXP 	Created unnamed Line = Line(__class__=<class 'psychopy.visual.line.Line'>, autoDraw=False, autoLog=True, closeShape=False, color=array([1., 1., 1.]), colorSpace='rgb', contrast=None, depth=0, fillColor=array([0, 0, 0]), fillColorSpace='rgb', fillRGB=array([0, 0, 0]), interpolate=True, lineColor=array([1., 1., 1.]), lineColorSpace='rgb', lineRGB=array([1, 1, 1]), lineWidth=3, name='unnamed Line', opacity=0.5, ori=0.0, pos=array([0., 0.]), size=array([1., 1.]), units='norm', vertices=ndarray(...), win=Window(...), windingRule=None)
17.7528 	EXP 	Created unnamed Line = Line(__class__=<class 'psychopy.visual.line.Line'>, autoDraw=False, autoLog=True, closeShape=False, color=array([1., 1., 1.]), colorSpace='rgb', contrast=None, depth=0, fillColor=array([0, 0, 0]), fillColorSpace='rgb', fillRGB=array([0, 0, 0]), interpolate=True, lineColor=array([1., 1., 1.]), lineColorSpace='rgb', lineRGB=array([1, 1, 1]), lineWidth=3, name='unnamed Line', opacity=0.5, ori=0.0, pos=array([0., 0.]), size=array([1., 1.]), units='norm', vertices=array([[ 0.5 , -0.05],
       [ 0.5 ,  0.05]]), win=Window(...), windingRule=None)
17.7578 	EXP 	Created unnamed TextStim = TextStim(__class__=<class 'psychopy.visual.text.TextStim'>, alignHoriz=method-wrapper(...), alignText='center', alignVert=method-wrapper(...), anchorHoriz='center', anchorVert='center', antialias=True, autoLog=True, bold=False, color=array([1., 1., 1.]), colorSpace='rgb', contrast=1.0, depth=0, flipHoriz=False, flipVert=False, font='', fontFiles=[], height=0.05, italic=False, languageStyle='LTR', name='unnamed TextStim', opacity=1.0, ori=0.0, pos=array([-0.5, -0.1]), rgb=UNKNOWN, text='Clearly \n SPONTANEOUS', units='norm', win=Window(...), wrapWidth=1)
17.7589 	EXP 	Created unnamed TextStim = TextStim(__class__=<class 'psychopy.visual.text.TextStim'>, alignHoriz=method-wrapper(...), alignText='center', alignVert=method-wrapper(...), anchorHoriz='center', anchorVert='center', antialias=True, autoLog=True, bold=False, color=array([1., 1., 1.]), colorSpace='rgb', contrast=1.0, depth=0, flipHoriz=False, flipVert=False, font='', fontFiles=[], height=0.05, italic=False, languageStyle='LTR', name='unnamed TextStim', opacity=1.0, ori=0.0, pos=array([-0.16666667, -0.1       ]), rgb=UNKNOWN, text='', units='norm', win=Window(...), wrapWidth=1)
17.7599 	EXP 	Created unnamed TextStim = TextStim(__class__=<class 'psychopy.visual.text.TextStim'>, alignHoriz=method-wrapper(...), alignText='center', alignVert=method-wrapper(...), anchorHoriz='center', anchorVert='center', antialias=True, autoLog=True, bold=False, color=array([1., 1., 1.]), colorSpace='rgb', contrast=1.0, depth=0, flipHoriz=False, flipVert=False, font='', fontFiles=[], height=0.05, italic=False, languageStyle='LTR', name='unnamed TextStim', opacity=1.0, ori=0.0, pos=array([ 0.16666667, -0.1       ]), rgb=UNKNOWN, text='', units='norm', win=Window(...), wrapWidth=1)
17.7654 	EXP 	Created unnamed TextStim = TextStim(__class__=<class 'psychopy.visual.text.TextStim'>, alignHoriz=method-wrapper(...), alignText='center', alignVert=method-wrapper(...), anchorHoriz='center', anchorVert='center', antialias=True, autoLog=True, bold=False, color=array([1., 1., 1.]), colorSpace='rgb', contrast=1.0, depth=0, flipHoriz=False, flipVert=False, font='', fontFiles=[], height=0.05, italic=False, languageStyle='LTR', name='unnamed TextStim', opacity=1.0, ori=0.0, pos=array([ 0.5, -0.1]), rgb=UNKNOWN, text='Clearly \n DELIBERATE', units='norm', win=Window(...), wrapWidth=1)
17.7671 	EXP 	Created unnamed ShapeStim = ShapeStim(__class__=<class 'psychopy.visual.shape.ShapeStim'>, autoDraw=False, autoLog=True, closeShape=True, color=method-wrapper(...), colorSpace='rgb', contrast=None, depth=0, fillColor=array([1, 1, 1]), fillColorSpace='rgb', fillRGB=array([1, 1, 1]), interpolate=True, lineColor=array([-1., -1., -1.]), lineColorSpace='rgb', lineRGB=array([-1, -1, -1]), lineWidth=1.5, name='unnamed ShapeStim', opacity=1.0, ori=0.0, pos=array([0., 0.]), size=array([1., 1.]), units='norm', vertices=ndarray(...), win=Window(...), windingRule=None)
17.8157 	EXP 	Sound  set volume 1.000
17.8492 	EXP 	unnamed ShapeStim: vertices = <class 'numpy.ndarray'>
17.8492 	EXP 	unnamed ShapeStim: vertices = <class 'numpy.ndarray'>
17.8492 	EXP 	unnamed ShapeStim: vertices = <class 'numpy.ndarray'>
22.8376 	DATA 	Keypress: rctrl
23.3595 	EXP 	Sound  started
23.7336 	DATA 	Keypress: rctrl
24.1094 	EXP 	Sound  started
24.4055 	DATA 	Keypress: rctrl
24.8594 	EXP 	Sound  started
25.2376 	DATA 	Keypress: rctrl
25.6094 	EXP 	Sound  started
26.0696 	DATA 	Keypress: rctrl
26.3594 	EXP 	Sound  started
26.8056 	DATA 	Keypress: rctrl
27.1094 	EXP 	Sound  started
27.5415 	DATA 	Keypress: rctrl
27.8594 	EXP 	Sound  started
28.3736 	DATA 	Keypress: rctrl
28.6094 	EXP 	Sound  started
29.1415 	DATA 	Keypress: rctrl
29.3595 	EXP 	Sound  started
29.9575 	DATA 	Keypress: rctrl
30.1095 	EXP 	Sound  started
30.6776 	DATA 	Keypress: rctrl
30.8595 	EXP 	Sound  started
31.4775 	DATA 	Keypress: lctrl
31.6095 	EXP 	Sound  started
32.1175 	DATA 	Keypress: rctrl
32.3595 	EXP 	Sound  started
32.8695 	DATA 	Keypress: rctrl
33.1095 	EXP 	Sound  started
33.7335 	DATA 	Keypress: rctrl
33.8595 	EXP 	Sound  started
34.3255 	DATA 	Keypress: rctrl
34.6096 	EXP 	Sound  started
35.1735 	DATA 	Keypress: lctrl
35.3596 	EXP 	Sound  started
35.9576 	DATA 	Keypress: lctrl
36.1096 	EXP 	Sound  started
36.7576 	DATA 	Keypress: rctrl
36.8596 	EXP 	Sound  started
37.4136 	DATA 	Keypress: rctrl
37.6096 	EXP 	Sound  started
38.1975 	DATA 	Keypress: rctrl
38.3596 	EXP 	Sound  started
39.0295 	DATA 	Keypress: rctrl
39.1096 	EXP 	Sound  started
39.7815 	DATA 	Keypress: rctrl
39.8597 	EXP 	Sound  started
40.5016 	DATA 	Keypress: rctrl
40.6097 	EXP 	Sound  started
41.3597 	EXP 	Sound  started
41.3656 	DATA 	Keypress: rctrl
41.9736 	DATA 	Keypress: rctrl
42.1097 	EXP 	Sound  started
42.5655 	DATA 	Keypress: rctrl
42.8597 	EXP 	Sound  started
43.2215 	DATA 	Keypress: rctrl
43.6097 	EXP 	Sound  started
43.9896 	DATA 	Keypress: rctrl
44.3598 	EXP 	Sound  started
44.8216 	DATA 	Keypress: rctrl
45.1098 	EXP 	Sound  started
45.6216 	DATA 	Keypress: rctrl
45.8598 	EXP 	Sound  started
46.2936 	DATA 	Keypress: rctrl
46.6098 	EXP 	Sound  started
47.1895 	DATA 	Keypress: rctrl
47.3598 	EXP 	Sound  started
48.0375 	DATA 	Keypress: rctrl
48.1098 	EXP 	Sound  started
48.7416 	DATA 	Keypress: rctrl
48.8598 	EXP 	Sound  started
49.3816 	DATA 	Keypress: rctrl
49.6098 	EXP 	Sound  started
50.1336 	DATA 	Keypress: rctrl
50.3599 	EXP 	Sound  started
50.8056 	DATA 	Keypress: rctrl
51.1099 	EXP 	Sound  started
51.5736 	DATA 	Keypress: rctrl
51.8599 	EXP 	Sound  started
52.3257 	DATA 	Keypress: rctrl
52.6099 	EXP 	Sound  started
53.1415 	DATA 	Keypress: rctrl
53.3599 	EXP 	Sound  started
53.8935 	DATA 	Keypress: rctrl
54.1099 	EXP 	Sound  started
54.5815 	DATA 	Keypress: rctrl
54.8600 	EXP 	Sound  started
55.3175 	DATA 	Keypress: rctrl
55.6100 	EXP 	Sound  started
56.1015 	DATA 	Keypress: rctrl
56.3600 	EXP 	Sound  started
56.9655 	DATA 	Keypress: rctrl
57.1100 	EXP 	Sound  started
57.7815 	DATA 	Keypress: rctrl
57.8600 	EXP 	Sound  started
58.5175 	DATA 	Keypress: rctrl
58.6100 	EXP 	Sound  started
59.1415 	DATA 	Keypress: rctrl
59.3600 	EXP 	Sound  started
59.9575 	DATA 	Keypress: rctrl
60.1101 	EXP 	Sound  started
60.6775 	DATA 	Keypress: rctrl
60.8601 	EXP 	Sound  started
61.3975 	DATA 	Keypress: rctrl
61.6101 	EXP 	Sound  started
62.0855 	DATA 	Keypress: rctrl
62.3601 	EXP 	Sound  started
62.8855 	DATA 	Keypress: rctrl
63.1101 	EXP 	Sound  started
63.6055 	DATA 	Keypress: lctrl
63.8601 	EXP 	Sound  started
64.3095 	DATA 	Keypress: lctrl
64.6101 	EXP 	Sound  started
65.0295 	DATA 	Keypress: rctrl
65.3602 	EXP 	Sound  started
65.8455 	DATA 	Keypress: lctrl
66.1102 	EXP 	Sound  started
66.4696 	DATA 	Keypress: rctrl
66.8602 	EXP 	Sound  started
67.2855 	DATA 	Keypress: rctrl
67.6102 	EXP 	Sound  started
68.1175 	DATA 	Keypress: rctrl
68.3602 	EXP 	Sound  started
68.8855 	DATA 	Keypress: rctrl
69.1102 	EXP 	Sound  started
69.6695 	DATA 	Keypress: rctrl
69.8602 	EXP 	Sound  started
70.3415 	DATA 	Keypress: lctrl
70.6103 	EXP 	Sound  started
71.1255 	DATA 	Keypress: lctrl
71.3603 	EXP 	Sound  started
71.8135 	DATA 	Keypress: lctrl
72.1103 	EXP 	Sound  started
72.4695 	DATA 	Keypress: lctrl
72.8603 	EXP 	Sound  started
73.1895 	DATA 	Keypress: rctrl
73.6103 	EXP 	Sound  started
74.0055 	DATA 	Keypress: rctrl
74.3834 	EXP 	unnamed TextStim: text = ''
74.3834 	EXP 	unnamed TextStim: text = ''
75.5178 	DATA 	Keypress: 4
75.5343 	EXP 	unnamed ShapeStim: vertices = <class 'numpy.ndarray'>
77.0689 	EXP 	unnamed TextStim: text = ''
77.0689 	EXP 	unnamed TextStim: text = ''
77.3860 	DATA 	Keypress: 1
77.4025 	EXP 	unnamed ShapeStim: vertices = <class 'numpy.ndarray'>
78.9371 	EXP 	unnamed TextStim: text = ''
78.9371 	EXP 	unnamed TextStim: text = ''
79.2079 	DATA 	Keypress: 4
79.2374 	EXP 	unnamed ShapeStim: vertices = <class 'numpy.ndarray'>
81.5221 	EXP 	Sound  started
81.5233 	DATA 	Keypress: rctrl
81.9096 	DATA 	Keypress: rctrl
82.2720 	EXP 	Sound  started
82.7576 	DATA 	Keypress: rctrl
83.0220 	EXP 	Sound  started
83.6056 	DATA 	Keypress: rctrl
83.7720 	EXP 	Sound  started
84.4375 	DATA 	Keypress: rctrl
84.5220 	EXP 	Sound  started
85.2054 	DATA 	Keypress: rctrl
85.2720 	EXP 	Sound  started
86.0221 	EXP 	Sound  started
86.0376 	DATA 	Keypress: lctrl
86.7721 	EXP 	Sound  started
87.3816 	DATA 	Keypress: rctrl
87.5221 	EXP 	Sound  started
88.2615 	DATA 	Keypress: rctrl
88.2721 	EXP 	Sound  started
88.9495 	DATA 	Keypress: rctrl
89.0221 	EXP 	Sound  started
89.7334 	DATA 	Keypress: rctrl
89.7721 	EXP 	Sound  started
90.4375 	DATA 	Keypress: rctrl
90.5221 	EXP 	Sound  started
91.1415 	DATA 	Keypress: rctrl
91.2722 	EXP 	Sound  started
92.0216 	DATA 	Keypress: rctrl
92.0222 	EXP 	Sound  started
92.7576 	DATA 	Keypress: rctrl
92.7722 	EXP 	Sound  started
93.4456 	DATA 	Keypress: rctrl
93.5222 	EXP 	Sound  started
94.1015 	DATA 	Keypress: rctrl
94.2722 	EXP 	Sound  started
94.8215 	DATA 	Keypress: rctrl
95.0222 	EXP 	Sound  started
95.6375 	DATA 	Keypress: rctrl
95.7722 	EXP 	Sound  started
96.1975 	DATA 	Keypress: lctrl
96.5222 	EXP 	Sound  started
97.2723 	EXP 	Sound  started
98.0223 	EXP 	Sound  started
98.7723 	EXP 	Sound  started
99.3176 	DATA 	Keypress: lctrl
99.5223 	EXP 	Sound  started
100.2723 	EXP 	Sound  started
100.9815 	DATA 	Keypress: lctrl
101.0223 	EXP 	Sound  started
101.7655 	DATA 	Keypress: rctrl
101.7724 	EXP 	Sound  started
102.3415 	DATA 	Keypress: rctrl
102.5224 	EXP 	Sound  started
103.2724 	EXP 	Sound  started
104.0224 	EXP 	Sound  started
104.6455 	DATA 	Keypress: rctrl
104.7724 	EXP 	Sound  started
105.2375 	DATA 	Keypress: rctrl
105.5224 	EXP 	Sound  started
105.8295 	DATA 	Keypress: rctrl
106.2724 	EXP 	Sound  started
106.3736 	DATA 	Keypress: lctrl
107.0225 	EXP 	Sound  started
107.1735 	DATA 	Keypress: lctrl
107.7725 	EXP 	Sound  started
107.8295 	DATA 	Keypress: lctrl
108.5225 	EXP 	Sound  started
108.5974 	DATA 	Keypress: lctrl
109.2215 	DATA 	Keypress: rctrl
109.2725 	EXP 	Sound  started
109.9095 	DATA 	Keypress: rctrl
110.0225 	EXP 	Sound  started
110.7725 	EXP 	Sound  started
110.8534 	DATA 	Keypress: rctrl
111.5226 	EXP 	Sound  started
111.6375 	DATA 	Keypress: rctrl
112.2135 	DATA 	Keypress: lctrl
112.2726 	EXP 	Sound  started
112.9015 	DATA 	Keypress: rctrl
113.0226 	EXP 	Sound  started
113.6694 	DATA 	Keypress: rctrl
113.7726 	EXP 	Sound  started
114.4215 	DATA 	Keypress: rctrl
114.5226 	EXP 	Sound  started
115.1575 	DATA 	Keypress: rctrl
115.2726 	EXP 	Sound  started
115.8775 	DATA 	Keypress: rctrl
116.0226 	EXP 	Sound  started
116.5655 	DATA 	Keypress: rctrl
116.7727 	EXP 	Sound  started
117.3976 	DATA 	Keypress: rctrl
117.5227 	EXP 	Sound  started
118.2615 	DATA 	Keypress: rctrl
118.2727 	EXP 	Sound  started
119.0227 	EXP 	Sound  started
119.1575 	DATA 	Keypress: rctrl
119.7727 	EXP 	Sound  started
119.8134 	DATA 	Keypress: rctrl
120.4696 	DATA 	Keypress: rctrl
120.5227 	EXP 	Sound  started
121.1095 	DATA 	Keypress: rctrl
121.2727 	EXP 	Sound  started
121.7015 	DATA 	Keypress: rctrl
122.0228 	EXP 	Sound  started
122.2776 	DATA 	Keypress: rctrl
122.7728 	EXP 	Sound  started
122.8535 	DATA 	Keypress: rctrl
123.4775 	DATA 	Keypress: rctrl
123.5228 	EXP 	Sound  started
124.1175 	DATA 	Keypress: rctrl
124.2728 	EXP 	Sound  started
124.7095 	DATA 	Keypress: rctrl
125.0228 	EXP 	Sound  started
125.6695 	DATA 	Keypress: rctrl
125.7728 	EXP 	Sound  started
126.5175 	DATA 	Keypress: lctrl
126.5228 	EXP 	Sound  started
127.2375 	DATA 	Keypress: rctrl
127.2729 	EXP 	Sound  started
127.9095 	DATA 	Keypress: lctrl
128.0229 	EXP 	Sound  started
128.7575 	DATA 	Keypress: lctrl
128.7729 	EXP 	Sound  started
129.4295 	DATA 	Keypress: rctrl
129.5229 	EXP 	Sound  started
130.1335 	DATA 	Keypress: rctrl
132.0136 	DATA 	Keypress: 2
132.0301 	EXP 	unnamed ShapeStim: vertices = <class 'numpy.ndarray'>
134.6497 	DATA 	Keypress: 3
134.6661 	EXP 	unnamed ShapeStim: vertices = <class 'numpy.ndarray'>
136.6845 	DATA 	Keypress: 1
136.7011 	EXP 	unnamed ShapeStim: vertices = <class 'numpy.ndarray'>
138.9863 	EXP 	Sound  started
139.1735 	DATA 	Keypress: rctrl
139.7174 	DATA 	Keypress: rctrl
139.7361 	EXP 	Sound  started
140.3255 	DATA 	Keypress: rctrl
140.4862 	EXP 	Sound  started
141.0774 	DATA 	Keypress: rctrl
141.2362 	EXP 	Sound  started
141.7654 	DATA 	Keypress: rctrl
141.9862 	EXP 	Sound  started
142.5975 	DATA 	Keypress: rctrl
142.7362 	EXP 	Sound  started
143.3336 	DATA 	Keypress: rctrl
143.4862 	EXP 	Sound  started
144.1015 	DATA 	Keypress: lctrl
144.2362 	EXP 	Sound  started
144.8375 	DATA 	Keypress: lctrl
144.9862 	EXP 	Sound  started
145.5414 	DATA 	Keypress: lctrl
145.7363 	EXP 	Sound  started
146.2455 	DATA 	Keypress: rctrl
146.4863 	EXP 	Sound  started
147.0455 	DATA 	Keypress: rctrl
147.2363 	EXP 	Sound  started
147.7655 	DATA 	Keypress: lctrl
147.9863 	EXP 	Sound  started
148.5015 	DATA 	Keypress: rctrl
148.7363 	EXP 	Sound  started
149.2374 	DATA 	Keypress: rctrl
149.4863 	EXP 	Sound  started
150.0214 	DATA 	Keypress: rctrl
150.2363 	EXP 	Sound  started
150.8054 	DATA 	Keypress: rctrl
150.9864 	EXP 	Sound  started
151.6055 	DATA 	Keypress: rctrl
151.7364 	EXP 	Sound  started
152.3575 	DATA 	Keypress: rctrl
152.4864 	EXP 	Sound  started
153.0935 	DATA 	Keypress: lctrl
153.2364 	EXP 	Sound  started
153.8935 	DATA 	Keypress: lctrl
153.9864 	EXP 	Sound  started
154.5494 	DATA 	Keypress: lctrl
154.7364 	EXP 	Sound  started
155.2695 	DATA 	Keypress: lctrl
155.4864 	EXP 	Sound  started
155.9415 	DATA 	Keypress: lctrl
156.2365 	EXP 	Sound  started
156.6295 	DATA 	Keypress: lctrl
156.9865 	EXP 	Sound  started
157.4615 	DATA 	Keypress: rctrl
157.7365 	EXP 	Sound  started
158.3095 	DATA 	Keypress: rctrl
158.4865 	EXP 	Sound  started
159.1094 	DATA 	Keypress: rctrl
159.2365 	EXP 	Sound  started
159.8454 	DATA 	Keypress: rctrl
159.9865 	EXP 	Sound  started
160.5495 	DATA 	Keypress: rctrl
160.7365 	EXP 	Sound  started
161.1895 	DATA 	Keypress: rctrl
161.4866 	EXP 	Sound  started
162.0055 	DATA 	Keypress: rctrl
162.2366 	EXP 	Sound  started
162.8216 	DATA 	Keypress: lctrl
162.9866 	EXP 	Sound  started
163.4935 	DATA 	Keypress: rctrl
163.7366 	EXP 	Sound  started
164.2294 	DATA 	Keypress: lctrl
164.4866 	EXP 	Sound  started
164.9334 	DATA 	Keypress: lctrl
165.2366 	EXP 	Sound  started
165.6374 	DATA 	Keypress: rctrl
165.9867 	EXP 	Sound  started
166.3734 	DATA 	Keypress: rctrl
166.7367 	EXP 	Sound  started
167.1575 	DATA 	Keypress: rctrl
167.4867 	EXP 	Sound  started
167.9415 	DATA 	Keypress: rctrl
168.2367 	EXP 	Sound  started
168.6934 	DATA 	Keypress: rctrl
168.9867 	EXP 	Sound  started
169.4615 	DATA 	Keypress: rctrl
169.7367 	EXP 	Sound  started
170.1814 	DATA 	Keypress: rctrl
170.4868 	EXP 	Sound  started
170.9815 	DATA 	Keypress: rctrl
171.2367 	EXP 	Sound  started
171.7014 	DATA 	Keypress: rctrl
171.9868 	EXP 	Sound  started
172.4534 	DATA 	Keypress: rctrl
172.7368 	EXP 	Sound  started
173.1736 	DATA 	Keypress: rctrl
173.4868 	EXP 	Sound  started
174.1014 	DATA 	Keypress: rctrl
174.2368 	EXP 	Sound  started
174.8695 	DATA 	Keypress: lctrl
174.9868 	EXP 	Sound  started
175.5735 	DATA 	Keypress: rctrl
175.7368 	EXP 	Sound  started
176.3735 	DATA 	Keypress: lctrl
176.4869 	EXP 	Sound  started
177.0775 	DATA 	Keypress: lctrl
177.2369 	EXP 	Sound  started
177.8134 	DATA 	Keypress: lctrl
177.9869 	EXP 	Sound  started
178.5335 	DATA 	Keypress: lctrl
178.7369 	EXP 	Sound  started
179.2054 	DATA 	Keypress: lctrl
179.4869 	EXP 	Sound  started
179.9255 	DATA 	Keypress: lctrl
180.2369 	EXP 	Sound  started
180.6776 	DATA 	Keypress: lctrl
180.9869 	EXP 	Sound  started
181.5095 	DATA 	Keypress: lctrl
181.7369 	EXP 	Sound  started
182.2456 	DATA 	Keypress: lctrl
182.4870 	EXP 	Sound  started
183.0294 	DATA 	Keypress: lctrl
183.2370 	EXP 	Sound  started
183.7814 	DATA 	Keypress: lctrl
183.9870 	EXP 	Sound  started
184.5655 	DATA 	Keypress: lctrl
184.7370 	EXP 	Sound  started
185.3174 	DATA 	Keypress: rctrl
185.4870 	EXP 	Sound  started
186.1334 	DATA 	Keypress: rctrl
186.2370 	EXP 	Sound  started
186.9871 	EXP 	Sound  started
187.4934 	DATA 	Keypress: rctrl
187.7371 	EXP 	Sound  started
188.0694 	DATA 	Keypress: rctrl
188.4871 	EXP 	Sound  started
188.9015 	DATA 	Keypress: lctrl
189.2371 	EXP 	Sound  started
189.7335 	DATA 	Keypress: rctrl
189.9871 	EXP 	Sound  started
190.3254 	DATA 	Keypress: lctrl
190.7371 	EXP 	Sound  started
191.1255 	DATA 	Keypress: lctrl
191.4872 	EXP 	Sound  started
191.8294 	DATA 	Keypress: rctrl
192.2372 	EXP 	Sound  started
192.6774 	DATA 	Keypress: rctrl
192.9872 	EXP 	Sound  started
193.4615 	DATA 	Keypress: lctrl
193.7372 	EXP 	Sound  started
194.1975 	DATA 	Keypress: rctrl
194.4872 	EXP 	Sound  started
194.9815 	DATA 	Keypress: rctrl
195.2373 	EXP 	Sound  started
195.7814 	DATA 	Keypress: lctrl
195.9873 	EXP 	Sound  started
196.5655 	DATA 	Keypress: rctrl
196.7373 	EXP 	Sound  started
197.3335 	DATA 	Keypress: lctrl
197.4873 	EXP 	Sound  started
198.0214 	DATA 	Keypress: rctrl
198.2373 	EXP 	Sound  started
198.8215 	DATA 	Keypress: rctrl
198.9873 	EXP 	Sound  started
199.5895 	DATA 	Keypress: rctrl
199.7373 	EXP 	Sound  started
200.3255 	DATA 	Keypress: rctrl
200.4873 	EXP 	Sound  started
201.0774 	DATA 	Keypress: rctrl
201.2373 	EXP 	Sound  started
201.8454 	DATA 	Keypress: rctrl
201.9874 	EXP 	Sound  started
202.6295 	DATA 	Keypress: rctrl
202.7374 	EXP 	Sound  started
203.3655 	DATA 	Keypress: rctrl
203.4874 	EXP 	Sound  started
204.0854 	DATA 	Keypress: rctrl
204.2374 	EXP 	Sound  started
204.9495 	DATA 	Keypress: rctrl
206.5752 	DATA 	Keypress: 4
206.5912 	EXP 	unnamed ShapeStim: vertices = <class 'numpy.ndarray'>
208.3933 	DATA 	Keypress: 1
208.4098 	EXP 	unnamed ShapeStim: vertices = <class 'numpy.ndarray'>
210.2782 	DATA 	Keypress: 4
210.2947 	EXP 	unnamed ShapeStim: vertices = <class 'numpy.ndarray'>
212.5796 	EXP 	Sound  started
212.5804 	DATA 	Keypress: rctrl
213.0775 	DATA 	Keypress: rctrl
213.3294 	EXP 	Sound  started
213.8454 	DATA 	Keypress: lctrl
214.0794 	EXP 	Sound  started
214.6134 	DATA 	Keypress: rctrl
214.8294 	EXP 	Sound  started
215.4135 	DATA 	Keypress: lctrl
215.5794 	EXP 	Sound  started
216.1494 	DATA 	Keypress: rctrl
216.3295 	EXP 	Sound  started
217.0454 	DATA 	Keypress: lctrl
217.0795 	EXP 	Sound  started
217.7975 	DATA 	Keypress: lctrl
217.8295 	EXP 	Sound  started
218.5335 	DATA 	Keypress: rctrl
218.5795 	EXP 	Sound  started
219.2854 	DATA 	Keypress: rctrl
219.3295 	EXP 	Sound  started
220.0215 	DATA 	Keypress: rctrl
220.0795 	EXP 	Sound  started
220.7575 	DATA 	Keypress: lctrl
220.8295 	EXP 	Sound  started
221.3814 	DATA 	Keypress: rctrl
221.5796 	EXP 	Sound  started
222.1975 	DATA 	Keypress: lctrl
222.3296 	EXP 	Sound  started
222.8215 	DATA 	Keypress: lctrl
223.0796 	EXP 	Sound  started
223.5416 	DATA 	Keypress: lctrl
223.8296 	EXP 	Sound  started
224.3095 	DATA 	Keypress: rctrl
224.5796 	EXP 	Sound  started
225.1735 	DATA 	Keypress: rctrl
225.3296 	EXP 	Sound  started
225.8934 	DATA 	Keypress: rctrl
226.0796 	EXP 	Sound  started
226.6935 	DATA 	Keypress: lctrl
226.8297 	EXP 	Sound  started
227.4454 	DATA 	Keypress: lctrl
227.5797 	EXP 	Sound  started
227.9254 	DATA 	Keypress: rctrl
228.3297 	EXP 	Sound  started
228.7255 	DATA 	Keypress: rctrl
229.0797 	EXP 	Sound  started
229.5254 	DATA 	Keypress: rctrl
229.8297 	EXP 	Sound  started
230.3415 	DATA 	Keypress: rctrl
230.5797 	EXP 	Sound  started
231.1414 	DATA 	Keypress: rctrl
231.3298 	EXP 	Sound  started
231.8775 	DATA 	Keypress: lctrl
232.0798 	EXP 	Sound  started
232.6294 	DATA 	Keypress: lctrl
232.8298 	EXP 	Sound  started
233.3975 	DATA 	Keypress: lctrl
233.5798 	EXP 	Sound  started
234.1494 	DATA 	Keypress: rctrl
234.3298 	EXP 	Sound  started
234.8694 	DATA 	Keypress: rctrl
235.0798 	EXP 	Sound  started
235.6214 	DATA 	Keypress: rctrl
235.8298 	EXP 	Sound  started
236.4374 	DATA 	Keypress: rctrl
236.5799 	EXP 	Sound  started
237.2534 	DATA 	Keypress: rctrl
237.3299 	EXP 	Sound  started
237.9414 	DATA 	Keypress: rctrl
238.0799 	EXP 	Sound  started
238.7254 	DATA 	Keypress: lctrl
238.8299 	EXP 	Sound  started
239.4774 	DATA 	Keypress: rctrl
239.5799 	EXP 	Sound  started
240.2134 	DATA 	Keypress: lctrl
240.3299 	EXP 	Sound  started
240.9494 	DATA 	Keypress: rctrl
241.0799 	EXP 	Sound  started
241.8136 	DATA 	Keypress: lctrl
241.8300 	EXP 	Sound  started
242.4854 	DATA 	Keypress: lctrl
242.5800 	EXP 	Sound  started
243.1415 	DATA 	Keypress: rctrl
243.3300 	EXP 	Sound  started
243.8614 	DATA 	Keypress: rctrl
244.0800 	EXP 	Sound  started
244.4694 	DATA 	Keypress: lctrl
244.8300 	EXP 	Sound  started
245.2214 	DATA 	Keypress: lctrl
245.5800 	EXP 	Sound  started
245.9894 	DATA 	Keypress: rctrl
246.3300 	EXP 	Sound  started
246.7414 	DATA 	Keypress: rctrl
247.0800 	EXP 	Sound  started
247.6054 	DATA 	Keypress: lctrl
247.8301 	EXP 	Sound  started
248.3735 	DATA 	Keypress: rctrl
248.5801 	EXP 	Sound  started
249.0774 	DATA 	Keypress: lctrl
249.3301 	EXP 	Sound  started
249.8134 	DATA 	Keypress: rctrl
250.0801 	EXP 	Sound  started
250.7254 	DATA 	Keypress: lctrl
250.8301 	EXP 	Sound  started
251.4614 	DATA 	Keypress: lctrl
251.5801 	EXP 	Sound  started
252.2134 	DATA 	Keypress: lctrl
252.3301 	EXP 	Sound  started
252.9494 	DATA 	Keypress: lctrl
253.0801 	EXP 	Sound  started
253.6854 	DATA 	Keypress: rctrl
253.8302 	EXP 	Sound  started
254.4853 	DATA 	Keypress: rctrl
254.5802 	EXP 	Sound  started
255.2535 	DATA 	Keypress: rctrl
255.3302 	EXP 	Sound  started
255.8935 	DATA 	Keypress: lctrl
256.0802 	EXP 	Sound  started
256.6614 	DATA 	Keypress: lctrl
256.8302 	EXP 	Sound  started
257.4454 	DATA 	Keypress: rctrl
257.5802 	EXP 	Sound  started
258.2454 	DATA 	Keypress: rctrl
258.3303 	EXP 	Sound  started
258.9495 	DATA 	Keypress: rctrl
259.0803 	EXP 	Sound  started
259.7494 	DATA 	Keypress: rctrl
259.8303 	EXP 	Sound  started
260.4534 	DATA 	Keypress: lctrl
260.5803 	EXP 	Sound  started
261.2374 	DATA 	Keypress: rctrl
261.3303 	EXP 	Sound  started
262.0055 	DATA 	Keypress: rctrl
262.0803 	EXP 	Sound  started
262.5653 	DATA 	Keypress: rctrl
262.8303 	EXP 	Sound  started
263.3654 	DATA 	Keypress: lctrl
263.5804 	EXP 	Sound  started
264.1334 	DATA 	Keypress: rctrl
265.8237 	DATA 	Keypress: 2
265.8402 	EXP 	unnamed ShapeStim: vertices = <class 'numpy.ndarray'>
268.6092 	DATA 	Keypress: 3
268.6258 	EXP 	unnamed ShapeStim: vertices = <class 'numpy.ndarray'>
270.8444 	DATA 	Keypress: 1
270.8610 	EXP 	unnamed ShapeStim: vertices = <class 'numpy.ndarray'>
273.1453 	EXP 	Sound  started
273.1895 	DATA 	Keypress: rctrl
273.8774 	DATA 	Keypress: rctrl
273.8952 	EXP 	Sound  started
274.5814 	DATA 	Keypress: lctrl
274.6452 	EXP 	Sound  started
275.2533 	DATA 	Keypress: rctrl
275.3952 	EXP 	Sound  started
276.1452 	EXP 	Sound  started
276.1654 	DATA 	Keypress: lctrl
276.8374 	DATA 	Keypress: lctrl
276.8952 	EXP 	Sound  started
277.5093 	DATA 	Keypress: lctrl
277.6452 	EXP 	Sound  started
278.2455 	DATA 	Keypress: rctrl
278.3952 	EXP 	Sound  started
278.9974 	DATA 	Keypress: rctrl
279.1453 	EXP 	Sound  started
279.7815 	DATA 	Keypress: rctrl
279.8952 	EXP 	Sound  started
280.5013 	DATA 	Keypress: rctrl
280.6453 	EXP 	Sound  started
281.2374 	DATA 	Keypress: rctrl
281.3953 	EXP 	Sound  started
282.0214 	DATA 	Keypress: rctrl
282.1453 	EXP 	Sound  started
282.7574 	DATA 	Keypress: lctrl
282.8953 	EXP 	Sound  started
283.5574 	DATA 	Keypress: rctrl
283.6453 	EXP 	Sound  started
284.3574 	DATA 	Keypress: rctrl
284.3953 	EXP 	Sound  started
285.1094 	DATA 	Keypress: rctrl
285.1453 	EXP 	Sound  started
285.8294 	DATA 	Keypress: rctrl
285.8954 	EXP 	Sound  started
286.5655 	DATA 	Keypress: rctrl
286.6456 	EXP 	Sound  started
287.2854 	DATA 	Keypress: rctrl
287.3956 	EXP 	Sound  started
288.0214 	DATA 	Keypress: rctrl
288.1456 	EXP 	Sound  started
288.7734 	DATA 	Keypress: rctrl
288.8956 	EXP 	Sound  started
289.4775 	DATA 	Keypress: rctrl
289.6456 	EXP 	Sound  started
290.2293 	DATA 	Keypress: lctrl
290.3957 	EXP 	Sound  started
290.9494 	DATA 	Keypress: rctrl
291.1457 	EXP 	Sound  started
291.6694 	DATA 	Keypress: lctrl
291.8957 	EXP 	Sound  started
292.4214 	DATA 	Keypress: rctrl
292.6457 	EXP 	Sound  started
293.2054 	DATA 	Keypress: rctrl
293.3957 	EXP 	Sound  started
294.1457 	EXP 	Sound  started
294.6934 	DATA 	Keypress: rctrl
294.8957 	EXP 	Sound  started
295.4934 	DATA 	Keypress: lctrl
295.6458 	EXP 	Sound  started
296.2614 	DATA 	Keypress: rctrl
296.3958 	EXP 	Sound  started
297.0294 	DATA 	Keypress: lctrl
297.1458 	EXP 	Sound  started
297.7173 	DATA 	Keypress: rctrl
297.8958 	EXP 	Sound  started
298.5494 	DATA 	Keypress: rctrl
298.6458 	EXP 	Sound  started
299.2853 	DATA 	Keypress: lctrl
299.3958 	EXP 	Sound  started
300.0854 	DATA 	Keypress: lctrl
300.1458 	EXP 	Sound  started
300.7255 	DATA 	Keypress: rctrl
300.8958 	EXP 	Sound  started
301.4934 	DATA 	Keypress: lctrl
301.6459 	EXP 	Sound  started
302.2454 	DATA 	Keypress: rctrl
302.3959 	EXP 	Sound  started
302.9974 	DATA 	Keypress: lctrl
303.1459 	EXP 	Sound  started
303.7334 	DATA 	Keypress: rctrl
303.8959 	EXP 	Sound  started
304.5334 	DATA 	Keypress: rctrl
304.6459 	EXP 	Sound  started
305.2694 	DATA 	Keypress: rctrl
305.3959 	EXP 	Sound  started
306.0534 	DATA 	Keypress: lctrl
306.1459 	EXP 	Sound  started
306.8374 	DATA 	Keypress: lctrl
306.8960 	EXP 	Sound  started
307.5894 	DATA 	Keypress: lctrl
307.6460 	EXP 	Sound  started
308.3960 	EXP 	Sound  started
308.5175 	DATA 	Keypress: rctrl
309.1094 	DATA 	Keypress: rctrl
309.1460 	EXP 	Sound  started
309.8294 	DATA 	Keypress: lctrl
309.8960 	EXP 	Sound  started
310.5494 	DATA 	Keypress: lctrl
310.6460 	EXP 	Sound  started
311.3014 	DATA 	Keypress: rctrl
311.3960 	EXP 	Sound  started
312.0694 	DATA 	Keypress: lctrl
312.1460 	EXP 	Sound  started
312.6933 	DATA 	Keypress: rctrl
312.8961 	EXP 	Sound  started
313.4294 	DATA 	Keypress: rctrl
313.6461 	EXP 	Sound  started
314.1654 	DATA 	Keypress: rctrl
316.4480 	DATA 	Keypress: 3
316.4645 	EXP 	unnamed ShapeStim: vertices = <class 'numpy.ndarray'>
319.3040 	DATA 	Keypress: 2
319.3335 	EXP 	unnamed ShapeStim: vertices = <class 'numpy.ndarray'>
322.4401 	DATA 	Keypress: 1
322.4694 	EXP 	unnamed ShapeStim: vertices = <class 'numpy.ndarray'>
324.7544 	EXP 	Sound  started
324.7553 	DATA 	Keypress: rctrl
325.3654 	DATA 	Keypress: rctrl
325.5043 	EXP 	Sound  started
326.1653 	DATA 	Keypress: lctrl
326.2543 	EXP 	Sound  started
326.9493 	DATA 	Keypress: rctrl
327.0043 	EXP 	Sound  started
327.7334 	DATA 	Keypress: lctrl
327.7543 	EXP 	Sound  started
328.4053 	DATA 	Keypress: lctrl
328.5043 	EXP 	Sound  started
329.0773 	DATA 	Keypress: rctrl
329.2543 	EXP 	Sound  started
329.8774 	DATA 	Keypress: rctrl
330.0044 	EXP 	Sound  started
330.6133 	DATA 	Keypress: rctrl
330.7544 	EXP 	Sound  started
331.3334 	DATA 	Keypress: rctrl
331.5044 	EXP 	Sound  started
332.1013 	DATA 	Keypress: rctrl
332.2544 	EXP 	Sound  started
332.8693 	DATA 	Keypress: rctrl
333.0044 	EXP 	Sound  started
333.6854 	DATA 	Keypress: rctrl
333.7544 	EXP 	Sound  started
334.4374 	DATA 	Keypress: rctrl
334.5044 	EXP 	Sound  started
335.0614 	DATA 	Keypress: lctrl
335.2545 	EXP 	Sound  started
335.8613 	DATA 	Keypress: lctrl
336.0045 	EXP 	Sound  started
336.6293 	DATA 	Keypress: rctrl
336.7545 	EXP 	Sound  started
337.3014 	DATA 	Keypress: lctrl
337.5045 	EXP 	Sound  started
338.0055 	DATA 	Keypress: lctrl
338.2545 	EXP 	Sound  started
338.7414 	DATA 	Keypress: rctrl
339.0045 	EXP 	Sound  started
339.6374 	DATA 	Keypress: rctrl
339.7546 	EXP 	Sound  started
340.5046 	EXP 	Sound  started
340.5333 	DATA 	Keypress: rctrl
341.1894 	DATA 	Keypress: rctrl
341.2546 	EXP 	Sound  started
341.9733 	DATA 	Keypress: lctrl
342.0046 	EXP 	Sound  started
342.6934 	DATA 	Keypress: rctrl
342.7546 	EXP 	Sound  started
343.3814 	DATA 	Keypress: lctrl
343.5046 	EXP 	Sound  started
344.2135 	DATA 	Keypress: lctrl
344.2547 	EXP 	Sound  started
344.8854 	DATA 	Keypress: rctrl
345.0047 	EXP 	Sound  started
345.6373 	DATA 	Keypress: rctrl
345.7547 	EXP 	Sound  started
346.4693 	DATA 	Keypress: rctrl
346.5047 	EXP 	Sound  started
347.1734 	DATA 	Keypress: lctrl
347.2547 	EXP 	Sound  started
347.9413 	DATA 	Keypress: lctrl
348.0047 	EXP 	Sound  started
348.6133 	DATA 	Keypress: rctrl
348.7547 	EXP 	Sound  started
349.3654 	DATA 	Keypress: rctrl
349.5047 	EXP 	Sound  started
350.1014 	DATA 	Keypress: lctrl
350.2548 	EXP 	Sound  started
350.8213 	DATA 	Keypress: lctrl
351.0048 	EXP 	Sound  started
351.5094 	DATA 	Keypress: lctrl
351.7548 	EXP 	Sound  started
352.2293 	DATA 	Keypress: rctrl
352.5048 	EXP 	Sound  started
353.0453 	DATA 	Keypress: rctrl
353.2548 	EXP 	Sound  started
353.7974 	DATA 	Keypress: rctrl
354.0048 	EXP 	Sound  started
354.6453 	DATA 	Keypress: rctrl
354.7548 	EXP 	Sound  started
355.3334 	DATA 	Keypress: rctrl
355.5048 	EXP 	Sound  started
356.1015 	DATA 	Keypress: rctrl
356.2549 	EXP 	Sound  started
356.7893 	DATA 	Keypress: lctrl
357.0049 	EXP 	Sound  started
357.6213 	DATA 	Keypress: lctrl
357.7549 	EXP 	Sound  started
358.4053 	DATA 	Keypress: lctrl
358.5049 	EXP 	Sound  started
359.2549 	EXP 	Sound  started
359.3653 	DATA 	Keypress: lctrl
359.9893 	DATA 	Keypress: lctrl
360.0049 	EXP 	Sound  started
360.6293 	DATA 	Keypress: rctrl
360.7549 	EXP 	Sound  started
361.4133 	DATA 	Keypress: rctrl
361.5050 	EXP 	Sound  started
362.1813 	DATA 	Keypress: rctrl
362.2550 	EXP 	Sound  started
362.8854 	DATA 	Keypress: lctrl
363.0050 	EXP 	Sound  started
363.6213 	DATA 	Keypress: rctrl
363.7550 	EXP 	Sound  started
364.4694 	DATA 	Keypress: lctrl
364.5050 	EXP 	Sound  started
365.1254 	DATA 	Keypress: rctrl
365.2550 	EXP 	Sound  started
365.8613 	DATA 	Keypress: rctrl
366.0050 	EXP 	Sound  started
366.6133 	DATA 	Keypress: rctrl
366.7551 	EXP 	Sound  started
367.2693 	DATA 	Keypress: lctrl
367.5051 	EXP 	Sound  started
368.0213 	DATA 	Keypress: lctrl
368.2551 	EXP 	Sound  started
368.8374 	DATA 	Keypress: lctrl
369.0051 	EXP 	Sound  started
369.6373 	DATA 	Keypress: lctrl
369.7551 	EXP 	Sound  started
370.2294 	DATA 	Keypress: rctrl
370.5051 	EXP 	Sound  started
371.0613 	DATA 	Keypress: rctrl
371.2551 	EXP 	Sound  started
371.9254 	DATA 	Keypress: rctrl
372.0052 	EXP 	Sound  started
372.5973 	DATA 	Keypress: lctrl
372.7552 	EXP 	Sound  started
373.3334 	DATA 	Keypress: lctrl
373.5052 	EXP 	Sound  started
374.1333 	DATA 	Keypress: lctrl
374.2552 	EXP 	Sound  started
374.6773 	DATA 	Keypress: lctrl
375.0052 	EXP 	Sound  started
375.5573 	DATA 	Keypress: rctrl
375.7552 	EXP 	Sound  started
376.3893 	DATA 	Keypress: lctrl
376.5053 	EXP 	Sound  started
377.1413 	DATA 	Keypress: rctrl
377.2553 	EXP 	Sound  started
377.8453 	DATA 	Keypress: rctrl
378.0053 	EXP 	Sound  started
378.6293 	DATA 	Keypress: lctrl
378.7553 	EXP 	Sound  started
379.3813 	DATA 	Keypress: rctrl
379.5053 	EXP 	Sound  started
380.1493 	DATA 	Keypress: lctrl
381.6391 	DATA 	Keypress: 4
381.6684 	EXP 	unnamed ShapeStim: vertices = <class 'numpy.ndarray'>
383.4700 	DATA 	Keypress: 1
383.4865 	EXP 	unnamed ShapeStim: vertices = <class 'numpy.ndarray'>
385.3215 	DATA 	Keypress: 4
385.3380 	EXP 	unnamed ShapeStim: vertices = <class 'numpy.ndarray'>
387.6232 	EXP 	Sound  started
387.6241 	DATA 	Keypress: rctrl
388.2933 	DATA 	Keypress: rctrl
388.3730 	EXP 	Sound  started
388.9173 	DATA 	Keypress: lctrl
389.1231 	EXP 	Sound  started
389.7013 	DATA 	Keypress: lctrl
389.8731 	EXP 	Sound  started
390.4213 	DATA 	Keypress: rctrl
390.6231 	EXP 	Sound  started
391.2693 	DATA 	Keypress: lctrl
391.3731 	EXP 	Sound  started
391.9893 	DATA 	Keypress: rctrl
392.1231 	EXP 	Sound  started
392.8731 	EXP 	Sound  started
392.9653 	DATA 	Keypress: rctrl
393.6231 	EXP 	Sound  started
393.7653 	DATA 	Keypress: lctrl
394.3732 	EXP 	Sound  started
394.4533 	DATA 	Keypress: lctrl
395.1232 	EXP 	Sound  started
395.1413 	DATA 	Keypress: rctrl
395.8732 	EXP 	Sound  started
395.8773 	DATA 	Keypress: lctrl
396.6232 	EXP 	Sound  started
396.6453 	DATA 	Keypress: rctrl
397.3653 	DATA 	Keypress: lctrl
397.3732 	EXP 	Sound  started
398.0373 	DATA 	Keypress: lctrl
398.1232 	EXP 	Sound  started
398.7414 	DATA 	Keypress: lctrl
398.8732 	EXP 	Sound  started
399.5094 	DATA 	Keypress: rctrl
399.6232 	EXP 	Sound  started
400.1974 	DATA 	Keypress: rctrl
400.3733 	EXP 	Sound  started
400.9014 	DATA 	Keypress: rctrl
401.1233 	EXP 	Sound  started
401.6853 	DATA 	Keypress: rctrl
401.8733 	EXP 	Sound  started
402.4373 	DATA 	Keypress: rctrl
402.6233 	EXP 	Sound  started
403.1894 	DATA 	Keypress: rctrl
403.3733 	EXP 	Sound  started
403.9573 	DATA 	Keypress: lctrl
404.1233 	EXP 	Sound  started
404.7414 	DATA 	Keypress: lctrl
404.8734 	EXP 	Sound  started
405.4614 	DATA 	Keypress: lctrl
405.6234 	EXP 	Sound  started
406.1814 	DATA 	Keypress: lctrl
406.3734 	EXP 	Sound  started
406.9654 	DATA 	Keypress: lctrl
407.1234 	EXP 	Sound  started
407.7333 	DATA 	Keypress: lctrl
407.8734 	EXP 	Sound  started
408.4533 	DATA 	Keypress: rctrl
408.6234 	EXP 	Sound  started
409.2053 	DATA 	Keypress: rctrl
409.3734 	EXP 	Sound  started
410.0533 	DATA 	Keypress: rctrl
410.1234 	EXP 	Sound  started
410.8054 	DATA 	Keypress: rctrl
410.8735 	EXP 	Sound  started
411.5413 	DATA 	Keypress: rctrl
411.6235 	EXP 	Sound  started
412.2133 	DATA 	Keypress: lctrl
412.3735 	EXP 	Sound  started
412.9813 	DATA 	Keypress: lctrl
413.1235 	EXP 	Sound  started
413.6693 	DATA 	Keypress: lctrl
413.8735 	EXP 	Sound  started
414.3734 	DATA 	Keypress: rctrl
414.6235 	EXP 	Sound  started
415.0773 	DATA 	Keypress: rctrl
415.3735 	EXP 	Sound  started
415.8454 	DATA 	Keypress: rctrl
416.1236 	EXP 	Sound  started
416.6453 	DATA 	Keypress: rctrl
416.8736 	EXP 	Sound  started
417.3813 	DATA 	Keypress: rctrl
417.6236 	EXP 	Sound  started
418.1493 	DATA 	Keypress: rctrl
418.3736 	EXP 	Sound  started
418.8853 	DATA 	Keypress: rctrl
419.1236 	EXP 	Sound  started
419.7174 	DATA 	Keypress: rctrl
419.8736 	EXP 	Sound  started
420.3893 	DATA 	Keypress: rctrl
420.6236 	EXP 	Sound  started
421.0453 	DATA 	Keypress: lctrl
421.3737 	EXP 	Sound  started
421.8133 	DATA 	Keypress: lctrl
422.1237 	EXP 	Sound  started
422.5813 	DATA 	Keypress: lctrl
422.8737 	EXP 	Sound  started
423.3333 	DATA 	Keypress: rctrl
423.6237 	EXP 	Sound  started
424.1173 	DATA 	Keypress: lctrl
424.3737 	EXP 	Sound  started
424.9492 	DATA 	Keypress: lctrl
425.1237 	EXP 	Sound  started
425.6533 	DATA 	Keypress: rctrl
425.8737 	EXP 	Sound  started
426.3733 	DATA 	Keypress: rctrl
426.6237 	EXP 	Sound  started
427.1253 	DATA 	Keypress: rctrl
427.3738 	EXP 	Sound  started
427.8773 	DATA 	Keypress: rctrl
428.1238 	EXP 	Sound  started
428.5493 	DATA 	Keypress: lctrl
428.8738 	EXP 	Sound  started
429.3972 	DATA 	Keypress: rctrl
429.6238 	EXP 	Sound  started
430.3413 	DATA 	Keypress: lctrl
430.3738 	EXP 	Sound  started
431.0453 	DATA 	Keypress: rctrl
431.1238 	EXP 	Sound  started
431.6053 	DATA 	Keypress: lctrl
431.8739 	EXP 	Sound  started
432.4213 	DATA 	Keypress: lctrl
432.6239 	EXP 	Sound  started
433.1573 	DATA 	Keypress: lctrl
433.3739 	EXP 	Sound  started
433.8774 	DATA 	Keypress: rctrl
434.1239 	EXP 	Sound  started
434.6133 	DATA 	Keypress: rctrl
434.8739 	EXP 	Sound  started
435.3013 	DATA 	Keypress: lctrl
435.6239 	EXP 	Sound  started
436.1013 	DATA 	Keypress: lctrl
436.3739 	EXP 	Sound  started
436.8054 	DATA 	Keypress: rctrl
437.1240 	EXP 	Sound  started
437.6373 	DATA 	Keypress: rctrl
437.8739 	EXP 	Sound  started
438.4533 	DATA 	Keypress: rctrl
438.6240 	EXP 	Sound  started
439.1253 	DATA 	Keypress: lctrl
439.3740 	EXP 	Sound  started
439.8933 	DATA 	Keypress: rctrl
440.1240 	EXP 	Sound  started
440.8740 	EXP 	Sound  started
440.9493 	DATA 	Keypress: lctrl
441.5413 	DATA 	Keypress: rctrl
441.6240 	EXP 	Sound  started
442.2933 	DATA 	Keypress: rctrl
442.3740 	EXP 	Sound  started
442.9974 	DATA 	Keypress: lctrl
443.1241 	EXP 	Sound  started
443.7973 	DATA 	Keypress: lctrl
443.8741 	EXP 	Sound  started
444.5013 	DATA 	Keypress: rctrl
444.6241 	EXP 	Sound  started
445.1412 	DATA 	Keypress: lctrl
446.9548 	DATA 	Keypress: 4
446.9714 	EXP 	unnamed ShapeStim: vertices = <class 'numpy.ndarray'>
449.1108 	DATA 	Keypress: 1
449.1403 	EXP 	unnamed ShapeStim: vertices = <class 'numpy.ndarray'>
451.6092 	DATA 	Keypress: 4
451.6257 	EXP 	unnamed ShapeStim: vertices = <class 'numpy.ndarray'>
453.9100 	EXP 	Sound  started
453.9108 	DATA 	Keypress: rctrl
454.4694 	DATA 	Keypress: rctrl
454.6598 	EXP 	Sound  started
455.3173 	DATA 	Keypress: rctrl
455.4098 	EXP 	Sound  started
456.0372 	DATA 	Keypress: rctrl
456.1598 	EXP 	Sound  started
456.7253 	DATA 	Keypress: lctrl
456.9099 	EXP 	Sound  started
457.4294 	DATA 	Keypress: lctrl
457.6599 	EXP 	Sound  started
458.1332 	DATA 	Keypress: rctrl
458.4099 	EXP 	Sound  started
458.9173 	DATA 	Keypress: lctrl
459.1599 	EXP 	Sound  started
459.6693 	DATA 	Keypress: rctrl
459.9099 	EXP 	Sound  started
460.4052 	DATA 	Keypress: lctrl
460.6599 	EXP 	Sound  started
461.1253 	DATA 	Keypress: lctrl
461.4099 	EXP 	Sound  started
461.8133 	DATA 	Keypress: rctrl
462.1600 	EXP 	Sound  started
462.6773 	DATA 	Keypress: rctrl
462.9100 	EXP 	Sound  started
463.4613 	DATA 	Keypress: rctrl
463.6600 	EXP 	Sound  started
464.3573 	DATA 	Keypress: lctrl
464.4100 	EXP 	Sound  started
465.1094 	DATA 	Keypress: rctrl
465.1600 	EXP 	Sound  started
465.8293 	DATA 	Keypress: rctrl
465.9100 	EXP 	Sound  started
466.5173 	DATA 	Keypress: rctrl
466.6600 	EXP 	Sound  started
467.2693 	DATA 	Keypress: lctrl
467.4100 	EXP 	Sound  started
467.9733 	DATA 	Keypress: lctrl
468.1601 	EXP 	Sound  started
468.7413 	DATA 	Keypress: rctrl
468.9101 	EXP 	Sound  started
469.5092 	DATA 	Keypress: rctrl
469.6601 	EXP 	Sound  started
470.2292 	DATA 	Keypress: lctrl
470.4101 	EXP 	Sound  started
470.9812 	DATA 	Keypress: rctrl
471.1601 	EXP 	Sound  started
471.7813 	DATA 	Keypress: lctrl
471.9101 	EXP 	Sound  started
472.5173 	DATA 	Keypress: rctrl
472.6602 	EXP 	Sound  started
473.2213 	DATA 	Keypress: lctrl
473.4102 	EXP 	Sound  started
474.0693 	DATA 	Keypress: lctrl
474.1602 	EXP 	Sound  started
474.6293 	DATA 	Keypress: lctrl
474.9102 	EXP 	Sound  started
475.4132 	DATA 	Keypress: rctrl
475.6602 	EXP 	Sound  started
476.1493 	DATA 	Keypress: rctrl
476.4102 	EXP 	Sound  started
476.9493 	DATA 	Keypress: rctrl
477.1603 	EXP 	Sound  started
477.6852 	DATA 	Keypress: lctrl
477.9103 	EXP 	Sound  started
478.4852 	DATA 	Keypress: lctrl
478.6603 	EXP 	Sound  started
479.2533 	DATA 	Keypress: rctrl
479.4103 	EXP 	Sound  started
480.0373 	DATA 	Keypress: rctrl
480.1603 	EXP 	Sound  started
480.8214 	DATA 	Keypress: lctrl
480.9103 	EXP 	Sound  started
481.5894 	DATA 	Keypress: lctrl
481.6603 	EXP 	Sound  started
482.2453 	DATA 	Keypress: rctrl
482.4103 	EXP 	Sound  started
483.0613 	DATA 	Keypress: rctrl
483.1604 	EXP 	Sound  started
483.7492 	DATA 	Keypress: lctrl
483.9104 	EXP 	Sound  started
484.5012 	DATA 	Keypress: lctrl
484.6604 	EXP 	Sound  started
485.1892 	DATA 	Keypress: rctrl
485.4104 	EXP 	Sound  started
485.9413 	DATA 	Keypress: rctrl
486.1604 	EXP 	Sound  started
486.7572 	DATA 	Keypress: lctrl
486.9104 	EXP 	Sound  started
487.4933 	DATA 	Keypress: lctrl
487.6605 	EXP 	Sound  started
488.2453 	DATA 	Keypress: rctrl
488.4105 	EXP 	Sound  started
488.9333 	DATA 	Keypress: rctrl
489.1605 	EXP 	Sound  started
489.5572 	DATA 	Keypress: lctrl
489.9105 	EXP 	Sound  started
490.4213 	DATA 	Keypress: rctrl
490.6605 	EXP 	Sound  started
491.1733 	DATA 	Keypress: rctrl
491.4105 	EXP 	Sound  started
491.9732 	DATA 	Keypress: rctrl
492.1605 	EXP 	Sound  started
492.7092 	DATA 	Keypress: lctrl
492.9106 	EXP 	Sound  started
493.4452 	DATA 	Keypress: lctrl
493.6606 	EXP 	Sound  started
494.1972 	DATA 	Keypress: rctrl
495.9449 	DATA 	Keypress: 4
495.9615 	EXP 	unnamed ShapeStim: vertices = <class 'numpy.ndarray'>
498.0138 	DATA 	Keypress: 1
498.0303 	EXP 	unnamed ShapeStim: vertices = <class 'numpy.ndarray'>
499.9320 	DATA 	Keypress: 4
499.9486 	EXP 	unnamed ShapeStim: vertices = <class 'numpy.ndarray'>
502.2324 	EXP 	Sound  started
502.4374 	DATA 	Keypress: rctrl
502.9823 	EXP 	Sound  started
503.0293 	DATA 	Keypress: rctrl
503.6373 	DATA 	Keypress: lctrl
503.7323 	EXP 	Sound  started
504.3253 	DATA 	Keypress: rctrl
504.4823 	EXP 	Sound  started
505.0773 	DATA 	Keypress: lctrl
505.2323 	EXP 	Sound  started
505.8452 	DATA 	Keypress: lctrl
505.9823 	EXP 	Sound  started
506.5493 	DATA 	Keypress: rctrl
506.7323 	EXP 	Sound  started
507.2853 	DATA 	Keypress: rctrl
507.4824 	EXP 	Sound  started
508.0534 	DATA 	Keypress: rctrl
508.2324 	EXP 	Sound  started
508.8212 	DATA 	Keypress: rctrl
508.9824 	EXP 	Sound  started
509.5092 	DATA 	Keypress: lctrl
509.7324 	EXP 	Sound  started
510.2452 	DATA 	Keypress: rctrl
510.4824 	EXP 	Sound  started
510.9973 	DATA 	Keypress: rctrl
511.2324 	EXP 	Sound  started
511.7172 	DATA 	Keypress: rctrl
511.9824 	EXP 	Sound  started
512.5973 	DATA 	Keypress: rctrl
512.7325 	EXP 	Sound  started
513.3492 	DATA 	Keypress: rctrl
513.4825 	EXP 	Sound  started
514.1333 	DATA 	Keypress: lctrl
514.2325 	EXP 	Sound  started
514.8372 	DATA 	Keypress: lctrl
514.9825 	EXP 	Sound  started
515.6373 	DATA 	Keypress: lctrl
515.7325 	EXP 	Sound  started
516.3412 	DATA 	Keypress: lctrl
516.4825 	EXP 	Sound  started
517.0132 	DATA 	Keypress: lctrl
517.2325 	EXP 	Sound  started
517.8293 	DATA 	Keypress: rctrl
517.9826 	EXP 	Sound  started
518.5332 	DATA 	Keypress: rctrl
518.7326 	EXP 	Sound  started
519.3173 	DATA 	Keypress: lctrl
519.4826 	EXP 	Sound  started
520.0532 	DATA 	Keypress: rctrl
520.2326 	EXP 	Sound  started
520.7892 	DATA 	Keypress: lctrl
520.9826 	EXP 	Sound  started
521.4932 	DATA 	Keypress: rctrl
521.7326 	EXP 	Sound  started
522.3412 	DATA 	Keypress: rctrl
522.4826 	EXP 	Sound  started
523.2053 	DATA 	Keypress: rctrl
523.2326 	EXP 	Sound  started
523.9252 	DATA 	Keypress: rctrl
523.9827 	EXP 	Sound  started
524.6933 	DATA 	Keypress: rctrl
524.7327 	EXP 	Sound  started
525.4827 	EXP 	Sound  started
525.6212 	DATA 	Keypress: rctrl
526.1972 	DATA 	Keypress: rctrl
526.2327 	EXP 	Sound  started
526.8053 	DATA 	Keypress: rctrl
526.9827 	EXP 	Sound  started
527.3172 	DATA 	Keypress: rctrl
527.7327 	EXP 	Sound  started
528.0853 	DATA 	Keypress: rctrl
528.4828 	EXP 	Sound  started
528.9332 	DATA 	Keypress: rctrl
529.2328 	EXP 	Sound  started
529.7013 	DATA 	Keypress: lctrl
529.9828 	EXP 	Sound  started
530.4212 	DATA 	Keypress: rctrl
530.7328 	EXP 	Sound  started
531.2052 	DATA 	Keypress: rctrl
531.4828 	EXP 	Sound  started
532.0372 	DATA 	Keypress: lctrl
532.2328 	EXP 	Sound  started
532.6932 	DATA 	Keypress: rctrl
532.9828 	EXP 	Sound  started
533.5093 	DATA 	Keypress: lctrl
533.7328 	EXP 	Sound  started
534.2133 	DATA 	Keypress: rctrl
534.4829 	EXP 	Sound  started
534.9012 	DATA 	Keypress: lctrl
535.2329 	EXP 	Sound  started
535.7012 	DATA 	Keypress: rctrl
535.9829 	EXP 	Sound  started
536.5652 	DATA 	Keypress: lctrl
536.7329 	EXP 	Sound  started
537.3013 	DATA 	Keypress: rctrl
537.4829 	EXP 	Sound  started
538.0693 	DATA 	Keypress: lctrl
538.2329 	EXP 	Sound  started
538.8213 	DATA 	Keypress: rctrl
538.9829 	EXP 	Sound  started
539.6532 	DATA 	Keypress: lctrl
539.7329 	EXP 	Sound  started
540.4052 	DATA 	Keypress: rctrl
540.4830 	EXP 	Sound  started
541.1572 	DATA 	Keypress: rctrl
541.2330 	EXP 	Sound  started
541.8612 	DATA 	Keypress: rctrl
541.9830 	EXP 	Sound  started
542.7330 	EXP 	Sound  started
543.3653 	DATA 	Keypress: rctrl
543.4830 	EXP 	Sound  started
544.1492 	DATA 	Keypress: lctrl
544.2330 	EXP 	Sound  started
544.8532 	DATA 	Keypress: rctrl
544.9831 	EXP 	Sound  started
545.6052 	DATA 	Keypress: rctrl
545.7331 	EXP 	Sound  started
546.2933 	DATA 	Keypress: lctrl
546.4831 	EXP 	Sound  started
546.9972 	DATA 	Keypress: rctrl
547.2331 	EXP 	Sound  started
547.8132 	DATA 	Keypress: rctrl
547.9831 	EXP 	Sound  started
548.5653 	DATA 	Keypress: rctrl
548.7331 	EXP 	Sound  started
549.0932 	DATA 	Keypress: lctrl
549.4831 	EXP 	Sound  started
549.8612 	DATA 	Keypress: lctrl
550.2332 	EXP 	Sound  started
550.5812 	DATA 	Keypress: rctrl
550.9832 	EXP 	Sound  started
551.4132 	DATA 	Keypress: rctrl
551.7332 	EXP 	Sound  started
552.3092 	DATA 	Keypress: rctrl
552.4832 	EXP 	Sound  started
553.0613 	DATA 	Keypress: rctrl
553.2332 	EXP 	Sound  started
553.8292 	DATA 	Keypress: rctrl
553.9832 	EXP 	Sound  started
554.6132 	DATA 	Keypress: rctrl
554.7332 	EXP 	Sound  started
555.3974 	DATA 	Keypress: rctrl
555.4833 	EXP 	Sound  started
556.1813 	DATA 	Keypress: lctrl
556.2333 	EXP 	Sound  started
556.8532 	DATA 	Keypress: rctrl
558.3465 	DATA 	Keypress: 4
558.3626 	EXP 	unnamed ShapeStim: vertices = <class 'numpy.ndarray'>
560.2147 	DATA 	Keypress: 1
560.2313 	EXP 	unnamed ShapeStim: vertices = <class 'numpy.ndarray'>
562.3165 	DATA 	Keypress: 4
562.3330 	EXP 	unnamed ShapeStim: vertices = <class 'numpy.ndarray'>
564.6175 	EXP 	Sound  started
564.6184 	DATA 	Keypress: rctrl
565.1573 	DATA 	Keypress: rctrl
565.3674 	EXP 	Sound  started
566.0052 	DATA 	Keypress: rctrl
566.1174 	EXP 	Sound  started
566.7572 	DATA 	Keypress: rctrl
566.8674 	EXP 	Sound  started
567.4772 	DATA 	Keypress: lctrl
567.6174 	EXP 	Sound  started
568.1812 	DATA 	Keypress: lctrl
568.3674 	EXP 	Sound  started
568.9172 	DATA 	Keypress: lctrl
569.1174 	EXP 	Sound  started
569.6693 	DATA 	Keypress: rctrl
569.8674 	EXP 	Sound  started
570.4372 	DATA 	Keypress: lctrl
570.6175 	EXP 	Sound  started
571.1892 	DATA 	Keypress: lctrl
571.3675 	EXP 	Sound  started
571.8932 	DATA 	Keypress: rctrl
572.1175 	EXP 	Sound  started
572.6612 	DATA 	Keypress: lctrl
572.8675 	EXP 	Sound  started
573.3493 	DATA 	Keypress: rctrl
573.6175 	EXP 	Sound  started
574.0852 	DATA 	Keypress: rctrl
574.3675 	EXP 	Sound  started
574.8372 	DATA 	Keypress: rctrl
575.1175 	EXP 	Sound  started
575.5892 	DATA 	Keypress: rctrl
575.8676 	EXP 	Sound  started
576.3893 	DATA 	Keypress: rctrl
576.6176 	EXP 	Sound  started
577.1093 	DATA 	Keypress: rctrl
577.3676 	EXP 	Sound  started
577.8772 	DATA 	Keypress: lctrl
578.1176 	EXP 	Sound  started
578.6613 	DATA 	Keypress: rctrl
578.8676 	EXP 	Sound  started
579.5092 	DATA 	Keypress: lctrl
579.6176 	EXP 	Sound  started
580.3252 	DATA 	Keypress: rctrl
580.3676 	EXP 	Sound  started
581.0612 	DATA 	Keypress: lctrl
581.1176 	EXP 	Sound  started
581.7173 	DATA 	Keypress: lctrl
581.8677 	EXP 	Sound  started
582.4532 	DATA 	Keypress: rctrl
582.6177 	EXP 	Sound  started
583.2213 	DATA 	Keypress: lctrl
583.3677 	EXP 	Sound  started
583.9252 	DATA 	Keypress: rctrl
584.1177 	EXP 	Sound  started
584.6453 	DATA 	Keypress: rctrl
584.8677 	EXP 	Sound  started
585.3332 	DATA 	Keypress: lctrl
585.6177 	EXP 	Sound  started
586.0852 	DATA 	Keypress: lctrl
586.3678 	EXP 	Sound  started
586.8372 	DATA 	Keypress: lctrl
587.1178 	EXP 	Sound  started
587.6693 	DATA 	Keypress: rctrl
587.8678 	EXP 	Sound  started
588.4373 	DATA 	Keypress: lctrl
588.6178 	EXP 	Sound  started
589.1732 	DATA 	Keypress: rctrl
589.3678 	EXP 	Sound  started
590.1172 	DATA 	Keypress: lctrl
590.1178 	EXP 	Sound  started
590.8533 	DATA 	Keypress: rctrl
590.8678 	EXP 	Sound  started
591.5733 	DATA 	Keypress: lctrl
591.6178 	EXP 	Sound  started
592.2772 	DATA 	Keypress: rctrl
592.3679 	EXP 	Sound  started
593.0612 	DATA 	Keypress: lctrl
593.1179 	EXP 	Sound  started
593.8132 	DATA 	Keypress: rctrl
593.8679 	EXP 	Sound  started
594.5652 	DATA 	Keypress: lctrl
594.6179 	EXP 	Sound  started
595.2692 	DATA 	Keypress: rctrl
595.3679 	EXP 	Sound  started
596.0052 	DATA 	Keypress: lctrl
596.1179 	EXP 	Sound  started
596.7412 	DATA 	Keypress: rctrl
596.8679 	EXP 	Sound  started
597.4932 	DATA 	Keypress: lctrl
597.6180 	EXP 	Sound  started
598.2132 	DATA 	Keypress: rctrl
598.3680 	EXP 	Sound  started
599.0772 	DATA 	Keypress: lctrl
599.1180 	EXP 	Sound  started
599.7013 	DATA 	Keypress: rctrl
599.8680 	EXP 	Sound  started
600.4212 	DATA 	Keypress: rctrl
600.6180 	EXP 	Sound  started
601.1892 	DATA 	Keypress: lctrl
601.3680 	EXP 	Sound  started
601.9732 	DATA 	Keypress: lctrl
602.1180 	EXP 	Sound  started
602.6612 	DATA 	Keypress: rctrl
602.8681 	EXP 	Sound  started
603.4132 	DATA 	Keypress: lctrl
603.6181 	EXP 	Sound  started
604.1812 	DATA 	Keypress: rctrl
604.3681 	EXP 	Sound  started
605.0131 	DATA 	Keypress: lctrl
605.1181 	EXP 	Sound  started
605.8681 	EXP 	Sound  started
605.9413 	DATA 	Keypress: rctrl
606.5651 	DATA 	Keypress: lctrl
606.6181 	EXP 	Sound  started
607.2371 	DATA 	Keypress: rctrl
607.3681 	EXP 	Sound  started
608.0052 	DATA 	Keypress: lctrl
608.1182 	EXP 	Sound  started
608.7731 	DATA 	Keypress: rctrl
608.8682 	EXP 	Sound  started
609.5572 	DATA 	Keypress: lctrl
609.6182 	EXP 	Sound  started
610.2932 	DATA 	Keypress: rctrl
610.3682 	EXP 	Sound  started
611.0612 	DATA 	Keypress: lctrl
611.1182 	EXP 	Sound  started
611.8131 	DATA 	Keypress: rctrl
611.8682 	EXP 	Sound  started
612.5652 	DATA 	Keypress: lctrl
612.6182 	EXP 	Sound  started
613.2373 	DATA 	Keypress: rctrl
613.3683 	EXP 	Sound  started
613.9891 	DATA 	Keypress: lctrl
614.1183 	EXP 	Sound  started
614.6612 	DATA 	Keypress: rctrl
614.8683 	EXP 	Sound  started
615.5731 	DATA 	Keypress: lctrl
615.6183 	EXP 	Sound  started
616.2291 	DATA 	Keypress: rctrl
616.3683 	EXP 	Sound  started
616.8532 	DATA 	Keypress: lctrl
617.1183 	EXP 	Sound  started
617.5252 	DATA 	Keypress: rctrl
617.8683 	EXP 	Sound  started
618.3412 	DATA 	Keypress: lctrl
618.6184 	EXP 	Sound  started
619.0292 	DATA 	Keypress: lctrl
619.3684 	EXP 	Sound  started
619.7491 	DATA 	Keypress: rctrl
620.1184 	EXP 	Sound  started
620.5172 	DATA 	Keypress: rctrl
620.8684 	EXP 	Sound  started
621.3332 	DATA 	Keypress: rctrl
621.6184 	EXP 	Sound  started
622.0211 	DATA 	Keypress: lctrl
622.3684 	EXP 	Sound  started
622.6933 	DATA 	Keypress: rctrl
623.1185 	EXP 	Sound  started
623.4933 	DATA 	Keypress: lctrl
623.8685 	EXP 	Sound  started
624.2133 	DATA 	Keypress: rctrl
624.6185 	EXP 	Sound  started
624.9492 	DATA 	Keypress: rctrl
625.3685 	EXP 	Sound  started
625.6532 	DATA 	Keypress: lctrl
626.1185 	EXP 	Sound  started
626.3891 	DATA 	Keypress: rctrl
626.8685 	EXP 	Sound  started
627.0931 	DATA 	Keypress: rctrl
627.6185 	EXP 	Sound  started
627.6372 	DATA 	Keypress: rctrl
628.2932 	DATA 	Keypress: lctrl
628.3685 	EXP 	Sound  started
629.0451 	DATA 	Keypress: rctrl
629.1186 	EXP 	Sound  started
629.7972 	DATA 	Keypress: rctrl
631.0389 	DATA 	Keypress: 4
631.0554 	EXP 	unnamed ShapeStim: vertices = <class 'numpy.ndarray'>
632.8404 	DATA 	Keypress: 1
632.8569 	EXP 	unnamed ShapeStim: vertices = <class 'numpy.ndarray'>
634.7758 	DATA 	Keypress: 4
634.7923 	EXP 	unnamed ShapeStim: vertices = <class 'numpy.ndarray'>
637.0774 	EXP 	Sound  started
637.0783 	DATA 	Keypress: rctrl
637.6052 	DATA 	Keypress: rctrl
637.8273 	EXP 	Sound  started
638.3732 	DATA 	Keypress: rctrl
638.5773 	EXP 	Sound  started
639.1732 	DATA 	Keypress: rctrl
639.3273 	EXP 	Sound  started
639.8931 	DATA 	Keypress: rctrl
640.0773 	EXP 	Sound  started
640.6291 	DATA 	Keypress: rctrl
640.8273 	EXP 	Sound  started
641.3972 	DATA 	Keypress: rctrl
641.5773 	EXP 	Sound  started
642.1812 	DATA 	Keypress: rctrl
642.3274 	EXP 	Sound  started
642.9011 	DATA 	Keypress: lctrl
643.0774 	EXP 	Sound  started
643.6212 	DATA 	Keypress: rctrl
643.8274 	EXP 	Sound  started
644.4533 	DATA 	Keypress: lctrl
644.5774 	EXP 	Sound  started
645.2531 	DATA 	Keypress: lctrl
645.3274 	EXP 	Sound  started
645.9572 	DATA 	Keypress: rctrl
646.0774 	EXP 	Sound  started
646.6772 	DATA 	Keypress: rctrl
646.8274 	EXP 	Sound  started
647.4291 	DATA 	Keypress: rctrl
647.5775 	EXP 	Sound  started
648.2131 	DATA 	Keypress: rctrl
648.3275 	EXP 	Sound  started
648.9492 	DATA 	Keypress: rctrl
649.0775 	EXP 	Sound  started
649.6692 	DATA 	Keypress: rctrl
649.8275 	EXP 	Sound  started
650.3573 	DATA 	Keypress: rctrl
650.5775 	EXP 	Sound  started
651.1251 	DATA 	Keypress: rctrl
651.3275 	EXP 	Sound  started
651.9092 	DATA 	Keypress: rctrl
652.0775 	EXP 	Sound  started
652.6291 	DATA 	Keypress: rctrl
652.8276 	EXP 	Sound  started
653.1732 	DATA 	Keypress: rctrl
653.5776 	EXP 	Sound  started
654.0052 	DATA 	Keypress: rctrl
654.3276 	EXP 	Sound  started
654.8532 	DATA 	Keypress: rctrl
655.0776 	EXP 	Sound  started
655.6692 	DATA 	Keypress: rctrl
655.8276 	EXP 	Sound  started
656.4372 	DATA 	Keypress: rctrl
656.5776 	EXP 	Sound  started
657.1252 	DATA 	Keypress: lctrl
657.3276 	EXP 	Sound  started
657.8771 	DATA 	Keypress: lctrl
658.0777 	EXP 	Sound  started
658.5652 	DATA 	Keypress: rctrl
658.8277 	EXP 	Sound  started
659.3651 	DATA 	Keypress: lctrl
659.5777 	EXP 	Sound  started
660.0531 	DATA 	Keypress: rctrl
660.3277 	EXP 	Sound  started
661.0131 	DATA 	Keypress: rctrl
661.0777 	EXP 	Sound  started
661.6692 	DATA 	Keypress: rctrl
661.8277 	EXP 	Sound  started
662.4851 	DATA 	Keypress: rctrl
662.5777 	EXP 	Sound  started
663.1411 	DATA 	Keypress: rctrl
663.3278 	EXP 	Sound  started
663.8132 	DATA 	Keypress: rctrl
664.0778 	EXP 	Sound  started
664.6612 	DATA 	Keypress: lctrl
664.8278 	EXP 	Sound  started
665.4613 	DATA 	Keypress: lctrl
665.5778 	EXP 	Sound  started
666.2132 	DATA 	Keypress: lctrl
666.3278 	EXP 	Sound  started
666.9491 	DATA 	Keypress: lctrl
667.0778 	EXP 	Sound  started
667.6531 	DATA 	Keypress: rctrl
667.8278 	EXP 	Sound  started
668.5013 	DATA 	Keypress: lctrl
668.5779 	EXP 	Sound  started
669.1891 	DATA 	Keypress: rctrl
669.3279 	EXP 	Sound  started
669.9411 	DATA 	Keypress: rctrl
670.0779 	EXP 	Sound  started
670.7412 	DATA 	Keypress: rctrl
670.8279 	EXP 	Sound  started
671.4292 	DATA 	Keypress: rctrl
671.5779 	EXP 	Sound  started
672.1652 	DATA 	Keypress: rctrl
672.3279 	EXP 	Sound  started
672.8851 	DATA 	Keypress: rctrl
673.0779 	EXP 	Sound  started
673.7172 	DATA 	Keypress: rctrl
673.8280 	EXP 	Sound  started
674.4052 	DATA 	Keypress: rctrl
674.5780 	EXP 	Sound  started
675.1411 	DATA 	Keypress: rctrl
675.3280 	EXP 	Sound  started
675.9091 	DATA 	Keypress: rctrl
676.0780 	EXP 	Sound  started
676.6773 	DATA 	Keypress: rctrl
676.8280 	EXP 	Sound  started
677.3972 	DATA 	Keypress: rctrl
677.5780 	EXP 	Sound  started
678.1652 	DATA 	Keypress: rctrl
678.3281 	EXP 	Sound  started
679.0292 	DATA 	Keypress: lctrl
679.0781 	EXP 	Sound  started
679.7971 	DATA 	Keypress: lctrl
679.8281 	EXP 	Sound  started
680.4371 	DATA 	Keypress: rctrl
680.5781 	EXP 	Sound  started
681.2052 	DATA 	Keypress: rctrl
681.3281 	EXP 	Sound  started
682.0051 	DATA 	Keypress: lctrl
682.0781 	EXP 	Sound  started
682.7093 	DATA 	Keypress: rctrl
682.8281 	EXP 	Sound  started
683.4773 	DATA 	Keypress: lctrl
683.5782 	EXP 	Sound  started
684.2291 	DATA 	Keypress: rctrl
684.3282 	EXP 	Sound  started
684.9972 	DATA 	Keypress: lctrl
685.0782 	EXP 	Sound  started
685.7331 	DATA 	Keypress: rctrl
685.8282 	EXP 	Sound  started
686.5782 	EXP 	Sound  started
686.5813 	DATA 	Keypress: rctrl
687.2692 	DATA 	Keypress: rctrl
687.3282 	EXP 	Sound  started
687.9571 	DATA 	Keypress: rctrl
688.0782 	EXP 	Sound  started
688.7091 	DATA 	Keypress: lctrl
688.8283 	EXP 	Sound  started
689.3971 	DATA 	Keypress: rctrl
689.5783 	EXP 	Sound  started
690.1812 	DATA 	Keypress: rctrl
690.3283 	EXP 	Sound  started
690.9492 	DATA 	Keypress: rctrl
691.0783 	EXP 	Sound  started
691.7011 	DATA 	Keypress: lctrl
691.8283 	EXP 	Sound  started
692.4691 	DATA 	Keypress: rctrl
692.5783 	EXP 	Sound  started
693.2531 	DATA 	Keypress: lctrl
693.3284 	EXP 	Sound  started
693.9092 	DATA 	Keypress: rctrl
694.0784 	EXP 	Sound  started
694.7091 	DATA 	Keypress: lctrl
694.8284 	EXP 	Sound  started
695.4931 	DATA 	Keypress: lctrl
695.5784 	EXP 	Sound  started
696.1491 	DATA 	Keypress: rctrl
697.9272 	DATA 	Keypress: 4
697.9436 	EXP 	unnamed ShapeStim: vertices = <class 'numpy.ndarray'>
699.8620 	DATA 	Keypress: 1
699.8785 	EXP 	unnamed ShapeStim: vertices = <class 'numpy.ndarray'>
701.7677 	DATA 	Keypress: 4
701.7972 	EXP 	unnamed ShapeStim: vertices = <class 'numpy.ndarray'>
704.1012 	DATA 	Keypress: rctrl
1026.1173 	DATA 	Keypress: escape
1026.1844 	EXP 	window1: mouseVisible = True
