13.4504 	WARNING 	User requested fullscreen with size [1024  768], but screen is actually [1920, 1200]. Using actual size
14.2645 	EXP 	Created window1 = Window(allowGUI=False, allowStencil=False, autoLog=True, backendConf=UNKNOWN, bitsMode=UNKNOWN, blendMode='avg', bpc=(8, 8, 8), color=array([0, 0, 0]), colorSpace='rgb', depthBits=8, fullscr=<method-wrapper '__getattribute__' of attributeSetter object at 0x00000214B2256780>, gamma=None, gammaErrorPolicy='raise', lms=UNKNOWN, monitor=<psychopy.monitors.calibTools.Monitor object at 0x00000214B3995080>, multiSample=False, name='window1', numSamples=2, pos=[0.0, 0.0], screen=0, size=array([1920, 1200]), stencilBits=0, stereo=False, units='norm', useFBO=True, useRetina=False, viewOri=0.0, viewPos=None, viewScale=None, waitBlanking=True, winType='pyglet')
14.2649 	EXP 	window1: mouseVisible = True
14.2650 	EXP 	window1: mouseVisible = False
14.2650 	EXP 	window1: recordFrameIntervals = False
14.4310 	EXP 	window1: recordFrameIntervals = True
14.6146 	EXP 	window1: recordFrameIntervals = False
14.6718 	EXP 	Created text = TextStim(__class__=<class 'psychopy.visual.text.TextStim'>, alignHoriz=method-wrapper(...), alignText='center', alignVert=method-wrapper(...), anchorHoriz='center', anchorVert='center', antialias=True, autoLog=True, bold=False, color=array([1., 1., 1.]), colorSpace='rgb', contrast=1.0, depth=0.0, flipHoriz=False, flipVert=False, font='Arial', fontFiles=[], height=0.15, italic=False, languageStyle='LTR', name='text', opacity=1, ori=0, pos=array([0., 0.]), rgb=UNKNOWN, text='+', units='norm', win=Window(...), wrapWidth=1)
14.6954 	EXP 	Created text = TextStim(__class__=<class 'psychopy.visual.text.TextStim'>, alignHoriz=method-wrapper(...), alignText='center', alignVert=method-wrapper(...), anchorHoriz='center', anchorVert='center', antialias=True, autoLog=True, bold=False, color=array([1., 1., 1.]), colorSpace='rgb', contrast=1.0, depth=0.0, flipHoriz=False, flipVert=False, font='Arial', fontFiles=[], height=0.07, italic=False, languageStyle='LTR', name='text', opacity=1, ori=0, pos=array([0., 0.]), rgb=UNKNOWN, text=str(...), units='norm', win=Window(...), wrapWidth=1.65)
14.7048 	EXP 	Created text = TextStim(__class__=<class 'psychopy.visual.text.TextStim'>, alignHoriz=method-wrapper(...), alignText='center', alignVert=method-wrapper(...), anchorHoriz='center', anchorVert='center', antialias=True, autoLog=True, bold=False, color=array([1., 1., 1.]), colorSpace='rgb', contrast=1.0, depth=0.0, flipHoriz=False, flipVert=False, font='Arial', fontFiles=[], height=0.07, italic=False, languageStyle='LTR', name='text', opacity=1, ori=0, pos=array([0., 0.]), rgb=UNKNOWN, text=str(...), units='norm', win=Window(...), wrapWidth=1.65)
14.7142 	EXP 	Created text = TextStim(__class__=<class 'psychopy.visual.text.TextStim'>, alignHoriz=method-wrapper(...), alignText='center', alignVert=method-wrapper(...), anchorHoriz='center', anchorVert='center', antialias=True, autoLog=True, bold=False, color=array([1., 1., 1.]), colorSpace='rgb', contrast=1.0, depth=0.0, flipHoriz=False, flipVert=False, font='Arial', fontFiles=[], height=0.07, italic=False, languageStyle='LTR', name='text', opacity=1, ori=0, pos=array([0., 0.]), rgb=UNKNOWN, text=str(...), units='norm', win=Window(...), wrapWidth=1.65)
14.7228 	EXP 	Created text = TextStim(__class__=<class 'psychopy.visual.text.TextStim'>, alignHoriz=method-wrapper(...), alignText='center', alignVert=method-wrapper(...), anchorHoriz='center', anchorVert='center', antialias=True, autoLog=True, bold=False, color=array([1., 1., 1.]), colorSpace='rgb', contrast=1.0, depth=0.0, flipHoriz=False, flipVert=False, font='Arial', fontFiles=[], height=0.07, italic=False, languageStyle='LTR', name='text', opacity=1, ori=0, pos=array([0., 0.]), rgb=UNKNOWN, text=str(...), units='norm', win=Window(...), wrapWidth=1.65)
14.7284 	EXP 	Created text = TextStim(__class__=<class 'psychopy.visual.text.TextStim'>, alignHoriz=method-wrapper(...), alignText='center', alignVert=method-wrapper(...), anchorHoriz='center', anchorVert='center', antialias=True, autoLog=True, bold=False, color=array([1., 1., 1.]), colorSpace='rgb', contrast=1.0, depth=0.0, flipHoriz=False, flipVert=False, font='Arial', fontFiles=[], height=0.07, italic=False, languageStyle='LTR', name='text', opacity=1, ori=0, pos=array([0., 0.]), rgb=UNKNOWN, text=str(...), units='norm', win=Window(...), wrapWidth=1.65)
14.7428 	EXP 	Created text = TextStim(__class__=<class 'psychopy.visual.text.TextStim'>, alignHoriz=method-wrapper(...), alignText='center', alignVert=method-wrapper(...), anchorHoriz='center', anchorVert='center', antialias=True, autoLog=True, bold=False, color=array([1., 1., 1.]), colorSpace='rgb', contrast=1.0, depth=0.0, flipHoriz=False, flipVert=False, font='Arial', fontFiles=[], height=0.15, italic=False, languageStyle='LTR', name='text', opacity=1, ori=0, pos=array([0., 0.]), rgb=UNKNOWN, text=str(...), units='norm', win=Window(...), wrapWidth=1.65)
14.7717 	EXP 	Created text = TextStim(__class__=<class 'psychopy.visual.text.TextStim'>, alignHoriz=method-wrapper(...), alignText='center', alignVert=method-wrapper(...), anchorHoriz='center', anchorVert='center', antialias=True, autoLog=True, bold=False, color=array([1., 1., 1.]), colorSpace='rgb', contrast=1.0, depth=0.0, flipHoriz=False, flipVert=False, font='Arial', fontFiles=[], height=0.07, italic=False, languageStyle='LTR', name='text', opacity=1, ori=0, pos=array([0., 0.]), rgb=UNKNOWN, text=str(...), units='norm', win=Window(...), wrapWidth=1.65)
14.7924 	EXP 	Created text = TextStim(__class__=<class 'psychopy.visual.text.TextStim'>, alignHoriz=method-wrapper(...), alignText='center', alignVert=method-wrapper(...), anchorHoriz='center', anchorVert='center', antialias=True, autoLog=True, bold=False, color=array([1., 1., 1.]), colorSpace='rgb', contrast=1.0, depth=0.0, flipHoriz=False, flipVert=False, font='Arial', fontFiles=[], height=0.07, italic=False, languageStyle='LTR', name='text', opacity=1, ori=0, pos=array([0., 0.]), rgb=UNKNOWN, text=str(...), units='norm', win=Window(...), wrapWidth=1.65)
14.8233 	EXP 	Created text = TextStim(__class__=<class 'psychopy.visual.text.TextStim'>, alignHoriz=method-wrapper(...), alignText='center', alignVert=method-wrapper(...), anchorHoriz='center', anchorVert='center', antialias=True, autoLog=True, bold=False, color=array([1., 1., 1.]), colorSpace='rgb', contrast=1.0, depth=0.0, flipHoriz=False, flipVert=False, font='Arial', fontFiles=[], height=0.07, italic=False, languageStyle='LTR', name='text', opacity=1, ori=0, pos=array([0., 0.]), rgb=UNKNOWN, text=str(...), units='norm', win=Window(...), wrapWidth=1.65)
14.8489 	EXP 	Created text = TextStim(__class__=<class 'psychopy.visual.text.TextStim'>, alignHoriz=method-wrapper(...), alignText='center', alignVert=method-wrapper(...), anchorHoriz='center', anchorVert='center', antialias=True, autoLog=True, bold=False, color=array([1., 1., 1.]), colorSpace='rgb', contrast=1.0, depth=0.0, flipHoriz=False, flipVert=False, font='Arial', fontFiles=[], height=0.07, italic=False, languageStyle='LTR', name='text', opacity=1, ori=0, pos=array([0., 0.]), rgb=UNKNOWN, text=str(...), units='norm', win=Window(...), wrapWidth=1.65)
14.8778 	EXP 	Created text = TextStim(__class__=<class 'psychopy.visual.text.TextStim'>, alignHoriz=method-wrapper(...), alignText='center', alignVert=method-wrapper(...), anchorHoriz='center', anchorVert='center', antialias=True, autoLog=True, bold=False, color=array([1., 1., 1.]), colorSpace='rgb', contrast=1.0, depth=0.0, flipHoriz=False, flipVert=False, font='Arial', fontFiles=[], height=0.07, italic=False, languageStyle='LTR', name='text', opacity=1, ori=0, pos=array([0., 0.]), rgb=UNKNOWN, text=str(...), units='norm', win=Window(...), wrapWidth=1.65)
14.8882 	EXP 	Created text = TextStim(__class__=<class 'psychopy.visual.text.TextStim'>, alignHoriz=method-wrapper(...), alignText='center', alignVert=method-wrapper(...), anchorHoriz='center', anchorVert='center', antialias=True, autoLog=True, bold=False, color=array([1., 1., 1.]), colorSpace='rgb', contrast=1.0, depth=0.0, flipHoriz=False, flipVert=False, font='Arial', fontFiles=[], height=0.07, italic=False, languageStyle='LTR', name='text', opacity=1, ori=0, pos=array([0., 0.]), rgb=UNKNOWN, text=str(...), units='norm', win=Window(...), wrapWidth=1.65)
14.9003 	EXP 	Created text = TextStim(__class__=<class 'psychopy.visual.text.TextStim'>, alignHoriz=method-wrapper(...), alignText='center', alignVert=method-wrapper(...), anchorHoriz='center', anchorVert='center', antialias=True, autoLog=True, bold=False, color=array([1., 1., 1.]), colorSpace='rgb', contrast=1.0, depth=0.0, flipHoriz=False, flipVert=False, font='Arial', fontFiles=[], height=0.07, italic=False, languageStyle='LTR', name='text', opacity=1, ori=0, pos=array([0., 0.]), rgb=UNKNOWN, text=str(...), units='norm', win=Window(...), wrapWidth=1.65)
14.9045 	EXP 	Created instru = TextStim(__class__=<class 'psychopy.visual.text.TextStim'>, alignHoriz=method-wrapper(...), alignText='center', alignVert=method-wrapper(...), anchorHoriz='center', anchorVert='center', antialias=True, autoLog=True, bold=False, color=array([1., 1., 1.]), colorSpace='rgb', contrast=1.0, depth=0.0, flipHoriz=False, flipVert=False, font='Arial', fontFiles=[], height=0.07, italic=False, languageStyle='LTR', name='instru', opacity=1, ori=0, pos=array([0. , 0.5]), rgb=UNKNOWN, text=str(...), units='norm', win=Window(...), wrapWidth=1)
14.9070 	EXP 	Created unnamed Line = Line(__class__=<class 'psychopy.visual.line.Line'>, autoDraw=False, autoLog=True, closeShape=False, color=array([1., 1., 1.]), colorSpace='rgb', contrast=None, depth=0, fillColor=array([0, 0, 0]), fillColorSpace='rgb', fillRGB=array([0, 0, 0]), interpolate=True, lineColor=array([1., 1., 1.]), lineColorSpace='rgb', lineRGB=array([1, 1, 1]), lineWidth=5, name='unnamed Line', opacity=0.5, ori=0.0, pos=array([0., 0.]), size=array([1., 1.]), units='norm', vertices=array([[-0.5,  0. ],
       [ 0.5,  0. ]]), win=Window(...), windingRule=None)
14.9090 	EXP 	Created unnamed Line = Line(__class__=<class 'psychopy.visual.line.Line'>, autoDraw=False, autoLog=True, closeShape=False, color=array([1., 1., 1.]), colorSpace='rgb', contrast=None, depth=0, fillColor=array([0, 0, 0]), fillColorSpace='rgb', fillRGB=array([0, 0, 0]), interpolate=True, lineColor=array([1., 1., 1.]), lineColorSpace='rgb', lineRGB=array([1, 1, 1]), lineWidth=3, name='unnamed Line', opacity=0.5, ori=0.0, pos=array([0., 0.]), size=array([1., 1.]), units='norm', vertices=array([[-0.5 , -0.05],
       [-0.5 ,  0.05]]), win=Window(...), windingRule=None)
14.9110 	EXP 	Created unnamed Line = Line(__class__=<class 'psychopy.visual.line.Line'>, autoDraw=False, autoLog=True, closeShape=False, color=array([1., 1., 1.]), colorSpace='rgb', contrast=None, depth=0, fillColor=array([0, 0, 0]), fillColorSpace='rgb', fillRGB=array([0, 0, 0]), interpolate=True, lineColor=array([1., 1., 1.]), lineColorSpace='rgb', lineRGB=array([1, 1, 1]), lineWidth=3, name='unnamed Line', opacity=0.5, ori=0.0, pos=array([0., 0.]), size=array([1., 1.]), units='norm', vertices=ndarray(...), win=Window(...), windingRule=None)
14.9130 	EXP 	Created unnamed Line = Line(__class__=<class 'psychopy.visual.line.Line'>, autoDraw=False, autoLog=True, closeShape=False, color=array([1., 1., 1.]), colorSpace='rgb', contrast=None, depth=0, fillColor=array([0, 0, 0]), fillColorSpace='rgb', fillRGB=array([0, 0, 0]), interpolate=True, lineColor=array([1., 1., 1.]), lineColorSpace='rgb', lineRGB=array([1, 1, 1]), lineWidth=3, name='unnamed Line', opacity=0.5, ori=0.0, pos=array([0., 0.]), size=array([1., 1.]), units='norm', vertices=ndarray(...), win=Window(...), windingRule=None)
14.9150 	EXP 	Created unnamed Line = Line(__class__=<class 'psychopy.visual.line.Line'>, autoDraw=False, autoLog=True, closeShape=False, color=array([1., 1., 1.]), colorSpace='rgb', contrast=None, depth=0, fillColor=array([0, 0, 0]), fillColorSpace='rgb', fillRGB=array([0, 0, 0]), interpolate=True, lineColor=array([1., 1., 1.]), lineColorSpace='rgb', lineRGB=array([1, 1, 1]), lineWidth=3, name='unnamed Line', opacity=0.5, ori=0.0, pos=array([0., 0.]), size=array([1., 1.]), units='norm', vertices=array([[ 0.5 , -0.05],
       [ 0.5 ,  0.05]]), win=Window(...), windingRule=None)
14.9283 	EXP 	Created unnamed TextStim = TextStim(__class__=<class 'psychopy.visual.text.TextStim'>, alignHoriz=method-wrapper(...), alignText='center', alignVert=method-wrapper(...), anchorHoriz='center', anchorVert='center', antialias=True, autoLog=True, bold=False, color=array([1., 1., 1.]), colorSpace='rgb', contrast=1.0, depth=0, flipHoriz=False, flipVert=False, font='', fontFiles=[], height=0.05, italic=False, languageStyle='LTR', name='unnamed TextStim', opacity=1.0, ori=0.0, pos=array([-0.5, -0.1]), rgb=UNKNOWN, text='Helt klart \n IKKE FOKUSERT', units='norm', win=Window(...), wrapWidth=1)
14.9293 	EXP 	Created unnamed TextStim = TextStim(__class__=<class 'psychopy.visual.text.TextStim'>, alignHoriz=method-wrapper(...), alignText='center', alignVert=method-wrapper(...), anchorHoriz='center', anchorVert='center', antialias=True, autoLog=True, bold=False, color=array([1., 1., 1.]), colorSpace='rgb', contrast=1.0, depth=0, flipHoriz=False, flipVert=False, font='', fontFiles=[], height=0.05, italic=False, languageStyle='LTR', name='unnamed TextStim', opacity=1.0, ori=0.0, pos=array([-0.16666667, -0.1       ]), rgb=UNKNOWN, text='', units='norm', win=Window(...), wrapWidth=1)
14.9304 	EXP 	Created unnamed TextStim = TextStim(__class__=<class 'psychopy.visual.text.TextStim'>, alignHoriz=method-wrapper(...), alignText='center', alignVert=method-wrapper(...), anchorHoriz='center', anchorVert='center', antialias=True, autoLog=True, bold=False, color=array([1., 1., 1.]), colorSpace='rgb', contrast=1.0, depth=0, flipHoriz=False, flipVert=False, font='', fontFiles=[], height=0.05, italic=False, languageStyle='LTR', name='unnamed TextStim', opacity=1.0, ori=0.0, pos=array([ 0.16666667, -0.1       ]), rgb=UNKNOWN, text='', units='norm', win=Window(...), wrapWidth=1)
14.9335 	EXP 	Created unnamed TextStim = TextStim(__class__=<class 'psychopy.visual.text.TextStim'>, alignHoriz=method-wrapper(...), alignText='center', alignVert=method-wrapper(...), anchorHoriz='center', anchorVert='center', antialias=True, autoLog=True, bold=False, color=array([1., 1., 1.]), colorSpace='rgb', contrast=1.0, depth=0, flipHoriz=False, flipVert=False, font='', fontFiles=[], height=0.05, italic=False, languageStyle='LTR', name='unnamed TextStim', opacity=1.0, ori=0.0, pos=array([ 0.5, -0.1]), rgb=UNKNOWN, text='Helt klart \n FOKUSERT', units='norm', win=Window(...), wrapWidth=1)
14.9354 	EXP 	Created unnamed ShapeStim = ShapeStim(__class__=<class 'psychopy.visual.shape.ShapeStim'>, autoDraw=False, autoLog=True, closeShape=True, color=method-wrapper(...), colorSpace='rgb', contrast=None, depth=0, fillColor=array([1, 1, 1]), fillColorSpace='rgb', fillRGB=array([1, 1, 1]), interpolate=True, lineColor=array([-1., -1., -1.]), lineColorSpace='rgb', lineRGB=array([-1, -1, -1]), lineWidth=1.5, name='unnamed ShapeStim', opacity=1.0, ori=0.0, pos=array([0., 0.]), size=array([1., 1.]), units='norm', vertices=ndarray(...), win=Window(...), windingRule=None)
14.9423 	EXP 	Created instru = TextStim(__class__=<class 'psychopy.visual.text.TextStim'>, alignHoriz=method-wrapper(...), alignText='center', alignVert=method-wrapper(...), anchorHoriz='center', anchorVert='center', antialias=True, autoLog=True, bold=False, color=array([1., 1., 1.]), colorSpace='rgb', contrast=1.0, depth=0.0, flipHoriz=False, flipVert=False, font='Arial', fontFiles=[], height=0.07, italic=False, languageStyle='LTR', name='instru', opacity=1, ori=0, pos=array([0. , 0.5]), rgb=UNKNOWN, text=str(...), units='norm', win=Window(...), wrapWidth=1)
14.9443 	EXP 	Created unnamed Line = Line(__class__=<class 'psychopy.visual.line.Line'>, autoDraw=False, autoLog=True, closeShape=False, color=array([1., 1., 1.]), colorSpace='rgb', contrast=None, depth=0, fillColor=array([0, 0, 0]), fillColorSpace='rgb', fillRGB=array([0, 0, 0]), interpolate=True, lineColor=array([1., 1., 1.]), lineColorSpace='rgb', lineRGB=array([1, 1, 1]), lineWidth=5, name='unnamed Line', opacity=0.5, ori=0.0, pos=array([0., 0.]), size=array([1., 1.]), units='norm', vertices=array([[-0.5,  0. ],
       [ 0.5,  0. ]]), win=Window(...), windingRule=None)
14.9463 	EXP 	Created unnamed Line = Line(__class__=<class 'psychopy.visual.line.Line'>, autoDraw=False, autoLog=True, closeShape=False, color=array([1., 1., 1.]), colorSpace='rgb', contrast=None, depth=0, fillColor=array([0, 0, 0]), fillColorSpace='rgb', fillRGB=array([0, 0, 0]), interpolate=True, lineColor=array([1., 1., 1.]), lineColorSpace='rgb', lineRGB=array([1, 1, 1]), lineWidth=3, name='unnamed Line', opacity=0.5, ori=0.0, pos=array([0., 0.]), size=array([1., 1.]), units='norm', vertices=array([[-0.5 , -0.05],
       [-0.5 ,  0.05]]), win=Window(...), windingRule=None)
14.9484 	EXP 	Created unnamed Line = Line(__class__=<class 'psychopy.visual.line.Line'>, autoDraw=False, autoLog=True, closeShape=False, color=array([1., 1., 1.]), colorSpace='rgb', contrast=None, depth=0, fillColor=array([0, 0, 0]), fillColorSpace='rgb', fillRGB=array([0, 0, 0]), interpolate=True, lineColor=array([1., 1., 1.]), lineColorSpace='rgb', lineRGB=array([1, 1, 1]), lineWidth=3, name='unnamed Line', opacity=0.5, ori=0.0, pos=array([0., 0.]), size=array([1., 1.]), units='norm', vertices=ndarray(...), win=Window(...), windingRule=None)
14.9504 	EXP 	Created unnamed Line = Line(__class__=<class 'psychopy.visual.line.Line'>, autoDraw=False, autoLog=True, closeShape=False, color=array([1., 1., 1.]), colorSpace='rgb', contrast=None, depth=0, fillColor=array([0, 0, 0]), fillColorSpace='rgb', fillRGB=array([0, 0, 0]), interpolate=True, lineColor=array([1., 1., 1.]), lineColorSpace='rgb', lineRGB=array([1, 1, 1]), lineWidth=3, name='unnamed Line', opacity=0.5, ori=0.0, pos=array([0., 0.]), size=array([1., 1.]), units='norm', vertices=ndarray(...), win=Window(...), windingRule=None)
14.9524 	EXP 	Created unnamed Line = Line(__class__=<class 'psychopy.visual.line.Line'>, autoDraw=False, autoLog=True, closeShape=False, color=array([1., 1., 1.]), colorSpace='rgb', contrast=None, depth=0, fillColor=array([0, 0, 0]), fillColorSpace='rgb', fillRGB=array([0, 0, 0]), interpolate=True, lineColor=array([1., 1., 1.]), lineColorSpace='rgb', lineRGB=array([1, 1, 1]), lineWidth=3, name='unnamed Line', opacity=0.5, ori=0.0, pos=array([0., 0.]), size=array([1., 1.]), units='norm', vertices=array([[ 0.5 , -0.05],
       [ 0.5 ,  0.05]]), win=Window(...), windingRule=None)
14.9579 	EXP 	Created unnamed TextStim = TextStim(__class__=<class 'psychopy.visual.text.TextStim'>, alignHoriz=method-wrapper(...), alignText='center', alignVert=method-wrapper(...), anchorHoriz='center', anchorVert='center', antialias=True, autoLog=True, bold=False, color=array([1., 1., 1.]), colorSpace='rgb', contrast=1.0, depth=0, flipHoriz=False, flipVert=False, font='', fontFiles=[], height=0.05, italic=False, languageStyle='LTR', name='unnamed TextStim', opacity=1.0, ori=0.0, pos=array([-0.5, -0.1]), rgb=UNKNOWN, text='Helt klart \n INGENTING', units='norm', win=Window(...), wrapWidth=1)
14.9590 	EXP 	Created unnamed TextStim = TextStim(__class__=<class 'psychopy.visual.text.TextStim'>, alignHoriz=method-wrapper(...), alignText='center', alignVert=method-wrapper(...), anchorHoriz='center', anchorVert='center', antialias=True, autoLog=True, bold=False, color=array([1., 1., 1.]), colorSpace='rgb', contrast=1.0, depth=0, flipHoriz=False, flipVert=False, font='', fontFiles=[], height=0.05, italic=False, languageStyle='LTR', name='unnamed TextStim', opacity=1.0, ori=0.0, pos=array([-0.16666667, -0.1       ]), rgb=UNKNOWN, text='', units='norm', win=Window(...), wrapWidth=1)
14.9600 	EXP 	Created unnamed TextStim = TextStim(__class__=<class 'psychopy.visual.text.TextStim'>, alignHoriz=method-wrapper(...), alignText='center', alignVert=method-wrapper(...), anchorHoriz='center', anchorVert='center', antialias=True, autoLog=True, bold=False, color=array([1., 1., 1.]), colorSpace='rgb', contrast=1.0, depth=0, flipHoriz=False, flipVert=False, font='', fontFiles=[], height=0.05, italic=False, languageStyle='LTR', name='unnamed TextStim', opacity=1.0, ori=0.0, pos=array([ 0.16666667, -0.1       ]), rgb=UNKNOWN, text='', units='norm', win=Window(...), wrapWidth=1)
14.9633 	EXP 	Created unnamed TextStim = TextStim(__class__=<class 'psychopy.visual.text.TextStim'>, alignHoriz=method-wrapper(...), alignText='center', alignVert=method-wrapper(...), anchorHoriz='center', anchorVert='center', antialias=True, autoLog=True, bold=False, color=array([1., 1., 1.]), colorSpace='rgb', contrast=1.0, depth=0, flipHoriz=False, flipVert=False, font='', fontFiles=[], height=0.05, italic=False, languageStyle='LTR', name='unnamed TextStim', opacity=1.0, ori=0.0, pos=array([ 0.5, -0.1]), rgb=UNKNOWN, text='Helt klart \n NOE', units='norm', win=Window(...), wrapWidth=1)
14.9652 	EXP 	Created unnamed ShapeStim = ShapeStim(__class__=<class 'psychopy.visual.shape.ShapeStim'>, autoDraw=False, autoLog=True, closeShape=True, color=method-wrapper(...), colorSpace='rgb', contrast=None, depth=0, fillColor=array([1, 1, 1]), fillColorSpace='rgb', fillRGB=array([1, 1, 1]), interpolate=True, lineColor=array([-1., -1., -1.]), lineColorSpace='rgb', lineRGB=array([-1, -1, -1]), lineWidth=1.5, name='unnamed ShapeStim', opacity=1.0, ori=0.0, pos=array([0., 0.]), size=array([1., 1.]), units='norm', vertices=ndarray(...), win=Window(...), windingRule=None)
14.9727 	EXP 	Created instru = TextStim(__class__=<class 'psychopy.visual.text.TextStim'>, alignHoriz=method-wrapper(...), alignText='center', alignVert=method-wrapper(...), anchorHoriz='center', anchorVert='center', antialias=True, autoLog=True, bold=False, color=array([1., 1., 1.]), colorSpace='rgb', contrast=1.0, depth=0.0, flipHoriz=False, flipVert=False, font='Arial', fontFiles=[], height=0.07, italic=False, languageStyle='LTR', name='instru', opacity=1, ori=0, pos=array([0. , 0.5]), rgb=UNKNOWN, text=str(...), units='norm', win=Window(...), wrapWidth=1)
14.9748 	EXP 	Created unnamed Line = Line(__class__=<class 'psychopy.visual.line.Line'>, autoDraw=False, autoLog=True, closeShape=False, color=array([1., 1., 1.]), colorSpace='rgb', contrast=None, depth=0, fillColor=array([0, 0, 0]), fillColorSpace='rgb', fillRGB=array([0, 0, 0]), interpolate=True, lineColor=array([1., 1., 1.]), lineColorSpace='rgb', lineRGB=array([1, 1, 1]), lineWidth=5, name='unnamed Line', opacity=0.5, ori=0.0, pos=array([0., 0.]), size=array([1., 1.]), units='norm', vertices=array([[-0.5,  0. ],
       [ 0.5,  0. ]]), win=Window(...), windingRule=None)
14.9768 	EXP 	Created unnamed Line = Line(__class__=<class 'psychopy.visual.line.Line'>, autoDraw=False, autoLog=True, closeShape=False, color=array([1., 1., 1.]), colorSpace='rgb', contrast=None, depth=0, fillColor=array([0, 0, 0]), fillColorSpace='rgb', fillRGB=array([0, 0, 0]), interpolate=True, lineColor=array([1., 1., 1.]), lineColorSpace='rgb', lineRGB=array([1, 1, 1]), lineWidth=3, name='unnamed Line', opacity=0.5, ori=0.0, pos=array([0., 0.]), size=array([1., 1.]), units='norm', vertices=array([[-0.5 , -0.05],
       [-0.5 ,  0.05]]), win=Window(...), windingRule=None)
14.9788 	EXP 	Created unnamed Line = Line(__class__=<class 'psychopy.visual.line.Line'>, autoDraw=False, autoLog=True, closeShape=False, color=array([1., 1., 1.]), colorSpace='rgb', contrast=None, depth=0, fillColor=array([0, 0, 0]), fillColorSpace='rgb', fillRGB=array([0, 0, 0]), interpolate=True, lineColor=array([1., 1., 1.]), lineColorSpace='rgb', lineRGB=array([1, 1, 1]), lineWidth=3, name='unnamed Line', opacity=0.5, ori=0.0, pos=array([0., 0.]), size=array([1., 1.]), units='norm', vertices=ndarray(...), win=Window(...), windingRule=None)
14.9808 	EXP 	Created unnamed Line = Line(__class__=<class 'psychopy.visual.line.Line'>, autoDraw=False, autoLog=True, closeShape=False, color=array([1., 1., 1.]), colorSpace='rgb', contrast=None, depth=0, fillColor=array([0, 0, 0]), fillColorSpace='rgb', fillRGB=array([0, 0, 0]), interpolate=True, lineColor=array([1., 1., 1.]), lineColorSpace='rgb', lineRGB=array([1, 1, 1]), lineWidth=3, name='unnamed Line', opacity=0.5, ori=0.0, pos=array([0., 0.]), size=array([1., 1.]), units='norm', vertices=ndarray(...), win=Window(...), windingRule=None)
14.9828 	EXP 	Created unnamed Line = Line(__class__=<class 'psychopy.visual.line.Line'>, autoDraw=False, autoLog=True, closeShape=False, color=array([1., 1., 1.]), colorSpace='rgb', contrast=None, depth=0, fillColor=array([0, 0, 0]), fillColorSpace='rgb', fillRGB=array([0, 0, 0]), interpolate=True, lineColor=array([1., 1., 1.]), lineColorSpace='rgb', lineRGB=array([1, 1, 1]), lineWidth=3, name='unnamed Line', opacity=0.5, ori=0.0, pos=array([0., 0.]), size=array([1., 1.]), units='norm', vertices=array([[ 0.5 , -0.05],
       [ 0.5 ,  0.05]]), win=Window(...), windingRule=None)
14.9879 	EXP 	Created unnamed TextStim = TextStim(__class__=<class 'psychopy.visual.text.TextStim'>, alignHoriz=method-wrapper(...), alignText='center', alignVert=method-wrapper(...), anchorHoriz='center', anchorVert='center', antialias=True, autoLog=True, bold=False, color=array([1., 1., 1.]), colorSpace='rgb', contrast=1.0, depth=0, flipHoriz=False, flipVert=False, font='', fontFiles=[], height=0.05, italic=False, languageStyle='LTR', name='unnamed TextStim', opacity=1.0, ori=0.0, pos=array([-0.5, -0.1]), rgb=UNKNOWN, text='Helt klart \n SPONTAN', units='norm', win=Window(...), wrapWidth=1)
14.9890 	EXP 	Created unnamed TextStim = TextStim(__class__=<class 'psychopy.visual.text.TextStim'>, alignHoriz=method-wrapper(...), alignText='center', alignVert=method-wrapper(...), anchorHoriz='center', anchorVert='center', antialias=True, autoLog=True, bold=False, color=array([1., 1., 1.]), colorSpace='rgb', contrast=1.0, depth=0, flipHoriz=False, flipVert=False, font='', fontFiles=[], height=0.05, italic=False, languageStyle='LTR', name='unnamed TextStim', opacity=1.0, ori=0.0, pos=array([-0.16666667, -0.1       ]), rgb=UNKNOWN, text='', units='norm', win=Window(...), wrapWidth=1)
14.9900 	EXP 	Created unnamed TextStim = TextStim(__class__=<class 'psychopy.visual.text.TextStim'>, alignHoriz=method-wrapper(...), alignText='center', alignVert=method-wrapper(...), anchorHoriz='center', anchorVert='center', antialias=True, autoLog=True, bold=False, color=array([1., 1., 1.]), colorSpace='rgb', contrast=1.0, depth=0, flipHoriz=False, flipVert=False, font='', fontFiles=[], height=0.05, italic=False, languageStyle='LTR', name='unnamed TextStim', opacity=1.0, ori=0.0, pos=array([ 0.16666667, -0.1       ]), rgb=UNKNOWN, text='', units='norm', win=Window(...), wrapWidth=1)
14.9947 	EXP 	Created unnamed TextStim = TextStim(__class__=<class 'psychopy.visual.text.TextStim'>, alignHoriz=method-wrapper(...), alignText='center', alignVert=method-wrapper(...), anchorHoriz='center', anchorVert='center', antialias=True, autoLog=True, bold=False, color=array([1., 1., 1.]), colorSpace='rgb', contrast=1.0, depth=0, flipHoriz=False, flipVert=False, font='', fontFiles=[], height=0.05, italic=False, languageStyle='LTR', name='unnamed TextStim', opacity=1.0, ori=0.0, pos=array([ 0.5, -0.1]), rgb=UNKNOWN, text='Helt klart \n BEVISST', units='norm', win=Window(...), wrapWidth=1)
14.9966 	EXP 	Created unnamed ShapeStim = ShapeStim(__class__=<class 'psychopy.visual.shape.ShapeStim'>, autoDraw=False, autoLog=True, closeShape=True, color=method-wrapper(...), colorSpace='rgb', contrast=None, depth=0, fillColor=array([1, 1, 1]), fillColorSpace='rgb', fillRGB=array([1, 1, 1]), interpolate=True, lineColor=array([-1., -1., -1.]), lineColorSpace='rgb', lineRGB=array([-1, -1, -1]), lineWidth=1.5, name='unnamed ShapeStim', opacity=1.0, ori=0.0, pos=array([0., 0.]), size=array([1., 1.]), units='norm', vertices=ndarray(...), win=Window(...), windingRule=None)
15.0447 	EXP 	Sound  set volume 1.000
15.0749 	EXP 	unnamed ShapeStim: vertices = <class 'numpy.ndarray'>
15.0749 	EXP 	unnamed ShapeStim: vertices = <class 'numpy.ndarray'>
15.0749 	EXP 	unnamed ShapeStim: vertices = <class 'numpy.ndarray'>
201.1239 	DATA 	Keypress: rctrl
201.6341 	EXP 	Sound  started
201.8599 	DATA 	Keypress: rctrl
202.3841 	EXP 	Sound  started
202.4519 	DATA 	Keypress: lctrl
203.0919 	DATA 	Keypress: rctrl
203.1341 	EXP 	Sound  started
203.8841 	EXP 	Sound  started
203.8919 	DATA 	Keypress: lctrl
204.6341 	EXP 	Sound  started
204.6439 	DATA 	Keypress: rctrl
205.3842 	EXP 	Sound  started
205.3959 	DATA 	Keypress: lctrl
206.1342 	EXP 	Sound  started
206.1479 	DATA 	Keypress: rctrl
206.8199 	DATA 	Keypress: lctrl
206.8842 	EXP 	Sound  started
207.5879 	DATA 	Keypress: rctrl
207.6342 	EXP 	Sound  started
208.3842 	EXP 	Sound  started
208.3879 	DATA 	Keypress: lctrl
209.0920 	DATA 	Keypress: rctrl
209.1342 	EXP 	Sound  started
209.8439 	DATA 	Keypress: lctrl
209.8842 	EXP 	Sound  started
210.5639 	DATA 	Keypress: rctrl
210.6342 	EXP 	Sound  started
211.2999 	DATA 	Keypress: lctrl
211.3843 	EXP 	Sound  started
212.1000 	DATA 	Keypress: rctrl
212.1343 	EXP 	Sound  started
212.8359 	DATA 	Keypress: lctrl
212.8843 	EXP 	Sound  started
213.5880 	DATA 	Keypress: rctrl
213.6343 	EXP 	Sound  started
214.2920 	DATA 	Keypress: lctrl
214.3843 	EXP 	Sound  started
215.0440 	DATA 	Keypress: rctrl
215.1343 	EXP 	Sound  started
215.8439 	DATA 	Keypress: lctrl
215.8843 	EXP 	Sound  started
216.6119 	DATA 	Keypress: rctrl
216.6344 	EXP 	Sound  started
217.3479 	DATA 	Keypress: lctrl
217.3844 	EXP 	Sound  started
218.0679 	DATA 	Keypress: rctrl
218.1344 	EXP 	Sound  started
218.8519 	DATA 	Keypress: lctrl
218.8844 	EXP 	Sound  started
219.5879 	DATA 	Keypress: rctrl
219.6344 	EXP 	Sound  started
220.3400 	DATA 	Keypress: lctrl
220.3845 	EXP 	Sound  started
221.0760 	DATA 	Keypress: rctrl
221.1345 	EXP 	Sound  started
221.8119 	DATA 	Keypress: lctrl
221.8845 	EXP 	Sound  started
222.5639 	DATA 	Keypress: rctrl
222.6345 	EXP 	Sound  started
223.3319 	DATA 	Keypress: lctrl
223.3845 	EXP 	Sound  started
224.0840 	DATA 	Keypress: rctrl
224.1345 	EXP 	Sound  started
224.8519 	DATA 	Keypress: lctrl
224.8845 	EXP 	Sound  started
225.5879 	DATA 	Keypress: rctrl
225.6346 	EXP 	Sound  started
226.3080 	DATA 	Keypress: rctrl
226.3846 	EXP 	Sound  started
227.0599 	DATA 	Keypress: lctrl
227.1346 	EXP 	Sound  started
227.8599 	DATA 	Keypress: rctrl
227.8846 	EXP 	Sound  started
228.5319 	DATA 	Keypress: lctrl
228.6346 	EXP 	Sound  started
229.3479 	DATA 	Keypress: rctrl
229.3846 	EXP 	Sound  started
230.0839 	DATA 	Keypress: lctrl
230.1346 	EXP 	Sound  started
230.8359 	DATA 	Keypress: rctrl
230.8847 	EXP 	Sound  started
231.6039 	DATA 	Keypress: lctrl
231.6347 	EXP 	Sound  started
232.3400 	DATA 	Keypress: rctrl
232.3847 	EXP 	Sound  started
233.0759 	DATA 	Keypress: lctrl
233.1347 	EXP 	Sound  started
233.8439 	DATA 	Keypress: rctrl
233.8847 	EXP 	Sound  started
234.5959 	DATA 	Keypress: lctrl
234.6347 	EXP 	Sound  started
235.2999 	DATA 	Keypress: rctrl
235.3848 	EXP 	Sound  started
236.1319 	DATA 	Keypress: lctrl
236.1348 	EXP 	Sound  started
236.8199 	DATA 	Keypress: rctrl
236.8848 	EXP 	Sound  started
237.6199 	DATA 	Keypress: lctrl
237.6348 	EXP 	Sound  started
238.3848 	EXP 	Sound  started
238.3879 	DATA 	Keypress: rctrl
239.1348 	EXP 	Sound  started
239.1399 	DATA 	Keypress: lctrl
239.8439 	DATA 	Keypress: rctrl
239.8848 	EXP 	Sound  started
240.6279 	DATA 	Keypress: lctrl
240.6349 	EXP 	Sound  started
241.3480 	DATA 	Keypress: rctrl
241.3849 	EXP 	Sound  started
242.1319 	DATA 	Keypress: lctrl
242.1349 	EXP 	Sound  started
242.8520 	DATA 	Keypress: rctrl
242.8849 	EXP 	Sound  started
243.6039 	DATA 	Keypress: lctrl
243.6349 	EXP 	Sound  started
244.3079 	DATA 	Keypress: rctrl
244.3849 	EXP 	Sound  started
245.1350 	EXP 	Sound  started
245.1399 	DATA 	Keypress: lctrl
245.8440 	DATA 	Keypress: rctrl
245.8850 	EXP 	Sound  started
246.6350 	EXP 	Sound  started
246.6439 	DATA 	Keypress: lctrl
247.3479 	DATA 	Keypress: rctrl
247.3850 	EXP 	Sound  started
248.1159 	DATA 	Keypress: lctrl
248.1350 	EXP 	Sound  started
248.8678 	DATA 	Keypress: rctrl
248.8850 	EXP 	Sound  started
249.6350 	EXP 	Sound  started
249.6359 	DATA 	Keypress: lctrl
250.3239 	DATA 	Keypress: rctrl
250.3850 	EXP 	Sound  started
251.0439 	DATA 	Keypress: lctrl
251.1351 	EXP 	Sound  started
251.8119 	DATA 	Keypress: rctrl
251.8851 	EXP 	Sound  started
252.6119 	DATA 	Keypress: lctrl
252.6595 	EXP 	unnamed TextStim: text = ''
252.6595 	EXP 	unnamed TextStim: text = ''
255.2614 	DATA 	Keypress: 2
255.2779 	EXP 	unnamed ShapeStim: vertices = <class 'numpy.ndarray'>
256.8292 	EXP 	unnamed TextStim: text = ''
256.8292 	EXP 	unnamed TextStim: text = ''
258.7142 	DATA 	Keypress: 4
258.7307 	EXP 	unnamed ShapeStim: vertices = <class 'numpy.ndarray'>
260.2653 	EXP 	unnamed TextStim: text = ''
260.2653 	EXP 	unnamed TextStim: text = ''
262.8844 	DATA 	Keypress: 3
262.9008 	EXP 	unnamed ShapeStim: vertices = <class 'numpy.ndarray'>
265.1859 	EXP 	Sound  started
265.2680 	DATA 	Keypress: rctrl
265.9359 	EXP 	Sound  started
265.9559 	DATA 	Keypress: lctrl
266.6758 	DATA 	Keypress: rctrl
266.6859 	EXP 	Sound  started
267.4120 	DATA 	Keypress: lctrl
267.4359 	EXP 	Sound  started
268.1639 	DATA 	Keypress: rctrl
268.1859 	EXP 	Sound  started
268.9359 	EXP 	Sound  started
268.9799 	DATA 	Keypress: lctrl
269.6359 	DATA 	Keypress: rctrl
269.6859 	EXP 	Sound  started
270.4359 	DATA 	Keypress: lctrl
270.4362 	EXP 	Sound  started
271.1862 	EXP 	Sound  started
271.2039 	DATA 	Keypress: rctrl
271.8919 	DATA 	Keypress: lctrl
271.9362 	EXP 	Sound  started
272.6599 	DATA 	Keypress: rctrl
272.6862 	EXP 	Sound  started
273.3799 	DATA 	Keypress: lctrl
273.4362 	EXP 	Sound  started
274.1479 	DATA 	Keypress: rctrl
274.1862 	EXP 	Sound  started
274.8199 	DATA 	Keypress: lctrl
274.9362 	EXP 	Sound  started
275.6039 	DATA 	Keypress: rctrl
275.6863 	EXP 	Sound  started
276.3719 	DATA 	Keypress: lctrl
276.4363 	EXP 	Sound  started
277.1239 	DATA 	Keypress: rctrl
277.1863 	EXP 	Sound  started
277.8759 	DATA 	Keypress: lctrl
277.9363 	EXP 	Sound  started
278.6119 	DATA 	Keypress: rctrl
278.6863 	EXP 	Sound  started
279.3799 	DATA 	Keypress: lctrl
279.4363 	EXP 	Sound  started
280.1639 	DATA 	Keypress: rctrl
280.1863 	EXP 	Sound  started
280.8839 	DATA 	Keypress: lctrl
280.9364 	EXP 	Sound  started
281.6519 	DATA 	Keypress: rctrl
281.6864 	EXP 	Sound  started
282.3719 	DATA 	Keypress: lctrl
282.4364 	EXP 	Sound  started
283.0919 	DATA 	Keypress: rctrl
283.1864 	EXP 	Sound  started
283.8599 	DATA 	Keypress: lctrl
283.9364 	EXP 	Sound  started
284.6439 	DATA 	Keypress: rctrl
284.6864 	EXP 	Sound  started
285.3959 	DATA 	Keypress: lctrl
285.4364 	EXP 	Sound  started
286.1479 	DATA 	Keypress: rctrl
286.1865 	EXP 	Sound  started
286.9319 	DATA 	Keypress: lctrl
286.9365 	EXP 	Sound  started
287.6359 	DATA 	Keypress: rctrl
287.6865 	EXP 	Sound  started
288.4365 	EXP 	Sound  started
288.4679 	DATA 	Keypress: lctrl
289.1719 	DATA 	Keypress: rctrl
289.1865 	EXP 	Sound  started
289.8918 	DATA 	Keypress: lctrl
289.9365 	EXP 	Sound  started
290.6439 	DATA 	Keypress: rctrl
290.6865 	EXP 	Sound  started
291.3959 	DATA 	Keypress: lctrl
291.4366 	EXP 	Sound  started
292.1318 	DATA 	Keypress: rctrl
292.1866 	EXP 	Sound  started
292.8519 	DATA 	Keypress: lctrl
292.9366 	EXP 	Sound  started
293.5719 	DATA 	Keypress: rctrl
293.6866 	EXP 	Sound  started
294.3879 	DATA 	Keypress: lctrl
294.4366 	EXP 	Sound  started
295.1239 	DATA 	Keypress: rctrl
295.1866 	EXP 	Sound  started
295.8439 	DATA 	Keypress: lctrl
295.9367 	EXP 	Sound  started
296.6119 	DATA 	Keypress: rctrl
296.6867 	EXP 	Sound  started
297.4367 	EXP 	Sound  started
297.4439 	DATA 	Keypress: lctrl
298.1867 	EXP 	Sound  started
298.1959 	DATA 	Keypress: rctrl
298.8359 	DATA 	Keypress: lctrl
298.9367 	EXP 	Sound  started
299.5880 	DATA 	Keypress: rctrl
299.6867 	EXP 	Sound  started
300.3400 	DATA 	Keypress: lctrl
300.4368 	EXP 	Sound  started
301.1868 	EXP 	Sound  started
301.1879 	DATA 	Keypress: rctrl
301.8919 	DATA 	Keypress: lctrl
301.9368 	EXP 	Sound  started
302.6279 	DATA 	Keypress: rctrl
302.6868 	EXP 	Sound  started
303.4279 	DATA 	Keypress: lctrl
303.4368 	EXP 	Sound  started
304.1319 	DATA 	Keypress: rctrl
304.1868 	EXP 	Sound  started
304.9368 	EXP 	Sound  started
304.9479 	DATA 	Keypress: lctrl
305.6519 	DATA 	Keypress: rctrl
309.4724 	DATA 	Keypress: 4
309.4889 	EXP 	unnamed ShapeStim: vertices = <class 'numpy.ndarray'>
314.4599 	DATA 	Keypress: 3
314.4764 	EXP 	unnamed ShapeStim: vertices = <class 'numpy.ndarray'>
318.8468 	DATA 	Keypress: 4
318.8633 	EXP 	unnamed ShapeStim: vertices = <class 'numpy.ndarray'>
321.1487 	EXP 	Sound  started
321.2999 	DATA 	Keypress: rctrl
321.8600 	DATA 	Keypress: lctrl
321.8986 	EXP 	Sound  started
322.5959 	DATA 	Keypress: rctrl
322.6486 	EXP 	Sound  started
323.3319 	DATA 	Keypress: lctrl
323.3986 	EXP 	Sound  started
324.1319 	DATA 	Keypress: rctrl
324.1486 	EXP 	Sound  started
324.8679 	DATA 	Keypress: lctrl
324.8987 	EXP 	Sound  started
325.6360 	DATA 	Keypress: rctrl
325.6487 	EXP 	Sound  started
326.3399 	DATA 	Keypress: lctrl
326.3987 	EXP 	Sound  started
327.1399 	DATA 	Keypress: rctrl
327.1487 	EXP 	Sound  started
327.7959 	DATA 	Keypress: lctrl
327.8987 	EXP 	Sound  started
328.5799 	DATA 	Keypress: rctrl
328.6487 	EXP 	Sound  started
329.3479 	DATA 	Keypress: lctrl
329.3988 	EXP 	Sound  started
330.1319 	DATA 	Keypress: rctrl
330.1488 	EXP 	Sound  started
330.8679 	DATA 	Keypress: lctrl
330.8988 	EXP 	Sound  started
331.6199 	DATA 	Keypress: rctrl
331.6488 	EXP 	Sound  started
332.3399 	DATA 	Keypress: lctrl
332.3988 	EXP 	Sound  started
333.0599 	DATA 	Keypress: rctrl
333.1488 	EXP 	Sound  started
333.8599 	DATA 	Keypress: lctrl
333.8988 	EXP 	Sound  started
334.5799 	DATA 	Keypress: rctrl
334.6489 	EXP 	Sound  started
335.3479 	DATA 	Keypress: lctrl
335.3989 	EXP 	Sound  started
336.1489 	EXP 	Sound  started
336.1798 	DATA 	Keypress: rctrl
336.8519 	DATA 	Keypress: lctrl
336.8989 	EXP 	Sound  started
337.5879 	DATA 	Keypress: rctrl
337.6489 	EXP 	Sound  started
338.3399 	DATA 	Keypress: lctrl
338.3989 	EXP 	Sound  started
339.1079 	DATA 	Keypress: rctrl
339.1489 	EXP 	Sound  started
339.8439 	DATA 	Keypress: lctrl
339.8990 	EXP 	Sound  started
340.6279 	DATA 	Keypress: rctrl
340.6490 	EXP 	Sound  started
341.3639 	DATA 	Keypress: lctrl
341.3990 	EXP 	Sound  started
342.0679 	DATA 	Keypress: rctrl
342.1490 	EXP 	Sound  started
342.8199 	DATA 	Keypress: lctrl
342.8990 	EXP 	Sound  started
343.6199 	DATA 	Keypress: rctrl
343.6490 	EXP 	Sound  started
344.3559 	DATA 	Keypress: lctrl
344.3990 	EXP 	Sound  started
345.1491 	EXP 	Sound  started
345.1879 	DATA 	Keypress: rctrl
345.8991 	EXP 	Sound  started
345.9079 	DATA 	Keypress: lctrl
346.6119 	DATA 	Keypress: rctrl
346.6491 	EXP 	Sound  started
347.3799 	DATA 	Keypress: lctrl
347.3991 	EXP 	Sound  started
348.1491 	EXP 	Sound  started
348.1639 	DATA 	Keypress: rctrl
348.8991 	EXP 	Sound  started
348.8998 	DATA 	Keypress: lctrl
349.6359 	DATA 	Keypress: rctrl
349.6492 	EXP 	Sound  started
350.3559 	DATA 	Keypress: lctrl
350.3992 	EXP 	Sound  started
351.1492 	EXP 	Sound  started
351.2039 	DATA 	Keypress: rctrl
351.8918 	DATA 	Keypress: lctrl
351.8992 	EXP 	Sound  started
352.6119 	DATA 	Keypress: rctrl
352.6492 	EXP 	Sound  started
353.3799 	DATA 	Keypress: lctrl
353.3992 	EXP 	Sound  started
354.0999 	DATA 	Keypress: rctrl
354.1492 	EXP 	Sound  started
354.8838 	DATA 	Keypress: lctrl
354.8993 	EXP 	Sound  started
355.6199 	DATA 	Keypress: rctrl
355.6493 	EXP 	Sound  started
356.3993 	EXP 	Sound  started
356.4199 	DATA 	Keypress: lctrl
357.1079 	DATA 	Keypress: rctrl
357.1493 	EXP 	Sound  started
357.8439 	DATA 	Keypress: lctrl
357.8993 	EXP 	Sound  started
358.5638 	DATA 	Keypress: rctrl
358.6493 	EXP 	Sound  started
359.3959 	DATA 	Keypress: lctrl
359.3993 	EXP 	Sound  started
360.1479 	DATA 	Keypress: rctrl
360.1493 	EXP 	Sound  started
360.8840 	DATA 	Keypress: lctrl
360.8994 	EXP 	Sound  started
361.6494 	EXP 	Sound  started
361.6839 	DATA 	Keypress: rctrl
362.3718 	DATA 	Keypress: lctrl
362.3994 	EXP 	Sound  started
363.1494 	EXP 	Sound  started
363.1559 	DATA 	Keypress: rctrl
363.8994 	EXP 	Sound  started
363.9239 	DATA 	Keypress: lctrl
364.6494 	EXP 	Sound  started
364.6599 	DATA 	Keypress: rctrl
365.3994 	EXP 	Sound  started
365.4119 	DATA 	Keypress: lctrl
366.0999 	DATA 	Keypress: rctrl
366.1495 	EXP 	Sound  started
366.8839 	DATA 	Keypress: lctrl
366.8995 	EXP 	Sound  started
367.6039 	DATA 	Keypress: rctrl
367.6495 	EXP 	Sound  started
368.3399 	DATA 	Keypress: lctrl
368.3995 	EXP 	Sound  started
369.1239 	DATA 	Keypress: rctrl
369.1495 	EXP 	Sound  started
369.8599 	DATA 	Keypress: lctrl
369.8995 	EXP 	Sound  started
370.6119 	DATA 	Keypress: rctrl
370.6495 	EXP 	Sound  started
371.3639 	DATA 	Keypress: lctrl
371.3996 	EXP 	Sound  started
372.1159 	DATA 	Keypress: rctrl
372.1496 	EXP 	Sound  started
372.8519 	DATA 	Keypress: lctrl
372.8996 	EXP 	Sound  started
373.6039 	DATA 	Keypress: rctrl
373.6496 	EXP 	Sound  started
374.3719 	DATA 	Keypress: lctrl
374.3996 	EXP 	Sound  started
375.0919 	DATA 	Keypress: rctrl
375.1496 	EXP 	Sound  started
375.8996 	EXP 	Sound  started
375.9239 	DATA 	Keypress: lctrl
376.6439 	DATA 	Keypress: rctrl
376.6497 	EXP 	Sound  started
377.3997 	EXP 	Sound  started
377.4119 	DATA 	Keypress: lctrl
378.1158 	DATA 	Keypress: rctrl
378.1497 	EXP 	Sound  started
378.8679 	DATA 	Keypress: lctrl
384.0876 	DATA 	Keypress: 2
384.1167 	EXP 	unnamed ShapeStim: vertices = <class 'numpy.ndarray'>
389.1415 	DATA 	Keypress: 3
389.1709 	EXP 	unnamed ShapeStim: vertices = <class 'numpy.ndarray'>
392.0068 	DATA 	Keypress: 2
392.0232 	EXP 	unnamed ShapeStim: vertices = <class 'numpy.ndarray'>
394.3082 	EXP 	Sound  started
394.4998 	DATA 	Keypress: rctrl
395.0582 	EXP 	Sound  started
395.0599 	DATA 	Keypress: lctrl
395.7799 	DATA 	Keypress: rctrl
395.8082 	EXP 	Sound  started
396.5479 	DATA 	Keypress: lctrl
396.5582 	EXP 	Sound  started
397.2999 	DATA 	Keypress: rctrl
397.3082 	EXP 	Sound  started
398.0582 	EXP 	Sound  started
398.0679 	DATA 	Keypress: lctrl
398.7559 	DATA 	Keypress: rctrl
398.8082 	EXP 	Sound  started
399.5559 	DATA 	Keypress: lctrl
399.5582 	EXP 	Sound  started
400.2599 	DATA 	Keypress: rctrl
400.3082 	EXP 	Sound  started
401.0279 	DATA 	Keypress: lctrl
401.0582 	EXP 	Sound  started
401.8083 	EXP 	Sound  started
401.8279 	DATA 	Keypress: rctrl
402.4998 	DATA 	Keypress: lctrl
402.5583 	EXP 	Sound  started
403.2998 	DATA 	Keypress: rctrl
403.3083 	EXP 	Sound  started
404.0519 	DATA 	Keypress: lctrl
404.0583 	EXP 	Sound  started
404.8038 	DATA 	Keypress: rctrl
404.8083 	EXP 	Sound  started
405.5238 	DATA 	Keypress: lctrl
405.5583 	EXP 	Sound  started
406.3084 	EXP 	Sound  started
406.3238 	DATA 	Keypress: rctrl
407.0279 	DATA 	Keypress: lctrl
407.0584 	EXP 	Sound  started
407.7959 	DATA 	Keypress: rctrl
407.8084 	EXP 	Sound  started
408.5584 	EXP 	Sound  started
408.5639 	DATA 	Keypress: lctrl
409.2998 	DATA 	Keypress: rctrl
409.3084 	EXP 	Sound  started
410.0519 	DATA 	Keypress: lctrl
410.0584 	EXP 	Sound  started
410.7719 	DATA 	Keypress: rctrl
410.8084 	EXP 	Sound  started
411.5079 	DATA 	Keypress: lctrl
411.5585 	EXP 	Sound  started
412.3079 	DATA 	Keypress: rctrl
412.3085 	EXP 	Sound  started
413.0439 	DATA 	Keypress: lctrl
413.0585 	EXP 	Sound  started
413.8085 	EXP 	Sound  started
413.8119 	DATA 	Keypress: rctrl
414.5479 	DATA 	Keypress: lctrl
414.5585 	EXP 	Sound  started
415.2839 	DATA 	Keypress: rctrl
415.3085 	EXP 	Sound  started
416.0519 	DATA 	Keypress: lctrl
416.0586 	EXP 	Sound  started
416.7719 	DATA 	Keypress: rctrl
416.8086 	EXP 	Sound  started
417.5399 	DATA 	Keypress: lctrl
417.5586 	EXP 	Sound  started
418.2919 	DATA 	Keypress: rctrl
418.3086 	EXP 	Sound  started
419.0438 	DATA 	Keypress: lctrl
419.0586 	EXP 	Sound  started
419.7799 	DATA 	Keypress: rctrl
419.8086 	EXP 	Sound  started
420.5586 	EXP 	Sound  started
420.5639 	DATA 	Keypress: lctrl
421.2678 	DATA 	Keypress: rctrl
421.3086 	EXP 	Sound  started
422.0039 	DATA 	Keypress: lctrl
422.0587 	EXP 	Sound  started
422.8087 	EXP 	Sound  started
422.8519 	DATA 	Keypress: rctrl
423.5559 	DATA 	Keypress: lctrl
423.5587 	EXP 	Sound  started
424.3087 	EXP 	Sound  started
424.3239 	DATA 	Keypress: rctrl
425.0278 	DATA 	Keypress: lctrl
425.0587 	EXP 	Sound  started
425.8087 	EXP 	Sound  started
425.8439 	DATA 	Keypress: rctrl
426.5479 	DATA 	Keypress: lctrl
426.5588 	EXP 	Sound  started
427.3088 	EXP 	Sound  started
427.3959 	DATA 	Keypress: rctrl
428.0359 	DATA 	Keypress: lctrl
428.0588 	EXP 	Sound  started
428.7719 	DATA 	Keypress: rctrl
428.8088 	EXP 	Sound  started
429.5080 	DATA 	Keypress: lctrl
429.5588 	EXP 	Sound  started
430.2919 	DATA 	Keypress: rctrl
430.3088 	EXP 	Sound  started
431.0278 	DATA 	Keypress: lctrl
431.0588 	EXP 	Sound  started
431.7639 	DATA 	Keypress: rctrl
431.8089 	EXP 	Sound  started
432.5589 	EXP 	Sound  started
432.5638 	DATA 	Keypress: lctrl
433.2999 	DATA 	Keypress: rctrl
433.3089 	EXP 	Sound  started
434.0589 	EXP 	Sound  started
434.0678 	DATA 	Keypress: lctrl
434.7719 	DATA 	Keypress: rctrl
434.8089 	EXP 	Sound  started
435.5559 	DATA 	Keypress: lctrl
435.5589 	EXP 	Sound  started
436.3078 	DATA 	Keypress: rctrl
436.3090 	EXP 	Sound  started
437.0590 	EXP 	Sound  started
437.0918 	DATA 	Keypress: lctrl
437.7318 	DATA 	Keypress: rctrl
437.8090 	EXP 	Sound  started
438.4999 	DATA 	Keypress: lctrl
441.8809 	DATA 	Keypress: 1
441.8974 	EXP 	unnamed ShapeStim: vertices = <class 'numpy.ndarray'>
446.0385 	DATA 	Keypress: 2
446.0675 	EXP 	unnamed ShapeStim: vertices = <class 'numpy.ndarray'>
451.2219 	DATA 	Keypress: 1
451.2384 	EXP 	unnamed ShapeStim: vertices = <class 'numpy.ndarray'>
453.5230 	EXP 	Sound  started
453.5238 	DATA 	Keypress: rctrl
454.2278 	DATA 	Keypress: lctrl
454.2729 	EXP 	Sound  started
455.0229 	EXP 	Sound  started
455.0278 	DATA 	Keypress: rctrl
455.7729 	EXP 	Sound  started
455.7798 	DATA 	Keypress: lctrl
456.4999 	DATA 	Keypress: rctrl
456.5229 	EXP 	Sound  started
457.2679 	DATA 	Keypress: lctrl
457.2729 	EXP 	Sound  started
457.9879 	DATA 	Keypress: rctrl
458.0229 	EXP 	Sound  started
458.7399 	DATA 	Keypress: lctrl
458.7730 	EXP 	Sound  started
459.4919 	DATA 	Keypress: rctrl
459.5230 	EXP 	Sound  started
460.2438 	DATA 	Keypress: lctrl
460.2730 	EXP 	Sound  started
460.9959 	DATA 	Keypress: rctrl
461.0230 	EXP 	Sound  started
461.7319 	DATA 	Keypress: lctrl
461.7730 	EXP 	Sound  started
462.5230 	EXP 	Sound  started
462.5319 	DATA 	Keypress: rctrl
463.2731 	EXP 	Sound  started
463.3159 	DATA 	Keypress: lctrl
464.0231 	EXP 	Sound  started
464.0518 	DATA 	Keypress: rctrl
464.7399 	DATA 	Keypress: lctrl
464.7731 	EXP 	Sound  started
465.5079 	DATA 	Keypress: rctrl
465.5231 	EXP 	Sound  started
466.2439 	DATA 	Keypress: lctrl
466.2731 	EXP 	Sound  started
467.0231 	EXP 	Sound  started
467.0278 	DATA 	Keypress: rctrl
467.7319 	DATA 	Keypress: lctrl
467.7731 	EXP 	Sound  started
468.4999 	DATA 	Keypress: rctrl
468.5232 	EXP 	Sound  started
469.2679 	DATA 	Keypress: lctrl
469.2732 	EXP 	Sound  started
469.9399 	DATA 	Keypress: rctrl
470.0232 	EXP 	Sound  started
470.7239 	DATA 	Keypress: lctrl
470.7732 	EXP 	Sound  started
471.4918 	DATA 	Keypress: rctrl
471.5232 	EXP 	Sound  started
472.2599 	DATA 	Keypress: lctrl
472.2732 	EXP 	Sound  started
473.0232 	EXP 	Sound  started
473.0279 	DATA 	Keypress: rctrl
473.7480 	DATA 	Keypress: lctrl
473.7732 	EXP 	Sound  started
474.5233 	EXP 	Sound  started
474.5319 	DATA 	Keypress: rctrl
475.2733 	EXP 	Sound  started
475.2839 	DATA 	Keypress: lctrl
476.0233 	EXP 	Sound  started
476.0519 	DATA 	Keypress: rctrl
476.7718 	DATA 	Keypress: lctrl
476.7733 	EXP 	Sound  started
477.5233 	EXP 	Sound  started
477.5399 	DATA 	Keypress: rctrl
478.2439 	DATA 	Keypress: lctrl
478.2733 	EXP 	Sound  started
479.0234 	EXP 	Sound  started
479.0439 	DATA 	Keypress: rctrl
479.7734 	EXP 	Sound  started
479.7958 	DATA 	Keypress: lctrl
480.5234 	EXP 	Sound  started
480.5319 	DATA 	Keypress: rctrl
481.2734 	EXP 	Sound  started
481.2839 	DATA 	Keypress: lctrl
482.0039 	DATA 	Keypress: rctrl
482.0234 	EXP 	Sound  started
482.7734 	EXP 	Sound  started
482.7878 	DATA 	Keypress: lctrl
483.5235 	EXP 	Sound  started
483.5239 	DATA 	Keypress: rctrl
484.2598 	DATA 	Keypress: lctrl
484.2735 	EXP 	Sound  started
484.9799 	DATA 	Keypress: rctrl
485.0235 	EXP 	Sound  started
485.7735 	EXP 	Sound  started
485.7958 	DATA 	Keypress: lctrl
486.5235 	EXP 	Sound  started
486.5318 	DATA 	Keypress: rctrl
487.2735 	EXP 	Sound  started
487.3319 	DATA 	Keypress: lctrl
487.9719 	DATA 	Keypress: rctrl
488.0235 	EXP 	Sound  started
488.7558 	DATA 	Keypress: lctrl
488.7735 	EXP 	Sound  started
489.4759 	DATA 	Keypress: rctrl
489.5236 	EXP 	Sound  started
490.2439 	DATA 	Keypress: lctrl
490.2736 	EXP 	Sound  started
490.9959 	DATA 	Keypress: rctrl
491.0236 	EXP 	Sound  started
491.7736 	EXP 	Sound  started
491.7799 	DATA 	Keypress: lctrl
492.5236 	EXP 	Sound  started
492.5318 	DATA 	Keypress: rctrl
493.2736 	EXP 	Sound  started
493.3158 	DATA 	Keypress: lctrl
494.0198 	DATA 	Keypress: rctrl
494.0236 	EXP 	Sound  started
494.7079 	DATA 	Keypress: lctrl
494.7737 	EXP 	Sound  started
495.5237 	EXP 	Sound  started
495.5559 	DATA 	Keypress: rctrl
496.2737 	EXP 	Sound  started
496.3399 	DATA 	Keypress: lctrl
497.0119 	DATA 	Keypress: rctrl
497.0237 	EXP 	Sound  started
497.7478 	DATA 	Keypress: lctrl
497.7737 	EXP 	Sound  started
498.5159 	DATA 	Keypress: rctrl
498.5237 	EXP 	Sound  started
499.2359 	DATA 	Keypress: lctrl
499.2737 	EXP 	Sound  started
500.0238 	EXP 	Sound  started
500.0358 	DATA 	Keypress: rctrl
500.7558 	DATA 	Keypress: lctrl
500.7738 	EXP 	Sound  started
501.4919 	DATA 	Keypress: rctrl
501.5238 	EXP 	Sound  started
502.2439 	DATA 	Keypress: lctrl
502.2738 	EXP 	Sound  started
503.0119 	DATA 	Keypress: rctrl
503.0238 	EXP 	Sound  started
503.7638 	DATA 	Keypress: lctrl
503.7738 	EXP 	Sound  started
504.4839 	DATA 	Keypress: rctrl
504.5238 	EXP 	Sound  started
505.2679 	DATA 	Keypress: lctrl
505.2739 	EXP 	Sound  started
506.0239 	EXP 	Sound  started
506.0518 	DATA 	Keypress: rctrl
506.7399 	DATA 	Keypress: lctrl
510.0870 	DATA 	Keypress: 2
510.1033 	EXP 	unnamed ShapeStim: vertices = <class 'numpy.ndarray'>
514.2940 	DATA 	Keypress: 4
514.3234 	EXP 	unnamed ShapeStim: vertices = <class 'numpy.ndarray'>
523.3514 	DATA 	Keypress: 2
523.3808 	EXP 	unnamed ShapeStim: vertices = <class 'numpy.ndarray'>
525.6649 	EXP 	Sound  started
525.7159 	DATA 	Keypress: rctrl
526.4148 	EXP 	Sound  started
526.4359 	DATA 	Keypress: lctrl
527.1079 	DATA 	Keypress: rctrl
527.1648 	EXP 	Sound  started
527.8918 	DATA 	Keypress: lctrl
527.9148 	EXP 	Sound  started
528.6649 	EXP 	Sound  started
528.6918 	DATA 	Keypress: rctrl
529.4149 	EXP 	Sound  started
529.4759 	DATA 	Keypress: lctrl
530.1638 	DATA 	Keypress: rctrl
530.1649 	EXP 	Sound  started
530.8999 	DATA 	Keypress: lctrl
530.9149 	EXP 	Sound  started
531.6649 	EXP 	Sound  started
531.6838 	DATA 	Keypress: rctrl
532.3238 	DATA 	Keypress: lctrl
532.4149 	EXP 	Sound  started
533.1649 	EXP 	Sound  started
533.1718 	DATA 	Keypress: rctrl
533.9079 	DATA 	Keypress: lctrl
533.9150 	EXP 	Sound  started
534.6650 	EXP 	Sound  started
534.6758 	DATA 	Keypress: rctrl
535.3959 	DATA 	Keypress: lctrl
535.4150 	EXP 	Sound  started
536.1638 	DATA 	Keypress: rctrl
536.1650 	EXP 	Sound  started
536.8838 	DATA 	Keypress: lctrl
536.9150 	EXP 	Sound  started
537.6358 	DATA 	Keypress: rctrl
537.6650 	EXP 	Sound  started
538.3719 	DATA 	Keypress: lctrl
538.4151 	EXP 	Sound  started
539.1240 	DATA 	Keypress: rctrl
539.1651 	EXP 	Sound  started
539.8918 	DATA 	Keypress: lctrl
539.9151 	EXP 	Sound  started
540.6651 	EXP 	Sound  started
540.6918 	DATA 	Keypress: rctrl
541.3638 	DATA 	Keypress: lctrl
541.4151 	EXP 	Sound  started
542.1651 	EXP 	Sound  started
542.1798 	DATA 	Keypress: rctrl
542.8679 	DATA 	Keypress: lctrl
542.9151 	EXP 	Sound  started
543.6652 	EXP 	Sound  started
543.6679 	DATA 	Keypress: rctrl
544.4038 	DATA 	Keypress: lctrl
544.4152 	EXP 	Sound  started
545.1239 	DATA 	Keypress: rctrl
545.1652 	EXP 	Sound  started
545.9152 	EXP 	Sound  started
545.9238 	DATA 	Keypress: lctrl
546.6278 	DATA 	Keypress: rctrl
546.6652 	EXP 	Sound  started
547.3798 	DATA 	Keypress: lctrl
547.4152 	EXP 	Sound  started
548.1319 	DATA 	Keypress: rctrl
548.1652 	EXP 	Sound  started
548.8518 	DATA 	Keypress: lctrl
548.9152 	EXP 	Sound  started
549.6518 	DATA 	Keypress: rctrl
549.6652 	EXP 	Sound  started
550.3719 	DATA 	Keypress: lctrl
550.4153 	EXP 	Sound  started
551.1558 	DATA 	Keypress: rctrl
551.1653 	EXP 	Sound  started
551.9153 	EXP 	Sound  started
551.9718 	DATA 	Keypress: lctrl
552.6598 	DATA 	Keypress: rctrl
552.6653 	EXP 	Sound  started
553.4118 	DATA 	Keypress: lctrl
553.4153 	EXP 	Sound  started
554.1319 	DATA 	Keypress: rctrl
554.1654 	EXP 	Sound  started
554.8838 	DATA 	Keypress: lctrl
554.9154 	EXP 	Sound  started
555.6040 	DATA 	Keypress: rctrl
555.6654 	EXP 	Sound  started
556.3719 	DATA 	Keypress: lctrl
556.4154 	EXP 	Sound  started
557.0919 	DATA 	Keypress: rctrl
557.1654 	EXP 	Sound  started
557.8758 	DATA 	Keypress: lctrl
557.9154 	EXP 	Sound  started
558.6599 	DATA 	Keypress: rctrl
558.6654 	EXP 	Sound  started
559.4154 	EXP 	Sound  started
559.4278 	DATA 	Keypress: lctrl
560.1479 	DATA 	Keypress: rctrl
560.1655 	EXP 	Sound  started
560.8519 	DATA 	Keypress: lctrl
560.9155 	EXP 	Sound  started
561.5878 	DATA 	Keypress: rctrl
561.6655 	EXP 	Sound  started
562.3879 	DATA 	Keypress: lctrl
562.4155 	EXP 	Sound  started
563.0919 	DATA 	Keypress: rctrl
563.1655 	EXP 	Sound  started
563.8599 	DATA 	Keypress: lctrl
563.9155 	EXP 	Sound  started
564.6598 	DATA 	Keypress: rctrl
564.6655 	EXP 	Sound  started
565.4119 	DATA 	Keypress: lctrl
565.4156 	EXP 	Sound  started
566.1479 	DATA 	Keypress: rctrl
566.1656 	EXP 	Sound  started
566.8519 	DATA 	Keypress: lctrl
566.9156 	EXP 	Sound  started
567.6519 	DATA 	Keypress: rctrl
567.6656 	EXP 	Sound  started
568.4156 	EXP 	Sound  started
568.4198 	DATA 	Keypress: lctrl
569.1657 	EXP 	Sound  started
569.1879 	DATA 	Keypress: rctrl
569.9157 	EXP 	Sound  started
569.9238 	DATA 	Keypress: lctrl
570.6657 	EXP 	Sound  started
570.6758 	DATA 	Keypress: rctrl
571.4157 	EXP 	Sound  started
571.4278 	DATA 	Keypress: lctrl
572.1638 	DATA 	Keypress: rctrl
572.1657 	EXP 	Sound  started
572.8838 	DATA 	Keypress: lctrl
572.9157 	EXP 	Sound  started
573.6657 	EXP 	Sound  started
573.6838 	DATA 	Keypress: rctrl
574.3879 	DATA 	Keypress: lctrl
574.4158 	EXP 	Sound  started
575.1238 	DATA 	Keypress: rctrl
575.1658 	EXP 	Sound  started
575.9158 	EXP 	Sound  started
575.9398 	DATA 	Keypress: lctrl
576.6439 	DATA 	Keypress: rctrl
576.6658 	EXP 	Sound  started
577.4118 	DATA 	Keypress: lctrl
577.4158 	EXP 	Sound  started
578.1478 	DATA 	Keypress: rctrl
578.1658 	EXP 	Sound  started
578.9159 	EXP 	Sound  started
578.9318 	DATA 	Keypress: lctrl
579.6199 	DATA 	Keypress: rctrl
579.6659 	EXP 	Sound  started
580.4159 	EXP 	Sound  started
580.4358 	DATA 	Keypress: lctrl
581.1398 	DATA 	Keypress: rctrl
586.2492 	DATA 	Keypress: 1
586.2657 	EXP 	unnamed ShapeStim: vertices = <class 'numpy.ndarray'>
589.5723 	DATA 	Keypress: 4
589.6017 	EXP 	unnamed ShapeStim: vertices = <class 'numpy.ndarray'>
592.4542 	DATA 	Keypress: 2
592.4708 	EXP 	unnamed ShapeStim: vertices = <class 'numpy.ndarray'>
594.7554 	EXP 	Sound  started
594.9479 	DATA 	Keypress: rctrl
595.5054 	EXP 	Sound  started
595.5398 	DATA 	Keypress: lctrl
596.2554 	EXP 	Sound  started
596.2598 	DATA 	Keypress: rctrl
597.0054 	EXP 	Sound  started
597.0279 	DATA 	Keypress: lctrl
597.7555 	EXP 	Sound  started
597.7798 	DATA 	Keypress: rctrl
598.4839 	DATA 	Keypress: rctrl
598.5055 	EXP 	Sound  started
599.2198 	DATA 	Keypress: lctrl
599.2555 	EXP 	Sound  started
600.0055 	EXP 	Sound  started
600.0198 	DATA 	Keypress: rctrl
600.7555 	EXP 	Sound  started
600.8359 	DATA 	Keypress: lctrl
601.4919 	DATA 	Keypress: rctrl
601.5055 	EXP 	Sound  started
602.1958 	DATA 	Keypress: lctrl
602.2555 	EXP 	Sound  started
603.0055 	EXP 	Sound  started
603.0438 	DATA 	Keypress: rctrl
603.7158 	DATA 	Keypress: lctrl
603.7555 	EXP 	Sound  started
604.5056 	EXP 	Sound  started
604.5159 	DATA 	Keypress: rctrl
605.1879 	DATA 	Keypress: lctrl
605.2556 	EXP 	Sound  started
605.9238 	DATA 	Keypress: rctrl
606.0056 	EXP 	Sound  started
606.7078 	DATA 	Keypress: lctrl
606.7556 	EXP 	Sound  started
607.4599 	DATA 	Keypress: rctrl
607.5056 	EXP 	Sound  started
608.2439 	DATA 	Keypress: lctrl
608.2556 	EXP 	Sound  started
608.9639 	DATA 	Keypress: rctrl
609.0056 	EXP 	Sound  started
609.7557 	EXP 	Sound  started
609.7798 	DATA 	Keypress: lctrl
610.4518 	DATA 	Keypress: rctrl
610.5057 	EXP 	Sound  started
611.1718 	DATA 	Keypress: lctrl
611.2557 	EXP 	Sound  started
611.9559 	DATA 	Keypress: rctrl
612.0057 	EXP 	Sound  started
612.7238 	DATA 	Keypress: lctrl
612.7557 	EXP 	Sound  started
613.4278 	DATA 	Keypress: rctrl
613.5057 	EXP 	Sound  started
614.1639 	DATA 	Keypress: lctrl
614.2558 	EXP 	Sound  started
614.8998 	DATA 	Keypress: rctrl
615.0058 	EXP 	Sound  started
615.7159 	DATA 	Keypress: lctrl
615.7558 	EXP 	Sound  started
616.4998 	DATA 	Keypress: rctrl
616.5058 	EXP 	Sound  started
617.2038 	DATA 	Keypress: lctrl
617.2558 	EXP 	Sound  started
617.9558 	DATA 	Keypress: rctrl
618.0058 	EXP 	Sound  started
618.7559 	EXP 	Sound  started
618.7719 	DATA 	Keypress: lctrl
619.4758 	DATA 	Keypress: rctrl
619.5059 	EXP 	Sound  started
620.2559 	EXP 	Sound  started
620.2598 	DATA 	Keypress: lctrl
620.9959 	DATA 	Keypress: rctrl
621.0059 	EXP 	Sound  started
621.7559 	EXP 	Sound  started
621.7799 	DATA 	Keypress: lctrl
622.4839 	DATA 	Keypress: rctrl
622.5059 	EXP 	Sound  started
623.2519 	DATA 	Keypress: lctrl
623.2559 	EXP 	Sound  started
623.9718 	DATA 	Keypress: rctrl
624.0060 	EXP 	Sound  started
624.7560 	EXP 	Sound  started
624.7718 	DATA 	Keypress: lctrl
625.5060 	EXP 	Sound  started
625.5559 	DATA 	Keypress: rctrl
626.2560 	EXP 	Sound  started
626.2758 	DATA 	Keypress: lctrl
626.9799 	DATA 	Keypress: rctrl
627.0060 	EXP 	Sound  started
627.7318 	DATA 	Keypress: lctrl
627.7560 	EXP 	Sound  started
628.5061 	EXP 	Sound  started
628.5318 	DATA 	Keypress: rctrl
629.2518 	DATA 	Keypress: lctrl
629.2561 	EXP 	Sound  started
630.0061 	EXP 	Sound  started
630.0199 	DATA 	Keypress: rctrl
630.7561 	EXP 	Sound  started
630.7719 	DATA 	Keypress: lctrl
631.5061 	EXP 	Sound  started
631.5238 	DATA 	Keypress: rctrl
632.2562 	EXP 	Sound  started
632.2919 	DATA 	Keypress: lctrl
632.9958 	DATA 	Keypress: rctrl
633.0061 	EXP 	Sound  started
633.7562 	EXP 	Sound  started
633.7798 	DATA 	Keypress: lctrl
634.4999 	DATA 	Keypress: rctrl
634.5062 	EXP 	Sound  started
635.2562 	EXP 	Sound  started
635.2678 	DATA 	Keypress: lctrl
636.0038 	DATA 	Keypress: rctrl
636.0062 	EXP 	Sound  started
636.7558 	DATA 	Keypress: lctrl
636.7562 	EXP 	Sound  started
637.4918 	DATA 	Keypress: rctrl
637.5062 	EXP 	Sound  started
638.1958 	DATA 	Keypress: lctrl
638.2562 	EXP 	Sound  started
638.9959 	DATA 	Keypress: rctrl
639.0063 	EXP 	Sound  started
639.7478 	DATA 	Keypress: lctrl
639.7563 	EXP 	Sound  started
640.4999 	DATA 	Keypress: rctrl
640.5063 	EXP 	Sound  started
641.2518 	DATA 	Keypress: lctrl
641.2563 	EXP 	Sound  started
642.0038 	DATA 	Keypress: rctrl
642.0063 	EXP 	Sound  started
642.7558 	DATA 	Keypress: lctrl
642.7563 	EXP 	Sound  started
643.4599 	DATA 	Keypress: rctrl
643.5064 	EXP 	Sound  started
644.1799 	DATA 	Keypress: lctrl
644.2564 	EXP 	Sound  started
644.9478 	DATA 	Keypress: rctrl
645.0064 	EXP 	Sound  started
645.7158 	DATA 	Keypress: lctrl
645.7564 	EXP 	Sound  started
646.4518 	DATA 	Keypress: rctrl
646.5064 	EXP 	Sound  started
647.2198 	DATA 	Keypress: lctrl
647.2564 	EXP 	Sound  started
647.9878 	DATA 	Keypress: rctrl
648.0064 	EXP 	Sound  started
648.7558 	DATA 	Keypress: lctrl
648.7565 	EXP 	Sound  started
649.4598 	DATA 	Keypress: rctrl
649.5065 	EXP 	Sound  started
650.2119 	DATA 	Keypress: lctrl
650.2565 	EXP 	Sound  started
650.9798 	DATA 	Keypress: rctrl
651.0065 	EXP 	Sound  started
651.7319 	DATA 	Keypress: lctrl
651.7565 	EXP 	Sound  started
652.4358 	DATA 	Keypress: rctrl
652.5065 	EXP 	Sound  started
653.2359 	DATA 	Keypress: lctrl
653.2565 	EXP 	Sound  started
654.0066 	EXP 	Sound  started
654.0359 	DATA 	Keypress: rctrl
654.7238 	DATA 	Keypress: lctrl
654.7566 	EXP 	Sound  started
655.4598 	DATA 	Keypress: rctrl
655.5066 	EXP 	Sound  started
656.2438 	DATA 	Keypress: lctrl
656.2566 	EXP 	Sound  started
657.0066 	EXP 	Sound  started
657.0118 	DATA 	Keypress: rctrl
657.7566 	EXP 	Sound  started
657.7638 	DATA 	Keypress: lctrl
658.5066 	EXP 	Sound  started
658.5158 	DATA 	Keypress: rctrl
659.2358 	DATA 	Keypress: lctrl
659.2567 	EXP 	Sound  started
659.9718 	DATA 	Keypress: rctrl
660.0067 	EXP 	Sound  started
660.7079 	DATA 	Keypress: lctrl
663.8794 	DATA 	Keypress: 2
663.8959 	EXP 	unnamed ShapeStim: vertices = <class 'numpy.ndarray'>
671.3022 	DATA 	Keypress: 4
671.3186 	EXP 	unnamed ShapeStim: vertices = <class 'numpy.ndarray'>
674.3880 	DATA 	Keypress: 2
674.4045 	EXP 	unnamed ShapeStim: vertices = <class 'numpy.ndarray'>
676.6892 	EXP 	Sound  started
676.8519 	DATA 	Keypress: rctrl
677.4391 	EXP 	Sound  started
677.4439 	DATA 	Keypress: lctrl
678.1798 	DATA 	Keypress: rctrl
678.1891 	EXP 	Sound  started
678.9391 	EXP 	Sound  started
678.9478 	DATA 	Keypress: lctrl
679.6891 	EXP 	Sound  started
679.6999 	DATA 	Keypress: rctrl
680.4392 	EXP 	Sound  started
680.4518 	DATA 	Keypress: lctrl
681.1718 	DATA 	Keypress: rctrl
681.1892 	EXP 	Sound  started
681.8759 	DATA 	Keypress: lctrl
681.9392 	EXP 	Sound  started
682.6892 	EXP 	Sound  started
682.7078 	DATA 	Keypress: rctrl
683.4278 	DATA 	Keypress: lctrl
683.4392 	EXP 	Sound  started
684.1638 	DATA 	Keypress: rctrl
684.1892 	EXP 	Sound  started
684.8998 	DATA 	Keypress: lctrl
684.9392 	EXP 	Sound  started
685.6893 	EXP 	Sound  started
685.6999 	DATA 	Keypress: rctrl
686.4358 	DATA 	Keypress: lctrl
686.4393 	EXP 	Sound  started
687.1893 	EXP 	Sound  started
687.2039 	DATA 	Keypress: rctrl
687.9393 	EXP 	Sound  started
687.9558 	DATA 	Keypress: lctrl
688.6599 	DATA 	Keypress: rctrl
688.6893 	EXP 	Sound  started
689.3638 	DATA 	Keypress: lctrl
689.4393 	EXP 	Sound  started
690.1894 	EXP 	Sound  started
690.2439 	DATA 	Keypress: rctrl
690.9394 	EXP 	Sound  started
690.9638 	DATA 	Keypress: lctrl
691.6678 	DATA 	Keypress: rctrl
691.6894 	EXP 	Sound  started
692.4394 	EXP 	Sound  started
692.4518 	DATA 	Keypress: lctrl
693.1878 	DATA 	Keypress: rctrl
693.1894 	EXP 	Sound  started
693.9394 	EXP 	Sound  started
693.9559 	DATA 	Keypress: lctrl
694.6894 	EXP 	Sound  started
694.6918 	DATA 	Keypress: rctrl
695.4118 	DATA 	Keypress: lctrl
695.4395 	EXP 	Sound  started
696.1158 	DATA 	Keypress: rctrl
696.1895 	EXP 	Sound  started
696.9318 	DATA 	Keypress: lctrl
696.9395 	EXP 	Sound  started
697.6518 	DATA 	Keypress: rctrl
697.6895 	EXP 	Sound  started
698.3878 	DATA 	Keypress: lctrl
698.4395 	EXP 	Sound  started
699.1559 	DATA 	Keypress: rctrl
699.1895 	EXP 	Sound  started
699.9078 	DATA 	Keypress: lctrl
699.9395 	EXP 	Sound  started
700.6118 	DATA 	Keypress: rctrl
700.6896 	EXP 	Sound  started
701.4278 	DATA 	Keypress: lctrl
701.4396 	EXP 	Sound  started
702.1319 	DATA 	Keypress: rctrl
702.1896 	EXP 	Sound  started
702.9318 	DATA 	Keypress: lctrl
702.9396 	EXP 	Sound  started
703.6518 	DATA 	Keypress: rctrl
703.6896 	EXP 	Sound  started
704.4198 	DATA 	Keypress: lctrl
704.4396 	EXP 	Sound  started
705.1399 	DATA 	Keypress: rctrl
705.1896 	EXP 	Sound  started
705.9239 	DATA 	Keypress: lctrl
705.9397 	EXP 	Sound  started
706.6759 	DATA 	Keypress: rctrl
706.6897 	EXP 	Sound  started
707.3478 	DATA 	Keypress: lctrl
707.4397 	EXP 	Sound  started
708.0998 	DATA 	Keypress: rctrl
708.1897 	EXP 	Sound  started
708.9318 	DATA 	Keypress: lctrl
708.9397 	EXP 	Sound  started
709.6678 	DATA 	Keypress: rctrl
709.6897 	EXP 	Sound  started
710.3398 	DATA 	Keypress: lctrl
710.4397 	EXP 	Sound  started
711.1558 	DATA 	Keypress: rctrl
711.1898 	EXP 	Sound  started
711.9079 	DATA 	Keypress: lctrl
711.9398 	EXP 	Sound  started
712.6438 	DATA 	Keypress: rctrl
712.6898 	EXP 	Sound  started
713.4118 	DATA 	Keypress: lctrl
713.4398 	EXP 	Sound  started
714.1898 	EXP 	Sound  started
714.1958 	DATA 	Keypress: rctrl
714.9158 	DATA 	Keypress: lctrl
714.9398 	EXP 	Sound  started
715.6678 	DATA 	Keypress: rctrl
715.6899 	EXP 	Sound  started
716.3878 	DATA 	Keypress: lctrl
716.4399 	EXP 	Sound  started
717.1558 	DATA 	Keypress: rctrl
717.1899 	EXP 	Sound  started
717.9238 	DATA 	Keypress: lctrl
717.9399 	EXP 	Sound  started
718.6899 	EXP 	Sound  started
718.6918 	DATA 	Keypress: rctrl
719.4118 	DATA 	Keypress: lctrl
719.4399 	EXP 	Sound  started
720.1478 	DATA 	Keypress: rctrl
720.1899 	EXP 	Sound  started
720.8839 	DATA 	Keypress: lctrl
720.9400 	EXP 	Sound  started
721.6199 	DATA 	Keypress: rctrl
721.6900 	EXP 	Sound  started
722.3719 	DATA 	Keypress: lctrl
722.4400 	EXP 	Sound  started
723.1238 	DATA 	Keypress: rctrl
723.1900 	EXP 	Sound  started
723.8918 	DATA 	Keypress: lctrl
723.9400 	EXP 	Sound  started
724.6278 	DATA 	Keypress: rctrl
724.6900 	EXP 	Sound  started
725.3798 	DATA 	Keypress: lctrl
727.3185 	DATA 	Keypress: 1
727.3479 	EXP 	unnamed ShapeStim: vertices = <class 'numpy.ndarray'>
731.0511 	DATA 	Keypress: 4
731.0676 	EXP 	unnamed ShapeStim: vertices = <class 'numpy.ndarray'>
734.8042 	DATA 	Keypress: 2
734.8207 	EXP 	unnamed ShapeStim: vertices = <class 'numpy.ndarray'>
737.1058 	EXP 	Sound  started
737.2838 	DATA 	Keypress: rctrl
737.8558 	EXP 	Sound  started
737.8758 	DATA 	Keypress: lctrl
738.5958 	DATA 	Keypress: rctrl
738.6058 	EXP 	Sound  started
739.3558 	EXP 	Sound  started
739.3638 	DATA 	Keypress: lctrl
740.0518 	DATA 	Keypress: rctrl
740.1058 	EXP 	Sound  started
740.8559 	EXP 	Sound  started
740.8678 	DATA 	Keypress: lctrl
741.5558 	DATA 	Keypress: rctrl
741.6059 	EXP 	Sound  started
742.2918 	DATA 	Keypress: lctrl
742.3559 	EXP 	Sound  started
743.0599 	DATA 	Keypress: rctrl
743.1059 	EXP 	Sound  started
743.7798 	DATA 	Keypress: lctrl
743.8559 	EXP 	Sound  started
744.5478 	DATA 	Keypress: rctrl
744.6059 	EXP 	Sound  started
745.3318 	DATA 	Keypress: lctrl
745.3560 	EXP 	Sound  started
746.0359 	DATA 	Keypress: rctrl
746.1060 	EXP 	Sound  started
746.8359 	DATA 	Keypress: lctrl
746.8560 	EXP 	Sound  started
747.5878 	DATA 	Keypress: rctrl
747.6060 	EXP 	Sound  started
748.2919 	DATA 	Keypress: lctrl
748.3560 	EXP 	Sound  started
749.0758 	DATA 	Keypress: rctrl
749.1060 	EXP 	Sound  started
749.8278 	DATA 	Keypress: lctrl
749.8560 	EXP 	Sound  started
750.5959 	DATA 	Keypress: rctrl
750.6060 	EXP 	Sound  started
751.3318 	DATA 	Keypress: lctrl
751.3561 	EXP 	Sound  started
752.0358 	DATA 	Keypress: rctrl
752.1061 	EXP 	Sound  started
752.8358 	DATA 	Keypress: lctrl
752.8561 	EXP 	Sound  started
753.5558 	DATA 	Keypress: rctrl
753.6061 	EXP 	Sound  started
754.3398 	DATA 	Keypress: lctrl
754.3561 	EXP 	Sound  started
755.0759 	DATA 	Keypress: rctrl
755.1061 	EXP 	Sound  started
755.8562 	EXP 	Sound  started
755.8758 	DATA 	Keypress: lctrl
756.5958 	DATA 	Keypress: rctrl
756.6062 	EXP 	Sound  started
757.3562 	EXP 	Sound  started
757.3958 	DATA 	Keypress: lctrl
758.0838 	DATA 	Keypress: rctrl
758.1062 	EXP 	Sound  started
758.8562 	EXP 	Sound  started
758.8678 	DATA 	Keypress: lctrl
759.5718 	DATA 	Keypress: rctrl
759.6062 	EXP 	Sound  started
760.3563 	EXP 	Sound  started
760.4038 	DATA 	Keypress: lctrl
761.1063 	EXP 	Sound  started
761.1078 	DATA 	Keypress: rctrl
761.8563 	EXP 	Sound  started
761.8598 	DATA 	Keypress: lctrl
762.5798 	DATA 	Keypress: rctrl
762.6063 	EXP 	Sound  started
763.3478 	DATA 	Keypress: lctrl
763.3563 	EXP 	Sound  started
764.0518 	DATA 	Keypress: rctrl
764.1063 	EXP 	Sound  started
764.7878 	DATA 	Keypress: lctrl
764.8564 	EXP 	Sound  started
765.6064 	EXP 	Sound  started
765.6518 	DATA 	Keypress: rctrl
766.3398 	DATA 	Keypress: lctrl
766.3564 	EXP 	Sound  started
767.0758 	DATA 	Keypress: rctrl
767.1064 	EXP 	Sound  started
767.8278 	DATA 	Keypress: lctrl
767.8564 	EXP 	Sound  started
768.5160 	DATA 	Keypress: rctrl
768.6064 	EXP 	Sound  started
769.3478 	DATA 	Keypress: lctrl
769.3564 	EXP 	Sound  started
770.0518 	DATA 	Keypress: rctrl
770.1064 	EXP 	Sound  started
770.8519 	DATA 	Keypress: lctrl
770.8565 	EXP 	Sound  started
771.6038 	DATA 	Keypress: rctrl
771.6065 	EXP 	Sound  started
772.3565 	EXP 	Sound  started
772.3718 	DATA 	Keypress: lctrl
772.9639 	DATA 	Keypress: rctrl
773.1065 	EXP 	Sound  started
773.8438 	DATA 	Keypress: lctrl
773.8565 	EXP 	Sound  started
774.5799 	DATA 	Keypress: rctrl
774.6065 	EXP 	Sound  started
775.3566 	EXP 	Sound  started
775.3799 	DATA 	Keypress: lctrl
776.1066 	EXP 	Sound  started
776.1318 	DATA 	Keypress: rctrl
776.8566 	EXP 	Sound  started
776.9158 	DATA 	Keypress: lctrl
777.6038 	DATA 	Keypress: rctrl
777.6066 	EXP 	Sound  started
778.3238 	DATA 	Keypress: lctrl
778.3566 	EXP 	Sound  started
779.0758 	DATA 	Keypress: rctrl
779.1067 	EXP 	Sound  started
779.8567 	EXP 	Sound  started
779.8598 	DATA 	Keypress: lctrl
780.5798 	DATA 	Keypress: rctrl
780.6067 	EXP 	Sound  started
781.3158 	DATA 	Keypress: lctrl
781.3567 	EXP 	Sound  started
782.1067 	EXP 	Sound  started
782.1158 	DATA 	Keypress: rctrl
782.8200 	DATA 	Keypress: lctrl
782.8567 	EXP 	Sound  started
783.6067 	EXP 	Sound  started
783.6199 	DATA 	Keypress: rctrl
784.3557 	DATA 	Keypress: lctrl
784.3567 	EXP 	Sound  started
785.1068 	EXP 	Sound  started
785.1718 	DATA 	Keypress: rctrl
785.8568 	EXP 	Sound  started
785.8598 	DATA 	Keypress: lctrl
786.5798 	DATA 	Keypress: rctrl
786.6068 	EXP 	Sound  started
787.2998 	DATA 	Keypress: lctrl
787.3568 	EXP 	Sound  started
788.1068 	EXP 	Sound  started
788.1640 	DATA 	Keypress: rctrl
788.8568 	EXP 	Sound  started
788.8838 	DATA 	Keypress: lctrl
789.5718 	DATA 	Keypress: rctrl
789.6069 	EXP 	Sound  started
790.3238 	DATA 	Keypress: lctrl
790.3569 	EXP 	Sound  started
791.1069 	EXP 	Sound  started
791.1078 	DATA 	Keypress: rctrl
791.8278 	DATA 	Keypress: lctrl
791.8569 	EXP 	Sound  started
792.6069 	EXP 	Sound  started
792.6438 	DATA 	Keypress: rctrl
793.2999 	DATA 	Keypress: lctrl
793.3569 	EXP 	Sound  started
794.0678 	DATA 	Keypress: rctrl
794.1070 	EXP 	Sound  started
794.8038 	DATA 	Keypress: lctrl
794.8570 	EXP 	Sound  started
795.5398 	DATA 	Keypress: rctrl
795.6070 	EXP 	Sound  started
796.2919 	DATA 	Keypress: lctrl
796.3570 	EXP 	Sound  started
797.0278 	DATA 	Keypress: rctrl
797.1070 	EXP 	Sound  started
797.7480 	DATA 	Keypress: lctrl
797.8570 	EXP 	Sound  started
798.5318 	DATA 	Keypress: rctrl
798.6070 	EXP 	Sound  started
799.2678 	DATA 	Keypress: lctrl
801.4805 	DATA 	Keypress: 1
801.5086 	EXP 	unnamed ShapeStim: vertices = <class 'numpy.ndarray'>
806.1497 	DATA 	Keypress: 3
806.1791 	EXP 	unnamed ShapeStim: vertices = <class 'numpy.ndarray'>
811.1334 	DATA 	Keypress: 2
811.1499 	EXP 	unnamed ShapeStim: vertices = <class 'numpy.ndarray'>
813.4338 	EXP 	Sound  started
813.4340 	DATA 	Keypress: rctrl
814.1159 	DATA 	Keypress: lctrl
814.1837 	EXP 	Sound  started
814.8678 	DATA 	Keypress: rctrl
814.9338 	EXP 	Sound  started
815.6198 	DATA 	Keypress: lctrl
815.6838 	EXP 	Sound  started
816.3718 	DATA 	Keypress: rctrl
816.4338 	EXP 	Sound  started
817.1398 	DATA 	Keypress: lctrl
817.1838 	EXP 	Sound  started
817.8758 	DATA 	Keypress: rctrl
817.9338 	EXP 	Sound  started
818.6598 	DATA 	Keypress: lctrl
818.6838 	EXP 	Sound  started
819.3798 	DATA 	Keypress: rctrl
819.4339 	EXP 	Sound  started
820.1318 	DATA 	Keypress: lctrl
820.1839 	EXP 	Sound  started
820.8519 	DATA 	Keypress: rctrl
820.9339 	EXP 	Sound  started
821.5718 	DATA 	Keypress: lctrl
821.6839 	EXP 	Sound  started
822.3398 	DATA 	Keypress: rctrl
822.4339 	EXP 	Sound  started
823.0758 	DATA 	Keypress: lctrl
823.1839 	EXP 	Sound  started
823.7958 	DATA 	Keypress: rctrl
823.9340 	EXP 	Sound  started
824.6278 	DATA 	Keypress: lctrl
824.6840 	EXP 	Sound  started
825.3798 	DATA 	Keypress: rctrl
825.4340 	EXP 	Sound  started
826.0678 	DATA 	Keypress: lctrl
826.1840 	EXP 	Sound  started
826.8199 	DATA 	Keypress: rctrl
826.9340 	EXP 	Sound  started
827.6039 	DATA 	Keypress: lctrl
827.6840 	EXP 	Sound  started
828.3238 	DATA 	Keypress: rctrl
828.4340 	EXP 	Sound  started
829.1078 	DATA 	Keypress: lctrl
829.1841 	EXP 	Sound  started
829.8118 	DATA 	Keypress: rctrl
829.9341 	EXP 	Sound  started
830.5798 	DATA 	Keypress: lctrl
830.6841 	EXP 	Sound  started
831.3479 	DATA 	Keypress: rctrl
831.4341 	EXP 	Sound  started
832.1478 	DATA 	Keypress: lctrl
832.1841 	EXP 	Sound  started
832.9318 	DATA 	Keypress: rctrl
832.9341 	EXP 	Sound  started
833.6518 	DATA 	Keypress: lctrl
833.6841 	EXP 	Sound  started
834.4198 	DATA 	Keypress: rctrl
834.4341 	EXP 	Sound  started
835.1558 	DATA 	Keypress: lctrl
835.1842 	EXP 	Sound  started
835.9079 	DATA 	Keypress: rctrl
835.9342 	EXP 	Sound  started
836.6438 	DATA 	Keypress: lctrl
836.6842 	EXP 	Sound  started
837.3958 	DATA 	Keypress: rctrl
837.4342 	EXP 	Sound  started
838.1479 	DATA 	Keypress: lctrl
838.1842 	EXP 	Sound  started
838.9342 	EXP 	Sound  started
838.9798 	DATA 	Keypress: rctrl
839.6679 	DATA 	Keypress: lctrl
839.6843 	EXP 	Sound  started
840.4198 	DATA 	Keypress: rctrl
840.4343 	EXP 	Sound  started
841.1718 	DATA 	Keypress: lctrl
841.1843 	EXP 	Sound  started
841.8919 	DATA 	Keypress: rctrl
841.9343 	EXP 	Sound  started
842.6843 	EXP 	Sound  started
842.6918 	DATA 	Keypress: lctrl
843.3959 	DATA 	Keypress: rctrl
843.4343 	EXP 	Sound  started
844.1843 	EXP 	Sound  started
844.1958 	DATA 	Keypress: lctrl
844.8998 	DATA 	Keypress: rctrl
844.9344 	EXP 	Sound  started
845.6844 	EXP 	Sound  started
845.6998 	DATA 	Keypress: lctrl
846.4344 	EXP 	Sound  started
846.4518 	DATA 	Keypress: rctrl
847.1558 	DATA 	Keypress: lctrl
847.1844 	EXP 	Sound  started
847.9078 	DATA 	Keypress: rctrl
847.9344 	EXP 	Sound  started
848.6438 	DATA 	Keypress: lctrl
848.6844 	EXP 	Sound  started
849.4345 	EXP 	Sound  started
849.4438 	DATA 	Keypress: rctrl
850.1478 	DATA 	Keypress: lctrl
850.1845 	EXP 	Sound  started
850.8998 	DATA 	Keypress: rctrl
850.9345 	EXP 	Sound  started
851.6358 	DATA 	Keypress: lctrl
851.6845 	EXP 	Sound  started
852.4038 	DATA 	Keypress: rctrl
852.4345 	EXP 	Sound  started
853.1845 	EXP 	Sound  started
853.2038 	DATA 	Keypress: lctrl
853.8918 	DATA 	Keypress: rctrl
853.9345 	EXP 	Sound  started
854.6758 	DATA 	Keypress: lctrl
854.6846 	EXP 	Sound  started
855.4346 	EXP 	Sound  started
855.4438 	DATA 	Keypress: rctrl
856.1846 	EXP 	Sound  started
856.1958 	DATA 	Keypress: lctrl
856.9346 	EXP 	Sound  started
856.9798 	DATA 	Keypress: rctrl
857.6678 	DATA 	Keypress: lctrl
857.6846 	EXP 	Sound  started
858.4346 	EXP 	Sound  started
858.4838 	DATA 	Keypress: rctrl
859.1558 	DATA 	Keypress: lctrl
859.1847 	EXP 	Sound  started
859.9347 	EXP 	Sound  started
859.9558 	DATA 	Keypress: rctrl
860.6758 	DATA 	Keypress: lctrl
860.6847 	EXP 	Sound  started
861.4347 	EXP 	Sound  started
861.5079 	DATA 	Keypress: rctrl
862.1847 	EXP 	Sound  started
862.2118 	DATA 	Keypress: lctrl
862.9318 	DATA 	Keypress: rctrl
862.9347 	EXP 	Sound  started
863.6518 	DATA 	Keypress: lctrl
863.6847 	EXP 	Sound  started
864.4038 	DATA 	Keypress: rctrl
864.4348 	EXP 	Sound  started
865.1398 	DATA 	Keypress: lctrl
865.1848 	EXP 	Sound  started
865.9348 	EXP 	Sound  started
865.9398 	DATA 	Keypress: rctrl
866.6598 	DATA 	Keypress: lctrl
869.0308 	DATA 	Keypress: 2
869.0473 	EXP 	unnamed ShapeStim: vertices = <class 'numpy.ndarray'>
874.0553 	DATA 	Keypress: 4
874.0848 	EXP 	unnamed ShapeStim: vertices = <class 'numpy.ndarray'>
877.4044 	DATA 	Keypress: 3
877.4208 	EXP 	unnamed ShapeStim: vertices = <class 'numpy.ndarray'>
879.7059 	EXP 	Sound  started
879.9398 	DATA 	Keypress: rctrl
880.4559 	EXP 	Sound  started
880.4838 	DATA 	Keypress: lctrl
881.1878 	DATA 	Keypress: rctrl
881.2059 	EXP 	Sound  started
881.9238 	DATA 	Keypress: lctrl
881.9559 	EXP 	Sound  started
882.6918 	DATA 	Keypress: rctrl
882.7059 	EXP 	Sound  started
883.4560 	EXP 	Sound  started
883.4598 	DATA 	Keypress: lctrl
884.1478 	DATA 	Keypress: rctrl
884.2060 	EXP 	Sound  started
884.8998 	DATA 	Keypress: lctrl
884.9560 	EXP 	Sound  started
885.6838 	DATA 	Keypress: rctrl
885.7060 	EXP 	Sound  started
886.4560 	EXP 	Sound  started
886.4838 	DATA 	Keypress: rctrl
887.2060 	EXP 	Sound  started
887.2358 	DATA 	Keypress: lctrl
887.9398 	DATA 	Keypress: rctrl
887.9560 	EXP 	Sound  started
888.7061 	EXP 	Sound  started
888.7558 	DATA 	Keypress: lctrl
889.4438 	DATA 	Keypress: rctrl
889.4561 	EXP 	Sound  started
890.2061 	EXP 	Sound  started
890.2438 	DATA 	Keypress: lctrl
890.8838 	DATA 	Keypress: rctrl
890.9561 	EXP 	Sound  started
891.6678 	DATA 	Keypress: lctrl
891.7061 	EXP 	Sound  started
892.4358 	DATA 	Keypress: rctrl
892.4561 	EXP 	Sound  started
893.2062 	EXP 	Sound  started
893.2198 	DATA 	Keypress: lctrl
893.9238 	DATA 	Keypress: rctrl
893.9562 	EXP 	Sound  started
894.6599 	DATA 	Keypress: lctrl
894.7062 	EXP 	Sound  started
895.4562 	EXP 	Sound  started
895.4598 	DATA 	Keypress: lctrl
896.1638 	DATA 	Keypress: rctrl
896.2062 	EXP 	Sound  started
896.9157 	DATA 	Keypress: lctrl
896.9562 	EXP 	Sound  started
897.7062 	EXP 	Sound  started
897.7478 	DATA 	Keypress: rctrl
898.3878 	DATA 	Keypress: rctrl
898.4562 	EXP 	Sound  started
899.1398 	DATA 	Keypress: lctrl
899.2063 	EXP 	Sound  started
899.9078 	DATA 	Keypress: rctrl
899.9563 	EXP 	Sound  started
900.5798 	DATA 	Keypress: lctrl
900.7063 	EXP 	Sound  started
901.3958 	DATA 	Keypress: rctrl
901.4563 	EXP 	Sound  started
902.0838 	DATA 	Keypress: lctrl
902.2063 	EXP 	Sound  started
902.8198 	DATA 	Keypress: rctrl
902.9563 	EXP 	Sound  started
903.6998 	DATA 	Keypress: rctrl
903.7063 	EXP 	Sound  started
904.4357 	DATA 	Keypress: rctrl
904.4564 	EXP 	Sound  started
905.1078 	DATA 	Keypress: lctrl
905.2064 	EXP 	Sound  started
905.8757 	DATA 	Keypress: rctrl
905.9564 	EXP 	Sound  started
906.6438 	DATA 	Keypress: lctrl
906.7064 	EXP 	Sound  started
907.3798 	DATA 	Keypress: rctrl
907.4564 	EXP 	Sound  started
908.1318 	DATA 	Keypress: lctrl
908.2064 	EXP 	Sound  started
908.9158 	DATA 	Keypress: rctrl
908.9564 	EXP 	Sound  started
909.6518 	DATA 	Keypress: lctrl
909.7065 	EXP 	Sound  started
910.4358 	DATA 	Keypress: rctrl
910.4565 	EXP 	Sound  started
911.1238 	DATA 	Keypress: lctrl
911.2065 	EXP 	Sound  started
911.8758 	DATA 	Keypress: rctrl
911.9565 	EXP 	Sound  started
912.6118 	DATA 	Keypress: rctrl
912.7065 	EXP 	Sound  started
913.3318 	DATA 	Keypress: rctrl
913.4565 	EXP 	Sound  started
914.0518 	DATA 	Keypress: lctrl
914.2066 	EXP 	Sound  started
914.8518 	DATA 	Keypress: rctrl
914.9566 	EXP 	Sound  started
915.6038 	DATA 	Keypress: rctrl
915.7066 	EXP 	Sound  started
916.4197 	DATA 	Keypress: lctrl
916.4566 	EXP 	Sound  started
917.1238 	DATA 	Keypress: rctrl
917.2066 	EXP 	Sound  started
917.9398 	DATA 	Keypress: rctrl
917.9566 	EXP 	Sound  started
918.6918 	DATA 	Keypress: rctrl
918.7066 	EXP 	Sound  started
919.4278 	DATA 	Keypress: rctrl
919.4567 	EXP 	Sound  started
920.1318 	DATA 	Keypress: lctrl
920.2067 	EXP 	Sound  started
920.9318 	DATA 	Keypress: rctrl
920.9567 	EXP 	Sound  started
921.6998 	DATA 	Keypress: lctrl
921.7067 	EXP 	Sound  started
922.4518 	DATA 	Keypress: rctrl
922.4567 	EXP 	Sound  started
923.2067 	EXP 	Sound  started
923.2198 	DATA 	Keypress: lctrl
923.9238 	DATA 	Keypress: rctrl
923.9567 	EXP 	Sound  started
924.6918 	DATA 	Keypress: lctrl
924.7068 	EXP 	Sound  started
925.4568 	EXP 	Sound  started
925.4758 	DATA 	Keypress: rctrl
926.2068 	EXP 	Sound  started
926.2118 	DATA 	Keypress: lctrl
926.9318 	DATA 	Keypress: rctrl
926.9568 	EXP 	Sound  started
927.6358 	DATA 	Keypress: lctrl
927.7068 	EXP 	Sound  started
928.4518 	DATA 	Keypress: rctrl
928.4568 	EXP 	Sound  started
929.1878 	DATA 	Keypress: lctrl
929.2069 	EXP 	Sound  started
929.9397 	DATA 	Keypress: rctrl
929.9569 	EXP 	Sound  started
930.6758 	DATA 	Keypress: lctrl
930.7069 	EXP 	Sound  started
931.4569 	EXP 	Sound  started
931.4758 	DATA 	Keypress: rctrl
932.1478 	DATA 	Keypress: lctrl
932.2069 	EXP 	Sound  started
932.9318 	DATA 	Keypress: rctrl
932.9569 	EXP 	Sound  started
933.7070 	EXP 	Sound  started
933.7157 	DATA 	Keypress: lctrl
934.4358 	DATA 	Keypress: rctrl
934.4570 	EXP 	Sound  started
935.2070 	EXP 	Sound  started
935.2198 	DATA 	Keypress: lctrl
935.9240 	DATA 	Keypress: rctrl
935.9570 	EXP 	Sound  started
936.7070 	EXP 	Sound  started
936.7078 	DATA 	Keypress: lctrl
937.4278 	DATA 	Keypress: rctrl
937.4570 	EXP 	Sound  started
938.1958 	DATA 	Keypress: lctrl
938.2070 	EXP 	Sound  started
938.9318 	DATA 	Keypress: rctrl
941.1565 	DATA 	Keypress: 2
941.1731 	EXP 	unnamed ShapeStim: vertices = <class 'numpy.ndarray'>
944.7094 	DATA 	Keypress: 3
944.7260 	EXP 	unnamed ShapeStim: vertices = <class 'numpy.ndarray'>
947.3663 	DATA 	Keypress: 2
947.3953 	EXP 	unnamed ShapeStim: vertices = <class 'numpy.ndarray'>
1078.5958 	DATA 	Keypress: return
1078.6596 	EXP 	window1: mouseVisible = True
