12.5615 	WARNING 	User requested fullscreen with size [1024  768], but screen is actually [1920, 1200]. Using actual size
13.4232 	EXP 	Created window1 = Window(allowGUI=False, allowStencil=False, autoLog=True, backendConf=UNKNOWN, bitsMode=UNKNOWN, blendMode='avg', bpc=(8, 8, 8), color=array([0, 0, 0]), colorSpace='rgb', depthBits=8, fullscr=<method-wrapper '__getattribute__' of attributeSetter object at 0x000001769F8A7780>, gamma=None, gammaErrorPolicy='raise', lms=UNKNOWN, monitor=<psychopy.monitors.calibTools.Monitor object at 0x00000176A0FE4080>, multiSample=False, name='window1', numSamples=2, pos=[0.0, 0.0], screen=0, size=array([1920, 1200]), stencilBits=0, stereo=False, units='norm', useFBO=True, useRetina=False, viewOri=0.0, viewPos=None, viewScale=None, waitBlanking=True, winType='pyglet')
13.4236 	EXP 	window1: mouseVisible = True
13.4236 	EXP 	window1: mouseVisible = False
13.4237 	EXP 	window1: recordFrameIntervals = False
13.5897 	EXP 	window1: recordFrameIntervals = True
13.7733 	EXP 	window1: recordFrameIntervals = False
13.8296 	EXP 	Created text = TextStim(__class__=<class 'psychopy.visual.text.TextStim'>, alignHoriz=method-wrapper(...), alignText='center', alignVert=method-wrapper(...), anchorHoriz='center', anchorVert='center', antialias=True, autoLog=True, bold=False, color=array([1., 1., 1.]), colorSpace='rgb', contrast=1.0, depth=0.0, flipHoriz=False, flipVert=False, font='Arial', fontFiles=[], height=0.15, italic=False, languageStyle='LTR', name='text', opacity=1, ori=0, pos=array([0., 0.]), rgb=UNKNOWN, text='+', units='norm', win=Window(...), wrapWidth=1)
13.8501 	EXP 	Created text = TextStim(__class__=<class 'psychopy.visual.text.TextStim'>, alignHoriz=method-wrapper(...), alignText='center', alignVert=method-wrapper(...), anchorHoriz='center', anchorVert='center', antialias=True, autoLog=True, bold=False, color=array([1., 1., 1.]), colorSpace='rgb', contrast=1.0, depth=0.0, flipHoriz=False, flipVert=False, font='Arial', fontFiles=[], height=0.07, italic=False, languageStyle='LTR', name='text', opacity=1, ori=0, pos=array([0., 0.]), rgb=UNKNOWN, text=str(...), units='norm', win=Window(...), wrapWidth=1.65)
13.8624 	EXP 	Created text = TextStim(__class__=<class 'psychopy.visual.text.TextStim'>, alignHoriz=method-wrapper(...), alignText='center', alignVert=method-wrapper(...), anchorHoriz='center', anchorVert='center', antialias=True, autoLog=True, bold=False, color=array([1., 1., 1.]), colorSpace='rgb', contrast=1.0, depth=0.0, flipHoriz=False, flipVert=False, font='Arial', fontFiles=[], height=0.07, italic=False, languageStyle='LTR', name='text', opacity=1, ori=0, pos=array([0., 0.]), rgb=UNKNOWN, text=str(...), units='norm', win=Window(...), wrapWidth=1.65)
13.8724 	EXP 	Created text = TextStim(__class__=<class 'psychopy.visual.text.TextStim'>, alignHoriz=method-wrapper(...), alignText='center', alignVert=method-wrapper(...), anchorHoriz='center', anchorVert='center', antialias=True, autoLog=True, bold=False, color=array([1., 1., 1.]), colorSpace='rgb', contrast=1.0, depth=0.0, flipHoriz=False, flipVert=False, font='Arial', fontFiles=[], height=0.07, italic=False, languageStyle='LTR', name='text', opacity=1, ori=0, pos=array([0., 0.]), rgb=UNKNOWN, text=str(...), units='norm', win=Window(...), wrapWidth=1.65)
13.8831 	EXP 	Created text = TextStim(__class__=<class 'psychopy.visual.text.TextStim'>, alignHoriz=method-wrapper(...), alignText='center', alignVert=method-wrapper(...), anchorHoriz='center', anchorVert='center', antialias=True, autoLog=True, bold=False, color=array([1., 1., 1.]), colorSpace='rgb', contrast=1.0, depth=0.0, flipHoriz=False, flipVert=False, font='Arial', fontFiles=[], height=0.07, italic=False, languageStyle='LTR', name='text', opacity=1, ori=0, pos=array([0., 0.]), rgb=UNKNOWN, text=str(...), units='norm', win=Window(...), wrapWidth=1.65)
13.8886 	EXP 	Created text = TextStim(__class__=<class 'psychopy.visual.text.TextStim'>, alignHoriz=method-wrapper(...), alignText='center', alignVert=method-wrapper(...), anchorHoriz='center', anchorVert='center', antialias=True, autoLog=True, bold=False, color=array([1., 1., 1.]), colorSpace='rgb', contrast=1.0, depth=0.0, flipHoriz=False, flipVert=False, font='Arial', fontFiles=[], height=0.07, italic=False, languageStyle='LTR', name='text', opacity=1, ori=0, pos=array([0., 0.]), rgb=UNKNOWN, text=str(...), units='norm', win=Window(...), wrapWidth=1.65)
13.9049 	EXP 	Created text = TextStim(__class__=<class 'psychopy.visual.text.TextStim'>, alignHoriz=method-wrapper(...), alignText='center', alignVert=method-wrapper(...), anchorHoriz='center', anchorVert='center', antialias=True, autoLog=True, bold=False, color=array([1., 1., 1.]), colorSpace='rgb', contrast=1.0, depth=0.0, flipHoriz=False, flipVert=False, font='Arial', fontFiles=[], height=0.15, italic=False, languageStyle='LTR', name='text', opacity=1, ori=0, pos=array([0., 0.]), rgb=UNKNOWN, text=str(...), units='norm', win=Window(...), wrapWidth=1.65)
13.9336 	EXP 	Created text = TextStim(__class__=<class 'psychopy.visual.text.TextStim'>, alignHoriz=method-wrapper(...), alignText='center', alignVert=method-wrapper(...), anchorHoriz='center', anchorVert='center', antialias=True, autoLog=True, bold=False, color=array([1., 1., 1.]), colorSpace='rgb', contrast=1.0, depth=0.0, flipHoriz=False, flipVert=False, font='Arial', fontFiles=[], height=0.07, italic=False, languageStyle='LTR', name='text', opacity=1, ori=0, pos=array([0., 0.]), rgb=UNKNOWN, text=str(...), units='norm', win=Window(...), wrapWidth=1.65)
13.9519 	EXP 	Created text = TextStim(__class__=<class 'psychopy.visual.text.TextStim'>, alignHoriz=method-wrapper(...), alignText='center', alignVert=method-wrapper(...), anchorHoriz='center', anchorVert='center', antialias=True, autoLog=True, bold=False, color=array([1., 1., 1.]), colorSpace='rgb', contrast=1.0, depth=0.0, flipHoriz=False, flipVert=False, font='Arial', fontFiles=[], height=0.07, italic=False, languageStyle='LTR', name='text', opacity=1, ori=0, pos=array([0., 0.]), rgb=UNKNOWN, text=str(...), units='norm', win=Window(...), wrapWidth=1.65)
13.9827 	EXP 	Created text = TextStim(__class__=<class 'psychopy.visual.text.TextStim'>, alignHoriz=method-wrapper(...), alignText='center', alignVert=method-wrapper(...), anchorHoriz='center', anchorVert='center', antialias=True, autoLog=True, bold=False, color=array([1., 1., 1.]), colorSpace='rgb', contrast=1.0, depth=0.0, flipHoriz=False, flipVert=False, font='Arial', fontFiles=[], height=0.07, italic=False, languageStyle='LTR', name='text', opacity=1, ori=0, pos=array([0., 0.]), rgb=UNKNOWN, text=str(...), units='norm', win=Window(...), wrapWidth=1.65)
14.0127 	EXP 	Created text = TextStim(__class__=<class 'psychopy.visual.text.TextStim'>, alignHoriz=method-wrapper(...), alignText='center', alignVert=method-wrapper(...), anchorHoriz='center', anchorVert='center', antialias=True, autoLog=True, bold=False, color=array([1., 1., 1.]), colorSpace='rgb', contrast=1.0, depth=0.0, flipHoriz=False, flipVert=False, font='Arial', fontFiles=[], height=0.07, italic=False, languageStyle='LTR', name='text', opacity=1, ori=0, pos=array([0., 0.]), rgb=UNKNOWN, text=str(...), units='norm', win=Window(...), wrapWidth=1.65)
14.0473 	EXP 	Created text = TextStim(__class__=<class 'psychopy.visual.text.TextStim'>, alignHoriz=method-wrapper(...), alignText='center', alignVert=method-wrapper(...), anchorHoriz='center', anchorVert='center', antialias=True, autoLog=True, bold=False, color=array([1., 1., 1.]), colorSpace='rgb', contrast=1.0, depth=0.0, flipHoriz=False, flipVert=False, font='Arial', fontFiles=[], height=0.07, italic=False, languageStyle='LTR', name='text', opacity=1, ori=0, pos=array([0., 0.]), rgb=UNKNOWN, text=str(...), units='norm', win=Window(...), wrapWidth=1.65)
14.0565 	EXP 	Created text = TextStim(__class__=<class 'psychopy.visual.text.TextStim'>, alignHoriz=method-wrapper(...), alignText='center', alignVert=method-wrapper(...), anchorHoriz='center', anchorVert='center', antialias=True, autoLog=True, bold=False, color=array([1., 1., 1.]), colorSpace='rgb', contrast=1.0, depth=0.0, flipHoriz=False, flipVert=False, font='Arial', fontFiles=[], height=0.07, italic=False, languageStyle='LTR', name='text', opacity=1, ori=0, pos=array([0., 0.]), rgb=UNKNOWN, text=str(...), units='norm', win=Window(...), wrapWidth=1.65)
14.0696 	EXP 	Created text = TextStim(__class__=<class 'psychopy.visual.text.TextStim'>, alignHoriz=method-wrapper(...), alignText='center', alignVert=method-wrapper(...), anchorHoriz='center', anchorVert='center', antialias=True, autoLog=True, bold=False, color=array([1., 1., 1.]), colorSpace='rgb', contrast=1.0, depth=0.0, flipHoriz=False, flipVert=False, font='Arial', fontFiles=[], height=0.07, italic=False, languageStyle='LTR', name='text', opacity=1, ori=0, pos=array([0., 0.]), rgb=UNKNOWN, text=str(...), units='norm', win=Window(...), wrapWidth=1.65)
14.0743 	EXP 	Created instru = TextStim(__class__=<class 'psychopy.visual.text.TextStim'>, alignHoriz=method-wrapper(...), alignText='center', alignVert=method-wrapper(...), anchorHoriz='center', anchorVert='center', antialias=True, autoLog=True, bold=False, color=array([1., 1., 1.]), colorSpace='rgb', contrast=1.0, depth=0.0, flipHoriz=False, flipVert=False, font='Arial', fontFiles=[], height=0.07, italic=False, languageStyle='LTR', name='instru', opacity=1, ori=0, pos=array([0. , 0.5]), rgb=UNKNOWN, text=str(...), units='norm', win=Window(...), wrapWidth=1)
14.0769 	EXP 	Created unnamed Line = Line(__class__=<class 'psychopy.visual.line.Line'>, autoDraw=False, autoLog=True, closeShape=False, color=array([1., 1., 1.]), colorSpace='rgb', contrast=None, depth=0, fillColor=array([0, 0, 0]), fillColorSpace='rgb', fillRGB=array([0, 0, 0]), interpolate=True, lineColor=array([1., 1., 1.]), lineColorSpace='rgb', lineRGB=array([1, 1, 1]), lineWidth=5, name='unnamed Line', opacity=0.5, ori=0.0, pos=array([0., 0.]), size=array([1., 1.]), units='norm', vertices=array([[-0.5,  0. ],
       [ 0.5,  0. ]]), win=Window(...), windingRule=None)
14.0789 	EXP 	Created unnamed Line = Line(__class__=<class 'psychopy.visual.line.Line'>, autoDraw=False, autoLog=True, closeShape=False, color=array([1., 1., 1.]), colorSpace='rgb', contrast=None, depth=0, fillColor=array([0, 0, 0]), fillColorSpace='rgb', fillRGB=array([0, 0, 0]), interpolate=True, lineColor=array([1., 1., 1.]), lineColorSpace='rgb', lineRGB=array([1, 1, 1]), lineWidth=3, name='unnamed Line', opacity=0.5, ori=0.0, pos=array([0., 0.]), size=array([1., 1.]), units='norm', vertices=array([[-0.5 , -0.05],
       [-0.5 ,  0.05]]), win=Window(...), windingRule=None)
14.0809 	EXP 	Created unnamed Line = Line(__class__=<class 'psychopy.visual.line.Line'>, autoDraw=False, autoLog=True, closeShape=False, color=array([1., 1., 1.]), colorSpace='rgb', contrast=None, depth=0, fillColor=array([0, 0, 0]), fillColorSpace='rgb', fillRGB=array([0, 0, 0]), interpolate=True, lineColor=array([1., 1., 1.]), lineColorSpace='rgb', lineRGB=array([1, 1, 1]), lineWidth=3, name='unnamed Line', opacity=0.5, ori=0.0, pos=array([0., 0.]), size=array([1., 1.]), units='norm', vertices=ndarray(...), win=Window(...), windingRule=None)
14.0829 	EXP 	Created unnamed Line = Line(__class__=<class 'psychopy.visual.line.Line'>, autoDraw=False, autoLog=True, closeShape=False, color=array([1., 1., 1.]), colorSpace='rgb', contrast=None, depth=0, fillColor=array([0, 0, 0]), fillColorSpace='rgb', fillRGB=array([0, 0, 0]), interpolate=True, lineColor=array([1., 1., 1.]), lineColorSpace='rgb', lineRGB=array([1, 1, 1]), lineWidth=3, name='unnamed Line', opacity=0.5, ori=0.0, pos=array([0., 0.]), size=array([1., 1.]), units='norm', vertices=ndarray(...), win=Window(...), windingRule=None)
14.0849 	EXP 	Created unnamed Line = Line(__class__=<class 'psychopy.visual.line.Line'>, autoDraw=False, autoLog=True, closeShape=False, color=array([1., 1., 1.]), colorSpace='rgb', contrast=None, depth=0, fillColor=array([0, 0, 0]), fillColorSpace='rgb', fillRGB=array([0, 0, 0]), interpolate=True, lineColor=array([1., 1., 1.]), lineColorSpace='rgb', lineRGB=array([1, 1, 1]), lineWidth=3, name='unnamed Line', opacity=0.5, ori=0.0, pos=array([0., 0.]), size=array([1., 1.]), units='norm', vertices=array([[ 0.5 , -0.05],
       [ 0.5 ,  0.05]]), win=Window(...), windingRule=None)
14.0964 	EXP 	Created unnamed TextStim = TextStim(__class__=<class 'psychopy.visual.text.TextStim'>, alignHoriz=method-wrapper(...), alignText='center', alignVert=method-wrapper(...), anchorHoriz='center', anchorVert='center', antialias=True, autoLog=True, bold=False, color=array([1., 1., 1.]), colorSpace='rgb', contrast=1.0, depth=0, flipHoriz=False, flipVert=False, font='', fontFiles=[], height=0.05, italic=False, languageStyle='LTR', name='unnamed TextStim', opacity=1.0, ori=0.0, pos=array([-0.5, -0.1]), rgb=UNKNOWN, text='Clearly \n NOT FOCUSED', units='norm', win=Window(...), wrapWidth=1)
14.0975 	EXP 	Created unnamed TextStim = TextStim(__class__=<class 'psychopy.visual.text.TextStim'>, alignHoriz=method-wrapper(...), alignText='center', alignVert=method-wrapper(...), anchorHoriz='center', anchorVert='center', antialias=True, autoLog=True, bold=False, color=array([1., 1., 1.]), colorSpace='rgb', contrast=1.0, depth=0, flipHoriz=False, flipVert=False, font='', fontFiles=[], height=0.05, italic=False, languageStyle='LTR', name='unnamed TextStim', opacity=1.0, ori=0.0, pos=array([-0.16666667, -0.1       ]), rgb=UNKNOWN, text='', units='norm', win=Window(...), wrapWidth=1)
14.0985 	EXP 	Created unnamed TextStim = TextStim(__class__=<class 'psychopy.visual.text.TextStim'>, alignHoriz=method-wrapper(...), alignText='center', alignVert=method-wrapper(...), anchorHoriz='center', anchorVert='center', antialias=True, autoLog=True, bold=False, color=array([1., 1., 1.]), colorSpace='rgb', contrast=1.0, depth=0, flipHoriz=False, flipVert=False, font='', fontFiles=[], height=0.05, italic=False, languageStyle='LTR', name='unnamed TextStim', opacity=1.0, ori=0.0, pos=array([ 0.16666667, -0.1       ]), rgb=UNKNOWN, text='', units='norm', win=Window(...), wrapWidth=1)
14.1018 	EXP 	Created unnamed TextStim = TextStim(__class__=<class 'psychopy.visual.text.TextStim'>, alignHoriz=method-wrapper(...), alignText='center', alignVert=method-wrapper(...), anchorHoriz='center', anchorVert='center', antialias=True, autoLog=True, bold=False, color=array([1., 1., 1.]), colorSpace='rgb', contrast=1.0, depth=0, flipHoriz=False, flipVert=False, font='', fontFiles=[], height=0.05, italic=False, languageStyle='LTR', name='unnamed TextStim', opacity=1.0, ori=0.0, pos=array([ 0.5, -0.1]), rgb=UNKNOWN, text='Clearly \n FOCUSED', units='norm', win=Window(...), wrapWidth=1)
14.1038 	EXP 	Created unnamed ShapeStim = ShapeStim(__class__=<class 'psychopy.visual.shape.ShapeStim'>, autoDraw=False, autoLog=True, closeShape=True, color=method-wrapper(...), colorSpace='rgb', contrast=None, depth=0, fillColor=array([1, 1, 1]), fillColorSpace='rgb', fillRGB=array([1, 1, 1]), interpolate=True, lineColor=array([-1., -1., -1.]), lineColorSpace='rgb', lineRGB=array([-1, -1, -1]), lineWidth=1.5, name='unnamed ShapeStim', opacity=1.0, ori=0.0, pos=array([0., 0.]), size=array([1., 1.]), units='norm', vertices=ndarray(...), win=Window(...), windingRule=None)
14.1126 	EXP 	Created instru = TextStim(__class__=<class 'psychopy.visual.text.TextStim'>, alignHoriz=method-wrapper(...), alignText='center', alignVert=method-wrapper(...), anchorHoriz='center', anchorVert='center', antialias=True, autoLog=True, bold=False, color=array([1., 1., 1.]), colorSpace='rgb', contrast=1.0, depth=0.0, flipHoriz=False, flipVert=False, font='Arial', fontFiles=[], height=0.07, italic=False, languageStyle='LTR', name='instru', opacity=1, ori=0, pos=array([0. , 0.5]), rgb=UNKNOWN, text=str(...), units='norm', win=Window(...), wrapWidth=1)
14.1146 	EXP 	Created unnamed Line = Line(__class__=<class 'psychopy.visual.line.Line'>, autoDraw=False, autoLog=True, closeShape=False, color=array([1., 1., 1.]), colorSpace='rgb', contrast=None, depth=0, fillColor=array([0, 0, 0]), fillColorSpace='rgb', fillRGB=array([0, 0, 0]), interpolate=True, lineColor=array([1., 1., 1.]), lineColorSpace='rgb', lineRGB=array([1, 1, 1]), lineWidth=5, name='unnamed Line', opacity=0.5, ori=0.0, pos=array([0., 0.]), size=array([1., 1.]), units='norm', vertices=array([[-0.5,  0. ],
       [ 0.5,  0. ]]), win=Window(...), windingRule=None)
14.1167 	EXP 	Created unnamed Line = Line(__class__=<class 'psychopy.visual.line.Line'>, autoDraw=False, autoLog=True, closeShape=False, color=array([1., 1., 1.]), colorSpace='rgb', contrast=None, depth=0, fillColor=array([0, 0, 0]), fillColorSpace='rgb', fillRGB=array([0, 0, 0]), interpolate=True, lineColor=array([1., 1., 1.]), lineColorSpace='rgb', lineRGB=array([1, 1, 1]), lineWidth=3, name='unnamed Line', opacity=0.5, ori=0.0, pos=array([0., 0.]), size=array([1., 1.]), units='norm', vertices=array([[-0.5 , -0.05],
       [-0.5 ,  0.05]]), win=Window(...), windingRule=None)
14.1188 	EXP 	Created unnamed Line = Line(__class__=<class 'psychopy.visual.line.Line'>, autoDraw=False, autoLog=True, closeShape=False, color=array([1., 1., 1.]), colorSpace='rgb', contrast=None, depth=0, fillColor=array([0, 0, 0]), fillColorSpace='rgb', fillRGB=array([0, 0, 0]), interpolate=True, lineColor=array([1., 1., 1.]), lineColorSpace='rgb', lineRGB=array([1, 1, 1]), lineWidth=3, name='unnamed Line', opacity=0.5, ori=0.0, pos=array([0., 0.]), size=array([1., 1.]), units='norm', vertices=ndarray(...), win=Window(...), windingRule=None)
14.1208 	EXP 	Created unnamed Line = Line(__class__=<class 'psychopy.visual.line.Line'>, autoDraw=False, autoLog=True, closeShape=False, color=array([1., 1., 1.]), colorSpace='rgb', contrast=None, depth=0, fillColor=array([0, 0, 0]), fillColorSpace='rgb', fillRGB=array([0, 0, 0]), interpolate=True, lineColor=array([1., 1., 1.]), lineColorSpace='rgb', lineRGB=array([1, 1, 1]), lineWidth=3, name='unnamed Line', opacity=0.5, ori=0.0, pos=array([0., 0.]), size=array([1., 1.]), units='norm', vertices=ndarray(...), win=Window(...), windingRule=None)
14.1228 	EXP 	Created unnamed Line = Line(__class__=<class 'psychopy.visual.line.Line'>, autoDraw=False, autoLog=True, closeShape=False, color=array([1., 1., 1.]), colorSpace='rgb', contrast=None, depth=0, fillColor=array([0, 0, 0]), fillColorSpace='rgb', fillRGB=array([0, 0, 0]), interpolate=True, lineColor=array([1., 1., 1.]), lineColorSpace='rgb', lineRGB=array([1, 1, 1]), lineWidth=3, name='unnamed Line', opacity=0.5, ori=0.0, pos=array([0., 0.]), size=array([1., 1.]), units='norm', vertices=array([[ 0.5 , -0.05],
       [ 0.5 ,  0.05]]), win=Window(...), windingRule=None)
14.1279 	EXP 	Created unnamed TextStim = TextStim(__class__=<class 'psychopy.visual.text.TextStim'>, alignHoriz=method-wrapper(...), alignText='center', alignVert=method-wrapper(...), anchorHoriz='center', anchorVert='center', antialias=True, autoLog=True, bold=False, color=array([1., 1., 1.]), colorSpace='rgb', contrast=1.0, depth=0, flipHoriz=False, flipVert=False, font='', fontFiles=[], height=0.05, italic=False, languageStyle='LTR', name='unnamed TextStim', opacity=1.0, ori=0.0, pos=array([-0.5, -0.1]), rgb=UNKNOWN, text='Clearly \n NOTHING', units='norm', win=Window(...), wrapWidth=1)
14.1290 	EXP 	Created unnamed TextStim = TextStim(__class__=<class 'psychopy.visual.text.TextStim'>, alignHoriz=method-wrapper(...), alignText='center', alignVert=method-wrapper(...), anchorHoriz='center', anchorVert='center', antialias=True, autoLog=True, bold=False, color=array([1., 1., 1.]), colorSpace='rgb', contrast=1.0, depth=0, flipHoriz=False, flipVert=False, font='', fontFiles=[], height=0.05, italic=False, languageStyle='LTR', name='unnamed TextStim', opacity=1.0, ori=0.0, pos=array([-0.16666667, -0.1       ]), rgb=UNKNOWN, text='', units='norm', win=Window(...), wrapWidth=1)
14.1300 	EXP 	Created unnamed TextStim = TextStim(__class__=<class 'psychopy.visual.text.TextStim'>, alignHoriz=method-wrapper(...), alignText='center', alignVert=method-wrapper(...), anchorHoriz='center', anchorVert='center', antialias=True, autoLog=True, bold=False, color=array([1., 1., 1.]), colorSpace='rgb', contrast=1.0, depth=0, flipHoriz=False, flipVert=False, font='', fontFiles=[], height=0.05, italic=False, languageStyle='LTR', name='unnamed TextStim', opacity=1.0, ori=0.0, pos=array([ 0.16666667, -0.1       ]), rgb=UNKNOWN, text='', units='norm', win=Window(...), wrapWidth=1)
14.1344 	EXP 	Created unnamed TextStim = TextStim(__class__=<class 'psychopy.visual.text.TextStim'>, alignHoriz=method-wrapper(...), alignText='center', alignVert=method-wrapper(...), anchorHoriz='center', anchorVert='center', antialias=True, autoLog=True, bold=False, color=array([1., 1., 1.]), colorSpace='rgb', contrast=1.0, depth=0, flipHoriz=False, flipVert=False, font='', fontFiles=[], height=0.05, italic=False, languageStyle='LTR', name='unnamed TextStim', opacity=1.0, ori=0.0, pos=array([ 0.5, -0.1]), rgb=UNKNOWN, text='Clearly \n SOMETHING', units='norm', win=Window(...), wrapWidth=1)
14.1363 	EXP 	Created unnamed ShapeStim = ShapeStim(__class__=<class 'psychopy.visual.shape.ShapeStim'>, autoDraw=False, autoLog=True, closeShape=True, color=method-wrapper(...), colorSpace='rgb', contrast=None, depth=0, fillColor=array([1, 1, 1]), fillColorSpace='rgb', fillRGB=array([1, 1, 1]), interpolate=True, lineColor=array([-1., -1., -1.]), lineColorSpace='rgb', lineRGB=array([-1, -1, -1]), lineWidth=1.5, name='unnamed ShapeStim', opacity=1.0, ori=0.0, pos=array([0., 0.]), size=array([1., 1.]), units='norm', vertices=ndarray(...), win=Window(...), windingRule=None)
14.1435 	EXP 	Created instru = TextStim(__class__=<class 'psychopy.visual.text.TextStim'>, alignHoriz=method-wrapper(...), alignText='center', alignVert=method-wrapper(...), anchorHoriz='center', anchorVert='center', antialias=True, autoLog=True, bold=False, color=array([1., 1., 1.]), colorSpace='rgb', contrast=1.0, depth=0.0, flipHoriz=False, flipVert=False, font='Arial', fontFiles=[], height=0.07, italic=False, languageStyle='LTR', name='instru', opacity=1, ori=0, pos=array([0. , 0.5]), rgb=UNKNOWN, text=str(...), units='norm', win=Window(...), wrapWidth=1)
14.1455 	EXP 	Created unnamed Line = Line(__class__=<class 'psychopy.visual.line.Line'>, autoDraw=False, autoLog=True, closeShape=False, color=array([1., 1., 1.]), colorSpace='rgb', contrast=None, depth=0, fillColor=array([0, 0, 0]), fillColorSpace='rgb', fillRGB=array([0, 0, 0]), interpolate=True, lineColor=array([1., 1., 1.]), lineColorSpace='rgb', lineRGB=array([1, 1, 1]), lineWidth=5, name='unnamed Line', opacity=0.5, ori=0.0, pos=array([0., 0.]), size=array([1., 1.]), units='norm', vertices=array([[-0.5,  0. ],
       [ 0.5,  0. ]]), win=Window(...), windingRule=None)
14.1475 	EXP 	Created unnamed Line = Line(__class__=<class 'psychopy.visual.line.Line'>, autoDraw=False, autoLog=True, closeShape=False, color=array([1., 1., 1.]), colorSpace='rgb', contrast=None, depth=0, fillColor=array([0, 0, 0]), fillColorSpace='rgb', fillRGB=array([0, 0, 0]), interpolate=True, lineColor=array([1., 1., 1.]), lineColorSpace='rgb', lineRGB=array([1, 1, 1]), lineWidth=3, name='unnamed Line', opacity=0.5, ori=0.0, pos=array([0., 0.]), size=array([1., 1.]), units='norm', vertices=array([[-0.5 , -0.05],
       [-0.5 ,  0.05]]), win=Window(...), windingRule=None)
14.1495 	EXP 	Created unnamed Line = Line(__class__=<class 'psychopy.visual.line.Line'>, autoDraw=False, autoLog=True, closeShape=False, color=array([1., 1., 1.]), colorSpace='rgb', contrast=None, depth=0, fillColor=array([0, 0, 0]), fillColorSpace='rgb', fillRGB=array([0, 0, 0]), interpolate=True, lineColor=array([1., 1., 1.]), lineColorSpace='rgb', lineRGB=array([1, 1, 1]), lineWidth=3, name='unnamed Line', opacity=0.5, ori=0.0, pos=array([0., 0.]), size=array([1., 1.]), units='norm', vertices=ndarray(...), win=Window(...), windingRule=None)
14.1516 	EXP 	Created unnamed Line = Line(__class__=<class 'psychopy.visual.line.Line'>, autoDraw=False, autoLog=True, closeShape=False, color=array([1., 1., 1.]), colorSpace='rgb', contrast=None, depth=0, fillColor=array([0, 0, 0]), fillColorSpace='rgb', fillRGB=array([0, 0, 0]), interpolate=True, lineColor=array([1., 1., 1.]), lineColorSpace='rgb', lineRGB=array([1, 1, 1]), lineWidth=3, name='unnamed Line', opacity=0.5, ori=0.0, pos=array([0., 0.]), size=array([1., 1.]), units='norm', vertices=ndarray(...), win=Window(...), windingRule=None)
14.1536 	EXP 	Created unnamed Line = Line(__class__=<class 'psychopy.visual.line.Line'>, autoDraw=False, autoLog=True, closeShape=False, color=array([1., 1., 1.]), colorSpace='rgb', contrast=None, depth=0, fillColor=array([0, 0, 0]), fillColorSpace='rgb', fillRGB=array([0, 0, 0]), interpolate=True, lineColor=array([1., 1., 1.]), lineColorSpace='rgb', lineRGB=array([1, 1, 1]), lineWidth=3, name='unnamed Line', opacity=0.5, ori=0.0, pos=array([0., 0.]), size=array([1., 1.]), units='norm', vertices=array([[ 0.5 , -0.05],
       [ 0.5 ,  0.05]]), win=Window(...), windingRule=None)
14.1589 	EXP 	Created unnamed TextStim = TextStim(__class__=<class 'psychopy.visual.text.TextStim'>, alignHoriz=method-wrapper(...), alignText='center', alignVert=method-wrapper(...), anchorHoriz='center', anchorVert='center', antialias=True, autoLog=True, bold=False, color=array([1., 1., 1.]), colorSpace='rgb', contrast=1.0, depth=0, flipHoriz=False, flipVert=False, font='', fontFiles=[], height=0.05, italic=False, languageStyle='LTR', name='unnamed TextStim', opacity=1.0, ori=0.0, pos=array([-0.5, -0.1]), rgb=UNKNOWN, text='Clearly \n SPONTANEOUS', units='norm', win=Window(...), wrapWidth=1)
14.1600 	EXP 	Created unnamed TextStim = TextStim(__class__=<class 'psychopy.visual.text.TextStim'>, alignHoriz=method-wrapper(...), alignText='center', alignVert=method-wrapper(...), anchorHoriz='center', anchorVert='center', antialias=True, autoLog=True, bold=False, color=array([1., 1., 1.]), colorSpace='rgb', contrast=1.0, depth=0, flipHoriz=False, flipVert=False, font='', fontFiles=[], height=0.05, italic=False, languageStyle='LTR', name='unnamed TextStim', opacity=1.0, ori=0.0, pos=array([-0.16666667, -0.1       ]), rgb=UNKNOWN, text='', units='norm', win=Window(...), wrapWidth=1)
14.1610 	EXP 	Created unnamed TextStim = TextStim(__class__=<class 'psychopy.visual.text.TextStim'>, alignHoriz=method-wrapper(...), alignText='center', alignVert=method-wrapper(...), anchorHoriz='center', anchorVert='center', antialias=True, autoLog=True, bold=False, color=array([1., 1., 1.]), colorSpace='rgb', contrast=1.0, depth=0, flipHoriz=False, flipVert=False, font='', fontFiles=[], height=0.05, italic=False, languageStyle='LTR', name='unnamed TextStim', opacity=1.0, ori=0.0, pos=array([ 0.16666667, -0.1       ]), rgb=UNKNOWN, text='', units='norm', win=Window(...), wrapWidth=1)
14.1668 	EXP 	Created unnamed TextStim = TextStim(__class__=<class 'psychopy.visual.text.TextStim'>, alignHoriz=method-wrapper(...), alignText='center', alignVert=method-wrapper(...), anchorHoriz='center', anchorVert='center', antialias=True, autoLog=True, bold=False, color=array([1., 1., 1.]), colorSpace='rgb', contrast=1.0, depth=0, flipHoriz=False, flipVert=False, font='', fontFiles=[], height=0.05, italic=False, languageStyle='LTR', name='unnamed TextStim', opacity=1.0, ori=0.0, pos=array([ 0.5, -0.1]), rgb=UNKNOWN, text='Clearly \n DELIBERATE', units='norm', win=Window(...), wrapWidth=1)
14.1687 	EXP 	Created unnamed ShapeStim = ShapeStim(__class__=<class 'psychopy.visual.shape.ShapeStim'>, autoDraw=False, autoLog=True, closeShape=True, color=method-wrapper(...), colorSpace='rgb', contrast=None, depth=0, fillColor=array([1, 1, 1]), fillColorSpace='rgb', fillRGB=array([1, 1, 1]), interpolate=True, lineColor=array([-1., -1., -1.]), lineColorSpace='rgb', lineRGB=array([-1, -1, -1]), lineWidth=1.5, name='unnamed ShapeStim', opacity=1.0, ori=0.0, pos=array([0., 0.]), size=array([1., 1.]), units='norm', vertices=ndarray(...), win=Window(...), windingRule=None)
14.2181 	EXP 	Sound  set volume 1.000
14.2580 	EXP 	unnamed ShapeStim: vertices = <class 'numpy.ndarray'>
14.2580 	EXP 	unnamed ShapeStim: vertices = <class 'numpy.ndarray'>
14.2580 	EXP 	unnamed ShapeStim: vertices = <class 'numpy.ndarray'>
190.9221 	DATA 	Keypress: rctrl
191.4364 	EXP 	Sound  started
192.0260 	DATA 	Keypress: lctrl
192.1864 	EXP 	Sound  started
192.8263 	DATA 	Keypress: rctrl
192.9364 	EXP 	Sound  started
193.6100 	DATA 	Keypress: rctrl
193.6864 	EXP 	Sound  started
194.4102 	DATA 	Keypress: lctrl
194.4364 	EXP 	Sound  started
195.1864 	EXP 	Sound  started
195.1940 	DATA 	Keypress: rctrl
195.8980 	DATA 	Keypress: rctrl
195.9364 	EXP 	Sound  started
196.6340 	DATA 	Keypress: rctrl
196.6865 	EXP 	Sound  started
197.3701 	DATA 	Keypress: rctrl
197.4365 	EXP 	Sound  started
198.1381 	DATA 	Keypress: lctrl
198.1865 	EXP 	Sound  started
198.7940 	DATA 	Keypress: rctrl
198.9365 	EXP 	Sound  started
199.4980 	DATA 	Keypress: lctrl
199.6865 	EXP 	Sound  started
200.2820 	DATA 	Keypress: lctrl
200.4365 	EXP 	Sound  started
201.0021 	DATA 	Keypress: lctrl
201.1866 	EXP 	Sound  started
201.7380 	DATA 	Keypress: lctrl
201.9366 	EXP 	Sound  started
202.5060 	DATA 	Keypress: lctrl
202.6866 	EXP 	Sound  started
203.3061 	DATA 	Keypress: lctrl
203.4366 	EXP 	Sound  started
204.1220 	DATA 	Keypress: rctrl
204.1866 	EXP 	Sound  started
204.8901 	DATA 	Keypress: lctrl
204.9366 	EXP 	Sound  started
205.5940 	DATA 	Keypress: rctrl
205.6866 	EXP 	Sound  started
206.4367 	EXP 	Sound  started
207.0020 	DATA 	Keypress: rctrl
207.1867 	EXP 	Sound  started
207.6901 	DATA 	Keypress: rctrl
207.9367 	EXP 	Sound  started
208.5381 	DATA 	Keypress: lctrl
208.6867 	EXP 	Sound  started
209.3061 	DATA 	Keypress: rctrl
209.4367 	EXP 	Sound  started
210.0581 	DATA 	Keypress: rctrl
210.1867 	EXP 	Sound  started
210.8580 	DATA 	Keypress: rctrl
210.9367 	EXP 	Sound  started
211.6260 	DATA 	Keypress: lctrl
211.6868 	EXP 	Sound  started
212.3620 	DATA 	Keypress: rctrl
212.4368 	EXP 	Sound  started
213.1868 	EXP 	Sound  started
213.5940 	DATA 	Keypress: rctrl
213.9368 	EXP 	Sound  started
214.0261 	DATA 	Keypress: rctrl
214.6341 	DATA 	Keypress: lctrl
214.6868 	EXP 	Sound  started
215.2901 	DATA 	Keypress: lctrl
215.4368 	EXP 	Sound  started
216.0580 	DATA 	Keypress: lctrl
216.1869 	EXP 	Sound  started
216.9060 	DATA 	Keypress: lctrl
216.9369 	EXP 	Sound  started
217.5940 	DATA 	Keypress: rctrl
217.6869 	EXP 	Sound  started
218.2820 	DATA 	Keypress: lctrl
218.4369 	EXP 	Sound  started
218.9380 	DATA 	Keypress: rctrl
219.1869 	EXP 	Sound  started
219.6900 	DATA 	Keypress: rctrl
219.9369 	EXP 	Sound  started
220.6020 	DATA 	Keypress: lctrl
220.6870 	EXP 	Sound  started
221.4370 	EXP 	Sound  started
221.4820 	DATA 	Keypress: rctrl
222.1700 	DATA 	Keypress: lctrl
222.1870 	EXP 	Sound  started
222.8900 	DATA 	Keypress: rctrl
222.9370 	EXP 	Sound  started
223.6870 	EXP 	Sound  started
223.8501 	DATA 	Keypress: lctrl
224.4370 	EXP 	Sound  started
224.4580 	DATA 	Keypress: lctrl
225.1301 	DATA 	Keypress: lctrl
225.1871 	EXP 	Sound  started
225.7701 	DATA 	Keypress: rctrl
225.9371 	EXP 	Sound  started
226.4901 	DATA 	Keypress: rctrl
226.6871 	EXP 	Sound  started
227.2741 	DATA 	Keypress: rctrl
227.4371 	EXP 	Sound  started
228.0101 	DATA 	Keypress: rctrl
228.1871 	EXP 	Sound  started
228.8100 	DATA 	Keypress: rctrl
228.9371 	EXP 	Sound  started
229.6871 	EXP 	Sound  started
229.7220 	DATA 	Keypress: rctrl
230.4261 	DATA 	Keypress: rctrl
230.4372 	EXP 	Sound  started
231.1781 	DATA 	Keypress: lctrl
231.1872 	EXP 	Sound  started
231.8180 	DATA 	Keypress: rctrl
231.9372 	EXP 	Sound  started
232.5380 	DATA 	Keypress: lctrl
232.6872 	EXP 	Sound  started
233.3221 	DATA 	Keypress: lctrl
233.4372 	EXP 	Sound  started
234.1872 	EXP 	Sound  started
234.2820 	DATA 	Keypress: lctrl
234.8741 	DATA 	Keypress: lctrl
234.9372 	EXP 	Sound  started
235.6873 	EXP 	Sound  started
235.6900 	DATA 	Keypress: lctrl
236.3302 	DATA 	Keypress: lctrl
236.4373 	EXP 	Sound  started
237.0660 	DATA 	Keypress: lctrl
237.1873 	EXP 	Sound  started
237.8181 	DATA 	Keypress: rctrl
237.9373 	EXP 	Sound  started
238.4582 	DATA 	Keypress: lctrl
238.6873 	EXP 	Sound  started
239.2420 	DATA 	Keypress: rctrl
239.4373 	EXP 	Sound  started
240.0740 	DATA 	Keypress: rctrl
240.1873 	EXP 	Sound  started
240.7460 	DATA 	Keypress: rctrl
240.9374 	EXP 	Sound  started
241.5140 	DATA 	Keypress: rctrl
241.6874 	EXP 	Sound  started
242.4374 	EXP 	Sound  started
243.0180 	DATA 	Keypress: rctrl
243.1874 	EXP 	Sound  started
243.6580 	DATA 	Keypress: lctrl
243.9374 	EXP 	Sound  started
244.4900 	DATA 	Keypress: rctrl
244.6874 	EXP 	Sound  started
245.1140 	DATA 	Keypress: lctrl
245.4375 	EXP 	Sound  started
245.8821 	DATA 	Keypress: lctrl
246.1875 	EXP 	Sound  started
246.7460 	DATA 	Keypress: lctrl
246.9375 	EXP 	Sound  started
247.4820 	DATA 	Keypress: lctrl
247.6875 	EXP 	Sound  started
248.2820 	DATA 	Keypress: lctrl
248.4375 	EXP 	Sound  started
249.0340 	DATA 	Keypress: lctrl
249.2160 	EXP 	unnamed TextStim: text = ''
249.2160 	EXP 	unnamed TextStim: text = ''
250.5706 	DATA 	Keypress: 2
250.5999 	EXP 	unnamed ShapeStim: vertices = <class 'numpy.ndarray'>
252.1345 	EXP 	unnamed TextStim: text = ''
252.1345 	EXP 	unnamed TextStim: text = ''
252.8524 	DATA 	Keypress: 2
252.8689 	EXP 	unnamed ShapeStim: vertices = <class 'numpy.ndarray'>
254.4035 	EXP 	unnamed TextStim: text = ''
254.4035 	EXP 	unnamed TextStim: text = ''
254.4370 	DATA 	Keypress: 2
254.4536 	EXP 	unnamed ShapeStim: vertices = <class 'numpy.ndarray'>
256.7374 	EXP 	Sound  started
256.7382 	DATA 	Keypress: rctrl
257.2740 	DATA 	Keypress: lctrl
257.4873 	EXP 	Sound  started
258.0420 	DATA 	Keypress: rctrl
258.2373 	EXP 	Sound  started
258.8260 	DATA 	Keypress: rctrl
258.9873 	EXP 	Sound  started
259.5781 	DATA 	Keypress: rctrl
259.7373 	EXP 	Sound  started
260.4260 	DATA 	Keypress: lctrl
260.4873 	EXP 	Sound  started
261.2373 	EXP 	Sound  started
261.3061 	DATA 	Keypress: rctrl
261.9873 	EXP 	Sound  started
262.0420 	DATA 	Keypress: rctrl
262.7374 	EXP 	Sound  started
262.8260 	DATA 	Keypress: lctrl
263.4874 	EXP 	Sound  started
263.5940 	DATA 	Keypress: rctrl
264.2374 	EXP 	Sound  started
264.2660 	DATA 	Keypress: rctrl
264.9861 	DATA 	Keypress: rctrl
264.9874 	EXP 	Sound  started
265.7060 	DATA 	Keypress: lctrl
265.7374 	EXP 	Sound  started
266.2660 	DATA 	Keypress: rctrl
266.4874 	EXP 	Sound  started
267.0340 	DATA 	Keypress: lctrl
267.2374 	EXP 	Sound  started
267.8820 	DATA 	Keypress: lctrl
267.9875 	EXP 	Sound  started
268.7375 	EXP 	Sound  started
268.8100 	DATA 	Keypress: rctrl
269.4020 	DATA 	Keypress: lctrl
269.4875 	EXP 	Sound  started
270.0420 	DATA 	Keypress: rctrl
270.2375 	EXP 	Sound  started
270.8260 	DATA 	Keypress: rctrl
270.9875 	EXP 	Sound  started
271.5140 	DATA 	Keypress: rctrl
271.7375 	EXP 	Sound  started
272.2500 	DATA 	Keypress: rctrl
272.4876 	EXP 	Sound  started
273.0020 	DATA 	Keypress: rctrl
273.2376 	EXP 	Sound  started
273.8180 	DATA 	Keypress: rctrl
273.9876 	EXP 	Sound  started
274.5860 	DATA 	Keypress: rctrl
274.7376 	EXP 	Sound  started
275.3380 	DATA 	Keypress: lctrl
275.4876 	EXP 	Sound  started
276.2021 	DATA 	Keypress: lctrl
276.2376 	EXP 	Sound  started
276.8100 	DATA 	Keypress: rctrl
276.9877 	EXP 	Sound  started
277.5300 	DATA 	Keypress: lctrl
277.7377 	EXP 	Sound  started
278.2660 	DATA 	Keypress: rctrl
278.4877 	EXP 	Sound  started
278.9860 	DATA 	Keypress: rctrl
279.2377 	EXP 	Sound  started
279.7540 	DATA 	Keypress: rctrl
279.9877 	EXP 	Sound  started
280.6500 	DATA 	Keypress: rctrl
280.7377 	EXP 	Sound  started
281.3060 	DATA 	Keypress: rctrl
281.4878 	EXP 	Sound  started
282.0740 	DATA 	Keypress: rctrl
282.2378 	EXP 	Sound  started
282.8260 	DATA 	Keypress: rctrl
282.9878 	EXP 	Sound  started
283.5299 	DATA 	Keypress: lctrl
283.7378 	EXP 	Sound  started
284.2660 	DATA 	Keypress: rctrl
284.4878 	EXP 	Sound  started
285.0340 	DATA 	Keypress: lctrl
285.2378 	EXP 	Sound  started
285.8020 	DATA 	Keypress: lctrl
285.9879 	EXP 	Sound  started
286.5540 	DATA 	Keypress: lctrl
286.7379 	EXP 	Sound  started
287.3540 	DATA 	Keypress: lctrl
287.4879 	EXP 	Sound  started
288.1220 	DATA 	Keypress: lctrl
288.2379 	EXP 	Sound  started
288.8260 	DATA 	Keypress: rctrl
288.9879 	EXP 	Sound  started
289.4500 	DATA 	Keypress: lctrl
289.7379 	EXP 	Sound  started
290.2340 	DATA 	Keypress: rctrl
290.4880 	EXP 	Sound  started
290.9700 	DATA 	Keypress: rctrl
291.2380 	EXP 	Sound  started
291.9880 	EXP 	Sound  started
292.0421 	DATA 	Keypress: rctrl
292.6660 	DATA 	Keypress: rctrl
292.7380 	EXP 	Sound  started
293.4020 	DATA 	Keypress: rctrl
293.4880 	EXP 	Sound  started
294.1060 	DATA 	Keypress: rctrl
294.2380 	EXP 	Sound  started
294.9881 	EXP 	Sound  started
295.6100 	DATA 	Keypress: rctrl
295.7381 	EXP 	Sound  started
296.3780 	DATA 	Keypress: rctrl
296.4881 	EXP 	Sound  started
297.0820 	DATA 	Keypress: lctrl
297.2381 	EXP 	Sound  started
297.7860 	DATA 	Keypress: rctrl
297.9881 	EXP 	Sound  started
298.5380 	DATA 	Keypress: lctrl
298.7381 	EXP 	Sound  started
299.3060 	DATA 	Keypress: lctrl
299.4882 	EXP 	Sound  started
300.0420 	DATA 	Keypress: lctrl
300.2382 	EXP 	Sound  started
300.8740 	DATA 	Keypress: lctrl
300.9882 	EXP 	Sound  started
301.6420 	DATA 	Keypress: lctrl
301.7382 	EXP 	Sound  started
302.3301 	DATA 	Keypress: lctrl
302.4882 	EXP 	Sound  started
303.1140 	DATA 	Keypress: lctrl
303.2383 	EXP 	Sound  started
303.8020 	DATA 	Keypress: rctrl
303.9883 	EXP 	Sound  started
304.3779 	DATA 	Keypress: lctrl
305.6791 	DATA 	Keypress: 4
305.6955 	EXP 	unnamed ShapeStim: vertices = <class 'numpy.ndarray'>
307.2205 	DATA 	Keypress: 4
307.2634 	EXP 	unnamed ShapeStim: vertices = <class 'numpy.ndarray'>
308.7887 	DATA 	Keypress: 4
308.8314 	EXP 	unnamed ShapeStim: vertices = <class 'numpy.ndarray'>
311.1161 	EXP 	Sound  started
311.1165 	DATA 	Keypress: rctrl
311.6900 	DATA 	Keypress: lctrl
311.8661 	EXP 	Sound  started
312.4579 	DATA 	Keypress: rctrl
312.6161 	EXP 	Sound  started
313.1939 	DATA 	Keypress: rctrl
313.3661 	EXP 	Sound  started
313.9620 	DATA 	Keypress: rctrl
314.1162 	EXP 	Sound  started
314.7140 	DATA 	Keypress: rctrl
314.8662 	EXP 	Sound  started
315.4020 	DATA 	Keypress: rctrl
315.6162 	EXP 	Sound  started
316.0901 	DATA 	Keypress: lctrl
316.3662 	EXP 	Sound  started
316.8899 	DATA 	Keypress: lctrl
317.1162 	EXP 	Sound  started
317.7540 	DATA 	Keypress: lctrl
317.8662 	EXP 	Sound  started
318.4420 	DATA 	Keypress: rctrl
318.6162 	EXP 	Sound  started
319.1460 	DATA 	Keypress: rctrl
319.3663 	EXP 	Sound  started
319.9139 	DATA 	Keypress: rctrl
320.1163 	EXP 	Sound  started
320.6020 	DATA 	Keypress: lctrl
320.8663 	EXP 	Sound  started
321.5140 	DATA 	Keypress: lctrl
321.6163 	EXP 	Sound  started
322.2339 	DATA 	Keypress: lctrl
322.3663 	EXP 	Sound  started
323.0019 	DATA 	Keypress: lctrl
323.1163 	EXP 	Sound  started
323.6900 	DATA 	Keypress: rctrl
323.8663 	EXP 	Sound  started
324.3460 	DATA 	Keypress: lctrl
324.6164 	EXP 	Sound  started
325.2260 	DATA 	Keypress: rctrl
325.3664 	EXP 	Sound  started
325.9300 	DATA 	Keypress: lctrl
326.1164 	EXP 	Sound  started
326.6980 	DATA 	Keypress: lctrl
326.8664 	EXP 	Sound  started
327.4501 	DATA 	Keypress: lctrl
327.6164 	EXP 	Sound  started
328.2179 	DATA 	Keypress: rctrl
328.3664 	EXP 	Sound  started
329.0180 	DATA 	Keypress: rctrl
329.1165 	EXP 	Sound  started
329.7539 	DATA 	Keypress: rctrl
329.8665 	EXP 	Sound  started
330.4419 	DATA 	Keypress: lctrl
330.6165 	EXP 	Sound  started
331.1620 	DATA 	Keypress: lctrl
331.3665 	EXP 	Sound  started
331.9299 	DATA 	Keypress: lctrl
332.1165 	EXP 	Sound  started
332.6660 	DATA 	Keypress: lctrl
332.8665 	EXP 	Sound  started
333.4820 	DATA 	Keypress: rctrl
333.6166 	EXP 	Sound  started
334.2659 	DATA 	Keypress: rctrl
334.3666 	EXP 	Sound  started
334.9061 	DATA 	Keypress: lctrl
335.1166 	EXP 	Sound  started
335.6419 	DATA 	Keypress: rctrl
335.8666 	EXP 	Sound  started
336.4101 	DATA 	Keypress: lctrl
336.6166 	EXP 	Sound  started
337.1620 	DATA 	Keypress: rctrl
337.3666 	EXP 	Sound  started
337.9779 	DATA 	Keypress: lctrl
338.1167 	EXP 	Sound  started
338.7779 	DATA 	Keypress: lctrl
338.8667 	EXP 	Sound  started
339.4500 	DATA 	Keypress: rctrl
339.6167 	EXP 	Sound  started
340.1379 	DATA 	Keypress: rctrl
340.3667 	EXP 	Sound  started
340.9380 	DATA 	Keypress: rctrl
341.1167 	EXP 	Sound  started
341.6899 	DATA 	Keypress: rctrl
341.8667 	EXP 	Sound  started
342.4419 	DATA 	Keypress: lctrl
342.6167 	EXP 	Sound  started
343.2899 	DATA 	Keypress: lctrl
343.3668 	EXP 	Sound  started
343.9779 	DATA 	Keypress: rctrl
344.1168 	EXP 	Sound  started
344.6179 	DATA 	Keypress: lctrl
344.8668 	EXP 	Sound  started
345.4499 	DATA 	Keypress: lctrl
345.6168 	EXP 	Sound  started
346.1379 	DATA 	Keypress: rctrl
346.3668 	EXP 	Sound  started
346.8420 	DATA 	Keypress: rctrl
347.1168 	EXP 	Sound  started
347.8340 	DATA 	Keypress: lctrl
347.8668 	EXP 	Sound  started
348.6169 	EXP 	Sound  started
348.6179 	DATA 	Keypress: rctrl
349.2420 	DATA 	Keypress: lctrl
349.3669 	EXP 	Sound  started
350.0099 	DATA 	Keypress: lctrl
350.1169 	EXP 	Sound  started
350.7779 	DATA 	Keypress: lctrl
350.8669 	EXP 	Sound  started
351.5300 	DATA 	Keypress: rctrl
351.6169 	EXP 	Sound  started
352.2659 	DATA 	Keypress: rctrl
352.3669 	EXP 	Sound  started
352.9539 	DATA 	Keypress: lctrl
353.1169 	EXP 	Sound  started
353.7539 	DATA 	Keypress: rctrl
353.8670 	EXP 	Sound  started
354.4100 	DATA 	Keypress: rctrl
354.6170 	EXP 	Sound  started
355.2259 	DATA 	Keypress: rctrl
355.3670 	EXP 	Sound  started
355.9779 	DATA 	Keypress: lctrl
356.1170 	EXP 	Sound  started
356.7299 	DATA 	Keypress: lctrl
356.8670 	EXP 	Sound  started
357.4659 	DATA 	Keypress: rctrl
357.6170 	EXP 	Sound  started
358.2020 	DATA 	Keypress: lctrl
358.3671 	EXP 	Sound  started
358.9859 	DATA 	Keypress: lctrl
359.1171 	EXP 	Sound  started
359.8019 	DATA 	Keypress: lctrl
359.8671 	EXP 	Sound  started
360.5379 	DATA 	Keypress: lctrl
360.6171 	EXP 	Sound  started
361.2899 	DATA 	Keypress: lctrl
361.3671 	EXP 	Sound  started
361.9459 	DATA 	Keypress: rctrl
362.1171 	EXP 	Sound  started
362.7139 	DATA 	Keypress: lctrl
362.8671 	EXP 	Sound  started
363.6172 	EXP 	Sound  started
363.6259 	DATA 	Keypress: rctrl
364.2979 	DATA 	Keypress: rctrl
364.3672 	EXP 	Sound  started
365.0979 	DATA 	Keypress: rctrl
365.1172 	EXP 	Sound  started
365.7539 	DATA 	Keypress: lctrl
365.8672 	EXP 	Sound  started
366.6020 	DATA 	Keypress: lctrl
366.6172 	EXP 	Sound  started
367.3220 	DATA 	Keypress: lctrl
367.3672 	EXP 	Sound  started
368.0579 	DATA 	Keypress: rctrl
368.1172 	EXP 	Sound  started
368.7299 	DATA 	Keypress: lctrl
368.8673 	EXP 	Sound  started
369.5139 	DATA 	Keypress: lctrl
369.6173 	EXP 	Sound  started
370.2659 	DATA 	Keypress: rctrl
370.3673 	EXP 	Sound  started
371.0179 	DATA 	Keypress: rctrl
371.1173 	EXP 	Sound  started
371.7060 	DATA 	Keypress: lctrl
371.8673 	EXP 	Sound  started
372.5219 	DATA 	Keypress: lctrl
372.6173 	EXP 	Sound  started
373.3220 	DATA 	Keypress: lctrl
374.3018 	DATA 	Keypress: 4
374.3183 	EXP 	unnamed ShapeStim: vertices = <class 'numpy.ndarray'>
375.8440 	DATA 	Keypress: 4
375.8858 	EXP 	unnamed ShapeStim: vertices = <class 'numpy.ndarray'>
378.2384 	DATA 	Keypress: 4
378.2549 	EXP 	unnamed ShapeStim: vertices = <class 'numpy.ndarray'>
380.5395 	EXP 	Sound  started
380.5398 	DATA 	Keypress: rctrl
381.1299 	DATA 	Keypress: lctrl
381.2895 	EXP 	Sound  started
382.0099 	DATA 	Keypress: rctrl
382.0395 	EXP 	Sound  started
382.7895 	EXP 	Sound  started
382.8099 	DATA 	Keypress: rctrl
383.5139 	DATA 	Keypress: lctrl
383.5396 	EXP 	Sound  started
384.2896 	EXP 	Sound  started
384.4739 	DATA 	Keypress: rctrl
385.0396 	EXP 	Sound  started
385.0819 	DATA 	Keypress: lctrl
385.7539 	DATA 	Keypress: lctrl
385.7896 	EXP 	Sound  started
386.4259 	DATA 	Keypress: lctrl
386.5396 	EXP 	Sound  started
387.2896 	EXP 	Sound  started
387.3059 	DATA 	Keypress: lctrl
388.0259 	DATA 	Keypress: lctrl
388.0397 	EXP 	Sound  started
388.7298 	DATA 	Keypress: rctrl
388.7897 	EXP 	Sound  started
389.4659 	DATA 	Keypress: lctrl
389.5397 	EXP 	Sound  started
390.2897 	EXP 	Sound  started
390.3139 	DATA 	Keypress: rctrl
391.0397 	EXP 	Sound  started
391.0500 	DATA 	Keypress: lctrl
391.7379 	DATA 	Keypress: rctrl
391.7897 	EXP 	Sound  started
392.5398 	EXP 	Sound  started
392.6339 	DATA 	Keypress: rctrl
393.2900 	DATA 	Keypress: rctrl
393.2902 	EXP 	Sound  started
394.0259 	DATA 	Keypress: rctrl
394.0402 	EXP 	Sound  started
394.7902 	EXP 	Sound  started
394.9060 	DATA 	Keypress: rctrl
395.5299 	DATA 	Keypress: rctrl
395.5402 	EXP 	Sound  started
396.2659 	DATA 	Keypress: rctrl
396.2902 	EXP 	Sound  started
396.9860 	DATA 	Keypress: rctrl
397.0402 	EXP 	Sound  started
397.6899 	DATA 	Keypress: rctrl
397.7902 	EXP 	Sound  started
398.4099 	DATA 	Keypress: lctrl
398.5403 	EXP 	Sound  started
399.1619 	DATA 	Keypress: rctrl
399.2903 	EXP 	Sound  started
399.8979 	DATA 	Keypress: rctrl
400.0403 	EXP 	Sound  started
400.6339 	DATA 	Keypress: rctrl
400.7903 	EXP 	Sound  started
401.4339 	DATA 	Keypress: rctrl
401.5403 	EXP 	Sound  started
402.1860 	DATA 	Keypress: rctrl
402.2903 	EXP 	Sound  started
403.0404 	EXP 	Sound  started
403.1139 	DATA 	Keypress: rctrl
403.7904 	EXP 	Sound  started
403.8979 	DATA 	Keypress: rctrl
404.4899 	DATA 	Keypress: rctrl
404.5404 	EXP 	Sound  started
405.2419 	DATA 	Keypress: rctrl
405.2904 	EXP 	Sound  started
406.0099 	DATA 	Keypress: lctrl
406.0404 	EXP 	Sound  started
406.6499 	DATA 	Keypress: rctrl
406.7904 	EXP 	Sound  started
407.3539 	DATA 	Keypress: rctrl
407.5404 	EXP 	Sound  started
408.1059 	DATA 	Keypress: rctrl
408.2905 	EXP 	Sound  started
408.8899 	DATA 	Keypress: rctrl
409.0405 	EXP 	Sound  started
409.5939 	DATA 	Keypress: lctrl
409.7905 	EXP 	Sound  started
410.2819 	DATA 	Keypress: rctrl
410.5405 	EXP 	Sound  started
411.0019 	DATA 	Keypress: lctrl
411.2905 	EXP 	Sound  started
411.7698 	DATA 	Keypress: lctrl
412.0405 	EXP 	Sound  started
412.5860 	DATA 	Keypress: lctrl
412.7906 	EXP 	Sound  started
413.3700 	DATA 	Keypress: lctrl
413.5406 	EXP 	Sound  started
414.0900 	DATA 	Keypress: lctrl
414.2906 	EXP 	Sound  started
414.8740 	DATA 	Keypress: lctrl
415.0406 	EXP 	Sound  started
415.5939 	DATA 	Keypress: lctrl
415.7906 	EXP 	Sound  started
416.4099 	DATA 	Keypress: lctrl
416.5406 	EXP 	Sound  started
417.0979 	DATA 	Keypress: rctrl
417.2907 	EXP 	Sound  started
417.7380 	DATA 	Keypress: lctrl
418.0407 	EXP 	Sound  started
418.5219 	DATA 	Keypress: rctrl
418.7907 	EXP 	Sound  started
419.3379 	DATA 	Keypress: rctrl
419.5407 	EXP 	Sound  started
420.1699 	DATA 	Keypress: rctrl
420.2907 	EXP 	Sound  started
420.9219 	DATA 	Keypress: rctrl
421.0407 	EXP 	Sound  started
421.7379 	DATA 	Keypress: rctrl
421.7907 	EXP 	Sound  started
422.5059 	DATA 	Keypress: rctrl
422.5408 	EXP 	Sound  started
423.2258 	DATA 	Keypress: lctrl
424.5759 	DATA 	Keypress: 2
424.5923 	EXP 	unnamed ShapeStim: vertices = <class 'numpy.ndarray'>
426.8615 	DATA 	Keypress: 2
426.8780 	EXP 	unnamed ShapeStim: vertices = <class 'numpy.ndarray'>
428.6671 	DATA 	Keypress: 1
428.6962 	EXP 	unnamed ShapeStim: vertices = <class 'numpy.ndarray'>
430.9809 	EXP 	Sound  started
430.9812 	DATA 	Keypress: rctrl
431.5459 	DATA 	Keypress: lctrl
431.7308 	EXP 	Sound  started
432.2499 	DATA 	Keypress: rctrl
432.4809 	EXP 	Sound  started
433.1779 	DATA 	Keypress: rctrl
433.2309 	EXP 	Sound  started
433.8498 	DATA 	Keypress: rctrl
433.9809 	EXP 	Sound  started
434.5379 	DATA 	Keypress: rctrl
434.7309 	EXP 	Sound  started
435.2419 	DATA 	Keypress: rctrl
435.4809 	EXP 	Sound  started
435.9459 	DATA 	Keypress: lctrl
436.2309 	EXP 	Sound  started
436.5699 	DATA 	Keypress: rctrl
436.9810 	EXP 	Sound  started
437.4178 	DATA 	Keypress: lctrl
437.7310 	EXP 	Sound  started
438.1219 	DATA 	Keypress: lctrl
438.4810 	EXP 	Sound  started
438.7779 	DATA 	Keypress: lctrl
439.2310 	EXP 	Sound  started
439.6579 	DATA 	Keypress: lctrl
439.9810 	EXP 	Sound  started
440.3459 	DATA 	Keypress: lctrl
440.7310 	EXP 	Sound  started
441.0499 	DATA 	Keypress: lctrl
441.4810 	EXP 	Sound  started
442.0099 	DATA 	Keypress: lctrl
442.2311 	EXP 	Sound  started
442.7139 	DATA 	Keypress: rctrl
442.9811 	EXP 	Sound  started
443.5460 	DATA 	Keypress: lctrl
443.7311 	EXP 	Sound  started
444.4811 	EXP 	Sound  started
444.4900 	DATA 	Keypress: rctrl
445.1619 	DATA 	Keypress: rctrl
445.2311 	EXP 	Sound  started
445.8979 	DATA 	Keypress: rctrl
445.9811 	EXP 	Sound  started
446.6179 	DATA 	Keypress: rctrl
446.7312 	EXP 	Sound  started
447.3859 	DATA 	Keypress: lctrl
447.4812 	EXP 	Sound  started
448.0419 	DATA 	Keypress: rctrl
448.2312 	EXP 	Sound  started
448.7139 	DATA 	Keypress: lctrl
448.9812 	EXP 	Sound  started
449.5779 	DATA 	Keypress: lctrl
449.7312 	EXP 	Sound  started
450.2658 	DATA 	Keypress: rctrl
450.4812 	EXP 	Sound  started
450.8899 	DATA 	Keypress: lctrl
451.2312 	EXP 	Sound  started
451.7700 	DATA 	Keypress: rctrl
451.9813 	EXP 	Sound  started
452.5699 	DATA 	Keypress: rctrl
452.7313 	EXP 	Sound  started
453.3538 	DATA 	Keypress: rctrl
453.4813 	EXP 	Sound  started
454.1059 	DATA 	Keypress: rctrl
454.2313 	EXP 	Sound  started
454.8579 	DATA 	Keypress: rctrl
454.9813 	EXP 	Sound  started
455.6419 	DATA 	Keypress: lctrl
455.7313 	EXP 	Sound  started
456.3299 	DATA 	Keypress: rctrl
456.4814 	EXP 	Sound  started
457.0979 	DATA 	Keypress: lctrl
457.2314 	EXP 	Sound  started
457.8819 	DATA 	Keypress: lctrl
457.9814 	EXP 	Sound  started
458.6178 	DATA 	Keypress: rctrl
458.7314 	EXP 	Sound  started
459.4814 	EXP 	Sound  started
459.5459 	DATA 	Keypress: rctrl
460.2314 	EXP 	Sound  started
460.2979 	DATA 	Keypress: rctrl
460.9814 	EXP 	Sound  started
461.0980 	DATA 	Keypress: rctrl
461.7315 	EXP 	Sound  started
461.7378 	DATA 	Keypress: rctrl
462.3938 	DATA 	Keypress: rctrl
462.4815 	EXP 	Sound  started
463.1779 	DATA 	Keypress: lctrl
463.2315 	EXP 	Sound  started
463.8978 	DATA 	Keypress: lctrl
463.9815 	EXP 	Sound  started
464.6499 	DATA 	Keypress: rctrl
464.7315 	EXP 	Sound  started
465.3699 	DATA 	Keypress: lctrl
465.4815 	EXP 	Sound  started
466.1699 	DATA 	Keypress: lctrl
466.2316 	EXP 	Sound  started
466.8898 	DATA 	Keypress: lctrl
466.9816 	EXP 	Sound  started
467.6260 	DATA 	Keypress: lctrl
467.7316 	EXP 	Sound  started
468.3938 	DATA 	Keypress: lctrl
468.4816 	EXP 	Sound  started
469.1618 	DATA 	Keypress: lctrl
469.2316 	EXP 	Sound  started
469.9138 	DATA 	Keypress: rctrl
469.9816 	EXP 	Sound  started
470.7317 	EXP 	Sound  started
470.7459 	DATA 	Keypress: lctrl
471.4817 	EXP 	Sound  started
471.5938 	DATA 	Keypress: rctrl
472.2178 	DATA 	Keypress: rctrl
472.2317 	EXP 	Sound  started
472.9698 	DATA 	Keypress: rctrl
472.9817 	EXP 	Sound  started
473.7059 	DATA 	Keypress: rctrl
473.7317 	EXP 	Sound  started
474.4098 	DATA 	Keypress: lctrl
474.4817 	EXP 	Sound  started
475.1778 	DATA 	Keypress: rctrl
475.2318 	EXP 	Sound  started
475.8179 	DATA 	Keypress: lctrl
475.9818 	EXP 	Sound  started
476.6178 	DATA 	Keypress: lctrl
476.7318 	EXP 	Sound  started
477.3698 	DATA 	Keypress: lctrl
477.4818 	EXP 	Sound  started
478.1539 	DATA 	Keypress: lctrl
478.2318 	EXP 	Sound  started
478.7939 	DATA 	Keypress: rctrl
478.9818 	EXP 	Sound  started
479.5458 	DATA 	Keypress: lctrl
479.7318 	EXP 	Sound  started
480.4739 	DATA 	Keypress: rctrl
480.4818 	EXP 	Sound  started
481.0979 	DATA 	Keypress: rctrl
481.2319 	EXP 	Sound  started
481.7699 	DATA 	Keypress: rctrl
481.9819 	EXP 	Sound  started
482.5858 	DATA 	Keypress: rctrl
482.7319 	EXP 	Sound  started
483.2739 	DATA 	Keypress: rctrl
483.4819 	EXP 	Sound  started
484.0419 	DATA 	Keypress: rctrl
484.2319 	EXP 	Sound  started
484.9219 	DATA 	Keypress: lctrl
484.9820 	EXP 	Sound  started
485.6099 	DATA 	Keypress: rctrl
485.7320 	EXP 	Sound  started
486.4820 	EXP 	Sound  started
486.5378 	DATA 	Keypress: lctrl
487.2099 	DATA 	Keypress: lctrl
487.2320 	EXP 	Sound  started
487.9820 	EXP 	Sound  started
488.0739 	DATA 	Keypress: lctrl
488.7299 	DATA 	Keypress: lctrl
488.7320 	EXP 	Sound  started
489.4820 	EXP 	Sound  started
489.6259 	DATA 	Keypress: lctrl
490.2178 	DATA 	Keypress: rctrl
490.2320 	EXP 	Sound  started
490.8898 	DATA 	Keypress: lctrl
490.9821 	EXP 	Sound  started
491.5938 	DATA 	Keypress: rctrl
491.7321 	EXP 	Sound  started
492.4579 	DATA 	Keypress: rctrl
492.4821 	EXP 	Sound  started
493.2321 	EXP 	Sound  started
493.3058 	DATA 	Keypress: rctrl
493.9821 	EXP 	Sound  started
494.7321 	EXP 	Sound  started
495.3538 	DATA 	Keypress: lctrl
495.4822 	EXP 	Sound  started
496.2322 	EXP 	Sound  started
498.4201 	DATA 	Keypress: 3
498.4366 	EXP 	unnamed ShapeStim: vertices = <class 'numpy.ndarray'>
500.8221 	DATA 	Keypress: 3
500.8386 	EXP 	unnamed ShapeStim: vertices = <class 'numpy.ndarray'>
502.8442 	DATA 	Keypress: 3
502.8736 	EXP 	unnamed ShapeStim: vertices = <class 'numpy.ndarray'>
505.1583 	EXP 	Sound  started
505.1588 	DATA 	Keypress: lctrl
505.7219 	DATA 	Keypress: rctrl
505.9083 	EXP 	Sound  started
506.6583 	EXP 	Sound  started
507.2418 	DATA 	Keypress: rctrl
507.4083 	EXP 	Sound  started
508.0738 	DATA 	Keypress: rctrl
508.1583 	EXP 	Sound  started
508.9084 	EXP 	Sound  started
509.6584 	EXP 	Sound  started
510.2978 	DATA 	Keypress: rctrl
510.4084 	EXP 	Sound  started
510.9698 	DATA 	Keypress: lctrl
511.1584 	EXP 	Sound  started
511.9084 	EXP 	Sound  started
512.6584 	EXP 	Sound  started
513.3378 	DATA 	Keypress: rctrl
513.4085 	EXP 	Sound  started
514.1585 	EXP 	Sound  started
514.9085 	EXP 	Sound  started
515.6585 	EXP 	Sound  started
516.4085 	EXP 	Sound  started
516.9539 	DATA 	Keypress: rctrl
517.1585 	EXP 	Sound  started
517.9085 	EXP 	Sound  started
518.5058 	DATA 	Keypress: rctrl
518.6586 	EXP 	Sound  started
519.2578 	DATA 	Keypress: rctrl
519.4086 	EXP 	Sound  started
519.9778 	DATA 	Keypress: rctrl
520.1586 	EXP 	Sound  started
520.9086 	EXP 	Sound  started
521.6586 	EXP 	Sound  started
522.2338 	DATA 	Keypress: rctrl
522.4086 	EXP 	Sound  started
523.0819 	DATA 	Keypress: lctrl
523.1586 	EXP 	Sound  started
523.8018 	DATA 	Keypress: rctrl
523.9086 	EXP 	Sound  started
524.4898 	DATA 	Keypress: lctrl
524.6587 	EXP 	Sound  started
525.2898 	DATA 	Keypress: lctrl
525.4087 	EXP 	Sound  started
526.0258 	DATA 	Keypress: lctrl
526.1587 	EXP 	Sound  started
526.8578 	DATA 	Keypress: lctrl
526.9087 	EXP 	Sound  started
527.5779 	DATA 	Keypress: lctrl
527.6587 	EXP 	Sound  started
528.3138 	DATA 	Keypress: lctrl
528.4088 	EXP 	Sound  started
529.0019 	DATA 	Keypress: rctrl
529.1588 	EXP 	Sound  started
529.6418 	DATA 	Keypress: lctrl
529.9088 	EXP 	Sound  started
530.3618 	DATA 	Keypress: rctrl
530.6588 	EXP 	Sound  started
531.1458 	DATA 	Keypress: rctrl
531.4088 	EXP 	Sound  started
531.9618 	DATA 	Keypress: rctrl
532.1588 	EXP 	Sound  started
532.7618 	DATA 	Keypress: rctrl
532.9088 	EXP 	Sound  started
533.5458 	DATA 	Keypress: rctrl
533.6589 	EXP 	Sound  started
534.3138 	DATA 	Keypress: rctrl
534.4089 	EXP 	Sound  started
535.0978 	DATA 	Keypress: rctrl
535.1589 	EXP 	Sound  started
535.7218 	DATA 	Keypress: lctrl
535.9089 	EXP 	Sound  started
536.6589 	EXP 	Sound  started
536.7298 	DATA 	Keypress: rctrl
537.3058 	DATA 	Keypress: lctrl
537.4089 	EXP 	Sound  started
538.1378 	DATA 	Keypress: lctrl
538.1590 	EXP 	Sound  started
538.9090 	EXP 	Sound  started
539.5938 	DATA 	Keypress: lctrl
539.6590 	EXP 	Sound  started
540.4090 	EXP 	Sound  started
540.4738 	DATA 	Keypress: lctrl
541.1590 	EXP 	Sound  started
541.1938 	DATA 	Keypress: lctrl
541.9090 	EXP 	Sound  started
541.9458 	DATA 	Keypress: lctrl
542.6590 	EXP 	Sound  started
542.6818 	DATA 	Keypress: lctrl
543.3698 	DATA 	Keypress: lctrl
543.4091 	EXP 	Sound  started
544.1591 	EXP 	Sound  started
544.7938 	DATA 	Keypress: lctrl
544.9091 	EXP 	Sound  started
545.5298 	DATA 	Keypress: rctrl
545.6591 	EXP 	Sound  started
546.2498 	DATA 	Keypress: rctrl
546.4091 	EXP 	Sound  started
547.0498 	DATA 	Keypress: rctrl
547.1591 	EXP 	Sound  started
547.8498 	DATA 	Keypress: rctrl
547.9092 	EXP 	Sound  started
548.6592 	EXP 	Sound  started
549.4092 	EXP 	Sound  started
549.4339 	DATA 	Keypress: rctrl
550.1592 	EXP 	Sound  started
550.9092 	EXP 	Sound  started
551.0017 	DATA 	Keypress: rctrl
551.6592 	EXP 	Sound  started
551.6738 	DATA 	Keypress: rctrl
552.3618 	DATA 	Keypress: lctrl
552.4092 	EXP 	Sound  started
553.0978 	DATA 	Keypress: rctrl
553.1593 	EXP 	Sound  started
553.8179 	DATA 	Keypress: lctrl
555.4501 	DATA 	Keypress: 2
555.4666 	EXP 	unnamed ShapeStim: vertices = <class 'numpy.ndarray'>
557.4512 	DATA 	Keypress: 2
557.4678 	EXP 	unnamed ShapeStim: vertices = <class 'numpy.ndarray'>
559.2900 	DATA 	Keypress: 2
559.3193 	EXP 	unnamed ShapeStim: vertices = <class 'numpy.ndarray'>
561.6052 	EXP 	Sound  started
561.6057 	DATA 	Keypress: lctrl
562.2178 	DATA 	Keypress: rctrl
562.3552 	EXP 	Sound  started
562.9378 	DATA 	Keypress: lctrl
563.1052 	EXP 	Sound  started
563.6098 	DATA 	Keypress: rctrl
563.8552 	EXP 	Sound  started
564.3778 	DATA 	Keypress: rctrl
564.6052 	EXP 	Sound  started
565.1458 	DATA 	Keypress: rctrl
565.3553 	EXP 	Sound  started
565.8498 	DATA 	Keypress: rctrl
566.1053 	EXP 	Sound  started
566.5538 	DATA 	Keypress: rctrl
566.8553 	EXP 	Sound  started
567.3539 	DATA 	Keypress: rctrl
567.6053 	EXP 	Sound  started
568.1218 	DATA 	Keypress: lctrl
568.3553 	EXP 	Sound  started
568.8258 	DATA 	Keypress: rctrl
569.1053 	EXP 	Sound  started
569.6258 	DATA 	Keypress: lctrl
569.8553 	EXP 	Sound  started
570.2338 	DATA 	Keypress: lctrl
570.6053 	EXP 	Sound  started
571.1778 	DATA 	Keypress: lctrl
571.3554 	EXP 	Sound  started
572.1054 	EXP 	Sound  started
572.8554 	EXP 	Sound  started
573.4978 	DATA 	Keypress: rctrl
573.6054 	EXP 	Sound  started
574.2498 	DATA 	Keypress: rctrl
574.3554 	EXP 	Sound  started
575.0337 	DATA 	Keypress: lctrl
575.1054 	EXP 	Sound  started
575.8555 	EXP 	Sound  started
576.5379 	DATA 	Keypress: lctrl
576.6055 	EXP 	Sound  started
577.3555 	EXP 	Sound  started
578.1055 	EXP 	Sound  started
578.6658 	DATA 	Keypress: rctrl
578.8555 	EXP 	Sound  started
579.6055 	EXP 	Sound  started
580.0418 	DATA 	Keypress: rctrl
580.3556 	EXP 	Sound  started
581.0178 	DATA 	Keypress: rctrl
581.1056 	EXP 	Sound  started
581.7538 	DATA 	Keypress: rctrl
581.8556 	EXP 	Sound  started
582.4097 	DATA 	Keypress: lctrl
582.6056 	EXP 	Sound  started
583.1618 	DATA 	Keypress: rctrl
583.3556 	EXP 	Sound  started
583.9777 	DATA 	Keypress: lctrl
584.1056 	EXP 	Sound  started
584.8556 	EXP 	Sound  started
585.5298 	DATA 	Keypress: lctrl
585.6057 	EXP 	Sound  started
586.2978 	DATA 	Keypress: lctrl
586.3557 	EXP 	Sound  started
587.1057 	EXP 	Sound  started
587.8557 	EXP 	Sound  started
588.6057 	EXP 	Sound  started
589.1298 	DATA 	Keypress: rctrl
589.3557 	EXP 	Sound  started
590.1057 	EXP 	Sound  started
590.8558 	EXP 	Sound  started
590.9379 	DATA 	Keypress: rctrl
591.6058 	EXP 	Sound  started
591.6899 	DATA 	Keypress: rctrl
592.3558 	EXP 	Sound  started
593.1058 	EXP 	Sound  started
593.8558 	EXP 	Sound  started
594.6058 	EXP 	Sound  started
595.2417 	DATA 	Keypress: lctrl
595.3558 	EXP 	Sound  started
596.1059 	EXP 	Sound  started
596.1217 	DATA 	Keypress: lctrl
596.8259 	DATA 	Keypress: lctrl
596.8559 	EXP 	Sound  started
597.5618 	DATA 	Keypress: lctrl
597.6059 	EXP 	Sound  started
598.3559 	EXP 	Sound  started
598.9858 	DATA 	Keypress: lctrl
599.1059 	EXP 	Sound  started
599.8559 	EXP 	Sound  started
600.6059 	EXP 	Sound  started
601.3560 	EXP 	Sound  started
602.1060 	EXP 	Sound  started
602.8560 	EXP 	Sound  started
603.6060 	EXP 	Sound  started
604.2177 	DATA 	Keypress: rctrl
604.3560 	EXP 	Sound  started
605.0339 	DATA 	Keypress: lctrl
605.1060 	EXP 	Sound  started
605.8561 	EXP 	Sound  started
606.5218 	DATA 	Keypress: lctrl
606.6061 	EXP 	Sound  started
607.2257 	DATA 	Keypress: lctrl
607.3561 	EXP 	Sound  started
608.1061 	EXP 	Sound  started
608.6657 	DATA 	Keypress: lctrl
608.8561 	EXP 	Sound  started
609.5138 	DATA 	Keypress: rctrl
609.6061 	EXP 	Sound  started
610.2657 	DATA 	Keypress: rctrl
610.3562 	EXP 	Sound  started
611.0657 	DATA 	Keypress: rctrl
611.1062 	EXP 	Sound  started
611.8338 	DATA 	Keypress: rctrl
611.8562 	EXP 	Sound  started
612.5057 	DATA 	Keypress: lctrl
612.6062 	EXP 	Sound  started
613.3562 	EXP 	Sound  started
613.5138 	DATA 	Keypress: rctrl
614.0897 	DATA 	Keypress: lctrl
614.1062 	EXP 	Sound  started
614.8562 	EXP 	Sound  started
614.9218 	DATA 	Keypress: lctrl
615.6063 	EXP 	Sound  started
615.6258 	DATA 	Keypress: lctrl
616.3563 	EXP 	Sound  started
616.3617 	DATA 	Keypress: lctrl
617.1063 	EXP 	Sound  started
617.1937 	DATA 	Keypress: lctrl
617.8563 	EXP 	Sound  started
617.9298 	DATA 	Keypress: rctrl
618.6063 	EXP 	Sound  started
619.2417 	DATA 	Keypress: rctrl
619.3563 	EXP 	Sound  started
620.0417 	DATA 	Keypress: rctrl
621.6910 	DATA 	Keypress: 3
621.7204 	EXP 	unnamed ShapeStim: vertices = <class 'numpy.ndarray'>
624.3232 	DATA 	Keypress: 1
624.3397 	EXP 	unnamed ShapeStim: vertices = <class 'numpy.ndarray'>
626.4285 	DATA 	Keypress: 1
626.4576 	EXP 	unnamed ShapeStim: vertices = <class 'numpy.ndarray'>
628.7426 	EXP 	Sound  started
628.7429 	DATA 	Keypress: rctrl
629.4017 	DATA 	Keypress: lctrl
629.4926 	EXP 	Sound  started
630.0897 	DATA 	Keypress: rctrl
630.2426 	EXP 	Sound  started
630.8577 	DATA 	Keypress: rctrl
630.9926 	EXP 	Sound  started
631.7378 	DATA 	Keypress: rctrl
631.7426 	EXP 	Sound  started
632.4097 	DATA 	Keypress: rctrl
632.4926 	EXP 	Sound  started
633.1619 	DATA 	Keypress: lctrl
633.2426 	EXP 	Sound  started
633.8018 	DATA 	Keypress: rctrl
633.9927 	EXP 	Sound  started
634.6178 	DATA 	Keypress: lctrl
634.7427 	EXP 	Sound  started
635.3217 	DATA 	Keypress: lctrl
635.4927 	EXP 	Sound  started
636.0577 	DATA 	Keypress: lctrl
636.2427 	EXP 	Sound  started
636.7937 	DATA 	Keypress: lctrl
636.9927 	EXP 	Sound  started
637.5297 	DATA 	Keypress: lctrl
637.7428 	EXP 	Sound  started
638.2338 	DATA 	Keypress: lctrl
638.4928 	EXP 	Sound  started
638.9857 	DATA 	Keypress: lctrl
639.2428 	EXP 	Sound  started
639.7058 	DATA 	Keypress: rctrl
639.9928 	EXP 	Sound  started
640.4737 	DATA 	Keypress: rctrl
640.7428 	EXP 	Sound  started
641.2418 	DATA 	Keypress: lctrl
641.4928 	EXP 	Sound  started
641.9617 	DATA 	Keypress: rctrl
642.2428 	EXP 	Sound  started
642.7297 	DATA 	Keypress: lctrl
642.9929 	EXP 	Sound  started
643.4817 	DATA 	Keypress: rctrl
643.7429 	EXP 	Sound  started
644.2818 	DATA 	Keypress: rctrl
644.4929 	EXP 	Sound  started
645.0337 	DATA 	Keypress: rctrl
645.2429 	EXP 	Sound  started
645.8177 	DATA 	Keypress: lctrl
645.9929 	EXP 	Sound  started
646.4577 	DATA 	Keypress: rctrl
646.7429 	EXP 	Sound  started
647.2417 	DATA 	Keypress: lctrl
647.4930 	EXP 	Sound  started
648.0577 	DATA 	Keypress: lctrl
648.2430 	EXP 	Sound  started
648.8898 	DATA 	Keypress: lctrl
648.9930 	EXP 	Sound  started
649.5618 	DATA 	Keypress: lctrl
649.7430 	EXP 	Sound  started
650.3137 	DATA 	Keypress: lctrl
650.4930 	EXP 	Sound  started
651.0497 	DATA 	Keypress: rctrl
651.2430 	EXP 	Sound  started
651.8498 	DATA 	Keypress: lctrl
651.9930 	EXP 	Sound  started
652.6177 	DATA 	Keypress: rctrl
652.7430 	EXP 	Sound  started
653.3218 	DATA 	Keypress: rctrl
653.4931 	EXP 	Sound  started
654.1057 	DATA 	Keypress: lctrl
654.2431 	EXP 	Sound  started
654.8577 	DATA 	Keypress: rctrl
654.9931 	EXP 	Sound  started
655.6257 	DATA 	Keypress: lctrl
655.7431 	EXP 	Sound  started
656.4931 	EXP 	Sound  started
657.1457 	DATA 	Keypress: lctrl
657.2431 	EXP 	Sound  started
657.8818 	DATA 	Keypress: lctrl
657.9932 	EXP 	Sound  started
658.7432 	EXP 	Sound  started
659.4932 	EXP 	Sound  started
660.2432 	EXP 	Sound  started
660.2497 	DATA 	Keypress: lctrl
660.9537 	DATA 	Keypress: lctrl
660.9932 	EXP 	Sound  started
661.7057 	DATA 	Keypress: lctrl
661.7432 	EXP 	Sound  started
662.4932 	EXP 	Sound  started
662.5057 	DATA 	Keypress: rctrl
663.2257 	DATA 	Keypress: rctrl
663.2432 	EXP 	Sound  started
663.9617 	DATA 	Keypress: rctrl
663.9933 	EXP 	Sound  started
664.6657 	DATA 	Keypress: lctrl
664.7433 	EXP 	Sound  started
665.4933 	EXP 	Sound  started
665.6097 	DATA 	Keypress: rctrl
666.2433 	EXP 	Sound  started
666.2817 	DATA 	Keypress: lctrl
666.8897 	DATA 	Keypress: rctrl
666.9933 	EXP 	Sound  started
667.6097 	DATA 	Keypress: rctrl
667.7433 	EXP 	Sound  started
668.4418 	DATA 	Keypress: rctrl
668.4933 	EXP 	Sound  started
669.1137 	DATA 	Keypress: rctrl
669.2434 	EXP 	Sound  started
669.8977 	DATA 	Keypress: rctrl
669.9934 	EXP 	Sound  started
670.6018 	DATA 	Keypress: lctrl
670.7434 	EXP 	Sound  started
671.4337 	DATA 	Keypress: rctrl
671.4934 	EXP 	Sound  started
672.2434 	EXP 	Sound  started
672.4417 	DATA 	Keypress: lctrl
673.0502 	DATA 	Keypress: lctrl
674.9642 	DATA 	Keypress: 2
674.9806 	EXP 	unnamed ShapeStim: vertices = <class 'numpy.ndarray'>
676.9657 	DATA 	Keypress: 4
676.9823 	EXP 	unnamed ShapeStim: vertices = <class 'numpy.ndarray'>
679.4182 	DATA 	Keypress: 3
679.4348 	EXP 	unnamed ShapeStim: vertices = <class 'numpy.ndarray'>
681.7194 	EXP 	Sound  started
681.7198 	DATA 	Keypress: rctrl
682.2658 	DATA 	Keypress: lctrl
682.4694 	EXP 	Sound  started
683.1137 	DATA 	Keypress: rctrl
683.2194 	EXP 	Sound  started
683.9694 	EXP 	Sound  started
684.0417 	DATA 	Keypress: rctrl
684.7194 	EXP 	Sound  started
684.8097 	DATA 	Keypress: rctrl
685.4657 	DATA 	Keypress: rctrl
685.4694 	EXP 	Sound  started
686.2194 	EXP 	Sound  started
686.2817 	DATA 	Keypress: rctrl
686.8737 	DATA 	Keypress: lctrl
686.9694 	EXP 	Sound  started
687.6417 	DATA 	Keypress: rctrl
687.7195 	EXP 	Sound  started
688.3777 	DATA 	Keypress: lctrl
688.4695 	EXP 	Sound  started
689.0497 	DATA 	Keypress: rctrl
689.2195 	EXP 	Sound  started
689.7857 	DATA 	Keypress: lctrl
689.9695 	EXP 	Sound  started
690.6018 	DATA 	Keypress: lctrl
690.7195 	EXP 	Sound  started
691.4696 	EXP 	Sound  started
692.0577 	DATA 	Keypress: rctrl
692.2196 	EXP 	Sound  started
692.9696 	EXP 	Sound  started
693.4977 	DATA 	Keypress: lctrl
693.7196 	EXP 	Sound  started
694.4696 	EXP 	Sound  started
694.8097 	DATA 	Keypress: lctrl
695.2196 	EXP 	Sound  started
695.6257 	DATA 	Keypress: lctrl
695.9696 	EXP 	Sound  started
696.4097 	DATA 	Keypress: lctrl
696.7197 	EXP 	Sound  started
697.2737 	DATA 	Keypress: lctrl
697.4697 	EXP 	Sound  started
698.1057 	DATA 	Keypress: lctrl
698.2197 	EXP 	Sound  started
698.8258 	DATA 	Keypress: lctrl
698.9697 	EXP 	Sound  started
699.5136 	DATA 	Keypress: rctrl
699.7197 	EXP 	Sound  started
700.2018 	DATA 	Keypress: rctrl
700.4697 	EXP 	Sound  started
701.0657 	DATA 	Keypress: lctrl
701.2198 	EXP 	Sound  started
701.7537 	DATA 	Keypress: rctrl
701.9698 	EXP 	Sound  started
702.5058 	DATA 	Keypress: rctrl
702.7198 	EXP 	Sound  started
703.2897 	DATA 	Keypress: lctrl
703.4698 	EXP 	Sound  started
704.1697 	DATA 	Keypress: rctrl
704.2198 	EXP 	Sound  started
704.8897 	DATA 	Keypress: rctrl
704.9698 	EXP 	Sound  started
705.7057 	DATA 	Keypress: rctrl
705.7198 	EXP 	Sound  started
706.4097 	DATA 	Keypress: lctrl
706.4699 	EXP 	Sound  started
707.0817 	DATA 	Keypress: rctrl
707.2199 	EXP 	Sound  started
707.8337 	DATA 	Keypress: rctrl
707.9699 	EXP 	Sound  started
708.6017 	DATA 	Keypress: rctrl
708.7199 	EXP 	Sound  started
709.2897 	DATA 	Keypress: lctrl
709.4699 	EXP 	Sound  started
710.0097 	DATA 	Keypress: rctrl
710.2199 	EXP 	Sound  started
710.7937 	DATA 	Keypress: lctrl
710.9700 	EXP 	Sound  started
711.6257 	DATA 	Keypress: lctrl
711.7200 	EXP 	Sound  started
712.4577 	DATA 	Keypress: lctrl
712.4700 	EXP 	Sound  started
713.1937 	DATA 	Keypress: lctrl
713.2200 	EXP 	Sound  started
713.9137 	DATA 	Keypress: lctrl
713.9700 	EXP 	Sound  started
714.7137 	DATA 	Keypress: lctrl
714.7200 	EXP 	Sound  started
715.4657 	DATA 	Keypress: lctrl
715.4700 	EXP 	Sound  started
716.2201 	EXP 	Sound  started
716.2337 	DATA 	Keypress: lctrl
716.9377 	DATA 	Keypress: lctrl
716.9701 	EXP 	Sound  started
717.5617 	DATA 	Keypress: rctrl
717.7201 	EXP 	Sound  started
718.3617 	DATA 	Keypress: rctrl
718.4701 	EXP 	Sound  started
719.1137 	DATA 	Keypress: rctrl
719.2201 	EXP 	Sound  started
719.7537 	DATA 	Keypress: lctrl
719.9701 	EXP 	Sound  started
720.5537 	DATA 	Keypress: rctrl
720.7201 	EXP 	Sound  started
721.2737 	DATA 	Keypress: lctrl
721.4702 	EXP 	Sound  started
722.0737 	DATA 	Keypress: rctrl
722.2202 	EXP 	Sound  started
722.7457 	DATA 	Keypress: lctrl
722.9702 	EXP 	Sound  started
723.5297 	DATA 	Keypress: rctrl
723.7202 	EXP 	Sound  started
724.2497 	DATA 	Keypress: lctrl
724.4702 	EXP 	Sound  started
725.0497 	DATA 	Keypress: rctrl
725.2202 	EXP 	Sound  started
725.8336 	DATA 	Keypress: lctrl
725.9703 	EXP 	Sound  started
726.5856 	DATA 	Keypress: lctrl
726.7203 	EXP 	Sound  started
727.3377 	DATA 	Keypress: lctrl
727.4703 	EXP 	Sound  started
728.0256 	DATA 	Keypress: lctrl
728.2203 	EXP 	Sound  started
728.7458 	DATA 	Keypress: lctrl
728.9703 	EXP 	Sound  started
729.4818 	DATA 	Keypress: rctrl
729.7203 	EXP 	Sound  started
730.1538 	DATA 	Keypress: lctrl
730.4703 	EXP 	Sound  started
731.0017 	DATA 	Keypress: rctrl
731.2204 	EXP 	Sound  started
731.8817 	DATA 	Keypress: rctrl
731.9704 	EXP 	Sound  started
732.6336 	DATA 	Keypress: rctrl
732.7204 	EXP 	Sound  started
733.4704 	EXP 	Sound  started
733.7856 	DATA 	Keypress: rctrl
734.2204 	EXP 	Sound  started
734.2496 	DATA 	Keypress: lctrl
734.8417 	DATA 	Keypress: rctrl
734.9704 	EXP 	Sound  started
735.5776 	DATA 	Keypress: lctrl
735.7205 	EXP 	Sound  started
736.3137 	DATA 	Keypress: lctrl
736.4705 	EXP 	Sound  started
737.1136 	DATA 	Keypress: lctrl
737.2205 	EXP 	Sound  started
737.8017 	DATA 	Keypress: lctrl
737.9705 	EXP 	Sound  started
738.5537 	DATA 	Keypress: lctrl
738.7205 	EXP 	Sound  started
739.3857 	DATA 	Keypress: lctrl
739.4705 	EXP 	Sound  started
740.1377 	DATA 	Keypress: lctrl
740.2205 	EXP 	Sound  started
740.8097 	DATA 	Keypress: rctrl
740.9706 	EXP 	Sound  started
741.5776 	DATA 	Keypress: rctrl
741.7206 	EXP 	Sound  started
742.2656 	DATA 	Keypress: lctrl
742.4706 	EXP 	Sound  started
742.9697 	DATA 	Keypress: rctrl
743.2206 	EXP 	Sound  started
743.8497 	DATA 	Keypress: rctrl
743.9706 	EXP 	Sound  started
744.6337 	DATA 	Keypress: rctrl
744.7206 	EXP 	Sound  started
745.4497 	DATA 	Keypress: rctrl
747.3234 	DATA 	Keypress: 3
747.3399 	EXP 	unnamed ShapeStim: vertices = <class 'numpy.ndarray'>
749.9964 	DATA 	Keypress: 2
750.0254 	EXP 	unnamed ShapeStim: vertices = <class 'numpy.ndarray'>
751.8276 	DATA 	Keypress: 2
751.8441 	EXP 	unnamed ShapeStim: vertices = <class 'numpy.ndarray'>
754.1295 	EXP 	Sound  started
754.1536 	DATA 	Keypress: rctrl
754.8795 	EXP 	Sound  started
754.9696 	DATA 	Keypress: lctrl
755.5936 	DATA 	Keypress: rctrl
755.6295 	EXP 	Sound  started
756.2816 	DATA 	Keypress: rctrl
756.3795 	EXP 	Sound  started
757.0016 	DATA 	Keypress: rctrl
757.1295 	EXP 	Sound  started
757.6897 	DATA 	Keypress: lctrl
757.8795 	EXP 	Sound  started
758.3616 	DATA 	Keypress: rctrl
758.6295 	EXP 	Sound  started
759.0177 	DATA 	Keypress: lctrl
759.3796 	EXP 	Sound  started
759.8336 	DATA 	Keypress: lctrl
760.1296 	EXP 	Sound  started
760.6336 	DATA 	Keypress: lctrl
760.8796 	EXP 	Sound  started
761.4336 	DATA 	Keypress: lctrl
761.6296 	EXP 	Sound  started
762.2177 	DATA 	Keypress: lctrl
762.3796 	EXP 	Sound  started
762.9217 	DATA 	Keypress: rctrl
763.1296 	EXP 	Sound  started
763.6577 	DATA 	Keypress: lctrl
763.8796 	EXP 	Sound  started
764.3616 	DATA 	Keypress: rctrl
764.6297 	EXP 	Sound  started
765.2096 	DATA 	Keypress: rctrl
765.3797 	EXP 	Sound  started
765.9616 	DATA 	Keypress: rctrl
766.1297 	EXP 	Sound  started
766.8096 	DATA 	Keypress: lctrl
766.8797 	EXP 	Sound  started
767.4336 	DATA 	Keypress: rctrl
767.6297 	EXP 	Sound  started
768.2016 	DATA 	Keypress: rctrl
768.3797 	EXP 	Sound  started
769.0497 	DATA 	Keypress: rctrl
769.1297 	EXP 	Sound  started
769.8017 	DATA 	Keypress: rctrl
769.8797 	EXP 	Sound  started
770.5056 	DATA 	Keypress: rctrl
770.6298 	EXP 	Sound  started
771.3216 	DATA 	Keypress: rctrl
771.3798 	EXP 	Sound  started
772.0417 	DATA 	Keypress: lctrl
772.1298 	EXP 	Sound  started
772.7776 	DATA 	Keypress: lctrl
772.8798 	EXP 	Sound  started
773.5136 	DATA 	Keypress: lctrl
773.6298 	EXP 	Sound  started
774.2177 	DATA 	Keypress: lctrl
774.3799 	EXP 	Sound  started
774.9536 	DATA 	Keypress: lctrl
775.1299 	EXP 	Sound  started
775.7696 	DATA 	Keypress: lctrl
775.8799 	EXP 	Sound  started
776.6299 	EXP 	Sound  started
777.2097 	DATA 	Keypress: lctrl
777.3799 	EXP 	Sound  started
778.1299 	EXP 	Sound  started
778.2017 	DATA 	Keypress: rctrl
778.8256 	DATA 	Keypress: rctrl
778.8799 	EXP 	Sound  started
779.5457 	DATA 	Keypress: rctrl
779.6299 	EXP 	Sound  started
780.3457 	DATA 	Keypress: rctrl
780.3800 	EXP 	Sound  started
781.0496 	DATA 	Keypress: lctrl
781.1300 	EXP 	Sound  started
781.6737 	DATA 	Keypress: rctrl
781.8800 	EXP 	Sound  started
782.6300 	EXP 	Sound  started
782.7136 	DATA 	Keypress: lctrl
783.3536 	DATA 	Keypress: rctrl
783.3800 	EXP 	Sound  started
784.0896 	DATA 	Keypress: rctrl
784.1300 	EXP 	Sound  started
784.7936 	DATA 	Keypress: rctrl
784.8801 	EXP 	Sound  started
785.5936 	DATA 	Keypress: lctrl
785.6301 	EXP 	Sound  started
786.2976 	DATA 	Keypress: rctrl
786.3801 	EXP 	Sound  started
787.0016 	DATA 	Keypress: rctrl
787.1301 	EXP 	Sound  started
787.7697 	DATA 	Keypress: rctrl
787.8801 	EXP 	Sound  started
788.5057 	DATA 	Keypress: rctrl
788.6301 	EXP 	Sound  started
789.2256 	DATA 	Keypress: rctrl
789.3801 	EXP 	Sound  started
790.0096 	DATA 	Keypress: rctrl
790.1302 	EXP 	Sound  started
790.7136 	DATA 	Keypress: lctrl
790.8802 	EXP 	Sound  started
791.5296 	DATA 	Keypress: rctrl
791.6302 	EXP 	Sound  started
792.1536 	DATA 	Keypress: lctrl
792.3802 	EXP 	Sound  started
793.0017 	DATA 	Keypress: lctrl
793.1302 	EXP 	Sound  started
793.7698 	DATA 	Keypress: lctrl
793.8802 	EXP 	Sound  started
794.4897 	DATA 	Keypress: lctrl
795.8347 	DATA 	Keypress: 2
795.8630 	EXP 	unnamed ShapeStim: vertices = <class 'numpy.ndarray'>
798.6692 	DATA 	Keypress: 3
798.6986 	EXP 	unnamed ShapeStim: vertices = <class 'numpy.ndarray'>
800.7343 	DATA 	Keypress: 3
800.7508 	EXP 	unnamed ShapeStim: vertices = <class 'numpy.ndarray'>
803.0361 	EXP 	Sound  started
803.0369 	DATA 	Keypress: rctrl
803.7859 	EXP 	Sound  started
803.8336 	DATA 	Keypress: lctrl
804.4576 	DATA 	Keypress: rctrl
804.5360 	EXP 	Sound  started
805.2416 	DATA 	Keypress: rctrl
805.2860 	EXP 	Sound  started
806.0360 	EXP 	Sound  started
806.0416 	DATA 	Keypress: rctrl
806.6817 	DATA 	Keypress: rctrl
806.7860 	EXP 	Sound  started
807.4336 	DATA 	Keypress: rctrl
807.5360 	EXP 	Sound  started
808.2016 	DATA 	Keypress: rctrl
808.2860 	EXP 	Sound  started
809.0361 	EXP 	Sound  started
809.6096 	DATA 	Keypress: rctrl
809.7861 	EXP 	Sound  started
810.4896 	DATA 	Keypress: lctrl
810.5361 	EXP 	Sound  started
811.2096 	DATA 	Keypress: lctrl
811.2861 	EXP 	Sound  started
811.9776 	DATA 	Keypress: lctrl
812.0361 	EXP 	Sound  started
812.7136 	DATA 	Keypress: lctrl
812.7861 	EXP 	Sound  started
813.4336 	DATA 	Keypress: lctrl
813.5362 	EXP 	Sound  started
814.1856 	DATA 	Keypress: lctrl
814.2862 	EXP 	Sound  started
814.9697 	DATA 	Keypress: lctrl
815.0362 	EXP 	Sound  started
815.7376 	DATA 	Keypress: rctrl
815.7862 	EXP 	Sound  started
816.4256 	DATA 	Keypress: lctrl
816.5362 	EXP 	Sound  started
817.2256 	DATA 	Keypress: rctrl
817.2862 	EXP 	Sound  started
817.9616 	DATA 	Keypress: lctrl
818.0362 	EXP 	Sound  started
818.6336 	DATA 	Keypress: rctrl
818.7863 	EXP 	Sound  started
819.4976 	DATA 	Keypress: rctrl
819.5363 	EXP 	Sound  started
820.2016 	DATA 	Keypress: rctrl
820.2863 	EXP 	Sound  started
820.9696 	DATA 	Keypress: rctrl
821.0363 	EXP 	Sound  started
821.6096 	DATA 	Keypress: lctrl
821.7863 	EXP 	Sound  started
822.3616 	DATA 	Keypress: lctrl
822.5363 	EXP 	Sound  started
823.2256 	DATA 	Keypress: rctrl
823.2863 	EXP 	Sound  started
824.0364 	EXP 	Sound  started
824.6176 	DATA 	Keypress: rctrl
824.7864 	EXP 	Sound  started
825.4016 	DATA 	Keypress: lctrl
825.5364 	EXP 	Sound  started
826.1856 	DATA 	Keypress: lctrl
826.2864 	EXP 	Sound  started
827.0364 	EXP 	Sound  started
827.1136 	DATA 	Keypress: lctrl
827.6256 	DATA 	Keypress: lctrl
827.7864 	EXP 	Sound  started
828.3296 	DATA 	Keypress: lctrl
828.5365 	EXP 	Sound  started
829.2865 	EXP 	Sound  started
829.3856 	DATA 	Keypress: lctrl
830.0096 	DATA 	Keypress: lctrl
830.0365 	EXP 	Sound  started
830.6977 	DATA 	Keypress: lctrl
830.7865 	EXP 	Sound  started
831.4336 	DATA 	Keypress: rctrl
831.5365 	EXP 	Sound  started
832.1216 	DATA 	Keypress: lctrl
832.2865 	EXP 	Sound  started
833.0366 	EXP 	Sound  started
833.2416 	DATA 	Keypress: rctrl
833.7866 	EXP 	Sound  started
833.8496 	DATA 	Keypress: lctrl
834.5366 	EXP 	Sound  started
834.5376 	DATA 	Keypress: rctrl
835.1616 	DATA 	Keypress: lctrl
835.2866 	EXP 	Sound  started
835.8816 	DATA 	Keypress: lctrl
836.0366 	EXP 	Sound  started
836.6497 	DATA 	Keypress: lctrl
836.7866 	EXP 	Sound  started
837.4336 	DATA 	Keypress: lctrl
837.5366 	EXP 	Sound  started
838.1536 	DATA 	Keypress: lctrl
838.2867 	EXP 	Sound  started
838.8896 	DATA 	Keypress: rctrl
839.0367 	EXP 	Sound  started
839.7867 	EXP 	Sound  started
840.5056 	DATA 	Keypress: rctrl
840.5367 	EXP 	Sound  started
841.2416 	DATA 	Keypress: rctrl
841.2867 	EXP 	Sound  started
841.9936 	DATA 	Keypress: rctrl
842.0367 	EXP 	Sound  started
842.7776 	DATA 	Keypress: rctrl
842.7867 	EXP 	Sound  started
843.4496 	DATA 	Keypress: rctrl
843.5368 	EXP 	Sound  started
844.1696 	DATA 	Keypress: rctrl
844.2868 	EXP 	Sound  started
844.9056 	DATA 	Keypress: lctrl
845.0368 	EXP 	Sound  started
845.5935 	DATA 	Keypress: rctrl
845.7868 	EXP 	Sound  started
846.2336 	DATA 	Keypress: lctrl
846.5368 	EXP 	Sound  started
847.2869 	EXP 	Sound  started
847.8495 	DATA 	Keypress: lctrl
848.0369 	EXP 	Sound  started
848.6656 	DATA 	Keypress: lctrl
848.7869 	EXP 	Sound  started
849.3696 	DATA 	Keypress: rctrl
849.5369 	EXP 	Sound  started
850.2869 	EXP 	Sound  started
850.8896 	DATA 	Keypress: rctrl
851.0369 	EXP 	Sound  started
851.6736 	DATA 	Keypress: rctrl
851.7870 	EXP 	Sound  started
852.4256 	DATA 	Keypress: rctrl
852.5370 	EXP 	Sound  started
853.1936 	DATA 	Keypress: rctrl
853.2870 	EXP 	Sound  started
853.9136 	DATA 	Keypress: lctrl
854.0370 	EXP 	Sound  started
854.7136 	DATA 	Keypress: rctrl
854.7870 	EXP 	Sound  started
855.4176 	DATA 	Keypress: rctrl
855.5370 	EXP 	Sound  started
856.2871 	EXP 	Sound  started
856.3296 	DATA 	Keypress: rctrl
857.0371 	EXP 	Sound  started
857.0816 	DATA 	Keypress: rctrl
857.7695 	DATA 	Keypress: rctrl
857.7871 	EXP 	Sound  started
858.5216 	DATA 	Keypress: lctrl
858.5371 	EXP 	Sound  started
859.2096 	DATA 	Keypress: rctrl
859.2871 	EXP 	Sound  started
859.9776 	DATA 	Keypress: rctrl
860.0371 	EXP 	Sound  started
860.7616 	DATA 	Keypress: rctrl
860.7872 	EXP 	Sound  started
861.4817 	DATA 	Keypress: rctrl
861.5372 	EXP 	Sound  started
863.9855 	DATA 	Keypress: 3
864.0020 	EXP 	unnamed ShapeStim: vertices = <class 'numpy.ndarray'>
866.9547 	DATA 	Keypress: 3
866.9712 	EXP 	unnamed ShapeStim: vertices = <class 'numpy.ndarray'>
869.6607 	DATA 	Keypress: 3
869.6900 	EXP 	unnamed ShapeStim: vertices = <class 'numpy.ndarray'>
873.9934 	DATA 	Keypress: rctrl
970.8736 	DATA 	Keypress: return
970.9489 	EXP 	window1: mouseVisible = True
