61.5613 	WARNING 	User requested fullscreen with size [1024  768], but screen is actually [1920, 1200]. Using actual size
62.3571 	EXP 	Created window1 = Window(allowGUI=False, allowStencil=False, autoLog=True, backendConf=UNKNOWN, bitsMode=UNKNOWN, blendMode='avg', bpc=(8, 8, 8), color=array([0, 0, 0]), colorSpace='rgb', depthBits=8, fullscr=<method-wrapper '__getattribute__' of attributeSetter object at 0x00000172B0BE6780>, gamma=None, gammaErrorPolicy='raise', lms=UNKNOWN, monitor=<psychopy.monitors.calibTools.Monitor object at 0x00000172B22F4080>, multiSample=False, name='window1', numSamples=2, pos=[0.0, 0.0], screen=0, size=array([1920, 1200]), stencilBits=0, stereo=False, units='norm', useFBO=True, useRetina=False, viewOri=0.0, viewPos=None, viewScale=None, waitBlanking=True, winType='pyglet')
62.3574 	EXP 	window1: mouseVisible = True
62.3575 	EXP 	window1: mouseVisible = False
62.3575 	EXP 	window1: recordFrameIntervals = False
62.5236 	EXP 	window1: recordFrameIntervals = True
62.7072 	EXP 	window1: recordFrameIntervals = False
62.7613 	EXP 	Created text = TextStim(__class__=<class 'psychopy.visual.text.TextStim'>, alignHoriz=method-wrapper(...), alignText='center', alignVert=method-wrapper(...), anchorHoriz='center', anchorVert='center', antialias=True, autoLog=True, bold=False, color=array([1., 1., 1.]), colorSpace='rgb', contrast=1.0, depth=0.0, flipHoriz=False, flipVert=False, font='Arial', fontFiles=[], height=0.15, italic=False, languageStyle='LTR', name='text', opacity=1, ori=0, pos=array([0., 0.]), rgb=UNKNOWN, text='+', units='norm', win=Window(...), wrapWidth=1)
62.7789 	EXP 	Created text = TextStim(__class__=<class 'psychopy.visual.text.TextStim'>, alignHoriz=method-wrapper(...), alignText='center', alignVert=method-wrapper(...), anchorHoriz='center', anchorVert='center', antialias=True, autoLog=True, bold=False, color=array([1., 1., 1.]), colorSpace='rgb', contrast=1.0, depth=0.0, flipHoriz=False, flipVert=False, font='Arial', fontFiles=[], height=0.07, italic=False, languageStyle='LTR', name='text', opacity=1, ori=0, pos=array([0., 0.]), rgb=UNKNOWN, text=str(...), units='norm', win=Window(...), wrapWidth=1.65)
62.7898 	EXP 	Created text = TextStim(__class__=<class 'psychopy.visual.text.TextStim'>, alignHoriz=method-wrapper(...), alignText='center', alignVert=method-wrapper(...), anchorHoriz='center', anchorVert='center', antialias=True, autoLog=True, bold=False, color=array([1., 1., 1.]), colorSpace='rgb', contrast=1.0, depth=0.0, flipHoriz=False, flipVert=False, font='Arial', fontFiles=[], height=0.07, italic=False, languageStyle='LTR', name='text', opacity=1, ori=0, pos=array([0., 0.]), rgb=UNKNOWN, text=str(...), units='norm', win=Window(...), wrapWidth=1.65)
62.7994 	EXP 	Created text = TextStim(__class__=<class 'psychopy.visual.text.TextStim'>, alignHoriz=method-wrapper(...), alignText='center', alignVert=method-wrapper(...), anchorHoriz='center', anchorVert='center', antialias=True, autoLog=True, bold=False, color=array([1., 1., 1.]), colorSpace='rgb', contrast=1.0, depth=0.0, flipHoriz=False, flipVert=False, font='Arial', fontFiles=[], height=0.07, italic=False, languageStyle='LTR', name='text', opacity=1, ori=0, pos=array([0., 0.]), rgb=UNKNOWN, text=str(...), units='norm', win=Window(...), wrapWidth=1.65)
62.8088 	EXP 	Created text = TextStim(__class__=<class 'psychopy.visual.text.TextStim'>, alignHoriz=method-wrapper(...), alignText='center', alignVert=method-wrapper(...), anchorHoriz='center', anchorVert='center', antialias=True, autoLog=True, bold=False, color=array([1., 1., 1.]), colorSpace='rgb', contrast=1.0, depth=0.0, flipHoriz=False, flipVert=False, font='Arial', fontFiles=[], height=0.07, italic=False, languageStyle='LTR', name='text', opacity=1, ori=0, pos=array([0., 0.]), rgb=UNKNOWN, text=str(...), units='norm', win=Window(...), wrapWidth=1.65)
62.8140 	EXP 	Created text = TextStim(__class__=<class 'psychopy.visual.text.TextStim'>, alignHoriz=method-wrapper(...), alignText='center', alignVert=method-wrapper(...), anchorHoriz='center', anchorVert='center', antialias=True, autoLog=True, bold=False, color=array([1., 1., 1.]), colorSpace='rgb', contrast=1.0, depth=0.0, flipHoriz=False, flipVert=False, font='Arial', fontFiles=[], height=0.07, italic=False, languageStyle='LTR', name='text', opacity=1, ori=0, pos=array([0., 0.]), rgb=UNKNOWN, text=str(...), units='norm', win=Window(...), wrapWidth=1.65)
62.8279 	EXP 	Created text = TextStim(__class__=<class 'psychopy.visual.text.TextStim'>, alignHoriz=method-wrapper(...), alignText='center', alignVert=method-wrapper(...), anchorHoriz='center', anchorVert='center', antialias=True, autoLog=True, bold=False, color=array([1., 1., 1.]), colorSpace='rgb', contrast=1.0, depth=0.0, flipHoriz=False, flipVert=False, font='Arial', fontFiles=[], height=0.15, italic=False, languageStyle='LTR', name='text', opacity=1, ori=0, pos=array([0., 0.]), rgb=UNKNOWN, text=str(...), units='norm', win=Window(...), wrapWidth=1.65)
62.8561 	EXP 	Created text = TextStim(__class__=<class 'psychopy.visual.text.TextStim'>, alignHoriz=method-wrapper(...), alignText='center', alignVert=method-wrapper(...), anchorHoriz='center', anchorVert='center', antialias=True, autoLog=True, bold=False, color=array([1., 1., 1.]), colorSpace='rgb', contrast=1.0, depth=0.0, flipHoriz=False, flipVert=False, font='Arial', fontFiles=[], height=0.07, italic=False, languageStyle='LTR', name='text', opacity=1, ori=0, pos=array([0., 0.]), rgb=UNKNOWN, text=str(...), units='norm', win=Window(...), wrapWidth=1.65)
62.8741 	EXP 	Created text = TextStim(__class__=<class 'psychopy.visual.text.TextStim'>, alignHoriz=method-wrapper(...), alignText='center', alignVert=method-wrapper(...), anchorHoriz='center', anchorVert='center', antialias=True, autoLog=True, bold=False, color=array([1., 1., 1.]), colorSpace='rgb', contrast=1.0, depth=0.0, flipHoriz=False, flipVert=False, font='Arial', fontFiles=[], height=0.07, italic=False, languageStyle='LTR', name='text', opacity=1, ori=0, pos=array([0., 0.]), rgb=UNKNOWN, text=str(...), units='norm', win=Window(...), wrapWidth=1.65)
62.9043 	EXP 	Created text = TextStim(__class__=<class 'psychopy.visual.text.TextStim'>, alignHoriz=method-wrapper(...), alignText='center', alignVert=method-wrapper(...), anchorHoriz='center', anchorVert='center', antialias=True, autoLog=True, bold=False, color=array([1., 1., 1.]), colorSpace='rgb', contrast=1.0, depth=0.0, flipHoriz=False, flipVert=False, font='Arial', fontFiles=[], height=0.07, italic=False, languageStyle='LTR', name='text', opacity=1, ori=0, pos=array([0., 0.]), rgb=UNKNOWN, text=str(...), units='norm', win=Window(...), wrapWidth=1.65)
62.9319 	EXP 	Created text = TextStim(__class__=<class 'psychopy.visual.text.TextStim'>, alignHoriz=method-wrapper(...), alignText='center', alignVert=method-wrapper(...), anchorHoriz='center', anchorVert='center', antialias=True, autoLog=True, bold=False, color=array([1., 1., 1.]), colorSpace='rgb', contrast=1.0, depth=0.0, flipHoriz=False, flipVert=False, font='Arial', fontFiles=[], height=0.07, italic=False, languageStyle='LTR', name='text', opacity=1, ori=0, pos=array([0., 0.]), rgb=UNKNOWN, text=str(...), units='norm', win=Window(...), wrapWidth=1.65)
62.9642 	EXP 	Created text = TextStim(__class__=<class 'psychopy.visual.text.TextStim'>, alignHoriz=method-wrapper(...), alignText='center', alignVert=method-wrapper(...), anchorHoriz='center', anchorVert='center', antialias=True, autoLog=True, bold=False, color=array([1., 1., 1.]), colorSpace='rgb', contrast=1.0, depth=0.0, flipHoriz=False, flipVert=False, font='Arial', fontFiles=[], height=0.07, italic=False, languageStyle='LTR', name='text', opacity=1, ori=0, pos=array([0., 0.]), rgb=UNKNOWN, text=str(...), units='norm', win=Window(...), wrapWidth=1.65)
62.9732 	EXP 	Created text = TextStim(__class__=<class 'psychopy.visual.text.TextStim'>, alignHoriz=method-wrapper(...), alignText='center', alignVert=method-wrapper(...), anchorHoriz='center', anchorVert='center', antialias=True, autoLog=True, bold=False, color=array([1., 1., 1.]), colorSpace='rgb', contrast=1.0, depth=0.0, flipHoriz=False, flipVert=False, font='Arial', fontFiles=[], height=0.07, italic=False, languageStyle='LTR', name='text', opacity=1, ori=0, pos=array([0., 0.]), rgb=UNKNOWN, text=str(...), units='norm', win=Window(...), wrapWidth=1.65)
62.9854 	EXP 	Created text = TextStim(__class__=<class 'psychopy.visual.text.TextStim'>, alignHoriz=method-wrapper(...), alignText='center', alignVert=method-wrapper(...), anchorHoriz='center', anchorVert='center', antialias=True, autoLog=True, bold=False, color=array([1., 1., 1.]), colorSpace='rgb', contrast=1.0, depth=0.0, flipHoriz=False, flipVert=False, font='Arial', fontFiles=[], height=0.07, italic=False, languageStyle='LTR', name='text', opacity=1, ori=0, pos=array([0., 0.]), rgb=UNKNOWN, text=str(...), units='norm', win=Window(...), wrapWidth=1.65)
62.9900 	EXP 	Created instru = TextStim(__class__=<class 'psychopy.visual.text.TextStim'>, alignHoriz=method-wrapper(...), alignText='center', alignVert=method-wrapper(...), anchorHoriz='center', anchorVert='center', antialias=True, autoLog=True, bold=False, color=array([1., 1., 1.]), colorSpace='rgb', contrast=1.0, depth=0.0, flipHoriz=False, flipVert=False, font='Arial', fontFiles=[], height=0.07, italic=False, languageStyle='LTR', name='instru', opacity=1, ori=0, pos=array([0. , 0.5]), rgb=UNKNOWN, text=str(...), units='norm', win=Window(...), wrapWidth=1)
62.9925 	EXP 	Created unnamed Line = Line(__class__=<class 'psychopy.visual.line.Line'>, autoDraw=False, autoLog=True, closeShape=False, color=array([1., 1., 1.]), colorSpace='rgb', contrast=None, depth=0, fillColor=array([0, 0, 0]), fillColorSpace='rgb', fillRGB=array([0, 0, 0]), interpolate=True, lineColor=array([1., 1., 1.]), lineColorSpace='rgb', lineRGB=array([1, 1, 1]), lineWidth=5, name='unnamed Line', opacity=0.5, ori=0.0, pos=array([0., 0.]), size=array([1., 1.]), units='norm', vertices=array([[-0.5,  0. ],
       [ 0.5,  0. ]]), win=Window(...), windingRule=None)
62.9945 	EXP 	Created unnamed Line = Line(__class__=<class 'psychopy.visual.line.Line'>, autoDraw=False, autoLog=True, closeShape=False, color=array([1., 1., 1.]), colorSpace='rgb', contrast=None, depth=0, fillColor=array([0, 0, 0]), fillColorSpace='rgb', fillRGB=array([0, 0, 0]), interpolate=True, lineColor=array([1., 1., 1.]), lineColorSpace='rgb', lineRGB=array([1, 1, 1]), lineWidth=3, name='unnamed Line', opacity=0.5, ori=0.0, pos=array([0., 0.]), size=array([1., 1.]), units='norm', vertices=array([[-0.5 , -0.05],
       [-0.5 ,  0.05]]), win=Window(...), windingRule=None)
62.9966 	EXP 	Created unnamed Line = Line(__class__=<class 'psychopy.visual.line.Line'>, autoDraw=False, autoLog=True, closeShape=False, color=array([1., 1., 1.]), colorSpace='rgb', contrast=None, depth=0, fillColor=array([0, 0, 0]), fillColorSpace='rgb', fillRGB=array([0, 0, 0]), interpolate=True, lineColor=array([1., 1., 1.]), lineColorSpace='rgb', lineRGB=array([1, 1, 1]), lineWidth=3, name='unnamed Line', opacity=0.5, ori=0.0, pos=array([0., 0.]), size=array([1., 1.]), units='norm', vertices=ndarray(...), win=Window(...), windingRule=None)
62.9986 	EXP 	Created unnamed Line = Line(__class__=<class 'psychopy.visual.line.Line'>, autoDraw=False, autoLog=True, closeShape=False, color=array([1., 1., 1.]), colorSpace='rgb', contrast=None, depth=0, fillColor=array([0, 0, 0]), fillColorSpace='rgb', fillRGB=array([0, 0, 0]), interpolate=True, lineColor=array([1., 1., 1.]), lineColorSpace='rgb', lineRGB=array([1, 1, 1]), lineWidth=3, name='unnamed Line', opacity=0.5, ori=0.0, pos=array([0., 0.]), size=array([1., 1.]), units='norm', vertices=ndarray(...), win=Window(...), windingRule=None)
63.0006 	EXP 	Created unnamed Line = Line(__class__=<class 'psychopy.visual.line.Line'>, autoDraw=False, autoLog=True, closeShape=False, color=array([1., 1., 1.]), colorSpace='rgb', contrast=None, depth=0, fillColor=array([0, 0, 0]), fillColorSpace='rgb', fillRGB=array([0, 0, 0]), interpolate=True, lineColor=array([1., 1., 1.]), lineColorSpace='rgb', lineRGB=array([1, 1, 1]), lineWidth=3, name='unnamed Line', opacity=0.5, ori=0.0, pos=array([0., 0.]), size=array([1., 1.]), units='norm', vertices=array([[ 0.5 , -0.05],
       [ 0.5 ,  0.05]]), win=Window(...), windingRule=None)
63.0118 	EXP 	Created unnamed TextStim = TextStim(__class__=<class 'psychopy.visual.text.TextStim'>, alignHoriz=method-wrapper(...), alignText='center', alignVert=method-wrapper(...), anchorHoriz='center', anchorVert='center', antialias=True, autoLog=True, bold=False, color=array([1., 1., 1.]), colorSpace='rgb', contrast=1.0, depth=0, flipHoriz=False, flipVert=False, font='', fontFiles=[], height=0.05, italic=False, languageStyle='LTR', name='unnamed TextStim', opacity=1.0, ori=0.0, pos=array([-0.5, -0.1]), rgb=UNKNOWN, text='Clearly \n NOT FOCUSED', units='norm', win=Window(...), wrapWidth=1)
63.0129 	EXP 	Created unnamed TextStim = TextStim(__class__=<class 'psychopy.visual.text.TextStim'>, alignHoriz=method-wrapper(...), alignText='center', alignVert=method-wrapper(...), anchorHoriz='center', anchorVert='center', antialias=True, autoLog=True, bold=False, color=array([1., 1., 1.]), colorSpace='rgb', contrast=1.0, depth=0, flipHoriz=False, flipVert=False, font='', fontFiles=[], height=0.05, italic=False, languageStyle='LTR', name='unnamed TextStim', opacity=1.0, ori=0.0, pos=array([-0.16666667, -0.1       ]), rgb=UNKNOWN, text='', units='norm', win=Window(...), wrapWidth=1)
63.0139 	EXP 	Created unnamed TextStim = TextStim(__class__=<class 'psychopy.visual.text.TextStim'>, alignHoriz=method-wrapper(...), alignText='center', alignVert=method-wrapper(...), anchorHoriz='center', anchorVert='center', antialias=True, autoLog=True, bold=False, color=array([1., 1., 1.]), colorSpace='rgb', contrast=1.0, depth=0, flipHoriz=False, flipVert=False, font='', fontFiles=[], height=0.05, italic=False, languageStyle='LTR', name='unnamed TextStim', opacity=1.0, ori=0.0, pos=array([ 0.16666667, -0.1       ]), rgb=UNKNOWN, text='', units='norm', win=Window(...), wrapWidth=1)
63.0170 	EXP 	Created unnamed TextStim = TextStim(__class__=<class 'psychopy.visual.text.TextStim'>, alignHoriz=method-wrapper(...), alignText='center', alignVert=method-wrapper(...), anchorHoriz='center', anchorVert='center', antialias=True, autoLog=True, bold=False, color=array([1., 1., 1.]), colorSpace='rgb', contrast=1.0, depth=0, flipHoriz=False, flipVert=False, font='', fontFiles=[], height=0.05, italic=False, languageStyle='LTR', name='unnamed TextStim', opacity=1.0, ori=0.0, pos=array([ 0.5, -0.1]), rgb=UNKNOWN, text='Clearly \n FOCUSED', units='norm', win=Window(...), wrapWidth=1)
63.0189 	EXP 	Created unnamed ShapeStim = ShapeStim(__class__=<class 'psychopy.visual.shape.ShapeStim'>, autoDraw=False, autoLog=True, closeShape=True, color=method-wrapper(...), colorSpace='rgb', contrast=None, depth=0, fillColor=array([1, 1, 1]), fillColorSpace='rgb', fillRGB=array([1, 1, 1]), interpolate=True, lineColor=array([-1., -1., -1.]), lineColorSpace='rgb', lineRGB=array([-1, -1, -1]), lineWidth=1.5, name='unnamed ShapeStim', opacity=1.0, ori=0.0, pos=array([0., 0.]), size=array([1., 1.]), units='norm', vertices=ndarray(...), win=Window(...), windingRule=None)
63.0277 	EXP 	Created instru = TextStim(__class__=<class 'psychopy.visual.text.TextStim'>, alignHoriz=method-wrapper(...), alignText='center', alignVert=method-wrapper(...), anchorHoriz='center', anchorVert='center', antialias=True, autoLog=True, bold=False, color=array([1., 1., 1.]), colorSpace='rgb', contrast=1.0, depth=0.0, flipHoriz=False, flipVert=False, font='Arial', fontFiles=[], height=0.07, italic=False, languageStyle='LTR', name='instru', opacity=1, ori=0, pos=array([0. , 0.5]), rgb=UNKNOWN, text=str(...), units='norm', win=Window(...), wrapWidth=1)
63.0297 	EXP 	Created unnamed Line = Line(__class__=<class 'psychopy.visual.line.Line'>, autoDraw=False, autoLog=True, closeShape=False, color=array([1., 1., 1.]), colorSpace='rgb', contrast=None, depth=0, fillColor=array([0, 0, 0]), fillColorSpace='rgb', fillRGB=array([0, 0, 0]), interpolate=True, lineColor=array([1., 1., 1.]), lineColorSpace='rgb', lineRGB=array([1, 1, 1]), lineWidth=5, name='unnamed Line', opacity=0.5, ori=0.0, pos=array([0., 0.]), size=array([1., 1.]), units='norm', vertices=array([[-0.5,  0. ],
       [ 0.5,  0. ]]), win=Window(...), windingRule=None)
63.0317 	EXP 	Created unnamed Line = Line(__class__=<class 'psychopy.visual.line.Line'>, autoDraw=False, autoLog=True, closeShape=False, color=array([1., 1., 1.]), colorSpace='rgb', contrast=None, depth=0, fillColor=array([0, 0, 0]), fillColorSpace='rgb', fillRGB=array([0, 0, 0]), interpolate=True, lineColor=array([1., 1., 1.]), lineColorSpace='rgb', lineRGB=array([1, 1, 1]), lineWidth=3, name='unnamed Line', opacity=0.5, ori=0.0, pos=array([0., 0.]), size=array([1., 1.]), units='norm', vertices=array([[-0.5 , -0.05],
       [-0.5 ,  0.05]]), win=Window(...), windingRule=None)
63.0337 	EXP 	Created unnamed Line = Line(__class__=<class 'psychopy.visual.line.Line'>, autoDraw=False, autoLog=True, closeShape=False, color=array([1., 1., 1.]), colorSpace='rgb', contrast=None, depth=0, fillColor=array([0, 0, 0]), fillColorSpace='rgb', fillRGB=array([0, 0, 0]), interpolate=True, lineColor=array([1., 1., 1.]), lineColorSpace='rgb', lineRGB=array([1, 1, 1]), lineWidth=3, name='unnamed Line', opacity=0.5, ori=0.0, pos=array([0., 0.]), size=array([1., 1.]), units='norm', vertices=ndarray(...), win=Window(...), windingRule=None)
63.0358 	EXP 	Created unnamed Line = Line(__class__=<class 'psychopy.visual.line.Line'>, autoDraw=False, autoLog=True, closeShape=False, color=array([1., 1., 1.]), colorSpace='rgb', contrast=None, depth=0, fillColor=array([0, 0, 0]), fillColorSpace='rgb', fillRGB=array([0, 0, 0]), interpolate=True, lineColor=array([1., 1., 1.]), lineColorSpace='rgb', lineRGB=array([1, 1, 1]), lineWidth=3, name='unnamed Line', opacity=0.5, ori=0.0, pos=array([0., 0.]), size=array([1., 1.]), units='norm', vertices=ndarray(...), win=Window(...), windingRule=None)
63.0378 	EXP 	Created unnamed Line = Line(__class__=<class 'psychopy.visual.line.Line'>, autoDraw=False, autoLog=True, closeShape=False, color=array([1., 1., 1.]), colorSpace='rgb', contrast=None, depth=0, fillColor=array([0, 0, 0]), fillColorSpace='rgb', fillRGB=array([0, 0, 0]), interpolate=True, lineColor=array([1., 1., 1.]), lineColorSpace='rgb', lineRGB=array([1, 1, 1]), lineWidth=3, name='unnamed Line', opacity=0.5, ori=0.0, pos=array([0., 0.]), size=array([1., 1.]), units='norm', vertices=array([[ 0.5 , -0.05],
       [ 0.5 ,  0.05]]), win=Window(...), windingRule=None)
63.0428 	EXP 	Created unnamed TextStim = TextStim(__class__=<class 'psychopy.visual.text.TextStim'>, alignHoriz=method-wrapper(...), alignText='center', alignVert=method-wrapper(...), anchorHoriz='center', anchorVert='center', antialias=True, autoLog=True, bold=False, color=array([1., 1., 1.]), colorSpace='rgb', contrast=1.0, depth=0, flipHoriz=False, flipVert=False, font='', fontFiles=[], height=0.05, italic=False, languageStyle='LTR', name='unnamed TextStim', opacity=1.0, ori=0.0, pos=array([-0.5, -0.1]), rgb=UNKNOWN, text='Clearly \n NOTHING', units='norm', win=Window(...), wrapWidth=1)
63.0438 	EXP 	Created unnamed TextStim = TextStim(__class__=<class 'psychopy.visual.text.TextStim'>, alignHoriz=method-wrapper(...), alignText='center', alignVert=method-wrapper(...), anchorHoriz='center', anchorVert='center', antialias=True, autoLog=True, bold=False, color=array([1., 1., 1.]), colorSpace='rgb', contrast=1.0, depth=0, flipHoriz=False, flipVert=False, font='', fontFiles=[], height=0.05, italic=False, languageStyle='LTR', name='unnamed TextStim', opacity=1.0, ori=0.0, pos=array([-0.16666667, -0.1       ]), rgb=UNKNOWN, text='', units='norm', win=Window(...), wrapWidth=1)
63.0449 	EXP 	Created unnamed TextStim = TextStim(__class__=<class 'psychopy.visual.text.TextStim'>, alignHoriz=method-wrapper(...), alignText='center', alignVert=method-wrapper(...), anchorHoriz='center', anchorVert='center', antialias=True, autoLog=True, bold=False, color=array([1., 1., 1.]), colorSpace='rgb', contrast=1.0, depth=0, flipHoriz=False, flipVert=False, font='', fontFiles=[], height=0.05, italic=False, languageStyle='LTR', name='unnamed TextStim', opacity=1.0, ori=0.0, pos=array([ 0.16666667, -0.1       ]), rgb=UNKNOWN, text='', units='norm', win=Window(...), wrapWidth=1)
63.0489 	EXP 	Created unnamed TextStim = TextStim(__class__=<class 'psychopy.visual.text.TextStim'>, alignHoriz=method-wrapper(...), alignText='center', alignVert=method-wrapper(...), anchorHoriz='center', anchorVert='center', antialias=True, autoLog=True, bold=False, color=array([1., 1., 1.]), colorSpace='rgb', contrast=1.0, depth=0, flipHoriz=False, flipVert=False, font='', fontFiles=[], height=0.05, italic=False, languageStyle='LTR', name='unnamed TextStim', opacity=1.0, ori=0.0, pos=array([ 0.5, -0.1]), rgb=UNKNOWN, text='Clearly \n SOMETHING', units='norm', win=Window(...), wrapWidth=1)
63.0507 	EXP 	Created unnamed ShapeStim = ShapeStim(__class__=<class 'psychopy.visual.shape.ShapeStim'>, autoDraw=False, autoLog=True, closeShape=True, color=method-wrapper(...), colorSpace='rgb', contrast=None, depth=0, fillColor=array([1, 1, 1]), fillColorSpace='rgb', fillRGB=array([1, 1, 1]), interpolate=True, lineColor=array([-1., -1., -1.]), lineColorSpace='rgb', lineRGB=array([-1, -1, -1]), lineWidth=1.5, name='unnamed ShapeStim', opacity=1.0, ori=0.0, pos=array([0., 0.]), size=array([1., 1.]), units='norm', vertices=ndarray(...), win=Window(...), windingRule=None)
63.0574 	EXP 	Created instru = TextStim(__class__=<class 'psychopy.visual.text.TextStim'>, alignHoriz=method-wrapper(...), alignText='center', alignVert=method-wrapper(...), anchorHoriz='center', anchorVert='center', antialias=True, autoLog=True, bold=False, color=array([1., 1., 1.]), colorSpace='rgb', contrast=1.0, depth=0.0, flipHoriz=False, flipVert=False, font='Arial', fontFiles=[], height=0.07, italic=False, languageStyle='LTR', name='instru', opacity=1, ori=0, pos=array([0. , 0.5]), rgb=UNKNOWN, text=str(...), units='norm', win=Window(...), wrapWidth=1)
63.0594 	EXP 	Created unnamed Line = Line(__class__=<class 'psychopy.visual.line.Line'>, autoDraw=False, autoLog=True, closeShape=False, color=array([1., 1., 1.]), colorSpace='rgb', contrast=None, depth=0, fillColor=array([0, 0, 0]), fillColorSpace='rgb', fillRGB=array([0, 0, 0]), interpolate=True, lineColor=array([1., 1., 1.]), lineColorSpace='rgb', lineRGB=array([1, 1, 1]), lineWidth=5, name='unnamed Line', opacity=0.5, ori=0.0, pos=array([0., 0.]), size=array([1., 1.]), units='norm', vertices=array([[-0.5,  0. ],
       [ 0.5,  0. ]]), win=Window(...), windingRule=None)
63.0615 	EXP 	Created unnamed Line = Line(__class__=<class 'psychopy.visual.line.Line'>, autoDraw=False, autoLog=True, closeShape=False, color=array([1., 1., 1.]), colorSpace='rgb', contrast=None, depth=0, fillColor=array([0, 0, 0]), fillColorSpace='rgb', fillRGB=array([0, 0, 0]), interpolate=True, lineColor=array([1., 1., 1.]), lineColorSpace='rgb', lineRGB=array([1, 1, 1]), lineWidth=3, name='unnamed Line', opacity=0.5, ori=0.0, pos=array([0., 0.]), size=array([1., 1.]), units='norm', vertices=array([[-0.5 , -0.05],
       [-0.5 ,  0.05]]), win=Window(...), windingRule=None)
63.0635 	EXP 	Created unnamed Line = Line(__class__=<class 'psychopy.visual.line.Line'>, autoDraw=False, autoLog=True, closeShape=False, color=array([1., 1., 1.]), colorSpace='rgb', contrast=None, depth=0, fillColor=array([0, 0, 0]), fillColorSpace='rgb', fillRGB=array([0, 0, 0]), interpolate=True, lineColor=array([1., 1., 1.]), lineColorSpace='rgb', lineRGB=array([1, 1, 1]), lineWidth=3, name='unnamed Line', opacity=0.5, ori=0.0, pos=array([0., 0.]), size=array([1., 1.]), units='norm', vertices=ndarray(...), win=Window(...), windingRule=None)
63.0655 	EXP 	Created unnamed Line = Line(__class__=<class 'psychopy.visual.line.Line'>, autoDraw=False, autoLog=True, closeShape=False, color=array([1., 1., 1.]), colorSpace='rgb', contrast=None, depth=0, fillColor=array([0, 0, 0]), fillColorSpace='rgb', fillRGB=array([0, 0, 0]), interpolate=True, lineColor=array([1., 1., 1.]), lineColorSpace='rgb', lineRGB=array([1, 1, 1]), lineWidth=3, name='unnamed Line', opacity=0.5, ori=0.0, pos=array([0., 0.]), size=array([1., 1.]), units='norm', vertices=ndarray(...), win=Window(...), windingRule=None)
63.0675 	EXP 	Created unnamed Line = Line(__class__=<class 'psychopy.visual.line.Line'>, autoDraw=False, autoLog=True, closeShape=False, color=array([1., 1., 1.]), colorSpace='rgb', contrast=None, depth=0, fillColor=array([0, 0, 0]), fillColorSpace='rgb', fillRGB=array([0, 0, 0]), interpolate=True, lineColor=array([1., 1., 1.]), lineColorSpace='rgb', lineRGB=array([1, 1, 1]), lineWidth=3, name='unnamed Line', opacity=0.5, ori=0.0, pos=array([0., 0.]), size=array([1., 1.]), units='norm', vertices=array([[ 0.5 , -0.05],
       [ 0.5 ,  0.05]]), win=Window(...), windingRule=None)
63.0725 	EXP 	Created unnamed TextStim = TextStim(__class__=<class 'psychopy.visual.text.TextStim'>, alignHoriz=method-wrapper(...), alignText='center', alignVert=method-wrapper(...), anchorHoriz='center', anchorVert='center', antialias=True, autoLog=True, bold=False, color=array([1., 1., 1.]), colorSpace='rgb', contrast=1.0, depth=0, flipHoriz=False, flipVert=False, font='', fontFiles=[], height=0.05, italic=False, languageStyle='LTR', name='unnamed TextStim', opacity=1.0, ori=0.0, pos=array([-0.5, -0.1]), rgb=UNKNOWN, text='Clearly \n SPONTANEOUS', units='norm', win=Window(...), wrapWidth=1)
63.0736 	EXP 	Created unnamed TextStim = TextStim(__class__=<class 'psychopy.visual.text.TextStim'>, alignHoriz=method-wrapper(...), alignText='center', alignVert=method-wrapper(...), anchorHoriz='center', anchorVert='center', antialias=True, autoLog=True, bold=False, color=array([1., 1., 1.]), colorSpace='rgb', contrast=1.0, depth=0, flipHoriz=False, flipVert=False, font='', fontFiles=[], height=0.05, italic=False, languageStyle='LTR', name='unnamed TextStim', opacity=1.0, ori=0.0, pos=array([-0.16666667, -0.1       ]), rgb=UNKNOWN, text='', units='norm', win=Window(...), wrapWidth=1)
63.0746 	EXP 	Created unnamed TextStim = TextStim(__class__=<class 'psychopy.visual.text.TextStim'>, alignHoriz=method-wrapper(...), alignText='center', alignVert=method-wrapper(...), anchorHoriz='center', anchorVert='center', antialias=True, autoLog=True, bold=False, color=array([1., 1., 1.]), colorSpace='rgb', contrast=1.0, depth=0, flipHoriz=False, flipVert=False, font='', fontFiles=[], height=0.05, italic=False, languageStyle='LTR', name='unnamed TextStim', opacity=1.0, ori=0.0, pos=array([ 0.16666667, -0.1       ]), rgb=UNKNOWN, text='', units='norm', win=Window(...), wrapWidth=1)
63.0798 	EXP 	Created unnamed TextStim = TextStim(__class__=<class 'psychopy.visual.text.TextStim'>, alignHoriz=method-wrapper(...), alignText='center', alignVert=method-wrapper(...), anchorHoriz='center', anchorVert='center', antialias=True, autoLog=True, bold=False, color=array([1., 1., 1.]), colorSpace='rgb', contrast=1.0, depth=0, flipHoriz=False, flipVert=False, font='', fontFiles=[], height=0.05, italic=False, languageStyle='LTR', name='unnamed TextStim', opacity=1.0, ori=0.0, pos=array([ 0.5, -0.1]), rgb=UNKNOWN, text='Clearly \n DELIBERATE', units='norm', win=Window(...), wrapWidth=1)
63.0816 	EXP 	Created unnamed ShapeStim = ShapeStim(__class__=<class 'psychopy.visual.shape.ShapeStim'>, autoDraw=False, autoLog=True, closeShape=True, color=method-wrapper(...), colorSpace='rgb', contrast=None, depth=0, fillColor=array([1, 1, 1]), fillColorSpace='rgb', fillRGB=array([1, 1, 1]), interpolate=True, lineColor=array([-1., -1., -1.]), lineColorSpace='rgb', lineRGB=array([-1, -1, -1]), lineWidth=1.5, name='unnamed ShapeStim', opacity=1.0, ori=0.0, pos=array([0., 0.]), size=array([1., 1.]), units='norm', vertices=ndarray(...), win=Window(...), windingRule=None)
63.1318 	EXP 	Sound  set volume 1.000
63.1617 	EXP 	unnamed ShapeStim: vertices = <class 'numpy.ndarray'>
63.1617 	EXP 	unnamed ShapeStim: vertices = <class 'numpy.ndarray'>
63.1617 	EXP 	unnamed ShapeStim: vertices = <class 'numpy.ndarray'>
67.5406 	DATA 	Keypress: rctrl
68.6925 	DATA 	Keypress: rctrl
70.1645 	DATA 	Keypress: rctrl
70.1798 	EXP 	unnamed TextStim: text = ''
70.1798 	EXP 	unnamed TextStim: text = ''
71.5473 	DATA 	Keypress: 4
71.5638 	EXP 	unnamed ShapeStim: vertices = <class 'numpy.ndarray'>
73.6044 	DATA 	Keypress: rctrl
73.6327 	EXP 	unnamed TextStim: text = ''
73.6327 	EXP 	unnamed TextStim: text = ''
74.8538 	DATA 	Keypress: 4
74.8832 	EXP 	unnamed ShapeStim: vertices = <class 'numpy.ndarray'>
76.4005 	DATA 	Keypress: rctrl
77.2206 	DATA 	Keypress: rctrl
77.2356 	EXP 	unnamed TextStim: text = ''
77.2356 	EXP 	unnamed TextStim: text = ''
78.1699 	DATA 	Keypress: 4
78.1864 	EXP 	unnamed ShapeStim: vertices = <class 'numpy.ndarray'>
81.2686 	DATA 	Keypress: rctrl
83.0285 	DATA 	Keypress: rctrl
84.5645 	DATA 	Keypress: rctrl
85.0757 	EXP 	Sound  started
85.7805 	DATA 	Keypress: rctrl
85.8257 	EXP 	Sound  started
86.5324 	DATA 	Keypress: lctrl
86.5757 	EXP 	Sound  started
87.2845 	DATA 	Keypress: rctrl
87.3257 	EXP 	Sound  started
88.0204 	DATA 	Keypress: rctrl
88.0758 	EXP 	Sound  started
88.6924 	DATA 	Keypress: lctrl
88.8258 	EXP 	Sound  started
89.5724 	DATA 	Keypress: lctrl
89.5758 	EXP 	Sound  started
90.3244 	DATA 	Keypress: rctrl
90.3258 	EXP 	Sound  started
91.0444 	DATA 	Keypress: lctrl
91.0758 	EXP 	Sound  started
91.7644 	DATA 	Keypress: rctrl
91.8258 	EXP 	Sound  started
92.5165 	DATA 	Keypress: rctrl
92.5758 	EXP 	Sound  started
93.2044 	DATA 	Keypress: lctrl
93.3259 	EXP 	Sound  started
94.0685 	DATA 	Keypress: lctrl
94.0759 	EXP 	Sound  started
94.7725 	DATA 	Keypress: rctrl
94.8259 	EXP 	Sound  started
95.5725 	DATA 	Keypress: rctrl
95.5759 	EXP 	Sound  started
96.2284 	DATA 	Keypress: rctrl
96.3259 	EXP 	Sound  started
96.8845 	DATA 	Keypress: lctrl
97.0759 	EXP 	Sound  started
97.7164 	DATA 	Keypress: rctrl
97.8259 	EXP 	Sound  started
98.4685 	DATA 	Keypress: lctrl
98.5760 	EXP 	Sound  started
99.2365 	DATA 	Keypress: lctrl
99.3260 	EXP 	Sound  started
100.0044 	DATA 	Keypress: rctrl
100.0760 	EXP 	Sound  started
100.7565 	DATA 	Keypress: lctrl
100.8260 	EXP 	Sound  started
101.5084 	DATA 	Keypress: lctrl
101.5760 	EXP 	Sound  started
102.2124 	DATA 	Keypress: rctrl
102.3260 	EXP 	Sound  started
102.9485 	DATA 	Keypress: rctrl
103.0760 	EXP 	Sound  started
103.7164 	DATA 	Keypress: lctrl
103.8261 	EXP 	Sound  started
104.5324 	DATA 	Keypress: rctrl
104.5761 	EXP 	Sound  started
105.2045 	DATA 	Keypress: rctrl
105.3261 	EXP 	Sound  started
105.8764 	DATA 	Keypress: rctrl
106.0761 	EXP 	Sound  started
106.7244 	DATA 	Keypress: lctrl
106.8261 	EXP 	Sound  started
107.4926 	DATA 	Keypress: lctrl
107.5761 	EXP 	Sound  started
108.1965 	DATA 	Keypress: rctrl
108.3261 	EXP 	Sound  started
109.0605 	DATA 	Keypress: lctrl
109.0761 	EXP 	Sound  started
109.7646 	DATA 	Keypress: lctrl
109.8262 	EXP 	Sound  started
110.4685 	DATA 	Keypress: rctrl
110.5762 	EXP 	Sound  started
111.2045 	DATA 	Keypress: lctrl
111.3262 	EXP 	Sound  started
111.9565 	DATA 	Keypress: rctrl
112.0762 	EXP 	Sound  started
112.6285 	DATA 	Keypress: rctrl
112.8262 	EXP 	Sound  started
113.3485 	DATA 	Keypress: rctrl
113.5762 	EXP 	Sound  started
114.2764 	DATA 	Keypress: rctrl
114.3262 	EXP 	Sound  started
115.0604 	DATA 	Keypress: lctrl
115.0763 	EXP 	Sound  started
115.7644 	DATA 	Keypress: rctrl
115.8263 	EXP 	Sound  started
116.5006 	DATA 	Keypress: rctrl
116.5763 	EXP 	Sound  started
117.2044 	DATA 	Keypress: lctrl
117.3263 	EXP 	Sound  started
118.0365 	DATA 	Keypress: rctrl
118.0763 	EXP 	Sound  started
118.7565 	DATA 	Keypress: lctrl
118.8263 	EXP 	Sound  started
119.5085 	DATA 	Keypress: lctrl
119.5763 	EXP 	Sound  started
120.3264 	EXP 	Sound  started
120.3404 	DATA 	Keypress: rctrl
121.0125 	DATA 	Keypress: lctrl
121.0764 	EXP 	Sound  started
121.7324 	DATA 	Keypress: rctrl
121.8264 	EXP 	Sound  started
122.4205 	DATA 	Keypress: rctrl
122.5764 	EXP 	Sound  started
123.2845 	DATA 	Keypress: lctrl
123.3264 	EXP 	Sound  started
123.9725 	DATA 	Keypress: lctrl
124.0764 	EXP 	Sound  started
124.7405 	DATA 	Keypress: rctrl
124.8264 	EXP 	Sound  started
125.4925 	DATA 	Keypress: rctrl
125.5764 	EXP 	Sound  started
126.2126 	DATA 	Keypress: rctrl
126.3265 	EXP 	Sound  started
126.9966 	DATA 	Keypress: lctrl
127.0765 	EXP 	Sound  started
127.6845 	DATA 	Keypress: rctrl
127.8265 	EXP 	Sound  started
128.4365 	DATA 	Keypress: lctrl
128.5765 	EXP 	Sound  started
129.3004 	DATA 	Keypress: lctrl
129.3265 	EXP 	Sound  started
129.9564 	DATA 	Keypress: rctrl
130.0765 	EXP 	Sound  started
130.7085 	DATA 	Keypress: rctrl
130.8265 	EXP 	Sound  started
131.4925 	DATA 	Keypress: lctrl
131.5765 	EXP 	Sound  started
132.2765 	DATA 	Keypress: rctrl
132.3266 	EXP 	Sound  started
132.9965 	DATA 	Keypress: rctrl
133.0766 	EXP 	Sound  started
133.7326 	DATA 	Keypress: lctrl
133.8266 	EXP 	Sound  started
134.5004 	DATA 	Keypress: lctrl
134.5766 	EXP 	Sound  started
135.2045 	DATA 	Keypress: rctrl
135.3266 	EXP 	Sound  started
135.8765 	DATA 	Keypress: lctrl
136.0767 	EXP 	Sound  started
136.7405 	DATA 	Keypress: lctrl
136.8267 	EXP 	Sound  started
137.5084 	DATA 	Keypress: lctrl
137.5767 	EXP 	Sound  started
138.2445 	DATA 	Keypress: rctrl
138.3267 	EXP 	Sound  started
138.9806 	DATA 	Keypress: lctrl
139.0767 	EXP 	Sound  started
139.7164 	DATA 	Keypress: rctrl
139.8267 	EXP 	Sound  started
140.4844 	DATA 	Keypress: lctrl
140.5767 	EXP 	Sound  started
141.2686 	DATA 	Keypress: lctrl
141.3267 	EXP 	Sound  started
141.9725 	DATA 	Keypress: rctrl
142.0768 	EXP 	Sound  started
142.7405 	DATA 	Keypress: rctrl
142.8268 	EXP 	Sound  started
143.5244 	DATA 	Keypress: rctrl
154.4858 	DATA 	Keypress: 3
154.5152 	EXP 	unnamed ShapeStim: vertices = <class 'numpy.ndarray'>
161.4877 	DATA 	Keypress: 1
161.5043 	EXP 	unnamed ShapeStim: vertices = <class 'numpy.ndarray'>
173.7980 	DATA 	Keypress: 3
173.8144 	EXP 	unnamed ShapeStim: vertices = <class 'numpy.ndarray'>
176.0986 	EXP 	Sound  started
176.7566 	DATA 	Keypress: rctrl
176.8486 	EXP 	Sound  started
177.5244 	DATA 	Keypress: lctrl
177.5986 	EXP 	Sound  started
178.3084 	DATA 	Keypress: lctrl
178.3487 	EXP 	Sound  started
179.0444 	DATA 	Keypress: rctrl
179.0987 	EXP 	Sound  started
179.7165 	DATA 	Keypress: lctrl
179.8487 	EXP 	Sound  started
180.4846 	DATA 	Keypress: lctrl
180.5987 	EXP 	Sound  started
181.2205 	DATA 	Keypress: rctrl
181.3487 	EXP 	Sound  started
181.9245 	DATA 	Keypress: rctrl
182.0987 	EXP 	Sound  started
182.7885 	DATA 	Keypress: lctrl
182.8488 	EXP 	Sound  started
183.4605 	DATA 	Keypress: rctrl
183.5988 	EXP 	Sound  started
184.1966 	DATA 	Keypress: lctrl
184.3488 	EXP 	Sound  started
184.9325 	DATA 	Keypress: lctrl
185.0988 	EXP 	Sound  started
185.8124 	DATA 	Keypress: rctrl
185.8488 	EXP 	Sound  started
186.5644 	DATA 	Keypress: lctrl
186.5988 	EXP 	Sound  started
187.2365 	DATA 	Keypress: rctrl
187.3488 	EXP 	Sound  started
187.9724 	DATA 	Keypress: rctrl
188.0988 	EXP 	Sound  started
188.6765 	DATA 	Keypress: rctrl
188.8488 	EXP 	Sound  started
189.5884 	DATA 	Keypress: lctrl
189.5989 	EXP 	Sound  started
190.2125 	DATA 	Keypress: rctrl
190.3489 	EXP 	Sound  started
190.9325 	DATA 	Keypress: lctrl
191.0989 	EXP 	Sound  started
191.7485 	DATA 	Keypress: lctrl
191.8489 	EXP 	Sound  started
192.5165 	DATA 	Keypress: rctrl
192.5989 	EXP 	Sound  started
193.2365 	DATA 	Keypress: rctrl
193.3489 	EXP 	Sound  started
193.9085 	DATA 	Keypress: lctrl
194.0989 	EXP 	Sound  started
194.7085 	DATA 	Keypress: rctrl
194.8490 	EXP 	Sound  started
195.4926 	DATA 	Keypress: rctrl
195.5990 	EXP 	Sound  started
196.2286 	DATA 	Keypress: lctrl
196.3490 	EXP 	Sound  started
196.9644 	DATA 	Keypress: lctrl
197.0990 	EXP 	Sound  started
197.7804 	DATA 	Keypress: lctrl
197.8490 	EXP 	Sound  started
198.5006 	DATA 	Keypress: rctrl
198.5990 	EXP 	Sound  started
199.3005 	DATA 	Keypress: lctrl
199.3490 	EXP 	Sound  started
199.9884 	DATA 	Keypress: rctrl
200.0991 	EXP 	Sound  started
200.6764 	DATA 	Keypress: rctrl
200.8491 	EXP 	Sound  started
201.4605 	DATA 	Keypress: rctrl
201.5991 	EXP 	Sound  started
202.2285 	DATA 	Keypress: lctrl
202.3491 	EXP 	Sound  started
202.9644 	DATA 	Keypress: rctrl
203.0991 	EXP 	Sound  started
203.6685 	DATA 	Keypress: lctrl
203.8491 	EXP 	Sound  started
204.4364 	DATA 	Keypress: rctrl
204.5991 	EXP 	Sound  started
205.3004 	DATA 	Keypress: rctrl
205.3491 	EXP 	Sound  started
206.0685 	DATA 	Keypress: rctrl
206.0992 	EXP 	Sound  started
206.7564 	DATA 	Keypress: lctrl
206.8492 	EXP 	Sound  started
207.4444 	DATA 	Keypress: lctrl
207.5992 	EXP 	Sound  started
208.2765 	DATA 	Keypress: rctrl
208.3492 	EXP 	Sound  started
209.0444 	DATA 	Keypress: rctrl
209.0992 	EXP 	Sound  started
209.8445 	DATA 	Keypress: lctrl
209.8492 	EXP 	Sound  started
210.5992 	EXP 	Sound  started
210.6604 	DATA 	Keypress: lctrl
211.2845 	DATA 	Keypress: rctrl
211.3493 	EXP 	Sound  started
212.0526 	DATA 	Keypress: rctrl
212.0993 	EXP 	Sound  started
212.7405 	DATA 	Keypress: lctrl
212.8493 	EXP 	Sound  started
213.5404 	DATA 	Keypress: rctrl
213.5993 	EXP 	Sound  started
214.2765 	DATA 	Keypress: rctrl
214.3493 	EXP 	Sound  started
214.9964 	DATA 	Keypress: lctrl
215.0993 	EXP 	Sound  started
215.7325 	DATA 	Keypress: rctrl
215.8493 	EXP 	Sound  started
216.4524 	DATA 	Keypress: lctrl
216.5994 	EXP 	Sound  started
217.2365 	DATA 	Keypress: lctrl
217.3494 	EXP 	Sound  started
218.0204 	DATA 	Keypress: lctrl
218.0994 	EXP 	Sound  started
218.8365 	DATA 	Keypress: rctrl
218.8494 	EXP 	Sound  started
219.5244 	DATA 	Keypress: rctrl
219.5994 	EXP 	Sound  started
220.3404 	DATA 	Keypress: rctrl
220.3494 	EXP 	Sound  started
221.0445 	DATA 	Keypress: lctrl
241.1735 	DATA 	Keypress: 3
241.2029 	EXP 	unnamed ShapeStim: vertices = <class 'numpy.ndarray'>
247.6751 	DATA 	Keypress: 1
247.6916 	EXP 	unnamed ShapeStim: vertices = <class 'numpy.ndarray'>
252.7125 	DATA 	Keypress: 4
252.7291 	EXP 	unnamed ShapeStim: vertices = <class 'numpy.ndarray'>
255.0142 	EXP 	Sound  started
255.6205 	DATA 	Keypress: rctrl
255.7642 	EXP 	Sound  started
256.3564 	DATA 	Keypress: lctrl
256.5143 	EXP 	Sound  started
257.1245 	DATA 	Keypress: lctrl
257.2643 	EXP 	Sound  started
257.9244 	DATA 	Keypress: rctrl
258.0143 	EXP 	Sound  started
258.5964 	DATA 	Keypress: lctrl
258.7643 	EXP 	Sound  started
259.4124 	DATA 	Keypress: lctrl
259.5143 	EXP 	Sound  started
260.1805 	DATA 	Keypress: rctrl
260.2643 	EXP 	Sound  started
260.9005 	DATA 	Keypress: lctrl
261.0143 	EXP 	Sound  started
261.7165 	DATA 	Keypress: rctrl
261.7643 	EXP 	Sound  started
262.4205 	DATA 	Keypress: rctrl
262.5143 	EXP 	Sound  started
263.1245 	DATA 	Keypress: rctrl
263.2644 	EXP 	Sound  started
263.8285 	DATA 	Keypress: lctrl
264.0144 	EXP 	Sound  started
264.6285 	DATA 	Keypress: rctrl
264.7644 	EXP 	Sound  started
265.2845 	DATA 	Keypress: lctrl
265.5144 	EXP 	Sound  started
266.1645 	DATA 	Keypress: lctrl
266.2644 	EXP 	Sound  started
266.9005 	DATA 	Keypress: lctrl
267.0144 	EXP 	Sound  started
267.6364 	DATA 	Keypress: rctrl
267.7644 	EXP 	Sound  started
268.4844 	DATA 	Keypress: lctrl
268.5145 	EXP 	Sound  started
269.2044 	DATA 	Keypress: lctrl
269.2645 	EXP 	Sound  started
269.8924 	DATA 	Keypress: lctrl
270.0145 	EXP 	Sound  started
270.6125 	DATA 	Keypress: rctrl
270.7645 	EXP 	Sound  started
271.3965 	DATA 	Keypress: rctrl
271.5145 	EXP 	Sound  started
272.1325 	DATA 	Keypress: lctrl
272.2645 	EXP 	Sound  started
272.9005 	DATA 	Keypress: rctrl
273.0145 	EXP 	Sound  started
273.6524 	DATA 	Keypress: lctrl
273.7646 	EXP 	Sound  started
274.3565 	DATA 	Keypress: lctrl
274.5146 	EXP 	Sound  started
275.1564 	DATA 	Keypress: rctrl
275.2646 	EXP 	Sound  started
275.9244 	DATA 	Keypress: rctrl
276.0146 	EXP 	Sound  started
276.6445 	DATA 	Keypress: lctrl
276.7646 	EXP 	Sound  started
277.4124 	DATA 	Keypress: rctrl
277.5146 	EXP 	Sound  started
278.1644 	DATA 	Keypress: rctrl
278.2646 	EXP 	Sound  started
278.9484 	DATA 	Keypress: rctrl
279.0147 	EXP 	Sound  started
279.7647 	EXP 	Sound  started
279.7805 	DATA 	Keypress: lctrl
280.4845 	DATA 	Keypress: lctrl
280.5147 	EXP 	Sound  started
281.2526 	DATA 	Keypress: rctrl
281.2647 	EXP 	Sound  started
282.0147 	EXP 	Sound  started
282.0365 	DATA 	Keypress: rctrl
282.6764 	DATA 	Keypress: rctrl
282.7647 	EXP 	Sound  started
283.3965 	DATA 	Keypress: rctrl
283.5147 	EXP 	Sound  started
284.2125 	DATA 	Keypress: lctrl
284.2647 	EXP 	Sound  started
284.9325 	DATA 	Keypress: rctrl
285.0148 	EXP 	Sound  started
285.6204 	DATA 	Keypress: lctrl
285.7648 	EXP 	Sound  started
286.3564 	DATA 	Keypress: rctrl
286.5148 	EXP 	Sound  started
287.1085 	DATA 	Keypress: rctrl
287.2648 	EXP 	Sound  started
287.9085 	DATA 	Keypress: lctrl
288.0148 	EXP 	Sound  started
288.6925 	DATA 	Keypress: lctrl
288.7648 	EXP 	Sound  started
289.3965 	DATA 	Keypress: rctrl
289.5148 	EXP 	Sound  started
290.1645 	DATA 	Keypress: rctrl
290.2649 	EXP 	Sound  started
290.8365 	DATA 	Keypress: rctrl
291.0149 	EXP 	Sound  started
291.5885 	DATA 	Keypress: rctrl
291.7649 	EXP 	Sound  started
292.4365 	DATA 	Keypress: rctrl
292.5149 	EXP 	Sound  started
293.1565 	DATA 	Keypress: rctrl
293.2649 	EXP 	Sound  started
293.8765 	DATA 	Keypress: lctrl
294.0149 	EXP 	Sound  started
294.6285 	DATA 	Keypress: rctrl
294.7649 	EXP 	Sound  started
295.4285 	DATA 	Keypress: lctrl
295.5150 	EXP 	Sound  started
296.1645 	DATA 	Keypress: lctrl
296.2650 	EXP 	Sound  started
296.8845 	DATA 	Keypress: lctrl
297.0150 	EXP 	Sound  started
297.6044 	DATA 	Keypress: rctrl
297.7650 	EXP 	Sound  started
298.3405 	DATA 	Keypress: lctrl
298.5150 	EXP 	Sound  started
299.0925 	DATA 	Keypress: rctrl
299.2650 	EXP 	Sound  started
299.8605 	DATA 	Keypress: rctrl
300.0150 	EXP 	Sound  started
300.5965 	DATA 	Keypress: rctrl
300.7651 	EXP 	Sound  started
301.3646 	DATA 	Keypress: lctrl
301.5151 	EXP 	Sound  started
302.1004 	DATA 	Keypress: rctrl
302.2651 	EXP 	Sound  started
302.8525 	DATA 	Keypress: rctrl
303.0151 	EXP 	Sound  started
303.5725 	DATA 	Keypress: rctrl
303.7651 	EXP 	Sound  started
304.3724 	DATA 	Keypress: lctrl
304.5151 	EXP 	Sound  started
305.1404 	DATA 	Keypress: rctrl
322.9035 	DATA 	Keypress: 4
322.9200 	EXP 	unnamed ShapeStim: vertices = <class 'numpy.ndarray'>
333.7123 	DATA 	Keypress: 1
333.7288 	EXP 	unnamed ShapeStim: vertices = <class 'numpy.ndarray'>
353.6453 	DATA 	Keypress: 3
353.6619 	EXP 	unnamed ShapeStim: vertices = <class 'numpy.ndarray'>
355.9471 	EXP 	Sound  started
356.5966 	DATA 	Keypress: rctrl
356.6971 	EXP 	Sound  started
357.2844 	DATA 	Keypress: lctrl
357.4471 	EXP 	Sound  started
358.0525 	DATA 	Keypress: lctrl
358.1972 	EXP 	Sound  started
358.7885 	DATA 	Keypress: rctrl
358.9472 	EXP 	Sound  started
359.5245 	DATA 	Keypress: lctrl
359.6972 	EXP 	Sound  started
360.3885 	DATA 	Keypress: rctrl
360.4472 	EXP 	Sound  started
361.1565 	DATA 	Keypress: rctrl
361.1972 	EXP 	Sound  started
361.8605 	DATA 	Keypress: lctrl
361.9472 	EXP 	Sound  started
362.5804 	DATA 	Keypress: rctrl
362.6972 	EXP 	Sound  started
363.2844 	DATA 	Keypress: lctrl
363.4473 	EXP 	Sound  started
364.1485 	DATA 	Keypress: lctrl
364.1973 	EXP 	Sound  started
364.8685 	DATA 	Keypress: lctrl
364.9473 	EXP 	Sound  started
365.6365 	DATA 	Keypress: rctrl
365.6973 	EXP 	Sound  started
366.2765 	DATA 	Keypress: lctrl
366.4473 	EXP 	Sound  started
367.0284 	DATA 	Keypress: rctrl
367.1973 	EXP 	Sound  started
367.7965 	DATA 	Keypress: rctrl
367.9473 	EXP 	Sound  started
368.5005 	DATA 	Keypress: rctrl
368.6973 	EXP 	Sound  started
369.2364 	DATA 	Keypress: lctrl
369.4474 	EXP 	Sound  started
369.9724 	DATA 	Keypress: rctrl
370.1974 	EXP 	Sound  started
370.8364 	DATA 	Keypress: lctrl
370.9474 	EXP 	Sound  started
371.6045 	DATA 	Keypress: lctrl
371.6974 	EXP 	Sound  started
372.3884 	DATA 	Keypress: lctrl
372.4474 	EXP 	Sound  started
373.0606 	DATA 	Keypress: rctrl
373.1974 	EXP 	Sound  started
373.7964 	DATA 	Keypress: lctrl
373.9474 	EXP 	Sound  started
374.5805 	DATA 	Keypress: rctrl
374.6975 	EXP 	Sound  started
375.2845 	DATA 	Keypress: rctrl
375.4475 	EXP 	Sound  started
376.0205 	DATA 	Keypress: lctrl
376.1975 	EXP 	Sound  started
376.8685 	DATA 	Keypress: lctrl
376.9475 	EXP 	Sound  started
377.5404 	DATA 	Keypress: lctrl
377.6975 	EXP 	Sound  started
378.3886 	DATA 	Keypress: lctrl
378.4475 	EXP 	Sound  started
379.0445 	DATA 	Keypress: rctrl
379.1975 	EXP 	Sound  started
379.8125 	DATA 	Keypress: lctrl
379.9475 	EXP 	Sound  started
380.5805 	DATA 	Keypress: rctrl
380.6976 	EXP 	Sound  started
381.3165 	DATA 	Keypress: rctrl
381.4476 	EXP 	Sound  started
381.9885 	DATA 	Keypress: lctrl
382.1976 	EXP 	Sound  started
382.8044 	DATA 	Keypress: rctrl
382.9476 	EXP 	Sound  started
383.5885 	DATA 	Keypress: lctrl
383.6976 	EXP 	Sound  started
384.3724 	DATA 	Keypress: lctrl
384.4476 	EXP 	Sound  started
385.0925 	DATA 	Keypress: rctrl
385.1976 	EXP 	Sound  started
385.7805 	DATA 	Keypress: rctrl
385.9477 	EXP 	Sound  started
386.4204 	DATA 	Keypress: lctrl
386.6977 	EXP 	Sound  started
387.2525 	DATA 	Keypress: lctrl
387.4477 	EXP 	Sound  started
388.0366 	DATA 	Keypress: rctrl
388.1977 	EXP 	Sound  started
388.7725 	DATA 	Keypress: lctrl
388.9477 	EXP 	Sound  started
389.4284 	DATA 	Keypress: rctrl
389.6977 	EXP 	Sound  started
390.2925 	DATA 	Keypress: rctrl
390.4477 	EXP 	Sound  started
391.0124 	DATA 	Keypress: lctrl
391.1978 	EXP 	Sound  started
391.7645 	DATA 	Keypress: rctrl
391.9478 	EXP 	Sound  started
392.5007 	DATA 	Keypress: rctrl
392.6978 	EXP 	Sound  started
393.2525 	DATA 	Keypress: rctrl
393.4478 	EXP 	Sound  started
394.0365 	DATA 	Keypress: lctrl
394.1978 	EXP 	Sound  started
394.8525 	DATA 	Keypress: lctrl
394.9478 	EXP 	Sound  started
395.5564 	DATA 	Keypress: rctrl
395.6978 	EXP 	Sound  started
396.3405 	DATA 	Keypress: lctrl
396.4478 	EXP 	Sound  started
397.0606 	DATA 	Keypress: rctrl
397.1979 	EXP 	Sound  started
397.7805 	DATA 	Keypress: lctrl
397.9479 	EXP 	Sound  started
398.5005 	DATA 	Keypress: lctrl
398.6979 	EXP 	Sound  started
399.2524 	DATA 	Keypress: rctrl
399.4479 	EXP 	Sound  started
400.0526 	DATA 	Keypress: rctrl
400.1979 	EXP 	Sound  started
400.6925 	DATA 	Keypress: lctrl
400.9479 	EXP 	Sound  started
401.5724 	DATA 	Keypress: rctrl
401.6979 	EXP 	Sound  started
402.2926 	DATA 	Keypress: rctrl
402.4480 	EXP 	Sound  started
402.9804 	DATA 	Keypress: rctrl
403.1980 	EXP 	Sound  started
403.7806 	DATA 	Keypress: lctrl
403.9480 	EXP 	Sound  started
404.5965 	DATA 	Keypress: lctrl
404.6980 	EXP 	Sound  started
405.3005 	DATA 	Keypress: rctrl
405.4480 	EXP 	Sound  started
406.0684 	DATA 	Keypress: lctrl
406.1980 	EXP 	Sound  started
406.8845 	DATA 	Keypress: lctrl
406.9481 	EXP 	Sound  started
407.5885 	DATA 	Keypress: lctrl
407.6981 	EXP 	Sound  started
408.3244 	DATA 	Keypress: rctrl
408.4481 	EXP 	Sound  started
409.0284 	DATA 	Keypress: lctrl
409.1981 	EXP 	Sound  started
409.8284 	DATA 	Keypress: rctrl
409.9481 	EXP 	Sound  started
410.5645 	DATA 	Keypress: lctrl
410.6981 	EXP 	Sound  started
411.3165 	DATA 	Keypress: lctrl
415.7334 	DATA 	Keypress: 4
415.7628 	EXP 	unnamed ShapeStim: vertices = <class 'numpy.ndarray'>
418.7654 	DATA 	Keypress: 1
418.7819 	EXP 	unnamed ShapeStim: vertices = <class 'numpy.ndarray'>
425.6377 	DATA 	Keypress: 3
425.6542 	EXP 	unnamed ShapeStim: vertices = <class 'numpy.ndarray'>
427.9392 	EXP 	Sound  started
428.1006 	DATA 	Keypress: rctrl
428.6124 	DATA 	Keypress: lctrl
428.6892 	EXP 	Sound  started
429.3485 	DATA 	Keypress: lctrl
429.4392 	EXP 	Sound  started
430.1165 	DATA 	Keypress: rctrl
430.1892 	EXP 	Sound  started
430.8685 	DATA 	Keypress: rctrl
430.9392 	EXP 	Sound  started
431.5885 	DATA 	Keypress: lctrl
431.6892 	EXP 	Sound  started
432.3405 	DATA 	Keypress: lctrl
432.4392 	EXP 	Sound  started
433.0605 	DATA 	Keypress: rctrl
433.1893 	EXP 	Sound  started
433.7325 	DATA 	Keypress: rctrl
433.9393 	EXP 	Sound  started
434.5645 	DATA 	Keypress: rctrl
434.6893 	EXP 	Sound  started
435.1885 	DATA 	Keypress: rctrl
435.4393 	EXP 	Sound  started
435.9725 	DATA 	Keypress: lctrl
436.1893 	EXP 	Sound  started
436.8045 	DATA 	Keypress: lctrl
436.9393 	EXP 	Sound  started
437.5405 	DATA 	Keypress: rctrl
437.6894 	EXP 	Sound  started
438.1965 	DATA 	Keypress: lctrl
438.4394 	EXP 	Sound  started
439.1245 	DATA 	Keypress: lctrl
439.1894 	EXP 	Sound  started
439.7965 	DATA 	Keypress: rctrl
439.9394 	EXP 	Sound  started
440.4845 	DATA 	Keypress: lctrl
440.6894 	EXP 	Sound  started
441.2845 	DATA 	Keypress: lctrl
441.4394 	EXP 	Sound  started
442.0685 	DATA 	Keypress: rctrl
442.1894 	EXP 	Sound  started
442.8045 	DATA 	Keypress: rctrl
442.9394 	EXP 	Sound  started
443.4765 	DATA 	Keypress: rctrl
443.6895 	EXP 	Sound  started
444.2605 	DATA 	Keypress: lctrl
444.4395 	EXP 	Sound  started
445.0925 	DATA 	Keypress: lctrl
445.1895 	EXP 	Sound  started
445.7325 	DATA 	Keypress: rctrl
445.9395 	EXP 	Sound  started
446.5164 	DATA 	Keypress: rctrl
446.6895 	EXP 	Sound  started
447.3005 	DATA 	Keypress: lctrl
447.4395 	EXP 	Sound  started
448.0845 	DATA 	Keypress: rctrl
448.1895 	EXP 	Sound  started
448.7885 	DATA 	Keypress: rctrl
448.9395 	EXP 	Sound  started
449.5245 	DATA 	Keypress: rctrl
449.6896 	EXP 	Sound  started
450.2924 	DATA 	Keypress: lctrl
450.4396 	EXP 	Sound  started
451.1245 	DATA 	Keypress: lctrl
451.1896 	EXP 	Sound  started
451.8445 	DATA 	Keypress: lctrl
451.9396 	EXP 	Sound  started
452.5484 	DATA 	Keypress: lctrl
452.6896 	EXP 	Sound  started
453.2365 	DATA 	Keypress: rctrl
453.4396 	EXP 	Sound  started
454.0525 	DATA 	Keypress: lctrl
454.1897 	EXP 	Sound  started
454.8365 	DATA 	Keypress: rctrl
454.9397 	EXP 	Sound  started
455.5565 	DATA 	Keypress: rctrl
455.6897 	EXP 	Sound  started
456.2765 	DATA 	Keypress: lctrl
456.4397 	EXP 	Sound  started
457.0765 	DATA 	Keypress: lctrl
457.1897 	EXP 	Sound  started
457.7484 	DATA 	Keypress: rctrl
457.9397 	EXP 	Sound  started
458.5165 	DATA 	Keypress: lctrl
458.6897 	EXP 	Sound  started
459.2686 	DATA 	Keypress: rctrl
459.4397 	EXP 	Sound  started
460.0205 	DATA 	Keypress: rctrl
460.1898 	EXP 	Sound  started
460.7725 	DATA 	Keypress: rctrl
460.9398 	EXP 	Sound  started
461.4604 	DATA 	Keypress: lctrl
461.6898 	EXP 	Sound  started
462.2765 	DATA 	Keypress: rctrl
462.4398 	EXP 	Sound  started
463.0125 	DATA 	Keypress: rctrl
463.1898 	EXP 	Sound  started
463.7165 	DATA 	Keypress: lctrl
463.9398 	EXP 	Sound  started
464.5805 	DATA 	Keypress: lctrl
464.6898 	EXP 	Sound  started
465.1885 	DATA 	Keypress: rctrl
465.4398 	EXP 	Sound  started
465.8925 	DATA 	Keypress: lctrl
466.1899 	EXP 	Sound  started
466.7245 	DATA 	Keypress: rctrl
466.9399 	EXP 	Sound  started
467.4445 	DATA 	Keypress: rctrl
467.6899 	EXP 	Sound  started
468.1325 	DATA 	Keypress: rctrl
468.4399 	EXP 	Sound  started
469.0765 	DATA 	Keypress: lctrl
469.1899 	EXP 	Sound  started
469.7645 	DATA 	Keypress: rctrl
469.9399 	EXP 	Sound  started
470.5164 	DATA 	Keypress: lctrl
470.6899 	EXP 	Sound  started
471.3485 	DATA 	Keypress: lctrl
471.4400 	EXP 	Sound  started
472.1004 	DATA 	Keypress: lctrl
472.1900 	EXP 	Sound  started
472.8685 	DATA 	Keypress: lctrl
472.9400 	EXP 	Sound  started
473.6525 	DATA 	Keypress: lctrl
473.6900 	EXP 	Sound  started
474.3884 	DATA 	Keypress: lctrl
474.4400 	EXP 	Sound  started
475.0925 	DATA 	Keypress: rctrl
475.1900 	EXP 	Sound  started
475.8925 	DATA 	Keypress: lctrl
475.9400 	EXP 	Sound  started
476.5484 	DATA 	Keypress: lctrl
476.6901 	EXP 	Sound  started
477.2685 	DATA 	Keypress: rctrl
477.4401 	EXP 	Sound  started
478.0365 	DATA 	Keypress: rctrl
478.1901 	EXP 	Sound  started
478.7245 	DATA 	Keypress: lctrl
478.9401 	EXP 	Sound  started
479.6044 	DATA 	Keypress: rctrl
479.6901 	EXP 	Sound  started
480.2925 	DATA 	Keypress: rctrl
480.4401 	EXP 	Sound  started
481.0125 	DATA 	Keypress: rctrl
481.1901 	EXP 	Sound  started
481.7965 	DATA 	Keypress: lctrl
481.9401 	EXP 	Sound  started
482.6606 	DATA 	Keypress: lctrl
482.6902 	EXP 	Sound  started
483.2845 	DATA 	Keypress: rctrl
483.4402 	EXP 	Sound  started
483.9085 	DATA 	Keypress: lctrl
484.1902 	EXP 	Sound  started
484.8204 	DATA 	Keypress: lctrl
484.9402 	EXP 	Sound  started
485.5245 	DATA 	Keypress: rctrl
485.6902 	EXP 	Sound  started
486.2125 	DATA 	Keypress: lctrl
486.4402 	EXP 	Sound  started
486.9966 	DATA 	Keypress: lctrl
487.1903 	EXP 	Sound  started
487.7166 	DATA 	Keypress: rctrl
487.9403 	EXP 	Sound  started
488.5005 	DATA 	Keypress: rctrl
488.6903 	EXP 	Sound  started
489.2526 	DATA 	Keypress: lctrl
489.4403 	EXP 	Sound  started
490.0205 	DATA 	Keypress: rctrl
490.1903 	EXP 	Sound  started
490.7565 	DATA 	Keypress: rctrl
490.9403 	EXP 	Sound  started
491.5085 	DATA 	Keypress: rctrl
491.6903 	EXP 	Sound  started
492.2285 	DATA 	Keypress: lctrl
494.2311 	DATA 	Keypress: 4
494.2605 	EXP 	unnamed ShapeStim: vertices = <class 'numpy.ndarray'>
495.9954 	DATA 	Keypress: 1
496.0119 	EXP 	unnamed ShapeStim: vertices = <class 'numpy.ndarray'>
502.8048 	DATA 	Keypress: 4
502.8342 	EXP 	unnamed ShapeStim: vertices = <class 'numpy.ndarray'>
505.1187 	EXP 	Sound  started
505.1189 	DATA 	Keypress: rctrl
505.7965 	DATA 	Keypress: rctrl
505.8687 	EXP 	Sound  started
506.5165 	DATA 	Keypress: lctrl
506.6187 	EXP 	Sound  started
507.2525 	DATA 	Keypress: lctrl
507.3687 	EXP 	Sound  started
507.9565 	DATA 	Keypress: rctrl
508.1187 	EXP 	Sound  started
508.6124 	DATA 	Keypress: lctrl
508.8687 	EXP 	Sound  started
509.5725 	DATA 	Keypress: lctrl
509.6188 	EXP 	Sound  started
510.3245 	DATA 	Keypress: lctrl
510.3688 	EXP 	Sound  started
511.0444 	DATA 	Keypress: rctrl
511.1188 	EXP 	Sound  started
511.7324 	DATA 	Keypress: rctrl
511.8688 	EXP 	Sound  started
512.5805 	DATA 	Keypress: lctrl
512.6188 	EXP 	Sound  started
513.2685 	DATA 	Keypress: rctrl
513.3688 	EXP 	Sound  started
513.9565 	DATA 	Keypress: lctrl
514.1189 	EXP 	Sound  started
514.6605 	DATA 	Keypress: lctrl
514.8689 	EXP 	Sound  started
515.4285 	DATA 	Keypress: rctrl
515.6189 	EXP 	Sound  started
516.1484 	DATA 	Keypress: rctrl
516.3689 	EXP 	Sound  started
516.9485 	DATA 	Keypress: lctrl
517.1189 	EXP 	Sound  started
517.7324 	DATA 	Keypress: rctrl
517.8689 	EXP 	Sound  started
518.4045 	DATA 	Keypress: rctrl
518.6189 	EXP 	Sound  started
519.1724 	DATA 	Keypress: lctrl
519.3689 	EXP 	Sound  started
519.9564 	DATA 	Keypress: rctrl
520.1189 	EXP 	Sound  started
520.7245 	DATA 	Keypress: rctrl
520.8690 	EXP 	Sound  started
521.4924 	DATA 	Keypress: lctrl
521.6190 	EXP 	Sound  started
522.2284 	DATA 	Keypress: lctrl
522.3690 	EXP 	Sound  started
522.9805 	DATA 	Keypress: rctrl
523.1190 	EXP 	Sound  started
523.6685 	DATA 	Keypress: rctrl
523.8690 	EXP 	Sound  started
524.4045 	DATA 	Keypress: rctrl
524.6190 	EXP 	Sound  started
525.0445 	DATA 	Keypress: lctrl
525.3690 	EXP 	Sound  started
526.0045 	DATA 	Keypress: lctrl
526.1191 	EXP 	Sound  started
526.7085 	DATA 	Keypress: rctrl
526.8691 	EXP 	Sound  started
527.4285 	DATA 	Keypress: lctrl
527.6191 	EXP 	Sound  started
528.1645 	DATA 	Keypress: rctrl
528.3691 	EXP 	Sound  started
528.9324 	DATA 	Keypress: rctrl
529.1191 	EXP 	Sound  started
529.6045 	DATA 	Keypress: rctrl
529.8691 	EXP 	Sound  started
530.5004 	DATA 	Keypress: lctrl
530.6192 	EXP 	Sound  started
531.2205 	DATA 	Keypress: rctrl
531.3692 	EXP 	Sound  started
531.9404 	DATA 	Keypress: lctrl
532.1192 	EXP 	Sound  started
532.7084 	DATA 	Keypress: lctrl
532.8692 	EXP 	Sound  started
533.5244 	DATA 	Keypress: rctrl
533.6192 	EXP 	Sound  started
534.1644 	DATA 	Keypress: lctrl
534.3692 	EXP 	Sound  started
534.9484 	DATA 	Keypress: rctrl
535.1192 	EXP 	Sound  started
535.6525 	DATA 	Keypress: rctrl
535.8692 	EXP 	Sound  started
536.5004 	DATA 	Keypress: rctrl
536.6192 	EXP 	Sound  started
537.2524 	DATA 	Keypress: lctrl
537.3693 	EXP 	Sound  started
538.0364 	DATA 	Keypress: rctrl
538.1193 	EXP 	Sound  started
538.7884 	DATA 	Keypress: rctrl
538.8693 	EXP 	Sound  started
539.5405 	DATA 	Keypress: lctrl
539.6193 	EXP 	Sound  started
540.2125 	DATA 	Keypress: lctrl
540.3693 	EXP 	Sound  started
540.9005 	DATA 	Keypress: rctrl
541.1193 	EXP 	Sound  started
541.6524 	DATA 	Keypress: rctrl
541.8694 	EXP 	Sound  started
542.4044 	DATA 	Keypress: lctrl
542.6194 	EXP 	Sound  started
543.1884 	DATA 	Keypress: lctrl
543.3694 	EXP 	Sound  started
543.9725 	DATA 	Keypress: rctrl
544.1194 	EXP 	Sound  started
544.7085 	DATA 	Keypress: rctrl
544.8694 	EXP 	Sound  started
545.4284 	DATA 	Keypress: lctrl
545.6194 	EXP 	Sound  started
546.3245 	DATA 	Keypress: rctrl
546.3694 	EXP 	Sound  started
547.0125 	DATA 	Keypress: rctrl
547.1194 	EXP 	Sound  started
547.6844 	DATA 	Keypress: lctrl
547.8695 	EXP 	Sound  started
548.5004 	DATA 	Keypress: lctrl
548.6195 	EXP 	Sound  started
549.3005 	DATA 	Keypress: rctrl
549.3695 	EXP 	Sound  started
549.9884 	DATA 	Keypress: rctrl
550.1195 	EXP 	Sound  started
550.7566 	DATA 	Keypress: lctrl
550.8695 	EXP 	Sound  started
551.5565 	DATA 	Keypress: rctrl
551.6195 	EXP 	Sound  started
552.2604 	DATA 	Keypress: rctrl
552.3695 	EXP 	Sound  started
552.9805 	DATA 	Keypress: rctrl
556.8787 	DATA 	Keypress: 2
556.8952 	EXP 	unnamed ShapeStim: vertices = <class 'numpy.ndarray'>
560.9024 	DATA 	Keypress: 1
560.9319 	EXP 	unnamed ShapeStim: vertices = <class 'numpy.ndarray'>
567.5579 	DATA 	Keypress: 3
567.5873 	EXP 	unnamed ShapeStim: vertices = <class 'numpy.ndarray'>
569.8720 	EXP 	Sound  started
569.8722 	DATA 	Keypress: rctrl
570.4365 	DATA 	Keypress: lctrl
570.6220 	EXP 	Sound  started
571.3325 	DATA 	Keypress: lctrl
571.3720 	EXP 	Sound  started
572.0365 	DATA 	Keypress: rctrl
572.1220 	EXP 	Sound  started
572.6924 	DATA 	Keypress: lctrl
572.8720 	EXP 	Sound  started
573.5086 	DATA 	Keypress: rctrl
573.6221 	EXP 	Sound  started
574.3086 	DATA 	Keypress: rctrl
574.3721 	EXP 	Sound  started
575.1221 	EXP 	Sound  started
575.1245 	DATA 	Keypress: lctrl
575.7965 	DATA 	Keypress: lctrl
575.8721 	EXP 	Sound  started
576.5005 	DATA 	Keypress: lctrl
576.6221 	EXP 	Sound  started
577.2845 	DATA 	Keypress: lctrl
577.3721 	EXP 	Sound  started
578.0526 	DATA 	Keypress: rctrl
578.1221 	EXP 	Sound  started
578.7085 	DATA 	Keypress: lctrl
578.8722 	EXP 	Sound  started
579.4604 	DATA 	Keypress: rctrl
579.6222 	EXP 	Sound  started
580.2445 	DATA 	Keypress: lctrl
580.3722 	EXP 	Sound  started
580.9965 	DATA 	Keypress: rctrl
581.1222 	EXP 	Sound  started
581.6845 	DATA 	Keypress: lctrl
581.8722 	EXP 	Sound  started
582.4845 	DATA 	Keypress: rctrl
582.6222 	EXP 	Sound  started
583.2045 	DATA 	Keypress: rctrl
583.3723 	EXP 	Sound  started
583.9564 	DATA 	Keypress: rctrl
584.1223 	EXP 	Sound  started
584.7245 	DATA 	Keypress: lctrl
584.8723 	EXP 	Sound  started
585.5086 	DATA 	Keypress: lctrl
585.6223 	EXP 	Sound  started
586.1165 	DATA 	Keypress: rctrl
586.3723 	EXP 	Sound  started
586.9805 	DATA 	Keypress: rctrl
587.1223 	EXP 	Sound  started
587.6844 	DATA 	Keypress: lctrl
587.8723 	EXP 	Sound  started
588.4365 	DATA 	Keypress: lctrl
588.6224 	EXP 	Sound  started
589.1405 	DATA 	Keypress: rctrl
589.3724 	EXP 	Sound  started
589.9725 	DATA 	Keypress: rctrl
590.1224 	EXP 	Sound  started
590.7405 	DATA 	Keypress: lctrl
590.8724 	EXP 	Sound  started
591.4444 	DATA 	Keypress: lctrl
591.6224 	EXP 	Sound  started
592.2285 	DATA 	Keypress: rctrl
592.3724 	EXP 	Sound  started
592.7885 	DATA 	Keypress: lctrl
593.1224 	EXP 	Sound  started
593.7486 	DATA 	Keypress: lctrl
593.8724 	EXP 	Sound  started
594.5965 	DATA 	Keypress: rctrl
594.6224 	EXP 	Sound  started
595.1725 	DATA 	Keypress: lctrl
595.3725 	EXP 	Sound  started
596.0204 	DATA 	Keypress: lctrl
596.1225 	EXP 	Sound  started
596.7885 	DATA 	Keypress: lctrl
596.8725 	EXP 	Sound  started
597.6045 	DATA 	Keypress: rctrl
597.6225 	EXP 	Sound  started
598.3085 	DATA 	Keypress: rctrl
598.3725 	EXP 	Sound  started
599.0125 	DATA 	Keypress: lctrl
599.1225 	EXP 	Sound  started
599.7805 	DATA 	Keypress: rctrl
599.8726 	EXP 	Sound  started
600.4845 	DATA 	Keypress: rctrl
600.6226 	EXP 	Sound  started
601.2045 	DATA 	Keypress: rctrl
601.3726 	EXP 	Sound  started
601.9245 	DATA 	Keypress: lctrl
602.1226 	EXP 	Sound  started
602.7244 	DATA 	Keypress: lctrl
602.8726 	EXP 	Sound  started
603.4605 	DATA 	Keypress: lctrl
603.6226 	EXP 	Sound  started
604.2125 	DATA 	Keypress: rctrl
604.3726 	EXP 	Sound  started
604.9005 	DATA 	Keypress: rctrl
605.1227 	EXP 	Sound  started
605.7165 	DATA 	Keypress: lctrl
605.8727 	EXP 	Sound  started
606.5006 	DATA 	Keypress: rctrl
606.6227 	EXP 	Sound  started
607.2045 	DATA 	Keypress: rctrl
607.3727 	EXP 	Sound  started
607.8926 	DATA 	Keypress: rctrl
608.1227 	EXP 	Sound  started
608.7245 	DATA 	Keypress: rctrl
608.8727 	EXP 	Sound  started
609.4125 	DATA 	Keypress: lctrl
609.6227 	EXP 	Sound  started
610.1965 	DATA 	Keypress: lctrl
610.3727 	EXP 	Sound  started
610.9645 	DATA 	Keypress: rctrl
611.1228 	EXP 	Sound  started
611.6845 	DATA 	Keypress: lctrl
611.8728 	EXP 	Sound  started
612.4045 	DATA 	Keypress: rctrl
612.6228 	EXP 	Sound  started
613.2526 	DATA 	Keypress: rctrl
613.3728 	EXP 	Sound  started
613.8925 	DATA 	Keypress: lctrl
614.1228 	EXP 	Sound  started
614.6924 	DATA 	Keypress: rctrl
614.8728 	EXP 	Sound  started
615.3805 	DATA 	Keypress: lctrl
615.6228 	EXP 	Sound  started
616.1644 	DATA 	Keypress: lctrl
616.3728 	EXP 	Sound  started
617.0126 	DATA 	Keypress: lctrl
617.1229 	EXP 	Sound  started
617.7965 	DATA 	Keypress: lctrl
617.8729 	EXP 	Sound  started
618.5164 	DATA 	Keypress: rctrl
618.6229 	EXP 	Sound  started
619.2524 	DATA 	Keypress: lctrl
619.3729 	EXP 	Sound  started
620.0365 	DATA 	Keypress: rctrl
620.1229 	EXP 	Sound  started
620.7725 	DATA 	Keypress: rctrl
620.8729 	EXP 	Sound  started
621.5244 	DATA 	Keypress: rctrl
621.6229 	EXP 	Sound  started
622.2286 	DATA 	Keypress: lctrl
622.3730 	EXP 	Sound  started
623.0125 	DATA 	Keypress: rctrl
623.1230 	EXP 	Sound  started
623.7165 	DATA 	Keypress: rctrl
623.8730 	EXP 	Sound  started
624.4046 	DATA 	Keypress: lctrl
624.6230 	EXP 	Sound  started
625.1885 	DATA 	Keypress: lctrl
625.3730 	EXP 	Sound  started
625.9245 	DATA 	Keypress: lctrl
626.1230 	EXP 	Sound  started
626.7085 	DATA 	Keypress: rctrl
626.8730 	EXP 	Sound  started
627.4285 	DATA 	Keypress: rctrl
627.6230 	EXP 	Sound  started
628.1807 	DATA 	Keypress: lctrl
628.3730 	EXP 	Sound  started
628.9645 	DATA 	Keypress: lctrl
629.1231 	EXP 	Sound  started
629.7805 	DATA 	Keypress: lctrl
629.8731 	EXP 	Sound  started
630.5006 	DATA 	Keypress: rctrl
630.6231 	EXP 	Sound  started
631.2526 	DATA 	Keypress: rctrl
638.7292 	DATA 	Keypress: 4
638.7457 	EXP 	unnamed ShapeStim: vertices = <class 'numpy.ndarray'>
646.0556 	DATA 	Keypress: 3
646.0850 	EXP 	unnamed ShapeStim: vertices = <class 'numpy.ndarray'>
652.5905 	DATA 	Keypress: 1
652.6070 	EXP 	unnamed ShapeStim: vertices = <class 'numpy.ndarray'>
654.8927 	EXP 	Sound  started
654.8929 	DATA 	Keypress: rctrl
655.5245 	DATA 	Keypress: rctrl
655.6427 	EXP 	Sound  started
656.2925 	DATA 	Keypress: rctrl
656.3927 	EXP 	Sound  started
656.9325 	DATA 	Keypress: lctrl
657.1427 	EXP 	Sound  started
657.6845 	DATA 	Keypress: lctrl
657.8927 	EXP 	Sound  started
658.4685 	DATA 	Keypress: rctrl
658.6427 	EXP 	Sound  started
659.2525 	DATA 	Keypress: rctrl
659.3927 	EXP 	Sound  started
659.9725 	DATA 	Keypress: rctrl
660.1428 	EXP 	Sound  started
660.7405 	DATA 	Keypress: lctrl
660.8928 	EXP 	Sound  started
661.5725 	DATA 	Keypress: lctrl
661.6428 	EXP 	Sound  started
662.2925 	DATA 	Keypress: lctrl
662.3928 	EXP 	Sound  started
663.0125 	DATA 	Keypress: rctrl
663.1428 	EXP 	Sound  started
663.6365 	DATA 	Keypress: lctrl
663.8928 	EXP 	Sound  started
664.5326 	DATA 	Keypress: rctrl
664.6428 	EXP 	Sound  started
665.3325 	DATA 	Keypress: rctrl
665.3928 	EXP 	Sound  started
666.0366 	DATA 	Keypress: rctrl
666.1429 	EXP 	Sound  started
666.7246 	DATA 	Keypress: lctrl
666.8929 	EXP 	Sound  started
667.5406 	DATA 	Keypress: rctrl
667.6429 	EXP 	Sound  started
668.2284 	DATA 	Keypress: rctrl
668.3929 	EXP 	Sound  started
668.9485 	DATA 	Keypress: lctrl
669.1429 	EXP 	Sound  started
669.7645 	DATA 	Keypress: rctrl
669.8929 	EXP 	Sound  started
670.5165 	DATA 	Keypress: rctrl
670.6429 	EXP 	Sound  started
671.2045 	DATA 	Keypress: rctrl
671.3930 	EXP 	Sound  started
672.0045 	DATA 	Keypress: rctrl
672.1430 	EXP 	Sound  started
672.7245 	DATA 	Keypress: lctrl
672.8930 	EXP 	Sound  started
673.4605 	DATA 	Keypress: rctrl
673.6430 	EXP 	Sound  started
674.3565 	DATA 	Keypress: lctrl
674.3930 	EXP 	Sound  started
675.0445 	DATA 	Keypress: lctrl
675.1430 	EXP 	Sound  started
675.7965 	DATA 	Keypress: rctrl
675.8931 	EXP 	Sound  started
676.5165 	DATA 	Keypress: rctrl
676.6431 	EXP 	Sound  started
677.1885 	DATA 	Keypress: lctrl
677.3931 	EXP 	Sound  started
678.0205 	DATA 	Keypress: rctrl
678.1431 	EXP 	Sound  started
678.7565 	DATA 	Keypress: rctrl
678.8931 	EXP 	Sound  started
679.5565 	DATA 	Keypress: lctrl
679.6431 	EXP 	Sound  started
680.3085 	DATA 	Keypress: lctrl
680.3931 	EXP 	Sound  started
681.0605 	DATA 	Keypress: rctrl
681.1431 	EXP 	Sound  started
681.8446 	DATA 	Keypress: rctrl
681.8932 	EXP 	Sound  started
682.5965 	DATA 	Keypress: rctrl
682.6432 	EXP 	Sound  started
683.2845 	DATA 	Keypress: lctrl
683.3932 	EXP 	Sound  started
684.0205 	DATA 	Keypress: rctrl
684.1432 	EXP 	Sound  started
684.7244 	DATA 	Keypress: lctrl
684.8932 	EXP 	Sound  started
685.5565 	DATA 	Keypress: lctrl
685.6432 	EXP 	Sound  started
686.3086 	DATA 	Keypress: rctrl
686.3932 	EXP 	Sound  started
687.0764 	DATA 	Keypress: lctrl
687.1433 	EXP 	Sound  started
687.7805 	DATA 	Keypress: rctrl
687.8933 	EXP 	Sound  started
688.4685 	DATA 	Keypress: lctrl
688.6433 	EXP 	Sound  started
689.1884 	DATA 	Keypress: lctrl
689.3933 	EXP 	Sound  started
690.0844 	DATA 	Keypress: rctrl
690.1433 	EXP 	Sound  started
690.8365 	DATA 	Keypress: rctrl
690.8933 	EXP 	Sound  started
691.4924 	DATA 	Keypress: rctrl
691.6433 	EXP 	Sound  started
692.2284 	DATA 	Keypress: lctrl
692.3933 	EXP 	Sound  started
693.0286 	DATA 	Keypress: lctrl
693.1434 	EXP 	Sound  started
693.7804 	DATA 	Keypress: rctrl
693.8934 	EXP 	Sound  started
694.5485 	DATA 	Keypress: rctrl
694.6434 	EXP 	Sound  started
695.2684 	DATA 	Keypress: lctrl
695.3934 	EXP 	Sound  started
695.9246 	DATA 	Keypress: rctrl
696.1434 	EXP 	Sound  started
696.5805 	DATA 	Keypress: lctrl
696.8934 	EXP 	Sound  started
697.4925 	DATA 	Keypress: lctrl
697.6435 	EXP 	Sound  started
698.2765 	DATA 	Keypress: lctrl
698.3935 	EXP 	Sound  started
698.9805 	DATA 	Keypress: lctrl
699.1435 	EXP 	Sound  started
699.7966 	DATA 	Keypress: rctrl
699.8935 	EXP 	Sound  started
700.5646 	DATA 	Keypress: lctrl
700.6435 	EXP 	Sound  started
701.2685 	DATA 	Keypress: rctrl
701.3935 	EXP 	Sound  started
701.9565 	DATA 	Keypress: rctrl
702.1435 	EXP 	Sound  started
702.6605 	DATA 	Keypress: lctrl
702.8935 	EXP 	Sound  started
703.5405 	DATA 	Keypress: lctrl
703.6436 	EXP 	Sound  started
704.2605 	DATA 	Keypress: lctrl
704.3936 	EXP 	Sound  started
704.9965 	DATA 	Keypress: lctrl
705.1436 	EXP 	Sound  started
705.7805 	DATA 	Keypress: rctrl
705.8936 	EXP 	Sound  started
706.5165 	DATA 	Keypress: lctrl
706.6436 	EXP 	Sound  started
707.3485 	DATA 	Keypress: rctrl
707.3936 	EXP 	Sound  started
708.0045 	DATA 	Keypress: rctrl
708.1436 	EXP 	Sound  started
708.7245 	DATA 	Keypress: lctrl
708.8937 	EXP 	Sound  started
709.5085 	DATA 	Keypress: rctrl
709.6437 	EXP 	Sound  started
710.2445 	DATA 	Keypress: rctrl
710.3937 	EXP 	Sound  started
710.9805 	DATA 	Keypress: lctrl
713.4571 	DATA 	Keypress: 4
713.4736 	EXP 	unnamed ShapeStim: vertices = <class 'numpy.ndarray'>
718.5113 	DATA 	Keypress: 4
718.5278 	EXP 	unnamed ShapeStim: vertices = <class 'numpy.ndarray'>
725.2539 	DATA 	Keypress: 2
725.2833 	EXP 	unnamed ShapeStim: vertices = <class 'numpy.ndarray'>
727.5677 	EXP 	Sound  started
727.7325 	DATA 	Keypress: rctrl
728.2124 	DATA 	Keypress: rctrl
728.3176 	EXP 	Sound  started
728.9804 	DATA 	Keypress: lctrl
729.0677 	EXP 	Sound  started
729.7324 	DATA 	Keypress: lctrl
729.8177 	EXP 	Sound  started
730.5005 	DATA 	Keypress: rctrl
730.5677 	EXP 	Sound  started
731.2526 	DATA 	Keypress: lctrl
731.3177 	EXP 	Sound  started
731.9406 	DATA 	Keypress: lctrl
732.0677 	EXP 	Sound  started
732.7405 	DATA 	Keypress: rctrl
732.8177 	EXP 	Sound  started
733.5406 	DATA 	Keypress: rctrl
733.5677 	EXP 	Sound  started
734.2125 	DATA 	Keypress: lctrl
734.3178 	EXP 	Sound  started
734.9965 	DATA 	Keypress: rctrl
735.0678 	EXP 	Sound  started
735.7645 	DATA 	Keypress: lctrl
735.8178 	EXP 	Sound  started
736.4046 	DATA 	Keypress: lctrl
736.5678 	EXP 	Sound  started
737.2205 	DATA 	Keypress: rctrl
737.3178 	EXP 	Sound  started
738.0525 	DATA 	Keypress: rctrl
738.0678 	EXP 	Sound  started
738.7246 	DATA 	Keypress: lctrl
738.8178 	EXP 	Sound  started
739.4765 	DATA 	Keypress: rctrl
739.5679 	EXP 	Sound  started
740.1964 	DATA 	Keypress: lctrl
740.3179 	EXP 	Sound  started
741.0446 	DATA 	Keypress: rctrl
741.0679 	EXP 	Sound  started
741.7645 	DATA 	Keypress: rctrl
741.8179 	EXP 	Sound  started
742.5165 	DATA 	Keypress: lctrl
742.5679 	EXP 	Sound  started
743.2525 	DATA 	Keypress: lctrl
743.3179 	EXP 	Sound  started
744.0680 	EXP 	Sound  started
744.0846 	DATA 	Keypress: lctrl
744.8180 	EXP 	Sound  started
744.8205 	DATA 	Keypress: rctrl
745.5680 	EXP 	Sound  started
745.5886 	DATA 	Keypress: lctrl
746.2925 	DATA 	Keypress: rctrl
746.3180 	EXP 	Sound  started
746.9966 	DATA 	Keypress: rctrl
747.0680 	EXP 	Sound  started
747.7806 	DATA 	Keypress: lctrl
747.8180 	EXP 	Sound  started
748.5165 	DATA 	Keypress: lctrl
748.5680 	EXP 	Sound  started
749.3005 	DATA 	Keypress: rctrl
749.3180 	EXP 	Sound  started
750.0205 	DATA 	Keypress: rctrl
750.0681 	EXP 	Sound  started
750.8181 	EXP 	Sound  started
750.8365 	DATA 	Keypress: rctrl
751.5085 	DATA 	Keypress: lctrl
751.5681 	EXP 	Sound  started
752.2285 	DATA 	Keypress: lctrl
752.3181 	EXP 	Sound  started
752.9965 	DATA 	Keypress: rctrl
753.0681 	EXP 	Sound  started
753.7485 	DATA 	Keypress: rctrl
753.8181 	EXP 	Sound  started
754.4365 	DATA 	Keypress: lctrl
754.5681 	EXP 	Sound  started
755.2365 	DATA 	Keypress: rctrl
755.3181 	EXP 	Sound  started
756.0206 	DATA 	Keypress: rctrl
756.0682 	EXP 	Sound  started
756.7406 	DATA 	Keypress: lctrl
756.8182 	EXP 	Sound  started
757.4445 	DATA 	Keypress: rctrl
757.5682 	EXP 	Sound  started
758.1644 	DATA 	Keypress: rctrl
758.3182 	EXP 	Sound  started
758.8524 	DATA 	Keypress: lctrl
759.0682 	EXP 	Sound  started
759.7005 	DATA 	Keypress: lctrl
759.8182 	EXP 	Sound  started
760.4524 	DATA 	Keypress: rctrl
760.5682 	EXP 	Sound  started
761.1884 	DATA 	Keypress: lctrl
761.3183 	EXP 	Sound  started
761.9885 	DATA 	Keypress: rctrl
762.0683 	EXP 	Sound  started
762.7406 	DATA 	Keypress: rctrl
762.8183 	EXP 	Sound  started
763.4124 	DATA 	Keypress: lctrl
763.5683 	EXP 	Sound  started
764.2765 	DATA 	Keypress: lctrl
764.3183 	EXP 	Sound  started
764.9965 	DATA 	Keypress: lctrl
765.0683 	EXP 	Sound  started
765.7804 	DATA 	Keypress: rctrl
765.8183 	EXP 	Sound  started
766.4524 	DATA 	Keypress: lctrl
766.5684 	EXP 	Sound  started
767.1725 	DATA 	Keypress: lctrl
767.3184 	EXP 	Sound  started
767.9564 	DATA 	Keypress: rctrl
768.0684 	EXP 	Sound  started
768.6766 	DATA 	Keypress: rctrl
768.8184 	EXP 	Sound  started
769.4284 	DATA 	Keypress: rctrl
769.5684 	EXP 	Sound  started
770.1325 	DATA 	Keypress: lctrl
770.3184 	EXP 	Sound  started
770.9164 	DATA 	Keypress: rctrl
771.0684 	EXP 	Sound  started
771.7324 	DATA 	Keypress: rctrl
771.8185 	EXP 	Sound  started
772.4045 	DATA 	Keypress: rctrl
772.5685 	EXP 	Sound  started
773.1406 	DATA 	Keypress: lctrl
773.3185 	EXP 	Sound  started
773.9725 	DATA 	Keypress: lctrl
774.0685 	EXP 	Sound  started
774.7405 	DATA 	Keypress: lctrl
774.8185 	EXP 	Sound  started
775.4125 	DATA 	Keypress: rctrl
775.5685 	EXP 	Sound  started
776.1485 	DATA 	Keypress: rctrl
776.3186 	EXP 	Sound  started
776.9324 	DATA 	Keypress: lctrl
777.0686 	EXP 	Sound  started
777.7004 	DATA 	Keypress: lctrl
777.8186 	EXP 	Sound  started
778.4524 	DATA 	Keypress: rctrl
780.9329 	DATA 	Keypress: 4
780.9623 	EXP 	unnamed ShapeStim: vertices = <class 'numpy.ndarray'>
806.7169 	DATA 	Keypress: 1
806.7334 	EXP 	unnamed ShapeStim: vertices = <class 'numpy.ndarray'>
864.3976 	DATA 	Keypress: 1
864.4141 	EXP 	unnamed ShapeStim: vertices = <class 'numpy.ndarray'>
866.6986 	EXP 	Sound  started
866.9006 	DATA 	Keypress: rctrl
867.3965 	DATA 	Keypress: rctrl
867.4486 	EXP 	Sound  started
868.1006 	DATA 	Keypress: rctrl
868.1986 	EXP 	Sound  started
868.7725 	DATA 	Keypress: lctrl
868.9487 	EXP 	Sound  started
869.5885 	DATA 	Keypress: rctrl
869.6987 	EXP 	Sound  started
870.3245 	DATA 	Keypress: lctrl
870.4487 	EXP 	Sound  started
871.0925 	DATA 	Keypress: rctrl
871.1987 	EXP 	Sound  started
871.8126 	DATA 	Keypress: lctrl
871.9487 	EXP 	Sound  started
872.5805 	DATA 	Keypress: lctrl
872.6987 	EXP 	Sound  started
873.3165 	DATA 	Keypress: rctrl
873.4487 	EXP 	Sound  started
874.0205 	DATA 	Keypress: lctrl
874.1988 	EXP 	Sound  started
874.7726 	DATA 	Keypress: lctrl
874.9488 	EXP 	Sound  started
875.5245 	DATA 	Keypress: rctrl
875.6988 	EXP 	Sound  started
876.2925 	DATA 	Keypress: rctrl
876.4488 	EXP 	Sound  started
876.9645 	DATA 	Keypress: lctrl
877.1988 	EXP 	Sound  started
877.8125 	DATA 	Keypress: lctrl
877.9488 	EXP 	Sound  started
878.5165 	DATA 	Keypress: lctrl
878.6989 	EXP 	Sound  started
879.2845 	DATA 	Keypress: rctrl
879.4489 	EXP 	Sound  started
880.0365 	DATA 	Keypress: lctrl
880.1989 	EXP 	Sound  started
880.8365 	DATA 	Keypress: lctrl
880.9489 	EXP 	Sound  started
881.4765 	DATA 	Keypress: rctrl
881.6989 	EXP 	Sound  started
882.2925 	DATA 	Keypress: lctrl
882.4489 	EXP 	Sound  started
883.0605 	DATA 	Keypress: lctrl
883.1989 	EXP 	Sound  started
883.8126 	DATA 	Keypress: lctrl
883.9489 	EXP 	Sound  started
884.5325 	DATA 	Keypress: rctrl
884.6990 	EXP 	Sound  started
885.1886 	DATA 	Keypress: lctrl
885.4490 	EXP 	Sound  started
886.0365 	DATA 	Keypress: lctrl
886.1990 	EXP 	Sound  started
886.8365 	DATA 	Keypress: lctrl
886.9490 	EXP 	Sound  started
887.5565 	DATA 	Keypress: rctrl
887.6990 	EXP 	Sound  started
888.2925 	DATA 	Keypress: rctrl
888.4490 	EXP 	Sound  started
888.9965 	DATA 	Keypress: rctrl
889.1990 	EXP 	Sound  started
889.7325 	DATA 	Keypress: lctrl
889.9490 	EXP 	Sound  started
890.5325 	DATA 	Keypress: rctrl
890.6991 	EXP 	Sound  started
891.2525 	DATA 	Keypress: rctrl
891.4491 	EXP 	Sound  started
892.0205 	DATA 	Keypress: lctrl
892.1991 	EXP 	Sound  started
892.9484 	DATA 	Keypress: rctrl
892.9491 	EXP 	Sound  started
893.5565 	DATA 	Keypress: lctrl
893.6991 	EXP 	Sound  started
894.3885 	DATA 	Keypress: rctrl
894.4491 	EXP 	Sound  started
895.1085 	DATA 	Keypress: rctrl
895.1991 	EXP 	Sound  started
895.8605 	DATA 	Keypress: rctrl
895.9491 	EXP 	Sound  started
896.6125 	DATA 	Keypress: lctrl
896.6992 	EXP 	Sound  started
897.3805 	DATA 	Keypress: rctrl
897.4492 	EXP 	Sound  started
898.1165 	DATA 	Keypress: rctrl
898.1992 	EXP 	Sound  started
898.6765 	DATA 	Keypress: lctrl
898.9492 	EXP 	Sound  started
899.6365 	DATA 	Keypress: rctrl
899.6992 	EXP 	Sound  started
900.3885 	DATA 	Keypress: rctrl
900.4492 	EXP 	Sound  started
901.0766 	DATA 	Keypress: lctrl
901.1992 	EXP 	Sound  started
901.8125 	DATA 	Keypress: lctrl
901.9493 	EXP 	Sound  started
902.5325 	DATA 	Keypress: rctrl
902.6993 	EXP 	Sound  started
903.2365 	DATA 	Keypress: lctrl
903.4493 	EXP 	Sound  started
904.1004 	DATA 	Keypress: lctrl
904.1993 	EXP 	Sound  started
904.8205 	DATA 	Keypress: lctrl
904.9493 	EXP 	Sound  started
905.5885 	DATA 	Keypress: rctrl
905.6993 	EXP 	Sound  started
906.3245 	DATA 	Keypress: rctrl
906.4493 	EXP 	Sound  started
907.0765 	DATA 	Keypress: lctrl
907.1994 	EXP 	Sound  started
907.7645 	DATA 	Keypress: rctrl
907.9494 	EXP 	Sound  started
908.5485 	DATA 	Keypress: rctrl
910.4691 	DATA 	Keypress: 4
910.4856 	EXP 	unnamed ShapeStim: vertices = <class 'numpy.ndarray'>
914.8222 	DATA 	Keypress: 1
914.8388 	EXP 	unnamed ShapeStim: vertices = <class 'numpy.ndarray'>
923.6295 	DATA 	Keypress: 4
923.6460 	EXP 	unnamed ShapeStim: vertices = <class 'numpy.ndarray'>
925.9309 	EXP 	Sound  started
926.1166 	DATA 	Keypress: rctrl
926.6126 	DATA 	Keypress: rctrl
926.6809 	EXP 	Sound  started
927.3006 	DATA 	Keypress: lctrl
927.4309 	EXP 	Sound  started
928.1805 	DATA 	Keypress: rctrl
928.1809 	EXP 	Sound  started
928.8206 	DATA 	Keypress: lctrl
928.9309 	EXP 	Sound  started
929.4925 	DATA 	Keypress: lctrl
929.6809 	EXP 	Sound  started
930.2445 	DATA 	Keypress: lctrl
930.4310 	EXP 	Sound  started
931.0765 	DATA 	Keypress: rctrl
931.1810 	EXP 	Sound  started
931.8286 	DATA 	Keypress: lctrl
931.9310 	EXP 	Sound  started
932.5645 	DATA 	Keypress: rctrl
932.6810 	EXP 	Sound  started
933.3165 	DATA 	Keypress: rctrl
933.4310 	EXP 	Sound  started
934.0045 	DATA 	Keypress: lctrl
934.1811 	EXP 	Sound  started
934.8525 	DATA 	Keypress: rctrl
934.9311 	EXP 	Sound  started
935.5725 	DATA 	Keypress: rctrl
935.6811 	EXP 	Sound  started
936.1965 	DATA 	Keypress: rctrl
936.4311 	EXP 	Sound  started
937.0125 	DATA 	Keypress: lctrl
937.1811 	EXP 	Sound  started
937.7966 	DATA 	Keypress: lctrl
937.9311 	EXP 	Sound  started
938.5165 	DATA 	Keypress: rctrl
938.6811 	EXP 	Sound  started
939.2525 	DATA 	Keypress: rctrl
939.4311 	EXP 	Sound  started
939.8606 	DATA 	Keypress: lctrl
940.1812 	EXP 	Sound  started
940.6606 	DATA 	Keypress: lctrl
940.9312 	EXP 	Sound  started
941.5725 	DATA 	Keypress: lctrl
941.6812 	EXP 	Sound  started
942.3245 	DATA 	Keypress: rctrl
942.4312 	EXP 	Sound  started
943.1405 	DATA 	Keypress: rctrl
943.1812 	EXP 	Sound  started
943.7965 	DATA 	Keypress: lctrl
943.9312 	EXP 	Sound  started
944.5326 	DATA 	Keypress: rctrl
944.6812 	EXP 	Sound  started
945.2685 	DATA 	Keypress: rctrl
945.4312 	EXP 	Sound  started
945.9885 	DATA 	Keypress: rctrl
946.1813 	EXP 	Sound  started
946.7086 	DATA 	Keypress: lctrl
946.9313 	EXP 	Sound  started
947.4925 	DATA 	Keypress: lctrl
947.6813 	EXP 	Sound  started
948.2126 	DATA 	Keypress: lctrl
948.4313 	EXP 	Sound  started
949.1405 	DATA 	Keypress: rctrl
949.1813 	EXP 	Sound  started
949.8286 	DATA 	Keypress: rctrl
949.9313 	EXP 	Sound  started
950.4845 	DATA 	Keypress: lctrl
950.6813 	EXP 	Sound  started
951.4313 	EXP 	Sound  started
951.4925 	DATA 	Keypress: rctrl
952.1644 	DATA 	Keypress: lctrl
952.1814 	EXP 	Sound  started
952.8685 	DATA 	Keypress: lctrl
952.9314 	EXP 	Sound  started
953.5725 	DATA 	Keypress: rctrl
953.6814 	EXP 	Sound  started
954.2445 	DATA 	Keypress: rctrl
954.4314 	EXP 	Sound  started
954.9965 	DATA 	Keypress: rctrl
955.1814 	EXP 	Sound  started
955.8446 	DATA 	Keypress: rctrl
955.9314 	EXP 	Sound  started
956.5325 	DATA 	Keypress: lctrl
956.6815 	EXP 	Sound  started
957.2685 	DATA 	Keypress: lctrl
957.4315 	EXP 	Sound  started
958.0045 	DATA 	Keypress: rctrl
958.1815 	EXP 	Sound  started
958.7886 	DATA 	Keypress: rctrl
958.9315 	EXP 	Sound  started
959.5725 	DATA 	Keypress: rctrl
959.6815 	EXP 	Sound  started
960.3406 	DATA 	Keypress: rctrl
960.4315 	EXP 	Sound  started
961.1565 	DATA 	Keypress: lctrl
961.1815 	EXP 	Sound  started
961.8126 	DATA 	Keypress: lctrl
961.9315 	EXP 	Sound  started
962.5645 	DATA 	Keypress: rctrl
962.6816 	EXP 	Sound  started
963.3645 	DATA 	Keypress: rctrl
963.4316 	EXP 	Sound  started
964.0525 	DATA 	Keypress: rctrl
964.1816 	EXP 	Sound  started
964.7725 	DATA 	Keypress: rctrl
964.9316 	EXP 	Sound  started
965.5406 	DATA 	Keypress: lctrl
965.6816 	EXP 	Sound  started
966.2445 	DATA 	Keypress: rctrl
966.4316 	EXP 	Sound  started
966.9485 	DATA 	Keypress: lctrl
967.1816 	EXP 	Sound  started
967.7805 	DATA 	Keypress: lctrl
967.9317 	EXP 	Sound  started
968.5805 	DATA 	Keypress: rctrl
968.6817 	EXP 	Sound  started
969.1885 	DATA 	Keypress: lctrl
969.4317 	EXP 	Sound  started
970.0365 	DATA 	Keypress: rctrl
970.1817 	EXP 	Sound  started
970.8205 	DATA 	Keypress: lctrl
970.9317 	EXP 	Sound  started
971.5245 	DATA 	Keypress: lctrl
971.6817 	EXP 	Sound  started
972.2925 	DATA 	Keypress: lctrl
972.4317 	EXP 	Sound  started
972.9805 	DATA 	Keypress: rctrl
973.1818 	EXP 	Sound  started
973.7005 	DATA 	Keypress: lctrl
973.9318 	EXP 	Sound  started
974.4845 	DATA 	Keypress: rctrl
974.6818 	EXP 	Sound  started
975.2365 	DATA 	Keypress: rctrl
975.4318 	EXP 	Sound  started
975.9246 	DATA 	Keypress: lctrl
976.1818 	EXP 	Sound  started
976.7885 	DATA 	Keypress: rctrl
976.9318 	EXP 	Sound  started
977.4445 	DATA 	Keypress: rctrl
977.6818 	EXP 	Sound  started
978.2126 	DATA 	Keypress: rctrl
978.4319 	EXP 	Sound  started
978.9965 	DATA 	Keypress: lctrl
979.1819 	EXP 	Sound  started
979.7645 	DATA 	Keypress: rctrl
979.9319 	EXP 	Sound  started
980.4525 	DATA 	Keypress: rctrl
980.6819 	EXP 	Sound  started
981.1566 	DATA 	Keypress: rctrl
981.4319 	EXP 	Sound  started
981.9085 	DATA 	Keypress: lctrl
982.1819 	EXP 	Sound  started
982.6925 	DATA 	Keypress: rctrl
982.9320 	EXP 	Sound  started
983.5406 	DATA 	Keypress: rctrl
983.6820 	EXP 	Sound  started
984.2765 	DATA 	Keypress: rctrl
984.4320 	EXP 	Sound  started
985.0445 	DATA 	Keypress: lctrl
988.6328 	DATA 	Keypress: 4
988.6493 	EXP 	unnamed ShapeStim: vertices = <class 'numpy.ndarray'>
991.2226 	DATA 	Keypress: 1
991.2519 	EXP 	unnamed ShapeStim: vertices = <class 'numpy.ndarray'>
997.7570 	DATA 	Keypress: 1
997.7735 	EXP 	unnamed ShapeStim: vertices = <class 'numpy.ndarray'>
1002.0762 	DATA 	Keypress: rctrl
1019.1886 	DATA 	Keypress: escape
1019.2623 	EXP 	window1: mouseVisible = True
