780.3146 	WARNING 	User requested fullscreen with size [1024  768], but screen is actually [1920, 1200]. Using actual size
781.1229 	EXP 	Created window1 = Window(allowGUI=False, allowStencil=False, autoLog=True, backendConf=UNKNOWN, bitsMode=UNKNOWN, blendMode='avg', bpc=(8, 8, 8), color=array([0, 0, 0]), colorSpace='rgb', depthBits=8, fullscr=<method-wrapper '__getattribute__' of attributeSetter object at 0x000001F3ABFB6780>, gamma=None, gammaErrorPolicy='raise', lms=UNKNOWN, monitor=<psychopy.monitors.calibTools.Monitor object at 0x000001F3AD6C4080>, multiSample=False, name='window1', numSamples=2, pos=[0.0, 0.0], screen=0, size=array([1920, 1200]), stencilBits=0, stereo=False, units='norm', useFBO=True, useRetina=False, viewOri=0.0, viewPos=None, viewScale=None, waitBlanking=True, winType='pyglet')
781.1232 	EXP 	window1: mouseVisible = True
781.1233 	EXP 	window1: mouseVisible = False
781.1233 	EXP 	window1: recordFrameIntervals = False
781.2894 	EXP 	window1: recordFrameIntervals = True
781.4730 	EXP 	window1: recordFrameIntervals = False
781.5274 	EXP 	Created text = TextStim(__class__=<class 'psychopy.visual.text.TextStim'>, alignHoriz=method-wrapper(...), alignText='center', alignVert=method-wrapper(...), anchorHoriz='center', anchorVert='center', antialias=True, autoLog=True, bold=False, color=array([1., 1., 1.]), colorSpace='rgb', contrast=1.0, depth=0.0, flipHoriz=False, flipVert=False, font='Arial', fontFiles=[], height=0.15, italic=False, languageStyle='LTR', name='text', opacity=1, ori=0, pos=array([0., 0.]), rgb=UNKNOWN, text='+', units='norm', win=Window(...), wrapWidth=1)
781.5454 	EXP 	Created text = TextStim(__class__=<class 'psychopy.visual.text.TextStim'>, alignHoriz=method-wrapper(...), alignText='center', alignVert=method-wrapper(...), anchorHoriz='center', anchorVert='center', antialias=True, autoLog=True, bold=False, color=array([1., 1., 1.]), colorSpace='rgb', contrast=1.0, depth=0.0, flipHoriz=False, flipVert=False, font='Arial', fontFiles=[], height=0.07, italic=False, languageStyle='LTR', name='text', opacity=1, ori=0, pos=array([0., 0.]), rgb=UNKNOWN, text=str(...), units='norm', win=Window(...), wrapWidth=1.65)
781.5570 	EXP 	Created text = TextStim(__class__=<class 'psychopy.visual.text.TextStim'>, alignHoriz=method-wrapper(...), alignText='center', alignVert=method-wrapper(...), anchorHoriz='center', anchorVert='center', antialias=True, autoLog=True, bold=False, color=array([1., 1., 1.]), colorSpace='rgb', contrast=1.0, depth=0.0, flipHoriz=False, flipVert=False, font='Arial', fontFiles=[], height=0.07, italic=False, languageStyle='LTR', name='text', opacity=1, ori=0, pos=array([0., 0.]), rgb=UNKNOWN, text=str(...), units='norm', win=Window(...), wrapWidth=1.65)
781.5668 	EXP 	Created text = TextStim(__class__=<class 'psychopy.visual.text.TextStim'>, alignHoriz=method-wrapper(...), alignText='center', alignVert=method-wrapper(...), anchorHoriz='center', anchorVert='center', antialias=True, autoLog=True, bold=False, color=array([1., 1., 1.]), colorSpace='rgb', contrast=1.0, depth=0.0, flipHoriz=False, flipVert=False, font='Arial', fontFiles=[], height=0.07, italic=False, languageStyle='LTR', name='text', opacity=1, ori=0, pos=array([0., 0.]), rgb=UNKNOWN, text=str(...), units='norm', win=Window(...), wrapWidth=1.65)
781.5764 	EXP 	Created text = TextStim(__class__=<class 'psychopy.visual.text.TextStim'>, alignHoriz=method-wrapper(...), alignText='center', alignVert=method-wrapper(...), anchorHoriz='center', anchorVert='center', antialias=True, autoLog=True, bold=False, color=array([1., 1., 1.]), colorSpace='rgb', contrast=1.0, depth=0.0, flipHoriz=False, flipVert=False, font='Arial', fontFiles=[], height=0.07, italic=False, languageStyle='LTR', name='text', opacity=1, ori=0, pos=array([0., 0.]), rgb=UNKNOWN, text=str(...), units='norm', win=Window(...), wrapWidth=1.65)
781.5817 	EXP 	Created text = TextStim(__class__=<class 'psychopy.visual.text.TextStim'>, alignHoriz=method-wrapper(...), alignText='center', alignVert=method-wrapper(...), anchorHoriz='center', anchorVert='center', antialias=True, autoLog=True, bold=False, color=array([1., 1., 1.]), colorSpace='rgb', contrast=1.0, depth=0.0, flipHoriz=False, flipVert=False, font='Arial', fontFiles=[], height=0.07, italic=False, languageStyle='LTR', name='text', opacity=1, ori=0, pos=array([0., 0.]), rgb=UNKNOWN, text=str(...), units='norm', win=Window(...), wrapWidth=1.65)
781.5965 	EXP 	Created text = TextStim(__class__=<class 'psychopy.visual.text.TextStim'>, alignHoriz=method-wrapper(...), alignText='center', alignVert=method-wrapper(...), anchorHoriz='center', anchorVert='center', antialias=True, autoLog=True, bold=False, color=array([1., 1., 1.]), colorSpace='rgb', contrast=1.0, depth=0.0, flipHoriz=False, flipVert=False, font='Arial', fontFiles=[], height=0.15, italic=False, languageStyle='LTR', name='text', opacity=1, ori=0, pos=array([0., 0.]), rgb=UNKNOWN, text=str(...), units='norm', win=Window(...), wrapWidth=1.65)
781.6248 	EXP 	Created text = TextStim(__class__=<class 'psychopy.visual.text.TextStim'>, alignHoriz=method-wrapper(...), alignText='center', alignVert=method-wrapper(...), anchorHoriz='center', anchorVert='center', antialias=True, autoLog=True, bold=False, color=array([1., 1., 1.]), colorSpace='rgb', contrast=1.0, depth=0.0, flipHoriz=False, flipVert=False, font='Arial', fontFiles=[], height=0.07, italic=False, languageStyle='LTR', name='text', opacity=1, ori=0, pos=array([0., 0.]), rgb=UNKNOWN, text=str(...), units='norm', win=Window(...), wrapWidth=1.65)
781.6429 	EXP 	Created text = TextStim(__class__=<class 'psychopy.visual.text.TextStim'>, alignHoriz=method-wrapper(...), alignText='center', alignVert=method-wrapper(...), anchorHoriz='center', anchorVert='center', antialias=True, autoLog=True, bold=False, color=array([1., 1., 1.]), colorSpace='rgb', contrast=1.0, depth=0.0, flipHoriz=False, flipVert=False, font='Arial', fontFiles=[], height=0.07, italic=False, languageStyle='LTR', name='text', opacity=1, ori=0, pos=array([0., 0.]), rgb=UNKNOWN, text=str(...), units='norm', win=Window(...), wrapWidth=1.65)
781.6737 	EXP 	Created text = TextStim(__class__=<class 'psychopy.visual.text.TextStim'>, alignHoriz=method-wrapper(...), alignText='center', alignVert=method-wrapper(...), anchorHoriz='center', anchorVert='center', antialias=True, autoLog=True, bold=False, color=array([1., 1., 1.]), colorSpace='rgb', contrast=1.0, depth=0.0, flipHoriz=False, flipVert=False, font='Arial', fontFiles=[], height=0.07, italic=False, languageStyle='LTR', name='text', opacity=1, ori=0, pos=array([0., 0.]), rgb=UNKNOWN, text=str(...), units='norm', win=Window(...), wrapWidth=1.65)
781.7013 	EXP 	Created text = TextStim(__class__=<class 'psychopy.visual.text.TextStim'>, alignHoriz=method-wrapper(...), alignText='center', alignVert=method-wrapper(...), anchorHoriz='center', anchorVert='center', antialias=True, autoLog=True, bold=False, color=array([1., 1., 1.]), colorSpace='rgb', contrast=1.0, depth=0.0, flipHoriz=False, flipVert=False, font='Arial', fontFiles=[], height=0.07, italic=False, languageStyle='LTR', name='text', opacity=1, ori=0, pos=array([0., 0.]), rgb=UNKNOWN, text=str(...), units='norm', win=Window(...), wrapWidth=1.65)
781.7339 	EXP 	Created text = TextStim(__class__=<class 'psychopy.visual.text.TextStim'>, alignHoriz=method-wrapper(...), alignText='center', alignVert=method-wrapper(...), anchorHoriz='center', anchorVert='center', antialias=True, autoLog=True, bold=False, color=array([1., 1., 1.]), colorSpace='rgb', contrast=1.0, depth=0.0, flipHoriz=False, flipVert=False, font='Arial', fontFiles=[], height=0.07, italic=False, languageStyle='LTR', name='text', opacity=1, ori=0, pos=array([0., 0.]), rgb=UNKNOWN, text=str(...), units='norm', win=Window(...), wrapWidth=1.65)
781.7428 	EXP 	Created text = TextStim(__class__=<class 'psychopy.visual.text.TextStim'>, alignHoriz=method-wrapper(...), alignText='center', alignVert=method-wrapper(...), anchorHoriz='center', anchorVert='center', antialias=True, autoLog=True, bold=False, color=array([1., 1., 1.]), colorSpace='rgb', contrast=1.0, depth=0.0, flipHoriz=False, flipVert=False, font='Arial', fontFiles=[], height=0.07, italic=False, languageStyle='LTR', name='text', opacity=1, ori=0, pos=array([0., 0.]), rgb=UNKNOWN, text=str(...), units='norm', win=Window(...), wrapWidth=1.65)
781.7553 	EXP 	Created text = TextStim(__class__=<class 'psychopy.visual.text.TextStim'>, alignHoriz=method-wrapper(...), alignText='center', alignVert=method-wrapper(...), anchorHoriz='center', anchorVert='center', antialias=True, autoLog=True, bold=False, color=array([1., 1., 1.]), colorSpace='rgb', contrast=1.0, depth=0.0, flipHoriz=False, flipVert=False, font='Arial', fontFiles=[], height=0.07, italic=False, languageStyle='LTR', name='text', opacity=1, ori=0, pos=array([0., 0.]), rgb=UNKNOWN, text=str(...), units='norm', win=Window(...), wrapWidth=1.65)
781.7598 	EXP 	Created instru = TextStim(__class__=<class 'psychopy.visual.text.TextStim'>, alignHoriz=method-wrapper(...), alignText='center', alignVert=method-wrapper(...), anchorHoriz='center', anchorVert='center', antialias=True, autoLog=True, bold=False, color=array([1., 1., 1.]), colorSpace='rgb', contrast=1.0, depth=0.0, flipHoriz=False, flipVert=False, font='Arial', fontFiles=[], height=0.07, italic=False, languageStyle='LTR', name='instru', opacity=1, ori=0, pos=array([0. , 0.5]), rgb=UNKNOWN, text=str(...), units='norm', win=Window(...), wrapWidth=1)
781.7624 	EXP 	Created unnamed Line = Line(__class__=<class 'psychopy.visual.line.Line'>, autoDraw=False, autoLog=True, closeShape=False, color=array([1., 1., 1.]), colorSpace='rgb', contrast=None, depth=0, fillColor=array([0, 0, 0]), fillColorSpace='rgb', fillRGB=array([0, 0, 0]), interpolate=True, lineColor=array([1., 1., 1.]), lineColorSpace='rgb', lineRGB=array([1, 1, 1]), lineWidth=5, name='unnamed Line', opacity=0.5, ori=0.0, pos=array([0., 0.]), size=array([1., 1.]), units='norm', vertices=array([[-0.5,  0. ],
       [ 0.5,  0. ]]), win=Window(...), windingRule=None)
781.7644 	EXP 	Created unnamed Line = Line(__class__=<class 'psychopy.visual.line.Line'>, autoDraw=False, autoLog=True, closeShape=False, color=array([1., 1., 1.]), colorSpace='rgb', contrast=None, depth=0, fillColor=array([0, 0, 0]), fillColorSpace='rgb', fillRGB=array([0, 0, 0]), interpolate=True, lineColor=array([1., 1., 1.]), lineColorSpace='rgb', lineRGB=array([1, 1, 1]), lineWidth=3, name='unnamed Line', opacity=0.5, ori=0.0, pos=array([0., 0.]), size=array([1., 1.]), units='norm', vertices=array([[-0.5 , -0.05],
       [-0.5 ,  0.05]]), win=Window(...), windingRule=None)
781.7664 	EXP 	Created unnamed Line = Line(__class__=<class 'psychopy.visual.line.Line'>, autoDraw=False, autoLog=True, closeShape=False, color=array([1., 1., 1.]), colorSpace='rgb', contrast=None, depth=0, fillColor=array([0, 0, 0]), fillColorSpace='rgb', fillRGB=array([0, 0, 0]), interpolate=True, lineColor=array([1., 1., 1.]), lineColorSpace='rgb', lineRGB=array([1, 1, 1]), lineWidth=3, name='unnamed Line', opacity=0.5, ori=0.0, pos=array([0., 0.]), size=array([1., 1.]), units='norm', vertices=ndarray(...), win=Window(...), windingRule=None)
781.7684 	EXP 	Created unnamed Line = Line(__class__=<class 'psychopy.visual.line.Line'>, autoDraw=False, autoLog=True, closeShape=False, color=array([1., 1., 1.]), colorSpace='rgb', contrast=None, depth=0, fillColor=array([0, 0, 0]), fillColorSpace='rgb', fillRGB=array([0, 0, 0]), interpolate=True, lineColor=array([1., 1., 1.]), lineColorSpace='rgb', lineRGB=array([1, 1, 1]), lineWidth=3, name='unnamed Line', opacity=0.5, ori=0.0, pos=array([0., 0.]), size=array([1., 1.]), units='norm', vertices=ndarray(...), win=Window(...), windingRule=None)
781.7704 	EXP 	Created unnamed Line = Line(__class__=<class 'psychopy.visual.line.Line'>, autoDraw=False, autoLog=True, closeShape=False, color=array([1., 1., 1.]), colorSpace='rgb', contrast=None, depth=0, fillColor=array([0, 0, 0]), fillColorSpace='rgb', fillRGB=array([0, 0, 0]), interpolate=True, lineColor=array([1., 1., 1.]), lineColorSpace='rgb', lineRGB=array([1, 1, 1]), lineWidth=3, name='unnamed Line', opacity=0.5, ori=0.0, pos=array([0., 0.]), size=array([1., 1.]), units='norm', vertices=array([[ 0.5 , -0.05],
       [ 0.5 ,  0.05]]), win=Window(...), windingRule=None)
781.7818 	EXP 	Created unnamed TextStim = TextStim(__class__=<class 'psychopy.visual.text.TextStim'>, alignHoriz=method-wrapper(...), alignText='center', alignVert=method-wrapper(...), anchorHoriz='center', anchorVert='center', antialias=True, autoLog=True, bold=False, color=array([1., 1., 1.]), colorSpace='rgb', contrast=1.0, depth=0, flipHoriz=False, flipVert=False, font='', fontFiles=[], height=0.05, italic=False, languageStyle='LTR', name='unnamed TextStim', opacity=1.0, ori=0.0, pos=array([-0.5, -0.1]), rgb=UNKNOWN, text='Clearly \n NOT FOCUSED', units='norm', win=Window(...), wrapWidth=1)
781.7829 	EXP 	Created unnamed TextStim = TextStim(__class__=<class 'psychopy.visual.text.TextStim'>, alignHoriz=method-wrapper(...), alignText='center', alignVert=method-wrapper(...), anchorHoriz='center', anchorVert='center', antialias=True, autoLog=True, bold=False, color=array([1., 1., 1.]), colorSpace='rgb', contrast=1.0, depth=0, flipHoriz=False, flipVert=False, font='', fontFiles=[], height=0.05, italic=False, languageStyle='LTR', name='unnamed TextStim', opacity=1.0, ori=0.0, pos=array([-0.16666667, -0.1       ]), rgb=UNKNOWN, text='', units='norm', win=Window(...), wrapWidth=1)
781.7839 	EXP 	Created unnamed TextStim = TextStim(__class__=<class 'psychopy.visual.text.TextStim'>, alignHoriz=method-wrapper(...), alignText='center', alignVert=method-wrapper(...), anchorHoriz='center', anchorVert='center', antialias=True, autoLog=True, bold=False, color=array([1., 1., 1.]), colorSpace='rgb', contrast=1.0, depth=0, flipHoriz=False, flipVert=False, font='', fontFiles=[], height=0.05, italic=False, languageStyle='LTR', name='unnamed TextStim', opacity=1.0, ori=0.0, pos=array([ 0.16666667, -0.1       ]), rgb=UNKNOWN, text='', units='norm', win=Window(...), wrapWidth=1)
781.7869 	EXP 	Created unnamed TextStim = TextStim(__class__=<class 'psychopy.visual.text.TextStim'>, alignHoriz=method-wrapper(...), alignText='center', alignVert=method-wrapper(...), anchorHoriz='center', anchorVert='center', antialias=True, autoLog=True, bold=False, color=array([1., 1., 1.]), colorSpace='rgb', contrast=1.0, depth=0, flipHoriz=False, flipVert=False, font='', fontFiles=[], height=0.05, italic=False, languageStyle='LTR', name='unnamed TextStim', opacity=1.0, ori=0.0, pos=array([ 0.5, -0.1]), rgb=UNKNOWN, text='Clearly \n FOCUSED', units='norm', win=Window(...), wrapWidth=1)
781.7887 	EXP 	Created unnamed ShapeStim = ShapeStim(__class__=<class 'psychopy.visual.shape.ShapeStim'>, autoDraw=False, autoLog=True, closeShape=True, color=method-wrapper(...), colorSpace='rgb', contrast=None, depth=0, fillColor=array([1, 1, 1]), fillColorSpace='rgb', fillRGB=array([1, 1, 1]), interpolate=True, lineColor=array([-1., -1., -1.]), lineColorSpace='rgb', lineRGB=array([-1, -1, -1]), lineWidth=1.5, name='unnamed ShapeStim', opacity=1.0, ori=0.0, pos=array([0., 0.]), size=array([1., 1.]), units='norm', vertices=ndarray(...), win=Window(...), windingRule=None)
781.7969 	EXP 	Created instru = TextStim(__class__=<class 'psychopy.visual.text.TextStim'>, alignHoriz=method-wrapper(...), alignText='center', alignVert=method-wrapper(...), anchorHoriz='center', anchorVert='center', antialias=True, autoLog=True, bold=False, color=array([1., 1., 1.]), colorSpace='rgb', contrast=1.0, depth=0.0, flipHoriz=False, flipVert=False, font='Arial', fontFiles=[], height=0.07, italic=False, languageStyle='LTR', name='instru', opacity=1, ori=0, pos=array([0. , 0.5]), rgb=UNKNOWN, text=str(...), units='norm', win=Window(...), wrapWidth=1)
781.7991 	EXP 	Created unnamed Line = Line(__class__=<class 'psychopy.visual.line.Line'>, autoDraw=False, autoLog=True, closeShape=False, color=array([1., 1., 1.]), colorSpace='rgb', contrast=None, depth=0, fillColor=array([0, 0, 0]), fillColorSpace='rgb', fillRGB=array([0, 0, 0]), interpolate=True, lineColor=array([1., 1., 1.]), lineColorSpace='rgb', lineRGB=array([1, 1, 1]), lineWidth=5, name='unnamed Line', opacity=0.5, ori=0.0, pos=array([0., 0.]), size=array([1., 1.]), units='norm', vertices=array([[-0.5,  0. ],
       [ 0.5,  0. ]]), win=Window(...), windingRule=None)
781.8012 	EXP 	Created unnamed Line = Line(__class__=<class 'psychopy.visual.line.Line'>, autoDraw=False, autoLog=True, closeShape=False, color=array([1., 1., 1.]), colorSpace='rgb', contrast=None, depth=0, fillColor=array([0, 0, 0]), fillColorSpace='rgb', fillRGB=array([0, 0, 0]), interpolate=True, lineColor=array([1., 1., 1.]), lineColorSpace='rgb', lineRGB=array([1, 1, 1]), lineWidth=3, name='unnamed Line', opacity=0.5, ori=0.0, pos=array([0., 0.]), size=array([1., 1.]), units='norm', vertices=array([[-0.5 , -0.05],
       [-0.5 ,  0.05]]), win=Window(...), windingRule=None)
781.8032 	EXP 	Created unnamed Line = Line(__class__=<class 'psychopy.visual.line.Line'>, autoDraw=False, autoLog=True, closeShape=False, color=array([1., 1., 1.]), colorSpace='rgb', contrast=None, depth=0, fillColor=array([0, 0, 0]), fillColorSpace='rgb', fillRGB=array([0, 0, 0]), interpolate=True, lineColor=array([1., 1., 1.]), lineColorSpace='rgb', lineRGB=array([1, 1, 1]), lineWidth=3, name='unnamed Line', opacity=0.5, ori=0.0, pos=array([0., 0.]), size=array([1., 1.]), units='norm', vertices=ndarray(...), win=Window(...), windingRule=None)
781.8052 	EXP 	Created unnamed Line = Line(__class__=<class 'psychopy.visual.line.Line'>, autoDraw=False, autoLog=True, closeShape=False, color=array([1., 1., 1.]), colorSpace='rgb', contrast=None, depth=0, fillColor=array([0, 0, 0]), fillColorSpace='rgb', fillRGB=array([0, 0, 0]), interpolate=True, lineColor=array([1., 1., 1.]), lineColorSpace='rgb', lineRGB=array([1, 1, 1]), lineWidth=3, name='unnamed Line', opacity=0.5, ori=0.0, pos=array([0., 0.]), size=array([1., 1.]), units='norm', vertices=ndarray(...), win=Window(...), windingRule=None)
781.8072 	EXP 	Created unnamed Line = Line(__class__=<class 'psychopy.visual.line.Line'>, autoDraw=False, autoLog=True, closeShape=False, color=array([1., 1., 1.]), colorSpace='rgb', contrast=None, depth=0, fillColor=array([0, 0, 0]), fillColorSpace='rgb', fillRGB=array([0, 0, 0]), interpolate=True, lineColor=array([1., 1., 1.]), lineColorSpace='rgb', lineRGB=array([1, 1, 1]), lineWidth=3, name='unnamed Line', opacity=0.5, ori=0.0, pos=array([0., 0.]), size=array([1., 1.]), units='norm', vertices=array([[ 0.5 , -0.05],
       [ 0.5 ,  0.05]]), win=Window(...), windingRule=None)
781.8124 	EXP 	Created unnamed TextStim = TextStim(__class__=<class 'psychopy.visual.text.TextStim'>, alignHoriz=method-wrapper(...), alignText='center', alignVert=method-wrapper(...), anchorHoriz='center', anchorVert='center', antialias=True, autoLog=True, bold=False, color=array([1., 1., 1.]), colorSpace='rgb', contrast=1.0, depth=0, flipHoriz=False, flipVert=False, font='', fontFiles=[], height=0.05, italic=False, languageStyle='LTR', name='unnamed TextStim', opacity=1.0, ori=0.0, pos=array([-0.5, -0.1]), rgb=UNKNOWN, text='Clearly \n NOTHING', units='norm', win=Window(...), wrapWidth=1)
781.8134 	EXP 	Created unnamed TextStim = TextStim(__class__=<class 'psychopy.visual.text.TextStim'>, alignHoriz=method-wrapper(...), alignText='center', alignVert=method-wrapper(...), anchorHoriz='center', anchorVert='center', antialias=True, autoLog=True, bold=False, color=array([1., 1., 1.]), colorSpace='rgb', contrast=1.0, depth=0, flipHoriz=False, flipVert=False, font='', fontFiles=[], height=0.05, italic=False, languageStyle='LTR', name='unnamed TextStim', opacity=1.0, ori=0.0, pos=array([-0.16666667, -0.1       ]), rgb=UNKNOWN, text='', units='norm', win=Window(...), wrapWidth=1)
781.8144 	EXP 	Created unnamed TextStim = TextStim(__class__=<class 'psychopy.visual.text.TextStim'>, alignHoriz=method-wrapper(...), alignText='center', alignVert=method-wrapper(...), anchorHoriz='center', anchorVert='center', antialias=True, autoLog=True, bold=False, color=array([1., 1., 1.]), colorSpace='rgb', contrast=1.0, depth=0, flipHoriz=False, flipVert=False, font='', fontFiles=[], height=0.05, italic=False, languageStyle='LTR', name='unnamed TextStim', opacity=1.0, ori=0.0, pos=array([ 0.16666667, -0.1       ]), rgb=UNKNOWN, text='', units='norm', win=Window(...), wrapWidth=1)
781.8183 	EXP 	Created unnamed TextStim = TextStim(__class__=<class 'psychopy.visual.text.TextStim'>, alignHoriz=method-wrapper(...), alignText='center', alignVert=method-wrapper(...), anchorHoriz='center', anchorVert='center', antialias=True, autoLog=True, bold=False, color=array([1., 1., 1.]), colorSpace='rgb', contrast=1.0, depth=0, flipHoriz=False, flipVert=False, font='', fontFiles=[], height=0.05, italic=False, languageStyle='LTR', name='unnamed TextStim', opacity=1.0, ori=0.0, pos=array([ 0.5, -0.1]), rgb=UNKNOWN, text='Clearly \n SOMETHING', units='norm', win=Window(...), wrapWidth=1)
781.8201 	EXP 	Created unnamed ShapeStim = ShapeStim(__class__=<class 'psychopy.visual.shape.ShapeStim'>, autoDraw=False, autoLog=True, closeShape=True, color=method-wrapper(...), colorSpace='rgb', contrast=None, depth=0, fillColor=array([1, 1, 1]), fillColorSpace='rgb', fillRGB=array([1, 1, 1]), interpolate=True, lineColor=array([-1., -1., -1.]), lineColorSpace='rgb', lineRGB=array([-1, -1, -1]), lineWidth=1.5, name='unnamed ShapeStim', opacity=1.0, ori=0.0, pos=array([0., 0.]), size=array([1., 1.]), units='norm', vertices=ndarray(...), win=Window(...), windingRule=None)
781.8269 	EXP 	Created instru = TextStim(__class__=<class 'psychopy.visual.text.TextStim'>, alignHoriz=method-wrapper(...), alignText='center', alignVert=method-wrapper(...), anchorHoriz='center', anchorVert='center', antialias=True, autoLog=True, bold=False, color=array([1., 1., 1.]), colorSpace='rgb', contrast=1.0, depth=0.0, flipHoriz=False, flipVert=False, font='Arial', fontFiles=[], height=0.07, italic=False, languageStyle='LTR', name='instru', opacity=1, ori=0, pos=array([0. , 0.5]), rgb=UNKNOWN, text=str(...), units='norm', win=Window(...), wrapWidth=1)
781.8290 	EXP 	Created unnamed Line = Line(__class__=<class 'psychopy.visual.line.Line'>, autoDraw=False, autoLog=True, closeShape=False, color=array([1., 1., 1.]), colorSpace='rgb', contrast=None, depth=0, fillColor=array([0, 0, 0]), fillColorSpace='rgb', fillRGB=array([0, 0, 0]), interpolate=True, lineColor=array([1., 1., 1.]), lineColorSpace='rgb', lineRGB=array([1, 1, 1]), lineWidth=5, name='unnamed Line', opacity=0.5, ori=0.0, pos=array([0., 0.]), size=array([1., 1.]), units='norm', vertices=array([[-0.5,  0. ],
       [ 0.5,  0. ]]), win=Window(...), windingRule=None)
781.8310 	EXP 	Created unnamed Line = Line(__class__=<class 'psychopy.visual.line.Line'>, autoDraw=False, autoLog=True, closeShape=False, color=array([1., 1., 1.]), colorSpace='rgb', contrast=None, depth=0, fillColor=array([0, 0, 0]), fillColorSpace='rgb', fillRGB=array([0, 0, 0]), interpolate=True, lineColor=array([1., 1., 1.]), lineColorSpace='rgb', lineRGB=array([1, 1, 1]), lineWidth=3, name='unnamed Line', opacity=0.5, ori=0.0, pos=array([0., 0.]), size=array([1., 1.]), units='norm', vertices=array([[-0.5 , -0.05],
       [-0.5 ,  0.05]]), win=Window(...), windingRule=None)
781.8330 	EXP 	Created unnamed Line = Line(__class__=<class 'psychopy.visual.line.Line'>, autoDraw=False, autoLog=True, closeShape=False, color=array([1., 1., 1.]), colorSpace='rgb', contrast=None, depth=0, fillColor=array([0, 0, 0]), fillColorSpace='rgb', fillRGB=array([0, 0, 0]), interpolate=True, lineColor=array([1., 1., 1.]), lineColorSpace='rgb', lineRGB=array([1, 1, 1]), lineWidth=3, name='unnamed Line', opacity=0.5, ori=0.0, pos=array([0., 0.]), size=array([1., 1.]), units='norm', vertices=ndarray(...), win=Window(...), windingRule=None)
781.8350 	EXP 	Created unnamed Line = Line(__class__=<class 'psychopy.visual.line.Line'>, autoDraw=False, autoLog=True, closeShape=False, color=array([1., 1., 1.]), colorSpace='rgb', contrast=None, depth=0, fillColor=array([0, 0, 0]), fillColorSpace='rgb', fillRGB=array([0, 0, 0]), interpolate=True, lineColor=array([1., 1., 1.]), lineColorSpace='rgb', lineRGB=array([1, 1, 1]), lineWidth=3, name='unnamed Line', opacity=0.5, ori=0.0, pos=array([0., 0.]), size=array([1., 1.]), units='norm', vertices=ndarray(...), win=Window(...), windingRule=None)
781.8370 	EXP 	Created unnamed Line = Line(__class__=<class 'psychopy.visual.line.Line'>, autoDraw=False, autoLog=True, closeShape=False, color=array([1., 1., 1.]), colorSpace='rgb', contrast=None, depth=0, fillColor=array([0, 0, 0]), fillColorSpace='rgb', fillRGB=array([0, 0, 0]), interpolate=True, lineColor=array([1., 1., 1.]), lineColorSpace='rgb', lineRGB=array([1, 1, 1]), lineWidth=3, name='unnamed Line', opacity=0.5, ori=0.0, pos=array([0., 0.]), size=array([1., 1.]), units='norm', vertices=array([[ 0.5 , -0.05],
       [ 0.5 ,  0.05]]), win=Window(...), windingRule=None)
781.8422 	EXP 	Created unnamed TextStim = TextStim(__class__=<class 'psychopy.visual.text.TextStim'>, alignHoriz=method-wrapper(...), alignText='center', alignVert=method-wrapper(...), anchorHoriz='center', anchorVert='center', antialias=True, autoLog=True, bold=False, color=array([1., 1., 1.]), colorSpace='rgb', contrast=1.0, depth=0, flipHoriz=False, flipVert=False, font='', fontFiles=[], height=0.05, italic=False, languageStyle='LTR', name='unnamed TextStim', opacity=1.0, ori=0.0, pos=array([-0.5, -0.1]), rgb=UNKNOWN, text='Clearly \n SPONTANEOUS', units='norm', win=Window(...), wrapWidth=1)
781.8432 	EXP 	Created unnamed TextStim = TextStim(__class__=<class 'psychopy.visual.text.TextStim'>, alignHoriz=method-wrapper(...), alignText='center', alignVert=method-wrapper(...), anchorHoriz='center', anchorVert='center', antialias=True, autoLog=True, bold=False, color=array([1., 1., 1.]), colorSpace='rgb', contrast=1.0, depth=0, flipHoriz=False, flipVert=False, font='', fontFiles=[], height=0.05, italic=False, languageStyle='LTR', name='unnamed TextStim', opacity=1.0, ori=0.0, pos=array([-0.16666667, -0.1       ]), rgb=UNKNOWN, text='', units='norm', win=Window(...), wrapWidth=1)
781.8444 	EXP 	Created unnamed TextStim = TextStim(__class__=<class 'psychopy.visual.text.TextStim'>, alignHoriz=method-wrapper(...), alignText='center', alignVert=method-wrapper(...), anchorHoriz='center', anchorVert='center', antialias=True, autoLog=True, bold=False, color=array([1., 1., 1.]), colorSpace='rgb', contrast=1.0, depth=0, flipHoriz=False, flipVert=False, font='', fontFiles=[], height=0.05, italic=False, languageStyle='LTR', name='unnamed TextStim', opacity=1.0, ori=0.0, pos=array([ 0.16666667, -0.1       ]), rgb=UNKNOWN, text='', units='norm', win=Window(...), wrapWidth=1)
781.8496 	EXP 	Created unnamed TextStim = TextStim(__class__=<class 'psychopy.visual.text.TextStim'>, alignHoriz=method-wrapper(...), alignText='center', alignVert=method-wrapper(...), anchorHoriz='center', anchorVert='center', antialias=True, autoLog=True, bold=False, color=array([1., 1., 1.]), colorSpace='rgb', contrast=1.0, depth=0, flipHoriz=False, flipVert=False, font='', fontFiles=[], height=0.05, italic=False, languageStyle='LTR', name='unnamed TextStim', opacity=1.0, ori=0.0, pos=array([ 0.5, -0.1]), rgb=UNKNOWN, text='Clearly \n DELIBERATE', units='norm', win=Window(...), wrapWidth=1)
781.8513 	EXP 	Created unnamed ShapeStim = ShapeStim(__class__=<class 'psychopy.visual.shape.ShapeStim'>, autoDraw=False, autoLog=True, closeShape=True, color=method-wrapper(...), colorSpace='rgb', contrast=None, depth=0, fillColor=array([1, 1, 1]), fillColorSpace='rgb', fillRGB=array([1, 1, 1]), interpolate=True, lineColor=array([-1., -1., -1.]), lineColorSpace='rgb', lineRGB=array([-1, -1, -1]), lineWidth=1.5, name='unnamed ShapeStim', opacity=1.0, ori=0.0, pos=array([0., 0.]), size=array([1., 1.]), units='norm', vertices=ndarray(...), win=Window(...), windingRule=None)
781.9146 	EXP 	Sound  set volume 1.000
781.9451 	EXP 	unnamed ShapeStim: vertices = <class 'numpy.ndarray'>
781.9451 	EXP 	unnamed ShapeStim: vertices = <class 'numpy.ndarray'>
781.9451 	EXP 	unnamed ShapeStim: vertices = <class 'numpy.ndarray'>
783.8775 	DATA 	Keypress: rctrl
784.3918 	EXP 	Sound  started
784.7575 	DATA 	Keypress: lctrl
785.1418 	EXP 	Sound  started
785.2535 	DATA 	Keypress: lctrl
785.8918 	EXP 	Sound  started
785.9094 	DATA 	Keypress: rctrl
786.5495 	DATA 	Keypress: rctrl
786.6418 	EXP 	Sound  started
787.2375 	DATA 	Keypress: lctrl
787.3918 	EXP 	Sound  started
788.0374 	DATA 	Keypress: lctrl
788.1418 	EXP 	Sound  started
788.7575 	DATA 	Keypress: lctrl
788.8919 	EXP 	Sound  started
789.5575 	DATA 	Keypress: lctrl
789.6419 	EXP 	Sound  started
790.3094 	DATA 	Keypress: rctrl
790.3919 	EXP 	Sound  started
791.0934 	DATA 	Keypress: lctrl
791.1419 	EXP 	Sound  started
791.8774 	DATA 	Keypress: rctrl
791.8919 	EXP 	Sound  started
792.5814 	DATA 	Keypress: rctrl
792.6419 	EXP 	Sound  started
793.2854 	DATA 	Keypress: lctrl
793.3920 	EXP 	Sound  started
794.1015 	DATA 	Keypress: rctrl
794.1420 	EXP 	Sound  started
794.8375 	DATA 	Keypress: rctrl
794.8920 	EXP 	Sound  started
795.5414 	DATA 	Keypress: lctrl
795.6420 	EXP 	Sound  started
796.2935 	DATA 	Keypress: rctrl
796.3920 	EXP 	Sound  started
797.0454 	DATA 	Keypress: lctrl
797.1420 	EXP 	Sound  started
797.7494 	DATA 	Keypress: lctrl
797.8920 	EXP 	Sound  started
798.4854 	DATA 	Keypress: lctrl
798.6421 	EXP 	Sound  started
799.2214 	DATA 	Keypress: rctrl
799.3921 	EXP 	Sound  started
799.9734 	DATA 	Keypress: rctrl
800.1421 	EXP 	Sound  started
800.7254 	DATA 	Keypress: rctrl
800.8921 	EXP 	Sound  started
801.4135 	DATA 	Keypress: lctrl
801.6421 	EXP 	Sound  started
802.2134 	DATA 	Keypress: rctrl
802.3921 	EXP 	Sound  started
802.8854 	DATA 	Keypress: rctrl
803.1421 	EXP 	Sound  started
803.6534 	DATA 	Keypress: rctrl
803.8921 	EXP 	Sound  started
804.5654 	DATA 	Keypress: lctrl
804.6422 	EXP 	Sound  started
805.2854 	DATA 	Keypress: rctrl
805.3922 	EXP 	Sound  started
805.9735 	DATA 	Keypress: lctrl
806.1422 	EXP 	Sound  started
806.7094 	DATA 	Keypress: lctrl
806.8922 	EXP 	Sound  started
807.5255 	DATA 	Keypress: lctrl
807.6422 	EXP 	Sound  started
808.3094 	DATA 	Keypress: rctrl
808.3922 	EXP 	Sound  started
809.0934 	DATA 	Keypress: rctrl
809.1422 	EXP 	Sound  started
809.7974 	DATA 	Keypress: lctrl
809.8923 	EXP 	Sound  started
810.5334 	DATA 	Keypress: rctrl
810.6423 	EXP 	Sound  started
811.1895 	DATA 	Keypress: lctrl
811.3923 	EXP 	Sound  started
811.9095 	DATA 	Keypress: lctrl
812.1423 	EXP 	Sound  started
812.6775 	DATA 	Keypress: lctrl
812.8923 	EXP 	Sound  started
813.3974 	DATA 	Keypress: rctrl
813.6423 	EXP 	Sound  started
814.2134 	DATA 	Keypress: lctrl
814.3923 	EXP 	Sound  started
814.9814 	DATA 	Keypress: rctrl
815.1424 	EXP 	Sound  started
815.7014 	DATA 	Keypress: rctrl
815.8924 	EXP 	Sound  started
816.4213 	DATA 	Keypress: rctrl
816.6424 	EXP 	Sound  started
817.2534 	DATA 	Keypress: lctrl
817.3924 	EXP 	Sound  started
817.9574 	DATA 	Keypress: lctrl
818.1424 	EXP 	Sound  started
818.6934 	DATA 	Keypress: rctrl
818.8924 	EXP 	Sound  started
819.4294 	DATA 	Keypress: lctrl
819.6424 	EXP 	Sound  started
820.1814 	DATA 	Keypress: lctrl
820.3925 	EXP 	Sound  started
820.9974 	DATA 	Keypress: lctrl
821.1425 	EXP 	Sound  started
821.7334 	DATA 	Keypress: rctrl
821.8925 	EXP 	Sound  started
822.4694 	DATA 	Keypress: lctrl
822.6425 	EXP 	Sound  started
823.1895 	DATA 	Keypress: rctrl
823.3925 	EXP 	Sound  started
823.9574 	DATA 	Keypress: rctrl
824.1425 	EXP 	Sound  started
824.6934 	DATA 	Keypress: rctrl
824.8925 	EXP 	Sound  started
825.4774 	DATA 	Keypress: lctrl
825.6425 	EXP 	Sound  started
826.2134 	DATA 	Keypress: rctrl
826.3926 	EXP 	Sound  started
826.9814 	DATA 	Keypress: rctrl
827.1426 	EXP 	Sound  started
827.7814 	DATA 	Keypress: lctrl
827.8926 	EXP 	Sound  started
828.4854 	DATA 	Keypress: lctrl
828.6426 	EXP 	Sound  started
829.3334 	DATA 	Keypress: lctrl
829.3926 	EXP 	Sound  started
830.0214 	DATA 	Keypress: rctrl
830.1912 	EXP 	unnamed TextStim: text = ''
830.1912 	EXP 	unnamed TextStim: text = ''
832.7979 	DATA 	Keypress: 4
832.8145 	EXP 	unnamed ShapeStim: vertices = <class 'numpy.ndarray'>
834.3491 	EXP 	unnamed TextStim: text = ''
834.3491 	EXP 	unnamed TextStim: text = ''
834.7329 	DATA 	Keypress: 1
834.7494 	EXP 	unnamed ShapeStim: vertices = <class 'numpy.ndarray'>
836.2845 	EXP 	unnamed TextStim: text = ''
836.2845 	EXP 	unnamed TextStim: text = ''
837.1020 	DATA 	Keypress: 4
837.1185 	EXP 	unnamed ShapeStim: vertices = <class 'numpy.ndarray'>
839.4041 	EXP 	Sound  started
839.4043 	DATA 	Keypress: rctrl
839.8934 	DATA 	Keypress: rctrl
840.1541 	EXP 	Sound  started
840.8054 	DATA 	Keypress: rctrl
840.9041 	EXP 	Sound  started
841.5734 	DATA 	Keypress: lctrl
841.6541 	EXP 	Sound  started
842.3414 	DATA 	Keypress: lctrl
842.4041 	EXP 	Sound  started
842.9974 	DATA 	Keypress: rctrl
843.1542 	EXP 	Sound  started
843.7654 	DATA 	Keypress: lctrl
843.9042 	EXP 	Sound  started
844.5334 	DATA 	Keypress: lctrl
844.6542 	EXP 	Sound  started
845.1414 	DATA 	Keypress: rctrl
845.4042 	EXP 	Sound  started
845.9255 	DATA 	Keypress: lctrl
846.1542 	EXP 	Sound  started
846.6614 	DATA 	Keypress: rctrl
846.9042 	EXP 	Sound  started
847.3814 	DATA 	Keypress: lctrl
847.6542 	EXP 	Sound  started
848.1654 	DATA 	Keypress: lctrl
848.4042 	EXP 	Sound  started
848.9174 	DATA 	Keypress: rctrl
849.1543 	EXP 	Sound  started
849.7174 	DATA 	Keypress: lctrl
849.9043 	EXP 	Sound  started
850.4214 	DATA 	Keypress: rctrl
850.6543 	EXP 	Sound  started
851.2374 	DATA 	Keypress: rctrl
851.4043 	EXP 	Sound  started
852.0215 	DATA 	Keypress: lctrl
852.1543 	EXP 	Sound  started
852.7095 	DATA 	Keypress: rctrl
852.9043 	EXP 	Sound  started
853.4934 	DATA 	Keypress: lctrl
853.6544 	EXP 	Sound  started
854.2935 	DATA 	Keypress: lctrl
854.4044 	EXP 	Sound  started
854.9815 	DATA 	Keypress: rctrl
855.1544 	EXP 	Sound  started
855.7494 	DATA 	Keypress: rctrl
855.9044 	EXP 	Sound  started
856.4215 	DATA 	Keypress: lctrl
856.6544 	EXP 	Sound  started
857.1894 	DATA 	Keypress: rctrl
857.4044 	EXP 	Sound  started
857.9574 	DATA 	Keypress: rctrl
858.1544 	EXP 	Sound  started
858.6454 	DATA 	Keypress: lctrl
858.9044 	EXP 	Sound  started
859.4294 	DATA 	Keypress: rctrl
859.6545 	EXP 	Sound  started
860.2134 	DATA 	Keypress: lctrl
860.4045 	EXP 	Sound  started
860.9974 	DATA 	Keypress: lctrl
861.1545 	EXP 	Sound  started
861.7494 	DATA 	Keypress: lctrl
861.9045 	EXP 	Sound  started
862.5015 	DATA 	Keypress: rctrl
862.6545 	EXP 	Sound  started
863.1894 	DATA 	Keypress: lctrl
863.4045 	EXP 	Sound  started
864.0055 	DATA 	Keypress: lctrl
864.1545 	EXP 	Sound  started
864.7415 	DATA 	Keypress: rctrl
864.9046 	EXP 	Sound  started
865.5254 	DATA 	Keypress: lctrl
865.6546 	EXP 	Sound  started
866.2294 	DATA 	Keypress: rctrl
866.4046 	EXP 	Sound  started
866.9494 	DATA 	Keypress: lctrl
867.1546 	EXP 	Sound  started
867.6694 	DATA 	Keypress: rctrl
867.9046 	EXP 	Sound  started
868.4534 	DATA 	Keypress: rctrl
868.6546 	EXP 	Sound  started
869.1894 	DATA 	Keypress: lctrl
869.4046 	EXP 	Sound  started
869.9414 	DATA 	Keypress: lctrl
870.1547 	EXP 	Sound  started
870.6614 	DATA 	Keypress: rctrl
870.9047 	EXP 	Sound  started
871.4455 	DATA 	Keypress: lctrl
871.6547 	EXP 	Sound  started
872.1654 	DATA 	Keypress: rctrl
872.4047 	EXP 	Sound  started
872.9014 	DATA 	Keypress: lctrl
873.1547 	EXP 	Sound  started
873.7494 	DATA 	Keypress: lctrl
873.9047 	EXP 	Sound  started
874.5334 	DATA 	Keypress: rctrl
874.6547 	EXP 	Sound  started
875.2694 	DATA 	Keypress: rctrl
875.4047 	EXP 	Sound  started
875.9894 	DATA 	Keypress: lctrl
876.1548 	EXP 	Sound  started
876.8215 	DATA 	Keypress: lctrl
876.9048 	EXP 	Sound  started
877.5254 	DATA 	Keypress: rctrl
879.7865 	DATA 	Keypress: 4
879.8030 	EXP 	unnamed ShapeStim: vertices = <class 'numpy.ndarray'>
881.5917 	DATA 	Keypress: 1
881.6211 	EXP 	unnamed ShapeStim: vertices = <class 'numpy.ndarray'>
885.9582 	DATA 	Keypress: 3
885.9747 	EXP 	unnamed ShapeStim: vertices = <class 'numpy.ndarray'>
888.2595 	EXP 	Sound  started
888.3734 	DATA 	Keypress: rctrl
888.9813 	DATA 	Keypress: rctrl
889.0095 	EXP 	Sound  started
889.6534 	DATA 	Keypress: lctrl
889.7595 	EXP 	Sound  started
890.3893 	DATA 	Keypress: lctrl
890.5095 	EXP 	Sound  started
891.1573 	DATA 	Keypress: rctrl
891.2595 	EXP 	Sound  started
891.8613 	DATA 	Keypress: lctrl
892.0095 	EXP 	Sound  started
892.6453 	DATA 	Keypress: rctrl
892.7595 	EXP 	Sound  started
893.4454 	DATA 	Keypress: rctrl
893.5096 	EXP 	Sound  started
894.1333 	DATA 	Keypress: lctrl
894.2596 	EXP 	Sound  started
894.8375 	DATA 	Keypress: rctrl
895.0096 	EXP 	Sound  started
895.6534 	DATA 	Keypress: lctrl
895.7596 	EXP 	Sound  started
896.3895 	DATA 	Keypress: lctrl
896.5096 	EXP 	Sound  started
897.1255 	DATA 	Keypress: lctrl
897.2596 	EXP 	Sound  started
897.9094 	DATA 	Keypress: rctrl
898.0096 	EXP 	Sound  started
898.6614 	DATA 	Keypress: lctrl
898.7596 	EXP 	Sound  started
899.3654 	DATA 	Keypress: rctrl
899.5097 	EXP 	Sound  started
900.0854 	DATA 	Keypress: rctrl
900.2597 	EXP 	Sound  started
900.7414 	DATA 	Keypress: lctrl
901.0097 	EXP 	Sound  started
901.6054 	DATA 	Keypress: rctrl
901.7597 	EXP 	Sound  started
902.3574 	DATA 	Keypress: rctrl
902.5097 	EXP 	Sound  started
903.0294 	DATA 	Keypress: lctrl
903.2597 	EXP 	Sound  started
903.8934 	DATA 	Keypress: rctrl
904.0097 	EXP 	Sound  started
904.5174 	DATA 	Keypress: lctrl
904.7598 	EXP 	Sound  started
905.2694 	DATA 	Keypress: lctrl
905.5098 	EXP 	Sound  started
906.0534 	DATA 	Keypress: rctrl
906.2598 	EXP 	Sound  started
906.8375 	DATA 	Keypress: rctrl
907.0098 	EXP 	Sound  started
907.5255 	DATA 	Keypress: lctrl
907.7598 	EXP 	Sound  started
908.3094 	DATA 	Keypress: rctrl
908.5098 	EXP 	Sound  started
909.1414 	DATA 	Keypress: lctrl
909.2598 	EXP 	Sound  started
909.7974 	DATA 	Keypress: lctrl
910.0099 	EXP 	Sound  started
910.5654 	DATA 	Keypress: lctrl
910.7599 	EXP 	Sound  started
911.3494 	DATA 	Keypress: rctrl
911.5099 	EXP 	Sound  started
912.1654 	DATA 	Keypress: lctrl
912.2599 	EXP 	Sound  started
912.8855 	DATA 	Keypress: lctrl
913.0099 	EXP 	Sound  started
913.5574 	DATA 	Keypress: rctrl
913.7600 	EXP 	Sound  started
914.2775 	DATA 	Keypress: lctrl
914.5100 	EXP 	Sound  started
915.0774 	DATA 	Keypress: lctrl
915.2600 	EXP 	Sound  started
915.8774 	DATA 	Keypress: rctrl
916.0100 	EXP 	Sound  started
916.6134 	DATA 	Keypress: lctrl
916.7600 	EXP 	Sound  started
917.3495 	DATA 	Keypress: rctrl
917.5100 	EXP 	Sound  started
918.1495 	DATA 	Keypress: rctrl
918.2600 	EXP 	Sound  started
918.8054 	DATA 	Keypress: rctrl
919.0101 	EXP 	Sound  started
919.6534 	DATA 	Keypress: lctrl
919.7601 	EXP 	Sound  started
920.4214 	DATA 	Keypress: lctrl
920.5101 	EXP 	Sound  started
921.1734 	DATA 	Keypress: rctrl
921.2601 	EXP 	Sound  started
921.8934 	DATA 	Keypress: lctrl
922.0101 	EXP 	Sound  started
922.6774 	DATA 	Keypress: rctrl
922.7601 	EXP 	Sound  started
923.4134 	DATA 	Keypress: rctrl
923.5102 	EXP 	Sound  started
924.1174 	DATA 	Keypress: lctrl
924.2602 	EXP 	Sound  started
924.8535 	DATA 	Keypress: rctrl
925.0102 	EXP 	Sound  started
925.5894 	DATA 	Keypress: rctrl
925.7602 	EXP 	Sound  started
926.3574 	DATA 	Keypress: lctrl
926.5102 	EXP 	Sound  started
927.1094 	DATA 	Keypress: rctrl
927.2602 	EXP 	Sound  started
927.8134 	DATA 	Keypress: lctrl
928.0102 	EXP 	Sound  started
928.5974 	DATA 	Keypress: rctrl
928.7602 	EXP 	Sound  started
929.3654 	DATA 	Keypress: rctrl
929.5103 	EXP 	Sound  started
930.0534 	DATA 	Keypress: rctrl
930.2603 	EXP 	Sound  started
930.9654 	DATA 	Keypress: lctrl
931.0103 	EXP 	Sound  started
931.6215 	DATA 	Keypress: lctrl
931.7603 	EXP 	Sound  started
932.3094 	DATA 	Keypress: lctrl
932.5103 	EXP 	Sound  started
933.0614 	DATA 	Keypress: rctrl
933.2603 	EXP 	Sound  started
933.8455 	DATA 	Keypress: lctrl
934.0103 	EXP 	Sound  started
934.5335 	DATA 	Keypress: rctrl
934.7603 	EXP 	Sound  started
935.3814 	DATA 	Keypress: rctrl
935.5104 	EXP 	Sound  started
936.0694 	DATA 	Keypress: rctrl
936.2604 	EXP 	Sound  started
936.8694 	DATA 	Keypress: lctrl
937.0104 	EXP 	Sound  started
937.6694 	DATA 	Keypress: lctrl
937.7604 	EXP 	Sound  started
938.4214 	DATA 	Keypress: lctrl
938.5104 	EXP 	Sound  started
939.2054 	DATA 	Keypress: rctrl
939.2604 	EXP 	Sound  started
939.9254 	DATA 	Keypress: rctrl
940.0105 	EXP 	Sound  started
940.7094 	DATA 	Keypress: lctrl
940.7605 	EXP 	Sound  started
941.3814 	DATA 	Keypress: rctrl
941.5105 	EXP 	Sound  started
942.0854 	DATA 	Keypress: lctrl
942.2605 	EXP 	Sound  started
942.8854 	DATA 	Keypress: lctrl
943.0105 	EXP 	Sound  started
943.6214 	DATA 	Keypress: lctrl
943.7605 	EXP 	Sound  started
944.2934 	DATA 	Keypress: rctrl
944.5106 	EXP 	Sound  started
945.0934 	DATA 	Keypress: rctrl
945.2606 	EXP 	Sound  started
945.9095 	DATA 	Keypress: lctrl
946.0106 	EXP 	Sound  started
946.6773 	DATA 	Keypress: lctrl
946.7606 	EXP 	Sound  started
947.4294 	DATA 	Keypress: lctrl
947.5106 	EXP 	Sound  started
948.2454 	DATA 	Keypress: rctrl
948.2606 	EXP 	Sound  started
948.9174 	DATA 	Keypress: lctrl
949.0106 	EXP 	Sound  started
949.5094 	DATA 	Keypress: rctrl
949.7606 	EXP 	Sound  started
950.2614 	DATA 	Keypress: lctrl
950.5107 	EXP 	Sound  started
951.0615 	DATA 	Keypress: rctrl
951.2607 	EXP 	Sound  started
951.7974 	DATA 	Keypress: rctrl
952.0107 	EXP 	Sound  started
952.5654 	DATA 	Keypress: lctrl
952.7607 	EXP 	Sound  started
953.3174 	DATA 	Keypress: rctrl
953.5107 	EXP 	Sound  started
954.1814 	DATA 	Keypress: rctrl
954.2607 	EXP 	Sound  started
954.9334 	DATA 	Keypress: lctrl
955.0107 	EXP 	Sound  started
955.6375 	DATA 	Keypress: lctrl
959.3519 	DATA 	Keypress: 4
959.3683 	EXP 	unnamed ShapeStim: vertices = <class 'numpy.ndarray'>
962.9047 	DATA 	Keypress: 1
962.9212 	EXP 	unnamed ShapeStim: vertices = <class 'numpy.ndarray'>
965.3072 	DATA 	Keypress: 4
965.3236 	EXP 	unnamed ShapeStim: vertices = <class 'numpy.ndarray'>
967.6079 	EXP 	Sound  started
968.1974 	DATA 	Keypress: rctrl
968.3579 	EXP 	Sound  started
969.0614 	DATA 	Keypress: lctrl
969.1079 	EXP 	Sound  started
969.6854 	DATA 	Keypress: lctrl
969.8579 	EXP 	Sound  started
970.4694 	DATA 	Keypress: rctrl
970.6079 	EXP 	Sound  started
971.1894 	DATA 	Keypress: lctrl
971.3579 	EXP 	Sound  started
971.9414 	DATA 	Keypress: lctrl
972.1079 	EXP 	Sound  started
972.7414 	DATA 	Keypress: rctrl
972.8580 	EXP 	Sound  started
973.4134 	DATA 	Keypress: lctrl
973.6080 	EXP 	Sound  started
974.1654 	DATA 	Keypress: rctrl
974.3580 	EXP 	Sound  started
974.9014 	DATA 	Keypress: rctrl
975.1080 	EXP 	Sound  started
975.7174 	DATA 	Keypress: rctrl
975.8580 	EXP 	Sound  started
976.4054 	DATA 	Keypress: lctrl
976.6080 	EXP 	Sound  started
977.2054 	DATA 	Keypress: lctrl
977.3580 	EXP 	Sound  started
977.8935 	DATA 	Keypress: rctrl
978.1081 	EXP 	Sound  started
978.6774 	DATA 	Keypress: lctrl
978.8581 	EXP 	Sound  started
979.3654 	DATA 	Keypress: rctrl
979.6081 	EXP 	Sound  started
980.1175 	DATA 	Keypress: rctrl
980.3581 	EXP 	Sound  started
980.8534 	DATA 	Keypress: rctrl
981.1081 	EXP 	Sound  started
981.6534 	DATA 	Keypress: lctrl
981.8581 	EXP 	Sound  started
982.3734 	DATA 	Keypress: rctrl
982.6081 	EXP 	Sound  started
983.1414 	DATA 	Keypress: rctrl
983.3581 	EXP 	Sound  started
983.9254 	DATA 	Keypress: lctrl
984.1082 	EXP 	Sound  started
984.5654 	DATA 	Keypress: rctrl
984.8582 	EXP 	Sound  started
985.3334 	DATA 	Keypress: lctrl
985.6082 	EXP 	Sound  started
986.0214 	DATA 	Keypress: rctrl
986.3582 	EXP 	Sound  started
986.8215 	DATA 	Keypress: lctrl
987.1082 	EXP 	Sound  started
987.6054 	DATA 	Keypress: lctrl
987.8582 	EXP 	Sound  started
988.3093 	DATA 	Keypress: rctrl
988.6082 	EXP 	Sound  started
989.1093 	DATA 	Keypress: lctrl
989.3582 	EXP 	Sound  started
989.7815 	DATA 	Keypress: rctrl
990.1083 	EXP 	Sound  started
990.6934 	DATA 	Keypress: lctrl
990.8583 	EXP 	Sound  started
991.4775 	DATA 	Keypress: lctrl
991.6083 	EXP 	Sound  started
992.1334 	DATA 	Keypress: lctrl
992.3583 	EXP 	Sound  started
992.8854 	DATA 	Keypress: rctrl
993.1083 	EXP 	Sound  started
993.5894 	DATA 	Keypress: lctrl
993.8583 	EXP 	Sound  started
994.3734 	DATA 	Keypress: rctrl
994.6083 	EXP 	Sound  started
995.1894 	DATA 	Keypress: rctrl
995.3584 	EXP 	Sound  started
995.8774 	DATA 	Keypress: lctrl
996.1084 	EXP 	Sound  started
996.6454 	DATA 	Keypress: rctrl
996.8584 	EXP 	Sound  started
997.4454 	DATA 	Keypress: rctrl
997.6084 	EXP 	Sound  started
998.1494 	DATA 	Keypress: rctrl
998.3584 	EXP 	Sound  started
998.9335 	DATA 	Keypress: lctrl
999.1084 	EXP 	Sound  started
999.7335 	DATA 	Keypress: lctrl
999.8585 	EXP 	Sound  started
1000.4694 	DATA 	Keypress: rctrl
1000.6085 	EXP 	Sound  started
1001.1893 	DATA 	Keypress: lctrl
1001.3585 	EXP 	Sound  started
1001.9415 	DATA 	Keypress: lctrl
1002.1085 	EXP 	Sound  started
1002.7255 	DATA 	Keypress: rctrl
1002.8585 	EXP 	Sound  started
1003.4774 	DATA 	Keypress: lctrl
1003.6085 	EXP 	Sound  started
1004.1174 	DATA 	Keypress: rctrl
1004.3585 	EXP 	Sound  started
1004.8694 	DATA 	Keypress: rctrl
1005.1086 	EXP 	Sound  started
1005.6214 	DATA 	Keypress: lctrl
1005.8586 	EXP 	Sound  started
1006.4374 	DATA 	Keypress: rctrl
1006.6086 	EXP 	Sound  started
1007.1574 	DATA 	Keypress: rctrl
1007.3586 	EXP 	Sound  started
1007.9574 	DATA 	Keypress: rctrl
1008.1086 	EXP 	Sound  started
1008.6934 	DATA 	Keypress: lctrl
1008.8586 	EXP 	Sound  started
1009.4134 	DATA 	Keypress: rctrl
1009.6086 	EXP 	Sound  started
1010.0694 	DATA 	Keypress: lctrl
1010.3587 	EXP 	Sound  started
1010.9334 	DATA 	Keypress: lctrl
1011.1087 	EXP 	Sound  started
1011.6214 	DATA 	Keypress: lctrl
1011.8587 	EXP 	Sound  started
1012.4055 	DATA 	Keypress: rctrl
1012.6087 	EXP 	Sound  started
1013.0934 	DATA 	Keypress: lctrl
1013.3587 	EXP 	Sound  started
1013.9094 	DATA 	Keypress: rctrl
1014.1087 	EXP 	Sound  started
1014.6934 	DATA 	Keypress: lctrl
1014.8587 	EXP 	Sound  started
1015.4454 	DATA 	Keypress: rctrl
1015.6088 	EXP 	Sound  started
1016.1655 	DATA 	Keypress: rctrl
1016.3588 	EXP 	Sound  started
1016.8374 	DATA 	Keypress: rctrl
1017.1088 	EXP 	Sound  started
1017.6054 	DATA 	Keypress: lctrl
1017.8588 	EXP 	Sound  started
1018.3894 	DATA 	Keypress: rctrl
1018.6088 	EXP 	Sound  started
1019.0294 	DATA 	Keypress: lctrl
1021.2062 	DATA 	Keypress: 3
1021.2356 	EXP 	unnamed ShapeStim: vertices = <class 'numpy.ndarray'>
1023.3213 	DATA 	Keypress: 3
1023.3378 	EXP 	unnamed ShapeStim: vertices = <class 'numpy.ndarray'>
1028.8421 	DATA 	Keypress: 4
1028.8586 	EXP 	unnamed ShapeStim: vertices = <class 'numpy.ndarray'>
1031.1424 	EXP 	Sound  started
1031.1896 	DATA 	Keypress: rctrl
1031.8613 	DATA 	Keypress: rctrl
1031.8924 	EXP 	Sound  started
1032.5173 	DATA 	Keypress: lctrl
1032.6424 	EXP 	Sound  started
1033.2374 	DATA 	Keypress: lctrl
1033.3925 	EXP 	Sound  started
1034.0214 	DATA 	Keypress: rctrl
1034.1425 	EXP 	Sound  started
1034.7894 	DATA 	Keypress: lctrl
1034.8925 	EXP 	Sound  started
1035.4934 	DATA 	Keypress: lctrl
1035.6425 	EXP 	Sound  started
1036.2613 	DATA 	Keypress: rctrl
1036.3925 	EXP 	Sound  started
1036.9974 	DATA 	Keypress: lctrl
1037.1425 	EXP 	Sound  started
1037.7494 	DATA 	Keypress: rctrl
1037.8925 	EXP 	Sound  started
1038.4534 	DATA 	Keypress: rctrl
1038.6426 	EXP 	Sound  started
1039.2534 	DATA 	Keypress: lctrl
1039.3926 	EXP 	Sound  started
1039.9734 	DATA 	Keypress: lctrl
1040.1426 	EXP 	Sound  started
1040.7094 	DATA 	Keypress: rctrl
1040.8926 	EXP 	Sound  started
1041.5413 	DATA 	Keypress: lctrl
1041.6426 	EXP 	Sound  started
1042.2934 	DATA 	Keypress: lctrl
1042.3926 	EXP 	Sound  started
1043.1414 	DATA 	Keypress: lctrl
1043.1426 	EXP 	Sound  started
1043.8293 	DATA 	Keypress: rctrl
1043.8927 	EXP 	Sound  started
1044.4533 	DATA 	Keypress: lctrl
1044.6427 	EXP 	Sound  started
1045.2533 	DATA 	Keypress: rctrl
1045.3927 	EXP 	Sound  started
1046.0053 	DATA 	Keypress: rctrl
1046.1427 	EXP 	Sound  started
1046.6934 	DATA 	Keypress: rctrl
1046.8927 	EXP 	Sound  started
1047.4454 	DATA 	Keypress: lctrl
1047.6427 	EXP 	Sound  started
1048.2614 	DATA 	Keypress: rctrl
1048.3927 	EXP 	Sound  started
1048.9494 	DATA 	Keypress: lctrl
1049.1428 	EXP 	Sound  started
1049.7654 	DATA 	Keypress: rctrl
1049.8928 	EXP 	Sound  started
1050.5333 	DATA 	Keypress: rctrl
1050.6428 	EXP 	Sound  started
1051.2373 	DATA 	Keypress: lctrl
1051.3928 	EXP 	Sound  started
1051.9574 	DATA 	Keypress: rctrl
1052.1428 	EXP 	Sound  started
1052.6454 	DATA 	Keypress: rctrl
1052.8928 	EXP 	Sound  started
1053.4453 	DATA 	Keypress: rctrl
1053.6428 	EXP 	Sound  started
1054.2133 	DATA 	Keypress: lctrl
1054.3929 	EXP 	Sound  started
1054.9334 	DATA 	Keypress: lctrl
1055.1429 	EXP 	Sound  started
1055.7174 	DATA 	Keypress: rctrl
1055.8929 	EXP 	Sound  started
1056.4693 	DATA 	Keypress: lctrl
1056.6429 	EXP 	Sound  started
1057.2534 	DATA 	Keypress: lctrl
1057.3929 	EXP 	Sound  started
1057.9573 	DATA 	Keypress: lctrl
1058.1429 	EXP 	Sound  started
1058.6613 	DATA 	Keypress: rctrl
1058.8929 	EXP 	Sound  started
1059.4453 	DATA 	Keypress: lctrl
1059.6430 	EXP 	Sound  started
1060.2134 	DATA 	Keypress: lctrl
1060.3930 	EXP 	Sound  started
1060.9494 	DATA 	Keypress: rctrl
1061.1430 	EXP 	Sound  started
1061.6693 	DATA 	Keypress: lctrl
1061.8930 	EXP 	Sound  started
1062.4534 	DATA 	Keypress: rctrl
1062.6430 	EXP 	Sound  started
1063.2213 	DATA 	Keypress: rctrl
1063.3930 	EXP 	Sound  started
1063.8933 	DATA 	Keypress: rctrl
1064.1430 	EXP 	Sound  started
1064.7254 	DATA 	Keypress: lctrl
1064.8931 	EXP 	Sound  started
1065.4934 	DATA 	Keypress: rctrl
1065.6431 	EXP 	Sound  started
1066.3254 	DATA 	Keypress: lctrl
1066.3931 	EXP 	Sound  started
1067.0614 	DATA 	Keypress: lctrl
1067.1431 	EXP 	Sound  started
1067.7334 	DATA 	Keypress: lctrl
1067.8931 	EXP 	Sound  started
1068.4854 	DATA 	Keypress: rctrl
1068.6431 	EXP 	Sound  started
1069.1414 	DATA 	Keypress: lctrl
1069.3931 	EXP 	Sound  started
1069.9414 	DATA 	Keypress: rctrl
1070.1432 	EXP 	Sound  started
1070.7253 	DATA 	Keypress: rctrl
1070.8932 	EXP 	Sound  started
1071.5574 	DATA 	Keypress: lctrl
1071.6432 	EXP 	Sound  started
1072.2935 	DATA 	Keypress: rctrl
1072.3932 	EXP 	Sound  started
1073.0293 	DATA 	Keypress: rctrl
1073.1432 	EXP 	Sound  started
1073.7333 	DATA 	Keypress: rctrl
1073.8932 	EXP 	Sound  started
1074.4214 	DATA 	Keypress: lctrl
1074.6432 	EXP 	Sound  started
1075.2374 	DATA 	Keypress: lctrl
1075.3933 	EXP 	Sound  started
1076.0535 	DATA 	Keypress: rctrl
1076.1433 	EXP 	Sound  started
1076.7414 	DATA 	Keypress: lctrl
1076.8933 	EXP 	Sound  started
1077.4934 	DATA 	Keypress: lctrl
1077.6433 	EXP 	Sound  started
1078.1653 	DATA 	Keypress: lctrl
1078.3933 	EXP 	Sound  started
1078.9813 	DATA 	Keypress: rctrl
1079.1433 	EXP 	Sound  started
1079.7654 	DATA 	Keypress: rctrl
1079.8933 	EXP 	Sound  started
1080.5494 	DATA 	Keypress: lctrl
1080.6434 	EXP 	Sound  started
1081.2535 	DATA 	Keypress: rctrl
1081.3934 	EXP 	Sound  started
1081.9894 	DATA 	Keypress: lctrl
1082.1434 	EXP 	Sound  started
1082.8054 	DATA 	Keypress: rctrl
1082.8934 	EXP 	Sound  started
1083.4934 	DATA 	Keypress: rctrl
1083.6434 	EXP 	Sound  started
1084.2134 	DATA 	Keypress: lctrl
1084.3934 	EXP 	Sound  started
1084.8854 	DATA 	Keypress: rctrl
1085.1434 	EXP 	Sound  started
1085.6694 	DATA 	Keypress: rctrl
1085.8934 	EXP 	Sound  started
1086.4214 	DATA 	Keypress: rctrl
1086.6435 	EXP 	Sound  started
1087.1574 	DATA 	Keypress: lctrl
1087.3935 	EXP 	Sound  started
1087.8294 	DATA 	Keypress: rctrl
1088.1435 	EXP 	Sound  started
1088.5974 	DATA 	Keypress: lctrl
1088.8935 	EXP 	Sound  started
1089.4454 	DATA 	Keypress: lctrl
1089.6435 	EXP 	Sound  started
1090.1974 	DATA 	Keypress: lctrl
1090.3935 	EXP 	Sound  started
1090.9494 	DATA 	Keypress: rctrl
1091.1436 	EXP 	Sound  started
1091.6853 	DATA 	Keypress: lctrl
1091.8936 	EXP 	Sound  started
1092.4214 	DATA 	Keypress: rctrl
1092.6436 	EXP 	Sound  started
1093.1894 	DATA 	Keypress: rctrl
1095.9637 	DATA 	Keypress: 2
1095.9803 	EXP 	unnamed ShapeStim: vertices = <class 'numpy.ndarray'>
1097.9158 	DATA 	Keypress: 4
1097.9323 	EXP 	unnamed ShapeStim: vertices = <class 'numpy.ndarray'>
1114.6162 	DATA 	Keypress: 1
1114.6456 	EXP 	unnamed ShapeStim: vertices = <class 'numpy.ndarray'>
1116.9299 	EXP 	Sound  started
1116.9495 	DATA 	Keypress: rctrl
1117.5574 	DATA 	Keypress: rctrl
1117.6799 	EXP 	Sound  started
1118.3254 	DATA 	Keypress: rctrl
1118.4299 	EXP 	Sound  started
1119.0774 	DATA 	Keypress: rctrl
1119.1799 	EXP 	Sound  started
1119.7653 	DATA 	Keypress: lctrl
1119.9300 	EXP 	Sound  started
1120.5494 	DATA 	Keypress: rctrl
1120.6800 	EXP 	Sound  started
1121.3013 	DATA 	Keypress: rctrl
1121.4300 	EXP 	Sound  started
1121.9413 	DATA 	Keypress: lctrl
1122.1800 	EXP 	Sound  started
1122.7414 	DATA 	Keypress: rctrl
1122.9300 	EXP 	Sound  started
1123.5573 	DATA 	Keypress: rctrl
1123.6800 	EXP 	Sound  started
1124.2294 	DATA 	Keypress: lctrl
1124.4300 	EXP 	Sound  started
1124.9333 	DATA 	Keypress: lctrl
1125.1801 	EXP 	Sound  started
1125.7174 	DATA 	Keypress: rctrl
1125.9301 	EXP 	Sound  started
1126.4054 	DATA 	Keypress: lctrl
1126.6801 	EXP 	Sound  started
1127.1573 	DATA 	Keypress: lctrl
1127.4301 	EXP 	Sound  started
1127.8934 	DATA 	Keypress: rctrl
1128.1801 	EXP 	Sound  started
1128.6453 	DATA 	Keypress: lctrl
1128.9301 	EXP 	Sound  started
1129.4933 	DATA 	Keypress: lctrl
1129.6802 	EXP 	Sound  started
1130.2134 	DATA 	Keypress: rctrl
1130.4302 	EXP 	Sound  started
1131.0134 	DATA 	Keypress: rctrl
1131.1802 	EXP 	Sound  started
1131.7173 	DATA 	Keypress: lctrl
1131.9302 	EXP 	Sound  started
1132.5334 	DATA 	Keypress: rctrl
1132.6802 	EXP 	Sound  started
1133.2374 	DATA 	Keypress: rctrl
1133.4302 	EXP 	Sound  started
1134.0374 	DATA 	Keypress: rctrl
1134.1802 	EXP 	Sound  started
1134.7894 	DATA 	Keypress: lctrl
1134.9303 	EXP 	Sound  started
1135.5254 	DATA 	Keypress: rctrl
1135.6803 	EXP 	Sound  started
1136.2614 	DATA 	Keypress: lctrl
1136.4303 	EXP 	Sound  started
1137.0454 	DATA 	Keypress: rctrl
1137.1803 	EXP 	Sound  started
1137.7974 	DATA 	Keypress: rctrl
1137.9303 	EXP 	Sound  started
1138.4855 	DATA 	Keypress: lctrl
1138.6803 	EXP 	Sound  started
1139.2694 	DATA 	Keypress: lctrl
1139.4303 	EXP 	Sound  started
1140.0213 	DATA 	Keypress: lctrl
1140.1803 	EXP 	Sound  started
1140.7734 	DATA 	Keypress: rctrl
1140.9304 	EXP 	Sound  started
1141.6054 	DATA 	Keypress: rctrl
1141.6804 	EXP 	Sound  started
1142.3413 	DATA 	Keypress: rctrl
1142.4304 	EXP 	Sound  started
1143.0294 	DATA 	Keypress: rctrl
1143.1804 	EXP 	Sound  started
1143.7813 	DATA 	Keypress: rctrl
1143.9304 	EXP 	Sound  started
1144.6293 	DATA 	Keypress: lctrl
1144.6804 	EXP 	Sound  started
1145.4133 	DATA 	Keypress: lctrl
1145.4304 	EXP 	Sound  started
1146.1334 	DATA 	Keypress: rctrl
1146.1804 	EXP 	Sound  started
1146.8373 	DATA 	Keypress: rctrl
1146.9305 	EXP 	Sound  started
1147.6054 	DATA 	Keypress: lctrl
1147.6805 	EXP 	Sound  started
1148.3254 	DATA 	Keypress: lctrl
1148.4305 	EXP 	Sound  started
1149.0933 	DATA 	Keypress: rctrl
1149.1805 	EXP 	Sound  started
1149.8615 	DATA 	Keypress: rctrl
1149.9305 	EXP 	Sound  started
1150.5335 	DATA 	Keypress: lctrl
1150.6805 	EXP 	Sound  started
1151.3333 	DATA 	Keypress: rctrl
1151.4305 	EXP 	Sound  started
1152.0374 	DATA 	Keypress: rctrl
1152.1806 	EXP 	Sound  started
1152.8534 	DATA 	Keypress: lctrl
1152.9306 	EXP 	Sound  started
1153.4133 	DATA 	Keypress: lctrl
1153.6806 	EXP 	Sound  started
1154.4214 	DATA 	Keypress: lctrl
1154.4306 	EXP 	Sound  started
1155.0614 	DATA 	Keypress: rctrl
1155.1806 	EXP 	Sound  started
1155.8613 	DATA 	Keypress: rctrl
1155.9306 	EXP 	Sound  started
1156.6134 	DATA 	Keypress: lctrl
1156.6806 	EXP 	Sound  started
1157.3493 	DATA 	Keypress: rctrl
1157.4306 	EXP 	Sound  started
1158.0214 	DATA 	Keypress: lctrl
1158.1807 	EXP 	Sound  started
1158.8535 	DATA 	Keypress: lctrl
1158.9307 	EXP 	Sound  started
1159.6215 	DATA 	Keypress: rctrl
1159.6807 	EXP 	Sound  started
1160.3574 	DATA 	Keypress: lctrl
1160.4307 	EXP 	Sound  started
1161.0933 	DATA 	Keypress: rctrl
1161.1807 	EXP 	Sound  started
1161.8774 	DATA 	Keypress: rctrl
1161.9307 	EXP 	Sound  started
1162.6134 	DATA 	Keypress: rctrl
1162.6807 	EXP 	Sound  started
1163.3974 	DATA 	Keypress: lctrl
1163.4308 	EXP 	Sound  started
1164.0693 	DATA 	Keypress: rctrl
1164.1808 	EXP 	Sound  started
1164.7893 	DATA 	Keypress: lctrl
1164.9308 	EXP 	Sound  started
1165.5893 	DATA 	Keypress: lctrl
1165.6808 	EXP 	Sound  started
1166.3253 	DATA 	Keypress: rctrl
1166.4308 	EXP 	Sound  started
1167.0614 	DATA 	Keypress: lctrl
1167.1808 	EXP 	Sound  started
1167.8454 	DATA 	Keypress: lctrl
1167.9308 	EXP 	Sound  started
1168.5974 	DATA 	Keypress: lctrl
1168.6808 	EXP 	Sound  started
1169.3173 	DATA 	Keypress: rctrl
1169.4308 	EXP 	Sound  started
1169.9893 	DATA 	Keypress: lctrl
1170.1809 	EXP 	Sound  started
1170.7253 	DATA 	Keypress: lctrl
1170.9309 	EXP 	Sound  started
1171.6054 	DATA 	Keypress: lctrl
1171.6809 	EXP 	Sound  started
1172.3414 	DATA 	Keypress: lctrl
1172.4309 	EXP 	Sound  started
1173.0614 	DATA 	Keypress: rctrl
1173.1809 	EXP 	Sound  started
1173.8294 	DATA 	Keypress: lctrl
1173.9309 	EXP 	Sound  started
1174.5653 	DATA 	Keypress: rctrl
1174.6810 	EXP 	Sound  started
1175.2694 	DATA 	Keypress: rctrl
1175.4310 	EXP 	Sound  started
1175.9414 	DATA 	Keypress: rctrl
1176.1810 	EXP 	Sound  started
1176.7413 	DATA 	Keypress: lctrl
1176.9310 	EXP 	Sound  started
1177.5094 	DATA 	Keypress: lctrl
1187.5760 	DATA 	Keypress: 1
1187.6054 	EXP 	unnamed ShapeStim: vertices = <class 'numpy.ndarray'>
1189.4738 	DATA 	Keypress: 4
1189.4903 	EXP 	unnamed ShapeStim: vertices = <class 'numpy.ndarray'>
1195.7624 	DATA 	Keypress: 1
1195.7788 	EXP 	unnamed ShapeStim: vertices = <class 'numpy.ndarray'>
1198.0639 	EXP 	Sound  started
1198.0641 	DATA 	Keypress: rctrl
1198.5814 	DATA 	Keypress: rctrl
1198.8139 	EXP 	Sound  started
1199.3974 	DATA 	Keypress: rctrl
1199.5639 	EXP 	Sound  started
1200.1495 	DATA 	Keypress: lctrl
1200.3139 	EXP 	Sound  started
1200.8534 	DATA 	Keypress: lctrl
1201.0639 	EXP 	Sound  started
1201.7654 	DATA 	Keypress: rctrl
1201.8139 	EXP 	Sound  started
1202.4534 	DATA 	Keypress: lctrl
1202.5639 	EXP 	Sound  started
1203.1574 	DATA 	Keypress: lctrl
1203.3140 	EXP 	Sound  started
1203.9575 	DATA 	Keypress: lctrl
1204.0640 	EXP 	Sound  started
1204.7254 	DATA 	Keypress: rctrl
1204.8140 	EXP 	Sound  started
1205.4294 	DATA 	Keypress: lctrl
1205.5640 	EXP 	Sound  started
1206.1814 	DATA 	Keypress: rctrl
1206.3140 	EXP 	Sound  started
1206.9334 	DATA 	Keypress: rctrl
1207.0640 	EXP 	Sound  started
1207.6534 	DATA 	Keypress: lctrl
1207.8141 	EXP 	Sound  started
1208.4374 	DATA 	Keypress: rctrl
1208.5641 	EXP 	Sound  started
1209.1734 	DATA 	Keypress: rctrl
1209.3141 	EXP 	Sound  started
1209.8454 	DATA 	Keypress: lctrl
1210.0641 	EXP 	Sound  started
1210.6614 	DATA 	Keypress: lctrl
1210.8141 	EXP 	Sound  started
1211.3654 	DATA 	Keypress: lctrl
1211.5641 	EXP 	Sound  started
1212.1334 	DATA 	Keypress: rctrl
1212.3141 	EXP 	Sound  started
1212.8855 	DATA 	Keypress: lctrl
1213.0641 	EXP 	Sound  started
1213.6855 	DATA 	Keypress: lctrl
1213.8142 	EXP 	Sound  started
1214.4055 	DATA 	Keypress: rctrl
1214.5642 	EXP 	Sound  started
1215.1734 	DATA 	Keypress: rctrl
1215.3142 	EXP 	Sound  started
1215.8934 	DATA 	Keypress: lctrl
1216.0642 	EXP 	Sound  started
1216.6454 	DATA 	Keypress: rctrl
1216.8142 	EXP 	Sound  started
1217.3814 	DATA 	Keypress: rctrl
1217.5642 	EXP 	Sound  started
1218.1013 	DATA 	Keypress: rctrl
1218.3143 	EXP 	Sound  started
1218.9014 	DATA 	Keypress: lctrl
1219.0643 	EXP 	Sound  started
1219.5893 	DATA 	Keypress: lctrl
1219.8143 	EXP 	Sound  started
1220.3574 	DATA 	Keypress: rctrl
1220.5643 	EXP 	Sound  started
1221.0933 	DATA 	Keypress: lctrl
1221.3143 	EXP 	Sound  started
1221.7974 	DATA 	Keypress: rctrl
1222.0643 	EXP 	Sound  started
1222.5815 	DATA 	Keypress: rctrl
1222.8143 	EXP 	Sound  started
1223.3014 	DATA 	Keypress: lctrl
1223.5644 	EXP 	Sound  started
1224.1173 	DATA 	Keypress: lctrl
1224.3144 	EXP 	Sound  started
1224.8533 	DATA 	Keypress: rctrl
1225.0644 	EXP 	Sound  started
1225.5893 	DATA 	Keypress: rctrl
1225.8144 	EXP 	Sound  started
1226.2933 	DATA 	Keypress: rctrl
1226.5644 	EXP 	Sound  started
1227.0775 	DATA 	Keypress: lctrl
1227.3144 	EXP 	Sound  started
1227.8773 	DATA 	Keypress: lctrl
1228.0644 	EXP 	Sound  started
1228.6134 	DATA 	Keypress: lctrl
1228.8144 	EXP 	Sound  started
1229.3654 	DATA 	Keypress: rctrl
1229.5644 	EXP 	Sound  started
1230.1013 	DATA 	Keypress: lctrl
1230.3145 	EXP 	Sound  started
1230.8534 	DATA 	Keypress: rctrl
1231.0645 	EXP 	Sound  started
1231.6376 	DATA 	Keypress: rctrl
1231.8145 	EXP 	Sound  started
1232.3574 	DATA 	Keypress: lctrl
1232.5645 	EXP 	Sound  started
1233.0453 	DATA 	Keypress: rctrl
1233.3145 	EXP 	Sound  started
1233.8294 	DATA 	Keypress: lctrl
1234.0646 	EXP 	Sound  started
1234.5653 	DATA 	Keypress: lctrl
1234.8146 	EXP 	Sound  started
1235.3014 	DATA 	Keypress: lctrl
1235.5646 	EXP 	Sound  started
1236.1334 	DATA 	Keypress: rctrl
1236.3146 	EXP 	Sound  started
1236.9174 	DATA 	Keypress: rctrl
1237.0646 	EXP 	Sound  started
1237.5893 	DATA 	Keypress: rctrl
1237.8146 	EXP 	Sound  started
1238.3894 	DATA 	Keypress: lctrl
1238.5646 	EXP 	Sound  started
1239.1893 	DATA 	Keypress: rctrl
1239.3147 	EXP 	Sound  started
1239.8294 	DATA 	Keypress: lctrl
1240.0647 	EXP 	Sound  started
1240.5813 	DATA 	Keypress: lctrl
1240.8147 	EXP 	Sound  started
1241.3174 	DATA 	Keypress: lctrl
1241.5647 	EXP 	Sound  started
1242.0854 	DATA 	Keypress: rctrl
1242.3147 	EXP 	Sound  started
1242.8054 	DATA 	Keypress: lctrl
1243.0647 	EXP 	Sound  started
1243.5414 	DATA 	Keypress: lctrl
1243.8147 	EXP 	Sound  started
1244.2454 	DATA 	Keypress: rctrl
1244.5647 	EXP 	Sound  started
1244.9974 	DATA 	Keypress: lctrl
1245.3148 	EXP 	Sound  started
1245.7973 	DATA 	Keypress: lctrl
1246.0648 	EXP 	Sound  started
1246.6294 	DATA 	Keypress: lctrl
1246.8148 	EXP 	Sound  started
1247.3493 	DATA 	Keypress: rctrl
1247.5648 	EXP 	Sound  started
1248.0693 	DATA 	Keypress: lctrl
1248.3148 	EXP 	Sound  started
1248.9014 	DATA 	Keypress: rctrl
1249.0648 	EXP 	Sound  started
1249.7013 	DATA 	Keypress: rctrl
1249.8148 	EXP 	Sound  started
1250.4694 	DATA 	Keypress: rctrl
1250.5649 	EXP 	Sound  started
1251.1414 	DATA 	Keypress: lctrl
1251.3149 	EXP 	Sound  started
1251.9095 	DATA 	Keypress: rctrl
1252.0649 	EXP 	Sound  started
1252.6135 	DATA 	Keypress: rctrl
1252.8149 	EXP 	Sound  started
1253.3654 	DATA 	Keypress: lctrl
1253.5649 	EXP 	Sound  started
1254.1655 	DATA 	Keypress: rctrl
1254.3149 	EXP 	Sound  started
1255.0455 	DATA 	Keypress: lctrl
1255.0649 	EXP 	Sound  started
1255.7494 	DATA 	Keypress: lctrl
1255.8150 	EXP 	Sound  started
1256.4693 	DATA 	Keypress: lctrl
1256.5650 	EXP 	Sound  started
1257.2214 	DATA 	Keypress: rctrl
1257.3150 	EXP 	Sound  started
1258.0214 	DATA 	Keypress: lctrl
1258.0650 	EXP 	Sound  started
1258.6614 	DATA 	Keypress: lctrl
1258.8150 	EXP 	Sound  started
1259.4133 	DATA 	Keypress: rctrl
1259.5650 	EXP 	Sound  started
1260.1333 	DATA 	Keypress: lctrl
1260.3150 	EXP 	Sound  started
1260.9494 	DATA 	Keypress: rctrl
1261.0651 	EXP 	Sound  started
1261.6694 	DATA 	Keypress: rctrl
1261.8151 	EXP 	Sound  started
1262.3893 	DATA 	Keypress: rctrl
1262.5651 	EXP 	Sound  started
1263.1574 	DATA 	Keypress: rctrl
1263.3151 	EXP 	Sound  started
1263.8614 	DATA 	Keypress: lctrl
1264.0651 	EXP 	Sound  started
1264.6774 	DATA 	Keypress: rctrl
1264.8151 	EXP 	Sound  started
1265.4293 	DATA 	Keypress: rctrl
1265.5651 	EXP 	Sound  started
1266.1813 	DATA 	Keypress: lctrl
1269.1262 	DATA 	Keypress: 3
1269.1557 	EXP 	unnamed ShapeStim: vertices = <class 'numpy.ndarray'>
1271.0616 	DATA 	Keypress: 3
1271.0911 	EXP 	unnamed ShapeStim: vertices = <class 'numpy.ndarray'>
1274.7104 	DATA 	Keypress: 2
1274.7269 	EXP 	unnamed ShapeStim: vertices = <class 'numpy.ndarray'>
1277.0116 	EXP 	Sound  started
1277.0455 	DATA 	Keypress: rctrl
1277.6855 	DATA 	Keypress: rctrl
1277.7616 	EXP 	Sound  started
1278.4534 	DATA 	Keypress: rctrl
1278.5116 	EXP 	Sound  started
1279.1893 	DATA 	Keypress: lctrl
1279.2616 	EXP 	Sound  started
1279.9734 	DATA 	Keypress: lctrl
1280.0116 	EXP 	Sound  started
1280.6294 	DATA 	Keypress: lctrl
1280.7616 	EXP 	Sound  started
1281.4294 	DATA 	Keypress: rctrl
1281.5117 	EXP 	Sound  started
1282.1334 	DATA 	Keypress: rctrl
1282.2617 	EXP 	Sound  started
1282.8375 	DATA 	Keypress: lctrl
1283.0117 	EXP 	Sound  started
1283.6534 	DATA 	Keypress: lctrl
1283.7617 	EXP 	Sound  started
1284.4053 	DATA 	Keypress: lctrl
1284.5117 	EXP 	Sound  started
1285.1254 	DATA 	Keypress: rctrl
1285.2617 	EXP 	Sound  started
1285.8773 	DATA 	Keypress: lctrl
1286.0117 	EXP 	Sound  started
1286.6294 	DATA 	Keypress: rctrl
1286.7618 	EXP 	Sound  started
1287.3654 	DATA 	Keypress: rctrl
1287.5118 	EXP 	Sound  started
1287.9733 	DATA 	Keypress: lctrl
1288.2618 	EXP 	Sound  started
1288.8213 	DATA 	Keypress: lctrl
1289.0118 	EXP 	Sound  started
1289.5734 	DATA 	Keypress: lctrl
1289.7618 	EXP 	Sound  started
1290.3094 	DATA 	Keypress: rctrl
1290.5118 	EXP 	Sound  started
1290.9975 	DATA 	Keypress: lctrl
1291.2618 	EXP 	Sound  started
1291.8455 	DATA 	Keypress: rctrl
1292.0119 	EXP 	Sound  started
1292.5494 	DATA 	Keypress: rctrl
1292.7619 	EXP 	Sound  started
1293.2694 	DATA 	Keypress: lctrl
1293.5119 	EXP 	Sound  started
1294.0054 	DATA 	Keypress: rctrl
1294.2619 	EXP 	Sound  started
1294.7734 	DATA 	Keypress: rctrl
1295.0119 	EXP 	Sound  started
1295.4934 	DATA 	Keypress: lctrl
1295.7619 	EXP 	Sound  started
1296.2134 	DATA 	Keypress: rctrl
1296.5120 	EXP 	Sound  started
1297.0294 	DATA 	Keypress: rctrl
1297.2620 	EXP 	Sound  started
1297.7175 	DATA 	Keypress: rctrl
1298.0120 	EXP 	Sound  started
1298.4694 	DATA 	Keypress: lctrl
1298.7620 	EXP 	Sound  started
1299.3014 	DATA 	Keypress: lctrl
1299.5120 	EXP 	Sound  started
1299.9894 	DATA 	Keypress: lctrl
1300.2620 	EXP 	Sound  started
1300.7895 	DATA 	Keypress: lctrl
1301.0120 	EXP 	Sound  started
1301.6534 	DATA 	Keypress: lctrl
1301.7621 	EXP 	Sound  started
1302.3415 	DATA 	Keypress: rctrl
1302.5121 	EXP 	Sound  started
1302.9815 	DATA 	Keypress: lctrl
1303.2621 	EXP 	Sound  started
1303.7654 	DATA 	Keypress: rctrl
1304.0121 	EXP 	Sound  started
1304.5495 	DATA 	Keypress: lctrl
1304.7621 	EXP 	Sound  started
1305.3654 	DATA 	Keypress: lctrl
1305.5121 	EXP 	Sound  started
1306.1655 	DATA 	Keypress: rctrl
1306.2621 	EXP 	Sound  started
1306.8854 	DATA 	Keypress: lctrl
1307.0122 	EXP 	Sound  started
1307.6855 	DATA 	Keypress: lctrl
1307.7622 	EXP 	Sound  started
1308.2934 	DATA 	Keypress: rctrl
1308.5122 	EXP 	Sound  started
1309.1414 	DATA 	Keypress: rctrl
1309.2622 	EXP 	Sound  started
1309.8775 	DATA 	Keypress: rctrl
1310.0122 	EXP 	Sound  started
1310.6454 	DATA 	Keypress: lctrl
1310.7622 	EXP 	Sound  started
1311.3654 	DATA 	Keypress: rctrl
1311.5122 	EXP 	Sound  started
1312.0375 	DATA 	Keypress: lctrl
1312.2623 	EXP 	Sound  started
1312.8374 	DATA 	Keypress: lctrl
1313.0123 	EXP 	Sound  started
1313.5255 	DATA 	Keypress: rctrl
1313.7623 	EXP 	Sound  started
1314.2457 	DATA 	Keypress: lctrl
1314.5123 	EXP 	Sound  started
1315.0134 	DATA 	Keypress: lctrl
1315.2623 	EXP 	Sound  started
1315.8614 	DATA 	Keypress: rctrl
1318.0126 	DATA 	Keypress: 4
1318.0291 	EXP 	unnamed ShapeStim: vertices = <class 'numpy.ndarray'>
1320.2316 	DATA 	Keypress: 1
1320.2481 	EXP 	unnamed ShapeStim: vertices = <class 'numpy.ndarray'>
1325.2018 	DATA 	Keypress: 3
1325.2183 	EXP 	unnamed ShapeStim: vertices = <class 'numpy.ndarray'>
1327.5021 	EXP 	Sound  started
1327.5415 	DATA 	Keypress: rctrl
1328.0855 	DATA 	Keypress: lctrl
1328.2521 	EXP 	Sound  started
1328.7894 	DATA 	Keypress: lctrl
1329.0021 	EXP 	Sound  started
1329.5575 	DATA 	Keypress: rctrl
1329.7521 	EXP 	Sound  started
1330.3574 	DATA 	Keypress: rctrl
1330.5021 	EXP 	Sound  started
1331.1254 	DATA 	Keypress: lctrl
1331.2521 	EXP 	Sound  started
1331.9254 	DATA 	Keypress: lctrl
1332.0021 	EXP 	Sound  started
1332.6295 	DATA 	Keypress: rctrl
1332.7522 	EXP 	Sound  started
1333.4134 	DATA 	Keypress: rctrl
1333.5022 	EXP 	Sound  started
1334.1174 	DATA 	Keypress: lctrl
1334.2522 	EXP 	Sound  started
1334.8534 	DATA 	Keypress: rctrl
1335.0022 	EXP 	Sound  started
1335.5094 	DATA 	Keypress: rctrl
1335.7522 	EXP 	Sound  started
1336.2134 	DATA 	Keypress: rctrl
1336.5022 	EXP 	Sound  started
1337.0294 	DATA 	Keypress: lctrl
1337.2522 	EXP 	Sound  started
1337.7655 	DATA 	Keypress: lctrl
1338.0022 	EXP 	Sound  started
1338.5494 	DATA 	Keypress: rctrl
1338.7523 	EXP 	Sound  started
1339.3654 	DATA 	Keypress: rctrl
1339.5023 	EXP 	Sound  started
1340.1494 	DATA 	Keypress: lctrl
1340.2523 	EXP 	Sound  started
1340.8694 	DATA 	Keypress: lctrl
1341.0023 	EXP 	Sound  started
1341.5414 	DATA 	Keypress: rctrl
1341.7523 	EXP 	Sound  started
1342.3093 	DATA 	Keypress: lctrl
1342.5023 	EXP 	Sound  started
1342.9334 	DATA 	Keypress: lctrl
1343.2524 	EXP 	Sound  started
1343.8615 	DATA 	Keypress: rctrl
1344.0024 	EXP 	Sound  started
1344.5815 	DATA 	Keypress: lctrl
1344.7524 	EXP 	Sound  started
1345.2533 	DATA 	Keypress: rctrl
1345.5024 	EXP 	Sound  started
1346.0214 	DATA 	Keypress: rctrl
1346.2524 	EXP 	Sound  started
1346.9174 	DATA 	Keypress: rctrl
1347.0024 	EXP 	Sound  started
1347.5894 	DATA 	Keypress: lctrl
1347.7524 	EXP 	Sound  started
1348.3253 	DATA 	Keypress: rctrl
1348.5024 	EXP 	Sound  started
1348.8854 	DATA 	Keypress: lctrl
1349.2525 	EXP 	Sound  started
1349.8775 	DATA 	Keypress: lctrl
1350.0025 	EXP 	Sound  started
1350.6453 	DATA 	Keypress: lctrl
1350.7525 	EXP 	Sound  started
1351.4455 	DATA 	Keypress: rctrl
1351.5025 	EXP 	Sound  started
1352.2295 	DATA 	Keypress: lctrl
1352.2525 	EXP 	Sound  started
1352.9014 	DATA 	Keypress: lctrl
1353.0025 	EXP 	Sound  started
1353.6374 	DATA 	Keypress: lctrl
1353.7525 	EXP 	Sound  started
1354.4054 	DATA 	Keypress: rctrl
1354.5025 	EXP 	Sound  started
1354.9974 	DATA 	Keypress: lctrl
1355.2526 	EXP 	Sound  started
1355.8454 	DATA 	Keypress: lctrl
1356.0026 	EXP 	Sound  started
1356.5814 	DATA 	Keypress: rctrl
1356.7526 	EXP 	Sound  started
1357.2854 	DATA 	Keypress: lctrl
1357.5026 	EXP 	Sound  started
1358.0534 	DATA 	Keypress: rctrl
1358.2526 	EXP 	Sound  started
1358.7734 	DATA 	Keypress: rctrl
1359.0026 	EXP 	Sound  started
1359.4934 	DATA 	Keypress: rctrl
1359.7526 	EXP 	Sound  started
1360.2454 	DATA 	Keypress: lctrl
1360.5027 	EXP 	Sound  started
1360.9654 	DATA 	Keypress: rctrl
1361.2527 	EXP 	Sound  started
1361.8294 	DATA 	Keypress: rctrl
1362.0027 	EXP 	Sound  started
1362.5014 	DATA 	Keypress: lctrl
1362.7527 	EXP 	Sound  started
1363.3654 	DATA 	Keypress: rctrl
1363.5027 	EXP 	Sound  started
1364.0854 	DATA 	Keypress: rctrl
1364.2527 	EXP 	Sound  started
1364.6774 	DATA 	Keypress: lctrl
1365.0027 	EXP 	Sound  started
1365.6054 	DATA 	Keypress: lctrl
1365.7527 	EXP 	Sound  started
1366.3254 	DATA 	Keypress: rctrl
1366.5028 	EXP 	Sound  started
1367.1414 	DATA 	Keypress: rctrl
1367.2528 	EXP 	Sound  started
1367.8615 	DATA 	Keypress: lctrl
1368.0028 	EXP 	Sound  started
1368.6294 	DATA 	Keypress: rctrl
1368.7528 	EXP 	Sound  started
1369.3654 	DATA 	Keypress: rctrl
1369.5028 	EXP 	Sound  started
1370.1014 	DATA 	Keypress: rctrl
1370.2528 	EXP 	Sound  started
1370.8373 	DATA 	Keypress: lctrl
1371.0028 	EXP 	Sound  started
1371.4934 	DATA 	Keypress: rctrl
1371.7528 	EXP 	Sound  started
1372.4214 	DATA 	Keypress: rctrl
1372.5029 	EXP 	Sound  started
1373.0774 	DATA 	Keypress: lctrl
1373.2529 	EXP 	Sound  started
1373.7975 	DATA 	Keypress: lctrl
1374.0029 	EXP 	Sound  started
1374.5814 	DATA 	Keypress: rctrl
1374.7529 	EXP 	Sound  started
1375.3174 	DATA 	Keypress: lctrl
1375.5029 	EXP 	Sound  started
1376.0534 	DATA 	Keypress: rctrl
1376.2529 	EXP 	Sound  started
1376.9014 	DATA 	Keypress: rctrl
1377.0029 	EXP 	Sound  started
1377.5734 	DATA 	Keypress: rctrl
1377.7529 	EXP 	Sound  started
1378.4054 	DATA 	Keypress: lctrl
1378.5030 	EXP 	Sound  started
1379.0614 	DATA 	Keypress: rctrl
1379.2530 	EXP 	Sound  started
1379.8134 	DATA 	Keypress: lctrl
1380.0030 	EXP 	Sound  started
1380.6294 	DATA 	Keypress: lctrl
1380.7530 	EXP 	Sound  started
1381.3014 	DATA 	Keypress: lctrl
1381.5030 	EXP 	Sound  started
1382.0694 	DATA 	Keypress: rctrl
1384.1835 	DATA 	Keypress: 4
1384.2001 	EXP 	unnamed ShapeStim: vertices = <class 'numpy.ndarray'>
1387.5029 	DATA 	Keypress: 2
1387.5194 	EXP 	unnamed ShapeStim: vertices = <class 'numpy.ndarray'>
1390.6895 	DATA 	Keypress: 3
1390.7059 	EXP 	unnamed ShapeStim: vertices = <class 'numpy.ndarray'>
1392.9905 	EXP 	Sound  started
1392.9908 	DATA 	Keypress: rctrl
1393.6055 	DATA 	Keypress: rctrl
1393.7405 	EXP 	Sound  started
1394.4055 	DATA 	Keypress: lctrl
1394.4905 	EXP 	Sound  started
1395.1574 	DATA 	Keypress: rctrl
1395.2405 	EXP 	Sound  started
1395.7654 	DATA 	Keypress: lctrl
1395.9905 	EXP 	Sound  started
1396.5974 	DATA 	Keypress: lctrl
1396.7405 	EXP 	Sound  started
1397.3814 	DATA 	Keypress: rctrl
1397.4906 	EXP 	Sound  started
1398.0695 	DATA 	Keypress: rctrl
1398.2406 	EXP 	Sound  started
1398.8214 	DATA 	Keypress: rctrl
1398.9906 	EXP 	Sound  started
1399.5414 	DATA 	Keypress: lctrl
1399.7406 	EXP 	Sound  started
1400.4374 	DATA 	Keypress: rctrl
1400.4906 	EXP 	Sound  started
1401.1414 	DATA 	Keypress: rctrl
1401.2406 	EXP 	Sound  started
1401.8455 	DATA 	Keypress: lctrl
1401.9906 	EXP 	Sound  started
1402.6134 	DATA 	Keypress: rctrl
1402.7407 	EXP 	Sound  started
1403.3494 	DATA 	Keypress: rctrl
1403.4907 	EXP 	Sound  started
1404.0534 	DATA 	Keypress: lctrl
1404.2407 	EXP 	Sound  started
1404.8214 	DATA 	Keypress: lctrl
1404.9907 	EXP 	Sound  started
1405.5575 	DATA 	Keypress: rctrl
1405.7407 	EXP 	Sound  started
1406.3414 	DATA 	Keypress: rctrl
1406.4907 	EXP 	Sound  started
1407.1094 	DATA 	Keypress: lctrl
1407.2407 	EXP 	Sound  started
1407.8614 	DATA 	Keypress: rctrl
1407.9907 	EXP 	Sound  started
1408.6294 	DATA 	Keypress: rctrl
1408.7408 	EXP 	Sound  started
1409.3974 	DATA 	Keypress: lctrl
1409.4908 	EXP 	Sound  started
1410.0535 	DATA 	Keypress: lctrl
1410.2408 	EXP 	Sound  started
1410.8534 	DATA 	Keypress: lctrl
1410.9908 	EXP 	Sound  started
1411.6855 	DATA 	Keypress: lctrl
1411.7408 	EXP 	Sound  started
1412.4855 	DATA 	Keypress: rctrl
1412.4909 	EXP 	Sound  started
1413.1414 	DATA 	Keypress: lctrl
1413.2408 	EXP 	Sound  started
1413.8454 	DATA 	Keypress: rctrl
1413.9909 	EXP 	Sound  started
1414.6294 	DATA 	Keypress: rctrl
1414.7409 	EXP 	Sound  started
1415.3814 	DATA 	Keypress: lctrl
1415.4909 	EXP 	Sound  started
1416.1494 	DATA 	Keypress: rctrl
1416.2409 	EXP 	Sound  started
1416.8855 	DATA 	Keypress: rctrl
1416.9909 	EXP 	Sound  started
1417.5734 	DATA 	Keypress: lctrl
1417.7409 	EXP 	Sound  started
1418.3894 	DATA 	Keypress: rctrl
1418.4910 	EXP 	Sound  started
1419.0935 	DATA 	Keypress: lctrl
1419.2410 	EXP 	Sound  started
1419.8454 	DATA 	Keypress: lctrl
1419.9910 	EXP 	Sound  started
1420.5974 	DATA 	Keypress: rctrl
1420.7410 	EXP 	Sound  started
1421.3494 	DATA 	Keypress: lctrl
1421.4910 	EXP 	Sound  started
1422.0695 	DATA 	Keypress: rctrl
1422.2410 	EXP 	Sound  started
1422.9175 	DATA 	Keypress: rctrl
1422.9910 	EXP 	Sound  started
1423.6534 	DATA 	Keypress: rctrl
1423.7411 	EXP 	Sound  started
1424.4855 	DATA 	Keypress: lctrl
1424.4911 	EXP 	Sound  started
1425.1414 	DATA 	Keypress: rctrl
1425.2411 	EXP 	Sound  started
1425.9254 	DATA 	Keypress: lctrl
1425.9911 	EXP 	Sound  started
1426.6294 	DATA 	Keypress: lctrl
1426.7411 	EXP 	Sound  started
1427.3494 	DATA 	Keypress: rctrl
1427.4911 	EXP 	Sound  started
1428.1654 	DATA 	Keypress: rctrl
1428.2411 	EXP 	Sound  started
1428.8214 	DATA 	Keypress: rctrl
1428.9912 	EXP 	Sound  started
1429.5574 	DATA 	Keypress: lctrl
1429.7412 	EXP 	Sound  started
1430.3414 	DATA 	Keypress: rctrl
1430.4912 	EXP 	Sound  started
1430.9974 	DATA 	Keypress: lctrl
1431.2412 	EXP 	Sound  started
1431.7655 	DATA 	Keypress: lctrl
1431.9912 	EXP 	Sound  started
1432.5015 	DATA 	Keypress: lctrl
1432.7412 	EXP 	Sound  started
1433.3013 	DATA 	Keypress: rctrl
1433.4912 	EXP 	Sound  started
1434.1174 	DATA 	Keypress: rctrl
1434.2413 	EXP 	Sound  started
1434.7894 	DATA 	Keypress: lctrl
1434.9913 	EXP 	Sound  started
1435.5574 	DATA 	Keypress: lctrl
1435.7413 	EXP 	Sound  started
1436.3255 	DATA 	Keypress: rctrl
1436.4913 	EXP 	Sound  started
1437.1254 	DATA 	Keypress: lctrl
1441.7976 	DATA 	Keypress: 4
1441.8139 	EXP 	unnamed ShapeStim: vertices = <class 'numpy.ndarray'>
1444.5034 	DATA 	Keypress: 1
1444.5328 	EXP 	unnamed ShapeStim: vertices = <class 'numpy.ndarray'>
1446.9688 	DATA 	Keypress: 3
1446.9853 	EXP 	unnamed ShapeStim: vertices = <class 'numpy.ndarray'>
1449.2710 	EXP 	Sound  started
1449.3975 	DATA 	Keypress: rctrl
1449.9573 	DATA 	Keypress: lctrl
1450.0210 	EXP 	Sound  started
1450.6454 	DATA 	Keypress: lctrl
1450.7710 	EXP 	Sound  started
1451.4294 	DATA 	Keypress: rctrl
1451.5211 	EXP 	Sound  started
1452.1334 	DATA 	Keypress: lctrl
1452.2711 	EXP 	Sound  started
1452.9815 	DATA 	Keypress: lctrl
1453.0211 	EXP 	Sound  started
1453.6375 	DATA 	Keypress: rctrl
1453.7711 	EXP 	Sound  started
1454.3414 	DATA 	Keypress: lctrl
1454.5211 	EXP 	Sound  started
1455.0454 	DATA 	Keypress: rctrl
1455.2711 	EXP 	Sound  started
1455.7494 	DATA 	Keypress: rctrl
1456.0211 	EXP 	Sound  started
1456.6615 	DATA 	Keypress: lctrl
1456.7711 	EXP 	Sound  started
1457.3654 	DATA 	Keypress: lctrl
1457.5212 	EXP 	Sound  started
1458.0534 	DATA 	Keypress: rctrl
1458.2712 	EXP 	Sound  started
1458.8054 	DATA 	Keypress: lctrl
1459.0212 	EXP 	Sound  started
1459.6056 	DATA 	Keypress: lctrl
1459.7712 	EXP 	Sound  started
1460.2774 	DATA 	Keypress: rctrl
1460.5212 	EXP 	Sound  started
1461.1254 	DATA 	Keypress: lctrl
1461.2712 	EXP 	Sound  started
1461.8293 	DATA 	Keypress: rctrl
1462.0212 	EXP 	Sound  started
1462.5334 	DATA 	Keypress: rctrl
1462.7713 	EXP 	Sound  started
1463.2534 	DATA 	Keypress: rctrl
1463.5213 	EXP 	Sound  started
1464.0535 	DATA 	Keypress: lctrl
1464.2713 	EXP 	Sound  started
1464.7734 	DATA 	Keypress: rctrl
1465.0213 	EXP 	Sound  started
1465.6534 	DATA 	Keypress: rctrl
1465.7713 	EXP 	Sound  started
1466.3573 	DATA 	Keypress: lctrl
1466.5213 	EXP 	Sound  started
1467.1895 	DATA 	Keypress: lctrl
1467.2714 	EXP 	Sound  started
1467.8134 	DATA 	Keypress: rctrl
1468.0214 	EXP 	Sound  started
1468.5814 	DATA 	Keypress: rctrl
1468.7714 	EXP 	Sound  started
1469.4295 	DATA 	Keypress: lctrl
1469.5214 	EXP 	Sound  started
1470.1654 	DATA 	Keypress: rctrl
1470.2714 	EXP 	Sound  started
1470.9974 	DATA 	Keypress: rctrl
1471.0214 	EXP 	Sound  started
1471.6694 	DATA 	Keypress: rctrl
1471.7715 	EXP 	Sound  started
1472.2934 	DATA 	Keypress: lctrl
1472.5215 	EXP 	Sound  started
1473.1094 	DATA 	Keypress: rctrl
1473.2715 	EXP 	Sound  started
1473.8934 	DATA 	Keypress: rctrl
1474.0216 	EXP 	Sound  started
1474.6614 	DATA 	Keypress: lctrl
1474.7716 	EXP 	Sound  started
1475.2854 	DATA 	Keypress: lctrl
1475.5216 	EXP 	Sound  started
1476.2716 	EXP 	Sound  started
1477.0216 	EXP 	Sound  started
1477.7716 	EXP 	Sound  started
1478.5216 	EXP 	Sound  started
1479.1094 	DATA 	Keypress: lctrl
1479.2716 	EXP 	Sound  started
1479.8614 	DATA 	Keypress: rctrl
1480.0217 	EXP 	Sound  started
1480.6934 	DATA 	Keypress: rctrl
1480.7717 	EXP 	Sound  started
1481.3974 	DATA 	Keypress: rctrl
1481.5217 	EXP 	Sound  started
1482.2134 	DATA 	Keypress: lctrl
1482.2717 	EXP 	Sound  started
1482.9654 	DATA 	Keypress: rctrl
1483.0217 	EXP 	Sound  started
1483.7494 	DATA 	Keypress: rctrl
1483.7717 	EXP 	Sound  started
1484.4534 	DATA 	Keypress: lctrl
1484.5218 	EXP 	Sound  started
1485.2054 	DATA 	Keypress: lctrl
1485.2718 	EXP 	Sound  started
1485.8774 	DATA 	Keypress: rctrl
1486.0218 	EXP 	Sound  started
1486.7093 	DATA 	Keypress: lctrl
1486.7718 	EXP 	Sound  started
1487.4134 	DATA 	Keypress: lctrl
1487.5218 	EXP 	Sound  started
1488.1174 	DATA 	Keypress: rctrl
1488.2718 	EXP 	Sound  started
1488.8534 	DATA 	Keypress: rctrl
1489.0218 	EXP 	Sound  started
1489.6054 	DATA 	Keypress: lctrl
1489.7719 	EXP 	Sound  started
1490.3414 	DATA 	Keypress: rctrl
1490.5219 	EXP 	Sound  started
1491.1094 	DATA 	Keypress: rctrl
1491.2719 	EXP 	Sound  started
1491.8935 	DATA 	Keypress: lctrl
1492.0219 	EXP 	Sound  started
1492.6614 	DATA 	Keypress: lctrl
1492.7719 	EXP 	Sound  started
1493.3174 	DATA 	Keypress: lctrl
1493.5219 	EXP 	Sound  started
1494.1174 	DATA 	Keypress: rctrl
1494.2719 	EXP 	Sound  started
1494.8694 	DATA 	Keypress: rctrl
1495.0220 	EXP 	Sound  started
1495.7336 	DATA 	Keypress: lctrl
1495.7720 	EXP 	Sound  started
1496.4374 	DATA 	Keypress: lctrl
1496.5220 	EXP 	Sound  started
1497.1734 	DATA 	Keypress: rctrl
1497.2720 	EXP 	Sound  started
1498.0220 	EXP 	Sound  started
1498.5654 	DATA 	Keypress: lctrl
1498.7720 	EXP 	Sound  started
1499.3814 	DATA 	Keypress: lctrl
1499.5220 	EXP 	Sound  started
1500.0694 	DATA 	Keypress: rctrl
1500.2720 	EXP 	Sound  started
1500.9014 	DATA 	Keypress: lctrl
1501.0221 	EXP 	Sound  started
1501.5894 	DATA 	Keypress: rctrl
1501.7721 	EXP 	Sound  started
1502.5221 	EXP 	Sound  started
1503.1414 	DATA 	Keypress: lctrl
1503.2721 	EXP 	Sound  started
1503.8454 	DATA 	Keypress: lctrl
1504.0221 	EXP 	Sound  started
1504.7721 	EXP 	Sound  started
1505.5094 	DATA 	Keypress: rctrl
1505.5221 	EXP 	Sound  started
1506.1974 	DATA 	Keypress: lctrl
1506.2722 	EXP 	Sound  started
1506.8694 	DATA 	Keypress: rctrl
1507.0222 	EXP 	Sound  started
1507.6374 	DATA 	Keypress: lctrl
1507.7722 	EXP 	Sound  started
1508.3574 	DATA 	Keypress: lctrl
1510.9041 	DATA 	Keypress: 3
1510.9207 	EXP 	unnamed ShapeStim: vertices = <class 'numpy.ndarray'>
1513.7403 	DATA 	Keypress: 1
1513.7568 	EXP 	unnamed ShapeStim: vertices = <class 'numpy.ndarray'>
1517.7931 	DATA 	Keypress: 3
1517.8096 	EXP 	unnamed ShapeStim: vertices = <class 'numpy.ndarray'>
1520.0949 	DATA 	Keypress: rctrl
1537.5896 	DATA 	Keypress: escape
1537.6645 	EXP 	window1: mouseVisible = True
