122.1472 	WARNING 	User requested fullscreen with size [1024  768], but screen is actually [1920, 1200]. Using actual size
122.9715 	EXP 	Created window1 = Window(allowGUI=False, allowStencil=False, autoLog=True, backendConf=UNKNOWN, bitsMode=UNKNOWN, blendMode='avg', bpc=(8, 8, 8), color=array([0, 0, 0]), colorSpace='rgb', depthBits=8, fullscr=<method-wrapper '__getattribute__' of attributeSetter object at 0x000002146F926780>, gamma=None, gammaErrorPolicy='raise', lms=UNKNOWN, monitor=<psychopy.monitors.calibTools.Monitor object at 0x0000021471064080>, multiSample=False, name='window1', numSamples=2, pos=[0.0, 0.0], screen=0, size=array([1920, 1200]), stencilBits=0, stereo=False, units='norm', useFBO=True, useRetina=False, viewOri=0.0, viewPos=None, viewScale=None, waitBlanking=True, winType='pyglet')
122.9718 	EXP 	window1: mouseVisible = True
122.9719 	EXP 	window1: mouseVisible = False
122.9719 	EXP 	window1: recordFrameIntervals = False
123.1380 	EXP 	window1: recordFrameIntervals = True
123.3216 	EXP 	window1: recordFrameIntervals = False
123.3784 	EXP 	Created text = TextStim(__class__=<class 'psychopy.visual.text.TextStim'>, alignHoriz=method-wrapper(...), alignText='center', alignVert=method-wrapper(...), anchorHoriz='center', anchorVert='center', antialias=True, autoLog=True, bold=False, color=array([1., 1., 1.]), colorSpace='rgb', contrast=1.0, depth=0.0, flipHoriz=False, flipVert=False, font='Arial', fontFiles=[], height=0.15, italic=False, languageStyle='LTR', name='text', opacity=1, ori=0, pos=array([0., 0.]), rgb=UNKNOWN, text='+', units='norm', win=Window(...), wrapWidth=1)
123.3973 	EXP 	Created text = TextStim(__class__=<class 'psychopy.visual.text.TextStim'>, alignHoriz=method-wrapper(...), alignText='center', alignVert=method-wrapper(...), anchorHoriz='center', anchorVert='center', antialias=True, autoLog=True, bold=False, color=array([1., 1., 1.]), colorSpace='rgb', contrast=1.0, depth=0.0, flipHoriz=False, flipVert=False, font='Arial', fontFiles=[], height=0.07, italic=False, languageStyle='LTR', name='text', opacity=1, ori=0, pos=array([0., 0.]), rgb=UNKNOWN, text=str(...), units='norm', win=Window(...), wrapWidth=1.65)
123.4091 	EXP 	Created text = TextStim(__class__=<class 'psychopy.visual.text.TextStim'>, alignHoriz=method-wrapper(...), alignText='center', alignVert=method-wrapper(...), anchorHoriz='center', anchorVert='center', antialias=True, autoLog=True, bold=False, color=array([1., 1., 1.]), colorSpace='rgb', contrast=1.0, depth=0.0, flipHoriz=False, flipVert=False, font='Arial', fontFiles=[], height=0.07, italic=False, languageStyle='LTR', name='text', opacity=1, ori=0, pos=array([0., 0.]), rgb=UNKNOWN, text=str(...), units='norm', win=Window(...), wrapWidth=1.65)
123.4190 	EXP 	Created text = TextStim(__class__=<class 'psychopy.visual.text.TextStim'>, alignHoriz=method-wrapper(...), alignText='center', alignVert=method-wrapper(...), anchorHoriz='center', anchorVert='center', antialias=True, autoLog=True, bold=False, color=array([1., 1., 1.]), colorSpace='rgb', contrast=1.0, depth=0.0, flipHoriz=False, flipVert=False, font='Arial', fontFiles=[], height=0.07, italic=False, languageStyle='LTR', name='text', opacity=1, ori=0, pos=array([0., 0.]), rgb=UNKNOWN, text=str(...), units='norm', win=Window(...), wrapWidth=1.65)
123.4293 	EXP 	Created text = TextStim(__class__=<class 'psychopy.visual.text.TextStim'>, alignHoriz=method-wrapper(...), alignText='center', alignVert=method-wrapper(...), anchorHoriz='center', anchorVert='center', antialias=True, autoLog=True, bold=False, color=array([1., 1., 1.]), colorSpace='rgb', contrast=1.0, depth=0.0, flipHoriz=False, flipVert=False, font='Arial', fontFiles=[], height=0.07, italic=False, languageStyle='LTR', name='text', opacity=1, ori=0, pos=array([0., 0.]), rgb=UNKNOWN, text=str(...), units='norm', win=Window(...), wrapWidth=1.65)
123.4346 	EXP 	Created text = TextStim(__class__=<class 'psychopy.visual.text.TextStim'>, alignHoriz=method-wrapper(...), alignText='center', alignVert=method-wrapper(...), anchorHoriz='center', anchorVert='center', antialias=True, autoLog=True, bold=False, color=array([1., 1., 1.]), colorSpace='rgb', contrast=1.0, depth=0.0, flipHoriz=False, flipVert=False, font='Arial', fontFiles=[], height=0.07, italic=False, languageStyle='LTR', name='text', opacity=1, ori=0, pos=array([0., 0.]), rgb=UNKNOWN, text=str(...), units='norm', win=Window(...), wrapWidth=1.65)
123.4503 	EXP 	Created text = TextStim(__class__=<class 'psychopy.visual.text.TextStim'>, alignHoriz=method-wrapper(...), alignText='center', alignVert=method-wrapper(...), anchorHoriz='center', anchorVert='center', antialias=True, autoLog=True, bold=False, color=array([1., 1., 1.]), colorSpace='rgb', contrast=1.0, depth=0.0, flipHoriz=False, flipVert=False, font='Arial', fontFiles=[], height=0.15, italic=False, languageStyle='LTR', name='text', opacity=1, ori=0, pos=array([0., 0.]), rgb=UNKNOWN, text=str(...), units='norm', win=Window(...), wrapWidth=1.65)
123.4797 	EXP 	Created text = TextStim(__class__=<class 'psychopy.visual.text.TextStim'>, alignHoriz=method-wrapper(...), alignText='center', alignVert=method-wrapper(...), anchorHoriz='center', anchorVert='center', antialias=True, autoLog=True, bold=False, color=array([1., 1., 1.]), colorSpace='rgb', contrast=1.0, depth=0.0, flipHoriz=False, flipVert=False, font='Arial', fontFiles=[], height=0.07, italic=False, languageStyle='LTR', name='text', opacity=1, ori=0, pos=array([0., 0.]), rgb=UNKNOWN, text=str(...), units='norm', win=Window(...), wrapWidth=1.65)
123.4990 	EXP 	Created text = TextStim(__class__=<class 'psychopy.visual.text.TextStim'>, alignHoriz=method-wrapper(...), alignText='center', alignVert=method-wrapper(...), anchorHoriz='center', anchorVert='center', antialias=True, autoLog=True, bold=False, color=array([1., 1., 1.]), colorSpace='rgb', contrast=1.0, depth=0.0, flipHoriz=False, flipVert=False, font='Arial', fontFiles=[], height=0.07, italic=False, languageStyle='LTR', name='text', opacity=1, ori=0, pos=array([0., 0.]), rgb=UNKNOWN, text=str(...), units='norm', win=Window(...), wrapWidth=1.65)
123.5281 	EXP 	Created text = TextStim(__class__=<class 'psychopy.visual.text.TextStim'>, alignHoriz=method-wrapper(...), alignText='center', alignVert=method-wrapper(...), anchorHoriz='center', anchorVert='center', antialias=True, autoLog=True, bold=False, color=array([1., 1., 1.]), colorSpace='rgb', contrast=1.0, depth=0.0, flipHoriz=False, flipVert=False, font='Arial', fontFiles=[], height=0.07, italic=False, languageStyle='LTR', name='text', opacity=1, ori=0, pos=array([0., 0.]), rgb=UNKNOWN, text=str(...), units='norm', win=Window(...), wrapWidth=1.65)
123.5546 	EXP 	Created text = TextStim(__class__=<class 'psychopy.visual.text.TextStim'>, alignHoriz=method-wrapper(...), alignText='center', alignVert=method-wrapper(...), anchorHoriz='center', anchorVert='center', antialias=True, autoLog=True, bold=False, color=array([1., 1., 1.]), colorSpace='rgb', contrast=1.0, depth=0.0, flipHoriz=False, flipVert=False, font='Arial', fontFiles=[], height=0.07, italic=False, languageStyle='LTR', name='text', opacity=1, ori=0, pos=array([0., 0.]), rgb=UNKNOWN, text=str(...), units='norm', win=Window(...), wrapWidth=1.65)
123.5872 	EXP 	Created text = TextStim(__class__=<class 'psychopy.visual.text.TextStim'>, alignHoriz=method-wrapper(...), alignText='center', alignVert=method-wrapper(...), anchorHoriz='center', anchorVert='center', antialias=True, autoLog=True, bold=False, color=array([1., 1., 1.]), colorSpace='rgb', contrast=1.0, depth=0.0, flipHoriz=False, flipVert=False, font='Arial', fontFiles=[], height=0.07, italic=False, languageStyle='LTR', name='text', opacity=1, ori=0, pos=array([0., 0.]), rgb=UNKNOWN, text=str(...), units='norm', win=Window(...), wrapWidth=1.65)
123.5964 	EXP 	Created text = TextStim(__class__=<class 'psychopy.visual.text.TextStim'>, alignHoriz=method-wrapper(...), alignText='center', alignVert=method-wrapper(...), anchorHoriz='center', anchorVert='center', antialias=True, autoLog=True, bold=False, color=array([1., 1., 1.]), colorSpace='rgb', contrast=1.0, depth=0.0, flipHoriz=False, flipVert=False, font='Arial', fontFiles=[], height=0.07, italic=False, languageStyle='LTR', name='text', opacity=1, ori=0, pos=array([0., 0.]), rgb=UNKNOWN, text=str(...), units='norm', win=Window(...), wrapWidth=1.65)
123.6090 	EXP 	Created text = TextStim(__class__=<class 'psychopy.visual.text.TextStim'>, alignHoriz=method-wrapper(...), alignText='center', alignVert=method-wrapper(...), anchorHoriz='center', anchorVert='center', antialias=True, autoLog=True, bold=False, color=array([1., 1., 1.]), colorSpace='rgb', contrast=1.0, depth=0.0, flipHoriz=False, flipVert=False, font='Arial', fontFiles=[], height=0.07, italic=False, languageStyle='LTR', name='text', opacity=1, ori=0, pos=array([0., 0.]), rgb=UNKNOWN, text=str(...), units='norm', win=Window(...), wrapWidth=1.65)
123.6140 	EXP 	Created instru = TextStim(__class__=<class 'psychopy.visual.text.TextStim'>, alignHoriz=method-wrapper(...), alignText='center', alignVert=method-wrapper(...), anchorHoriz='center', anchorVert='center', antialias=True, autoLog=True, bold=False, color=array([1., 1., 1.]), colorSpace='rgb', contrast=1.0, depth=0.0, flipHoriz=False, flipVert=False, font='Arial', fontFiles=[], height=0.07, italic=False, languageStyle='LTR', name='instru', opacity=1, ori=0, pos=array([0. , 0.5]), rgb=UNKNOWN, text=str(...), units='norm', win=Window(...), wrapWidth=1)
123.6167 	EXP 	Created unnamed Line = Line(__class__=<class 'psychopy.visual.line.Line'>, autoDraw=False, autoLog=True, closeShape=False, color=array([1., 1., 1.]), colorSpace='rgb', contrast=None, depth=0, fillColor=array([0, 0, 0]), fillColorSpace='rgb', fillRGB=array([0, 0, 0]), interpolate=True, lineColor=array([1., 1., 1.]), lineColorSpace='rgb', lineRGB=array([1, 1, 1]), lineWidth=5, name='unnamed Line', opacity=0.5, ori=0.0, pos=array([0., 0.]), size=array([1., 1.]), units='norm', vertices=array([[-0.5,  0. ],
       [ 0.5,  0. ]]), win=Window(...), windingRule=None)
123.6187 	EXP 	Created unnamed Line = Line(__class__=<class 'psychopy.visual.line.Line'>, autoDraw=False, autoLog=True, closeShape=False, color=array([1., 1., 1.]), colorSpace='rgb', contrast=None, depth=0, fillColor=array([0, 0, 0]), fillColorSpace='rgb', fillRGB=array([0, 0, 0]), interpolate=True, lineColor=array([1., 1., 1.]), lineColorSpace='rgb', lineRGB=array([1, 1, 1]), lineWidth=3, name='unnamed Line', opacity=0.5, ori=0.0, pos=array([0., 0.]), size=array([1., 1.]), units='norm', vertices=array([[-0.5 , -0.05],
       [-0.5 ,  0.05]]), win=Window(...), windingRule=None)
123.6207 	EXP 	Created unnamed Line = Line(__class__=<class 'psychopy.visual.line.Line'>, autoDraw=False, autoLog=True, closeShape=False, color=array([1., 1., 1.]), colorSpace='rgb', contrast=None, depth=0, fillColor=array([0, 0, 0]), fillColorSpace='rgb', fillRGB=array([0, 0, 0]), interpolate=True, lineColor=array([1., 1., 1.]), lineColorSpace='rgb', lineRGB=array([1, 1, 1]), lineWidth=3, name='unnamed Line', opacity=0.5, ori=0.0, pos=array([0., 0.]), size=array([1., 1.]), units='norm', vertices=ndarray(...), win=Window(...), windingRule=None)
123.6227 	EXP 	Created unnamed Line = Line(__class__=<class 'psychopy.visual.line.Line'>, autoDraw=False, autoLog=True, closeShape=False, color=array([1., 1., 1.]), colorSpace='rgb', contrast=None, depth=0, fillColor=array([0, 0, 0]), fillColorSpace='rgb', fillRGB=array([0, 0, 0]), interpolate=True, lineColor=array([1., 1., 1.]), lineColorSpace='rgb', lineRGB=array([1, 1, 1]), lineWidth=3, name='unnamed Line', opacity=0.5, ori=0.0, pos=array([0., 0.]), size=array([1., 1.]), units='norm', vertices=ndarray(...), win=Window(...), windingRule=None)
123.6248 	EXP 	Created unnamed Line = Line(__class__=<class 'psychopy.visual.line.Line'>, autoDraw=False, autoLog=True, closeShape=False, color=array([1., 1., 1.]), colorSpace='rgb', contrast=None, depth=0, fillColor=array([0, 0, 0]), fillColorSpace='rgb', fillRGB=array([0, 0, 0]), interpolate=True, lineColor=array([1., 1., 1.]), lineColorSpace='rgb', lineRGB=array([1, 1, 1]), lineWidth=3, name='unnamed Line', opacity=0.5, ori=0.0, pos=array([0., 0.]), size=array([1., 1.]), units='norm', vertices=array([[ 0.5 , -0.05],
       [ 0.5 ,  0.05]]), win=Window(...), windingRule=None)
123.6372 	EXP 	Created unnamed TextStim = TextStim(__class__=<class 'psychopy.visual.text.TextStim'>, alignHoriz=method-wrapper(...), alignText='center', alignVert=method-wrapper(...), anchorHoriz='center', anchorVert='center', antialias=True, autoLog=True, bold=False, color=array([1., 1., 1.]), colorSpace='rgb', contrast=1.0, depth=0, flipHoriz=False, flipVert=False, font='', fontFiles=[], height=0.05, italic=False, languageStyle='LTR', name='unnamed TextStim', opacity=1.0, ori=0.0, pos=array([-0.5, -0.1]), rgb=UNKNOWN, text='Clearly \n NOT FOCUSED', units='norm', win=Window(...), wrapWidth=1)
123.6382 	EXP 	Created unnamed TextStim = TextStim(__class__=<class 'psychopy.visual.text.TextStim'>, alignHoriz=method-wrapper(...), alignText='center', alignVert=method-wrapper(...), anchorHoriz='center', anchorVert='center', antialias=True, autoLog=True, bold=False, color=array([1., 1., 1.]), colorSpace='rgb', contrast=1.0, depth=0, flipHoriz=False, flipVert=False, font='', fontFiles=[], height=0.05, italic=False, languageStyle='LTR', name='unnamed TextStim', opacity=1.0, ori=0.0, pos=array([-0.16666667, -0.1       ]), rgb=UNKNOWN, text='', units='norm', win=Window(...), wrapWidth=1)
123.6393 	EXP 	Created unnamed TextStim = TextStim(__class__=<class 'psychopy.visual.text.TextStim'>, alignHoriz=method-wrapper(...), alignText='center', alignVert=method-wrapper(...), anchorHoriz='center', anchorVert='center', antialias=True, autoLog=True, bold=False, color=array([1., 1., 1.]), colorSpace='rgb', contrast=1.0, depth=0, flipHoriz=False, flipVert=False, font='', fontFiles=[], height=0.05, italic=False, languageStyle='LTR', name='unnamed TextStim', opacity=1.0, ori=0.0, pos=array([ 0.16666667, -0.1       ]), rgb=UNKNOWN, text='', units='norm', win=Window(...), wrapWidth=1)
123.6436 	EXP 	Created unnamed TextStim = TextStim(__class__=<class 'psychopy.visual.text.TextStim'>, alignHoriz=method-wrapper(...), alignText='center', alignVert=method-wrapper(...), anchorHoriz='center', anchorVert='center', antialias=True, autoLog=True, bold=False, color=array([1., 1., 1.]), colorSpace='rgb', contrast=1.0, depth=0, flipHoriz=False, flipVert=False, font='', fontFiles=[], height=0.05, italic=False, languageStyle='LTR', name='unnamed TextStim', opacity=1.0, ori=0.0, pos=array([ 0.5, -0.1]), rgb=UNKNOWN, text='Clearly \n FOCUSED', units='norm', win=Window(...), wrapWidth=1)
123.6458 	EXP 	Created unnamed ShapeStim = ShapeStim(__class__=<class 'psychopy.visual.shape.ShapeStim'>, autoDraw=False, autoLog=True, closeShape=True, color=method-wrapper(...), colorSpace='rgb', contrast=None, depth=0, fillColor=array([1, 1, 1]), fillColorSpace='rgb', fillRGB=array([1, 1, 1]), interpolate=True, lineColor=array([-1., -1., -1.]), lineColorSpace='rgb', lineRGB=array([-1, -1, -1]), lineWidth=1.5, name='unnamed ShapeStim', opacity=1.0, ori=0.0, pos=array([0., 0.]), size=array([1., 1.]), units='norm', vertices=ndarray(...), win=Window(...), windingRule=None)
123.6568 	EXP 	Created instru = TextStim(__class__=<class 'psychopy.visual.text.TextStim'>, alignHoriz=method-wrapper(...), alignText='center', alignVert=method-wrapper(...), anchorHoriz='center', anchorVert='center', antialias=True, autoLog=True, bold=False, color=array([1., 1., 1.]), colorSpace='rgb', contrast=1.0, depth=0.0, flipHoriz=False, flipVert=False, font='Arial', fontFiles=[], height=0.07, italic=False, languageStyle='LTR', name='instru', opacity=1, ori=0, pos=array([0. , 0.5]), rgb=UNKNOWN, text=str(...), units='norm', win=Window(...), wrapWidth=1)
123.6589 	EXP 	Created unnamed Line = Line(__class__=<class 'psychopy.visual.line.Line'>, autoDraw=False, autoLog=True, closeShape=False, color=array([1., 1., 1.]), colorSpace='rgb', contrast=None, depth=0, fillColor=array([0, 0, 0]), fillColorSpace='rgb', fillRGB=array([0, 0, 0]), interpolate=True, lineColor=array([1., 1., 1.]), lineColorSpace='rgb', lineRGB=array([1, 1, 1]), lineWidth=5, name='unnamed Line', opacity=0.5, ori=0.0, pos=array([0., 0.]), size=array([1., 1.]), units='norm', vertices=array([[-0.5,  0. ],
       [ 0.5,  0. ]]), win=Window(...), windingRule=None)
123.6610 	EXP 	Created unnamed Line = Line(__class__=<class 'psychopy.visual.line.Line'>, autoDraw=False, autoLog=True, closeShape=False, color=array([1., 1., 1.]), colorSpace='rgb', contrast=None, depth=0, fillColor=array([0, 0, 0]), fillColorSpace='rgb', fillRGB=array([0, 0, 0]), interpolate=True, lineColor=array([1., 1., 1.]), lineColorSpace='rgb', lineRGB=array([1, 1, 1]), lineWidth=3, name='unnamed Line', opacity=0.5, ori=0.0, pos=array([0., 0.]), size=array([1., 1.]), units='norm', vertices=array([[-0.5 , -0.05],
       [-0.5 ,  0.05]]), win=Window(...), windingRule=None)
123.6630 	EXP 	Created unnamed Line = Line(__class__=<class 'psychopy.visual.line.Line'>, autoDraw=False, autoLog=True, closeShape=False, color=array([1., 1., 1.]), colorSpace='rgb', contrast=None, depth=0, fillColor=array([0, 0, 0]), fillColorSpace='rgb', fillRGB=array([0, 0, 0]), interpolate=True, lineColor=array([1., 1., 1.]), lineColorSpace='rgb', lineRGB=array([1, 1, 1]), lineWidth=3, name='unnamed Line', opacity=0.5, ori=0.0, pos=array([0., 0.]), size=array([1., 1.]), units='norm', vertices=ndarray(...), win=Window(...), windingRule=None)
123.6651 	EXP 	Created unnamed Line = Line(__class__=<class 'psychopy.visual.line.Line'>, autoDraw=False, autoLog=True, closeShape=False, color=array([1., 1., 1.]), colorSpace='rgb', contrast=None, depth=0, fillColor=array([0, 0, 0]), fillColorSpace='rgb', fillRGB=array([0, 0, 0]), interpolate=True, lineColor=array([1., 1., 1.]), lineColorSpace='rgb', lineRGB=array([1, 1, 1]), lineWidth=3, name='unnamed Line', opacity=0.5, ori=0.0, pos=array([0., 0.]), size=array([1., 1.]), units='norm', vertices=ndarray(...), win=Window(...), windingRule=None)
123.6671 	EXP 	Created unnamed Line = Line(__class__=<class 'psychopy.visual.line.Line'>, autoDraw=False, autoLog=True, closeShape=False, color=array([1., 1., 1.]), colorSpace='rgb', contrast=None, depth=0, fillColor=array([0, 0, 0]), fillColorSpace='rgb', fillRGB=array([0, 0, 0]), interpolate=True, lineColor=array([1., 1., 1.]), lineColorSpace='rgb', lineRGB=array([1, 1, 1]), lineWidth=3, name='unnamed Line', opacity=0.5, ori=0.0, pos=array([0., 0.]), size=array([1., 1.]), units='norm', vertices=array([[ 0.5 , -0.05],
       [ 0.5 ,  0.05]]), win=Window(...), windingRule=None)
123.6726 	EXP 	Created unnamed TextStim = TextStim(__class__=<class 'psychopy.visual.text.TextStim'>, alignHoriz=method-wrapper(...), alignText='center', alignVert=method-wrapper(...), anchorHoriz='center', anchorVert='center', antialias=True, autoLog=True, bold=False, color=array([1., 1., 1.]), colorSpace='rgb', contrast=1.0, depth=0, flipHoriz=False, flipVert=False, font='', fontFiles=[], height=0.05, italic=False, languageStyle='LTR', name='unnamed TextStim', opacity=1.0, ori=0.0, pos=array([-0.5, -0.1]), rgb=UNKNOWN, text='Clearly \n NOTHING', units='norm', win=Window(...), wrapWidth=1)
123.6736 	EXP 	Created unnamed TextStim = TextStim(__class__=<class 'psychopy.visual.text.TextStim'>, alignHoriz=method-wrapper(...), alignText='center', alignVert=method-wrapper(...), anchorHoriz='center', anchorVert='center', antialias=True, autoLog=True, bold=False, color=array([1., 1., 1.]), colorSpace='rgb', contrast=1.0, depth=0, flipHoriz=False, flipVert=False, font='', fontFiles=[], height=0.05, italic=False, languageStyle='LTR', name='unnamed TextStim', opacity=1.0, ori=0.0, pos=array([-0.16666667, -0.1       ]), rgb=UNKNOWN, text='', units='norm', win=Window(...), wrapWidth=1)
123.6747 	EXP 	Created unnamed TextStim = TextStim(__class__=<class 'psychopy.visual.text.TextStim'>, alignHoriz=method-wrapper(...), alignText='center', alignVert=method-wrapper(...), anchorHoriz='center', anchorVert='center', antialias=True, autoLog=True, bold=False, color=array([1., 1., 1.]), colorSpace='rgb', contrast=1.0, depth=0, flipHoriz=False, flipVert=False, font='', fontFiles=[], height=0.05, italic=False, languageStyle='LTR', name='unnamed TextStim', opacity=1.0, ori=0.0, pos=array([ 0.16666667, -0.1       ]), rgb=UNKNOWN, text='', units='norm', win=Window(...), wrapWidth=1)
123.6788 	EXP 	Created unnamed TextStim = TextStim(__class__=<class 'psychopy.visual.text.TextStim'>, alignHoriz=method-wrapper(...), alignText='center', alignVert=method-wrapper(...), anchorHoriz='center', anchorVert='center', antialias=True, autoLog=True, bold=False, color=array([1., 1., 1.]), colorSpace='rgb', contrast=1.0, depth=0, flipHoriz=False, flipVert=False, font='', fontFiles=[], height=0.05, italic=False, languageStyle='LTR', name='unnamed TextStim', opacity=1.0, ori=0.0, pos=array([ 0.5, -0.1]), rgb=UNKNOWN, text='Clearly \n SOMETHING', units='norm', win=Window(...), wrapWidth=1)
123.6808 	EXP 	Created unnamed ShapeStim = ShapeStim(__class__=<class 'psychopy.visual.shape.ShapeStim'>, autoDraw=False, autoLog=True, closeShape=True, color=method-wrapper(...), colorSpace='rgb', contrast=None, depth=0, fillColor=array([1, 1, 1]), fillColorSpace='rgb', fillRGB=array([1, 1, 1]), interpolate=True, lineColor=array([-1., -1., -1.]), lineColorSpace='rgb', lineRGB=array([-1, -1, -1]), lineWidth=1.5, name='unnamed ShapeStim', opacity=1.0, ori=0.0, pos=array([0., 0.]), size=array([1., 1.]), units='norm', vertices=ndarray(...), win=Window(...), windingRule=None)
123.6883 	EXP 	Created instru = TextStim(__class__=<class 'psychopy.visual.text.TextStim'>, alignHoriz=method-wrapper(...), alignText='center', alignVert=method-wrapper(...), anchorHoriz='center', anchorVert='center', antialias=True, autoLog=True, bold=False, color=array([1., 1., 1.]), colorSpace='rgb', contrast=1.0, depth=0.0, flipHoriz=False, flipVert=False, font='Arial', fontFiles=[], height=0.07, italic=False, languageStyle='LTR', name='instru', opacity=1, ori=0, pos=array([0. , 0.5]), rgb=UNKNOWN, text=str(...), units='norm', win=Window(...), wrapWidth=1)
123.6903 	EXP 	Created unnamed Line = Line(__class__=<class 'psychopy.visual.line.Line'>, autoDraw=False, autoLog=True, closeShape=False, color=array([1., 1., 1.]), colorSpace='rgb', contrast=None, depth=0, fillColor=array([0, 0, 0]), fillColorSpace='rgb', fillRGB=array([0, 0, 0]), interpolate=True, lineColor=array([1., 1., 1.]), lineColorSpace='rgb', lineRGB=array([1, 1, 1]), lineWidth=5, name='unnamed Line', opacity=0.5, ori=0.0, pos=array([0., 0.]), size=array([1., 1.]), units='norm', vertices=array([[-0.5,  0. ],
       [ 0.5,  0. ]]), win=Window(...), windingRule=None)
123.6924 	EXP 	Created unnamed Line = Line(__class__=<class 'psychopy.visual.line.Line'>, autoDraw=False, autoLog=True, closeShape=False, color=array([1., 1., 1.]), colorSpace='rgb', contrast=None, depth=0, fillColor=array([0, 0, 0]), fillColorSpace='rgb', fillRGB=array([0, 0, 0]), interpolate=True, lineColor=array([1., 1., 1.]), lineColorSpace='rgb', lineRGB=array([1, 1, 1]), lineWidth=3, name='unnamed Line', opacity=0.5, ori=0.0, pos=array([0., 0.]), size=array([1., 1.]), units='norm', vertices=array([[-0.5 , -0.05],
       [-0.5 ,  0.05]]), win=Window(...), windingRule=None)
123.6944 	EXP 	Created unnamed Line = Line(__class__=<class 'psychopy.visual.line.Line'>, autoDraw=False, autoLog=True, closeShape=False, color=array([1., 1., 1.]), colorSpace='rgb', contrast=None, depth=0, fillColor=array([0, 0, 0]), fillColorSpace='rgb', fillRGB=array([0, 0, 0]), interpolate=True, lineColor=array([1., 1., 1.]), lineColorSpace='rgb', lineRGB=array([1, 1, 1]), lineWidth=3, name='unnamed Line', opacity=0.5, ori=0.0, pos=array([0., 0.]), size=array([1., 1.]), units='norm', vertices=ndarray(...), win=Window(...), windingRule=None)
123.6964 	EXP 	Created unnamed Line = Line(__class__=<class 'psychopy.visual.line.Line'>, autoDraw=False, autoLog=True, closeShape=False, color=array([1., 1., 1.]), colorSpace='rgb', contrast=None, depth=0, fillColor=array([0, 0, 0]), fillColorSpace='rgb', fillRGB=array([0, 0, 0]), interpolate=True, lineColor=array([1., 1., 1.]), lineColorSpace='rgb', lineRGB=array([1, 1, 1]), lineWidth=3, name='unnamed Line', opacity=0.5, ori=0.0, pos=array([0., 0.]), size=array([1., 1.]), units='norm', vertices=ndarray(...), win=Window(...), windingRule=None)
123.6983 	EXP 	Created unnamed Line = Line(__class__=<class 'psychopy.visual.line.Line'>, autoDraw=False, autoLog=True, closeShape=False, color=array([1., 1., 1.]), colorSpace='rgb', contrast=None, depth=0, fillColor=array([0, 0, 0]), fillColorSpace='rgb', fillRGB=array([0, 0, 0]), interpolate=True, lineColor=array([1., 1., 1.]), lineColorSpace='rgb', lineRGB=array([1, 1, 1]), lineWidth=3, name='unnamed Line', opacity=0.5, ori=0.0, pos=array([0., 0.]), size=array([1., 1.]), units='norm', vertices=array([[ 0.5 , -0.05],
       [ 0.5 ,  0.05]]), win=Window(...), windingRule=None)
123.7035 	EXP 	Created unnamed TextStim = TextStim(__class__=<class 'psychopy.visual.text.TextStim'>, alignHoriz=method-wrapper(...), alignText='center', alignVert=method-wrapper(...), anchorHoriz='center', anchorVert='center', antialias=True, autoLog=True, bold=False, color=array([1., 1., 1.]), colorSpace='rgb', contrast=1.0, depth=0, flipHoriz=False, flipVert=False, font='', fontFiles=[], height=0.05, italic=False, languageStyle='LTR', name='unnamed TextStim', opacity=1.0, ori=0.0, pos=array([-0.5, -0.1]), rgb=UNKNOWN, text='Clearly \n SPONTANEOUS', units='norm', win=Window(...), wrapWidth=1)
123.7046 	EXP 	Created unnamed TextStim = TextStim(__class__=<class 'psychopy.visual.text.TextStim'>, alignHoriz=method-wrapper(...), alignText='center', alignVert=method-wrapper(...), anchorHoriz='center', anchorVert='center', antialias=True, autoLog=True, bold=False, color=array([1., 1., 1.]), colorSpace='rgb', contrast=1.0, depth=0, flipHoriz=False, flipVert=False, font='', fontFiles=[], height=0.05, italic=False, languageStyle='LTR', name='unnamed TextStim', opacity=1.0, ori=0.0, pos=array([-0.16666667, -0.1       ]), rgb=UNKNOWN, text='', units='norm', win=Window(...), wrapWidth=1)
123.7056 	EXP 	Created unnamed TextStim = TextStim(__class__=<class 'psychopy.visual.text.TextStim'>, alignHoriz=method-wrapper(...), alignText='center', alignVert=method-wrapper(...), anchorHoriz='center', anchorVert='center', antialias=True, autoLog=True, bold=False, color=array([1., 1., 1.]), colorSpace='rgb', contrast=1.0, depth=0, flipHoriz=False, flipVert=False, font='', fontFiles=[], height=0.05, italic=False, languageStyle='LTR', name='unnamed TextStim', opacity=1.0, ori=0.0, pos=array([ 0.16666667, -0.1       ]), rgb=UNKNOWN, text='', units='norm', win=Window(...), wrapWidth=1)
123.7105 	EXP 	Created unnamed TextStim = TextStim(__class__=<class 'psychopy.visual.text.TextStim'>, alignHoriz=method-wrapper(...), alignText='center', alignVert=method-wrapper(...), anchorHoriz='center', anchorVert='center', antialias=True, autoLog=True, bold=False, color=array([1., 1., 1.]), colorSpace='rgb', contrast=1.0, depth=0, flipHoriz=False, flipVert=False, font='', fontFiles=[], height=0.05, italic=False, languageStyle='LTR', name='unnamed TextStim', opacity=1.0, ori=0.0, pos=array([ 0.5, -0.1]), rgb=UNKNOWN, text='Clearly \n DELIBERATE', units='norm', win=Window(...), wrapWidth=1)
123.7122 	EXP 	Created unnamed ShapeStim = ShapeStim(__class__=<class 'psychopy.visual.shape.ShapeStim'>, autoDraw=False, autoLog=True, closeShape=True, color=method-wrapper(...), colorSpace='rgb', contrast=None, depth=0, fillColor=array([1, 1, 1]), fillColorSpace='rgb', fillRGB=array([1, 1, 1]), interpolate=True, lineColor=array([-1., -1., -1.]), lineColorSpace='rgb', lineRGB=array([-1, -1, -1]), lineWidth=1.5, name='unnamed ShapeStim', opacity=1.0, ori=0.0, pos=array([0., 0.]), size=array([1., 1.]), units='norm', vertices=ndarray(...), win=Window(...), windingRule=None)
123.7609 	EXP 	Sound  set volume 1.000
123.7956 	EXP 	unnamed ShapeStim: vertices = <class 'numpy.ndarray'>
123.7956 	EXP 	unnamed ShapeStim: vertices = <class 'numpy.ndarray'>
123.7956 	EXP 	unnamed ShapeStim: vertices = <class 'numpy.ndarray'>
155.3529 	DATA 	Keypress: space
157.3849 	DATA 	Keypress: space
161.4328 	DATA 	Keypress: space
161.4526 	EXP 	unnamed TextStim: text = ''
161.4526 	EXP 	unnamed TextStim: text = ''
163.5708 	DATA 	Keypress: 4
163.5872 	EXP 	unnamed ShapeStim: vertices = <class 'numpy.ndarray'>
166.5049 	DATA 	Keypress: space
166.5230 	EXP 	unnamed TextStim: text = ''
166.5230 	EXP 	unnamed TextStim: text = ''
170.3300 	DATA 	Keypress: 4
170.3594 	EXP 	unnamed ShapeStim: vertices = <class 'numpy.ndarray'>
185.3689 	DATA 	Keypress: space
185.3889 	EXP 	unnamed TextStim: text = ''
185.3889 	EXP 	unnamed TextStim: text = ''
186.5901 	DATA 	Keypress: 4
186.6066 	EXP 	unnamed ShapeStim: vertices = <class 'numpy.ndarray'>
192.3129 	DATA 	Keypress: space
199.0969 	DATA 	Keypress: rctrl
202.4568 	DATA 	Keypress: rctrl
202.9698 	EXP 	Sound  started
203.2888 	DATA 	Keypress: rctrl
203.7198 	EXP 	Sound  started
203.9129 	DATA 	Keypress: lctrl
204.4408 	DATA 	Keypress: rctrl
204.4698 	EXP 	Sound  started
205.2198 	EXP 	Sound  started
205.2408 	DATA 	Keypress: lctrl
205.9608 	DATA 	Keypress: rctrl
205.9699 	EXP 	Sound  started
206.6968 	DATA 	Keypress: rctrl
206.7199 	EXP 	Sound  started
207.4328 	DATA 	Keypress: rctrl
207.4699 	EXP 	Sound  started
208.2009 	DATA 	Keypress: rctrl
208.2199 	EXP 	Sound  started
208.9049 	DATA 	Keypress: lctrl
208.9699 	EXP 	Sound  started
209.6728 	DATA 	Keypress: lctrl
209.7199 	EXP 	Sound  started
210.3609 	DATA 	Keypress: rctrl
210.4699 	EXP 	Sound  started
211.0969 	DATA 	Keypress: lctrl
211.2200 	EXP 	Sound  started
211.8328 	DATA 	Keypress: lctrl
211.9700 	EXP 	Sound  started
212.5688 	DATA 	Keypress: lctrl
212.7200 	EXP 	Sound  started
213.3689 	DATA 	Keypress: rctrl
213.4700 	EXP 	Sound  started
214.1210 	DATA 	Keypress: rctrl
214.2200 	EXP 	Sound  started
214.8408 	DATA 	Keypress: rctrl
214.9700 	EXP 	Sound  started
215.5928 	DATA 	Keypress: lctrl
215.7201 	EXP 	Sound  started
216.3288 	DATA 	Keypress: rctrl
216.4701 	EXP 	Sound  started
217.0808 	DATA 	Keypress: rctrl
217.2201 	EXP 	Sound  started
217.8650 	DATA 	Keypress: rctrl
217.9701 	EXP 	Sound  started
218.6168 	DATA 	Keypress: lctrl
218.7201 	EXP 	Sound  started
219.3048 	DATA 	Keypress: rctrl
219.4701 	EXP 	Sound  started
220.0888 	DATA 	Keypress: rctrl
220.2202 	EXP 	Sound  started
220.8088 	DATA 	Keypress: rctrl
220.9702 	EXP 	Sound  started
221.5768 	DATA 	Keypress: lctrl
221.7202 	EXP 	Sound  started
222.2969 	DATA 	Keypress: rctrl
222.4702 	EXP 	Sound  started
223.0648 	DATA 	Keypress: rctrl
223.2202 	EXP 	Sound  started
223.8008 	DATA 	Keypress: rctrl
223.9702 	EXP 	Sound  started
224.6009 	DATA 	Keypress: lctrl
224.7203 	EXP 	Sound  started
225.3048 	DATA 	Keypress: lctrl
225.4703 	EXP 	Sound  started
226.0408 	DATA 	Keypress: rctrl
226.2203 	EXP 	Sound  started
226.7928 	DATA 	Keypress: rctrl
226.9703 	EXP 	Sound  started
227.5768 	DATA 	Keypress: rctrl
227.7203 	EXP 	Sound  started
228.3608 	DATA 	Keypress: lctrl
228.4703 	EXP 	Sound  started
229.0808 	DATA 	Keypress: rctrl
229.2204 	EXP 	Sound  started
229.8168 	DATA 	Keypress: rctrl
229.9704 	EXP 	Sound  started
230.5688 	DATA 	Keypress: rctrl
230.7204 	EXP 	Sound  started
231.3368 	DATA 	Keypress: lctrl
231.4704 	EXP 	Sound  started
232.0728 	DATA 	Keypress: lctrl
232.2204 	EXP 	Sound  started
232.8088 	DATA 	Keypress: lctrl
232.9704 	EXP 	Sound  started
233.5288 	DATA 	Keypress: rctrl
233.7204 	EXP 	Sound  started
234.3288 	DATA 	Keypress: rctrl
234.4705 	EXP 	Sound  started
235.1128 	DATA 	Keypress: rctrl
235.2205 	EXP 	Sound  started
235.8968 	DATA 	Keypress: rctrl
235.9705 	EXP 	Sound  started
236.6488 	DATA 	Keypress: lctrl
236.7205 	EXP 	Sound  started
237.3849 	DATA 	Keypress: lctrl
237.4705 	EXP 	Sound  started
238.2168 	DATA 	Keypress: lctrl
238.2205 	EXP 	Sound  started
238.9705 	EXP 	Sound  started
238.9848 	DATA 	Keypress: rctrl
239.7206 	EXP 	Sound  started
239.7528 	DATA 	Keypress: rctrl
240.4248 	DATA 	Keypress: lctrl
240.4706 	EXP 	Sound  started
241.2088 	DATA 	Keypress: lctrl
241.2206 	EXP 	Sound  started
241.9288 	DATA 	Keypress: rctrl
241.9706 	EXP 	Sound  started
242.6808 	DATA 	Keypress: rctrl
242.7206 	EXP 	Sound  started
243.3848 	DATA 	Keypress: rctrl
243.4706 	EXP 	Sound  started
244.1208 	DATA 	Keypress: lctrl
244.2206 	EXP 	Sound  started
244.8728 	DATA 	Keypress: rctrl
244.9706 	EXP 	Sound  started
245.5929 	DATA 	Keypress: lctrl
245.7207 	EXP 	Sound  started
246.3608 	DATA 	Keypress: rctrl
246.4707 	EXP 	Sound  started
247.1128 	DATA 	Keypress: rctrl
247.2207 	EXP 	Sound  started
247.8488 	DATA 	Keypress: rctrl
247.9707 	EXP 	Sound  started
248.5528 	DATA 	Keypress: lctrl
248.7207 	EXP 	Sound  started
249.3528 	DATA 	Keypress: lctrl
249.4707 	EXP 	Sound  started
250.1048 	DATA 	Keypress: rctrl
250.2207 	EXP 	Sound  started
250.8888 	DATA 	Keypress: rctrl
250.9708 	EXP 	Sound  started
251.6407 	DATA 	Keypress: rctrl
251.7208 	EXP 	Sound  started
252.4088 	DATA 	Keypress: lctrl
252.4708 	EXP 	Sound  started
253.1448 	DATA 	Keypress: lctrl
253.2208 	EXP 	Sound  started
253.8328 	DATA 	Keypress: lctrl
253.9708 	EXP 	Sound  started
254.5848 	DATA 	Keypress: lctrl
254.7208 	EXP 	Sound  started
255.3208 	DATA 	Keypress: rctrl
255.4709 	EXP 	Sound  started
256.0888 	DATA 	Keypress: rctrl
256.2209 	EXP 	Sound  started
256.8729 	DATA 	Keypress: lctrl
256.9709 	EXP 	Sound  started
257.6568 	DATA 	Keypress: rctrl
257.7209 	EXP 	Sound  started
258.4248 	DATA 	Keypress: rctrl
258.4709 	EXP 	Sound  started
259.1448 	DATA 	Keypress: rctrl
259.2209 	EXP 	Sound  started
259.9128 	DATA 	Keypress: lctrl
259.9709 	EXP 	Sound  started
260.6488 	DATA 	Keypress: rctrl
260.7210 	EXP 	Sound  started
261.4168 	DATA 	Keypress: rctrl
261.4710 	EXP 	Sound  started
262.1528 	DATA 	Keypress: rctrl
262.2210 	EXP 	Sound  started
262.9048 	DATA 	Keypress: rctrl
262.9710 	EXP 	Sound  started
263.6727 	DATA 	Keypress: rctrl
263.7210 	EXP 	Sound  started
264.4088 	DATA 	Keypress: lctrl
264.4710 	EXP 	Sound  started
265.1608 	DATA 	Keypress: lctrl
265.2211 	EXP 	Sound  started
265.8648 	DATA 	Keypress: lctrl
265.9711 	EXP 	Sound  started
266.6328 	DATA 	Keypress: lctrl
266.7211 	EXP 	Sound  started
267.3848 	DATA 	Keypress: lctrl
270.6418 	DATA 	Keypress: 3
270.6582 	EXP 	unnamed ShapeStim: vertices = <class 'numpy.ndarray'>
276.9303 	DATA 	Keypress: 4
276.9467 	EXP 	unnamed ShapeStim: vertices = <class 'numpy.ndarray'>
283.2854 	DATA 	Keypress: 3
283.3019 	EXP 	unnamed ShapeStim: vertices = <class 'numpy.ndarray'>
285.5867 	EXP 	Sound  started
285.8007 	DATA 	Keypress: rctrl
286.3366 	EXP 	Sound  started
286.4567 	DATA 	Keypress: rctrl
287.0866 	EXP 	Sound  started
287.1128 	DATA 	Keypress: lctrl
287.8168 	DATA 	Keypress: lctrl
287.8366 	EXP 	Sound  started
288.5209 	DATA 	Keypress: lctrl
288.5866 	EXP 	Sound  started
289.2247 	DATA 	Keypress: lctrl
289.3366 	EXP 	Sound  started
289.9927 	DATA 	Keypress: lctrl
290.0866 	EXP 	Sound  started
290.7447 	DATA 	Keypress: rctrl
290.8367 	EXP 	Sound  started
291.4967 	DATA 	Keypress: rctrl
291.5867 	EXP 	Sound  started
292.2167 	DATA 	Keypress: rctrl
292.3367 	EXP 	Sound  started
292.9367 	DATA 	Keypress: lctrl
293.0867 	EXP 	Sound  started
293.6888 	DATA 	Keypress: lctrl
293.8367 	EXP 	Sound  started
294.4887 	DATA 	Keypress: lctrl
294.5867 	EXP 	Sound  started
295.2567 	DATA 	Keypress: rctrl
295.3367 	EXP 	Sound  started
295.9608 	DATA 	Keypress: lctrl
296.0867 	EXP 	Sound  started
296.7128 	DATA 	Keypress: rctrl
296.8368 	EXP 	Sound  started
297.4808 	DATA 	Keypress: rctrl
297.5868 	EXP 	Sound  started
298.2648 	DATA 	Keypress: rctrl
298.3368 	EXP 	Sound  started
299.0007 	DATA 	Keypress: rctrl
299.0868 	EXP 	Sound  started
299.7207 	DATA 	Keypress: lctrl
299.8368 	EXP 	Sound  started
300.4567 	DATA 	Keypress: lctrl
300.5868 	EXP 	Sound  started
301.2089 	DATA 	Keypress: lctrl
301.3369 	EXP 	Sound  started
301.9927 	DATA 	Keypress: lctrl
302.0869 	EXP 	Sound  started
302.7608 	DATA 	Keypress: rctrl
302.8369 	EXP 	Sound  started
303.5447 	DATA 	Keypress: rctrl
303.5870 	EXP 	Sound  started
304.2808 	DATA 	Keypress: rctrl
304.3370 	EXP 	Sound  started
305.0167 	DATA 	Keypress: rctrl
305.0870 	EXP 	Sound  started
305.7207 	DATA 	Keypress: lctrl
305.8370 	EXP 	Sound  started
306.5047 	DATA 	Keypress: lctrl
306.5870 	EXP 	Sound  started
307.2407 	DATA 	Keypress: lctrl
307.3370 	EXP 	Sound  started
308.0087 	DATA 	Keypress: rctrl
308.0870 	EXP 	Sound  started
308.7608 	DATA 	Keypress: rctrl
308.8371 	EXP 	Sound  started
309.5608 	DATA 	Keypress: rctrl
309.5871 	EXP 	Sound  started
310.2967 	DATA 	Keypress: rctrl
310.3371 	EXP 	Sound  started
311.0167 	DATA 	Keypress: rctrl
311.0871 	EXP 	Sound  started
311.7527 	DATA 	Keypress: rctrl
311.8371 	EXP 	Sound  started
312.5047 	DATA 	Keypress: rctrl
312.5871 	EXP 	Sound  started
313.2407 	DATA 	Keypress: lctrl
313.3371 	EXP 	Sound  started
314.0248 	DATA 	Keypress: lctrl
314.0872 	EXP 	Sound  started
314.7127 	DATA 	Keypress: lctrl
314.8372 	EXP 	Sound  started
315.4488 	DATA 	Keypress: lctrl
315.5872 	EXP 	Sound  started
316.2007 	DATA 	Keypress: rctrl
316.3372 	EXP 	Sound  started
316.9527 	DATA 	Keypress: rctrl
317.0872 	EXP 	Sound  started
317.7047 	DATA 	Keypress: rctrl
317.8372 	EXP 	Sound  started
318.4408 	DATA 	Keypress: rctrl
318.5872 	EXP 	Sound  started
319.2727 	DATA 	Keypress: lctrl
319.3372 	EXP 	Sound  started
320.0088 	DATA 	Keypress: rctrl
320.0873 	EXP 	Sound  started
320.7768 	DATA 	Keypress: lctrl
320.8373 	EXP 	Sound  started
321.5607 	DATA 	Keypress: lctrl
321.5873 	EXP 	Sound  started
322.2968 	DATA 	Keypress: rctrl
322.3373 	EXP 	Sound  started
323.0487 	DATA 	Keypress: rctrl
323.0873 	EXP 	Sound  started
323.7847 	DATA 	Keypress: lctrl
323.8373 	EXP 	Sound  started
324.4888 	DATA 	Keypress: lctrl
324.5873 	EXP 	Sound  started
325.3207 	DATA 	Keypress: lctrl
325.3374 	EXP 	Sound  started
326.0874 	EXP 	Sound  started
326.0887 	DATA 	Keypress: lctrl
326.8087 	DATA 	Keypress: rctrl
326.8374 	EXP 	Sound  started
327.5767 	DATA 	Keypress: rctrl
327.5874 	EXP 	Sound  started
328.2967 	DATA 	Keypress: rctrl
328.3374 	EXP 	Sound  started
329.0487 	DATA 	Keypress: lctrl
329.0874 	EXP 	Sound  started
329.8167 	DATA 	Keypress: lctrl
335.4448 	DATA 	Keypress: 3
335.4613 	EXP 	unnamed ShapeStim: vertices = <class 'numpy.ndarray'>
340.9698 	DATA 	Keypress: 2
340.9991 	EXP 	unnamed ShapeStim: vertices = <class 'numpy.ndarray'>
349.4063 	DATA 	Keypress: 3
349.4227 	EXP 	unnamed ShapeStim: vertices = <class 'numpy.ndarray'>
351.7073 	EXP 	Sound  started
351.9287 	DATA 	Keypress: rctrl
352.4573 	EXP 	Sound  started
352.5207 	DATA 	Keypress: rctrl
353.2073 	EXP 	Sound  started
353.2568 	DATA 	Keypress: lctrl
353.9447 	DATA 	Keypress: lctrl
353.9573 	EXP 	Sound  started
354.6647 	DATA 	Keypress: rctrl
354.7073 	EXP 	Sound  started
355.4573 	EXP 	Sound  started
355.4647 	DATA 	Keypress: lctrl
356.1687 	DATA 	Keypress: rctrl
356.2074 	EXP 	Sound  started
356.8887 	DATA 	Keypress: lctrl
356.9574 	EXP 	Sound  started
357.6407 	DATA 	Keypress: rctrl
357.7074 	EXP 	Sound  started
358.3767 	DATA 	Keypress: rctrl
358.4574 	EXP 	Sound  started
359.0647 	DATA 	Keypress: rctrl
359.2074 	EXP 	Sound  started
359.8009 	DATA 	Keypress: lctrl
359.9574 	EXP 	Sound  started
360.5847 	DATA 	Keypress: lctrl
360.7075 	EXP 	Sound  started
361.3367 	DATA 	Keypress: rctrl
361.4575 	EXP 	Sound  started
362.0888 	DATA 	Keypress: lctrl
362.2075 	EXP 	Sound  started
362.8407 	DATA 	Keypress: lctrl
362.9575 	EXP 	Sound  started
363.5767 	DATA 	Keypress: lctrl
363.7075 	EXP 	Sound  started
364.3128 	DATA 	Keypress: rctrl
364.4575 	EXP 	Sound  started
365.0167 	DATA 	Keypress: rctrl
365.2075 	EXP 	Sound  started
365.8327 	DATA 	Keypress: lctrl
365.9576 	EXP 	Sound  started
366.6488 	DATA 	Keypress: lctrl
366.7076 	EXP 	Sound  started
367.3207 	DATA 	Keypress: rctrl
367.4576 	EXP 	Sound  started
368.0248 	DATA 	Keypress: rctrl
368.2076 	EXP 	Sound  started
368.8568 	DATA 	Keypress: lctrl
368.9576 	EXP 	Sound  started
369.6247 	DATA 	Keypress: lctrl
369.7076 	EXP 	Sound  started
370.3447 	DATA 	Keypress: rctrl
370.4577 	EXP 	Sound  started
371.0807 	DATA 	Keypress: lctrl
371.2077 	EXP 	Sound  started
371.8487 	DATA 	Keypress: lctrl
371.9577 	EXP 	Sound  started
372.5848 	DATA 	Keypress: lctrl
372.7077 	EXP 	Sound  started
373.3367 	DATA 	Keypress: rctrl
373.4577 	EXP 	Sound  started
374.1527 	DATA 	Keypress: rctrl
374.2077 	EXP 	Sound  started
374.9047 	DATA 	Keypress: rctrl
374.9577 	EXP 	Sound  started
375.7047 	DATA 	Keypress: lctrl
375.7077 	EXP 	Sound  started
376.4408 	DATA 	Keypress: lctrl
376.4578 	EXP 	Sound  started
377.1767 	DATA 	Keypress: lctrl
377.2078 	EXP 	Sound  started
377.8807 	DATA 	Keypress: lctrl
377.9578 	EXP 	Sound  started
378.6487 	DATA 	Keypress: lctrl
378.7078 	EXP 	Sound  started
379.3367 	DATA 	Keypress: rctrl
379.4578 	EXP 	Sound  started
380.1047 	DATA 	Keypress: rctrl
380.2078 	EXP 	Sound  started
380.8567 	DATA 	Keypress: rctrl
380.9579 	EXP 	Sound  started
381.6407 	DATA 	Keypress: lctrl
381.7079 	EXP 	Sound  started
382.4247 	DATA 	Keypress: lctrl
382.4579 	EXP 	Sound  started
383.1607 	DATA 	Keypress: rctrl
383.2079 	EXP 	Sound  started
383.8967 	DATA 	Keypress: rctrl
383.9579 	EXP 	Sound  started
384.6326 	DATA 	Keypress: rctrl
384.7079 	EXP 	Sound  started
385.3367 	DATA 	Keypress: lctrl
385.4579 	EXP 	Sound  started
386.0568 	DATA 	Keypress: lctrl
386.2080 	EXP 	Sound  started
386.8247 	DATA 	Keypress: lctrl
386.9580 	EXP 	Sound  started
387.5447 	DATA 	Keypress: rctrl
387.7080 	EXP 	Sound  started
388.3767 	DATA 	Keypress: rctrl
388.4580 	EXP 	Sound  started
389.1607 	DATA 	Keypress: rctrl
389.2080 	EXP 	Sound  started
389.9127 	DATA 	Keypress: lctrl
389.9580 	EXP 	Sound  started
390.6647 	DATA 	Keypress: lctrl
390.7080 	EXP 	Sound  started
391.4167 	DATA 	Keypress: lctrl
391.4581 	EXP 	Sound  started
392.1527 	DATA 	Keypress: rctrl
392.2081 	EXP 	Sound  started
392.9207 	DATA 	Keypress: rctrl
392.9581 	EXP 	Sound  started
393.6727 	DATA 	Keypress: rctrl
393.7081 	EXP 	Sound  started
394.4087 	DATA 	Keypress: rctrl
394.4581 	EXP 	Sound  started
395.1127 	DATA 	Keypress: lctrl
395.2081 	EXP 	Sound  started
395.8807 	DATA 	Keypress: lctrl
395.9581 	EXP 	Sound  started
396.6007 	DATA 	Keypress: lctrl
396.7081 	EXP 	Sound  started
397.3687 	DATA 	Keypress: lctrl
397.4582 	EXP 	Sound  started
398.0407 	DATA 	Keypress: rctrl
398.2082 	EXP 	Sound  started
398.8247 	DATA 	Keypress: rctrl
398.9582 	EXP 	Sound  started
399.6247 	DATA 	Keypress: rctrl
399.7082 	EXP 	Sound  started
400.3768 	DATA 	Keypress: rctrl
400.4582 	EXP 	Sound  started
401.0967 	DATA 	Keypress: lctrl
401.2082 	EXP 	Sound  started
401.8487 	DATA 	Keypress: lctrl
401.9582 	EXP 	Sound  started
402.5527 	DATA 	Keypress: lctrl
402.7083 	EXP 	Sound  started
403.3527 	DATA 	Keypress: rctrl
403.4583 	EXP 	Sound  started
404.0887 	DATA 	Keypress: lctrl
404.2083 	EXP 	Sound  started
404.8407 	DATA 	Keypress: rctrl
404.9583 	EXP 	Sound  started
405.5926 	DATA 	Keypress: rctrl
405.7083 	EXP 	Sound  started
406.3447 	DATA 	Keypress: rctrl
406.4583 	EXP 	Sound  started
407.1127 	DATA 	Keypress: lctrl
407.2084 	EXP 	Sound  started
407.8327 	DATA 	Keypress: lctrl
407.9584 	EXP 	Sound  started
408.6327 	DATA 	Keypress: lctrl
408.7084 	EXP 	Sound  started
409.3687 	DATA 	Keypress: lctrl
409.4584 	EXP 	Sound  started
410.1047 	DATA 	Keypress: rctrl
410.2084 	EXP 	Sound  started
410.8727 	DATA 	Keypress: rctrl
410.9584 	EXP 	Sound  started
411.6087 	DATA 	Keypress: lctrl
411.7085 	EXP 	Sound  started
412.3127 	DATA 	Keypress: rctrl
412.4585 	EXP 	Sound  started
413.0647 	DATA 	Keypress: rctrl
416.2109 	DATA 	Keypress: 2
416.2274 	EXP 	unnamed ShapeStim: vertices = <class 'numpy.ndarray'>
423.0207 	DATA 	Keypress: 4
423.0497 	EXP 	unnamed ShapeStim: vertices = <class 'numpy.ndarray'>
427.0364 	DATA 	Keypress: 2
427.0529 	EXP 	unnamed ShapeStim: vertices = <class 'numpy.ndarray'>
429.3380 	EXP 	Sound  started
429.5446 	DATA 	Keypress: rctrl
430.0880 	EXP 	Sound  started
430.1047 	DATA 	Keypress: rctrl
430.8087 	DATA 	Keypress: rctrl
430.8380 	EXP 	Sound  started
431.5606 	DATA 	Keypress: lctrl
431.5881 	EXP 	Sound  started
432.2967 	DATA 	Keypress: lctrl
432.3381 	EXP 	Sound  started
432.9847 	DATA 	Keypress: rctrl
433.0881 	EXP 	Sound  started
433.7047 	DATA 	Keypress: rctrl
433.8381 	EXP 	Sound  started
434.4247 	DATA 	Keypress: rctrl
434.5881 	EXP 	Sound  started
435.2247 	DATA 	Keypress: lctrl
435.3381 	EXP 	Sound  started
435.9926 	DATA 	Keypress: lctrl
436.0882 	EXP 	Sound  started
436.7447 	DATA 	Keypress: lctrl
436.8382 	EXP 	Sound  started
437.4487 	DATA 	Keypress: lctrl
437.5882 	EXP 	Sound  started
438.1847 	DATA 	Keypress: rctrl
438.3382 	EXP 	Sound  started
438.9206 	DATA 	Keypress: rctrl
439.0882 	EXP 	Sound  started
439.6727 	DATA 	Keypress: rctrl
439.8382 	EXP 	Sound  started
440.4247 	DATA 	Keypress: rctrl
440.5882 	EXP 	Sound  started
441.1607 	DATA 	Keypress: rctrl
441.3383 	EXP 	Sound  started
441.9287 	DATA 	Keypress: lctrl
442.0883 	EXP 	Sound  started
442.6807 	DATA 	Keypress: lctrl
442.8383 	EXP 	Sound  started
443.4006 	DATA 	Keypress: rctrl
443.5883 	EXP 	Sound  started
444.1687 	DATA 	Keypress: lctrl
444.3383 	EXP 	Sound  started
444.9207 	DATA 	Keypress: lctrl
445.0883 	EXP 	Sound  started
445.7046 	DATA 	Keypress: lctrl
445.8383 	EXP 	Sound  started
446.4887 	DATA 	Keypress: lctrl
446.5884 	EXP 	Sound  started
447.2088 	DATA 	Keypress: rctrl
447.3384 	EXP 	Sound  started
447.9447 	DATA 	Keypress: lctrl
448.0884 	EXP 	Sound  started
448.6487 	DATA 	Keypress: rctrl
448.8384 	EXP 	Sound  started
449.4647 	DATA 	Keypress: rctrl
449.5884 	EXP 	Sound  started
450.2647 	DATA 	Keypress: rctrl
450.3384 	EXP 	Sound  started
451.0327 	DATA 	Keypress: rctrl
451.0884 	EXP 	Sound  started
451.7526 	DATA 	Keypress: lctrl
451.8385 	EXP 	Sound  started
452.4886 	DATA 	Keypress: rctrl
452.5885 	EXP 	Sound  started
453.2086 	DATA 	Keypress: lctrl
453.3385 	EXP 	Sound  started
453.9286 	DATA 	Keypress: lctrl
454.0885 	EXP 	Sound  started
454.6967 	DATA 	Keypress: lctrl
454.8385 	EXP 	Sound  started
455.4487 	DATA 	Keypress: rctrl
455.5885 	EXP 	Sound  started
456.2006 	DATA 	Keypress: rctrl
456.3386 	EXP 	Sound  started
457.0006 	DATA 	Keypress: lctrl
457.0886 	EXP 	Sound  started
457.7527 	DATA 	Keypress: rctrl
457.8386 	EXP 	Sound  started
458.5047 	DATA 	Keypress: rctrl
458.5886 	EXP 	Sound  started
459.2406 	DATA 	Keypress: rctrl
459.3386 	EXP 	Sound  started
459.9926 	DATA 	Keypress: lctrl
460.0886 	EXP 	Sound  started
460.7607 	DATA 	Keypress: rctrl
460.8386 	EXP 	Sound  started
461.4326 	DATA 	Keypress: rctrl
461.5887 	EXP 	Sound  started
462.2806 	DATA 	Keypress: lctrl
462.3387 	EXP 	Sound  started
463.0887 	EXP 	Sound  started
463.0967 	DATA 	Keypress: rctrl
463.8006 	DATA 	Keypress: rctrl
463.8387 	EXP 	Sound  started
464.5526 	DATA 	Keypress: rctrl
464.5887 	EXP 	Sound  started
465.3046 	DATA 	Keypress: rctrl
465.3387 	EXP 	Sound  started
466.0406 	DATA 	Keypress: lctrl
466.0888 	EXP 	Sound  started
466.7926 	DATA 	Keypress: lctrl
466.8388 	EXP 	Sound  started
467.5447 	DATA 	Keypress: lctrl
467.5888 	EXP 	Sound  started
468.2486 	DATA 	Keypress: rctrl
468.3388 	EXP 	Sound  started
469.0166 	DATA 	Keypress: rctrl
469.0888 	EXP 	Sound  started
469.7847 	DATA 	Keypress: lctrl
469.8388 	EXP 	Sound  started
470.5686 	DATA 	Keypress: lctrl
470.5888 	EXP 	Sound  started
471.2886 	DATA 	Keypress: lctrl
471.3389 	EXP 	Sound  started
472.0087 	DATA 	Keypress: rctrl
472.0889 	EXP 	Sound  started
472.8087 	DATA 	Keypress: rctrl
472.8389 	EXP 	Sound  started
473.5447 	DATA 	Keypress: lctrl
473.5889 	EXP 	Sound  started
474.2806 	DATA 	Keypress: lctrl
474.3389 	EXP 	Sound  started
475.0166 	DATA 	Keypress: lctrl
475.0889 	EXP 	Sound  started
475.7207 	DATA 	Keypress: rctrl
475.8389 	EXP 	Sound  started
476.5206 	DATA 	Keypress: rctrl
476.5890 	EXP 	Sound  started
477.2727 	DATA 	Keypress: rctrl
477.3390 	EXP 	Sound  started
478.0566 	DATA 	Keypress: rctrl
478.0890 	EXP 	Sound  started
478.7766 	DATA 	Keypress: lctrl
478.8390 	EXP 	Sound  started
479.5446 	DATA 	Keypress: lctrl
479.5890 	EXP 	Sound  started
480.3126 	DATA 	Keypress: lctrl
480.3390 	EXP 	Sound  started
481.0806 	DATA 	Keypress: lctrl
481.0890 	EXP 	Sound  started
481.8391 	EXP 	Sound  started
481.8487 	DATA 	Keypress: rctrl
482.5891 	EXP 	Sound  started
482.6007 	DATA 	Keypress: rctrl
483.3367 	DATA 	Keypress: rctrl
483.3391 	EXP 	Sound  started
484.0246 	DATA 	Keypress: rctrl
484.0891 	EXP 	Sound  started
484.7926 	DATA 	Keypress: lctrl
484.8391 	EXP 	Sound  started
485.5607 	DATA 	Keypress: lctrl
485.5891 	EXP 	Sound  started
486.2807 	DATA 	Keypress: lctrl
486.3392 	EXP 	Sound  started
487.0007 	DATA 	Keypress: lctrl
487.0892 	EXP 	Sound  started
487.7686 	DATA 	Keypress: rctrl
487.8392 	EXP 	Sound  started
488.5207 	DATA 	Keypress: rctrl
488.5892 	EXP 	Sound  started
489.2566 	DATA 	Keypress: rctrl
493.6911 	DATA 	Keypress: 2
493.7075 	EXP 	unnamed ShapeStim: vertices = <class 'numpy.ndarray'>
502.0979 	DATA 	Keypress: 2
502.1144 	EXP 	unnamed ShapeStim: vertices = <class 'numpy.ndarray'>
509.3371 	DATA 	Keypress: 2
509.3537 	EXP 	unnamed ShapeStim: vertices = <class 'numpy.ndarray'>
511.6381 	EXP 	Sound  started
511.8646 	DATA 	Keypress: rctrl
512.3880 	EXP 	Sound  started
512.4566 	DATA 	Keypress: rctrl
513.1381 	EXP 	Sound  started
513.2086 	DATA 	Keypress: lctrl
513.8881 	EXP 	Sound  started
513.9126 	DATA 	Keypress: lctrl
514.6166 	DATA 	Keypress: rctrl
514.6381 	EXP 	Sound  started
515.3526 	DATA 	Keypress: lctrl
515.3881 	EXP 	Sound  started
516.1206 	DATA 	Keypress: lctrl
516.1381 	EXP 	Sound  started
516.8881 	EXP 	Sound  started
516.9046 	DATA 	Keypress: lctrl
517.6382 	EXP 	Sound  started
517.6887 	DATA 	Keypress: rctrl
518.3882 	EXP 	Sound  started
518.4086 	DATA 	Keypress: rctrl
519.1286 	DATA 	Keypress: rctrl
519.1382 	EXP 	Sound  started
519.8166 	DATA 	Keypress: rctrl
519.8882 	EXP 	Sound  started
520.5526 	DATA 	Keypress: lctrl
520.6382 	EXP 	Sound  started
521.2726 	DATA 	Keypress: rctrl
521.3882 	EXP 	Sound  started
522.0246 	DATA 	Keypress: rctrl
522.1382 	EXP 	Sound  started
522.7926 	DATA 	Keypress: lctrl
522.8883 	EXP 	Sound  started
523.5926 	DATA 	Keypress: lctrl
523.6383 	EXP 	Sound  started
524.3127 	DATA 	Keypress: rctrl
524.3883 	EXP 	Sound  started
525.0166 	DATA 	Keypress: rctrl
525.1383 	EXP 	Sound  started
525.7686 	DATA 	Keypress: rctrl
525.8883 	EXP 	Sound  started
526.5366 	DATA 	Keypress: lctrl
526.6383 	EXP 	Sound  started
527.2566 	DATA 	Keypress: rctrl
527.3883 	EXP 	Sound  started
528.0086 	DATA 	Keypress: rctrl
528.1384 	EXP 	Sound  started
528.7926 	DATA 	Keypress: lctrl
528.8884 	EXP 	Sound  started
529.5126 	DATA 	Keypress: lctrl
529.6384 	EXP 	Sound  started
530.2646 	DATA 	Keypress: lctrl
530.3884 	EXP 	Sound  started
531.0006 	DATA 	Keypress: rctrl
531.1384 	EXP 	Sound  started
531.7206 	DATA 	Keypress: rctrl
531.8884 	EXP 	Sound  started
532.5045 	DATA 	Keypress: rctrl
532.6384 	EXP 	Sound  started
533.2566 	DATA 	Keypress: rctrl
533.3885 	EXP 	Sound  started
534.0086 	DATA 	Keypress: lctrl
534.1385 	EXP 	Sound  started
534.7766 	DATA 	Keypress: lctrl
534.8885 	EXP 	Sound  started
535.5286 	DATA 	Keypress: lctrl
535.6385 	EXP 	Sound  started
536.3126 	DATA 	Keypress: lctrl
536.3885 	EXP 	Sound  started
537.0646 	DATA 	Keypress: rctrl
537.1385 	EXP 	Sound  started
537.8486 	DATA 	Keypress: rctrl
537.8885 	EXP 	Sound  started
538.6326 	DATA 	Keypress: rctrl
538.6386 	EXP 	Sound  started
539.3366 	DATA 	Keypress: rctrl
539.3886 	EXP 	Sound  started
540.0886 	DATA 	Keypress: lctrl
540.1386 	EXP 	Sound  started
540.8406 	DATA 	Keypress: lctrl
540.8886 	EXP 	Sound  started
541.6386 	EXP 	Sound  started
541.6566 	DATA 	Keypress: lctrl
542.3766 	DATA 	Keypress: lctrl
542.3886 	EXP 	Sound  started
543.1386 	EXP 	Sound  started
543.1606 	DATA 	Keypress: lctrl
543.8486 	DATA 	Keypress: lctrl
543.8886 	EXP 	Sound  started
544.6006 	DATA 	Keypress: lctrl
544.6387 	EXP 	Sound  started
545.3365 	DATA 	Keypress: lctrl
545.3887 	EXP 	Sound  started
546.1206 	DATA 	Keypress: lctrl
546.1387 	EXP 	Sound  started
546.8246 	DATA 	Keypress: rctrl
546.8887 	EXP 	Sound  started
547.6086 	DATA 	Keypress: rctrl
547.6387 	EXP 	Sound  started
548.3446 	DATA 	Keypress: rctrl
548.3888 	EXP 	Sound  started
549.0806 	DATA 	Keypress: lctrl
549.1388 	EXP 	Sound  started
549.7846 	DATA 	Keypress: rctrl
549.8888 	EXP 	Sound  started
550.5367 	DATA 	Keypress: rctrl
550.6388 	EXP 	Sound  started
551.2886 	DATA 	Keypress: rctrl
551.3888 	EXP 	Sound  started
552.0246 	DATA 	Keypress: lctrl
554.8577 	DATA 	Keypress: 2
554.8743 	EXP 	unnamed ShapeStim: vertices = <class 'numpy.ndarray'>
559.2615 	DATA 	Keypress: 3
559.2779 	EXP 	unnamed ShapeStim: vertices = <class 'numpy.ndarray'>
561.7968 	DATA 	Keypress: 3
561.8133 	EXP 	unnamed ShapeStim: vertices = <class 'numpy.ndarray'>
564.0974 	EXP 	Sound  started
564.5366 	DATA 	Keypress: rctrl
564.8474 	EXP 	Sound  started
565.0485 	DATA 	Keypress: lctrl
565.5974 	EXP 	Sound  started
565.6406 	DATA 	Keypress: rctrl
566.3475 	EXP 	Sound  started
566.4246 	DATA 	Keypress: lctrl
567.0975 	EXP 	Sound  started
567.1606 	DATA 	Keypress: lctrl
567.8475 	EXP 	Sound  started
567.8646 	DATA 	Keypress: lctrl
568.5846 	DATA 	Keypress: lctrl
568.5975 	EXP 	Sound  started
569.2886 	DATA 	Keypress: lctrl
569.3475 	EXP 	Sound  started
570.0246 	DATA 	Keypress: rctrl
570.0975 	EXP 	Sound  started
570.7926 	DATA 	Keypress: rctrl
570.8475 	EXP 	Sound  started
571.5445 	DATA 	Keypress: rctrl
571.5976 	EXP 	Sound  started
572.2806 	DATA 	Keypress: rctrl
572.3476 	EXP 	Sound  started
573.0325 	DATA 	Keypress: lctrl
573.0976 	EXP 	Sound  started
573.7685 	DATA 	Keypress: rctrl
573.8476 	EXP 	Sound  started
574.4886 	DATA 	Keypress: rctrl
574.5976 	EXP 	Sound  started
575.2407 	DATA 	Keypress: rctrl
575.3476 	EXP 	Sound  started
575.9766 	DATA 	Keypress: lctrl
576.0976 	EXP 	Sound  started
576.7445 	DATA 	Keypress: rctrl
576.8477 	EXP 	Sound  started
577.4806 	DATA 	Keypress: lctrl
577.5977 	EXP 	Sound  started
578.2486 	DATA 	Keypress: lctrl
578.3477 	EXP 	Sound  started
579.0166 	DATA 	Keypress: lctrl
579.0977 	EXP 	Sound  started
579.7205 	DATA 	Keypress: rctrl
579.8477 	EXP 	Sound  started
580.4726 	DATA 	Keypress: rctrl
580.5977 	EXP 	Sound  started
581.1926 	DATA 	Keypress: rctrl
581.3477 	EXP 	Sound  started
581.9126 	DATA 	Keypress: lctrl
582.0977 	EXP 	Sound  started
582.6966 	DATA 	Keypress: lctrl
582.8478 	EXP 	Sound  started
583.4646 	DATA 	Keypress: lctrl
583.5978 	EXP 	Sound  started
584.1845 	DATA 	Keypress: rctrl
584.3478 	EXP 	Sound  started
584.9845 	DATA 	Keypress: rctrl
585.0978 	EXP 	Sound  started
585.6885 	DATA 	Keypress: rctrl
585.8478 	EXP 	Sound  started
586.4727 	DATA 	Keypress: rctrl
586.5978 	EXP 	Sound  started
587.1766 	DATA 	Keypress: lctrl
587.3479 	EXP 	Sound  started
587.9125 	DATA 	Keypress: lctrl
588.0979 	EXP 	Sound  started
588.6326 	DATA 	Keypress: rctrl
588.8479 	EXP 	Sound  started
589.4325 	DATA 	Keypress: lctrl
589.5979 	EXP 	Sound  started
590.1525 	DATA 	Keypress: rctrl
590.3479 	EXP 	Sound  started
590.9205 	DATA 	Keypress: rctrl
591.0979 	EXP 	Sound  started
591.6726 	DATA 	Keypress: lctrl
591.8480 	EXP 	Sound  started
592.3926 	DATA 	Keypress: rctrl
592.5980 	EXP 	Sound  started
593.1285 	DATA 	Keypress: lctrl
593.3480 	EXP 	Sound  started
593.9285 	DATA 	Keypress: lctrl
594.0980 	EXP 	Sound  started
594.6006 	DATA 	Keypress: lctrl
594.8480 	EXP 	Sound  started
595.3685 	DATA 	Keypress: rctrl
595.5980 	EXP 	Sound  started
596.2005 	DATA 	Keypress: rctrl
596.3481 	EXP 	Sound  started
596.9206 	DATA 	Keypress: rctrl
597.0981 	EXP 	Sound  started
597.6405 	DATA 	Keypress: rctrl
597.8481 	EXP 	Sound  started
598.4085 	DATA 	Keypress: lctrl
598.5981 	EXP 	Sound  started
599.1125 	DATA 	Keypress: lctrl
599.3481 	EXP 	Sound  started
599.8805 	DATA 	Keypress: lctrl
600.0981 	EXP 	Sound  started
600.6645 	DATA 	Keypress: rctrl
600.8482 	EXP 	Sound  started
601.4326 	DATA 	Keypress: rctrl
601.5982 	EXP 	Sound  started
602.1526 	DATA 	Keypress: rctrl
602.3482 	EXP 	Sound  started
602.9046 	DATA 	Keypress: rctrl
603.0982 	EXP 	Sound  started
603.7046 	DATA 	Keypress: rctrl
603.8482 	EXP 	Sound  started
604.4726 	DATA 	Keypress: lctrl
604.5982 	EXP 	Sound  started
605.2565 	DATA 	Keypress: lctrl
605.3482 	EXP 	Sound  started
605.9926 	DATA 	Keypress: lctrl
608.6018 	DATA 	Keypress: 2
608.6182 	EXP 	unnamed ShapeStim: vertices = <class 'numpy.ndarray'>
614.3565 	DATA 	Keypress: 2
614.3730 	EXP 	unnamed ShapeStim: vertices = <class 'numpy.ndarray'>
619.0977 	DATA 	Keypress: 4
619.1269 	EXP 	unnamed ShapeStim: vertices = <class 'numpy.ndarray'>
621.4123 	EXP 	Sound  started
621.6406 	DATA 	Keypress: rctrl
622.1622 	EXP 	Sound  started
622.2645 	DATA 	Keypress: rctrl
622.9122 	EXP 	Sound  started
622.9365 	DATA 	Keypress: rctrl
623.6566 	DATA 	Keypress: rctrl
623.6622 	EXP 	Sound  started
624.4123 	EXP 	Sound  started
624.4566 	DATA 	Keypress: lctrl
625.1623 	EXP 	Sound  started
625.1765 	DATA 	Keypress: lctrl
625.8645 	DATA 	Keypress: rctrl
625.9123 	EXP 	Sound  started
626.5685 	DATA 	Keypress: lctrl
626.6623 	EXP 	Sound  started
627.3205 	DATA 	Keypress: lctrl
627.4123 	EXP 	Sound  started
628.0566 	DATA 	Keypress: lctrl
628.1623 	EXP 	Sound  started
628.7765 	DATA 	Keypress: rctrl
628.9123 	EXP 	Sound  started
629.5285 	DATA 	Keypress: rctrl
629.6624 	EXP 	Sound  started
630.2485 	DATA 	Keypress: rctrl
630.4124 	EXP 	Sound  started
630.9685 	DATA 	Keypress: lctrl
631.1624 	EXP 	Sound  started
631.6886 	DATA 	Keypress: rctrl
631.9124 	EXP 	Sound  started
632.4726 	DATA 	Keypress: lctrl
632.6624 	EXP 	Sound  started
633.2245 	DATA 	Keypress: lctrl
633.4124 	EXP 	Sound  started
633.9765 	DATA 	Keypress: lctrl
634.1625 	EXP 	Sound  started
634.7446 	DATA 	Keypress: rctrl
634.9125 	EXP 	Sound  started
635.4805 	DATA 	Keypress: rctrl
635.6625 	EXP 	Sound  started
636.2165 	DATA 	Keypress: lctrl
636.4125 	EXP 	Sound  started
636.9525 	DATA 	Keypress: lctrl
637.1625 	EXP 	Sound  started
637.7526 	DATA 	Keypress: rctrl
637.9125 	EXP 	Sound  started
638.5205 	DATA 	Keypress: rctrl
638.6625 	EXP 	Sound  started
639.2725 	DATA 	Keypress: rctrl
639.4126 	EXP 	Sound  started
640.0245 	DATA 	Keypress: rctrl
640.1626 	EXP 	Sound  started
640.7286 	DATA 	Keypress: lctrl
640.9126 	EXP 	Sound  started
641.4485 	DATA 	Keypress: lctrl
641.6626 	EXP 	Sound  started
642.2005 	DATA 	Keypress: rctrl
642.4126 	EXP 	Sound  started
642.9685 	DATA 	Keypress: lctrl
643.1626 	EXP 	Sound  started
643.7526 	DATA 	Keypress: rctrl
643.9128 	EXP 	Sound  started
644.5045 	DATA 	Keypress: lctrl
644.6628 	EXP 	Sound  started
645.3045 	DATA 	Keypress: rctrl
645.4128 	EXP 	Sound  started
646.0885 	DATA 	Keypress: rctrl
646.1628 	EXP 	Sound  started
646.8566 	DATA 	Keypress: rctrl
646.9128 	EXP 	Sound  started
647.5765 	DATA 	Keypress: rctrl
647.6628 	EXP 	Sound  started
648.3445 	DATA 	Keypress: lctrl
648.4129 	EXP 	Sound  started
649.1285 	DATA 	Keypress: lctrl
649.1629 	EXP 	Sound  started
649.8645 	DATA 	Keypress: lctrl
649.9129 	EXP 	Sound  started
650.6005 	DATA 	Keypress: lctrl
650.6629 	EXP 	Sound  started
651.3365 	DATA 	Keypress: rctrl
651.4129 	EXP 	Sound  started
652.0725 	DATA 	Keypress: rctrl
652.1629 	EXP 	Sound  started
652.7765 	DATA 	Keypress: rctrl
652.9129 	EXP 	Sound  started
653.4805 	DATA 	Keypress: rctrl
653.6629 	EXP 	Sound  started
654.2645 	DATA 	Keypress: lctrl
654.4130 	EXP 	Sound  started
654.9685 	DATA 	Keypress: lctrl
655.1630 	EXP 	Sound  started
655.7365 	DATA 	Keypress: lctrl
655.9130 	EXP 	Sound  started
656.5045 	DATA 	Keypress: lctrl
656.6630 	EXP 	Sound  started
657.2086 	DATA 	Keypress: lctrl
657.4130 	EXP 	Sound  started
657.9765 	DATA 	Keypress: rctrl
658.1630 	EXP 	Sound  started
658.7285 	DATA 	Keypress: rctrl
658.9131 	EXP 	Sound  started
659.4485 	DATA 	Keypress: rctrl
659.6631 	EXP 	Sound  started
660.2805 	DATA 	Keypress: rctrl
660.4131 	EXP 	Sound  started
660.9845 	DATA 	Keypress: rctrl
661.1631 	EXP 	Sound  started
661.7685 	DATA 	Keypress: rctrl
661.9131 	EXP 	Sound  started
662.4885 	DATA 	Keypress: rctrl
662.6631 	EXP 	Sound  started
663.2245 	DATA 	Keypress: lctrl
663.4131 	EXP 	Sound  started
663.9925 	DATA 	Keypress: lctrl
664.1632 	EXP 	Sound  started
664.7285 	DATA 	Keypress: lctrl
664.9132 	EXP 	Sound  started
665.5126 	DATA 	Keypress: lctrl
665.6632 	EXP 	Sound  started
666.2645 	DATA 	Keypress: lctrl
666.4132 	EXP 	Sound  started
667.0005 	DATA 	Keypress: lctrl
667.1632 	EXP 	Sound  started
667.7365 	DATA 	Keypress: lctrl
667.9133 	EXP 	Sound  started
668.4886 	DATA 	Keypress: rctrl
668.6633 	EXP 	Sound  started
669.2725 	DATA 	Keypress: rctrl
669.4133 	EXP 	Sound  started
669.9765 	DATA 	Keypress: rctrl
670.1633 	EXP 	Sound  started
670.6645 	DATA 	Keypress: rctrl
670.9133 	EXP 	Sound  started
671.4805 	DATA 	Keypress: rctrl
671.6633 	EXP 	Sound  started
672.2805 	DATA 	Keypress: lctrl
672.4133 	EXP 	Sound  started
673.0325 	DATA 	Keypress: lctrl
673.1633 	EXP 	Sound  started
673.7205 	DATA 	Keypress: lctrl
673.9134 	EXP 	Sound  started
674.4885 	DATA 	Keypress: lctrl
674.6634 	EXP 	Sound  started
675.2245 	DATA 	Keypress: rctrl
675.4134 	EXP 	Sound  started
676.0085 	DATA 	Keypress: rctrl
676.1634 	EXP 	Sound  started
676.6965 	DATA 	Keypress: rctrl
676.9134 	EXP 	Sound  started
677.4645 	DATA 	Keypress: rctrl
677.6634 	EXP 	Sound  started
678.2325 	DATA 	Keypress: lctrl
678.4135 	EXP 	Sound  started
678.9686 	DATA 	Keypress: rctrl
679.1635 	EXP 	Sound  started
679.7205 	DATA 	Keypress: lctrl
679.9135 	EXP 	Sound  started
680.4885 	DATA 	Keypress: lctrl
680.6635 	EXP 	Sound  started
681.1925 	DATA 	Keypress: rctrl
681.4135 	EXP 	Sound  started
681.9925 	DATA 	Keypress: rctrl
682.1635 	EXP 	Sound  started
682.7285 	DATA 	Keypress: lctrl
682.9135 	EXP 	Sound  started
683.4645 	DATA 	Keypress: lctrl
686.3988 	DATA 	Keypress: 1
686.4153 	EXP 	unnamed ShapeStim: vertices = <class 'numpy.ndarray'>
691.5364 	DATA 	Keypress: 3
691.5529 	EXP 	unnamed ShapeStim: vertices = <class 'numpy.ndarray'>
694.8429 	DATA 	Keypress: 1
694.8723 	EXP 	unnamed ShapeStim: vertices = <class 'numpy.ndarray'>
697.1573 	EXP 	Sound  started
697.3685 	DATA 	Keypress: rctrl
697.9073 	EXP 	Sound  started
697.9605 	DATA 	Keypress: rctrl
698.6324 	DATA 	Keypress: rctrl
698.6573 	EXP 	Sound  started
699.3365 	DATA 	Keypress: rctrl
699.4073 	EXP 	Sound  started
700.1045 	DATA 	Keypress: lctrl
700.1573 	EXP 	Sound  started
700.8085 	DATA 	Keypress: rctrl
700.9073 	EXP 	Sound  started
701.5285 	DATA 	Keypress: rctrl
701.6574 	EXP 	Sound  started
702.3285 	DATA 	Keypress: lctrl
702.4074 	EXP 	Sound  started
703.1125 	DATA 	Keypress: lctrl
703.1574 	EXP 	Sound  started
703.8484 	DATA 	Keypress: lctrl
703.9074 	EXP 	Sound  started
704.5525 	DATA 	Keypress: lctrl
704.6574 	EXP 	Sound  started
705.2565 	DATA 	Keypress: rctrl
705.4074 	EXP 	Sound  started
705.9925 	DATA 	Keypress: rctrl
706.1575 	EXP 	Sound  started
706.7284 	DATA 	Keypress: rctrl
706.9075 	EXP 	Sound  started
707.5124 	DATA 	Keypress: rctrl
707.6575 	EXP 	Sound  started
708.3604 	DATA 	Keypress: lctrl
708.4075 	EXP 	Sound  started
709.1445 	DATA 	Keypress: lctrl
709.1575 	EXP 	Sound  started
709.8484 	DATA 	Keypress: lctrl
709.9075 	EXP 	Sound  started
710.6325 	DATA 	Keypress: lctrl
710.6576 	EXP 	Sound  started
711.3685 	DATA 	Keypress: rctrl
711.4076 	EXP 	Sound  started
712.1045 	DATA 	Keypress: rctrl
712.1576 	EXP 	Sound  started
712.8405 	DATA 	Keypress: rctrl
712.9076 	EXP 	Sound  started
713.5765 	DATA 	Keypress: rctrl
713.6576 	EXP 	Sound  started
714.3124 	DATA 	Keypress: rctrl
714.4076 	EXP 	Sound  started
715.0324 	DATA 	Keypress: rctrl
715.1576 	EXP 	Sound  started
715.7525 	DATA 	Keypress: lctrl
715.9077 	EXP 	Sound  started
716.5204 	DATA 	Keypress: lctrl
716.6577 	EXP 	Sound  started
717.2245 	DATA 	Keypress: rctrl
717.4077 	EXP 	Sound  started
717.9924 	DATA 	Keypress: rctrl
718.1577 	EXP 	Sound  started
718.7444 	DATA 	Keypress: rctrl
718.9077 	EXP 	Sound  started
719.4645 	DATA 	Keypress: rctrl
719.6577 	EXP 	Sound  started
720.1845 	DATA 	Keypress: rctrl
720.4077 	EXP 	Sound  started
720.9204 	DATA 	Keypress: rctrl
721.1577 	EXP 	Sound  started
721.6725 	DATA 	Keypress: lctrl
721.9078 	EXP 	Sound  started
722.4565 	DATA 	Keypress: lctrl
722.6578 	EXP 	Sound  started
723.2244 	DATA 	Keypress: lctrl
723.4078 	EXP 	Sound  started
723.9924 	DATA 	Keypress: lctrl
724.1578 	EXP 	Sound  started
724.7285 	DATA 	Keypress: rctrl
724.9078 	EXP 	Sound  started
725.4644 	DATA 	Keypress: rctrl
725.6579 	EXP 	Sound  started
726.2325 	DATA 	Keypress: rctrl
726.4079 	EXP 	Sound  started
727.0165 	DATA 	Keypress: rctrl
727.1579 	EXP 	Sound  started
727.7525 	DATA 	Keypress: rctrl
727.9079 	EXP 	Sound  started
728.5045 	DATA 	Keypress: lctrl
728.6579 	EXP 	Sound  started
729.3044 	DATA 	Keypress: lctrl
729.4079 	EXP 	Sound  started
730.0564 	DATA 	Keypress: lctrl
730.1579 	EXP 	Sound  started
730.7925 	DATA 	Keypress: lctrl
730.9079 	EXP 	Sound  started
731.4804 	DATA 	Keypress: rctrl
731.6580 	EXP 	Sound  started
732.2165 	DATA 	Keypress: rctrl
732.4080 	EXP 	Sound  started
732.9685 	DATA 	Keypress: lctrl
733.1580 	EXP 	Sound  started
733.7044 	DATA 	Keypress: lctrl
733.9080 	EXP 	Sound  started
734.4405 	DATA 	Keypress: rctrl
734.6580 	EXP 	Sound  started
735.1924 	DATA 	Keypress: lctrl
735.4080 	EXP 	Sound  started
736.0724 	DATA 	Keypress: rctrl
736.1580 	EXP 	Sound  started
736.8405 	DATA 	Keypress: rctrl
736.9081 	EXP 	Sound  started
737.5765 	DATA 	Keypress: rctrl
737.6581 	EXP 	Sound  started
738.2965 	DATA 	Keypress: rctrl
738.4081 	EXP 	Sound  started
739.0004 	DATA 	Keypress: lctrl
739.1581 	EXP 	Sound  started
739.7204 	DATA 	Keypress: lctrl
739.9081 	EXP 	Sound  started
740.4404 	DATA 	Keypress: rctrl
740.6581 	EXP 	Sound  started
741.1605 	DATA 	Keypress: rctrl
741.4081 	EXP 	Sound  started
741.9765 	DATA 	Keypress: rctrl
745.1636 	DATA 	Keypress: 1
745.1801 	EXP 	unnamed ShapeStim: vertices = <class 'numpy.ndarray'>
748.2829 	DATA 	Keypress: 2
748.2993 	EXP 	unnamed ShapeStim: vertices = <class 'numpy.ndarray'>
750.2683 	DATA 	Keypress: 2
750.2848 	EXP 	unnamed ShapeStim: vertices = <class 'numpy.ndarray'>
752.5698 	EXP 	Sound  started
752.7604 	DATA 	Keypress: rctrl
753.3198 	EXP 	Sound  started
753.4165 	DATA 	Keypress: rctrl
754.0405 	DATA 	Keypress: rctrl
754.0698 	EXP 	Sound  started
754.7125 	DATA 	Keypress: lctrl
754.8198 	EXP 	Sound  started
755.4324 	DATA 	Keypress: lctrl
755.5698 	EXP 	Sound  started
756.1525 	DATA 	Keypress: rctrl
756.3199 	EXP 	Sound  started
756.9044 	DATA 	Keypress: lctrl
757.0699 	EXP 	Sound  started
757.6404 	DATA 	Keypress: lctrl
757.8199 	EXP 	Sound  started
758.3924 	DATA 	Keypress: lctrl
758.5699 	EXP 	Sound  started
759.1285 	DATA 	Keypress: rctrl
759.3199 	EXP 	Sound  started
759.8964 	DATA 	Keypress: rctrl
760.0699 	EXP 	Sound  started
760.6484 	DATA 	Keypress: rctrl
760.8200 	EXP 	Sound  started
761.4324 	DATA 	Keypress: lctrl
761.5700 	EXP 	Sound  started
762.1204 	DATA 	Keypress: lctrl
762.3200 	EXP 	Sound  started
762.8885 	DATA 	Keypress: lctrl
763.0700 	EXP 	Sound  started
763.6404 	DATA 	Keypress: rctrl
763.8200 	EXP 	Sound  started
764.3604 	DATA 	Keypress: rctrl
764.5700 	EXP 	Sound  started
765.1285 	DATA 	Keypress: lctrl
765.3201 	EXP 	Sound  started
765.8485 	DATA 	Keypress: rctrl
766.0701 	EXP 	Sound  started
766.6324 	DATA 	Keypress: lctrl
766.8201 	EXP 	Sound  started
767.3844 	DATA 	Keypress: lctrl
767.5701 	EXP 	Sound  started
768.0725 	DATA 	Keypress: rctrl
768.3201 	EXP 	Sound  started
768.8565 	DATA 	Keypress: rctrl
769.0701 	EXP 	Sound  started
769.6084 	DATA 	Keypress: lctrl
769.8202 	EXP 	Sound  started
770.3125 	DATA 	Keypress: lctrl
770.5702 	EXP 	Sound  started
771.0964 	DATA 	Keypress: rctrl
771.3202 	EXP 	Sound  started
771.8964 	DATA 	Keypress: rctrl
772.0702 	EXP 	Sound  started
772.6005 	DATA 	Keypress: rctrl
772.8202 	EXP 	Sound  started
773.3845 	DATA 	Keypress: lctrl
773.5702 	EXP 	Sound  started
774.1365 	DATA 	Keypress: lctrl
774.3202 	EXP 	Sound  started
774.9044 	DATA 	Keypress: lctrl
775.0703 	EXP 	Sound  started
775.7205 	DATA 	Keypress: lctrl
775.8203 	EXP 	Sound  started
776.4724 	DATA 	Keypress: rctrl
776.5703 	EXP 	Sound  started
777.2245 	DATA 	Keypress: rctrl
777.3203 	EXP 	Sound  started
777.9284 	DATA 	Keypress: rctrl
778.0703 	EXP 	Sound  started
778.7445 	DATA 	Keypress: lctrl
778.8203 	EXP 	Sound  started
779.5444 	DATA 	Keypress: rctrl
779.5703 	EXP 	Sound  started
780.3204 	EXP 	Sound  started
780.3444 	DATA 	Keypress: lctrl
781.0484 	DATA 	Keypress: rctrl
781.0704 	EXP 	Sound  started
781.8165 	DATA 	Keypress: rctrl
781.8204 	EXP 	Sound  started
782.5684 	DATA 	Keypress: rctrl
782.5704 	EXP 	Sound  started
783.3044 	DATA 	Keypress: rctrl
783.3204 	EXP 	Sound  started
784.0564 	DATA 	Keypress: rctrl
784.0704 	EXP 	Sound  started
784.8205 	EXP 	Sound  started
784.8244 	DATA 	Keypress: rctrl
785.5705 	EXP 	Sound  started
785.5925 	DATA 	Keypress: rctrl
786.3205 	EXP 	Sound  started
786.3444 	DATA 	Keypress: rctrl
787.0645 	DATA 	Keypress: rctrl
787.0705 	EXP 	Sound  started
787.8205 	EXP 	Sound  started
787.8324 	DATA 	Keypress: rctrl
788.5524 	DATA 	Keypress: lctrl
788.5705 	EXP 	Sound  started
789.3044 	DATA 	Keypress: rctrl
789.3205 	EXP 	Sound  started
790.0564 	DATA 	Keypress: lctrl
790.0705 	EXP 	Sound  started
790.8084 	DATA 	Keypress: rctrl
790.8206 	EXP 	Sound  started
791.5706 	EXP 	Sound  started
791.5765 	DATA 	Keypress: rctrl
792.2804 	DATA 	Keypress: rctrl
792.3206 	EXP 	Sound  started
793.0484 	DATA 	Keypress: rctrl
793.0706 	EXP 	Sound  started
793.7844 	DATA 	Keypress: lctrl
793.8206 	EXP 	Sound  started
794.5524 	DATA 	Keypress: lctrl
794.5706 	EXP 	Sound  started
795.3046 	DATA 	Keypress: lctrl
795.3207 	EXP 	Sound  started
796.0707 	EXP 	Sound  started
796.0884 	DATA 	Keypress: lctrl
796.8207 	EXP 	Sound  started
796.8404 	DATA 	Keypress: rctrl
797.5707 	EXP 	Sound  started
797.5925 	DATA 	Keypress: rctrl
798.3124 	DATA 	Keypress: lctrl
798.3207 	EXP 	Sound  started
799.0645 	DATA 	Keypress: lctrl
801.0927 	DATA 	Keypress: 2
801.1093 	EXP 	unnamed ShapeStim: vertices = <class 'numpy.ndarray'>
803.8492 	DATA 	Keypress: 3
803.8782 	EXP 	unnamed ShapeStim: vertices = <class 'numpy.ndarray'>
807.0514 	DATA 	Keypress: 3
807.0808 	EXP 	unnamed ShapeStim: vertices = <class 'numpy.ndarray'>
809.3662 	EXP 	Sound  started
809.3666 	DATA 	Keypress: rctrl
810.1162 	EXP 	Sound  started
810.1844 	DATA 	Keypress: rctrl
810.8662 	EXP 	Sound  started
810.8884 	DATA 	Keypress: rctrl
811.5924 	DATA 	Keypress: lctrl
811.6162 	EXP 	Sound  started
812.3663 	EXP 	Sound  started
812.3765 	DATA 	Keypress: lctrl
813.1163 	EXP 	Sound  started
813.1444 	DATA 	Keypress: lctrl
813.8663 	EXP 	Sound  started
813.8804 	DATA 	Keypress: rctrl
814.6003 	DATA 	Keypress: lctrl
814.6163 	EXP 	Sound  started
815.3204 	DATA 	Keypress: rctrl
815.3663 	EXP 	Sound  started
816.1044 	DATA 	Keypress: rctrl
816.1163 	EXP 	Sound  started
816.8244 	DATA 	Keypress: lctrl
816.8664 	EXP 	Sound  started
817.6164 	EXP 	Sound  started
817.6404 	DATA 	Keypress: lctrl
818.3664 	EXP 	Sound  started
818.3764 	DATA 	Keypress: rctrl
819.1124 	DATA 	Keypress: rctrl
819.1164 	EXP 	Sound  started
819.8664 	EXP 	Sound  started
819.8804 	DATA 	Keypress: rctrl
820.6164 	EXP 	Sound  started
820.6484 	DATA 	Keypress: rctrl
821.3664 	EXP 	Sound  started
821.4004 	DATA 	Keypress: lctrl
822.1044 	DATA 	Keypress: lctrl
822.1165 	EXP 	Sound  started
822.8563 	DATA 	Keypress: rctrl
822.8665 	EXP 	Sound  started
823.5924 	DATA 	Keypress: lctrl
823.6165 	EXP 	Sound  started
824.3605 	DATA 	Keypress: lctrl
824.3665 	EXP 	Sound  started
825.0963 	DATA 	Keypress: lctrl
825.1165 	EXP 	Sound  started
825.8324 	DATA 	Keypress: lctrl
825.8665 	EXP 	Sound  started
826.6166 	EXP 	Sound  started
826.6805 	DATA 	Keypress: lctrl
827.3666 	EXP 	Sound  started
827.3844 	DATA 	Keypress: lctrl
828.1166 	EXP 	Sound  started
828.1203 	DATA 	Keypress: lctrl
828.8666 	EXP 	Sound  started
828.9044 	DATA 	Keypress: lctrl
829.6166 	EXP 	Sound  started
829.6404 	DATA 	Keypress: rctrl
830.3667 	EXP 	Sound  started
830.3924 	DATA 	Keypress: rctrl
831.1167 	EXP 	Sound  started
831.1444 	DATA 	Keypress: rctrl
831.8667 	EXP 	Sound  started
831.8964 	DATA 	Keypress: rctrl
832.6004 	DATA 	Keypress: lctrl
832.6167 	EXP 	Sound  started
833.3204 	DATA 	Keypress: rctrl
833.3667 	EXP 	Sound  started
834.1167 	EXP 	Sound  started
834.1363 	DATA 	Keypress: rctrl
834.8667 	EXP 	Sound  started
834.9043 	DATA 	Keypress: rctrl
835.5923 	DATA 	Keypress: lctrl
835.6167 	EXP 	Sound  started
836.3283 	DATA 	Keypress: rctrl
836.3668 	EXP 	Sound  started
837.0804 	DATA 	Keypress: lctrl
837.1168 	EXP 	Sound  started
837.8644 	DATA 	Keypress: rctrl
837.8668 	EXP 	Sound  started
838.6168 	EXP 	Sound  started
838.6323 	DATA 	Keypress: rctrl
839.3204 	DATA 	Keypress: lctrl
839.3668 	EXP 	Sound  started
840.0724 	DATA 	Keypress: lctrl
840.1168 	EXP 	Sound  started
840.8404 	DATA 	Keypress: rctrl
840.8668 	EXP 	Sound  started
841.6084 	DATA 	Keypress: rctrl
841.6169 	EXP 	Sound  started
842.3669 	EXP 	Sound  started
842.3924 	DATA 	Keypress: rctrl
843.1169 	EXP 	Sound  started
843.1284 	DATA 	Keypress: lctrl
843.8484 	DATA 	Keypress: lctrl
843.8669 	EXP 	Sound  started
844.6169 	EXP 	Sound  started
844.6804 	DATA 	Keypress: lctrl
845.3669 	EXP 	Sound  started
845.4164 	DATA 	Keypress: rctrl
846.1170 	EXP 	Sound  started
846.1523 	DATA 	Keypress: lctrl
846.8244 	DATA 	Keypress: rctrl
846.8670 	EXP 	Sound  started
847.6170 	EXP 	Sound  started
847.6564 	DATA 	Keypress: rctrl
848.3670 	EXP 	Sound  started
848.3924 	DATA 	Keypress: lctrl
849.1124 	DATA 	Keypress: lctrl
849.1170 	EXP 	Sound  started
849.8324 	DATA 	Keypress: rctrl
849.8670 	EXP 	Sound  started
850.6003 	DATA 	Keypress: lctrl
850.6171 	EXP 	Sound  started
851.3671 	EXP 	Sound  started
851.3844 	DATA 	Keypress: lctrl
852.0884 	DATA 	Keypress: rctrl
852.1171 	EXP 	Sound  started
852.8563 	DATA 	Keypress: rctrl
852.8671 	EXP 	Sound  started
853.6171 	EXP 	Sound  started
853.6243 	DATA 	Keypress: rctrl
854.3671 	EXP 	Sound  started
854.3763 	DATA 	Keypress: rctrl
855.0804 	DATA 	Keypress: lctrl
855.1172 	EXP 	Sound  started
855.8644 	DATA 	Keypress: lctrl
855.8672 	EXP 	Sound  started
856.6164 	DATA 	Keypress: lctrl
856.6172 	EXP 	Sound  started
857.3364 	DATA 	Keypress: rctrl
857.3672 	EXP 	Sound  started
858.1044 	DATA 	Keypress: rctrl
858.1172 	EXP 	Sound  started
858.8404 	DATA 	Keypress: rctrl
858.8672 	EXP 	Sound  started
859.6172 	EXP 	Sound  started
859.6244 	DATA 	Keypress: lctrl
860.3673 	EXP 	Sound  started
860.3763 	DATA 	Keypress: lctrl
861.1173 	EXP 	Sound  started
861.1444 	DATA 	Keypress: lctrl
861.8484 	DATA 	Keypress: rctrl
861.8673 	EXP 	Sound  started
862.6173 	EXP 	Sound  started
862.6324 	DATA 	Keypress: rctrl
863.3673 	EXP 	Sound  started
863.3684 	DATA 	Keypress: rctrl
864.1173 	EXP 	Sound  started
864.1204 	DATA 	Keypress: lctrl
864.8673 	EXP 	Sound  started
864.8723 	DATA 	Keypress: rctrl
865.5924 	DATA 	Keypress: lctrl
865.6174 	EXP 	Sound  started
866.3124 	DATA 	Keypress: rctrl
866.3674 	EXP 	Sound  started
867.0964 	DATA 	Keypress: rctrl
867.1174 	EXP 	Sound  started
867.8483 	DATA 	Keypress: rctrl
867.8674 	EXP 	Sound  started
868.6163 	DATA 	Keypress: rctrl
868.6174 	EXP 	Sound  started
869.3674 	EXP 	Sound  started
869.3843 	DATA 	Keypress: lctrl
870.1174 	EXP 	Sound  started
870.1683 	DATA 	Keypress: lctrl
870.8675 	EXP 	Sound  started
870.8723 	DATA 	Keypress: rctrl
871.6083 	DATA 	Keypress: lctrl
871.6175 	EXP 	Sound  started
872.3605 	DATA 	Keypress: rctrl
872.3675 	EXP 	Sound  started
873.1123 	DATA 	Keypress: lctrl
873.1175 	EXP 	Sound  started
873.8675 	EXP 	Sound  started
873.8804 	DATA 	Keypress: lctrl
874.6175 	EXP 	Sound  started
874.6483 	DATA 	Keypress: lctrl
875.3913 	DATA 	Keypress: rctrl
877.0716 	DATA 	Keypress: 1
877.0881 	EXP 	unnamed ShapeStim: vertices = <class 'numpy.ndarray'>
883.1767 	DATA 	Keypress: 3
883.1931 	EXP 	unnamed ShapeStim: vertices = <class 'numpy.ndarray'>
888.8813 	DATA 	Keypress: 1
888.8978 	EXP 	unnamed ShapeStim: vertices = <class 'numpy.ndarray'>
891.1829 	EXP 	Sound  started
891.4163 	DATA 	Keypress: rctrl
891.9329 	EXP 	Sound  started
892.1043 	DATA 	Keypress: rctrl
892.6829 	EXP 	Sound  started
892.7284 	DATA 	Keypress: rctrl
893.4163 	DATA 	Keypress: lctrl
893.4329 	EXP 	Sound  started
894.1829 	EXP 	Sound  started
894.2163 	DATA 	Keypress: lctrl
894.9329 	EXP 	Sound  started
894.9363 	DATA 	Keypress: rctrl
895.6830 	EXP 	Sound  started
895.6883 	DATA 	Keypress: lctrl
896.4330 	EXP 	Sound  started
896.4404 	DATA 	Keypress: rctrl
897.1830 	EXP 	Sound  started
897.2243 	DATA 	Keypress: lctrl
897.9123 	DATA 	Keypress: rctrl
897.9330 	EXP 	Sound  started
898.6830 	EXP 	Sound  started
898.7123 	DATA 	Keypress: rctrl
899.4330 	EXP 	Sound  started
899.4483 	DATA 	Keypress: rctrl
900.1830 	EXP 	Sound  started
900.2003 	DATA 	Keypress: lctrl
900.9331 	EXP 	Sound  started
900.9363 	DATA 	Keypress: lctrl
901.6723 	DATA 	Keypress: rctrl
901.6831 	EXP 	Sound  started
902.4243 	DATA 	Keypress: lctrl
902.4331 	EXP 	Sound  started
903.1603 	DATA 	Keypress: rctrl
903.1831 	EXP 	Sound  started
903.9283 	DATA 	Keypress: rctrl
903.9331 	EXP 	Sound  started
904.6831 	EXP 	Sound  started
904.7123 	DATA 	Keypress: lctrl
905.4163 	DATA 	Keypress: lctrl
905.4331 	EXP 	Sound  started
906.1684 	DATA 	Keypress: rctrl
906.1832 	EXP 	Sound  started
906.9332 	EXP 	Sound  started
906.9364 	DATA 	Keypress: rctrl
907.6723 	DATA 	Keypress: lctrl
907.6832 	EXP 	Sound  started
908.3763 	DATA 	Keypress: rctrl
908.4332 	EXP 	Sound  started
909.1763 	DATA 	Keypress: lctrl
909.1832 	EXP 	Sound  started
909.8963 	DATA 	Keypress: rctrl
909.9332 	EXP 	Sound  started
910.6483 	DATA 	Keypress: rctrl
910.6833 	EXP 	Sound  started
911.4323 	DATA 	Keypress: rctrl
911.4333 	EXP 	Sound  started
912.1683 	DATA 	Keypress: lctrl
912.1833 	EXP 	Sound  started
912.9333 	EXP 	Sound  started
912.9683 	DATA 	Keypress: lctrl
913.6403 	DATA 	Keypress: rctrl
913.6833 	EXP 	Sound  started
914.3763 	DATA 	Keypress: lctrl
914.4333 	EXP 	Sound  started
915.1604 	DATA 	Keypress: lctrl
915.1833 	EXP 	Sound  started
915.8643 	DATA 	Keypress: lctrl
915.9334 	EXP 	Sound  started
916.6163 	DATA 	Keypress: rctrl
916.6834 	EXP 	Sound  started
917.4323 	DATA 	Keypress: rctrl
917.4334 	EXP 	Sound  started
918.1363 	DATA 	Keypress: lctrl
918.1834 	EXP 	Sound  started
918.8723 	DATA 	Keypress: rctrl
918.9334 	EXP 	Sound  started
919.6724 	DATA 	Keypress: rctrl
919.6834 	EXP 	Sound  started
920.4335 	EXP 	Sound  started
920.4404 	DATA 	Keypress: rctrl
921.1603 	DATA 	Keypress: lctrl
921.1835 	EXP 	Sound  started
921.8963 	DATA 	Keypress: rctrl
921.9335 	EXP 	Sound  started
922.6803 	DATA 	Keypress: rctrl
922.6835 	EXP 	Sound  started
923.4004 	DATA 	Keypress: rctrl
923.4335 	EXP 	Sound  started
924.1685 	DATA 	Keypress: rctrl
924.1835 	EXP 	Sound  started
924.9336 	EXP 	Sound  started
924.9523 	DATA 	Keypress: lctrl
925.6836 	EXP 	Sound  started
925.6883 	DATA 	Keypress: lctrl
926.4243 	DATA 	Keypress: rctrl
926.4336 	EXP 	Sound  started
927.1443 	DATA 	Keypress: lctrl
927.1836 	EXP 	Sound  started
927.9336 	EXP 	Sound  started
927.9444 	DATA 	Keypress: rctrl
928.6836 	EXP 	Sound  started
928.6964 	DATA 	Keypress: lctrl
929.4337 	EXP 	Sound  started
929.4483 	DATA 	Keypress: lctrl
930.1837 	EXP 	Sound  started
930.2004 	DATA 	Keypress: rctrl
930.9337 	EXP 	Sound  started
930.9363 	DATA 	Keypress: rctrl
931.6837 	EXP 	Sound  started
931.6883 	DATA 	Keypress: lctrl
932.4337 	EXP 	Sound  started
932.4563 	DATA 	Keypress: lctrl
933.1604 	DATA 	Keypress: lctrl
933.1837 	EXP 	Sound  started
933.9283 	DATA 	Keypress: rctrl
933.9337 	EXP 	Sound  started
934.6838 	EXP 	Sound  started
934.7123 	DATA 	Keypress: rctrl
935.4338 	EXP 	Sound  started
935.4644 	DATA 	Keypress: rctrl
936.1838 	EXP 	Sound  started
936.1843 	DATA 	Keypress: lctrl
936.9338 	EXP 	Sound  started
936.9363 	DATA 	Keypress: rctrl
937.6838 	EXP 	Sound  started
937.6883 	DATA 	Keypress: lctrl
938.3923 	DATA 	Keypress: rctrl
938.4338 	EXP 	Sound  started
939.1603 	DATA 	Keypress: rctrl
939.1839 	EXP 	Sound  started
939.9124 	DATA 	Keypress: lctrl
939.9339 	EXP 	Sound  started
940.6839 	EXP 	Sound  started
940.7284 	DATA 	Keypress: lctrl
941.4163 	DATA 	Keypress: lctrl
941.4339 	EXP 	Sound  started
942.1203 	DATA 	Keypress: rctrl
942.1839 	EXP 	Sound  started
942.8563 	DATA 	Keypress: lctrl
942.9339 	EXP 	Sound  started
943.6839 	EXP 	Sound  started
943.6883 	DATA 	Keypress: lctrl
944.4340 	EXP 	Sound  started
944.4563 	DATA 	Keypress: lctrl
945.1840 	EXP 	Sound  started
945.1923 	DATA 	Keypress: lctrl
945.8963 	DATA 	Keypress: rctrl
945.9340 	EXP 	Sound  started
946.6483 	DATA 	Keypress: rctrl
946.6840 	EXP 	Sound  started
947.4164 	DATA 	Keypress: rctrl
947.4340 	EXP 	Sound  started
948.1203 	DATA 	Keypress: lctrl
948.1840 	EXP 	Sound  started
948.8723 	DATA 	Keypress: rctrl
948.9340 	EXP 	Sound  started
949.6243 	DATA 	Keypress: rctrl
949.6841 	EXP 	Sound  started
950.3763 	DATA 	Keypress: rctrl
952.7837 	DATA 	Keypress: 2
952.8002 	EXP 	unnamed ShapeStim: vertices = <class 'numpy.ndarray'>
958.7885 	DATA 	Keypress: 3
958.8051 	EXP 	unnamed ShapeStim: vertices = <class 'numpy.ndarray'>
961.9451 	DATA 	Keypress: 1
961.9743 	EXP 	unnamed ShapeStim: vertices = <class 'numpy.ndarray'>
964.2610 	DATA 	Keypress: rctrl
1529.0801 	DATA 	Keypress: return
1529.1448 	EXP 	window1: mouseVisible = True
