15.9608 	WARNING 	User requested fullscreen with size [1024  768], but screen is actually [1920, 1200]. Using actual size
16.7939 	EXP 	Created window1 = Window(allowGUI=False, allowStencil=False, autoLog=True, backendConf=UNKNOWN, bitsMode=UNKNOWN, blendMode='avg', bpc=(8, 8, 8), color=array([0, 0, 0]), colorSpace='rgb', depthBits=8, fullscr=<method-wrapper '__getattribute__' of attributeSetter object at 0x00000279D27B6780>, gamma=None, gammaErrorPolicy='raise', lms=UNKNOWN, monitor=<psychopy.monitors.calibTools.Monitor object at 0x00000279D3EF4080>, multiSample=False, name='window1', numSamples=2, pos=[0.0, 0.0], screen=0, size=array([1920, 1200]), stencilBits=0, stereo=False, units='norm', useFBO=True, useRetina=False, viewOri=0.0, viewPos=None, viewScale=None, waitBlanking=True, winType='pyglet')
16.7942 	EXP 	window1: mouseVisible = True
16.7943 	EXP 	window1: mouseVisible = False
16.7943 	EXP 	window1: recordFrameIntervals = False
16.9604 	EXP 	window1: recordFrameIntervals = True
17.1440 	EXP 	window1: recordFrameIntervals = False
17.1979 	EXP 	Created text = TextStim(__class__=<class 'psychopy.visual.text.TextStim'>, alignHoriz=method-wrapper(...), alignText='center', alignVert=method-wrapper(...), anchorHoriz='center', anchorVert='center', antialias=True, autoLog=True, bold=False, color=array([1., 1., 1.]), colorSpace='rgb', contrast=1.0, depth=0.0, flipHoriz=False, flipVert=False, font='Arial', fontFiles=[], height=0.15, italic=False, languageStyle='LTR', name='text', opacity=1, ori=0, pos=array([0., 0.]), rgb=UNKNOWN, text='+', units='norm', win=Window(...), wrapWidth=1)
17.2197 	EXP 	Created text = TextStim(__class__=<class 'psychopy.visual.text.TextStim'>, alignHoriz=method-wrapper(...), alignText='center', alignVert=method-wrapper(...), anchorHoriz='center', anchorVert='center', antialias=True, autoLog=True, bold=False, color=array([1., 1., 1.]), colorSpace='rgb', contrast=1.0, depth=0.0, flipHoriz=False, flipVert=False, font='Arial', fontFiles=[], height=0.07, italic=False, languageStyle='LTR', name='text', opacity=1, ori=0, pos=array([0., 0.]), rgb=UNKNOWN, text=str(...), units='norm', win=Window(...), wrapWidth=1.65)
17.2291 	EXP 	Created text = TextStim(__class__=<class 'psychopy.visual.text.TextStim'>, alignHoriz=method-wrapper(...), alignText='center', alignVert=method-wrapper(...), anchorHoriz='center', anchorVert='center', antialias=True, autoLog=True, bold=False, color=array([1., 1., 1.]), colorSpace='rgb', contrast=1.0, depth=0.0, flipHoriz=False, flipVert=False, font='Arial', fontFiles=[], height=0.07, italic=False, languageStyle='LTR', name='text', opacity=1, ori=0, pos=array([0., 0.]), rgb=UNKNOWN, text=str(...), units='norm', win=Window(...), wrapWidth=1.65)
17.2382 	EXP 	Created text = TextStim(__class__=<class 'psychopy.visual.text.TextStim'>, alignHoriz=method-wrapper(...), alignText='center', alignVert=method-wrapper(...), anchorHoriz='center', anchorVert='center', antialias=True, autoLog=True, bold=False, color=array([1., 1., 1.]), colorSpace='rgb', contrast=1.0, depth=0.0, flipHoriz=False, flipVert=False, font='Arial', fontFiles=[], height=0.07, italic=False, languageStyle='LTR', name='text', opacity=1, ori=0, pos=array([0., 0.]), rgb=UNKNOWN, text=str(...), units='norm', win=Window(...), wrapWidth=1.65)
17.2484 	EXP 	Created text = TextStim(__class__=<class 'psychopy.visual.text.TextStim'>, alignHoriz=method-wrapper(...), alignText='center', alignVert=method-wrapper(...), anchorHoriz='center', anchorVert='center', antialias=True, autoLog=True, bold=False, color=array([1., 1., 1.]), colorSpace='rgb', contrast=1.0, depth=0.0, flipHoriz=False, flipVert=False, font='Arial', fontFiles=[], height=0.07, italic=False, languageStyle='LTR', name='text', opacity=1, ori=0, pos=array([0., 0.]), rgb=UNKNOWN, text=str(...), units='norm', win=Window(...), wrapWidth=1.65)
17.2544 	EXP 	Created text = TextStim(__class__=<class 'psychopy.visual.text.TextStim'>, alignHoriz=method-wrapper(...), alignText='center', alignVert=method-wrapper(...), anchorHoriz='center', anchorVert='center', antialias=True, autoLog=True, bold=False, color=array([1., 1., 1.]), colorSpace='rgb', contrast=1.0, depth=0.0, flipHoriz=False, flipVert=False, font='Arial', fontFiles=[], height=0.07, italic=False, languageStyle='LTR', name='text', opacity=1, ori=0, pos=array([0., 0.]), rgb=UNKNOWN, text=str(...), units='norm', win=Window(...), wrapWidth=1.65)
17.2684 	EXP 	Created text = TextStim(__class__=<class 'psychopy.visual.text.TextStim'>, alignHoriz=method-wrapper(...), alignText='center', alignVert=method-wrapper(...), anchorHoriz='center', anchorVert='center', antialias=True, autoLog=True, bold=False, color=array([1., 1., 1.]), colorSpace='rgb', contrast=1.0, depth=0.0, flipHoriz=False, flipVert=False, font='Arial', fontFiles=[], height=0.15, italic=False, languageStyle='LTR', name='text', opacity=1, ori=0, pos=array([0., 0.]), rgb=UNKNOWN, text=str(...), units='norm', win=Window(...), wrapWidth=1.65)
17.2967 	EXP 	Created text = TextStim(__class__=<class 'psychopy.visual.text.TextStim'>, alignHoriz=method-wrapper(...), alignText='center', alignVert=method-wrapper(...), anchorHoriz='center', anchorVert='center', antialias=True, autoLog=True, bold=False, color=array([1., 1., 1.]), colorSpace='rgb', contrast=1.0, depth=0.0, flipHoriz=False, flipVert=False, font='Arial', fontFiles=[], height=0.07, italic=False, languageStyle='LTR', name='text', opacity=1, ori=0, pos=array([0., 0.]), rgb=UNKNOWN, text=str(...), units='norm', win=Window(...), wrapWidth=1.65)
17.3172 	EXP 	Created text = TextStim(__class__=<class 'psychopy.visual.text.TextStim'>, alignHoriz=method-wrapper(...), alignText='center', alignVert=method-wrapper(...), anchorHoriz='center', anchorVert='center', antialias=True, autoLog=True, bold=False, color=array([1., 1., 1.]), colorSpace='rgb', contrast=1.0, depth=0.0, flipHoriz=False, flipVert=False, font='Arial', fontFiles=[], height=0.07, italic=False, languageStyle='LTR', name='text', opacity=1, ori=0, pos=array([0., 0.]), rgb=UNKNOWN, text=str(...), units='norm', win=Window(...), wrapWidth=1.65)
17.3466 	EXP 	Created text = TextStim(__class__=<class 'psychopy.visual.text.TextStim'>, alignHoriz=method-wrapper(...), alignText='center', alignVert=method-wrapper(...), anchorHoriz='center', anchorVert='center', antialias=True, autoLog=True, bold=False, color=array([1., 1., 1.]), colorSpace='rgb', contrast=1.0, depth=0.0, flipHoriz=False, flipVert=False, font='Arial', fontFiles=[], height=0.07, italic=False, languageStyle='LTR', name='text', opacity=1, ori=0, pos=array([0., 0.]), rgb=UNKNOWN, text=str(...), units='norm', win=Window(...), wrapWidth=1.65)
17.3700 	EXP 	Created text = TextStim(__class__=<class 'psychopy.visual.text.TextStim'>, alignHoriz=method-wrapper(...), alignText='center', alignVert=method-wrapper(...), anchorHoriz='center', anchorVert='center', antialias=True, autoLog=True, bold=False, color=array([1., 1., 1.]), colorSpace='rgb', contrast=1.0, depth=0.0, flipHoriz=False, flipVert=False, font='Arial', fontFiles=[], height=0.07, italic=False, languageStyle='LTR', name='text', opacity=1, ori=0, pos=array([0., 0.]), rgb=UNKNOWN, text=str(...), units='norm', win=Window(...), wrapWidth=1.65)
17.3988 	EXP 	Created text = TextStim(__class__=<class 'psychopy.visual.text.TextStim'>, alignHoriz=method-wrapper(...), alignText='center', alignVert=method-wrapper(...), anchorHoriz='center', anchorVert='center', antialias=True, autoLog=True, bold=False, color=array([1., 1., 1.]), colorSpace='rgb', contrast=1.0, depth=0.0, flipHoriz=False, flipVert=False, font='Arial', fontFiles=[], height=0.07, italic=False, languageStyle='LTR', name='text', opacity=1, ori=0, pos=array([0., 0.]), rgb=UNKNOWN, text=str(...), units='norm', win=Window(...), wrapWidth=1.65)
17.4090 	EXP 	Created text = TextStim(__class__=<class 'psychopy.visual.text.TextStim'>, alignHoriz=method-wrapper(...), alignText='center', alignVert=method-wrapper(...), anchorHoriz='center', anchorVert='center', antialias=True, autoLog=True, bold=False, color=array([1., 1., 1.]), colorSpace='rgb', contrast=1.0, depth=0.0, flipHoriz=False, flipVert=False, font='Arial', fontFiles=[], height=0.07, italic=False, languageStyle='LTR', name='text', opacity=1, ori=0, pos=array([0., 0.]), rgb=UNKNOWN, text=str(...), units='norm', win=Window(...), wrapWidth=1.65)
17.4211 	EXP 	Created text = TextStim(__class__=<class 'psychopy.visual.text.TextStim'>, alignHoriz=method-wrapper(...), alignText='center', alignVert=method-wrapper(...), anchorHoriz='center', anchorVert='center', antialias=True, autoLog=True, bold=False, color=array([1., 1., 1.]), colorSpace='rgb', contrast=1.0, depth=0.0, flipHoriz=False, flipVert=False, font='Arial', fontFiles=[], height=0.07, italic=False, languageStyle='LTR', name='text', opacity=1, ori=0, pos=array([0., 0.]), rgb=UNKNOWN, text=str(...), units='norm', win=Window(...), wrapWidth=1.65)
17.4253 	EXP 	Created instru = TextStim(__class__=<class 'psychopy.visual.text.TextStim'>, alignHoriz=method-wrapper(...), alignText='center', alignVert=method-wrapper(...), anchorHoriz='center', anchorVert='center', antialias=True, autoLog=True, bold=False, color=array([1., 1., 1.]), colorSpace='rgb', contrast=1.0, depth=0.0, flipHoriz=False, flipVert=False, font='Arial', fontFiles=[], height=0.07, italic=False, languageStyle='LTR', name='instru', opacity=1, ori=0, pos=array([0. , 0.5]), rgb=UNKNOWN, text=str(...), units='norm', win=Window(...), wrapWidth=1)
17.4277 	EXP 	Created unnamed Line = Line(__class__=<class 'psychopy.visual.line.Line'>, autoDraw=False, autoLog=True, closeShape=False, color=array([1., 1., 1.]), colorSpace='rgb', contrast=None, depth=0, fillColor=array([0, 0, 0]), fillColorSpace='rgb', fillRGB=array([0, 0, 0]), interpolate=True, lineColor=array([1., 1., 1.]), lineColorSpace='rgb', lineRGB=array([1, 1, 1]), lineWidth=5, name='unnamed Line', opacity=0.5, ori=0.0, pos=array([0., 0.]), size=array([1., 1.]), units='norm', vertices=array([[-0.5,  0. ],
       [ 0.5,  0. ]]), win=Window(...), windingRule=None)
17.4297 	EXP 	Created unnamed Line = Line(__class__=<class 'psychopy.visual.line.Line'>, autoDraw=False, autoLog=True, closeShape=False, color=array([1., 1., 1.]), colorSpace='rgb', contrast=None, depth=0, fillColor=array([0, 0, 0]), fillColorSpace='rgb', fillRGB=array([0, 0, 0]), interpolate=True, lineColor=array([1., 1., 1.]), lineColorSpace='rgb', lineRGB=array([1, 1, 1]), lineWidth=3, name='unnamed Line', opacity=0.5, ori=0.0, pos=array([0., 0.]), size=array([1., 1.]), units='norm', vertices=array([[-0.5 , -0.05],
       [-0.5 ,  0.05]]), win=Window(...), windingRule=None)
17.4317 	EXP 	Created unnamed Line = Line(__class__=<class 'psychopy.visual.line.Line'>, autoDraw=False, autoLog=True, closeShape=False, color=array([1., 1., 1.]), colorSpace='rgb', contrast=None, depth=0, fillColor=array([0, 0, 0]), fillColorSpace='rgb', fillRGB=array([0, 0, 0]), interpolate=True, lineColor=array([1., 1., 1.]), lineColorSpace='rgb', lineRGB=array([1, 1, 1]), lineWidth=3, name='unnamed Line', opacity=0.5, ori=0.0, pos=array([0., 0.]), size=array([1., 1.]), units='norm', vertices=ndarray(...), win=Window(...), windingRule=None)
17.4336 	EXP 	Created unnamed Line = Line(__class__=<class 'psychopy.visual.line.Line'>, autoDraw=False, autoLog=True, closeShape=False, color=array([1., 1., 1.]), colorSpace='rgb', contrast=None, depth=0, fillColor=array([0, 0, 0]), fillColorSpace='rgb', fillRGB=array([0, 0, 0]), interpolate=True, lineColor=array([1., 1., 1.]), lineColorSpace='rgb', lineRGB=array([1, 1, 1]), lineWidth=3, name='unnamed Line', opacity=0.5, ori=0.0, pos=array([0., 0.]), size=array([1., 1.]), units='norm', vertices=ndarray(...), win=Window(...), windingRule=None)
17.4356 	EXP 	Created unnamed Line = Line(__class__=<class 'psychopy.visual.line.Line'>, autoDraw=False, autoLog=True, closeShape=False, color=array([1., 1., 1.]), colorSpace='rgb', contrast=None, depth=0, fillColor=array([0, 0, 0]), fillColorSpace='rgb', fillRGB=array([0, 0, 0]), interpolate=True, lineColor=array([1., 1., 1.]), lineColorSpace='rgb', lineRGB=array([1, 1, 1]), lineWidth=3, name='unnamed Line', opacity=0.5, ori=0.0, pos=array([0., 0.]), size=array([1., 1.]), units='norm', vertices=array([[ 0.5 , -0.05],
       [ 0.5 ,  0.05]]), win=Window(...), windingRule=None)
17.4484 	EXP 	Created unnamed TextStim = TextStim(__class__=<class 'psychopy.visual.text.TextStim'>, alignHoriz=method-wrapper(...), alignText='center', alignVert=method-wrapper(...), anchorHoriz='center', anchorVert='center', antialias=True, autoLog=True, bold=False, color=array([1., 1., 1.]), colorSpace='rgb', contrast=1.0, depth=0, flipHoriz=False, flipVert=False, font='', fontFiles=[], height=0.05, italic=False, languageStyle='LTR', name='unnamed TextStim', opacity=1.0, ori=0.0, pos=array([-0.5, -0.1]), rgb=UNKNOWN, text='Helt klart \n IKKE FOKUSERT', units='norm', win=Window(...), wrapWidth=1)
17.4494 	EXP 	Created unnamed TextStim = TextStim(__class__=<class 'psychopy.visual.text.TextStim'>, alignHoriz=method-wrapper(...), alignText='center', alignVert=method-wrapper(...), anchorHoriz='center', anchorVert='center', antialias=True, autoLog=True, bold=False, color=array([1., 1., 1.]), colorSpace='rgb', contrast=1.0, depth=0, flipHoriz=False, flipVert=False, font='', fontFiles=[], height=0.05, italic=False, languageStyle='LTR', name='unnamed TextStim', opacity=1.0, ori=0.0, pos=array([-0.16666667, -0.1       ]), rgb=UNKNOWN, text='', units='norm', win=Window(...), wrapWidth=1)
17.4506 	EXP 	Created unnamed TextStim = TextStim(__class__=<class 'psychopy.visual.text.TextStim'>, alignHoriz=method-wrapper(...), alignText='center', alignVert=method-wrapper(...), anchorHoriz='center', anchorVert='center', antialias=True, autoLog=True, bold=False, color=array([1., 1., 1.]), colorSpace='rgb', contrast=1.0, depth=0, flipHoriz=False, flipVert=False, font='', fontFiles=[], height=0.05, italic=False, languageStyle='LTR', name='unnamed TextStim', opacity=1.0, ori=0.0, pos=array([ 0.16666667, -0.1       ]), rgb=UNKNOWN, text='', units='norm', win=Window(...), wrapWidth=1)
17.4540 	EXP 	Created unnamed TextStim = TextStim(__class__=<class 'psychopy.visual.text.TextStim'>, alignHoriz=method-wrapper(...), alignText='center', alignVert=method-wrapper(...), anchorHoriz='center', anchorVert='center', antialias=True, autoLog=True, bold=False, color=array([1., 1., 1.]), colorSpace='rgb', contrast=1.0, depth=0, flipHoriz=False, flipVert=False, font='', fontFiles=[], height=0.05, italic=False, languageStyle='LTR', name='unnamed TextStim', opacity=1.0, ori=0.0, pos=array([ 0.5, -0.1]), rgb=UNKNOWN, text='Helt klart \n FOKUSERT', units='norm', win=Window(...), wrapWidth=1)
17.4560 	EXP 	Created unnamed ShapeStim = ShapeStim(__class__=<class 'psychopy.visual.shape.ShapeStim'>, autoDraw=False, autoLog=True, closeShape=True, color=method-wrapper(...), colorSpace='rgb', contrast=None, depth=0, fillColor=array([1, 1, 1]), fillColorSpace='rgb', fillRGB=array([1, 1, 1]), interpolate=True, lineColor=array([-1., -1., -1.]), lineColorSpace='rgb', lineRGB=array([-1, -1, -1]), lineWidth=1.5, name='unnamed ShapeStim', opacity=1.0, ori=0.0, pos=array([0., 0.]), size=array([1., 1.]), units='norm', vertices=ndarray(...), win=Window(...), windingRule=None)
17.4632 	EXP 	Created instru = TextStim(__class__=<class 'psychopy.visual.text.TextStim'>, alignHoriz=method-wrapper(...), alignText='center', alignVert=method-wrapper(...), anchorHoriz='center', anchorVert='center', antialias=True, autoLog=True, bold=False, color=array([1., 1., 1.]), colorSpace='rgb', contrast=1.0, depth=0.0, flipHoriz=False, flipVert=False, font='Arial', fontFiles=[], height=0.07, italic=False, languageStyle='LTR', name='instru', opacity=1, ori=0, pos=array([0. , 0.5]), rgb=UNKNOWN, text=str(...), units='norm', win=Window(...), wrapWidth=1)
17.4652 	EXP 	Created unnamed Line = Line(__class__=<class 'psychopy.visual.line.Line'>, autoDraw=False, autoLog=True, closeShape=False, color=array([1., 1., 1.]), colorSpace='rgb', contrast=None, depth=0, fillColor=array([0, 0, 0]), fillColorSpace='rgb', fillRGB=array([0, 0, 0]), interpolate=True, lineColor=array([1., 1., 1.]), lineColorSpace='rgb', lineRGB=array([1, 1, 1]), lineWidth=5, name='unnamed Line', opacity=0.5, ori=0.0, pos=array([0., 0.]), size=array([1., 1.]), units='norm', vertices=array([[-0.5,  0. ],
       [ 0.5,  0. ]]), win=Window(...), windingRule=None)
17.4672 	EXP 	Created unnamed Line = Line(__class__=<class 'psychopy.visual.line.Line'>, autoDraw=False, autoLog=True, closeShape=False, color=array([1., 1., 1.]), colorSpace='rgb', contrast=None, depth=0, fillColor=array([0, 0, 0]), fillColorSpace='rgb', fillRGB=array([0, 0, 0]), interpolate=True, lineColor=array([1., 1., 1.]), lineColorSpace='rgb', lineRGB=array([1, 1, 1]), lineWidth=3, name='unnamed Line', opacity=0.5, ori=0.0, pos=array([0., 0.]), size=array([1., 1.]), units='norm', vertices=array([[-0.5 , -0.05],
       [-0.5 ,  0.05]]), win=Window(...), windingRule=None)
17.4692 	EXP 	Created unnamed Line = Line(__class__=<class 'psychopy.visual.line.Line'>, autoDraw=False, autoLog=True, closeShape=False, color=array([1., 1., 1.]), colorSpace='rgb', contrast=None, depth=0, fillColor=array([0, 0, 0]), fillColorSpace='rgb', fillRGB=array([0, 0, 0]), interpolate=True, lineColor=array([1., 1., 1.]), lineColorSpace='rgb', lineRGB=array([1, 1, 1]), lineWidth=3, name='unnamed Line', opacity=0.5, ori=0.0, pos=array([0., 0.]), size=array([1., 1.]), units='norm', vertices=ndarray(...), win=Window(...), windingRule=None)
17.4712 	EXP 	Created unnamed Line = Line(__class__=<class 'psychopy.visual.line.Line'>, autoDraw=False, autoLog=True, closeShape=False, color=array([1., 1., 1.]), colorSpace='rgb', contrast=None, depth=0, fillColor=array([0, 0, 0]), fillColorSpace='rgb', fillRGB=array([0, 0, 0]), interpolate=True, lineColor=array([1., 1., 1.]), lineColorSpace='rgb', lineRGB=array([1, 1, 1]), lineWidth=3, name='unnamed Line', opacity=0.5, ori=0.0, pos=array([0., 0.]), size=array([1., 1.]), units='norm', vertices=ndarray(...), win=Window(...), windingRule=None)
17.4731 	EXP 	Created unnamed Line = Line(__class__=<class 'psychopy.visual.line.Line'>, autoDraw=False, autoLog=True, closeShape=False, color=array([1., 1., 1.]), colorSpace='rgb', contrast=None, depth=0, fillColor=array([0, 0, 0]), fillColorSpace='rgb', fillRGB=array([0, 0, 0]), interpolate=True, lineColor=array([1., 1., 1.]), lineColorSpace='rgb', lineRGB=array([1, 1, 1]), lineWidth=3, name='unnamed Line', opacity=0.5, ori=0.0, pos=array([0., 0.]), size=array([1., 1.]), units='norm', vertices=array([[ 0.5 , -0.05],
       [ 0.5 ,  0.05]]), win=Window(...), windingRule=None)
17.4780 	EXP 	Created unnamed TextStim = TextStim(__class__=<class 'psychopy.visual.text.TextStim'>, alignHoriz=method-wrapper(...), alignText='center', alignVert=method-wrapper(...), anchorHoriz='center', anchorVert='center', antialias=True, autoLog=True, bold=False, color=array([1., 1., 1.]), colorSpace='rgb', contrast=1.0, depth=0, flipHoriz=False, flipVert=False, font='', fontFiles=[], height=0.05, italic=False, languageStyle='LTR', name='unnamed TextStim', opacity=1.0, ori=0.0, pos=array([-0.5, -0.1]), rgb=UNKNOWN, text='Helt klart \n INGENTING', units='norm', win=Window(...), wrapWidth=1)
17.4790 	EXP 	Created unnamed TextStim = TextStim(__class__=<class 'psychopy.visual.text.TextStim'>, alignHoriz=method-wrapper(...), alignText='center', alignVert=method-wrapper(...), anchorHoriz='center', anchorVert='center', antialias=True, autoLog=True, bold=False, color=array([1., 1., 1.]), colorSpace='rgb', contrast=1.0, depth=0, flipHoriz=False, flipVert=False, font='', fontFiles=[], height=0.05, italic=False, languageStyle='LTR', name='unnamed TextStim', opacity=1.0, ori=0.0, pos=array([-0.16666667, -0.1       ]), rgb=UNKNOWN, text='', units='norm', win=Window(...), wrapWidth=1)
17.4801 	EXP 	Created unnamed TextStim = TextStim(__class__=<class 'psychopy.visual.text.TextStim'>, alignHoriz=method-wrapper(...), alignText='center', alignVert=method-wrapper(...), anchorHoriz='center', anchorVert='center', antialias=True, autoLog=True, bold=False, color=array([1., 1., 1.]), colorSpace='rgb', contrast=1.0, depth=0, flipHoriz=False, flipVert=False, font='', fontFiles=[], height=0.05, italic=False, languageStyle='LTR', name='unnamed TextStim', opacity=1.0, ori=0.0, pos=array([ 0.16666667, -0.1       ]), rgb=UNKNOWN, text='', units='norm', win=Window(...), wrapWidth=1)
17.4831 	EXP 	Created unnamed TextStim = TextStim(__class__=<class 'psychopy.visual.text.TextStim'>, alignHoriz=method-wrapper(...), alignText='center', alignVert=method-wrapper(...), anchorHoriz='center', anchorVert='center', antialias=True, autoLog=True, bold=False, color=array([1., 1., 1.]), colorSpace='rgb', contrast=1.0, depth=0, flipHoriz=False, flipVert=False, font='', fontFiles=[], height=0.05, italic=False, languageStyle='LTR', name='unnamed TextStim', opacity=1.0, ori=0.0, pos=array([ 0.5, -0.1]), rgb=UNKNOWN, text='Helt klart \n NOE', units='norm', win=Window(...), wrapWidth=1)
17.4849 	EXP 	Created unnamed ShapeStim = ShapeStim(__class__=<class 'psychopy.visual.shape.ShapeStim'>, autoDraw=False, autoLog=True, closeShape=True, color=method-wrapper(...), colorSpace='rgb', contrast=None, depth=0, fillColor=array([1, 1, 1]), fillColorSpace='rgb', fillRGB=array([1, 1, 1]), interpolate=True, lineColor=array([-1., -1., -1.]), lineColorSpace='rgb', lineRGB=array([-1, -1, -1]), lineWidth=1.5, name='unnamed ShapeStim', opacity=1.0, ori=0.0, pos=array([0., 0.]), size=array([1., 1.]), units='norm', vertices=ndarray(...), win=Window(...), windingRule=None)
17.4918 	EXP 	Created instru = TextStim(__class__=<class 'psychopy.visual.text.TextStim'>, alignHoriz=method-wrapper(...), alignText='center', alignVert=method-wrapper(...), anchorHoriz='center', anchorVert='center', antialias=True, autoLog=True, bold=False, color=array([1., 1., 1.]), colorSpace='rgb', contrast=1.0, depth=0.0, flipHoriz=False, flipVert=False, font='Arial', fontFiles=[], height=0.07, italic=False, languageStyle='LTR', name='instru', opacity=1, ori=0, pos=array([0. , 0.5]), rgb=UNKNOWN, text=str(...), units='norm', win=Window(...), wrapWidth=1)
17.4937 	EXP 	Created unnamed Line = Line(__class__=<class 'psychopy.visual.line.Line'>, autoDraw=False, autoLog=True, closeShape=False, color=array([1., 1., 1.]), colorSpace='rgb', contrast=None, depth=0, fillColor=array([0, 0, 0]), fillColorSpace='rgb', fillRGB=array([0, 0, 0]), interpolate=True, lineColor=array([1., 1., 1.]), lineColorSpace='rgb', lineRGB=array([1, 1, 1]), lineWidth=5, name='unnamed Line', opacity=0.5, ori=0.0, pos=array([0., 0.]), size=array([1., 1.]), units='norm', vertices=array([[-0.5,  0. ],
       [ 0.5,  0. ]]), win=Window(...), windingRule=None)
17.4957 	EXP 	Created unnamed Line = Line(__class__=<class 'psychopy.visual.line.Line'>, autoDraw=False, autoLog=True, closeShape=False, color=array([1., 1., 1.]), colorSpace='rgb', contrast=None, depth=0, fillColor=array([0, 0, 0]), fillColorSpace='rgb', fillRGB=array([0, 0, 0]), interpolate=True, lineColor=array([1., 1., 1.]), lineColorSpace='rgb', lineRGB=array([1, 1, 1]), lineWidth=3, name='unnamed Line', opacity=0.5, ori=0.0, pos=array([0., 0.]), size=array([1., 1.]), units='norm', vertices=array([[-0.5 , -0.05],
       [-0.5 ,  0.05]]), win=Window(...), windingRule=None)
17.4976 	EXP 	Created unnamed Line = Line(__class__=<class 'psychopy.visual.line.Line'>, autoDraw=False, autoLog=True, closeShape=False, color=array([1., 1., 1.]), colorSpace='rgb', contrast=None, depth=0, fillColor=array([0, 0, 0]), fillColorSpace='rgb', fillRGB=array([0, 0, 0]), interpolate=True, lineColor=array([1., 1., 1.]), lineColorSpace='rgb', lineRGB=array([1, 1, 1]), lineWidth=3, name='unnamed Line', opacity=0.5, ori=0.0, pos=array([0., 0.]), size=array([1., 1.]), units='norm', vertices=ndarray(...), win=Window(...), windingRule=None)
17.4996 	EXP 	Created unnamed Line = Line(__class__=<class 'psychopy.visual.line.Line'>, autoDraw=False, autoLog=True, closeShape=False, color=array([1., 1., 1.]), colorSpace='rgb', contrast=None, depth=0, fillColor=array([0, 0, 0]), fillColorSpace='rgb', fillRGB=array([0, 0, 0]), interpolate=True, lineColor=array([1., 1., 1.]), lineColorSpace='rgb', lineRGB=array([1, 1, 1]), lineWidth=3, name='unnamed Line', opacity=0.5, ori=0.0, pos=array([0., 0.]), size=array([1., 1.]), units='norm', vertices=ndarray(...), win=Window(...), windingRule=None)
17.5015 	EXP 	Created unnamed Line = Line(__class__=<class 'psychopy.visual.line.Line'>, autoDraw=False, autoLog=True, closeShape=False, color=array([1., 1., 1.]), colorSpace='rgb', contrast=None, depth=0, fillColor=array([0, 0, 0]), fillColorSpace='rgb', fillRGB=array([0, 0, 0]), interpolate=True, lineColor=array([1., 1., 1.]), lineColorSpace='rgb', lineRGB=array([1, 1, 1]), lineWidth=3, name='unnamed Line', opacity=0.5, ori=0.0, pos=array([0., 0.]), size=array([1., 1.]), units='norm', vertices=array([[ 0.5 , -0.05],
       [ 0.5 ,  0.05]]), win=Window(...), windingRule=None)
17.5061 	EXP 	Created unnamed TextStim = TextStim(__class__=<class 'psychopy.visual.text.TextStim'>, alignHoriz=method-wrapper(...), alignText='center', alignVert=method-wrapper(...), anchorHoriz='center', anchorVert='center', antialias=True, autoLog=True, bold=False, color=array([1., 1., 1.]), colorSpace='rgb', contrast=1.0, depth=0, flipHoriz=False, flipVert=False, font='', fontFiles=[], height=0.05, italic=False, languageStyle='LTR', name='unnamed TextStim', opacity=1.0, ori=0.0, pos=array([-0.5, -0.1]), rgb=UNKNOWN, text='Helt klart \n SPONTAN', units='norm', win=Window(...), wrapWidth=1)
17.5071 	EXP 	Created unnamed TextStim = TextStim(__class__=<class 'psychopy.visual.text.TextStim'>, alignHoriz=method-wrapper(...), alignText='center', alignVert=method-wrapper(...), anchorHoriz='center', anchorVert='center', antialias=True, autoLog=True, bold=False, color=array([1., 1., 1.]), colorSpace='rgb', contrast=1.0, depth=0, flipHoriz=False, flipVert=False, font='', fontFiles=[], height=0.05, italic=False, languageStyle='LTR', name='unnamed TextStim', opacity=1.0, ori=0.0, pos=array([-0.16666667, -0.1       ]), rgb=UNKNOWN, text='', units='norm', win=Window(...), wrapWidth=1)
17.5082 	EXP 	Created unnamed TextStim = TextStim(__class__=<class 'psychopy.visual.text.TextStim'>, alignHoriz=method-wrapper(...), alignText='center', alignVert=method-wrapper(...), anchorHoriz='center', anchorVert='center', antialias=True, autoLog=True, bold=False, color=array([1., 1., 1.]), colorSpace='rgb', contrast=1.0, depth=0, flipHoriz=False, flipVert=False, font='', fontFiles=[], height=0.05, italic=False, languageStyle='LTR', name='unnamed TextStim', opacity=1.0, ori=0.0, pos=array([ 0.16666667, -0.1       ]), rgb=UNKNOWN, text='', units='norm', win=Window(...), wrapWidth=1)
17.5127 	EXP 	Created unnamed TextStim = TextStim(__class__=<class 'psychopy.visual.text.TextStim'>, alignHoriz=method-wrapper(...), alignText='center', alignVert=method-wrapper(...), anchorHoriz='center', anchorVert='center', antialias=True, autoLog=True, bold=False, color=array([1., 1., 1.]), colorSpace='rgb', contrast=1.0, depth=0, flipHoriz=False, flipVert=False, font='', fontFiles=[], height=0.05, italic=False, languageStyle='LTR', name='unnamed TextStim', opacity=1.0, ori=0.0, pos=array([ 0.5, -0.1]), rgb=UNKNOWN, text='Helt klart \n BEVISST', units='norm', win=Window(...), wrapWidth=1)
17.5145 	EXP 	Created unnamed ShapeStim = ShapeStim(__class__=<class 'psychopy.visual.shape.ShapeStim'>, autoDraw=False, autoLog=True, closeShape=True, color=method-wrapper(...), colorSpace='rgb', contrast=None, depth=0, fillColor=array([1, 1, 1]), fillColorSpace='rgb', fillRGB=array([1, 1, 1]), interpolate=True, lineColor=array([-1., -1., -1.]), lineColorSpace='rgb', lineRGB=array([-1, -1, -1]), lineWidth=1.5, name='unnamed ShapeStim', opacity=1.0, ori=0.0, pos=array([0., 0.]), size=array([1., 1.]), units='norm', vertices=ndarray(...), win=Window(...), windingRule=None)
17.5637 	EXP 	Sound  set volume 1.000
17.5925 	EXP 	unnamed ShapeStim: vertices = <class 'numpy.ndarray'>
17.5925 	EXP 	unnamed ShapeStim: vertices = <class 'numpy.ndarray'>
17.5925 	EXP 	unnamed ShapeStim: vertices = <class 'numpy.ndarray'>
24.6979 	DATA 	Keypress: rctrl
25.2180 	EXP 	Sound  started
25.4338 	DATA 	Keypress: lctrl
25.9679 	EXP 	Sound  started
26.0097 	DATA 	Keypress: rctrl
26.7179 	EXP 	Sound  started
26.7298 	DATA 	Keypress: rctrl
27.4018 	DATA 	Keypress: lctrl
27.4679 	EXP 	Sound  started
28.1698 	DATA 	Keypress: rctrl
28.2179 	EXP 	Sound  started
28.9679 	EXP 	Sound  started
28.9699 	DATA 	Keypress: rctrl
29.6578 	DATA 	Keypress: rctrl
29.7179 	EXP 	Sound  started
30.4679 	EXP 	Sound  started
30.5538 	DATA 	Keypress: lctrl
31.2098 	DATA 	Keypress: rctrl
31.2180 	EXP 	Sound  started
31.9620 	DATA 	Keypress: lctrl
31.9680 	EXP 	Sound  started
32.6498 	DATA 	Keypress: lctrl
32.7180 	EXP 	Sound  started
33.3858 	DATA 	Keypress: lctrl
33.4680 	EXP 	Sound  started
34.1537 	DATA 	Keypress: rctrl
34.2180 	EXP 	Sound  started
34.9217 	DATA 	Keypress: lctrl
34.9680 	EXP 	Sound  started
35.7180 	EXP 	Sound  started
35.8337 	DATA 	Keypress: rctrl
36.4681 	EXP 	Sound  started
36.5218 	DATA 	Keypress: rctrl
37.1777 	DATA 	Keypress: lctrl
37.2181 	EXP 	Sound  started
37.8497 	DATA 	Keypress: rctrl
37.9681 	EXP 	Sound  started
38.6178 	DATA 	Keypress: rctrl
38.7181 	EXP 	Sound  started
39.3697 	DATA 	Keypress: lctrl
39.4681 	EXP 	Sound  started
40.0738 	DATA 	Keypress: rctrl
40.2181 	EXP 	Sound  started
40.8099 	DATA 	Keypress: rctrl
40.9681 	EXP 	Sound  started
41.5938 	DATA 	Keypress: lctrl
41.7181 	EXP 	Sound  started
42.3458 	DATA 	Keypress: rctrl
42.4682 	EXP 	Sound  started
43.0978 	DATA 	Keypress: rctrl
43.2182 	EXP 	Sound  started
43.8499 	DATA 	Keypress: lctrl
43.9682 	EXP 	Sound  started
44.6019 	DATA 	Keypress: rctrl
44.7182 	EXP 	Sound  started
45.3219 	DATA 	Keypress: rctrl
45.4682 	EXP 	Sound  started
46.1378 	DATA 	Keypress: lctrl
46.2182 	EXP 	Sound  started
46.8578 	DATA 	Keypress: rctrl
46.9682 	EXP 	Sound  started
47.5938 	DATA 	Keypress: lctrl
47.7183 	EXP 	Sound  started
48.3457 	DATA 	Keypress: rctrl
48.4683 	EXP 	Sound  started
49.0980 	DATA 	Keypress: rctrl
49.2183 	EXP 	Sound  started
49.8338 	DATA 	Keypress: lctrl
49.9683 	EXP 	Sound  started
50.6338 	DATA 	Keypress: rctrl
50.7183 	EXP 	Sound  started
51.3698 	DATA 	Keypress: rctrl
51.4683 	EXP 	Sound  started
52.1538 	DATA 	Keypress: rctrl
52.2183 	EXP 	Sound  started
52.8578 	DATA 	Keypress: lctrl
52.9683 	EXP 	Sound  started
53.6098 	DATA 	Keypress: rctrl
53.7184 	EXP 	Sound  started
54.3457 	DATA 	Keypress: rctrl
54.4684 	EXP 	Sound  started
55.1938 	DATA 	Keypress: rctrl
55.2184 	EXP 	Sound  started
55.9684 	EXP 	Sound  started
55.9938 	DATA 	Keypress: lctrl
56.6818 	DATA 	Keypress: rctrl
56.7184 	EXP 	Sound  started
57.4178 	DATA 	Keypress: rctrl
57.4684 	EXP 	Sound  started
58.2018 	DATA 	Keypress: lctrl
58.2184 	EXP 	Sound  started
58.9058 	DATA 	Keypress: rctrl
58.9685 	EXP 	Sound  started
59.7185 	EXP 	Sound  started
59.7698 	DATA 	Keypress: lctrl
60.4685 	EXP 	Sound  started
60.4898 	DATA 	Keypress: rctrl
61.2098 	DATA 	Keypress: rctrl
61.2185 	EXP 	Sound  started
61.9619 	DATA 	Keypress: lctrl
61.9685 	EXP 	Sound  started
62.6658 	DATA 	Keypress: rctrl
62.7185 	EXP 	Sound  started
63.4685 	EXP 	Sound  started
63.4818 	DATA 	Keypress: lctrl
64.2178 	DATA 	Keypress: rctrl
64.2186 	EXP 	Sound  started
64.9686 	EXP 	Sound  started
64.9858 	DATA 	Keypress: rctrl
65.6897 	DATA 	Keypress: lctrl
65.7186 	EXP 	Sound  started
66.4097 	DATA 	Keypress: rctrl
66.4686 	EXP 	Sound  started
67.2186 	EXP 	Sound  started
67.2738 	DATA 	Keypress: lctrl
67.9686 	EXP 	Sound  started
67.9777 	DATA 	Keypress: rctrl
68.6497 	DATA 	Keypress: rctrl
68.7186 	EXP 	Sound  started
69.4018 	DATA 	Keypress: lctrl
69.4687 	EXP 	Sound  started
70.1217 	DATA 	Keypress: rctrl
70.2187 	EXP 	Sound  started
70.9218 	DATA 	Keypress: rctrl
70.9687 	EXP 	Sound  started
71.6577 	DATA 	Keypress: lctrl
71.7187 	EXP 	Sound  started
72.3778 	DATA 	Keypress: rctrl
72.4687 	EXP 	Sound  started
73.2098 	DATA 	Keypress: lctrl
73.2187 	EXP 	Sound  started
73.9298 	DATA 	Keypress: rctrl
73.9687 	EXP 	Sound  started
74.6658 	DATA 	Keypress: lctrl
74.7187 	EXP 	Sound  started
75.4017 	DATA 	Keypress: rctrl
75.4687 	EXP 	Sound  started
76.2019 	DATA 	Keypress: rctrl
76.2188 	EXP 	Sound  started
76.9688 	EXP 	Sound  started
76.9857 	DATA 	Keypress: lctrl
77.6738 	DATA 	Keypress: rctrl
77.7188 	EXP 	Sound  started
78.4578 	DATA 	Keypress: lctrl
78.4688 	EXP 	Sound  started
79.2188 	EXP 	Sound  started
79.2258 	DATA 	Keypress: lctrl
79.9688 	EXP 	Sound  started
79.9937 	DATA 	Keypress: rctrl
80.6657 	DATA 	Keypress: lctrl
80.7188 	EXP 	Sound  started
81.3699 	DATA 	Keypress: rctrl
81.4689 	EXP 	Sound  started
82.2472 	EXP 	unnamed TextStim: text = ''
82.2472 	EXP 	unnamed TextStim: text = ''
84.7155 	DATA 	Keypress: 3
84.7321 	EXP 	unnamed ShapeStim: vertices = <class 'numpy.ndarray'>
86.2667 	EXP 	unnamed TextStim: text = ''
86.2667 	EXP 	unnamed TextStim: text = ''
88.0850 	DATA 	Keypress: 4
88.1015 	EXP 	unnamed ShapeStim: vertices = <class 'numpy.ndarray'>
89.6361 	EXP 	unnamed TextStim: text = ''
89.6361 	EXP 	unnamed TextStim: text = ''
90.6037 	DATA 	Keypress: 4
90.6202 	EXP 	unnamed ShapeStim: vertices = <class 'numpy.ndarray'>
92.9053 	EXP 	Sound  started
92.9062 	DATA 	Keypress: rctrl
93.5938 	DATA 	Keypress: rctrl
93.6551 	EXP 	Sound  started
94.3457 	DATA 	Keypress: lctrl
94.4052 	EXP 	Sound  started
95.1552 	EXP 	Sound  started
95.1618 	DATA 	Keypress: rctrl
95.8817 	DATA 	Keypress: rctrl
95.9052 	EXP 	Sound  started
96.6177 	DATA 	Keypress: lctrl
96.6552 	EXP 	Sound  started
97.3697 	DATA 	Keypress: rctrl
97.4052 	EXP 	Sound  started
98.0898 	DATA 	Keypress: lctrl
98.1552 	EXP 	Sound  started
98.8418 	DATA 	Keypress: rctrl
98.9052 	EXP 	Sound  started
99.6553 	EXP 	Sound  started
99.7058 	DATA 	Keypress: rctrl
100.3937 	DATA 	Keypress: lctrl
100.4053 	EXP 	Sound  started
101.0657 	DATA 	Keypress: rctrl
101.1553 	EXP 	Sound  started
101.8337 	DATA 	Keypress: rctrl
101.9053 	EXP 	Sound  started
102.5857 	DATA 	Keypress: lctrl
102.6553 	EXP 	Sound  started
103.3537 	DATA 	Keypress: lctrl
103.4053 	EXP 	Sound  started
104.0738 	DATA 	Keypress: rctrl
104.1553 	EXP 	Sound  started
104.8097 	DATA 	Keypress: lctrl
104.9053 	EXP 	Sound  started
105.5618 	DATA 	Keypress: rctrl
105.6554 	EXP 	Sound  started
106.3298 	DATA 	Keypress: rctrl
106.4054 	EXP 	Sound  started
107.1458 	DATA 	Keypress: lctrl
107.1554 	EXP 	Sound  started
107.9054 	EXP 	Sound  started
108.0737 	DATA 	Keypress: rctrl
108.6554 	EXP 	Sound  started
108.7297 	DATA 	Keypress: rctrl
109.3857 	DATA 	Keypress: lctrl
109.4054 	EXP 	Sound  started
110.1377 	DATA 	Keypress: lctrl
110.1555 	EXP 	Sound  started
110.9055 	EXP 	Sound  started
110.9058 	DATA 	Keypress: rctrl
111.6417 	DATA 	Keypress: lctrl
111.6555 	EXP 	Sound  started
112.3617 	DATA 	Keypress: rctrl
112.4055 	EXP 	Sound  started
113.1459 	DATA 	Keypress: rctrl
113.1555 	EXP 	Sound  started
113.9055 	EXP 	Sound  started
113.9617 	DATA 	Keypress: lctrl
114.6555 	EXP 	Sound  started
114.6977 	DATA 	Keypress: rctrl
115.3858 	DATA 	Keypress: lctrl
115.4055 	EXP 	Sound  started
116.1556 	EXP 	Sound  started
116.1697 	DATA 	Keypress: rctrl
116.8577 	DATA 	Keypress: lctrl
116.9056 	EXP 	Sound  started
117.6556 	EXP 	Sound  started
117.6577 	DATA 	Keypress: lctrl
118.4056 	EXP 	Sound  started
118.4417 	DATA 	Keypress: rctrl
119.1556 	EXP 	Sound  started
119.1777 	DATA 	Keypress: lctrl
119.9056 	EXP 	Sound  started
119.9778 	DATA 	Keypress: rctrl
120.6556 	EXP 	Sound  started
120.6817 	DATA 	Keypress: rctrl
121.3857 	DATA 	Keypress: lctrl
121.4057 	EXP 	Sound  started
122.1377 	DATA 	Keypress: rctrl
122.1557 	EXP 	Sound  started
122.9057 	DATA 	Keypress: lctrl
122.9059 	EXP 	Sound  started
123.6559 	EXP 	Sound  started
123.6897 	DATA 	Keypress: lctrl
124.4059 	EXP 	Sound  started
124.4098 	DATA 	Keypress: rctrl
125.1297 	DATA 	Keypress: lctrl
125.1559 	EXP 	Sound  started
125.8819 	DATA 	Keypress: rctrl
125.9059 	EXP 	Sound  started
126.5697 	DATA 	Keypress: rctrl
126.6560 	EXP 	Sound  started
127.3378 	DATA 	Keypress: rctrl
127.4060 	EXP 	Sound  started
128.0737 	DATA 	Keypress: rctrl
128.1560 	EXP 	Sound  started
128.8897 	DATA 	Keypress: lctrl
128.9060 	EXP 	Sound  started
129.6560 	EXP 	Sound  started
129.6578 	DATA 	Keypress: rctrl
130.4060 	EXP 	Sound  started
130.4258 	DATA 	Keypress: lctrl
131.1298 	DATA 	Keypress: rctrl
131.1561 	EXP 	Sound  started
131.8657 	DATA 	Keypress: lctrl
131.9061 	EXP 	Sound  started
132.6177 	DATA 	Keypress: rctrl
132.6561 	EXP 	Sound  started
133.3697 	DATA 	Keypress: rctrl
133.4061 	EXP 	Sound  started
134.0897 	DATA 	Keypress: rctrl
134.1561 	EXP 	Sound  started
134.9061 	EXP 	Sound  started
134.9218 	DATA 	Keypress: rctrl
135.6561 	EXP 	Sound  started
135.7538 	DATA 	Keypress: lctrl
136.4062 	EXP 	Sound  started
136.5378 	DATA 	Keypress: rctrl
137.1562 	EXP 	Sound  started
137.2098 	DATA 	Keypress: lctrl
137.9062 	EXP 	Sound  started
137.9458 	DATA 	Keypress: rctrl
138.6562 	EXP 	Sound  started
138.7137 	DATA 	Keypress: rctrl
139.4062 	EXP 	Sound  started
139.4337 	DATA 	Keypress: rctrl
140.1562 	EXP 	Sound  started
140.2017 	DATA 	Keypress: rctrl
140.9062 	EXP 	Sound  started
141.0018 	DATA 	Keypress: lctrl
141.6563 	EXP 	Sound  started
141.7857 	DATA 	Keypress: rctrl
142.4063 	EXP 	Sound  started
142.4578 	DATA 	Keypress: lctrl
143.1563 	EXP 	Sound  started
143.1777 	DATA 	Keypress: rctrl
143.9063 	EXP 	Sound  started
143.9298 	DATA 	Keypress: lctrl
144.6563 	EXP 	Sound  started
144.6977 	DATA 	Keypress: rctrl
145.4528 	DATA 	Keypress: rctrl
147.9006 	DATA 	Keypress: 3
147.9171 	EXP 	unnamed ShapeStim: vertices = <class 'numpy.ndarray'>
149.8027 	DATA 	Keypress: 2
149.8192 	EXP 	unnamed ShapeStim: vertices = <class 'numpy.ndarray'>
152.2880 	DATA 	Keypress: 3
152.3046 	EXP 	unnamed ShapeStim: vertices = <class 'numpy.ndarray'>
154.5888 	EXP 	Sound  started
154.8418 	DATA 	Keypress: rctrl
155.3387 	EXP 	Sound  started
155.4337 	DATA 	Keypress: rctrl
156.0887 	EXP 	Sound  started
156.0897 	DATA 	Keypress: rctrl
156.7457 	DATA 	Keypress: lctrl
156.8387 	EXP 	Sound  started
157.5887 	EXP 	Sound  started
157.5937 	DATA 	Keypress: rctrl
158.3297 	DATA 	Keypress: lctrl
158.3387 	EXP 	Sound  started
159.0497 	DATA 	Keypress: lctrl
159.0887 	EXP 	Sound  started
159.8387 	EXP 	Sound  started
160.5378 	DATA 	Keypress: lctrl
160.5888 	EXP 	Sound  started
161.3057 	DATA 	Keypress: rctrl
161.3388 	EXP 	Sound  started
162.0888 	EXP 	Sound  started
162.1057 	DATA 	Keypress: lctrl
162.8257 	DATA 	Keypress: rctrl
162.8388 	EXP 	Sound  started
163.5888 	EXP 	Sound  started
163.6257 	DATA 	Keypress: rctrl
164.2977 	DATA 	Keypress: lctrl
164.3388 	EXP 	Sound  started
165.0498 	DATA 	Keypress: rctrl
165.0889 	EXP 	Sound  started
165.8177 	DATA 	Keypress: rctrl
165.8389 	EXP 	Sound  started
166.5697 	DATA 	Keypress: lctrl
166.5889 	EXP 	Sound  started
167.3389 	EXP 	Sound  started
167.3537 	DATA 	Keypress: rctrl
168.0889 	EXP 	Sound  started
168.0896 	DATA 	Keypress: rctrl
168.8258 	DATA 	Keypress: lctrl
168.8389 	EXP 	Sound  started
169.5890 	EXP 	Sound  started
169.5938 	DATA 	Keypress: rctrl
170.3390 	EXP 	Sound  started
170.3937 	DATA 	Keypress: lctrl
171.0497 	DATA 	Keypress: lctrl
171.0890 	EXP 	Sound  started
171.8177 	DATA 	Keypress: lctrl
171.8390 	EXP 	Sound  started
172.5537 	DATA 	Keypress: rctrl
172.5890 	EXP 	Sound  started
173.3217 	DATA 	Keypress: lctrl
173.3390 	EXP 	Sound  started
174.0737 	DATA 	Keypress: rctrl
174.0890 	EXP 	Sound  started
174.8390 	EXP 	Sound  started
174.8417 	DATA 	Keypress: rctrl
175.5891 	EXP 	Sound  started
175.5937 	DATA 	Keypress: rctrl
176.3391 	EXP 	Sound  started
176.3777 	DATA 	Keypress: rctrl
177.0891 	EXP 	Sound  started
177.1457 	DATA 	Keypress: rctrl
177.8337 	DATA 	Keypress: lctrl
177.8391 	EXP 	Sound  started
178.5891 	EXP 	Sound  started
178.6496 	DATA 	Keypress: rctrl
179.3378 	DATA 	Keypress: lctrl
179.3391 	EXP 	Sound  started
180.0891 	EXP 	Sound  started
180.0897 	DATA 	Keypress: lctrl
180.8257 	DATA 	Keypress: lctrl
180.8392 	EXP 	Sound  started
181.5892 	EXP 	Sound  started
181.6257 	DATA 	Keypress: rctrl
182.3297 	DATA 	Keypress: rctrl
182.3392 	EXP 	Sound  started
183.0656 	DATA 	Keypress: lctrl
183.0892 	EXP 	Sound  started
183.8392 	EXP 	Sound  started
184.5696 	DATA 	Keypress: lctrl
184.5892 	EXP 	Sound  started
185.3378 	DATA 	Keypress: lctrl
185.3392 	EXP 	Sound  started
186.0893 	EXP 	Sound  started
186.8098 	DATA 	Keypress: lctrl
186.8393 	EXP 	Sound  started
187.5893 	EXP 	Sound  started
187.7057 	DATA 	Keypress: lctrl
188.3393 	EXP 	Sound  started
188.4096 	DATA 	Keypress: rctrl
189.0893 	EXP 	Sound  started
189.1298 	DATA 	Keypress: rctrl
189.8393 	EXP 	Sound  started
189.8657 	DATA 	Keypress: lctrl
190.5893 	EXP 	Sound  started
190.6337 	DATA 	Keypress: rctrl
191.3394 	EXP 	Sound  started
191.3536 	DATA 	Keypress: lctrl
192.0894 	EXP 	Sound  started
192.0896 	DATA 	Keypress: rctrl
192.7937 	DATA 	Keypress: rctrl
192.8394 	EXP 	Sound  started
193.5457 	DATA 	Keypress: lctrl
193.5894 	EXP 	Sound  started
194.3137 	DATA 	Keypress: rctrl
194.3394 	EXP 	Sound  started
195.0894 	EXP 	Sound  started
195.1457 	DATA 	Keypress: rctrl
195.8177 	DATA 	Keypress: lctrl
195.8394 	EXP 	Sound  started
196.5857 	DATA 	Keypress: lctrl
196.5894 	EXP 	Sound  started
197.3394 	EXP 	Sound  started
197.3538 	DATA 	Keypress: rctrl
198.0895 	EXP 	Sound  started
198.1377 	DATA 	Keypress: rctrl
198.8097 	DATA 	Keypress: lctrl
198.8395 	EXP 	Sound  started
199.5777 	DATA 	Keypress: rctrl
199.5895 	EXP 	Sound  started
200.3137 	DATA 	Keypress: rctrl
200.3395 	EXP 	Sound  started
201.0177 	DATA 	Keypress: rctrl
201.0895 	EXP 	Sound  started
201.7698 	DATA 	Keypress: lctrl
201.8395 	EXP 	Sound  started
202.5857 	DATA 	Keypress: rctrl
202.5895 	EXP 	Sound  started
203.3058 	DATA 	Keypress: rctrl
203.3396 	EXP 	Sound  started
204.0738 	DATA 	Keypress: rctrl
204.0896 	EXP 	Sound  started
204.8396 	EXP 	Sound  started
204.8417 	DATA 	Keypress: lctrl
205.5896 	EXP 	Sound  started
205.6257 	DATA 	Keypress: rctrl
206.3396 	EXP 	Sound  started
206.4097 	DATA 	Keypress: lctrl
207.0896 	EXP 	Sound  started
207.1136 	DATA 	Keypress: rctrl
207.8396 	EXP 	Sound  started
207.9457 	DATA 	Keypress: lctrl
208.5896 	EXP 	Sound  started
208.6017 	DATA 	Keypress: rctrl
209.3397 	EXP 	Sound  started
209.3537 	DATA 	Keypress: rctrl
210.0897 	DATA 	Keypress: rctrl
210.0899 	EXP 	Sound  started
210.8399 	EXP 	Sound  started
210.8416 	DATA 	Keypress: rctrl
211.5777 	DATA 	Keypress: lctrl
211.5900 	EXP 	Sound  started
212.3400 	EXP 	Sound  started
212.3617 	DATA 	Keypress: lctrl
213.0900 	EXP 	Sound  started
213.1777 	DATA 	Keypress: lctrl
213.8400 	EXP 	Sound  started
213.8657 	DATA 	Keypress: rctrl
214.5536 	DATA 	Keypress: lctrl
214.5900 	EXP 	Sound  started
215.3400 	EXP 	Sound  started
215.3856 	DATA 	Keypress: rctrl
216.0737 	DATA 	Keypress: lctrl
216.0900 	EXP 	Sound  started
216.8400 	EXP 	Sound  started
216.8737 	DATA 	Keypress: rctrl
217.5900 	EXP 	Sound  started
217.6096 	DATA 	Keypress: rctrl
218.2977 	DATA 	Keypress: rctrl
218.3401 	EXP 	Sound  started
219.0901 	EXP 	Sound  started
219.1457 	DATA 	Keypress: rctrl
219.8337 	DATA 	Keypress: lctrl
222.1614 	DATA 	Keypress: 2
222.1779 	EXP 	unnamed ShapeStim: vertices = <class 'numpy.ndarray'>
223.9463 	DATA 	Keypress: 4
223.9627 	EXP 	unnamed ShapeStim: vertices = <class 'numpy.ndarray'>
226.2689 	DATA 	Keypress: 1
226.2984 	EXP 	unnamed ShapeStim: vertices = <class 'numpy.ndarray'>
228.5831 	EXP 	Sound  started
228.5840 	DATA 	Keypress: rctrl
229.3058 	DATA 	Keypress: rctrl
229.3329 	EXP 	Sound  started
230.0576 	DATA 	Keypress: lctrl
230.0829 	EXP 	Sound  started
230.8329 	EXP 	Sound  started
230.8897 	DATA 	Keypress: lctrl
231.5777 	DATA 	Keypress: lctrl
231.5830 	EXP 	Sound  started
232.2817 	DATA 	Keypress: lctrl
232.3330 	EXP 	Sound  started
233.0017 	DATA 	Keypress: lctrl
233.0830 	EXP 	Sound  started
233.7538 	DATA 	Keypress: rctrl
233.8330 	EXP 	Sound  started
234.5377 	DATA 	Keypress: rctrl
234.5830 	EXP 	Sound  started
235.2737 	DATA 	Keypress: rctrl
235.3330 	EXP 	Sound  started
236.0096 	DATA 	Keypress: rctrl
236.0830 	EXP 	Sound  started
236.7617 	DATA 	Keypress: lctrl
236.8331 	EXP 	Sound  started
237.5137 	DATA 	Keypress: lctrl
237.5831 	EXP 	Sound  started
238.2977 	DATA 	Keypress: lctrl
238.3331 	EXP 	Sound  started
238.9856 	DATA 	Keypress: rctrl
239.0831 	EXP 	Sound  started
239.7537 	DATA 	Keypress: rctrl
239.8331 	EXP 	Sound  started
240.5831 	EXP 	Sound  started
240.5856 	DATA 	Keypress: lctrl
241.3217 	DATA 	Keypress: rctrl
241.3331 	EXP 	Sound  started
242.0737 	DATA 	Keypress: lctrl
242.0832 	EXP 	Sound  started
242.8332 	EXP 	Sound  started
242.8416 	DATA 	Keypress: rctrl
243.5832 	EXP 	Sound  started
243.6417 	DATA 	Keypress: rctrl
244.3332 	EXP 	Sound  started
244.4097 	DATA 	Keypress: rctrl
245.0832 	EXP 	Sound  started
245.2736 	DATA 	Keypress: rctrl
245.8332 	EXP 	Sound  started
245.8656 	DATA 	Keypress: lctrl
246.5832 	EXP 	Sound  started
246.6017 	DATA 	Keypress: lctrl
247.3332 	EXP 	Sound  started
247.3536 	DATA 	Keypress: rctrl
248.0833 	EXP 	Sound  started
248.1056 	DATA 	Keypress: rctrl
248.8333 	EXP 	Sound  started
248.8737 	DATA 	Keypress: rctrl
249.5833 	EXP 	Sound  started
249.6097 	DATA 	Keypress: lctrl
250.3296 	DATA 	Keypress: lctrl
250.3333 	EXP 	Sound  started
251.0817 	DATA 	Keypress: lctrl
251.0833 	EXP 	Sound  started
251.8333 	EXP 	Sound  started
251.8657 	DATA 	Keypress: rctrl
252.5697 	DATA 	Keypress: rctrl
252.5834 	EXP 	Sound  started
253.3334 	EXP 	Sound  started
253.3536 	DATA 	Keypress: rctrl
254.0256 	DATA 	Keypress: rctrl
254.0834 	EXP 	Sound  started
254.7457 	DATA 	Keypress: lctrl
254.8334 	EXP 	Sound  started
255.4976 	DATA 	Keypress: rctrl
255.5834 	EXP 	Sound  started
256.2816 	DATA 	Keypress: lctrl
256.3334 	EXP 	Sound  started
257.0337 	DATA 	Keypress: rctrl
257.0834 	EXP 	Sound  started
257.7856 	DATA 	Keypress: lctrl
257.8334 	EXP 	Sound  started
258.5835 	EXP 	Sound  started
258.7137 	DATA 	Keypress: rctrl
259.3335 	EXP 	Sound  started
259.4336 	DATA 	Keypress: rctrl
260.0835 	EXP 	Sound  started
260.1377 	DATA 	Keypress: rctrl
260.8335 	EXP 	Sound  started
260.8897 	DATA 	Keypress: rctrl
261.5835 	EXP 	Sound  started
261.5937 	DATA 	Keypress: lctrl
262.3298 	DATA 	Keypress: rctrl
262.3335 	EXP 	Sound  started
263.0817 	DATA 	Keypress: lctrl
263.0835 	EXP 	Sound  started
263.7696 	DATA 	Keypress: lctrl
263.8336 	EXP 	Sound  started
264.5696 	DATA 	Keypress: rctrl
264.5836 	EXP 	Sound  started
265.3216 	DATA 	Keypress: rctrl
265.3336 	EXP 	Sound  started
266.0737 	DATA 	Keypress: lctrl
266.0836 	EXP 	Sound  started
266.8256 	DATA 	Keypress: rctrl
266.8336 	EXP 	Sound  started
267.5836 	EXP 	Sound  started
267.5936 	DATA 	Keypress: lctrl
268.3296 	DATA 	Keypress: rctrl
268.3336 	EXP 	Sound  started
269.0837 	EXP 	Sound  started
269.0976 	DATA 	Keypress: lctrl
269.8337 	EXP 	Sound  started
269.8497 	DATA 	Keypress: rctrl
270.5837 	EXP 	Sound  started
270.6016 	DATA 	Keypress: lctrl
271.3337 	EXP 	Sound  started
271.3537 	DATA 	Keypress: rctrl
272.0837 	EXP 	Sound  started
272.1377 	DATA 	Keypress: rctrl
272.7617 	DATA 	Keypress: lctrl
272.8337 	EXP 	Sound  started
273.5616 	DATA 	Keypress: rctrl
273.5837 	EXP 	Sound  started
274.3338 	EXP 	Sound  started
274.3777 	DATA 	Keypress: rctrl
275.0656 	DATA 	Keypress: lctrl
275.0838 	EXP 	Sound  started
275.8338 	EXP 	Sound  started
275.8976 	DATA 	Keypress: rctrl
276.5838 	EXP 	Sound  started
276.6497 	DATA 	Keypress: rctrl
277.3216 	DATA 	Keypress: lctrl
277.3338 	EXP 	Sound  started
278.0416 	DATA 	Keypress: rctrl
278.0838 	EXP 	Sound  started
278.8096 	DATA 	Keypress: rctrl
278.8338 	EXP 	Sound  started
279.5136 	DATA 	Keypress: lctrl
279.5839 	EXP 	Sound  started
280.3296 	DATA 	Keypress: rctrl
280.3339 	EXP 	Sound  started
281.0816 	DATA 	Keypress: lctrl
281.0839 	EXP 	Sound  started
281.8016 	DATA 	Keypress: rctrl
281.8339 	EXP 	Sound  started
282.5839 	EXP 	Sound  started
282.5856 	DATA 	Keypress: rctrl
283.2897 	DATA 	Keypress: lctrl
283.3339 	EXP 	Sound  started
284.0416 	DATA 	Keypress: rctrl
284.0839 	EXP 	Sound  started
284.8096 	DATA 	Keypress: rctrl
284.8339 	EXP 	Sound  started
285.5776 	DATA 	Keypress: lctrl
285.5840 	EXP 	Sound  started
286.3340 	EXP 	Sound  started
286.3776 	DATA 	Keypress: rctrl
287.0497 	DATA 	Keypress: lctrl
287.0840 	EXP 	Sound  started
287.8016 	DATA 	Keypress: lctrl
287.8340 	EXP 	Sound  started
288.5840 	EXP 	Sound  started
288.6016 	DATA 	Keypress: rctrl
289.3057 	DATA 	Keypress: lctrl
289.3340 	EXP 	Sound  started
290.0257 	DATA 	Keypress: rctrl
290.0840 	EXP 	Sound  started
290.8256 	DATA 	Keypress: rctrl
290.8341 	EXP 	Sound  started
291.6521 	DATA 	Keypress: rctrl
295.7383 	DATA 	Keypress: 3
295.7548 	EXP 	unnamed ShapeStim: vertices = <class 'numpy.ndarray'>
297.5736 	DATA 	Keypress: 3
297.5901 	EXP 	unnamed ShapeStim: vertices = <class 'numpy.ndarray'>
299.3751 	DATA 	Keypress: 3
299.3916 	EXP 	unnamed ShapeStim: vertices = <class 'numpy.ndarray'>
301.6768 	EXP 	Sound  started
301.6777 	DATA 	Keypress: rctrl
302.3457 	DATA 	Keypress: lctrl
302.4267 	EXP 	Sound  started
303.1767 	EXP 	Sound  started
303.1777 	DATA 	Keypress: rctrl
303.8977 	DATA 	Keypress: lctrl
303.9267 	EXP 	Sound  started
304.6496 	DATA 	Keypress: rctrl
304.6767 	EXP 	Sound  started
305.3696 	DATA 	Keypress: lctrl
305.4267 	EXP 	Sound  started
306.1217 	DATA 	Keypress: rctrl
306.1768 	EXP 	Sound  started
306.9268 	EXP 	Sound  started
306.9376 	DATA 	Keypress: rctrl
307.6577 	DATA 	Keypress: lctrl
307.6768 	EXP 	Sound  started
308.3936 	DATA 	Keypress: rctrl
308.4268 	EXP 	Sound  started
309.1456 	DATA 	Keypress: lctrl
309.1768 	EXP 	Sound  started
309.8656 	DATA 	Keypress: rctrl
309.9268 	EXP 	Sound  started
310.6336 	DATA 	Keypress: lctrl
310.6769 	EXP 	Sound  started
311.4016 	DATA 	Keypress: rctrl
311.4269 	EXP 	Sound  started
312.1216 	DATA 	Keypress: lctrl
312.1769 	EXP 	Sound  started
312.8736 	DATA 	Keypress: rctrl
312.9269 	EXP 	Sound  started
313.6769 	EXP 	Sound  started
313.6896 	DATA 	Keypress: rctrl
314.4269 	EXP 	Sound  started
314.4577 	DATA 	Keypress: rctrl
315.1769 	EXP 	Sound  started
315.1776 	DATA 	Keypress: lctrl
315.8976 	DATA 	Keypress: rctrl
315.9269 	EXP 	Sound  started
316.6496 	DATA 	Keypress: rctrl
316.6770 	EXP 	Sound  started
317.4016 	DATA 	Keypress: lctrl
317.4270 	EXP 	Sound  started
318.1770 	EXP 	Sound  started
318.2016 	DATA 	Keypress: rctrl
318.8576 	DATA 	Keypress: lctrl
318.9270 	EXP 	Sound  started
319.6770 	EXP 	Sound  started
319.6897 	DATA 	Keypress: rctrl
320.3937 	DATA 	Keypress: rctrl
320.4270 	EXP 	Sound  started
321.1770 	EXP 	Sound  started
321.2256 	DATA 	Keypress: lctrl
321.9137 	DATA 	Keypress: rctrl
321.9270 	EXP 	Sound  started
322.6497 	DATA 	Keypress: lctrl
322.6771 	EXP 	Sound  started
323.4016 	DATA 	Keypress: lctrl
323.4271 	EXP 	Sound  started
324.1696 	DATA 	Keypress: rctrl
324.1771 	EXP 	Sound  started
324.9216 	DATA 	Keypress: lctrl
324.9271 	EXP 	Sound  started
325.6771 	EXP 	Sound  started
325.7216 	DATA 	Keypress: rctrl
326.4271 	EXP 	Sound  started
326.4416 	DATA 	Keypress: rctrl
327.1457 	DATA 	Keypress: rctrl
327.1771 	EXP 	Sound  started
327.9271 	EXP 	Sound  started
327.9456 	DATA 	Keypress: lctrl
328.6772 	EXP 	Sound  started
328.7136 	DATA 	Keypress: rctrl
329.4016 	DATA 	Keypress: lctrl
329.4272 	EXP 	Sound  started
330.1696 	DATA 	Keypress: lctrl
330.1772 	EXP 	Sound  started
330.9216 	DATA 	Keypress: rctrl
330.9272 	EXP 	Sound  started
331.6772 	EXP 	Sound  started
332.4272 	EXP 	Sound  started
332.4417 	DATA 	Keypress: rctrl
333.1772 	EXP 	Sound  started
333.1776 	DATA 	Keypress: lctrl
333.8976 	DATA 	Keypress: rctrl
333.9272 	EXP 	Sound  started
334.6772 	EXP 	Sound  started
334.7295 	DATA 	Keypress: rctrl
335.4273 	EXP 	Sound  started
335.4336 	DATA 	Keypress: rctrl
336.1056 	DATA 	Keypress: lctrl
336.1773 	EXP 	Sound  started
336.9056 	DATA 	Keypress: rctrl
336.9273 	EXP 	Sound  started
337.6095 	DATA 	Keypress: lctrl
337.6773 	EXP 	Sound  started
338.3616 	DATA 	Keypress: rctrl
338.4273 	EXP 	Sound  started
339.1616 	DATA 	Keypress: lctrl
339.1773 	EXP 	Sound  started
339.8816 	DATA 	Keypress: rctrl
339.9273 	EXP 	Sound  started
340.6774 	EXP 	Sound  started
340.6976 	DATA 	Keypress: lctrl
341.4176 	DATA 	Keypress: rctrl
341.4274 	EXP 	Sound  started
342.1774 	EXP 	Sound  started
342.2016 	DATA 	Keypress: lctrl
342.9274 	EXP 	Sound  started
342.9376 	DATA 	Keypress: rctrl
343.6774 	EXP 	Sound  started
343.7217 	DATA 	Keypress: lctrl
344.4096 	DATA 	Keypress: rctrl
344.4274 	EXP 	Sound  started
345.1774 	EXP 	Sound  started
345.1936 	DATA 	Keypress: rctrl
345.9275 	EXP 	Sound  started
345.9295 	DATA 	Keypress: lctrl
346.6656 	DATA 	Keypress: rctrl
346.6775 	EXP 	Sound  started
347.4176 	DATA 	Keypress: rctrl
347.4275 	EXP 	Sound  started
348.1775 	EXP 	Sound  started
348.2176 	DATA 	Keypress: lctrl
348.9275 	EXP 	Sound  started
348.9377 	DATA 	Keypress: rctrl
349.6256 	DATA 	Keypress: rctrl
349.6775 	EXP 	Sound  started
350.4275 	EXP 	Sound  started
350.4576 	DATA 	Keypress: lctrl
351.1776 	EXP 	Sound  started
351.2096 	DATA 	Keypress: rctrl
351.9276 	EXP 	Sound  started
351.9296 	DATA 	Keypress: lctrl
352.6657 	DATA 	Keypress: rctrl
352.6776 	EXP 	Sound  started
353.3857 	DATA 	Keypress: rctrl
353.4276 	EXP 	Sound  started
354.1697 	DATA 	Keypress: rctrl
354.1776 	EXP 	Sound  started
354.9276 	EXP 	Sound  started
355.0496 	DATA 	Keypress: lctrl
355.6776 	EXP 	Sound  started
355.7056 	DATA 	Keypress: rctrl
356.3776 	DATA 	Keypress: lctrl
356.4277 	EXP 	Sound  started
357.1455 	DATA 	Keypress: lctrl
357.1777 	EXP 	Sound  started
357.9277 	EXP 	Sound  started
357.9297 	DATA 	Keypress: rctrl
358.6777 	EXP 	Sound  started
358.6976 	DATA 	Keypress: rctrl
359.3536 	DATA 	Keypress: lctrl
359.4277 	EXP 	Sound  started
360.1376 	DATA 	Keypress: rctrl
360.1777 	EXP 	Sound  started
360.9056 	DATA 	Keypress: lctrl
360.9277 	EXP 	Sound  started
361.6576 	DATA 	Keypress: lctrl
361.6777 	EXP 	Sound  started
362.4096 	DATA 	Keypress: rctrl
362.4278 	EXP 	Sound  started
363.1616 	DATA 	Keypress: rctrl
363.1778 	EXP 	Sound  started
363.8817 	DATA 	Keypress: lctrl
363.9278 	EXP 	Sound  started
364.6336 	DATA 	Keypress: rctrl
364.6778 	EXP 	Sound  started
365.3855 	DATA 	Keypress: rctrl
365.4278 	EXP 	Sound  started
366.1536 	DATA 	Keypress: lctrl
369.0519 	DATA 	Keypress: 2
369.0815 	EXP 	unnamed ShapeStim: vertices = <class 'numpy.ndarray'>
370.8831 	DATA 	Keypress: 4
370.8996 	EXP 	unnamed ShapeStim: vertices = <class 'numpy.ndarray'>
372.9723 	DATA 	Keypress: 1
373.0018 	EXP 	unnamed ShapeStim: vertices = <class 'numpy.ndarray'>
375.2867 	EXP 	Sound  started
375.2875 	DATA 	Keypress: rctrl
376.0097 	DATA 	Keypress: rctrl
376.0365 	EXP 	Sound  started
376.6657 	DATA 	Keypress: lctrl
376.7865 	EXP 	Sound  started
377.4497 	DATA 	Keypress: lctrl
377.5366 	EXP 	Sound  started
378.2815 	DATA 	Keypress: rctrl
378.2866 	EXP 	Sound  started
379.0366 	EXP 	Sound  started
379.0975 	DATA 	Keypress: lctrl
379.7866 	EXP 	Sound  started
379.8336 	DATA 	Keypress: rctrl
380.5056 	DATA 	Keypress: rctrl
380.5366 	EXP 	Sound  started
381.2255 	DATA 	Keypress: rctrl
381.2866 	EXP 	Sound  started
382.0257 	DATA 	Keypress: lctrl
382.0366 	EXP 	Sound  started
382.7867 	EXP 	Sound  started
382.7937 	DATA 	Keypress: rctrl
383.4817 	DATA 	Keypress: lctrl
383.5367 	EXP 	Sound  started
384.2176 	DATA 	Keypress: lctrl
384.2867 	EXP 	Sound  started
384.9855 	DATA 	Keypress: lctrl
385.0367 	EXP 	Sound  started
385.7376 	DATA 	Keypress: rctrl
385.7867 	EXP 	Sound  started
386.4416 	DATA 	Keypress: lctrl
386.5367 	EXP 	Sound  started
387.2255 	DATA 	Keypress: rctrl
387.2867 	EXP 	Sound  started
388.0255 	DATA 	Keypress: rctrl
388.0367 	EXP 	Sound  started
388.7135 	DATA 	Keypress: lctrl
388.7867 	EXP 	Sound  started
389.4495 	DATA 	Keypress: rctrl
389.5368 	EXP 	Sound  started
390.2496 	DATA 	Keypress: lctrl
390.2868 	EXP 	Sound  started
391.0015 	DATA 	Keypress: lctrl
391.0368 	EXP 	Sound  started
391.7868 	EXP 	Sound  started
392.4896 	DATA 	Keypress: rctrl
392.5368 	EXP 	Sound  started
393.2868 	EXP 	Sound  started
393.3216 	DATA 	Keypress: lctrl
394.0368 	EXP 	Sound  started
394.1856 	DATA 	Keypress: rctrl
394.7775 	DATA 	Keypress: lctrl
394.7869 	EXP 	Sound  started
395.4816 	DATA 	Keypress: rctrl
395.5369 	EXP 	Sound  started
396.2816 	DATA 	Keypress: rctrl
396.2869 	EXP 	Sound  started
396.9695 	DATA 	Keypress: rctrl
397.0369 	EXP 	Sound  started
397.7536 	DATA 	Keypress: lctrl
397.7869 	EXP 	Sound  started
398.4896 	DATA 	Keypress: rctrl
398.5369 	EXP 	Sound  started
399.2096 	DATA 	Keypress: lctrl
399.2869 	EXP 	Sound  started
399.9296 	DATA 	Keypress: lctrl
400.0369 	EXP 	Sound  started
400.6977 	DATA 	Keypress: lctrl
400.7870 	EXP 	Sound  started
401.4656 	DATA 	Keypress: rctrl
401.5370 	EXP 	Sound  started
402.2655 	DATA 	Keypress: lctrl
402.2870 	EXP 	Sound  started
403.0370 	EXP 	Sound  started
403.0976 	DATA 	Keypress: rctrl
403.7376 	DATA 	Keypress: rctrl
403.7870 	EXP 	Sound  started
404.5216 	DATA 	Keypress: lctrl
404.5370 	EXP 	Sound  started
405.2256 	DATA 	Keypress: rctrl
405.2870 	EXP 	Sound  started
406.0370 	EXP 	Sound  started
406.1056 	DATA 	Keypress: lctrl
406.7775 	DATA 	Keypress: rctrl
406.7871 	EXP 	Sound  started
407.4976 	DATA 	Keypress: rctrl
407.5371 	EXP 	Sound  started
408.2871 	EXP 	Sound  started
408.4416 	DATA 	Keypress: lctrl
409.0371 	EXP 	Sound  started
409.0976 	DATA 	Keypress: lctrl
409.7695 	DATA 	Keypress: rctrl
409.7871 	EXP 	Sound  started
410.5055 	DATA 	Keypress: lctrl
410.5371 	EXP 	Sound  started
411.2577 	DATA 	Keypress: lctrl
411.2872 	EXP 	Sound  started
411.9776 	DATA 	Keypress: rctrl
412.0372 	EXP 	Sound  started
412.6977 	DATA 	Keypress: rctrl
412.7872 	EXP 	Sound  started
413.5136 	DATA 	Keypress: rctrl
413.5372 	EXP 	Sound  started
414.2872 	EXP 	Sound  started
414.2976 	DATA 	Keypress: rctrl
415.0372 	EXP 	Sound  started
415.0495 	DATA 	Keypress: rctrl
415.7856 	DATA 	Keypress: rctrl
415.7872 	EXP 	Sound  started
416.5373 	EXP 	Sound  started
416.5856 	DATA 	Keypress: lctrl
417.2873 	EXP 	Sound  started
417.3535 	DATA 	Keypress: rctrl
418.0373 	EXP 	Sound  started
418.0736 	DATA 	Keypress: lctrl
418.7775 	DATA 	Keypress: lctrl
418.7873 	EXP 	Sound  started
419.5135 	DATA 	Keypress: lctrl
419.5373 	EXP 	Sound  started
420.2336 	DATA 	Keypress: lctrl
420.2873 	EXP 	Sound  started
421.0175 	DATA 	Keypress: rctrl
421.0373 	EXP 	Sound  started
421.7376 	DATA 	Keypress: lctrl
421.7873 	EXP 	Sound  started
422.5056 	DATA 	Keypress: rctrl
422.5373 	EXP 	Sound  started
423.2575 	DATA 	Keypress: rctrl
423.2874 	EXP 	Sound  started
423.9935 	DATA 	Keypress: rctrl
424.0374 	EXP 	Sound  started
424.8147 	DATA 	Keypress: rctrl
426.5121 	DATA 	Keypress: 4
426.5285 	EXP 	unnamed ShapeStim: vertices = <class 'numpy.ndarray'>
429.5645 	DATA 	Keypress: 4
429.5810 	EXP 	unnamed ShapeStim: vertices = <class 'numpy.ndarray'>
437.2746 	DATA 	Keypress: 3
437.3040 	EXP 	unnamed ShapeStim: vertices = <class 'numpy.ndarray'>
439.5889 	EXP 	Sound  started
439.7376 	DATA 	Keypress: rctrl
440.3295 	DATA 	Keypress: lctrl
440.3388 	EXP 	Sound  started
441.0335 	DATA 	Keypress: rctrl
441.0888 	EXP 	Sound  started
441.8015 	DATA 	Keypress: lctrl
441.8388 	EXP 	Sound  started
442.5216 	DATA 	Keypress: rctrl
442.5888 	EXP 	Sound  started
443.3215 	DATA 	Keypress: rctrl
443.3388 	EXP 	Sound  started
444.0256 	DATA 	Keypress: lctrl
444.0888 	EXP 	Sound  started
444.8096 	DATA 	Keypress: rctrl
444.8389 	EXP 	Sound  started
445.5456 	DATA 	Keypress: rctrl
445.5889 	EXP 	Sound  started
446.2496 	DATA 	Keypress: lctrl
446.3389 	EXP 	Sound  started
447.0335 	DATA 	Keypress: rctrl
447.0889 	EXP 	Sound  started
447.7536 	DATA 	Keypress: lctrl
447.8389 	EXP 	Sound  started
448.5056 	DATA 	Keypress: rctrl
448.5889 	EXP 	Sound  started
449.3390 	EXP 	Sound  started
450.0576 	DATA 	Keypress: lctrl
450.0890 	EXP 	Sound  started
450.7935 	DATA 	Keypress: lctrl
450.8390 	EXP 	Sound  started
451.5775 	DATA 	Keypress: rctrl
451.5890 	EXP 	Sound  started
452.3390 	EXP 	Sound  started
452.3455 	DATA 	Keypress: lctrl
453.0655 	DATA 	Keypress: rctrl
453.0890 	EXP 	Sound  started
453.5936 	DATA 	Keypress: lctrl
453.8390 	EXP 	Sound  started
454.2335 	DATA 	Keypress: rctrl
454.5891 	EXP 	Sound  started
455.0495 	DATA 	Keypress: lctrl
455.3391 	EXP 	Sound  started
455.8656 	DATA 	Keypress: rctrl
456.0891 	EXP 	Sound  started
456.6975 	DATA 	Keypress: rctrl
456.8391 	EXP 	Sound  started
457.5776 	DATA 	Keypress: lctrl
457.5891 	EXP 	Sound  started
458.3391 	EXP 	Sound  started
458.3615 	DATA 	Keypress: rctrl
459.0891 	EXP 	Sound  started
459.1296 	DATA 	Keypress: rctrl
459.8391 	EXP 	Sound  started
459.8976 	DATA 	Keypress: lctrl
460.5892 	EXP 	Sound  started
460.6336 	DATA 	Keypress: rctrl
461.3392 	EXP 	Sound  started
461.3536 	DATA 	Keypress: rctrl
462.0892 	EXP 	Sound  started
462.1215 	DATA 	Keypress: lctrl
462.8392 	EXP 	Sound  started
462.8735 	DATA 	Keypress: rctrl
463.5892 	EXP 	Sound  started
463.7055 	DATA 	Keypress: rctrl
464.3392 	EXP 	Sound  started
464.3935 	DATA 	Keypress: lctrl
465.0892 	EXP 	Sound  started
465.0975 	DATA 	Keypress: rctrl
465.8392 	EXP 	Sound  started
465.8655 	DATA 	Keypress: lctrl
466.5856 	DATA 	Keypress: rctrl
466.5893 	EXP 	Sound  started
467.3377 	DATA 	Keypress: rctrl
467.3393 	EXP 	Sound  started
468.0893 	EXP 	Sound  started
468.1216 	DATA 	Keypress: lctrl
468.8393 	EXP 	Sound  started
468.8415 	DATA 	Keypress: rctrl
469.5893 	EXP 	Sound  started
469.6095 	DATA 	Keypress: lctrl
470.3136 	DATA 	Keypress: rctrl
470.3393 	EXP 	Sound  started
471.0893 	EXP 	Sound  started
471.1135 	DATA 	Keypress: rctrl
471.8335 	DATA 	Keypress: lctrl
471.8394 	EXP 	Sound  started
472.5535 	DATA 	Keypress: rctrl
472.5894 	EXP 	Sound  started
473.3394 	EXP 	Sound  started
473.3696 	DATA 	Keypress: rctrl
474.0735 	DATA 	Keypress: lctrl
474.0894 	EXP 	Sound  started
474.8254 	DATA 	Keypress: rctrl
474.8394 	EXP 	Sound  started
475.5894 	EXP 	Sound  started
475.6255 	DATA 	Keypress: rctrl
476.3296 	DATA 	Keypress: rctrl
476.3395 	EXP 	Sound  started
477.0895 	EXP 	Sound  started
477.1456 	DATA 	Keypress: rctrl
477.8395 	EXP 	Sound  started
477.8816 	DATA 	Keypress: lctrl
478.5856 	DATA 	Keypress: rctrl
478.5895 	EXP 	Sound  started
479.3395 	EXP 	Sound  started
479.3535 	DATA 	Keypress: lctrl
480.0895 	EXP 	Sound  started
480.1215 	DATA 	Keypress: lctrl
480.8395 	EXP 	Sound  started
480.8735 	DATA 	Keypress: lctrl
481.5896 	EXP 	Sound  started
481.6735 	DATA 	Keypress: lctrl
482.3396 	EXP 	Sound  started
482.3615 	DATA 	Keypress: rctrl
483.0896 	EXP 	Sound  started
483.0975 	DATA 	Keypress: lctrl
483.8396 	EXP 	Sound  started
483.8975 	DATA 	Keypress: lctrl
484.5896 	EXP 	Sound  started
484.6175 	DATA 	Keypress: rctrl
485.3375 	DATA 	Keypress: lctrl
485.3396 	EXP 	Sound  started
486.0415 	DATA 	Keypress: rctrl
486.0896 	EXP 	Sound  started
486.8396 	EXP 	Sound  started
486.8416 	DATA 	Keypress: rctrl
487.5616 	DATA 	Keypress: rctrl
487.5897 	EXP 	Sound  started
488.3295 	DATA 	Keypress: rctrl
488.3397 	EXP 	Sound  started
489.0816 	DATA 	Keypress: rctrl
489.0897 	EXP 	Sound  started
489.8335 	DATA 	Keypress: rctrl
489.8397 	EXP 	Sound  started
490.5897 	EXP 	Sound  started
490.6175 	DATA 	Keypress: lctrl
491.3397 	EXP 	Sound  started
491.3535 	DATA 	Keypress: rctrl
492.0897 	EXP 	Sound  started
492.1375 	DATA 	Keypress: rctrl
492.8398 	EXP 	Sound  started
492.8575 	DATA 	Keypress: lctrl
493.5937 	DATA 	Keypress: rctrl
497.2699 	DATA 	Keypress: 2
497.2864 	EXP 	unnamed ShapeStim: vertices = <class 'numpy.ndarray'>
499.2215 	DATA 	Keypress: 4
499.2380 	EXP 	unnamed ShapeStim: vertices = <class 'numpy.ndarray'>
501.1569 	DATA 	Keypress: 2
501.1734 	EXP 	unnamed ShapeStim: vertices = <class 'numpy.ndarray'>
503.4582 	EXP 	Sound  started
503.4593 	DATA 	Keypress: rctrl
504.1056 	DATA 	Keypress: rctrl
504.2081 	EXP 	Sound  started
504.8416 	DATA 	Keypress: lctrl
504.9581 	EXP 	Sound  started
505.6414 	DATA 	Keypress: rctrl
505.7081 	EXP 	Sound  started
506.4581 	EXP 	Sound  started
506.4895 	DATA 	Keypress: rctrl
507.1614 	DATA 	Keypress: lctrl
507.2081 	EXP 	Sound  started
507.8815 	DATA 	Keypress: rctrl
507.9581 	EXP 	Sound  started
508.6655 	DATA 	Keypress: lctrl
508.7081 	EXP 	Sound  started
509.4335 	DATA 	Keypress: rctrl
509.4582 	EXP 	Sound  started
510.2016 	DATA 	Keypress: lctrl
510.2082 	EXP 	Sound  started
510.9374 	DATA 	Keypress: lctrl
510.9582 	EXP 	Sound  started
511.6574 	DATA 	Keypress: lctrl
511.7082 	EXP 	Sound  started
512.4415 	DATA 	Keypress: rctrl
512.4582 	EXP 	Sound  started
513.2082 	EXP 	Sound  started
513.2255 	DATA 	Keypress: rctrl
513.8976 	DATA 	Keypress: lctrl
513.9583 	EXP 	Sound  started
514.7083 	EXP 	Sound  started
514.8895 	DATA 	Keypress: rctrl
515.4583 	EXP 	Sound  started
515.6575 	DATA 	Keypress: rctrl
516.2083 	EXP 	Sound  started
516.2974 	DATA 	Keypress: rctrl
516.9583 	EXP 	Sound  started
517.0176 	DATA 	Keypress: rctrl
517.6576 	DATA 	Keypress: lctrl
517.7083 	EXP 	Sound  started
518.3935 	DATA 	Keypress: lctrl
518.4583 	EXP 	Sound  started
519.1136 	DATA 	Keypress: rctrl
519.2083 	EXP 	Sound  started
519.8334 	DATA 	Keypress: lctrl
519.9583 	EXP 	Sound  started
520.6335 	DATA 	Keypress: lctrl
520.7084 	EXP 	Sound  started
521.4015 	DATA 	Keypress: rctrl
521.4584 	EXP 	Sound  started
522.1535 	DATA 	Keypress: lctrl
522.2084 	EXP 	Sound  started
522.8574 	DATA 	Keypress: rctrl
522.9584 	EXP 	Sound  started
523.6735 	DATA 	Keypress: rctrl
523.7084 	EXP 	Sound  started
524.4255 	DATA 	Keypress: rctrl
524.4584 	EXP 	Sound  started
525.2084 	EXP 	Sound  started
525.2094 	DATA 	Keypress: lctrl
525.9585 	EXP 	Sound  started
525.9774 	DATA 	Keypress: lctrl
526.7085 	EXP 	Sound  started
526.7135 	DATA 	Keypress: lctrl
527.4495 	DATA 	Keypress: rctrl
527.4585 	EXP 	Sound  started
528.2085 	EXP 	Sound  started
528.2176 	DATA 	Keypress: lctrl
528.9585 	EXP 	Sound  started
528.9856 	DATA 	Keypress: rctrl
529.7085 	EXP 	Sound  started
529.8015 	DATA 	Keypress: lctrl
530.4586 	EXP 	Sound  started
530.5055 	DATA 	Keypress: lctrl
531.2086 	EXP 	Sound  started
531.2576 	DATA 	Keypress: rctrl
531.9586 	EXP 	Sound  started
532.0094 	DATA 	Keypress: rctrl
532.6976 	DATA 	Keypress: lctrl
532.7086 	EXP 	Sound  started
533.4586 	EXP 	Sound  started
533.4815 	DATA 	Keypress: lctrl
534.2086 	EXP 	Sound  started
534.2176 	DATA 	Keypress: rctrl
534.9375 	DATA 	Keypress: rctrl
534.9586 	EXP 	Sound  started
535.7055 	DATA 	Keypress: rctrl
535.7086 	EXP 	Sound  started
536.4575 	DATA 	Keypress: lctrl
536.4587 	EXP 	Sound  started
537.1775 	DATA 	Keypress: rctrl
537.2087 	EXP 	Sound  started
537.9587 	EXP 	Sound  started
537.9615 	DATA 	Keypress: lctrl
538.6976 	DATA 	Keypress: lctrl
538.7087 	EXP 	Sound  started
539.4496 	DATA 	Keypress: lctrl
539.4587 	EXP 	Sound  started
540.1855 	DATA 	Keypress: rctrl
540.2087 	EXP 	Sound  started
540.9587 	EXP 	Sound  started
540.9695 	DATA 	Keypress: rctrl
541.7087 	EXP 	Sound  started
541.7376 	DATA 	Keypress: rctrl
542.4575 	DATA 	Keypress: lctrl
542.4588 	EXP 	Sound  started
543.2088 	EXP 	Sound  started
543.2254 	DATA 	Keypress: lctrl
543.9455 	DATA 	Keypress: lctrl
543.9588 	EXP 	Sound  started
544.7296 	DATA 	Keypress: lctrl
546.8604 	DATA 	Keypress: 4
546.8770 	EXP 	unnamed ShapeStim: vertices = <class 'numpy.ndarray'>
550.0464 	DATA 	Keypress: 2
550.0629 	EXP 	unnamed ShapeStim: vertices = <class 'numpy.ndarray'>
552.0481 	DATA 	Keypress: 4
552.0646 	EXP 	unnamed ShapeStim: vertices = <class 'numpy.ndarray'>
554.3497 	EXP 	Sound  started
554.3506 	DATA 	Keypress: rctrl
555.0495 	DATA 	Keypress: rctrl
555.0996 	EXP 	Sound  started
555.8175 	DATA 	Keypress: lctrl
555.8496 	EXP 	Sound  started
556.5695 	DATA 	Keypress: rctrl
556.5996 	EXP 	Sound  started
557.3496 	EXP 	Sound  started
557.3535 	DATA 	Keypress: lctrl
558.0734 	DATA 	Keypress: rctrl
558.0997 	EXP 	Sound  started
558.8254 	DATA 	Keypress: rctrl
558.8497 	EXP 	Sound  started
559.5456 	DATA 	Keypress: lctrl
559.5997 	EXP 	Sound  started
560.3497 	EXP 	Sound  started
560.3615 	DATA 	Keypress: rctrl
561.0335 	DATA 	Keypress: lctrl
561.0997 	EXP 	Sound  started
561.8014 	DATA 	Keypress: rctrl
561.8497 	EXP 	Sound  started
562.5997 	EXP 	Sound  started
562.6015 	DATA 	Keypress: lctrl
563.2735 	DATA 	Keypress: rctrl
563.3497 	EXP 	Sound  started
564.0896 	DATA 	Keypress: rctrl
564.0998 	EXP 	Sound  started
564.7775 	DATA 	Keypress: rctrl
564.8498 	EXP 	Sound  started
565.5134 	DATA 	Keypress: lctrl
565.5998 	EXP 	Sound  started
566.3498 	EXP 	Sound  started
566.3614 	DATA 	Keypress: rctrl
567.0494 	DATA 	Keypress: lctrl
567.0998 	EXP 	Sound  started
567.8498 	EXP 	Sound  started
568.5216 	DATA 	Keypress: lctrl
568.5998 	EXP 	Sound  started
569.2895 	DATA 	Keypress: lctrl
569.3498 	EXP 	Sound  started
570.0894 	DATA 	Keypress: lctrl
570.0999 	EXP 	Sound  started
570.8094 	DATA 	Keypress: lctrl
570.8499 	EXP 	Sound  started
571.5455 	DATA 	Keypress: lctrl
571.5999 	EXP 	Sound  started
572.3295 	DATA 	Keypress: rctrl
572.3499 	EXP 	Sound  started
573.0815 	DATA 	Keypress: rctrl
573.0999 	EXP 	Sound  started
573.8175 	DATA 	Keypress: lctrl
573.8499 	EXP 	Sound  started
574.5694 	DATA 	Keypress: rctrl
574.5999 	EXP 	Sound  started
575.3055 	DATA 	Keypress: lctrl
575.3499 	EXP 	Sound  started
576.1000 	EXP 	Sound  started
576.1055 	DATA 	Keypress: lctrl
576.8414 	DATA 	Keypress: lctrl
576.8500 	EXP 	Sound  started
577.5454 	DATA 	Keypress: rctrl
577.6000 	EXP 	Sound  started
578.3454 	DATA 	Keypress: rctrl
578.3500 	EXP 	Sound  started
579.0655 	DATA 	Keypress: lctrl
579.1000 	EXP 	Sound  started
579.8500 	EXP 	Sound  started
579.8815 	DATA 	Keypress: rctrl
580.6000 	EXP 	Sound  started
580.6975 	DATA 	Keypress: rctrl
581.3501 	EXP 	Sound  started
581.3854 	DATA 	Keypress: lctrl
582.1001 	EXP 	Sound  started
582.2014 	DATA 	Keypress: rctrl
582.8501 	EXP 	Sound  started
582.8574 	DATA 	Keypress: lctrl
583.6001 	EXP 	Sound  started
583.6414 	DATA 	Keypress: lctrl
584.3501 	EXP 	Sound  started
584.3614 	DATA 	Keypress: lctrl
585.0815 	DATA 	Keypress: lctrl
585.1001 	EXP 	Sound  started
585.8016 	DATA 	Keypress: rctrl
585.8502 	EXP 	Sound  started
586.6002 	EXP 	Sound  started
586.6174 	DATA 	Keypress: rctrl
587.3502 	EXP 	Sound  started
587.3534 	DATA 	Keypress: lctrl
588.1002 	EXP 	Sound  started
588.1214 	DATA 	Keypress: rctrl
588.8415 	DATA 	Keypress: rctrl
588.8502 	EXP 	Sound  started
589.5935 	DATA 	Keypress: lctrl
589.6002 	EXP 	Sound  started
590.3295 	DATA 	Keypress: rctrl
590.3502 	EXP 	Sound  started
591.1003 	EXP 	Sound  started
591.2094 	DATA 	Keypress: lctrl
591.8495 	DATA 	Keypress: rctrl
591.8503 	EXP 	Sound  started
592.6003 	EXP 	Sound  started
592.6015 	DATA 	Keypress: rctrl
593.3503 	EXP 	Sound  started
593.3694 	DATA 	Keypress: rctrl
594.1003 	EXP 	Sound  started
594.1374 	DATA 	Keypress: rctrl
594.8503 	EXP 	Sound  started
594.8895 	DATA 	Keypress: lctrl
595.5934 	DATA 	Keypress: rctrl
595.6003 	EXP 	Sound  started
596.3454 	DATA 	Keypress: lctrl
596.3504 	EXP 	Sound  started
597.0975 	DATA 	Keypress: lctrl
597.1004 	EXP 	Sound  started
597.8495 	DATA 	Keypress: rctrl
600.8417 	DATA 	Keypress: 3
600.8712 	EXP 	unnamed ShapeStim: vertices = <class 'numpy.ndarray'>
603.7070 	DATA 	Keypress: 4
603.7235 	EXP 	unnamed ShapeStim: vertices = <class 'numpy.ndarray'>
605.2483 	DATA 	Keypress: 2
605.2915 	EXP 	unnamed ShapeStim: vertices = <class 'numpy.ndarray'>
607.5766 	EXP 	Sound  started
607.5775 	DATA 	Keypress: rctrl
608.2815 	DATA 	Keypress: rctrl
608.3265 	EXP 	Sound  started
609.0494 	DATA 	Keypress: rctrl
609.0765 	EXP 	Sound  started
609.7374 	DATA 	Keypress: lctrl
609.8265 	EXP 	Sound  started
610.5694 	DATA 	Keypress: lctrl
610.5765 	EXP 	Sound  started
611.2574 	DATA 	Keypress: rctrl
611.3265 	EXP 	Sound  started
611.9454 	DATA 	Keypress: lctrl
612.0765 	EXP 	Sound  started
612.7135 	DATA 	Keypress: lctrl
612.8265 	EXP 	Sound  started
613.5614 	DATA 	Keypress: lctrl
613.5765 	EXP 	Sound  started
614.2654 	DATA 	Keypress: rctrl
614.3266 	EXP 	Sound  started
615.0015 	DATA 	Keypress: rctrl
615.0766 	EXP 	Sound  started
615.7534 	DATA 	Keypress: rctrl
615.8266 	EXP 	Sound  started
616.4574 	DATA 	Keypress: lctrl
616.5766 	EXP 	Sound  started
617.2254 	DATA 	Keypress: rctrl
617.3266 	EXP 	Sound  started
618.0254 	DATA 	Keypress: lctrl
618.0766 	EXP 	Sound  started
618.7615 	DATA 	Keypress: lctrl
618.8266 	EXP 	Sound  started
619.5454 	DATA 	Keypress: lctrl
619.5766 	EXP 	Sound  started
620.2334 	DATA 	Keypress: lctrl
620.3267 	EXP 	Sound  started
621.0014 	DATA 	Keypress: rctrl
621.0767 	EXP 	Sound  started
621.7214 	DATA 	Keypress: rctrl
621.8267 	EXP 	Sound  started
622.4894 	DATA 	Keypress: lctrl
622.5767 	EXP 	Sound  started
623.3267 	EXP 	Sound  started
624.0094 	DATA 	Keypress: rctrl
624.0767 	EXP 	Sound  started
624.8094 	DATA 	Keypress: rctrl
624.8267 	EXP 	Sound  started
625.5768 	EXP 	Sound  started
625.5774 	DATA 	Keypress: lctrl
626.3134 	DATA 	Keypress: lctrl
626.3268 	EXP 	Sound  started
627.0174 	DATA 	Keypress: rctrl
627.0768 	EXP 	Sound  started
627.8014 	DATA 	Keypress: lctrl
627.8268 	EXP 	Sound  started
628.5214 	DATA 	Keypress: lctrl
628.5768 	EXP 	Sound  started
629.2894 	DATA 	Keypress: rctrl
629.3268 	EXP 	Sound  started
630.0414 	DATA 	Keypress: rctrl
630.0768 	EXP 	Sound  started
630.7934 	DATA 	Keypress: rctrl
630.8268 	EXP 	Sound  started
631.5295 	DATA 	Keypress: lctrl
631.5769 	EXP 	Sound  started
632.2494 	DATA 	Keypress: rctrl
632.3269 	EXP 	Sound  started
632.9854 	DATA 	Keypress: lctrl
633.0769 	EXP 	Sound  started
633.7535 	DATA 	Keypress: lctrl
633.8269 	EXP 	Sound  started
634.5214 	DATA 	Keypress: lctrl
634.5769 	EXP 	Sound  started
635.3055 	DATA 	Keypress: lctrl
635.3269 	EXP 	Sound  started
636.0415 	DATA 	Keypress: lctrl
636.0769 	EXP 	Sound  started
636.8269 	EXP 	Sound  started
636.8574 	DATA 	Keypress: rctrl
637.5134 	DATA 	Keypress: lctrl
637.5770 	EXP 	Sound  started
638.3270 	EXP 	Sound  started
638.6655 	DATA 	Keypress: rctrl
639.0770 	EXP 	Sound  started
639.1935 	DATA 	Keypress: rctrl
639.8015 	DATA 	Keypress: rctrl
639.8270 	EXP 	Sound  started
640.5770 	EXP 	Sound  started
640.5855 	DATA 	Keypress: lctrl
641.2734 	DATA 	Keypress: lctrl
641.3270 	EXP 	Sound  started
642.0094 	DATA 	Keypress: rctrl
642.0770 	EXP 	Sound  started
642.7614 	DATA 	Keypress: rctrl
642.8270 	EXP 	Sound  started
643.5134 	DATA 	Keypress: lctrl
643.5771 	EXP 	Sound  started
644.2494 	DATA 	Keypress: lctrl
644.3271 	EXP 	Sound  started
645.0771 	EXP 	Sound  started
645.0974 	DATA 	Keypress: rctrl
645.7534 	DATA 	Keypress: lctrl
645.8271 	EXP 	Sound  started
646.5374 	DATA 	Keypress: rctrl
646.5771 	EXP 	Sound  started
647.3054 	DATA 	Keypress: rctrl
647.3271 	EXP 	Sound  started
648.0574 	DATA 	Keypress: lctrl
648.0771 	EXP 	Sound  started
648.8254 	DATA 	Keypress: lctrl
648.8272 	EXP 	Sound  started
649.5454 	DATA 	Keypress: rctrl
652.1967 	DATA 	Keypress: 3
652.2132 	EXP 	unnamed ShapeStim: vertices = <class 'numpy.ndarray'>
654.2520 	DATA 	Keypress: 4
654.2816 	EXP 	unnamed ShapeStim: vertices = <class 'numpy.ndarray'>
656.3172 	DATA 	Keypress: 3
656.3337 	EXP 	unnamed ShapeStim: vertices = <class 'numpy.ndarray'>
658.6178 	EXP 	Sound  started
658.6189 	DATA 	Keypress: rctrl
659.3535 	DATA 	Keypress: rctrl
659.3677 	EXP 	Sound  started
660.1177 	EXP 	Sound  started
660.1374 	DATA 	Keypress: lctrl
660.8677 	EXP 	Sound  started
660.8894 	DATA 	Keypress: lctrl
661.5934 	DATA 	Keypress: rctrl
661.6177 	EXP 	Sound  started
662.2815 	DATA 	Keypress: lctrl
662.3677 	EXP 	Sound  started
663.0814 	DATA 	Keypress: lctrl
663.1177 	EXP 	Sound  started
663.8015 	DATA 	Keypress: rctrl
663.8677 	EXP 	Sound  started
664.5214 	DATA 	Keypress: rctrl
664.6177 	EXP 	Sound  started
665.3054 	DATA 	Keypress: lctrl
665.3678 	EXP 	Sound  started
666.0254 	DATA 	Keypress: rctrl
666.1178 	EXP 	Sound  started
666.7774 	DATA 	Keypress: lctrl
666.8678 	EXP 	Sound  started
667.5454 	DATA 	Keypress: rctrl
667.6178 	EXP 	Sound  started
668.2494 	DATA 	Keypress: rctrl
668.3678 	EXP 	Sound  started
669.0334 	DATA 	Keypress: lctrl
669.1178 	EXP 	Sound  started
669.8014 	DATA 	Keypress: lctrl
669.8678 	EXP 	Sound  started
670.4894 	DATA 	Keypress: rctrl
670.6178 	EXP 	Sound  started
671.2735 	DATA 	Keypress: lctrl
671.3679 	EXP 	Sound  started
672.0094 	DATA 	Keypress: lctrl
672.1179 	EXP 	Sound  started
672.8679 	EXP 	Sound  started
673.5294 	DATA 	Keypress: lctrl
673.6179 	EXP 	Sound  started
674.2814 	DATA 	Keypress: rctrl
674.3679 	EXP 	Sound  started
674.9534 	DATA 	Keypress: rctrl
675.1179 	EXP 	Sound  started
675.7535 	DATA 	Keypress: rctrl
675.8680 	EXP 	Sound  started
676.4575 	DATA 	Keypress: lctrl
676.6180 	EXP 	Sound  started
677.1775 	DATA 	Keypress: rctrl
677.3680 	EXP 	Sound  started
677.9614 	DATA 	Keypress: lctrl
678.1180 	EXP 	Sound  started
678.6974 	DATA 	Keypress: lctrl
678.8680 	EXP 	Sound  started
679.4494 	DATA 	Keypress: rctrl
679.6180 	EXP 	Sound  started
680.1374 	DATA 	Keypress: rctrl
680.3680 	EXP 	Sound  started
680.9214 	DATA 	Keypress: lctrl
681.1180 	EXP 	Sound  started
681.6734 	DATA 	Keypress: lctrl
681.8681 	EXP 	Sound  started
682.3935 	DATA 	Keypress: rctrl
682.6181 	EXP 	Sound  started
683.1934 	DATA 	Keypress: rctrl
683.3681 	EXP 	Sound  started
683.9455 	DATA 	Keypress: lctrl
684.1181 	EXP 	Sound  started
684.6815 	DATA 	Keypress: rctrl
684.8681 	EXP 	Sound  started
685.4493 	DATA 	Keypress: rctrl
685.6181 	EXP 	Sound  started
686.2014 	DATA 	Keypress: lctrl
686.3681 	EXP 	Sound  started
686.9374 	DATA 	Keypress: lctrl
687.1182 	EXP 	Sound  started
687.6734 	DATA 	Keypress: lctrl
687.8682 	EXP 	Sound  started
688.4094 	DATA 	Keypress: rctrl
688.6182 	EXP 	Sound  started
689.1134 	DATA 	Keypress: lctrl
689.3682 	EXP 	Sound  started
690.0414 	DATA 	Keypress: lctrl
690.1182 	EXP 	Sound  started
690.8254 	DATA 	Keypress: lctrl
690.8682 	EXP 	Sound  started
691.5774 	DATA 	Keypress: lctrl
691.6182 	EXP 	Sound  started
692.3682 	EXP 	Sound  started
692.3774 	DATA 	Keypress: lctrl
693.0814 	DATA 	Keypress: lctrl
693.1183 	EXP 	Sound  started
693.8015 	DATA 	Keypress: rctrl
693.8683 	EXP 	Sound  started
694.5533 	DATA 	Keypress: rctrl
694.6183 	EXP 	Sound  started
695.3214 	DATA 	Keypress: lctrl
695.3683 	EXP 	Sound  started
696.0575 	DATA 	Keypress: lctrl
696.1183 	EXP 	Sound  started
696.7934 	DATA 	Keypress: lctrl
696.8683 	EXP 	Sound  started
697.6093 	DATA 	Keypress: lctrl
697.6184 	EXP 	Sound  started
698.3293 	DATA 	Keypress: rctrl
698.3684 	EXP 	Sound  started
699.0653 	DATA 	Keypress: rctrl
699.1184 	EXP 	Sound  started
699.7693 	DATA 	Keypress: rctrl
699.8684 	EXP 	Sound  started
700.4893 	DATA 	Keypress: rctrl
700.6184 	EXP 	Sound  started
701.2255 	DATA 	Keypress: rctrl
701.3684 	EXP 	Sound  started
701.9934 	DATA 	Keypress: rctrl
702.1184 	EXP 	Sound  started
702.7453 	DATA 	Keypress: rctrl
702.8685 	EXP 	Sound  started
703.4973 	DATA 	Keypress: rctrl
703.6185 	EXP 	Sound  started
704.2333 	DATA 	Keypress: lctrl
704.3685 	EXP 	Sound  started
705.0494 	DATA 	Keypress: lctrl
705.1185 	EXP 	Sound  started
705.8685 	EXP 	Sound  started
705.8815 	DATA 	Keypress: lctrl
706.5853 	DATA 	Keypress: rctrl
706.6185 	EXP 	Sound  started
707.3685 	EXP 	Sound  started
707.3694 	DATA 	Keypress: rctrl
708.1054 	DATA 	Keypress: rctrl
708.1186 	EXP 	Sound  started
708.8575 	DATA 	Keypress: rctrl
708.8686 	EXP 	Sound  started
709.6186 	EXP 	Sound  started
709.6415 	DATA 	Keypress: lctrl
710.3295 	DATA 	Keypress: rctrl
710.3686 	EXP 	Sound  started
711.0333 	DATA 	Keypress: lctrl
711.1186 	EXP 	Sound  started
711.8014 	DATA 	Keypress: lctrl
711.8686 	EXP 	Sound  started
712.5694 	DATA 	Keypress: lctrl
712.6186 	EXP 	Sound  started
713.2895 	DATA 	Keypress: lctrl
713.3687 	EXP 	Sound  started
714.0253 	DATA 	Keypress: rctrl
714.1187 	EXP 	Sound  started
714.8253 	DATA 	Keypress: rctrl
714.8687 	EXP 	Sound  started
715.5935 	DATA 	Keypress: lctrl
715.6187 	EXP 	Sound  started
716.3293 	DATA 	Keypress: rctrl
716.3687 	EXP 	Sound  started
717.1134 	DATA 	Keypress: rctrl
717.1187 	EXP 	Sound  started
717.7854 	DATA 	Keypress: lctrl
719.9521 	DATA 	Keypress: 4
719.9687 	EXP 	unnamed ShapeStim: vertices = <class 'numpy.ndarray'>
723.7719 	DATA 	Keypress: 2
723.7885 	EXP 	unnamed ShapeStim: vertices = <class 'numpy.ndarray'>
725.7741 	DATA 	Keypress: 4
725.7906 	EXP 	unnamed ShapeStim: vertices = <class 'numpy.ndarray'>
728.0804 	DATA 	Keypress: rctrl
859.4814 	DATA 	Keypress: escape
859.5555 	EXP 	window1: mouseVisible = True
