11.7940 	WARNING 	User requested fullscreen with size [1024  768], but screen is actually [1920, 1200]. Using actual size
12.5911 	EXP 	Created window1 = Window(allowGUI=False, allowStencil=False, autoLog=True, backendConf=UNKNOWN, bitsMode=UNKNOWN, blendMode='avg', bpc=(8, 8, 8), color=array([0, 0, 0]), colorSpace='rgb', depthBits=8, fullscr=<method-wrapper '__getattribute__' of attributeSetter object at 0x000001EF76656780>, gamma=None, gammaErrorPolicy='raise', lms=UNKNOWN, monitor=<psychopy.monitors.calibTools.Monitor object at 0x000001EF77DA5080>, multiSample=False, name='window1', numSamples=2, pos=[0.0, 0.0], screen=0, size=array([1920, 1200]), stencilBits=0, stereo=False, units='norm', useFBO=True, useRetina=False, viewOri=0.0, viewPos=None, viewScale=None, waitBlanking=True, winType='pyglet')
12.5914 	EXP 	window1: mouseVisible = True
12.5914 	EXP 	window1: mouseVisible = False
12.5914 	EXP 	window1: recordFrameIntervals = False
12.7576 	EXP 	window1: recordFrameIntervals = True
12.9412 	EXP 	window1: recordFrameIntervals = False
12.9979 	EXP 	Created text = TextStim(__class__=<class 'psychopy.visual.text.TextStim'>, alignHoriz=method-wrapper(...), alignText='center', alignVert=method-wrapper(...), anchorHoriz='center', anchorVert='center', antialias=True, autoLog=True, bold=False, color=array([1., 1., 1.]), colorSpace='rgb', contrast=1.0, depth=0.0, flipHoriz=False, flipVert=False, font='Arial', fontFiles=[], height=0.15, italic=False, languageStyle='LTR', name='text', opacity=1, ori=0, pos=array([0., 0.]), rgb=UNKNOWN, text='+', units='norm', win=Window(...), wrapWidth=1)
13.0209 	EXP 	Created text = TextStim(__class__=<class 'psychopy.visual.text.TextStim'>, alignHoriz=method-wrapper(...), alignText='center', alignVert=method-wrapper(...), anchorHoriz='center', anchorVert='center', antialias=True, autoLog=True, bold=False, color=array([1., 1., 1.]), colorSpace='rgb', contrast=1.0, depth=0.0, flipHoriz=False, flipVert=False, font='Arial', fontFiles=[], height=0.07, italic=False, languageStyle='LTR', name='text', opacity=1, ori=0, pos=array([0., 0.]), rgb=UNKNOWN, text=str(...), units='norm', win=Window(...), wrapWidth=1.65)
13.0318 	EXP 	Created text = TextStim(__class__=<class 'psychopy.visual.text.TextStim'>, alignHoriz=method-wrapper(...), alignText='center', alignVert=method-wrapper(...), anchorHoriz='center', anchorVert='center', antialias=True, autoLog=True, bold=False, color=array([1., 1., 1.]), colorSpace='rgb', contrast=1.0, depth=0.0, flipHoriz=False, flipVert=False, font='Arial', fontFiles=[], height=0.07, italic=False, languageStyle='LTR', name='text', opacity=1, ori=0, pos=array([0., 0.]), rgb=UNKNOWN, text=str(...), units='norm', win=Window(...), wrapWidth=1.65)
13.0421 	EXP 	Created text = TextStim(__class__=<class 'psychopy.visual.text.TextStim'>, alignHoriz=method-wrapper(...), alignText='center', alignVert=method-wrapper(...), anchorHoriz='center', anchorVert='center', antialias=True, autoLog=True, bold=False, color=array([1., 1., 1.]), colorSpace='rgb', contrast=1.0, depth=0.0, flipHoriz=False, flipVert=False, font='Arial', fontFiles=[], height=0.07, italic=False, languageStyle='LTR', name='text', opacity=1, ori=0, pos=array([0., 0.]), rgb=UNKNOWN, text=str(...), units='norm', win=Window(...), wrapWidth=1.65)
13.0513 	EXP 	Created text = TextStim(__class__=<class 'psychopy.visual.text.TextStim'>, alignHoriz=method-wrapper(...), alignText='center', alignVert=method-wrapper(...), anchorHoriz='center', anchorVert='center', antialias=True, autoLog=True, bold=False, color=array([1., 1., 1.]), colorSpace='rgb', contrast=1.0, depth=0.0, flipHoriz=False, flipVert=False, font='Arial', fontFiles=[], height=0.07, italic=False, languageStyle='LTR', name='text', opacity=1, ori=0, pos=array([0., 0.]), rgb=UNKNOWN, text=str(...), units='norm', win=Window(...), wrapWidth=1.65)
13.0570 	EXP 	Created text = TextStim(__class__=<class 'psychopy.visual.text.TextStim'>, alignHoriz=method-wrapper(...), alignText='center', alignVert=method-wrapper(...), anchorHoriz='center', anchorVert='center', antialias=True, autoLog=True, bold=False, color=array([1., 1., 1.]), colorSpace='rgb', contrast=1.0, depth=0.0, flipHoriz=False, flipVert=False, font='Arial', fontFiles=[], height=0.07, italic=False, languageStyle='LTR', name='text', opacity=1, ori=0, pos=array([0., 0.]), rgb=UNKNOWN, text=str(...), units='norm', win=Window(...), wrapWidth=1.65)
13.0722 	EXP 	Created text = TextStim(__class__=<class 'psychopy.visual.text.TextStim'>, alignHoriz=method-wrapper(...), alignText='center', alignVert=method-wrapper(...), anchorHoriz='center', anchorVert='center', antialias=True, autoLog=True, bold=False, color=array([1., 1., 1.]), colorSpace='rgb', contrast=1.0, depth=0.0, flipHoriz=False, flipVert=False, font='Arial', fontFiles=[], height=0.15, italic=False, languageStyle='LTR', name='text', opacity=1, ori=0, pos=array([0., 0.]), rgb=UNKNOWN, text=str(...), units='norm', win=Window(...), wrapWidth=1.65)
13.1020 	EXP 	Created text = TextStim(__class__=<class 'psychopy.visual.text.TextStim'>, alignHoriz=method-wrapper(...), alignText='center', alignVert=method-wrapper(...), anchorHoriz='center', anchorVert='center', antialias=True, autoLog=True, bold=False, color=array([1., 1., 1.]), colorSpace='rgb', contrast=1.0, depth=0.0, flipHoriz=False, flipVert=False, font='Arial', fontFiles=[], height=0.07, italic=False, languageStyle='LTR', name='text', opacity=1, ori=0, pos=array([0., 0.]), rgb=UNKNOWN, text=str(...), units='norm', win=Window(...), wrapWidth=1.65)
13.1226 	EXP 	Created text = TextStim(__class__=<class 'psychopy.visual.text.TextStim'>, alignHoriz=method-wrapper(...), alignText='center', alignVert=method-wrapper(...), anchorHoriz='center', anchorVert='center', antialias=True, autoLog=True, bold=False, color=array([1., 1., 1.]), colorSpace='rgb', contrast=1.0, depth=0.0, flipHoriz=False, flipVert=False, font='Arial', fontFiles=[], height=0.07, italic=False, languageStyle='LTR', name='text', opacity=1, ori=0, pos=array([0., 0.]), rgb=UNKNOWN, text=str(...), units='norm', win=Window(...), wrapWidth=1.65)
13.1539 	EXP 	Created text = TextStim(__class__=<class 'psychopy.visual.text.TextStim'>, alignHoriz=method-wrapper(...), alignText='center', alignVert=method-wrapper(...), anchorHoriz='center', anchorVert='center', antialias=True, autoLog=True, bold=False, color=array([1., 1., 1.]), colorSpace='rgb', contrast=1.0, depth=0.0, flipHoriz=False, flipVert=False, font='Arial', fontFiles=[], height=0.07, italic=False, languageStyle='LTR', name='text', opacity=1, ori=0, pos=array([0., 0.]), rgb=UNKNOWN, text=str(...), units='norm', win=Window(...), wrapWidth=1.65)
13.1786 	EXP 	Created text = TextStim(__class__=<class 'psychopy.visual.text.TextStim'>, alignHoriz=method-wrapper(...), alignText='center', alignVert=method-wrapper(...), anchorHoriz='center', anchorVert='center', antialias=True, autoLog=True, bold=False, color=array([1., 1., 1.]), colorSpace='rgb', contrast=1.0, depth=0.0, flipHoriz=False, flipVert=False, font='Arial', fontFiles=[], height=0.07, italic=False, languageStyle='LTR', name='text', opacity=1, ori=0, pos=array([0., 0.]), rgb=UNKNOWN, text=str(...), units='norm', win=Window(...), wrapWidth=1.65)
13.2088 	EXP 	Created text = TextStim(__class__=<class 'psychopy.visual.text.TextStim'>, alignHoriz=method-wrapper(...), alignText='center', alignVert=method-wrapper(...), anchorHoriz='center', anchorVert='center', antialias=True, autoLog=True, bold=False, color=array([1., 1., 1.]), colorSpace='rgb', contrast=1.0, depth=0.0, flipHoriz=False, flipVert=False, font='Arial', fontFiles=[], height=0.07, italic=False, languageStyle='LTR', name='text', opacity=1, ori=0, pos=array([0., 0.]), rgb=UNKNOWN, text=str(...), units='norm', win=Window(...), wrapWidth=1.65)
13.2193 	EXP 	Created text = TextStim(__class__=<class 'psychopy.visual.text.TextStim'>, alignHoriz=method-wrapper(...), alignText='center', alignVert=method-wrapper(...), anchorHoriz='center', anchorVert='center', antialias=True, autoLog=True, bold=False, color=array([1., 1., 1.]), colorSpace='rgb', contrast=1.0, depth=0.0, flipHoriz=False, flipVert=False, font='Arial', fontFiles=[], height=0.07, italic=False, languageStyle='LTR', name='text', opacity=1, ori=0, pos=array([0., 0.]), rgb=UNKNOWN, text=str(...), units='norm', win=Window(...), wrapWidth=1.65)
13.2316 	EXP 	Created text = TextStim(__class__=<class 'psychopy.visual.text.TextStim'>, alignHoriz=method-wrapper(...), alignText='center', alignVert=method-wrapper(...), anchorHoriz='center', anchorVert='center', antialias=True, autoLog=True, bold=False, color=array([1., 1., 1.]), colorSpace='rgb', contrast=1.0, depth=0.0, flipHoriz=False, flipVert=False, font='Arial', fontFiles=[], height=0.07, italic=False, languageStyle='LTR', name='text', opacity=1, ori=0, pos=array([0., 0.]), rgb=UNKNOWN, text=str(...), units='norm', win=Window(...), wrapWidth=1.65)
13.2360 	EXP 	Created instru = TextStim(__class__=<class 'psychopy.visual.text.TextStim'>, alignHoriz=method-wrapper(...), alignText='center', alignVert=method-wrapper(...), anchorHoriz='center', anchorVert='center', antialias=True, autoLog=True, bold=False, color=array([1., 1., 1.]), colorSpace='rgb', contrast=1.0, depth=0.0, flipHoriz=False, flipVert=False, font='Arial', fontFiles=[], height=0.07, italic=False, languageStyle='LTR', name='instru', opacity=1, ori=0, pos=array([0. , 0.5]), rgb=UNKNOWN, text=str(...), units='norm', win=Window(...), wrapWidth=1)
13.2385 	EXP 	Created unnamed Line = Line(__class__=<class 'psychopy.visual.line.Line'>, autoDraw=False, autoLog=True, closeShape=False, color=array([1., 1., 1.]), colorSpace='rgb', contrast=None, depth=0, fillColor=array([0, 0, 0]), fillColorSpace='rgb', fillRGB=array([0, 0, 0]), interpolate=True, lineColor=array([1., 1., 1.]), lineColorSpace='rgb', lineRGB=array([1, 1, 1]), lineWidth=5, name='unnamed Line', opacity=0.5, ori=0.0, pos=array([0., 0.]), size=array([1., 1.]), units='norm', vertices=array([[-0.5,  0. ],
       [ 0.5,  0. ]]), win=Window(...), windingRule=None)
13.2405 	EXP 	Created unnamed Line = Line(__class__=<class 'psychopy.visual.line.Line'>, autoDraw=False, autoLog=True, closeShape=False, color=array([1., 1., 1.]), colorSpace='rgb', contrast=None, depth=0, fillColor=array([0, 0, 0]), fillColorSpace='rgb', fillRGB=array([0, 0, 0]), interpolate=True, lineColor=array([1., 1., 1.]), lineColorSpace='rgb', lineRGB=array([1, 1, 1]), lineWidth=3, name='unnamed Line', opacity=0.5, ori=0.0, pos=array([0., 0.]), size=array([1., 1.]), units='norm', vertices=array([[-0.5 , -0.05],
       [-0.5 ,  0.05]]), win=Window(...), windingRule=None)
13.2425 	EXP 	Created unnamed Line = Line(__class__=<class 'psychopy.visual.line.Line'>, autoDraw=False, autoLog=True, closeShape=False, color=array([1., 1., 1.]), colorSpace='rgb', contrast=None, depth=0, fillColor=array([0, 0, 0]), fillColorSpace='rgb', fillRGB=array([0, 0, 0]), interpolate=True, lineColor=array([1., 1., 1.]), lineColorSpace='rgb', lineRGB=array([1, 1, 1]), lineWidth=3, name='unnamed Line', opacity=0.5, ori=0.0, pos=array([0., 0.]), size=array([1., 1.]), units='norm', vertices=ndarray(...), win=Window(...), windingRule=None)
13.2445 	EXP 	Created unnamed Line = Line(__class__=<class 'psychopy.visual.line.Line'>, autoDraw=False, autoLog=True, closeShape=False, color=array([1., 1., 1.]), colorSpace='rgb', contrast=None, depth=0, fillColor=array([0, 0, 0]), fillColorSpace='rgb', fillRGB=array([0, 0, 0]), interpolate=True, lineColor=array([1., 1., 1.]), lineColorSpace='rgb', lineRGB=array([1, 1, 1]), lineWidth=3, name='unnamed Line', opacity=0.5, ori=0.0, pos=array([0., 0.]), size=array([1., 1.]), units='norm', vertices=ndarray(...), win=Window(...), windingRule=None)
13.2464 	EXP 	Created unnamed Line = Line(__class__=<class 'psychopy.visual.line.Line'>, autoDraw=False, autoLog=True, closeShape=False, color=array([1., 1., 1.]), colorSpace='rgb', contrast=None, depth=0, fillColor=array([0, 0, 0]), fillColorSpace='rgb', fillRGB=array([0, 0, 0]), interpolate=True, lineColor=array([1., 1., 1.]), lineColorSpace='rgb', lineRGB=array([1, 1, 1]), lineWidth=3, name='unnamed Line', opacity=0.5, ori=0.0, pos=array([0., 0.]), size=array([1., 1.]), units='norm', vertices=array([[ 0.5 , -0.05],
       [ 0.5 ,  0.05]]), win=Window(...), windingRule=None)
13.2583 	EXP 	Created unnamed TextStim = TextStim(__class__=<class 'psychopy.visual.text.TextStim'>, alignHoriz=method-wrapper(...), alignText='center', alignVert=method-wrapper(...), anchorHoriz='center', anchorVert='center', antialias=True, autoLog=True, bold=False, color=array([1., 1., 1.]), colorSpace='rgb', contrast=1.0, depth=0, flipHoriz=False, flipVert=False, font='', fontFiles=[], height=0.05, italic=False, languageStyle='LTR', name='unnamed TextStim', opacity=1.0, ori=0.0, pos=array([-0.5, -0.1]), rgb=UNKNOWN, text='Helt klart \n IKKE FOKUSERT', units='norm', win=Window(...), wrapWidth=1)
13.2593 	EXP 	Created unnamed TextStim = TextStim(__class__=<class 'psychopy.visual.text.TextStim'>, alignHoriz=method-wrapper(...), alignText='center', alignVert=method-wrapper(...), anchorHoriz='center', anchorVert='center', antialias=True, autoLog=True, bold=False, color=array([1., 1., 1.]), colorSpace='rgb', contrast=1.0, depth=0, flipHoriz=False, flipVert=False, font='', fontFiles=[], height=0.05, italic=False, languageStyle='LTR', name='unnamed TextStim', opacity=1.0, ori=0.0, pos=array([-0.16666667, -0.1       ]), rgb=UNKNOWN, text='', units='norm', win=Window(...), wrapWidth=1)
13.2603 	EXP 	Created unnamed TextStim = TextStim(__class__=<class 'psychopy.visual.text.TextStim'>, alignHoriz=method-wrapper(...), alignText='center', alignVert=method-wrapper(...), anchorHoriz='center', anchorVert='center', antialias=True, autoLog=True, bold=False, color=array([1., 1., 1.]), colorSpace='rgb', contrast=1.0, depth=0, flipHoriz=False, flipVert=False, font='', fontFiles=[], height=0.05, italic=False, languageStyle='LTR', name='unnamed TextStim', opacity=1.0, ori=0.0, pos=array([ 0.16666667, -0.1       ]), rgb=UNKNOWN, text='', units='norm', win=Window(...), wrapWidth=1)
13.2636 	EXP 	Created unnamed TextStim = TextStim(__class__=<class 'psychopy.visual.text.TextStim'>, alignHoriz=method-wrapper(...), alignText='center', alignVert=method-wrapper(...), anchorHoriz='center', anchorVert='center', antialias=True, autoLog=True, bold=False, color=array([1., 1., 1.]), colorSpace='rgb', contrast=1.0, depth=0, flipHoriz=False, flipVert=False, font='', fontFiles=[], height=0.05, italic=False, languageStyle='LTR', name='unnamed TextStim', opacity=1.0, ori=0.0, pos=array([ 0.5, -0.1]), rgb=UNKNOWN, text='Helt klart \n FOKUSERT', units='norm', win=Window(...), wrapWidth=1)
13.2655 	EXP 	Created unnamed ShapeStim = ShapeStim(__class__=<class 'psychopy.visual.shape.ShapeStim'>, autoDraw=False, autoLog=True, closeShape=True, color=method-wrapper(...), colorSpace='rgb', contrast=None, depth=0, fillColor=array([1, 1, 1]), fillColorSpace='rgb', fillRGB=array([1, 1, 1]), interpolate=True, lineColor=array([-1., -1., -1.]), lineColorSpace='rgb', lineRGB=array([-1, -1, -1]), lineWidth=1.5, name='unnamed ShapeStim', opacity=1.0, ori=0.0, pos=array([0., 0.]), size=array([1., 1.]), units='norm', vertices=ndarray(...), win=Window(...), windingRule=None)
13.2725 	EXP 	Created instru = TextStim(__class__=<class 'psychopy.visual.text.TextStim'>, alignHoriz=method-wrapper(...), alignText='center', alignVert=method-wrapper(...), anchorHoriz='center', anchorVert='center', antialias=True, autoLog=True, bold=False, color=array([1., 1., 1.]), colorSpace='rgb', contrast=1.0, depth=0.0, flipHoriz=False, flipVert=False, font='Arial', fontFiles=[], height=0.07, italic=False, languageStyle='LTR', name='instru', opacity=1, ori=0, pos=array([0. , 0.5]), rgb=UNKNOWN, text=str(...), units='norm', win=Window(...), wrapWidth=1)
13.2745 	EXP 	Created unnamed Line = Line(__class__=<class 'psychopy.visual.line.Line'>, autoDraw=False, autoLog=True, closeShape=False, color=array([1., 1., 1.]), colorSpace='rgb', contrast=None, depth=0, fillColor=array([0, 0, 0]), fillColorSpace='rgb', fillRGB=array([0, 0, 0]), interpolate=True, lineColor=array([1., 1., 1.]), lineColorSpace='rgb', lineRGB=array([1, 1, 1]), lineWidth=5, name='unnamed Line', opacity=0.5, ori=0.0, pos=array([0., 0.]), size=array([1., 1.]), units='norm', vertices=array([[-0.5,  0. ],
       [ 0.5,  0. ]]), win=Window(...), windingRule=None)
13.2765 	EXP 	Created unnamed Line = Line(__class__=<class 'psychopy.visual.line.Line'>, autoDraw=False, autoLog=True, closeShape=False, color=array([1., 1., 1.]), colorSpace='rgb', contrast=None, depth=0, fillColor=array([0, 0, 0]), fillColorSpace='rgb', fillRGB=array([0, 0, 0]), interpolate=True, lineColor=array([1., 1., 1.]), lineColorSpace='rgb', lineRGB=array([1, 1, 1]), lineWidth=3, name='unnamed Line', opacity=0.5, ori=0.0, pos=array([0., 0.]), size=array([1., 1.]), units='norm', vertices=array([[-0.5 , -0.05],
       [-0.5 ,  0.05]]), win=Window(...), windingRule=None)
13.2785 	EXP 	Created unnamed Line = Line(__class__=<class 'psychopy.visual.line.Line'>, autoDraw=False, autoLog=True, closeShape=False, color=array([1., 1., 1.]), colorSpace='rgb', contrast=None, depth=0, fillColor=array([0, 0, 0]), fillColorSpace='rgb', fillRGB=array([0, 0, 0]), interpolate=True, lineColor=array([1., 1., 1.]), lineColorSpace='rgb', lineRGB=array([1, 1, 1]), lineWidth=3, name='unnamed Line', opacity=0.5, ori=0.0, pos=array([0., 0.]), size=array([1., 1.]), units='norm', vertices=ndarray(...), win=Window(...), windingRule=None)
13.2805 	EXP 	Created unnamed Line = Line(__class__=<class 'psychopy.visual.line.Line'>, autoDraw=False, autoLog=True, closeShape=False, color=array([1., 1., 1.]), colorSpace='rgb', contrast=None, depth=0, fillColor=array([0, 0, 0]), fillColorSpace='rgb', fillRGB=array([0, 0, 0]), interpolate=True, lineColor=array([1., 1., 1.]), lineColorSpace='rgb', lineRGB=array([1, 1, 1]), lineWidth=3, name='unnamed Line', opacity=0.5, ori=0.0, pos=array([0., 0.]), size=array([1., 1.]), units='norm', vertices=ndarray(...), win=Window(...), windingRule=None)
13.2825 	EXP 	Created unnamed Line = Line(__class__=<class 'psychopy.visual.line.Line'>, autoDraw=False, autoLog=True, closeShape=False, color=array([1., 1., 1.]), colorSpace='rgb', contrast=None, depth=0, fillColor=array([0, 0, 0]), fillColorSpace='rgb', fillRGB=array([0, 0, 0]), interpolate=True, lineColor=array([1., 1., 1.]), lineColorSpace='rgb', lineRGB=array([1, 1, 1]), lineWidth=3, name='unnamed Line', opacity=0.5, ori=0.0, pos=array([0., 0.]), size=array([1., 1.]), units='norm', vertices=array([[ 0.5 , -0.05],
       [ 0.5 ,  0.05]]), win=Window(...), windingRule=None)
13.2875 	EXP 	Created unnamed TextStim = TextStim(__class__=<class 'psychopy.visual.text.TextStim'>, alignHoriz=method-wrapper(...), alignText='center', alignVert=method-wrapper(...), anchorHoriz='center', anchorVert='center', antialias=True, autoLog=True, bold=False, color=array([1., 1., 1.]), colorSpace='rgb', contrast=1.0, depth=0, flipHoriz=False, flipVert=False, font='', fontFiles=[], height=0.05, italic=False, languageStyle='LTR', name='unnamed TextStim', opacity=1.0, ori=0.0, pos=array([-0.5, -0.1]), rgb=UNKNOWN, text='Helt klart \n INGENTING', units='norm', win=Window(...), wrapWidth=1)
13.2886 	EXP 	Created unnamed TextStim = TextStim(__class__=<class 'psychopy.visual.text.TextStim'>, alignHoriz=method-wrapper(...), alignText='center', alignVert=method-wrapper(...), anchorHoriz='center', anchorVert='center', antialias=True, autoLog=True, bold=False, color=array([1., 1., 1.]), colorSpace='rgb', contrast=1.0, depth=0, flipHoriz=False, flipVert=False, font='', fontFiles=[], height=0.05, italic=False, languageStyle='LTR', name='unnamed TextStim', opacity=1.0, ori=0.0, pos=array([-0.16666667, -0.1       ]), rgb=UNKNOWN, text='', units='norm', win=Window(...), wrapWidth=1)
13.2896 	EXP 	Created unnamed TextStim = TextStim(__class__=<class 'psychopy.visual.text.TextStim'>, alignHoriz=method-wrapper(...), alignText='center', alignVert=method-wrapper(...), anchorHoriz='center', anchorVert='center', antialias=True, autoLog=True, bold=False, color=array([1., 1., 1.]), colorSpace='rgb', contrast=1.0, depth=0, flipHoriz=False, flipVert=False, font='', fontFiles=[], height=0.05, italic=False, languageStyle='LTR', name='unnamed TextStim', opacity=1.0, ori=0.0, pos=array([ 0.16666667, -0.1       ]), rgb=UNKNOWN, text='', units='norm', win=Window(...), wrapWidth=1)
13.2928 	EXP 	Created unnamed TextStim = TextStim(__class__=<class 'psychopy.visual.text.TextStim'>, alignHoriz=method-wrapper(...), alignText='center', alignVert=method-wrapper(...), anchorHoriz='center', anchorVert='center', antialias=True, autoLog=True, bold=False, color=array([1., 1., 1.]), colorSpace='rgb', contrast=1.0, depth=0, flipHoriz=False, flipVert=False, font='', fontFiles=[], height=0.05, italic=False, languageStyle='LTR', name='unnamed TextStim', opacity=1.0, ori=0.0, pos=array([ 0.5, -0.1]), rgb=UNKNOWN, text='Helt klart \n NOE', units='norm', win=Window(...), wrapWidth=1)
13.2946 	EXP 	Created unnamed ShapeStim = ShapeStim(__class__=<class 'psychopy.visual.shape.ShapeStim'>, autoDraw=False, autoLog=True, closeShape=True, color=method-wrapper(...), colorSpace='rgb', contrast=None, depth=0, fillColor=array([1, 1, 1]), fillColorSpace='rgb', fillRGB=array([1, 1, 1]), interpolate=True, lineColor=array([-1., -1., -1.]), lineColorSpace='rgb', lineRGB=array([-1, -1, -1]), lineWidth=1.5, name='unnamed ShapeStim', opacity=1.0, ori=0.0, pos=array([0., 0.]), size=array([1., 1.]), units='norm', vertices=ndarray(...), win=Window(...), windingRule=None)
13.3016 	EXP 	Created instru = TextStim(__class__=<class 'psychopy.visual.text.TextStim'>, alignHoriz=method-wrapper(...), alignText='center', alignVert=method-wrapper(...), anchorHoriz='center', anchorVert='center', antialias=True, autoLog=True, bold=False, color=array([1., 1., 1.]), colorSpace='rgb', contrast=1.0, depth=0.0, flipHoriz=False, flipVert=False, font='Arial', fontFiles=[], height=0.07, italic=False, languageStyle='LTR', name='instru', opacity=1, ori=0, pos=array([0. , 0.5]), rgb=UNKNOWN, text=str(...), units='norm', win=Window(...), wrapWidth=1)
13.3036 	EXP 	Created unnamed Line = Line(__class__=<class 'psychopy.visual.line.Line'>, autoDraw=False, autoLog=True, closeShape=False, color=array([1., 1., 1.]), colorSpace='rgb', contrast=None, depth=0, fillColor=array([0, 0, 0]), fillColorSpace='rgb', fillRGB=array([0, 0, 0]), interpolate=True, lineColor=array([1., 1., 1.]), lineColorSpace='rgb', lineRGB=array([1, 1, 1]), lineWidth=5, name='unnamed Line', opacity=0.5, ori=0.0, pos=array([0., 0.]), size=array([1., 1.]), units='norm', vertices=array([[-0.5,  0. ],
       [ 0.5,  0. ]]), win=Window(...), windingRule=None)
13.3056 	EXP 	Created unnamed Line = Line(__class__=<class 'psychopy.visual.line.Line'>, autoDraw=False, autoLog=True, closeShape=False, color=array([1., 1., 1.]), colorSpace='rgb', contrast=None, depth=0, fillColor=array([0, 0, 0]), fillColorSpace='rgb', fillRGB=array([0, 0, 0]), interpolate=True, lineColor=array([1., 1., 1.]), lineColorSpace='rgb', lineRGB=array([1, 1, 1]), lineWidth=3, name='unnamed Line', opacity=0.5, ori=0.0, pos=array([0., 0.]), size=array([1., 1.]), units='norm', vertices=array([[-0.5 , -0.05],
       [-0.5 ,  0.05]]), win=Window(...), windingRule=None)
13.3076 	EXP 	Created unnamed Line = Line(__class__=<class 'psychopy.visual.line.Line'>, autoDraw=False, autoLog=True, closeShape=False, color=array([1., 1., 1.]), colorSpace='rgb', contrast=None, depth=0, fillColor=array([0, 0, 0]), fillColorSpace='rgb', fillRGB=array([0, 0, 0]), interpolate=True, lineColor=array([1., 1., 1.]), lineColorSpace='rgb', lineRGB=array([1, 1, 1]), lineWidth=3, name='unnamed Line', opacity=0.5, ori=0.0, pos=array([0., 0.]), size=array([1., 1.]), units='norm', vertices=ndarray(...), win=Window(...), windingRule=None)
13.3096 	EXP 	Created unnamed Line = Line(__class__=<class 'psychopy.visual.line.Line'>, autoDraw=False, autoLog=True, closeShape=False, color=array([1., 1., 1.]), colorSpace='rgb', contrast=None, depth=0, fillColor=array([0, 0, 0]), fillColorSpace='rgb', fillRGB=array([0, 0, 0]), interpolate=True, lineColor=array([1., 1., 1.]), lineColorSpace='rgb', lineRGB=array([1, 1, 1]), lineWidth=3, name='unnamed Line', opacity=0.5, ori=0.0, pos=array([0., 0.]), size=array([1., 1.]), units='norm', vertices=ndarray(...), win=Window(...), windingRule=None)
13.3115 	EXP 	Created unnamed Line = Line(__class__=<class 'psychopy.visual.line.Line'>, autoDraw=False, autoLog=True, closeShape=False, color=array([1., 1., 1.]), colorSpace='rgb', contrast=None, depth=0, fillColor=array([0, 0, 0]), fillColorSpace='rgb', fillRGB=array([0, 0, 0]), interpolate=True, lineColor=array([1., 1., 1.]), lineColorSpace='rgb', lineRGB=array([1, 1, 1]), lineWidth=3, name='unnamed Line', opacity=0.5, ori=0.0, pos=array([0., 0.]), size=array([1., 1.]), units='norm', vertices=array([[ 0.5 , -0.05],
       [ 0.5 ,  0.05]]), win=Window(...), windingRule=None)
13.3167 	EXP 	Created unnamed TextStim = TextStim(__class__=<class 'psychopy.visual.text.TextStim'>, alignHoriz=method-wrapper(...), alignText='center', alignVert=method-wrapper(...), anchorHoriz='center', anchorVert='center', antialias=True, autoLog=True, bold=False, color=array([1., 1., 1.]), colorSpace='rgb', contrast=1.0, depth=0, flipHoriz=False, flipVert=False, font='', fontFiles=[], height=0.05, italic=False, languageStyle='LTR', name='unnamed TextStim', opacity=1.0, ori=0.0, pos=array([-0.5, -0.1]), rgb=UNKNOWN, text='Helt klart \n SPONTAN', units='norm', win=Window(...), wrapWidth=1)
13.3178 	EXP 	Created unnamed TextStim = TextStim(__class__=<class 'psychopy.visual.text.TextStim'>, alignHoriz=method-wrapper(...), alignText='center', alignVert=method-wrapper(...), anchorHoriz='center', anchorVert='center', antialias=True, autoLog=True, bold=False, color=array([1., 1., 1.]), colorSpace='rgb', contrast=1.0, depth=0, flipHoriz=False, flipVert=False, font='', fontFiles=[], height=0.05, italic=False, languageStyle='LTR', name='unnamed TextStim', opacity=1.0, ori=0.0, pos=array([-0.16666667, -0.1       ]), rgb=UNKNOWN, text='', units='norm', win=Window(...), wrapWidth=1)
13.3189 	EXP 	Created unnamed TextStim = TextStim(__class__=<class 'psychopy.visual.text.TextStim'>, alignHoriz=method-wrapper(...), alignText='center', alignVert=method-wrapper(...), anchorHoriz='center', anchorVert='center', antialias=True, autoLog=True, bold=False, color=array([1., 1., 1.]), colorSpace='rgb', contrast=1.0, depth=0, flipHoriz=False, flipVert=False, font='', fontFiles=[], height=0.05, italic=False, languageStyle='LTR', name='unnamed TextStim', opacity=1.0, ori=0.0, pos=array([ 0.16666667, -0.1       ]), rgb=UNKNOWN, text='', units='norm', win=Window(...), wrapWidth=1)
13.3240 	EXP 	Created unnamed TextStim = TextStim(__class__=<class 'psychopy.visual.text.TextStim'>, alignHoriz=method-wrapper(...), alignText='center', alignVert=method-wrapper(...), anchorHoriz='center', anchorVert='center', antialias=True, autoLog=True, bold=False, color=array([1., 1., 1.]), colorSpace='rgb', contrast=1.0, depth=0, flipHoriz=False, flipVert=False, font='', fontFiles=[], height=0.05, italic=False, languageStyle='LTR', name='unnamed TextStim', opacity=1.0, ori=0.0, pos=array([ 0.5, -0.1]), rgb=UNKNOWN, text='Helt klart \n BEVISST', units='norm', win=Window(...), wrapWidth=1)
13.3266 	EXP 	Created unnamed ShapeStim = ShapeStim(__class__=<class 'psychopy.visual.shape.ShapeStim'>, autoDraw=False, autoLog=True, closeShape=True, color=method-wrapper(...), colorSpace='rgb', contrast=None, depth=0, fillColor=array([1, 1, 1]), fillColorSpace='rgb', fillRGB=array([1, 1, 1]), interpolate=True, lineColor=array([-1., -1., -1.]), lineColorSpace='rgb', lineRGB=array([-1, -1, -1]), lineWidth=1.5, name='unnamed ShapeStim', opacity=1.0, ori=0.0, pos=array([0., 0.]), size=array([1., 1.]), units='norm', vertices=ndarray(...), win=Window(...), windingRule=None)
13.3747 	EXP 	Sound  set volume 1.000
13.4118 	EXP 	unnamed ShapeStim: vertices = <class 'numpy.ndarray'>
13.4118 	EXP 	unnamed ShapeStim: vertices = <class 'numpy.ndarray'>
13.4118 	EXP 	unnamed ShapeStim: vertices = <class 'numpy.ndarray'>
203.6191 	DATA 	Keypress: rctrl
204.1549 	EXP 	Sound  started
204.4349 	DATA 	Keypress: lctrl
204.8829 	DATA 	Keypress: rctrl
204.9047 	EXP 	Sound  started
205.5869 	DATA 	Keypress: lctrl
205.6548 	EXP 	Sound  started
206.3069 	DATA 	Keypress: lctrl
206.4048 	EXP 	Sound  started
207.0749 	DATA 	Keypress: lctrl
207.1548 	EXP 	Sound  started
207.8749 	DATA 	Keypress: rctrl
207.9048 	EXP 	Sound  started
208.5309 	DATA 	Keypress: lctrl
208.6548 	EXP 	Sound  started
209.2989 	DATA 	Keypress: lctrl
209.4048 	EXP 	Sound  started
210.0989 	DATA 	Keypress: rctrl
210.1548 	EXP 	Sound  started
210.8989 	DATA 	Keypress: lctrl
210.9049 	EXP 	Sound  started
211.6189 	DATA 	Keypress: rctrl
211.6549 	EXP 	Sound  started
212.3869 	DATA 	Keypress: rctrl
212.4049 	EXP 	Sound  started
213.1549 	EXP 	Sound  started
213.1869 	DATA 	Keypress: rctrl
213.8910 	DATA 	Keypress: lctrl
213.9049 	EXP 	Sound  started
214.5789 	DATA 	Keypress: rctrl
214.6549 	EXP 	Sound  started
215.3309 	DATA 	Keypress: rctrl
215.4050 	EXP 	Sound  started
216.1309 	DATA 	Keypress: lctrl
216.1550 	EXP 	Sound  started
216.8349 	DATA 	Keypress: lctrl
216.9050 	EXP 	Sound  started
217.5549 	DATA 	Keypress: lctrl
217.6550 	EXP 	Sound  started
218.3069 	DATA 	Keypress: rctrl
218.4050 	EXP 	Sound  started
219.1550 	EXP 	Sound  started
219.1709 	DATA 	Keypress: lctrl
219.9050 	EXP 	Sound  started
219.9390 	DATA 	Keypress: lctrl
220.6551 	EXP 	Sound  started
220.7069 	DATA 	Keypress: rctrl
221.3470 	DATA 	Keypress: lctrl
221.4051 	EXP 	Sound  started
222.0829 	DATA 	Keypress: lctrl
222.1551 	EXP 	Sound  started
222.8669 	DATA 	Keypress: lctrl
222.9051 	EXP 	Sound  started
223.6509 	DATA 	Keypress: rctrl
223.6551 	EXP 	Sound  started
224.3229 	DATA 	Keypress: rctrl
224.4051 	EXP 	Sound  started
225.0909 	DATA 	Keypress: rctrl
225.1552 	EXP 	Sound  started
225.8269 	DATA 	Keypress: lctrl
225.9052 	EXP 	Sound  started
226.5309 	DATA 	Keypress: rctrl
226.6552 	EXP 	Sound  started
227.2989 	DATA 	Keypress: rctrl
227.4052 	EXP 	Sound  started
228.1309 	DATA 	Keypress: lctrl
228.1552 	EXP 	Sound  started
228.8669 	DATA 	Keypress: lctrl
228.9052 	EXP 	Sound  started
229.5709 	DATA 	Keypress: lctrl
229.6552 	EXP 	Sound  started
230.2749 	DATA 	Keypress: rctrl
230.4053 	EXP 	Sound  started
231.1069 	DATA 	Keypress: lctrl
231.1553 	EXP 	Sound  started
231.8269 	DATA 	Keypress: lctrl
231.9053 	EXP 	Sound  started
232.5629 	DATA 	Keypress: lctrl
232.6553 	EXP 	Sound  started
233.2669 	DATA 	Keypress: rctrl
233.4053 	EXP 	Sound  started
234.0189 	DATA 	Keypress: lctrl
234.1553 	EXP 	Sound  started
234.7229 	DATA 	Keypress: lctrl
234.9053 	EXP 	Sound  started
235.5549 	DATA 	Keypress: rctrl
235.6554 	EXP 	Sound  started
236.2429 	DATA 	Keypress: lctrl
236.4054 	EXP 	Sound  started
237.0589 	DATA 	Keypress: lctrl
237.1554 	EXP 	Sound  started
237.8110 	DATA 	Keypress: lctrl
237.9054 	EXP 	Sound  started
238.5629 	DATA 	Keypress: lctrl
238.6554 	EXP 	Sound  started
239.2669 	DATA 	Keypress: rctrl
239.4054 	EXP 	Sound  started
239.9709 	DATA 	Keypress: lctrl
240.1554 	EXP 	Sound  started
240.7389 	DATA 	Keypress: rctrl
240.9055 	EXP 	Sound  started
241.5389 	DATA 	Keypress: lctrl
241.6555 	EXP 	Sound  started
242.3549 	DATA 	Keypress: lctrl
242.4055 	EXP 	Sound  started
243.0588 	DATA 	Keypress: lctrl
243.1555 	EXP 	Sound  started
243.7629 	DATA 	Keypress: rctrl
243.9055 	EXP 	Sound  started
244.5469 	DATA 	Keypress: rctrl
244.6555 	EXP 	Sound  started
245.3149 	DATA 	Keypress: lctrl
245.4055 	EXP 	Sound  started
246.0829 	DATA 	Keypress: lctrl
246.1555 	EXP 	Sound  started
246.8509 	DATA 	Keypress: lctrl
246.9055 	EXP 	Sound  started
247.6348 	DATA 	Keypress: rctrl
247.6556 	EXP 	Sound  started
248.2909 	DATA 	Keypress: lctrl
248.4056 	EXP 	Sound  started
249.0589 	DATA 	Keypress: rctrl
249.1556 	EXP 	Sound  started
249.7948 	DATA 	Keypress: rctrl
249.9056 	EXP 	Sound  started
250.5629 	DATA 	Keypress: lctrl
250.6556 	EXP 	Sound  started
251.3149 	DATA 	Keypress: lctrl
251.4057 	EXP 	Sound  started
252.0669 	DATA 	Keypress: lctrl
252.1557 	EXP 	Sound  started
252.7868 	DATA 	Keypress: rctrl
252.9057 	EXP 	Sound  started
253.4589 	DATA 	Keypress: lctrl
253.6557 	EXP 	Sound  started
254.3068 	DATA 	Keypress: rctrl
254.4057 	EXP 	Sound  started
255.0589 	DATA 	Keypress: rctrl
255.1557 	EXP 	Sound  started
255.8108 	DATA 	Keypress: rctrl
255.9057 	EXP 	Sound  started
256.5949 	DATA 	Keypress: lctrl
256.6558 	EXP 	Sound  started
257.2988 	DATA 	Keypress: rctrl
257.4058 	EXP 	Sound  started
258.0989 	DATA 	Keypress: lctrl
258.1558 	EXP 	Sound  started
258.8669 	DATA 	Keypress: lctrl
258.9058 	EXP 	Sound  started
259.5868 	DATA 	Keypress: lctrl
259.6558 	EXP 	Sound  started
260.2748 	DATA 	Keypress: rctrl
260.4058 	EXP 	Sound  started
261.0588 	DATA 	Keypress: lctrl
261.1559 	EXP 	Sound  started
261.8108 	DATA 	Keypress: rctrl
261.9059 	EXP 	Sound  started
262.5629 	DATA 	Keypress: rctrl
262.6559 	EXP 	Sound  started
263.3308 	DATA 	Keypress: rctrl
263.4059 	EXP 	Sound  started
264.0988 	DATA 	Keypress: lctrl
264.1559 	EXP 	Sound  started
264.8508 	DATA 	Keypress: rctrl
264.9059 	EXP 	Sound  started
265.5549 	DATA 	Keypress: rctrl
265.6559 	EXP 	Sound  started
266.2909 	DATA 	Keypress: rctrl
266.4060 	EXP 	Sound  started
267.0749 	DATA 	Keypress: lctrl
267.1560 	EXP 	Sound  started
267.8110 	DATA 	Keypress: lctrl
267.9060 	EXP 	Sound  started
268.5628 	DATA 	Keypress: lctrl
268.6560 	EXP 	Sound  started
269.2988 	DATA 	Keypress: rctrl
269.4464 	EXP 	unnamed TextStim: text = ''
269.4464 	EXP 	unnamed TextStim: text = ''
272.2870 	DATA 	Keypress: 4
272.3035 	EXP 	unnamed ShapeStim: vertices = <class 'numpy.ndarray'>
273.8381 	EXP 	unnamed TextStim: text = ''
273.8381 	EXP 	unnamed TextStim: text = ''
274.7556 	DATA 	Keypress: 1
274.7723 	EXP 	unnamed ShapeStim: vertices = <class 'numpy.ndarray'>
276.3239 	EXP 	unnamed TextStim: text = ''
276.3239 	EXP 	unnamed TextStim: text = ''
281.2777 	DATA 	Keypress: 4
281.2942 	EXP 	unnamed ShapeStim: vertices = <class 'numpy.ndarray'>
283.5785 	EXP 	Sound  started
283.5789 	DATA 	Keypress: lctrl
284.2268 	DATA 	Keypress: rctrl
284.3285 	EXP 	Sound  started
284.9628 	DATA 	Keypress: lctrl
285.0785 	EXP 	Sound  started
285.6669 	DATA 	Keypress: lctrl
285.8285 	EXP 	Sound  started
286.4668 	DATA 	Keypress: rctrl
286.5785 	EXP 	Sound  started
287.1708 	DATA 	Keypress: rctrl
287.3285 	EXP 	Sound  started
288.0028 	DATA 	Keypress: rctrl
288.0785 	EXP 	Sound  started
288.7068 	DATA 	Keypress: lctrl
288.8285 	EXP 	Sound  started
289.5068 	DATA 	Keypress: rctrl
289.5786 	EXP 	Sound  started
290.2428 	DATA 	Keypress: rctrl
290.3286 	EXP 	Sound  started
290.9468 	DATA 	Keypress: lctrl
291.0786 	EXP 	Sound  started
291.6989 	DATA 	Keypress: lctrl
291.8286 	EXP 	Sound  started
292.5148 	DATA 	Keypress: lctrl
292.5786 	EXP 	Sound  started
293.3286 	EXP 	Sound  started
293.3628 	DATA 	Keypress: rctrl
294.0348 	DATA 	Keypress: rctrl
294.0787 	EXP 	Sound  started
294.8188 	DATA 	Keypress: rctrl
294.8287 	EXP 	Sound  started
295.5228 	DATA 	Keypress: lctrl
295.5787 	EXP 	Sound  started
296.2908 	DATA 	Keypress: rctrl
296.3287 	EXP 	Sound  started
296.9948 	DATA 	Keypress: lctrl
297.0787 	EXP 	Sound  started
297.7948 	DATA 	Keypress: lctrl
297.8287 	EXP 	Sound  started
298.5628 	DATA 	Keypress: rctrl
298.5787 	EXP 	Sound  started
299.2508 	DATA 	Keypress: lctrl
299.3288 	EXP 	Sound  started
300.0669 	DATA 	Keypress: lctrl
300.0788 	EXP 	Sound  started
300.8288 	EXP 	Sound  started
300.8348 	DATA 	Keypress: lctrl
301.5068 	DATA 	Keypress: rctrl
301.5788 	EXP 	Sound  started
302.2429 	DATA 	Keypress: lctrl
302.3288 	EXP 	Sound  started
302.9788 	DATA 	Keypress: rctrl
303.0788 	EXP 	Sound  started
303.7308 	DATA 	Keypress: rctrl
303.8288 	EXP 	Sound  started
304.4668 	DATA 	Keypress: lctrl
304.5789 	EXP 	Sound  started
305.2348 	DATA 	Keypress: rctrl
305.3289 	EXP 	Sound  started
305.9549 	DATA 	Keypress: rctrl
306.0789 	EXP 	Sound  started
306.7228 	DATA 	Keypress: rctrl
306.8289 	EXP 	Sound  started
307.5068 	DATA 	Keypress: rctrl
307.5789 	EXP 	Sound  started
308.2909 	DATA 	Keypress: lctrl
308.3289 	EXP 	Sound  started
308.9628 	DATA 	Keypress: rctrl
309.0790 	EXP 	Sound  started
309.7148 	DATA 	Keypress: lctrl
309.8290 	EXP 	Sound  started
310.5788 	DATA 	Keypress: lctrl
310.5791 	EXP 	Sound  started
311.2989 	DATA 	Keypress: lctrl
311.3291 	EXP 	Sound  started
311.9708 	DATA 	Keypress: rctrl
312.0791 	EXP 	Sound  started
312.7388 	DATA 	Keypress: lctrl
312.8291 	EXP 	Sound  started
313.4588 	DATA 	Keypress: lctrl
313.5792 	EXP 	Sound  started
314.2588 	DATA 	Keypress: rctrl
314.3292 	EXP 	Sound  started
315.0268 	DATA 	Keypress: rctrl
315.0792 	EXP 	Sound  started
315.7468 	DATA 	Keypress: lctrl
315.8292 	EXP 	Sound  started
316.4989 	DATA 	Keypress: rctrl
316.5792 	EXP 	Sound  started
317.3148 	DATA 	Keypress: lctrl
317.3292 	EXP 	Sound  started
318.0669 	DATA 	Keypress: rctrl
318.0792 	EXP 	Sound  started
318.7708 	DATA 	Keypress: lctrl
318.8293 	EXP 	Sound  started
319.5793 	EXP 	Sound  started
319.5868 	DATA 	Keypress: lctrl
320.3229 	DATA 	Keypress: lctrl
320.3293 	EXP 	Sound  started
321.0748 	DATA 	Keypress: rctrl
321.0793 	EXP 	Sound  started
321.7948 	DATA 	Keypress: lctrl
323.1624 	DATA 	Keypress: 4
323.1789 	EXP 	unnamed ShapeStim: vertices = <class 'numpy.ndarray'>
324.9468 	DATA 	Keypress: 1
324.9632 	EXP 	unnamed ShapeStim: vertices = <class 'numpy.ndarray'>
326.7820 	DATA 	Keypress: 4
326.7986 	EXP 	unnamed ShapeStim: vertices = <class 'numpy.ndarray'>
329.0843 	EXP 	Sound  started
329.2828 	DATA 	Keypress: lctrl
329.8108 	DATA 	Keypress: rctrl
329.8342 	EXP 	Sound  started
330.5148 	DATA 	Keypress: lctrl
330.5842 	EXP 	Sound  started
331.2348 	DATA 	Keypress: lctrl
331.3342 	EXP 	Sound  started
331.9868 	DATA 	Keypress: lctrl
332.0843 	EXP 	Sound  started
332.6908 	DATA 	Keypress: rctrl
332.8343 	EXP 	Sound  started
333.4908 	DATA 	Keypress: rctrl
333.5843 	EXP 	Sound  started
334.2268 	DATA 	Keypress: lctrl
334.3343 	EXP 	Sound  started
334.9628 	DATA 	Keypress: rctrl
335.0843 	EXP 	Sound  started
335.7469 	DATA 	Keypress: rctrl
335.8343 	EXP 	Sound  started
336.4988 	DATA 	Keypress: rctrl
336.5844 	EXP 	Sound  started
337.2348 	DATA 	Keypress: lctrl
337.3344 	EXP 	Sound  started
338.0188 	DATA 	Keypress: rctrl
338.0844 	EXP 	Sound  started
338.8344 	EXP 	Sound  started
338.8348 	DATA 	Keypress: lctrl
339.5548 	DATA 	Keypress: lctrl
339.5844 	EXP 	Sound  started
340.3229 	DATA 	Keypress: lctrl
340.3344 	EXP 	Sound  started
341.0268 	DATA 	Keypress: rctrl
341.0844 	EXP 	Sound  started
341.8108 	DATA 	Keypress: lctrl
341.8344 	EXP 	Sound  started
342.5628 	DATA 	Keypress: rctrl
342.5845 	EXP 	Sound  started
343.2988 	DATA 	Keypress: rctrl
343.3345 	EXP 	Sound  started
344.0348 	DATA 	Keypress: rctrl
344.0845 	EXP 	Sound  started
344.8345 	EXP 	Sound  started
344.8348 	DATA 	Keypress: lctrl
345.5388 	DATA 	Keypress: lctrl
345.5845 	EXP 	Sound  started
346.1948 	DATA 	Keypress: rctrl
346.3345 	EXP 	Sound  started
346.9948 	DATA 	Keypress: lctrl
347.0846 	EXP 	Sound  started
347.7468 	DATA 	Keypress: lctrl
347.8346 	EXP 	Sound  started
348.4988 	DATA 	Keypress: lctrl
348.5846 	EXP 	Sound  started
349.1868 	DATA 	Keypress: rctrl
349.3346 	EXP 	Sound  started
349.9388 	DATA 	Keypress: lctrl
350.0846 	EXP 	Sound  started
350.6748 	DATA 	Keypress: rctrl
350.8346 	EXP 	Sound  started
351.5068 	DATA 	Keypress: lctrl
351.5846 	EXP 	Sound  started
352.2908 	DATA 	Keypress: lctrl
352.3347 	EXP 	Sound  started
353.0588 	DATA 	Keypress: lctrl
353.0847 	EXP 	Sound  started
353.7788 	DATA 	Keypress: rctrl
353.8347 	EXP 	Sound  started
354.4668 	DATA 	Keypress: lctrl
354.5847 	EXP 	Sound  started
355.2348 	DATA 	Keypress: lctrl
355.3347 	EXP 	Sound  started
355.9868 	DATA 	Keypress: lctrl
356.0847 	EXP 	Sound  started
356.7708 	DATA 	Keypress: rctrl
356.8347 	EXP 	Sound  started
357.5228 	DATA 	Keypress: lctrl
357.5848 	EXP 	Sound  started
358.2588 	DATA 	Keypress: lctrl
358.3348 	EXP 	Sound  started
359.0108 	DATA 	Keypress: rctrl
359.0848 	EXP 	Sound  started
359.7628 	DATA 	Keypress: rctrl
359.8348 	EXP 	Sound  started
360.5308 	DATA 	Keypress: lctrl
360.5848 	EXP 	Sound  started
361.3148 	DATA 	Keypress: lctrl
361.3348 	EXP 	Sound  started
362.0668 	DATA 	Keypress: lctrl
362.0848 	EXP 	Sound  started
362.7868 	DATA 	Keypress: lctrl
362.8348 	EXP 	Sound  started
363.5068 	DATA 	Keypress: rctrl
363.5848 	EXP 	Sound  started
364.2748 	DATA 	Keypress: rctrl
364.3349 	EXP 	Sound  started
365.0268 	DATA 	Keypress: rctrl
365.0849 	EXP 	Sound  started
365.7788 	DATA 	Keypress: lctrl
365.8349 	EXP 	Sound  started
366.5148 	DATA 	Keypress: rctrl
366.5849 	EXP 	Sound  started
367.2508 	DATA 	Keypress: lctrl
367.3349 	EXP 	Sound  started
367.9548 	DATA 	Keypress: lctrl
368.0849 	EXP 	Sound  started
368.7388 	DATA 	Keypress: lctrl
368.8350 	EXP 	Sound  started
369.5548 	DATA 	Keypress: rctrl
369.5850 	EXP 	Sound  started
370.2107 	DATA 	Keypress: rctrl
370.3350 	EXP 	Sound  started
370.9787 	DATA 	Keypress: rctrl
371.0850 	EXP 	Sound  started
371.7308 	DATA 	Keypress: lctrl
371.8350 	EXP 	Sound  started
372.5468 	DATA 	Keypress: rctrl
372.5850 	EXP 	Sound  started
373.2668 	DATA 	Keypress: rctrl
373.3350 	EXP 	Sound  started
374.0028 	DATA 	Keypress: lctrl
374.0851 	EXP 	Sound  started
374.7548 	DATA 	Keypress: lctrl
374.8351 	EXP 	Sound  started
375.5548 	DATA 	Keypress: lctrl
375.5851 	EXP 	Sound  started
376.2749 	DATA 	Keypress: rctrl
376.3351 	EXP 	Sound  started
377.0429 	DATA 	Keypress: lctrl
377.0851 	EXP 	Sound  started
377.8108 	DATA 	Keypress: lctrl
377.8351 	EXP 	Sound  started
378.5468 	DATA 	Keypress: lctrl
378.5852 	EXP 	Sound  started
379.3147 	DATA 	Keypress: rctrl
379.3352 	EXP 	Sound  started
380.0508 	DATA 	Keypress: lctrl
380.0852 	EXP 	Sound  started
380.7228 	DATA 	Keypress: rctrl
380.8352 	EXP 	Sound  started
381.5068 	DATA 	Keypress: rctrl
381.5852 	EXP 	Sound  started
382.2268 	DATA 	Keypress: lctrl
382.3352 	EXP 	Sound  started
382.9948 	DATA 	Keypress: lctrl
383.0852 	EXP 	Sound  started
383.7948 	DATA 	Keypress: lctrl
385.3338 	DATA 	Keypress: 3
385.3628 	EXP 	unnamed ShapeStim: vertices = <class 'numpy.ndarray'>
389.7165 	DATA 	Keypress: 2
389.7329 	EXP 	unnamed ShapeStim: vertices = <class 'numpy.ndarray'>
392.4224 	DATA 	Keypress: 2
392.4518 	EXP 	unnamed ShapeStim: vertices = <class 'numpy.ndarray'>
394.7363 	EXP 	Sound  started
394.8988 	DATA 	Keypress: rctrl
395.4863 	EXP 	Sound  started
395.4907 	DATA 	Keypress: lctrl
396.1467 	DATA 	Keypress: rctrl
396.2363 	EXP 	Sound  started
396.8988 	DATA 	Keypress: rctrl
396.9864 	EXP 	Sound  started
397.7148 	DATA 	Keypress: rctrl
397.7363 	EXP 	Sound  started
398.3869 	DATA 	Keypress: lctrl
398.4863 	EXP 	Sound  started
399.2028 	DATA 	Keypress: lctrl
399.2364 	EXP 	Sound  started
399.8747 	DATA 	Keypress: rctrl
399.9864 	EXP 	Sound  started
400.6267 	DATA 	Keypress: lctrl
400.7364 	EXP 	Sound  started
401.3948 	DATA 	Keypress: lctrl
401.4864 	EXP 	Sound  started
402.1307 	DATA 	Keypress: lctrl
402.2364 	EXP 	Sound  started
402.9148 	DATA 	Keypress: lctrl
402.9864 	EXP 	Sound  started
403.6668 	DATA 	Keypress: rctrl
403.7364 	EXP 	Sound  started
404.4508 	DATA 	Keypress: lctrl
404.4864 	EXP 	Sound  started
405.1707 	DATA 	Keypress: lctrl
405.2365 	EXP 	Sound  started
405.9228 	DATA 	Keypress: rctrl
405.9865 	EXP 	Sound  started
406.6267 	DATA 	Keypress: lctrl
406.7365 	EXP 	Sound  started
407.4267 	DATA 	Keypress: rctrl
407.4865 	EXP 	Sound  started
408.1947 	DATA 	Keypress: lctrl
408.2365 	EXP 	Sound  started
408.9147 	DATA 	Keypress: lctrl
408.9865 	EXP 	Sound  started
409.6507 	DATA 	Keypress: lctrl
409.7365 	EXP 	Sound  started
410.3707 	DATA 	Keypress: rctrl
410.4866 	EXP 	Sound  started
411.0907 	DATA 	Keypress: rctrl
411.2366 	EXP 	Sound  started
411.9227 	DATA 	Keypress: lctrl
411.9866 	EXP 	Sound  started
412.6267 	DATA 	Keypress: rctrl
412.7366 	EXP 	Sound  started
413.3788 	DATA 	Keypress: rctrl
413.4866 	EXP 	Sound  started
414.1948 	DATA 	Keypress: lctrl
414.2366 	EXP 	Sound  started
414.9467 	DATA 	Keypress: lctrl
414.9866 	EXP 	Sound  started
415.6667 	DATA 	Keypress: lctrl
415.7367 	EXP 	Sound  started
416.3708 	DATA 	Keypress: rctrl
416.4867 	EXP 	Sound  started
417.1067 	DATA 	Keypress: rctrl
417.2367 	EXP 	Sound  started
417.8748 	DATA 	Keypress: lctrl
417.9867 	EXP 	Sound  started
418.6107 	DATA 	Keypress: lctrl
418.7367 	EXP 	Sound  started
419.4587 	DATA 	Keypress: lctrl
419.4867 	EXP 	Sound  started
420.1307 	DATA 	Keypress: rctrl
420.2367 	EXP 	Sound  started
420.8187 	DATA 	Keypress: rctrl
420.9868 	EXP 	Sound  started
421.6027 	DATA 	Keypress: rctrl
421.7368 	EXP 	Sound  started
422.3227 	DATA 	Keypress: lctrl
422.4868 	EXP 	Sound  started
423.1228 	DATA 	Keypress: rctrl
423.2368 	EXP 	Sound  started
423.8748 	DATA 	Keypress: lctrl
423.9870 	EXP 	Sound  started
424.6268 	DATA 	Keypress: lctrl
424.7370 	EXP 	Sound  started
425.4587 	DATA 	Keypress: lctrl
425.4870 	EXP 	Sound  started
426.1787 	DATA 	Keypress: lctrl
426.2370 	EXP 	Sound  started
426.8668 	DATA 	Keypress: rctrl
426.9870 	EXP 	Sound  started
427.6507 	DATA 	Keypress: lctrl
427.7370 	EXP 	Sound  started
428.4027 	DATA 	Keypress: lctrl
428.4870 	EXP 	Sound  started
429.2027 	DATA 	Keypress: rctrl
429.2371 	EXP 	Sound  started
429.9227 	DATA 	Keypress: rctrl
429.9871 	EXP 	Sound  started
430.7371 	EXP 	Sound  started
430.7388 	DATA 	Keypress: rctrl
431.4871 	EXP 	Sound  started
431.4908 	DATA 	Keypress: rctrl
432.2267 	DATA 	Keypress: lctrl
432.2371 	EXP 	Sound  started
432.9467 	DATA 	Keypress: lctrl
432.9871 	EXP 	Sound  started
433.7307 	DATA 	Keypress: lctrl
433.7371 	EXP 	Sound  started
434.4187 	DATA 	Keypress: rctrl
434.4872 	EXP 	Sound  started
435.2028 	DATA 	Keypress: lctrl
435.2372 	EXP 	Sound  started
435.9872 	EXP 	Sound  started
436.0027 	DATA 	Keypress: lctrl
436.6747 	DATA 	Keypress: rctrl
436.7372 	EXP 	Sound  started
437.4108 	DATA 	Keypress: lctrl
437.4872 	EXP 	Sound  started
438.1467 	DATA 	Keypress: lctrl
438.2372 	EXP 	Sound  started
438.8827 	DATA 	Keypress: lctrl
438.9873 	EXP 	Sound  started
439.6347 	DATA 	Keypress: rctrl
439.7373 	EXP 	Sound  started
440.3547 	DATA 	Keypress: rctrl
440.4873 	EXP 	Sound  started
441.1548 	DATA 	Keypress: lctrl
441.2373 	EXP 	Sound  started
441.9068 	DATA 	Keypress: lctrl
441.9873 	EXP 	Sound  started
442.6907 	DATA 	Keypress: lctrl
442.7373 	EXP 	Sound  started
443.4268 	DATA 	Keypress: rctrl
443.4874 	EXP 	Sound  started
444.1947 	DATA 	Keypress: lctrl
444.2374 	EXP 	Sound  started
444.9787 	DATA 	Keypress: lctrl
444.9874 	EXP 	Sound  started
445.7147 	DATA 	Keypress: lctrl
445.7374 	EXP 	Sound  started
446.4187 	DATA 	Keypress: rctrl
446.4874 	EXP 	Sound  started
447.1387 	DATA 	Keypress: rctrl
447.2374 	EXP 	Sound  started
447.8747 	DATA 	Keypress: rctrl
447.9874 	EXP 	Sound  started
448.6747 	DATA 	Keypress: lctrl
448.7375 	EXP 	Sound  started
449.4588 	DATA 	Keypress: lctrl
449.4875 	EXP 	Sound  started
450.1787 	DATA 	Keypress: rctrl
450.2375 	EXP 	Sound  started
450.8507 	DATA 	Keypress: rctrl
450.9875 	EXP 	Sound  started
451.7307 	DATA 	Keypress: lctrl
451.7375 	EXP 	Sound  started
452.4187 	DATA 	Keypress: rctrl
452.4875 	EXP 	Sound  started
453.2187 	DATA 	Keypress: lctrl
453.2376 	EXP 	Sound  started
453.9387 	DATA 	Keypress: lctrl
453.9876 	EXP 	Sound  started
454.6748 	DATA 	Keypress: lctrl
454.7376 	EXP 	Sound  started
455.4107 	DATA 	Keypress: lctrl
457.3886 	DATA 	Keypress: 4
457.4050 	EXP 	unnamed ShapeStim: vertices = <class 'numpy.ndarray'>
459.1733 	DATA 	Keypress: 1
459.1898 	EXP 	unnamed ShapeStim: vertices = <class 'numpy.ndarray'>
460.8418 	DATA 	Keypress: 4
460.8583 	EXP 	unnamed ShapeStim: vertices = <class 'numpy.ndarray'>
463.1433 	EXP 	Sound  started
463.2668 	DATA 	Keypress: lctrl
463.8747 	DATA 	Keypress: rctrl
463.8933 	EXP 	Sound  started
464.5467 	DATA 	Keypress: lctrl
464.6433 	EXP 	Sound  started
465.3147 	DATA 	Keypress: lctrl
465.3933 	EXP 	Sound  started
466.0667 	DATA 	Keypress: lctrl
466.1433 	EXP 	Sound  started
466.8027 	DATA 	Keypress: rctrl
466.8933 	EXP 	Sound  started
467.6027 	DATA 	Keypress: lctrl
467.6433 	EXP 	Sound  started
468.3227 	DATA 	Keypress: rctrl
468.3933 	EXP 	Sound  started
469.0587 	DATA 	Keypress: rctrl
469.1434 	EXP 	Sound  started
469.8268 	DATA 	Keypress: rctrl
469.8934 	EXP 	Sound  started
470.5307 	DATA 	Keypress: lctrl
470.6434 	EXP 	Sound  started
471.2987 	DATA 	Keypress: rctrl
471.3934 	EXP 	Sound  started
472.0987 	DATA 	Keypress: lctrl
472.1434 	EXP 	Sound  started
472.8667 	DATA 	Keypress: rctrl
472.8934 	EXP 	Sound  started
473.6435 	EXP 	Sound  started
473.6507 	DATA 	Keypress: rctrl
474.3867 	DATA 	Keypress: rctrl
474.3935 	EXP 	Sound  started
475.1387 	DATA 	Keypress: rctrl
475.1435 	EXP 	Sound  started
475.8935 	EXP 	Sound  started
475.9067 	DATA 	Keypress: lctrl
476.5787 	DATA 	Keypress: rctrl
476.6435 	EXP 	Sound  started
477.3307 	DATA 	Keypress: lctrl
477.3935 	EXP 	Sound  started
478.0667 	DATA 	Keypress: lctrl
478.1436 	EXP 	Sound  started
478.8667 	DATA 	Keypress: lctrl
478.8936 	EXP 	Sound  started
479.5227 	DATA 	Keypress: rctrl
479.6436 	EXP 	Sound  started
480.3387 	DATA 	Keypress: lctrl
480.3936 	EXP 	Sound  started
481.1227 	DATA 	Keypress: rctrl
481.1436 	EXP 	Sound  started
481.8427 	DATA 	Keypress: rctrl
481.8936 	EXP 	Sound  started
482.6427 	DATA 	Keypress: rctrl
482.6436 	EXP 	Sound  started
483.3937 	EXP 	Sound  started
483.3947 	DATA 	Keypress: lctrl
484.0348 	DATA 	Keypress: rctrl
484.1437 	EXP 	Sound  started
484.7867 	DATA 	Keypress: lctrl
484.8937 	EXP 	Sound  started
485.5547 	DATA 	Keypress: lctrl
485.6437 	EXP 	Sound  started
486.2587 	DATA 	Keypress: rctrl
486.3937 	EXP 	Sound  started
487.1227 	DATA 	Keypress: lctrl
487.1437 	EXP 	Sound  started
487.8427 	DATA 	Keypress: lctrl
487.8937 	EXP 	Sound  started
488.6109 	DATA 	Keypress: lctrl
488.6438 	EXP 	Sound  started
489.3147 	DATA 	Keypress: rctrl
489.3938 	EXP 	Sound  started
490.0827 	DATA 	Keypress: lctrl
490.1438 	EXP 	Sound  started
490.8347 	DATA 	Keypress: lctrl
490.8938 	EXP 	Sound  started
491.5707 	DATA 	Keypress: lctrl
491.6438 	EXP 	Sound  started
492.3707 	DATA 	Keypress: lctrl
492.3938 	EXP 	Sound  started
493.0746 	DATA 	Keypress: rctrl
493.1439 	EXP 	Sound  started
493.8107 	DATA 	Keypress: rctrl
493.8939 	EXP 	Sound  started
494.6107 	DATA 	Keypress: lctrl
494.6439 	EXP 	Sound  started
495.2987 	DATA 	Keypress: rctrl
495.3939 	EXP 	Sound  started
496.0507 	DATA 	Keypress: lctrl
496.1439 	EXP 	Sound  started
496.7867 	DATA 	Keypress: rctrl
496.8939 	EXP 	Sound  started
497.6027 	DATA 	Keypress: rctrl
497.6439 	EXP 	Sound  started
498.3227 	DATA 	Keypress: lctrl
498.3939 	EXP 	Sound  started
499.0427 	DATA 	Keypress: rctrl
499.1440 	EXP 	Sound  started
499.8587 	DATA 	Keypress: rctrl
499.8940 	EXP 	Sound  started
500.5786 	DATA 	Keypress: lctrl
500.6440 	EXP 	Sound  started
501.2987 	DATA 	Keypress: rctrl
501.3940 	EXP 	Sound  started
502.0507 	DATA 	Keypress: lctrl
502.1440 	EXP 	Sound  started
502.7547 	DATA 	Keypress: rctrl
502.8940 	EXP 	Sound  started
503.5387 	DATA 	Keypress: rctrl
503.6441 	EXP 	Sound  started
504.3227 	DATA 	Keypress: lctrl
504.3941 	EXP 	Sound  started
505.0426 	DATA 	Keypress: lctrl
505.1441 	EXP 	Sound  started
505.7947 	DATA 	Keypress: lctrl
505.8941 	EXP 	Sound  started
506.5628 	DATA 	Keypress: rctrl
506.6441 	EXP 	Sound  started
507.2987 	DATA 	Keypress: lctrl
507.3941 	EXP 	Sound  started
508.0667 	DATA 	Keypress: rctrl
508.1441 	EXP 	Sound  started
508.7707 	DATA 	Keypress: rctrl
508.8942 	EXP 	Sound  started
509.5547 	DATA 	Keypress: rctrl
509.6442 	EXP 	Sound  started
510.2746 	DATA 	Keypress: rctrl
510.3942 	EXP 	Sound  started
511.0907 	DATA 	Keypress: lctrl
511.1442 	EXP 	Sound  started
511.8426 	DATA 	Keypress: lctrl
511.8942 	EXP 	Sound  started
512.5947 	DATA 	Keypress: rctrl
512.6442 	EXP 	Sound  started
513.3787 	DATA 	Keypress: lctrl
513.3943 	EXP 	Sound  started
514.0348 	DATA 	Keypress: lctrl
514.1443 	EXP 	Sound  started
514.7867 	DATA 	Keypress: lctrl
514.8943 	EXP 	Sound  started
515.5866 	DATA 	Keypress: rctrl
515.6443 	EXP 	Sound  started
516.2427 	DATA 	Keypress: lctrl
516.3943 	EXP 	Sound  started
517.0587 	DATA 	Keypress: rctrl
517.1443 	EXP 	Sound  started
517.7947 	DATA 	Keypress: rctrl
517.8943 	EXP 	Sound  started
518.5627 	DATA 	Keypress: rctrl
518.6444 	EXP 	Sound  started
519.3307 	DATA 	Keypress: lctrl
521.4281 	DATA 	Keypress: 3
521.4575 	EXP 	unnamed ShapeStim: vertices = <class 'numpy.ndarray'>
523.2091 	DATA 	Keypress: 1
523.2256 	EXP 	unnamed ShapeStim: vertices = <class 'numpy.ndarray'>
524.9814 	DATA 	Keypress: 1
525.0109 	EXP 	unnamed ShapeStim: vertices = <class 'numpy.ndarray'>
527.2957 	EXP 	Sound  started
527.4746 	DATA 	Keypress: rctrl
527.9867 	DATA 	Keypress: lctrl
528.0457 	EXP 	Sound  started
528.7706 	DATA 	Keypress: rctrl
528.7957 	EXP 	Sound  started
529.4907 	DATA 	Keypress: rctrl
529.5457 	EXP 	Sound  started
530.2907 	DATA 	Keypress: rctrl
530.2957 	EXP 	Sound  started
531.0106 	DATA 	Keypress: lctrl
531.0457 	EXP 	Sound  started
531.7787 	DATA 	Keypress: rctrl
531.7957 	EXP 	Sound  started
532.4987 	DATA 	Keypress: rctrl
532.5457 	EXP 	Sound  started
533.2187 	DATA 	Keypress: rctrl
533.2958 	EXP 	Sound  started
534.0458 	EXP 	Sound  started
534.0666 	DATA 	Keypress: lctrl
534.7386 	DATA 	Keypress: rctrl
534.7958 	EXP 	Sound  started
535.5227 	DATA 	Keypress: rctrl
535.5458 	EXP 	Sound  started
536.2958 	EXP 	Sound  started
536.3547 	DATA 	Keypress: lctrl
536.9947 	DATA 	Keypress: lctrl
537.0458 	EXP 	Sound  started
537.7306 	DATA 	Keypress: lctrl
537.7959 	EXP 	Sound  started
538.4668 	DATA 	Keypress: rctrl
538.5459 	EXP 	Sound  started
539.1866 	DATA 	Keypress: rctrl
539.2959 	EXP 	Sound  started
539.8907 	DATA 	Keypress: lctrl
540.0459 	EXP 	Sound  started
540.6587 	DATA 	Keypress: rctrl
540.7959 	EXP 	Sound  started
541.3147 	DATA 	Keypress: rctrl
541.5459 	EXP 	Sound  started
542.1946 	DATA 	Keypress: rctrl
542.2959 	EXP 	Sound  started
542.9947 	DATA 	Keypress: lctrl
543.0460 	EXP 	Sound  started
543.7147 	DATA 	Keypress: rctrl
543.7960 	EXP 	Sound  started
544.4507 	DATA 	Keypress: rctrl
544.5460 	EXP 	Sound  started
545.2667 	DATA 	Keypress: rctrl
545.2960 	EXP 	Sound  started
545.9866 	DATA 	Keypress: lctrl
546.0460 	EXP 	Sound  started
546.6906 	DATA 	Keypress: lctrl
546.7960 	EXP 	Sound  started
547.4746 	DATA 	Keypress: lctrl
547.5460 	EXP 	Sound  started
548.1946 	DATA 	Keypress: rctrl
548.2961 	EXP 	Sound  started
548.9466 	DATA 	Keypress: rctrl
549.0461 	EXP 	Sound  started
549.6986 	DATA 	Keypress: rctrl
549.7961 	EXP 	Sound  started
550.4187 	DATA 	Keypress: lctrl
550.5461 	EXP 	Sound  started
551.1866 	DATA 	Keypress: rctrl
551.2961 	EXP 	Sound  started
551.9387 	DATA 	Keypress: rctrl
552.0461 	EXP 	Sound  started
552.7546 	DATA 	Keypress: lctrl
552.7961 	EXP 	Sound  started
553.4906 	DATA 	Keypress: lctrl
553.5462 	EXP 	Sound  started
554.1946 	DATA 	Keypress: lctrl
554.2962 	EXP 	Sound  started
554.9466 	DATA 	Keypress: rctrl
555.0462 	EXP 	Sound  started
555.6987 	DATA 	Keypress: lctrl
555.7962 	EXP 	Sound  started
556.4666 	DATA 	Keypress: lctrl
556.5462 	EXP 	Sound  started
557.2026 	DATA 	Keypress: lctrl
557.2962 	EXP 	Sound  started
557.9546 	DATA 	Keypress: rctrl
558.0463 	EXP 	Sound  started
558.7547 	DATA 	Keypress: rctrl
558.7963 	EXP 	Sound  started
559.5226 	DATA 	Keypress: lctrl
559.5463 	EXP 	Sound  started
560.2106 	DATA 	Keypress: lctrl
560.2963 	EXP 	Sound  started
561.0267 	DATA 	Keypress: lctrl
561.0463 	EXP 	Sound  started
561.7306 	DATA 	Keypress: rctrl
561.7963 	EXP 	Sound  started
562.4666 	DATA 	Keypress: lctrl
562.5463 	EXP 	Sound  started
563.2187 	DATA 	Keypress: rctrl
563.2963 	EXP 	Sound  started
563.9866 	DATA 	Keypress: rctrl
564.0464 	EXP 	Sound  started
564.7386 	DATA 	Keypress: rctrl
564.7964 	EXP 	Sound  started
565.5226 	DATA 	Keypress: rctrl
565.5464 	EXP 	Sound  started
566.2426 	DATA 	Keypress: lctrl
566.2964 	EXP 	Sound  started
566.9306 	DATA 	Keypress: rctrl
567.0464 	EXP 	Sound  started
567.7146 	DATA 	Keypress: rctrl
567.7964 	EXP 	Sound  started
568.4826 	DATA 	Keypress: rctrl
572.0362 	DATA 	Keypress: 3
572.0656 	EXP 	unnamed ShapeStim: vertices = <class 'numpy.ndarray'>
578.0206 	DATA 	Keypress: 2
578.0371 	EXP 	unnamed ShapeStim: vertices = <class 'numpy.ndarray'>
579.8054 	DATA 	Keypress: 1
579.8219 	EXP 	unnamed ShapeStim: vertices = <class 'numpy.ndarray'>
582.1080 	EXP 	Sound  started
582.2907 	DATA 	Keypress: rctrl
582.8346 	DATA 	Keypress: lctrl
582.8578 	EXP 	Sound  started
583.5866 	DATA 	Keypress: rctrl
583.6079 	EXP 	Sound  started
584.3066 	DATA 	Keypress: rctrl
584.3579 	EXP 	Sound  started
585.0267 	DATA 	Keypress: rctrl
585.1079 	EXP 	Sound  started
585.8107 	DATA 	Keypress: lctrl
585.8579 	EXP 	Sound  started
586.5627 	DATA 	Keypress: rctrl
586.6079 	EXP 	Sound  started
587.3146 	DATA 	Keypress: rctrl
587.3579 	EXP 	Sound  started
588.0667 	DATA 	Keypress: lctrl
588.1079 	EXP 	Sound  started
588.7706 	DATA 	Keypress: lctrl
588.8580 	EXP 	Sound  started
589.5866 	DATA 	Keypress: lctrl
589.6080 	EXP 	Sound  started
590.2266 	DATA 	Keypress: rctrl
590.3580 	EXP 	Sound  started
591.0426 	DATA 	Keypress: rctrl
591.1080 	EXP 	Sound  started
591.7786 	DATA 	Keypress: rctrl
591.8580 	EXP 	Sound  started
592.5466 	DATA 	Keypress: lctrl
592.6080 	EXP 	Sound  started
593.1867 	DATA 	Keypress: rctrl
593.3581 	EXP 	Sound  started
594.0506 	DATA 	Keypress: lctrl
594.1081 	EXP 	Sound  started
594.8186 	DATA 	Keypress: lctrl
594.8581 	EXP 	Sound  started
595.5546 	DATA 	Keypress: lctrl
595.6081 	EXP 	Sound  started
596.2586 	DATA 	Keypress: rctrl
596.3581 	EXP 	Sound  started
597.0268 	DATA 	Keypress: lctrl
597.1081 	EXP 	Sound  started
597.7946 	DATA 	Keypress: rctrl
597.8581 	EXP 	Sound  started
598.5146 	DATA 	Keypress: rctrl
598.6082 	EXP 	Sound  started
599.2506 	DATA 	Keypress: rctrl
599.3582 	EXP 	Sound  started
600.0506 	DATA 	Keypress: lctrl
600.1082 	EXP 	Sound  started
600.7707 	DATA 	Keypress: lctrl
600.8582 	EXP 	Sound  started
601.4587 	DATA 	Keypress: rctrl
601.6082 	EXP 	Sound  started
602.2266 	DATA 	Keypress: rctrl
602.3582 	EXP 	Sound  started
602.9947 	DATA 	Keypress: lctrl
603.1082 	EXP 	Sound  started
603.7146 	DATA 	Keypress: rctrl
603.8583 	EXP 	Sound  started
604.5306 	DATA 	Keypress: lctrl
604.6083 	EXP 	Sound  started
605.2827 	DATA 	Keypress: lctrl
605.3583 	EXP 	Sound  started
606.0826 	DATA 	Keypress: lctrl
606.1083 	EXP 	Sound  started
606.8026 	DATA 	Keypress: rctrl
606.8583 	EXP 	Sound  started
607.5546 	DATA 	Keypress: lctrl
607.6083 	EXP 	Sound  started
608.2746 	DATA 	Keypress: rctrl
608.3584 	EXP 	Sound  started
609.0426 	DATA 	Keypress: rctrl
609.1084 	EXP 	Sound  started
609.7466 	DATA 	Keypress: rctrl
609.8584 	EXP 	Sound  started
610.5306 	DATA 	Keypress: rctrl
610.6084 	EXP 	Sound  started
611.2666 	DATA 	Keypress: rctrl
611.3584 	EXP 	Sound  started
612.0186 	DATA 	Keypress: rctrl
612.1084 	EXP 	Sound  started
612.7866 	DATA 	Keypress: rctrl
612.8584 	EXP 	Sound  started
613.5386 	DATA 	Keypress: rctrl
613.6085 	EXP 	Sound  started
614.3226 	DATA 	Keypress: lctrl
614.3585 	EXP 	Sound  started
615.0106 	DATA 	Keypress: rctrl
615.1085 	EXP 	Sound  started
615.7466 	DATA 	Keypress: lctrl
615.8585 	EXP 	Sound  started
616.4826 	DATA 	Keypress: lctrl
616.6085 	EXP 	Sound  started
617.2506 	DATA 	Keypress: rctrl
617.3585 	EXP 	Sound  started
618.0346 	DATA 	Keypress: lctrl
618.1085 	EXP 	Sound  started
618.7706 	DATA 	Keypress: lctrl
618.8585 	EXP 	Sound  started
619.4746 	DATA 	Keypress: rctrl
619.6086 	EXP 	Sound  started
620.2426 	DATA 	Keypress: lctrl
620.3586 	EXP 	Sound  started
621.0426 	DATA 	Keypress: lctrl
621.1086 	EXP 	Sound  started
621.7146 	DATA 	Keypress: rctrl
621.8586 	EXP 	Sound  started
622.4826 	DATA 	Keypress: rctrl
622.6086 	EXP 	Sound  started
623.3586 	EXP 	Sound  started
623.3786 	DATA 	Keypress: rctrl
624.0826 	DATA 	Keypress: lctrl
624.1086 	EXP 	Sound  started
624.8186 	DATA 	Keypress: lctrl
624.8587 	EXP 	Sound  started
625.6027 	DATA 	Keypress: lctrl
625.6087 	EXP 	Sound  started
626.3587 	EXP 	Sound  started
626.4346 	DATA 	Keypress: lctrl
627.1066 	DATA 	Keypress: lctrl
627.1087 	EXP 	Sound  started
627.8587 	EXP 	Sound  started
627.9226 	DATA 	Keypress: rctrl
628.6087 	EXP 	Sound  started
628.6586 	DATA 	Keypress: rctrl
629.3466 	DATA 	Keypress: lctrl
629.3587 	EXP 	Sound  started
630.0026 	DATA 	Keypress: lctrl
630.1088 	EXP 	Sound  started
630.7386 	DATA 	Keypress: lctrl
630.8588 	EXP 	Sound  started
631.5866 	DATA 	Keypress: rctrl
631.6088 	EXP 	Sound  started
632.3226 	DATA 	Keypress: rctrl
632.3588 	EXP 	Sound  started
633.0426 	DATA 	Keypress: rctrl
633.1088 	EXP 	Sound  started
633.7946 	DATA 	Keypress: lctrl
633.8588 	EXP 	Sound  started
634.5306 	DATA 	Keypress: rctrl
634.6089 	EXP 	Sound  started
635.2665 	DATA 	Keypress: lctrl
635.3589 	EXP 	Sound  started
636.0506 	DATA 	Keypress: lctrl
636.1089 	EXP 	Sound  started
636.8026 	DATA 	Keypress: lctrl
636.8589 	EXP 	Sound  started
637.5545 	DATA 	Keypress: lctrl
637.6089 	EXP 	Sound  started
638.2906 	DATA 	Keypress: rctrl
638.3589 	EXP 	Sound  started
639.0426 	DATA 	Keypress: lctrl
639.1089 	EXP 	Sound  started
639.7786 	DATA 	Keypress: lctrl
639.8589 	EXP 	Sound  started
640.4666 	DATA 	Keypress: lctrl
640.6090 	EXP 	Sound  started
641.2666 	DATA 	Keypress: lctrl
641.3590 	EXP 	Sound  started
642.0026 	DATA 	Keypress: lctrl
642.1090 	EXP 	Sound  started
642.7706 	DATA 	Keypress: rctrl
642.8590 	EXP 	Sound  started
643.4906 	DATA 	Keypress: lctrl
643.6090 	EXP 	Sound  started
644.3066 	DATA 	Keypress: rctrl
644.3590 	EXP 	Sound  started
645.0106 	DATA 	Keypress: rctrl
645.1091 	EXP 	Sound  started
645.8106 	DATA 	Keypress: rctrl
645.8591 	EXP 	Sound  started
646.5306 	DATA 	Keypress: lctrl
646.6091 	EXP 	Sound  started
647.3466 	DATA 	Keypress: rctrl
647.3591 	EXP 	Sound  started
648.0346 	DATA 	Keypress: lctrl
648.1091 	EXP 	Sound  started
648.7546 	DATA 	Keypress: lctrl
648.8591 	EXP 	Sound  started
649.5867 	DATA 	Keypress: lctrl
649.6091 	EXP 	Sound  started
650.3386 	DATA 	Keypress: rctrl
654.9169 	DATA 	Keypress: 3
654.9334 	EXP 	unnamed ShapeStim: vertices = <class 'numpy.ndarray'>
656.9019 	DATA 	Keypress: 4
656.9184 	EXP 	unnamed ShapeStim: vertices = <class 'numpy.ndarray'>
658.9040 	DATA 	Keypress: 1
658.9205 	EXP 	unnamed ShapeStim: vertices = <class 'numpy.ndarray'>
661.2057 	EXP 	Sound  started
661.3945 	DATA 	Keypress: rctrl
661.9556 	EXP 	Sound  started
661.9705 	DATA 	Keypress: lctrl
662.6106 	DATA 	Keypress: rctrl
662.7056 	EXP 	Sound  started
663.3787 	DATA 	Keypress: rctrl
663.4557 	EXP 	Sound  started
664.1306 	DATA 	Keypress: rctrl
664.2057 	EXP 	Sound  started
664.8986 	DATA 	Keypress: lctrl
664.9557 	EXP 	Sound  started
665.5866 	DATA 	Keypress: rctrl
665.7057 	EXP 	Sound  started
666.3706 	DATA 	Keypress: rctrl
666.4557 	EXP 	Sound  started
667.1706 	DATA 	Keypress: lctrl
667.2057 	EXP 	Sound  started
667.8906 	DATA 	Keypress: lctrl
667.9557 	EXP 	Sound  started
668.6906 	DATA 	Keypress: lctrl
668.7058 	EXP 	Sound  started
669.4106 	DATA 	Keypress: lctrl
669.4558 	EXP 	Sound  started
670.1625 	DATA 	Keypress: rctrl
670.2058 	EXP 	Sound  started
670.9146 	DATA 	Keypress: lctrl
670.9558 	EXP 	Sound  started
671.6666 	DATA 	Keypress: rctrl
671.7058 	EXP 	Sound  started
672.4026 	DATA 	Keypress: rctrl
672.4558 	EXP 	Sound  started
673.1386 	DATA 	Keypress: rctrl
673.2058 	EXP 	Sound  started
673.9067 	DATA 	Keypress: rctrl
673.9559 	EXP 	Sound  started
674.6425 	DATA 	Keypress: rctrl
674.7059 	EXP 	Sound  started
675.3785 	DATA 	Keypress: lctrl
675.4559 	EXP 	Sound  started
676.1466 	DATA 	Keypress: rctrl
676.2059 	EXP 	Sound  started
676.8826 	DATA 	Keypress: lctrl
676.9559 	EXP 	Sound  started
677.6665 	DATA 	Keypress: rctrl
677.7059 	EXP 	Sound  started
678.4345 	DATA 	Keypress: lctrl
678.4559 	EXP 	Sound  started
679.1706 	DATA 	Keypress: lctrl
679.2060 	EXP 	Sound  started
679.9546 	DATA 	Keypress: lctrl
679.9560 	EXP 	Sound  started
680.6425 	DATA 	Keypress: rctrl
680.7060 	EXP 	Sound  started
681.4106 	DATA 	Keypress: rctrl
681.4560 	EXP 	Sound  started
682.1945 	DATA 	Keypress: rctrl
682.2060 	EXP 	Sound  started
682.9146 	DATA 	Keypress: rctrl
682.9560 	EXP 	Sound  started
683.6506 	DATA 	Keypress: rctrl
683.7060 	EXP 	Sound  started
684.4346 	DATA 	Keypress: lctrl
684.4560 	EXP 	Sound  started
685.2027 	DATA 	Keypress: rctrl
685.2061 	EXP 	Sound  started
685.8747 	DATA 	Keypress: rctrl
685.9561 	EXP 	Sound  started
686.5945 	DATA 	Keypress: lctrl
686.7061 	EXP 	Sound  started
687.3305 	DATA 	Keypress: lctrl
687.4561 	EXP 	Sound  started
688.1465 	DATA 	Keypress: rctrl
688.2061 	EXP 	Sound  started
688.9145 	DATA 	Keypress: rctrl
688.9561 	EXP 	Sound  started
689.6506 	DATA 	Keypress: rctrl
689.7062 	EXP 	Sound  started
690.3865 	DATA 	Keypress: rctrl
690.4562 	EXP 	Sound  started
691.1385 	DATA 	Keypress: lctrl
691.2062 	EXP 	Sound  started
691.9065 	DATA 	Keypress: rctrl
691.9562 	EXP 	Sound  started
692.6746 	DATA 	Keypress: rctrl
692.7062 	EXP 	Sound  started
693.4265 	DATA 	Keypress: rctrl
693.4562 	EXP 	Sound  started
694.0986 	DATA 	Keypress: lctrl
694.2062 	EXP 	Sound  started
694.9146 	DATA 	Keypress: rctrl
694.9562 	EXP 	Sound  started
695.7063 	EXP 	Sound  started
695.7306 	DATA 	Keypress: rctrl
696.4563 	EXP 	Sound  started
696.4665 	DATA 	Keypress: rctrl
697.1225 	DATA 	Keypress: rctrl
697.2063 	EXP 	Sound  started
697.8265 	DATA 	Keypress: rctrl
697.9563 	EXP 	Sound  started
698.6746 	DATA 	Keypress: rctrl
698.7063 	EXP 	Sound  started
699.3625 	DATA 	Keypress: lctrl
699.4563 	EXP 	Sound  started
700.0825 	DATA 	Keypress: lctrl
700.2063 	EXP 	Sound  started
700.7865 	DATA 	Keypress: lctrl
700.9564 	EXP 	Sound  started
701.6185 	DATA 	Keypress: lctrl
701.7064 	EXP 	Sound  started
702.4505 	DATA 	Keypress: lctrl
702.4564 	EXP 	Sound  started
703.1386 	DATA 	Keypress: lctrl
703.2064 	EXP 	Sound  started
703.7786 	DATA 	Keypress: lctrl
703.9564 	EXP 	Sound  started
704.5625 	DATA 	Keypress: lctrl
704.7064 	EXP 	Sound  started
705.3306 	DATA 	Keypress: rctrl
705.4564 	EXP 	Sound  started
706.1625 	DATA 	Keypress: lctrl
706.2065 	EXP 	Sound  started
706.9565 	EXP 	Sound  started
706.9625 	DATA 	Keypress: lctrl
707.6186 	DATA 	Keypress: rctrl
707.7065 	EXP 	Sound  started
708.4505 	DATA 	Keypress: rctrl
708.4565 	EXP 	Sound  started
709.1225 	DATA 	Keypress: lctrl
709.2065 	EXP 	Sound  started
709.9066 	DATA 	Keypress: rctrl
709.9565 	EXP 	Sound  started
710.6746 	DATA 	Keypress: rctrl
710.7065 	EXP 	Sound  started
711.3945 	DATA 	Keypress: rctrl
711.4566 	EXP 	Sound  started
712.1146 	DATA 	Keypress: lctrl
712.2066 	EXP 	Sound  started
712.8825 	DATA 	Keypress: rctrl
716.2337 	DATA 	Keypress: 2
716.2503 	EXP 	unnamed ShapeStim: vertices = <class 'numpy.ndarray'>
718.0686 	DATA 	Keypress: 4
718.0851 	EXP 	unnamed ShapeStim: vertices = <class 'numpy.ndarray'>
719.9739 	DATA 	Keypress: 1
720.0033 	EXP 	unnamed ShapeStim: vertices = <class 'numpy.ndarray'>
722.2880 	EXP 	Sound  started
722.4826 	DATA 	Keypress: rctrl
722.9466 	DATA 	Keypress: lctrl
723.0378 	EXP 	Sound  started
723.7465 	DATA 	Keypress: rctrl
723.7879 	EXP 	Sound  started
724.4186 	DATA 	Keypress: rctrl
724.5379 	EXP 	Sound  started
725.2025 	DATA 	Keypress: rctrl
725.2879 	EXP 	Sound  started
725.9865 	DATA 	Keypress: rctrl
726.0379 	EXP 	Sound  started
726.6905 	DATA 	Keypress: rctrl
726.7879 	EXP 	Sound  started
727.4265 	DATA 	Keypress: rctrl
727.5379 	EXP 	Sound  started
728.1786 	DATA 	Keypress: rctrl
728.2879 	EXP 	Sound  started
728.9145 	DATA 	Keypress: rctrl
729.0380 	EXP 	Sound  started
729.6505 	DATA 	Keypress: lctrl
729.7880 	EXP 	Sound  started
730.4345 	DATA 	Keypress: rctrl
730.5380 	EXP 	Sound  started
731.1545 	DATA 	Keypress: lctrl
731.2880 	EXP 	Sound  started
731.9865 	DATA 	Keypress: lctrl
732.0380 	EXP 	Sound  started
732.6905 	DATA 	Keypress: rctrl
732.7880 	EXP 	Sound  started
733.4265 	DATA 	Keypress: rctrl
733.5381 	EXP 	Sound  started
734.1465 	DATA 	Keypress: rctrl
734.2881 	EXP 	Sound  started
734.8985 	DATA 	Keypress: lctrl
735.0381 	EXP 	Sound  started
735.6345 	DATA 	Keypress: lctrl
735.7881 	EXP 	Sound  started
736.4345 	DATA 	Keypress: lctrl
736.5381 	EXP 	Sound  started
737.1705 	DATA 	Keypress: rctrl
737.2881 	EXP 	Sound  started
737.9225 	DATA 	Keypress: lctrl
738.0381 	EXP 	Sound  started
738.7865 	DATA 	Keypress: rctrl
738.7882 	EXP 	Sound  started
739.5065 	DATA 	Keypress: lctrl
739.5382 	EXP 	Sound  started
740.2105 	DATA 	Keypress: lctrl
740.2882 	EXP 	Sound  started
740.9465 	DATA 	Keypress: lctrl
741.0382 	EXP 	Sound  started
741.6665 	DATA 	Keypress: lctrl
741.7882 	EXP 	Sound  started
742.4345 	DATA 	Keypress: lctrl
742.5382 	EXP 	Sound  started
743.2345 	DATA 	Keypress: rctrl
743.2883 	EXP 	Sound  started
743.9546 	DATA 	Keypress: lctrl
744.0383 	EXP 	Sound  started
744.6905 	DATA 	Keypress: rctrl
744.7883 	EXP 	Sound  started
745.4265 	DATA 	Keypress: lctrl
745.5383 	EXP 	Sound  started
746.2425 	DATA 	Keypress: lctrl
746.2883 	EXP 	Sound  started
746.9465 	DATA 	Keypress: rctrl
747.0383 	EXP 	Sound  started
747.7465 	DATA 	Keypress: lctrl
747.7883 	EXP 	Sound  started
748.4665 	DATA 	Keypress: rctrl
748.5384 	EXP 	Sound  started
749.2185 	DATA 	Keypress: lctrl
749.2884 	EXP 	Sound  started
750.0025 	DATA 	Keypress: rctrl
750.0384 	EXP 	Sound  started
750.7385 	DATA 	Keypress: lctrl
750.7884 	EXP 	Sound  started
751.4585 	DATA 	Keypress: rctrl
751.5384 	EXP 	Sound  started
752.1625 	DATA 	Keypress: lctrl
752.2884 	EXP 	Sound  started
752.9306 	DATA 	Keypress: rctrl
753.0384 	EXP 	Sound  started
753.6825 	DATA 	Keypress: lctrl
753.7885 	EXP 	Sound  started
754.4185 	DATA 	Keypress: lctrl
754.5385 	EXP 	Sound  started
755.1705 	DATA 	Keypress: rctrl
755.2885 	EXP 	Sound  started
755.8746 	DATA 	Keypress: lctrl
756.0385 	EXP 	Sound  started
756.6585 	DATA 	Keypress: lctrl
756.7885 	EXP 	Sound  started
757.4265 	DATA 	Keypress: lctrl
757.5386 	EXP 	Sound  started
758.1625 	DATA 	Keypress: lctrl
758.2886 	EXP 	Sound  started
758.9305 	DATA 	Keypress: rctrl
759.0386 	EXP 	Sound  started
759.7785 	DATA 	Keypress: lctrl
759.7886 	EXP 	Sound  started
760.4345 	DATA 	Keypress: lctrl
760.5387 	EXP 	Sound  started
761.1865 	DATA 	Keypress: rctrl
761.2887 	EXP 	Sound  started
761.9385 	DATA 	Keypress: lctrl
762.0387 	EXP 	Sound  started
762.7385 	DATA 	Keypress: lctrl
762.7887 	EXP 	Sound  started
763.4585 	DATA 	Keypress: lctrl
763.5387 	EXP 	Sound  started
764.1625 	DATA 	Keypress: rctrl
764.2887 	EXP 	Sound  started
764.8985 	DATA 	Keypress: lctrl
765.0388 	EXP 	Sound  started
765.6665 	DATA 	Keypress: lctrl
765.7888 	EXP 	Sound  started
766.4345 	DATA 	Keypress: rctrl
766.5388 	EXP 	Sound  started
767.2345 	DATA 	Keypress: lctrl
767.2888 	EXP 	Sound  started
767.9865 	DATA 	Keypress: rctrl
770.4948 	DATA 	Keypress: 4
770.5114 	EXP 	unnamed ShapeStim: vertices = <class 'numpy.ndarray'>
772.2963 	DATA 	Keypress: 1
772.3129 	EXP 	unnamed ShapeStim: vertices = <class 'numpy.ndarray'>
774.0853 	DATA 	Keypress: 4
774.1148 	EXP 	unnamed ShapeStim: vertices = <class 'numpy.ndarray'>
776.3999 	EXP 	Sound  started
776.7225 	DATA 	Keypress: lctrl
777.1385 	DATA 	Keypress: rctrl
777.1499 	EXP 	Sound  started
777.8106 	DATA 	Keypress: lctrl
777.8999 	EXP 	Sound  started
778.5145 	DATA 	Keypress: lctrl
778.6500 	EXP 	Sound  started
779.2985 	DATA 	Keypress: lctrl
779.4000 	EXP 	Sound  started
780.1145 	DATA 	Keypress: rctrl
780.1500 	EXP 	Sound  started
780.8825 	DATA 	Keypress: lctrl
780.9000 	EXP 	Sound  started
781.6345 	DATA 	Keypress: rctrl
781.6500 	EXP 	Sound  started
782.4000 	EXP 	Sound  started
782.4185 	DATA 	Keypress: lctrl
783.1066 	DATA 	Keypress: rctrl
783.1500 	EXP 	Sound  started
783.8265 	DATA 	Keypress: lctrl
783.9000 	EXP 	Sound  started
784.5945 	DATA 	Keypress: lctrl
784.6501 	EXP 	Sound  started
785.2985 	DATA 	Keypress: lctrl
785.4001 	EXP 	Sound  started
786.1305 	DATA 	Keypress: rctrl
786.1501 	EXP 	Sound  started
786.8505 	DATA 	Keypress: rctrl
786.9001 	EXP 	Sound  started
787.6345 	DATA 	Keypress: lctrl
787.6501 	EXP 	Sound  started
788.3705 	DATA 	Keypress: rctrl
788.4001 	EXP 	Sound  started
789.1385 	DATA 	Keypress: rctrl
789.1501 	EXP 	Sound  started
789.8745 	DATA 	Keypress: lctrl
789.9001 	EXP 	Sound  started
790.6265 	DATA 	Keypress: rctrl
790.6502 	EXP 	Sound  started
791.3625 	DATA 	Keypress: rctrl
791.4002 	EXP 	Sound  started
792.1145 	DATA 	Keypress: rctrl
792.1502 	EXP 	Sound  started
792.8185 	DATA 	Keypress: lctrl
792.9002 	EXP 	Sound  started
793.6024 	DATA 	Keypress: lctrl
793.6502 	EXP 	Sound  started
794.3705 	DATA 	Keypress: lctrl
794.4002 	EXP 	Sound  started
795.0105 	DATA 	Keypress: rctrl
795.1503 	EXP 	Sound  started
795.8585 	DATA 	Keypress: lctrl
795.9003 	EXP 	Sound  started
796.5625 	DATA 	Keypress: lctrl
796.6503 	EXP 	Sound  started
797.3305 	DATA 	Keypress: lctrl
797.4003 	EXP 	Sound  started
798.0185 	DATA 	Keypress: rctrl
798.1503 	EXP 	Sound  started
798.8665 	DATA 	Keypress: lctrl
798.9003 	EXP 	Sound  started
799.5865 	DATA 	Keypress: lctrl
799.6503 	EXP 	Sound  started
800.3705 	DATA 	Keypress: lctrl
800.4004 	EXP 	Sound  started
801.0585 	DATA 	Keypress: rctrl
801.1504 	EXP 	Sound  started
801.8585 	DATA 	Keypress: lctrl
801.9004 	EXP 	Sound  started
802.5945 	DATA 	Keypress: rctrl
802.6504 	EXP 	Sound  started
803.3785 	DATA 	Keypress: rctrl
803.4004 	EXP 	Sound  started
804.1145 	DATA 	Keypress: rctrl
804.1504 	EXP 	Sound  started
804.8505 	DATA 	Keypress: rctrl
804.9004 	EXP 	Sound  started
805.5864 	DATA 	Keypress: lctrl
805.6505 	EXP 	Sound  started
806.3385 	DATA 	Keypress: rctrl
806.4005 	EXP 	Sound  started
807.1225 	DATA 	Keypress: lctrl
807.1505 	EXP 	Sound  started
807.8585 	DATA 	Keypress: lctrl
807.9005 	EXP 	Sound  started
808.5945 	DATA 	Keypress: lctrl
808.6505 	EXP 	Sound  started
809.3304 	DATA 	Keypress: lctrl
809.4005 	EXP 	Sound  started
810.0826 	DATA 	Keypress: rctrl
810.1506 	EXP 	Sound  started
810.8024 	DATA 	Keypress: lctrl
810.9006 	EXP 	Sound  started
811.5864 	DATA 	Keypress: lctrl
811.6506 	EXP 	Sound  started
812.3064 	DATA 	Keypress: rctrl
812.4006 	EXP 	Sound  started
813.0906 	DATA 	Keypress: lctrl
813.1506 	EXP 	Sound  started
813.7945 	DATA 	Keypress: rctrl
813.9006 	EXP 	Sound  started
814.5145 	DATA 	Keypress: rctrl
814.6506 	EXP 	Sound  started
815.2825 	DATA 	Keypress: rctrl
815.4007 	EXP 	Sound  started
816.0505 	DATA 	Keypress: rctrl
816.1507 	EXP 	Sound  started
816.8185 	DATA 	Keypress: lctrl
816.9007 	EXP 	Sound  started
817.5064 	DATA 	Keypress: rctrl
817.6507 	EXP 	Sound  started
818.3064 	DATA 	Keypress: lctrl
818.4007 	EXP 	Sound  started
819.0425 	DATA 	Keypress: lctrl
819.1507 	EXP 	Sound  started
819.8425 	DATA 	Keypress: lctrl
819.9007 	EXP 	Sound  started
820.5465 	DATA 	Keypress: rctrl
820.6508 	EXP 	Sound  started
821.3144 	DATA 	Keypress: lctrl
821.4008 	EXP 	Sound  started
822.0185 	DATA 	Keypress: lctrl
822.1508 	EXP 	Sound  started
822.8024 	DATA 	Keypress: lctrl
822.9008 	EXP 	Sound  started
823.5704 	DATA 	Keypress: lctrl
823.6508 	EXP 	Sound  started
824.3065 	DATA 	Keypress: lctrl
824.4008 	EXP 	Sound  started
825.0424 	DATA 	Keypress: rctrl
825.1508 	EXP 	Sound  started
825.8264 	DATA 	Keypress: rctrl
825.9009 	EXP 	Sound  started
826.5464 	DATA 	Keypress: lctrl
829.1428 	DATA 	Keypress: 3
829.1594 	EXP 	unnamed ShapeStim: vertices = <class 'numpy.ndarray'>
831.7159 	DATA 	Keypress: 4
831.7453 	EXP 	unnamed ShapeStim: vertices = <class 'numpy.ndarray'>
833.5636 	DATA 	Keypress: 3
833.5802 	EXP 	unnamed ShapeStim: vertices = <class 'numpy.ndarray'>
835.8647 	EXP 	Sound  started
836.0664 	DATA 	Keypress: lctrl
836.5465 	DATA 	Keypress: rctrl
836.6147 	EXP 	Sound  started
837.2984 	DATA 	Keypress: lctrl
837.3647 	EXP 	Sound  started
838.0024 	DATA 	Keypress: lctrl
838.1147 	EXP 	Sound  started
838.7864 	DATA 	Keypress: lctrl
838.8647 	EXP 	Sound  started
839.4425 	DATA 	Keypress: rctrl
839.6147 	EXP 	Sound  started
840.2584 	DATA 	Keypress: lctrl
840.3647 	EXP 	Sound  started
841.0585 	DATA 	Keypress: lctrl
841.1147 	EXP 	Sound  started
841.8264 	DATA 	Keypress: lctrl
841.8648 	EXP 	Sound  started
842.4987 	DATA 	Keypress: rctrl
842.6148 	EXP 	Sound  started
843.2824 	DATA 	Keypress: lctrl
843.3648 	EXP 	Sound  started
843.9865 	DATA 	Keypress: lctrl
844.1148 	EXP 	Sound  started
844.7384 	DATA 	Keypress: lctrl
844.8648 	EXP 	Sound  started
845.5224 	DATA 	Keypress: rctrl
845.6148 	EXP 	Sound  started
846.2904 	DATA 	Keypress: lctrl
846.3648 	EXP 	Sound  started
847.0584 	DATA 	Keypress: lctrl
847.1148 	EXP 	Sound  started
847.8104 	DATA 	Keypress: rctrl
847.8649 	EXP 	Sound  started
848.5144 	DATA 	Keypress: lctrl
848.6149 	EXP 	Sound  started
849.2344 	DATA 	Keypress: rctrl
849.3649 	EXP 	Sound  started
849.9864 	DATA 	Keypress: rctrl
850.1149 	EXP 	Sound  started
850.7384 	DATA 	Keypress: rctrl
850.8649 	EXP 	Sound  started
851.4904 	DATA 	Keypress: rctrl
851.6149 	EXP 	Sound  started
852.2904 	DATA 	Keypress: lctrl
852.3649 	EXP 	Sound  started
853.0104 	DATA 	Keypress: lctrl
853.1150 	EXP 	Sound  started
853.8424 	DATA 	Keypress: rctrl
853.8650 	EXP 	Sound  started
854.5304 	DATA 	Keypress: rctrl
854.6150 	EXP 	Sound  started
855.2825 	DATA 	Keypress: lctrl
855.3650 	EXP 	Sound  started
856.0345 	DATA 	Keypress: rctrl
856.1150 	EXP 	Sound  started
856.8026 	DATA 	Keypress: lctrl
856.8650 	EXP 	Sound  started
857.5864 	DATA 	Keypress: lctrl
857.6150 	EXP 	Sound  started
858.3064 	DATA 	Keypress: rctrl
858.3651 	EXP 	Sound  started
859.0584 	DATA 	Keypress: lctrl
859.1151 	EXP 	Sound  started
859.7785 	DATA 	Keypress: rctrl
859.8651 	EXP 	Sound  started
860.5785 	DATA 	Keypress: lctrl
860.6151 	EXP 	Sound  started
861.2824 	DATA 	Keypress: rctrl
861.3651 	EXP 	Sound  started
862.0344 	DATA 	Keypress: lctrl
862.1151 	EXP 	Sound  started
862.7704 	DATA 	Keypress: rctrl
862.8651 	EXP 	Sound  started
863.5544 	DATA 	Keypress: lctrl
863.6152 	EXP 	Sound  started
864.2904 	DATA 	Keypress: rctrl
864.3652 	EXP 	Sound  started
865.0585 	DATA 	Keypress: rctrl
865.1152 	EXP 	Sound  started
865.7784 	DATA 	Keypress: lctrl
865.8652 	EXP 	Sound  started
866.4664 	DATA 	Keypress: rctrl
866.6152 	EXP 	Sound  started
867.2505 	DATA 	Keypress: lctrl
867.3652 	EXP 	Sound  started
868.0505 	DATA 	Keypress: lctrl
868.1152 	EXP 	Sound  started
868.8184 	DATA 	Keypress: lctrl
868.8653 	EXP 	Sound  started
869.5225 	DATA 	Keypress: rctrl
869.6153 	EXP 	Sound  started
870.2903 	DATA 	Keypress: lctrl
870.3653 	EXP 	Sound  started
871.0264 	DATA 	Keypress: lctrl
871.1153 	EXP 	Sound  started
871.8265 	DATA 	Keypress: rctrl
871.8653 	EXP 	Sound  started
872.4984 	DATA 	Keypress: rctrl
872.6153 	EXP 	Sound  started
873.2505 	DATA 	Keypress: rctrl
873.3653 	EXP 	Sound  started
873.9544 	DATA 	Keypress: lctrl
874.1154 	EXP 	Sound  started
874.7864 	DATA 	Keypress: rctrl
874.8654 	EXP 	Sound  started
875.4904 	DATA 	Keypress: rctrl
875.6154 	EXP 	Sound  started
876.2904 	DATA 	Keypress: rctrl
876.3654 	EXP 	Sound  started
877.0264 	DATA 	Keypress: rctrl
877.1154 	EXP 	Sound  started
877.7624 	DATA 	Keypress: rctrl
877.8654 	EXP 	Sound  started
878.4984 	DATA 	Keypress: lctrl
878.6154 	EXP 	Sound  started
879.2824 	DATA 	Keypress: rctrl
879.3655 	EXP 	Sound  started
880.0185 	DATA 	Keypress: lctrl
880.1155 	EXP 	Sound  started
880.7064 	DATA 	Keypress: lctrl
880.8655 	EXP 	Sound  started
881.4584 	DATA 	Keypress: lctrl
881.6155 	EXP 	Sound  started
882.2904 	DATA 	Keypress: lctrl
882.3655 	EXP 	Sound  started
882.9624 	DATA 	Keypress: lctrl
883.1155 	EXP 	Sound  started
883.8104 	DATA 	Keypress: lctrl
883.8655 	EXP 	Sound  started
884.5784 	DATA 	Keypress: lctrl
884.6156 	EXP 	Sound  started
885.2984 	DATA 	Keypress: lctrl
885.3656 	EXP 	Sound  started
886.0344 	DATA 	Keypress: rctrl
886.1156 	EXP 	Sound  started
886.7544 	DATA 	Keypress: lctrl
886.8656 	EXP 	Sound  started
887.5384 	DATA 	Keypress: lctrl
887.6156 	EXP 	Sound  started
888.2584 	DATA 	Keypress: lctrl
888.3656 	EXP 	Sound  started
888.9944 	DATA 	Keypress: rctrl
889.1157 	EXP 	Sound  started
889.7145 	DATA 	Keypress: lctrl
889.8657 	EXP 	Sound  started
890.5304 	DATA 	Keypress: lctrl
890.6157 	EXP 	Sound  started
891.2825 	DATA 	Keypress: lctrl
891.3657 	EXP 	Sound  started
892.0184 	DATA 	Keypress: lctrl
892.1157 	EXP 	Sound  started
892.8184 	DATA 	Keypress: rctrl
892.8657 	EXP 	Sound  started
893.4904 	DATA 	Keypress: rctrl
893.6157 	EXP 	Sound  started
894.3064 	DATA 	Keypress: rctrl
894.3658 	EXP 	Sound  started
895.0584 	DATA 	Keypress: lctrl
896.4353 	DATA 	Keypress: 4
896.4645 	EXP 	unnamed ShapeStim: vertices = <class 'numpy.ndarray'>
898.2328 	DATA 	Keypress: 1
898.2493 	EXP 	unnamed ShapeStim: vertices = <class 'numpy.ndarray'>
900.0218 	DATA 	Keypress: 4
900.0513 	EXP 	unnamed ShapeStim: vertices = <class 'numpy.ndarray'>
902.3376 	DATA 	Keypress: lctrl
1094.8824 	DATA 	Keypress: return
1094.9645 	EXP 	window1: mouseVisible = True
