30.6235 	WARNING 	User requested fullscreen with size [1024  768], but screen is actually [1920, 1200]. Using actual size
31.9592 	EXP 	Created window1 = Window(allowGUI=False, allowStencil=False, autoLog=True, backendConf=UNKNOWN, bitsMode=UNKNOWN, blendMode='avg', bpc=(8, 8, 8), color=array([0, 0, 0]), colorSpace='rgb', depthBits=8, fullscr=<method-wrapper '__getattribute__' of attributeSetter object at 0x00000205BD5649B0>, gamma=None, gammaErrorPolicy='raise', lms=UNKNOWN, monitor=<psychopy.monitors.calibTools.Monitor object at 0x00000205C5B302B0>, multiSample=False, name='window1', numSamples=2, pos=[0.0, 0.0], screen=0, size=array([1920, 1200]), stencilBits=0, stereo=False, units='norm', useFBO=True, useRetina=False, viewOri=0.0, viewPos=None, viewScale=None, waitBlanking=True, winType='pyglet')
31.9597 	EXP 	window1: mouseVisible = True
31.9599 	EXP 	window1: mouseVisible = False
31.9599 	EXP 	window1: recordFrameIntervals = False
32.1245 	EXP 	window1: recordFrameIntervals = True
32.3085 	EXP 	window1: recordFrameIntervals = False
32.3674 	EXP 	Created text = TextStim(__class__=<class 'psychopy.visual.text.TextStim'>, alignHoriz=method-wrapper(...), alignText='center', alignVert=method-wrapper(...), anchorHoriz='center', anchorVert='center', antialias=True, autoLog=True, bold=False, color=array([1., 1., 1.]), colorSpace='rgb', contrast=1.0, depth=0.0, flipHoriz=False, flipVert=False, font='Arial', fontFiles=[], height=0.15, italic=False, languageStyle='LTR', name='text', opacity=1, ori=0, pos=array([0., 0.]), rgb=UNKNOWN, text='+', units='norm', win=Window(...), wrapWidth=1)
32.3883 	EXP 	Created text = TextStim(__class__=<class 'psychopy.visual.text.TextStim'>, alignHoriz=method-wrapper(...), alignText='center', alignVert=method-wrapper(...), anchorHoriz='center', anchorVert='center', antialias=True, autoLog=True, bold=False, color=array([1., 1., 1.]), colorSpace='rgb', contrast=1.0, depth=0.0, flipHoriz=False, flipVert=False, font='Arial', fontFiles=[], height=0.07, italic=False, languageStyle='LTR', name='text', opacity=1, ori=0, pos=array([0., 0.]), rgb=UNKNOWN, text=str(...), units='norm', win=Window(...), wrapWidth=1.65)
32.3970 	EXP 	Created text = TextStim(__class__=<class 'psychopy.visual.text.TextStim'>, alignHoriz=method-wrapper(...), alignText='center', alignVert=method-wrapper(...), anchorHoriz='center', anchorVert='center', antialias=True, autoLog=True, bold=False, color=array([1., 1., 1.]), colorSpace='rgb', contrast=1.0, depth=0.0, flipHoriz=False, flipVert=False, font='Arial', fontFiles=[], height=0.07, italic=False, languageStyle='LTR', name='text', opacity=1, ori=0, pos=array([0., 0.]), rgb=UNKNOWN, text=str(...), units='norm', win=Window(...), wrapWidth=1.65)
32.4053 	EXP 	Created text = TextStim(__class__=<class 'psychopy.visual.text.TextStim'>, alignHoriz=method-wrapper(...), alignText='center', alignVert=method-wrapper(...), anchorHoriz='center', anchorVert='center', antialias=True, autoLog=True, bold=False, color=array([1., 1., 1.]), colorSpace='rgb', contrast=1.0, depth=0.0, flipHoriz=False, flipVert=False, font='Arial', fontFiles=[], height=0.07, italic=False, languageStyle='LTR', name='text', opacity=1, ori=0, pos=array([0., 0.]), rgb=UNKNOWN, text=str(...), units='norm', win=Window(...), wrapWidth=1.65)
32.4136 	EXP 	Created text = TextStim(__class__=<class 'psychopy.visual.text.TextStim'>, alignHoriz=method-wrapper(...), alignText='center', alignVert=method-wrapper(...), anchorHoriz='center', anchorVert='center', antialias=True, autoLog=True, bold=False, color=array([1., 1., 1.]), colorSpace='rgb', contrast=1.0, depth=0.0, flipHoriz=False, flipVert=False, font='Arial', fontFiles=[], height=0.07, italic=False, languageStyle='LTR', name='text', opacity=1, ori=0, pos=array([0., 0.]), rgb=UNKNOWN, text=str(...), units='norm', win=Window(...), wrapWidth=1.65)
32.4193 	EXP 	Created text = TextStim(__class__=<class 'psychopy.visual.text.TextStim'>, alignHoriz=method-wrapper(...), alignText='center', alignVert=method-wrapper(...), anchorHoriz='center', anchorVert='center', antialias=True, autoLog=True, bold=False, color=array([1., 1., 1.]), colorSpace='rgb', contrast=1.0, depth=0.0, flipHoriz=False, flipVert=False, font='Arial', fontFiles=[], height=0.07, italic=False, languageStyle='LTR', name='text', opacity=1, ori=0, pos=array([0., 0.]), rgb=UNKNOWN, text=str(...), units='norm', win=Window(...), wrapWidth=1.65)
32.4332 	EXP 	Created text = TextStim(__class__=<class 'psychopy.visual.text.TextStim'>, alignHoriz=method-wrapper(...), alignText='center', alignVert=method-wrapper(...), anchorHoriz='center', anchorVert='center', antialias=True, autoLog=True, bold=False, color=array([1., 1., 1.]), colorSpace='rgb', contrast=1.0, depth=0.0, flipHoriz=False, flipVert=False, font='Arial', fontFiles=[], height=0.15, italic=False, languageStyle='LTR', name='text', opacity=1, ori=0, pos=array([0., 0.]), rgb=UNKNOWN, text=str(...), units='norm', win=Window(...), wrapWidth=1.65)
32.4608 	EXP 	Created text = TextStim(__class__=<class 'psychopy.visual.text.TextStim'>, alignHoriz=method-wrapper(...), alignText='center', alignVert=method-wrapper(...), anchorHoriz='center', anchorVert='center', antialias=True, autoLog=True, bold=False, color=array([1., 1., 1.]), colorSpace='rgb', contrast=1.0, depth=0.0, flipHoriz=False, flipVert=False, font='Arial', fontFiles=[], height=0.07, italic=False, languageStyle='LTR', name='text', opacity=1, ori=0, pos=array([0., 0.]), rgb=UNKNOWN, text=str(...), units='norm', win=Window(...), wrapWidth=1.65)
32.4799 	EXP 	Created text = TextStim(__class__=<class 'psychopy.visual.text.TextStim'>, alignHoriz=method-wrapper(...), alignText='center', alignVert=method-wrapper(...), anchorHoriz='center', anchorVert='center', antialias=True, autoLog=True, bold=False, color=array([1., 1., 1.]), colorSpace='rgb', contrast=1.0, depth=0.0, flipHoriz=False, flipVert=False, font='Arial', fontFiles=[], height=0.07, italic=False, languageStyle='LTR', name='text', opacity=1, ori=0, pos=array([0., 0.]), rgb=UNKNOWN, text=str(...), units='norm', win=Window(...), wrapWidth=1.65)
32.5083 	EXP 	Created text = TextStim(__class__=<class 'psychopy.visual.text.TextStim'>, alignHoriz=method-wrapper(...), alignText='center', alignVert=method-wrapper(...), anchorHoriz='center', anchorVert='center', antialias=True, autoLog=True, bold=False, color=array([1., 1., 1.]), colorSpace='rgb', contrast=1.0, depth=0.0, flipHoriz=False, flipVert=False, font='Arial', fontFiles=[], height=0.07, italic=False, languageStyle='LTR', name='text', opacity=1, ori=0, pos=array([0., 0.]), rgb=UNKNOWN, text=str(...), units='norm', win=Window(...), wrapWidth=1.65)
32.5307 	EXP 	Created text = TextStim(__class__=<class 'psychopy.visual.text.TextStim'>, alignHoriz=method-wrapper(...), alignText='center', alignVert=method-wrapper(...), anchorHoriz='center', anchorVert='center', antialias=True, autoLog=True, bold=False, color=array([1., 1., 1.]), colorSpace='rgb', contrast=1.0, depth=0.0, flipHoriz=False, flipVert=False, font='Arial', fontFiles=[], height=0.07, italic=False, languageStyle='LTR', name='text', opacity=1, ori=0, pos=array([0., 0.]), rgb=UNKNOWN, text=str(...), units='norm', win=Window(...), wrapWidth=1.65)
32.5577 	EXP 	Created text = TextStim(__class__=<class 'psychopy.visual.text.TextStim'>, alignHoriz=method-wrapper(...), alignText='center', alignVert=method-wrapper(...), anchorHoriz='center', anchorVert='center', antialias=True, autoLog=True, bold=False, color=array([1., 1., 1.]), colorSpace='rgb', contrast=1.0, depth=0.0, flipHoriz=False, flipVert=False, font='Arial', fontFiles=[], height=0.07, italic=False, languageStyle='LTR', name='text', opacity=1, ori=0, pos=array([0., 0.]), rgb=UNKNOWN, text=str(...), units='norm', win=Window(...), wrapWidth=1.65)
32.5672 	EXP 	Created text = TextStim(__class__=<class 'psychopy.visual.text.TextStim'>, alignHoriz=method-wrapper(...), alignText='center', alignVert=method-wrapper(...), anchorHoriz='center', anchorVert='center', antialias=True, autoLog=True, bold=False, color=array([1., 1., 1.]), colorSpace='rgb', contrast=1.0, depth=0.0, flipHoriz=False, flipVert=False, font='Arial', fontFiles=[], height=0.07, italic=False, languageStyle='LTR', name='text', opacity=1, ori=0, pos=array([0., 0.]), rgb=UNKNOWN, text=str(...), units='norm', win=Window(...), wrapWidth=1.65)
32.5788 	EXP 	Created text = TextStim(__class__=<class 'psychopy.visual.text.TextStim'>, alignHoriz=method-wrapper(...), alignText='center', alignVert=method-wrapper(...), anchorHoriz='center', anchorVert='center', antialias=True, autoLog=True, bold=False, color=array([1., 1., 1.]), colorSpace='rgb', contrast=1.0, depth=0.0, flipHoriz=False, flipVert=False, font='Arial', fontFiles=[], height=0.07, italic=False, languageStyle='LTR', name='text', opacity=1, ori=0, pos=array([0., 0.]), rgb=UNKNOWN, text=str(...), units='norm', win=Window(...), wrapWidth=1.65)
32.5826 	EXP 	Created instru = TextStim(__class__=<class 'psychopy.visual.text.TextStim'>, alignHoriz=method-wrapper(...), alignText='center', alignVert=method-wrapper(...), anchorHoriz='center', anchorVert='center', antialias=True, autoLog=True, bold=False, color=array([1., 1., 1.]), colorSpace='rgb', contrast=1.0, depth=0.0, flipHoriz=False, flipVert=False, font='Arial', fontFiles=[], height=0.07, italic=False, languageStyle='LTR', name='instru', opacity=1, ori=0, pos=array([0. , 0.5]), rgb=UNKNOWN, text=str(...), units='norm', win=Window(...), wrapWidth=1)
32.5852 	EXP 	Created unnamed Line = Line(__class__=<class 'psychopy.visual.line.Line'>, autoDraw=False, autoLog=True, closeShape=False, color=array([1., 1., 1.]), colorSpace='rgb', contrast=None, depth=0, fillColor=array([0, 0, 0]), fillColorSpace='rgb', fillRGB=array([0, 0, 0]), interpolate=True, lineColor=array([1., 1., 1.]), lineColorSpace='rgb', lineRGB=array([1, 1, 1]), lineWidth=5, name='unnamed Line', opacity=0.5, ori=0.0, pos=array([0., 0.]), size=array([1., 1.]), units='norm', vertices=array([[-0.5,  0. ],
       [ 0.5,  0. ]]), win=Window(...), windingRule=None)
32.5872 	EXP 	Created unnamed Line = Line(__class__=<class 'psychopy.visual.line.Line'>, autoDraw=False, autoLog=True, closeShape=False, color=array([1., 1., 1.]), colorSpace='rgb', contrast=None, depth=0, fillColor=array([0, 0, 0]), fillColorSpace='rgb', fillRGB=array([0, 0, 0]), interpolate=True, lineColor=array([1., 1., 1.]), lineColorSpace='rgb', lineRGB=array([1, 1, 1]), lineWidth=3, name='unnamed Line', opacity=0.5, ori=0.0, pos=array([0., 0.]), size=array([1., 1.]), units='norm', vertices=array([[-0.5 , -0.05],
       [-0.5 ,  0.05]]), win=Window(...), windingRule=None)
32.5892 	EXP 	Created unnamed Line = Line(__class__=<class 'psychopy.visual.line.Line'>, autoDraw=False, autoLog=True, closeShape=False, color=array([1., 1., 1.]), colorSpace='rgb', contrast=None, depth=0, fillColor=array([0, 0, 0]), fillColorSpace='rgb', fillRGB=array([0, 0, 0]), interpolate=True, lineColor=array([1., 1., 1.]), lineColorSpace='rgb', lineRGB=array([1, 1, 1]), lineWidth=3, name='unnamed Line', opacity=0.5, ori=0.0, pos=array([0., 0.]), size=array([1., 1.]), units='norm', vertices=ndarray(...), win=Window(...), windingRule=None)
32.5912 	EXP 	Created unnamed Line = Line(__class__=<class 'psychopy.visual.line.Line'>, autoDraw=False, autoLog=True, closeShape=False, color=array([1., 1., 1.]), colorSpace='rgb', contrast=None, depth=0, fillColor=array([0, 0, 0]), fillColorSpace='rgb', fillRGB=array([0, 0, 0]), interpolate=True, lineColor=array([1., 1., 1.]), lineColorSpace='rgb', lineRGB=array([1, 1, 1]), lineWidth=3, name='unnamed Line', opacity=0.5, ori=0.0, pos=array([0., 0.]), size=array([1., 1.]), units='norm', vertices=ndarray(...), win=Window(...), windingRule=None)
32.5932 	EXP 	Created unnamed Line = Line(__class__=<class 'psychopy.visual.line.Line'>, autoDraw=False, autoLog=True, closeShape=False, color=array([1., 1., 1.]), colorSpace='rgb', contrast=None, depth=0, fillColor=array([0, 0, 0]), fillColorSpace='rgb', fillRGB=array([0, 0, 0]), interpolate=True, lineColor=array([1., 1., 1.]), lineColorSpace='rgb', lineRGB=array([1, 1, 1]), lineWidth=3, name='unnamed Line', opacity=0.5, ori=0.0, pos=array([0., 0.]), size=array([1., 1.]), units='norm', vertices=array([[ 0.5 , -0.05],
       [ 0.5 ,  0.05]]), win=Window(...), windingRule=None)
32.6045 	EXP 	Created unnamed TextStim = TextStim(__class__=<class 'psychopy.visual.text.TextStim'>, alignHoriz=method-wrapper(...), alignText='center', alignVert=method-wrapper(...), anchorHoriz='center', anchorVert='center', antialias=True, autoLog=True, bold=False, color=array([1., 1., 1.]), colorSpace='rgb', contrast=1.0, depth=0, flipHoriz=False, flipVert=False, font='', fontFiles=[], height=0.05, italic=False, languageStyle='LTR', name='unnamed TextStim', opacity=1.0, ori=0.0, pos=array([-0.5, -0.1]), rgb=UNKNOWN, text='Helt klart \n IKKE FOKUSERT', units='norm', win=Window(...), wrapWidth=1)
32.6056 	EXP 	Created unnamed TextStim = TextStim(__class__=<class 'psychopy.visual.text.TextStim'>, alignHoriz=method-wrapper(...), alignText='center', alignVert=method-wrapper(...), anchorHoriz='center', anchorVert='center', antialias=True, autoLog=True, bold=False, color=array([1., 1., 1.]), colorSpace='rgb', contrast=1.0, depth=0, flipHoriz=False, flipVert=False, font='', fontFiles=[], height=0.05, italic=False, languageStyle='LTR', name='unnamed TextStim', opacity=1.0, ori=0.0, pos=array([-0.16666667, -0.1       ]), rgb=UNKNOWN, text='', units='norm', win=Window(...), wrapWidth=1)
32.6066 	EXP 	Created unnamed TextStim = TextStim(__class__=<class 'psychopy.visual.text.TextStim'>, alignHoriz=method-wrapper(...), alignText='center', alignVert=method-wrapper(...), anchorHoriz='center', anchorVert='center', antialias=True, autoLog=True, bold=False, color=array([1., 1., 1.]), colorSpace='rgb', contrast=1.0, depth=0, flipHoriz=False, flipVert=False, font='', fontFiles=[], height=0.05, italic=False, languageStyle='LTR', name='unnamed TextStim', opacity=1.0, ori=0.0, pos=array([ 0.16666667, -0.1       ]), rgb=UNKNOWN, text='', units='norm', win=Window(...), wrapWidth=1)
32.6097 	EXP 	Created unnamed TextStim = TextStim(__class__=<class 'psychopy.visual.text.TextStim'>, alignHoriz=method-wrapper(...), alignText='center', alignVert=method-wrapper(...), anchorHoriz='center', anchorVert='center', antialias=True, autoLog=True, bold=False, color=array([1., 1., 1.]), colorSpace='rgb', contrast=1.0, depth=0, flipHoriz=False, flipVert=False, font='', fontFiles=[], height=0.05, italic=False, languageStyle='LTR', name='unnamed TextStim', opacity=1.0, ori=0.0, pos=array([ 0.5, -0.1]), rgb=UNKNOWN, text='Helt klart \n FOKUSERT', units='norm', win=Window(...), wrapWidth=1)
32.6116 	EXP 	Created unnamed ShapeStim = ShapeStim(__class__=<class 'psychopy.visual.shape.ShapeStim'>, autoDraw=False, autoLog=True, closeShape=True, color=method-wrapper(...), colorSpace='rgb', contrast=None, depth=0, fillColor=array([1, 1, 1]), fillColorSpace='rgb', fillRGB=array([1, 1, 1]), interpolate=True, lineColor=array([-1., -1., -1.]), lineColorSpace='rgb', lineRGB=array([-1, -1, -1]), lineWidth=1.5, name='unnamed ShapeStim', opacity=1.0, ori=0.0, pos=array([0., 0.]), size=array([1., 1.]), units='norm', vertices=ndarray(...), win=Window(...), windingRule=None)
32.6184 	EXP 	Created instru = TextStim(__class__=<class 'psychopy.visual.text.TextStim'>, alignHoriz=method-wrapper(...), alignText='center', alignVert=method-wrapper(...), anchorHoriz='center', anchorVert='center', antialias=True, autoLog=True, bold=False, color=array([1., 1., 1.]), colorSpace='rgb', contrast=1.0, depth=0.0, flipHoriz=False, flipVert=False, font='Arial', fontFiles=[], height=0.07, italic=False, languageStyle='LTR', name='instru', opacity=1, ori=0, pos=array([0. , 0.5]), rgb=UNKNOWN, text=str(...), units='norm', win=Window(...), wrapWidth=1)
32.6204 	EXP 	Created unnamed Line = Line(__class__=<class 'psychopy.visual.line.Line'>, autoDraw=False, autoLog=True, closeShape=False, color=array([1., 1., 1.]), colorSpace='rgb', contrast=None, depth=0, fillColor=array([0, 0, 0]), fillColorSpace='rgb', fillRGB=array([0, 0, 0]), interpolate=True, lineColor=array([1., 1., 1.]), lineColorSpace='rgb', lineRGB=array([1, 1, 1]), lineWidth=5, name='unnamed Line', opacity=0.5, ori=0.0, pos=array([0., 0.]), size=array([1., 1.]), units='norm', vertices=array([[-0.5,  0. ],
       [ 0.5,  0. ]]), win=Window(...), windingRule=None)
32.6224 	EXP 	Created unnamed Line = Line(__class__=<class 'psychopy.visual.line.Line'>, autoDraw=False, autoLog=True, closeShape=False, color=array([1., 1., 1.]), colorSpace='rgb', contrast=None, depth=0, fillColor=array([0, 0, 0]), fillColorSpace='rgb', fillRGB=array([0, 0, 0]), interpolate=True, lineColor=array([1., 1., 1.]), lineColorSpace='rgb', lineRGB=array([1, 1, 1]), lineWidth=3, name='unnamed Line', opacity=0.5, ori=0.0, pos=array([0., 0.]), size=array([1., 1.]), units='norm', vertices=array([[-0.5 , -0.05],
       [-0.5 ,  0.05]]), win=Window(...), windingRule=None)
32.6244 	EXP 	Created unnamed Line = Line(__class__=<class 'psychopy.visual.line.Line'>, autoDraw=False, autoLog=True, closeShape=False, color=array([1., 1., 1.]), colorSpace='rgb', contrast=None, depth=0, fillColor=array([0, 0, 0]), fillColorSpace='rgb', fillRGB=array([0, 0, 0]), interpolate=True, lineColor=array([1., 1., 1.]), lineColorSpace='rgb', lineRGB=array([1, 1, 1]), lineWidth=3, name='unnamed Line', opacity=0.5, ori=0.0, pos=array([0., 0.]), size=array([1., 1.]), units='norm', vertices=ndarray(...), win=Window(...), windingRule=None)
32.6264 	EXP 	Created unnamed Line = Line(__class__=<class 'psychopy.visual.line.Line'>, autoDraw=False, autoLog=True, closeShape=False, color=array([1., 1., 1.]), colorSpace='rgb', contrast=None, depth=0, fillColor=array([0, 0, 0]), fillColorSpace='rgb', fillRGB=array([0, 0, 0]), interpolate=True, lineColor=array([1., 1., 1.]), lineColorSpace='rgb', lineRGB=array([1, 1, 1]), lineWidth=3, name='unnamed Line', opacity=0.5, ori=0.0, pos=array([0., 0.]), size=array([1., 1.]), units='norm', vertices=ndarray(...), win=Window(...), windingRule=None)
32.6285 	EXP 	Created unnamed Line = Line(__class__=<class 'psychopy.visual.line.Line'>, autoDraw=False, autoLog=True, closeShape=False, color=array([1., 1., 1.]), colorSpace='rgb', contrast=None, depth=0, fillColor=array([0, 0, 0]), fillColorSpace='rgb', fillRGB=array([0, 0, 0]), interpolate=True, lineColor=array([1., 1., 1.]), lineColorSpace='rgb', lineRGB=array([1, 1, 1]), lineWidth=3, name='unnamed Line', opacity=0.5, ori=0.0, pos=array([0., 0.]), size=array([1., 1.]), units='norm', vertices=array([[ 0.5 , -0.05],
       [ 0.5 ,  0.05]]), win=Window(...), windingRule=None)
32.6325 	EXP 	Created unnamed TextStim = TextStim(__class__=<class 'psychopy.visual.text.TextStim'>, alignHoriz=method-wrapper(...), alignText='center', alignVert=method-wrapper(...), anchorHoriz='center', anchorVert='center', antialias=True, autoLog=True, bold=False, color=array([1., 1., 1.]), colorSpace='rgb', contrast=1.0, depth=0, flipHoriz=False, flipVert=False, font='', fontFiles=[], height=0.05, italic=False, languageStyle='LTR', name='unnamed TextStim', opacity=1.0, ori=0.0, pos=array([-0.5, -0.1]), rgb=UNKNOWN, text='Helt klart \n INGENTING', units='norm', win=Window(...), wrapWidth=1)
32.6336 	EXP 	Created unnamed TextStim = TextStim(__class__=<class 'psychopy.visual.text.TextStim'>, alignHoriz=method-wrapper(...), alignText='center', alignVert=method-wrapper(...), anchorHoriz='center', anchorVert='center', antialias=True, autoLog=True, bold=False, color=array([1., 1., 1.]), colorSpace='rgb', contrast=1.0, depth=0, flipHoriz=False, flipVert=False, font='', fontFiles=[], height=0.05, italic=False, languageStyle='LTR', name='unnamed TextStim', opacity=1.0, ori=0.0, pos=array([-0.16666667, -0.1       ]), rgb=UNKNOWN, text='', units='norm', win=Window(...), wrapWidth=1)
32.6346 	EXP 	Created unnamed TextStim = TextStim(__class__=<class 'psychopy.visual.text.TextStim'>, alignHoriz=method-wrapper(...), alignText='center', alignVert=method-wrapper(...), anchorHoriz='center', anchorVert='center', antialias=True, autoLog=True, bold=False, color=array([1., 1., 1.]), colorSpace='rgb', contrast=1.0, depth=0, flipHoriz=False, flipVert=False, font='', fontFiles=[], height=0.05, italic=False, languageStyle='LTR', name='unnamed TextStim', opacity=1.0, ori=0.0, pos=array([ 0.16666667, -0.1       ]), rgb=UNKNOWN, text='', units='norm', win=Window(...), wrapWidth=1)
32.6374 	EXP 	Created unnamed TextStim = TextStim(__class__=<class 'psychopy.visual.text.TextStim'>, alignHoriz=method-wrapper(...), alignText='center', alignVert=method-wrapper(...), anchorHoriz='center', anchorVert='center', antialias=True, autoLog=True, bold=False, color=array([1., 1., 1.]), colorSpace='rgb', contrast=1.0, depth=0, flipHoriz=False, flipVert=False, font='', fontFiles=[], height=0.05, italic=False, languageStyle='LTR', name='unnamed TextStim', opacity=1.0, ori=0.0, pos=array([ 0.5, -0.1]), rgb=UNKNOWN, text='Helt klart \n NOE', units='norm', win=Window(...), wrapWidth=1)
32.6390 	EXP 	Created unnamed ShapeStim = ShapeStim(__class__=<class 'psychopy.visual.shape.ShapeStim'>, autoDraw=False, autoLog=True, closeShape=True, color=method-wrapper(...), colorSpace='rgb', contrast=None, depth=0, fillColor=array([1, 1, 1]), fillColorSpace='rgb', fillRGB=array([1, 1, 1]), interpolate=True, lineColor=array([-1., -1., -1.]), lineColorSpace='rgb', lineRGB=array([-1, -1, -1]), lineWidth=1.5, name='unnamed ShapeStim', opacity=1.0, ori=0.0, pos=array([0., 0.]), size=array([1., 1.]), units='norm', vertices=ndarray(...), win=Window(...), windingRule=None)
32.6450 	EXP 	Created instru = TextStim(__class__=<class 'psychopy.visual.text.TextStim'>, alignHoriz=method-wrapper(...), alignText='center', alignVert=method-wrapper(...), anchorHoriz='center', anchorVert='center', antialias=True, autoLog=True, bold=False, color=array([1., 1., 1.]), colorSpace='rgb', contrast=1.0, depth=0.0, flipHoriz=False, flipVert=False, font='Arial', fontFiles=[], height=0.07, italic=False, languageStyle='LTR', name='instru', opacity=1, ori=0, pos=array([0. , 0.5]), rgb=UNKNOWN, text=str(...), units='norm', win=Window(...), wrapWidth=1)
32.6470 	EXP 	Created unnamed Line = Line(__class__=<class 'psychopy.visual.line.Line'>, autoDraw=False, autoLog=True, closeShape=False, color=array([1., 1., 1.]), colorSpace='rgb', contrast=None, depth=0, fillColor=array([0, 0, 0]), fillColorSpace='rgb', fillRGB=array([0, 0, 0]), interpolate=True, lineColor=array([1., 1., 1.]), lineColorSpace='rgb', lineRGB=array([1, 1, 1]), lineWidth=5, name='unnamed Line', opacity=0.5, ori=0.0, pos=array([0., 0.]), size=array([1., 1.]), units='norm', vertices=array([[-0.5,  0. ],
       [ 0.5,  0. ]]), win=Window(...), windingRule=None)
32.6490 	EXP 	Created unnamed Line = Line(__class__=<class 'psychopy.visual.line.Line'>, autoDraw=False, autoLog=True, closeShape=False, color=array([1., 1., 1.]), colorSpace='rgb', contrast=None, depth=0, fillColor=array([0, 0, 0]), fillColorSpace='rgb', fillRGB=array([0, 0, 0]), interpolate=True, lineColor=array([1., 1., 1.]), lineColorSpace='rgb', lineRGB=array([1, 1, 1]), lineWidth=3, name='unnamed Line', opacity=0.5, ori=0.0, pos=array([0., 0.]), size=array([1., 1.]), units='norm', vertices=array([[-0.5 , -0.05],
       [-0.5 ,  0.05]]), win=Window(...), windingRule=None)
32.6510 	EXP 	Created unnamed Line = Line(__class__=<class 'psychopy.visual.line.Line'>, autoDraw=False, autoLog=True, closeShape=False, color=array([1., 1., 1.]), colorSpace='rgb', contrast=None, depth=0, fillColor=array([0, 0, 0]), fillColorSpace='rgb', fillRGB=array([0, 0, 0]), interpolate=True, lineColor=array([1., 1., 1.]), lineColorSpace='rgb', lineRGB=array([1, 1, 1]), lineWidth=3, name='unnamed Line', opacity=0.5, ori=0.0, pos=array([0., 0.]), size=array([1., 1.]), units='norm', vertices=ndarray(...), win=Window(...), windingRule=None)
32.6529 	EXP 	Created unnamed Line = Line(__class__=<class 'psychopy.visual.line.Line'>, autoDraw=False, autoLog=True, closeShape=False, color=array([1., 1., 1.]), colorSpace='rgb', contrast=None, depth=0, fillColor=array([0, 0, 0]), fillColorSpace='rgb', fillRGB=array([0, 0, 0]), interpolate=True, lineColor=array([1., 1., 1.]), lineColorSpace='rgb', lineRGB=array([1, 1, 1]), lineWidth=3, name='unnamed Line', opacity=0.5, ori=0.0, pos=array([0., 0.]), size=array([1., 1.]), units='norm', vertices=ndarray(...), win=Window(...), windingRule=None)
32.6549 	EXP 	Created unnamed Line = Line(__class__=<class 'psychopy.visual.line.Line'>, autoDraw=False, autoLog=True, closeShape=False, color=array([1., 1., 1.]), colorSpace='rgb', contrast=None, depth=0, fillColor=array([0, 0, 0]), fillColorSpace='rgb', fillRGB=array([0, 0, 0]), interpolate=True, lineColor=array([1., 1., 1.]), lineColorSpace='rgb', lineRGB=array([1, 1, 1]), lineWidth=3, name='unnamed Line', opacity=0.5, ori=0.0, pos=array([0., 0.]), size=array([1., 1.]), units='norm', vertices=array([[ 0.5 , -0.05],
       [ 0.5 ,  0.05]]), win=Window(...), windingRule=None)
32.6589 	EXP 	Created unnamed TextStim = TextStim(__class__=<class 'psychopy.visual.text.TextStim'>, alignHoriz=method-wrapper(...), alignText='center', alignVert=method-wrapper(...), anchorHoriz='center', anchorVert='center', antialias=True, autoLog=True, bold=False, color=array([1., 1., 1.]), colorSpace='rgb', contrast=1.0, depth=0, flipHoriz=False, flipVert=False, font='', fontFiles=[], height=0.05, italic=False, languageStyle='LTR', name='unnamed TextStim', opacity=1.0, ori=0.0, pos=array([-0.5, -0.1]), rgb=UNKNOWN, text='Helt klart \n SPONTAN', units='norm', win=Window(...), wrapWidth=1)
32.6599 	EXP 	Created unnamed TextStim = TextStim(__class__=<class 'psychopy.visual.text.TextStim'>, alignHoriz=method-wrapper(...), alignText='center', alignVert=method-wrapper(...), anchorHoriz='center', anchorVert='center', antialias=True, autoLog=True, bold=False, color=array([1., 1., 1.]), colorSpace='rgb', contrast=1.0, depth=0, flipHoriz=False, flipVert=False, font='', fontFiles=[], height=0.05, italic=False, languageStyle='LTR', name='unnamed TextStim', opacity=1.0, ori=0.0, pos=array([-0.16666667, -0.1       ]), rgb=UNKNOWN, text='', units='norm', win=Window(...), wrapWidth=1)
32.6609 	EXP 	Created unnamed TextStim = TextStim(__class__=<class 'psychopy.visual.text.TextStim'>, alignHoriz=method-wrapper(...), alignText='center', alignVert=method-wrapper(...), anchorHoriz='center', anchorVert='center', antialias=True, autoLog=True, bold=False, color=array([1., 1., 1.]), colorSpace='rgb', contrast=1.0, depth=0, flipHoriz=False, flipVert=False, font='', fontFiles=[], height=0.05, italic=False, languageStyle='LTR', name='unnamed TextStim', opacity=1.0, ori=0.0, pos=array([ 0.16666667, -0.1       ]), rgb=UNKNOWN, text='', units='norm', win=Window(...), wrapWidth=1)
32.6649 	EXP 	Created unnamed TextStim = TextStim(__class__=<class 'psychopy.visual.text.TextStim'>, alignHoriz=method-wrapper(...), alignText='center', alignVert=method-wrapper(...), anchorHoriz='center', anchorVert='center', antialias=True, autoLog=True, bold=False, color=array([1., 1., 1.]), colorSpace='rgb', contrast=1.0, depth=0, flipHoriz=False, flipVert=False, font='', fontFiles=[], height=0.05, italic=False, languageStyle='LTR', name='unnamed TextStim', opacity=1.0, ori=0.0, pos=array([ 0.5, -0.1]), rgb=UNKNOWN, text='Helt klart \n BEVISST', units='norm', win=Window(...), wrapWidth=1)
32.6665 	EXP 	Created unnamed ShapeStim = ShapeStim(__class__=<class 'psychopy.visual.shape.ShapeStim'>, autoDraw=False, autoLog=True, closeShape=True, color=method-wrapper(...), colorSpace='rgb', contrast=None, depth=0, fillColor=array([1, 1, 1]), fillColorSpace='rgb', fillRGB=array([1, 1, 1]), interpolate=True, lineColor=array([-1., -1., -1.]), lineColorSpace='rgb', lineRGB=array([-1, -1, -1]), lineWidth=1.5, name='unnamed ShapeStim', opacity=1.0, ori=0.0, pos=array([0., 0.]), size=array([1., 1.]), units='norm', vertices=ndarray(...), win=Window(...), windingRule=None)
32.7189 	EXP 	Sound  set volume 1.000
32.7240 	EXP 	unnamed ShapeStim: vertices = <class 'numpy.ndarray'>
32.7240 	EXP 	unnamed ShapeStim: vertices = <class 'numpy.ndarray'>
32.7240 	EXP 	unnamed ShapeStim: vertices = <class 'numpy.ndarray'>
43.5562 	DATA 	Keypress: rctrl
44.0609 	EXP 	Sound  started
44.4201 	DATA 	Keypress: rctrl
44.8107 	EXP 	Sound  started
44.9640 	DATA 	Keypress: lctrl
45.5608 	EXP 	Sound  started
45.5721 	DATA 	Keypress: lctrl
46.2921 	DATA 	Keypress: rctrl
46.3111 	EXP 	Sound  started
47.0600 	DATA 	Keypress: rctrl
47.0611 	EXP 	Sound  started
47.7961 	DATA 	Keypress: rctrl
47.8111 	EXP 	Sound  started
48.5161 	DATA 	Keypress: lctrl
48.5611 	EXP 	Sound  started
49.2200 	DATA 	Keypress: rctrl
49.3111 	EXP 	Sound  started
49.9241 	DATA 	Keypress: rctrl
50.0611 	EXP 	Sound  started
50.7401 	DATA 	Keypress: lctrl
50.8111 	EXP 	Sound  started
51.4120 	DATA 	Keypress: lctrl
51.5612 	EXP 	Sound  started
52.1961 	DATA 	Keypress: lctrl
52.3112 	EXP 	Sound  started
52.8841 	DATA 	Keypress: rctrl
53.0612 	EXP 	Sound  started
53.6680 	DATA 	Keypress: rctrl
53.8112 	EXP 	Sound  started
54.4360 	DATA 	Keypress: lctrl
54.5612 	EXP 	Sound  started
55.1560 	DATA 	Keypress: rctrl
55.3112 	EXP 	Sound  started
55.8761 	DATA 	Keypress: rctrl
56.0613 	EXP 	Sound  started
56.6761 	DATA 	Keypress: rctrl
56.8113 	EXP 	Sound  started
57.4761 	DATA 	Keypress: rctrl
57.5613 	EXP 	Sound  started
58.2440 	DATA 	Keypress: lctrl
58.3113 	EXP 	Sound  started
58.9481 	DATA 	Keypress: rctrl
59.0613 	EXP 	Sound  started
59.7162 	DATA 	Keypress: rctrl
59.8113 	EXP 	Sound  started
60.5002 	DATA 	Keypress: lctrl
60.5613 	EXP 	Sound  started
61.1721 	DATA 	Keypress: lctrl
61.3114 	EXP 	Sound  started
61.9560 	DATA 	Keypress: lctrl
62.0614 	EXP 	Sound  started
62.6600 	DATA 	Keypress: rctrl
62.8114 	EXP 	Sound  started
63.4761 	DATA 	Keypress: lctrl
63.5614 	EXP 	Sound  started
64.1961 	DATA 	Keypress: lctrl
64.3114 	EXP 	Sound  started
64.9482 	DATA 	Keypress: rctrl
65.0614 	EXP 	Sound  started
65.6840 	DATA 	Keypress: rctrl
65.8114 	EXP 	Sound  started
66.4680 	DATA 	Keypress: rctrl
66.5614 	EXP 	Sound  started
67.1881 	DATA 	Keypress: lctrl
67.3115 	EXP 	Sound  started
67.9243 	DATA 	Keypress: lctrl
68.0615 	EXP 	Sound  started
68.6601 	DATA 	Keypress: lctrl
68.8115 	EXP 	Sound  started
69.4761 	DATA 	Keypress: lctrl
69.5615 	EXP 	Sound  started
70.1960 	DATA 	Keypress: rctrl
70.3115 	EXP 	Sound  started
70.9321 	DATA 	Keypress: rctrl
71.0615 	EXP 	Sound  started
71.6680 	DATA 	Keypress: lctrl
71.8115 	EXP 	Sound  started
72.3721 	DATA 	Keypress: rctrl
72.5615 	EXP 	Sound  started
73.1080 	DATA 	Keypress: rctrl
73.3116 	EXP 	Sound  started
73.8761 	DATA 	Keypress: rctrl
74.0616 	EXP 	Sound  started
74.6761 	DATA 	Keypress: lctrl
74.8116 	EXP 	Sound  started
75.4601 	DATA 	Keypress: lctrl
75.5616 	EXP 	Sound  started
76.2121 	DATA 	Keypress: rctrl
76.3116 	EXP 	Sound  started
76.9641 	DATA 	Keypress: rctrl
77.0616 	EXP 	Sound  started
77.7320 	DATA 	Keypress: rctrl
77.8116 	EXP 	Sound  started
78.4681 	DATA 	Keypress: rctrl
78.5617 	EXP 	Sound  started
79.1881 	DATA 	Keypress: lctrl
79.3117 	EXP 	Sound  started
79.9241 	DATA 	Keypress: rctrl
80.0617 	EXP 	Sound  started
80.7242 	DATA 	Keypress: lctrl
80.8117 	EXP 	Sound  started
81.4281 	DATA 	Keypress: rctrl
81.5617 	EXP 	Sound  started
82.1480 	DATA 	Keypress: rctrl
82.3117 	EXP 	Sound  started
82.9481 	DATA 	Keypress: lctrl
83.0617 	EXP 	Sound  started
83.7162 	DATA 	Keypress: lctrl
83.8117 	EXP 	Sound  started
84.4520 	DATA 	Keypress: lctrl
84.5618 	EXP 	Sound  started
85.2040 	DATA 	Keypress: rctrl
85.3118 	EXP 	Sound  started
85.9400 	DATA 	Keypress: rctrl
86.0618 	EXP 	Sound  started
86.6760 	DATA 	Keypress: lctrl
86.8118 	EXP 	Sound  started
87.3960 	DATA 	Keypress: rctrl
87.5618 	EXP 	Sound  started
88.1800 	DATA 	Keypress: rctrl
88.3118 	EXP 	Sound  started
89.0280 	DATA 	Keypress: rctrl
89.0618 	EXP 	Sound  started
89.7320 	DATA 	Keypress: lctrl
89.8119 	EXP 	Sound  started
90.5000 	DATA 	Keypress: lctrl
90.5619 	EXP 	Sound  started
91.2680 	DATA 	Keypress: rctrl
91.3119 	EXP 	Sound  started
91.9240 	DATA 	Keypress: lctrl
92.0619 	EXP 	Sound  started
92.7881 	DATA 	Keypress: lctrl
92.8119 	EXP 	Sound  started
93.5243 	DATA 	Keypress: lctrl
93.5619 	EXP 	Sound  started
94.3081 	DATA 	Keypress: lctrl
94.3119 	EXP 	Sound  started
94.9480 	DATA 	Keypress: rctrl
95.0619 	EXP 	Sound  started
95.7000 	DATA 	Keypress: lctrl
95.8123 	EXP 	Sound  started
96.5000 	DATA 	Keypress: rctrl
96.5623 	EXP 	Sound  started
97.2041 	DATA 	Keypress: rctrl
97.3123 	EXP 	Sound  started
97.9881 	DATA 	Keypress: rctrl
98.0623 	EXP 	Sound  started
98.7241 	DATA 	Keypress: lctrl
98.8123 	EXP 	Sound  started
99.4920 	DATA 	Keypress: lctrl
99.5624 	EXP 	Sound  started
100.2601 	DATA 	Keypress: rctrl
100.3124 	EXP 	Sound  started
100.9320 	DATA 	Keypress: rctrl
101.0624 	EXP 	Sound  started
101.6841 	DATA 	Keypress: rctrl
101.8124 	EXP 	Sound  started
102.5624 	EXP 	Sound  started
102.5800 	DATA 	Keypress: rctrl
103.2681 	DATA 	Keypress: lctrl
103.3124 	EXP 	Sound  started
103.9881 	DATA 	Keypress: rctrl
104.0624 	EXP 	Sound  started
104.6602 	DATA 	Keypress: rctrl
104.8125 	EXP 	Sound  started
105.3800 	DATA 	Keypress: lctrl
105.5625 	EXP 	Sound  started
106.1482 	DATA 	Keypress: rctrl
106.3125 	EXP 	Sound  started
106.9320 	DATA 	Keypress: lctrl
107.0625 	EXP 	Sound  started
107.6682 	DATA 	Keypress: lctrl
107.8125 	EXP 	Sound  started
108.4201 	DATA 	Keypress: lctrl
108.5625 	EXP 	Sound  started
109.1241 	DATA 	Keypress: rctrl
109.3126 	EXP 	Sound  started
109.9400 	DATA 	Keypress: rctrl
110.0626 	EXP 	Sound  started
110.6760 	DATA 	Keypress: lctrl
110.8126 	EXP 	Sound  started
111.4760 	DATA 	Keypress: rctrl
111.5710 	EXP 	unnamed TextStim: text = ''
111.5710 	EXP 	unnamed TextStim: text = ''
114.9200 	DATA 	Keypress: 3
114.9363 	EXP 	unnamed ShapeStim: vertices = <class 'numpy.ndarray'>
116.4655 	EXP 	unnamed TextStim: text = ''
116.4655 	EXP 	unnamed TextStim: text = ''
118.8214 	DATA 	Keypress: 4
118.8378 	EXP 	unnamed ShapeStim: vertices = <class 'numpy.ndarray'>
120.3673 	EXP 	unnamed TextStim: text = ''
120.3673 	EXP 	unnamed TextStim: text = ''
133.4765 	DATA 	Keypress: 2
133.4930 	EXP 	unnamed ShapeStim: vertices = <class 'numpy.ndarray'>
135.7671 	EXP 	Sound  started
135.7679 	DATA 	Keypress: lctrl
136.4200 	DATA 	Keypress: lctrl
136.5169 	EXP 	Sound  started
137.2200 	DATA 	Keypress: rctrl
137.2669 	EXP 	Sound  started
137.9721 	DATA 	Keypress: lctrl
138.0169 	EXP 	Sound  started
138.7669 	EXP 	Sound  started
138.7721 	DATA 	Keypress: lctrl
139.4601 	DATA 	Keypress: rctrl
139.5169 	EXP 	Sound  started
140.2120 	DATA 	Keypress: rctrl
140.2670 	EXP 	Sound  started
140.9321 	DATA 	Keypress: lctrl
141.0170 	EXP 	Sound  started
141.6361 	DATA 	Keypress: rctrl
141.7670 	EXP 	Sound  started
142.3720 	DATA 	Keypress: rctrl
142.5170 	EXP 	Sound  started
143.1400 	DATA 	Keypress: rctrl
143.2670 	EXP 	Sound  started
143.8760 	DATA 	Keypress: rctrl
144.0170 	EXP 	Sound  started
144.6441 	DATA 	Keypress: rctrl
144.7670 	EXP 	Sound  started
145.4120 	DATA 	Keypress: lctrl
145.5171 	EXP 	Sound  started
146.1160 	DATA 	Keypress: rctrl
146.2671 	EXP 	Sound  started
146.8841 	DATA 	Keypress: rctrl
147.0171 	EXP 	Sound  started
147.6361 	DATA 	Keypress: lctrl
147.7671 	EXP 	Sound  started
148.3560 	DATA 	Keypress: rctrl
148.5171 	EXP 	Sound  started
149.1720 	DATA 	Keypress: rctrl
149.2671 	EXP 	Sound  started
149.8761 	DATA 	Keypress: lctrl
150.0171 	EXP 	Sound  started
150.6120 	DATA 	Keypress: lctrl
150.7671 	EXP 	Sound  started
151.3961 	DATA 	Keypress: lctrl
151.5172 	EXP 	Sound  started
152.1802 	DATA 	Keypress: lctrl
152.2672 	EXP 	Sound  started
152.9320 	DATA 	Keypress: rctrl
153.0172 	EXP 	Sound  started
153.6680 	DATA 	Keypress: lctrl
153.7672 	EXP 	Sound  started
154.4200 	DATA 	Keypress: lctrl
154.5172 	EXP 	Sound  started
155.0919 	DATA 	Keypress: rctrl
155.2672 	EXP 	Sound  started
155.8760 	DATA 	Keypress: rctrl
156.0172 	EXP 	Sound  started
156.6281 	DATA 	Keypress: lctrl
156.7672 	EXP 	Sound  started
157.3642 	DATA 	Keypress: rctrl
157.5173 	EXP 	Sound  started
158.0520 	DATA 	Keypress: rctrl
158.2673 	EXP 	Sound  started
158.8680 	DATA 	Keypress: rctrl
159.0173 	EXP 	Sound  started
159.6360 	DATA 	Keypress: lctrl
159.7673 	EXP 	Sound  started
160.3720 	DATA 	Keypress: lctrl
160.5173 	EXP 	Sound  started
161.1240 	DATA 	Keypress: lctrl
161.2673 	EXP 	Sound  started
161.8920 	DATA 	Keypress: lctrl
162.0173 	EXP 	Sound  started
162.6600 	DATA 	Keypress: lctrl
162.7673 	EXP 	Sound  started
163.3961 	DATA 	Keypress: rctrl
163.5174 	EXP 	Sound  started
164.1800 	DATA 	Keypress: rctrl
164.2674 	EXP 	Sound  started
164.9000 	DATA 	Keypress: lctrl
165.0174 	EXP 	Sound  started
165.6361 	DATA 	Keypress: rctrl
165.7674 	EXP 	Sound  started
166.3880 	DATA 	Keypress: rctrl
166.5174 	EXP 	Sound  started
167.1240 	DATA 	Keypress: rctrl
167.2674 	EXP 	Sound  started
167.9240 	DATA 	Keypress: lctrl
168.0174 	EXP 	Sound  started
168.6760 	DATA 	Keypress: lctrl
168.7675 	EXP 	Sound  started
169.4760 	DATA 	Keypress: lctrl
169.5175 	EXP 	Sound  started
170.1964 	DATA 	Keypress: lctrl
170.2675 	EXP 	Sound  started
170.9480 	DATA 	Keypress: lctrl
171.0175 	EXP 	Sound  started
171.6840 	DATA 	Keypress: lctrl
171.7675 	EXP 	Sound  started
172.5000 	DATA 	Keypress: rctrl
172.5175 	EXP 	Sound  started
173.1881 	DATA 	Keypress: rctrl
173.2675 	EXP 	Sound  started
173.9880 	DATA 	Keypress: lctrl
174.0175 	EXP 	Sound  started
174.6920 	DATA 	Keypress: rctrl
174.7676 	EXP 	Sound  started
175.4440 	DATA 	Keypress: rctrl
175.5176 	EXP 	Sound  started
176.1321 	DATA 	Keypress: rctrl
176.2676 	EXP 	Sound  started
176.9160 	DATA 	Keypress: lctrl
177.0176 	EXP 	Sound  started
177.6200 	DATA 	Keypress: lctrl
177.7676 	EXP 	Sound  started
178.3561 	DATA 	Keypress: rctrl
178.5176 	EXP 	Sound  started
179.1080 	DATA 	Keypress: rctrl
179.2676 	EXP 	Sound  started
179.8760 	DATA 	Keypress: rctrl
180.0176 	EXP 	Sound  started
180.7081 	DATA 	Keypress: rctrl
180.7677 	EXP 	Sound  started
181.4120 	DATA 	Keypress: lctrl
181.5177 	EXP 	Sound  started
182.1959 	DATA 	Keypress: rctrl
182.2677 	EXP 	Sound  started
182.9641 	DATA 	Keypress: lctrl
183.0177 	EXP 	Sound  started
183.6520 	DATA 	Keypress: lctrl
183.7677 	EXP 	Sound  started
184.4360 	DATA 	Keypress: rctrl
184.5177 	EXP 	Sound  started
185.1559 	DATA 	Keypress: rctrl
185.2677 	EXP 	Sound  started
185.8920 	DATA 	Keypress: rctrl
186.0177 	EXP 	Sound  started
186.6279 	DATA 	Keypress: lctrl
186.7678 	EXP 	Sound  started
187.3480 	DATA 	Keypress: lctrl
187.5178 	EXP 	Sound  started
188.1480 	DATA 	Keypress: rctrl
188.2678 	EXP 	Sound  started
188.8360 	DATA 	Keypress: lctrl
191.2567 	DATA 	Keypress: 4
191.2793 	EXP 	unnamed ShapeStim: vertices = <class 'numpy.ndarray'>
195.4812 	DATA 	Keypress: 4
195.4977 	EXP 	unnamed ShapeStim: vertices = <class 'numpy.ndarray'>
202.8216 	DATA 	Keypress: 4
202.8503 	EXP 	unnamed ShapeStim: vertices = <class 'numpy.ndarray'>
205.1244 	EXP 	Sound  started
205.1253 	DATA 	Keypress: lctrl
205.7959 	DATA 	Keypress: lctrl
205.8742 	EXP 	Sound  started
206.5639 	DATA 	Keypress: lctrl
206.6243 	EXP 	Sound  started
207.3641 	DATA 	Keypress: rctrl
207.3743 	EXP 	Sound  started
208.0679 	DATA 	Keypress: lctrl
208.1243 	EXP 	Sound  started
208.8360 	DATA 	Keypress: rctrl
208.8743 	EXP 	Sound  started
209.5239 	DATA 	Keypress: rctrl
209.6243 	EXP 	Sound  started
210.2599 	DATA 	Keypress: lctrl
210.3743 	EXP 	Sound  started
211.0599 	DATA 	Keypress: rctrl
211.1243 	EXP 	Sound  started
211.7959 	DATA 	Keypress: rctrl
211.8744 	EXP 	Sound  started
212.5640 	DATA 	Keypress: rctrl
212.6244 	EXP 	Sound  started
213.3159 	DATA 	Keypress: rctrl
213.3744 	EXP 	Sound  started
214.0839 	DATA 	Keypress: rctrl
214.1244 	EXP 	Sound  started
214.8520 	DATA 	Keypress: lctrl
214.8744 	EXP 	Sound  started
215.5561 	DATA 	Keypress: rctrl
215.6244 	EXP 	Sound  started
216.2921 	DATA 	Keypress: rctrl
216.3744 	EXP 	Sound  started
217.1240 	DATA 	Keypress: lctrl
217.1245 	EXP 	Sound  started
217.8120 	DATA 	Keypress: lctrl
217.8745 	EXP 	Sound  started
218.5481 	DATA 	Keypress: lctrl
218.6245 	EXP 	Sound  started
219.3000 	DATA 	Keypress: rctrl
219.3745 	EXP 	Sound  started
220.0519 	DATA 	Keypress: lctrl
220.1245 	EXP 	Sound  started
220.8040 	DATA 	Keypress: rctrl
220.8745 	EXP 	Sound  started
221.5080 	DATA 	Keypress: rctrl
221.6245 	EXP 	Sound  started
222.2280 	DATA 	Keypress: lctrl
222.3745 	EXP 	Sound  started
222.9960 	DATA 	Keypress: lctrl
223.1245 	EXP 	Sound  started
223.7320 	DATA 	Keypress: rctrl
223.8746 	EXP 	Sound  started
224.4840 	DATA 	Keypress: rctrl
224.6246 	EXP 	Sound  started
225.1879 	DATA 	Keypress: rctrl
225.3746 	EXP 	Sound  started
225.9879 	DATA 	Keypress: rctrl
226.1246 	EXP 	Sound  started
226.8199 	DATA 	Keypress: rctrl
226.8746 	EXP 	Sound  started
227.6200 	DATA 	Keypress: lctrl
227.6246 	EXP 	Sound  started
228.3746 	EXP 	Sound  started
228.4039 	DATA 	Keypress: lctrl
229.1246 	EXP 	Sound  started
229.1400 	DATA 	Keypress: rctrl
229.8280 	DATA 	Keypress: lctrl
229.8747 	EXP 	Sound  started
230.4840 	DATA 	Keypress: lctrl
230.6247 	EXP 	Sound  started
231.3320 	DATA 	Keypress: lctrl
231.3747 	EXP 	Sound  started
232.0680 	DATA 	Keypress: rctrl
232.1247 	EXP 	Sound  started
232.7721 	DATA 	Keypress: lctrl
232.8747 	EXP 	Sound  started
233.5720 	DATA 	Keypress: rctrl
233.6247 	EXP 	Sound  started
234.2759 	DATA 	Keypress: rctrl
234.3747 	EXP 	Sound  started
235.0760 	DATA 	Keypress: rctrl
235.1248 	EXP 	Sound  started
235.8282 	DATA 	Keypress: lctrl
235.8748 	EXP 	Sound  started
236.5639 	DATA 	Keypress: rctrl
236.6248 	EXP 	Sound  started
237.3000 	DATA 	Keypress: lctrl
237.3748 	EXP 	Sound  started
238.1248 	EXP 	Sound  started
238.1321 	DATA 	Keypress: lctrl
238.8748 	EXP 	Sound  started
238.9000 	DATA 	Keypress: lctrl
239.5561 	DATA 	Keypress: lctrl
239.6249 	EXP 	Sound  started
240.2919 	DATA 	Keypress: lctrl
240.3749 	EXP 	Sound  started
240.9799 	DATA 	Keypress: rctrl
241.1249 	EXP 	Sound  started
241.7320 	DATA 	Keypress: rctrl
241.8749 	EXP 	Sound  started
242.4040 	DATA 	Keypress: lctrl
242.6249 	EXP 	Sound  started
243.1719 	DATA 	Keypress: lctrl
243.3749 	EXP 	Sound  started
244.0520 	DATA 	Keypress: rctrl
244.1249 	EXP 	Sound  started
244.7880 	DATA 	Keypress: rctrl
244.8750 	EXP 	Sound  started
245.4760 	DATA 	Keypress: lctrl
245.6250 	EXP 	Sound  started
246.3559 	DATA 	Keypress: lctrl
246.3750 	EXP 	Sound  started
247.0280 	DATA 	Keypress: lctrl
247.1250 	EXP 	Sound  started
247.8119 	DATA 	Keypress: rctrl
247.8750 	EXP 	Sound  started
248.5480 	DATA 	Keypress: lctrl
248.6250 	EXP 	Sound  started
249.3320 	DATA 	Keypress: lctrl
249.3750 	EXP 	Sound  started
250.0519 	DATA 	Keypress: lctrl
250.1250 	EXP 	Sound  started
250.8359 	DATA 	Keypress: lctrl
250.8751 	EXP 	Sound  started
251.5239 	DATA 	Keypress: lctrl
251.6251 	EXP 	Sound  started
252.2600 	DATA 	Keypress: rctrl
252.3751 	EXP 	Sound  started
252.9959 	DATA 	Keypress: lctrl
253.1251 	EXP 	Sound  started
253.7641 	DATA 	Keypress: rctrl
253.8751 	EXP 	Sound  started
254.5640 	DATA 	Keypress: rctrl
254.6251 	EXP 	Sound  started
255.2359 	DATA 	Keypress: lctrl
255.3752 	EXP 	Sound  started
256.0039 	DATA 	Keypress: rctrl
256.1252 	EXP 	Sound  started
256.7881 	DATA 	Keypress: rctrl
256.8752 	EXP 	Sound  started
257.4761 	DATA 	Keypress: rctrl
257.6252 	EXP 	Sound  started
258.2440 	DATA 	Keypress: lctrl
258.3752 	EXP 	Sound  started
258.9799 	DATA 	Keypress: lctrl
259.1252 	EXP 	Sound  started
259.7480 	DATA 	Keypress: rctrl
259.8752 	EXP 	Sound  started
260.5960 	DATA 	Keypress: lctrl
260.6253 	EXP 	Sound  started
261.3160 	DATA 	Keypress: lctrl
261.3753 	EXP 	Sound  started
262.0840 	DATA 	Keypress: lctrl
262.1253 	EXP 	Sound  started
262.8200 	DATA 	Keypress: rctrl
262.8753 	EXP 	Sound  started
263.5879 	DATA 	Keypress: rctrl
263.6253 	EXP 	Sound  started
264.1961 	DATA 	Keypress: lctrl
264.3753 	EXP 	Sound  started
265.0601 	DATA 	Keypress: rctrl
265.1254 	EXP 	Sound  started
265.7960 	DATA 	Keypress: rctrl
268.0229 	DATA 	Keypress: 3
268.0395 	EXP 	unnamed ShapeStim: vertices = <class 'numpy.ndarray'>
274.4419 	DATA 	Keypress: 2
274.4583 	EXP 	unnamed ShapeStim: vertices = <class 'numpy.ndarray'>
282.6001 	DATA 	Keypress: 2
282.6279 	EXP 	unnamed ShapeStim: vertices = <class 'numpy.ndarray'>
284.9020 	EXP 	Sound  started
284.9481 	DATA 	Keypress: lctrl
285.6360 	DATA 	Keypress: lctrl
285.6519 	EXP 	Sound  started
286.3881 	DATA 	Keypress: rctrl
286.4019 	EXP 	Sound  started
287.1239 	DATA 	Keypress: lctrl
287.1519 	EXP 	Sound  started
287.9019 	EXP 	Sound  started
287.9080 	DATA 	Keypress: lctrl
288.6280 	DATA 	Keypress: rctrl
288.6519 	EXP 	Sound  started
289.3480 	DATA 	Keypress: rctrl
289.4020 	EXP 	Sound  started
290.0680 	DATA 	Keypress: rctrl
290.1520 	EXP 	Sound  started
290.7879 	DATA 	Keypress: lctrl
290.9020 	EXP 	Sound  started
291.5239 	DATA 	Keypress: rctrl
291.6520 	EXP 	Sound  started
292.2439 	DATA 	Keypress: rctrl
292.4020 	EXP 	Sound  started
293.0280 	DATA 	Keypress: lctrl
293.1520 	EXP 	Sound  started
293.8120 	DATA 	Keypress: lctrl
293.9020 	EXP 	Sound  started
294.5640 	DATA 	Keypress: rctrl
294.6520 	EXP 	Sound  started
295.3159 	DATA 	Keypress: lctrl
295.4021 	EXP 	Sound  started
296.0039 	DATA 	Keypress: lctrl
296.1521 	EXP 	Sound  started
296.8520 	DATA 	Keypress: lctrl
296.9021 	EXP 	Sound  started
297.5881 	DATA 	Keypress: rctrl
297.6521 	EXP 	Sound  started
298.3559 	DATA 	Keypress: rctrl
298.4021 	EXP 	Sound  started
299.1079 	DATA 	Keypress: lctrl
299.1521 	EXP 	Sound  started
299.7800 	DATA 	Keypress: rctrl
299.9021 	EXP 	Sound  started
300.4999 	DATA 	Keypress: rctrl
300.6522 	EXP 	Sound  started
301.2839 	DATA 	Keypress: rctrl
301.4022 	EXP 	Sound  started
302.0840 	DATA 	Keypress: rctrl
302.1522 	EXP 	Sound  started
302.8200 	DATA 	Keypress: lctrl
302.9022 	EXP 	Sound  started
303.5560 	DATA 	Keypress: lctrl
303.6522 	EXP 	Sound  started
304.3559 	DATA 	Keypress: rctrl
304.4022 	EXP 	Sound  started
305.0439 	DATA 	Keypress: rctrl
305.1522 	EXP 	Sound  started
305.8119 	DATA 	Keypress: rctrl
305.9022 	EXP 	Sound  started
306.5799 	DATA 	Keypress: lctrl
306.6522 	EXP 	Sound  started
307.3479 	DATA 	Keypress: rctrl
307.4023 	EXP 	Sound  started
308.0840 	DATA 	Keypress: lctrl
308.1523 	EXP 	Sound  started
308.8519 	DATA 	Keypress: lctrl
308.9023 	EXP 	Sound  started
309.6039 	DATA 	Keypress: rctrl
309.6523 	EXP 	Sound  started
310.2599 	DATA 	Keypress: lctrl
310.4023 	EXP 	Sound  started
311.1523 	EXP 	Sound  started
311.1559 	DATA 	Keypress: lctrl
311.8599 	DATA 	Keypress: lctrl
311.9024 	EXP 	Sound  started
312.5960 	DATA 	Keypress: lctrl
312.6524 	EXP 	Sound  started
313.3479 	DATA 	Keypress: lctrl
313.4024 	EXP 	Sound  started
314.0842 	DATA 	Keypress: rctrl
314.1524 	EXP 	Sound  started
314.8199 	DATA 	Keypress: lctrl
314.9024 	EXP 	Sound  started
315.5719 	DATA 	Keypress: lctrl
315.6524 	EXP 	Sound  started
316.3880 	DATA 	Keypress: lctrl
316.4024 	EXP 	Sound  started
317.0600 	DATA 	Keypress: rctrl
317.1524 	EXP 	Sound  started
317.8279 	DATA 	Keypress: rctrl
317.9025 	EXP 	Sound  started
318.5799 	DATA 	Keypress: rctrl
318.6525 	EXP 	Sound  started
319.2839 	DATA 	Keypress: rctrl
319.4025 	EXP 	Sound  started
320.1159 	DATA 	Keypress: rctrl
320.1525 	EXP 	Sound  started
320.8199 	DATA 	Keypress: rctrl
320.9025 	EXP 	Sound  started
321.5399 	DATA 	Keypress: lctrl
321.6525 	EXP 	Sound  started
322.3559 	DATA 	Keypress: rctrl
322.4025 	EXP 	Sound  started
323.0759 	DATA 	Keypress: rctrl
323.1526 	EXP 	Sound  started
323.8440 	DATA 	Keypress: rctrl
323.9026 	EXP 	Sound  started
324.5479 	DATA 	Keypress: lctrl
324.6526 	EXP 	Sound  started
325.2839 	DATA 	Keypress: rctrl
325.4026 	EXP 	Sound  started
325.9719 	DATA 	Keypress: rctrl
326.1526 	EXP 	Sound  started
326.8040 	DATA 	Keypress: lctrl
326.9026 	EXP 	Sound  started
327.4279 	DATA 	Keypress: lctrl
327.6526 	EXP 	Sound  started
328.3879 	DATA 	Keypress: lctrl
328.4027 	EXP 	Sound  started
329.1399 	DATA 	Keypress: rctrl
329.1527 	EXP 	Sound  started
329.7480 	DATA 	Keypress: rctrl
329.9027 	EXP 	Sound  started
330.4519 	DATA 	Keypress: lctrl
330.6527 	EXP 	Sound  started
331.2839 	DATA 	Keypress: lctrl
331.4027 	EXP 	Sound  started
332.1527 	EXP 	Sound  started
332.1639 	DATA 	Keypress: lctrl
332.8520 	DATA 	Keypress: lctrl
332.9027 	EXP 	Sound  started
333.5720 	DATA 	Keypress: rctrl
333.6527 	EXP 	Sound  started
334.3559 	DATA 	Keypress: rctrl
334.4028 	EXP 	Sound  started
335.1079 	DATA 	Keypress: lctrl
335.1528 	EXP 	Sound  started
335.8440 	DATA 	Keypress: rctrl
338.1536 	DATA 	Keypress: 4
338.1801 	EXP 	unnamed ShapeStim: vertices = <class 'numpy.ndarray'>
346.5502 	DATA 	Keypress: 4
346.5664 	EXP 	unnamed ShapeStim: vertices = <class 'numpy.ndarray'>
355.1921 	DATA 	Keypress: 3
355.2196 	EXP 	unnamed ShapeStim: vertices = <class 'numpy.ndarray'>
357.4936 	EXP 	Sound  started
357.4948 	DATA 	Keypress: rctrl
358.1481 	DATA 	Keypress: rctrl
358.2435 	EXP 	Sound  started
358.9158 	DATA 	Keypress: rctrl
358.9935 	EXP 	Sound  started
359.7318 	DATA 	Keypress: rctrl
359.7435 	EXP 	Sound  started
360.4679 	DATA 	Keypress: lctrl
360.4935 	EXP 	Sound  started
361.2199 	DATA 	Keypress: lctrl
361.2435 	EXP 	Sound  started
361.9400 	DATA 	Keypress: rctrl
361.9935 	EXP 	Sound  started
362.6759 	DATA 	Keypress: lctrl
362.7436 	EXP 	Sound  started
363.3799 	DATA 	Keypress: rctrl
363.4936 	EXP 	Sound  started
364.1319 	DATA 	Keypress: rctrl
364.2436 	EXP 	Sound  started
364.8519 	DATA 	Keypress: rctrl
364.9936 	EXP 	Sound  started
365.6679 	DATA 	Keypress: lctrl
365.7436 	EXP 	Sound  started
366.4683 	DATA 	Keypress: lctrl
366.4936 	EXP 	Sound  started
367.2436 	EXP 	Sound  started
367.2678 	DATA 	Keypress: lctrl
367.9937 	EXP 	Sound  started
368.0038 	DATA 	Keypress: rctrl
368.7398 	DATA 	Keypress: lctrl
368.7437 	EXP 	Sound  started
369.4759 	DATA 	Keypress: lctrl
369.4937 	EXP 	Sound  started
370.1160 	DATA 	Keypress: lctrl
370.2437 	EXP 	Sound  started
370.9159 	DATA 	Keypress: lctrl
370.9937 	EXP 	Sound  started
371.7319 	DATA 	Keypress: lctrl
371.7437 	EXP 	Sound  started
372.4678 	DATA 	Keypress: rctrl
372.4937 	EXP 	Sound  started
373.1239 	DATA 	Keypress: rctrl
373.2437 	EXP 	Sound  started
373.9241 	DATA 	Keypress: lctrl
373.9938 	EXP 	Sound  started
374.6919 	DATA 	Keypress: rctrl
374.7438 	EXP 	Sound  started
375.4280 	DATA 	Keypress: rctrl
375.4938 	EXP 	Sound  started
376.1319 	DATA 	Keypress: rctrl
376.2438 	EXP 	Sound  started
376.8519 	DATA 	Keypress: lctrl
376.9938 	EXP 	Sound  started
377.6199 	DATA 	Keypress: lctrl
377.7439 	EXP 	Sound  started
378.2919 	DATA 	Keypress: rctrl
378.4939 	EXP 	Sound  started
379.1078 	DATA 	Keypress: lctrl
379.2439 	EXP 	Sound  started
379.8278 	DATA 	Keypress: lctrl
379.9939 	EXP 	Sound  started
380.6119 	DATA 	Keypress: lctrl
380.7439 	EXP 	Sound  started
381.3639 	DATA 	Keypress: lctrl
381.4939 	EXP 	Sound  started
382.1479 	DATA 	Keypress: rctrl
382.2439 	EXP 	Sound  started
382.8839 	DATA 	Keypress: rctrl
382.9939 	EXP 	Sound  started
383.5878 	DATA 	Keypress: lctrl
383.7439 	EXP 	Sound  started
384.3399 	DATA 	Keypress: lctrl
384.4940 	EXP 	Sound  started
385.1719 	DATA 	Keypress: rctrl
385.2440 	EXP 	Sound  started
385.8278 	DATA 	Keypress: lctrl
385.9940 	EXP 	Sound  started
386.7239 	DATA 	Keypress: lctrl
386.7440 	EXP 	Sound  started
387.4599 	DATA 	Keypress: rctrl
387.4940 	EXP 	Sound  started
388.2279 	DATA 	Keypress: rctrl
388.2440 	EXP 	Sound  started
388.9639 	DATA 	Keypress: rctrl
388.9941 	EXP 	Sound  started
389.7319 	DATA 	Keypress: rctrl
389.7441 	EXP 	Sound  started
390.4941 	EXP 	Sound  started
390.5159 	DATA 	Keypress: lctrl
391.2441 	EXP 	Sound  started
391.2519 	DATA 	Keypress: rctrl
391.9880 	DATA 	Keypress: rctrl
391.9941 	EXP 	Sound  started
392.7239 	DATA 	Keypress: rctrl
392.7441 	EXP 	Sound  started
393.4759 	DATA 	Keypress: rctrl
393.4941 	EXP 	Sound  started
394.2119 	DATA 	Keypress: lctrl
394.2441 	EXP 	Sound  started
394.8999 	DATA 	Keypress: rctrl
394.9942 	EXP 	Sound  started
395.6200 	DATA 	Keypress: rctrl
395.7442 	EXP 	Sound  started
396.4942 	EXP 	Sound  started
396.4998 	DATA 	Keypress: lctrl
397.2198 	DATA 	Keypress: lctrl
397.2442 	EXP 	Sound  started
397.9560 	DATA 	Keypress: lctrl
397.9942 	EXP 	Sound  started
398.6279 	DATA 	Keypress: lctrl
398.7442 	EXP 	Sound  started
399.4280 	DATA 	Keypress: lctrl
399.4942 	EXP 	Sound  started
400.1799 	DATA 	Keypress: rctrl
400.2442 	EXP 	Sound  started
400.8998 	DATA 	Keypress: rctrl
400.9943 	EXP 	Sound  started
401.6999 	DATA 	Keypress: lctrl
401.7443 	EXP 	Sound  started
402.3718 	DATA 	Keypress: rctrl
402.4943 	EXP 	Sound  started
403.1398 	DATA 	Keypress: rctrl
403.2443 	EXP 	Sound  started
403.9399 	DATA 	Keypress: rctrl
403.9943 	EXP 	Sound  started
404.6758 	DATA 	Keypress: lctrl
404.7443 	EXP 	Sound  started
405.3959 	DATA 	Keypress: lctrl
405.4943 	EXP 	Sound  started
406.0999 	DATA 	Keypress: rctrl
406.2444 	EXP 	Sound  started
406.9478 	DATA 	Keypress: lctrl
406.9944 	EXP 	Sound  started
407.6359 	DATA 	Keypress: lctrl
407.7444 	EXP 	Sound  started
408.3399 	DATA 	Keypress: lctrl
408.4944 	EXP 	Sound  started
409.1399 	DATA 	Keypress: rctrl
409.2444 	EXP 	Sound  started
409.9240 	DATA 	Keypress: rctrl
409.9944 	EXP 	Sound  started
410.6919 	DATA 	Keypress: lctrl
410.7444 	EXP 	Sound  started
411.3958 	DATA 	Keypress: rctrl
411.4944 	EXP 	Sound  started
412.1159 	DATA 	Keypress: rctrl
412.2445 	EXP 	Sound  started
412.9799 	DATA 	Keypress: rctrl
412.9945 	EXP 	Sound  started
413.6679 	DATA 	Keypress: rctrl
413.7445 	EXP 	Sound  started
414.4038 	DATA 	Keypress: lctrl
414.4945 	EXP 	Sound  started
415.1398 	DATA 	Keypress: rctrl
415.2445 	EXP 	Sound  started
415.9558 	DATA 	Keypress: rctrl
415.9945 	EXP 	Sound  started
416.6918 	DATA 	Keypress: lctrl
416.7445 	EXP 	Sound  started
417.4278 	DATA 	Keypress: lctrl
417.4946 	EXP 	Sound  started
418.1800 	DATA 	Keypress: lctrl
418.2446 	EXP 	Sound  started
418.8999 	DATA 	Keypress: lctrl
418.9946 	EXP 	Sound  started
419.6839 	DATA 	Keypress: rctrl
419.7446 	EXP 	Sound  started
420.4198 	DATA 	Keypress: rctrl
420.4946 	EXP 	Sound  started
421.2199 	DATA 	Keypress: rctrl
421.2446 	EXP 	Sound  started
422.0052 	DATA 	Keypress: rctrl
427.3324 	DATA 	Keypress: 2
427.3612 	EXP 	unnamed ShapeStim: vertices = <class 'numpy.ndarray'>
431.8627 	DATA 	Keypress: 4
431.8795 	EXP 	unnamed ShapeStim: vertices = <class 'numpy.ndarray'>
439.7656 	DATA 	Keypress: 2
439.7822 	EXP 	unnamed ShapeStim: vertices = <class 'numpy.ndarray'>
442.0565 	EXP 	Sound  started
442.0574 	DATA 	Keypress: lctrl
442.6918 	DATA 	Keypress: rctrl
442.8064 	EXP 	Sound  started
443.4278 	DATA 	Keypress: rctrl
443.5564 	EXP 	Sound  started
444.1958 	DATA 	Keypress: lctrl
444.3064 	EXP 	Sound  started
444.9159 	DATA 	Keypress: rctrl
445.0564 	EXP 	Sound  started
445.7159 	DATA 	Keypress: rctrl
445.8064 	EXP 	Sound  started
446.4838 	DATA 	Keypress: rctrl
446.5564 	EXP 	Sound  started
447.2198 	DATA 	Keypress: lctrl
447.3064 	EXP 	Sound  started
447.9719 	DATA 	Keypress: lctrl
448.0565 	EXP 	Sound  started
448.6919 	DATA 	Keypress: lctrl
448.8065 	EXP 	Sound  started
449.4279 	DATA 	Keypress: rctrl
449.5565 	EXP 	Sound  started
450.1638 	DATA 	Keypress: rctrl
450.3065 	EXP 	Sound  started
450.9319 	DATA 	Keypress: lctrl
451.0565 	EXP 	Sound  started
451.7158 	DATA 	Keypress: lctrl
451.8065 	EXP 	Sound  started
452.4519 	DATA 	Keypress: rctrl
452.5565 	EXP 	Sound  started
453.1878 	DATA 	Keypress: rctrl
453.3066 	EXP 	Sound  started
453.9398 	DATA 	Keypress: rctrl
454.0566 	EXP 	Sound  started
454.6598 	DATA 	Keypress: rctrl
454.8066 	EXP 	Sound  started
455.4119 	DATA 	Keypress: lctrl
455.5566 	EXP 	Sound  started
456.1319 	DATA 	Keypress: rctrl
456.3066 	EXP 	Sound  started
456.9478 	DATA 	Keypress: lctrl
457.0566 	EXP 	Sound  started
457.7159 	DATA 	Keypress: rctrl
457.8067 	EXP 	Sound  started
458.4678 	DATA 	Keypress: lctrl
458.5567 	EXP 	Sound  started
459.2039 	DATA 	Keypress: lctrl
459.3067 	EXP 	Sound  started
459.9238 	DATA 	Keypress: rctrl
460.0567 	EXP 	Sound  started
460.7078 	DATA 	Keypress: rctrl
460.8067 	EXP 	Sound  started
461.3958 	DATA 	Keypress: rctrl
461.5567 	EXP 	Sound  started
462.1959 	DATA 	Keypress: rctrl
462.3067 	EXP 	Sound  started
462.8838 	DATA 	Keypress: lctrl
463.0567 	EXP 	Sound  started
463.6998 	DATA 	Keypress: rctrl
463.8068 	EXP 	Sound  started
464.4999 	DATA 	Keypress: lctrl
464.5568 	EXP 	Sound  started
465.1718 	DATA 	Keypress: lctrl
465.3068 	EXP 	Sound  started
465.8278 	DATA 	Keypress: lctrl
466.0568 	EXP 	Sound  started
466.7398 	DATA 	Keypress: lctrl
466.8068 	EXP 	Sound  started
467.4918 	DATA 	Keypress: lctrl
467.5568 	EXP 	Sound  started
468.3069 	EXP 	Sound  started
468.3079 	DATA 	Keypress: rctrl
469.0118 	DATA 	Keypress: lctrl
469.0568 	EXP 	Sound  started
469.7638 	DATA 	Keypress: rctrl
469.8069 	EXP 	Sound  started
470.5158 	DATA 	Keypress: rctrl
470.5569 	EXP 	Sound  started
471.2679 	DATA 	Keypress: lctrl
471.3069 	EXP 	Sound  started
472.0038 	DATA 	Keypress: lctrl
472.0569 	EXP 	Sound  started
472.6438 	DATA 	Keypress: lctrl
472.8069 	EXP 	Sound  started
473.4598 	DATA 	Keypress: rctrl
473.5569 	EXP 	Sound  started
474.2918 	DATA 	Keypress: rctrl
474.3069 	EXP 	Sound  started
475.0278 	DATA 	Keypress: rctrl
475.0569 	EXP 	Sound  started
475.7958 	DATA 	Keypress: rctrl
475.8070 	EXP 	Sound  started
476.4678 	DATA 	Keypress: rctrl
476.5570 	EXP 	Sound  started
477.1079 	DATA 	Keypress: lctrl
477.3070 	EXP 	Sound  started
477.8918 	DATA 	Keypress: rctrl
478.0570 	EXP 	Sound  started
478.6438 	DATA 	Keypress: lctrl
478.8070 	EXP 	Sound  started
479.4439 	DATA 	Keypress: lctrl
479.5570 	EXP 	Sound  started
480.2598 	DATA 	Keypress: rctrl
480.3070 	EXP 	Sound  started
480.9318 	DATA 	Keypress: lctrl
485.3816 	DATA 	Keypress: 3
485.3979 	EXP 	unnamed ShapeStim: vertices = <class 'numpy.ndarray'>
490.1330 	DATA 	Keypress: 3
490.1496 	EXP 	unnamed ShapeStim: vertices = <class 'numpy.ndarray'>
499.0196 	DATA 	Keypress: 3
499.0360 	EXP 	unnamed ShapeStim: vertices = <class 'numpy.ndarray'>
501.3101 	EXP 	Sound  started
501.3110 	DATA 	Keypress: lctrl
501.9719 	DATA 	Keypress: lctrl
502.0599 	EXP 	Sound  started
502.7238 	DATA 	Keypress: rctrl
502.8099 	EXP 	Sound  started
503.5238 	DATA 	Keypress: lctrl
503.5600 	EXP 	Sound  started
504.2438 	DATA 	Keypress: rctrl
504.3100 	EXP 	Sound  started
504.9958 	DATA 	Keypress: rctrl
505.0600 	EXP 	Sound  started
505.7957 	DATA 	Keypress: rctrl
505.8100 	EXP 	Sound  started
506.5600 	EXP 	Sound  started
506.5798 	DATA 	Keypress: rctrl
507.2999 	DATA 	Keypress: lctrl
507.3100 	EXP 	Sound  started
508.0600 	EXP 	Sound  started
508.0678 	DATA 	Keypress: lctrl
508.8038 	DATA 	Keypress: rctrl
508.8101 	EXP 	Sound  started
509.5398 	DATA 	Keypress: lctrl
509.5601 	EXP 	Sound  started
510.3101 	EXP 	Sound  started
510.3239 	DATA 	Keypress: lctrl
511.0438 	DATA 	Keypress: rctrl
511.0601 	EXP 	Sound  started
511.8101 	EXP 	Sound  started
511.9558 	DATA 	Keypress: rctrl
512.5317 	DATA 	Keypress: rctrl
512.5601 	EXP 	Sound  started
513.2518 	DATA 	Keypress: lctrl
513.3101 	EXP 	Sound  started
513.9720 	DATA 	Keypress: rctrl
514.0601 	EXP 	Sound  started
514.6278 	DATA 	Keypress: rctrl
514.8102 	EXP 	Sound  started
515.4118 	DATA 	Keypress: rctrl
515.5602 	EXP 	Sound  started
516.1638 	DATA 	Keypress: lctrl
516.3102 	EXP 	Sound  started
516.9638 	DATA 	Keypress: lctrl
517.0602 	EXP 	Sound  started
517.7159 	DATA 	Keypress: rctrl
517.8102 	EXP 	Sound  started
518.4998 	DATA 	Keypress: lctrl
518.5602 	EXP 	Sound  started
519.2037 	DATA 	Keypress: lctrl
519.3102 	EXP 	Sound  started
520.0038 	DATA 	Keypress: lctrl
520.0603 	EXP 	Sound  started
520.7398 	DATA 	Keypress: lctrl
520.8103 	EXP 	Sound  started
521.4917 	DATA 	Keypress: rctrl
521.5603 	EXP 	Sound  started
522.2440 	DATA 	Keypress: lctrl
522.3103 	EXP 	Sound  started
522.9798 	DATA 	Keypress: lctrl
523.0603 	EXP 	Sound  started
523.7158 	DATA 	Keypress: rctrl
523.8103 	EXP 	Sound  started
524.4678 	DATA 	Keypress: rctrl
524.5603 	EXP 	Sound  started
525.2520 	DATA 	Keypress: rctrl
525.3104 	EXP 	Sound  started
525.9878 	DATA 	Keypress: rctrl
526.0604 	EXP 	Sound  started
526.7720 	DATA 	Keypress: lctrl
526.8104 	EXP 	Sound  started
527.4918 	DATA 	Keypress: rctrl
527.5604 	EXP 	Sound  started
528.2598 	DATA 	Keypress: lctrl
528.3104 	EXP 	Sound  started
528.9958 	DATA 	Keypress: rctrl
529.0604 	EXP 	Sound  started
529.7157 	DATA 	Keypress: rctrl
529.8104 	EXP 	Sound  started
530.5158 	DATA 	Keypress: lctrl
530.5604 	EXP 	Sound  started
531.1878 	DATA 	Keypress: lctrl
531.3104 	EXP 	Sound  started
532.0039 	DATA 	Keypress: rctrl
532.0605 	EXP 	Sound  started
532.7878 	DATA 	Keypress: lctrl
532.8105 	EXP 	Sound  started
533.3958 	DATA 	Keypress: lctrl
533.5605 	EXP 	Sound  started
534.2918 	DATA 	Keypress: rctrl
534.3105 	EXP 	Sound  started
535.0597 	DATA 	Keypress: rctrl
535.0605 	EXP 	Sound  started
535.7637 	DATA 	Keypress: rctrl
535.8105 	EXP 	Sound  started
536.4837 	DATA 	Keypress: lctrl
536.5605 	EXP 	Sound  started
537.2678 	DATA 	Keypress: rctrl
537.3106 	EXP 	Sound  started
538.0606 	EXP 	Sound  started
538.0679 	DATA 	Keypress: rctrl
538.8038 	DATA 	Keypress: rctrl
538.8106 	EXP 	Sound  started
539.4758 	DATA 	Keypress: lctrl
539.5606 	EXP 	Sound  started
540.1958 	DATA 	Keypress: rctrl
540.3106 	EXP 	Sound  started
540.9958 	DATA 	Keypress: rctrl
541.0606 	EXP 	Sound  started
541.6837 	DATA 	Keypress: lctrl
541.8106 	EXP 	Sound  started
542.4358 	DATA 	Keypress: lctrl
542.5607 	EXP 	Sound  started
543.1877 	DATA 	Keypress: lctrl
543.3107 	EXP 	Sound  started
543.9717 	DATA 	Keypress: lctrl
544.0607 	EXP 	Sound  started
544.6917 	DATA 	Keypress: rctrl
544.8107 	EXP 	Sound  started
545.4598 	DATA 	Keypress: lctrl
545.5607 	EXP 	Sound  started
546.2118 	DATA 	Keypress: rctrl
546.3107 	EXP 	Sound  started
546.9638 	DATA 	Keypress: rctrl
547.0607 	EXP 	Sound  started
547.7478 	DATA 	Keypress: rctrl
547.8108 	EXP 	Sound  started
548.4838 	DATA 	Keypress: lctrl
548.5608 	EXP 	Sound  started
549.2518 	DATA 	Keypress: lctrl
549.3108 	EXP 	Sound  started
549.9399 	DATA 	Keypress: rctrl
550.0608 	EXP 	Sound  started
550.7077 	DATA 	Keypress: lctrl
550.8108 	EXP 	Sound  started
551.4599 	DATA 	Keypress: lctrl
551.5608 	EXP 	Sound  started
552.2598 	DATA 	Keypress: lctrl
552.3108 	EXP 	Sound  started
553.0118 	DATA 	Keypress: lctrl
553.0609 	EXP 	Sound  started
553.7958 	DATA 	Keypress: lctrl
553.8109 	EXP 	Sound  started
554.5159 	DATA 	Keypress: rctrl
558.4065 	DATA 	Keypress: 3
558.4232 	EXP 	unnamed ShapeStim: vertices = <class 'numpy.ndarray'>
564.9258 	DATA 	Keypress: 3
564.9420 	EXP 	unnamed ShapeStim: vertices = <class 'numpy.ndarray'>
571.6781 	DATA 	Keypress: 2
571.6946 	EXP 	unnamed ShapeStim: vertices = <class 'numpy.ndarray'>
573.9694 	EXP 	Sound  started
574.1319 	DATA 	Keypress: rctrl
574.7193 	EXP 	Sound  started
574.7398 	DATA 	Keypress: rctrl
575.4599 	DATA 	Keypress: lctrl
575.4693 	EXP 	Sound  started
576.2193 	EXP 	Sound  started
576.2277 	DATA 	Keypress: rctrl
576.9639 	DATA 	Keypress: rctrl
576.9693 	EXP 	Sound  started
577.7194 	EXP 	Sound  started
577.7478 	DATA 	Keypress: rctrl
578.4198 	DATA 	Keypress: lctrl
578.4694 	EXP 	Sound  started
579.1078 	DATA 	Keypress: rctrl
579.2194 	EXP 	Sound  started
579.8598 	DATA 	Keypress: rctrl
579.9694 	EXP 	Sound  started
580.5798 	DATA 	Keypress: lctrl
580.7194 	EXP 	Sound  started
581.3478 	DATA 	Keypress: lctrl
581.4694 	EXP 	Sound  started
582.1158 	DATA 	Keypress: lctrl
582.2194 	EXP 	Sound  started
582.8678 	DATA 	Keypress: lctrl
582.9694 	EXP 	Sound  started
583.5719 	DATA 	Keypress: rctrl
583.7194 	EXP 	Sound  started
584.3557 	DATA 	Keypress: lctrl
584.4695 	EXP 	Sound  started
585.1077 	DATA 	Keypress: lctrl
585.2195 	EXP 	Sound  started
585.8597 	DATA 	Keypress: lctrl
585.9695 	EXP 	Sound  started
586.6278 	DATA 	Keypress: rctrl
586.7195 	EXP 	Sound  started
587.2997 	DATA 	Keypress: lctrl
587.4695 	EXP 	Sound  started
588.0998 	DATA 	Keypress: lctrl
588.2195 	EXP 	Sound  started
588.8199 	DATA 	Keypress: rctrl
588.9695 	EXP 	Sound  started
589.5717 	DATA 	Keypress: rctrl
589.7196 	EXP 	Sound  started
590.3718 	DATA 	Keypress: lctrl
590.4696 	EXP 	Sound  started
591.1237 	DATA 	Keypress: lctrl
591.2196 	EXP 	Sound  started
591.8117 	DATA 	Keypress: rctrl
591.9696 	EXP 	Sound  started
592.5797 	DATA 	Keypress: rctrl
592.7196 	EXP 	Sound  started
593.3477 	DATA 	Keypress: rctrl
593.4696 	EXP 	Sound  started
594.0197 	DATA 	Keypress: lctrl
594.2196 	EXP 	Sound  started
594.7239 	DATA 	Keypress: rctrl
594.9696 	EXP 	Sound  started
595.6197 	DATA 	Keypress: lctrl
595.7197 	EXP 	Sound  started
596.3238 	DATA 	Keypress: lctrl
596.4697 	EXP 	Sound  started
597.1240 	DATA 	Keypress: rctrl
597.2197 	EXP 	Sound  started
597.8277 	DATA 	Keypress: rctrl
597.9697 	EXP 	Sound  started
598.5798 	DATA 	Keypress: rctrl
598.7197 	EXP 	Sound  started
599.3318 	DATA 	Keypress: rctrl
599.4697 	EXP 	Sound  started
600.0678 	DATA 	Keypress: lctrl
600.2198 	EXP 	Sound  started
600.8038 	DATA 	Keypress: rctrl
600.9698 	EXP 	Sound  started
601.5079 	DATA 	Keypress: rctrl
601.7198 	EXP 	Sound  started
602.2438 	DATA 	Keypress: rctrl
602.4698 	EXP 	Sound  started
603.0117 	DATA 	Keypress: rctrl
603.2198 	EXP 	Sound  started
603.7478 	DATA 	Keypress: rctrl
603.9698 	EXP 	Sound  started
604.6277 	DATA 	Keypress: lctrl
604.7198 	EXP 	Sound  started
605.3478 	DATA 	Keypress: lctrl
605.4698 	EXP 	Sound  started
606.1798 	DATA 	Keypress: lctrl
606.2198 	EXP 	Sound  started
606.8519 	DATA 	Keypress: rctrl
606.9699 	EXP 	Sound  started
607.5878 	DATA 	Keypress: lctrl
607.7199 	EXP 	Sound  started
608.2758 	DATA 	Keypress: lctrl
608.4699 	EXP 	Sound  started
609.0757 	DATA 	Keypress: lctrl
609.2199 	EXP 	Sound  started
609.8437 	DATA 	Keypress: lctrl
609.9699 	EXP 	Sound  started
610.6918 	DATA 	Keypress: rctrl
610.7199 	EXP 	Sound  started
610.8998 	DATA 	Keypress: rctrl
611.3317 	DATA 	Keypress: lctrl
611.4699 	EXP 	Sound  started
612.1157 	DATA 	Keypress: lctrl
612.2199 	EXP 	Sound  started
612.9157 	DATA 	Keypress: rctrl
612.9700 	EXP 	Sound  started
613.6359 	DATA 	Keypress: rctrl
613.7200 	EXP 	Sound  started
614.4700 	EXP 	Sound  started
614.4837 	DATA 	Keypress: rctrl
615.1717 	DATA 	Keypress: lctrl
615.2200 	EXP 	Sound  started
615.9700 	EXP 	Sound  started
615.9717 	DATA 	Keypress: lctrl
616.6917 	DATA 	Keypress: lctrl
616.7200 	EXP 	Sound  started
617.3957 	DATA 	Keypress: rctrl
617.4700 	EXP 	Sound  started
618.1158 	DATA 	Keypress: lctrl
618.2201 	EXP 	Sound  started
618.9318 	DATA 	Keypress: rctrl
618.9701 	EXP 	Sound  started
619.6997 	DATA 	Keypress: rctrl
633.9257 	DATA 	Keypress: 2
633.9492 	EXP 	unnamed ShapeStim: vertices = <class 'numpy.ndarray'>
644.4200 	DATA 	Keypress: 2
644.4364 	EXP 	unnamed ShapeStim: vertices = <class 'numpy.ndarray'>
646.7585 	DATA 	Keypress: 2
646.7872 	EXP 	unnamed ShapeStim: vertices = <class 'numpy.ndarray'>
649.0622 	EXP 	Sound  started
649.2359 	DATA 	Keypress: rctrl
649.7797 	DATA 	Keypress: rctrl
649.8120 	EXP 	Sound  started
650.4677 	DATA 	Keypress: lctrl
650.5620 	EXP 	Sound  started
651.2839 	DATA 	Keypress: rctrl
651.3120 	EXP 	Sound  started
651.9717 	DATA 	Keypress: rctrl
652.0620 	EXP 	Sound  started
652.7397 	DATA 	Keypress: rctrl
652.8120 	EXP 	Sound  started
653.5077 	DATA 	Keypress: lctrl
653.5621 	EXP 	Sound  started
654.2757 	DATA 	Keypress: lctrl
654.3121 	EXP 	Sound  started
655.0117 	DATA 	Keypress: rctrl
655.0621 	EXP 	Sound  started
655.8121 	EXP 	Sound  started
655.8277 	DATA 	Keypress: lctrl
656.4837 	DATA 	Keypress: lctrl
656.5621 	EXP 	Sound  started
657.2037 	DATA 	Keypress: lctrl
657.3121 	EXP 	Sound  started
657.9238 	DATA 	Keypress: lctrl
658.0621 	EXP 	Sound  started
658.6918 	DATA 	Keypress: rctrl
658.8122 	EXP 	Sound  started
659.5077 	DATA 	Keypress: lctrl
659.5622 	EXP 	Sound  started
660.2918 	DATA 	Keypress: rctrl
660.3122 	EXP 	Sound  started
660.9957 	DATA 	Keypress: rctrl
661.0622 	EXP 	Sound  started
661.7637 	DATA 	Keypress: rctrl
661.8122 	EXP 	Sound  started
662.4838 	DATA 	Keypress: lctrl
662.5622 	EXP 	Sound  started
663.2678 	DATA 	Keypress: rctrl
663.3122 	EXP 	Sound  started
663.9877 	DATA 	Keypress: rctrl
664.0622 	EXP 	Sound  started
664.6757 	DATA 	Keypress: rctrl
664.8123 	EXP 	Sound  started
665.5077 	DATA 	Keypress: rctrl
665.5623 	EXP 	Sound  started
666.2277 	DATA 	Keypress: lctrl
666.3123 	EXP 	Sound  started
667.0277 	DATA 	Keypress: lctrl
667.0623 	EXP 	Sound  started
667.7478 	DATA 	Keypress: rctrl
667.8123 	EXP 	Sound  started
668.4678 	DATA 	Keypress: lctrl
668.5623 	EXP 	Sound  started
669.2677 	DATA 	Keypress: rctrl
669.3123 	EXP 	Sound  started
670.0624 	EXP 	Sound  started
670.0677 	DATA 	Keypress: rctrl
670.7877 	DATA 	Keypress: rctrl
670.8124 	EXP 	Sound  started
671.5077 	DATA 	Keypress: lctrl
671.5624 	EXP 	Sound  started
672.2278 	DATA 	Keypress: lctrl
672.3124 	EXP 	Sound  started
672.9957 	DATA 	Keypress: lctrl
673.0624 	EXP 	Sound  started
673.6838 	DATA 	Keypress: rctrl
673.8124 	EXP 	Sound  started
674.4357 	DATA 	Keypress: lctrl
674.5624 	EXP 	Sound  started
675.2357 	DATA 	Keypress: rctrl
675.3125 	EXP 	Sound  started
675.9877 	DATA 	Keypress: rctrl
676.0625 	EXP 	Sound  started
676.8125 	EXP 	Sound  started
676.8517 	DATA 	Keypress: rctrl
677.4597 	DATA 	Keypress: lctrl
677.5625 	EXP 	Sound  started
678.2597 	DATA 	Keypress: lctrl
678.3125 	EXP 	Sound  started
678.9476 	DATA 	Keypress: lctrl
679.0625 	EXP 	Sound  started
679.6357 	DATA 	Keypress: lctrl
679.8125 	EXP 	Sound  started
680.3397 	DATA 	Keypress: lctrl
680.5626 	EXP 	Sound  started
681.2358 	DATA 	Keypress: rctrl
681.3126 	EXP 	Sound  started
682.0037 	DATA 	Keypress: lctrl
682.0626 	EXP 	Sound  started
682.7077 	DATA 	Keypress: lctrl
682.8126 	EXP 	Sound  started
683.4597 	DATA 	Keypress: rctrl
683.5626 	EXP 	Sound  started
684.1957 	DATA 	Keypress: rctrl
684.3126 	EXP 	Sound  started
684.9477 	DATA 	Keypress: rctrl
685.0626 	EXP 	Sound  started
685.6676 	DATA 	Keypress: rctrl
685.8126 	EXP 	Sound  started
686.4837 	DATA 	Keypress: rctrl
686.5627 	EXP 	Sound  started
687.2196 	DATA 	Keypress: lctrl
687.3127 	EXP 	Sound  started
687.9557 	DATA 	Keypress: lctrl
688.0627 	EXP 	Sound  started
688.7078 	DATA 	Keypress: rctrl
688.8127 	EXP 	Sound  started
689.3958 	DATA 	Keypress: lctrl
689.5627 	EXP 	Sound  started
690.0997 	DATA 	Keypress: lctrl
690.3127 	EXP 	Sound  started
690.9637 	DATA 	Keypress: lctrl
691.0627 	EXP 	Sound  started
691.6517 	DATA 	Keypress: lctrl
691.8128 	EXP 	Sound  started
692.4837 	DATA 	Keypress: rctrl
692.5628 	EXP 	Sound  started
693.1076 	DATA 	Keypress: lctrl
693.3128 	EXP 	Sound  started
693.8757 	DATA 	Keypress: rctrl
694.0628 	EXP 	Sound  started
694.6437 	DATA 	Keypress: rctrl
694.8128 	EXP 	Sound  started
695.4117 	DATA 	Keypress: lctrl
695.5628 	EXP 	Sound  started
696.2277 	DATA 	Keypress: rctrl
696.3128 	EXP 	Sound  started
696.9157 	DATA 	Keypress: lctrl
697.0629 	EXP 	Sound  started
697.7797 	DATA 	Keypress: lctrl
697.8129 	EXP 	Sound  started
698.5158 	DATA 	Keypress: lctrl
698.5629 	EXP 	Sound  started
699.2037 	DATA 	Keypress: lctrl
699.3129 	EXP 	Sound  started
699.8757 	DATA 	Keypress: rctrl
700.0629 	EXP 	Sound  started
700.6277 	DATA 	Keypress: rctrl
700.8129 	EXP 	Sound  started
701.3796 	DATA 	Keypress: rctrl
701.5629 	EXP 	Sound  started
702.1476 	DATA 	Keypress: lctrl
702.3130 	EXP 	Sound  started
702.9317 	DATA 	Keypress: rctrl
703.0630 	EXP 	Sound  started
703.7157 	DATA 	Keypress: rctrl
703.8130 	EXP 	Sound  started
704.4197 	DATA 	Keypress: lctrl
706.2534 	DATA 	Keypress: 4
706.2741 	EXP 	unnamed ShapeStim: vertices = <class 'numpy.ndarray'>
710.7095 	DATA 	Keypress: 4
710.7257 	EXP 	unnamed ShapeStim: vertices = <class 'numpy.ndarray'>
718.8123 	DATA 	Keypress: 3
718.8287 	EXP 	unnamed ShapeStim: vertices = <class 'numpy.ndarray'>
721.1027 	EXP 	Sound  started
721.1036 	DATA 	Keypress: rctrl
721.7157 	DATA 	Keypress: rctrl
721.8526 	EXP 	Sound  started
722.4516 	DATA 	Keypress: lctrl
722.6026 	EXP 	Sound  started
723.2358 	DATA 	Keypress: rctrl
723.3526 	EXP 	Sound  started
724.0196 	DATA 	Keypress: rctrl
724.1026 	EXP 	Sound  started
724.7397 	DATA 	Keypress: rctrl
724.8526 	EXP 	Sound  started
725.5397 	DATA 	Keypress: lctrl
725.6026 	EXP 	Sound  started
726.3397 	DATA 	Keypress: lctrl
726.3526 	EXP 	Sound  started
727.0598 	DATA 	Keypress: rctrl
727.1027 	EXP 	Sound  started
727.8527 	EXP 	Sound  started
727.9876 	DATA 	Keypress: lctrl
728.6027 	EXP 	Sound  started
728.6277 	DATA 	Keypress: lctrl
729.2997 	DATA 	Keypress: lctrl
729.3527 	EXP 	Sound  started
729.9716 	DATA 	Keypress: lctrl
730.1027 	EXP 	Sound  started
730.7716 	DATA 	Keypress: rctrl
730.8527 	EXP 	Sound  started
731.5237 	DATA 	Keypress: rctrl
731.6027 	EXP 	Sound  started
732.2599 	DATA 	Keypress: lctrl
732.3527 	EXP 	Sound  started
732.9797 	DATA 	Keypress: rctrl
733.1027 	EXP 	Sound  started
733.7316 	DATA 	Keypress: rctrl
733.8528 	EXP 	Sound  started
734.4997 	DATA 	Keypress: rctrl
734.6028 	EXP 	Sound  started
735.2517 	DATA 	Keypress: lctrl
735.3528 	EXP 	Sound  started
736.0357 	DATA 	Keypress: rctrl
736.1028 	EXP 	Sound  started
736.7717 	DATA 	Keypress: lctrl
736.8528 	EXP 	Sound  started
737.5077 	DATA 	Keypress: lctrl
737.6028 	EXP 	Sound  started
738.2118 	DATA 	Keypress: rctrl
738.3528 	EXP 	Sound  started
738.9636 	DATA 	Keypress: lctrl
739.1028 	EXP 	Sound  started
739.7316 	DATA 	Keypress: lctrl
739.8529 	EXP 	Sound  started
740.4357 	DATA 	Keypress: lctrl
740.6029 	EXP 	Sound  started
741.2196 	DATA 	Keypress: lctrl
741.3529 	EXP 	Sound  started
741.9557 	DATA 	Keypress: rctrl
742.1029 	EXP 	Sound  started
742.7076 	DATA 	Keypress: rctrl
742.8529 	EXP 	Sound  started
743.4436 	DATA 	Keypress: rctrl
743.6029 	EXP 	Sound  started
744.1956 	DATA 	Keypress: rctrl
744.3529 	EXP 	Sound  started
744.9796 	DATA 	Keypress: rctrl
745.1030 	EXP 	Sound  started
745.7477 	DATA 	Keypress: rctrl
745.8530 	EXP 	Sound  started
746.4516 	DATA 	Keypress: lctrl
746.6030 	EXP 	Sound  started
747.2036 	DATA 	Keypress: rctrl
747.3530 	EXP 	Sound  started
748.0356 	DATA 	Keypress: rctrl
748.1030 	EXP 	Sound  started
748.8357 	DATA 	Keypress: rctrl
748.8531 	EXP 	Sound  started
749.5556 	DATA 	Keypress: lctrl
749.6030 	EXP 	Sound  started
750.2757 	DATA 	Keypress: lctrl
750.3531 	EXP 	Sound  started
751.0278 	DATA 	Keypress: rctrl
751.1031 	EXP 	Sound  started
751.7317 	DATA 	Keypress: lctrl
751.8531 	EXP 	Sound  started
752.4678 	DATA 	Keypress: lctrl
752.6031 	EXP 	Sound  started
753.1716 	DATA 	Keypress: rctrl
753.3531 	EXP 	Sound  started
753.9077 	DATA 	Keypress: lctrl
754.1031 	EXP 	Sound  started
754.6916 	DATA 	Keypress: lctrl
754.8531 	EXP 	Sound  started
755.4117 	DATA 	Keypress: rctrl
755.6032 	EXP 	Sound  started
756.2277 	DATA 	Keypress: rctrl
756.3532 	EXP 	Sound  started
756.8997 	DATA 	Keypress: lctrl
757.1032 	EXP 	Sound  started
757.6677 	DATA 	Keypress: lctrl
757.8532 	EXP 	Sound  started
758.4358 	DATA 	Keypress: lctrl
758.6032 	EXP 	Sound  started
759.1236 	DATA 	Keypress: lctrl
759.3532 	EXP 	Sound  started
759.7797 	DATA 	Keypress: rctrl
760.1032 	EXP 	Sound  started
760.7397 	DATA 	Keypress: lctrl
760.8532 	EXP 	Sound  started
761.4596 	DATA 	Keypress: rctrl
761.6033 	EXP 	Sound  started
762.2436 	DATA 	Keypress: rctrl
762.3533 	EXP 	Sound  started
763.0277 	DATA 	Keypress: lctrl
766.9887 	DATA 	Keypress: 3
767.0117 	EXP 	unnamed ShapeStim: vertices = <class 'numpy.ndarray'>
772.5359 	DATA 	Keypress: 3
772.5640 	EXP 	unnamed ShapeStim: vertices = <class 'numpy.ndarray'>
782.3676 	DATA 	Keypress: 2
782.3841 	EXP 	unnamed ShapeStim: vertices = <class 'numpy.ndarray'>
784.6580 	EXP 	Sound  started
784.7558 	DATA 	Keypress: rctrl
785.3158 	DATA 	Keypress: lctrl
785.4079 	EXP 	Sound  started
786.0836 	DATA 	Keypress: lctrl
786.1579 	EXP 	Sound  started
786.8516 	DATA 	Keypress: rctrl
786.9079 	EXP 	Sound  started
787.6036 	DATA 	Keypress: rctrl
787.6579 	EXP 	Sound  started
788.3877 	DATA 	Keypress: lctrl
788.4079 	EXP 	Sound  started
789.1076 	DATA 	Keypress: rctrl
789.1579 	EXP 	Sound  started
789.8916 	DATA 	Keypress: rctrl
789.9079 	EXP 	Sound  started
790.5957 	DATA 	Keypress: rctrl
790.6580 	EXP 	Sound  started
791.2836 	DATA 	Keypress: lctrl
791.4080 	EXP 	Sound  started
792.0997 	DATA 	Keypress: rctrl
792.1580 	EXP 	Sound  started
792.8356 	DATA 	Keypress: rctrl
792.9080 	EXP 	Sound  started
793.5877 	DATA 	Keypress: lctrl
793.6580 	EXP 	Sound  started
794.3397 	DATA 	Keypress: lctrl
794.4080 	EXP 	Sound  started
795.1077 	DATA 	Keypress: lctrl
795.1580 	EXP 	Sound  started
795.8597 	DATA 	Keypress: lctrl
795.9081 	EXP 	Sound  started
796.5956 	DATA 	Keypress: rctrl
796.6581 	EXP 	Sound  started
797.3316 	DATA 	Keypress: lctrl
797.4081 	EXP 	Sound  started
798.1157 	DATA 	Keypress: lctrl
798.1581 	EXP 	Sound  started
798.8837 	DATA 	Keypress: rctrl
798.9081 	EXP 	Sound  started
799.5556 	DATA 	Keypress: rctrl
799.6581 	EXP 	Sound  started
800.3076 	DATA 	Keypress: lctrl
800.4081 	EXP 	Sound  started
801.0916 	DATA 	Keypress: rctrl
801.1582 	EXP 	Sound  started
801.7796 	DATA 	Keypress: rctrl
801.9082 	EXP 	Sound  started
802.5636 	DATA 	Keypress: lctrl
802.6582 	EXP 	Sound  started
803.2996 	DATA 	Keypress: rctrl
803.4082 	EXP 	Sound  started
804.0837 	DATA 	Keypress: rctrl
804.1582 	EXP 	Sound  started
804.8837 	DATA 	Keypress: rctrl
804.9082 	EXP 	Sound  started
805.6036 	DATA 	Keypress: rctrl
805.6582 	EXP 	Sound  started
806.3236 	DATA 	Keypress: lctrl
806.4083 	EXP 	Sound  started
807.0276 	DATA 	Keypress: rctrl
807.1583 	EXP 	Sound  started
807.7796 	DATA 	Keypress: lctrl
807.9083 	EXP 	Sound  started
808.5157 	DATA 	Keypress: lctrl
808.6583 	EXP 	Sound  started
809.2997 	DATA 	Keypress: rctrl
809.4083 	EXP 	Sound  started
810.0516 	DATA 	Keypress: lctrl
810.1583 	EXP 	Sound  started
810.7716 	DATA 	Keypress: lctrl
810.9083 	EXP 	Sound  started
811.5076 	DATA 	Keypress: rctrl
811.6584 	EXP 	Sound  started
812.3397 	DATA 	Keypress: rctrl
812.4084 	EXP 	Sound  started
813.1077 	DATA 	Keypress: rctrl
813.1584 	EXP 	Sound  started
813.7796 	DATA 	Keypress: lctrl
813.9084 	EXP 	Sound  started
814.4836 	DATA 	Keypress: rctrl
814.6584 	EXP 	Sound  started
815.2676 	DATA 	Keypress: rctrl
815.4084 	EXP 	Sound  started
816.0676 	DATA 	Keypress: rctrl
816.1584 	EXP 	Sound  started
816.8677 	DATA 	Keypress: rctrl
816.9084 	EXP 	Sound  started
817.5398 	DATA 	Keypress: lctrl
817.6585 	EXP 	Sound  started
818.2756 	DATA 	Keypress: rctrl
818.4085 	EXP 	Sound  started
819.0276 	DATA 	Keypress: lctrl
819.1585 	EXP 	Sound  started
819.8117 	DATA 	Keypress: lctrl
819.9085 	EXP 	Sound  started
820.5636 	DATA 	Keypress: rctrl
820.6585 	EXP 	Sound  started
821.2196 	DATA 	Keypress: rctrl
821.4085 	EXP 	Sound  started
822.0196 	DATA 	Keypress: rctrl
822.1586 	EXP 	Sound  started
822.7876 	DATA 	Keypress: lctrl
822.9086 	EXP 	Sound  started
823.6198 	DATA 	Keypress: lctrl
823.6586 	EXP 	Sound  started
824.3238 	DATA 	Keypress: rctrl
824.4086 	EXP 	Sound  started
825.0436 	DATA 	Keypress: lctrl
825.1586 	EXP 	Sound  started
825.8276 	DATA 	Keypress: lctrl
825.9086 	EXP 	Sound  started
826.5956 	DATA 	Keypress: lctrl
826.6586 	EXP 	Sound  started
827.3797 	DATA 	Keypress: rctrl
827.4086 	EXP 	Sound  started
828.0358 	DATA 	Keypress: lctrl
828.1587 	EXP 	Sound  started
828.7396 	DATA 	Keypress: lctrl
828.9087 	EXP 	Sound  started
829.5556 	DATA 	Keypress: lctrl
829.6587 	EXP 	Sound  started
830.3077 	DATA 	Keypress: lctrl
830.4087 	EXP 	Sound  started
831.0917 	DATA 	Keypress: rctrl
831.1587 	EXP 	Sound  started
831.8596 	DATA 	Keypress: rctrl
831.9087 	EXP 	Sound  started
832.5477 	DATA 	Keypress: lctrl
832.6587 	EXP 	Sound  started
833.2677 	DATA 	Keypress: rctrl
833.4088 	EXP 	Sound  started
834.0836 	DATA 	Keypress: rctrl
834.1588 	EXP 	Sound  started
834.7876 	DATA 	Keypress: rctrl
834.9088 	EXP 	Sound  started
835.5557 	DATA 	Keypress: rctrl
835.6588 	EXP 	Sound  started
836.2917 	DATA 	Keypress: lctrl
836.4088 	EXP 	Sound  started
837.0758 	DATA 	Keypress: rctrl
837.1588 	EXP 	Sound  started
837.8115 	DATA 	Keypress: rctrl
837.9088 	EXP 	Sound  started
838.5476 	DATA 	Keypress: lctrl
838.6589 	EXP 	Sound  started
839.2356 	DATA 	Keypress: rctrl
839.4089 	EXP 	Sound  started
839.9877 	DATA 	Keypress: lctrl
840.1589 	EXP 	Sound  started
840.7716 	DATA 	Keypress: lctrl
840.9089 	EXP 	Sound  started
841.4916 	DATA 	Keypress: lctrl
841.6589 	EXP 	Sound  started
842.2436 	DATA 	Keypress: rctrl
842.4089 	EXP 	Sound  started
842.9956 	DATA 	Keypress: rctrl
843.1589 	EXP 	Sound  started
843.7637 	DATA 	Keypress: lctrl
847.4065 	DATA 	Keypress: 3
847.4232 	EXP 	unnamed ShapeStim: vertices = <class 'numpy.ndarray'>
852.8252 	DATA 	Keypress: 4
852.8418 	EXP 	unnamed ShapeStim: vertices = <class 'numpy.ndarray'>
860.1822 	DATA 	Keypress: 3
860.2110 	EXP 	unnamed ShapeStim: vertices = <class 'numpy.ndarray'>
862.4903 	DATA 	Keypress: rctrl
1180.0198 	DATA 	Keypress: escape
1180.1807 	EXP 	window1: mouseVisible = True
