14.9371 	WARNING 	User requested fullscreen with size [1024  768], but screen is actually [1920, 1200]. Using actual size
15.7151 	EXP 	Created window1 = Window(allowGUI=False, allowStencil=False, autoLog=True, backendConf=UNKNOWN, bitsMode=UNKNOWN, blendMode='avg', bpc=(8, 8, 8), color=array([0, 0, 0]), colorSpace='rgb', depthBits=8, fullscr=<method-wrapper '__getattribute__' of attributeSetter object at 0x0000025FCE8967B8>, gamma=None, gammaErrorPolicy='raise', lms=UNKNOWN, monitor=<psychopy.monitors.calibTools.Monitor object at 0x0000025FCFFD40B8>, multiSample=False, name='window1', numSamples=2, pos=[0.0, 0.0], screen=0, size=array([1920, 1200]), stencilBits=0, stereo=False, units='norm', useFBO=True, useRetina=False, viewOri=0.0, viewPos=None, viewScale=None, waitBlanking=True, winType='pyglet')
15.7154 	EXP 	window1: mouseVisible = True
15.7154 	EXP 	window1: mouseVisible = False
15.7154 	EXP 	window1: recordFrameIntervals = False
15.8817 	EXP 	window1: recordFrameIntervals = True
16.0653 	EXP 	window1: recordFrameIntervals = False
16.1197 	EXP 	Created text = TextStim(__class__=<class 'psychopy.visual.text.TextStim'>, alignHoriz=method-wrapper(...), alignText='center', alignVert=method-wrapper(...), anchorHoriz='center', anchorVert='center', antialias=True, autoLog=True, bold=False, color=array([1., 1., 1.]), colorSpace='rgb', contrast=1.0, depth=0.0, flipHoriz=False, flipVert=False, font='Arial', fontFiles=[], height=0.15, italic=False, languageStyle='LTR', name='text', opacity=1, ori=0, pos=array([0., 0.]), rgb=UNKNOWN, text='+', units='norm', win=Window(...), wrapWidth=1)
16.1399 	EXP 	Created text = TextStim(__class__=<class 'psychopy.visual.text.TextStim'>, alignHoriz=method-wrapper(...), alignText='center', alignVert=method-wrapper(...), anchorHoriz='center', anchorVert='center', antialias=True, autoLog=True, bold=False, color=array([1., 1., 1.]), colorSpace='rgb', contrast=1.0, depth=0.0, flipHoriz=False, flipVert=False, font='Arial', fontFiles=[], height=0.07, italic=False, languageStyle='LTR', name='text', opacity=1, ori=0, pos=array([0., 0.]), rgb=UNKNOWN, text=str(...), units='norm', win=Window(...), wrapWidth=1.65)
16.1527 	EXP 	Created text = TextStim(__class__=<class 'psychopy.visual.text.TextStim'>, alignHoriz=method-wrapper(...), alignText='center', alignVert=method-wrapper(...), anchorHoriz='center', anchorVert='center', antialias=True, autoLog=True, bold=False, color=array([1., 1., 1.]), colorSpace='rgb', contrast=1.0, depth=0.0, flipHoriz=False, flipVert=False, font='Arial', fontFiles=[], height=0.07, italic=False, languageStyle='LTR', name='text', opacity=1, ori=0, pos=array([0., 0.]), rgb=UNKNOWN, text=str(...), units='norm', win=Window(...), wrapWidth=1.65)
16.1642 	EXP 	Created text = TextStim(__class__=<class 'psychopy.visual.text.TextStim'>, alignHoriz=method-wrapper(...), alignText='center', alignVert=method-wrapper(...), anchorHoriz='center', anchorVert='center', antialias=True, autoLog=True, bold=False, color=array([1., 1., 1.]), colorSpace='rgb', contrast=1.0, depth=0.0, flipHoriz=False, flipVert=False, font='Arial', fontFiles=[], height=0.07, italic=False, languageStyle='LTR', name='text', opacity=1, ori=0, pos=array([0., 0.]), rgb=UNKNOWN, text=str(...), units='norm', win=Window(...), wrapWidth=1.65)
16.1744 	EXP 	Created text = TextStim(__class__=<class 'psychopy.visual.text.TextStim'>, alignHoriz=method-wrapper(...), alignText='center', alignVert=method-wrapper(...), anchorHoriz='center', anchorVert='center', antialias=True, autoLog=True, bold=False, color=array([1., 1., 1.]), colorSpace='rgb', contrast=1.0, depth=0.0, flipHoriz=False, flipVert=False, font='Arial', fontFiles=[], height=0.07, italic=False, languageStyle='LTR', name='text', opacity=1, ori=0, pos=array([0., 0.]), rgb=UNKNOWN, text=str(...), units='norm', win=Window(...), wrapWidth=1.65)
16.1804 	EXP 	Created text = TextStim(__class__=<class 'psychopy.visual.text.TextStim'>, alignHoriz=method-wrapper(...), alignText='center', alignVert=method-wrapper(...), anchorHoriz='center', anchorVert='center', antialias=True, autoLog=True, bold=False, color=array([1., 1., 1.]), colorSpace='rgb', contrast=1.0, depth=0.0, flipHoriz=False, flipVert=False, font='Arial', fontFiles=[], height=0.07, italic=False, languageStyle='LTR', name='text', opacity=1, ori=0, pos=array([0., 0.]), rgb=UNKNOWN, text=str(...), units='norm', win=Window(...), wrapWidth=1.65)
16.1963 	EXP 	Created text = TextStim(__class__=<class 'psychopy.visual.text.TextStim'>, alignHoriz=method-wrapper(...), alignText='center', alignVert=method-wrapper(...), anchorHoriz='center', anchorVert='center', antialias=True, autoLog=True, bold=False, color=array([1., 1., 1.]), colorSpace='rgb', contrast=1.0, depth=0.0, flipHoriz=False, flipVert=False, font='Arial', fontFiles=[], height=0.15, italic=False, languageStyle='LTR', name='text', opacity=1, ori=0, pos=array([0., 0.]), rgb=UNKNOWN, text=str(...), units='norm', win=Window(...), wrapWidth=1.65)
16.2302 	EXP 	Created text = TextStim(__class__=<class 'psychopy.visual.text.TextStim'>, alignHoriz=method-wrapper(...), alignText='center', alignVert=method-wrapper(...), anchorHoriz='center', anchorVert='center', antialias=True, autoLog=True, bold=False, color=array([1., 1., 1.]), colorSpace='rgb', contrast=1.0, depth=0.0, flipHoriz=False, flipVert=False, font='Arial', fontFiles=[], height=0.07, italic=False, languageStyle='LTR', name='text', opacity=1, ori=0, pos=array([0., 0.]), rgb=UNKNOWN, text=str(...), units='norm', win=Window(...), wrapWidth=1.65)
16.2509 	EXP 	Created text = TextStim(__class__=<class 'psychopy.visual.text.TextStim'>, alignHoriz=method-wrapper(...), alignText='center', alignVert=method-wrapper(...), anchorHoriz='center', anchorVert='center', antialias=True, autoLog=True, bold=False, color=array([1., 1., 1.]), colorSpace='rgb', contrast=1.0, depth=0.0, flipHoriz=False, flipVert=False, font='Arial', fontFiles=[], height=0.07, italic=False, languageStyle='LTR', name='text', opacity=1, ori=0, pos=array([0., 0.]), rgb=UNKNOWN, text=str(...), units='norm', win=Window(...), wrapWidth=1.65)
16.2853 	EXP 	Created text = TextStim(__class__=<class 'psychopy.visual.text.TextStim'>, alignHoriz=method-wrapper(...), alignText='center', alignVert=method-wrapper(...), anchorHoriz='center', anchorVert='center', antialias=True, autoLog=True, bold=False, color=array([1., 1., 1.]), colorSpace='rgb', contrast=1.0, depth=0.0, flipHoriz=False, flipVert=False, font='Arial', fontFiles=[], height=0.07, italic=False, languageStyle='LTR', name='text', opacity=1, ori=0, pos=array([0., 0.]), rgb=UNKNOWN, text=str(...), units='norm', win=Window(...), wrapWidth=1.65)
16.3189 	EXP 	Created text = TextStim(__class__=<class 'psychopy.visual.text.TextStim'>, alignHoriz=method-wrapper(...), alignText='center', alignVert=method-wrapper(...), anchorHoriz='center', anchorVert='center', antialias=True, autoLog=True, bold=False, color=array([1., 1., 1.]), colorSpace='rgb', contrast=1.0, depth=0.0, flipHoriz=False, flipVert=False, font='Arial', fontFiles=[], height=0.07, italic=False, languageStyle='LTR', name='text', opacity=1, ori=0, pos=array([0., 0.]), rgb=UNKNOWN, text=str(...), units='norm', win=Window(...), wrapWidth=1.65)
16.3595 	EXP 	Created text = TextStim(__class__=<class 'psychopy.visual.text.TextStim'>, alignHoriz=method-wrapper(...), alignText='center', alignVert=method-wrapper(...), anchorHoriz='center', anchorVert='center', antialias=True, autoLog=True, bold=False, color=array([1., 1., 1.]), colorSpace='rgb', contrast=1.0, depth=0.0, flipHoriz=False, flipVert=False, font='Arial', fontFiles=[], height=0.07, italic=False, languageStyle='LTR', name='text', opacity=1, ori=0, pos=array([0., 0.]), rgb=UNKNOWN, text=str(...), units='norm', win=Window(...), wrapWidth=1.65)
16.3703 	EXP 	Created text = TextStim(__class__=<class 'psychopy.visual.text.TextStim'>, alignHoriz=method-wrapper(...), alignText='center', alignVert=method-wrapper(...), anchorHoriz='center', anchorVert='center', antialias=True, autoLog=True, bold=False, color=array([1., 1., 1.]), colorSpace='rgb', contrast=1.0, depth=0.0, flipHoriz=False, flipVert=False, font='Arial', fontFiles=[], height=0.07, italic=False, languageStyle='LTR', name='text', opacity=1, ori=0, pos=array([0., 0.]), rgb=UNKNOWN, text=str(...), units='norm', win=Window(...), wrapWidth=1.65)
16.3848 	EXP 	Created text = TextStim(__class__=<class 'psychopy.visual.text.TextStim'>, alignHoriz=method-wrapper(...), alignText='center', alignVert=method-wrapper(...), anchorHoriz='center', anchorVert='center', antialias=True, autoLog=True, bold=False, color=array([1., 1., 1.]), colorSpace='rgb', contrast=1.0, depth=0.0, flipHoriz=False, flipVert=False, font='Arial', fontFiles=[], height=0.07, italic=False, languageStyle='LTR', name='text', opacity=1, ori=0, pos=array([0., 0.]), rgb=UNKNOWN, text=str(...), units='norm', win=Window(...), wrapWidth=1.65)
16.3902 	EXP 	Created instru = TextStim(__class__=<class 'psychopy.visual.text.TextStim'>, alignHoriz=method-wrapper(...), alignText='center', alignVert=method-wrapper(...), anchorHoriz='center', anchorVert='center', antialias=True, autoLog=True, bold=False, color=array([1., 1., 1.]), colorSpace='rgb', contrast=1.0, depth=0.0, flipHoriz=False, flipVert=False, font='Arial', fontFiles=[], height=0.07, italic=False, languageStyle='LTR', name='instru', opacity=1, ori=0, pos=array([0. , 0.5]), rgb=UNKNOWN, text=str(...), units='norm', win=Window(...), wrapWidth=1)
16.3928 	EXP 	Created unnamed Line = Line(__class__=<class 'psychopy.visual.line.Line'>, autoDraw=False, autoLog=True, closeShape=False, color=array([1., 1., 1.]), colorSpace='rgb', contrast=None, depth=0, fillColor=array([0, 0, 0]), fillColorSpace='rgb', fillRGB=array([0, 0, 0]), interpolate=True, lineColor=array([1., 1., 1.]), lineColorSpace='rgb', lineRGB=array([1, 1, 1]), lineWidth=5, name='unnamed Line', opacity=0.5, ori=0.0, pos=array([0., 0.]), size=array([1., 1.]), units='norm', vertices=array([[-0.5,  0. ],
       [ 0.5,  0. ]]), win=Window(...), windingRule=None)
16.3949 	EXP 	Created unnamed Line = Line(__class__=<class 'psychopy.visual.line.Line'>, autoDraw=False, autoLog=True, closeShape=False, color=array([1., 1., 1.]), colorSpace='rgb', contrast=None, depth=0, fillColor=array([0, 0, 0]), fillColorSpace='rgb', fillRGB=array([0, 0, 0]), interpolate=True, lineColor=array([1., 1., 1.]), lineColorSpace='rgb', lineRGB=array([1, 1, 1]), lineWidth=3, name='unnamed Line', opacity=0.5, ori=0.0, pos=array([0., 0.]), size=array([1., 1.]), units='norm', vertices=array([[-0.5 , -0.05],
       [-0.5 ,  0.05]]), win=Window(...), windingRule=None)
16.3971 	EXP 	Created unnamed Line = Line(__class__=<class 'psychopy.visual.line.Line'>, autoDraw=False, autoLog=True, closeShape=False, color=array([1., 1., 1.]), colorSpace='rgb', contrast=None, depth=0, fillColor=array([0, 0, 0]), fillColorSpace='rgb', fillRGB=array([0, 0, 0]), interpolate=True, lineColor=array([1., 1., 1.]), lineColorSpace='rgb', lineRGB=array([1, 1, 1]), lineWidth=3, name='unnamed Line', opacity=0.5, ori=0.0, pos=array([0., 0.]), size=array([1., 1.]), units='norm', vertices=ndarray(...), win=Window(...), windingRule=None)
16.3992 	EXP 	Created unnamed Line = Line(__class__=<class 'psychopy.visual.line.Line'>, autoDraw=False, autoLog=True, closeShape=False, color=array([1., 1., 1.]), colorSpace='rgb', contrast=None, depth=0, fillColor=array([0, 0, 0]), fillColorSpace='rgb', fillRGB=array([0, 0, 0]), interpolate=True, lineColor=array([1., 1., 1.]), lineColorSpace='rgb', lineRGB=array([1, 1, 1]), lineWidth=3, name='unnamed Line', opacity=0.5, ori=0.0, pos=array([0., 0.]), size=array([1., 1.]), units='norm', vertices=ndarray(...), win=Window(...), windingRule=None)
16.4014 	EXP 	Created unnamed Line = Line(__class__=<class 'psychopy.visual.line.Line'>, autoDraw=False, autoLog=True, closeShape=False, color=array([1., 1., 1.]), colorSpace='rgb', contrast=None, depth=0, fillColor=array([0, 0, 0]), fillColorSpace='rgb', fillRGB=array([0, 0, 0]), interpolate=True, lineColor=array([1., 1., 1.]), lineColorSpace='rgb', lineRGB=array([1, 1, 1]), lineWidth=3, name='unnamed Line', opacity=0.5, ori=0.0, pos=array([0., 0.]), size=array([1., 1.]), units='norm', vertices=array([[ 0.5 , -0.05],
       [ 0.5 ,  0.05]]), win=Window(...), windingRule=None)
16.4126 	EXP 	Created unnamed TextStim = TextStim(__class__=<class 'psychopy.visual.text.TextStim'>, alignHoriz=method-wrapper(...), alignText='center', alignVert=method-wrapper(...), anchorHoriz='center', anchorVert='center', antialias=True, autoLog=True, bold=False, color=array([1., 1., 1.]), colorSpace='rgb', contrast=1.0, depth=0, flipHoriz=False, flipVert=False, font='', fontFiles=[], height=0.05, italic=False, languageStyle='LTR', name='unnamed TextStim', opacity=1.0, ori=0.0, pos=array([-0.5, -0.1]), rgb=UNKNOWN, text='Clearly \n NOT FOCUSED', units='norm', win=Window(...), wrapWidth=1)
16.4138 	EXP 	Created unnamed TextStim = TextStim(__class__=<class 'psychopy.visual.text.TextStim'>, alignHoriz=method-wrapper(...), alignText='center', alignVert=method-wrapper(...), anchorHoriz='center', anchorVert='center', antialias=True, autoLog=True, bold=False, color=array([1., 1., 1.]), colorSpace='rgb', contrast=1.0, depth=0, flipHoriz=False, flipVert=False, font='', fontFiles=[], height=0.05, italic=False, languageStyle='LTR', name='unnamed TextStim', opacity=1.0, ori=0.0, pos=array([-0.16666667, -0.1       ]), rgb=UNKNOWN, text='', units='norm', win=Window(...), wrapWidth=1)
16.4149 	EXP 	Created unnamed TextStim = TextStim(__class__=<class 'psychopy.visual.text.TextStim'>, alignHoriz=method-wrapper(...), alignText='center', alignVert=method-wrapper(...), anchorHoriz='center', anchorVert='center', antialias=True, autoLog=True, bold=False, color=array([1., 1., 1.]), colorSpace='rgb', contrast=1.0, depth=0, flipHoriz=False, flipVert=False, font='', fontFiles=[], height=0.05, italic=False, languageStyle='LTR', name='unnamed TextStim', opacity=1.0, ori=0.0, pos=array([ 0.16666667, -0.1       ]), rgb=UNKNOWN, text='', units='norm', win=Window(...), wrapWidth=1)
16.4182 	EXP 	Created unnamed TextStim = TextStim(__class__=<class 'psychopy.visual.text.TextStim'>, alignHoriz=method-wrapper(...), alignText='center', alignVert=method-wrapper(...), anchorHoriz='center', anchorVert='center', antialias=True, autoLog=True, bold=False, color=array([1., 1., 1.]), colorSpace='rgb', contrast=1.0, depth=0, flipHoriz=False, flipVert=False, font='', fontFiles=[], height=0.05, italic=False, languageStyle='LTR', name='unnamed TextStim', opacity=1.0, ori=0.0, pos=array([ 0.5, -0.1]), rgb=UNKNOWN, text='Clearly \n FOCUSED', units='norm', win=Window(...), wrapWidth=1)
16.4202 	EXP 	Created unnamed ShapeStim = ShapeStim(__class__=<class 'psychopy.visual.shape.ShapeStim'>, autoDraw=False, autoLog=True, closeShape=True, color=method-wrapper(...), colorSpace='rgb', contrast=None, depth=0, fillColor=array([1, 1, 1]), fillColorSpace='rgb', fillRGB=array([1, 1, 1]), interpolate=True, lineColor=array([-1., -1., -1.]), lineColorSpace='rgb', lineRGB=array([-1, -1, -1]), lineWidth=1.5, name='unnamed ShapeStim', opacity=1.0, ori=0.0, pos=array([0., 0.]), size=array([1., 1.]), units='norm', vertices=ndarray(...), win=Window(...), windingRule=None)
16.4300 	EXP 	Created instru = TextStim(__class__=<class 'psychopy.visual.text.TextStim'>, alignHoriz=method-wrapper(...), alignText='center', alignVert=method-wrapper(...), anchorHoriz='center', anchorVert='center', antialias=True, autoLog=True, bold=False, color=array([1., 1., 1.]), colorSpace='rgb', contrast=1.0, depth=0.0, flipHoriz=False, flipVert=False, font='Arial', fontFiles=[], height=0.07, italic=False, languageStyle='LTR', name='instru', opacity=1, ori=0, pos=array([0. , 0.5]), rgb=UNKNOWN, text=str(...), units='norm', win=Window(...), wrapWidth=1)
16.4322 	EXP 	Created unnamed Line = Line(__class__=<class 'psychopy.visual.line.Line'>, autoDraw=False, autoLog=True, closeShape=False, color=array([1., 1., 1.]), colorSpace='rgb', contrast=None, depth=0, fillColor=array([0, 0, 0]), fillColorSpace='rgb', fillRGB=array([0, 0, 0]), interpolate=True, lineColor=array([1., 1., 1.]), lineColorSpace='rgb', lineRGB=array([1, 1, 1]), lineWidth=5, name='unnamed Line', opacity=0.5, ori=0.0, pos=array([0., 0.]), size=array([1., 1.]), units='norm', vertices=array([[-0.5,  0. ],
       [ 0.5,  0. ]]), win=Window(...), windingRule=None)
16.4345 	EXP 	Created unnamed Line = Line(__class__=<class 'psychopy.visual.line.Line'>, autoDraw=False, autoLog=True, closeShape=False, color=array([1., 1., 1.]), colorSpace='rgb', contrast=None, depth=0, fillColor=array([0, 0, 0]), fillColorSpace='rgb', fillRGB=array([0, 0, 0]), interpolate=True, lineColor=array([1., 1., 1.]), lineColorSpace='rgb', lineRGB=array([1, 1, 1]), lineWidth=3, name='unnamed Line', opacity=0.5, ori=0.0, pos=array([0., 0.]), size=array([1., 1.]), units='norm', vertices=array([[-0.5 , -0.05],
       [-0.5 ,  0.05]]), win=Window(...), windingRule=None)
16.4367 	EXP 	Created unnamed Line = Line(__class__=<class 'psychopy.visual.line.Line'>, autoDraw=False, autoLog=True, closeShape=False, color=array([1., 1., 1.]), colorSpace='rgb', contrast=None, depth=0, fillColor=array([0, 0, 0]), fillColorSpace='rgb', fillRGB=array([0, 0, 0]), interpolate=True, lineColor=array([1., 1., 1.]), lineColorSpace='rgb', lineRGB=array([1, 1, 1]), lineWidth=3, name='unnamed Line', opacity=0.5, ori=0.0, pos=array([0., 0.]), size=array([1., 1.]), units='norm', vertices=ndarray(...), win=Window(...), windingRule=None)
16.4390 	EXP 	Created unnamed Line = Line(__class__=<class 'psychopy.visual.line.Line'>, autoDraw=False, autoLog=True, closeShape=False, color=array([1., 1., 1.]), colorSpace='rgb', contrast=None, depth=0, fillColor=array([0, 0, 0]), fillColorSpace='rgb', fillRGB=array([0, 0, 0]), interpolate=True, lineColor=array([1., 1., 1.]), lineColorSpace='rgb', lineRGB=array([1, 1, 1]), lineWidth=3, name='unnamed Line', opacity=0.5, ori=0.0, pos=array([0., 0.]), size=array([1., 1.]), units='norm', vertices=ndarray(...), win=Window(...), windingRule=None)
16.4412 	EXP 	Created unnamed Line = Line(__class__=<class 'psychopy.visual.line.Line'>, autoDraw=False, autoLog=True, closeShape=False, color=array([1., 1., 1.]), colorSpace='rgb', contrast=None, depth=0, fillColor=array([0, 0, 0]), fillColorSpace='rgb', fillRGB=array([0, 0, 0]), interpolate=True, lineColor=array([1., 1., 1.]), lineColorSpace='rgb', lineRGB=array([1, 1, 1]), lineWidth=3, name='unnamed Line', opacity=0.5, ori=0.0, pos=array([0., 0.]), size=array([1., 1.]), units='norm', vertices=array([[ 0.5 , -0.05],
       [ 0.5 ,  0.05]]), win=Window(...), windingRule=None)
16.4465 	EXP 	Created unnamed TextStim = TextStim(__class__=<class 'psychopy.visual.text.TextStim'>, alignHoriz=method-wrapper(...), alignText='center', alignVert=method-wrapper(...), anchorHoriz='center', anchorVert='center', antialias=True, autoLog=True, bold=False, color=array([1., 1., 1.]), colorSpace='rgb', contrast=1.0, depth=0, flipHoriz=False, flipVert=False, font='', fontFiles=[], height=0.05, italic=False, languageStyle='LTR', name='unnamed TextStim', opacity=1.0, ori=0.0, pos=array([-0.5, -0.1]), rgb=UNKNOWN, text='Clearly \n NOTHING', units='norm', win=Window(...), wrapWidth=1)
16.4476 	EXP 	Created unnamed TextStim = TextStim(__class__=<class 'psychopy.visual.text.TextStim'>, alignHoriz=method-wrapper(...), alignText='center', alignVert=method-wrapper(...), anchorHoriz='center', anchorVert='center', antialias=True, autoLog=True, bold=False, color=array([1., 1., 1.]), colorSpace='rgb', contrast=1.0, depth=0, flipHoriz=False, flipVert=False, font='', fontFiles=[], height=0.05, italic=False, languageStyle='LTR', name='unnamed TextStim', opacity=1.0, ori=0.0, pos=array([-0.16666667, -0.1       ]), rgb=UNKNOWN, text='', units='norm', win=Window(...), wrapWidth=1)
16.4487 	EXP 	Created unnamed TextStim = TextStim(__class__=<class 'psychopy.visual.text.TextStim'>, alignHoriz=method-wrapper(...), alignText='center', alignVert=method-wrapper(...), anchorHoriz='center', anchorVert='center', antialias=True, autoLog=True, bold=False, color=array([1., 1., 1.]), colorSpace='rgb', contrast=1.0, depth=0, flipHoriz=False, flipVert=False, font='', fontFiles=[], height=0.05, italic=False, languageStyle='LTR', name='unnamed TextStim', opacity=1.0, ori=0.0, pos=array([ 0.16666667, -0.1       ]), rgb=UNKNOWN, text='', units='norm', win=Window(...), wrapWidth=1)
16.4534 	EXP 	Created unnamed TextStim = TextStim(__class__=<class 'psychopy.visual.text.TextStim'>, alignHoriz=method-wrapper(...), alignText='center', alignVert=method-wrapper(...), anchorHoriz='center', anchorVert='center', antialias=True, autoLog=True, bold=False, color=array([1., 1., 1.]), colorSpace='rgb', contrast=1.0, depth=0, flipHoriz=False, flipVert=False, font='', fontFiles=[], height=0.05, italic=False, languageStyle='LTR', name='unnamed TextStim', opacity=1.0, ori=0.0, pos=array([ 0.5, -0.1]), rgb=UNKNOWN, text='Clearly \n SOMETHING', units='norm', win=Window(...), wrapWidth=1)
16.4555 	EXP 	Created unnamed ShapeStim = ShapeStim(__class__=<class 'psychopy.visual.shape.ShapeStim'>, autoDraw=False, autoLog=True, closeShape=True, color=method-wrapper(...), colorSpace='rgb', contrast=None, depth=0, fillColor=array([1, 1, 1]), fillColorSpace='rgb', fillRGB=array([1, 1, 1]), interpolate=True, lineColor=array([-1., -1., -1.]), lineColorSpace='rgb', lineRGB=array([-1, -1, -1]), lineWidth=1.5, name='unnamed ShapeStim', opacity=1.0, ori=0.0, pos=array([0., 0.]), size=array([1., 1.]), units='norm', vertices=ndarray(...), win=Window(...), windingRule=None)
16.4650 	EXP 	Created instru = TextStim(__class__=<class 'psychopy.visual.text.TextStim'>, alignHoriz=method-wrapper(...), alignText='center', alignVert=method-wrapper(...), anchorHoriz='center', anchorVert='center', antialias=True, autoLog=True, bold=False, color=array([1., 1., 1.]), colorSpace='rgb', contrast=1.0, depth=0.0, flipHoriz=False, flipVert=False, font='Arial', fontFiles=[], height=0.07, italic=False, languageStyle='LTR', name='instru', opacity=1, ori=0, pos=array([0. , 0.5]), rgb=UNKNOWN, text=str(...), units='norm', win=Window(...), wrapWidth=1)
16.4680 	EXP 	Created unnamed Line = Line(__class__=<class 'psychopy.visual.line.Line'>, autoDraw=False, autoLog=True, closeShape=False, color=array([1., 1., 1.]), colorSpace='rgb', contrast=None, depth=0, fillColor=array([0, 0, 0]), fillColorSpace='rgb', fillRGB=array([0, 0, 0]), interpolate=True, lineColor=array([1., 1., 1.]), lineColorSpace='rgb', lineRGB=array([1, 1, 1]), lineWidth=5, name='unnamed Line', opacity=0.5, ori=0.0, pos=array([0., 0.]), size=array([1., 1.]), units='norm', vertices=array([[-0.5,  0. ],
       [ 0.5,  0. ]]), win=Window(...), windingRule=None)
16.4701 	EXP 	Created unnamed Line = Line(__class__=<class 'psychopy.visual.line.Line'>, autoDraw=False, autoLog=True, closeShape=False, color=array([1., 1., 1.]), colorSpace='rgb', contrast=None, depth=0, fillColor=array([0, 0, 0]), fillColorSpace='rgb', fillRGB=array([0, 0, 0]), interpolate=True, lineColor=array([1., 1., 1.]), lineColorSpace='rgb', lineRGB=array([1, 1, 1]), lineWidth=3, name='unnamed Line', opacity=0.5, ori=0.0, pos=array([0., 0.]), size=array([1., 1.]), units='norm', vertices=array([[-0.5 , -0.05],
       [-0.5 ,  0.05]]), win=Window(...), windingRule=None)
16.4723 	EXP 	Created unnamed Line = Line(__class__=<class 'psychopy.visual.line.Line'>, autoDraw=False, autoLog=True, closeShape=False, color=array([1., 1., 1.]), colorSpace='rgb', contrast=None, depth=0, fillColor=array([0, 0, 0]), fillColorSpace='rgb', fillRGB=array([0, 0, 0]), interpolate=True, lineColor=array([1., 1., 1.]), lineColorSpace='rgb', lineRGB=array([1, 1, 1]), lineWidth=3, name='unnamed Line', opacity=0.5, ori=0.0, pos=array([0., 0.]), size=array([1., 1.]), units='norm', vertices=ndarray(...), win=Window(...), windingRule=None)
16.4745 	EXP 	Created unnamed Line = Line(__class__=<class 'psychopy.visual.line.Line'>, autoDraw=False, autoLog=True, closeShape=False, color=array([1., 1., 1.]), colorSpace='rgb', contrast=None, depth=0, fillColor=array([0, 0, 0]), fillColorSpace='rgb', fillRGB=array([0, 0, 0]), interpolate=True, lineColor=array([1., 1., 1.]), lineColorSpace='rgb', lineRGB=array([1, 1, 1]), lineWidth=3, name='unnamed Line', opacity=0.5, ori=0.0, pos=array([0., 0.]), size=array([1., 1.]), units='norm', vertices=ndarray(...), win=Window(...), windingRule=None)
16.4767 	EXP 	Created unnamed Line = Line(__class__=<class 'psychopy.visual.line.Line'>, autoDraw=False, autoLog=True, closeShape=False, color=array([1., 1., 1.]), colorSpace='rgb', contrast=None, depth=0, fillColor=array([0, 0, 0]), fillColorSpace='rgb', fillRGB=array([0, 0, 0]), interpolate=True, lineColor=array([1., 1., 1.]), lineColorSpace='rgb', lineRGB=array([1, 1, 1]), lineWidth=3, name='unnamed Line', opacity=0.5, ori=0.0, pos=array([0., 0.]), size=array([1., 1.]), units='norm', vertices=array([[ 0.5 , -0.05],
       [ 0.5 ,  0.05]]), win=Window(...), windingRule=None)
16.4823 	EXP 	Created unnamed TextStim = TextStim(__class__=<class 'psychopy.visual.text.TextStim'>, alignHoriz=method-wrapper(...), alignText='center', alignVert=method-wrapper(...), anchorHoriz='center', anchorVert='center', antialias=True, autoLog=True, bold=False, color=array([1., 1., 1.]), colorSpace='rgb', contrast=1.0, depth=0, flipHoriz=False, flipVert=False, font='', fontFiles=[], height=0.05, italic=False, languageStyle='LTR', name='unnamed TextStim', opacity=1.0, ori=0.0, pos=array([-0.5, -0.1]), rgb=UNKNOWN, text='Clearly \n SPONTANEOUS', units='norm', win=Window(...), wrapWidth=1)
16.4835 	EXP 	Created unnamed TextStim = TextStim(__class__=<class 'psychopy.visual.text.TextStim'>, alignHoriz=method-wrapper(...), alignText='center', alignVert=method-wrapper(...), anchorHoriz='center', anchorVert='center', antialias=True, autoLog=True, bold=False, color=array([1., 1., 1.]), colorSpace='rgb', contrast=1.0, depth=0, flipHoriz=False, flipVert=False, font='', fontFiles=[], height=0.05, italic=False, languageStyle='LTR', name='unnamed TextStim', opacity=1.0, ori=0.0, pos=array([-0.16666667, -0.1       ]), rgb=UNKNOWN, text='', units='norm', win=Window(...), wrapWidth=1)
16.4847 	EXP 	Created unnamed TextStim = TextStim(__class__=<class 'psychopy.visual.text.TextStim'>, alignHoriz=method-wrapper(...), alignText='center', alignVert=method-wrapper(...), anchorHoriz='center', anchorVert='center', antialias=True, autoLog=True, bold=False, color=array([1., 1., 1.]), colorSpace='rgb', contrast=1.0, depth=0, flipHoriz=False, flipVert=False, font='', fontFiles=[], height=0.05, italic=False, languageStyle='LTR', name='unnamed TextStim', opacity=1.0, ori=0.0, pos=array([ 0.16666667, -0.1       ]), rgb=UNKNOWN, text='', units='norm', win=Window(...), wrapWidth=1)
16.4905 	EXP 	Created unnamed TextStim = TextStim(__class__=<class 'psychopy.visual.text.TextStim'>, alignHoriz=method-wrapper(...), alignText='center', alignVert=method-wrapper(...), anchorHoriz='center', anchorVert='center', antialias=True, autoLog=True, bold=False, color=array([1., 1., 1.]), colorSpace='rgb', contrast=1.0, depth=0, flipHoriz=False, flipVert=False, font='', fontFiles=[], height=0.05, italic=False, languageStyle='LTR', name='unnamed TextStim', opacity=1.0, ori=0.0, pos=array([ 0.5, -0.1]), rgb=UNKNOWN, text='Clearly \n DELIBERATE', units='norm', win=Window(...), wrapWidth=1)
16.4925 	EXP 	Created unnamed ShapeStim = ShapeStim(__class__=<class 'psychopy.visual.shape.ShapeStim'>, autoDraw=False, autoLog=True, closeShape=True, color=method-wrapper(...), colorSpace='rgb', contrast=None, depth=0, fillColor=array([1, 1, 1]), fillColorSpace='rgb', fillRGB=array([1, 1, 1]), interpolate=True, lineColor=array([-1., -1., -1.]), lineColorSpace='rgb', lineRGB=array([-1, -1, -1]), lineWidth=1.5, name='unnamed ShapeStim', opacity=1.0, ori=0.0, pos=array([0., 0.]), size=array([1., 1.]), units='norm', vertices=ndarray(...), win=Window(...), windingRule=None)
16.5426 	EXP 	Sound  set volume 1.000
16.5843 	EXP 	unnamed ShapeStim: vertices = <class 'numpy.ndarray'>
16.5843 	EXP 	unnamed ShapeStim: vertices = <class 'numpy.ndarray'>
16.5843 	EXP 	unnamed ShapeStim: vertices = <class 'numpy.ndarray'>
173.9183 	DATA 	Keypress: rctrl
174.4294 	EXP 	Sound  started
174.6381 	DATA 	Keypress: rctrl
175.1341 	DATA 	Keypress: rctrl
175.1794 	EXP 	Sound  started
175.8541 	DATA 	Keypress: rctrl
175.9294 	EXP 	Sound  started
176.5261 	DATA 	Keypress: rctrl
176.6794 	EXP 	Sound  started
177.3101 	DATA 	Keypress: rctrl
177.4294 	EXP 	Sound  started
178.0780 	DATA 	Keypress: rctrl
178.1794 	EXP 	Sound  started
178.8301 	DATA 	Keypress: lctrl
178.9295 	EXP 	Sound  started
179.5661 	DATA 	Keypress: rctrl
179.6795 	EXP 	Sound  started
180.2541 	DATA 	Keypress: lctrl
180.4295 	EXP 	Sound  started
180.9901 	DATA 	Keypress: lctrl
181.1795 	EXP 	Sound  started
181.7741 	DATA 	Keypress: rctrl
181.9295 	EXP 	Sound  started
182.5420 	DATA 	Keypress: lctrl
182.6795 	EXP 	Sound  started
183.2942 	DATA 	Keypress: rctrl
183.4295 	EXP 	Sound  started
184.0621 	DATA 	Keypress: rctrl
184.1796 	EXP 	Sound  started
184.8142 	DATA 	Keypress: rctrl
184.9296 	EXP 	Sound  started
185.5661 	DATA 	Keypress: rctrl
185.6796 	EXP 	Sound  started
186.3181 	DATA 	Keypress: lctrl
186.4296 	EXP 	Sound  started
187.0381 	DATA 	Keypress: rctrl
187.1796 	EXP 	Sound  started
187.8540 	DATA 	Keypress: lctrl
187.9296 	EXP 	Sound  started
188.5901 	DATA 	Keypress: lctrl
188.6796 	EXP 	Sound  started
189.2621 	DATA 	Keypress: rctrl
189.4297 	EXP 	Sound  started
190.0301 	DATA 	Keypress: rctrl
190.1797 	EXP 	Sound  started
190.7981 	DATA 	Keypress: lctrl
190.9297 	EXP 	Sound  started
191.4861 	DATA 	Keypress: rctrl
191.6797 	EXP 	Sound  started
192.3182 	DATA 	Keypress: lctrl
192.4297 	EXP 	Sound  started
192.9741 	DATA 	Keypress: rctrl
193.1798 	EXP 	Sound  started
193.8062 	DATA 	Keypress: rctrl
193.9298 	EXP 	Sound  started
194.5741 	DATA 	Keypress: rctrl
194.6798 	EXP 	Sound  started
195.3421 	DATA 	Keypress: lctrl
195.4298 	EXP 	Sound  started
196.0621 	DATA 	Keypress: rctrl
196.1798 	EXP 	Sound  started
196.8141 	DATA 	Keypress: lctrl
196.9298 	EXP 	Sound  started
197.4861 	DATA 	Keypress: rctrl
197.6798 	EXP 	Sound  started
198.3982 	DATA 	Keypress: lctrl
198.4298 	EXP 	Sound  started
199.0540 	DATA 	Keypress: rctrl
199.1799 	EXP 	Sound  started
199.8220 	DATA 	Keypress: lctrl
199.9299 	EXP 	Sound  started
200.5582 	DATA 	Keypress: lctrl
200.6799 	EXP 	Sound  started
201.3581 	DATA 	Keypress: rctrl
201.4299 	EXP 	Sound  started
202.1261 	DATA 	Keypress: lctrl
202.1799 	EXP 	Sound  started
202.8301 	DATA 	Keypress: rctrl
202.9299 	EXP 	Sound  started
203.5981 	DATA 	Keypress: lctrl
203.6799 	EXP 	Sound  started
204.3501 	DATA 	Keypress: rctrl
204.4299 	EXP 	Sound  started
205.1181 	DATA 	Keypress: rctrl
205.1800 	EXP 	Sound  started
205.8702 	DATA 	Keypress: rctrl
205.9300 	EXP 	Sound  started
206.5581 	DATA 	Keypress: rctrl
206.6800 	EXP 	Sound  started
207.2782 	DATA 	Keypress: lctrl
207.4300 	EXP 	Sound  started
208.0141 	DATA 	Keypress: rctrl
208.1800 	EXP 	Sound  started
208.7821 	DATA 	Keypress: lctrl
208.9300 	EXP 	Sound  started
209.5501 	DATA 	Keypress: rctrl
209.6801 	EXP 	Sound  started
210.2861 	DATA 	Keypress: lctrl
210.4301 	EXP 	Sound  started
211.0541 	DATA 	Keypress: lctrl
211.1801 	EXP 	Sound  started
211.8541 	DATA 	Keypress: rctrl
211.9301 	EXP 	Sound  started
212.5421 	DATA 	Keypress: lctrl
212.6801 	EXP 	Sound  started
213.3101 	DATA 	Keypress: rctrl
213.4301 	EXP 	Sound  started
214.0141 	DATA 	Keypress: lctrl
214.1801 	EXP 	Sound  started
214.8781 	DATA 	Keypress: rctrl
214.9301 	EXP 	Sound  started
215.5821 	DATA 	Keypress: lctrl
215.6802 	EXP 	Sound  started
216.3341 	DATA 	Keypress: rctrl
216.4302 	EXP 	Sound  started
217.0701 	DATA 	Keypress: lctrl
217.1802 	EXP 	Sound  started
217.7902 	DATA 	Keypress: rctrl
217.9302 	EXP 	Sound  started
218.5901 	DATA 	Keypress: lctrl
218.6802 	EXP 	Sound  started
219.3421 	DATA 	Keypress: rctrl
219.4302 	EXP 	Sound  started
220.0461 	DATA 	Keypress: lctrl
220.1802 	EXP 	Sound  started
220.8461 	DATA 	Keypress: rctrl
220.9303 	EXP 	Sound  started
221.5341 	DATA 	Keypress: lctrl
221.6803 	EXP 	Sound  started
222.2861 	DATA 	Keypress: rctrl
222.4303 	EXP 	Sound  started
223.0381 	DATA 	Keypress: rctrl
223.1803 	EXP 	Sound  started
223.8061 	DATA 	Keypress: rctrl
223.9303 	EXP 	Sound  started
224.5901 	DATA 	Keypress: rctrl
224.6803 	EXP 	Sound  started
225.3261 	DATA 	Keypress: lctrl
225.4303 	EXP 	Sound  started
226.0462 	DATA 	Keypress: rctrl
226.1804 	EXP 	Sound  started
226.7661 	DATA 	Keypress: lctrl
226.9304 	EXP 	Sound  started
227.5341 	DATA 	Keypress: rctrl
227.6804 	EXP 	Sound  started
228.3501 	DATA 	Keypress: lctrl
228.4304 	EXP 	Sound  started
229.0860 	DATA 	Keypress: rctrl
229.1804 	EXP 	Sound  started
229.8060 	DATA 	Keypress: lctrl
229.9304 	EXP 	Sound  started
230.5261 	DATA 	Keypress: rctrl
230.6804 	EXP 	Sound  started
231.3581 	DATA 	Keypress: lctrl
231.4305 	EXP 	Sound  started
232.0622 	DATA 	Keypress: rctrl
232.1805 	EXP 	Sound  started
232.8302 	DATA 	Keypress: rctrl
232.9305 	EXP 	Sound  started
233.5821 	DATA 	Keypress: lctrl
233.6805 	EXP 	Sound  started
234.3661 	DATA 	Keypress: rctrl
234.4305 	EXP 	Sound  started
235.0702 	DATA 	Keypress: lctrl
235.1805 	EXP 	Sound  started
235.8862 	DATA 	Keypress: rctrl
235.9305 	EXP 	Sound  started
236.5741 	DATA 	Keypress: lctrl
236.6806 	EXP 	Sound  started
237.3261 	DATA 	Keypress: rctrl
237.4306 	EXP 	Sound  started
238.0781 	DATA 	Keypress: lctrl
238.1806 	EXP 	Sound  started
238.8301 	DATA 	Keypress: rctrl
238.9306 	EXP 	Sound  started
239.5341 	DATA 	Keypress: lctrl
239.6806 	EXP 	Sound  started
240.3181 	DATA 	Keypress: lctrl
240.4497 	EXP 	unnamed TextStim: text = ''
240.4497 	EXP 	unnamed TextStim: text = ''
242.9514 	DATA 	Keypress: 2
242.9680 	EXP 	unnamed ShapeStim: vertices = <class 'numpy.ndarray'>
244.5025 	EXP 	unnamed TextStim: text = ''
244.5025 	EXP 	unnamed TextStim: text = ''
246.1208 	DATA 	Keypress: 2
246.1372 	EXP 	unnamed ShapeStim: vertices = <class 'numpy.ndarray'>
247.6718 	EXP 	unnamed TextStim: text = ''
247.6718 	EXP 	unnamed TextStim: text = ''
250.1780 	DATA 	Keypress: 2
250.2072 	EXP 	unnamed ShapeStim: vertices = <class 'numpy.ndarray'>
252.4911 	EXP 	Sound  started
252.5421 	DATA 	Keypress: rctrl
253.1502 	DATA 	Keypress: rctrl
253.2411 	EXP 	Sound  started
253.8860 	DATA 	Keypress: rctrl
253.9911 	EXP 	Sound  started
254.5581 	DATA 	Keypress: rctrl
254.7411 	EXP 	Sound  started
255.4222 	DATA 	Keypress: rctrl
255.4911 	EXP 	Sound  started
256.1581 	DATA 	Keypress: lctrl
256.2411 	EXP 	Sound  started
256.9420 	DATA 	Keypress: lctrl
256.9911 	EXP 	Sound  started
257.6780 	DATA 	Keypress: lctrl
257.7411 	EXP 	Sound  started
258.4141 	DATA 	Keypress: lctrl
258.4912 	EXP 	Sound  started
259.1661 	DATA 	Keypress: lctrl
259.2412 	EXP 	Sound  started
259.9181 	DATA 	Keypress: lctrl
259.9912 	EXP 	Sound  started
260.6860 	DATA 	Keypress: rctrl
260.7412 	EXP 	Sound  started
261.4700 	DATA 	Keypress: rctrl
261.4912 	EXP 	Sound  started
262.1740 	DATA 	Keypress: lctrl
262.2412 	EXP 	Sound  started
262.8941 	DATA 	Keypress: lctrl
262.9912 	EXP 	Sound  started
263.6302 	DATA 	Keypress: lctrl
263.7413 	EXP 	Sound  started
264.4141 	DATA 	Keypress: lctrl
264.4913 	EXP 	Sound  started
265.2142 	DATA 	Keypress: rctrl
265.2413 	EXP 	Sound  started
265.9340 	DATA 	Keypress: lctrl
265.9913 	EXP 	Sound  started
266.7021 	DATA 	Keypress: rctrl
266.7413 	EXP 	Sound  started
267.4913 	EXP 	Sound  started
267.5501 	DATA 	Keypress: rctrl
268.2221 	DATA 	Keypress: lctrl
268.2414 	EXP 	Sound  started
268.9101 	DATA 	Keypress: rctrl
268.9914 	EXP 	Sound  started
269.6460 	DATA 	Keypress: lctrl
269.7414 	EXP 	Sound  started
270.4301 	DATA 	Keypress: rctrl
270.4914 	EXP 	Sound  started
271.1500 	DATA 	Keypress: rctrl
271.2414 	EXP 	Sound  started
271.8540 	DATA 	Keypress: rctrl
271.9914 	EXP 	Sound  started
272.7022 	DATA 	Keypress: rctrl
272.7414 	EXP 	Sound  started
273.3742 	DATA 	Keypress: lctrl
273.4915 	EXP 	Sound  started
274.1261 	DATA 	Keypress: rctrl
274.2415 	EXP 	Sound  started
274.9260 	DATA 	Keypress: lctrl
274.9915 	EXP 	Sound  started
275.6620 	DATA 	Keypress: rctrl
275.7415 	EXP 	Sound  started
276.3500 	DATA 	Keypress: rctrl
276.4915 	EXP 	Sound  started
277.1501 	DATA 	Keypress: rctrl
277.2415 	EXP 	Sound  started
277.8221 	DATA 	Keypress: lctrl
277.9915 	EXP 	Sound  started
278.6382 	DATA 	Keypress: rctrl
278.7415 	EXP 	Sound  started
279.4220 	DATA 	Keypress: lctrl
279.4915 	EXP 	Sound  started
280.1421 	DATA 	Keypress: rctrl
280.2416 	EXP 	Sound  started
280.8620 	DATA 	Keypress: rctrl
280.9916 	EXP 	Sound  started
281.6140 	DATA 	Keypress: rctrl
281.7416 	EXP 	Sound  started
282.3501 	DATA 	Keypress: lctrl
282.4916 	EXP 	Sound  started
283.1661 	DATA 	Keypress: rctrl
283.2416 	EXP 	Sound  started
283.9182 	DATA 	Keypress: lctrl
283.9916 	EXP 	Sound  started
284.6381 	DATA 	Keypress: rctrl
284.7416 	EXP 	Sound  started
285.4062 	DATA 	Keypress: lctrl
285.4917 	EXP 	Sound  started
286.1581 	DATA 	Keypress: rctrl
286.2417 	EXP 	Sound  started
286.9101 	DATA 	Keypress: rctrl
286.9917 	EXP 	Sound  started
287.6300 	DATA 	Keypress: rctrl
287.7417 	EXP 	Sound  started
288.4142 	DATA 	Keypress: rctrl
288.4917 	EXP 	Sound  started
289.1340 	DATA 	Keypress: rctrl
289.2417 	EXP 	Sound  started
289.8860 	DATA 	Keypress: lctrl
289.9917 	EXP 	Sound  started
290.6061 	DATA 	Keypress: rctrl
290.7418 	EXP 	Sound  started
291.3421 	DATA 	Keypress: lctrl
291.4918 	EXP 	Sound  started
292.1581 	DATA 	Keypress: rctrl
292.2418 	EXP 	Sound  started
292.8301 	DATA 	Keypress: rctrl
292.9918 	EXP 	Sound  started
293.6461 	DATA 	Keypress: lctrl
293.7418 	EXP 	Sound  started
294.3821 	DATA 	Keypress: rctrl
294.4918 	EXP 	Sound  started
295.1661 	DATA 	Keypress: rctrl
295.2418 	EXP 	Sound  started
295.9020 	DATA 	Keypress: rctrl
295.9918 	EXP 	Sound  started
296.6220 	DATA 	Keypress: rctrl
296.7419 	EXP 	Sound  started
297.3900 	DATA 	Keypress: lctrl
297.4919 	EXP 	Sound  started
298.1261 	DATA 	Keypress: rctrl
298.2419 	EXP 	Sound  started
298.8461 	DATA 	Keypress: lctrl
298.9919 	EXP 	Sound  started
299.5980 	DATA 	Keypress: rctrl
299.7419 	EXP 	Sound  started
300.3980 	DATA 	Keypress: lctrl
300.4919 	EXP 	Sound  started
301.1340 	DATA 	Keypress: lctrl
301.2420 	EXP 	Sound  started
301.8381 	DATA 	Keypress: rctrl
303.1846 	DATA 	Keypress: 3
303.2011 	EXP 	unnamed ShapeStim: vertices = <class 'numpy.ndarray'>
305.2530 	DATA 	Keypress: 2
305.2695 	EXP 	unnamed ShapeStim: vertices = <class 'numpy.ndarray'>
307.3047 	DATA 	Keypress: 2
307.3212 	EXP 	unnamed ShapeStim: vertices = <class 'numpy.ndarray'>
309.6059 	EXP 	Sound  started
309.6061 	DATA 	Keypress: rctrl
310.1740 	DATA 	Keypress: rctrl
310.3559 	EXP 	Sound  started
311.0540 	DATA 	Keypress: rctrl
311.1059 	EXP 	Sound  started
311.7740 	DATA 	Keypress: rctrl
311.8560 	EXP 	Sound  started
312.5741 	DATA 	Keypress: rctrl
312.6060 	EXP 	Sound  started
313.2462 	DATA 	Keypress: rctrl
313.3560 	EXP 	Sound  started
313.9981 	DATA 	Keypress: lctrl
314.1060 	EXP 	Sound  started
314.7021 	DATA 	Keypress: lctrl
314.8560 	EXP 	Sound  started
315.3741 	DATA 	Keypress: rctrl
315.6060 	EXP 	Sound  started
316.2221 	DATA 	Keypress: rctrl
316.3560 	EXP 	Sound  started
316.9901 	DATA 	Keypress: lctrl
317.1061 	EXP 	Sound  started
317.7261 	DATA 	Keypress: rctrl
317.8561 	EXP 	Sound  started
318.4461 	DATA 	Keypress: lctrl
318.6063 	EXP 	Sound  started
319.2301 	DATA 	Keypress: lctrl
319.3563 	EXP 	Sound  started
319.9661 	DATA 	Keypress: lctrl
320.1064 	EXP 	Sound  started
320.6861 	DATA 	Keypress: lctrl
320.8564 	EXP 	Sound  started
321.5662 	DATA 	Keypress: lctrl
321.6064 	EXP 	Sound  started
322.3021 	DATA 	Keypress: rctrl
322.3564 	EXP 	Sound  started
323.0701 	DATA 	Keypress: lctrl
323.1064 	EXP 	Sound  started
323.8061 	DATA 	Keypress: rctrl
323.8564 	EXP 	Sound  started
324.4621 	DATA 	Keypress: rctrl
324.6064 	EXP 	Sound  started
325.2301 	DATA 	Keypress: rctrl
325.3565 	EXP 	Sound  started
325.9181 	DATA 	Keypress: rctrl
326.1065 	EXP 	Sound  started
326.7021 	DATA 	Keypress: rctrl
326.8565 	EXP 	Sound  started
327.5181 	DATA 	Keypress: rctrl
327.6065 	EXP 	Sound  started
328.2541 	DATA 	Keypress: lctrl
328.3565 	EXP 	Sound  started
328.9741 	DATA 	Keypress: rctrl
329.1065 	EXP 	Sound  started
329.7261 	DATA 	Keypress: lctrl
329.8565 	EXP 	Sound  started
330.4941 	DATA 	Keypress: rctrl
330.6066 	EXP 	Sound  started
331.2141 	DATA 	Keypress: rctrl
331.3566 	EXP 	Sound  started
332.0301 	DATA 	Keypress: rctrl
332.1066 	EXP 	Sound  started
332.7181 	DATA 	Keypress: rctrl
332.8566 	EXP 	Sound  started
333.5180 	DATA 	Keypress: rctrl
333.6066 	EXP 	Sound  started
334.3020 	DATA 	Keypress: lctrl
334.3566 	EXP 	Sound  started
334.9261 	DATA 	Keypress: rctrl
335.1066 	EXP 	Sound  started
335.7260 	DATA 	Keypress: lctrl
335.8566 	EXP 	Sound  started
336.3981 	DATA 	Keypress: rctrl
336.6067 	EXP 	Sound  started
337.2141 	DATA 	Keypress: rctrl
337.3567 	EXP 	Sound  started
337.9501 	DATA 	Keypress: rctrl
338.1067 	EXP 	Sound  started
338.7821 	DATA 	Keypress: rctrl
338.8567 	EXP 	Sound  started
339.5820 	DATA 	Keypress: lctrl
339.6067 	EXP 	Sound  started
340.2701 	DATA 	Keypress: lctrl
340.3567 	EXP 	Sound  started
341.0221 	DATA 	Keypress: lctrl
341.1068 	EXP 	Sound  started
341.7261 	DATA 	Keypress: rctrl
341.8568 	EXP 	Sound  started
342.4300 	DATA 	Keypress: lctrl
342.6068 	EXP 	Sound  started
343.2622 	DATA 	Keypress: rctrl
343.3568 	EXP 	Sound  started
343.9820 	DATA 	Keypress: lctrl
344.1068 	EXP 	Sound  started
344.8300 	DATA 	Keypress: lctrl
344.8568 	EXP 	Sound  started
345.5341 	DATA 	Keypress: rctrl
345.6068 	EXP 	Sound  started
346.2861 	DATA 	Keypress: lctrl
346.3568 	EXP 	Sound  started
347.0221 	DATA 	Keypress: rctrl
347.1069 	EXP 	Sound  started
347.7580 	DATA 	Keypress: rctrl
347.8569 	EXP 	Sound  started
348.4780 	DATA 	Keypress: rctrl
348.6069 	EXP 	Sound  started
349.3261 	DATA 	Keypress: rctrl
349.3569 	EXP 	Sound  started
350.1069 	EXP 	Sound  started
350.1100 	DATA 	Keypress: lctrl
350.7661 	DATA 	Keypress: rctrl
350.8569 	EXP 	Sound  started
351.5501 	DATA 	Keypress: lctrl
351.6069 	EXP 	Sound  started
352.3501 	DATA 	Keypress: lctrl
352.3570 	EXP 	Sound  started
353.0541 	DATA 	Keypress: rctrl
353.1070 	EXP 	Sound  started
353.8061 	DATA 	Keypress: rctrl
353.8570 	EXP 	Sound  started
354.5741 	DATA 	Keypress: lctrl
354.6070 	EXP 	Sound  started
355.3261 	DATA 	Keypress: rctrl
355.3570 	EXP 	Sound  started
356.1112 	DATA 	Keypress: lctrl
357.8456 	DATA 	Keypress: 3
357.8621 	EXP 	unnamed ShapeStim: vertices = <class 'numpy.ndarray'>
360.4149 	DATA 	Keypress: 2
360.4314 	EXP 	unnamed ShapeStim: vertices = <class 'numpy.ndarray'>
362.4327 	DATA 	Keypress: 2
362.4492 	EXP 	unnamed ShapeStim: vertices = <class 'numpy.ndarray'>
364.7337 	EXP 	Sound  started
364.7340 	DATA 	Keypress: lctrl
365.3100 	DATA 	Keypress: lctrl
365.4837 	EXP 	Sound  started
366.1260 	DATA 	Keypress: lctrl
366.2337 	EXP 	Sound  started
366.9261 	DATA 	Keypress: lctrl
366.9837 	EXP 	Sound  started
367.6460 	DATA 	Keypress: rctrl
367.7337 	EXP 	Sound  started
368.4301 	DATA 	Keypress: rctrl
368.4837 	EXP 	Sound  started
369.1820 	DATA 	Keypress: rctrl
369.2338 	EXP 	Sound  started
369.9838 	EXP 	Sound  started
369.9980 	DATA 	Keypress: lctrl
370.6541 	DATA 	Keypress: rctrl
370.7338 	EXP 	Sound  started
371.3900 	DATA 	Keypress: lctrl
371.4838 	EXP 	Sound  started
372.0620 	DATA 	Keypress: rctrl
372.2338 	EXP 	Sound  started
372.8621 	DATA 	Keypress: rctrl
372.9838 	EXP 	Sound  started
373.6620 	DATA 	Keypress: rctrl
373.7338 	EXP 	Sound  started
374.3821 	DATA 	Keypress: lctrl
374.4839 	EXP 	Sound  started
375.1502 	DATA 	Keypress: rctrl
375.2339 	EXP 	Sound  started
375.9501 	DATA 	Keypress: lctrl
375.9839 	EXP 	Sound  started
376.6861 	DATA 	Keypress: lctrl
376.7339 	EXP 	Sound  started
377.4701 	DATA 	Keypress: lctrl
377.4839 	EXP 	Sound  started
378.1741 	DATA 	Keypress: lctrl
378.2339 	EXP 	Sound  started
378.8941 	DATA 	Keypress: lctrl
378.9839 	EXP 	Sound  started
379.6301 	DATA 	Keypress: rctrl
379.7339 	EXP 	Sound  started
380.4301 	DATA 	Keypress: rctrl
380.4840 	EXP 	Sound  started
381.1661 	DATA 	Keypress: rctrl
381.2340 	EXP 	Sound  started
381.9661 	DATA 	Keypress: lctrl
381.9840 	EXP 	Sound  started
382.6861 	DATA 	Keypress: lctrl
382.7340 	EXP 	Sound  started
383.4221 	DATA 	Keypress: lctrl
383.4840 	EXP 	Sound  started
384.1902 	DATA 	Keypress: lctrl
384.2340 	EXP 	Sound  started
384.8781 	DATA 	Keypress: lctrl
384.9840 	EXP 	Sound  started
385.6301 	DATA 	Keypress: lctrl
385.7341 	EXP 	Sound  started
386.3661 	DATA 	Keypress: lctrl
386.4841 	EXP 	Sound  started
387.1341 	DATA 	Keypress: rctrl
387.2341 	EXP 	Sound  started
387.8861 	DATA 	Keypress: rctrl
387.9841 	EXP 	Sound  started
388.5902 	DATA 	Keypress: lctrl
388.7341 	EXP 	Sound  started
389.3421 	DATA 	Keypress: rctrl
389.4841 	EXP 	Sound  started
390.1101 	DATA 	Keypress: lctrl
390.2341 	EXP 	Sound  started
390.8141 	DATA 	Keypress: rctrl
390.9842 	EXP 	Sound  started
391.6301 	DATA 	Keypress: lctrl
391.7342 	EXP 	Sound  started
392.3661 	DATA 	Keypress: rctrl
392.4842 	EXP 	Sound  started
393.1180 	DATA 	Keypress: rctrl
393.2342 	EXP 	Sound  started
393.8700 	DATA 	Keypress: rctrl
393.9842 	EXP 	Sound  started
394.6701 	DATA 	Keypress: rctrl
394.7342 	EXP 	Sound  started
395.4221 	DATA 	Keypress: rctrl
395.4843 	EXP 	Sound  started
396.2060 	DATA 	Keypress: rctrl
396.2343 	EXP 	Sound  started
396.9740 	DATA 	Keypress: lctrl
396.9843 	EXP 	Sound  started
397.6780 	DATA 	Keypress: rctrl
397.7343 	EXP 	Sound  started
398.4140 	DATA 	Keypress: lctrl
398.4843 	EXP 	Sound  started
399.1341 	DATA 	Keypress: rctrl
399.2343 	EXP 	Sound  started
399.8861 	DATA 	Keypress: rctrl
399.9843 	EXP 	Sound  started
400.6541 	DATA 	Keypress: lctrl
400.7343 	EXP 	Sound  started
401.3100 	DATA 	Keypress: rctrl
401.4844 	EXP 	Sound  started
402.2062 	DATA 	Keypress: lctrl
402.2344 	EXP 	Sound  started
402.8461 	DATA 	Keypress: rctrl
402.9844 	EXP 	Sound  started
403.6620 	DATA 	Keypress: lctrl
403.7344 	EXP 	Sound  started
404.3501 	DATA 	Keypress: rctrl
404.4844 	EXP 	Sound  started
405.1021 	DATA 	Keypress: lctrl
405.2344 	EXP 	Sound  started
405.8380 	DATA 	Keypress: rctrl
405.9845 	EXP 	Sound  started
406.5901 	DATA 	Keypress: lctrl
406.7345 	EXP 	Sound  started
407.3261 	DATA 	Keypress: rctrl
407.4845 	EXP 	Sound  started
408.1261 	DATA 	Keypress: lctrl
410.6389 	DATA 	Keypress: 3
410.6554 	EXP 	unnamed ShapeStim: vertices = <class 'numpy.ndarray'>
412.6911 	DATA 	Keypress: 2
412.7076 	EXP 	unnamed ShapeStim: vertices = <class 'numpy.ndarray'>
415.1097 	DATA 	Keypress: 2
415.1263 	EXP 	unnamed ShapeStim: vertices = <class 'numpy.ndarray'>
417.4104 	EXP 	Sound  started
417.4105 	DATA 	Keypress: rctrl
417.9660 	DATA 	Keypress: lctrl
418.1604 	EXP 	Sound  started
418.7661 	DATA 	Keypress: rctrl
418.9104 	EXP 	Sound  started
419.4862 	DATA 	Keypress: lctrl
419.6604 	EXP 	Sound  started
420.2380 	DATA 	Keypress: rctrl
420.4104 	EXP 	Sound  started
421.0701 	DATA 	Keypress: lctrl
421.1604 	EXP 	Sound  started
421.7900 	DATA 	Keypress: rctrl
421.9104 	EXP 	Sound  started
422.6221 	DATA 	Keypress: rctrl
422.6605 	EXP 	Sound  started
423.3421 	DATA 	Keypress: rctrl
423.4105 	EXP 	Sound  started
424.1261 	DATA 	Keypress: rctrl
424.1605 	EXP 	Sound  started
424.8621 	DATA 	Keypress: lctrl
424.9105 	EXP 	Sound  started
425.5661 	DATA 	Keypress: rctrl
425.6605 	EXP 	Sound  started
426.3341 	DATA 	Keypress: lctrl
426.4105 	EXP 	Sound  started
426.9741 	DATA 	Keypress: rctrl
427.1605 	EXP 	Sound  started
427.8541 	DATA 	Keypress: rctrl
427.9106 	EXP 	Sound  started
428.6221 	DATA 	Keypress: rctrl
428.6606 	EXP 	Sound  started
429.3421 	DATA 	Keypress: rctrl
429.4106 	EXP 	Sound  started
430.0941 	DATA 	Keypress: rctrl
430.1606 	EXP 	Sound  started
430.8141 	DATA 	Keypress: lctrl
430.9106 	EXP 	Sound  started
431.5821 	DATA 	Keypress: lctrl
431.6606 	EXP 	Sound  started
432.2861 	DATA 	Keypress: rctrl
432.4106 	EXP 	Sound  started
433.0061 	DATA 	Keypress: lctrl
433.1607 	EXP 	Sound  started
433.7581 	DATA 	Keypress: rctrl
433.9107 	EXP 	Sound  started
434.5261 	DATA 	Keypress: lctrl
434.6607 	EXP 	Sound  started
435.2941 	DATA 	Keypress: lctrl
435.4107 	EXP 	Sound  started
436.0941 	DATA 	Keypress: lctrl
436.1607 	EXP 	Sound  started
436.8460 	DATA 	Keypress: lctrl
436.9107 	EXP 	Sound  started
437.5182 	DATA 	Keypress: lctrl
437.6608 	EXP 	Sound  started
438.3341 	DATA 	Keypress: lctrl
438.4108 	EXP 	Sound  started
439.0541 	DATA 	Keypress: lctrl
439.1608 	EXP 	Sound  started
439.8541 	DATA 	Keypress: rctrl
439.9108 	EXP 	Sound  started
440.6541 	DATA 	Keypress: rctrl
440.6608 	EXP 	Sound  started
441.4061 	DATA 	Keypress: rctrl
441.4108 	EXP 	Sound  started
442.1102 	DATA 	Keypress: lctrl
442.1609 	EXP 	Sound  started
442.8301 	DATA 	Keypress: lctrl
442.9109 	EXP 	Sound  started
443.6609 	EXP 	Sound  started
443.6621 	DATA 	Keypress: rctrl
444.4109 	EXP 	Sound  started
444.4941 	DATA 	Keypress: rctrl
445.1609 	EXP 	Sound  started
445.1661 	DATA 	Keypress: lctrl
445.9109 	EXP 	Sound  started
445.9341 	DATA 	Keypress: rctrl
446.6061 	DATA 	Keypress: rctrl
446.6609 	EXP 	Sound  started
447.3741 	DATA 	Keypress: lctrl
447.4110 	EXP 	Sound  started
448.0941 	DATA 	Keypress: rctrl
448.1610 	EXP 	Sound  started
448.8941 	DATA 	Keypress: lctrl
448.9110 	EXP 	Sound  started
449.6301 	DATA 	Keypress: lctrl
449.6610 	EXP 	Sound  started
450.3501 	DATA 	Keypress: lctrl
450.4110 	EXP 	Sound  started
451.1021 	DATA 	Keypress: lctrl
451.1610 	EXP 	Sound  started
451.8541 	DATA 	Keypress: lctrl
451.9110 	EXP 	Sound  started
452.6541 	DATA 	Keypress: lctrl
452.6611 	EXP 	Sound  started
453.4061 	DATA 	Keypress: rctrl
453.4111 	EXP 	Sound  started
454.1611 	EXP 	Sound  started
454.1741 	DATA 	Keypress: rctrl
454.8941 	DATA 	Keypress: rctrl
454.9111 	EXP 	Sound  started
455.6141 	DATA 	Keypress: rctrl
455.6611 	EXP 	Sound  started
456.4111 	EXP 	Sound  started
456.4141 	DATA 	Keypress: rctrl
457.1612 	EXP 	Sound  started
457.2141 	DATA 	Keypress: rctrl
457.9022 	DATA 	Keypress: rctrl
457.9112 	EXP 	Sound  started
458.6612 	EXP 	Sound  started
458.6701 	DATA 	Keypress: lctrl
459.4112 	EXP 	Sound  started
459.4221 	DATA 	Keypress: lctrl
460.1612 	EXP 	Sound  started
460.1741 	DATA 	Keypress: rctrl
460.9112 	EXP 	Sound  started
460.9261 	DATA 	Keypress: lctrl
461.6141 	DATA 	Keypress: rctrl
461.6612 	EXP 	Sound  started
462.3982 	DATA 	Keypress: lctrl
462.4113 	EXP 	Sound  started
463.1613 	EXP 	Sound  started
463.1982 	DATA 	Keypress: rctrl
463.9113 	EXP 	Sound  started
463.9182 	DATA 	Keypress: rctrl
464.6613 	EXP 	Sound  started
464.7501 	DATA 	Keypress: rctrl
465.4113 	EXP 	Sound  started
465.4381 	DATA 	Keypress: lctrl
466.0781 	DATA 	Keypress: rctrl
466.1613 	EXP 	Sound  started
466.8461 	DATA 	Keypress: lctrl
466.9113 	EXP 	Sound  started
467.6613 	EXP 	Sound  started
467.6621 	DATA 	Keypress: rctrl
468.4114 	EXP 	Sound  started
468.4301 	DATA 	Keypress: rctrl
469.1614 	EXP 	Sound  started
469.1821 	DATA 	Keypress: lctrl
469.9114 	EXP 	Sound  started
469.9181 	DATA 	Keypress: lctrl
470.6614 	EXP 	Sound  started
470.6701 	DATA 	Keypress: lctrl
471.3901 	DATA 	Keypress: lctrl
471.4114 	EXP 	Sound  started
472.1101 	DATA 	Keypress: rctrl
472.1614 	EXP 	Sound  started
472.8782 	DATA 	Keypress: rctrl
472.9115 	EXP 	Sound  started
473.6615 	EXP 	Sound  started
473.6622 	DATA 	Keypress: lctrl
474.4115 	EXP 	Sound  started
474.4141 	DATA 	Keypress: rctrl
475.1615 	EXP 	Sound  started
475.1663 	DATA 	Keypress: lctrl
475.9115 	EXP 	Sound  started
475.9341 	DATA 	Keypress: rctrl
476.5901 	DATA 	Keypress: lctrl
476.6615 	EXP 	Sound  started
477.4442 	DATA 	Keypress: rctrl
478.7781 	DATA 	Keypress: 3
478.7947 	EXP 	unnamed ShapeStim: vertices = <class 'numpy.ndarray'>
481.9679 	DATA 	Keypress: 1
481.9973 	EXP 	unnamed ShapeStim: vertices = <class 'numpy.ndarray'>
483.8495 	DATA 	Keypress: 1
483.8660 	EXP 	unnamed ShapeStim: vertices = <class 'numpy.ndarray'>
486.1512 	EXP 	Sound  started
486.3982 	DATA 	Keypress: rctrl
486.8621 	DATA 	Keypress: lctrl
486.9012 	EXP 	Sound  started
487.5341 	DATA 	Keypress: rctrl
487.6512 	EXP 	Sound  started
488.2541 	DATA 	Keypress: lctrl
488.4012 	EXP 	Sound  started
488.9902 	DATA 	Keypress: rctrl
489.1513 	EXP 	Sound  started
489.7261 	DATA 	Keypress: lctrl
489.9013 	EXP 	Sound  started
490.5261 	DATA 	Keypress: rctrl
490.6513 	EXP 	Sound  started
491.3102 	DATA 	Keypress: lctrl
491.4013 	EXP 	Sound  started
492.0300 	DATA 	Keypress: rctrl
492.1513 	EXP 	Sound  started
492.7343 	DATA 	Keypress: lctrl
492.9013 	EXP 	Sound  started
493.5022 	DATA 	Keypress: rctrl
493.6514 	EXP 	Sound  started
494.2862 	DATA 	Keypress: lctrl
494.4014 	EXP 	Sound  started
495.0701 	DATA 	Keypress: rctrl
495.1514 	EXP 	Sound  started
495.8541 	DATA 	Keypress: lctrl
495.9014 	EXP 	Sound  started
496.5261 	DATA 	Keypress: rctrl
496.6514 	EXP 	Sound  started
497.2941 	DATA 	Keypress: lctrl
497.4014 	EXP 	Sound  started
498.0621 	DATA 	Keypress: rctrl
498.1514 	EXP 	Sound  started
498.7822 	DATA 	Keypress: rctrl
498.9014 	EXP 	Sound  started
499.5181 	DATA 	Keypress: lctrl
499.6514 	EXP 	Sound  started
500.2541 	DATA 	Keypress: rctrl
500.4015 	EXP 	Sound  started
501.0221 	DATA 	Keypress: lctrl
501.1515 	EXP 	Sound  started
501.7421 	DATA 	Keypress: rctrl
501.9015 	EXP 	Sound  started
502.5742 	DATA 	Keypress: lctrl
502.6515 	EXP 	Sound  started
503.2620 	DATA 	Keypress: rctrl
503.4015 	EXP 	Sound  started
504.0301 	DATA 	Keypress: lctrl
504.1515 	EXP 	Sound  started
504.7821 	DATA 	Keypress: rctrl
504.9016 	EXP 	Sound  started
505.5661 	DATA 	Keypress: rctrl
505.6516 	EXP 	Sound  started
506.2701 	DATA 	Keypress: rctrl
506.4016 	EXP 	Sound  started
507.0541 	DATA 	Keypress: rctrl
507.1516 	EXP 	Sound  started
507.7901 	DATA 	Keypress: rctrl
507.9016 	EXP 	Sound  started
508.5421 	DATA 	Keypress: rctrl
508.6516 	EXP 	Sound  started
509.2461 	DATA 	Keypress: rctrl
509.4016 	EXP 	Sound  started
510.0141 	DATA 	Keypress: rctrl
510.1517 	EXP 	Sound  started
510.7341 	DATA 	Keypress: rctrl
510.9017 	EXP 	Sound  started
511.5182 	DATA 	Keypress: rctrl
511.6517 	EXP 	Sound  started
512.3340 	DATA 	Keypress: lctrl
512.4017 	EXP 	Sound  started
512.9901 	DATA 	Keypress: rctrl
513.1517 	EXP 	Sound  started
513.8062 	DATA 	Keypress: lctrl
513.9017 	EXP 	Sound  started
514.5581 	DATA 	Keypress: rctrl
514.6517 	EXP 	Sound  started
515.2780 	DATA 	Keypress: rctrl
515.4018 	EXP 	Sound  started
516.0140 	DATA 	Keypress: lctrl
516.1518 	EXP 	Sound  started
516.7821 	DATA 	Keypress: rctrl
516.9018 	EXP 	Sound  started
517.5661 	DATA 	Keypress: lctrl
517.6518 	EXP 	Sound  started
518.3181 	DATA 	Keypress: rctrl
518.4018 	EXP 	Sound  started
519.0541 	DATA 	Keypress: lctrl
519.1518 	EXP 	Sound  started
519.8701 	DATA 	Keypress: rctrl
519.9019 	EXP 	Sound  started
520.5901 	DATA 	Keypress: lctrl
520.6519 	EXP 	Sound  started
521.2941 	DATA 	Keypress: rctrl
521.4019 	EXP 	Sound  started
522.0781 	DATA 	Keypress: rctrl
522.1519 	EXP 	Sound  started
522.7821 	DATA 	Keypress: rctrl
522.9019 	EXP 	Sound  started
523.5502 	DATA 	Keypress: lctrl
523.6519 	EXP 	Sound  started
524.2701 	DATA 	Keypress: rctrl
524.4019 	EXP 	Sound  started
525.0221 	DATA 	Keypress: lctrl
525.1519 	EXP 	Sound  started
525.7901 	DATA 	Keypress: rctrl
525.9020 	EXP 	Sound  started
526.4781 	DATA 	Keypress: lctrl
528.1019 	DATA 	Keypress: 3
528.1184 	EXP 	unnamed ShapeStim: vertices = <class 'numpy.ndarray'>
530.6578 	DATA 	Keypress: 2
530.6872 	EXP 	unnamed ShapeStim: vertices = <class 'numpy.ndarray'>
535.2783 	DATA 	Keypress: 3
535.3076 	EXP 	unnamed ShapeStim: vertices = <class 'numpy.ndarray'>
537.5922 	EXP 	Sound  started
537.5924 	DATA 	Keypress: rctrl
538.2221 	DATA 	Keypress: lctrl
538.3422 	EXP 	Sound  started
538.9741 	DATA 	Keypress: rctrl
539.0922 	EXP 	Sound  started
539.7101 	DATA 	Keypress: lctrl
539.8422 	EXP 	Sound  started
540.4621 	DATA 	Keypress: rctrl
540.5922 	EXP 	Sound  started
541.2461 	DATA 	Keypress: lctrl
541.3422 	EXP 	Sound  started
541.9981 	DATA 	Keypress: rctrl
542.0922 	EXP 	Sound  started
542.7180 	DATA 	Keypress: lctrl
542.8422 	EXP 	Sound  started
543.4860 	DATA 	Keypress: rctrl
543.5923 	EXP 	Sound  started
544.0941 	DATA 	Keypress: lctrl
544.3423 	EXP 	Sound  started
544.9422 	DATA 	Keypress: rctrl
545.0923 	EXP 	Sound  started
545.7580 	DATA 	Keypress: lctrl
545.8423 	EXP 	Sound  started
546.5101 	DATA 	Keypress: rctrl
546.5923 	EXP 	Sound  started
547.2300 	DATA 	Keypress: rctrl
547.3423 	EXP 	Sound  started
547.9181 	DATA 	Keypress: rctrl
548.0923 	EXP 	Sound  started
548.6860 	DATA 	Keypress: lctrl
548.8424 	EXP 	Sound  started
549.4061 	DATA 	Keypress: lctrl
549.5924 	EXP 	Sound  started
550.2381 	DATA 	Keypress: rctrl
550.3424 	EXP 	Sound  started
551.0221 	DATA 	Keypress: lctrl
551.0924 	EXP 	Sound  started
551.6941 	DATA 	Keypress: rctrl
551.8424 	EXP 	Sound  started
552.4461 	DATA 	Keypress: lctrl
552.5924 	EXP 	Sound  started
553.1661 	DATA 	Keypress: rctrl
553.3425 	EXP 	Sound  started
553.9661 	DATA 	Keypress: rctrl
554.0925 	EXP 	Sound  started
554.7181 	DATA 	Keypress: rctrl
554.8425 	EXP 	Sound  started
555.4701 	DATA 	Keypress: rctrl
555.5925 	EXP 	Sound  started
556.2061 	DATA 	Keypress: rctrl
556.3425 	EXP 	Sound  started
556.9581 	DATA 	Keypress: rctrl
557.0925 	EXP 	Sound  started
557.6941 	DATA 	Keypress: rctrl
557.8425 	EXP 	Sound  started
558.4781 	DATA 	Keypress: rctrl
558.5926 	EXP 	Sound  started
559.2782 	DATA 	Keypress: lctrl
559.3426 	EXP 	Sound  started
560.0141 	DATA 	Keypress: rctrl
560.0926 	EXP 	Sound  started
560.7501 	DATA 	Keypress: lctrl
560.8426 	EXP 	Sound  started
561.4861 	DATA 	Keypress: rctrl
561.5926 	EXP 	Sound  started
562.1900 	DATA 	Keypress: lctrl
562.3426 	EXP 	Sound  started
562.9581 	DATA 	Keypress: lctrl
563.0927 	EXP 	Sound  started
563.7581 	DATA 	Keypress: rctrl
563.8427 	EXP 	Sound  started
564.5581 	DATA 	Keypress: rctrl
564.5927 	EXP 	Sound  started
565.2141 	DATA 	Keypress: lctrl
565.3427 	EXP 	Sound  started
565.9822 	DATA 	Keypress: lctrl
566.0927 	EXP 	Sound  started
566.7021 	DATA 	Keypress: lctrl
566.8427 	EXP 	Sound  started
567.4381 	DATA 	Keypress: lctrl
567.5927 	EXP 	Sound  started
568.2062 	DATA 	Keypress: rctrl
568.3428 	EXP 	Sound  started
569.0221 	DATA 	Keypress: rctrl
569.0928 	EXP 	Sound  started
569.7902 	DATA 	Keypress: rctrl
569.8428 	EXP 	Sound  started
570.4781 	DATA 	Keypress: lctrl
570.5928 	EXP 	Sound  started
571.2461 	DATA 	Keypress: lctrl
571.3428 	EXP 	Sound  started
571.9502 	DATA 	Keypress: lctrl
572.0928 	EXP 	Sound  started
572.7501 	DATA 	Keypress: lctrl
572.8428 	EXP 	Sound  started
573.5341 	DATA 	Keypress: rctrl
573.5928 	EXP 	Sound  started
574.1901 	DATA 	Keypress: lctrl
574.3428 	EXP 	Sound  started
574.9581 	DATA 	Keypress: rctrl
575.0929 	EXP 	Sound  started
575.6782 	DATA 	Keypress: lctrl
575.8429 	EXP 	Sound  started
576.5261 	DATA 	Keypress: lctrl
576.5929 	EXP 	Sound  started
577.2461 	DATA 	Keypress: rctrl
577.3429 	EXP 	Sound  started
578.0621 	DATA 	Keypress: lctrl
578.0929 	EXP 	Sound  started
578.7181 	DATA 	Keypress: lctrl
578.8429 	EXP 	Sound  started
579.5341 	DATA 	Keypress: lctrl
579.5929 	EXP 	Sound  started
580.2222 	DATA 	Keypress: rctrl
580.3429 	EXP 	Sound  started
580.9741 	DATA 	Keypress: lctrl
581.0930 	EXP 	Sound  started
581.7261 	DATA 	Keypress: rctrl
581.8430 	EXP 	Sound  started
582.4141 	DATA 	Keypress: rctrl
582.5930 	EXP 	Sound  started
583.1501 	DATA 	Keypress: rctrl
583.3430 	EXP 	Sound  started
583.9821 	DATA 	Keypress: rctrl
584.0930 	EXP 	Sound  started
584.7501 	DATA 	Keypress: rctrl
584.8430 	EXP 	Sound  started
585.5022 	DATA 	Keypress: lctrl
585.5930 	EXP 	Sound  started
586.2541 	DATA 	Keypress: rctrl
586.3430 	EXP 	Sound  started
587.0541 	DATA 	Keypress: lctrl
587.0930 	EXP 	Sound  started
587.7261 	DATA 	Keypress: rctrl
587.8431 	EXP 	Sound  started
588.5741 	DATA 	Keypress: lctrl
588.5931 	EXP 	Sound  started
589.3421 	DATA 	Keypress: rctrl
589.3431 	EXP 	Sound  started
590.0301 	DATA 	Keypress: lctrl
590.0931 	EXP 	Sound  started
590.7341 	DATA 	Keypress: lctrl
590.8431 	EXP 	Sound  started
591.4701 	DATA 	Keypress: lctrl
591.5931 	EXP 	Sound  started
592.2221 	DATA 	Keypress: lctrl
592.3431 	EXP 	Sound  started
592.9901 	DATA 	Keypress: lctrl
593.0932 	EXP 	Sound  started
593.6782 	DATA 	Keypress: rctrl
593.8432 	EXP 	Sound  started
594.4621 	DATA 	Keypress: lctrl
595.9582 	DATA 	Keypress: 3
595.9741 	EXP 	unnamed ShapeStim: vertices = <class 'numpy.ndarray'>
598.2933 	DATA 	Keypress: 2
598.3099 	EXP 	unnamed ShapeStim: vertices = <class 'numpy.ndarray'>
600.0783 	DATA 	Keypress: 3
600.0947 	EXP 	unnamed ShapeStim: vertices = <class 'numpy.ndarray'>
602.3795 	EXP 	Sound  started
602.3797 	DATA 	Keypress: rctrl
602.8781 	DATA 	Keypress: lctrl
603.1295 	EXP 	Sound  started
603.6621 	DATA 	Keypress: rctrl
603.8796 	EXP 	Sound  started
604.4621 	DATA 	Keypress: lctrl
604.6296 	EXP 	Sound  started
605.1821 	DATA 	Keypress: rctrl
605.3796 	EXP 	Sound  started
605.9661 	DATA 	Keypress: lctrl
606.1296 	EXP 	Sound  started
606.7181 	DATA 	Keypress: rctrl
606.8796 	EXP 	Sound  started
607.4221 	DATA 	Keypress: rctrl
607.6296 	EXP 	Sound  started
608.1742 	DATA 	Keypress: rctrl
608.3796 	EXP 	Sound  started
608.9741 	DATA 	Keypress: rctrl
609.1297 	EXP 	Sound  started
609.7421 	DATA 	Keypress: lctrl
609.8797 	EXP 	Sound  started
610.4621 	DATA 	Keypress: lctrl
610.6297 	EXP 	Sound  started
611.2941 	DATA 	Keypress: lctrl
611.3797 	EXP 	Sound  started
611.9502 	DATA 	Keypress: lctrl
612.1297 	EXP 	Sound  started
612.7341 	DATA 	Keypress: lctrl
612.8797 	EXP 	Sound  started
613.4702 	DATA 	Keypress: rctrl
613.6297 	EXP 	Sound  started
614.2221 	DATA 	Keypress: lctrl
614.3797 	EXP 	Sound  started
614.9901 	DATA 	Keypress: rctrl
615.1298 	EXP 	Sound  started
615.7101 	DATA 	Keypress: rctrl
615.8798 	EXP 	Sound  started
616.4460 	DATA 	Keypress: rctrl
616.6298 	EXP 	Sound  started
617.1340 	DATA 	Keypress: rctrl
617.3798 	EXP 	Sound  started
617.9341 	DATA 	Keypress: rctrl
618.1298 	EXP 	Sound  started
618.6540 	DATA 	Keypress: lctrl
618.8798 	EXP 	Sound  started
619.3421 	DATA 	Keypress: rctrl
619.6298 	EXP 	Sound  started
620.0621 	DATA 	Keypress: rctrl
620.3799 	EXP 	Sound  started
621.0541 	DATA 	Keypress: rctrl
621.1299 	EXP 	Sound  started
621.7741 	DATA 	Keypress: rctrl
621.8799 	EXP 	Sound  started
622.5101 	DATA 	Keypress: lctrl
622.6299 	EXP 	Sound  started
623.1981 	DATA 	Keypress: lctrl
623.3799 	EXP 	Sound  started
623.8220 	DATA 	Keypress: lctrl
624.1299 	EXP 	Sound  started
624.7181 	DATA 	Keypress: lctrl
624.8799 	EXP 	Sound  started
625.5341 	DATA 	Keypress: rctrl
625.6300 	EXP 	Sound  started
626.2861 	DATA 	Keypress: lctrl
626.3800 	EXP 	Sound  started
626.9900 	DATA 	Keypress: rctrl
627.1300 	EXP 	Sound  started
627.7421 	DATA 	Keypress: rctrl
627.8800 	EXP 	Sound  started
628.4781 	DATA 	Keypress: rctrl
628.6300 	EXP 	Sound  started
629.2621 	DATA 	Keypress: lctrl
629.3800 	EXP 	Sound  started
630.0301 	DATA 	Keypress: rctrl
630.1300 	EXP 	Sound  started
630.7821 	DATA 	Keypress: lctrl
630.8801 	EXP 	Sound  started
631.5502 	DATA 	Keypress: lctrl
631.6301 	EXP 	Sound  started
632.3021 	DATA 	Keypress: lctrl
632.3801 	EXP 	Sound  started
632.9741 	DATA 	Keypress: lctrl
633.1301 	EXP 	Sound  started
633.7741 	DATA 	Keypress: lctrl
633.8801 	EXP 	Sound  started
634.5261 	DATA 	Keypress: lctrl
634.6301 	EXP 	Sound  started
635.2622 	DATA 	Keypress: rctrl
635.3801 	EXP 	Sound  started
635.9661 	DATA 	Keypress: lctrl
636.1301 	EXP 	Sound  started
636.8300 	DATA 	Keypress: rctrl
636.8801 	EXP 	Sound  started
637.5181 	DATA 	Keypress: rctrl
637.6302 	EXP 	Sound  started
638.2541 	DATA 	Keypress: rctrl
638.3803 	EXP 	Sound  started
639.0221 	DATA 	Keypress: rctrl
639.1303 	EXP 	Sound  started
639.7741 	DATA 	Keypress: lctrl
639.8803 	EXP 	Sound  started
640.5421 	DATA 	Keypress: rctrl
640.6303 	EXP 	Sound  started
641.2781 	DATA 	Keypress: lctrl
641.3803 	EXP 	Sound  started
641.9661 	DATA 	Keypress: rctrl
642.1303 	EXP 	Sound  started
642.6541 	DATA 	Keypress: rctrl
642.8803 	EXP 	Sound  started
643.4862 	DATA 	Keypress: rctrl
643.6304 	EXP 	Sound  started
644.3021 	DATA 	Keypress: rctrl
644.3804 	EXP 	Sound  started
645.0541 	DATA 	Keypress: lctrl
645.1304 	EXP 	Sound  started
645.7741 	DATA 	Keypress: rctrl
645.8804 	EXP 	Sound  started
646.5261 	DATA 	Keypress: lctrl
646.6304 	EXP 	Sound  started
647.1981 	DATA 	Keypress: rctrl
647.3804 	EXP 	Sound  started
647.9981 	DATA 	Keypress: lctrl
648.1304 	EXP 	Sound  started
648.7342 	DATA 	Keypress: lctrl
648.8805 	EXP 	Sound  started
649.4701 	DATA 	Keypress: lctrl
649.6305 	EXP 	Sound  started
650.2381 	DATA 	Keypress: lctrl
650.3805 	EXP 	Sound  started
651.0382 	DATA 	Keypress: rctrl
651.1305 	EXP 	Sound  started
651.7741 	DATA 	Keypress: lctrl
651.8805 	EXP 	Sound  started
652.5581 	DATA 	Keypress: rctrl
652.6305 	EXP 	Sound  started
653.2621 	DATA 	Keypress: lctrl
653.3805 	EXP 	Sound  started
654.0621 	DATA 	Keypress: rctrl
654.1305 	EXP 	Sound  started
654.8461 	DATA 	Keypress: rctrl
654.8806 	EXP 	Sound  started
655.5820 	DATA 	Keypress: rctrl
655.6306 	EXP 	Sound  started
656.3661 	DATA 	Keypress: rctrl
656.3806 	EXP 	Sound  started
657.0541 	DATA 	Keypress: lctrl
657.1306 	EXP 	Sound  started
657.7901 	DATA 	Keypress: lctrl
657.8806 	EXP 	Sound  started
658.5261 	DATA 	Keypress: lctrl
658.6306 	EXP 	Sound  started
659.2301 	DATA 	Keypress: rctrl
659.3807 	EXP 	Sound  started
660.0301 	DATA 	Keypress: lctrl
660.1307 	EXP 	Sound  started
660.7022 	DATA 	Keypress: rctrl
660.8807 	EXP 	Sound  started
661.5501 	DATA 	Keypress: rctrl
661.6307 	EXP 	Sound  started
662.3021 	DATA 	Keypress: rctrl
663.7799 	DATA 	Keypress: 2
663.7964 	EXP 	unnamed ShapeStim: vertices = <class 'numpy.ndarray'>
666.7361 	DATA 	Keypress: 2
666.7655 	EXP 	unnamed ShapeStim: vertices = <class 'numpy.ndarray'>
670.1351 	DATA 	Keypress: 2
670.1516 	EXP 	unnamed ShapeStim: vertices = <class 'numpy.ndarray'>
672.4364 	EXP 	Sound  started
672.6542 	DATA 	Keypress: rctrl
673.1181 	DATA 	Keypress: rctrl
673.1864 	EXP 	Sound  started
673.7261 	DATA 	Keypress: rctrl
673.9364 	EXP 	Sound  started
674.4781 	DATA 	Keypress: rctrl
674.6864 	EXP 	Sound  started
675.4061 	DATA 	Keypress: lctrl
675.4364 	EXP 	Sound  started
676.0621 	DATA 	Keypress: rctrl
676.1865 	EXP 	Sound  started
676.8141 	DATA 	Keypress: lctrl
676.9365 	EXP 	Sound  started
677.4381 	DATA 	Keypress: rctrl
677.6865 	EXP 	Sound  started
678.3341 	DATA 	Keypress: lctrl
678.4365 	EXP 	Sound  started
679.1661 	DATA 	Keypress: rctrl
679.1865 	EXP 	Sound  started
679.9182 	DATA 	Keypress: rctrl
679.9365 	EXP 	Sound  started
680.6860 	DATA 	Keypress: lctrl
680.6865 	EXP 	Sound  started
681.4060 	DATA 	Keypress: rctrl
681.4366 	EXP 	Sound  started
682.1101 	DATA 	Keypress: lctrl
682.1866 	EXP 	Sound  started
682.8301 	DATA 	Keypress: lctrl
682.9366 	EXP 	Sound  started
683.5340 	DATA 	Keypress: lctrl
683.6866 	EXP 	Sound  started
684.3181 	DATA 	Keypress: lctrl
684.4366 	EXP 	Sound  started
685.0541 	DATA 	Keypress: lctrl
685.1866 	EXP 	Sound  started
685.9341 	DATA 	Keypress: rctrl
685.9366 	EXP 	Sound  started
686.5740 	DATA 	Keypress: lctrl
686.6867 	EXP 	Sound  started
687.2942 	DATA 	Keypress: rctrl
687.4367 	EXP 	Sound  started
688.0781 	DATA 	Keypress: lctrl
688.1867 	EXP 	Sound  started
688.8622 	DATA 	Keypress: rctrl
688.9367 	EXP 	Sound  started
689.5821 	DATA 	Keypress: lctrl
689.6867 	EXP 	Sound  started
690.3181 	DATA 	Keypress: rctrl
690.4368 	EXP 	Sound  started
691.0541 	DATA 	Keypress: lctrl
691.1868 	EXP 	Sound  started
691.8381 	DATA 	Keypress: rctrl
691.9368 	EXP 	Sound  started
692.4781 	DATA 	Keypress: lctrl
692.6868 	EXP 	Sound  started
693.3102 	DATA 	Keypress: rctrl
693.4368 	EXP 	Sound  started
694.1101 	DATA 	Keypress: lctrl
694.1868 	EXP 	Sound  started
694.8621 	DATA 	Keypress: rctrl
694.9368 	EXP 	Sound  started
695.5661 	DATA 	Keypress: rctrl
695.6868 	EXP 	Sound  started
696.2861 	DATA 	Keypress: rctrl
696.4369 	EXP 	Sound  started
697.0221 	DATA 	Keypress: rctrl
697.1869 	EXP 	Sound  started
697.8062 	DATA 	Keypress: lctrl
697.9369 	EXP 	Sound  started
698.4781 	DATA 	Keypress: rctrl
698.6869 	EXP 	Sound  started
699.3741 	DATA 	Keypress: lctrl
699.4369 	EXP 	Sound  started
700.0462 	DATA 	Keypress: rctrl
700.1869 	EXP 	Sound  started
700.8781 	DATA 	Keypress: lctrl
700.9369 	EXP 	Sound  started
701.5821 	DATA 	Keypress: rctrl
701.6870 	EXP 	Sound  started
702.3341 	DATA 	Keypress: lctrl
702.4370 	EXP 	Sound  started
703.0541 	DATA 	Keypress: rctrl
703.1870 	EXP 	Sound  started
703.8221 	DATA 	Keypress: lctrl
703.9370 	EXP 	Sound  started
704.5102 	DATA 	Keypress: rctrl
704.6870 	EXP 	Sound  started
705.3102 	DATA 	Keypress: lctrl
705.4370 	EXP 	Sound  started
706.1101 	DATA 	Keypress: rctrl
706.1870 	EXP 	Sound  started
706.8301 	DATA 	Keypress: lctrl
706.9371 	EXP 	Sound  started
707.5821 	DATA 	Keypress: rctrl
707.6871 	EXP 	Sound  started
708.3341 	DATA 	Keypress: lctrl
708.4371 	EXP 	Sound  started
709.0541 	DATA 	Keypress: rctrl
709.1871 	EXP 	Sound  started
709.8702 	DATA 	Keypress: lctrl
709.9371 	EXP 	Sound  started
710.6061 	DATA 	Keypress: rctrl
710.6871 	EXP 	Sound  started
711.3262 	DATA 	Keypress: lctrl
711.4371 	EXP 	Sound  started
712.0621 	DATA 	Keypress: rctrl
712.1872 	EXP 	Sound  started
712.7982 	DATA 	Keypress: lctrl
712.9372 	EXP 	Sound  started
713.5501 	DATA 	Keypress: rctrl
713.6872 	EXP 	Sound  started
714.3182 	DATA 	Keypress: lctrl
714.4372 	EXP 	Sound  started
715.0861 	DATA 	Keypress: rctrl
715.1872 	EXP 	Sound  started
715.8221 	DATA 	Keypress: lctrl
715.9372 	EXP 	Sound  started
716.6381 	DATA 	Keypress: rctrl
716.6872 	EXP 	Sound  started
717.3902 	DATA 	Keypress: lctrl
717.4372 	EXP 	Sound  started
718.1261 	DATA 	Keypress: rctrl
718.1873 	EXP 	Sound  started
718.8781 	DATA 	Keypress: lctrl
718.9373 	EXP 	Sound  started
719.5661 	DATA 	Keypress: rctrl
719.6873 	EXP 	Sound  started
720.3341 	DATA 	Keypress: lctrl
720.4373 	EXP 	Sound  started
721.0381 	DATA 	Keypress: rctrl
721.1873 	EXP 	Sound  started
721.8862 	DATA 	Keypress: lctrl
721.9373 	EXP 	Sound  started
722.5421 	DATA 	Keypress: rctrl
722.6873 	EXP 	Sound  started
723.3421 	DATA 	Keypress: lctrl
723.4373 	EXP 	Sound  started
724.0621 	DATA 	Keypress: rctrl
724.1874 	EXP 	Sound  started
724.8461 	DATA 	Keypress: lctrl
724.9374 	EXP 	Sound  started
725.5662 	DATA 	Keypress: lctrl
725.6874 	EXP 	Sound  started
726.3341 	DATA 	Keypress: lctrl
726.4374 	EXP 	Sound  started
727.0381 	DATA 	Keypress: lctrl
727.1874 	EXP 	Sound  started
727.8222 	DATA 	Keypress: rctrl
727.9374 	EXP 	Sound  started
728.5901 	DATA 	Keypress: lctrl
728.6875 	EXP 	Sound  started
729.4222 	DATA 	Keypress: rctrl
729.4375 	EXP 	Sound  started
730.0942 	DATA 	Keypress: rctrl
730.1875 	EXP 	Sound  started
730.8301 	DATA 	Keypress: rctrl
730.9375 	EXP 	Sound  started
731.6875 	EXP 	Sound  started
732.2702 	DATA 	Keypress: rctrl
732.4375 	EXP 	Sound  started
733.0541 	DATA 	Keypress: lctrl
733.1875 	EXP 	Sound  started
733.8220 	DATA 	Keypress: rctrl
733.9375 	EXP 	Sound  started
734.5261 	DATA 	Keypress: lctrl
734.6876 	EXP 	Sound  started
735.2621 	DATA 	Keypress: rctrl
736.6730 	DATA 	Keypress: 1
736.6894 	EXP 	unnamed ShapeStim: vertices = <class 'numpy.ndarray'>
740.5132 	DATA 	Keypress: 4
740.5426 	EXP 	unnamed ShapeStim: vertices = <class 'numpy.ndarray'>
743.5991 	DATA 	Keypress: 2
743.6285 	EXP 	unnamed ShapeStim: vertices = <class 'numpy.ndarray'>
745.9123 	EXP 	Sound  started
745.9125 	DATA 	Keypress: lctrl
746.4141 	DATA 	Keypress: lctrl
746.6624 	EXP 	Sound  started
747.3101 	DATA 	Keypress: lctrl
747.4124 	EXP 	Sound  started
748.0461 	DATA 	Keypress: lctrl
748.1624 	EXP 	Sound  started
748.7981 	DATA 	Keypress: lctrl
748.9124 	EXP 	Sound  started
749.5181 	DATA 	Keypress: rctrl
749.6624 	EXP 	Sound  started
750.2541 	DATA 	Keypress: rctrl
750.4124 	EXP 	Sound  started
751.0540 	DATA 	Keypress: rctrl
751.1624 	EXP 	Sound  started
751.7900 	DATA 	Keypress: lctrl
751.9124 	EXP 	Sound  started
752.5741 	DATA 	Keypress: rctrl
752.6625 	EXP 	Sound  started
753.3420 	DATA 	Keypress: lctrl
753.4125 	EXP 	Sound  started
753.9821 	DATA 	Keypress: rctrl
754.1625 	EXP 	Sound  started
754.7661 	DATA 	Keypress: rctrl
754.9125 	EXP 	Sound  started
755.5982 	DATA 	Keypress: rctrl
755.6625 	EXP 	Sound  started
756.3661 	DATA 	Keypress: rctrl
756.4125 	EXP 	Sound  started
757.0381 	DATA 	Keypress: lctrl
757.1625 	EXP 	Sound  started
757.8381 	DATA 	Keypress: lctrl
757.9126 	EXP 	Sound  started
758.5101 	DATA 	Keypress: lctrl
758.6626 	EXP 	Sound  started
759.2941 	DATA 	Keypress: rctrl
759.4126 	EXP 	Sound  started
759.9821 	DATA 	Keypress: rctrl
760.1626 	EXP 	Sound  started
760.7820 	DATA 	Keypress: rctrl
760.9126 	EXP 	Sound  started
761.5340 	DATA 	Keypress: rctrl
761.6626 	EXP 	Sound  started
762.2862 	DATA 	Keypress: lctrl
762.4126 	EXP 	Sound  started
763.0221 	DATA 	Keypress: lctrl
763.1627 	EXP 	Sound  started
763.8380 	DATA 	Keypress: lctrl
763.9127 	EXP 	Sound  started
764.5901 	DATA 	Keypress: lctrl
764.6627 	EXP 	Sound  started
765.2781 	DATA 	Keypress: rctrl
765.4127 	EXP 	Sound  started
765.9980 	DATA 	Keypress: rctrl
766.1627 	EXP 	Sound  started
766.7821 	DATA 	Keypress: lctrl
766.9127 	EXP 	Sound  started
767.4701 	DATA 	Keypress: rctrl
767.6627 	EXP 	Sound  started
768.2381 	DATA 	Keypress: lctrl
768.4127 	EXP 	Sound  started
768.9902 	DATA 	Keypress: rctrl
769.1628 	EXP 	Sound  started
769.8062 	DATA 	Keypress: lctrl
769.9128 	EXP 	Sound  started
770.5421 	DATA 	Keypress: lctrl
770.6628 	EXP 	Sound  started
771.2781 	DATA 	Keypress: lctrl
771.4128 	EXP 	Sound  started
771.9981 	DATA 	Keypress: lctrl
772.1628 	EXP 	Sound  started
772.7662 	DATA 	Keypress: lctrl
772.9128 	EXP 	Sound  started
773.4861 	DATA 	Keypress: rctrl
773.6628 	EXP 	Sound  started
774.2541 	DATA 	Keypress: lctrl
774.4129 	EXP 	Sound  started
775.0061 	DATA 	Keypress: rctrl
775.1629 	EXP 	Sound  started
775.7421 	DATA 	Keypress: lctrl
775.9129 	EXP 	Sound  started
776.4462 	DATA 	Keypress: rctrl
776.6629 	EXP 	Sound  started
777.2941 	DATA 	Keypress: lctrl
777.4129 	EXP 	Sound  started
777.9501 	DATA 	Keypress: rctrl
778.1629 	EXP 	Sound  started
778.7341 	DATA 	Keypress: lctrl
778.9129 	EXP 	Sound  started
779.5182 	DATA 	Keypress: rctrl
779.6630 	EXP 	Sound  started
780.2541 	DATA 	Keypress: rctrl
780.4130 	EXP 	Sound  started
781.0701 	DATA 	Keypress: rctrl
781.1630 	EXP 	Sound  started
781.7741 	DATA 	Keypress: rctrl
781.9130 	EXP 	Sound  started
782.5262 	DATA 	Keypress: rctrl
782.6630 	EXP 	Sound  started
783.2781 	DATA 	Keypress: lctrl
783.4130 	EXP 	Sound  started
784.0621 	DATA 	Keypress: rctrl
784.1630 	EXP 	Sound  started
784.7821 	DATA 	Keypress: lctrl
784.9131 	EXP 	Sound  started
785.4541 	DATA 	Keypress: lctrl
785.6631 	EXP 	Sound  started
786.2061 	DATA 	Keypress: rctrl
786.4131 	EXP 	Sound  started
786.9742 	DATA 	Keypress: lctrl
787.1631 	EXP 	Sound  started
787.7901 	DATA 	Keypress: rctrl
787.9131 	EXP 	Sound  started
788.5261 	DATA 	Keypress: lctrl
788.6631 	EXP 	Sound  started
789.2622 	DATA 	Keypress: rctrl
789.4131 	EXP 	Sound  started
789.9822 	DATA 	Keypress: rctrl
790.1632 	EXP 	Sound  started
790.7661 	DATA 	Keypress: rctrl
790.9132 	EXP 	Sound  started
791.5181 	DATA 	Keypress: rctrl
791.6632 	EXP 	Sound  started
792.3341 	DATA 	Keypress: rctrl
793.5864 	DATA 	Keypress: 2
793.6029 	EXP 	unnamed ShapeStim: vertices = <class 'numpy.ndarray'>
797.1560 	DATA 	Keypress: 3
797.1724 	EXP 	unnamed ShapeStim: vertices = <class 'numpy.ndarray'>
800.4462 	DATA 	Keypress: 2
800.4752 	EXP 	unnamed ShapeStim: vertices = <class 'numpy.ndarray'>
802.7594 	EXP 	Sound  started
802.7596 	DATA 	Keypress: rctrl
803.3581 	DATA 	Keypress: rctrl
803.5094 	EXP 	Sound  started
804.1421 	DATA 	Keypress: rctrl
804.2594 	EXP 	Sound  started
804.8301 	DATA 	Keypress: rctrl
805.0094 	EXP 	Sound  started
805.6302 	DATA 	Keypress: rctrl
805.7594 	EXP 	Sound  started
806.4141 	DATA 	Keypress: rctrl
806.5094 	EXP 	Sound  started
807.2595 	EXP 	Sound  started
807.2621 	DATA 	Keypress: rctrl
807.9341 	DATA 	Keypress: lctrl
808.0095 	EXP 	Sound  started
808.6542 	DATA 	Keypress: rctrl
808.7595 	EXP 	Sound  started
809.3741 	DATA 	Keypress: lctrl
809.5095 	EXP 	Sound  started
810.1422 	DATA 	Keypress: rctrl
810.2595 	EXP 	Sound  started
810.8461 	DATA 	Keypress: rctrl
811.0095 	EXP 	Sound  started
811.5821 	DATA 	Keypress: rctrl
811.7595 	EXP 	Sound  started
812.3661 	DATA 	Keypress: rctrl
812.5096 	EXP 	Sound  started
813.1341 	DATA 	Keypress: lctrl
813.2596 	EXP 	Sound  started
813.8701 	DATA 	Keypress: lctrl
814.0096 	EXP 	Sound  started
814.7022 	DATA 	Keypress: rctrl
814.7596 	EXP 	Sound  started
815.4862 	DATA 	Keypress: lctrl
815.5096 	EXP 	Sound  started
816.1741 	DATA 	Keypress: rctrl
816.2596 	EXP 	Sound  started
816.8621 	DATA 	Keypress: lctrl
817.0096 	EXP 	Sound  started
817.5661 	DATA 	Keypress: rctrl
817.7597 	EXP 	Sound  started
818.3342 	DATA 	Keypress: lctrl
818.5097 	EXP 	Sound  started
819.1181 	DATA 	Keypress: rctrl
819.2597 	EXP 	Sound  started
819.8541 	DATA 	Keypress: lctrl
820.0097 	EXP 	Sound  started
820.6381 	DATA 	Keypress: rctrl
820.7597 	EXP 	Sound  started
821.3581 	DATA 	Keypress: lctrl
821.5097 	EXP 	Sound  started
822.1421 	DATA 	Keypress: rctrl
822.2597 	EXP 	Sound  started
822.9581 	DATA 	Keypress: lctrl
823.0098 	EXP 	Sound  started
823.7101 	DATA 	Keypress: rctrl
823.7598 	EXP 	Sound  started
824.4141 	DATA 	Keypress: lctrl
824.5098 	EXP 	Sound  started
825.1821 	DATA 	Keypress: rctrl
825.2598 	EXP 	Sound  started
825.9021 	DATA 	Keypress: lctrl
826.0098 	EXP 	Sound  started
826.6861 	DATA 	Keypress: rctrl
826.7598 	EXP 	Sound  started
827.3901 	DATA 	Keypress: lctrl
827.5098 	EXP 	Sound  started
828.1901 	DATA 	Keypress: rctrl
828.2598 	EXP 	Sound  started
828.9421 	DATA 	Keypress: lctrl
829.0099 	EXP 	Sound  started
829.7599 	EXP 	Sound  started
830.5099 	EXP 	Sound  started
830.6221 	DATA 	Keypress: rctrl
831.2142 	DATA 	Keypress: rctrl
831.2599 	EXP 	Sound  started
831.9181 	DATA 	Keypress: rctrl
832.0099 	EXP 	Sound  started
832.6221 	DATA 	Keypress: rctrl
832.7600 	EXP 	Sound  started
833.3901 	DATA 	Keypress: rctrl
833.5100 	EXP 	Sound  started
834.2600 	EXP 	Sound  started
834.3981 	DATA 	Keypress: lctrl
834.8941 	DATA 	Keypress: rctrl
835.0100 	EXP 	Sound  started
835.6621 	DATA 	Keypress: lctrl
835.7600 	EXP 	Sound  started
836.4301 	DATA 	Keypress: lctrl
836.5100 	EXP 	Sound  started
837.2141 	DATA 	Keypress: rctrl
837.2600 	EXP 	Sound  started
837.9981 	DATA 	Keypress: lctrl
838.0100 	EXP 	Sound  started
838.7021 	DATA 	Keypress: rctrl
838.7600 	EXP 	Sound  started
839.4862 	DATA 	Keypress: rctrl
839.5101 	EXP 	Sound  started
840.1901 	DATA 	Keypress: lctrl
840.2601 	EXP 	Sound  started
840.9581 	DATA 	Keypress: rctrl
841.0101 	EXP 	Sound  started
841.6621 	DATA 	Keypress: lctrl
841.7601 	EXP 	Sound  started
842.3821 	DATA 	Keypress: lctrl
842.5102 	EXP 	Sound  started
843.1821 	DATA 	Keypress: lctrl
843.2602 	EXP 	Sound  started
843.9182 	DATA 	Keypress: lctrl
844.0102 	EXP 	Sound  started
844.6381 	DATA 	Keypress: lctrl
844.7603 	EXP 	Sound  started
845.4382 	DATA 	Keypress: lctrl
845.5103 	EXP 	Sound  started
846.2061 	DATA 	Keypress: rctrl
846.2603 	EXP 	Sound  started
846.8781 	DATA 	Keypress: lctrl
847.0103 	EXP 	Sound  started
847.6141 	DATA 	Keypress: rctrl
847.7603 	EXP 	Sound  started
848.4141 	DATA 	Keypress: lctrl
848.5103 	EXP 	Sound  started
849.1821 	DATA 	Keypress: rctrl
849.2603 	EXP 	Sound  started
849.8861 	DATA 	Keypress: rctrl
850.0103 	EXP 	Sound  started
850.6701 	DATA 	Keypress: rctrl
850.7604 	EXP 	Sound  started
851.4221 	DATA 	Keypress: rctrl
851.5104 	EXP 	Sound  started
852.1101 	DATA 	Keypress: rctrl
852.2604 	EXP 	Sound  started
853.0104 	EXP 	Sound  started
853.6782 	DATA 	Keypress: rctrl
853.7604 	EXP 	Sound  started
854.5104 	EXP 	Sound  started
854.5261 	DATA 	Keypress: lctrl
855.1982 	DATA 	Keypress: lctrl
855.2605 	EXP 	Sound  started
855.8701 	DATA 	Keypress: lctrl
856.0105 	EXP 	Sound  started
856.7021 	DATA 	Keypress: lctrl
856.7605 	EXP 	Sound  started
857.4222 	DATA 	Keypress: lctrl
857.5105 	EXP 	Sound  started
858.1261 	DATA 	Keypress: lctrl
858.2605 	EXP 	Sound  started
858.9421 	DATA 	Keypress: lctrl
859.0105 	EXP 	Sound  started
859.7101 	DATA 	Keypress: rctrl
859.7605 	EXP 	Sound  started
860.4461 	DATA 	Keypress: rctrl
860.5105 	EXP 	Sound  started
861.2301 	DATA 	Keypress: lctrl
861.2606 	EXP 	Sound  started
861.9181 	DATA 	Keypress: rctrl
863.2811 	DATA 	Keypress: 3
863.3105 	EXP 	unnamed ShapeStim: vertices = <class 'numpy.ndarray'>
866.8336 	DATA 	Keypress: 3
866.8629 	EXP 	unnamed ShapeStim: vertices = <class 'numpy.ndarray'>
868.7524 	DATA 	Keypress: 3
868.7817 	EXP 	unnamed ShapeStim: vertices = <class 'numpy.ndarray'>
871.0669 	DATA 	Keypress: lctrl
977.9822 	DATA 	Keypress: return
978.0447 	EXP 	window1: mouseVisible = True
