17.3844 	WARNING 	User requested fullscreen with size [1024  768], but screen is actually [1920, 1200]. Using actual size
18.1793 	EXP 	Created window1 = Window(allowGUI=False, allowStencil=False, autoLog=True, backendConf=UNKNOWN, bitsMode=UNKNOWN, blendMode='avg', bpc=(8, 8, 8), color=array([0, 0, 0]), colorSpace='rgb', depthBits=8, fullscr=<method-wrapper '__getattribute__' of attributeSetter object at 0x000001EADAD76780>, gamma=None, gammaErrorPolicy='raise', lms=UNKNOWN, monitor=<psychopy.monitors.calibTools.Monitor object at 0x000001EADC475080>, multiSample=False, name='window1', numSamples=2, pos=[0.0, 0.0], screen=0, size=array([1920, 1200]), stencilBits=0, stereo=False, units='norm', useFBO=True, useRetina=False, viewOri=0.0, viewPos=None, viewScale=None, waitBlanking=True, winType='pyglet')
18.1796 	EXP 	window1: mouseVisible = True
18.1797 	EXP 	window1: mouseVisible = False
18.1797 	EXP 	window1: recordFrameIntervals = False
18.3457 	EXP 	window1: recordFrameIntervals = True
18.5293 	EXP 	window1: recordFrameIntervals = False
18.5832 	EXP 	Created text = TextStim(__class__=<class 'psychopy.visual.text.TextStim'>, alignHoriz=method-wrapper(...), alignText='center', alignVert=method-wrapper(...), anchorHoriz='center', anchorVert='center', antialias=True, autoLog=True, bold=False, color=array([1., 1., 1.]), colorSpace='rgb', contrast=1.0, depth=0.0, flipHoriz=False, flipVert=False, font='Arial', fontFiles=[], height=0.15, italic=False, languageStyle='LTR', name='text', opacity=1, ori=0, pos=array([0., 0.]), rgb=UNKNOWN, text='+', units='norm', win=Window(...), wrapWidth=1)
18.6036 	EXP 	Created text = TextStim(__class__=<class 'psychopy.visual.text.TextStim'>, alignHoriz=method-wrapper(...), alignText='center', alignVert=method-wrapper(...), anchorHoriz='center', anchorVert='center', antialias=True, autoLog=True, bold=False, color=array([1., 1., 1.]), colorSpace='rgb', contrast=1.0, depth=0.0, flipHoriz=False, flipVert=False, font='Arial', fontFiles=[], height=0.07, italic=False, languageStyle='LTR', name='text', opacity=1, ori=0, pos=array([0., 0.]), rgb=UNKNOWN, text=str(...), units='norm', win=Window(...), wrapWidth=1.65)
18.6161 	EXP 	Created text = TextStim(__class__=<class 'psychopy.visual.text.TextStim'>, alignHoriz=method-wrapper(...), alignText='center', alignVert=method-wrapper(...), anchorHoriz='center', anchorVert='center', antialias=True, autoLog=True, bold=False, color=array([1., 1., 1.]), colorSpace='rgb', contrast=1.0, depth=0.0, flipHoriz=False, flipVert=False, font='Arial', fontFiles=[], height=0.07, italic=False, languageStyle='LTR', name='text', opacity=1, ori=0, pos=array([0., 0.]), rgb=UNKNOWN, text=str(...), units='norm', win=Window(...), wrapWidth=1.65)
18.6257 	EXP 	Created text = TextStim(__class__=<class 'psychopy.visual.text.TextStim'>, alignHoriz=method-wrapper(...), alignText='center', alignVert=method-wrapper(...), anchorHoriz='center', anchorVert='center', antialias=True, autoLog=True, bold=False, color=array([1., 1., 1.]), colorSpace='rgb', contrast=1.0, depth=0.0, flipHoriz=False, flipVert=False, font='Arial', fontFiles=[], height=0.07, italic=False, languageStyle='LTR', name='text', opacity=1, ori=0, pos=array([0., 0.]), rgb=UNKNOWN, text=str(...), units='norm', win=Window(...), wrapWidth=1.65)
18.6361 	EXP 	Created text = TextStim(__class__=<class 'psychopy.visual.text.TextStim'>, alignHoriz=method-wrapper(...), alignText='center', alignVert=method-wrapper(...), anchorHoriz='center', anchorVert='center', antialias=True, autoLog=True, bold=False, color=array([1., 1., 1.]), colorSpace='rgb', contrast=1.0, depth=0.0, flipHoriz=False, flipVert=False, font='Arial', fontFiles=[], height=0.07, italic=False, languageStyle='LTR', name='text', opacity=1, ori=0, pos=array([0., 0.]), rgb=UNKNOWN, text=str(...), units='norm', win=Window(...), wrapWidth=1.65)
18.6415 	EXP 	Created text = TextStim(__class__=<class 'psychopy.visual.text.TextStim'>, alignHoriz=method-wrapper(...), alignText='center', alignVert=method-wrapper(...), anchorHoriz='center', anchorVert='center', antialias=True, autoLog=True, bold=False, color=array([1., 1., 1.]), colorSpace='rgb', contrast=1.0, depth=0.0, flipHoriz=False, flipVert=False, font='Arial', fontFiles=[], height=0.07, italic=False, languageStyle='LTR', name='text', opacity=1, ori=0, pos=array([0., 0.]), rgb=UNKNOWN, text=str(...), units='norm', win=Window(...), wrapWidth=1.65)
18.6562 	EXP 	Created text = TextStim(__class__=<class 'psychopy.visual.text.TextStim'>, alignHoriz=method-wrapper(...), alignText='center', alignVert=method-wrapper(...), anchorHoriz='center', anchorVert='center', antialias=True, autoLog=True, bold=False, color=array([1., 1., 1.]), colorSpace='rgb', contrast=1.0, depth=0.0, flipHoriz=False, flipVert=False, font='Arial', fontFiles=[], height=0.15, italic=False, languageStyle='LTR', name='text', opacity=1, ori=0, pos=array([0., 0.]), rgb=UNKNOWN, text=str(...), units='norm', win=Window(...), wrapWidth=1.65)
18.6847 	EXP 	Created text = TextStim(__class__=<class 'psychopy.visual.text.TextStim'>, alignHoriz=method-wrapper(...), alignText='center', alignVert=method-wrapper(...), anchorHoriz='center', anchorVert='center', antialias=True, autoLog=True, bold=False, color=array([1., 1., 1.]), colorSpace='rgb', contrast=1.0, depth=0.0, flipHoriz=False, flipVert=False, font='Arial', fontFiles=[], height=0.07, italic=False, languageStyle='LTR', name='text', opacity=1, ori=0, pos=array([0., 0.]), rgb=UNKNOWN, text=str(...), units='norm', win=Window(...), wrapWidth=1.65)
18.7028 	EXP 	Created text = TextStim(__class__=<class 'psychopy.visual.text.TextStim'>, alignHoriz=method-wrapper(...), alignText='center', alignVert=method-wrapper(...), anchorHoriz='center', anchorVert='center', antialias=True, autoLog=True, bold=False, color=array([1., 1., 1.]), colorSpace='rgb', contrast=1.0, depth=0.0, flipHoriz=False, flipVert=False, font='Arial', fontFiles=[], height=0.07, italic=False, languageStyle='LTR', name='text', opacity=1, ori=0, pos=array([0., 0.]), rgb=UNKNOWN, text=str(...), units='norm', win=Window(...), wrapWidth=1.65)
18.7325 	EXP 	Created text = TextStim(__class__=<class 'psychopy.visual.text.TextStim'>, alignHoriz=method-wrapper(...), alignText='center', alignVert=method-wrapper(...), anchorHoriz='center', anchorVert='center', antialias=True, autoLog=True, bold=False, color=array([1., 1., 1.]), colorSpace='rgb', contrast=1.0, depth=0.0, flipHoriz=False, flipVert=False, font='Arial', fontFiles=[], height=0.07, italic=False, languageStyle='LTR', name='text', opacity=1, ori=0, pos=array([0., 0.]), rgb=UNKNOWN, text=str(...), units='norm', win=Window(...), wrapWidth=1.65)
18.7600 	EXP 	Created text = TextStim(__class__=<class 'psychopy.visual.text.TextStim'>, alignHoriz=method-wrapper(...), alignText='center', alignVert=method-wrapper(...), anchorHoriz='center', anchorVert='center', antialias=True, autoLog=True, bold=False, color=array([1., 1., 1.]), colorSpace='rgb', contrast=1.0, depth=0.0, flipHoriz=False, flipVert=False, font='Arial', fontFiles=[], height=0.07, italic=False, languageStyle='LTR', name='text', opacity=1, ori=0, pos=array([0., 0.]), rgb=UNKNOWN, text=str(...), units='norm', win=Window(...), wrapWidth=1.65)
18.7923 	EXP 	Created text = TextStim(__class__=<class 'psychopy.visual.text.TextStim'>, alignHoriz=method-wrapper(...), alignText='center', alignVert=method-wrapper(...), anchorHoriz='center', anchorVert='center', antialias=True, autoLog=True, bold=False, color=array([1., 1., 1.]), colorSpace='rgb', contrast=1.0, depth=0.0, flipHoriz=False, flipVert=False, font='Arial', fontFiles=[], height=0.07, italic=False, languageStyle='LTR', name='text', opacity=1, ori=0, pos=array([0., 0.]), rgb=UNKNOWN, text=str(...), units='norm', win=Window(...), wrapWidth=1.65)
18.8010 	EXP 	Created text = TextStim(__class__=<class 'psychopy.visual.text.TextStim'>, alignHoriz=method-wrapper(...), alignText='center', alignVert=method-wrapper(...), anchorHoriz='center', anchorVert='center', antialias=True, autoLog=True, bold=False, color=array([1., 1., 1.]), colorSpace='rgb', contrast=1.0, depth=0.0, flipHoriz=False, flipVert=False, font='Arial', fontFiles=[], height=0.07, italic=False, languageStyle='LTR', name='text', opacity=1, ori=0, pos=array([0., 0.]), rgb=UNKNOWN, text=str(...), units='norm', win=Window(...), wrapWidth=1.65)
18.8132 	EXP 	Created text = TextStim(__class__=<class 'psychopy.visual.text.TextStim'>, alignHoriz=method-wrapper(...), alignText='center', alignVert=method-wrapper(...), anchorHoriz='center', anchorVert='center', antialias=True, autoLog=True, bold=False, color=array([1., 1., 1.]), colorSpace='rgb', contrast=1.0, depth=0.0, flipHoriz=False, flipVert=False, font='Arial', fontFiles=[], height=0.07, italic=False, languageStyle='LTR', name='text', opacity=1, ori=0, pos=array([0., 0.]), rgb=UNKNOWN, text=str(...), units='norm', win=Window(...), wrapWidth=1.65)
18.8176 	EXP 	Created instru = TextStim(__class__=<class 'psychopy.visual.text.TextStim'>, alignHoriz=method-wrapper(...), alignText='center', alignVert=method-wrapper(...), anchorHoriz='center', anchorVert='center', antialias=True, autoLog=True, bold=False, color=array([1., 1., 1.]), colorSpace='rgb', contrast=1.0, depth=0.0, flipHoriz=False, flipVert=False, font='Arial', fontFiles=[], height=0.07, italic=False, languageStyle='LTR', name='instru', opacity=1, ori=0, pos=array([0. , 0.5]), rgb=UNKNOWN, text=str(...), units='norm', win=Window(...), wrapWidth=1)
18.8202 	EXP 	Created unnamed Line = Line(__class__=<class 'psychopy.visual.line.Line'>, autoDraw=False, autoLog=True, closeShape=False, color=array([1., 1., 1.]), colorSpace='rgb', contrast=None, depth=0, fillColor=array([0, 0, 0]), fillColorSpace='rgb', fillRGB=array([0, 0, 0]), interpolate=True, lineColor=array([1., 1., 1.]), lineColorSpace='rgb', lineRGB=array([1, 1, 1]), lineWidth=5, name='unnamed Line', opacity=0.5, ori=0.0, pos=array([0., 0.]), size=array([1., 1.]), units='norm', vertices=array([[-0.5,  0. ],
       [ 0.5,  0. ]]), win=Window(...), windingRule=None)
18.8221 	EXP 	Created unnamed Line = Line(__class__=<class 'psychopy.visual.line.Line'>, autoDraw=False, autoLog=True, closeShape=False, color=array([1., 1., 1.]), colorSpace='rgb', contrast=None, depth=0, fillColor=array([0, 0, 0]), fillColorSpace='rgb', fillRGB=array([0, 0, 0]), interpolate=True, lineColor=array([1., 1., 1.]), lineColorSpace='rgb', lineRGB=array([1, 1, 1]), lineWidth=3, name='unnamed Line', opacity=0.5, ori=0.0, pos=array([0., 0.]), size=array([1., 1.]), units='norm', vertices=array([[-0.5 , -0.05],
       [-0.5 ,  0.05]]), win=Window(...), windingRule=None)
18.8241 	EXP 	Created unnamed Line = Line(__class__=<class 'psychopy.visual.line.Line'>, autoDraw=False, autoLog=True, closeShape=False, color=array([1., 1., 1.]), colorSpace='rgb', contrast=None, depth=0, fillColor=array([0, 0, 0]), fillColorSpace='rgb', fillRGB=array([0, 0, 0]), interpolate=True, lineColor=array([1., 1., 1.]), lineColorSpace='rgb', lineRGB=array([1, 1, 1]), lineWidth=3, name='unnamed Line', opacity=0.5, ori=0.0, pos=array([0., 0.]), size=array([1., 1.]), units='norm', vertices=ndarray(...), win=Window(...), windingRule=None)
18.8260 	EXP 	Created unnamed Line = Line(__class__=<class 'psychopy.visual.line.Line'>, autoDraw=False, autoLog=True, closeShape=False, color=array([1., 1., 1.]), colorSpace='rgb', contrast=None, depth=0, fillColor=array([0, 0, 0]), fillColorSpace='rgb', fillRGB=array([0, 0, 0]), interpolate=True, lineColor=array([1., 1., 1.]), lineColorSpace='rgb', lineRGB=array([1, 1, 1]), lineWidth=3, name='unnamed Line', opacity=0.5, ori=0.0, pos=array([0., 0.]), size=array([1., 1.]), units='norm', vertices=ndarray(...), win=Window(...), windingRule=None)
18.8280 	EXP 	Created unnamed Line = Line(__class__=<class 'psychopy.visual.line.Line'>, autoDraw=False, autoLog=True, closeShape=False, color=array([1., 1., 1.]), colorSpace='rgb', contrast=None, depth=0, fillColor=array([0, 0, 0]), fillColorSpace='rgb', fillRGB=array([0, 0, 0]), interpolate=True, lineColor=array([1., 1., 1.]), lineColorSpace='rgb', lineRGB=array([1, 1, 1]), lineWidth=3, name='unnamed Line', opacity=0.5, ori=0.0, pos=array([0., 0.]), size=array([1., 1.]), units='norm', vertices=array([[ 0.5 , -0.05],
       [ 0.5 ,  0.05]]), win=Window(...), windingRule=None)
18.8399 	EXP 	Created unnamed TextStim = TextStim(__class__=<class 'psychopy.visual.text.TextStim'>, alignHoriz=method-wrapper(...), alignText='center', alignVert=method-wrapper(...), anchorHoriz='center', anchorVert='center', antialias=True, autoLog=True, bold=False, color=array([1., 1., 1.]), colorSpace='rgb', contrast=1.0, depth=0, flipHoriz=False, flipVert=False, font='', fontFiles=[], height=0.05, italic=False, languageStyle='LTR', name='unnamed TextStim', opacity=1.0, ori=0.0, pos=array([-0.5, -0.1]), rgb=UNKNOWN, text='Clearly \n NOT FOCUSED', units='norm', win=Window(...), wrapWidth=1)
18.8409 	EXP 	Created unnamed TextStim = TextStim(__class__=<class 'psychopy.visual.text.TextStim'>, alignHoriz=method-wrapper(...), alignText='center', alignVert=method-wrapper(...), anchorHoriz='center', anchorVert='center', antialias=True, autoLog=True, bold=False, color=array([1., 1., 1.]), colorSpace='rgb', contrast=1.0, depth=0, flipHoriz=False, flipVert=False, font='', fontFiles=[], height=0.05, italic=False, languageStyle='LTR', name='unnamed TextStim', opacity=1.0, ori=0.0, pos=array([-0.16666667, -0.1       ]), rgb=UNKNOWN, text='', units='norm', win=Window(...), wrapWidth=1)
18.8419 	EXP 	Created unnamed TextStim = TextStim(__class__=<class 'psychopy.visual.text.TextStim'>, alignHoriz=method-wrapper(...), alignText='center', alignVert=method-wrapper(...), anchorHoriz='center', anchorVert='center', antialias=True, autoLog=True, bold=False, color=array([1., 1., 1.]), colorSpace='rgb', contrast=1.0, depth=0, flipHoriz=False, flipVert=False, font='', fontFiles=[], height=0.05, italic=False, languageStyle='LTR', name='unnamed TextStim', opacity=1.0, ori=0.0, pos=array([ 0.16666667, -0.1       ]), rgb=UNKNOWN, text='', units='norm', win=Window(...), wrapWidth=1)
18.8449 	EXP 	Created unnamed TextStim = TextStim(__class__=<class 'psychopy.visual.text.TextStim'>, alignHoriz=method-wrapper(...), alignText='center', alignVert=method-wrapper(...), anchorHoriz='center', anchorVert='center', antialias=True, autoLog=True, bold=False, color=array([1., 1., 1.]), colorSpace='rgb', contrast=1.0, depth=0, flipHoriz=False, flipVert=False, font='', fontFiles=[], height=0.05, italic=False, languageStyle='LTR', name='unnamed TextStim', opacity=1.0, ori=0.0, pos=array([ 0.5, -0.1]), rgb=UNKNOWN, text='Clearly \n FOCUSED', units='norm', win=Window(...), wrapWidth=1)
18.8466 	EXP 	Created unnamed ShapeStim = ShapeStim(__class__=<class 'psychopy.visual.shape.ShapeStim'>, autoDraw=False, autoLog=True, closeShape=True, color=method-wrapper(...), colorSpace='rgb', contrast=None, depth=0, fillColor=array([1, 1, 1]), fillColorSpace='rgb', fillRGB=array([1, 1, 1]), interpolate=True, lineColor=array([-1., -1., -1.]), lineColorSpace='rgb', lineRGB=array([-1, -1, -1]), lineWidth=1.5, name='unnamed ShapeStim', opacity=1.0, ori=0.0, pos=array([0., 0.]), size=array([1., 1.]), units='norm', vertices=ndarray(...), win=Window(...), windingRule=None)
18.8552 	EXP 	Created instru = TextStim(__class__=<class 'psychopy.visual.text.TextStim'>, alignHoriz=method-wrapper(...), alignText='center', alignVert=method-wrapper(...), anchorHoriz='center', anchorVert='center', antialias=True, autoLog=True, bold=False, color=array([1., 1., 1.]), colorSpace='rgb', contrast=1.0, depth=0.0, flipHoriz=False, flipVert=False, font='Arial', fontFiles=[], height=0.07, italic=False, languageStyle='LTR', name='instru', opacity=1, ori=0, pos=array([0. , 0.5]), rgb=UNKNOWN, text=str(...), units='norm', win=Window(...), wrapWidth=1)
18.8572 	EXP 	Created unnamed Line = Line(__class__=<class 'psychopy.visual.line.Line'>, autoDraw=False, autoLog=True, closeShape=False, color=array([1., 1., 1.]), colorSpace='rgb', contrast=None, depth=0, fillColor=array([0, 0, 0]), fillColorSpace='rgb', fillRGB=array([0, 0, 0]), interpolate=True, lineColor=array([1., 1., 1.]), lineColorSpace='rgb', lineRGB=array([1, 1, 1]), lineWidth=5, name='unnamed Line', opacity=0.5, ori=0.0, pos=array([0., 0.]), size=array([1., 1.]), units='norm', vertices=array([[-0.5,  0. ],
       [ 0.5,  0. ]]), win=Window(...), windingRule=None)
18.8592 	EXP 	Created unnamed Line = Line(__class__=<class 'psychopy.visual.line.Line'>, autoDraw=False, autoLog=True, closeShape=False, color=array([1., 1., 1.]), colorSpace='rgb', contrast=None, depth=0, fillColor=array([0, 0, 0]), fillColorSpace='rgb', fillRGB=array([0, 0, 0]), interpolate=True, lineColor=array([1., 1., 1.]), lineColorSpace='rgb', lineRGB=array([1, 1, 1]), lineWidth=3, name='unnamed Line', opacity=0.5, ori=0.0, pos=array([0., 0.]), size=array([1., 1.]), units='norm', vertices=array([[-0.5 , -0.05],
       [-0.5 ,  0.05]]), win=Window(...), windingRule=None)
18.8612 	EXP 	Created unnamed Line = Line(__class__=<class 'psychopy.visual.line.Line'>, autoDraw=False, autoLog=True, closeShape=False, color=array([1., 1., 1.]), colorSpace='rgb', contrast=None, depth=0, fillColor=array([0, 0, 0]), fillColorSpace='rgb', fillRGB=array([0, 0, 0]), interpolate=True, lineColor=array([1., 1., 1.]), lineColorSpace='rgb', lineRGB=array([1, 1, 1]), lineWidth=3, name='unnamed Line', opacity=0.5, ori=0.0, pos=array([0., 0.]), size=array([1., 1.]), units='norm', vertices=ndarray(...), win=Window(...), windingRule=None)
18.8632 	EXP 	Created unnamed Line = Line(__class__=<class 'psychopy.visual.line.Line'>, autoDraw=False, autoLog=True, closeShape=False, color=array([1., 1., 1.]), colorSpace='rgb', contrast=None, depth=0, fillColor=array([0, 0, 0]), fillColorSpace='rgb', fillRGB=array([0, 0, 0]), interpolate=True, lineColor=array([1., 1., 1.]), lineColorSpace='rgb', lineRGB=array([1, 1, 1]), lineWidth=3, name='unnamed Line', opacity=0.5, ori=0.0, pos=array([0., 0.]), size=array([1., 1.]), units='norm', vertices=ndarray(...), win=Window(...), windingRule=None)
18.8652 	EXP 	Created unnamed Line = Line(__class__=<class 'psychopy.visual.line.Line'>, autoDraw=False, autoLog=True, closeShape=False, color=array([1., 1., 1.]), colorSpace='rgb', contrast=None, depth=0, fillColor=array([0, 0, 0]), fillColorSpace='rgb', fillRGB=array([0, 0, 0]), interpolate=True, lineColor=array([1., 1., 1.]), lineColorSpace='rgb', lineRGB=array([1, 1, 1]), lineWidth=3, name='unnamed Line', opacity=0.5, ori=0.0, pos=array([0., 0.]), size=array([1., 1.]), units='norm', vertices=array([[ 0.5 , -0.05],
       [ 0.5 ,  0.05]]), win=Window(...), windingRule=None)
18.8702 	EXP 	Created unnamed TextStim = TextStim(__class__=<class 'psychopy.visual.text.TextStim'>, alignHoriz=method-wrapper(...), alignText='center', alignVert=method-wrapper(...), anchorHoriz='center', anchorVert='center', antialias=True, autoLog=True, bold=False, color=array([1., 1., 1.]), colorSpace='rgb', contrast=1.0, depth=0, flipHoriz=False, flipVert=False, font='', fontFiles=[], height=0.05, italic=False, languageStyle='LTR', name='unnamed TextStim', opacity=1.0, ori=0.0, pos=array([-0.5, -0.1]), rgb=UNKNOWN, text='Clearly \n NOTHING', units='norm', win=Window(...), wrapWidth=1)
18.8712 	EXP 	Created unnamed TextStim = TextStim(__class__=<class 'psychopy.visual.text.TextStim'>, alignHoriz=method-wrapper(...), alignText='center', alignVert=method-wrapper(...), anchorHoriz='center', anchorVert='center', antialias=True, autoLog=True, bold=False, color=array([1., 1., 1.]), colorSpace='rgb', contrast=1.0, depth=0, flipHoriz=False, flipVert=False, font='', fontFiles=[], height=0.05, italic=False, languageStyle='LTR', name='unnamed TextStim', opacity=1.0, ori=0.0, pos=array([-0.16666667, -0.1       ]), rgb=UNKNOWN, text='', units='norm', win=Window(...), wrapWidth=1)
18.8722 	EXP 	Created unnamed TextStim = TextStim(__class__=<class 'psychopy.visual.text.TextStim'>, alignHoriz=method-wrapper(...), alignText='center', alignVert=method-wrapper(...), anchorHoriz='center', anchorVert='center', antialias=True, autoLog=True, bold=False, color=array([1., 1., 1.]), colorSpace='rgb', contrast=1.0, depth=0, flipHoriz=False, flipVert=False, font='', fontFiles=[], height=0.05, italic=False, languageStyle='LTR', name='unnamed TextStim', opacity=1.0, ori=0.0, pos=array([ 0.16666667, -0.1       ]), rgb=UNKNOWN, text='', units='norm', win=Window(...), wrapWidth=1)
18.8768 	EXP 	Created unnamed TextStim = TextStim(__class__=<class 'psychopy.visual.text.TextStim'>, alignHoriz=method-wrapper(...), alignText='center', alignVert=method-wrapper(...), anchorHoriz='center', anchorVert='center', antialias=True, autoLog=True, bold=False, color=array([1., 1., 1.]), colorSpace='rgb', contrast=1.0, depth=0, flipHoriz=False, flipVert=False, font='', fontFiles=[], height=0.05, italic=False, languageStyle='LTR', name='unnamed TextStim', opacity=1.0, ori=0.0, pos=array([ 0.5, -0.1]), rgb=UNKNOWN, text='Clearly \n SOMETHING', units='norm', win=Window(...), wrapWidth=1)
18.8788 	EXP 	Created unnamed ShapeStim = ShapeStim(__class__=<class 'psychopy.visual.shape.ShapeStim'>, autoDraw=False, autoLog=True, closeShape=True, color=method-wrapper(...), colorSpace='rgb', contrast=None, depth=0, fillColor=array([1, 1, 1]), fillColorSpace='rgb', fillRGB=array([1, 1, 1]), interpolate=True, lineColor=array([-1., -1., -1.]), lineColorSpace='rgb', lineRGB=array([-1, -1, -1]), lineWidth=1.5, name='unnamed ShapeStim', opacity=1.0, ori=0.0, pos=array([0., 0.]), size=array([1., 1.]), units='norm', vertices=ndarray(...), win=Window(...), windingRule=None)
18.8862 	EXP 	Created instru = TextStim(__class__=<class 'psychopy.visual.text.TextStim'>, alignHoriz=method-wrapper(...), alignText='center', alignVert=method-wrapper(...), anchorHoriz='center', anchorVert='center', antialias=True, autoLog=True, bold=False, color=array([1., 1., 1.]), colorSpace='rgb', contrast=1.0, depth=0.0, flipHoriz=False, flipVert=False, font='Arial', fontFiles=[], height=0.07, italic=False, languageStyle='LTR', name='instru', opacity=1, ori=0, pos=array([0. , 0.5]), rgb=UNKNOWN, text=str(...), units='norm', win=Window(...), wrapWidth=1)
18.8882 	EXP 	Created unnamed Line = Line(__class__=<class 'psychopy.visual.line.Line'>, autoDraw=False, autoLog=True, closeShape=False, color=array([1., 1., 1.]), colorSpace='rgb', contrast=None, depth=0, fillColor=array([0, 0, 0]), fillColorSpace='rgb', fillRGB=array([0, 0, 0]), interpolate=True, lineColor=array([1., 1., 1.]), lineColorSpace='rgb', lineRGB=array([1, 1, 1]), lineWidth=5, name='unnamed Line', opacity=0.5, ori=0.0, pos=array([0., 0.]), size=array([1., 1.]), units='norm', vertices=array([[-0.5,  0. ],
       [ 0.5,  0. ]]), win=Window(...), windingRule=None)
18.8902 	EXP 	Created unnamed Line = Line(__class__=<class 'psychopy.visual.line.Line'>, autoDraw=False, autoLog=True, closeShape=False, color=array([1., 1., 1.]), colorSpace='rgb', contrast=None, depth=0, fillColor=array([0, 0, 0]), fillColorSpace='rgb', fillRGB=array([0, 0, 0]), interpolate=True, lineColor=array([1., 1., 1.]), lineColorSpace='rgb', lineRGB=array([1, 1, 1]), lineWidth=3, name='unnamed Line', opacity=0.5, ori=0.0, pos=array([0., 0.]), size=array([1., 1.]), units='norm', vertices=array([[-0.5 , -0.05],
       [-0.5 ,  0.05]]), win=Window(...), windingRule=None)
18.8922 	EXP 	Created unnamed Line = Line(__class__=<class 'psychopy.visual.line.Line'>, autoDraw=False, autoLog=True, closeShape=False, color=array([1., 1., 1.]), colorSpace='rgb', contrast=None, depth=0, fillColor=array([0, 0, 0]), fillColorSpace='rgb', fillRGB=array([0, 0, 0]), interpolate=True, lineColor=array([1., 1., 1.]), lineColorSpace='rgb', lineRGB=array([1, 1, 1]), lineWidth=3, name='unnamed Line', opacity=0.5, ori=0.0, pos=array([0., 0.]), size=array([1., 1.]), units='norm', vertices=ndarray(...), win=Window(...), windingRule=None)
18.8941 	EXP 	Created unnamed Line = Line(__class__=<class 'psychopy.visual.line.Line'>, autoDraw=False, autoLog=True, closeShape=False, color=array([1., 1., 1.]), colorSpace='rgb', contrast=None, depth=0, fillColor=array([0, 0, 0]), fillColorSpace='rgb', fillRGB=array([0, 0, 0]), interpolate=True, lineColor=array([1., 1., 1.]), lineColorSpace='rgb', lineRGB=array([1, 1, 1]), lineWidth=3, name='unnamed Line', opacity=0.5, ori=0.0, pos=array([0., 0.]), size=array([1., 1.]), units='norm', vertices=ndarray(...), win=Window(...), windingRule=None)
18.8961 	EXP 	Created unnamed Line = Line(__class__=<class 'psychopy.visual.line.Line'>, autoDraw=False, autoLog=True, closeShape=False, color=array([1., 1., 1.]), colorSpace='rgb', contrast=None, depth=0, fillColor=array([0, 0, 0]), fillColorSpace='rgb', fillRGB=array([0, 0, 0]), interpolate=True, lineColor=array([1., 1., 1.]), lineColorSpace='rgb', lineRGB=array([1, 1, 1]), lineWidth=3, name='unnamed Line', opacity=0.5, ori=0.0, pos=array([0., 0.]), size=array([1., 1.]), units='norm', vertices=array([[ 0.5 , -0.05],
       [ 0.5 ,  0.05]]), win=Window(...), windingRule=None)
18.9015 	EXP 	Created unnamed TextStim = TextStim(__class__=<class 'psychopy.visual.text.TextStim'>, alignHoriz=method-wrapper(...), alignText='center', alignVert=method-wrapper(...), anchorHoriz='center', anchorVert='center', antialias=True, autoLog=True, bold=False, color=array([1., 1., 1.]), colorSpace='rgb', contrast=1.0, depth=0, flipHoriz=False, flipVert=False, font='', fontFiles=[], height=0.05, italic=False, languageStyle='LTR', name='unnamed TextStim', opacity=1.0, ori=0.0, pos=array([-0.5, -0.1]), rgb=UNKNOWN, text='Clearly \n SPONTANEOUS', units='norm', win=Window(...), wrapWidth=1)
18.9025 	EXP 	Created unnamed TextStim = TextStim(__class__=<class 'psychopy.visual.text.TextStim'>, alignHoriz=method-wrapper(...), alignText='center', alignVert=method-wrapper(...), anchorHoriz='center', anchorVert='center', antialias=True, autoLog=True, bold=False, color=array([1., 1., 1.]), colorSpace='rgb', contrast=1.0, depth=0, flipHoriz=False, flipVert=False, font='', fontFiles=[], height=0.05, italic=False, languageStyle='LTR', name='unnamed TextStim', opacity=1.0, ori=0.0, pos=array([-0.16666667, -0.1       ]), rgb=UNKNOWN, text='', units='norm', win=Window(...), wrapWidth=1)
18.9040 	EXP 	Created unnamed TextStim = TextStim(__class__=<class 'psychopy.visual.text.TextStim'>, alignHoriz=method-wrapper(...), alignText='center', alignVert=method-wrapper(...), anchorHoriz='center', anchorVert='center', antialias=True, autoLog=True, bold=False, color=array([1., 1., 1.]), colorSpace='rgb', contrast=1.0, depth=0, flipHoriz=False, flipVert=False, font='', fontFiles=[], height=0.05, italic=False, languageStyle='LTR', name='unnamed TextStim', opacity=1.0, ori=0.0, pos=array([ 0.16666667, -0.1       ]), rgb=UNKNOWN, text='', units='norm', win=Window(...), wrapWidth=1)
18.9096 	EXP 	Created unnamed TextStim = TextStim(__class__=<class 'psychopy.visual.text.TextStim'>, alignHoriz=method-wrapper(...), alignText='center', alignVert=method-wrapper(...), anchorHoriz='center', anchorVert='center', antialias=True, autoLog=True, bold=False, color=array([1., 1., 1.]), colorSpace='rgb', contrast=1.0, depth=0, flipHoriz=False, flipVert=False, font='', fontFiles=[], height=0.05, italic=False, languageStyle='LTR', name='unnamed TextStim', opacity=1.0, ori=0.0, pos=array([ 0.5, -0.1]), rgb=UNKNOWN, text='Clearly \n DELIBERATE', units='norm', win=Window(...), wrapWidth=1)
18.9116 	EXP 	Created unnamed ShapeStim = ShapeStim(__class__=<class 'psychopy.visual.shape.ShapeStim'>, autoDraw=False, autoLog=True, closeShape=True, color=method-wrapper(...), colorSpace='rgb', contrast=None, depth=0, fillColor=array([1, 1, 1]), fillColorSpace='rgb', fillRGB=array([1, 1, 1]), interpolate=True, lineColor=array([-1., -1., -1.]), lineColorSpace='rgb', lineRGB=array([-1, -1, -1]), lineWidth=1.5, name='unnamed ShapeStim', opacity=1.0, ori=0.0, pos=array([0., 0.]), size=array([1., 1.]), units='norm', vertices=ndarray(...), win=Window(...), windingRule=None)
18.9610 	EXP 	Sound  set volume 1.000
18.9897 	EXP 	unnamed ShapeStim: vertices = <class 'numpy.ndarray'>
18.9897 	EXP 	unnamed ShapeStim: vertices = <class 'numpy.ndarray'>
18.9897 	EXP 	unnamed ShapeStim: vertices = <class 'numpy.ndarray'>
211.7939 	DATA 	Keypress: rctrl
212.3050 	EXP 	Sound  started
212.6098 	DATA 	Keypress: rctrl
213.0548 	EXP 	Sound  started
213.1537 	DATA 	Keypress: rctrl
213.7778 	DATA 	Keypress: rctrl
213.8048 	EXP 	Sound  started
214.5458 	DATA 	Keypress: lctrl
214.5549 	EXP 	Sound  started
215.2978 	DATA 	Keypress: lctrl
215.3048 	EXP 	Sound  started
216.0549 	EXP 	Sound  started
216.0657 	DATA 	Keypress: lctrl
216.8017 	DATA 	Keypress: rctrl
216.8049 	EXP 	Sound  started
217.5549 	EXP 	Sound  started
217.5697 	DATA 	Keypress: rctrl
218.2577 	DATA 	Keypress: lctrl
218.3049 	EXP 	Sound  started
219.0257 	DATA 	Keypress: rctrl
219.0549 	EXP 	Sound  started
219.7457 	DATA 	Keypress: rctrl
219.8049 	EXP 	Sound  started
220.5457 	DATA 	Keypress: rctrl
220.5549 	EXP 	Sound  started
221.3050 	EXP 	Sound  started
221.3137 	DATA 	Keypress: lctrl
222.0550 	EXP 	Sound  started
222.0658 	DATA 	Keypress: rctrl
222.8050 	EXP 	Sound  started
222.8177 	DATA 	Keypress: rctrl
223.5378 	DATA 	Keypress: rctrl
223.5550 	EXP 	Sound  started
224.2577 	DATA 	Keypress: rctrl
224.3050 	EXP 	Sound  started
225.0550 	EXP 	Sound  started
225.0577 	DATA 	Keypress: lctrl
225.8050 	EXP 	Sound  started
225.8258 	DATA 	Keypress: lctrl
226.5550 	EXP 	Sound  started
226.5617 	DATA 	Keypress: rctrl
227.2818 	DATA 	Keypress: lctrl
227.3051 	EXP 	Sound  started
228.0177 	DATA 	Keypress: rctrl
228.0551 	EXP 	Sound  started
228.8017 	DATA 	Keypress: rctrl
228.8051 	EXP 	Sound  started
229.5539 	DATA 	Keypress: rctrl
229.5551 	EXP 	Sound  started
230.2738 	DATA 	Keypress: rctrl
230.3051 	EXP 	Sound  started
231.0417 	DATA 	Keypress: lctrl
231.0551 	EXP 	Sound  started
231.7458 	DATA 	Keypress: rctrl
231.8051 	EXP 	Sound  started
232.4978 	DATA 	Keypress: rctrl
232.5552 	EXP 	Sound  started
233.2497 	DATA 	Keypress: rctrl
233.3052 	EXP 	Sound  started
234.0497 	DATA 	Keypress: rctrl
234.0552 	EXP 	Sound  started
234.8052 	EXP 	Sound  started
234.8177 	DATA 	Keypress: lctrl
235.5538 	DATA 	Keypress: rctrl
235.5552 	EXP 	Sound  started
236.2738 	DATA 	Keypress: rctrl
236.3052 	EXP 	Sound  started
237.0552 	EXP 	Sound  started
237.0577 	DATA 	Keypress: rctrl
237.8053 	EXP 	Sound  started
237.8257 	DATA 	Keypress: lctrl
238.5297 	DATA 	Keypress: rctrl
238.5553 	EXP 	Sound  started
239.2497 	DATA 	Keypress: rctrl
239.3053 	EXP 	Sound  started
240.0553 	EXP 	Sound  started
240.0658 	DATA 	Keypress: rctrl
240.8053 	EXP 	Sound  started
240.8178 	DATA 	Keypress: lctrl
241.5538 	DATA 	Keypress: rctrl
241.5553 	EXP 	Sound  started
242.3053 	EXP 	Sound  started
242.3538 	DATA 	Keypress: lctrl
243.0554 	EXP 	Sound  started
243.0737 	DATA 	Keypress: rctrl
243.8054 	EXP 	Sound  started
243.8417 	DATA 	Keypress: rctrl
244.5554 	EXP 	Sound  started
244.5617 	DATA 	Keypress: rctrl
245.3054 	EXP 	Sound  started
245.3138 	DATA 	Keypress: rctrl
246.0337 	DATA 	Keypress: lctrl
246.0554 	EXP 	Sound  started
246.8054 	EXP 	Sound  started
246.8178 	DATA 	Keypress: rctrl
247.5554 	EXP 	Sound  started
247.6017 	DATA 	Keypress: rctrl
248.3054 	EXP 	Sound  started
248.3377 	DATA 	Keypress: rctrl
249.0555 	EXP 	Sound  started
249.0897 	DATA 	Keypress: lctrl
249.8055 	EXP 	Sound  started
249.8417 	DATA 	Keypress: rctrl
250.5555 	EXP 	Sound  started
250.5937 	DATA 	Keypress: rctrl
251.3055 	EXP 	Sound  started
251.3137 	DATA 	Keypress: rctrl
252.0706 	EXP 	unnamed TextStim: text = ''
252.0706 	EXP 	unnamed TextStim: text = ''
252.0872 	DATA 	Keypress: lctrl
254.2757 	DATA 	Keypress: 4
254.3051 	EXP 	unnamed ShapeStim: vertices = <class 'numpy.ndarray'>
255.8397 	EXP 	unnamed TextStim: text = ''
255.8397 	EXP 	unnamed TextStim: text = ''
257.8582 	DATA 	Keypress: 4
257.8747 	EXP 	unnamed ShapeStim: vertices = <class 'numpy.ndarray'>
259.4093 	EXP 	unnamed TextStim: text = ''
259.4093 	EXP 	unnamed TextStim: text = ''
261.3944 	DATA 	Keypress: 4
261.4109 	EXP 	unnamed ShapeStim: vertices = <class 'numpy.ndarray'>
263.6961 	EXP 	Sound  started
263.8898 	DATA 	Keypress: rctrl
264.4459 	EXP 	Sound  started
264.4977 	DATA 	Keypress: rctrl
265.1959 	EXP 	Sound  started
265.2177 	DATA 	Keypress: lctrl
265.9218 	DATA 	Keypress: rctrl
265.9459 	EXP 	Sound  started
266.6959 	EXP 	Sound  started
266.7377 	DATA 	Keypress: rctrl
267.4459 	EXP 	Sound  started
267.4897 	DATA 	Keypress: rctrl
268.1959 	EXP 	Sound  started
268.2257 	DATA 	Keypress: lctrl
268.9460 	EXP 	Sound  started
268.9777 	DATA 	Keypress: rctrl
269.6960 	EXP 	Sound  started
269.7137 	DATA 	Keypress: lctrl
270.4460 	EXP 	Sound  started
270.4818 	DATA 	Keypress: lctrl
271.1960 	EXP 	Sound  started
271.2018 	DATA 	Keypress: rctrl
271.9377 	DATA 	Keypress: rctrl
271.9460 	EXP 	Sound  started
272.6897 	DATA 	Keypress: lctrl
272.6960 	EXP 	Sound  started
273.4460 	EXP 	Sound  started
273.4578 	DATA 	Keypress: lctrl
274.1777 	DATA 	Keypress: rctrl
274.1961 	EXP 	Sound  started
274.9461 	EXP 	Sound  started
274.9617 	DATA 	Keypress: rctrl
275.6961 	EXP 	Sound  started
275.7297 	DATA 	Keypress: lctrl
276.4461 	EXP 	Sound  started
276.4818 	DATA 	Keypress: rctrl
277.1961 	EXP 	Sound  started
277.2499 	DATA 	Keypress: rctrl
277.9461 	EXP 	Sound  started
278.0018 	DATA 	Keypress: lctrl
278.6961 	EXP 	Sound  started
278.7377 	DATA 	Keypress: rctrl
279.4461 	EXP 	Sound  started
279.4738 	DATA 	Keypress: rctrl
280.1962 	EXP 	Sound  started
280.2098 	DATA 	Keypress: lctrl
280.9462 	EXP 	Sound  started
280.9617 	DATA 	Keypress: rctrl
281.6962 	EXP 	Sound  started
281.7138 	DATA 	Keypress: rctrl
282.4462 	EXP 	Sound  started
282.4817 	DATA 	Keypress: rctrl
283.1962 	EXP 	Sound  started
283.2018 	DATA 	Keypress: lctrl
283.9378 	DATA 	Keypress: rctrl
283.9462 	EXP 	Sound  started
284.6897 	DATA 	Keypress: rctrl
284.6962 	EXP 	Sound  started
285.4463 	EXP 	Sound  started
285.4898 	DATA 	Keypress: rctrl
286.1963 	EXP 	Sound  started
286.2418 	DATA 	Keypress: lctrl
286.9463 	EXP 	Sound  started
286.9937 	DATA 	Keypress: rctrl
287.6963 	EXP 	Sound  started
287.7937 	DATA 	Keypress: rctrl
288.4463 	EXP 	Sound  started
288.4977 	DATA 	Keypress: rctrl
289.1964 	EXP 	Sound  started
289.2818 	DATA 	Keypress: lctrl
289.9464 	EXP 	Sound  started
290.0017 	DATA 	Keypress: lctrl
290.6964 	EXP 	Sound  started
290.7058 	DATA 	Keypress: rctrl
291.4464 	EXP 	Sound  started
291.5218 	DATA 	Keypress: rctrl
292.1964 	EXP 	Sound  started
292.2578 	DATA 	Keypress: rctrl
292.9464 	EXP 	Sound  started
292.9938 	DATA 	Keypress: rctrl
293.6964 	EXP 	Sound  started
293.7458 	DATA 	Keypress: rctrl
294.4464 	EXP 	Sound  started
294.5617 	DATA 	Keypress: lctrl
295.1965 	EXP 	Sound  started
295.2977 	DATA 	Keypress: rctrl
295.9465 	EXP 	Sound  started
296.0178 	DATA 	Keypress: lctrl
296.6965 	EXP 	Sound  started
296.7378 	DATA 	Keypress: lctrl
297.4465 	EXP 	Sound  started
297.4897 	DATA 	Keypress: lctrl
298.1965 	EXP 	Sound  started
298.2738 	DATA 	Keypress: lctrl
298.9465 	EXP 	Sound  started
299.0418 	DATA 	Keypress: lctrl
299.6966 	EXP 	Sound  started
299.7778 	DATA 	Keypress: lctrl
300.4466 	EXP 	Sound  started
300.5298 	DATA 	Keypress: rctrl
301.1966 	EXP 	Sound  started
301.2499 	DATA 	Keypress: rctrl
301.9466 	EXP 	Sound  started
302.0337 	DATA 	Keypress: rctrl
302.6966 	EXP 	Sound  started
302.7217 	DATA 	Keypress: rctrl
303.4466 	EXP 	Sound  started
303.5058 	DATA 	Keypress: rctrl
304.1966 	EXP 	Sound  started
304.2098 	DATA 	Keypress: rctrl
304.9466 	EXP 	Sound  started
305.0097 	DATA 	Keypress: lctrl
305.6967 	EXP 	Sound  started
305.6977 	DATA 	Keypress: rctrl
306.4467 	EXP 	Sound  started
306.4977 	DATA 	Keypress: lctrl
307.1967 	EXP 	Sound  started
307.2497 	DATA 	Keypress: lctrl
307.9467 	EXP 	Sound  started
307.9857 	DATA 	Keypress: rctrl
308.6967 	EXP 	Sound  started
308.7377 	DATA 	Keypress: rctrl
309.4467 	EXP 	Sound  started
309.4898 	DATA 	Keypress: rctrl
310.1967 	EXP 	Sound  started
310.2417 	DATA 	Keypress: lctrl
310.9467 	EXP 	Sound  started
311.0257 	DATA 	Keypress: lctrl
311.6968 	EXP 	Sound  started
311.7137 	DATA 	Keypress: rctrl
312.4468 	EXP 	Sound  started
312.4978 	DATA 	Keypress: lctrl
313.1968 	EXP 	Sound  started
313.2337 	DATA 	Keypress: rctrl
313.9468 	EXP 	Sound  started
314.0017 	DATA 	Keypress: rctrl
314.6968 	EXP 	Sound  started
314.7378 	DATA 	Keypress: rctrl
315.4468 	EXP 	Sound  started
315.5057 	DATA 	Keypress: lctrl
316.1968 	EXP 	Sound  started
316.2577 	DATA 	Keypress: lctrl
316.9469 	EXP 	Sound  started
317.0258 	DATA 	Keypress: lctrl
317.6969 	EXP 	Sound  started
317.7617 	DATA 	Keypress: rctrl
318.4469 	EXP 	Sound  started
318.4817 	DATA 	Keypress: lctrl
319.1969 	EXP 	Sound  started
319.2338 	DATA 	Keypress: lctrl
319.9469 	EXP 	Sound  started
320.0017 	DATA 	Keypress: rctrl
320.6969 	EXP 	Sound  started
320.7377 	DATA 	Keypress: rctrl
321.4469 	EXP 	Sound  started
321.5218 	DATA 	Keypress: lctrl
322.1970 	EXP 	Sound  started
322.3058 	DATA 	Keypress: lctrl
322.9470 	EXP 	Sound  started
323.0097 	DATA 	Keypress: rctrl
323.6970 	EXP 	Sound  started
323.7137 	DATA 	Keypress: lctrl
324.4470 	EXP 	Sound  started
324.4818 	DATA 	Keypress: rctrl
325.2675 	DATA 	Keypress: rctrl
329.6041 	DATA 	Keypress: 3
329.6334 	EXP 	unnamed ShapeStim: vertices = <class 'numpy.ndarray'>
336.4392 	DATA 	Keypress: 2
336.4557 	EXP 	unnamed ShapeStim: vertices = <class 'numpy.ndarray'>
341.1597 	DATA 	Keypress: 2
341.1762 	EXP 	unnamed ShapeStim: vertices = <class 'numpy.ndarray'>
343.4612 	EXP 	Sound  started
343.6498 	DATA 	Keypress: rctrl
344.2110 	EXP 	Sound  started
344.2897 	DATA 	Keypress: rctrl
344.9610 	EXP 	Sound  started
344.9777 	DATA 	Keypress: lctrl
345.7110 	EXP 	Sound  started
345.7137 	DATA 	Keypress: rctrl
346.4611 	EXP 	Sound  started
346.4977 	DATA 	Keypress: rctrl
347.2111 	EXP 	Sound  started
347.2817 	DATA 	Keypress: lctrl
347.9611 	EXP 	Sound  started
348.0017 	DATA 	Keypress: rctrl
348.7111 	EXP 	Sound  started
348.7537 	DATA 	Keypress: lctrl
349.4611 	EXP 	Sound  started
349.5057 	DATA 	Keypress: lctrl
350.2111 	EXP 	Sound  started
350.2738 	DATA 	Keypress: rctrl
350.9611 	EXP 	Sound  started
350.9937 	DATA 	Keypress: rctrl
351.7111 	EXP 	Sound  started
351.7297 	DATA 	Keypress: lctrl
352.4611 	EXP 	Sound  started
352.5137 	DATA 	Keypress: lctrl
353.2112 	EXP 	Sound  started
353.2337 	DATA 	Keypress: rctrl
353.9612 	EXP 	Sound  started
354.0017 	DATA 	Keypress: lctrl
354.7112 	EXP 	Sound  started
354.7217 	DATA 	Keypress: rctrl
355.4612 	EXP 	Sound  started
355.5377 	DATA 	Keypress: lctrl
356.2112 	EXP 	Sound  started
356.2737 	DATA 	Keypress: rctrl
356.9612 	EXP 	Sound  started
357.0097 	DATA 	Keypress: rctrl
357.7112 	EXP 	Sound  started
357.7617 	DATA 	Keypress: lctrl
358.4337 	DATA 	Keypress: rctrl
358.4613 	EXP 	Sound  started
359.2113 	EXP 	Sound  started
359.2497 	DATA 	Keypress: lctrl
359.9613 	EXP 	Sound  started
359.9858 	DATA 	Keypress: lctrl
360.7113 	EXP 	Sound  started
360.7218 	DATA 	Keypress: rctrl
361.4613 	EXP 	Sound  started
361.5057 	DATA 	Keypress: rctrl
362.2113 	EXP 	Sound  started
362.2257 	DATA 	Keypress: lctrl
362.9613 	EXP 	Sound  started
362.9617 	DATA 	Keypress: rctrl
363.7114 	EXP 	Sound  started
363.7137 	DATA 	Keypress: rctrl
364.4614 	EXP 	Sound  started
364.4657 	DATA 	Keypress: lctrl
365.2114 	EXP 	Sound  started
365.2657 	DATA 	Keypress: rctrl
365.9614 	EXP 	Sound  started
366.0497 	DATA 	Keypress: lctrl
366.7114 	EXP 	Sound  started
366.7377 	DATA 	Keypress: rctrl
367.4614 	EXP 	Sound  started
367.5218 	DATA 	Keypress: rctrl
368.2114 	EXP 	Sound  started
368.2897 	DATA 	Keypress: lctrl
368.9615 	EXP 	Sound  started
369.0258 	DATA 	Keypress: lctrl
369.7115 	EXP 	Sound  started
369.7778 	DATA 	Keypress: rctrl
370.4615 	EXP 	Sound  started
370.5297 	DATA 	Keypress: lctrl
371.2018 	DATA 	Keypress: rctrl
371.2115 	EXP 	Sound  started
371.9615 	EXP 	Sound  started
371.9858 	DATA 	Keypress: rctrl
372.7058 	DATA 	Keypress: lctrl
372.7115 	EXP 	Sound  started
373.4615 	EXP 	Sound  started
373.5217 	DATA 	Keypress: lctrl
374.2116 	EXP 	Sound  started
374.2417 	DATA 	Keypress: rctrl
374.9616 	EXP 	Sound  started
374.9778 	DATA 	Keypress: lctrl
375.7116 	EXP 	Sound  started
375.7617 	DATA 	Keypress: lctrl
376.4616 	EXP 	Sound  started
376.4817 	DATA 	Keypress: rctrl
377.2116 	EXP 	Sound  started
377.2497 	DATA 	Keypress: rctrl
377.9616 	EXP 	Sound  started
378.0017 	DATA 	Keypress: rctrl
378.7116 	EXP 	Sound  started
378.7538 	DATA 	Keypress: rctrl
379.4617 	EXP 	Sound  started
379.5218 	DATA 	Keypress: lctrl
380.2117 	EXP 	Sound  started
380.2577 	DATA 	Keypress: rctrl
380.9617 	EXP 	Sound  started
381.0577 	DATA 	Keypress: rctrl
381.7117 	EXP 	Sound  started
381.8097 	DATA 	Keypress: rctrl
382.4617 	EXP 	Sound  started
382.4817 	DATA 	Keypress: lctrl
383.2117 	EXP 	Sound  started
383.2497 	DATA 	Keypress: lctrl
383.9617 	EXP 	Sound  started
384.0177 	DATA 	Keypress: rctrl
384.7118 	EXP 	Sound  started
384.7377 	DATA 	Keypress: rctrl
385.4618 	EXP 	Sound  started
385.4898 	DATA 	Keypress: rctrl
386.2118 	EXP 	Sound  started
386.2577 	DATA 	Keypress: lctrl
386.9618 	EXP 	Sound  started
387.0097 	DATA 	Keypress: rctrl
387.7118 	EXP 	Sound  started
387.7937 	DATA 	Keypress: rctrl
388.4618 	EXP 	Sound  started
388.5297 	DATA 	Keypress: lctrl
389.2118 	EXP 	Sound  started
389.2817 	DATA 	Keypress: rctrl
389.9619 	EXP 	Sound  started
390.0338 	DATA 	Keypress: rctrl
390.7119 	EXP 	Sound  started
390.8177 	DATA 	Keypress: lctrl
391.4619 	EXP 	Sound  started
391.5217 	DATA 	Keypress: lctrl
392.2119 	EXP 	Sound  started
392.2738 	DATA 	Keypress: rctrl
392.9619 	EXP 	Sound  started
393.0098 	DATA 	Keypress: rctrl
393.7119 	EXP 	Sound  started
393.7137 	DATA 	Keypress: rctrl
394.4619 	EXP 	Sound  started
394.4977 	DATA 	Keypress: rctrl
395.2120 	EXP 	Sound  started
395.2177 	DATA 	Keypress: lctrl
395.9538 	DATA 	Keypress: rctrl
395.9620 	EXP 	Sound  started
396.7120 	EXP 	Sound  started
396.7377 	DATA 	Keypress: lctrl
397.4577 	DATA 	Keypress: rctrl
397.4620 	EXP 	Sound  started
398.1937 	DATA 	Keypress: rctrl
398.2120 	EXP 	Sound  started
398.9297 	DATA 	Keypress: lctrl
398.9620 	EXP 	Sound  started
399.6977 	DATA 	Keypress: rctrl
399.7120 	EXP 	Sound  started
400.4621 	EXP 	Sound  started
400.4657 	DATA 	Keypress: rctrl
401.1858 	DATA 	Keypress: lctrl
401.2121 	EXP 	Sound  started
401.9377 	DATA 	Keypress: lctrl
401.9621 	EXP 	Sound  started
402.7058 	DATA 	Keypress: rctrl
402.7121 	EXP 	Sound  started
403.4815 	DATA 	Keypress: rctrl
406.1629 	DATA 	Keypress: 2
406.1795 	EXP 	unnamed ShapeStim: vertices = <class 'numpy.ndarray'>
409.8994 	DATA 	Keypress: 4
409.9159 	EXP 	unnamed ShapeStim: vertices = <class 'numpy.ndarray'>
413.4522 	DATA 	Keypress: 3
413.4688 	EXP 	unnamed ShapeStim: vertices = <class 'numpy.ndarray'>
415.7542 	EXP 	Sound  started
415.9859 	DATA 	Keypress: rctrl
416.5041 	EXP 	Sound  started
416.6417 	DATA 	Keypress: rctrl
417.2541 	EXP 	Sound  started
417.3297 	DATA 	Keypress: lctrl
418.0017 	DATA 	Keypress: rctrl
418.0041 	EXP 	Sound  started
418.7541 	EXP 	Sound  started
418.8178 	DATA 	Keypress: rctrl
419.5041 	EXP 	Sound  started
419.5697 	DATA 	Keypress: lctrl
420.2542 	EXP 	Sound  started
420.2897 	DATA 	Keypress: rctrl
421.0042 	EXP 	Sound  started
421.0257 	DATA 	Keypress: rctrl
421.7542 	EXP 	Sound  started
421.7777 	DATA 	Keypress: lctrl
422.5042 	EXP 	Sound  started
422.5297 	DATA 	Keypress: rctrl
423.2542 	EXP 	Sound  started
423.2817 	DATA 	Keypress: rctrl
424.0042 	EXP 	Sound  started
424.0497 	DATA 	Keypress: lctrl
424.7537 	DATA 	Keypress: lctrl
424.7542 	EXP 	Sound  started
425.5042 	EXP 	Sound  started
425.5057 	DATA 	Keypress: rctrl
426.2543 	EXP 	Sound  started
426.3218 	DATA 	Keypress: rctrl
427.0043 	EXP 	Sound  started
427.0737 	DATA 	Keypress: lctrl
427.7543 	EXP 	Sound  started
427.8097 	DATA 	Keypress: rctrl
428.5043 	EXP 	Sound  started
428.5297 	DATA 	Keypress: rctrl
429.2543 	EXP 	Sound  started
429.2977 	DATA 	Keypress: rctrl
430.0043 	EXP 	Sound  started
430.0338 	DATA 	Keypress: lctrl
430.7543 	EXP 	Sound  started
430.7858 	DATA 	Keypress: rctrl
431.5044 	EXP 	Sound  started
431.5537 	DATA 	Keypress: rctrl
432.2544 	EXP 	Sound  started
432.3057 	DATA 	Keypress: rctrl
433.0044 	EXP 	Sound  started
433.0097 	DATA 	Keypress: lctrl
433.7544 	EXP 	Sound  started
433.7777 	DATA 	Keypress: rctrl
434.5044 	EXP 	Sound  started
434.5617 	DATA 	Keypress: rctrl
435.2544 	EXP 	Sound  started
435.3618 	DATA 	Keypress: rctrl
436.0044 	EXP 	Sound  started
436.0657 	DATA 	Keypress: lctrl
436.7545 	EXP 	Sound  started
436.8017 	DATA 	Keypress: rctrl
437.5045 	EXP 	Sound  started
437.5377 	DATA 	Keypress: rctrl
438.2545 	EXP 	Sound  started
438.3377 	DATA 	Keypress: rctrl
439.0045 	EXP 	Sound  started
439.0258 	DATA 	Keypress: lctrl
439.7545 	EXP 	Sound  started
439.8098 	DATA 	Keypress: rctrl
440.5045 	EXP 	Sound  started
440.5617 	DATA 	Keypress: rctrl
441.2497 	DATA 	Keypress: lctrl
441.2545 	EXP 	Sound  started
442.0018 	DATA 	Keypress: rctrl
442.0045 	EXP 	Sound  started
442.7537 	DATA 	Keypress: lctrl
442.7546 	EXP 	Sound  started
443.5046 	EXP 	Sound  started
443.5698 	DATA 	Keypress: lctrl
444.2546 	EXP 	Sound  started
444.2738 	DATA 	Keypress: rctrl
445.0046 	EXP 	Sound  started
445.0577 	DATA 	Keypress: rctrl
445.7546 	EXP 	Sound  started
445.7937 	DATA 	Keypress: lctrl
446.5046 	EXP 	Sound  started
446.5778 	DATA 	Keypress: rctrl
447.2547 	EXP 	Sound  started
447.2978 	DATA 	Keypress: rctrl
448.0047 	EXP 	Sound  started
448.0178 	DATA 	Keypress: lctrl
448.7547 	EXP 	Sound  started
448.7858 	DATA 	Keypress: lctrl
449.5047 	EXP 	Sound  started
449.5218 	DATA 	Keypress: rctrl
450.2547 	EXP 	Sound  started
450.3057 	DATA 	Keypress: rctrl
451.0047 	EXP 	Sound  started
451.0097 	DATA 	Keypress: lctrl
451.7548 	EXP 	Sound  started
451.7937 	DATA 	Keypress: rctrl
452.5048 	EXP 	Sound  started
452.5777 	DATA 	Keypress: rctrl
453.2548 	EXP 	Sound  started
453.2977 	DATA 	Keypress: lctrl
454.0048 	EXP 	Sound  started
454.0337 	DATA 	Keypress: rctrl
454.7548 	EXP 	Sound  started
454.7857 	DATA 	Keypress: rctrl
455.5048 	EXP 	Sound  started
455.5218 	DATA 	Keypress: lctrl
456.2548 	EXP 	Sound  started
456.2737 	DATA 	Keypress: rctrl
457.0049 	EXP 	Sound  started
457.0417 	DATA 	Keypress: rctrl
457.7457 	DATA 	Keypress: lctrl
457.7549 	EXP 	Sound  started
458.5049 	EXP 	Sound  started
458.5297 	DATA 	Keypress: lctrl
459.2549 	EXP 	Sound  started
459.2817 	DATA 	Keypress: rctrl
460.0049 	EXP 	Sound  started
460.0337 	DATA 	Keypress: rctrl
460.7549 	EXP 	Sound  started
460.7697 	DATA 	Keypress: lctrl
461.5050 	EXP 	Sound  started
461.5378 	DATA 	Keypress: rctrl
462.2550 	EXP 	Sound  started
462.2737 	DATA 	Keypress: lctrl
463.0050 	EXP 	Sound  started
463.0257 	DATA 	Keypress: rctrl
463.7809 	DATA 	Keypress: rctrl
466.2955 	DATA 	Keypress: 1
466.3120 	EXP 	unnamed ShapeStim: vertices = <class 'numpy.ndarray'>
470.6659 	DATA 	Keypress: 4
470.6823 	EXP 	unnamed ShapeStim: vertices = <class 'numpy.ndarray'>
474.7395 	DATA 	Keypress: 1
474.7689 	EXP 	unnamed ShapeStim: vertices = <class 'numpy.ndarray'>
477.0539 	EXP 	Sound  started
477.2338 	DATA 	Keypress: rctrl
477.8038 	EXP 	Sound  started
477.8897 	DATA 	Keypress: rctrl
478.5457 	DATA 	Keypress: lctrl
478.5538 	EXP 	Sound  started
479.2977 	DATA 	Keypress: rctrl
479.3038 	EXP 	Sound  started
480.0538 	EXP 	Sound  started
480.0818 	DATA 	Keypress: rctrl
480.8038 	EXP 	Sound  started
480.8657 	DATA 	Keypress: rctrl
481.5538 	EXP 	Sound  started
481.6338 	DATA 	Keypress: lctrl
482.3038 	EXP 	Sound  started
482.3217 	DATA 	Keypress: lctrl
483.0539 	EXP 	Sound  started
483.0897 	DATA 	Keypress: rctrl
483.8039 	EXP 	Sound  started
483.8257 	DATA 	Keypress: rctrl
484.5539 	EXP 	Sound  started
484.5937 	DATA 	Keypress: rctrl
485.3039 	EXP 	Sound  started
485.3457 	DATA 	Keypress: lctrl
486.0539 	EXP 	Sound  started
486.0657 	DATA 	Keypress: rctrl
486.8039 	EXP 	Sound  started
486.8497 	DATA 	Keypress: rctrl
487.5539 	EXP 	Sound  started
487.6018 	DATA 	Keypress: rctrl
488.3039 	EXP 	Sound  started
488.3697 	DATA 	Keypress: lctrl
489.0540 	EXP 	Sound  started
489.1057 	DATA 	Keypress: rctrl
489.8040 	EXP 	Sound  started
489.8738 	DATA 	Keypress: rctrl
490.5540 	EXP 	Sound  started
490.5936 	DATA 	Keypress: rctrl
491.3040 	EXP 	Sound  started
491.3777 	DATA 	Keypress: lctrl
492.0540 	EXP 	Sound  started
492.1297 	DATA 	Keypress: rctrl
492.8040 	EXP 	Sound  started
492.8497 	DATA 	Keypress: rctrl
493.5540 	EXP 	Sound  started
493.6177 	DATA 	Keypress: rctrl
494.3041 	EXP 	Sound  started
494.3377 	DATA 	Keypress: lctrl
495.0541 	EXP 	Sound  started
495.1057 	DATA 	Keypress: lctrl
495.8041 	EXP 	Sound  started
495.8417 	DATA 	Keypress: rctrl
496.5541 	EXP 	Sound  started
496.5937 	DATA 	Keypress: rctrl
497.3041 	EXP 	Sound  started
497.3777 	DATA 	Keypress: rctrl
498.0541 	EXP 	Sound  started
498.1297 	DATA 	Keypress: lctrl
498.8041 	EXP 	Sound  started
498.8657 	DATA 	Keypress: rctrl
499.5541 	EXP 	Sound  started
499.6018 	DATA 	Keypress: rctrl
500.3042 	EXP 	Sound  started
500.3377 	DATA 	Keypress: rctrl
501.0542 	EXP 	Sound  started
501.1057 	DATA 	Keypress: rctrl
501.8042 	EXP 	Sound  started
501.8577 	DATA 	Keypress: lctrl
502.5542 	EXP 	Sound  started
502.5617 	DATA 	Keypress: rctrl
503.3042 	EXP 	Sound  started
503.3457 	DATA 	Keypress: rctrl
504.0542 	EXP 	Sound  started
504.0657 	DATA 	Keypress: lctrl
504.8017 	DATA 	Keypress: rctrl
504.8042 	EXP 	Sound  started
505.5543 	EXP 	Sound  started
505.5858 	DATA 	Keypress: lctrl
506.3043 	EXP 	Sound  started
506.3377 	DATA 	Keypress: rctrl
507.0543 	EXP 	Sound  started
507.1057 	DATA 	Keypress: rctrl
507.8043 	EXP 	Sound  started
507.8578 	DATA 	Keypress: lctrl
508.5543 	EXP 	Sound  started
508.6097 	DATA 	Keypress: rctrl
509.3043 	EXP 	Sound  started
509.3617 	DATA 	Keypress: rctrl
510.0543 	EXP 	Sound  started
510.0818 	DATA 	Keypress: lctrl
510.8043 	EXP 	Sound  started
510.8176 	DATA 	Keypress: rctrl
511.5544 	EXP 	Sound  started
511.5858 	DATA 	Keypress: rctrl
512.3044 	EXP 	Sound  started
512.3537 	DATA 	Keypress: lctrl
513.0544 	EXP 	Sound  started
513.1057 	DATA 	Keypress: rctrl
513.8044 	EXP 	Sound  started
513.9057 	DATA 	Keypress: rctrl
514.5544 	EXP 	Sound  started
514.6098 	DATA 	Keypress: lctrl
515.3044 	EXP 	Sound  started
515.3298 	DATA 	Keypress: rctrl
516.0544 	EXP 	Sound  started
516.0977 	DATA 	Keypress: rctrl
516.8045 	EXP 	Sound  started
516.8497 	DATA 	Keypress: lctrl
517.5545 	EXP 	Sound  started
517.6177 	DATA 	Keypress: rctrl
518.3045 	EXP 	Sound  started
518.3857 	DATA 	Keypress: rctrl
519.0545 	EXP 	Sound  started
519.1217 	DATA 	Keypress: lctrl
519.8045 	EXP 	Sound  started
519.8737 	DATA 	Keypress: lctrl
520.5545 	EXP 	Sound  started
520.5938 	DATA 	Keypress: rctrl
521.3045 	EXP 	Sound  started
521.3617 	DATA 	Keypress: rctrl
522.0545 	EXP 	Sound  started
522.0817 	DATA 	Keypress: lctrl
522.8046 	EXP 	Sound  started
522.8337 	DATA 	Keypress: rctrl
523.5546 	EXP 	Sound  started
523.6177 	DATA 	Keypress: rctrl
524.3768 	DATA 	Keypress: rctrl
527.3325 	DATA 	Keypress: 1
527.3620 	EXP 	unnamed ShapeStim: vertices = <class 'numpy.ndarray'>
531.6194 	DATA 	Keypress: 4
531.6489 	EXP 	unnamed ShapeStim: vertices = <class 'numpy.ndarray'>
534.2850 	DATA 	Keypress: 2
534.3015 	EXP 	unnamed ShapeStim: vertices = <class 'numpy.ndarray'>
536.5866 	EXP 	Sound  started
536.5875 	DATA 	Keypress: rctrl
537.3365 	EXP 	Sound  started
537.4258 	DATA 	Keypress: lctrl
538.0865 	EXP 	Sound  started
538.1298 	DATA 	Keypress: lctrl
538.8365 	EXP 	Sound  started
538.8977 	DATA 	Keypress: lctrl
539.5865 	EXP 	Sound  started
539.6818 	DATA 	Keypress: rctrl
540.3365 	EXP 	Sound  started
540.4497 	DATA 	Keypress: rctrl
541.0865 	EXP 	Sound  started
541.1537 	DATA 	Keypress: lctrl
541.8365 	EXP 	Sound  started
541.8737 	DATA 	Keypress: rctrl
542.5865 	EXP 	Sound  started
542.6578 	DATA 	Keypress: rctrl
543.3366 	EXP 	Sound  started
543.3937 	DATA 	Keypress: rctrl
544.0866 	EXP 	Sound  started
544.1137 	DATA 	Keypress: lctrl
544.8366 	EXP 	Sound  started
544.9137 	DATA 	Keypress: lctrl
545.5866 	EXP 	Sound  started
545.6817 	DATA 	Keypress: rctrl
546.3366 	EXP 	Sound  started
546.3857 	DATA 	Keypress: rctrl
547.0866 	EXP 	Sound  started
547.1537 	DATA 	Keypress: rctrl
547.8366 	EXP 	Sound  started
547.8736 	DATA 	Keypress: lctrl
548.5866 	EXP 	Sound  started
548.6096 	DATA 	Keypress: rctrl
549.3367 	EXP 	Sound  started
549.3616 	DATA 	Keypress: rctrl
550.0867 	EXP 	Sound  started
550.0977 	DATA 	Keypress: lctrl
550.8367 	EXP 	Sound  started
550.8658 	DATA 	Keypress: rctrl
551.5867 	EXP 	Sound  started
551.6498 	DATA 	Keypress: rctrl
552.3367 	EXP 	Sound  started
552.3857 	DATA 	Keypress: rctrl
553.0867 	EXP 	Sound  started
553.1217 	DATA 	Keypress: lctrl
553.8367 	EXP 	Sound  started
553.8417 	DATA 	Keypress: lctrl
554.5868 	EXP 	Sound  started
554.6896 	DATA 	Keypress: lctrl
555.3368 	EXP 	Sound  started
555.3937 	DATA 	Keypress: rctrl
556.0868 	EXP 	Sound  started
556.1138 	DATA 	Keypress: rctrl
556.8177 	DATA 	Keypress: lctrl
556.8368 	EXP 	Sound  started
557.5857 	DATA 	Keypress: rctrl
557.5868 	EXP 	Sound  started
558.3368 	EXP 	Sound  started
558.3538 	DATA 	Keypress: lctrl
559.0868 	EXP 	Sound  started
559.1376 	DATA 	Keypress: rctrl
559.8369 	EXP 	Sound  started
559.8897 	DATA 	Keypress: rctrl
560.5869 	EXP 	Sound  started
560.6257 	DATA 	Keypress: rctrl
561.3369 	EXP 	Sound  started
561.3457 	DATA 	Keypress: lctrl
562.0869 	EXP 	Sound  started
562.1137 	DATA 	Keypress: lctrl
562.8369 	EXP 	Sound  started
562.8817 	DATA 	Keypress: lctrl
563.5869 	EXP 	Sound  started
563.6496 	DATA 	Keypress: rctrl
564.3369 	EXP 	Sound  started
564.3857 	DATA 	Keypress: rctrl
565.0869 	EXP 	Sound  started
565.1537 	DATA 	Keypress: lctrl
565.8370 	EXP 	Sound  started
565.9057 	DATA 	Keypress: rctrl
566.5870 	EXP 	Sound  started
566.6897 	DATA 	Keypress: rctrl
567.3370 	EXP 	Sound  started
567.4257 	DATA 	Keypress: lctrl
568.0870 	EXP 	Sound  started
568.1937 	DATA 	Keypress: rctrl
568.8370 	EXP 	Sound  started
568.8976 	DATA 	Keypress: rctrl
569.5870 	EXP 	Sound  started
569.6657 	DATA 	Keypress: lctrl
570.3370 	EXP 	Sound  started
570.4017 	DATA 	Keypress: rctrl
571.0871 	EXP 	Sound  started
571.1537 	DATA 	Keypress: rctrl
571.8371 	EXP 	Sound  started
571.8417 	DATA 	Keypress: lctrl
572.5871 	EXP 	Sound  started
572.6097 	DATA 	Keypress: lctrl
573.3371 	EXP 	Sound  started
573.3456 	DATA 	Keypress: rctrl
574.0871 	EXP 	Sound  started
574.1296 	DATA 	Keypress: rctrl
574.8371 	EXP 	Sound  started
574.8657 	DATA 	Keypress: lctrl
575.5871 	EXP 	Sound  started
575.6498 	DATA 	Keypress: rctrl
576.3372 	EXP 	Sound  started
576.4016 	DATA 	Keypress: rctrl
577.0872 	EXP 	Sound  started
577.1057 	DATA 	Keypress: lctrl
577.8372 	EXP 	Sound  started
577.8897 	DATA 	Keypress: rctrl
578.5872 	EXP 	Sound  started
578.6576 	DATA 	Keypress: lctrl
579.3372 	EXP 	Sound  started
579.4256 	DATA 	Keypress: lctrl
580.0872 	EXP 	Sound  started
580.1296 	DATA 	Keypress: lctrl
580.8372 	EXP 	Sound  started
580.8817 	DATA 	Keypress: rctrl
581.5873 	EXP 	Sound  started
581.6336 	DATA 	Keypress: rctrl
582.3373 	EXP 	Sound  started
582.3857 	DATA 	Keypress: lctrl
583.0873 	EXP 	Sound  started
583.1536 	DATA 	Keypress: lctrl
583.8373 	EXP 	Sound  started
583.8577 	DATA 	Keypress: rctrl
584.5873 	EXP 	Sound  started
584.6577 	DATA 	Keypress: rctrl
585.3373 	EXP 	Sound  started
585.4097 	DATA 	Keypress: rctrl
586.0873 	EXP 	Sound  started
586.0976 	DATA 	Keypress: lctrl
586.8374 	EXP 	Sound  started
586.8497 	DATA 	Keypress: lctrl
587.5874 	EXP 	Sound  started
587.6018 	DATA 	Keypress: rctrl
588.3374 	EXP 	Sound  started
588.4179 	DATA 	Keypress: rctrl
589.0874 	EXP 	Sound  started
589.1378 	DATA 	Keypress: lctrl
589.8374 	EXP 	Sound  started
589.9217 	DATA 	Keypress: rctrl
590.5874 	EXP 	Sound  started
590.6577 	DATA 	Keypress: lctrl
591.3375 	EXP 	Sound  started
591.3937 	DATA 	Keypress: lctrl
592.0875 	EXP 	Sound  started
592.1296 	DATA 	Keypress: lctrl
592.8375 	EXP 	Sound  started
592.8977 	DATA 	Keypress: rctrl
593.5875 	EXP 	Sound  started
593.6498 	DATA 	Keypress: rctrl
594.3375 	EXP 	Sound  started
594.3696 	DATA 	Keypress: lctrl
595.0875 	EXP 	Sound  started
595.0898 	DATA 	Keypress: rctrl
595.8375 	EXP 	Sound  started
595.9058 	DATA 	Keypress: rctrl
596.5875 	EXP 	Sound  started
596.6737 	DATA 	Keypress: rctrl
597.3376 	EXP 	Sound  started
597.4418 	DATA 	Keypress: lctrl
598.0876 	EXP 	Sound  started
598.1617 	DATA 	Keypress: rctrl
598.8376 	EXP 	Sound  started
598.9138 	DATA 	Keypress: rctrl
599.5876 	EXP 	Sound  started
599.6337 	DATA 	Keypress: rctrl
600.3376 	EXP 	Sound  started
600.3697 	DATA 	Keypress: lctrl
601.0876 	EXP 	Sound  started
601.1377 	DATA 	Keypress: lctrl
601.8376 	EXP 	Sound  started
601.9216 	DATA 	Keypress: lctrl
602.5876 	EXP 	Sound  started
602.6097 	DATA 	Keypress: lctrl
603.3619 	DATA 	Keypress: lctrl
606.0432 	DATA 	Keypress: 2
606.0598 	EXP 	unnamed ShapeStim: vertices = <class 'numpy.ndarray'>
611.8480 	DATA 	Keypress: 3
611.8645 	EXP 	unnamed ShapeStim: vertices = <class 'numpy.ndarray'>
613.6667 	DATA 	Keypress: 3
613.6832 	EXP 	unnamed ShapeStim: vertices = <class 'numpy.ndarray'>
615.9672 	EXP 	Sound  started
616.1458 	DATA 	Keypress: rctrl
616.7171 	EXP 	Sound  started
616.8177 	DATA 	Keypress: rctrl
617.4671 	EXP 	Sound  started
617.5217 	DATA 	Keypress: lctrl
618.2097 	DATA 	Keypress: rctrl
618.2171 	EXP 	Sound  started
618.9671 	EXP 	Sound  started
619.0097 	DATA 	Keypress: rctrl
619.7136 	DATA 	Keypress: lctrl
619.7171 	EXP 	Sound  started
620.4671 	EXP 	Sound  started
620.4816 	DATA 	Keypress: rctrl
621.2171 	EXP 	Sound  started
621.2817 	DATA 	Keypress: rctrl
621.9672 	EXP 	Sound  started
622.0338 	DATA 	Keypress: rctrl
622.7172 	EXP 	Sound  started
622.7216 	DATA 	Keypress: lctrl
623.4672 	EXP 	Sound  started
623.5056 	DATA 	Keypress: rctrl
624.2172 	EXP 	Sound  started
624.2577 	DATA 	Keypress: rctrl
624.9672 	EXP 	Sound  started
625.0257 	DATA 	Keypress: rctrl
625.7172 	EXP 	Sound  started
625.7616 	DATA 	Keypress: lctrl
626.4672 	EXP 	Sound  started
626.4816 	DATA 	Keypress: rctrl
627.2173 	EXP 	Sound  started
627.2337 	DATA 	Keypress: rctrl
627.9673 	EXP 	Sound  started
628.0017 	DATA 	Keypress: lctrl
628.7173 	EXP 	Sound  started
628.7537 	DATA 	Keypress: rctrl
629.4673 	EXP 	Sound  started
629.5218 	DATA 	Keypress: rctrl
630.2173 	EXP 	Sound  started
630.2577 	DATA 	Keypress: lctrl
630.9673 	EXP 	Sound  started
631.0097 	DATA 	Keypress: rctrl
631.7173 	EXP 	Sound  started
631.7457 	DATA 	Keypress: rctrl
632.4673 	EXP 	Sound  started
632.4977 	DATA 	Keypress: lctrl
633.2174 	EXP 	Sound  started
633.2657 	DATA 	Keypress: lctrl
633.9674 	EXP 	Sound  started
634.0016 	DATA 	Keypress: rctrl
634.7174 	EXP 	Sound  started
634.8018 	DATA 	Keypress: rctrl
635.4674 	EXP 	Sound  started
635.5698 	DATA 	Keypress: rctrl
636.2174 	EXP 	Sound  started
636.2577 	DATA 	Keypress: lctrl
636.9674 	EXP 	Sound  started
637.0417 	DATA 	Keypress: lctrl
637.7175 	EXP 	Sound  started
637.7616 	DATA 	Keypress: rctrl
638.4656 	DATA 	Keypress: lctrl
638.4675 	EXP 	Sound  started
639.2175 	EXP 	Sound  started
639.2976 	DATA 	Keypress: rctrl
639.9675 	EXP 	Sound  started
640.0337 	DATA 	Keypress: rctrl
640.7175 	EXP 	Sound  started
640.8336 	DATA 	Keypress: lctrl
641.4675 	EXP 	Sound  started
641.5377 	DATA 	Keypress: lctrl
642.2175 	EXP 	Sound  started
642.2417 	DATA 	Keypress: rctrl
642.9675 	EXP 	Sound  started
643.0097 	DATA 	Keypress: rctrl
643.7176 	EXP 	Sound  started
643.7456 	DATA 	Keypress: rctrl
644.4676 	EXP 	Sound  started
644.5457 	DATA 	Keypress: lctrl
645.2176 	EXP 	Sound  started
645.2817 	DATA 	Keypress: rctrl
645.9676 	EXP 	Sound  started
646.0497 	DATA 	Keypress: rctrl
646.7176 	EXP 	Sound  started
646.8017 	DATA 	Keypress: rctrl
647.4676 	EXP 	Sound  started
647.5056 	DATA 	Keypress: lctrl
648.1936 	DATA 	Keypress: rctrl
648.2177 	EXP 	Sound  started
648.9677 	EXP 	Sound  started
649.0577 	DATA 	Keypress: lctrl
649.7177 	EXP 	Sound  started
649.7938 	DATA 	Keypress: lctrl
650.4677 	EXP 	Sound  started
650.5298 	DATA 	Keypress: rctrl
651.2177 	EXP 	Sound  started
651.2817 	DATA 	Keypress: rctrl
651.9677 	EXP 	Sound  started
652.0017 	DATA 	Keypress: rctrl
652.7178 	EXP 	Sound  started
652.7218 	DATA 	Keypress: lctrl
653.4678 	EXP 	Sound  started
653.4736 	DATA 	Keypress: lctrl
654.2178 	EXP 	Sound  started
654.2576 	DATA 	Keypress: lctrl
654.9678 	EXP 	Sound  started
654.9777 	DATA 	Keypress: rctrl
655.7178 	EXP 	Sound  started
655.7297 	DATA 	Keypress: rctrl
656.4657 	DATA 	Keypress: rctrl
656.4678 	EXP 	Sound  started
657.2178 	EXP 	Sound  started
657.2658 	DATA 	Keypress: lctrl
657.9678 	EXP 	Sound  started
658.0176 	DATA 	Keypress: rctrl
658.7179 	EXP 	Sound  started
658.7697 	DATA 	Keypress: rctrl
659.4679 	EXP 	Sound  started
659.5056 	DATA 	Keypress: rctrl
660.2179 	EXP 	Sound  started
660.2577 	DATA 	Keypress: lctrl
660.9924 	DATA 	Keypress: rctrl
662.5729 	DATA 	Keypress: 3
662.5894 	EXP 	unnamed ShapeStim: vertices = <class 'numpy.ndarray'>
665.7255 	DATA 	Keypress: 3
665.7420 	EXP 	unnamed ShapeStim: vertices = <class 'numpy.ndarray'>
670.3459 	DATA 	Keypress: 3
670.3624 	EXP 	unnamed ShapeStim: vertices = <class 'numpy.ndarray'>
672.6470 	EXP 	Sound  started
672.8658 	DATA 	Keypress: rctrl
673.3968 	EXP 	Sound  started
673.5057 	DATA 	Keypress: rctrl
674.1468 	EXP 	Sound  started
674.1936 	DATA 	Keypress: lctrl
674.8969 	EXP 	Sound  started
674.9457 	DATA 	Keypress: rctrl
675.6469 	EXP 	Sound  started
675.6976 	DATA 	Keypress: rctrl
676.3969 	EXP 	Sound  started
676.4657 	DATA 	Keypress: lctrl
677.1469 	EXP 	Sound  started
677.1856 	DATA 	Keypress: rctrl
677.8969 	EXP 	Sound  started
677.9857 	DATA 	Keypress: rctrl
678.6469 	EXP 	Sound  started
678.7056 	DATA 	Keypress: rctrl
679.3969 	EXP 	Sound  started
679.4738 	DATA 	Keypress: lctrl
680.1469 	EXP 	Sound  started
680.1937 	DATA 	Keypress: lctrl
680.8969 	EXP 	Sound  started
680.9297 	DATA 	Keypress: rctrl
681.6470 	EXP 	Sound  started
681.6657 	DATA 	Keypress: rctrl
682.3970 	EXP 	Sound  started
682.4497 	DATA 	Keypress: lctrl
683.1470 	EXP 	Sound  started
683.2017 	DATA 	Keypress: rctrl
683.8970 	EXP 	Sound  started
683.9537 	DATA 	Keypress: lctrl
684.6470 	EXP 	Sound  started
684.7378 	DATA 	Keypress: lctrl
685.3970 	EXP 	Sound  started
685.4576 	DATA 	Keypress: rctrl
686.1470 	EXP 	Sound  started
686.1936 	DATA 	Keypress: rctrl
686.8970 	EXP 	Sound  started
686.9296 	DATA 	Keypress: lctrl
687.6471 	EXP 	Sound  started
687.7136 	DATA 	Keypress: rctrl
688.3971 	EXP 	Sound  started
688.4337 	DATA 	Keypress: rctrl
689.1471 	EXP 	Sound  started
689.1696 	DATA 	Keypress: rctrl
689.8971 	EXP 	Sound  started
689.9216 	DATA 	Keypress: rctrl
690.6098 	DATA 	Keypress: lctrl
690.6471 	EXP 	Sound  started
691.3971 	EXP 	Sound  started
691.4257 	DATA 	Keypress: lctrl
692.1471 	EXP 	Sound  started
692.2097 	DATA 	Keypress: lctrl
692.8971 	EXP 	Sound  started
692.9456 	DATA 	Keypress: rctrl
693.6472 	EXP 	Sound  started
693.7137 	DATA 	Keypress: rctrl
694.3972 	EXP 	Sound  started
694.4818 	DATA 	Keypress: lctrl
695.1472 	EXP 	Sound  started
695.2017 	DATA 	Keypress: lctrl
695.8972 	EXP 	Sound  started
695.9537 	DATA 	Keypress: rctrl
696.6472 	EXP 	Sound  started
696.7217 	DATA 	Keypress: lctrl
697.3972 	EXP 	Sound  started
697.4257 	DATA 	Keypress: rctrl
698.1456 	DATA 	Keypress: lctrl
698.1472 	EXP 	Sound  started
698.8972 	EXP 	Sound  started
699.0098 	DATA 	Keypress: lctrl
699.6473 	EXP 	Sound  started
699.6657 	DATA 	Keypress: rctrl
700.3856 	DATA 	Keypress: rctrl
700.3973 	EXP 	Sound  started
701.1473 	EXP 	Sound  started
701.1537 	DATA 	Keypress: lctrl
701.8973 	EXP 	Sound  started
701.9057 	DATA 	Keypress: lctrl
702.6256 	DATA 	Keypress: rctrl
702.6473 	EXP 	Sound  started
703.3973 	EXP 	Sound  started
703.4417 	DATA 	Keypress: rctrl
704.1473 	EXP 	Sound  started
704.1777 	DATA 	Keypress: lctrl
704.8816 	DATA 	Keypress: rctrl
704.8974 	EXP 	Sound  started
705.6474 	EXP 	Sound  started
705.6656 	DATA 	Keypress: rctrl
706.3974 	EXP 	Sound  started
706.4177 	DATA 	Keypress: rctrl
707.1474 	EXP 	Sound  started
707.2017 	DATA 	Keypress: lctrl
707.8974 	EXP 	Sound  started
707.9377 	DATA 	Keypress: lctrl
708.6474 	EXP 	Sound  started
708.6577 	DATA 	Keypress: lctrl
709.3975 	EXP 	Sound  started
709.4257 	DATA 	Keypress: rctrl
710.1475 	EXP 	Sound  started
710.2097 	DATA 	Keypress: lctrl
710.8975 	EXP 	Sound  started
710.9616 	DATA 	Keypress: rctrl
711.6475 	EXP 	Sound  started
711.7137 	DATA 	Keypress: rctrl
712.3975 	EXP 	Sound  started
712.4497 	DATA 	Keypress: rctrl
713.1475 	EXP 	Sound  started
713.1856 	DATA 	Keypress: lctrl
713.8896 	DATA 	Keypress: rctrl
713.8975 	EXP 	Sound  started
714.6475 	EXP 	Sound  started
714.6576 	DATA 	Keypress: rctrl
715.3975 	EXP 	Sound  started
715.4257 	DATA 	Keypress: rctrl
716.1476 	EXP 	Sound  started
716.1777 	DATA 	Keypress: lctrl
716.8977 	DATA 	Keypress: lctrl
716.8978 	EXP 	Sound  started
717.6017 	DATA 	Keypress: rctrl
717.6478 	EXP 	Sound  started
718.3978 	EXP 	Sound  started
718.4337 	DATA 	Keypress: rctrl
719.1733 	DATA 	Keypress: lctrl
721.4748 	DATA 	Keypress: 2
721.5043 	EXP 	unnamed ShapeStim: vertices = <class 'numpy.ndarray'>
724.2437 	DATA 	Keypress: 3
724.2732 	EXP 	unnamed ShapeStim: vertices = <class 'numpy.ndarray'>
725.7962 	DATA 	Keypress: 2
725.7963 	DATA 	Keypress: 2
725.8417 	EXP 	unnamed ShapeStim: vertices = <class 'numpy.ndarray'>
728.1261 	EXP 	Sound  started
728.3057 	DATA 	Keypress: rctrl
728.8760 	EXP 	Sound  started
728.9616 	DATA 	Keypress: rctrl
729.6260 	EXP 	Sound  started
729.6656 	DATA 	Keypress: lctrl
730.3760 	EXP 	Sound  started
730.3856 	DATA 	Keypress: lctrl
731.1260 	EXP 	Sound  started
731.1536 	DATA 	Keypress: lctrl
731.8760 	EXP 	Sound  started
731.8897 	DATA 	Keypress: lctrl
732.6260 	EXP 	Sound  started
732.6416 	DATA 	Keypress: rctrl
733.3760 	EXP 	Sound  started
733.4097 	DATA 	Keypress: rctrl
734.1260 	EXP 	Sound  started
734.1456 	DATA 	Keypress: rctrl
734.8761 	EXP 	Sound  started
734.9136 	DATA 	Keypress: lctrl
735.6261 	EXP 	Sound  started
735.6657 	DATA 	Keypress: lctrl
736.3761 	EXP 	Sound  started
736.4337 	DATA 	Keypress: lctrl
737.1261 	EXP 	Sound  started
737.1856 	DATA 	Keypress: lctrl
737.8761 	EXP 	Sound  started
737.9536 	DATA 	Keypress: rctrl
738.6261 	EXP 	Sound  started
738.6578 	DATA 	Keypress: rctrl
739.3761 	EXP 	Sound  started
739.4256 	DATA 	Keypress: lctrl
740.1262 	EXP 	Sound  started
740.1777 	DATA 	Keypress: rctrl
740.8762 	EXP 	Sound  started
740.9137 	DATA 	Keypress: rctrl
741.6262 	EXP 	Sound  started
741.6496 	DATA 	Keypress: lctrl
742.3762 	EXP 	Sound  started
742.4496 	DATA 	Keypress: lctrl
743.1217 	DATA 	Keypress: rctrl
743.1262 	EXP 	Sound  started
743.8762 	EXP 	Sound  started
743.9376 	DATA 	Keypress: lctrl
744.6257 	DATA 	Keypress: rctrl
744.6262 	EXP 	Sound  started
745.3762 	EXP 	Sound  started
745.3777 	DATA 	Keypress: rctrl
746.1263 	EXP 	Sound  started
746.1616 	DATA 	Keypress: rctrl
746.8763 	EXP 	Sound  started
746.8977 	DATA 	Keypress: lctrl
747.6177 	DATA 	Keypress: lctrl
747.6263 	EXP 	Sound  started
748.3763 	EXP 	Sound  started
748.4016 	DATA 	Keypress: rctrl
749.1263 	EXP 	Sound  started
749.1537 	DATA 	Keypress: lctrl
749.8576 	DATA 	Keypress: rctrl
749.8763 	EXP 	Sound  started
750.6264 	EXP 	Sound  started
750.6577 	DATA 	Keypress: rctrl
751.3764 	EXP 	Sound  started
751.4097 	DATA 	Keypress: rctrl
752.1264 	EXP 	Sound  started
752.1616 	DATA 	Keypress: rctrl
752.8764 	EXP 	Sound  started
752.8818 	DATA 	Keypress: rctrl
753.6264 	EXP 	Sound  started
753.6817 	DATA 	Keypress: lctrl
754.3764 	EXP 	Sound  started
754.4176 	DATA 	Keypress: rctrl
755.1264 	EXP 	Sound  started
755.1696 	DATA 	Keypress: lctrl
755.8765 	EXP 	Sound  started
755.9056 	DATA 	Keypress: rctrl
756.6265 	EXP 	Sound  started
756.7057 	DATA 	Keypress: rctrl
757.3765 	EXP 	Sound  started
757.4576 	DATA 	Keypress: lctrl
758.1136 	DATA 	Keypress: rctrl
758.1265 	EXP 	Sound  started
758.8765 	EXP 	Sound  started
758.9297 	DATA 	Keypress: rctrl
759.6265 	EXP 	Sound  started
759.6496 	DATA 	Keypress: lctrl
760.3765 	EXP 	Sound  started
760.4656 	DATA 	Keypress: lctrl
761.1265 	EXP 	Sound  started
761.1856 	DATA 	Keypress: rctrl
761.8766 	EXP 	Sound  started
761.9217 	DATA 	Keypress: lctrl
762.6266 	EXP 	Sound  started
762.6416 	DATA 	Keypress: rctrl
763.3766 	EXP 	Sound  started
763.4416 	DATA 	Keypress: rctrl
764.1266 	EXP 	Sound  started
764.2096 	DATA 	Keypress: lctrl
764.8766 	EXP 	Sound  started
764.9297 	DATA 	Keypress: lctrl
765.6266 	EXP 	Sound  started
765.6496 	DATA 	Keypress: rctrl
766.3767 	EXP 	Sound  started
766.4337 	DATA 	Keypress: rctrl
767.1267 	EXP 	Sound  started
767.1697 	DATA 	Keypress: rctrl
767.8767 	EXP 	Sound  started
767.9057 	DATA 	Keypress: lctrl
768.6267 	EXP 	Sound  started
768.6897 	DATA 	Keypress: rctrl
769.3767 	EXP 	Sound  started
769.4418 	DATA 	Keypress: rctrl
770.1268 	EXP 	Sound  started
770.1618 	DATA 	Keypress: lctrl
770.8768 	EXP 	Sound  started
770.9296 	DATA 	Keypress: rctrl
771.6268 	EXP 	Sound  started
771.6497 	DATA 	Keypress: rctrl
772.3768 	EXP 	Sound  started
772.4497 	DATA 	Keypress: rctrl
773.1268 	EXP 	Sound  started
773.2016 	DATA 	Keypress: rctrl
773.8768 	EXP 	Sound  started
773.9217 	DATA 	Keypress: rctrl
774.6257 	DATA 	Keypress: rctrl
774.6268 	EXP 	Sound  started
775.3768 	EXP 	Sound  started
775.4417 	DATA 	Keypress: lctrl
776.1269 	EXP 	Sound  started
776.2097 	DATA 	Keypress: lctrl
776.8769 	EXP 	Sound  started
776.9296 	DATA 	Keypress: lctrl
777.6177 	DATA 	Keypress: rctrl
777.6269 	EXP 	Sound  started
778.3697 	DATA 	Keypress: rctrl
778.3769 	EXP 	Sound  started
779.0896 	DATA 	Keypress: rctrl
779.1269 	EXP 	Sound  started
779.8578 	DATA 	Keypress: rctrl
779.8770 	EXP 	Sound  started
780.6257 	DATA 	Keypress: lctrl
780.6270 	EXP 	Sound  started
781.3617 	DATA 	Keypress: rctrl
781.3770 	EXP 	Sound  started
782.1270 	EXP 	Sound  started
782.1457 	DATA 	Keypress: rctrl
782.8770 	EXP 	Sound  started
782.9296 	DATA 	Keypress: lctrl
783.6270 	EXP 	Sound  started
783.6656 	DATA 	Keypress: lctrl
784.3770 	EXP 	Sound  started
784.3857 	DATA 	Keypress: rctrl
785.1270 	EXP 	Sound  started
785.1537 	DATA 	Keypress: lctrl
785.8770 	EXP 	Sound  started
785.8897 	DATA 	Keypress: rctrl
786.6583 	DATA 	Keypress: rctrl
794.2474 	DATA 	Keypress: 2
794.2639 	EXP 	unnamed ShapeStim: vertices = <class 'numpy.ndarray'>
798.1839 	DATA 	Keypress: 2
798.2004 	EXP 	unnamed ShapeStim: vertices = <class 'numpy.ndarray'>
800.4858 	DATA 	Keypress: 2
800.5023 	EXP 	unnamed ShapeStim: vertices = <class 'numpy.ndarray'>
802.7878 	EXP 	Sound  started
803.0257 	DATA 	Keypress: rctrl
803.5376 	EXP 	Sound  started
803.6496 	DATA 	Keypress: rctrl
804.2876 	EXP 	Sound  started
804.3697 	DATA 	Keypress: lctrl
805.0377 	EXP 	Sound  started
805.1057 	DATA 	Keypress: lctrl
805.7877 	EXP 	Sound  started
805.8416 	DATA 	Keypress: lctrl
806.5377 	EXP 	Sound  started
806.5616 	DATA 	Keypress: rctrl
807.2877 	EXP 	Sound  started
807.3616 	DATA 	Keypress: rctrl
808.0377 	EXP 	Sound  started
808.0816 	DATA 	Keypress: rctrl
808.7877 	EXP 	Sound  started
808.8177 	DATA 	Keypress: lctrl
809.5377 	EXP 	Sound  started
809.5537 	DATA 	Keypress: rctrl
810.2417 	DATA 	Keypress: lctrl
810.2877 	EXP 	Sound  started
811.0378 	EXP 	Sound  started
811.0416 	DATA 	Keypress: lctrl
811.7878 	EXP 	Sound  started
811.8257 	DATA 	Keypress: rctrl
812.5378 	EXP 	Sound  started
812.6096 	DATA 	Keypress: rctrl
813.2878 	EXP 	Sound  started
813.3457 	DATA 	Keypress: lctrl
814.0378 	EXP 	Sound  started
814.0817 	DATA 	Keypress: rctrl
814.7878 	EXP 	Sound  started
814.8176 	DATA 	Keypress: lctrl
815.5378 	EXP 	Sound  started
815.6017 	DATA 	Keypress: rctrl
816.2879 	EXP 	Sound  started
816.3378 	DATA 	Keypress: rctrl
817.0379 	EXP 	Sound  started
817.0577 	DATA 	Keypress: lctrl
817.7879 	EXP 	Sound  started
817.8256 	DATA 	Keypress: lctrl
818.5296 	DATA 	Keypress: rctrl
818.5379 	EXP 	Sound  started
819.2879 	EXP 	Sound  started
819.2976 	DATA 	Keypress: rctrl
820.0379 	EXP 	Sound  started
820.0497 	DATA 	Keypress: lctrl
820.7856 	DATA 	Keypress: lctrl
820.7879 	EXP 	Sound  started
821.5380 	EXP 	Sound  started
821.5697 	DATA 	Keypress: rctrl
822.2880 	EXP 	Sound  started
822.3376 	DATA 	Keypress: rctrl
823.0380 	EXP 	Sound  started
823.1056 	DATA 	Keypress: rctrl
823.7880 	EXP 	Sound  started
823.8576 	DATA 	Keypress: rctrl
824.5380 	EXP 	Sound  started
824.5616 	DATA 	Keypress: lctrl
825.2880 	EXP 	Sound  started
825.3296 	DATA 	Keypress: rctrl
826.0380 	EXP 	Sound  started
826.0656 	DATA 	Keypress: rctrl
826.7881 	EXP 	Sound  started
826.8336 	DATA 	Keypress: rctrl
827.5381 	EXP 	Sound  started
827.5536 	DATA 	Keypress: lctrl
828.2881 	EXP 	Sound  started
828.3057 	DATA 	Keypress: rctrl
829.0381 	EXP 	Sound  started
829.0577 	DATA 	Keypress: rctrl
829.7881 	EXP 	Sound  started
829.8736 	DATA 	Keypress: rctrl
830.5381 	EXP 	Sound  started
830.5936 	DATA 	Keypress: rctrl
831.2881 	EXP 	Sound  started
831.3297 	DATA 	Keypress: lctrl
832.0337 	DATA 	Keypress: lctrl
832.0382 	EXP 	Sound  started
832.7882 	EXP 	Sound  started
832.8017 	DATA 	Keypress: rctrl
833.5382 	EXP 	Sound  started
833.5536 	DATA 	Keypress: lctrl
834.2882 	EXP 	Sound  started
834.3216 	DATA 	Keypress: rctrl
835.0382 	EXP 	Sound  started
835.0896 	DATA 	Keypress: rctrl
835.7882 	EXP 	Sound  started
835.8417 	DATA 	Keypress: rctrl
836.5382 	EXP 	Sound  started
836.5776 	DATA 	Keypress: lctrl
837.2656 	DATA 	Keypress: rctrl
837.2882 	EXP 	Sound  started
838.0336 	DATA 	Keypress: rctrl
838.0383 	EXP 	Sound  started
838.7856 	DATA 	Keypress: rctrl
838.7883 	EXP 	Sound  started
839.5383 	EXP 	Sound  started
839.5856 	DATA 	Keypress: lctrl
840.2883 	EXP 	Sound  started
840.3217 	DATA 	Keypress: lctrl
841.0383 	EXP 	Sound  started
841.0577 	DATA 	Keypress: rctrl
841.7884 	EXP 	Sound  started
841.7937 	DATA 	Keypress: rctrl
842.5384 	EXP 	Sound  started
842.5456 	DATA 	Keypress: lctrl
843.2884 	EXP 	Sound  started
843.3297 	DATA 	Keypress: rctrl
844.0384 	EXP 	Sound  started
844.1137 	DATA 	Keypress: rctrl
844.7884 	EXP 	Sound  started
844.8336 	DATA 	Keypress: lctrl
845.5384 	EXP 	Sound  started
845.5536 	DATA 	Keypress: rctrl
846.2736 	DATA 	Keypress: rctrl
846.2884 	EXP 	Sound  started
847.0384 	EXP 	Sound  started
847.0576 	DATA 	Keypress: lctrl
847.7885 	EXP 	Sound  started
847.8577 	DATA 	Keypress: rctrl
848.5385 	EXP 	Sound  started
848.6256 	DATA 	Keypress: rctrl
849.2885 	EXP 	Sound  started
849.3457 	DATA 	Keypress: rctrl
850.0385 	EXP 	Sound  started
850.0657 	DATA 	Keypress: lctrl
850.7857 	DATA 	Keypress: lctrl
850.7885 	EXP 	Sound  started
851.5217 	DATA 	Keypress: rctrl
851.5385 	EXP 	Sound  started
852.2886 	EXP 	Sound  started
852.3378 	DATA 	Keypress: rctrl
853.0385 	EXP 	Sound  started
853.1056 	DATA 	Keypress: lctrl
853.7886 	EXP 	Sound  started
853.8097 	DATA 	Keypress: rctrl
854.5386 	EXP 	Sound  started
854.5616 	DATA 	Keypress: rctrl
855.2886 	EXP 	Sound  started
855.3458 	DATA 	Keypress: rctrl
856.0386 	EXP 	Sound  started
856.0656 	DATA 	Keypress: rctrl
856.7886 	EXP 	Sound  started
856.8176 	DATA 	Keypress: rctrl
857.5386 	EXP 	Sound  started
857.5536 	DATA 	Keypress: rctrl
858.2886 	EXP 	Sound  started
858.3217 	DATA 	Keypress: lctrl
859.0387 	EXP 	Sound  started
859.0896 	DATA 	Keypress: lctrl
859.7887 	EXP 	Sound  started
859.8256 	DATA 	Keypress: lctrl
860.5387 	EXP 	Sound  started
860.5457 	DATA 	Keypress: lctrl
861.2887 	EXP 	Sound  started
861.3296 	DATA 	Keypress: lctrl
862.0867 	DATA 	Keypress: lctrl
865.9560 	DATA 	Keypress: 3
865.9726 	EXP 	unnamed ShapeStim: vertices = <class 'numpy.ndarray'>
871.5607 	DATA 	Keypress: 3
871.5772 	EXP 	unnamed ShapeStim: vertices = <class 'numpy.ndarray'>
873.4289 	DATA 	Keypress: 2
873.4454 	EXP 	unnamed ShapeStim: vertices = <class 'numpy.ndarray'>
875.7309 	EXP 	Sound  started
875.8898 	DATA 	Keypress: rctrl
876.4808 	EXP 	Sound  started
876.5137 	DATA 	Keypress: rctrl
877.2308 	EXP 	Sound  started
877.2497 	DATA 	Keypress: rctrl
877.9696 	DATA 	Keypress: lctrl
877.9808 	EXP 	Sound  started
878.7217 	DATA 	Keypress: rctrl
878.7308 	EXP 	Sound  started
879.4808 	EXP 	Sound  started
879.5057 	DATA 	Keypress: rctrl
880.2308 	EXP 	Sound  started
880.3056 	DATA 	Keypress: lctrl
880.9808 	EXP 	Sound  started
881.0416 	DATA 	Keypress: lctrl
881.7308 	EXP 	Sound  started
881.7616 	DATA 	Keypress: rctrl
882.4809 	EXP 	Sound  started
882.5137 	DATA 	Keypress: lctrl
883.2309 	EXP 	Sound  started
883.2656 	DATA 	Keypress: rctrl
883.9809 	EXP 	Sound  started
884.0017 	DATA 	Keypress: rctrl
884.7309 	EXP 	Sound  started
884.8017 	DATA 	Keypress: rctrl
885.4809 	EXP 	Sound  started
885.5376 	DATA 	Keypress: rctrl
886.2309 	EXP 	Sound  started
886.2416 	DATA 	Keypress: rctrl
886.9809 	EXP 	Sound  started
887.0096 	DATA 	Keypress: rctrl
887.7310 	EXP 	Sound  started
887.7456 	DATA 	Keypress: lctrl
888.4810 	EXP 	Sound  started
888.4978 	DATA 	Keypress: rctrl
889.2310 	EXP 	Sound  started
889.2657 	DATA 	Keypress: rctrl
889.9810 	EXP 	Sound  started
890.0017 	DATA 	Keypress: lctrl
890.7310 	EXP 	Sound  started
890.7536 	DATA 	Keypress: rctrl
891.4810 	EXP 	Sound  started
891.5056 	DATA 	Keypress: lctrl
892.2311 	EXP 	Sound  started
892.2416 	DATA 	Keypress: rctrl
892.9776 	DATA 	Keypress: lctrl
892.9811 	EXP 	Sound  started
893.7311 	EXP 	Sound  started
893.7456 	DATA 	Keypress: rctrl
894.4811 	EXP 	Sound  started
894.5456 	DATA 	Keypress: rctrl
895.2311 	EXP 	Sound  started
895.2817 	DATA 	Keypress: rctrl
895.9811 	EXP 	Sound  started
896.0177 	DATA 	Keypress: rctrl
896.7311 	EXP 	Sound  started
896.7857 	DATA 	Keypress: lctrl
897.4812 	EXP 	Sound  started
897.5537 	DATA 	Keypress: rctrl
898.2312 	EXP 	Sound  started
898.2416 	DATA 	Keypress: lctrl
898.9812 	EXP 	Sound  started
899.0256 	DATA 	Keypress: lctrl
899.7138 	DATA 	Keypress: lctrl
899.7312 	EXP 	Sound  started
900.4812 	EXP 	Sound  started
900.5456 	DATA 	Keypress: rctrl
901.2312 	EXP 	Sound  started
901.2976 	DATA 	Keypress: lctrl
901.9812 	EXP 	Sound  started
902.0337 	DATA 	Keypress: rctrl
902.7057 	DATA 	Keypress: lctrl
902.7312 	EXP 	Sound  started
903.4813 	EXP 	Sound  started
903.5537 	DATA 	Keypress: lctrl
904.2313 	EXP 	Sound  started
904.2736 	DATA 	Keypress: lctrl
904.9777 	DATA 	Keypress: rctrl
904.9813 	EXP 	Sound  started
905.7313 	EXP 	Sound  started
905.7616 	DATA 	Keypress: rctrl
906.4656 	DATA 	Keypress: rctrl
906.4813 	EXP 	Sound  started
907.2313 	EXP 	Sound  started
907.2496 	DATA 	Keypress: rctrl
907.9813 	EXP 	Sound  started
908.0176 	DATA 	Keypress: rctrl
908.7313 	EXP 	Sound  started
908.7376 	DATA 	Keypress: rctrl
909.4814 	EXP 	Sound  started
909.5377 	DATA 	Keypress: rctrl
910.2314 	EXP 	Sound  started
910.3057 	DATA 	Keypress: lctrl
910.9814 	EXP 	Sound  started
911.0577 	DATA 	Keypress: rctrl
911.7314 	EXP 	Sound  started
911.7937 	DATA 	Keypress: lctrl
912.4814 	EXP 	Sound  started
912.5136 	DATA 	Keypress: rctrl
913.2314 	EXP 	Sound  started
913.2816 	DATA 	Keypress: rctrl
913.9814 	EXP 	Sound  started
914.0176 	DATA 	Keypress: rctrl
914.7315 	EXP 	Sound  started
914.7537 	DATA 	Keypress: rctrl
915.4815 	EXP 	Sound  started
915.5216 	DATA 	Keypress: rctrl
916.2315 	EXP 	Sound  started
916.2736 	DATA 	Keypress: rctrl
916.9815 	EXP 	Sound  started
917.0418 	DATA 	Keypress: lctrl
917.7315 	EXP 	Sound  started
917.7617 	DATA 	Keypress: rctrl
918.4815 	EXP 	Sound  started
918.4816 	DATA 	Keypress: rctrl
919.2176 	DATA 	Keypress: rctrl
919.2315 	EXP 	Sound  started
919.9376 	DATA 	Keypress: rctrl
919.9816 	EXP 	Sound  started
920.7216 	DATA 	Keypress: rctrl
920.7316 	EXP 	Sound  started
921.4816 	EXP 	Sound  started
921.4896 	DATA 	Keypress: rctrl
922.2316 	EXP 	Sound  started
922.2736 	DATA 	Keypress: rctrl
922.9777 	DATA 	Keypress: lctrl
922.9816 	EXP 	Sound  started
923.7316 	EXP 	Sound  started
923.7616 	DATA 	Keypress: lctrl
924.4816 	EXP 	Sound  started
924.5137 	DATA 	Keypress: rctrl
925.2317 	EXP 	Sound  started
925.2336 	DATA 	Keypress: lctrl
925.9817 	EXP 	Sound  started
926.0016 	DATA 	Keypress: lctrl
926.7317 	EXP 	Sound  started
926.7856 	DATA 	Keypress: lctrl
927.4817 	EXP 	Sound  started
927.5057 	DATA 	Keypress: rctrl
928.2317 	EXP 	Sound  started
928.2417 	DATA 	Keypress: lctrl
928.9817 	EXP 	Sound  started
929.0096 	DATA 	Keypress: lctrl
929.7317 	EXP 	Sound  started
929.7777 	DATA 	Keypress: rctrl
930.4818 	EXP 	Sound  started
930.5137 	DATA 	Keypress: rctrl
931.2318 	EXP 	Sound  started
931.2496 	DATA 	Keypress: rctrl
931.9818 	EXP 	Sound  started
932.0337 	DATA 	Keypress: rctrl
932.7318 	EXP 	Sound  started
932.7536 	DATA 	Keypress: lctrl
933.4818 	EXP 	Sound  started
933.5056 	DATA 	Keypress: rctrl
934.2318 	EXP 	Sound  started
934.2416 	DATA 	Keypress: rctrl
934.9617 	DATA 	Keypress: rctrl
938.0985 	DATA 	Keypress: 2
938.1150 	EXP 	unnamed ShapeStim: vertices = <class 'numpy.ndarray'>
940.3503 	DATA 	Keypress: 2
940.3668 	EXP 	unnamed ShapeStim: vertices = <class 'numpy.ndarray'>
942.3061 	DATA 	Keypress: 1
942.3356 	EXP 	unnamed ShapeStim: vertices = <class 'numpy.ndarray'>
1121.4418 	DATA 	Keypress: return
1121.5226 	EXP 	window1: mouseVisible = True
