270.0684 	WARNING 	User requested fullscreen with size [1024  768], but screen is actually [1920, 1200]. Using actual size
270.8892 	EXP 	Created window1 = Window(allowGUI=False, allowStencil=False, autoLog=True, backendConf=UNKNOWN, bitsMode=UNKNOWN, blendMode='avg', bpc=(8, 8, 8), color=array([0, 0, 0]), colorSpace='rgb', depthBits=8, fullscr=<method-wrapper '__getattribute__' of attributeSetter object at 0x0000012D55C96710>, gamma=None, gammaErrorPolicy='raise', lms=UNKNOWN, monitor=<psychopy.monitors.calibTools.Monitor object at 0x0000012D573D3FD0>, multiSample=False, name='window1', numSamples=2, pos=[0.0, 0.0], screen=0, size=array([1920, 1200]), stencilBits=0, stereo=False, units='norm', useFBO=True, useRetina=False, viewOri=0.0, viewPos=None, viewScale=None, waitBlanking=True, winType='pyglet')
270.8896 	EXP 	window1: mouseVisible = True
270.8896 	EXP 	window1: mouseVisible = False
270.8896 	EXP 	window1: recordFrameIntervals = False
271.0558 	EXP 	window1: recordFrameIntervals = True
271.2393 	EXP 	window1: recordFrameIntervals = False
271.2943 	EXP 	Created text = TextStim(__class__=<class 'psychopy.visual.text.TextStim'>, alignHoriz=method-wrapper(...), alignText='center', alignVert=method-wrapper(...), anchorHoriz='center', anchorVert='center', antialias=True, autoLog=True, bold=False, color=array([1., 1., 1.]), colorSpace='rgb', contrast=1.0, depth=0.0, flipHoriz=False, flipVert=False, font='Arial', fontFiles=[], height=0.15, italic=False, languageStyle='LTR', name='text', opacity=1, ori=0, pos=array([0., 0.]), rgb=UNKNOWN, text='+', units='norm', win=Window(...), wrapWidth=1)
271.3126 	EXP 	Created text = TextStim(__class__=<class 'psychopy.visual.text.TextStim'>, alignHoriz=method-wrapper(...), alignText='center', alignVert=method-wrapper(...), anchorHoriz='center', anchorVert='center', antialias=True, autoLog=True, bold=False, color=array([1., 1., 1.]), colorSpace='rgb', contrast=1.0, depth=0.0, flipHoriz=False, flipVert=False, font='Arial', fontFiles=[], height=0.07, italic=False, languageStyle='LTR', name='text', opacity=1, ori=0, pos=array([0., 0.]), rgb=UNKNOWN, text=str(...), units='norm', win=Window(...), wrapWidth=1.65)
271.3234 	EXP 	Created text = TextStim(__class__=<class 'psychopy.visual.text.TextStim'>, alignHoriz=method-wrapper(...), alignText='center', alignVert=method-wrapper(...), anchorHoriz='center', anchorVert='center', antialias=True, autoLog=True, bold=False, color=array([1., 1., 1.]), colorSpace='rgb', contrast=1.0, depth=0.0, flipHoriz=False, flipVert=False, font='Arial', fontFiles=[], height=0.07, italic=False, languageStyle='LTR', name='text', opacity=1, ori=0, pos=array([0., 0.]), rgb=UNKNOWN, text=str(...), units='norm', win=Window(...), wrapWidth=1.65)
271.3334 	EXP 	Created text = TextStim(__class__=<class 'psychopy.visual.text.TextStim'>, alignHoriz=method-wrapper(...), alignText='center', alignVert=method-wrapper(...), anchorHoriz='center', anchorVert='center', antialias=True, autoLog=True, bold=False, color=array([1., 1., 1.]), colorSpace='rgb', contrast=1.0, depth=0.0, flipHoriz=False, flipVert=False, font='Arial', fontFiles=[], height=0.07, italic=False, languageStyle='LTR', name='text', opacity=1, ori=0, pos=array([0., 0.]), rgb=UNKNOWN, text=str(...), units='norm', win=Window(...), wrapWidth=1.65)
271.3432 	EXP 	Created text = TextStim(__class__=<class 'psychopy.visual.text.TextStim'>, alignHoriz=method-wrapper(...), alignText='center', alignVert=method-wrapper(...), anchorHoriz='center', anchorVert='center', antialias=True, autoLog=True, bold=False, color=array([1., 1., 1.]), colorSpace='rgb', contrast=1.0, depth=0.0, flipHoriz=False, flipVert=False, font='Arial', fontFiles=[], height=0.07, italic=False, languageStyle='LTR', name='text', opacity=1, ori=0, pos=array([0., 0.]), rgb=UNKNOWN, text=str(...), units='norm', win=Window(...), wrapWidth=1.65)
271.3482 	EXP 	Created text = TextStim(__class__=<class 'psychopy.visual.text.TextStim'>, alignHoriz=method-wrapper(...), alignText='center', alignVert=method-wrapper(...), anchorHoriz='center', anchorVert='center', antialias=True, autoLog=True, bold=False, color=array([1., 1., 1.]), colorSpace='rgb', contrast=1.0, depth=0.0, flipHoriz=False, flipVert=False, font='Arial', fontFiles=[], height=0.07, italic=False, languageStyle='LTR', name='text', opacity=1, ori=0, pos=array([0., 0.]), rgb=UNKNOWN, text=str(...), units='norm', win=Window(...), wrapWidth=1.65)
271.3620 	EXP 	Created text = TextStim(__class__=<class 'psychopy.visual.text.TextStim'>, alignHoriz=method-wrapper(...), alignText='center', alignVert=method-wrapper(...), anchorHoriz='center', anchorVert='center', antialias=True, autoLog=True, bold=False, color=array([1., 1., 1.]), colorSpace='rgb', contrast=1.0, depth=0.0, flipHoriz=False, flipVert=False, font='Arial', fontFiles=[], height=0.15, italic=False, languageStyle='LTR', name='text', opacity=1, ori=0, pos=array([0., 0.]), rgb=UNKNOWN, text=str(...), units='norm', win=Window(...), wrapWidth=1.65)
271.3907 	EXP 	Created text = TextStim(__class__=<class 'psychopy.visual.text.TextStim'>, alignHoriz=method-wrapper(...), alignText='center', alignVert=method-wrapper(...), anchorHoriz='center', anchorVert='center', antialias=True, autoLog=True, bold=False, color=array([1., 1., 1.]), colorSpace='rgb', contrast=1.0, depth=0.0, flipHoriz=False, flipVert=False, font='Arial', fontFiles=[], height=0.07, italic=False, languageStyle='LTR', name='text', opacity=1, ori=0, pos=array([0., 0.]), rgb=UNKNOWN, text=str(...), units='norm', win=Window(...), wrapWidth=1.65)
271.4093 	EXP 	Created text = TextStim(__class__=<class 'psychopy.visual.text.TextStim'>, alignHoriz=method-wrapper(...), alignText='center', alignVert=method-wrapper(...), anchorHoriz='center', anchorVert='center', antialias=True, autoLog=True, bold=False, color=array([1., 1., 1.]), colorSpace='rgb', contrast=1.0, depth=0.0, flipHoriz=False, flipVert=False, font='Arial', fontFiles=[], height=0.07, italic=False, languageStyle='LTR', name='text', opacity=1, ori=0, pos=array([0., 0.]), rgb=UNKNOWN, text=str(...), units='norm', win=Window(...), wrapWidth=1.65)
271.4405 	EXP 	Created text = TextStim(__class__=<class 'psychopy.visual.text.TextStim'>, alignHoriz=method-wrapper(...), alignText='center', alignVert=method-wrapper(...), anchorHoriz='center', anchorVert='center', antialias=True, autoLog=True, bold=False, color=array([1., 1., 1.]), colorSpace='rgb', contrast=1.0, depth=0.0, flipHoriz=False, flipVert=False, font='Arial', fontFiles=[], height=0.07, italic=False, languageStyle='LTR', name='text', opacity=1, ori=0, pos=array([0., 0.]), rgb=UNKNOWN, text=str(...), units='norm', win=Window(...), wrapWidth=1.65)
271.4688 	EXP 	Created text = TextStim(__class__=<class 'psychopy.visual.text.TextStim'>, alignHoriz=method-wrapper(...), alignText='center', alignVert=method-wrapper(...), anchorHoriz='center', anchorVert='center', antialias=True, autoLog=True, bold=False, color=array([1., 1., 1.]), colorSpace='rgb', contrast=1.0, depth=0.0, flipHoriz=False, flipVert=False, font='Arial', fontFiles=[], height=0.07, italic=False, languageStyle='LTR', name='text', opacity=1, ori=0, pos=array([0., 0.]), rgb=UNKNOWN, text=str(...), units='norm', win=Window(...), wrapWidth=1.65)
271.5014 	EXP 	Created text = TextStim(__class__=<class 'psychopy.visual.text.TextStim'>, alignHoriz=method-wrapper(...), alignText='center', alignVert=method-wrapper(...), anchorHoriz='center', anchorVert='center', antialias=True, autoLog=True, bold=False, color=array([1., 1., 1.]), colorSpace='rgb', contrast=1.0, depth=0.0, flipHoriz=False, flipVert=False, font='Arial', fontFiles=[], height=0.07, italic=False, languageStyle='LTR', name='text', opacity=1, ori=0, pos=array([0., 0.]), rgb=UNKNOWN, text=str(...), units='norm', win=Window(...), wrapWidth=1.65)
271.5104 	EXP 	Created text = TextStim(__class__=<class 'psychopy.visual.text.TextStim'>, alignHoriz=method-wrapper(...), alignText='center', alignVert=method-wrapper(...), anchorHoriz='center', anchorVert='center', antialias=True, autoLog=True, bold=False, color=array([1., 1., 1.]), colorSpace='rgb', contrast=1.0, depth=0.0, flipHoriz=False, flipVert=False, font='Arial', fontFiles=[], height=0.07, italic=False, languageStyle='LTR', name='text', opacity=1, ori=0, pos=array([0., 0.]), rgb=UNKNOWN, text=str(...), units='norm', win=Window(...), wrapWidth=1.65)
271.5229 	EXP 	Created text = TextStim(__class__=<class 'psychopy.visual.text.TextStim'>, alignHoriz=method-wrapper(...), alignText='center', alignVert=method-wrapper(...), anchorHoriz='center', anchorVert='center', antialias=True, autoLog=True, bold=False, color=array([1., 1., 1.]), colorSpace='rgb', contrast=1.0, depth=0.0, flipHoriz=False, flipVert=False, font='Arial', fontFiles=[], height=0.07, italic=False, languageStyle='LTR', name='text', opacity=1, ori=0, pos=array([0., 0.]), rgb=UNKNOWN, text=str(...), units='norm', win=Window(...), wrapWidth=1.65)
271.5274 	EXP 	Created instru = TextStim(__class__=<class 'psychopy.visual.text.TextStim'>, alignHoriz=method-wrapper(...), alignText='center', alignVert=method-wrapper(...), anchorHoriz='center', anchorVert='center', antialias=True, autoLog=True, bold=False, color=array([1., 1., 1.]), colorSpace='rgb', contrast=1.0, depth=0.0, flipHoriz=False, flipVert=False, font='Arial', fontFiles=[], height=0.07, italic=False, languageStyle='LTR', name='instru', opacity=1, ori=0, pos=array([0. , 0.5]), rgb=UNKNOWN, text=str(...), units='norm', win=Window(...), wrapWidth=1)
271.5301 	EXP 	Created unnamed Line = Line(__class__=<class 'psychopy.visual.line.Line'>, autoDraw=False, autoLog=True, closeShape=False, color=array([1., 1., 1.]), colorSpace='rgb', contrast=None, depth=0, fillColor=array([0, 0, 0]), fillColorSpace='rgb', fillRGB=array([0, 0, 0]), interpolate=True, lineColor=array([1., 1., 1.]), lineColorSpace='rgb', lineRGB=array([1, 1, 1]), lineWidth=5, name='unnamed Line', opacity=0.5, ori=0.0, pos=array([0., 0.]), size=array([1., 1.]), units='norm', vertices=array([[-0.5,  0. ],
       [ 0.5,  0. ]]), win=Window(...), windingRule=None)
271.5321 	EXP 	Created unnamed Line = Line(__class__=<class 'psychopy.visual.line.Line'>, autoDraw=False, autoLog=True, closeShape=False, color=array([1., 1., 1.]), colorSpace='rgb', contrast=None, depth=0, fillColor=array([0, 0, 0]), fillColorSpace='rgb', fillRGB=array([0, 0, 0]), interpolate=True, lineColor=array([1., 1., 1.]), lineColorSpace='rgb', lineRGB=array([1, 1, 1]), lineWidth=3, name='unnamed Line', opacity=0.5, ori=0.0, pos=array([0., 0.]), size=array([1., 1.]), units='norm', vertices=array([[-0.5 , -0.05],
       [-0.5 ,  0.05]]), win=Window(...), windingRule=None)
271.5341 	EXP 	Created unnamed Line = Line(__class__=<class 'psychopy.visual.line.Line'>, autoDraw=False, autoLog=True, closeShape=False, color=array([1., 1., 1.]), colorSpace='rgb', contrast=None, depth=0, fillColor=array([0, 0, 0]), fillColorSpace='rgb', fillRGB=array([0, 0, 0]), interpolate=True, lineColor=array([1., 1., 1.]), lineColorSpace='rgb', lineRGB=array([1, 1, 1]), lineWidth=3, name='unnamed Line', opacity=0.5, ori=0.0, pos=array([0., 0.]), size=array([1., 1.]), units='norm', vertices=ndarray(...), win=Window(...), windingRule=None)
271.5361 	EXP 	Created unnamed Line = Line(__class__=<class 'psychopy.visual.line.Line'>, autoDraw=False, autoLog=True, closeShape=False, color=array([1., 1., 1.]), colorSpace='rgb', contrast=None, depth=0, fillColor=array([0, 0, 0]), fillColorSpace='rgb', fillRGB=array([0, 0, 0]), interpolate=True, lineColor=array([1., 1., 1.]), lineColorSpace='rgb', lineRGB=array([1, 1, 1]), lineWidth=3, name='unnamed Line', opacity=0.5, ori=0.0, pos=array([0., 0.]), size=array([1., 1.]), units='norm', vertices=ndarray(...), win=Window(...), windingRule=None)
271.5382 	EXP 	Created unnamed Line = Line(__class__=<class 'psychopy.visual.line.Line'>, autoDraw=False, autoLog=True, closeShape=False, color=array([1., 1., 1.]), colorSpace='rgb', contrast=None, depth=0, fillColor=array([0, 0, 0]), fillColorSpace='rgb', fillRGB=array([0, 0, 0]), interpolate=True, lineColor=array([1., 1., 1.]), lineColorSpace='rgb', lineRGB=array([1, 1, 1]), lineWidth=3, name='unnamed Line', opacity=0.5, ori=0.0, pos=array([0., 0.]), size=array([1., 1.]), units='norm', vertices=array([[ 0.5 , -0.05],
       [ 0.5 ,  0.05]]), win=Window(...), windingRule=None)
271.5507 	EXP 	Created unnamed TextStim = TextStim(__class__=<class 'psychopy.visual.text.TextStim'>, alignHoriz=method-wrapper(...), alignText='center', alignVert=method-wrapper(...), anchorHoriz='center', anchorVert='center', antialias=True, autoLog=True, bold=False, color=array([1., 1., 1.]), colorSpace='rgb', contrast=1.0, depth=0, flipHoriz=False, flipVert=False, font='', fontFiles=[], height=0.05, italic=False, languageStyle='LTR', name='unnamed TextStim', opacity=1.0, ori=0.0, pos=array([-0.5, -0.1]), rgb=UNKNOWN, text='Clearly \n NOT FOCUSED', units='norm', win=Window(...), wrapWidth=1)
271.5518 	EXP 	Created unnamed TextStim = TextStim(__class__=<class 'psychopy.visual.text.TextStim'>, alignHoriz=method-wrapper(...), alignText='center', alignVert=method-wrapper(...), anchorHoriz='center', anchorVert='center', antialias=True, autoLog=True, bold=False, color=array([1., 1., 1.]), colorSpace='rgb', contrast=1.0, depth=0, flipHoriz=False, flipVert=False, font='', fontFiles=[], height=0.05, italic=False, languageStyle='LTR', name='unnamed TextStim', opacity=1.0, ori=0.0, pos=array([-0.16666667, -0.1       ]), rgb=UNKNOWN, text='', units='norm', win=Window(...), wrapWidth=1)
271.5529 	EXP 	Created unnamed TextStim = TextStim(__class__=<class 'psychopy.visual.text.TextStim'>, alignHoriz=method-wrapper(...), alignText='center', alignVert=method-wrapper(...), anchorHoriz='center', anchorVert='center', antialias=True, autoLog=True, bold=False, color=array([1., 1., 1.]), colorSpace='rgb', contrast=1.0, depth=0, flipHoriz=False, flipVert=False, font='', fontFiles=[], height=0.05, italic=False, languageStyle='LTR', name='unnamed TextStim', opacity=1.0, ori=0.0, pos=array([ 0.16666667, -0.1       ]), rgb=UNKNOWN, text='', units='norm', win=Window(...), wrapWidth=1)
271.5563 	EXP 	Created unnamed TextStim = TextStim(__class__=<class 'psychopy.visual.text.TextStim'>, alignHoriz=method-wrapper(...), alignText='center', alignVert=method-wrapper(...), anchorHoriz='center', anchorVert='center', antialias=True, autoLog=True, bold=False, color=array([1., 1., 1.]), colorSpace='rgb', contrast=1.0, depth=0, flipHoriz=False, flipVert=False, font='', fontFiles=[], height=0.05, italic=False, languageStyle='LTR', name='unnamed TextStim', opacity=1.0, ori=0.0, pos=array([ 0.5, -0.1]), rgb=UNKNOWN, text='Clearly \n FOCUSED', units='norm', win=Window(...), wrapWidth=1)
271.5582 	EXP 	Created unnamed ShapeStim = ShapeStim(__class__=<class 'psychopy.visual.shape.ShapeStim'>, autoDraw=False, autoLog=True, closeShape=True, color=method-wrapper(...), colorSpace='rgb', contrast=None, depth=0, fillColor=array([1, 1, 1]), fillColorSpace='rgb', fillRGB=array([1, 1, 1]), interpolate=True, lineColor=array([-1., -1., -1.]), lineColorSpace='rgb', lineRGB=array([-1, -1, -1]), lineWidth=1.5, name='unnamed ShapeStim', opacity=1.0, ori=0.0, pos=array([0., 0.]), size=array([1., 1.]), units='norm', vertices=ndarray(...), win=Window(...), windingRule=None)
271.5671 	EXP 	Created instru = TextStim(__class__=<class 'psychopy.visual.text.TextStim'>, alignHoriz=method-wrapper(...), alignText='center', alignVert=method-wrapper(...), anchorHoriz='center', anchorVert='center', antialias=True, autoLog=True, bold=False, color=array([1., 1., 1.]), colorSpace='rgb', contrast=1.0, depth=0.0, flipHoriz=False, flipVert=False, font='Arial', fontFiles=[], height=0.07, italic=False, languageStyle='LTR', name='instru', opacity=1, ori=0, pos=array([0. , 0.5]), rgb=UNKNOWN, text=str(...), units='norm', win=Window(...), wrapWidth=1)
271.5693 	EXP 	Created unnamed Line = Line(__class__=<class 'psychopy.visual.line.Line'>, autoDraw=False, autoLog=True, closeShape=False, color=array([1., 1., 1.]), colorSpace='rgb', contrast=None, depth=0, fillColor=array([0, 0, 0]), fillColorSpace='rgb', fillRGB=array([0, 0, 0]), interpolate=True, lineColor=array([1., 1., 1.]), lineColorSpace='rgb', lineRGB=array([1, 1, 1]), lineWidth=5, name='unnamed Line', opacity=0.5, ori=0.0, pos=array([0., 0.]), size=array([1., 1.]), units='norm', vertices=array([[-0.5,  0. ],
       [ 0.5,  0. ]]), win=Window(...), windingRule=None)
271.5715 	EXP 	Created unnamed Line = Line(__class__=<class 'psychopy.visual.line.Line'>, autoDraw=False, autoLog=True, closeShape=False, color=array([1., 1., 1.]), colorSpace='rgb', contrast=None, depth=0, fillColor=array([0, 0, 0]), fillColorSpace='rgb', fillRGB=array([0, 0, 0]), interpolate=True, lineColor=array([1., 1., 1.]), lineColorSpace='rgb', lineRGB=array([1, 1, 1]), lineWidth=3, name='unnamed Line', opacity=0.5, ori=0.0, pos=array([0., 0.]), size=array([1., 1.]), units='norm', vertices=array([[-0.5 , -0.05],
       [-0.5 ,  0.05]]), win=Window(...), windingRule=None)
271.5737 	EXP 	Created unnamed Line = Line(__class__=<class 'psychopy.visual.line.Line'>, autoDraw=False, autoLog=True, closeShape=False, color=array([1., 1., 1.]), colorSpace='rgb', contrast=None, depth=0, fillColor=array([0, 0, 0]), fillColorSpace='rgb', fillRGB=array([0, 0, 0]), interpolate=True, lineColor=array([1., 1., 1.]), lineColorSpace='rgb', lineRGB=array([1, 1, 1]), lineWidth=3, name='unnamed Line', opacity=0.5, ori=0.0, pos=array([0., 0.]), size=array([1., 1.]), units='norm', vertices=ndarray(...), win=Window(...), windingRule=None)
271.5759 	EXP 	Created unnamed Line = Line(__class__=<class 'psychopy.visual.line.Line'>, autoDraw=False, autoLog=True, closeShape=False, color=array([1., 1., 1.]), colorSpace='rgb', contrast=None, depth=0, fillColor=array([0, 0, 0]), fillColorSpace='rgb', fillRGB=array([0, 0, 0]), interpolate=True, lineColor=array([1., 1., 1.]), lineColorSpace='rgb', lineRGB=array([1, 1, 1]), lineWidth=3, name='unnamed Line', opacity=0.5, ori=0.0, pos=array([0., 0.]), size=array([1., 1.]), units='norm', vertices=ndarray(...), win=Window(...), windingRule=None)
271.5784 	EXP 	Created unnamed Line = Line(__class__=<class 'psychopy.visual.line.Line'>, autoDraw=False, autoLog=True, closeShape=False, color=array([1., 1., 1.]), colorSpace='rgb', contrast=None, depth=0, fillColor=array([0, 0, 0]), fillColorSpace='rgb', fillRGB=array([0, 0, 0]), interpolate=True, lineColor=array([1., 1., 1.]), lineColorSpace='rgb', lineRGB=array([1, 1, 1]), lineWidth=3, name='unnamed Line', opacity=0.5, ori=0.0, pos=array([0., 0.]), size=array([1., 1.]), units='norm', vertices=array([[ 0.5 , -0.05],
       [ 0.5 ,  0.05]]), win=Window(...), windingRule=None)
271.5842 	EXP 	Created unnamed TextStim = TextStim(__class__=<class 'psychopy.visual.text.TextStim'>, alignHoriz=method-wrapper(...), alignText='center', alignVert=method-wrapper(...), anchorHoriz='center', anchorVert='center', antialias=True, autoLog=True, bold=False, color=array([1., 1., 1.]), colorSpace='rgb', contrast=1.0, depth=0, flipHoriz=False, flipVert=False, font='', fontFiles=[], height=0.05, italic=False, languageStyle='LTR', name='unnamed TextStim', opacity=1.0, ori=0.0, pos=array([-0.5, -0.1]), rgb=UNKNOWN, text='Clearly \n NOTHING', units='norm', win=Window(...), wrapWidth=1)
271.5853 	EXP 	Created unnamed TextStim = TextStim(__class__=<class 'psychopy.visual.text.TextStim'>, alignHoriz=method-wrapper(...), alignText='center', alignVert=method-wrapper(...), anchorHoriz='center', anchorVert='center', antialias=True, autoLog=True, bold=False, color=array([1., 1., 1.]), colorSpace='rgb', contrast=1.0, depth=0, flipHoriz=False, flipVert=False, font='', fontFiles=[], height=0.05, italic=False, languageStyle='LTR', name='unnamed TextStim', opacity=1.0, ori=0.0, pos=array([-0.16666667, -0.1       ]), rgb=UNKNOWN, text='', units='norm', win=Window(...), wrapWidth=1)
271.5863 	EXP 	Created unnamed TextStim = TextStim(__class__=<class 'psychopy.visual.text.TextStim'>, alignHoriz=method-wrapper(...), alignText='center', alignVert=method-wrapper(...), anchorHoriz='center', anchorVert='center', antialias=True, autoLog=True, bold=False, color=array([1., 1., 1.]), colorSpace='rgb', contrast=1.0, depth=0, flipHoriz=False, flipVert=False, font='', fontFiles=[], height=0.05, italic=False, languageStyle='LTR', name='unnamed TextStim', opacity=1.0, ori=0.0, pos=array([ 0.16666667, -0.1       ]), rgb=UNKNOWN, text='', units='norm', win=Window(...), wrapWidth=1)
271.5905 	EXP 	Created unnamed TextStim = TextStim(__class__=<class 'psychopy.visual.text.TextStim'>, alignHoriz=method-wrapper(...), alignText='center', alignVert=method-wrapper(...), anchorHoriz='center', anchorVert='center', antialias=True, autoLog=True, bold=False, color=array([1., 1., 1.]), colorSpace='rgb', contrast=1.0, depth=0, flipHoriz=False, flipVert=False, font='', fontFiles=[], height=0.05, italic=False, languageStyle='LTR', name='unnamed TextStim', opacity=1.0, ori=0.0, pos=array([ 0.5, -0.1]), rgb=UNKNOWN, text='Clearly \n SOMETHING', units='norm', win=Window(...), wrapWidth=1)
271.5924 	EXP 	Created unnamed ShapeStim = ShapeStim(__class__=<class 'psychopy.visual.shape.ShapeStim'>, autoDraw=False, autoLog=True, closeShape=True, color=method-wrapper(...), colorSpace='rgb', contrast=None, depth=0, fillColor=array([1, 1, 1]), fillColorSpace='rgb', fillRGB=array([1, 1, 1]), interpolate=True, lineColor=array([-1., -1., -1.]), lineColorSpace='rgb', lineRGB=array([-1, -1, -1]), lineWidth=1.5, name='unnamed ShapeStim', opacity=1.0, ori=0.0, pos=array([0., 0.]), size=array([1., 1.]), units='norm', vertices=ndarray(...), win=Window(...), windingRule=None)
271.5992 	EXP 	Created instru = TextStim(__class__=<class 'psychopy.visual.text.TextStim'>, alignHoriz=method-wrapper(...), alignText='center', alignVert=method-wrapper(...), anchorHoriz='center', anchorVert='center', antialias=True, autoLog=True, bold=False, color=array([1., 1., 1.]), colorSpace='rgb', contrast=1.0, depth=0.0, flipHoriz=False, flipVert=False, font='Arial', fontFiles=[], height=0.07, italic=False, languageStyle='LTR', name='instru', opacity=1, ori=0, pos=array([0. , 0.5]), rgb=UNKNOWN, text=str(...), units='norm', win=Window(...), wrapWidth=1)
271.6013 	EXP 	Created unnamed Line = Line(__class__=<class 'psychopy.visual.line.Line'>, autoDraw=False, autoLog=True, closeShape=False, color=array([1., 1., 1.]), colorSpace='rgb', contrast=None, depth=0, fillColor=array([0, 0, 0]), fillColorSpace='rgb', fillRGB=array([0, 0, 0]), interpolate=True, lineColor=array([1., 1., 1.]), lineColorSpace='rgb', lineRGB=array([1, 1, 1]), lineWidth=5, name='unnamed Line', opacity=0.5, ori=0.0, pos=array([0., 0.]), size=array([1., 1.]), units='norm', vertices=array([[-0.5,  0. ],
       [ 0.5,  0. ]]), win=Window(...), windingRule=None)
271.6035 	EXP 	Created unnamed Line = Line(__class__=<class 'psychopy.visual.line.Line'>, autoDraw=False, autoLog=True, closeShape=False, color=array([1., 1., 1.]), colorSpace='rgb', contrast=None, depth=0, fillColor=array([0, 0, 0]), fillColorSpace='rgb', fillRGB=array([0, 0, 0]), interpolate=True, lineColor=array([1., 1., 1.]), lineColorSpace='rgb', lineRGB=array([1, 1, 1]), lineWidth=3, name='unnamed Line', opacity=0.5, ori=0.0, pos=array([0., 0.]), size=array([1., 1.]), units='norm', vertices=array([[-0.5 , -0.05],
       [-0.5 ,  0.05]]), win=Window(...), windingRule=None)
271.6056 	EXP 	Created unnamed Line = Line(__class__=<class 'psychopy.visual.line.Line'>, autoDraw=False, autoLog=True, closeShape=False, color=array([1., 1., 1.]), colorSpace='rgb', contrast=None, depth=0, fillColor=array([0, 0, 0]), fillColorSpace='rgb', fillRGB=array([0, 0, 0]), interpolate=True, lineColor=array([1., 1., 1.]), lineColorSpace='rgb', lineRGB=array([1, 1, 1]), lineWidth=3, name='unnamed Line', opacity=0.5, ori=0.0, pos=array([0., 0.]), size=array([1., 1.]), units='norm', vertices=ndarray(...), win=Window(...), windingRule=None)
271.6077 	EXP 	Created unnamed Line = Line(__class__=<class 'psychopy.visual.line.Line'>, autoDraw=False, autoLog=True, closeShape=False, color=array([1., 1., 1.]), colorSpace='rgb', contrast=None, depth=0, fillColor=array([0, 0, 0]), fillColorSpace='rgb', fillRGB=array([0, 0, 0]), interpolate=True, lineColor=array([1., 1., 1.]), lineColorSpace='rgb', lineRGB=array([1, 1, 1]), lineWidth=3, name='unnamed Line', opacity=0.5, ori=0.0, pos=array([0., 0.]), size=array([1., 1.]), units='norm', vertices=ndarray(...), win=Window(...), windingRule=None)
271.6097 	EXP 	Created unnamed Line = Line(__class__=<class 'psychopy.visual.line.Line'>, autoDraw=False, autoLog=True, closeShape=False, color=array([1., 1., 1.]), colorSpace='rgb', contrast=None, depth=0, fillColor=array([0, 0, 0]), fillColorSpace='rgb', fillRGB=array([0, 0, 0]), interpolate=True, lineColor=array([1., 1., 1.]), lineColorSpace='rgb', lineRGB=array([1, 1, 1]), lineWidth=3, name='unnamed Line', opacity=0.5, ori=0.0, pos=array([0., 0.]), size=array([1., 1.]), units='norm', vertices=array([[ 0.5 , -0.05],
       [ 0.5 ,  0.05]]), win=Window(...), windingRule=None)
271.6150 	EXP 	Created unnamed TextStim = TextStim(__class__=<class 'psychopy.visual.text.TextStim'>, alignHoriz=method-wrapper(...), alignText='center', alignVert=method-wrapper(...), anchorHoriz='center', anchorVert='center', antialias=True, autoLog=True, bold=False, color=array([1., 1., 1.]), colorSpace='rgb', contrast=1.0, depth=0, flipHoriz=False, flipVert=False, font='', fontFiles=[], height=0.05, italic=False, languageStyle='LTR', name='unnamed TextStim', opacity=1.0, ori=0.0, pos=array([-0.5, -0.1]), rgb=UNKNOWN, text='Clearly \n SPONTANEOUS', units='norm', win=Window(...), wrapWidth=1)
271.6161 	EXP 	Created unnamed TextStim = TextStim(__class__=<class 'psychopy.visual.text.TextStim'>, alignHoriz=method-wrapper(...), alignText='center', alignVert=method-wrapper(...), anchorHoriz='center', anchorVert='center', antialias=True, autoLog=True, bold=False, color=array([1., 1., 1.]), colorSpace='rgb', contrast=1.0, depth=0, flipHoriz=False, flipVert=False, font='', fontFiles=[], height=0.05, italic=False, languageStyle='LTR', name='unnamed TextStim', opacity=1.0, ori=0.0, pos=array([-0.16666667, -0.1       ]), rgb=UNKNOWN, text='', units='norm', win=Window(...), wrapWidth=1)
271.6171 	EXP 	Created unnamed TextStim = TextStim(__class__=<class 'psychopy.visual.text.TextStim'>, alignHoriz=method-wrapper(...), alignText='center', alignVert=method-wrapper(...), anchorHoriz='center', anchorVert='center', antialias=True, autoLog=True, bold=False, color=array([1., 1., 1.]), colorSpace='rgb', contrast=1.0, depth=0, flipHoriz=False, flipVert=False, font='', fontFiles=[], height=0.05, italic=False, languageStyle='LTR', name='unnamed TextStim', opacity=1.0, ori=0.0, pos=array([ 0.16666667, -0.1       ]), rgb=UNKNOWN, text='', units='norm', win=Window(...), wrapWidth=1)
271.6228 	EXP 	Created unnamed TextStim = TextStim(__class__=<class 'psychopy.visual.text.TextStim'>, alignHoriz=method-wrapper(...), alignText='center', alignVert=method-wrapper(...), anchorHoriz='center', anchorVert='center', antialias=True, autoLog=True, bold=False, color=array([1., 1., 1.]), colorSpace='rgb', contrast=1.0, depth=0, flipHoriz=False, flipVert=False, font='', fontFiles=[], height=0.05, italic=False, languageStyle='LTR', name='unnamed TextStim', opacity=1.0, ori=0.0, pos=array([ 0.5, -0.1]), rgb=UNKNOWN, text='Clearly \n DELIBERATE', units='norm', win=Window(...), wrapWidth=1)
271.6246 	EXP 	Created unnamed ShapeStim = ShapeStim(__class__=<class 'psychopy.visual.shape.ShapeStim'>, autoDraw=False, autoLog=True, closeShape=True, color=method-wrapper(...), colorSpace='rgb', contrast=None, depth=0, fillColor=array([1, 1, 1]), fillColorSpace='rgb', fillRGB=array([1, 1, 1]), interpolate=True, lineColor=array([-1., -1., -1.]), lineColorSpace='rgb', lineRGB=array([-1, -1, -1]), lineWidth=1.5, name='unnamed ShapeStim', opacity=1.0, ori=0.0, pos=array([0., 0.]), size=array([1., 1.]), units='norm', vertices=ndarray(...), win=Window(...), windingRule=None)
271.6739 	EXP 	Sound  set volume 1.000
271.7090 	EXP 	unnamed ShapeStim: vertices = <class 'numpy.ndarray'>
271.7090 	EXP 	unnamed ShapeStim: vertices = <class 'numpy.ndarray'>
271.7090 	EXP 	unnamed ShapeStim: vertices = <class 'numpy.ndarray'>
279.0669 	DATA 	Keypress: rctrl
279.5793 	EXP 	Sound  started
280.3293 	EXP 	Sound  started
280.4268 	DATA 	Keypress: rctrl
280.9867 	DATA 	Keypress: rctrl
281.0793 	EXP 	Sound  started
281.6747 	DATA 	Keypress: rctrl
281.8293 	EXP 	Sound  started
282.3628 	DATA 	Keypress: rctrl
282.5794 	EXP 	Sound  started
283.1308 	DATA 	Keypress: rctrl
283.3294 	EXP 	Sound  started
283.9468 	DATA 	Keypress: rctrl
284.0794 	EXP 	Sound  started
284.6507 	DATA 	Keypress: rctrl
284.8294 	EXP 	Sound  started
285.3708 	DATA 	Keypress: rctrl
285.5794 	EXP 	Sound  started
286.1547 	DATA 	Keypress: rctrl
286.3294 	EXP 	Sound  started
286.8908 	DATA 	Keypress: rctrl
287.0794 	EXP 	Sound  started
287.6428 	DATA 	Keypress: rctrl
287.8295 	EXP 	Sound  started
288.4267 	DATA 	Keypress: rctrl
288.5795 	EXP 	Sound  started
289.1467 	DATA 	Keypress: rctrl
289.3295 	EXP 	Sound  started
290.0108 	DATA 	Keypress: rctrl
290.0795 	EXP 	Sound  started
290.8268 	DATA 	Keypress: rctrl
290.8295 	EXP 	Sound  started
291.5787 	DATA 	Keypress: rctrl
291.5795 	EXP 	Sound  started
292.3147 	DATA 	Keypress: rctrl
292.3295 	EXP 	Sound  started
292.9867 	DATA 	Keypress: rctrl
293.0796 	EXP 	Sound  started
293.7067 	DATA 	Keypress: rctrl
293.8296 	EXP 	Sound  started
294.4587 	DATA 	Keypress: rctrl
294.5796 	EXP 	Sound  started
295.2268 	DATA 	Keypress: rctrl
295.3296 	EXP 	Sound  started
295.9948 	DATA 	Keypress: rctrl
296.0796 	EXP 	Sound  started
296.6507 	DATA 	Keypress: rctrl
296.8296 	EXP 	Sound  started
297.3387 	DATA 	Keypress: rctrl
297.5796 	EXP 	Sound  started
298.0747 	DATA 	Keypress: rctrl
298.3297 	EXP 	Sound  started
298.8908 	DATA 	Keypress: rctrl
299.0797 	EXP 	Sound  started
299.8297 	EXP 	Sound  started
300.5228 	DATA 	Keypress: rctrl
300.5797 	EXP 	Sound  started
301.2908 	DATA 	Keypress: rctrl
301.3297 	EXP 	Sound  started
301.9307 	DATA 	Keypress: rctrl
302.0797 	EXP 	Sound  started
302.6988 	DATA 	Keypress: rctrl
302.8298 	EXP 	Sound  started
303.4668 	DATA 	Keypress: rctrl
303.5798 	EXP 	Sound  started
304.2027 	DATA 	Keypress: rctrl
304.3298 	EXP 	Sound  started
304.9547 	DATA 	Keypress: rctrl
305.0798 	EXP 	Sound  started
305.6907 	DATA 	Keypress: rctrl
305.8298 	EXP 	Sound  started
306.4427 	DATA 	Keypress: rctrl
306.5798 	EXP 	Sound  started
307.1947 	DATA 	Keypress: rctrl
307.3298 	EXP 	Sound  started
307.9627 	DATA 	Keypress: rctrl
308.0798 	EXP 	Sound  started
308.7787 	DATA 	Keypress: rctrl
308.8299 	EXP 	Sound  started
309.4828 	DATA 	Keypress: rctrl
309.5799 	EXP 	Sound  started
310.2029 	DATA 	Keypress: rctrl
310.3299 	EXP 	Sound  started
310.9867 	DATA 	Keypress: rctrl
311.0799 	EXP 	Sound  started
311.6108 	DATA 	Keypress: rctrl
311.8299 	EXP 	Sound  started
312.3787 	DATA 	Keypress: rctrl
312.5799 	EXP 	Sound  started
313.1147 	DATA 	Keypress: rctrl
313.3300 	EXP 	Sound  started
313.9148 	DATA 	Keypress: rctrl
314.0800 	EXP 	Sound  started
314.6668 	DATA 	Keypress: rctrl
314.8300 	EXP 	Sound  started
315.5307 	DATA 	Keypress: rctrl
315.5800 	EXP 	Sound  started
316.2188 	DATA 	Keypress: rctrl
316.3300 	EXP 	Sound  started
316.9547 	DATA 	Keypress: rctrl
317.0800 	EXP 	Sound  started
317.6588 	DATA 	Keypress: rctrl
317.8300 	EXP 	Sound  started
318.4747 	DATA 	Keypress: rctrl
318.5800 	EXP 	Sound  started
319.2588 	DATA 	Keypress: rctrl
319.3301 	EXP 	Sound  started
320.0801 	EXP 	Sound  started
320.6668 	DATA 	Keypress: rctrl
320.8301 	EXP 	Sound  started
321.5801 	EXP 	Sound  started
321.9788 	DATA 	Keypress: rctrl
322.3301 	EXP 	Sound  started
322.4427 	DATA 	Keypress: rctrl
323.0347 	DATA 	Keypress: rctrl
323.0801 	EXP 	Sound  started
323.7387 	DATA 	Keypress: rctrl
323.8302 	EXP 	Sound  started
324.5068 	DATA 	Keypress: rctrl
324.5802 	EXP 	Sound  started
325.2427 	DATA 	Keypress: rctrl
325.3701 	EXP 	unnamed TextStim: text = ''
325.3701 	EXP 	unnamed TextStim: text = ''
337.0095 	DATA 	Keypress: 4
337.0259 	EXP 	unnamed ShapeStim: vertices = <class 'numpy.ndarray'>
338.5606 	EXP 	unnamed TextStim: text = ''
338.5606 	EXP 	unnamed TextStim: text = ''
343.0144 	DATA 	Keypress: 3
343.0309 	EXP 	unnamed ShapeStim: vertices = <class 'numpy.ndarray'>
344.5655 	EXP 	unnamed TextStim: text = ''
344.5655 	EXP 	unnamed TextStim: text = ''
346.6378 	DATA 	Keypress: 3
346.6672 	EXP 	unnamed ShapeStim: vertices = <class 'numpy.ndarray'>
348.9520 	EXP 	Sound  started
349.1468 	DATA 	Keypress: rctrl
349.6909 	DATA 	Keypress: rctrl
349.7020 	EXP 	Sound  started
350.4107 	DATA 	Keypress: rctrl
350.4520 	EXP 	Sound  started
351.1308 	DATA 	Keypress: rctrl
351.2020 	EXP 	Sound  started
351.8347 	DATA 	Keypress: rctrl
351.9520 	EXP 	Sound  started
352.6028 	DATA 	Keypress: rctrl
352.7020 	EXP 	Sound  started
353.3387 	DATA 	Keypress: rctrl
353.4520 	EXP 	Sound  started
354.1707 	DATA 	Keypress: rctrl
354.2020 	EXP 	Sound  started
354.8748 	DATA 	Keypress: rctrl
354.9521 	EXP 	Sound  started
355.6428 	DATA 	Keypress: rctrl
355.7021 	EXP 	Sound  started
356.4267 	DATA 	Keypress: rctrl
356.4521 	EXP 	Sound  started
357.1628 	DATA 	Keypress: rctrl
357.2021 	EXP 	Sound  started
357.8507 	DATA 	Keypress: rctrl
357.9521 	EXP 	Sound  started
358.5228 	DATA 	Keypress: rctrl
358.7021 	EXP 	Sound  started
359.3708 	DATA 	Keypress: rctrl
359.4521 	EXP 	Sound  started
360.1228 	DATA 	Keypress: rctrl
360.2022 	EXP 	Sound  started
360.8908 	DATA 	Keypress: rctrl
360.9522 	EXP 	Sound  started
361.6428 	DATA 	Keypress: rctrl
361.7022 	EXP 	Sound  started
362.3787 	DATA 	Keypress: rctrl
362.4522 	EXP 	Sound  started
363.0987 	DATA 	Keypress: rctrl
363.2022 	EXP 	Sound  started
363.8347 	DATA 	Keypress: rctrl
363.9522 	EXP 	Sound  started
364.5708 	DATA 	Keypress: rctrl
364.7022 	EXP 	Sound  started
365.3067 	DATA 	Keypress: rctrl
365.4522 	EXP 	Sound  started
366.0747 	DATA 	Keypress: rctrl
366.2023 	EXP 	Sound  started
366.8107 	DATA 	Keypress: rctrl
366.9523 	EXP 	Sound  started
367.4987 	DATA 	Keypress: lctrl
367.7023 	EXP 	Sound  started
368.2668 	DATA 	Keypress: lctrl
368.4523 	EXP 	Sound  started
369.0187 	DATA 	Keypress: lctrl
369.2023 	EXP 	Sound  started
369.7867 	DATA 	Keypress: lctrl
369.9523 	EXP 	Sound  started
370.6027 	DATA 	Keypress: lctrl
370.7023 	EXP 	Sound  started
371.2907 	DATA 	Keypress: lctrl
371.4523 	EXP 	Sound  started
372.0107 	DATA 	Keypress: lctrl
372.2024 	EXP 	Sound  started
372.7628 	DATA 	Keypress: lctrl
372.9524 	EXP 	Sound  started
373.5307 	DATA 	Keypress: lctrl
373.7024 	EXP 	Sound  started
374.3788 	DATA 	Keypress: lctrl
374.4524 	EXP 	Sound  started
375.0507 	DATA 	Keypress: lctrl
375.2024 	EXP 	Sound  started
375.8347 	DATA 	Keypress: lctrl
375.9524 	EXP 	Sound  started
376.6027 	DATA 	Keypress: lctrl
376.7024 	EXP 	Sound  started
377.2907 	DATA 	Keypress: lctrl
377.4524 	EXP 	Sound  started
378.1227 	DATA 	Keypress: lctrl
378.2025 	EXP 	Sound  started
378.8427 	DATA 	Keypress: lctrl
378.9525 	EXP 	Sound  started
379.5468 	DATA 	Keypress: lctrl
379.7025 	EXP 	Sound  started
380.2987 	DATA 	Keypress: lctrl
380.4525 	EXP 	Sound  started
381.0507 	DATA 	Keypress: lctrl
381.2025 	EXP 	Sound  started
381.7067 	DATA 	Keypress: lctrl
381.9525 	EXP 	Sound  started
382.4748 	DATA 	Keypress: lctrl
382.7026 	EXP 	Sound  started
383.2427 	DATA 	Keypress: lctrl
383.4526 	EXP 	Sound  started
383.9628 	DATA 	Keypress: lctrl
384.2026 	EXP 	Sound  started
384.7308 	DATA 	Keypress: lctrl
384.9526 	EXP 	Sound  started
385.7026 	EXP 	Sound  started
386.2347 	DATA 	Keypress: lctrl
386.4526 	EXP 	Sound  started
386.9867 	DATA 	Keypress: lctrl
387.2026 	EXP 	Sound  started
387.7388 	DATA 	Keypress: lctrl
387.9527 	EXP 	Sound  started
388.4908 	DATA 	Keypress: lctrl
388.7027 	EXP 	Sound  started
389.2587 	DATA 	Keypress: lctrl
389.4527 	EXP 	Sound  started
390.0267 	DATA 	Keypress: rctrl
390.2027 	EXP 	Sound  started
390.9067 	DATA 	Keypress: rctrl
390.9527 	EXP 	Sound  started
391.5947 	DATA 	Keypress: rctrl
391.7027 	EXP 	Sound  started
392.3307 	DATA 	Keypress: rctrl
392.4527 	EXP 	Sound  started
393.0827 	DATA 	Keypress: rctrl
393.2027 	EXP 	Sound  started
393.8508 	DATA 	Keypress: rctrl
393.9528 	EXP 	Sound  started
394.5868 	DATA 	Keypress: rctrl
394.7028 	EXP 	Sound  started
395.2427 	DATA 	Keypress: rctrl
395.4528 	EXP 	Sound  started
396.1067 	DATA 	Keypress: rctrl
396.2029 	EXP 	Sound  started
396.8428 	DATA 	Keypress: rctrl
396.9529 	EXP 	Sound  started
397.5787 	DATA 	Keypress: rctrl
397.7029 	EXP 	Sound  started
398.3467 	DATA 	Keypress: rctrl
398.4529 	EXP 	Sound  started
399.0987 	DATA 	Keypress: rctrl
399.2029 	EXP 	Sound  started
399.8509 	DATA 	Keypress: rctrl
399.9530 	EXP 	Sound  started
400.7030 	EXP 	Sound  started
400.8267 	DATA 	Keypress: rctrl
401.4530 	EXP 	Sound  started
401.6107 	DATA 	Keypress: rctrl
402.2030 	EXP 	Sound  started
402.2989 	DATA 	Keypress: rctrl
402.9227 	DATA 	Keypress: rctrl
402.9530 	EXP 	Sound  started
403.5947 	DATA 	Keypress: rctrl
407.0039 	DATA 	Keypress: 3
407.0334 	EXP 	unnamed ShapeStim: vertices = <class 'numpy.ndarray'>
409.7734 	DATA 	Keypress: 3
409.8027 	EXP 	unnamed ShapeStim: vertices = <class 'numpy.ndarray'>
412.0714 	DATA 	Keypress: 2
412.0880 	EXP 	unnamed ShapeStim: vertices = <class 'numpy.ndarray'>
414.3723 	EXP 	Sound  started
414.6028 	DATA 	Keypress: rctrl
415.0827 	DATA 	Keypress: rctrl
415.1223 	EXP 	Sound  started
415.7387 	DATA 	Keypress: rctrl
415.8723 	EXP 	Sound  started
416.4267 	DATA 	Keypress: rctrl
416.6224 	EXP 	Sound  started
417.2427 	DATA 	Keypress: rctrl
417.3724 	EXP 	Sound  started
418.0108 	DATA 	Keypress: rctrl
418.1224 	EXP 	Sound  started
418.7627 	DATA 	Keypress: rctrl
418.8724 	EXP 	Sound  started
419.5467 	DATA 	Keypress: lctrl
419.6224 	EXP 	Sound  started
420.3148 	DATA 	Keypress: lctrl
420.3724 	EXP 	Sound  started
421.0027 	DATA 	Keypress: lctrl
421.1224 	EXP 	Sound  started
421.7068 	DATA 	Keypress: lctrl
421.8725 	EXP 	Sound  started
422.4108 	DATA 	Keypress: lctrl
422.6225 	EXP 	Sound  started
423.1308 	DATA 	Keypress: lctrl
423.3725 	EXP 	Sound  started
423.8988 	DATA 	Keypress: lctrl
424.1225 	EXP 	Sound  started
424.6507 	DATA 	Keypress: lctrl
424.8725 	EXP 	Sound  started
425.4667 	DATA 	Keypress: lctrl
425.6225 	EXP 	Sound  started
426.1707 	DATA 	Keypress: lctrl
426.3725 	EXP 	Sound  started
426.9548 	DATA 	Keypress: lctrl
427.1225 	EXP 	Sound  started
427.7388 	DATA 	Keypress: lctrl
427.8726 	EXP 	Sound  started
428.6226 	EXP 	Sound  started
428.6669 	DATA 	Keypress: lctrl
429.3726 	EXP 	Sound  started
430.0907 	DATA 	Keypress: lctrl
430.1226 	EXP 	Sound  started
430.8107 	DATA 	Keypress: rctrl
430.8726 	EXP 	Sound  started
431.6108 	DATA 	Keypress: rctrl
431.6226 	EXP 	Sound  started
432.3726 	EXP 	Sound  started
432.3787 	DATA 	Keypress: rctrl
433.0987 	DATA 	Keypress: rctrl
433.1226 	EXP 	Sound  started
433.7867 	DATA 	Keypress: rctrl
433.8726 	EXP 	Sound  started
434.5227 	DATA 	Keypress: rctrl
434.6227 	EXP 	Sound  started
435.2267 	DATA 	Keypress: lctrl
435.3727 	EXP 	Sound  started
435.8987 	DATA 	Keypress: lctrl
436.1227 	EXP 	Sound  started
436.5867 	DATA 	Keypress: lctrl
436.8727 	EXP 	Sound  started
437.6227 	EXP 	Sound  started
437.6747 	DATA 	Keypress: lctrl
438.2987 	DATA 	Keypress: lctrl
438.3727 	EXP 	Sound  started
439.0508 	DATA 	Keypress: lctrl
439.1228 	EXP 	Sound  started
439.7708 	DATA 	Keypress: lctrl
439.8728 	EXP 	Sound  started
440.5227 	DATA 	Keypress: lctrl
440.6228 	EXP 	Sound  started
441.3728 	EXP 	Sound  started
442.0108 	DATA 	Keypress: lctrl
442.1228 	EXP 	Sound  started
442.6667 	DATA 	Keypress: lctrl
442.8728 	EXP 	Sound  started
443.2907 	DATA 	Keypress: lctrl
443.6228 	EXP 	Sound  started
444.1547 	DATA 	Keypress: lctrl
444.3729 	EXP 	Sound  started
444.9867 	DATA 	Keypress: rctrl
445.1229 	EXP 	Sound  started
445.7547 	DATA 	Keypress: rctrl
445.8729 	EXP 	Sound  started
446.5067 	DATA 	Keypress: rctrl
446.6229 	EXP 	Sound  started
447.2267 	DATA 	Keypress: rctrl
447.3729 	EXP 	Sound  started
447.9787 	DATA 	Keypress: rctrl
448.1229 	EXP 	Sound  started
448.6987 	DATA 	Keypress: rctrl
448.8729 	EXP 	Sound  started
449.4827 	DATA 	Keypress: rctrl
449.6230 	EXP 	Sound  started
450.1867 	DATA 	Keypress: rctrl
450.3730 	EXP 	Sound  started
451.0188 	DATA 	Keypress: rctrl
451.1230 	EXP 	Sound  started
451.7068 	DATA 	Keypress: rctrl
451.8730 	EXP 	Sound  started
452.5067 	DATA 	Keypress: rctrl
452.6230 	EXP 	Sound  started
453.2107 	DATA 	Keypress: rctrl
453.3730 	EXP 	Sound  started
453.9467 	DATA 	Keypress: rctrl
454.1230 	EXP 	Sound  started
454.7147 	DATA 	Keypress: rctrl
454.8730 	EXP 	Sound  started
455.3547 	DATA 	Keypress: lctrl
455.6231 	EXP 	Sound  started
456.1547 	DATA 	Keypress: lctrl
456.3731 	EXP 	Sound  started
457.0188 	DATA 	Keypress: lctrl
457.1231 	EXP 	Sound  started
457.6107 	DATA 	Keypress: lctrl
457.8731 	EXP 	Sound  started
458.3788 	DATA 	Keypress: lctrl
458.6231 	EXP 	Sound  started
459.2268 	DATA 	Keypress: lctrl
459.3731 	EXP 	Sound  started
459.8987 	DATA 	Keypress: lctrl
460.1231 	EXP 	Sound  started
460.7147 	DATA 	Keypress: lctrl
460.8731 	EXP 	Sound  started
461.5147 	DATA 	Keypress: lctrl
461.6232 	EXP 	Sound  started
462.1228 	DATA 	Keypress: lctrl
462.3732 	EXP 	Sound  started
462.8428 	DATA 	Keypress: lctrl
463.1232 	EXP 	Sound  started
463.6587 	DATA 	Keypress: lctrl
463.8732 	EXP 	Sound  started
464.4427 	DATA 	Keypress: lctrl
464.6232 	EXP 	Sound  started
465.2427 	DATA 	Keypress: lctrl
465.3732 	EXP 	Sound  started
465.9627 	DATA 	Keypress: lctrl
466.1232 	EXP 	Sound  started
466.7307 	DATA 	Keypress: lctrl
466.8733 	EXP 	Sound  started
467.4827 	DATA 	Keypress: lctrl
467.6233 	EXP 	Sound  started
468.2347 	DATA 	Keypress: rctrl
468.3733 	EXP 	Sound  started
468.8907 	DATA 	Keypress: rctrl
469.1233 	EXP 	Sound  started
469.6908 	DATA 	Keypress: rctrl
469.8733 	EXP 	Sound  started
470.3947 	DATA 	Keypress: rctrl
470.6233 	EXP 	Sound  started
471.1789 	DATA 	Keypress: rctrl
471.3734 	EXP 	Sound  started
472.0108 	DATA 	Keypress: rctrl
472.1234 	EXP 	Sound  started
472.7307 	DATA 	Keypress: rctrl
472.8734 	EXP 	Sound  started
473.5948 	DATA 	Keypress: rctrl
473.6234 	EXP 	Sound  started
474.2668 	DATA 	Keypress: rctrl
474.3734 	EXP 	Sound  started
475.0188 	DATA 	Keypress: rctrl
475.1234 	EXP 	Sound  started
475.7867 	DATA 	Keypress: rctrl
475.8734 	EXP 	Sound  started
476.4907 	DATA 	Keypress: rctrl
476.6234 	EXP 	Sound  started
477.2748 	DATA 	Keypress: rctrl
477.3734 	EXP 	Sound  started
477.9307 	DATA 	Keypress: rctrl
478.1235 	EXP 	Sound  started
478.6827 	DATA 	Keypress: rctrl
478.8735 	EXP 	Sound  started
479.4028 	DATA 	Keypress: rctrl
479.6235 	EXP 	Sound  started
480.1227 	DATA 	Keypress: rctrl
482.5788 	DATA 	Keypress: 4
482.5953 	EXP 	unnamed ShapeStim: vertices = <class 'numpy.ndarray'>
485.8686 	DATA 	Keypress: 3
485.8980 	EXP 	unnamed ShapeStim: vertices = <class 'numpy.ndarray'>
489.7719 	DATA 	Keypress: 2
489.8012 	EXP 	unnamed ShapeStim: vertices = <class 'numpy.ndarray'>
492.0856 	EXP 	Sound  started
492.0859 	DATA 	Keypress: rctrl
492.6508 	DATA 	Keypress: rctrl
492.8356 	EXP 	Sound  started
493.3867 	DATA 	Keypress: rctrl
493.5856 	EXP 	Sound  started
494.0747 	DATA 	Keypress: rctrl
494.3356 	EXP 	Sound  started
494.7308 	DATA 	Keypress: rctrl
495.0856 	EXP 	Sound  started
495.5627 	DATA 	Keypress: rctrl
495.8356 	EXP 	Sound  started
496.3787 	DATA 	Keypress: rctrl
496.5857 	EXP 	Sound  started
497.1948 	DATA 	Keypress: rctrl
497.3357 	EXP 	Sound  started
497.8987 	DATA 	Keypress: rctrl
498.0857 	EXP 	Sound  started
498.6987 	DATA 	Keypress: rctrl
498.8357 	EXP 	Sound  started
499.5468 	DATA 	Keypress: rctrl
499.5857 	EXP 	Sound  started
500.2188 	DATA 	Keypress: rctrl
500.3357 	EXP 	Sound  started
501.0027 	DATA 	Keypress: rctrl
501.0857 	EXP 	Sound  started
501.6908 	DATA 	Keypress: rctrl
501.8358 	EXP 	Sound  started
502.4268 	DATA 	Keypress: rctrl
502.5858 	EXP 	Sound  started
503.1947 	DATA 	Keypress: rctrl
503.3358 	EXP 	Sound  started
503.9147 	DATA 	Keypress: rctrl
504.0858 	EXP 	Sound  started
504.6827 	DATA 	Keypress: rctrl
504.8358 	EXP 	Sound  started
505.5787 	DATA 	Keypress: rctrl
505.5858 	EXP 	Sound  started
506.3358 	EXP 	Sound  started
506.3467 	DATA 	Keypress: rctrl
506.9707 	DATA 	Keypress: rctrl
507.0859 	EXP 	Sound  started
507.6427 	DATA 	Keypress: lctrl
507.8359 	EXP 	Sound  started
508.5388 	DATA 	Keypress: lctrl
508.5859 	EXP 	Sound  started
509.2427 	DATA 	Keypress: lctrl
509.3359 	EXP 	Sound  started
510.0428 	DATA 	Keypress: lctrl
510.0859 	EXP 	Sound  started
510.6828 	DATA 	Keypress: lctrl
510.8359 	EXP 	Sound  started
511.4347 	DATA 	Keypress: lctrl
511.5860 	EXP 	Sound  started
512.2187 	DATA 	Keypress: lctrl
512.3360 	EXP 	Sound  started
512.9547 	DATA 	Keypress: lctrl
513.0860 	EXP 	Sound  started
513.6908 	DATA 	Keypress: lctrl
513.8360 	EXP 	Sound  started
514.3467 	DATA 	Keypress: lctrl
514.5860 	EXP 	Sound  started
515.0988 	DATA 	Keypress: lctrl
515.3360 	EXP 	Sound  started
515.9467 	DATA 	Keypress: lctrl
516.0860 	EXP 	Sound  started
516.7147 	DATA 	Keypress: lctrl
516.8361 	EXP 	Sound  started
517.4987 	DATA 	Keypress: lctrl
517.5861 	EXP 	Sound  started
518.2667 	DATA 	Keypress: lctrl
518.3361 	EXP 	Sound  started
519.0668 	DATA 	Keypress: lctrl
519.0861 	EXP 	Sound  started
519.7387 	DATA 	Keypress: lctrl
519.8361 	EXP 	Sound  started
520.5067 	DATA 	Keypress: lctrl
520.5861 	EXP 	Sound  started
521.2747 	DATA 	Keypress: rctrl
521.3361 	EXP 	Sound  started
522.0267 	DATA 	Keypress: rctrl
522.0862 	EXP 	Sound  started
522.7627 	DATA 	Keypress: rctrl
522.8362 	EXP 	Sound  started
523.5862 	EXP 	Sound  started
523.8027 	DATA 	Keypress: rctrl
524.3362 	EXP 	Sound  started
524.4588 	DATA 	Keypress: rctrl
525.0668 	DATA 	Keypress: rctrl
525.0862 	EXP 	Sound  started
525.7548 	DATA 	Keypress: rctrl
525.8362 	EXP 	Sound  started
526.4267 	DATA 	Keypress: rctrl
526.5862 	EXP 	Sound  started
527.1947 	DATA 	Keypress: rctrl
527.3363 	EXP 	Sound  started
527.8667 	DATA 	Keypress: rctrl
528.0863 	EXP 	Sound  started
528.7148 	DATA 	Keypress: rctrl
528.8363 	EXP 	Sound  started
529.4508 	DATA 	Keypress: rctrl
529.5863 	EXP 	Sound  started
530.1868 	DATA 	Keypress: rctrl
530.3363 	EXP 	Sound  started
531.0028 	DATA 	Keypress: rctrl
531.0863 	EXP 	Sound  started
531.7227 	DATA 	Keypress: rctrl
531.8363 	EXP 	Sound  started
532.4908 	DATA 	Keypress: rctrl
532.5863 	EXP 	Sound  started
533.1948 	DATA 	Keypress: rctrl
533.3364 	EXP 	Sound  started
533.8827 	DATA 	Keypress: rctrl
534.0864 	EXP 	Sound  started
534.6029 	DATA 	Keypress: rctrl
534.8364 	EXP 	Sound  started
535.4187 	DATA 	Keypress: rctrl
535.5864 	EXP 	Sound  started
536.2187 	DATA 	Keypress: lctrl
536.3364 	EXP 	Sound  started
536.9707 	DATA 	Keypress: lctrl
537.0864 	EXP 	Sound  started
537.7227 	DATA 	Keypress: lctrl
537.8365 	EXP 	Sound  started
538.4588 	DATA 	Keypress: lctrl
538.5865 	EXP 	Sound  started
539.2588 	DATA 	Keypress: lctrl
539.3365 	EXP 	Sound  started
539.9467 	DATA 	Keypress: lctrl
540.0865 	EXP 	Sound  started
540.7148 	DATA 	Keypress: lctrl
543.3119 	DATA 	Keypress: 3
543.3284 	EXP 	unnamed ShapeStim: vertices = <class 'numpy.ndarray'>
545.1010 	DATA 	Keypress: 3
545.1304 	EXP 	unnamed ShapeStim: vertices = <class 'numpy.ndarray'>
546.9321 	DATA 	Keypress: 2
546.9486 	EXP 	unnamed ShapeStim: vertices = <class 'numpy.ndarray'>
549.2342 	EXP 	Sound  started
549.2345 	DATA 	Keypress: rctrl
549.9147 	DATA 	Keypress: rctrl
549.9842 	EXP 	Sound  started
550.6347 	DATA 	Keypress: rctrl
550.7342 	EXP 	Sound  started
551.3707 	DATA 	Keypress: rctrl
551.4843 	EXP 	Sound  started
552.1707 	DATA 	Keypress: rctrl
552.2343 	EXP 	Sound  started
552.8107 	DATA 	Keypress: rctrl
552.9843 	EXP 	Sound  started
553.5628 	DATA 	Keypress: rctrl
553.7343 	EXP 	Sound  started
554.2987 	DATA 	Keypress: rctrl
554.4843 	EXP 	Sound  started
555.1147 	DATA 	Keypress: rctrl
555.2343 	EXP 	Sound  started
555.8347 	DATA 	Keypress: rctrl
555.9843 	EXP 	Sound  started
556.4747 	DATA 	Keypress: rctrl
556.7344 	EXP 	Sound  started
557.3229 	DATA 	Keypress: rctrl
557.4844 	EXP 	Sound  started
558.1067 	DATA 	Keypress: rctrl
558.2344 	EXP 	Sound  started
558.7308 	DATA 	Keypress: lctrl
558.9844 	EXP 	Sound  started
559.4508 	DATA 	Keypress: lctrl
559.7344 	EXP 	Sound  started
560.3147 	DATA 	Keypress: lctrl
560.4844 	EXP 	Sound  started
561.0347 	DATA 	Keypress: lctrl
561.2344 	EXP 	Sound  started
561.7867 	DATA 	Keypress: lctrl
561.9845 	EXP 	Sound  started
562.5548 	DATA 	Keypress: lctrl
562.7345 	EXP 	Sound  started
563.1948 	DATA 	Keypress: lctrl
563.4845 	EXP 	Sound  started
563.9628 	DATA 	Keypress: lctrl
564.2345 	EXP 	Sound  started
564.7948 	DATA 	Keypress: lctrl
564.9845 	EXP 	Sound  started
565.6587 	DATA 	Keypress: lctrl
565.7345 	EXP 	Sound  started
566.3948 	DATA 	Keypress: lctrl
566.4845 	EXP 	Sound  started
567.1147 	DATA 	Keypress: lctrl
567.2346 	EXP 	Sound  started
567.9147 	DATA 	Keypress: rctrl
567.9846 	EXP 	Sound  started
568.6347 	DATA 	Keypress: rctrl
568.7346 	EXP 	Sound  started
569.4846 	EXP 	Sound  started
569.5147 	DATA 	Keypress: rctrl
570.1548 	DATA 	Keypress: rctrl
570.2346 	EXP 	Sound  started
570.9846 	EXP 	Sound  started
571.0187 	DATA 	Keypress: rctrl
571.6427 	DATA 	Keypress: rctrl
571.7346 	EXP 	Sound  started
572.2187 	DATA 	Keypress: rctrl
572.4847 	EXP 	Sound  started
573.2347 	EXP 	Sound  started
573.2587 	DATA 	Keypress: rctrl
573.8988 	DATA 	Keypress: rctrl
573.9847 	EXP 	Sound  started
574.5387 	DATA 	Keypress: rctrl
574.7347 	EXP 	Sound  started
575.2747 	DATA 	Keypress: rctrl
575.4847 	EXP 	Sound  started
576.0747 	DATA 	Keypress: rctrl
576.2347 	EXP 	Sound  started
576.8267 	DATA 	Keypress: rctrl
576.9847 	EXP 	Sound  started
577.5627 	DATA 	Keypress: rctrl
577.7348 	EXP 	Sound  started
578.3468 	DATA 	Keypress: rctrl
578.4848 	EXP 	Sound  started
579.1467 	DATA 	Keypress: rctrl
579.2348 	EXP 	Sound  started
579.9148 	DATA 	Keypress: rctrl
579.9848 	EXP 	Sound  started
580.5547 	DATA 	Keypress: rctrl
580.7348 	EXP 	Sound  started
581.2748 	DATA 	Keypress: rctrl
581.4848 	EXP 	Sound  started
582.0587 	DATA 	Keypress: rctrl
582.2348 	EXP 	Sound  started
582.7307 	DATA 	Keypress: lctrl
582.9849 	EXP 	Sound  started
583.4827 	DATA 	Keypress: lctrl
583.7349 	EXP 	Sound  started
584.2347 	DATA 	Keypress: lctrl
584.4849 	EXP 	Sound  started
585.1467 	DATA 	Keypress: lctrl
585.2349 	EXP 	Sound  started
585.8987 	DATA 	Keypress: lctrl
585.9849 	EXP 	Sound  started
586.5387 	DATA 	Keypress: lctrl
586.7349 	EXP 	Sound  started
587.3547 	DATA 	Keypress: lctrl
587.4849 	EXP 	Sound  started
588.2027 	DATA 	Keypress: lctrl
588.2349 	EXP 	Sound  started
588.8747 	DATA 	Keypress: lctrl
588.9850 	EXP 	Sound  started
589.6587 	DATA 	Keypress: lctrl
589.7350 	EXP 	Sound  started
590.4748 	DATA 	Keypress: lctrl
590.4850 	EXP 	Sound  started
591.2350 	EXP 	Sound  started
591.2428 	DATA 	Keypress: lctrl
591.9850 	EXP 	Sound  started
592.0107 	DATA 	Keypress: lctrl
592.7350 	EXP 	Sound  started
592.7467 	DATA 	Keypress: rctrl
593.4667 	DATA 	Keypress: lctrl
593.4850 	EXP 	Sound  started
594.1547 	DATA 	Keypress: rctrl
594.2351 	EXP 	Sound  started
594.9067 	DATA 	Keypress: lctrl
594.9851 	EXP 	Sound  started
595.6907 	DATA 	Keypress: rctrl
595.7351 	EXP 	Sound  started
596.3947 	DATA 	Keypress: lctrl
596.4851 	EXP 	Sound  started
597.1467 	DATA 	Keypress: rctrl
597.2351 	EXP 	Sound  started
597.9468 	DATA 	Keypress: lctrl
597.9851 	EXP 	Sound  started
598.6348 	DATA 	Keypress: rctrl
598.7351 	EXP 	Sound  started
599.5122 	DATA 	Keypress: lctrl
601.9804 	DATA 	Keypress: 2
602.0098 	EXP 	unnamed ShapeStim: vertices = <class 'numpy.ndarray'>
604.3953 	DATA 	Keypress: 4
604.4118 	EXP 	unnamed ShapeStim: vertices = <class 'numpy.ndarray'>
607.1308 	DATA 	Keypress: 3
607.1474 	EXP 	unnamed ShapeStim: vertices = <class 'numpy.ndarray'>
609.4330 	EXP 	Sound  started
609.4332 	DATA 	Keypress: rctrl
610.0427 	DATA 	Keypress: lctrl
610.1829 	EXP 	Sound  started
610.7468 	DATA 	Keypress: rctrl
610.9330 	EXP 	Sound  started
611.5147 	DATA 	Keypress: lctrl
611.6830 	EXP 	Sound  started
612.2027 	DATA 	Keypress: lctrl
612.4330 	EXP 	Sound  started
612.9387 	DATA 	Keypress: lctrl
613.1830 	EXP 	Sound  started
613.6107 	DATA 	Keypress: rctrl
613.9330 	EXP 	Sound  started
614.4907 	DATA 	Keypress: rctrl
614.6830 	EXP 	Sound  started
615.2267 	DATA 	Keypress: rctrl
615.4330 	EXP 	Sound  started
616.0587 	DATA 	Keypress: rctrl
616.1830 	EXP 	Sound  started
616.8107 	DATA 	Keypress: rctrl
616.9331 	EXP 	Sound  started
617.5787 	DATA 	Keypress: rctrl
617.6831 	EXP 	Sound  started
618.2828 	DATA 	Keypress: rctrl
618.4331 	EXP 	Sound  started
619.0027 	DATA 	Keypress: rctrl
619.1831 	EXP 	Sound  started
619.7708 	DATA 	Keypress: rctrl
619.9331 	EXP 	Sound  started
620.5227 	DATA 	Keypress: rctrl
620.6831 	EXP 	Sound  started
621.3068 	DATA 	Keypress: rctrl
621.4332 	EXP 	Sound  started
622.0427 	DATA 	Keypress: rctrl
622.1832 	EXP 	Sound  started
622.8907 	DATA 	Keypress: rctrl
622.9332 	EXP 	Sound  started
623.5947 	DATA 	Keypress: rctrl
623.6832 	EXP 	Sound  started
624.2187 	DATA 	Keypress: rctrl
624.4332 	EXP 	Sound  started
625.1308 	DATA 	Keypress: rctrl
625.1832 	EXP 	Sound  started
625.8507 	DATA 	Keypress: rctrl
625.9332 	EXP 	Sound  started
626.5708 	DATA 	Keypress: lctrl
626.6833 	EXP 	Sound  started
627.3547 	DATA 	Keypress: lctrl
627.4333 	EXP 	Sound  started
628.1067 	DATA 	Keypress: lctrl
628.1833 	EXP 	Sound  started
628.8427 	DATA 	Keypress: lctrl
628.9333 	EXP 	Sound  started
629.5787 	DATA 	Keypress: lctrl
629.6833 	EXP 	Sound  started
630.3148 	DATA 	Keypress: lctrl
630.4333 	EXP 	Sound  started
631.0987 	DATA 	Keypress: lctrl
631.1833 	EXP 	Sound  started
631.8027 	DATA 	Keypress: lctrl
631.9334 	EXP 	Sound  started
632.5227 	DATA 	Keypress: lctrl
632.6834 	EXP 	Sound  started
633.3227 	DATA 	Keypress: lctrl
633.4334 	EXP 	Sound  started
634.0107 	DATA 	Keypress: rctrl
634.1834 	EXP 	Sound  started
634.9068 	DATA 	Keypress: lctrl
634.9334 	EXP 	Sound  started
635.6588 	DATA 	Keypress: rctrl
635.6834 	EXP 	Sound  started
636.3307 	DATA 	Keypress: lctrl
636.4334 	EXP 	Sound  started
637.0347 	DATA 	Keypress: rctrl
637.1834 	EXP 	Sound  started
637.8507 	DATA 	Keypress: lctrl
637.9334 	EXP 	Sound  started
638.5547 	DATA 	Keypress: rctrl
638.6835 	EXP 	Sound  started
639.4335 	EXP 	Sound  started
640.1835 	EXP 	Sound  started
640.2349 	DATA 	Keypress: rctrl
640.8428 	DATA 	Keypress: lctrl
640.9335 	EXP 	Sound  started
641.6107 	DATA 	Keypress: rctrl
641.6835 	EXP 	Sound  started
642.2988 	DATA 	Keypress: lctrl
642.4335 	EXP 	Sound  started
643.1148 	DATA 	Keypress: rctrl
643.1835 	EXP 	Sound  started
643.8668 	DATA 	Keypress: lctrl
643.9336 	EXP 	Sound  started
644.6187 	DATA 	Keypress: rctrl
644.6836 	EXP 	Sound  started
645.4028 	DATA 	Keypress: lctrl
645.4336 	EXP 	Sound  started
646.0908 	DATA 	Keypress: rctrl
646.1836 	EXP 	Sound  started
646.8427 	DATA 	Keypress: lctrl
646.9336 	EXP 	Sound  started
647.5947 	DATA 	Keypress: rctrl
647.6836 	EXP 	Sound  started
648.2508 	DATA 	Keypress: lctrl
648.4337 	EXP 	Sound  started
649.1308 	DATA 	Keypress: rctrl
649.1837 	EXP 	Sound  started
649.8828 	DATA 	Keypress: lctrl
649.9337 	EXP 	Sound  started
650.6187 	DATA 	Keypress: rctrl
650.6837 	EXP 	Sound  started
651.3547 	DATA 	Keypress: lctrl
651.4337 	EXP 	Sound  started
652.1227 	DATA 	Keypress: rctrl
652.1837 	EXP 	Sound  started
652.9337 	EXP 	Sound  started
653.6588 	DATA 	Keypress: rctrl
653.6837 	EXP 	Sound  started
654.3308 	DATA 	Keypress: lctrl
654.4338 	EXP 	Sound  started
655.0348 	DATA 	Keypress: rctrl
655.1838 	EXP 	Sound  started
655.7387 	DATA 	Keypress: rctrl
655.9338 	EXP 	Sound  started
656.5547 	DATA 	Keypress: rctrl
656.6838 	EXP 	Sound  started
657.4338 	EXP 	Sound  started
658.1838 	EXP 	Sound  started
658.2988 	DATA 	Keypress: lctrl
658.9338 	EXP 	Sound  started
659.0988 	DATA 	Keypress: rctrl
659.6839 	EXP 	Sound  started
659.7707 	DATA 	Keypress: rctrl
660.4108 	DATA 	Keypress: rctrl
660.4339 	EXP 	Sound  started
661.1839 	EXP 	Sound  started
661.2268 	DATA 	Keypress: rctrl
661.9147 	DATA 	Keypress: rctrl
661.9339 	EXP 	Sound  started
662.6839 	EXP 	Sound  started
662.7787 	DATA 	Keypress: rctrl
663.4339 	EXP 	Sound  started
663.4987 	DATA 	Keypress: rctrl
664.1707 	DATA 	Keypress: rctrl
664.1839 	EXP 	Sound  started
664.8427 	DATA 	Keypress: lctrl
664.9340 	EXP 	Sound  started
665.5147 	DATA 	Keypress: lctrl
665.6840 	EXP 	Sound  started
666.2347 	DATA 	Keypress: lctrl
666.4340 	EXP 	Sound  started
666.9387 	DATA 	Keypress: lctrl
667.1840 	EXP 	Sound  started
667.7227 	DATA 	Keypress: lctrl
667.9340 	EXP 	Sound  started
668.4268 	DATA 	Keypress: lctrl
668.6840 	EXP 	Sound  started
669.2747 	DATA 	Keypress: lctrl
669.4340 	EXP 	Sound  started
672.8181 	DATA 	Keypress: 3
672.8346 	EXP 	unnamed ShapeStim: vertices = <class 'numpy.ndarray'>
675.6876 	DATA 	Keypress: 3
675.7041 	EXP 	unnamed ShapeStim: vertices = <class 'numpy.ndarray'>
678.5900 	DATA 	Keypress: 2
678.6065 	EXP 	unnamed ShapeStim: vertices = <class 'numpy.ndarray'>
680.8919 	EXP 	Sound  started
680.8921 	DATA 	Keypress: rctrl
681.5307 	DATA 	Keypress: rctrl
681.6419 	EXP 	Sound  started
682.2347 	DATA 	Keypress: rctrl
682.3919 	EXP 	Sound  started
682.9707 	DATA 	Keypress: rctrl
683.1419 	EXP 	Sound  started
683.7868 	DATA 	Keypress: rctrl
683.8919 	EXP 	Sound  started
684.6420 	EXP 	Sound  started
684.8907 	DATA 	Keypress: rctrl
685.3920 	EXP 	Sound  started
685.4027 	DATA 	Keypress: rctrl
686.0268 	DATA 	Keypress: rctrl
686.1420 	EXP 	Sound  started
686.7308 	DATA 	Keypress: rctrl
686.8920 	EXP 	Sound  started
687.4989 	DATA 	Keypress: rctrl
687.6420 	EXP 	Sound  started
688.1387 	DATA 	Keypress: lctrl
688.3920 	EXP 	Sound  started
689.0347 	DATA 	Keypress: lctrl
689.1420 	EXP 	Sound  started
689.7387 	DATA 	Keypress: lctrl
689.8921 	EXP 	Sound  started
690.4588 	DATA 	Keypress: lctrl
690.6421 	EXP 	Sound  started
691.2429 	DATA 	Keypress: lctrl
691.3921 	EXP 	Sound  started
691.9788 	DATA 	Keypress: lctrl
692.1421 	EXP 	Sound  started
692.7947 	DATA 	Keypress: lctrl
692.8921 	EXP 	Sound  started
693.4987 	DATA 	Keypress: lctrl
693.6421 	EXP 	Sound  started
694.2508 	DATA 	Keypress: lctrl
694.3921 	EXP 	Sound  started
695.0027 	DATA 	Keypress: lctrl
695.1421 	EXP 	Sound  started
695.6907 	DATA 	Keypress: lctrl
695.8922 	EXP 	Sound  started
696.3947 	DATA 	Keypress: lctrl
696.6422 	EXP 	Sound  started
697.2428 	DATA 	Keypress: lctrl
697.3922 	EXP 	Sound  started
697.9947 	DATA 	Keypress: lctrl
698.1422 	EXP 	Sound  started
698.7787 	DATA 	Keypress: lctrl
698.8922 	EXP 	Sound  started
699.4827 	DATA 	Keypress: lctrl
699.6422 	EXP 	Sound  started
700.2987 	DATA 	Keypress: lctrl
700.3922 	EXP 	Sound  started
701.1423 	EXP 	Sound  started
701.2427 	DATA 	Keypress: lctrl
701.8923 	EXP 	Sound  started
702.5708 	DATA 	Keypress: lctrl
702.6423 	EXP 	Sound  started
703.2108 	DATA 	Keypress: lctrl
703.3923 	EXP 	Sound  started
703.8827 	DATA 	Keypress: lctrl
704.1423 	EXP 	Sound  started
704.6347 	DATA 	Keypress: lctrl
704.8923 	EXP 	Sound  started
705.3868 	DATA 	Keypress: lctrl
705.6423 	EXP 	Sound  started
706.2187 	DATA 	Keypress: lctrl
706.3924 	EXP 	Sound  started
707.0187 	DATA 	Keypress: lctrl
707.1424 	EXP 	Sound  started
707.7387 	DATA 	Keypress: lctrl
707.8924 	EXP 	Sound  started
708.6424 	EXP 	Sound  started
709.3924 	EXP 	Sound  started
709.4988 	DATA 	Keypress: lctrl
710.1424 	EXP 	Sound  started
710.1868 	DATA 	Keypress: lctrl
710.8924 	EXP 	Sound  started
710.9068 	DATA 	Keypress: lctrl
711.6425 	EXP 	Sound  started
711.6908 	DATA 	Keypress: lctrl
712.3925 	EXP 	Sound  started
712.5227 	DATA 	Keypress: lctrl
713.1425 	EXP 	Sound  started
713.2907 	DATA 	Keypress: lctrl
713.8925 	EXP 	Sound  started
713.9147 	DATA 	Keypress: lctrl
714.6425 	EXP 	Sound  started
714.6827 	DATA 	Keypress: lctrl
715.3227 	DATA 	Keypress: lctrl
715.3925 	EXP 	Sound  started
716.0588 	DATA 	Keypress: lctrl
716.1425 	EXP 	Sound  started
716.7788 	DATA 	Keypress: lctrl
716.8926 	EXP 	Sound  started
717.5307 	DATA 	Keypress: lctrl
717.6426 	EXP 	Sound  started
718.1707 	DATA 	Keypress: rctrl
718.3926 	EXP 	Sound  started
718.9868 	DATA 	Keypress: rctrl
719.1426 	EXP 	Sound  started
719.7387 	DATA 	Keypress: rctrl
719.8926 	EXP 	Sound  started
720.4588 	DATA 	Keypress: rctrl
720.6426 	EXP 	Sound  started
721.1787 	DATA 	Keypress: rctrl
721.3926 	EXP 	Sound  started
721.9467 	DATA 	Keypress: rctrl
722.1426 	EXP 	Sound  started
722.8927 	EXP 	Sound  started
723.5788 	DATA 	Keypress: rctrl
723.6427 	EXP 	Sound  started
724.3927 	EXP 	Sound  started
724.6027 	DATA 	Keypress: rctrl
725.1427 	EXP 	Sound  started
725.1627 	DATA 	Keypress: rctrl
725.7227 	DATA 	Keypress: rctrl
725.8927 	EXP 	Sound  started
726.3947 	DATA 	Keypress: rctrl
726.6427 	EXP 	Sound  started
727.2108 	DATA 	Keypress: rctrl
727.3927 	EXP 	Sound  started
728.1427 	EXP 	Sound  started
728.2987 	DATA 	Keypress: lctrl
728.8588 	DATA 	Keypress: rctrl
728.8928 	EXP 	Sound  started
729.5627 	DATA 	Keypress: lctrl
729.6428 	EXP 	Sound  started
730.1547 	DATA 	Keypress: rctrl
730.3928 	EXP 	Sound  started
730.8747 	DATA 	Keypress: rctrl
731.1428 	EXP 	Sound  started
731.4507 	DATA 	Keypress: rctrl
731.8928 	EXP 	Sound  started
732.2668 	DATA 	Keypress: rctrl
735.7196 	DATA 	Keypress: 2
735.7361 	EXP 	unnamed ShapeStim: vertices = <class 'numpy.ndarray'>
738.8059 	DATA 	Keypress: 2
738.8225 	EXP 	unnamed ShapeStim: vertices = <class 'numpy.ndarray'>
741.6916 	DATA 	Keypress: 2
741.7082 	EXP 	unnamed ShapeStim: vertices = <class 'numpy.ndarray'>
743.9932 	EXP 	Sound  started
744.1869 	DATA 	Keypress: lctrl
744.6987 	DATA 	Keypress: lctrl
744.7432 	EXP 	Sound  started
745.3867 	DATA 	Keypress: lctrl
745.4932 	EXP 	Sound  started
746.1707 	DATA 	Keypress: lctrl
746.2432 	EXP 	Sound  started
746.9933 	EXP 	Sound  started
747.0507 	DATA 	Keypress: lctrl
747.6587 	DATA 	Keypress: lctrl
747.7433 	EXP 	Sound  started
748.2667 	DATA 	Keypress: rctrl
748.4933 	EXP 	Sound  started
749.1147 	DATA 	Keypress: rctrl
749.2433 	EXP 	Sound  started
749.8987 	DATA 	Keypress: rctrl
749.9933 	EXP 	Sound  started
750.5867 	DATA 	Keypress: rctrl
750.7433 	EXP 	Sound  started
751.4187 	DATA 	Keypress: rctrl
751.4933 	EXP 	Sound  started
752.1387 	DATA 	Keypress: rctrl
752.2434 	EXP 	Sound  started
752.9067 	DATA 	Keypress: rctrl
752.9934 	EXP 	Sound  started
753.5467 	DATA 	Keypress: rctrl
753.7434 	EXP 	Sound  started
754.2827 	DATA 	Keypress: rctrl
754.4934 	EXP 	Sound  started
755.2428 	DATA 	Keypress: rctrl
755.2434 	EXP 	Sound  started
755.9149 	DATA 	Keypress: rctrl
755.9934 	EXP 	Sound  started
756.4107 	DATA 	Keypress: rctrl
756.7434 	EXP 	Sound  started
757.2587 	DATA 	Keypress: rctrl
757.4935 	EXP 	Sound  started
758.1547 	DATA 	Keypress: rctrl
758.2435 	EXP 	Sound  started
758.8747 	DATA 	Keypress: rctrl
758.9935 	EXP 	Sound  started
759.5948 	DATA 	Keypress: rctrl
759.7435 	EXP 	Sound  started
760.3468 	DATA 	Keypress: rctrl
760.4935 	EXP 	Sound  started
761.1147 	DATA 	Keypress: rctrl
761.2435 	EXP 	Sound  started
761.8827 	DATA 	Keypress: rctrl
761.9936 	EXP 	Sound  started
762.6187 	DATA 	Keypress: rctrl
762.7436 	EXP 	Sound  started
763.3387 	DATA 	Keypress: rctrl
763.4936 	EXP 	Sound  started
764.1548 	DATA 	Keypress: lctrl
764.2436 	EXP 	Sound  started
764.9388 	DATA 	Keypress: lctrl
764.9936 	EXP 	Sound  started
765.6107 	DATA 	Keypress: lctrl
765.7436 	EXP 	Sound  started
766.3467 	DATA 	Keypress: lctrl
766.4936 	EXP 	Sound  started
767.1147 	DATA 	Keypress: lctrl
767.2437 	EXP 	Sound  started
767.9468 	DATA 	Keypress: lctrl
767.9937 	EXP 	Sound  started
768.6027 	DATA 	Keypress: lctrl
768.7437 	EXP 	Sound  started
769.3549 	DATA 	Keypress: lctrl
769.4937 	EXP 	Sound  started
770.1708 	DATA 	Keypress: rctrl
770.2437 	EXP 	Sound  started
770.8108 	DATA 	Keypress: lctrl
770.9937 	EXP 	Sound  started
771.7068 	DATA 	Keypress: rctrl
771.7437 	EXP 	Sound  started
772.4747 	DATA 	Keypress: lctrl
772.4937 	EXP 	Sound  started
773.0988 	DATA 	Keypress: rctrl
773.2438 	EXP 	Sound  started
773.8828 	DATA 	Keypress: rctrl
773.9938 	EXP 	Sound  started
774.6347 	DATA 	Keypress: rctrl
774.7438 	EXP 	Sound  started
775.3227 	DATA 	Keypress: rctrl
775.4938 	EXP 	Sound  started
776.0908 	DATA 	Keypress: rctrl
776.2438 	EXP 	Sound  started
776.9227 	DATA 	Keypress: rctrl
776.9938 	EXP 	Sound  started
777.6588 	DATA 	Keypress: rctrl
777.7438 	EXP 	Sound  started
778.4108 	DATA 	Keypress: rctrl
778.4938 	EXP 	Sound  started
779.1467 	DATA 	Keypress: rctrl
779.2439 	EXP 	Sound  started
779.9148 	DATA 	Keypress: rctrl
779.9939 	EXP 	Sound  started
780.6188 	DATA 	Keypress: rctrl
780.7439 	EXP 	Sound  started
781.2748 	DATA 	Keypress: rctrl
781.4939 	EXP 	Sound  started
782.0747 	DATA 	Keypress: rctrl
782.2439 	EXP 	Sound  started
782.8268 	DATA 	Keypress: rctrl
782.9939 	EXP 	Sound  started
783.5467 	DATA 	Keypress: rctrl
783.7440 	EXP 	Sound  started
784.3147 	DATA 	Keypress: rctrl
787.7123 	DATA 	Keypress: 3
787.7288 	EXP 	unnamed ShapeStim: vertices = <class 'numpy.ndarray'>
789.6972 	DATA 	Keypress: 3
789.7138 	EXP 	unnamed ShapeStim: vertices = <class 'numpy.ndarray'>
791.7994 	DATA 	Keypress: 2
791.8160 	EXP 	unnamed ShapeStim: vertices = <class 'numpy.ndarray'>
794.0998 	EXP 	Sound  started
794.0999 	DATA 	Keypress: lctrl
794.7788 	DATA 	Keypress: lctrl
794.8497 	EXP 	Sound  started
795.4987 	DATA 	Keypress: lctrl
795.5998 	EXP 	Sound  started
796.2188 	DATA 	Keypress: rctrl
796.3498 	EXP 	Sound  started
797.0508 	DATA 	Keypress: lctrl
797.0998 	EXP 	Sound  started
797.7067 	DATA 	Keypress: rctrl
797.8498 	EXP 	Sound  started
798.5867 	DATA 	Keypress: rctrl
798.5998 	EXP 	Sound  started
799.1948 	DATA 	Keypress: rctrl
799.3498 	EXP 	Sound  started
799.9628 	DATA 	Keypress: lctrl
800.0998 	EXP 	Sound  started
800.7467 	DATA 	Keypress: rctrl
800.8499 	EXP 	Sound  started
801.5467 	DATA 	Keypress: lctrl
801.5999 	EXP 	Sound  started
802.3499 	EXP 	Sound  started
802.3628 	DATA 	Keypress: rctrl
803.0349 	DATA 	Keypress: lctrl
803.0999 	EXP 	Sound  started
803.6907 	DATA 	Keypress: rctrl
803.8499 	EXP 	Sound  started
804.5547 	DATA 	Keypress: lctrl
804.5999 	EXP 	Sound  started
805.3387 	DATA 	Keypress: rctrl
805.3500 	EXP 	Sound  started
806.1000 	EXP 	Sound  started
806.1227 	DATA 	Keypress: lctrl
806.8427 	DATA 	Keypress: rctrl
806.8500 	EXP 	Sound  started
807.6000 	EXP 	Sound  started
807.6749 	DATA 	Keypress: lctrl
808.3500 	EXP 	Sound  started
808.3948 	DATA 	Keypress: lctrl
809.0668 	DATA 	Keypress: lctrl
809.1000 	EXP 	Sound  started
809.8028 	DATA 	Keypress: lctrl
809.8500 	EXP 	Sound  started
810.4267 	DATA 	Keypress: rctrl
810.6001 	EXP 	Sound  started
811.2748 	DATA 	Keypress: rctrl
811.3501 	EXP 	Sound  started
811.9468 	DATA 	Keypress: rctrl
812.1001 	EXP 	Sound  started
812.6668 	DATA 	Keypress: rctrl
812.8501 	EXP 	Sound  started
813.4508 	DATA 	Keypress: rctrl
813.6001 	EXP 	Sound  started
814.1707 	DATA 	Keypress: rctrl
814.3501 	EXP 	Sound  started
814.9548 	DATA 	Keypress: rctrl
815.1001 	EXP 	Sound  started
815.7387 	DATA 	Keypress: rctrl
815.8501 	EXP 	Sound  started
816.4587 	DATA 	Keypress: rctrl
816.6002 	EXP 	Sound  started
817.2268 	DATA 	Keypress: rctrl
817.3502 	EXP 	Sound  started
817.9307 	DATA 	Keypress: rctrl
818.1002 	EXP 	Sound  started
818.7147 	DATA 	Keypress: rctrl
818.8502 	EXP 	Sound  started
819.4987 	DATA 	Keypress: rctrl
819.6002 	EXP 	Sound  started
820.2667 	DATA 	Keypress: rctrl
820.3502 	EXP 	Sound  started
820.9547 	DATA 	Keypress: rctrl
821.1002 	EXP 	Sound  started
821.8503 	EXP 	Sound  started
821.8827 	DATA 	Keypress: rctrl
822.5387 	DATA 	Keypress: rctrl
822.6003 	EXP 	Sound  started
823.3067 	DATA 	Keypress: rctrl
823.3503 	EXP 	Sound  started
823.9467 	DATA 	Keypress: rctrl
824.1003 	EXP 	Sound  started
824.7147 	DATA 	Keypress: rctrl
824.8503 	EXP 	Sound  started
825.3867 	DATA 	Keypress: rctrl
825.6003 	EXP 	Sound  started
826.1708 	DATA 	Keypress: rctrl
826.3504 	EXP 	Sound  started
826.9068 	DATA 	Keypress: rctrl
827.1004 	EXP 	Sound  started
827.6748 	DATA 	Keypress: lctrl
827.8504 	EXP 	Sound  started
828.4587 	DATA 	Keypress: lctrl
828.6004 	EXP 	Sound  started
829.1789 	DATA 	Keypress: lctrl
829.3504 	EXP 	Sound  started
829.9468 	DATA 	Keypress: lctrl
830.1004 	EXP 	Sound  started
830.7948 	DATA 	Keypress: lctrl
830.8505 	EXP 	Sound  started
831.4667 	DATA 	Keypress: rctrl
831.6005 	EXP 	Sound  started
832.2029 	DATA 	Keypress: rctrl
832.3505 	EXP 	Sound  started
832.9867 	DATA 	Keypress: rctrl
833.1005 	EXP 	Sound  started
833.7068 	DATA 	Keypress: rctrl
833.8505 	EXP 	Sound  started
834.4267 	DATA 	Keypress: rctrl
834.6005 	EXP 	Sound  started
835.2747 	DATA 	Keypress: rctrl
835.3505 	EXP 	Sound  started
835.9787 	DATA 	Keypress: rctrl
836.1005 	EXP 	Sound  started
836.7147 	DATA 	Keypress: rctrl
836.8506 	EXP 	Sound  started
837.3228 	DATA 	Keypress: rctrl
837.6006 	EXP 	Sound  started
838.0428 	DATA 	Keypress: rctrl
838.3506 	EXP 	Sound  started
838.8587 	DATA 	Keypress: rctrl
839.1006 	EXP 	Sound  started
839.6587 	DATA 	Keypress: rctrl
839.8506 	EXP 	Sound  started
840.5229 	DATA 	Keypress: rctrl
840.6007 	EXP 	Sound  started
841.2427 	DATA 	Keypress: rctrl
841.3507 	EXP 	Sound  started
841.9787 	DATA 	Keypress: rctrl
842.1007 	EXP 	Sound  started
842.7148 	DATA 	Keypress: rctrl
842.8507 	EXP 	Sound  started
843.4667 	DATA 	Keypress: rctrl
843.6007 	EXP 	Sound  started
844.2027 	DATA 	Keypress: rctrl
844.3507 	EXP 	Sound  started
844.9707 	DATA 	Keypress: rctrl
845.1007 	EXP 	Sound  started
845.7707 	DATA 	Keypress: rctrl
845.8507 	EXP 	Sound  started
846.5227 	DATA 	Keypress: rctrl
846.6008 	EXP 	Sound  started
847.1948 	DATA 	Keypress: rctrl
847.3508 	EXP 	Sound  started
847.9628 	DATA 	Keypress: rctrl
848.1008 	EXP 	Sound  started
848.7307 	DATA 	Keypress: rctrl
848.8508 	EXP 	Sound  started
849.4187 	DATA 	Keypress: rctrl
849.6008 	EXP 	Sound  started
850.1228 	DATA 	Keypress: rctrl
850.3508 	EXP 	Sound  started
850.8428 	DATA 	Keypress: rctrl
851.1008 	EXP 	Sound  started
851.5947 	DATA 	Keypress: rctrl
854.2835 	DATA 	Keypress: 2
854.3000 	EXP 	unnamed ShapeStim: vertices = <class 'numpy.ndarray'>
858.1571 	DATA 	Keypress: 3
858.1865 	EXP 	unnamed ShapeStim: vertices = <class 'numpy.ndarray'>
860.6392 	DATA 	Keypress: 1
860.6557 	EXP 	unnamed ShapeStim: vertices = <class 'numpy.ndarray'>
862.9407 	EXP 	Sound  started
862.9408 	DATA 	Keypress: rctrl
863.5947 	DATA 	Keypress: rctrl
863.6907 	EXP 	Sound  started
864.4407 	EXP 	Sound  started
864.4588 	DATA 	Keypress: rctrl
865.1468 	DATA 	Keypress: rctrl
865.1907 	EXP 	Sound  started
865.8187 	DATA 	Keypress: rctrl
865.9407 	EXP 	Sound  started
866.5547 	DATA 	Keypress: rctrl
866.6907 	EXP 	Sound  started
867.3227 	DATA 	Keypress: rctrl
867.4407 	EXP 	Sound  started
868.1067 	DATA 	Keypress: rctrl
868.1908 	EXP 	Sound  started
868.8267 	DATA 	Keypress: rctrl
868.9408 	EXP 	Sound  started
869.6428 	DATA 	Keypress: rctrl
869.6908 	EXP 	Sound  started
870.3628 	DATA 	Keypress: rctrl
870.4408 	EXP 	Sound  started
871.1628 	DATA 	Keypress: rctrl
871.1908 	EXP 	Sound  started
871.8187 	DATA 	Keypress: rctrl
871.9408 	EXP 	Sound  started
872.4588 	DATA 	Keypress: rctrl
872.6908 	EXP 	Sound  started
873.2587 	DATA 	Keypress: rctrl
873.4408 	EXP 	Sound  started
874.0748 	DATA 	Keypress: rctrl
874.1909 	EXP 	Sound  started
874.8107 	DATA 	Keypress: rctrl
874.9409 	EXP 	Sound  started
875.5947 	DATA 	Keypress: rctrl
875.6909 	EXP 	Sound  started
876.3147 	DATA 	Keypress: rctrl
876.4409 	EXP 	Sound  started
877.0667 	DATA 	Keypress: rctrl
877.1910 	EXP 	Sound  started
877.7867 	DATA 	Keypress: rctrl
877.9410 	EXP 	Sound  started
878.5067 	DATA 	Keypress: rctrl
878.6910 	EXP 	Sound  started
879.2908 	DATA 	Keypress: rctrl
879.4410 	EXP 	Sound  started
880.0747 	DATA 	Keypress: rctrl
880.1910 	EXP 	Sound  started
880.7947 	DATA 	Keypress: rctrl
880.9410 	EXP 	Sound  started
881.5628 	DATA 	Keypress: lctrl
881.6911 	EXP 	Sound  started
882.2828 	DATA 	Keypress: lctrl
882.4411 	EXP 	Sound  started
883.0027 	DATA 	Keypress: lctrl
883.1911 	EXP 	Sound  started
883.9411 	EXP 	Sound  started
884.4587 	DATA 	Keypress: lctrl
884.6911 	EXP 	Sound  started
885.0827 	DATA 	Keypress: lctrl
885.4411 	EXP 	Sound  started
885.9147 	DATA 	Keypress: lctrl
886.1911 	EXP 	Sound  started
886.7147 	DATA 	Keypress: lctrl
886.9412 	EXP 	Sound  started
887.4667 	DATA 	Keypress: lctrl
887.6912 	EXP 	Sound  started
888.3307 	DATA 	Keypress: lctrl
888.4412 	EXP 	Sound  started
889.1148 	DATA 	Keypress: lctrl
889.1912 	EXP 	Sound  started
889.8188 	DATA 	Keypress: lctrl
889.9412 	EXP 	Sound  started
890.5388 	DATA 	Keypress: lctrl
890.6912 	EXP 	Sound  started
891.3228 	DATA 	Keypress: lctrl
891.4412 	EXP 	Sound  started
892.0748 	DATA 	Keypress: lctrl
892.1913 	EXP 	Sound  started
892.7787 	DATA 	Keypress: lctrl
892.9413 	EXP 	Sound  started
893.5308 	DATA 	Keypress: lctrl
893.6913 	EXP 	Sound  started
894.3468 	DATA 	Keypress: lctrl
894.4413 	EXP 	Sound  started
895.0028 	DATA 	Keypress: lctrl
895.1913 	EXP 	Sound  started
895.7388 	DATA 	Keypress: lctrl
895.9413 	EXP 	Sound  started
896.4908 	DATA 	Keypress: lctrl
896.6914 	EXP 	Sound  started
897.2588 	DATA 	Keypress: lctrl
897.4414 	EXP 	Sound  started
898.0267 	DATA 	Keypress: lctrl
898.1914 	EXP 	Sound  started
898.8588 	DATA 	Keypress: lctrl
898.9414 	EXP 	Sound  started
899.5787 	DATA 	Keypress: lctrl
899.6914 	EXP 	Sound  started
900.2828 	DATA 	Keypress: lctrl
900.4414 	EXP 	Sound  started
900.9868 	DATA 	Keypress: lctrl
901.1914 	EXP 	Sound  started
901.7868 	DATA 	Keypress: lctrl
901.9415 	EXP 	Sound  started
902.5547 	DATA 	Keypress: lctrl
902.6915 	EXP 	Sound  started
903.3548 	DATA 	Keypress: lctrl
903.4415 	EXP 	Sound  started
904.1068 	DATA 	Keypress: lctrl
904.1915 	EXP 	Sound  started
904.8427 	DATA 	Keypress: lctrl
904.9415 	EXP 	Sound  started
905.5947 	DATA 	Keypress: lctrl
905.6915 	EXP 	Sound  started
906.3467 	DATA 	Keypress: lctrl
906.4415 	EXP 	Sound  started
907.1916 	EXP 	Sound  started
907.3387 	DATA 	Keypress: lctrl
907.8988 	DATA 	Keypress: lctrl
907.9416 	EXP 	Sound  started
908.5708 	DATA 	Keypress: lctrl
908.6916 	EXP 	Sound  started
909.3387 	DATA 	Keypress: lctrl
909.4416 	EXP 	Sound  started
910.0907 	DATA 	Keypress: lctrl
910.1916 	EXP 	Sound  started
910.8267 	DATA 	Keypress: lctrl
910.9416 	EXP 	Sound  started
911.6267 	DATA 	Keypress: lctrl
911.6916 	EXP 	Sound  started
912.2667 	DATA 	Keypress: rctrl
912.4417 	EXP 	Sound  started
913.1917 	EXP 	Sound  started
913.3548 	DATA 	Keypress: rctrl
913.9417 	EXP 	Sound  started
913.9627 	DATA 	Keypress: rctrl
914.6668 	DATA 	Keypress: rctrl
914.6917 	EXP 	Sound  started
915.3387 	DATA 	Keypress: rctrl
915.4417 	EXP 	Sound  started
916.0267 	DATA 	Keypress: lctrl
916.1917 	EXP 	Sound  started
916.7307 	DATA 	Keypress: rctrl
916.9417 	EXP 	Sound  started
917.4988 	DATA 	Keypress: lctrl
917.6918 	EXP 	Sound  started
918.2347 	DATA 	Keypress: rctrl
918.4418 	EXP 	Sound  started
918.9388 	DATA 	Keypress: lctrl
921.6554 	DATA 	Keypress: 3
921.6719 	EXP 	unnamed ShapeStim: vertices = <class 'numpy.ndarray'>
923.6774 	DATA 	Keypress: 3
923.7069 	EXP 	unnamed ShapeStim: vertices = <class 'numpy.ndarray'>
927.9105 	DATA 	Keypress: 2
927.9270 	EXP 	unnamed ShapeStim: vertices = <class 'numpy.ndarray'>
930.2124 	EXP 	Sound  started
930.2126 	DATA 	Keypress: rctrl
930.9624 	EXP 	Sound  started
930.9708 	DATA 	Keypress: rctrl
931.6427 	DATA 	Keypress: rctrl
931.7124 	EXP 	Sound  started
932.3787 	DATA 	Keypress: rctrl
932.4624 	EXP 	Sound  started
933.1147 	DATA 	Keypress: rctrl
933.2124 	EXP 	Sound  started
933.8347 	DATA 	Keypress: rctrl
933.9624 	EXP 	Sound  started
934.5708 	DATA 	Keypress: lctrl
934.7125 	EXP 	Sound  started
935.2907 	DATA 	Keypress: lctrl
935.4625 	EXP 	Sound  started
935.9948 	DATA 	Keypress: lctrl
936.2125 	EXP 	Sound  started
936.7467 	DATA 	Keypress: lctrl
936.9625 	EXP 	Sound  started
937.4187 	DATA 	Keypress: lctrl
937.7125 	EXP 	Sound  started
938.1867 	DATA 	Keypress: lctrl
938.4625 	EXP 	Sound  started
938.9227 	DATA 	Keypress: lctrl
939.2125 	EXP 	Sound  started
939.6267 	DATA 	Keypress: lctrl
939.9626 	EXP 	Sound  started
940.5869 	DATA 	Keypress: rctrl
940.7126 	EXP 	Sound  started
941.3387 	DATA 	Keypress: rctrl
941.4626 	EXP 	Sound  started
942.0908 	DATA 	Keypress: rctrl
942.2126 	EXP 	Sound  started
942.8267 	DATA 	Keypress: rctrl
942.9626 	EXP 	Sound  started
943.5628 	DATA 	Keypress: rctrl
943.7127 	EXP 	Sound  started
944.0907 	DATA 	Keypress: rctrl
944.4627 	EXP 	Sound  started
944.8748 	DATA 	Keypress: rctrl
945.2127 	EXP 	Sound  started
945.8187 	DATA 	Keypress: rctrl
945.9627 	EXP 	Sound  started
946.5867 	DATA 	Keypress: rctrl
946.7127 	EXP 	Sound  started
947.3068 	DATA 	Keypress: rctrl
947.4627 	EXP 	Sound  started
948.0588 	DATA 	Keypress: rctrl
948.2127 	EXP 	Sound  started
948.9628 	EXP 	Sound  started
949.0188 	DATA 	Keypress: rctrl
949.6908 	DATA 	Keypress: lctrl
949.7128 	EXP 	Sound  started
950.4108 	DATA 	Keypress: lctrl
950.4628 	EXP 	Sound  started
950.9228 	DATA 	Keypress: lctrl
951.2128 	EXP 	Sound  started
951.7228 	DATA 	Keypress: lctrl
951.9628 	EXP 	Sound  started
952.4748 	DATA 	Keypress: lctrl
952.7128 	EXP 	Sound  started
953.3068 	DATA 	Keypress: rctrl
953.4628 	EXP 	Sound  started
954.2128 	EXP 	Sound  started
954.9228 	DATA 	Keypress: rctrl
954.9629 	EXP 	Sound  started
955.5308 	DATA 	Keypress: rctrl
955.7129 	EXP 	Sound  started
956.3468 	DATA 	Keypress: rctrl
956.4629 	EXP 	Sound  started
956.9869 	DATA 	Keypress: rctrl
957.2129 	EXP 	Sound  started
957.9629 	EXP 	Sound  started
958.0748 	DATA 	Keypress: rctrl
958.6667 	DATA 	Keypress: lctrl
958.7129 	EXP 	Sound  started
959.4347 	DATA 	Keypress: rctrl
959.4630 	EXP 	Sound  started
960.0588 	DATA 	Keypress: lctrl
960.2130 	EXP 	Sound  started
960.7309 	DATA 	Keypress: lctrl
960.9630 	EXP 	Sound  started
961.6427 	DATA 	Keypress: rctrl
961.7130 	EXP 	Sound  started
962.2827 	DATA 	Keypress: lctrl
962.4630 	EXP 	Sound  started
963.2130 	EXP 	Sound  started
963.2267 	DATA 	Keypress: rctrl
963.8987 	DATA 	Keypress: lctrl
963.9630 	EXP 	Sound  started
964.6027 	DATA 	Keypress: rctrl
964.7131 	EXP 	Sound  started
965.3708 	DATA 	Keypress: lctrl
965.4631 	EXP 	Sound  started
966.1387 	DATA 	Keypress: rctrl
966.2131 	EXP 	Sound  started
966.9548 	DATA 	Keypress: lctrl
966.9631 	EXP 	Sound  started
967.5467 	DATA 	Keypress: rctrl
967.7131 	EXP 	Sound  started
968.2667 	DATA 	Keypress: lctrl
968.4631 	EXP 	Sound  started
969.1308 	DATA 	Keypress: rctrl
969.2131 	EXP 	Sound  started
969.8828 	DATA 	Keypress: lctrl
969.9631 	EXP 	Sound  started
970.6668 	DATA 	Keypress: rctrl
970.7132 	EXP 	Sound  started
971.3388 	DATA 	Keypress: lctrl
971.4632 	EXP 	Sound  started
972.0588 	DATA 	Keypress: rctrl
972.2132 	EXP 	Sound  started
972.8107 	DATA 	Keypress: rctrl
972.9632 	EXP 	Sound  started
973.5628 	DATA 	Keypress: rctrl
973.7132 	EXP 	Sound  started
974.3147 	DATA 	Keypress: rctrl
974.4632 	EXP 	Sound  started
975.0348 	DATA 	Keypress: rctrl
975.2133 	EXP 	Sound  started
975.7867 	DATA 	Keypress: rctrl
975.9633 	EXP 	Sound  started
976.6667 	DATA 	Keypress: lctrl
976.7133 	EXP 	Sound  started
977.3069 	DATA 	Keypress: rctrl
977.4633 	EXP 	Sound  started
978.0268 	DATA 	Keypress: rctrl
978.2133 	EXP 	Sound  started
978.7787 	DATA 	Keypress: lctrl
978.9633 	EXP 	Sound  started
979.4028 	DATA 	Keypress: lctrl
979.7133 	EXP 	Sound  started
980.0587 	DATA 	Keypress: rctrl
980.4633 	EXP 	Sound  started
981.0348 	DATA 	Keypress: lctrl
981.2134 	EXP 	Sound  started
981.6749 	DATA 	Keypress: rctrl
981.9634 	EXP 	Sound  started
982.7134 	EXP 	Sound  started
982.7627 	DATA 	Keypress: lctrl
983.4634 	EXP 	Sound  started
983.4827 	DATA 	Keypress: rctrl
984.1867 	DATA 	Keypress: lctrl
984.2134 	EXP 	Sound  started
984.8428 	DATA 	Keypress: rctrl
984.9634 	EXP 	Sound  started
985.5308 	DATA 	Keypress: rctrl
985.7134 	EXP 	Sound  started
986.3468 	DATA 	Keypress: rctrl
986.4634 	EXP 	Sound  started
987.2107 	DATA 	Keypress: rctrl
987.2135 	EXP 	Sound  started
987.9309 	DATA 	Keypress: rctrl
987.9635 	EXP 	Sound  started
988.6828 	DATA 	Keypress: rctrl
988.7135 	EXP 	Sound  started
989.3548 	DATA 	Keypress: lctrl
992.3171 	DATA 	Keypress: 2
992.3465 	EXP 	unnamed ShapeStim: vertices = <class 'numpy.ndarray'>
995.8829 	DATA 	Keypress: 3
995.8994 	EXP 	unnamed ShapeStim: vertices = <class 'numpy.ndarray'>
997.7512 	DATA 	Keypress: 3
997.7676 	EXP 	unnamed ShapeStim: vertices = <class 'numpy.ndarray'>
1002.0700 	DATA 	Keypress: rctrl
1132.7789 	DATA 	Keypress: escape
1132.8520 	EXP 	window1: mouseVisible = True
