138.9612 	WARNING 	User requested fullscreen with size [1024  768], but screen is actually [1920, 1200]. Using actual size
139.7757 	EXP 	Created window1 = Window(allowGUI=False, allowStencil=False, autoLog=True, backendConf=UNKNOWN, bitsMode=UNKNOWN, blendMode='avg', bpc=(8, 8, 8), color=array([0, 0, 0]), colorSpace='rgb', depthBits=8, fullscr=<method-wrapper '__getattribute__' of attributeSetter object at 0x000001ADEA9B8940>, gamma=None, gammaErrorPolicy='raise', lms=UNKNOWN, monitor=<psychopy.monitors.calibTools.Monitor object at 0x000001ADEC0E4240>, multiSample=False, name='window1', numSamples=2, pos=[0.0, 0.0], screen=0, size=array([1920, 1200]), stencilBits=0, stereo=False, units='norm', useFBO=True, useRetina=False, viewOri=0.0, viewPos=None, viewScale=None, waitBlanking=True, winType='pyglet')
139.7760 	EXP 	window1: mouseVisible = True
139.7761 	EXP 	window1: mouseVisible = False
139.7761 	EXP 	window1: recordFrameIntervals = False
139.9422 	EXP 	window1: recordFrameIntervals = True
140.1257 	EXP 	window1: recordFrameIntervals = False
140.1799 	EXP 	Created text = TextStim(__class__=<class 'psychopy.visual.text.TextStim'>, alignHoriz=method-wrapper(...), alignText='center', alignVert=method-wrapper(...), anchorHoriz='center', anchorVert='center', antialias=True, autoLog=True, bold=False, color=array([1., 1., 1.]), colorSpace='rgb', contrast=1.0, depth=0.0, flipHoriz=False, flipVert=False, font='Arial', fontFiles=[], height=0.15, italic=False, languageStyle='LTR', name='text', opacity=1, ori=0, pos=array([0., 0.]), rgb=UNKNOWN, text='+', units='norm', win=Window(...), wrapWidth=1)
140.2017 	EXP 	Created text = TextStim(__class__=<class 'psychopy.visual.text.TextStim'>, alignHoriz=method-wrapper(...), alignText='center', alignVert=method-wrapper(...), anchorHoriz='center', anchorVert='center', antialias=True, autoLog=True, bold=False, color=array([1., 1., 1.]), colorSpace='rgb', contrast=1.0, depth=0.0, flipHoriz=False, flipVert=False, font='Arial', fontFiles=[], height=0.07, italic=False, languageStyle='LTR', name='text', opacity=1, ori=0, pos=array([0., 0.]), rgb=UNKNOWN, text=str(...), units='norm', win=Window(...), wrapWidth=1.65)
140.2111 	EXP 	Created text = TextStim(__class__=<class 'psychopy.visual.text.TextStim'>, alignHoriz=method-wrapper(...), alignText='center', alignVert=method-wrapper(...), anchorHoriz='center', anchorVert='center', antialias=True, autoLog=True, bold=False, color=array([1., 1., 1.]), colorSpace='rgb', contrast=1.0, depth=0.0, flipHoriz=False, flipVert=False, font='Arial', fontFiles=[], height=0.07, italic=False, languageStyle='LTR', name='text', opacity=1, ori=0, pos=array([0., 0.]), rgb=UNKNOWN, text=str(...), units='norm', win=Window(...), wrapWidth=1.65)
140.2204 	EXP 	Created text = TextStim(__class__=<class 'psychopy.visual.text.TextStim'>, alignHoriz=method-wrapper(...), alignText='center', alignVert=method-wrapper(...), anchorHoriz='center', anchorVert='center', antialias=True, autoLog=True, bold=False, color=array([1., 1., 1.]), colorSpace='rgb', contrast=1.0, depth=0.0, flipHoriz=False, flipVert=False, font='Arial', fontFiles=[], height=0.07, italic=False, languageStyle='LTR', name='text', opacity=1, ori=0, pos=array([0., 0.]), rgb=UNKNOWN, text=str(...), units='norm', win=Window(...), wrapWidth=1.65)
140.2292 	EXP 	Created text = TextStim(__class__=<class 'psychopy.visual.text.TextStim'>, alignHoriz=method-wrapper(...), alignText='center', alignVert=method-wrapper(...), anchorHoriz='center', anchorVert='center', antialias=True, autoLog=True, bold=False, color=array([1., 1., 1.]), colorSpace='rgb', contrast=1.0, depth=0.0, flipHoriz=False, flipVert=False, font='Arial', fontFiles=[], height=0.07, italic=False, languageStyle='LTR', name='text', opacity=1, ori=0, pos=array([0., 0.]), rgb=UNKNOWN, text=str(...), units='norm', win=Window(...), wrapWidth=1.65)
140.2348 	EXP 	Created text = TextStim(__class__=<class 'psychopy.visual.text.TextStim'>, alignHoriz=method-wrapper(...), alignText='center', alignVert=method-wrapper(...), anchorHoriz='center', anchorVert='center', antialias=True, autoLog=True, bold=False, color=array([1., 1., 1.]), colorSpace='rgb', contrast=1.0, depth=0.0, flipHoriz=False, flipVert=False, font='Arial', fontFiles=[], height=0.07, italic=False, languageStyle='LTR', name='text', opacity=1, ori=0, pos=array([0., 0.]), rgb=UNKNOWN, text=str(...), units='norm', win=Window(...), wrapWidth=1.65)
140.2487 	EXP 	Created text = TextStim(__class__=<class 'psychopy.visual.text.TextStim'>, alignHoriz=method-wrapper(...), alignText='center', alignVert=method-wrapper(...), anchorHoriz='center', anchorVert='center', antialias=True, autoLog=True, bold=False, color=array([1., 1., 1.]), colorSpace='rgb', contrast=1.0, depth=0.0, flipHoriz=False, flipVert=False, font='Arial', fontFiles=[], height=0.15, italic=False, languageStyle='LTR', name='text', opacity=1, ori=0, pos=array([0., 0.]), rgb=UNKNOWN, text=str(...), units='norm', win=Window(...), wrapWidth=1.65)
140.2784 	EXP 	Created text = TextStim(__class__=<class 'psychopy.visual.text.TextStim'>, alignHoriz=method-wrapper(...), alignText='center', alignVert=method-wrapper(...), anchorHoriz='center', anchorVert='center', antialias=True, autoLog=True, bold=False, color=array([1., 1., 1.]), colorSpace='rgb', contrast=1.0, depth=0.0, flipHoriz=False, flipVert=False, font='Arial', fontFiles=[], height=0.07, italic=False, languageStyle='LTR', name='text', opacity=1, ori=0, pos=array([0., 0.]), rgb=UNKNOWN, text=str(...), units='norm', win=Window(...), wrapWidth=1.65)
140.2985 	EXP 	Created text = TextStim(__class__=<class 'psychopy.visual.text.TextStim'>, alignHoriz=method-wrapper(...), alignText='center', alignVert=method-wrapper(...), anchorHoriz='center', anchorVert='center', antialias=True, autoLog=True, bold=False, color=array([1., 1., 1.]), colorSpace='rgb', contrast=1.0, depth=0.0, flipHoriz=False, flipVert=False, font='Arial', fontFiles=[], height=0.07, italic=False, languageStyle='LTR', name='text', opacity=1, ori=0, pos=array([0., 0.]), rgb=UNKNOWN, text=str(...), units='norm', win=Window(...), wrapWidth=1.65)
140.3279 	EXP 	Created text = TextStim(__class__=<class 'psychopy.visual.text.TextStim'>, alignHoriz=method-wrapper(...), alignText='center', alignVert=method-wrapper(...), anchorHoriz='center', anchorVert='center', antialias=True, autoLog=True, bold=False, color=array([1., 1., 1.]), colorSpace='rgb', contrast=1.0, depth=0.0, flipHoriz=False, flipVert=False, font='Arial', fontFiles=[], height=0.07, italic=False, languageStyle='LTR', name='text', opacity=1, ori=0, pos=array([0., 0.]), rgb=UNKNOWN, text=str(...), units='norm', win=Window(...), wrapWidth=1.65)
140.3514 	EXP 	Created text = TextStim(__class__=<class 'psychopy.visual.text.TextStim'>, alignHoriz=method-wrapper(...), alignText='center', alignVert=method-wrapper(...), anchorHoriz='center', anchorVert='center', antialias=True, autoLog=True, bold=False, color=array([1., 1., 1.]), colorSpace='rgb', contrast=1.0, depth=0.0, flipHoriz=False, flipVert=False, font='Arial', fontFiles=[], height=0.07, italic=False, languageStyle='LTR', name='text', opacity=1, ori=0, pos=array([0., 0.]), rgb=UNKNOWN, text=str(...), units='norm', win=Window(...), wrapWidth=1.65)
140.3804 	EXP 	Created text = TextStim(__class__=<class 'psychopy.visual.text.TextStim'>, alignHoriz=method-wrapper(...), alignText='center', alignVert=method-wrapper(...), anchorHoriz='center', anchorVert='center', antialias=True, autoLog=True, bold=False, color=array([1., 1., 1.]), colorSpace='rgb', contrast=1.0, depth=0.0, flipHoriz=False, flipVert=False, font='Arial', fontFiles=[], height=0.07, italic=False, languageStyle='LTR', name='text', opacity=1, ori=0, pos=array([0., 0.]), rgb=UNKNOWN, text=str(...), units='norm', win=Window(...), wrapWidth=1.65)
140.3907 	EXP 	Created text = TextStim(__class__=<class 'psychopy.visual.text.TextStim'>, alignHoriz=method-wrapper(...), alignText='center', alignVert=method-wrapper(...), anchorHoriz='center', anchorVert='center', antialias=True, autoLog=True, bold=False, color=array([1., 1., 1.]), colorSpace='rgb', contrast=1.0, depth=0.0, flipHoriz=False, flipVert=False, font='Arial', fontFiles=[], height=0.07, italic=False, languageStyle='LTR', name='text', opacity=1, ori=0, pos=array([0., 0.]), rgb=UNKNOWN, text=str(...), units='norm', win=Window(...), wrapWidth=1.65)
140.4028 	EXP 	Created text = TextStim(__class__=<class 'psychopy.visual.text.TextStim'>, alignHoriz=method-wrapper(...), alignText='center', alignVert=method-wrapper(...), anchorHoriz='center', anchorVert='center', antialias=True, autoLog=True, bold=False, color=array([1., 1., 1.]), colorSpace='rgb', contrast=1.0, depth=0.0, flipHoriz=False, flipVert=False, font='Arial', fontFiles=[], height=0.07, italic=False, languageStyle='LTR', name='text', opacity=1, ori=0, pos=array([0., 0.]), rgb=UNKNOWN, text=str(...), units='norm', win=Window(...), wrapWidth=1.65)
140.4072 	EXP 	Created instru = TextStim(__class__=<class 'psychopy.visual.text.TextStim'>, alignHoriz=method-wrapper(...), alignText='center', alignVert=method-wrapper(...), anchorHoriz='center', anchorVert='center', antialias=True, autoLog=True, bold=False, color=array([1., 1., 1.]), colorSpace='rgb', contrast=1.0, depth=0.0, flipHoriz=False, flipVert=False, font='Arial', fontFiles=[], height=0.07, italic=False, languageStyle='LTR', name='instru', opacity=1, ori=0, pos=array([0. , 0.5]), rgb=UNKNOWN, text=str(...), units='norm', win=Window(...), wrapWidth=1)
140.4096 	EXP 	Created unnamed Line = Line(__class__=<class 'psychopy.visual.line.Line'>, autoDraw=False, autoLog=True, closeShape=False, color=array([1., 1., 1.]), colorSpace='rgb', contrast=None, depth=0, fillColor=array([0, 0, 0]), fillColorSpace='rgb', fillRGB=array([0, 0, 0]), interpolate=True, lineColor=array([1., 1., 1.]), lineColorSpace='rgb', lineRGB=array([1, 1, 1]), lineWidth=5, name='unnamed Line', opacity=0.5, ori=0.0, pos=array([0., 0.]), size=array([1., 1.]), units='norm', vertices=array([[-0.5,  0. ],
       [ 0.5,  0. ]]), win=Window(...), windingRule=None)
140.4115 	EXP 	Created unnamed Line = Line(__class__=<class 'psychopy.visual.line.Line'>, autoDraw=False, autoLog=True, closeShape=False, color=array([1., 1., 1.]), colorSpace='rgb', contrast=None, depth=0, fillColor=array([0, 0, 0]), fillColorSpace='rgb', fillRGB=array([0, 0, 0]), interpolate=True, lineColor=array([1., 1., 1.]), lineColorSpace='rgb', lineRGB=array([1, 1, 1]), lineWidth=3, name='unnamed Line', opacity=0.5, ori=0.0, pos=array([0., 0.]), size=array([1., 1.]), units='norm', vertices=array([[-0.5 , -0.05],
       [-0.5 ,  0.05]]), win=Window(...), windingRule=None)
140.4135 	EXP 	Created unnamed Line = Line(__class__=<class 'psychopy.visual.line.Line'>, autoDraw=False, autoLog=True, closeShape=False, color=array([1., 1., 1.]), colorSpace='rgb', contrast=None, depth=0, fillColor=array([0, 0, 0]), fillColorSpace='rgb', fillRGB=array([0, 0, 0]), interpolate=True, lineColor=array([1., 1., 1.]), lineColorSpace='rgb', lineRGB=array([1, 1, 1]), lineWidth=3, name='unnamed Line', opacity=0.5, ori=0.0, pos=array([0., 0.]), size=array([1., 1.]), units='norm', vertices=ndarray(...), win=Window(...), windingRule=None)
140.4154 	EXP 	Created unnamed Line = Line(__class__=<class 'psychopy.visual.line.Line'>, autoDraw=False, autoLog=True, closeShape=False, color=array([1., 1., 1.]), colorSpace='rgb', contrast=None, depth=0, fillColor=array([0, 0, 0]), fillColorSpace='rgb', fillRGB=array([0, 0, 0]), interpolate=True, lineColor=array([1., 1., 1.]), lineColorSpace='rgb', lineRGB=array([1, 1, 1]), lineWidth=3, name='unnamed Line', opacity=0.5, ori=0.0, pos=array([0., 0.]), size=array([1., 1.]), units='norm', vertices=ndarray(...), win=Window(...), windingRule=None)
140.4174 	EXP 	Created unnamed Line = Line(__class__=<class 'psychopy.visual.line.Line'>, autoDraw=False, autoLog=True, closeShape=False, color=array([1., 1., 1.]), colorSpace='rgb', contrast=None, depth=0, fillColor=array([0, 0, 0]), fillColorSpace='rgb', fillRGB=array([0, 0, 0]), interpolate=True, lineColor=array([1., 1., 1.]), lineColorSpace='rgb', lineRGB=array([1, 1, 1]), lineWidth=3, name='unnamed Line', opacity=0.5, ori=0.0, pos=array([0., 0.]), size=array([1., 1.]), units='norm', vertices=array([[ 0.5 , -0.05],
       [ 0.5 ,  0.05]]), win=Window(...), windingRule=None)
140.4295 	EXP 	Created unnamed TextStim = TextStim(__class__=<class 'psychopy.visual.text.TextStim'>, alignHoriz=method-wrapper(...), alignText='center', alignVert=method-wrapper(...), anchorHoriz='center', anchorVert='center', antialias=True, autoLog=True, bold=False, color=array([1., 1., 1.]), colorSpace='rgb', contrast=1.0, depth=0, flipHoriz=False, flipVert=False, font='', fontFiles=[], height=0.05, italic=False, languageStyle='LTR', name='unnamed TextStim', opacity=1.0, ori=0.0, pos=array([-0.5, -0.1]), rgb=UNKNOWN, text='Helt klart \n IKKE FOKUSERT', units='norm', win=Window(...), wrapWidth=1)
140.4306 	EXP 	Created unnamed TextStim = TextStim(__class__=<class 'psychopy.visual.text.TextStim'>, alignHoriz=method-wrapper(...), alignText='center', alignVert=method-wrapper(...), anchorHoriz='center', anchorVert='center', antialias=True, autoLog=True, bold=False, color=array([1., 1., 1.]), colorSpace='rgb', contrast=1.0, depth=0, flipHoriz=False, flipVert=False, font='', fontFiles=[], height=0.05, italic=False, languageStyle='LTR', name='unnamed TextStim', opacity=1.0, ori=0.0, pos=array([-0.16666667, -0.1       ]), rgb=UNKNOWN, text='', units='norm', win=Window(...), wrapWidth=1)
140.4316 	EXP 	Created unnamed TextStim = TextStim(__class__=<class 'psychopy.visual.text.TextStim'>, alignHoriz=method-wrapper(...), alignText='center', alignVert=method-wrapper(...), anchorHoriz='center', anchorVert='center', antialias=True, autoLog=True, bold=False, color=array([1., 1., 1.]), colorSpace='rgb', contrast=1.0, depth=0, flipHoriz=False, flipVert=False, font='', fontFiles=[], height=0.05, italic=False, languageStyle='LTR', name='unnamed TextStim', opacity=1.0, ori=0.0, pos=array([ 0.16666667, -0.1       ]), rgb=UNKNOWN, text='', units='norm', win=Window(...), wrapWidth=1)
140.4350 	EXP 	Created unnamed TextStim = TextStim(__class__=<class 'psychopy.visual.text.TextStim'>, alignHoriz=method-wrapper(...), alignText='center', alignVert=method-wrapper(...), anchorHoriz='center', anchorVert='center', antialias=True, autoLog=True, bold=False, color=array([1., 1., 1.]), colorSpace='rgb', contrast=1.0, depth=0, flipHoriz=False, flipVert=False, font='', fontFiles=[], height=0.05, italic=False, languageStyle='LTR', name='unnamed TextStim', opacity=1.0, ori=0.0, pos=array([ 0.5, -0.1]), rgb=UNKNOWN, text='Helt klart \n FOKUSERT', units='norm', win=Window(...), wrapWidth=1)
140.4368 	EXP 	Created unnamed ShapeStim = ShapeStim(__class__=<class 'psychopy.visual.shape.ShapeStim'>, autoDraw=False, autoLog=True, closeShape=True, color=method-wrapper(...), colorSpace='rgb', contrast=None, depth=0, fillColor=array([1, 1, 1]), fillColorSpace='rgb', fillRGB=array([1, 1, 1]), interpolate=True, lineColor=array([-1., -1., -1.]), lineColorSpace='rgb', lineRGB=array([-1, -1, -1]), lineWidth=1.5, name='unnamed ShapeStim', opacity=1.0, ori=0.0, pos=array([0., 0.]), size=array([1., 1.]), units='norm', vertices=ndarray(...), win=Window(...), windingRule=None)
140.4434 	EXP 	Created instru = TextStim(__class__=<class 'psychopy.visual.text.TextStim'>, alignHoriz=method-wrapper(...), alignText='center', alignVert=method-wrapper(...), anchorHoriz='center', anchorVert='center', antialias=True, autoLog=True, bold=False, color=array([1., 1., 1.]), colorSpace='rgb', contrast=1.0, depth=0.0, flipHoriz=False, flipVert=False, font='Arial', fontFiles=[], height=0.07, italic=False, languageStyle='LTR', name='instru', opacity=1, ori=0, pos=array([0. , 0.5]), rgb=UNKNOWN, text=str(...), units='norm', win=Window(...), wrapWidth=1)
140.4454 	EXP 	Created unnamed Line = Line(__class__=<class 'psychopy.visual.line.Line'>, autoDraw=False, autoLog=True, closeShape=False, color=array([1., 1., 1.]), colorSpace='rgb', contrast=None, depth=0, fillColor=array([0, 0, 0]), fillColorSpace='rgb', fillRGB=array([0, 0, 0]), interpolate=True, lineColor=array([1., 1., 1.]), lineColorSpace='rgb', lineRGB=array([1, 1, 1]), lineWidth=5, name='unnamed Line', opacity=0.5, ori=0.0, pos=array([0., 0.]), size=array([1., 1.]), units='norm', vertices=array([[-0.5,  0. ],
       [ 0.5,  0. ]]), win=Window(...), windingRule=None)
140.4473 	EXP 	Created unnamed Line = Line(__class__=<class 'psychopy.visual.line.Line'>, autoDraw=False, autoLog=True, closeShape=False, color=array([1., 1., 1.]), colorSpace='rgb', contrast=None, depth=0, fillColor=array([0, 0, 0]), fillColorSpace='rgb', fillRGB=array([0, 0, 0]), interpolate=True, lineColor=array([1., 1., 1.]), lineColorSpace='rgb', lineRGB=array([1, 1, 1]), lineWidth=3, name='unnamed Line', opacity=0.5, ori=0.0, pos=array([0., 0.]), size=array([1., 1.]), units='norm', vertices=array([[-0.5 , -0.05],
       [-0.5 ,  0.05]]), win=Window(...), windingRule=None)
140.4493 	EXP 	Created unnamed Line = Line(__class__=<class 'psychopy.visual.line.Line'>, autoDraw=False, autoLog=True, closeShape=False, color=array([1., 1., 1.]), colorSpace='rgb', contrast=None, depth=0, fillColor=array([0, 0, 0]), fillColorSpace='rgb', fillRGB=array([0, 0, 0]), interpolate=True, lineColor=array([1., 1., 1.]), lineColorSpace='rgb', lineRGB=array([1, 1, 1]), lineWidth=3, name='unnamed Line', opacity=0.5, ori=0.0, pos=array([0., 0.]), size=array([1., 1.]), units='norm', vertices=ndarray(...), win=Window(...), windingRule=None)
140.4512 	EXP 	Created unnamed Line = Line(__class__=<class 'psychopy.visual.line.Line'>, autoDraw=False, autoLog=True, closeShape=False, color=array([1., 1., 1.]), colorSpace='rgb', contrast=None, depth=0, fillColor=array([0, 0, 0]), fillColorSpace='rgb', fillRGB=array([0, 0, 0]), interpolate=True, lineColor=array([1., 1., 1.]), lineColorSpace='rgb', lineRGB=array([1, 1, 1]), lineWidth=3, name='unnamed Line', opacity=0.5, ori=0.0, pos=array([0., 0.]), size=array([1., 1.]), units='norm', vertices=ndarray(...), win=Window(...), windingRule=None)
140.4532 	EXP 	Created unnamed Line = Line(__class__=<class 'psychopy.visual.line.Line'>, autoDraw=False, autoLog=True, closeShape=False, color=array([1., 1., 1.]), colorSpace='rgb', contrast=None, depth=0, fillColor=array([0, 0, 0]), fillColorSpace='rgb', fillRGB=array([0, 0, 0]), interpolate=True, lineColor=array([1., 1., 1.]), lineColorSpace='rgb', lineRGB=array([1, 1, 1]), lineWidth=3, name='unnamed Line', opacity=0.5, ori=0.0, pos=array([0., 0.]), size=array([1., 1.]), units='norm', vertices=array([[ 0.5 , -0.05],
       [ 0.5 ,  0.05]]), win=Window(...), windingRule=None)
140.4581 	EXP 	Created unnamed TextStim = TextStim(__class__=<class 'psychopy.visual.text.TextStim'>, alignHoriz=method-wrapper(...), alignText='center', alignVert=method-wrapper(...), anchorHoriz='center', anchorVert='center', antialias=True, autoLog=True, bold=False, color=array([1., 1., 1.]), colorSpace='rgb', contrast=1.0, depth=0, flipHoriz=False, flipVert=False, font='', fontFiles=[], height=0.05, italic=False, languageStyle='LTR', name='unnamed TextStim', opacity=1.0, ori=0.0, pos=array([-0.5, -0.1]), rgb=UNKNOWN, text='Helt klart \n INGENTING', units='norm', win=Window(...), wrapWidth=1)
140.4591 	EXP 	Created unnamed TextStim = TextStim(__class__=<class 'psychopy.visual.text.TextStim'>, alignHoriz=method-wrapper(...), alignText='center', alignVert=method-wrapper(...), anchorHoriz='center', anchorVert='center', antialias=True, autoLog=True, bold=False, color=array([1., 1., 1.]), colorSpace='rgb', contrast=1.0, depth=0, flipHoriz=False, flipVert=False, font='', fontFiles=[], height=0.05, italic=False, languageStyle='LTR', name='unnamed TextStim', opacity=1.0, ori=0.0, pos=array([-0.16666667, -0.1       ]), rgb=UNKNOWN, text='', units='norm', win=Window(...), wrapWidth=1)
140.4601 	EXP 	Created unnamed TextStim = TextStim(__class__=<class 'psychopy.visual.text.TextStim'>, alignHoriz=method-wrapper(...), alignText='center', alignVert=method-wrapper(...), anchorHoriz='center', anchorVert='center', antialias=True, autoLog=True, bold=False, color=array([1., 1., 1.]), colorSpace='rgb', contrast=1.0, depth=0, flipHoriz=False, flipVert=False, font='', fontFiles=[], height=0.05, italic=False, languageStyle='LTR', name='unnamed TextStim', opacity=1.0, ori=0.0, pos=array([ 0.16666667, -0.1       ]), rgb=UNKNOWN, text='', units='norm', win=Window(...), wrapWidth=1)
140.4633 	EXP 	Created unnamed TextStim = TextStim(__class__=<class 'psychopy.visual.text.TextStim'>, alignHoriz=method-wrapper(...), alignText='center', alignVert=method-wrapper(...), anchorHoriz='center', anchorVert='center', antialias=True, autoLog=True, bold=False, color=array([1., 1., 1.]), colorSpace='rgb', contrast=1.0, depth=0, flipHoriz=False, flipVert=False, font='', fontFiles=[], height=0.05, italic=False, languageStyle='LTR', name='unnamed TextStim', opacity=1.0, ori=0.0, pos=array([ 0.5, -0.1]), rgb=UNKNOWN, text='Helt klart \n NOE', units='norm', win=Window(...), wrapWidth=1)
140.4651 	EXP 	Created unnamed ShapeStim = ShapeStim(__class__=<class 'psychopy.visual.shape.ShapeStim'>, autoDraw=False, autoLog=True, closeShape=True, color=method-wrapper(...), colorSpace='rgb', contrast=None, depth=0, fillColor=array([1, 1, 1]), fillColorSpace='rgb', fillRGB=array([1, 1, 1]), interpolate=True, lineColor=array([-1., -1., -1.]), lineColorSpace='rgb', lineRGB=array([-1, -1, -1]), lineWidth=1.5, name='unnamed ShapeStim', opacity=1.0, ori=0.0, pos=array([0., 0.]), size=array([1., 1.]), units='norm', vertices=ndarray(...), win=Window(...), windingRule=None)
140.4719 	EXP 	Created instru = TextStim(__class__=<class 'psychopy.visual.text.TextStim'>, alignHoriz=method-wrapper(...), alignText='center', alignVert=method-wrapper(...), anchorHoriz='center', anchorVert='center', antialias=True, autoLog=True, bold=False, color=array([1., 1., 1.]), colorSpace='rgb', contrast=1.0, depth=0.0, flipHoriz=False, flipVert=False, font='Arial', fontFiles=[], height=0.07, italic=False, languageStyle='LTR', name='instru', opacity=1, ori=0, pos=array([0. , 0.5]), rgb=UNKNOWN, text=str(...), units='norm', win=Window(...), wrapWidth=1)
140.4738 	EXP 	Created unnamed Line = Line(__class__=<class 'psychopy.visual.line.Line'>, autoDraw=False, autoLog=True, closeShape=False, color=array([1., 1., 1.]), colorSpace='rgb', contrast=None, depth=0, fillColor=array([0, 0, 0]), fillColorSpace='rgb', fillRGB=array([0, 0, 0]), interpolate=True, lineColor=array([1., 1., 1.]), lineColorSpace='rgb', lineRGB=array([1, 1, 1]), lineWidth=5, name='unnamed Line', opacity=0.5, ori=0.0, pos=array([0., 0.]), size=array([1., 1.]), units='norm', vertices=array([[-0.5,  0. ],
       [ 0.5,  0. ]]), win=Window(...), windingRule=None)
140.4758 	EXP 	Created unnamed Line = Line(__class__=<class 'psychopy.visual.line.Line'>, autoDraw=False, autoLog=True, closeShape=False, color=array([1., 1., 1.]), colorSpace='rgb', contrast=None, depth=0, fillColor=array([0, 0, 0]), fillColorSpace='rgb', fillRGB=array([0, 0, 0]), interpolate=True, lineColor=array([1., 1., 1.]), lineColorSpace='rgb', lineRGB=array([1, 1, 1]), lineWidth=3, name='unnamed Line', opacity=0.5, ori=0.0, pos=array([0., 0.]), size=array([1., 1.]), units='norm', vertices=array([[-0.5 , -0.05],
       [-0.5 ,  0.05]]), win=Window(...), windingRule=None)
140.4778 	EXP 	Created unnamed Line = Line(__class__=<class 'psychopy.visual.line.Line'>, autoDraw=False, autoLog=True, closeShape=False, color=array([1., 1., 1.]), colorSpace='rgb', contrast=None, depth=0, fillColor=array([0, 0, 0]), fillColorSpace='rgb', fillRGB=array([0, 0, 0]), interpolate=True, lineColor=array([1., 1., 1.]), lineColorSpace='rgb', lineRGB=array([1, 1, 1]), lineWidth=3, name='unnamed Line', opacity=0.5, ori=0.0, pos=array([0., 0.]), size=array([1., 1.]), units='norm', vertices=ndarray(...), win=Window(...), windingRule=None)
140.4797 	EXP 	Created unnamed Line = Line(__class__=<class 'psychopy.visual.line.Line'>, autoDraw=False, autoLog=True, closeShape=False, color=array([1., 1., 1.]), colorSpace='rgb', contrast=None, depth=0, fillColor=array([0, 0, 0]), fillColorSpace='rgb', fillRGB=array([0, 0, 0]), interpolate=True, lineColor=array([1., 1., 1.]), lineColorSpace='rgb', lineRGB=array([1, 1, 1]), lineWidth=3, name='unnamed Line', opacity=0.5, ori=0.0, pos=array([0., 0.]), size=array([1., 1.]), units='norm', vertices=ndarray(...), win=Window(...), windingRule=None)
140.4816 	EXP 	Created unnamed Line = Line(__class__=<class 'psychopy.visual.line.Line'>, autoDraw=False, autoLog=True, closeShape=False, color=array([1., 1., 1.]), colorSpace='rgb', contrast=None, depth=0, fillColor=array([0, 0, 0]), fillColorSpace='rgb', fillRGB=array([0, 0, 0]), interpolate=True, lineColor=array([1., 1., 1.]), lineColorSpace='rgb', lineRGB=array([1, 1, 1]), lineWidth=3, name='unnamed Line', opacity=0.5, ori=0.0, pos=array([0., 0.]), size=array([1., 1.]), units='norm', vertices=array([[ 0.5 , -0.05],
       [ 0.5 ,  0.05]]), win=Window(...), windingRule=None)
140.4865 	EXP 	Created unnamed TextStim = TextStim(__class__=<class 'psychopy.visual.text.TextStim'>, alignHoriz=method-wrapper(...), alignText='center', alignVert=method-wrapper(...), anchorHoriz='center', anchorVert='center', antialias=True, autoLog=True, bold=False, color=array([1., 1., 1.]), colorSpace='rgb', contrast=1.0, depth=0, flipHoriz=False, flipVert=False, font='', fontFiles=[], height=0.05, italic=False, languageStyle='LTR', name='unnamed TextStim', opacity=1.0, ori=0.0, pos=array([-0.5, -0.1]), rgb=UNKNOWN, text='Helt klart \n SPONTAN', units='norm', win=Window(...), wrapWidth=1)
140.4876 	EXP 	Created unnamed TextStim = TextStim(__class__=<class 'psychopy.visual.text.TextStim'>, alignHoriz=method-wrapper(...), alignText='center', alignVert=method-wrapper(...), anchorHoriz='center', anchorVert='center', antialias=True, autoLog=True, bold=False, color=array([1., 1., 1.]), colorSpace='rgb', contrast=1.0, depth=0, flipHoriz=False, flipVert=False, font='', fontFiles=[], height=0.05, italic=False, languageStyle='LTR', name='unnamed TextStim', opacity=1.0, ori=0.0, pos=array([-0.16666667, -0.1       ]), rgb=UNKNOWN, text='', units='norm', win=Window(...), wrapWidth=1)
140.4887 	EXP 	Created unnamed TextStim = TextStim(__class__=<class 'psychopy.visual.text.TextStim'>, alignHoriz=method-wrapper(...), alignText='center', alignVert=method-wrapper(...), anchorHoriz='center', anchorVert='center', antialias=True, autoLog=True, bold=False, color=array([1., 1., 1.]), colorSpace='rgb', contrast=1.0, depth=0, flipHoriz=False, flipVert=False, font='', fontFiles=[], height=0.05, italic=False, languageStyle='LTR', name='unnamed TextStim', opacity=1.0, ori=0.0, pos=array([ 0.16666667, -0.1       ]), rgb=UNKNOWN, text='', units='norm', win=Window(...), wrapWidth=1)
140.4935 	EXP 	Created unnamed TextStim = TextStim(__class__=<class 'psychopy.visual.text.TextStim'>, alignHoriz=method-wrapper(...), alignText='center', alignVert=method-wrapper(...), anchorHoriz='center', anchorVert='center', antialias=True, autoLog=True, bold=False, color=array([1., 1., 1.]), colorSpace='rgb', contrast=1.0, depth=0, flipHoriz=False, flipVert=False, font='', fontFiles=[], height=0.05, italic=False, languageStyle='LTR', name='unnamed TextStim', opacity=1.0, ori=0.0, pos=array([ 0.5, -0.1]), rgb=UNKNOWN, text='Helt klart \n BEVISST', units='norm', win=Window(...), wrapWidth=1)
140.4953 	EXP 	Created unnamed ShapeStim = ShapeStim(__class__=<class 'psychopy.visual.shape.ShapeStim'>, autoDraw=False, autoLog=True, closeShape=True, color=method-wrapper(...), colorSpace='rgb', contrast=None, depth=0, fillColor=array([1, 1, 1]), fillColorSpace='rgb', fillRGB=array([1, 1, 1]), interpolate=True, lineColor=array([-1., -1., -1.]), lineColorSpace='rgb', lineRGB=array([-1, -1, -1]), lineWidth=1.5, name='unnamed ShapeStim', opacity=1.0, ori=0.0, pos=array([0., 0.]), size=array([1., 1.]), units='norm', vertices=ndarray(...), win=Window(...), windingRule=None)
140.5446 	EXP 	Sound  set volume 1.000
140.5722 	EXP 	unnamed ShapeStim: vertices = <class 'numpy.ndarray'>
140.5722 	EXP 	unnamed ShapeStim: vertices = <class 'numpy.ndarray'>
140.5722 	EXP 	unnamed ShapeStim: vertices = <class 'numpy.ndarray'>
143.7237 	DATA 	Keypress: rctrl
144.3156 	DATA 	Keypress: rctrl
144.8116 	DATA 	Keypress: rctrl
144.8295 	EXP 	unnamed TextStim: text = ''
144.8295 	EXP 	unnamed TextStim: text = ''
146.6844 	DATA 	Keypress: 1
146.7139 	EXP 	unnamed ShapeStim: vertices = <class 'numpy.ndarray'>
149.5636 	DATA 	Keypress: 1
149.5834 	EXP 	unnamed TextStim: text = ''
149.5834 	EXP 	unnamed TextStim: text = ''
150.2544 	DATA 	Keypress: 1
150.2840 	EXP 	unnamed ShapeStim: vertices = <class 'numpy.ndarray'>
152.3637 	DATA 	Keypress: 1
152.3857 	EXP 	unnamed TextStim: text = ''
152.3857 	EXP 	unnamed TextStim: text = ''
152.6230 	DATA 	Keypress: 1
152.6526 	EXP 	unnamed ShapeStim: vertices = <class 'numpy.ndarray'>
155.8196 	DATA 	Keypress: rctrl
157.5796 	DATA 	Keypress: lctrl
159.0836 	DATA 	Keypress: rctrl
159.6084 	EXP 	Sound  started
159.7556 	DATA 	Keypress: lctrl
160.3583 	EXP 	Sound  started
160.4116 	DATA 	Keypress: rctrl
161.0515 	DATA 	Keypress: lctrl
161.1083 	EXP 	Sound  started
161.8196 	DATA 	Keypress: rctrl
161.8583 	EXP 	Sound  started
162.6083 	EXP 	Sound  started
162.6196 	DATA 	Keypress: rctrl
163.3583 	EXP 	Sound  started
163.4035 	DATA 	Keypress: rctrl
164.1083 	EXP 	Sound  started
164.1235 	DATA 	Keypress: lctrl
164.8275 	DATA 	Keypress: lctrl
164.8583 	EXP 	Sound  started
165.5796 	DATA 	Keypress: rctrl
165.6084 	EXP 	Sound  started
166.3584 	EXP 	Sound  started
166.4116 	DATA 	Keypress: rctrl
167.1084 	EXP 	Sound  started
167.1635 	DATA 	Keypress: rctrl
167.8584 	EXP 	Sound  started
167.8995 	DATA 	Keypress: rctrl
168.5876 	DATA 	Keypress: lctrl
168.6084 	EXP 	Sound  started
169.3076 	DATA 	Keypress: rctrl
169.3584 	EXP 	Sound  started
170.0916 	DATA 	Keypress: lctrl
170.1085 	EXP 	Sound  started
170.7796 	DATA 	Keypress: lctrl
170.8585 	EXP 	Sound  started
171.5476 	DATA 	Keypress: lctrl
171.6085 	EXP 	Sound  started
172.2997 	DATA 	Keypress: rctrl
172.3585 	EXP 	Sound  started
173.0996 	DATA 	Keypress: rctrl
173.1085 	EXP 	Sound  started
173.8196 	DATA 	Keypress: lctrl
173.8585 	EXP 	Sound  started
174.5875 	DATA 	Keypress: rctrl
174.6085 	EXP 	Sound  started
175.2915 	DATA 	Keypress: lctrl
175.3585 	EXP 	Sound  started
176.0435 	DATA 	Keypress: lctrl
176.1085 	EXP 	Sound  started
176.8116 	DATA 	Keypress: rctrl
176.8586 	EXP 	Sound  started
177.5796 	DATA 	Keypress: lctrl
177.6086 	EXP 	Sound  started
178.2515 	DATA 	Keypress: lctrl
178.3586 	EXP 	Sound  started
179.0036 	DATA 	Keypress: rctrl
179.1086 	EXP 	Sound  started
179.7876 	DATA 	Keypress: lctrl
179.8586 	EXP 	Sound  started
180.4916 	DATA 	Keypress: lctrl
180.6086 	EXP 	Sound  started
181.3235 	DATA 	Keypress: lctrl
181.3586 	EXP 	Sound  started
182.0916 	DATA 	Keypress: rctrl
182.1086 	EXP 	Sound  started
182.7956 	DATA 	Keypress: rctrl
182.8587 	EXP 	Sound  started
183.5475 	DATA 	Keypress: rctrl
183.6087 	EXP 	Sound  started
184.2836 	DATA 	Keypress: lctrl
184.3587 	EXP 	Sound  started
185.0195 	DATA 	Keypress: rctrl
185.1087 	EXP 	Sound  started
185.7235 	DATA 	Keypress: lctrl
185.8587 	EXP 	Sound  started
186.5555 	DATA 	Keypress: rctrl
186.6087 	EXP 	Sound  started
187.3235 	DATA 	Keypress: rctrl
187.3587 	EXP 	Sound  started
188.0435 	DATA 	Keypress: rctrl
188.1088 	EXP 	Sound  started
188.7795 	DATA 	Keypress: lctrl
188.8588 	EXP 	Sound  started
189.4836 	DATA 	Keypress: lctrl
189.6088 	EXP 	Sound  started
190.2835 	DATA 	Keypress: rctrl
190.3588 	EXP 	Sound  started
191.0196 	DATA 	Keypress: lctrl
191.1088 	EXP 	Sound  started
191.7555 	DATA 	Keypress: lctrl
191.8588 	EXP 	Sound  started
192.5075 	DATA 	Keypress: rctrl
192.6088 	EXP 	Sound  started
193.2915 	DATA 	Keypress: lctrl
193.3588 	EXP 	Sound  started
194.0275 	DATA 	Keypress: rctrl
194.1089 	EXP 	Sound  started
194.7796 	DATA 	Keypress: rctrl
194.8589 	EXP 	Sound  started
195.5155 	DATA 	Keypress: lctrl
195.6089 	EXP 	Sound  started
196.3589 	EXP 	Sound  started
197.0676 	DATA 	Keypress: rctrl
197.1089 	EXP 	Sound  started
197.7556 	DATA 	Keypress: lctrl
197.8589 	EXP 	Sound  started
198.4916 	DATA 	Keypress: rctrl
198.6090 	EXP 	Sound  started
199.2916 	DATA 	Keypress: rctrl
199.3590 	EXP 	Sound  started
200.0595 	DATA 	Keypress: lctrl
200.1090 	EXP 	Sound  started
200.7956 	DATA 	Keypress: lctrl
200.8590 	EXP 	Sound  started
201.5316 	DATA 	Keypress: rctrl
201.6090 	EXP 	Sound  started
202.3475 	DATA 	Keypress: rctrl
202.3590 	EXP 	Sound  started
203.0835 	DATA 	Keypress: lctrl
203.1090 	EXP 	Sound  started
203.7557 	DATA 	Keypress: rctrl
203.8590 	EXP 	Sound  started
204.5715 	DATA 	Keypress: rctrl
204.6091 	EXP 	Sound  started
205.2435 	DATA 	Keypress: lctrl
205.3591 	EXP 	Sound  started
206.0755 	DATA 	Keypress: lctrl
206.1091 	EXP 	Sound  started
206.8276 	DATA 	Keypress: lctrl
206.8591 	EXP 	Sound  started
207.5476 	DATA 	Keypress: rctrl
207.6091 	EXP 	Sound  started
208.3315 	DATA 	Keypress: lctrl
208.3591 	EXP 	Sound  started
209.0995 	DATA 	Keypress: rctrl
209.1091 	EXP 	Sound  started
209.8356 	DATA 	Keypress: lctrl
209.8592 	EXP 	Sound  started
210.5555 	DATA 	Keypress: lctrl
210.6092 	EXP 	Sound  started
211.3396 	DATA 	Keypress: rctrl
211.3592 	EXP 	Sound  started
212.1092 	EXP 	Sound  started
212.1397 	DATA 	Keypress: rctrl
212.8276 	DATA 	Keypress: lctrl
212.8592 	EXP 	Sound  started
213.5955 	DATA 	Keypress: rctrl
213.6092 	EXP 	Sound  started
214.3475 	DATA 	Keypress: rctrl
214.3592 	EXP 	Sound  started
215.0357 	DATA 	Keypress: lctrl
215.1093 	EXP 	Sound  started
215.7717 	DATA 	Keypress: lctrl
215.8593 	EXP 	Sound  started
216.5716 	DATA 	Keypress: rctrl
216.6093 	EXP 	Sound  started
217.3593 	EXP 	Sound  started
217.4196 	DATA 	Keypress: lctrl
218.1093 	EXP 	Sound  started
218.1235 	DATA 	Keypress: lctrl
218.8593 	EXP 	Sound  started
218.8916 	DATA 	Keypress: rctrl
219.5635 	DATA 	Keypress: lctrl
227.1966 	DATA 	Keypress: 2
227.2132 	EXP 	unnamed ShapeStim: vertices = <class 'numpy.ndarray'>
231.5835 	DATA 	Keypress: 4
231.6001 	EXP 	unnamed ShapeStim: vertices = <class 'numpy.ndarray'>
236.8916 	DATA 	Keypress: 3
236.9211 	EXP 	unnamed ShapeStim: vertices = <class 'numpy.ndarray'>
239.2062 	EXP 	Sound  started
239.2070 	DATA 	Keypress: lctrl
239.9561 	EXP 	Sound  started
240.1397 	DATA 	Keypress: rctrl
240.7061 	EXP 	Sound  started
240.7635 	DATA 	Keypress: rctrl
241.4035 	DATA 	Keypress: lctrl
241.4561 	EXP 	Sound  started
242.1555 	DATA 	Keypress: rctrl
242.2061 	EXP 	Sound  started
242.9395 	DATA 	Keypress: rctrl
242.9561 	EXP 	Sound  started
243.7062 	EXP 	Sound  started
243.7075 	DATA 	Keypress: lctrl
244.4276 	DATA 	Keypress: rctrl
244.4562 	EXP 	Sound  started
245.1955 	DATA 	Keypress: lctrl
245.2062 	EXP 	Sound  started
245.9316 	DATA 	Keypress: lctrl
245.9562 	EXP 	Sound  started
246.6676 	DATA 	Keypress: rctrl
246.7062 	EXP 	Sound  started
247.4356 	DATA 	Keypress: lctrl
247.4562 	EXP 	Sound  started
248.1556 	DATA 	Keypress: rctrl
248.2062 	EXP 	Sound  started
248.9555 	DATA 	Keypress: rctrl
248.9563 	EXP 	Sound  started
249.6915 	DATA 	Keypress: rctrl
249.7063 	EXP 	Sound  started
250.3955 	DATA 	Keypress: lctrl
250.4563 	EXP 	Sound  started
251.1956 	DATA 	Keypress: rctrl
251.2063 	EXP 	Sound  started
251.8995 	DATA 	Keypress: lctrl
251.9563 	EXP 	Sound  started
252.6677 	DATA 	Keypress: lctrl
252.7063 	EXP 	Sound  started
253.4563 	EXP 	Sound  started
253.4676 	DATA 	Keypress: rctrl
254.1875 	DATA 	Keypress: lctrl
254.2063 	EXP 	Sound  started
254.9235 	DATA 	Keypress: lctrl
254.9564 	EXP 	Sound  started
255.6595 	DATA 	Keypress: lctrl
255.7064 	EXP 	Sound  started
256.4275 	DATA 	Keypress: rctrl
256.4564 	EXP 	Sound  started
257.1955 	DATA 	Keypress: lctrl
257.2064 	EXP 	Sound  started
257.9315 	DATA 	Keypress: rctrl
257.9564 	EXP 	Sound  started
258.6675 	DATA 	Keypress: rctrl
258.7065 	EXP 	Sound  started
259.4195 	DATA 	Keypress: lctrl
259.4565 	EXP 	Sound  started
260.2065 	EXP 	Sound  started
260.2355 	DATA 	Keypress: rctrl
260.9395 	DATA 	Keypress: lctrl
260.9565 	EXP 	Sound  started
261.6435 	DATA 	Keypress: lctrl
261.7065 	EXP 	Sound  started
262.4276 	DATA 	Keypress: rctrl
262.4565 	EXP 	Sound  started
263.2065 	EXP 	Sound  started
263.2276 	DATA 	Keypress: rctrl
263.9565 	EXP 	Sound  started
263.9635 	DATA 	Keypress: lctrl
264.7065 	EXP 	Sound  started
264.7315 	DATA 	Keypress: rctrl
265.4356 	DATA 	Keypress: lctrl
265.4565 	EXP 	Sound  started
266.1555 	DATA 	Keypress: lctrl
266.2066 	EXP 	Sound  started
266.9235 	DATA 	Keypress: rctrl
266.9566 	EXP 	Sound  started
267.6915 	DATA 	Keypress: lctrl
267.7066 	EXP 	Sound  started
268.4275 	DATA 	Keypress: rctrl
268.4566 	EXP 	Sound  started
269.2066 	EXP 	Sound  started
269.2275 	DATA 	Keypress: rctrl
269.9156 	DATA 	Keypress: lctrl
269.9566 	EXP 	Sound  started
270.6835 	DATA 	Keypress: rctrl
270.7066 	EXP 	Sound  started
271.4566 	EXP 	Sound  started
271.4995 	DATA 	Keypress: rctrl
272.2035 	DATA 	Keypress: lctrl
272.2067 	EXP 	Sound  started
272.9567 	EXP 	Sound  started
273.6276 	DATA 	Keypress: lctrl
273.7067 	EXP 	Sound  started
274.3955 	DATA 	Keypress: rctrl
274.4567 	EXP 	Sound  started
275.1955 	DATA 	Keypress: rctrl
275.2067 	EXP 	Sound  started
275.8995 	DATA 	Keypress: lctrl
275.9567 	EXP 	Sound  started
276.6995 	DATA 	Keypress: rctrl
276.7068 	EXP 	Sound  started
277.4195 	DATA 	Keypress: rctrl
277.4568 	EXP 	Sound  started
278.1555 	DATA 	Keypress: lctrl
278.2068 	EXP 	Sound  started
278.8916 	DATA 	Keypress: lctrl
278.9568 	EXP 	Sound  started
279.6755 	DATA 	Keypress: rctrl
279.7068 	EXP 	Sound  started
280.4435 	DATA 	Keypress: lctrl
280.4568 	EXP 	Sound  started
281.2068 	EXP 	Sound  started
281.2116 	DATA 	Keypress: rctrl
281.9569 	EXP 	Sound  started
281.9636 	DATA 	Keypress: rctrl
282.6835 	DATA 	Keypress: lctrl
282.7069 	EXP 	Sound  started
283.4034 	DATA 	Keypress: lctrl
283.4569 	EXP 	Sound  started
284.1075 	DATA 	Keypress: lctrl
284.2069 	EXP 	Sound  started
284.8915 	DATA 	Keypress: rctrl
284.9569 	EXP 	Sound  started
285.6595 	DATA 	Keypress: lctrl
285.7069 	EXP 	Sound  started
286.4569 	EXP 	Sound  started
286.4755 	DATA 	Keypress: rctrl
287.2069 	EXP 	Sound  started
287.9570 	EXP 	Sound  started
288.0276 	DATA 	Keypress: rctrl
288.7070 	EXP 	Sound  started
288.7316 	DATA 	Keypress: rctrl
289.4570 	EXP 	Sound  started
290.1715 	DATA 	Keypress: lctrl
290.2070 	EXP 	Sound  started
290.9235 	DATA 	Keypress: lctrl
290.9570 	EXP 	Sound  started
291.6595 	DATA 	Keypress: lctrl
291.7070 	EXP 	Sound  started
292.4435 	DATA 	Keypress: lctrl
296.0697 	DATA 	Keypress: 3
296.0862 	EXP 	unnamed ShapeStim: vertices = <class 'numpy.ndarray'>
302.3749 	DATA 	Keypress: 4
302.3914 	EXP 	unnamed ShapeStim: vertices = <class 'numpy.ndarray'>
305.4273 	DATA 	Keypress: 3
305.4441 	EXP 	unnamed ShapeStim: vertices = <class 'numpy.ndarray'>
307.7283 	EXP 	Sound  started
307.7290 	DATA 	Keypress: lctrl
308.4116 	DATA 	Keypress: lctrl
308.4781 	EXP 	Sound  started
309.0675 	DATA 	Keypress: rctrl
309.2281 	EXP 	Sound  started
309.8674 	DATA 	Keypress: rctrl
309.9781 	EXP 	Sound  started
310.6195 	DATA 	Keypress: rctrl
310.7282 	EXP 	Sound  started
311.3715 	DATA 	Keypress: lctrl
311.4782 	EXP 	Sound  started
312.1555 	DATA 	Keypress: rctrl
312.2282 	EXP 	Sound  started
312.9075 	DATA 	Keypress: rctrl
312.9782 	EXP 	Sound  started
313.6915 	DATA 	Keypress: lctrl
313.7282 	EXP 	Sound  started
314.4115 	DATA 	Keypress: rctrl
314.4782 	EXP 	Sound  started
315.2115 	DATA 	Keypress: lctrl
315.2282 	EXP 	Sound  started
315.8676 	DATA 	Keypress: lctrl
315.9783 	EXP 	Sound  started
316.6515 	DATA 	Keypress: rctrl
316.7283 	EXP 	Sound  started
317.3876 	DATA 	Keypress: lctrl
317.4783 	EXP 	Sound  started
318.0434 	DATA 	Keypress: lctrl
318.2283 	EXP 	Sound  started
318.9237 	DATA 	Keypress: rctrl
318.9783 	EXP 	Sound  started
319.6435 	DATA 	Keypress: lctrl
319.7283 	EXP 	Sound  started
320.3795 	DATA 	Keypress: rctrl
320.4783 	EXP 	Sound  started
321.1474 	DATA 	Keypress: rctrl
321.2283 	EXP 	Sound  started
321.9154 	DATA 	Keypress: rctrl
321.9784 	EXP 	Sound  started
322.6834 	DATA 	Keypress: lctrl
322.7284 	EXP 	Sound  started
323.4195 	DATA 	Keypress: lctrl
323.4784 	EXP 	Sound  started
324.1714 	DATA 	Keypress: rctrl
324.2284 	EXP 	Sound  started
324.9076 	DATA 	Keypress: lctrl
324.9784 	EXP 	Sound  started
325.6595 	DATA 	Keypress: rctrl
325.7284 	EXP 	Sound  started
326.4115 	DATA 	Keypress: rctrl
326.4784 	EXP 	Sound  started
327.1634 	DATA 	Keypress: rctrl
327.2285 	EXP 	Sound  started
327.9156 	DATA 	Keypress: lctrl
327.9785 	EXP 	Sound  started
328.6674 	DATA 	Keypress: rctrl
328.7285 	EXP 	Sound  started
329.4035 	DATA 	Keypress: lctrl
329.4785 	EXP 	Sound  started
330.1235 	DATA 	Keypress: lctrl
330.2285 	EXP 	Sound  started
330.9555 	DATA 	Keypress: rctrl
330.9785 	EXP 	Sound  started
331.6755 	DATA 	Keypress: lctrl
331.7286 	EXP 	Sound  started
332.4114 	DATA 	Keypress: rctrl
332.4786 	EXP 	Sound  started
333.1794 	DATA 	Keypress: rctrl
333.2286 	EXP 	Sound  started
333.9315 	DATA 	Keypress: rctrl
333.9786 	EXP 	Sound  started
334.7286 	EXP 	Sound  started
334.7314 	DATA 	Keypress: lctrl
335.4515 	DATA 	Keypress: rctrl
335.4786 	EXP 	Sound  started
336.1874 	DATA 	Keypress: lctrl
336.2287 	EXP 	Sound  started
336.9234 	DATA 	Keypress: lctrl
336.9787 	EXP 	Sound  started
337.6595 	DATA 	Keypress: rctrl
337.7287 	EXP 	Sound  started
338.4594 	DATA 	Keypress: lctrl
338.4787 	EXP 	Sound  started
339.2287 	EXP 	Sound  started
339.2594 	DATA 	Keypress: lctrl
339.9474 	DATA 	Keypress: lctrl
339.9787 	EXP 	Sound  started
340.6675 	DATA 	Keypress: lctrl
340.7287 	EXP 	Sound  started
341.4514 	DATA 	Keypress: rctrl
341.4787 	EXP 	Sound  started
342.1874 	DATA 	Keypress: lctrl
342.2288 	EXP 	Sound  started
342.9394 	DATA 	Keypress: rctrl
342.9788 	EXP 	Sound  started
343.7235 	DATA 	Keypress: rctrl
343.7288 	EXP 	Sound  started
344.4756 	DATA 	Keypress: lctrl
344.4788 	EXP 	Sound  started
345.1796 	DATA 	Keypress: lctrl
345.2288 	EXP 	Sound  started
345.9789 	EXP 	Sound  started
346.0117 	DATA 	Keypress: rctrl
346.7154 	DATA 	Keypress: lctrl
346.7289 	EXP 	Sound  started
347.3714 	DATA 	Keypress: lctrl
347.4789 	EXP 	Sound  started
348.1555 	DATA 	Keypress: lctrl
348.2289 	EXP 	Sound  started
348.9395 	DATA 	Keypress: rctrl
348.9789 	EXP 	Sound  started
349.6754 	DATA 	Keypress: lctrl
349.7289 	EXP 	Sound  started
350.4435 	DATA 	Keypress: lctrl
350.4789 	EXP 	Sound  started
351.1955 	DATA 	Keypress: lctrl
351.2289 	EXP 	Sound  started
351.9474 	DATA 	Keypress: rctrl
351.9789 	EXP 	Sound  started
352.6835 	DATA 	Keypress: rctrl
352.7290 	EXP 	Sound  started
353.4355 	DATA 	Keypress: lctrl
353.4790 	EXP 	Sound  started
354.2290 	EXP 	Sound  started
354.2354 	DATA 	Keypress: rctrl
354.9394 	DATA 	Keypress: rctrl
354.9790 	EXP 	Sound  started
355.7075 	DATA 	Keypress: lctrl
355.7290 	EXP 	Sound  started
356.4754 	DATA 	Keypress: rctrl
356.4790 	EXP 	Sound  started
357.2115 	DATA 	Keypress: lctrl
357.2291 	EXP 	Sound  started
357.9315 	DATA 	Keypress: lctrl
357.9791 	EXP 	Sound  started
358.6674 	DATA 	Keypress: lctrl
358.7291 	EXP 	Sound  started
359.4034 	DATA 	Keypress: rctrl
359.4791 	EXP 	Sound  started
360.1714 	DATA 	Keypress: lctrl
360.2291 	EXP 	Sound  started
360.9395 	DATA 	Keypress: lctrl
360.9791 	EXP 	Sound  started
361.6594 	DATA 	Keypress: lctrl
361.7291 	EXP 	Sound  started
362.3794 	DATA 	Keypress: rctrl
362.4792 	EXP 	Sound  started
363.1314 	DATA 	Keypress: rctrl
363.2292 	EXP 	Sound  started
363.9635 	DATA 	Keypress: lctrl
363.9792 	EXP 	Sound  started
364.6834 	DATA 	Keypress: lctrl
364.7292 	EXP 	Sound  started
365.4792 	EXP 	Sound  started
365.4835 	DATA 	Keypress: rctrl
366.2035 	DATA 	Keypress: lctrl
366.2292 	EXP 	Sound  started
366.9235 	DATA 	Keypress: lctrl
366.9792 	EXP 	Sound  started
367.6754 	DATA 	Keypress: lctrl
367.7292 	EXP 	Sound  started
368.4114 	DATA 	Keypress: rctrl
368.4793 	EXP 	Sound  started
369.1635 	DATA 	Keypress: lctrl
369.2293 	EXP 	Sound  started
369.9154 	DATA 	Keypress: lctrl
369.9793 	EXP 	Sound  started
370.6835 	DATA 	Keypress: lctrl
370.7293 	EXP 	Sound  started
371.4676 	DATA 	Keypress: lctrl
375.3513 	DATA 	Keypress: 3
375.3678 	EXP 	unnamed ShapeStim: vertices = <class 'numpy.ndarray'>
383.3912 	DATA 	Keypress: 4
383.4077 	EXP 	unnamed ShapeStim: vertices = <class 'numpy.ndarray'>
386.0767 	DATA 	Keypress: 2
386.0932 	EXP 	unnamed ShapeStim: vertices = <class 'numpy.ndarray'>
388.3785 	EXP 	Sound  started
388.4436 	DATA 	Keypress: lctrl
389.1283 	EXP 	Sound  started
389.1474 	DATA 	Keypress: rctrl
389.8515 	DATA 	Keypress: rctrl
389.8783 	EXP 	Sound  started
390.6034 	DATA 	Keypress: rctrl
390.6283 	EXP 	Sound  started
391.3714 	DATA 	Keypress: lctrl
391.3783 	EXP 	Sound  started
392.1236 	DATA 	Keypress: rctrl
392.1284 	EXP 	Sound  started
392.8275 	DATA 	Keypress: rctrl
392.8784 	EXP 	Sound  started
393.5634 	DATA 	Keypress: lctrl
393.6284 	EXP 	Sound  started
394.3314 	DATA 	Keypress: lctrl
394.3784 	EXP 	Sound  started
395.0994 	DATA 	Keypress: rctrl
395.1284 	EXP 	Sound  started
395.8784 	EXP 	Sound  started
395.8834 	DATA 	Keypress: lctrl
396.6035 	DATA 	Keypress: rctrl
396.6284 	EXP 	Sound  started
397.3395 	DATA 	Keypress: rctrl
397.3785 	EXP 	Sound  started
398.1234 	DATA 	Keypress: lctrl
398.1285 	EXP 	Sound  started
398.8754 	DATA 	Keypress: rctrl
398.8785 	EXP 	Sound  started
399.6274 	DATA 	Keypress: rctrl
399.6285 	EXP 	Sound  started
400.3634 	DATA 	Keypress: lctrl
400.3785 	EXP 	Sound  started
401.1154 	DATA 	Keypress: lctrl
401.1285 	EXP 	Sound  started
401.8674 	DATA 	Keypress: rctrl
401.8786 	EXP 	Sound  started
402.5875 	DATA 	Keypress: lctrl
402.6286 	EXP 	Sound  started
403.3074 	DATA 	Keypress: lctrl
403.3786 	EXP 	Sound  started
404.0914 	DATA 	Keypress: lctrl
404.1286 	EXP 	Sound  started
404.8786 	EXP 	Sound  started
405.6114 	DATA 	Keypress: rctrl
405.6286 	EXP 	Sound  started
406.3786 	EXP 	Sound  started
406.4274 	DATA 	Keypress: lctrl
407.1286 	EXP 	Sound  started
407.1474 	DATA 	Keypress: rctrl
407.8194 	DATA 	Keypress: rctrl
407.8787 	EXP 	Sound  started
408.5874 	DATA 	Keypress: lctrl
408.6287 	EXP 	Sound  started
409.3714 	DATA 	Keypress: lctrl
409.3787 	EXP 	Sound  started
410.1287 	EXP 	Sound  started
410.8755 	DATA 	Keypress: rctrl
410.8787 	EXP 	Sound  started
411.6114 	DATA 	Keypress: rctrl
411.6287 	EXP 	Sound  started
412.2834 	DATA 	Keypress: rctrl
412.3787 	EXP 	Sound  started
413.0674 	DATA 	Keypress: lctrl
413.1288 	EXP 	Sound  started
413.8675 	DATA 	Keypress: lctrl
413.8788 	EXP 	Sound  started
414.6288 	EXP 	Sound  started
414.7794 	DATA 	Keypress: rctrl
415.3554 	DATA 	Keypress: lctrl
415.3788 	EXP 	Sound  started
416.0594 	DATA 	Keypress: rctrl
416.1288 	EXP 	Sound  started
416.8274 	DATA 	Keypress: lctrl
416.8788 	EXP 	Sound  started
417.5794 	DATA 	Keypress: lctrl
417.6288 	EXP 	Sound  started
418.3314 	DATA 	Keypress: rctrl
418.3789 	EXP 	Sound  started
419.0674 	DATA 	Keypress: rctrl
419.1289 	EXP 	Sound  started
419.8354 	DATA 	Keypress: rctrl
419.8789 	EXP 	Sound  started
420.5714 	DATA 	Keypress: rctrl
420.6289 	EXP 	Sound  started
421.3554 	DATA 	Keypress: lctrl
421.3789 	EXP 	Sound  started
422.0754 	DATA 	Keypress: rctrl
422.1289 	EXP 	Sound  started
422.8434 	DATA 	Keypress: lctrl
422.8789 	EXP 	Sound  started
423.6289 	EXP 	Sound  started
423.7554 	DATA 	Keypress: lctrl
424.3790 	EXP 	Sound  started
424.3794 	DATA 	Keypress: lctrl
425.0834 	DATA 	Keypress: lctrl
425.1290 	EXP 	Sound  started
425.8790 	EXP 	Sound  started
425.8834 	DATA 	Keypress: rctrl
426.6194 	DATA 	Keypress: lctrl
426.6290 	EXP 	Sound  started
427.3554 	DATA 	Keypress: lctrl
427.3790 	EXP 	Sound  started
428.0915 	DATA 	Keypress: lctrl
428.1290 	EXP 	Sound  started
428.8595 	DATA 	Keypress: rctrl
428.8790 	EXP 	Sound  started
429.5635 	DATA 	Keypress: lctrl
429.6291 	EXP 	Sound  started
430.3474 	DATA 	Keypress: rctrl
430.3791 	EXP 	Sound  started
431.0834 	DATA 	Keypress: rctrl
431.1291 	EXP 	Sound  started
431.8674 	DATA 	Keypress: lctrl
431.8791 	EXP 	Sound  started
432.6034 	DATA 	Keypress: lctrl
432.6291 	EXP 	Sound  started
433.3791 	EXP 	Sound  started
433.4354 	DATA 	Keypress: lctrl
434.1234 	DATA 	Keypress: rctrl
434.1291 	EXP 	Sound  started
434.8595 	DATA 	Keypress: lctrl
434.8791 	EXP 	Sound  started
435.6275 	DATA 	Keypress: lctrl
435.6292 	EXP 	Sound  started
436.3634 	DATA 	Keypress: rctrl
436.3792 	EXP 	Sound  started
437.0834 	DATA 	Keypress: lctrl
437.1292 	EXP 	Sound  started
437.8354 	DATA 	Keypress: lctrl
437.8792 	EXP 	Sound  started
438.5235 	DATA 	Keypress: rctrl
438.6292 	EXP 	Sound  started
439.3234 	DATA 	Keypress: lctrl
439.3792 	EXP 	Sound  started
440.0594 	DATA 	Keypress: lctrl
440.1293 	EXP 	Sound  started
440.8434 	DATA 	Keypress: rctrl
440.8793 	EXP 	Sound  started
441.5954 	DATA 	Keypress: rctrl
441.6293 	EXP 	Sound  started
442.3314 	DATA 	Keypress: lctrl
442.3793 	EXP 	Sound  started
443.0355 	DATA 	Keypress: lctrl
443.1293 	EXP 	Sound  started
443.7714 	DATA 	Keypress: rctrl
443.8793 	EXP 	Sound  started
444.5714 	DATA 	Keypress: lctrl
444.6293 	EXP 	Sound  started
445.2915 	DATA 	Keypress: lctrl
445.3793 	EXP 	Sound  started
446.0594 	DATA 	Keypress: lctrl
446.1294 	EXP 	Sound  started
446.7474 	DATA 	Keypress: lctrl
446.8794 	EXP 	Sound  started
447.5475 	DATA 	Keypress: rctrl
447.6294 	EXP 	Sound  started
448.3794 	EXP 	Sound  started
449.0514 	DATA 	Keypress: rctrl
449.1294 	EXP 	Sound  started
449.8035 	DATA 	Keypress: rctrl
449.8794 	EXP 	Sound  started
450.5714 	DATA 	Keypress: rctrl
450.6294 	EXP 	Sound  started
451.3555 	DATA 	Keypress: lctrl
451.3795 	EXP 	Sound  started
452.0594 	DATA 	Keypress: rctrl
452.1295 	EXP 	Sound  started
452.8274 	DATA 	Keypress: lctrl
460.1243 	DATA 	Keypress: 1
460.1538 	EXP 	unnamed ShapeStim: vertices = <class 'numpy.ndarray'>
462.9563 	DATA 	Keypress: 3
462.9728 	EXP 	unnamed ShapeStim: vertices = <class 'numpy.ndarray'>
466.6760 	DATA 	Keypress: 1
466.6925 	EXP 	unnamed ShapeStim: vertices = <class 'numpy.ndarray'>
468.9769 	EXP 	Sound  started
469.1636 	DATA 	Keypress: lctrl
469.7267 	EXP 	Sound  started
469.7395 	DATA 	Keypress: rctrl
470.3956 	DATA 	Keypress: lctrl
470.4768 	EXP 	Sound  started
471.0835 	DATA 	Keypress: lctrl
471.2268 	EXP 	Sound  started
471.8994 	DATA 	Keypress: rctrl
471.9768 	EXP 	Sound  started
472.6194 	DATA 	Keypress: rctrl
472.7268 	EXP 	Sound  started
473.3554 	DATA 	Keypress: lctrl
473.4768 	EXP 	Sound  started
474.1233 	DATA 	Keypress: lctrl
474.2268 	EXP 	Sound  started
474.9074 	DATA 	Keypress: rctrl
474.9768 	EXP 	Sound  started
475.6434 	DATA 	Keypress: lctrl
475.7269 	EXP 	Sound  started
476.4273 	DATA 	Keypress: lctrl
476.4769 	EXP 	Sound  started
477.2269 	EXP 	Sound  started
477.9769 	EXP 	Sound  started
477.9954 	DATA 	Keypress: lctrl
478.7269 	EXP 	Sound  started
478.7313 	DATA 	Keypress: lctrl
479.4354 	DATA 	Keypress: lctrl
479.4769 	EXP 	Sound  started
480.2269 	EXP 	Sound  started
480.8914 	DATA 	Keypress: lctrl
480.9769 	EXP 	Sound  started
481.6754 	DATA 	Keypress: rctrl
481.7270 	EXP 	Sound  started
482.4275 	DATA 	Keypress: lctrl
482.4770 	EXP 	Sound  started
483.1634 	DATA 	Keypress: lctrl
483.2270 	EXP 	Sound  started
483.8833 	DATA 	Keypress: lctrl
483.9770 	EXP 	Sound  started
484.6514 	DATA 	Keypress: rctrl
484.7270 	EXP 	Sound  started
485.4034 	DATA 	Keypress: rctrl
485.4770 	EXP 	Sound  started
486.2034 	DATA 	Keypress: lctrl
486.2271 	EXP 	Sound  started
486.9073 	DATA 	Keypress: rctrl
486.9771 	EXP 	Sound  started
487.7073 	DATA 	Keypress: lctrl
487.7271 	EXP 	Sound  started
488.4771 	EXP 	Sound  started
489.2271 	EXP 	Sound  started
489.8833 	DATA 	Keypress: rctrl
489.9771 	EXP 	Sound  started
490.6994 	DATA 	Keypress: lctrl
490.7271 	EXP 	Sound  started
491.4772 	EXP 	Sound  started
491.4833 	DATA 	Keypress: rctrl
492.2034 	DATA 	Keypress: lctrl
492.2272 	EXP 	Sound  started
492.9233 	DATA 	Keypress: lctrl
492.9772 	EXP 	Sound  started
493.6594 	DATA 	Keypress: rctrl
493.7272 	EXP 	Sound  started
494.4114 	DATA 	Keypress: rctrl
494.4772 	EXP 	Sound  started
495.1634 	DATA 	Keypress: lctrl
495.2272 	EXP 	Sound  started
495.9314 	DATA 	Keypress: rctrl
495.9772 	EXP 	Sound  started
496.6673 	DATA 	Keypress: rctrl
496.7272 	EXP 	Sound  started
497.4354 	DATA 	Keypress: lctrl
497.4773 	EXP 	Sound  started
498.2273 	EXP 	Sound  started
498.2353 	DATA 	Keypress: lctrl
498.9773 	EXP 	Sound  started
499.6755 	DATA 	Keypress: lctrl
499.7273 	EXP 	Sound  started
500.4274 	DATA 	Keypress: lctrl
500.4773 	EXP 	Sound  started
501.1633 	DATA 	Keypress: lctrl
501.2273 	EXP 	Sound  started
501.9634 	DATA 	Keypress: rctrl
501.9774 	EXP 	Sound  started
502.6514 	DATA 	Keypress: rctrl
502.7274 	EXP 	Sound  started
503.4355 	DATA 	Keypress: rctrl
503.4774 	EXP 	Sound  started
504.1073 	DATA 	Keypress: lctrl
504.2274 	EXP 	Sound  started
504.8755 	DATA 	Keypress: rctrl
504.9774 	EXP 	Sound  started
505.6274 	DATA 	Keypress: lctrl
505.7274 	EXP 	Sound  started
506.4114 	DATA 	Keypress: lctrl
506.4774 	EXP 	Sound  started
507.1474 	DATA 	Keypress: lctrl
507.2274 	EXP 	Sound  started
507.9474 	DATA 	Keypress: rctrl
507.9775 	EXP 	Sound  started
508.6675 	DATA 	Keypress: rctrl
508.7275 	EXP 	Sound  started
509.4033 	DATA 	Keypress: rctrl
509.4775 	EXP 	Sound  started
510.1234 	DATA 	Keypress: lctrl
510.2275 	EXP 	Sound  started
510.8594 	DATA 	Keypress: lctrl
510.9775 	EXP 	Sound  started
511.6434 	DATA 	Keypress: rctrl
511.7275 	EXP 	Sound  started
512.3314 	DATA 	Keypress: lctrl
512.4775 	EXP 	Sound  started
513.0834 	DATA 	Keypress: lctrl
513.2276 	EXP 	Sound  started
513.8674 	DATA 	Keypress: rctrl
513.9776 	EXP 	Sound  started
514.6834 	DATA 	Keypress: lctrl
514.7276 	EXP 	Sound  started
515.4675 	DATA 	Keypress: lctrl
515.4776 	EXP 	Sound  started
516.1873 	DATA 	Keypress: lctrl
516.2276 	EXP 	Sound  started
516.9553 	DATA 	Keypress: rctrl
516.9776 	EXP 	Sound  started
517.6754 	DATA 	Keypress: lctrl
517.7276 	EXP 	Sound  started
518.4594 	DATA 	Keypress: rctrl
518.4776 	EXP 	Sound  started
519.2114 	DATA 	Keypress: rctrl
519.2277 	EXP 	Sound  started
519.9777 	EXP 	Sound  started
520.0594 	DATA 	Keypress: lctrl
520.7277 	EXP 	Sound  started
521.4035 	DATA 	Keypress: rctrl
521.4777 	EXP 	Sound  started
522.2277 	EXP 	Sound  started
522.9554 	DATA 	Keypress: lctrl
522.9777 	EXP 	Sound  started
523.7074 	DATA 	Keypress: rctrl
523.7277 	EXP 	Sound  started
524.4754 	DATA 	Keypress: lctrl
524.4778 	EXP 	Sound  started
525.1954 	DATA 	Keypress: rctrl
525.2278 	EXP 	Sound  started
525.9153 	DATA 	Keypress: rctrl
525.9778 	EXP 	Sound  started
526.7278 	EXP 	Sound  started
526.8436 	DATA 	Keypress: lctrl
527.5430 	DATA 	Keypress: lctrl
529.4274 	DATA 	Keypress: 2
529.4439 	EXP 	unnamed ShapeStim: vertices = <class 'numpy.ndarray'>
531.2790 	DATA 	Keypress: 3
531.2954 	EXP 	unnamed ShapeStim: vertices = <class 'numpy.ndarray'>
533.2305 	DATA 	Keypress: 1
533.2470 	EXP 	unnamed ShapeStim: vertices = <class 'numpy.ndarray'>
535.5318 	EXP 	Sound  started
535.5327 	DATA 	Keypress: lctrl
536.2817 	EXP 	Sound  started
537.0317 	EXP 	Sound  started
537.7075 	DATA 	Keypress: rctrl
537.7817 	EXP 	Sound  started
538.4753 	DATA 	Keypress: lctrl
538.5317 	EXP 	Sound  started
539.2817 	EXP 	Sound  started
540.0317 	EXP 	Sound  started
540.7817 	EXP 	Sound  started
541.5317 	EXP 	Sound  started
542.1874 	DATA 	Keypress: lctrl
542.2818 	EXP 	Sound  started
542.8753 	DATA 	Keypress: lctrl
543.0318 	EXP 	Sound  started
543.6914 	DATA 	Keypress: rctrl
543.7818 	EXP 	Sound  started
544.4274 	DATA 	Keypress: lctrl
544.5318 	EXP 	Sound  started
545.1314 	DATA 	Keypress: lctrl
545.2818 	EXP 	Sound  started
545.8995 	DATA 	Keypress: rctrl
546.0318 	EXP 	Sound  started
546.6675 	DATA 	Keypress: lctrl
546.7819 	EXP 	Sound  started
547.3714 	DATA 	Keypress: lctrl
547.5319 	EXP 	Sound  started
548.0753 	DATA 	Keypress: lctrl
548.2819 	EXP 	Sound  started
549.0319 	EXP 	Sound  started
549.6273 	DATA 	Keypress: lctrl
549.7819 	EXP 	Sound  started
550.3474 	DATA 	Keypress: lctrl
550.5319 	EXP 	Sound  started
551.2819 	EXP 	Sound  started
552.0114 	DATA 	Keypress: rctrl
552.0319 	EXP 	Sound  started
552.7820 	EXP 	Sound  started
553.3714 	DATA 	Keypress: lctrl
553.5320 	EXP 	Sound  started
554.1233 	DATA 	Keypress: lctrl
554.2820 	EXP 	Sound  started
554.9394 	DATA 	Keypress: rctrl
555.0320 	EXP 	Sound  started
555.6594 	DATA 	Keypress: lctrl
555.7820 	EXP 	Sound  started
556.3793 	DATA 	Keypress: lctrl
556.5320 	EXP 	Sound  started
557.1473 	DATA 	Keypress: lctrl
557.2820 	EXP 	Sound  started
558.0320 	EXP 	Sound  started
558.6674 	DATA 	Keypress: rctrl
558.7821 	EXP 	Sound  started
559.4674 	DATA 	Keypress: lctrl
559.5321 	EXP 	Sound  started
560.1714 	DATA 	Keypress: lctrl
560.2821 	EXP 	Sound  started
561.0321 	EXP 	Sound  started
561.7074 	DATA 	Keypress: rctrl
561.7821 	EXP 	Sound  started
562.5321 	EXP 	Sound  started
563.1633 	DATA 	Keypress: rctrl
563.2821 	EXP 	Sound  started
563.9153 	DATA 	Keypress: rctrl
564.0322 	EXP 	Sound  started
564.6673 	DATA 	Keypress: rctrl
564.7822 	EXP 	Sound  started
565.4193 	DATA 	Keypress: lctrl
565.5322 	EXP 	Sound  started
566.1234 	DATA 	Keypress: lctrl
566.2822 	EXP 	Sound  started
566.9233 	DATA 	Keypress: lctrl
567.0322 	EXP 	Sound  started
567.6754 	DATA 	Keypress: rctrl
567.7822 	EXP 	Sound  started
568.5322 	EXP 	Sound  started
569.1953 	DATA 	Keypress: lctrl
569.2823 	EXP 	Sound  started
569.9314 	DATA 	Keypress: lctrl
570.0323 	EXP 	Sound  started
570.6993 	DATA 	Keypress: lctrl
570.7823 	EXP 	Sound  started
571.4193 	DATA 	Keypress: rctrl
571.5323 	EXP 	Sound  started
572.2823 	EXP 	Sound  started
572.9714 	DATA 	Keypress: lctrl
573.0323 	EXP 	Sound  started
573.6913 	DATA 	Keypress: lctrl
573.7823 	EXP 	Sound  started
574.5323 	EXP 	Sound  started
575.2433 	DATA 	Keypress: lctrl
575.2824 	EXP 	Sound  started
575.9634 	DATA 	Keypress: lctrl
576.0324 	EXP 	Sound  started
576.6994 	DATA 	Keypress: lctrl
576.7824 	EXP 	Sound  started
577.5324 	EXP 	Sound  started
578.2033 	DATA 	Keypress: rctrl
578.2824 	EXP 	Sound  started
579.0193 	DATA 	Keypress: lctrl
579.0324 	EXP 	Sound  started
579.7233 	DATA 	Keypress: lctrl
579.7824 	EXP 	Sound  started
580.4913 	DATA 	Keypress: rctrl
580.5324 	EXP 	Sound  started
581.2273 	DATA 	Keypress: lctrl
581.2825 	EXP 	Sound  started
581.9473 	DATA 	Keypress: lctrl
584.0721 	DATA 	Keypress: 1
584.0887 	EXP 	unnamed ShapeStim: vertices = <class 'numpy.ndarray'>
590.0437 	DATA 	Keypress: 4
590.0602 	EXP 	unnamed ShapeStim: vertices = <class 'numpy.ndarray'>
591.9489 	DATA 	Keypress: 3
591.9785 	EXP 	unnamed ShapeStim: vertices = <class 'numpy.ndarray'>
594.2641 	EXP 	Sound  started
594.4275 	DATA 	Keypress: rctrl
594.9714 	DATA 	Keypress: lctrl
595.0140 	EXP 	Sound  started
595.6273 	DATA 	Keypress: rctrl
595.7640 	EXP 	Sound  started
596.4433 	DATA 	Keypress: rctrl
596.5140 	EXP 	Sound  started
597.1633 	DATA 	Keypress: lctrl
597.2640 	EXP 	Sound  started
597.9313 	DATA 	Keypress: rctrl
598.0140 	EXP 	Sound  started
598.6833 	DATA 	Keypress: rctrl
598.7641 	EXP 	Sound  started
599.3713 	DATA 	Keypress: lctrl
599.5141 	EXP 	Sound  started
600.1873 	DATA 	Keypress: rctrl
600.2641 	EXP 	Sound  started
600.9233 	DATA 	Keypress: lctrl
601.0141 	EXP 	Sound  started
601.6913 	DATA 	Keypress: lctrl
601.7641 	EXP 	Sound  started
602.5141 	EXP 	Sound  started
603.2433 	DATA 	Keypress: lctrl
603.2641 	EXP 	Sound  started
604.0115 	DATA 	Keypress: rctrl
604.0141 	EXP 	Sound  started
604.7313 	DATA 	Keypress: rctrl
604.7642 	EXP 	Sound  started
605.4833 	DATA 	Keypress: lctrl
605.5142 	EXP 	Sound  started
606.2642 	EXP 	Sound  started
607.0142 	EXP 	Sound  started
607.7074 	DATA 	Keypress: rctrl
607.7642 	EXP 	Sound  started
608.4273 	DATA 	Keypress: lctrl
608.5142 	EXP 	Sound  started
609.2642 	EXP 	Sound  started
609.9633 	DATA 	Keypress: rctrl
610.0142 	EXP 	Sound  started
610.6994 	DATA 	Keypress: lctrl
610.7643 	EXP 	Sound  started
611.4833 	DATA 	Keypress: rctrl
611.5143 	EXP 	Sound  started
612.2193 	DATA 	Keypress: lctrl
612.2643 	EXP 	Sound  started
612.9233 	DATA 	Keypress: lctrl
613.0143 	EXP 	Sound  started
613.6594 	DATA 	Keypress: lctrl
613.7643 	EXP 	Sound  started
614.5143 	EXP 	Sound  started
615.2643 	EXP 	Sound  started
615.3553 	DATA 	Keypress: lctrl
616.0143 	EXP 	Sound  started
616.7153 	DATA 	Keypress: rctrl
616.7644 	EXP 	Sound  started
617.4673 	DATA 	Keypress: rctrl
617.5144 	EXP 	Sound  started
618.2033 	DATA 	Keypress: lctrl
618.2644 	EXP 	Sound  started
618.9554 	DATA 	Keypress: rctrl
619.0144 	EXP 	Sound  started
619.7233 	DATA 	Keypress: rctrl
619.7644 	EXP 	Sound  started
620.3634 	DATA 	Keypress: lctrl
620.5144 	EXP 	Sound  started
621.1953 	DATA 	Keypress: lctrl
621.2644 	EXP 	Sound  started
622.0144 	EXP 	Sound  started
622.7313 	DATA 	Keypress: lctrl
622.7644 	EXP 	Sound  started
623.5145 	EXP 	Sound  started
624.2645 	EXP 	Sound  started
624.2673 	DATA 	Keypress: rctrl
625.0145 	EXP 	Sound  started
625.7645 	EXP 	Sound  started
626.4433 	DATA 	Keypress: lctrl
626.5145 	EXP 	Sound  started
627.2273 	DATA 	Keypress: rctrl
627.2645 	EXP 	Sound  started
627.9312 	DATA 	Keypress: lctrl
628.0145 	EXP 	Sound  started
628.6993 	DATA 	Keypress: lctrl
628.7646 	EXP 	Sound  started
629.4193 	DATA 	Keypress: lctrl
629.5146 	EXP 	Sound  started
630.2033 	DATA 	Keypress: rctrl
630.2646 	EXP 	Sound  started
630.8913 	DATA 	Keypress: rctrl
631.0146 	EXP 	Sound  started
631.6273 	DATA 	Keypress: lctrl
631.7646 	EXP 	Sound  started
632.3953 	DATA 	Keypress: lctrl
632.5146 	EXP 	Sound  started
633.1473 	DATA 	Keypress: lctrl
633.2646 	EXP 	Sound  started
634.0146 	EXP 	Sound  started
634.6993 	DATA 	Keypress: lctrl
634.7647 	EXP 	Sound  started
635.3873 	DATA 	Keypress: lctrl
635.5147 	EXP 	Sound  started
636.1553 	DATA 	Keypress: lctrl
636.2647 	EXP 	Sound  started
637.0147 	EXP 	Sound  started
637.1473 	DATA 	Keypress: lctrl
637.7553 	DATA 	Keypress: rctrl
637.7647 	EXP 	Sound  started
638.4753 	DATA 	Keypress: rctrl
638.5147 	EXP 	Sound  started
639.1793 	DATA 	Keypress: lctrl
639.2648 	EXP 	Sound  started
639.9313 	DATA 	Keypress: lctrl
640.0148 	EXP 	Sound  started
640.6672 	DATA 	Keypress: rctrl
640.7648 	EXP 	Sound  started
641.4195 	DATA 	Keypress: rctrl
641.5148 	EXP 	Sound  started
642.1713 	DATA 	Keypress: rctrl
642.2648 	EXP 	Sound  started
643.0148 	EXP 	Sound  started
643.6273 	DATA 	Keypress: lctrl
643.7648 	EXP 	Sound  started
644.3952 	DATA 	Keypress: lctrl
644.5148 	EXP 	Sound  started
645.1634 	DATA 	Keypress: lctrl
645.2649 	EXP 	Sound  started
645.8353 	DATA 	Keypress: rctrl
646.0149 	EXP 	Sound  started
646.6193 	DATA 	Keypress: rctrl
646.7649 	EXP 	Sound  started
647.4033 	DATA 	Keypress: lctrl
650.0595 	DATA 	Keypress: 2
650.0761 	EXP 	unnamed ShapeStim: vertices = <class 'numpy.ndarray'>
656.1311 	DATA 	Keypress: 3
656.1477 	EXP 	unnamed ShapeStim: vertices = <class 'numpy.ndarray'>
658.4830 	DATA 	Keypress: 3
658.4996 	EXP 	unnamed ShapeStim: vertices = <class 'numpy.ndarray'>
660.7847 	EXP 	Sound  started
661.4515 	DATA 	Keypress: lctrl
661.5345 	EXP 	Sound  started
662.1873 	DATA 	Keypress: rctrl
662.2845 	EXP 	Sound  started
662.9553 	DATA 	Keypress: rctrl
663.0345 	EXP 	Sound  started
663.6913 	DATA 	Keypress: lctrl
663.7845 	EXP 	Sound  started
664.4754 	DATA 	Keypress: lctrl
664.5345 	EXP 	Sound  started
665.2433 	DATA 	Keypress: rctrl
665.2846 	EXP 	Sound  started
665.9632 	DATA 	Keypress: rctrl
666.0346 	EXP 	Sound  started
666.7313 	DATA 	Keypress: rctrl
666.7846 	EXP 	Sound  started
667.4513 	DATA 	Keypress: lctrl
667.5346 	EXP 	Sound  started
668.2353 	DATA 	Keypress: lctrl
668.2846 	EXP 	Sound  started
668.9553 	DATA 	Keypress: lctrl
669.0346 	EXP 	Sound  started
669.7393 	DATA 	Keypress: rctrl
669.7846 	EXP 	Sound  started
670.5346 	EXP 	Sound  started
670.5712 	DATA 	Keypress: lctrl
671.2753 	DATA 	Keypress: lctrl
671.2847 	EXP 	Sound  started
671.9792 	DATA 	Keypress: lctrl
672.0347 	EXP 	Sound  started
672.7153 	DATA 	Keypress: lctrl
672.7847 	EXP 	Sound  started
673.4992 	DATA 	Keypress: rctrl
673.5347 	EXP 	Sound  started
674.2672 	DATA 	Keypress: lctrl
674.2847 	EXP 	Sound  started
674.9713 	DATA 	Keypress: lctrl
675.0347 	EXP 	Sound  started
675.7072 	DATA 	Keypress: lctrl
675.7847 	EXP 	Sound  started
676.4593 	DATA 	Keypress: rctrl
676.5348 	EXP 	Sound  started
677.2593 	DATA 	Keypress: lctrl
677.2848 	EXP 	Sound  started
678.0348 	EXP 	Sound  started
678.0592 	DATA 	Keypress: rctrl
678.7475 	DATA 	Keypress: lctrl
678.7848 	EXP 	Sound  started
679.4673 	DATA 	Keypress: lctrl
679.5348 	EXP 	Sound  started
680.2514 	DATA 	Keypress: lctrl
680.2848 	EXP 	Sound  started
680.9552 	DATA 	Keypress: lctrl
681.0348 	EXP 	Sound  started
681.7392 	DATA 	Keypress: rctrl
681.7849 	EXP 	Sound  started
682.4592 	DATA 	Keypress: rctrl
682.5349 	EXP 	Sound  started
683.2272 	DATA 	Keypress: rctrl
683.2849 	EXP 	Sound  started
683.9954 	DATA 	Keypress: lctrl
684.0349 	EXP 	Sound  started
684.7849 	EXP 	Sound  started
685.4353 	DATA 	Keypress: rctrl
685.5349 	EXP 	Sound  started
686.1712 	DATA 	Keypress: rctrl
686.2849 	EXP 	Sound  started
686.9073 	DATA 	Keypress: rctrl
687.0349 	EXP 	Sound  started
687.6593 	DATA 	Keypress: lctrl
687.7850 	EXP 	Sound  started
688.4112 	DATA 	Keypress: lctrl
688.5350 	EXP 	Sound  started
689.2850 	EXP 	Sound  started
690.0350 	EXP 	Sound  started
690.7633 	DATA 	Keypress: lctrl
690.7850 	EXP 	Sound  started
691.4993 	DATA 	Keypress: lctrl
691.5350 	EXP 	Sound  started
692.2192 	DATA 	Keypress: lctrl
692.2850 	EXP 	Sound  started
692.9394 	DATA 	Keypress: rctrl
693.0351 	EXP 	Sound  started
693.7393 	DATA 	Keypress: lctrl
693.7851 	EXP 	Sound  started
694.4913 	DATA 	Keypress: lctrl
694.5351 	EXP 	Sound  started
695.2113 	DATA 	Keypress: lctrl
695.2851 	EXP 	Sound  started
695.9312 	DATA 	Keypress: lctrl
696.0351 	EXP 	Sound  started
696.7152 	DATA 	Keypress: rctrl
696.7851 	EXP 	Sound  started
697.4512 	DATA 	Keypress: rctrl
697.5351 	EXP 	Sound  started
698.2851 	EXP 	Sound  started
699.0352 	EXP 	Sound  started
699.6753 	DATA 	Keypress: rctrl
699.7852 	EXP 	Sound  started
700.4272 	DATA 	Keypress: rctrl
700.5352 	EXP 	Sound  started
701.1792 	DATA 	Keypress: lctrl
701.2852 	EXP 	Sound  started
701.9313 	DATA 	Keypress: lctrl
702.0352 	EXP 	Sound  started
702.6992 	DATA 	Keypress: rctrl
702.7852 	EXP 	Sound  started
703.4193 	DATA 	Keypress: lctrl
705.5383 	DATA 	Keypress: 4
705.5548 	EXP 	unnamed ShapeStim: vertices = <class 'numpy.ndarray'>
708.8781 	DATA 	Keypress: 2
708.9075 	EXP 	unnamed ShapeStim: vertices = <class 'numpy.ndarray'>
712.3976 	DATA 	Keypress: 2
712.4271 	EXP 	unnamed ShapeStim: vertices = <class 'numpy.ndarray'>
714.7117 	EXP 	Sound  started
715.4615 	EXP 	Sound  started
716.0433 	DATA 	Keypress: lctrl
716.2115 	EXP 	Sound  started
716.9552 	DATA 	Keypress: lctrl
716.9615 	EXP 	Sound  started
717.7072 	DATA 	Keypress: rctrl
717.7116 	EXP 	Sound  started
718.3792 	DATA 	Keypress: lctrl
718.4616 	EXP 	Sound  started
719.1634 	DATA 	Keypress: rctrl
719.2116 	EXP 	Sound  started
719.9312 	DATA 	Keypress: rctrl
719.9616 	EXP 	Sound  started
720.6352 	DATA 	Keypress: lctrl
720.7116 	EXP 	Sound  started
721.3873 	DATA 	Keypress: lctrl
721.4616 	EXP 	Sound  started
722.1552 	DATA 	Keypress: rctrl
722.2116 	EXP 	Sound  started
722.8753 	DATA 	Keypress: lctrl
722.9617 	EXP 	Sound  started
723.7117 	EXP 	Sound  started
724.3953 	DATA 	Keypress: rctrl
724.4617 	EXP 	Sound  started
725.1153 	DATA 	Keypress: lctrl
725.2117 	EXP 	Sound  started
725.8513 	DATA 	Keypress: lctrl
725.9617 	EXP 	Sound  started
726.6033 	DATA 	Keypress: lctrl
726.7117 	EXP 	Sound  started
727.3552 	DATA 	Keypress: rctrl
727.4617 	EXP 	Sound  started
728.1873 	DATA 	Keypress: lctrl
728.2118 	EXP 	Sound  started
728.8912 	DATA 	Keypress: lctrl
728.9618 	EXP 	Sound  started
729.6112 	DATA 	Keypress: lctrl
729.7118 	EXP 	Sound  started
730.4618 	EXP 	Sound  started
731.1953 	DATA 	Keypress: rctrl
731.2118 	EXP 	Sound  started
731.8992 	DATA 	Keypress: rctrl
731.9618 	EXP 	Sound  started
732.6032 	DATA 	Keypress: lctrl
732.7119 	EXP 	Sound  started
733.3713 	DATA 	Keypress: lctrl
733.4619 	EXP 	Sound  started
734.0754 	DATA 	Keypress: rctrl
734.2119 	EXP 	Sound  started
734.9619 	EXP 	Sound  started
735.6432 	DATA 	Keypress: lctrl
735.7119 	EXP 	Sound  started
736.3472 	DATA 	Keypress: lctrl
736.4619 	EXP 	Sound  started
737.1473 	DATA 	Keypress: lctrl
737.2119 	EXP 	Sound  started
737.8832 	DATA 	Keypress: rctrl
737.9620 	EXP 	Sound  started
738.7120 	EXP 	Sound  started
739.4353 	DATA 	Keypress: lctrl
739.4620 	EXP 	Sound  started
740.1712 	DATA 	Keypress: lctrl
740.2120 	EXP 	Sound  started
740.8752 	DATA 	Keypress: rctrl
740.9620 	EXP 	Sound  started
741.6432 	DATA 	Keypress: rctrl
741.7120 	EXP 	Sound  started
742.4593 	DATA 	Keypress: lctrl
742.4620 	EXP 	Sound  started
743.1472 	DATA 	Keypress: lctrl
743.2121 	EXP 	Sound  started
743.9621 	EXP 	Sound  started
744.7121 	EXP 	Sound  started
745.4512 	DATA 	Keypress: lctrl
745.4621 	EXP 	Sound  started
746.1712 	DATA 	Keypress: rctrl
746.2121 	EXP 	Sound  started
746.9621 	EXP 	Sound  started
747.6592 	DATA 	Keypress: lctrl
747.7121 	EXP 	Sound  started
748.4272 	DATA 	Keypress: lctrl
748.4622 	EXP 	Sound  started
749.2112 	DATA 	Keypress: rctrl
749.2122 	EXP 	Sound  started
749.9472 	DATA 	Keypress: lctrl
749.9622 	EXP 	Sound  started
750.6672 	DATA 	Keypress: lctrl
750.7122 	EXP 	Sound  started
751.4192 	DATA 	Keypress: lctrl
751.4622 	EXP 	Sound  started
752.1394 	DATA 	Keypress: rctrl
752.2122 	EXP 	Sound  started
752.9622 	EXP 	Sound  started
753.7123 	EXP 	Sound  started
754.4273 	DATA 	Keypress: rctrl
754.4623 	EXP 	Sound  started
755.1312 	DATA 	Keypress: lctrl
755.2123 	EXP 	Sound  started
755.8353 	DATA 	Keypress: lctrl
755.9623 	EXP 	Sound  started
758.4821 	DATA 	Keypress: 1
758.4982 	EXP 	unnamed ShapeStim: vertices = <class 'numpy.ndarray'>
760.7506 	DATA 	Keypress: 4
760.7671 	EXP 	unnamed ShapeStim: vertices = <class 'numpy.ndarray'>
765.6912 	DATA 	Keypress: 1
765.7207 	EXP 	unnamed ShapeStim: vertices = <class 'numpy.ndarray'>
768.0059 	EXP 	Sound  started
768.7558 	EXP 	Sound  started
769.4193 	DATA 	Keypress: rctrl
769.5058 	EXP 	Sound  started
770.2558 	EXP 	Sound  started
770.8752 	DATA 	Keypress: lctrl
771.0058 	EXP 	Sound  started
771.6112 	DATA 	Keypress: lctrl
771.7558 	EXP 	Sound  started
772.5058 	EXP 	Sound  started
773.1952 	DATA 	Keypress: lctrl
773.2558 	EXP 	Sound  started
773.9633 	DATA 	Keypress: rctrl
774.0058 	EXP 	Sound  started
774.6992 	DATA 	Keypress: rctrl
774.7559 	EXP 	Sound  started
775.4512 	DATA 	Keypress: lctrl
775.5059 	EXP 	Sound  started
776.1872 	DATA 	Keypress: rctrl
776.2559 	EXP 	Sound  started
776.9232 	DATA 	Keypress: rctrl
777.0059 	EXP 	Sound  started
777.6272 	DATA 	Keypress: rctrl
777.7559 	EXP 	Sound  started
778.4272 	DATA 	Keypress: lctrl
778.5059 	EXP 	Sound  started
779.1473 	DATA 	Keypress: rctrl
779.2559 	EXP 	Sound  started
779.9152 	DATA 	Keypress: lctrl
780.0059 	EXP 	Sound  started
780.6352 	DATA 	Keypress: lctrl
780.7559 	EXP 	Sound  started
781.4512 	DATA 	Keypress: lctrl
781.5060 	EXP 	Sound  started
782.1872 	DATA 	Keypress: lctrl
782.2560 	EXP 	Sound  started
782.9393 	DATA 	Keypress: rctrl
783.0060 	EXP 	Sound  started
783.6273 	DATA 	Keypress: lctrl
783.7560 	EXP 	Sound  started
784.3793 	DATA 	Keypress: lctrl
784.5060 	EXP 	Sound  started
785.1472 	DATA 	Keypress: lctrl
785.2560 	EXP 	Sound  started
786.0060 	EXP 	Sound  started
786.2192 	DATA 	Keypress: rctrl
786.7312 	DATA 	Keypress: rctrl
786.7561 	EXP 	Sound  started
787.4832 	DATA 	Keypress: lctrl
787.5061 	EXP 	Sound  started
788.1712 	DATA 	Keypress: lctrl
788.2561 	EXP 	Sound  started
788.9232 	DATA 	Keypress: lctrl
789.0061 	EXP 	Sound  started
789.6593 	DATA 	Keypress: rctrl
789.7561 	EXP 	Sound  started
790.3953 	DATA 	Keypress: rctrl
790.5061 	EXP 	Sound  started
791.1953 	DATA 	Keypress: rctrl
791.2561 	EXP 	Sound  started
791.9312 	DATA 	Keypress: lctrl
792.0062 	EXP 	Sound  started
792.7562 	EXP 	Sound  started
793.5062 	EXP 	Sound  started
794.1392 	DATA 	Keypress: lctrl
794.2562 	EXP 	Sound  started
795.0062 	EXP 	Sound  started
795.7552 	DATA 	Keypress: rctrl
795.7562 	EXP 	Sound  started
796.4433 	DATA 	Keypress: rctrl
796.5062 	EXP 	Sound  started
797.2432 	DATA 	Keypress: lctrl
797.2563 	EXP 	Sound  started
797.9792 	DATA 	Keypress: lctrl
798.0063 	EXP 	Sound  started
798.7563 	EXP 	Sound  started
798.7632 	DATA 	Keypress: lctrl
799.5063 	EXP 	Sound  started
800.2563 	EXP 	Sound  started
800.2673 	DATA 	Keypress: rctrl
801.0063 	EXP 	Sound  started
801.0352 	DATA 	Keypress: rctrl
801.7563 	EXP 	Sound  started
801.7872 	DATA 	Keypress: lctrl
802.3952 	DATA 	Keypress: lctrl
802.5063 	EXP 	Sound  started
803.2112 	DATA 	Keypress: rctrl
803.2564 	EXP 	Sound  started
803.9791 	DATA 	Keypress: rctrl
804.0064 	EXP 	Sound  started
804.6671 	DATA 	Keypress: lctrl
804.7564 	EXP 	Sound  started
805.4192 	DATA 	Keypress: lctrl
805.5064 	EXP 	Sound  started
806.1552 	DATA 	Keypress: lctrl
806.2564 	EXP 	Sound  started
806.9392 	DATA 	Keypress: lctrl
807.0064 	EXP 	Sound  started
807.7392 	DATA 	Keypress: rctrl
807.7564 	EXP 	Sound  started
808.5064 	EXP 	Sound  started
809.2565 	EXP 	Sound  started
809.3552 	DATA 	Keypress: lctrl
810.0065 	EXP 	Sound  started
810.6991 	DATA 	Keypress: lctrl
810.7565 	EXP 	Sound  started
811.4674 	DATA 	Keypress: lctrl
811.5065 	EXP 	Sound  started
812.2192 	DATA 	Keypress: lctrl
812.2565 	EXP 	Sound  started
813.0065 	EXP 	Sound  started
813.0192 	DATA 	Keypress: lctrl
813.7231 	DATA 	Keypress: lctrl
813.7565 	EXP 	Sound  started
814.5066 	EXP 	Sound  started
815.2111 	DATA 	Keypress: rctrl
815.2566 	EXP 	Sound  started
815.9472 	DATA 	Keypress: rctrl
817.4840 	DATA 	Keypress: 4
817.5136 	EXP 	unnamed ShapeStim: vertices = <class 'numpy.ndarray'>
824.4190 	DATA 	Keypress: 4
824.4355 	EXP 	unnamed ShapeStim: vertices = <class 'numpy.ndarray'>
825.9739 	DATA 	Keypress: 1
826.0035 	EXP 	unnamed ShapeStim: vertices = <class 'numpy.ndarray'>
828.2879 	EXP 	Sound  started
828.4914 	DATA 	Keypress: rctrl
829.0032 	DATA 	Keypress: lshift
829.0377 	EXP 	Sound  started
829.7393 	DATA 	Keypress: rctrl
829.7878 	EXP 	Sound  started
830.5072 	DATA 	Keypress: lctrl
830.5378 	EXP 	Sound  started
831.2111 	DATA 	Keypress: lctrl
831.2878 	EXP 	Sound  started
831.9792 	DATA 	Keypress: lctrl
832.0378 	EXP 	Sound  started
832.7152 	DATA 	Keypress: rctrl
832.7878 	EXP 	Sound  started
833.4671 	DATA 	Keypress: rctrl
833.5378 	EXP 	Sound  started
834.2032 	DATA 	Keypress: lctrl
834.2878 	EXP 	Sound  started
834.9232 	DATA 	Keypress: rctrl
835.0379 	EXP 	Sound  started
835.7552 	DATA 	Keypress: lctrl
835.7879 	EXP 	Sound  started
836.4913 	DATA 	Keypress: lctrl
836.5379 	EXP 	Sound  started
837.1952 	DATA 	Keypress: lctrl
837.2879 	EXP 	Sound  started
838.0379 	EXP 	Sound  started
838.7472 	DATA 	Keypress: lctrl
838.7879 	EXP 	Sound  started
839.4832 	DATA 	Keypress: lctrl
839.5379 	EXP 	Sound  started
840.2192 	DATA 	Keypress: lctrl
840.2879 	EXP 	Sound  started
840.9551 	DATA 	Keypress: rctrl
841.0380 	EXP 	Sound  started
841.7071 	DATA 	Keypress: rctrl
841.7880 	EXP 	Sound  started
842.3793 	DATA 	Keypress: rctrl
842.5380 	EXP 	Sound  started
843.2113 	DATA 	Keypress: lctrl
843.2880 	EXP 	Sound  started
843.9793 	DATA 	Keypress: lctrl
844.0380 	EXP 	Sound  started
844.7792 	DATA 	Keypress: rctrl
844.7880 	EXP 	Sound  started
845.5380 	EXP 	Sound  started
845.5471 	DATA 	Keypress: rctrl
846.2880 	EXP 	Sound  started
846.9712 	DATA 	Keypress: lctrl
847.0381 	EXP 	Sound  started
847.7392 	DATA 	Keypress: rctrl
847.7881 	EXP 	Sound  started
848.4911 	DATA 	Keypress: rctrl
848.5381 	EXP 	Sound  started
849.2752 	DATA 	Keypress: rctrl
849.2881 	EXP 	Sound  started
849.9472 	DATA 	Keypress: lctrl
850.0381 	EXP 	Sound  started
850.7152 	DATA 	Keypress: rctrl
850.7881 	EXP 	Sound  started
851.4513 	DATA 	Keypress: lctrl
851.5381 	EXP 	Sound  started
852.2192 	DATA 	Keypress: lctrl
852.2881 	EXP 	Sound  started
852.9712 	DATA 	Keypress: lctrl
853.0382 	EXP 	Sound  started
853.7391 	DATA 	Keypress: rctrl
853.7882 	EXP 	Sound  started
854.4752 	DATA 	Keypress: rctrl
854.5382 	EXP 	Sound  started
855.2272 	DATA 	Keypress: lctrl
855.2882 	EXP 	Sound  started
855.9792 	DATA 	Keypress: rctrl
856.0382 	EXP 	Sound  started
856.7472 	DATA 	Keypress: rctrl
856.7882 	EXP 	Sound  started
857.5382 	EXP 	Sound  started
857.6593 	DATA 	Keypress: lctrl
858.2672 	DATA 	Keypress: lctrl
858.2882 	EXP 	Sound  started
858.9553 	DATA 	Keypress: lctrl
859.0383 	EXP 	Sound  started
859.7233 	DATA 	Keypress: lctrl
859.7883 	EXP 	Sound  started
860.4592 	DATA 	Keypress: rctrl
860.5383 	EXP 	Sound  started
861.2432 	DATA 	Keypress: lctrl
861.2883 	EXP 	Sound  started
861.9631 	DATA 	Keypress: lctrl
862.0383 	EXP 	Sound  started
862.7632 	DATA 	Keypress: lctrl
862.7883 	EXP 	Sound  started
863.5151 	DATA 	Keypress: rctrl
863.5383 	EXP 	Sound  started
864.2884 	EXP 	Sound  started
864.4432 	DATA 	Keypress: lctrl
865.0351 	DATA 	Keypress: lctrl
865.0384 	EXP 	Sound  started
865.7233 	DATA 	Keypress: lctrl
865.7884 	EXP 	Sound  started
866.5232 	DATA 	Keypress: rctrl
866.5384 	EXP 	Sound  started
867.2884 	EXP 	Sound  started
867.2912 	DATA 	Keypress: rctrl
868.0113 	DATA 	Keypress: lctrl
868.0384 	EXP 	Sound  started
868.7311 	DATA 	Keypress: rctrl
868.7884 	EXP 	Sound  started
869.5151 	DATA 	Keypress: rctrl
869.5385 	EXP 	Sound  started
870.2672 	DATA 	Keypress: lctrl
870.2885 	EXP 	Sound  started
871.0193 	DATA 	Keypress: lctrl
871.0385 	EXP 	Sound  started
871.7392 	DATA 	Keypress: lctrl
871.7885 	EXP 	Sound  started
872.5232 	DATA 	Keypress: rctrl
872.5385 	EXP 	Sound  started
873.2752 	DATA 	Keypress: lctrl
873.2885 	EXP 	Sound  started
873.9951 	DATA 	Keypress: lctrl
874.0385 	EXP 	Sound  started
874.7885 	EXP 	Sound  started
874.8912 	DATA 	Keypress: lctrl
875.5386 	EXP 	Sound  started
875.5632 	DATA 	Keypress: rctrl
876.2512 	DATA 	Keypress: rctrl
876.2886 	EXP 	Sound  started
877.0032 	DATA 	Keypress: rctrl
877.0386 	EXP 	Sound  started
877.7231 	DATA 	Keypress: lctrl
877.7886 	EXP 	Sound  started
878.5071 	DATA 	Keypress: rctrl
878.5386 	EXP 	Sound  started
879.2271 	DATA 	Keypress: lctrl
879.2886 	EXP 	Sound  started
879.9471 	DATA 	Keypress: lctrl
880.0386 	EXP 	Sound  started
880.7887 	EXP 	Sound  started
880.9871 	DATA 	Keypress: lctrl
881.5387 	EXP 	Sound  started
881.6271 	DATA 	Keypress: rctrl
882.2671 	DATA 	Keypress: lctrl
882.2887 	EXP 	Sound  started
882.9551 	DATA 	Keypress: lctrl
883.0387 	EXP 	Sound  started
883.7071 	DATA 	Keypress: lctrl
883.7887 	EXP 	Sound  started
884.4752 	DATA 	Keypress: lctrl
884.5387 	EXP 	Sound  started
885.2591 	DATA 	Keypress: rctrl
885.2887 	EXP 	Sound  started
886.0388 	EXP 	Sound  started
886.7888 	EXP 	Sound  started
886.7951 	DATA 	Keypress: lctrl
887.5152 	DATA 	Keypress: lctrl
889.1720 	DATA 	Keypress: 3
889.1885 	EXP 	unnamed ShapeStim: vertices = <class 'numpy.ndarray'>
893.7257 	DATA 	Keypress: 3
893.7422 	EXP 	unnamed ShapeStim: vertices = <class 'numpy.ndarray'>
895.4938 	DATA 	Keypress: 1
895.5104 	EXP 	unnamed ShapeStim: vertices = <class 'numpy.ndarray'>
899.8138 	DATA 	Keypress: lctrl
1473.0193 	DATA 	Keypress: return
1473.1047 	EXP 	window1: mouseVisible = True
