15.7795 	WARNING 	User requested fullscreen with size [1024  768], but screen is actually [1920, 1200]. Using actual size
16.6071 	EXP 	Created window1 = Window(allowGUI=False, allowStencil=False, autoLog=True, backendConf=UNKNOWN, bitsMode=UNKNOWN, blendMode='avg', bpc=(8, 8, 8), color=array([0, 0, 0]), colorSpace='rgb', depthBits=8, fullscr=<method-wrapper '__getattribute__' of attributeSetter object at 0x000001AA27A16780>, gamma=None, gammaErrorPolicy='raise', lms=UNKNOWN, monitor=<psychopy.monitors.calibTools.Monitor object at 0x000001AA29124080>, multiSample=False, name='window1', numSamples=2, pos=[0.0, 0.0], screen=0, size=array([1920, 1200]), stencilBits=0, stereo=False, units='norm', useFBO=True, useRetina=False, viewOri=0.0, viewPos=None, viewScale=None, waitBlanking=True, winType='pyglet')
16.6074 	EXP 	window1: mouseVisible = True
16.6074 	EXP 	window1: mouseVisible = False
16.6074 	EXP 	window1: recordFrameIntervals = False
16.7736 	EXP 	window1: recordFrameIntervals = True
16.9572 	EXP 	window1: recordFrameIntervals = False
17.0138 	EXP 	Created text = TextStim(__class__=<class 'psychopy.visual.text.TextStim'>, alignHoriz=method-wrapper(...), alignText='center', alignVert=method-wrapper(...), anchorHoriz='center', anchorVert='center', antialias=True, autoLog=True, bold=False, color=array([1., 1., 1.]), colorSpace='rgb', contrast=1.0, depth=0.0, flipHoriz=False, flipVert=False, font='Arial', fontFiles=[], height=0.15, italic=False, languageStyle='LTR', name='text', opacity=1, ori=0, pos=array([0., 0.]), rgb=UNKNOWN, text='+', units='norm', win=Window(...), wrapWidth=1)
17.0355 	EXP 	Created text = TextStim(__class__=<class 'psychopy.visual.text.TextStim'>, alignHoriz=method-wrapper(...), alignText='center', alignVert=method-wrapper(...), anchorHoriz='center', anchorVert='center', antialias=True, autoLog=True, bold=False, color=array([1., 1., 1.]), colorSpace='rgb', contrast=1.0, depth=0.0, flipHoriz=False, flipVert=False, font='Arial', fontFiles=[], height=0.07, italic=False, languageStyle='LTR', name='text', opacity=1, ori=0, pos=array([0., 0.]), rgb=UNKNOWN, text=str(...), units='norm', win=Window(...), wrapWidth=1.65)
17.0450 	EXP 	Created text = TextStim(__class__=<class 'psychopy.visual.text.TextStim'>, alignHoriz=method-wrapper(...), alignText='center', alignVert=method-wrapper(...), anchorHoriz='center', anchorVert='center', antialias=True, autoLog=True, bold=False, color=array([1., 1., 1.]), colorSpace='rgb', contrast=1.0, depth=0.0, flipHoriz=False, flipVert=False, font='Arial', fontFiles=[], height=0.07, italic=False, languageStyle='LTR', name='text', opacity=1, ori=0, pos=array([0., 0.]), rgb=UNKNOWN, text=str(...), units='norm', win=Window(...), wrapWidth=1.65)
17.0544 	EXP 	Created text = TextStim(__class__=<class 'psychopy.visual.text.TextStim'>, alignHoriz=method-wrapper(...), alignText='center', alignVert=method-wrapper(...), anchorHoriz='center', anchorVert='center', antialias=True, autoLog=True, bold=False, color=array([1., 1., 1.]), colorSpace='rgb', contrast=1.0, depth=0.0, flipHoriz=False, flipVert=False, font='Arial', fontFiles=[], height=0.07, italic=False, languageStyle='LTR', name='text', opacity=1, ori=0, pos=array([0., 0.]), rgb=UNKNOWN, text=str(...), units='norm', win=Window(...), wrapWidth=1.65)
17.0647 	EXP 	Created text = TextStim(__class__=<class 'psychopy.visual.text.TextStim'>, alignHoriz=method-wrapper(...), alignText='center', alignVert=method-wrapper(...), anchorHoriz='center', anchorVert='center', antialias=True, autoLog=True, bold=False, color=array([1., 1., 1.]), colorSpace='rgb', contrast=1.0, depth=0.0, flipHoriz=False, flipVert=False, font='Arial', fontFiles=[], height=0.07, italic=False, languageStyle='LTR', name='text', opacity=1, ori=0, pos=array([0., 0.]), rgb=UNKNOWN, text=str(...), units='norm', win=Window(...), wrapWidth=1.65)
17.0706 	EXP 	Created text = TextStim(__class__=<class 'psychopy.visual.text.TextStim'>, alignHoriz=method-wrapper(...), alignText='center', alignVert=method-wrapper(...), anchorHoriz='center', anchorVert='center', antialias=True, autoLog=True, bold=False, color=array([1., 1., 1.]), colorSpace='rgb', contrast=1.0, depth=0.0, flipHoriz=False, flipVert=False, font='Arial', fontFiles=[], height=0.07, italic=False, languageStyle='LTR', name='text', opacity=1, ori=0, pos=array([0., 0.]), rgb=UNKNOWN, text=str(...), units='norm', win=Window(...), wrapWidth=1.65)
17.0848 	EXP 	Created text = TextStim(__class__=<class 'psychopy.visual.text.TextStim'>, alignHoriz=method-wrapper(...), alignText='center', alignVert=method-wrapper(...), anchorHoriz='center', anchorVert='center', antialias=True, autoLog=True, bold=False, color=array([1., 1., 1.]), colorSpace='rgb', contrast=1.0, depth=0.0, flipHoriz=False, flipVert=False, font='Arial', fontFiles=[], height=0.15, italic=False, languageStyle='LTR', name='text', opacity=1, ori=0, pos=array([0., 0.]), rgb=UNKNOWN, text=str(...), units='norm', win=Window(...), wrapWidth=1.65)
17.1139 	EXP 	Created text = TextStim(__class__=<class 'psychopy.visual.text.TextStim'>, alignHoriz=method-wrapper(...), alignText='center', alignVert=method-wrapper(...), anchorHoriz='center', anchorVert='center', antialias=True, autoLog=True, bold=False, color=array([1., 1., 1.]), colorSpace='rgb', contrast=1.0, depth=0.0, flipHoriz=False, flipVert=False, font='Arial', fontFiles=[], height=0.07, italic=False, languageStyle='LTR', name='text', opacity=1, ori=0, pos=array([0., 0.]), rgb=UNKNOWN, text=str(...), units='norm', win=Window(...), wrapWidth=1.65)
17.1361 	EXP 	Created text = TextStim(__class__=<class 'psychopy.visual.text.TextStim'>, alignHoriz=method-wrapper(...), alignText='center', alignVert=method-wrapper(...), anchorHoriz='center', anchorVert='center', antialias=True, autoLog=True, bold=False, color=array([1., 1., 1.]), colorSpace='rgb', contrast=1.0, depth=0.0, flipHoriz=False, flipVert=False, font='Arial', fontFiles=[], height=0.07, italic=False, languageStyle='LTR', name='text', opacity=1, ori=0, pos=array([0., 0.]), rgb=UNKNOWN, text=str(...), units='norm', win=Window(...), wrapWidth=1.65)
17.1658 	EXP 	Created text = TextStim(__class__=<class 'psychopy.visual.text.TextStim'>, alignHoriz=method-wrapper(...), alignText='center', alignVert=method-wrapper(...), anchorHoriz='center', anchorVert='center', antialias=True, autoLog=True, bold=False, color=array([1., 1., 1.]), colorSpace='rgb', contrast=1.0, depth=0.0, flipHoriz=False, flipVert=False, font='Arial', fontFiles=[], height=0.07, italic=False, languageStyle='LTR', name='text', opacity=1, ori=0, pos=array([0., 0.]), rgb=UNKNOWN, text=str(...), units='norm', win=Window(...), wrapWidth=1.65)
17.1893 	EXP 	Created text = TextStim(__class__=<class 'psychopy.visual.text.TextStim'>, alignHoriz=method-wrapper(...), alignText='center', alignVert=method-wrapper(...), anchorHoriz='center', anchorVert='center', antialias=True, autoLog=True, bold=False, color=array([1., 1., 1.]), colorSpace='rgb', contrast=1.0, depth=0.0, flipHoriz=False, flipVert=False, font='Arial', fontFiles=[], height=0.07, italic=False, languageStyle='LTR', name='text', opacity=1, ori=0, pos=array([0., 0.]), rgb=UNKNOWN, text=str(...), units='norm', win=Window(...), wrapWidth=1.65)
17.2188 	EXP 	Created text = TextStim(__class__=<class 'psychopy.visual.text.TextStim'>, alignHoriz=method-wrapper(...), alignText='center', alignVert=method-wrapper(...), anchorHoriz='center', anchorVert='center', antialias=True, autoLog=True, bold=False, color=array([1., 1., 1.]), colorSpace='rgb', contrast=1.0, depth=0.0, flipHoriz=False, flipVert=False, font='Arial', fontFiles=[], height=0.07, italic=False, languageStyle='LTR', name='text', opacity=1, ori=0, pos=array([0., 0.]), rgb=UNKNOWN, text=str(...), units='norm', win=Window(...), wrapWidth=1.65)
17.2293 	EXP 	Created text = TextStim(__class__=<class 'psychopy.visual.text.TextStim'>, alignHoriz=method-wrapper(...), alignText='center', alignVert=method-wrapper(...), anchorHoriz='center', anchorVert='center', antialias=True, autoLog=True, bold=False, color=array([1., 1., 1.]), colorSpace='rgb', contrast=1.0, depth=0.0, flipHoriz=False, flipVert=False, font='Arial', fontFiles=[], height=0.07, italic=False, languageStyle='LTR', name='text', opacity=1, ori=0, pos=array([0., 0.]), rgb=UNKNOWN, text=str(...), units='norm', win=Window(...), wrapWidth=1.65)
17.2417 	EXP 	Created text = TextStim(__class__=<class 'psychopy.visual.text.TextStim'>, alignHoriz=method-wrapper(...), alignText='center', alignVert=method-wrapper(...), anchorHoriz='center', anchorVert='center', antialias=True, autoLog=True, bold=False, color=array([1., 1., 1.]), colorSpace='rgb', contrast=1.0, depth=0.0, flipHoriz=False, flipVert=False, font='Arial', fontFiles=[], height=0.07, italic=False, languageStyle='LTR', name='text', opacity=1, ori=0, pos=array([0., 0.]), rgb=UNKNOWN, text=str(...), units='norm', win=Window(...), wrapWidth=1.65)
17.2462 	EXP 	Created instru = TextStim(__class__=<class 'psychopy.visual.text.TextStim'>, alignHoriz=method-wrapper(...), alignText='center', alignVert=method-wrapper(...), anchorHoriz='center', anchorVert='center', antialias=True, autoLog=True, bold=False, color=array([1., 1., 1.]), colorSpace='rgb', contrast=1.0, depth=0.0, flipHoriz=False, flipVert=False, font='Arial', fontFiles=[], height=0.07, italic=False, languageStyle='LTR', name='instru', opacity=1, ori=0, pos=array([0. , 0.5]), rgb=UNKNOWN, text=str(...), units='norm', win=Window(...), wrapWidth=1)
17.2488 	EXP 	Created unnamed Line = Line(__class__=<class 'psychopy.visual.line.Line'>, autoDraw=False, autoLog=True, closeShape=False, color=array([1., 1., 1.]), colorSpace='rgb', contrast=None, depth=0, fillColor=array([0, 0, 0]), fillColorSpace='rgb', fillRGB=array([0, 0, 0]), interpolate=True, lineColor=array([1., 1., 1.]), lineColorSpace='rgb', lineRGB=array([1, 1, 1]), lineWidth=5, name='unnamed Line', opacity=0.5, ori=0.0, pos=array([0., 0.]), size=array([1., 1.]), units='norm', vertices=array([[-0.5,  0. ],
       [ 0.5,  0. ]]), win=Window(...), windingRule=None)
17.2509 	EXP 	Created unnamed Line = Line(__class__=<class 'psychopy.visual.line.Line'>, autoDraw=False, autoLog=True, closeShape=False, color=array([1., 1., 1.]), colorSpace='rgb', contrast=None, depth=0, fillColor=array([0, 0, 0]), fillColorSpace='rgb', fillRGB=array([0, 0, 0]), interpolate=True, lineColor=array([1., 1., 1.]), lineColorSpace='rgb', lineRGB=array([1, 1, 1]), lineWidth=3, name='unnamed Line', opacity=0.5, ori=0.0, pos=array([0., 0.]), size=array([1., 1.]), units='norm', vertices=array([[-0.5 , -0.05],
       [-0.5 ,  0.05]]), win=Window(...), windingRule=None)
17.2529 	EXP 	Created unnamed Line = Line(__class__=<class 'psychopy.visual.line.Line'>, autoDraw=False, autoLog=True, closeShape=False, color=array([1., 1., 1.]), colorSpace='rgb', contrast=None, depth=0, fillColor=array([0, 0, 0]), fillColorSpace='rgb', fillRGB=array([0, 0, 0]), interpolate=True, lineColor=array([1., 1., 1.]), lineColorSpace='rgb', lineRGB=array([1, 1, 1]), lineWidth=3, name='unnamed Line', opacity=0.5, ori=0.0, pos=array([0., 0.]), size=array([1., 1.]), units='norm', vertices=ndarray(...), win=Window(...), windingRule=None)
17.2549 	EXP 	Created unnamed Line = Line(__class__=<class 'psychopy.visual.line.Line'>, autoDraw=False, autoLog=True, closeShape=False, color=array([1., 1., 1.]), colorSpace='rgb', contrast=None, depth=0, fillColor=array([0, 0, 0]), fillColorSpace='rgb', fillRGB=array([0, 0, 0]), interpolate=True, lineColor=array([1., 1., 1.]), lineColorSpace='rgb', lineRGB=array([1, 1, 1]), lineWidth=3, name='unnamed Line', opacity=0.5, ori=0.0, pos=array([0., 0.]), size=array([1., 1.]), units='norm', vertices=ndarray(...), win=Window(...), windingRule=None)
17.2569 	EXP 	Created unnamed Line = Line(__class__=<class 'psychopy.visual.line.Line'>, autoDraw=False, autoLog=True, closeShape=False, color=array([1., 1., 1.]), colorSpace='rgb', contrast=None, depth=0, fillColor=array([0, 0, 0]), fillColorSpace='rgb', fillRGB=array([0, 0, 0]), interpolate=True, lineColor=array([1., 1., 1.]), lineColorSpace='rgb', lineRGB=array([1, 1, 1]), lineWidth=3, name='unnamed Line', opacity=0.5, ori=0.0, pos=array([0., 0.]), size=array([1., 1.]), units='norm', vertices=array([[ 0.5 , -0.05],
       [ 0.5 ,  0.05]]), win=Window(...), windingRule=None)
17.2695 	EXP 	Created unnamed TextStim = TextStim(__class__=<class 'psychopy.visual.text.TextStim'>, alignHoriz=method-wrapper(...), alignText='center', alignVert=method-wrapper(...), anchorHoriz='center', anchorVert='center', antialias=True, autoLog=True, bold=False, color=array([1., 1., 1.]), colorSpace='rgb', contrast=1.0, depth=0, flipHoriz=False, flipVert=False, font='', fontFiles=[], height=0.05, italic=False, languageStyle='LTR', name='unnamed TextStim', opacity=1.0, ori=0.0, pos=array([-0.5, -0.1]), rgb=UNKNOWN, text='Helt klart \n IKKE FOKUSERT', units='norm', win=Window(...), wrapWidth=1)
17.2706 	EXP 	Created unnamed TextStim = TextStim(__class__=<class 'psychopy.visual.text.TextStim'>, alignHoriz=method-wrapper(...), alignText='center', alignVert=method-wrapper(...), anchorHoriz='center', anchorVert='center', antialias=True, autoLog=True, bold=False, color=array([1., 1., 1.]), colorSpace='rgb', contrast=1.0, depth=0, flipHoriz=False, flipVert=False, font='', fontFiles=[], height=0.05, italic=False, languageStyle='LTR', name='unnamed TextStim', opacity=1.0, ori=0.0, pos=array([-0.16666667, -0.1       ]), rgb=UNKNOWN, text='', units='norm', win=Window(...), wrapWidth=1)
17.2716 	EXP 	Created unnamed TextStim = TextStim(__class__=<class 'psychopy.visual.text.TextStim'>, alignHoriz=method-wrapper(...), alignText='center', alignVert=method-wrapper(...), anchorHoriz='center', anchorVert='center', antialias=True, autoLog=True, bold=False, color=array([1., 1., 1.]), colorSpace='rgb', contrast=1.0, depth=0, flipHoriz=False, flipVert=False, font='', fontFiles=[], height=0.05, italic=False, languageStyle='LTR', name='unnamed TextStim', opacity=1.0, ori=0.0, pos=array([ 0.16666667, -0.1       ]), rgb=UNKNOWN, text='', units='norm', win=Window(...), wrapWidth=1)
17.2752 	EXP 	Created unnamed TextStim = TextStim(__class__=<class 'psychopy.visual.text.TextStim'>, alignHoriz=method-wrapper(...), alignText='center', alignVert=method-wrapper(...), anchorHoriz='center', anchorVert='center', antialias=True, autoLog=True, bold=False, color=array([1., 1., 1.]), colorSpace='rgb', contrast=1.0, depth=0, flipHoriz=False, flipVert=False, font='', fontFiles=[], height=0.05, italic=False, languageStyle='LTR', name='unnamed TextStim', opacity=1.0, ori=0.0, pos=array([ 0.5, -0.1]), rgb=UNKNOWN, text='Helt klart \n FOKUSERT', units='norm', win=Window(...), wrapWidth=1)
17.2772 	EXP 	Created unnamed ShapeStim = ShapeStim(__class__=<class 'psychopy.visual.shape.ShapeStim'>, autoDraw=False, autoLog=True, closeShape=True, color=method-wrapper(...), colorSpace='rgb', contrast=None, depth=0, fillColor=array([1, 1, 1]), fillColorSpace='rgb', fillRGB=array([1, 1, 1]), interpolate=True, lineColor=array([-1., -1., -1.]), lineColorSpace='rgb', lineRGB=array([-1, -1, -1]), lineWidth=1.5, name='unnamed ShapeStim', opacity=1.0, ori=0.0, pos=array([0., 0.]), size=array([1., 1.]), units='norm', vertices=ndarray(...), win=Window(...), windingRule=None)
17.2868 	EXP 	Created instru = TextStim(__class__=<class 'psychopy.visual.text.TextStim'>, alignHoriz=method-wrapper(...), alignText='center', alignVert=method-wrapper(...), anchorHoriz='center', anchorVert='center', antialias=True, autoLog=True, bold=False, color=array([1., 1., 1.]), colorSpace='rgb', contrast=1.0, depth=0.0, flipHoriz=False, flipVert=False, font='Arial', fontFiles=[], height=0.07, italic=False, languageStyle='LTR', name='instru', opacity=1, ori=0, pos=array([0. , 0.5]), rgb=UNKNOWN, text=str(...), units='norm', win=Window(...), wrapWidth=1)
17.2889 	EXP 	Created unnamed Line = Line(__class__=<class 'psychopy.visual.line.Line'>, autoDraw=False, autoLog=True, closeShape=False, color=array([1., 1., 1.]), colorSpace='rgb', contrast=None, depth=0, fillColor=array([0, 0, 0]), fillColorSpace='rgb', fillRGB=array([0, 0, 0]), interpolate=True, lineColor=array([1., 1., 1.]), lineColorSpace='rgb', lineRGB=array([1, 1, 1]), lineWidth=5, name='unnamed Line', opacity=0.5, ori=0.0, pos=array([0., 0.]), size=array([1., 1.]), units='norm', vertices=array([[-0.5,  0. ],
       [ 0.5,  0. ]]), win=Window(...), windingRule=None)
17.2909 	EXP 	Created unnamed Line = Line(__class__=<class 'psychopy.visual.line.Line'>, autoDraw=False, autoLog=True, closeShape=False, color=array([1., 1., 1.]), colorSpace='rgb', contrast=None, depth=0, fillColor=array([0, 0, 0]), fillColorSpace='rgb', fillRGB=array([0, 0, 0]), interpolate=True, lineColor=array([1., 1., 1.]), lineColorSpace='rgb', lineRGB=array([1, 1, 1]), lineWidth=3, name='unnamed Line', opacity=0.5, ori=0.0, pos=array([0., 0.]), size=array([1., 1.]), units='norm', vertices=array([[-0.5 , -0.05],
       [-0.5 ,  0.05]]), win=Window(...), windingRule=None)
17.2930 	EXP 	Created unnamed Line = Line(__class__=<class 'psychopy.visual.line.Line'>, autoDraw=False, autoLog=True, closeShape=False, color=array([1., 1., 1.]), colorSpace='rgb', contrast=None, depth=0, fillColor=array([0, 0, 0]), fillColorSpace='rgb', fillRGB=array([0, 0, 0]), interpolate=True, lineColor=array([1., 1., 1.]), lineColorSpace='rgb', lineRGB=array([1, 1, 1]), lineWidth=3, name='unnamed Line', opacity=0.5, ori=0.0, pos=array([0., 0.]), size=array([1., 1.]), units='norm', vertices=ndarray(...), win=Window(...), windingRule=None)
17.2951 	EXP 	Created unnamed Line = Line(__class__=<class 'psychopy.visual.line.Line'>, autoDraw=False, autoLog=True, closeShape=False, color=array([1., 1., 1.]), colorSpace='rgb', contrast=None, depth=0, fillColor=array([0, 0, 0]), fillColorSpace='rgb', fillRGB=array([0, 0, 0]), interpolate=True, lineColor=array([1., 1., 1.]), lineColorSpace='rgb', lineRGB=array([1, 1, 1]), lineWidth=3, name='unnamed Line', opacity=0.5, ori=0.0, pos=array([0., 0.]), size=array([1., 1.]), units='norm', vertices=ndarray(...), win=Window(...), windingRule=None)
17.2971 	EXP 	Created unnamed Line = Line(__class__=<class 'psychopy.visual.line.Line'>, autoDraw=False, autoLog=True, closeShape=False, color=array([1., 1., 1.]), colorSpace='rgb', contrast=None, depth=0, fillColor=array([0, 0, 0]), fillColorSpace='rgb', fillRGB=array([0, 0, 0]), interpolate=True, lineColor=array([1., 1., 1.]), lineColorSpace='rgb', lineRGB=array([1, 1, 1]), lineWidth=3, name='unnamed Line', opacity=0.5, ori=0.0, pos=array([0., 0.]), size=array([1., 1.]), units='norm', vertices=array([[ 0.5 , -0.05],
       [ 0.5 ,  0.05]]), win=Window(...), windingRule=None)
17.3026 	EXP 	Created unnamed TextStim = TextStim(__class__=<class 'psychopy.visual.text.TextStim'>, alignHoriz=method-wrapper(...), alignText='center', alignVert=method-wrapper(...), anchorHoriz='center', anchorVert='center', antialias=True, autoLog=True, bold=False, color=array([1., 1., 1.]), colorSpace='rgb', contrast=1.0, depth=0, flipHoriz=False, flipVert=False, font='', fontFiles=[], height=0.05, italic=False, languageStyle='LTR', name='unnamed TextStim', opacity=1.0, ori=0.0, pos=array([-0.5, -0.1]), rgb=UNKNOWN, text='Helt klart \n INGENTING', units='norm', win=Window(...), wrapWidth=1)
17.3037 	EXP 	Created unnamed TextStim = TextStim(__class__=<class 'psychopy.visual.text.TextStim'>, alignHoriz=method-wrapper(...), alignText='center', alignVert=method-wrapper(...), anchorHoriz='center', anchorVert='center', antialias=True, autoLog=True, bold=False, color=array([1., 1., 1.]), colorSpace='rgb', contrast=1.0, depth=0, flipHoriz=False, flipVert=False, font='', fontFiles=[], height=0.05, italic=False, languageStyle='LTR', name='unnamed TextStim', opacity=1.0, ori=0.0, pos=array([-0.16666667, -0.1       ]), rgb=UNKNOWN, text='', units='norm', win=Window(...), wrapWidth=1)
17.3047 	EXP 	Created unnamed TextStim = TextStim(__class__=<class 'psychopy.visual.text.TextStim'>, alignHoriz=method-wrapper(...), alignText='center', alignVert=method-wrapper(...), anchorHoriz='center', anchorVert='center', antialias=True, autoLog=True, bold=False, color=array([1., 1., 1.]), colorSpace='rgb', contrast=1.0, depth=0, flipHoriz=False, flipVert=False, font='', fontFiles=[], height=0.05, italic=False, languageStyle='LTR', name='unnamed TextStim', opacity=1.0, ori=0.0, pos=array([ 0.16666667, -0.1       ]), rgb=UNKNOWN, text='', units='norm', win=Window(...), wrapWidth=1)
17.3079 	EXP 	Created unnamed TextStim = TextStim(__class__=<class 'psychopy.visual.text.TextStim'>, alignHoriz=method-wrapper(...), alignText='center', alignVert=method-wrapper(...), anchorHoriz='center', anchorVert='center', antialias=True, autoLog=True, bold=False, color=array([1., 1., 1.]), colorSpace='rgb', contrast=1.0, depth=0, flipHoriz=False, flipVert=False, font='', fontFiles=[], height=0.05, italic=False, languageStyle='LTR', name='unnamed TextStim', opacity=1.0, ori=0.0, pos=array([ 0.5, -0.1]), rgb=UNKNOWN, text='Helt klart \n NOE', units='norm', win=Window(...), wrapWidth=1)
17.3098 	EXP 	Created unnamed ShapeStim = ShapeStim(__class__=<class 'psychopy.visual.shape.ShapeStim'>, autoDraw=False, autoLog=True, closeShape=True, color=method-wrapper(...), colorSpace='rgb', contrast=None, depth=0, fillColor=array([1, 1, 1]), fillColorSpace='rgb', fillRGB=array([1, 1, 1]), interpolate=True, lineColor=array([-1., -1., -1.]), lineColorSpace='rgb', lineRGB=array([-1, -1, -1]), lineWidth=1.5, name='unnamed ShapeStim', opacity=1.0, ori=0.0, pos=array([0., 0.]), size=array([1., 1.]), units='norm', vertices=ndarray(...), win=Window(...), windingRule=None)
17.3166 	EXP 	Created instru = TextStim(__class__=<class 'psychopy.visual.text.TextStim'>, alignHoriz=method-wrapper(...), alignText='center', alignVert=method-wrapper(...), anchorHoriz='center', anchorVert='center', antialias=True, autoLog=True, bold=False, color=array([1., 1., 1.]), colorSpace='rgb', contrast=1.0, depth=0.0, flipHoriz=False, flipVert=False, font='Arial', fontFiles=[], height=0.07, italic=False, languageStyle='LTR', name='instru', opacity=1, ori=0, pos=array([0. , 0.5]), rgb=UNKNOWN, text=str(...), units='norm', win=Window(...), wrapWidth=1)
17.3186 	EXP 	Created unnamed Line = Line(__class__=<class 'psychopy.visual.line.Line'>, autoDraw=False, autoLog=True, closeShape=False, color=array([1., 1., 1.]), colorSpace='rgb', contrast=None, depth=0, fillColor=array([0, 0, 0]), fillColorSpace='rgb', fillRGB=array([0, 0, 0]), interpolate=True, lineColor=array([1., 1., 1.]), lineColorSpace='rgb', lineRGB=array([1, 1, 1]), lineWidth=5, name='unnamed Line', opacity=0.5, ori=0.0, pos=array([0., 0.]), size=array([1., 1.]), units='norm', vertices=array([[-0.5,  0. ],
       [ 0.5,  0. ]]), win=Window(...), windingRule=None)
17.3206 	EXP 	Created unnamed Line = Line(__class__=<class 'psychopy.visual.line.Line'>, autoDraw=False, autoLog=True, closeShape=False, color=array([1., 1., 1.]), colorSpace='rgb', contrast=None, depth=0, fillColor=array([0, 0, 0]), fillColorSpace='rgb', fillRGB=array([0, 0, 0]), interpolate=True, lineColor=array([1., 1., 1.]), lineColorSpace='rgb', lineRGB=array([1, 1, 1]), lineWidth=3, name='unnamed Line', opacity=0.5, ori=0.0, pos=array([0., 0.]), size=array([1., 1.]), units='norm', vertices=array([[-0.5 , -0.05],
       [-0.5 ,  0.05]]), win=Window(...), windingRule=None)
17.3227 	EXP 	Created unnamed Line = Line(__class__=<class 'psychopy.visual.line.Line'>, autoDraw=False, autoLog=True, closeShape=False, color=array([1., 1., 1.]), colorSpace='rgb', contrast=None, depth=0, fillColor=array([0, 0, 0]), fillColorSpace='rgb', fillRGB=array([0, 0, 0]), interpolate=True, lineColor=array([1., 1., 1.]), lineColorSpace='rgb', lineRGB=array([1, 1, 1]), lineWidth=3, name='unnamed Line', opacity=0.5, ori=0.0, pos=array([0., 0.]), size=array([1., 1.]), units='norm', vertices=ndarray(...), win=Window(...), windingRule=None)
17.3247 	EXP 	Created unnamed Line = Line(__class__=<class 'psychopy.visual.line.Line'>, autoDraw=False, autoLog=True, closeShape=False, color=array([1., 1., 1.]), colorSpace='rgb', contrast=None, depth=0, fillColor=array([0, 0, 0]), fillColorSpace='rgb', fillRGB=array([0, 0, 0]), interpolate=True, lineColor=array([1., 1., 1.]), lineColorSpace='rgb', lineRGB=array([1, 1, 1]), lineWidth=3, name='unnamed Line', opacity=0.5, ori=0.0, pos=array([0., 0.]), size=array([1., 1.]), units='norm', vertices=ndarray(...), win=Window(...), windingRule=None)
17.3267 	EXP 	Created unnamed Line = Line(__class__=<class 'psychopy.visual.line.Line'>, autoDraw=False, autoLog=True, closeShape=False, color=array([1., 1., 1.]), colorSpace='rgb', contrast=None, depth=0, fillColor=array([0, 0, 0]), fillColorSpace='rgb', fillRGB=array([0, 0, 0]), interpolate=True, lineColor=array([1., 1., 1.]), lineColorSpace='rgb', lineRGB=array([1, 1, 1]), lineWidth=3, name='unnamed Line', opacity=0.5, ori=0.0, pos=array([0., 0.]), size=array([1., 1.]), units='norm', vertices=array([[ 0.5 , -0.05],
       [ 0.5 ,  0.05]]), win=Window(...), windingRule=None)
17.3315 	EXP 	Created unnamed TextStim = TextStim(__class__=<class 'psychopy.visual.text.TextStim'>, alignHoriz=method-wrapper(...), alignText='center', alignVert=method-wrapper(...), anchorHoriz='center', anchorVert='center', antialias=True, autoLog=True, bold=False, color=array([1., 1., 1.]), colorSpace='rgb', contrast=1.0, depth=0, flipHoriz=False, flipVert=False, font='', fontFiles=[], height=0.05, italic=False, languageStyle='LTR', name='unnamed TextStim', opacity=1.0, ori=0.0, pos=array([-0.5, -0.1]), rgb=UNKNOWN, text='Helt klart \n SPONTAN', units='norm', win=Window(...), wrapWidth=1)
17.3326 	EXP 	Created unnamed TextStim = TextStim(__class__=<class 'psychopy.visual.text.TextStim'>, alignHoriz=method-wrapper(...), alignText='center', alignVert=method-wrapper(...), anchorHoriz='center', anchorVert='center', antialias=True, autoLog=True, bold=False, color=array([1., 1., 1.]), colorSpace='rgb', contrast=1.0, depth=0, flipHoriz=False, flipVert=False, font='', fontFiles=[], height=0.05, italic=False, languageStyle='LTR', name='unnamed TextStim', opacity=1.0, ori=0.0, pos=array([-0.16666667, -0.1       ]), rgb=UNKNOWN, text='', units='norm', win=Window(...), wrapWidth=1)
17.3336 	EXP 	Created unnamed TextStim = TextStim(__class__=<class 'psychopy.visual.text.TextStim'>, alignHoriz=method-wrapper(...), alignText='center', alignVert=method-wrapper(...), anchorHoriz='center', anchorVert='center', antialias=True, autoLog=True, bold=False, color=array([1., 1., 1.]), colorSpace='rgb', contrast=1.0, depth=0, flipHoriz=False, flipVert=False, font='', fontFiles=[], height=0.05, italic=False, languageStyle='LTR', name='unnamed TextStim', opacity=1.0, ori=0.0, pos=array([ 0.16666667, -0.1       ]), rgb=UNKNOWN, text='', units='norm', win=Window(...), wrapWidth=1)
17.3384 	EXP 	Created unnamed TextStim = TextStim(__class__=<class 'psychopy.visual.text.TextStim'>, alignHoriz=method-wrapper(...), alignText='center', alignVert=method-wrapper(...), anchorHoriz='center', anchorVert='center', antialias=True, autoLog=True, bold=False, color=array([1., 1., 1.]), colorSpace='rgb', contrast=1.0, depth=0, flipHoriz=False, flipVert=False, font='', fontFiles=[], height=0.05, italic=False, languageStyle='LTR', name='unnamed TextStim', opacity=1.0, ori=0.0, pos=array([ 0.5, -0.1]), rgb=UNKNOWN, text='Helt klart \n BEVISST', units='norm', win=Window(...), wrapWidth=1)
17.3403 	EXP 	Created unnamed ShapeStim = ShapeStim(__class__=<class 'psychopy.visual.shape.ShapeStim'>, autoDraw=False, autoLog=True, closeShape=True, color=method-wrapper(...), colorSpace='rgb', contrast=None, depth=0, fillColor=array([1, 1, 1]), fillColorSpace='rgb', fillRGB=array([1, 1, 1]), interpolate=True, lineColor=array([-1., -1., -1.]), lineColorSpace='rgb', lineRGB=array([-1, -1, -1]), lineWidth=1.5, name='unnamed ShapeStim', opacity=1.0, ori=0.0, pos=array([0., 0.]), size=array([1., 1.]), units='norm', vertices=ndarray(...), win=Window(...), windingRule=None)
17.3893 	EXP 	Sound  set volume 1.000
17.4209 	EXP 	unnamed ShapeStim: vertices = <class 'numpy.ndarray'>
17.4209 	EXP 	unnamed ShapeStim: vertices = <class 'numpy.ndarray'>
17.4209 	EXP 	unnamed ShapeStim: vertices = <class 'numpy.ndarray'>
198.9089 	DATA 	Keypress: rctrl
199.4234 	EXP 	Sound  started
199.5649 	DATA 	Keypress: lctrl
200.1733 	EXP 	Sound  started
200.2209 	DATA 	Keypress: rctrl
200.9233 	EXP 	Sound  started
200.9728 	DATA 	Keypress: lctrl
201.6608 	DATA 	Keypress: lctrl
201.6733 	EXP 	Sound  started
202.3808 	DATA 	Keypress: lctrl
202.4233 	EXP 	Sound  started
203.1168 	DATA 	Keypress: rctrl
203.1733 	EXP 	Sound  started
203.8527 	DATA 	Keypress: lctrl
203.9233 	EXP 	Sound  started
204.5087 	DATA 	Keypress: rctrl
204.6734 	EXP 	Sound  started
205.2608 	DATA 	Keypress: rctrl
205.4234 	EXP 	Sound  started
206.1088 	DATA 	Keypress: rctrl
206.1734 	EXP 	Sound  started
206.7968 	DATA 	Keypress: lctrl
206.9234 	EXP 	Sound  started
207.5167 	DATA 	Keypress: rctrl
207.6734 	EXP 	Sound  started
208.2688 	DATA 	Keypress: lctrl
208.4234 	EXP 	Sound  started
209.1489 	DATA 	Keypress: lctrl
209.1735 	EXP 	Sound  started
209.7568 	DATA 	Keypress: rctrl
209.9235 	EXP 	Sound  started
210.5247 	DATA 	Keypress: lctrl
210.6735 	EXP 	Sound  started
211.3088 	DATA 	Keypress: lctrl
211.4235 	EXP 	Sound  started
212.1088 	DATA 	Keypress: lctrl
212.1735 	EXP 	Sound  started
212.8768 	DATA 	Keypress: lctrl
212.9235 	EXP 	Sound  started
213.5809 	DATA 	Keypress: rctrl
213.6735 	EXP 	Sound  started
214.2048 	DATA 	Keypress: lctrl
214.4236 	EXP 	Sound  started
215.0848 	DATA 	Keypress: rctrl
215.1736 	EXP 	Sound  started
215.7888 	DATA 	Keypress: rctrl
215.9236 	EXP 	Sound  started
216.5088 	DATA 	Keypress: rctrl
216.6736 	EXP 	Sound  started
217.2288 	DATA 	Keypress: lctrl
217.4236 	EXP 	Sound  started
218.0127 	DATA 	Keypress: rctrl
218.1736 	EXP 	Sound  started
218.8288 	DATA 	Keypress: lctrl
218.9237 	EXP 	Sound  started
219.5648 	DATA 	Keypress: lctrl
219.6737 	EXP 	Sound  started
220.3328 	DATA 	Keypress: rctrl
220.4237 	EXP 	Sound  started
221.0528 	DATA 	Keypress: lctrl
221.1737 	EXP 	Sound  started
221.7728 	DATA 	Keypress: rctrl
221.9237 	EXP 	Sound  started
222.5888 	DATA 	Keypress: rctrl
222.6737 	EXP 	Sound  started
223.2928 	DATA 	Keypress: rctrl
223.4237 	EXP 	Sound  started
224.0607 	DATA 	Keypress: lctrl
224.1738 	EXP 	Sound  started
224.7808 	DATA 	Keypress: rctrl
224.9238 	EXP 	Sound  started
225.5648 	DATA 	Keypress: lctrl
225.6738 	EXP 	Sound  started
226.3328 	DATA 	Keypress: rctrl
226.4238 	EXP 	Sound  started
227.0368 	DATA 	Keypress: rctrl
227.1738 	EXP 	Sound  started
227.7408 	DATA 	Keypress: rctrl
227.9238 	EXP 	Sound  started
228.5408 	DATA 	Keypress: rctrl
228.6738 	EXP 	Sound  started
229.3088 	DATA 	Keypress: lctrl
229.4239 	EXP 	Sound  started
229.9968 	DATA 	Keypress: rctrl
230.1739 	EXP 	Sound  started
230.7648 	DATA 	Keypress: lctrl
230.9239 	EXP 	Sound  started
231.4848 	DATA 	Keypress: lctrl
231.6739 	EXP 	Sound  started
232.3647 	DATA 	Keypress: rctrl
232.4239 	EXP 	Sound  started
233.1487 	DATA 	Keypress: lctrl
233.1739 	EXP 	Sound  started
233.7568 	DATA 	Keypress: rctrl
233.9240 	EXP 	Sound  started
234.5247 	DATA 	Keypress: rctrl
234.6740 	EXP 	Sound  started
235.2608 	DATA 	Keypress: rctrl
235.4240 	EXP 	Sound  started
235.9968 	DATA 	Keypress: lctrl
236.1740 	EXP 	Sound  started
236.8928 	DATA 	Keypress: rctrl
236.9240 	EXP 	Sound  started
237.5968 	DATA 	Keypress: lctrl
237.6740 	EXP 	Sound  started
238.3649 	DATA 	Keypress: lctrl
238.4240 	EXP 	Sound  started
239.0847 	DATA 	Keypress: lctrl
239.1741 	EXP 	Sound  started
239.8048 	DATA 	Keypress: rctrl
239.9241 	EXP 	Sound  started
240.5248 	DATA 	Keypress: lctrl
240.6741 	EXP 	Sound  started
241.3568 	DATA 	Keypress: lctrl
241.4241 	EXP 	Sound  started
242.0768 	DATA 	Keypress: lctrl
242.1741 	EXP 	Sound  started
242.7808 	DATA 	Keypress: rctrl
242.9241 	EXP 	Sound  started
243.4848 	DATA 	Keypress: lctrl
243.6741 	EXP 	Sound  started
244.2688 	DATA 	Keypress: lctrl
244.4241 	EXP 	Sound  started
245.0047 	DATA 	Keypress: rctrl
245.1742 	EXP 	Sound  started
245.9446 	EXP 	unnamed TextStim: text = ''
245.9446 	EXP 	unnamed TextStim: text = ''
247.9125 	DATA 	Keypress: 3
247.9291 	EXP 	unnamed ShapeStim: vertices = <class 'numpy.ndarray'>
249.4803 	EXP 	unnamed TextStim: text = ''
249.4803 	EXP 	unnamed TextStim: text = ''
250.8821 	DATA 	Keypress: 3
250.8986 	EXP 	unnamed ShapeStim: vertices = <class 'numpy.ndarray'>
252.4499 	EXP 	unnamed TextStim: text = ''
252.4499 	EXP 	unnamed TextStim: text = ''
252.9338 	DATA 	Keypress: 3
252.9503 	EXP 	unnamed ShapeStim: vertices = <class 'numpy.ndarray'>
255.2358 	EXP 	Sound  started
255.4047 	DATA 	Keypress: lctrl
255.9647 	DATA 	Keypress: rctrl
255.9857 	EXP 	Sound  started
256.6847 	DATA 	Keypress: lctrl
256.7357 	EXP 	Sound  started
257.4368 	DATA 	Keypress: lctrl
257.4857 	EXP 	Sound  started
258.0767 	DATA 	Keypress: rctrl
258.2357 	EXP 	Sound  started
258.8767 	DATA 	Keypress: lctrl
258.9858 	EXP 	Sound  started
259.5967 	DATA 	Keypress: rctrl
259.7358 	EXP 	Sound  started
260.3808 	DATA 	Keypress: rctrl
260.4858 	EXP 	Sound  started
261.1168 	DATA 	Keypress: lctrl
261.2358 	EXP 	Sound  started
261.8049 	DATA 	Keypress: rctrl
261.9858 	EXP 	Sound  started
262.5728 	DATA 	Keypress: lctrl
262.7358 	EXP 	Sound  started
263.3088 	DATA 	Keypress: rctrl
263.4859 	EXP 	Sound  started
264.1407 	DATA 	Keypress: rctrl
264.2359 	EXP 	Sound  started
264.9088 	DATA 	Keypress: lctrl
264.9859 	EXP 	Sound  started
265.6608 	DATA 	Keypress: rctrl
265.7359 	EXP 	Sound  started
266.3807 	DATA 	Keypress: lctrl
266.4859 	EXP 	Sound  started
267.0847 	DATA 	Keypress: lctrl
267.2359 	EXP 	Sound  started
267.8527 	DATA 	Keypress: lctrl
267.9860 	EXP 	Sound  started
268.5728 	DATA 	Keypress: lctrl
268.7360 	EXP 	Sound  started
269.4528 	DATA 	Keypress: rctrl
269.4860 	EXP 	Sound  started
270.1728 	DATA 	Keypress: lctrl
270.2360 	EXP 	Sound  started
270.9247 	DATA 	Keypress: rctrl
270.9860 	EXP 	Sound  started
271.6609 	DATA 	Keypress: rctrl
271.7360 	EXP 	Sound  started
272.4607 	DATA 	Keypress: rctrl
272.4860 	EXP 	Sound  started
273.2289 	DATA 	Keypress: rctrl
273.2361 	EXP 	Sound  started
273.9167 	DATA 	Keypress: rctrl
273.9861 	EXP 	Sound  started
274.6688 	DATA 	Keypress: lctrl
274.7361 	EXP 	Sound  started
275.4047 	DATA 	Keypress: rctrl
275.4861 	EXP 	Sound  started
276.1087 	DATA 	Keypress: lctrl
276.2361 	EXP 	Sound  started
276.9088 	DATA 	Keypress: lctrl
276.9861 	EXP 	Sound  started
277.6447 	DATA 	Keypress: rctrl
277.7361 	EXP 	Sound  started
278.3328 	DATA 	Keypress: lctrl
278.4861 	EXP 	Sound  started
279.0848 	DATA 	Keypress: lctrl
279.2362 	EXP 	Sound  started
279.7568 	DATA 	Keypress: rctrl
279.9862 	EXP 	Sound  started
280.6048 	DATA 	Keypress: rctrl
280.7362 	EXP 	Sound  started
281.2928 	DATA 	Keypress: lctrl
281.4862 	EXP 	Sound  started
281.9647 	DATA 	Keypress: rctrl
282.2362 	EXP 	Sound  started
282.7808 	DATA 	Keypress: lctrl
282.9862 	EXP 	Sound  started
283.4048 	DATA 	Keypress: lctrl
283.7363 	EXP 	Sound  started
284.2688 	DATA 	Keypress: rctrl
284.4863 	EXP 	Sound  started
285.0849 	DATA 	Keypress: rctrl
285.2363 	EXP 	Sound  started
285.8528 	DATA 	Keypress: rctrl
285.9863 	EXP 	Sound  started
286.6207 	DATA 	Keypress: rctrl
286.7363 	EXP 	Sound  started
287.3888 	DATA 	Keypress: lctrl
287.4863 	EXP 	Sound  started
288.1248 	DATA 	Keypress: rctrl
288.2363 	EXP 	Sound  started
288.8928 	DATA 	Keypress: lctrl
288.9864 	EXP 	Sound  started
289.5808 	DATA 	Keypress: lctrl
289.7364 	EXP 	Sound  started
290.3328 	DATA 	Keypress: rctrl
290.4864 	EXP 	Sound  started
291.1807 	DATA 	Keypress: rctrl
291.2364 	EXP 	Sound  started
291.9864 	EXP 	Sound  started
291.9967 	DATA 	Keypress: lctrl
292.7168 	DATA 	Keypress: rctrl
292.7364 	EXP 	Sound  started
293.3887 	DATA 	Keypress: lctrl
293.4864 	EXP 	Sound  started
294.1568 	DATA 	Keypress: lctrl
294.2365 	EXP 	Sound  started
294.9247 	DATA 	Keypress: rctrl
294.9865 	EXP 	Sound  started
295.7365 	EXP 	Sound  started
295.7728 	DATA 	Keypress: lctrl
296.4768 	DATA 	Keypress: rctrl
296.4865 	EXP 	Sound  started
297.1807 	DATA 	Keypress: rctrl
297.2365 	EXP 	Sound  started
297.8688 	DATA 	Keypress: rctrl
297.9865 	EXP 	Sound  started
298.5408 	DATA 	Keypress: lctrl
298.7365 	EXP 	Sound  started
299.3887 	DATA 	Keypress: lctrl
299.4866 	EXP 	Sound  started
300.0767 	DATA 	Keypress: rctrl
300.2366 	EXP 	Sound  started
300.8768 	DATA 	Keypress: lctrl
300.9866 	EXP 	Sound  started
301.6127 	DATA 	Keypress: rctrl
301.7366 	EXP 	Sound  started
302.3168 	DATA 	Keypress: rctrl
302.4866 	EXP 	Sound  started
303.1168 	DATA 	Keypress: lctrl
303.2366 	EXP 	Sound  started
303.8848 	DATA 	Keypress: lctrl
303.9867 	EXP 	Sound  started
304.5728 	DATA 	Keypress: rctrl
304.7367 	EXP 	Sound  started
305.3408 	DATA 	Keypress: lctrl
305.4867 	EXP 	Sound  started
306.0607 	DATA 	Keypress: rctrl
306.2367 	EXP 	Sound  started
306.8928 	DATA 	Keypress: rctrl
306.9867 	EXP 	Sound  started
307.6288 	DATA 	Keypress: lctrl
307.7367 	EXP 	Sound  started
308.3167 	DATA 	Keypress: rctrl
308.4867 	EXP 	Sound  started
309.0048 	DATA 	Keypress: lctrl
309.2368 	EXP 	Sound  started
309.9329 	DATA 	Keypress: lctrl
309.9868 	EXP 	Sound  started
310.6368 	DATA 	Keypress: lctrl
310.7368 	EXP 	Sound  started
311.4207 	DATA 	Keypress: rctrl
311.4868 	EXP 	Sound  started
312.1568 	DATA 	Keypress: lctrl
312.2368 	EXP 	Sound  started
312.9087 	DATA 	Keypress: rctrl
312.9868 	EXP 	Sound  started
313.6928 	DATA 	Keypress: lctrl
316.1852 	DATA 	Keypress: 3
316.2016 	EXP 	unnamed ShapeStim: vertices = <class 'numpy.ndarray'>
318.1572 	DATA 	Keypress: 3
318.1866 	EXP 	unnamed ShapeStim: vertices = <class 'numpy.ndarray'>
320.1922 	DATA 	Keypress: 3
320.2216 	EXP 	unnamed ShapeStim: vertices = <class 'numpy.ndarray'>
322.5067 	EXP 	Sound  started
322.5071 	DATA 	Keypress: lctrl
323.1487 	DATA 	Keypress: rctrl
323.2567 	EXP 	Sound  started
323.9327 	DATA 	Keypress: rctrl
324.0067 	EXP 	Sound  started
324.7008 	DATA 	Keypress: rctrl
324.7567 	EXP 	Sound  started
325.5008 	DATA 	Keypress: lctrl
325.5067 	EXP 	Sound  started
326.2567 	EXP 	Sound  started
326.2687 	DATA 	Keypress: rctrl
326.9408 	DATA 	Keypress: lctrl
327.0067 	EXP 	Sound  started
327.7407 	DATA 	Keypress: lctrl
327.7567 	EXP 	Sound  started
328.4607 	DATA 	Keypress: rctrl
328.5068 	EXP 	Sound  started
329.2568 	EXP 	Sound  started
329.2768 	DATA 	Keypress: lctrl
329.9487 	DATA 	Keypress: rctrl
330.0068 	EXP 	Sound  started
330.6848 	DATA 	Keypress: rctrl
330.7568 	EXP 	Sound  started
331.4687 	DATA 	Keypress: rctrl
331.5068 	EXP 	Sound  started
332.2047 	DATA 	Keypress: rctrl
332.2568 	EXP 	Sound  started
332.9727 	DATA 	Keypress: lctrl
333.0068 	EXP 	Sound  started
333.6287 	DATA 	Keypress: rctrl
333.7569 	EXP 	Sound  started
334.3168 	DATA 	Keypress: lctrl
334.5069 	EXP 	Sound  started
335.0687 	DATA 	Keypress: lctrl
335.2569 	EXP 	Sound  started
335.8367 	DATA 	Keypress: rctrl
336.0069 	EXP 	Sound  started
336.6367 	DATA 	Keypress: rctrl
336.7569 	EXP 	Sound  started
337.4367 	DATA 	Keypress: lctrl
337.5069 	EXP 	Sound  started
338.2047 	DATA 	Keypress: rctrl
338.2569 	EXP 	Sound  started
338.9248 	DATA 	Keypress: lctrl
339.0070 	EXP 	Sound  started
339.6609 	DATA 	Keypress: lctrl
339.7570 	EXP 	Sound  started
340.3807 	DATA 	Keypress: rctrl
340.5070 	EXP 	Sound  started
341.1008 	DATA 	Keypress: lctrl
341.2570 	EXP 	Sound  started
341.8207 	DATA 	Keypress: rctrl
342.0070 	EXP 	Sound  started
342.5727 	DATA 	Keypress: rctrl
342.7570 	EXP 	Sound  started
343.3567 	DATA 	Keypress: rctrl
343.5070 	EXP 	Sound  started
344.2207 	DATA 	Keypress: lctrl
344.2570 	EXP 	Sound  started
344.9887 	DATA 	Keypress: rctrl
345.0071 	EXP 	Sound  started
345.7571 	EXP 	Sound  started
345.8048 	DATA 	Keypress: lctrl
346.4607 	DATA 	Keypress: rctrl
346.5071 	EXP 	Sound  started
347.2287 	DATA 	Keypress: rctrl
347.2571 	EXP 	Sound  started
347.9327 	DATA 	Keypress: lctrl
348.0071 	EXP 	Sound  started
348.6687 	DATA 	Keypress: lctrl
348.7571 	EXP 	Sound  started
349.4688 	DATA 	Keypress: lctrl
349.5071 	EXP 	Sound  started
350.1728 	DATA 	Keypress: rctrl
350.2572 	EXP 	Sound  started
351.0047 	DATA 	Keypress: lctrl
351.0072 	EXP 	Sound  started
351.7572 	EXP 	Sound  started
351.8207 	DATA 	Keypress: rctrl
352.5072 	EXP 	Sound  started
352.5087 	DATA 	Keypress: rctrl
353.2448 	DATA 	Keypress: lctrl
353.2572 	EXP 	Sound  started
354.0073 	EXP 	Sound  started
354.0288 	DATA 	Keypress: lctrl
354.6848 	DATA 	Keypress: lctrl
354.7573 	EXP 	Sound  started
355.3247 	DATA 	Keypress: rctrl
355.5073 	EXP 	Sound  started
356.1248 	DATA 	Keypress: rctrl
356.2573 	EXP 	Sound  started
356.9247 	DATA 	Keypress: rctrl
357.0073 	EXP 	Sound  started
357.5488 	DATA 	Keypress: rctrl
357.7573 	EXP 	Sound  started
358.4607 	DATA 	Keypress: lctrl
358.5074 	EXP 	Sound  started
359.1967 	DATA 	Keypress: rctrl
359.2574 	EXP 	Sound  started
359.9647 	DATA 	Keypress: lctrl
360.0074 	EXP 	Sound  started
360.7008 	DATA 	Keypress: lctrl
360.7574 	EXP 	Sound  started
361.4847 	DATA 	Keypress: lctrl
361.5074 	EXP 	Sound  started
362.0927 	DATA 	Keypress: rctrl
362.2574 	EXP 	Sound  started
362.8607 	DATA 	Keypress: lctrl
363.0074 	EXP 	Sound  started
363.6287 	DATA 	Keypress: lctrl
363.7574 	EXP 	Sound  started
364.3167 	DATA 	Keypress: rctrl
364.5075 	EXP 	Sound  started
365.0688 	DATA 	Keypress: lctrl
365.2575 	EXP 	Sound  started
365.8527 	DATA 	Keypress: rctrl
366.0075 	EXP 	Sound  started
366.7008 	DATA 	Keypress: lctrl
366.7575 	EXP 	Sound  started
367.4048 	DATA 	Keypress: rctrl
367.5075 	EXP 	Sound  started
368.2528 	DATA 	Keypress: rctrl
368.2575 	EXP 	Sound  started
368.9728 	DATA 	Keypress: lctrl
369.0075 	EXP 	Sound  started
369.7408 	DATA 	Keypress: rctrl
369.7576 	EXP 	Sound  started
370.5076 	EXP 	Sound  started
370.5088 	DATA 	Keypress: lctrl
371.2287 	DATA 	Keypress: lctrl
371.2576 	EXP 	Sound  started
371.9968 	DATA 	Keypress: lctrl
372.0076 	EXP 	Sound  started
372.6527 	DATA 	Keypress: rctrl
372.7576 	EXP 	Sound  started
373.4687 	DATA 	Keypress: lctrl
380.2709 	DATA 	Keypress: 3
380.2875 	EXP 	unnamed ShapeStim: vertices = <class 'numpy.ndarray'>
382.1098 	DATA 	Keypress: 3
382.1390 	EXP 	unnamed ShapeStim: vertices = <class 'numpy.ndarray'>
384.0412 	DATA 	Keypress: 3
384.0577 	EXP 	unnamed ShapeStim: vertices = <class 'numpy.ndarray'>
386.3420 	EXP 	Sound  started
386.3968 	DATA 	Keypress: lctrl
387.0687 	DATA 	Keypress: rctrl
387.0920 	EXP 	Sound  started
387.8420 	EXP 	Sound  started
387.9648 	DATA 	Keypress: rctrl
388.5568 	DATA 	Keypress: rctrl
388.5920 	EXP 	Sound  started
389.2287 	DATA 	Keypress: lctrl
389.3421 	EXP 	Sound  started
389.9808 	DATA 	Keypress: rctrl
390.0921 	EXP 	Sound  started
390.6691 	DATA 	Keypress: lctrl
390.8421 	EXP 	Sound  started
391.4367 	DATA 	Keypress: lctrl
391.5921 	EXP 	Sound  started
392.1727 	DATA 	Keypress: lctrl
392.3421 	EXP 	Sound  started
392.9088 	DATA 	Keypress: lctrl
393.0921 	EXP 	Sound  started
393.6768 	DATA 	Keypress: rctrl
393.8421 	EXP 	Sound  started
394.3967 	DATA 	Keypress: lctrl
394.5922 	EXP 	Sound  started
395.1647 	DATA 	Keypress: rctrl
395.3422 	EXP 	Sound  started
395.9167 	DATA 	Keypress: rctrl
396.0922 	EXP 	Sound  started
396.7008 	DATA 	Keypress: lctrl
396.8422 	EXP 	Sound  started
397.5008 	DATA 	Keypress: rctrl
397.5922 	EXP 	Sound  started
398.2528 	DATA 	Keypress: lctrl
398.3422 	EXP 	Sound  started
399.0048 	DATA 	Keypress: rctrl
399.0923 	EXP 	Sound  started
399.7408 	DATA 	Keypress: rctrl
399.8423 	EXP 	Sound  started
400.4607 	DATA 	Keypress: lctrl
400.5923 	EXP 	Sound  started
401.1807 	DATA 	Keypress: rctrl
401.3423 	EXP 	Sound  started
401.9807 	DATA 	Keypress: rctrl
402.0923 	EXP 	Sound  started
402.7648 	DATA 	Keypress: rctrl
402.8423 	EXP 	Sound  started
403.5327 	DATA 	Keypress: lctrl
403.5923 	EXP 	Sound  started
404.3008 	DATA 	Keypress: rctrl
404.3424 	EXP 	Sound  started
405.0367 	DATA 	Keypress: lctrl
405.0924 	EXP 	Sound  started
405.7087 	DATA 	Keypress: lctrl
405.8424 	EXP 	Sound  started
406.5087 	DATA 	Keypress: lctrl
406.5924 	EXP 	Sound  started
407.2128 	DATA 	Keypress: rctrl
407.3424 	EXP 	Sound  started
407.9008 	DATA 	Keypress: lctrl
408.0924 	EXP 	Sound  started
408.7967 	DATA 	Keypress: rctrl
408.8424 	EXP 	Sound  started
409.5925 	EXP 	Sound  started
409.5967 	DATA 	Keypress: rctrl
410.3008 	DATA 	Keypress: rctrl
410.3425 	EXP 	Sound  started
411.0367 	DATA 	Keypress: lctrl
411.0925 	EXP 	Sound  started
411.7408 	DATA 	Keypress: rctrl
411.8425 	EXP 	Sound  started
412.4767 	DATA 	Keypress: lctrl
412.5925 	EXP 	Sound  started
413.3425 	EXP 	Sound  started
413.3887 	DATA 	Keypress: rctrl
413.9647 	DATA 	Keypress: rctrl
414.0926 	EXP 	Sound  started
414.7167 	DATA 	Keypress: lctrl
414.8426 	EXP 	Sound  started
415.4527 	DATA 	Keypress: rctrl
415.5926 	EXP 	Sound  started
416.2208 	DATA 	Keypress: lctrl
416.3426 	EXP 	Sound  started
416.9727 	DATA 	Keypress: lctrl
417.0926 	EXP 	Sound  started
417.7248 	DATA 	Keypress: lctrl
417.8426 	EXP 	Sound  started
418.4607 	DATA 	Keypress: rctrl
418.5927 	EXP 	Sound  started
419.1647 	DATA 	Keypress: lctrl
419.3427 	EXP 	Sound  started
419.9168 	DATA 	Keypress: rctrl
420.0927 	EXP 	Sound  started
420.6207 	DATA 	Keypress: rctrl
420.8427 	EXP 	Sound  started
421.3727 	DATA 	Keypress: rctrl
421.5927 	EXP 	Sound  started
422.1568 	DATA 	Keypress: rctrl
422.3427 	EXP 	Sound  started
423.0047 	DATA 	Keypress: lctrl
423.0927 	EXP 	Sound  started
423.7247 	DATA 	Keypress: rctrl
423.8428 	EXP 	Sound  started
424.4447 	DATA 	Keypress: rctrl
424.5928 	EXP 	Sound  started
425.2287 	DATA 	Keypress: lctrl
425.3428 	EXP 	Sound  started
426.0287 	DATA 	Keypress: rctrl
426.0928 	EXP 	Sound  started
426.7967 	DATA 	Keypress: lctrl
426.8428 	EXP 	Sound  started
427.4847 	DATA 	Keypress: lctrl
427.5928 	EXP 	Sound  started
428.2367 	DATA 	Keypress: rctrl
428.3429 	EXP 	Sound  started
428.9088 	DATA 	Keypress: lctrl
429.0929 	EXP 	Sound  started
429.6767 	DATA 	Keypress: rctrl
429.8429 	EXP 	Sound  started
430.3807 	DATA 	Keypress: rctrl
430.5929 	EXP 	Sound  started
431.1168 	DATA 	Keypress: rctrl
431.3429 	EXP 	Sound  started
431.8688 	DATA 	Keypress: lctrl
432.0929 	EXP 	Sound  started
432.6687 	DATA 	Keypress: rctrl
432.8430 	EXP 	Sound  started
433.5648 	DATA 	Keypress: lctrl
433.5930 	EXP 	Sound  started
434.3008 	DATA 	Keypress: lctrl
434.3430 	EXP 	Sound  started
435.0688 	DATA 	Keypress: lctrl
435.0930 	EXP 	Sound  started
435.7407 	DATA 	Keypress: rctrl
435.8430 	EXP 	Sound  started
436.5088 	DATA 	Keypress: lctrl
436.5930 	EXP 	Sound  started
437.3247 	DATA 	Keypress: lctrl
437.3430 	EXP 	Sound  started
438.0607 	DATA 	Keypress: lctrl
438.0930 	EXP 	Sound  started
438.7167 	DATA 	Keypress: rctrl
438.8431 	EXP 	Sound  started
439.3888 	DATA 	Keypress: lctrl
439.5931 	EXP 	Sound  started
440.1408 	DATA 	Keypress: rctrl
440.3431 	EXP 	Sound  started
441.0207 	DATA 	Keypress: rctrl
441.0931 	EXP 	Sound  started
441.7567 	DATA 	Keypress: rctrl
445.1241 	DATA 	Keypress: 4
445.1406 	EXP 	unnamed ShapeStim: vertices = <class 'numpy.ndarray'>
448.9939 	DATA 	Keypress: 4
449.0104 	EXP 	unnamed ShapeStim: vertices = <class 'numpy.ndarray'>
451.0623 	DATA 	Keypress: 4
451.0788 	EXP 	unnamed ShapeStim: vertices = <class 'numpy.ndarray'>
453.3640 	EXP 	Sound  started
453.3648 	DATA 	Keypress: lctrl
453.9967 	DATA 	Keypress: rctrl
454.1139 	EXP 	Sound  started
454.7647 	DATA 	Keypress: lctrl
454.8639 	EXP 	Sound  started
455.5648 	DATA 	Keypress: lctrl
455.6139 	EXP 	Sound  started
456.1567 	DATA 	Keypress: rctrl
456.3639 	EXP 	Sound  started
457.1008 	DATA 	Keypress: lctrl
457.1139 	EXP 	Sound  started
457.7247 	DATA 	Keypress: rctrl
457.8640 	EXP 	Sound  started
458.4127 	DATA 	Keypress: rctrl
458.6140 	EXP 	Sound  started
459.1807 	DATA 	Keypress: rctrl
459.3640 	EXP 	Sound  started
459.9967 	DATA 	Keypress: lctrl
460.1140 	EXP 	Sound  started
460.6847 	DATA 	Keypress: rctrl
460.8640 	EXP 	Sound  started
461.5008 	DATA 	Keypress: lctrl
461.6140 	EXP 	Sound  started
462.2527 	DATA 	Keypress: lctrl
462.3641 	EXP 	Sound  started
462.9727 	DATA 	Keypress: rctrl
463.1141 	EXP 	Sound  started
463.7568 	DATA 	Keypress: lctrl
463.8641 	EXP 	Sound  started
464.5247 	DATA 	Keypress: rctrl
464.6141 	EXP 	Sound  started
465.2927 	DATA 	Keypress: rctrl
465.3641 	EXP 	Sound  started
466.0768 	DATA 	Keypress: rctrl
466.1141 	EXP 	Sound  started
466.8127 	DATA 	Keypress: lctrl
466.8642 	EXP 	Sound  started
467.5167 	DATA 	Keypress: rctrl
467.6142 	EXP 	Sound  started
468.2367 	DATA 	Keypress: lctrl
468.3642 	EXP 	Sound  started
469.0367 	DATA 	Keypress: lctrl
469.1142 	EXP 	Sound  started
469.7567 	DATA 	Keypress: lctrl
469.8642 	EXP 	Sound  started
470.3487 	DATA 	Keypress: rctrl
470.6142 	EXP 	Sound  started
471.1808 	DATA 	Keypress: lctrl
471.3642 	EXP 	Sound  started
471.9647 	DATA 	Keypress: rctrl
472.1143 	EXP 	Sound  started
472.7487 	DATA 	Keypress: rctrl
472.8643 	EXP 	Sound  started
473.4687 	DATA 	Keypress: lctrl
473.6143 	EXP 	Sound  started
474.2847 	DATA 	Keypress: rctrl
474.3643 	EXP 	Sound  started
475.0527 	DATA 	Keypress: lctrl
475.1143 	EXP 	Sound  started
475.7727 	DATA 	Keypress: lctrl
475.8643 	EXP 	Sound  started
476.4608 	DATA 	Keypress: lctrl
476.6144 	EXP 	Sound  started
477.2607 	DATA 	Keypress: rctrl
477.3644 	EXP 	Sound  started
478.0448 	DATA 	Keypress: lctrl
478.1144 	EXP 	Sound  started
478.7967 	DATA 	Keypress: rctrl
478.8644 	EXP 	Sound  started
479.5647 	DATA 	Keypress: rctrl
479.6144 	EXP 	Sound  started
480.3328 	DATA 	Keypress: rctrl
480.3644 	EXP 	Sound  started
481.0847 	DATA 	Keypress: lctrl
481.1145 	EXP 	Sound  started
481.8367 	DATA 	Keypress: rctrl
481.8645 	EXP 	Sound  started
482.5408 	DATA 	Keypress: lctrl
482.6145 	EXP 	Sound  started
483.3645 	EXP 	Sound  started
483.4047 	DATA 	Keypress: rctrl
484.0607 	DATA 	Keypress: rctrl
484.1145 	EXP 	Sound  started
484.8645 	EXP 	Sound  started
484.8768 	DATA 	Keypress: rctrl
485.5808 	DATA 	Keypress: rctrl
485.6145 	EXP 	Sound  started
486.3168 	DATA 	Keypress: rctrl
486.3645 	EXP 	Sound  started
487.0847 	DATA 	Keypress: rctrl
487.1146 	EXP 	Sound  started
487.8367 	DATA 	Keypress: lctrl
487.8646 	EXP 	Sound  started
488.5727 	DATA 	Keypress: rctrl
488.6146 	EXP 	Sound  started
489.3248 	DATA 	Keypress: lctrl
489.3646 	EXP 	Sound  started
490.1146 	EXP 	Sound  started
490.1407 	DATA 	Keypress: lctrl
490.8608 	DATA 	Keypress: lctrl
490.8646 	EXP 	Sound  started
491.6128 	DATA 	Keypress: rctrl
491.6146 	EXP 	Sound  started
492.3007 	DATA 	Keypress: lctrl
495.8489 	DATA 	Keypress: 2
495.8655 	EXP 	unnamed ShapeStim: vertices = <class 'numpy.ndarray'>
499.6354 	DATA 	Keypress: 2
499.6519 	EXP 	unnamed ShapeStim: vertices = <class 'numpy.ndarray'>
501.8877 	DATA 	Keypress: 2
501.9042 	EXP 	unnamed ShapeStim: vertices = <class 'numpy.ndarray'>
504.1887 	EXP 	Sound  started
504.3968 	DATA 	Keypress: lctrl
504.9385 	EXP 	Sound  started
505.0207 	DATA 	Keypress: rctrl
505.6448 	DATA 	Keypress: lctrl
505.6885 	EXP 	Sound  started
506.3967 	DATA 	Keypress: lctrl
506.4386 	EXP 	Sound  started
507.1487 	DATA 	Keypress: rctrl
507.1886 	EXP 	Sound  started
507.9008 	DATA 	Keypress: rctrl
507.9386 	EXP 	Sound  started
508.6886 	EXP 	Sound  started
508.7167 	DATA 	Keypress: rctrl
509.4047 	DATA 	Keypress: lctrl
509.4386 	EXP 	Sound  started
510.1567 	DATA 	Keypress: rctrl
510.1886 	EXP 	Sound  started
510.9386 	EXP 	Sound  started
510.9407 	DATA 	Keypress: lctrl
511.6607 	DATA 	Keypress: lctrl
511.6887 	EXP 	Sound  started
512.4387 	EXP 	Sound  started
512.4607 	DATA 	Keypress: lctrl
513.0848 	DATA 	Keypress: rctrl
513.1887 	EXP 	Sound  started
513.9167 	DATA 	Keypress: rctrl
513.9387 	EXP 	Sound  started
514.6207 	DATA 	Keypress: lctrl
514.6887 	EXP 	Sound  started
515.4208 	DATA 	Keypress: lctrl
515.4387 	EXP 	Sound  started
516.1567 	DATA 	Keypress: rctrl
516.1887 	EXP 	Sound  started
516.8608 	DATA 	Keypress: lctrl
516.9387 	EXP 	Sound  started
517.6607 	DATA 	Keypress: rctrl
517.6888 	EXP 	Sound  started
518.3327 	DATA 	Keypress: lctrl
518.4388 	EXP 	Sound  started
519.1327 	DATA 	Keypress: rctrl
519.1888 	EXP 	Sound  started
519.9388 	EXP 	Sound  started
520.0287 	DATA 	Keypress: lctrl
520.6527 	DATA 	Keypress: lctrl
520.6888 	EXP 	Sound  started
521.3887 	DATA 	Keypress: rctrl
521.4388 	EXP 	Sound  started
522.1567 	DATA 	Keypress: rctrl
522.1888 	EXP 	Sound  started
522.9389 	EXP 	Sound  started
522.9567 	DATA 	Keypress: rctrl
523.6607 	DATA 	Keypress: lctrl
523.6889 	EXP 	Sound  started
524.3487 	DATA 	Keypress: rctrl
524.4389 	EXP 	Sound  started
525.1328 	DATA 	Keypress: lctrl
525.1889 	EXP 	Sound  started
525.9328 	DATA 	Keypress: lctrl
525.9389 	EXP 	Sound  started
526.6688 	DATA 	Keypress: lctrl
526.6889 	EXP 	Sound  started
527.4390 	EXP 	Sound  started
527.4847 	DATA 	Keypress: rctrl
528.1407 	DATA 	Keypress: lctrl
528.1890 	EXP 	Sound  started
528.9087 	DATA 	Keypress: lctrl
528.9390 	EXP 	Sound  started
529.6890 	EXP 	Sound  started
529.6927 	DATA 	Keypress: lctrl
530.4390 	EXP 	Sound  started
530.4928 	DATA 	Keypress: rctrl
531.1890 	EXP 	Sound  started
531.2287 	DATA 	Keypress: rctrl
531.8367 	DATA 	Keypress: lctrl
531.9390 	EXP 	Sound  started
532.6367 	DATA 	Keypress: rctrl
532.6891 	EXP 	Sound  started
533.4207 	DATA 	Keypress: lctrl
533.4391 	EXP 	Sound  started
534.1567 	DATA 	Keypress: rctrl
534.1891 	EXP 	Sound  started
534.8767 	DATA 	Keypress: rctrl
534.9391 	EXP 	Sound  started
535.5807 	DATA 	Keypress: lctrl
535.6891 	EXP 	Sound  started
536.4127 	DATA 	Keypress: rctrl
536.4391 	EXP 	Sound  started
537.0527 	DATA 	Keypress: lctrl
537.1891 	EXP 	Sound  started
537.8047 	DATA 	Keypress: lctrl
537.9392 	EXP 	Sound  started
538.5887 	DATA 	Keypress: lctrl
538.6892 	EXP 	Sound  started
539.3407 	DATA 	Keypress: rctrl
539.4392 	EXP 	Sound  started
540.0447 	DATA 	Keypress: lctrl
540.1892 	EXP 	Sound  started
540.9392 	EXP 	Sound  started
540.9887 	DATA 	Keypress: rctrl
541.6892 	EXP 	Sound  started
541.6927 	DATA 	Keypress: lctrl
542.3808 	DATA 	Keypress: lctrl
542.4393 	EXP 	Sound  started
543.1893 	EXP 	Sound  started
543.2607 	DATA 	Keypress: rctrl
543.8847 	DATA 	Keypress: lctrl
543.9393 	EXP 	Sound  started
544.6368 	DATA 	Keypress: rctrl
544.6893 	EXP 	Sound  started
545.3887 	DATA 	Keypress: rctrl
545.4393 	EXP 	Sound  started
546.1893 	EXP 	Sound  started
546.2207 	DATA 	Keypress: rctrl
546.9247 	DATA 	Keypress: lctrl
546.9393 	EXP 	Sound  started
547.6288 	DATA 	Keypress: rctrl
547.6894 	EXP 	Sound  started
548.3967 	DATA 	Keypress: lctrl
548.4394 	EXP 	Sound  started
549.1488 	DATA 	Keypress: lctrl
549.1894 	EXP 	Sound  started
549.9167 	DATA 	Keypress: lctrl
549.9394 	EXP 	Sound  started
550.6368 	DATA 	Keypress: rctrl
550.6894 	EXP 	Sound  started
551.4367 	DATA 	Keypress: lctrl
551.4394 	EXP 	Sound  started
552.1568 	DATA 	Keypress: rctrl
552.1895 	EXP 	Sound  started
552.9087 	DATA 	Keypress: lctrl
552.9395 	EXP 	Sound  started
553.6895 	EXP 	Sound  started
553.7087 	DATA 	Keypress: rctrl
554.4287 	DATA 	Keypress: lctrl
554.4395 	EXP 	Sound  started
555.0687 	DATA 	Keypress: rctrl
555.1895 	EXP 	Sound  started
555.9167 	DATA 	Keypress: rctrl
555.9395 	EXP 	Sound  started
556.6847 	DATA 	Keypress: lctrl
556.6895 	EXP 	Sound  started
557.4396 	EXP 	Sound  started
557.4687 	DATA 	Keypress: rctrl
558.1727 	DATA 	Keypress: rctrl
558.1896 	EXP 	Sound  started
558.9247 	DATA 	Keypress: rctrl
558.9396 	EXP 	Sound  started
559.6288 	DATA 	Keypress: rctrl
559.6896 	EXP 	Sound  started
560.4288 	DATA 	Keypress: rctrl
560.4396 	EXP 	Sound  started
561.1897 	EXP 	Sound  started
561.2127 	DATA 	Keypress: lctrl
561.8047 	DATA 	Keypress: rctrl
561.9397 	EXP 	Sound  started
562.6897 	EXP 	Sound  started
562.7167 	DATA 	Keypress: lctrl
563.4397 	EXP 	Sound  started
563.5327 	DATA 	Keypress: rctrl
564.2092 	DATA 	Keypress: lctrl
567.0239 	DATA 	Keypress: 3
567.0404 	EXP 	unnamed ShapeStim: vertices = <class 'numpy.ndarray'>
569.2295 	DATA 	Keypress: 3
569.2594 	EXP 	unnamed ShapeStim: vertices = <class 'numpy.ndarray'>
571.4113 	DATA 	Keypress: 3
571.4278 	EXP 	unnamed ShapeStim: vertices = <class 'numpy.ndarray'>
573.7120 	EXP 	Sound  started
573.7124 	DATA 	Keypress: lctrl
574.2849 	DATA 	Keypress: rctrl
574.4619 	EXP 	Sound  started
575.1008 	DATA 	Keypress: lctrl
575.2120 	EXP 	Sound  started
575.8687 	DATA 	Keypress: lctrl
575.9620 	EXP 	Sound  started
576.6688 	DATA 	Keypress: lctrl
576.7120 	EXP 	Sound  started
577.3248 	DATA 	Keypress: rctrl
577.4620 	EXP 	Sound  started
578.1087 	DATA 	Keypress: lctrl
578.2120 	EXP 	Sound  started
578.7807 	DATA 	Keypress: rctrl
578.9620 	EXP 	Sound  started
579.5647 	DATA 	Keypress: rctrl
579.7120 	EXP 	Sound  started
580.3647 	DATA 	Keypress: rctrl
580.4621 	EXP 	Sound  started
581.1647 	DATA 	Keypress: lctrl
581.2121 	EXP 	Sound  started
581.8367 	DATA 	Keypress: rctrl
581.9621 	EXP 	Sound  started
582.5407 	DATA 	Keypress: rctrl
582.7121 	EXP 	Sound  started
583.3087 	DATA 	Keypress: rctrl
583.4621 	EXP 	Sound  started
584.1407 	DATA 	Keypress: lctrl
584.2121 	EXP 	Sound  started
584.8928 	DATA 	Keypress: rctrl
584.9621 	EXP 	Sound  started
585.6767 	DATA 	Keypress: lctrl
585.7122 	EXP 	Sound  started
586.3967 	DATA 	Keypress: lctrl
586.4622 	EXP 	Sound  started
586.9247 	DATA 	Keypress: rctrl
587.2122 	EXP 	Sound  started
587.8367 	DATA 	Keypress: lctrl
587.9622 	EXP 	Sound  started
588.5407 	DATA 	Keypress: rctrl
588.7122 	EXP 	Sound  started
589.3567 	DATA 	Keypress: rctrl
589.4622 	EXP 	Sound  started
590.1888 	DATA 	Keypress: lctrl
590.2122 	EXP 	Sound  started
590.9087 	DATA 	Keypress: rctrl
590.9623 	EXP 	Sound  started
591.5807 	DATA 	Keypress: lctrl
591.7123 	EXP 	Sound  started
592.3487 	DATA 	Keypress: lctrl
592.4623 	EXP 	Sound  started
593.1008 	DATA 	Keypress: lctrl
593.2123 	EXP 	Sound  started
593.9007 	DATA 	Keypress: rctrl
593.9623 	EXP 	Sound  started
594.5727 	DATA 	Keypress: lctrl
594.7123 	EXP 	Sound  started
595.3249 	DATA 	Keypress: rctrl
595.4623 	EXP 	Sound  started
596.0607 	DATA 	Keypress: rctrl
596.2124 	EXP 	Sound  started
596.7967 	DATA 	Keypress: lctrl
596.9624 	EXP 	Sound  started
597.5647 	DATA 	Keypress: lctrl
597.7124 	EXP 	Sound  started
598.3647 	DATA 	Keypress: rctrl
598.4624 	EXP 	Sound  started
599.0687 	DATA 	Keypress: lctrl
599.2124 	EXP 	Sound  started
599.8527 	DATA 	Keypress: rctrl
599.9624 	EXP 	Sound  started
600.5727 	DATA 	Keypress: rctrl
600.7124 	EXP 	Sound  started
601.3087 	DATA 	Keypress: rctrl
601.4624 	EXP 	Sound  started
602.0767 	DATA 	Keypress: lctrl
602.2125 	EXP 	Sound  started
602.8127 	DATA 	Keypress: lctrl
602.9625 	EXP 	Sound  started
603.4527 	DATA 	Keypress: rctrl
603.7125 	EXP 	Sound  started
604.3167 	DATA 	Keypress: rctrl
604.4625 	EXP 	Sound  started
605.0367 	DATA 	Keypress: rctrl
605.2125 	EXP 	Sound  started
605.8047 	DATA 	Keypress: lctrl
605.9625 	EXP 	Sound  started
606.5567 	DATA 	Keypress: lctrl
606.7126 	EXP 	Sound  started
607.1807 	DATA 	Keypress: rctrl
607.4626 	EXP 	Sound  started
608.0767 	DATA 	Keypress: lctrl
608.2126 	EXP 	Sound  started
608.7807 	DATA 	Keypress: lctrl
608.9626 	EXP 	Sound  started
609.4368 	DATA 	Keypress: rctrl
609.7126 	EXP 	Sound  started
610.3487 	DATA 	Keypress: lctrl
610.4626 	EXP 	Sound  started
611.1327 	DATA 	Keypress: rctrl
611.2128 	EXP 	Sound  started
611.8528 	DATA 	Keypress: rctrl
611.9629 	EXP 	Sound  started
612.5887 	DATA 	Keypress: rctrl
612.7129 	EXP 	Sound  started
613.3247 	DATA 	Keypress: lctrl
613.4629 	EXP 	Sound  started
614.1087 	DATA 	Keypress: lctrl
614.2129 	EXP 	Sound  started
614.7967 	DATA 	Keypress: lctrl
614.9629 	EXP 	Sound  started
615.5167 	DATA 	Keypress: rctrl
615.7129 	EXP 	Sound  started
616.3167 	DATA 	Keypress: lctrl
616.4629 	EXP 	Sound  started
617.1007 	DATA 	Keypress: lctrl
617.2130 	EXP 	Sound  started
617.8367 	DATA 	Keypress: rctrl
617.9630 	EXP 	Sound  started
618.5567 	DATA 	Keypress: lctrl
618.7130 	EXP 	Sound  started
619.2927 	DATA 	Keypress: rctrl
619.4630 	EXP 	Sound  started
620.1568 	DATA 	Keypress: lctrl
620.2130 	EXP 	Sound  started
620.8607 	DATA 	Keypress: rctrl
620.9630 	EXP 	Sound  started
621.5487 	DATA 	Keypress: rctrl
624.0373 	DATA 	Keypress: 3
624.0538 	EXP 	unnamed ShapeStim: vertices = <class 'numpy.ndarray'>
626.6232 	DATA 	Keypress: 3
626.6397 	EXP 	unnamed ShapeStim: vertices = <class 'numpy.ndarray'>
628.9122 	DATA 	Keypress: 3
628.9416 	EXP 	unnamed ShapeStim: vertices = <class 'numpy.ndarray'>
631.2256 	EXP 	Sound  started
631.4047 	DATA 	Keypress: rctrl
631.9327 	DATA 	Keypress: lctrl
631.9755 	EXP 	Sound  started
632.6047 	DATA 	Keypress: rctrl
632.7256 	EXP 	Sound  started
633.3887 	DATA 	Keypress: rctrl
633.4756 	EXP 	Sound  started
634.1727 	DATA 	Keypress: lctrl
634.2256 	EXP 	Sound  started
634.9756 	EXP 	Sound  started
635.6447 	DATA 	Keypress: lctrl
635.7256 	EXP 	Sound  started
636.3807 	DATA 	Keypress: lctrl
636.4756 	EXP 	Sound  started
637.0528 	DATA 	Keypress: rctrl
637.2257 	EXP 	Sound  started
637.8687 	DATA 	Keypress: lctrl
637.9757 	EXP 	Sound  started
638.6527 	DATA 	Keypress: rctrl
638.7257 	EXP 	Sound  started
639.3567 	DATA 	Keypress: rctrl
639.4757 	EXP 	Sound  started
640.1247 	DATA 	Keypress: rctrl
640.2257 	EXP 	Sound  started
640.8447 	DATA 	Keypress: lctrl
640.9757 	EXP 	Sound  started
641.6127 	DATA 	Keypress: rctrl
641.7257 	EXP 	Sound  started
642.3807 	DATA 	Keypress: lctrl
642.4758 	EXP 	Sound  started
643.1167 	DATA 	Keypress: lctrl
643.2258 	EXP 	Sound  started
643.8207 	DATA 	Keypress: lctrl
643.9758 	EXP 	Sound  started
644.5567 	DATA 	Keypress: rctrl
644.7258 	EXP 	Sound  started
645.3406 	DATA 	Keypress: rctrl
645.4758 	EXP 	Sound  started
646.0767 	DATA 	Keypress: lctrl
646.2258 	EXP 	Sound  started
646.8927 	DATA 	Keypress: rctrl
646.9759 	EXP 	Sound  started
647.5487 	DATA 	Keypress: rctrl
647.7259 	EXP 	Sound  started
648.3647 	DATA 	Keypress: rctrl
648.4759 	EXP 	Sound  started
649.1327 	DATA 	Keypress: rctrl
649.2259 	EXP 	Sound  started
649.9759 	EXP 	Sound  started
649.9967 	DATA 	Keypress: lctrl
650.6368 	DATA 	Keypress: rctrl
650.7259 	EXP 	Sound  started
651.3887 	DATA 	Keypress: lctrl
651.4759 	EXP 	Sound  started
652.0287 	DATA 	Keypress: lctrl
652.2260 	EXP 	Sound  started
652.9760 	EXP 	Sound  started
652.9888 	DATA 	Keypress: lctrl
653.5967 	DATA 	Keypress: rctrl
653.7260 	EXP 	Sound  started
654.2847 	DATA 	Keypress: lctrl
654.4760 	EXP 	Sound  started
655.0527 	DATA 	Keypress: rctrl
655.2260 	EXP 	Sound  started
655.8847 	DATA 	Keypress: rctrl
655.9760 	EXP 	Sound  started
656.6207 	DATA 	Keypress: lctrl
656.7260 	EXP 	Sound  started
657.4047 	DATA 	Keypress: rctrl
657.4761 	EXP 	Sound  started
658.0767 	DATA 	Keypress: lctrl
658.2261 	EXP 	Sound  started
658.7967 	DATA 	Keypress: lctrl
658.9761 	EXP 	Sound  started
659.6767 	DATA 	Keypress: rctrl
659.7261 	EXP 	Sound  started
660.3008 	DATA 	Keypress: lctrl
660.4761 	EXP 	Sound  started
661.1008 	DATA 	Keypress: rctrl
661.2261 	EXP 	Sound  started
661.8848 	DATA 	Keypress: rctrl
661.9761 	EXP 	Sound  started
662.7007 	DATA 	Keypress: rctrl
662.7262 	EXP 	Sound  started
663.3247 	DATA 	Keypress: lctrl
663.4762 	EXP 	Sound  started
664.1727 	DATA 	Keypress: rctrl
664.2262 	EXP 	Sound  started
664.9407 	DATA 	Keypress: lctrl
664.9762 	EXP 	Sound  started
665.6927 	DATA 	Keypress: lctrl
665.7262 	EXP 	Sound  started
666.4287 	DATA 	Keypress: rctrl
666.4762 	EXP 	Sound  started
667.1967 	DATA 	Keypress: lctrl
667.2262 	EXP 	Sound  started
667.8527 	DATA 	Keypress: rctrl
667.9763 	EXP 	Sound  started
668.6047 	DATA 	Keypress: rctrl
668.7263 	EXP 	Sound  started
669.3567 	DATA 	Keypress: lctrl
669.4763 	EXP 	Sound  started
670.1727 	DATA 	Keypress: rctrl
670.2263 	EXP 	Sound  started
670.8767 	DATA 	Keypress: lctrl
670.9763 	EXP 	Sound  started
671.6287 	DATA 	Keypress: rctrl
671.7263 	EXP 	Sound  started
672.3807 	DATA 	Keypress: lctrl
672.4764 	EXP 	Sound  started
673.0847 	DATA 	Keypress: lctrl
673.2264 	EXP 	Sound  started
673.9007 	DATA 	Keypress: rctrl
673.9764 	EXP 	Sound  started
674.6527 	DATA 	Keypress: lctrl
674.7264 	EXP 	Sound  started
675.4047 	DATA 	Keypress: rctrl
675.4764 	EXP 	Sound  started
676.1087 	DATA 	Keypress: rctrl
676.2264 	EXP 	Sound  started
676.8447 	DATA 	Keypress: lctrl
676.9764 	EXP 	Sound  started
677.5648 	DATA 	Keypress: rctrl
677.7265 	EXP 	Sound  started
678.3967 	DATA 	Keypress: lctrl
678.4765 	EXP 	Sound  started
679.1967 	DATA 	Keypress: lctrl
679.2265 	EXP 	Sound  started
679.7887 	DATA 	Keypress: lctrl
679.9765 	EXP 	Sound  started
680.6527 	DATA 	Keypress: rctrl
680.7265 	EXP 	Sound  started
681.4765 	EXP 	Sound  started
681.4847 	DATA 	Keypress: lctrl
682.0927 	DATA 	Keypress: rctrl
682.2265 	EXP 	Sound  started
682.9766 	EXP 	Sound  started
683.0367 	DATA 	Keypress: lctrl
683.6447 	DATA 	Keypress: lctrl
683.7266 	EXP 	Sound  started
684.3808 	DATA 	Keypress: rctrl
684.4768 	EXP 	Sound  started
685.1327 	DATA 	Keypress: lctrl
685.2268 	EXP 	Sound  started
685.8208 	DATA 	Keypress: rctrl
685.9768 	EXP 	Sound  started
686.6048 	DATA 	Keypress: rctrl
689.7281 	DATA 	Keypress: 3
689.7576 	EXP 	unnamed ShapeStim: vertices = <class 'numpy.ndarray'>
691.9763 	DATA 	Keypress: 3
691.9928 	EXP 	unnamed ShapeStim: vertices = <class 'numpy.ndarray'>
693.9283 	DATA 	Keypress: 3
693.9448 	EXP 	unnamed ShapeStim: vertices = <class 'numpy.ndarray'>
696.2297 	EXP 	Sound  started
696.2301 	DATA 	Keypress: rctrl
696.8127 	DATA 	Keypress: lctrl
696.9796 	EXP 	Sound  started
697.5966 	DATA 	Keypress: rctrl
697.7297 	EXP 	Sound  started
698.3647 	DATA 	Keypress: rctrl
698.4797 	EXP 	Sound  started
699.0527 	DATA 	Keypress: lctrl
699.2297 	EXP 	Sound  started
699.8367 	DATA 	Keypress: lctrl
699.9797 	EXP 	Sound  started
700.6047 	DATA 	Keypress: lctrl
700.7297 	EXP 	Sound  started
701.3727 	DATA 	Keypress: rctrl
701.4797 	EXP 	Sound  started
702.0607 	DATA 	Keypress: lctrl
702.2298 	EXP 	Sound  started
702.7807 	DATA 	Keypress: lctrl
702.9798 	EXP 	Sound  started
703.5328 	DATA 	Keypress: rctrl
703.7298 	EXP 	Sound  started
704.3007 	DATA 	Keypress: lctrl
704.4798 	EXP 	Sound  started
705.0527 	DATA 	Keypress: rctrl
705.2298 	EXP 	Sound  started
705.7407 	DATA 	Keypress: rctrl
705.9798 	EXP 	Sound  started
706.5087 	DATA 	Keypress: lctrl
706.7299 	EXP 	Sound  started
707.3407 	DATA 	Keypress: rctrl
707.4799 	EXP 	Sound  started
708.1087 	DATA 	Keypress: lctrl
708.2299 	EXP 	Sound  started
708.8607 	DATA 	Keypress: rctrl
708.9799 	EXP 	Sound  started
709.6607 	DATA 	Keypress: rctrl
709.7299 	EXP 	Sound  started
710.3807 	DATA 	Keypress: lctrl
710.4799 	EXP 	Sound  started
711.1487 	DATA 	Keypress: rctrl
711.2299 	EXP 	Sound  started
711.8367 	DATA 	Keypress: lctrl
711.9800 	EXP 	Sound  started
712.6207 	DATA 	Keypress: rctrl
712.7300 	EXP 	Sound  started
713.3887 	DATA 	Keypress: rctrl
713.4800 	EXP 	Sound  started
714.1407 	DATA 	Keypress: rctrl
714.2300 	EXP 	Sound  started
714.8127 	DATA 	Keypress: lctrl
714.9800 	EXP 	Sound  started
715.6288 	DATA 	Keypress: rctrl
715.7300 	EXP 	Sound  started
716.2847 	DATA 	Keypress: lctrl
716.4801 	EXP 	Sound  started
716.9727 	DATA 	Keypress: lctrl
717.2301 	EXP 	Sound  started
717.8048 	DATA 	Keypress: lctrl
717.9801 	EXP 	Sound  started
718.6207 	DATA 	Keypress: rctrl
718.7301 	EXP 	Sound  started
719.3407 	DATA 	Keypress: lctrl
719.4801 	EXP 	Sound  started
720.2047 	DATA 	Keypress: rctrl
720.2301 	EXP 	Sound  started
720.9407 	DATA 	Keypress: rctrl
720.9801 	EXP 	Sound  started
721.6767 	DATA 	Keypress: lctrl
721.7302 	EXP 	Sound  started
722.3967 	DATA 	Keypress: rctrl
722.4802 	EXP 	Sound  started
723.0687 	DATA 	Keypress: lctrl
723.2302 	EXP 	Sound  started
723.8688 	DATA 	Keypress: rctrl
723.9802 	EXP 	Sound  started
724.6047 	DATA 	Keypress: rctrl
724.7302 	EXP 	Sound  started
725.2767 	DATA 	Keypress: lctrl
725.4802 	EXP 	Sound  started
726.1407 	DATA 	Keypress: rctrl
726.2303 	EXP 	Sound  started
726.8767 	DATA 	Keypress: lctrl
726.9803 	EXP 	Sound  started
727.6128 	DATA 	Keypress: rctrl
727.7303 	EXP 	Sound  started
728.3647 	DATA 	Keypress: rctrl
728.4803 	EXP 	Sound  started
729.1327 	DATA 	Keypress: lctrl
729.2303 	EXP 	Sound  started
729.8688 	DATA 	Keypress: rctrl
729.9803 	EXP 	Sound  started
730.6366 	DATA 	Keypress: lctrl
730.7303 	EXP 	Sound  started
731.3247 	DATA 	Keypress: lctrl
731.4804 	EXP 	Sound  started
732.1407 	DATA 	Keypress: lctrl
732.2304 	EXP 	Sound  started
732.8447 	DATA 	Keypress: rctrl
732.9804 	EXP 	Sound  started
733.6447 	DATA 	Keypress: lctrl
733.7304 	EXP 	Sound  started
734.4607 	DATA 	Keypress: rctrl
734.4804 	EXP 	Sound  started
735.1487 	DATA 	Keypress: lctrl
735.2304 	EXP 	Sound  started
735.9007 	DATA 	Keypress: lctrl
735.9804 	EXP 	Sound  started
736.6527 	DATA 	Keypress: rctrl
736.7304 	EXP 	Sound  started
737.4527 	DATA 	Keypress: lctrl
737.4805 	EXP 	Sound  started
738.2305 	EXP 	Sound  started
738.3007 	DATA 	Keypress: rctrl
738.9247 	DATA 	Keypress: rctrl
738.9805 	EXP 	Sound  started
739.6447 	DATA 	Keypress: lctrl
739.7305 	EXP 	Sound  started
740.3327 	DATA 	Keypress: rctrl
740.4805 	EXP 	Sound  started
741.1007 	DATA 	Keypress: rctrl
741.2305 	EXP 	Sound  started
741.8047 	DATA 	Keypress: lctrl
741.9806 	EXP 	Sound  started
742.5727 	DATA 	Keypress: rctrl
742.7306 	EXP 	Sound  started
743.3407 	DATA 	Keypress: lctrl
743.4806 	EXP 	Sound  started
744.1407 	DATA 	Keypress: lctrl
744.2306 	EXP 	Sound  started
744.8927 	DATA 	Keypress: rctrl
744.9806 	EXP 	Sound  started
745.6447 	DATA 	Keypress: lctrl
745.7306 	EXP 	Sound  started
746.3488 	DATA 	Keypress: rctrl
746.4806 	EXP 	Sound  started
747.1327 	DATA 	Keypress: rctrl
751.3916 	DATA 	Keypress: 3
751.4081 	EXP 	unnamed ShapeStim: vertices = <class 'numpy.ndarray'>
753.3937 	DATA 	Keypress: 3
753.4102 	EXP 	unnamed ShapeStim: vertices = <class 'numpy.ndarray'>
755.5121 	DATA 	Keypress: 3
755.5286 	EXP 	unnamed ShapeStim: vertices = <class 'numpy.ndarray'>
757.8129 	EXP 	Sound  started
757.8135 	DATA 	Keypress: lctrl
758.3807 	DATA 	Keypress: rctrl
758.5628 	EXP 	Sound  started
759.1647 	DATA 	Keypress: rctrl
759.3128 	EXP 	Sound  started
759.9007 	DATA 	Keypress: lctrl
760.0628 	EXP 	Sound  started
760.6847 	DATA 	Keypress: rctrl
760.8128 	EXP 	Sound  started
761.4847 	DATA 	Keypress: lctrl
761.5628 	EXP 	Sound  started
762.1886 	DATA 	Keypress: lctrl
762.3128 	EXP 	Sound  started
762.9887 	DATA 	Keypress: lctrl
763.0629 	EXP 	Sound  started
763.8047 	DATA 	Keypress: rctrl
763.8129 	EXP 	Sound  started
764.3967 	DATA 	Keypress: lctrl
764.5629 	EXP 	Sound  started
765.1487 	DATA 	Keypress: lctrl
765.3129 	EXP 	Sound  started
765.8687 	DATA 	Keypress: lctrl
766.0629 	EXP 	Sound  started
766.6687 	DATA 	Keypress: rctrl
766.8129 	EXP 	Sound  started
767.4207 	DATA 	Keypress: lctrl
767.5629 	EXP 	Sound  started
768.2527 	DATA 	Keypress: rctrl
768.3130 	EXP 	Sound  started
768.9247 	DATA 	Keypress: rctrl
769.0630 	EXP 	Sound  started
769.6927 	DATA 	Keypress: lctrl
769.8130 	EXP 	Sound  started
770.3967 	DATA 	Keypress: rctrl
770.5630 	EXP 	Sound  started
771.1647 	DATA 	Keypress: lctrl
771.3130 	EXP 	Sound  started
771.8527 	DATA 	Keypress: lctrl
772.0630 	EXP 	Sound  started
772.5567 	DATA 	Keypress: rctrl
772.8130 	EXP 	Sound  started
773.4527 	DATA 	Keypress: lctrl
773.5630 	EXP 	Sound  started
774.1247 	DATA 	Keypress: rctrl
774.3131 	EXP 	Sound  started
774.8927 	DATA 	Keypress: rctrl
775.0631 	EXP 	Sound  started
775.7087 	DATA 	Keypress: rctrl
775.8131 	EXP 	Sound  started
776.4766 	DATA 	Keypress: lctrl
776.5631 	EXP 	Sound  started
777.2127 	DATA 	Keypress: rctrl
777.3131 	EXP 	Sound  started
777.9487 	DATA 	Keypress: lctrl
778.0631 	EXP 	Sound  started
778.6687 	DATA 	Keypress: lctrl
778.8131 	EXP 	Sound  started
779.4847 	DATA 	Keypress: lctrl
779.5632 	EXP 	Sound  started
780.2527 	DATA 	Keypress: rctrl
780.3132 	EXP 	Sound  started
780.9887 	DATA 	Keypress: lctrl
781.0632 	EXP 	Sound  started
781.7407 	DATA 	Keypress: lctrl
781.8132 	EXP 	Sound  started
782.4287 	DATA 	Keypress: lctrl
782.5632 	EXP 	Sound  started
783.2127 	DATA 	Keypress: rctrl
783.3132 	EXP 	Sound  started
783.9807 	DATA 	Keypress: lctrl
784.0632 	EXP 	Sound  started
784.7167 	DATA 	Keypress: rctrl
784.8133 	EXP 	Sound  started
785.4207 	DATA 	Keypress: rctrl
785.5633 	EXP 	Sound  started
786.1887 	DATA 	Keypress: rctrl
786.3133 	EXP 	Sound  started
786.8287 	DATA 	Keypress: lctrl
787.0633 	EXP 	Sound  started
787.7567 	DATA 	Keypress: rctrl
787.8133 	EXP 	Sound  started
788.4766 	DATA 	Keypress: rctrl
788.5633 	EXP 	Sound  started
789.0207 	DATA 	Keypress: lctrl
789.3134 	EXP 	Sound  started
789.7407 	DATA 	Keypress: lctrl
790.0634 	EXP 	Sound  started
790.6687 	DATA 	Keypress: lctrl
790.8134 	EXP 	Sound  started
791.3087 	DATA 	Keypress: lctrl
791.5634 	EXP 	Sound  started
792.1886 	DATA 	Keypress: rctrl
792.3134 	EXP 	Sound  started
792.8607 	DATA 	Keypress: lctrl
793.0634 	EXP 	Sound  started
793.6608 	DATA 	Keypress: rctrl
793.8134 	EXP 	Sound  started
794.3647 	DATA 	Keypress: rctrl
794.5635 	EXP 	Sound  started
795.1486 	DATA 	Keypress: lctrl
795.3135 	EXP 	Sound  started
795.8847 	DATA 	Keypress: rctrl
796.0635 	EXP 	Sound  started
796.7967 	DATA 	Keypress: lctrl
796.8135 	EXP 	Sound  started
797.3887 	DATA 	Keypress: lctrl
797.5635 	EXP 	Sound  started
798.2207 	DATA 	Keypress: lctrl
798.3135 	EXP 	Sound  started
798.8767 	DATA 	Keypress: rctrl
799.0635 	EXP 	Sound  started
799.7407 	DATA 	Keypress: rctrl
799.8136 	EXP 	Sound  started
800.4927 	DATA 	Keypress: lctrl
800.5636 	EXP 	Sound  started
801.2287 	DATA 	Keypress: rctrl
801.3136 	EXP 	Sound  started
801.8207 	DATA 	Keypress: rctrl
802.0636 	EXP 	Sound  started
802.6207 	DATA 	Keypress: lctrl
802.8136 	EXP 	Sound  started
803.5327 	DATA 	Keypress: lctrl
803.5636 	EXP 	Sound  started
804.2207 	DATA 	Keypress: lctrl
804.3137 	EXP 	Sound  started
804.8606 	DATA 	Keypress: lctrl
805.0637 	EXP 	Sound  started
805.5647 	DATA 	Keypress: rctrl
805.8137 	EXP 	Sound  started
806.3327 	DATA 	Keypress: lctrl
806.5637 	EXP 	Sound  started
807.2447 	DATA 	Keypress: rctrl
807.3137 	EXP 	Sound  started
807.8527 	DATA 	Keypress: rctrl
808.0637 	EXP 	Sound  started
808.6207 	DATA 	Keypress: lctrl
808.8137 	EXP 	Sound  started
809.3727 	DATA 	Keypress: rctrl
809.5637 	EXP 	Sound  started
810.1246 	DATA 	Keypress: rctrl
810.3138 	EXP 	Sound  started
810.9727 	DATA 	Keypress: lctrl
811.0638 	EXP 	Sound  started
811.7567 	DATA 	Keypress: rctrl
811.8138 	EXP 	Sound  started
812.5087 	DATA 	Keypress: rctrl
812.5638 	EXP 	Sound  started
813.3138 	EXP 	Sound  started
813.3247 	DATA 	Keypress: rctrl
813.9967 	DATA 	Keypress: lctrl
814.0638 	EXP 	Sound  started
814.8126 	DATA 	Keypress: lctrl
814.8139 	EXP 	Sound  started
815.5639 	EXP 	Sound  started
815.5647 	DATA 	Keypress: rctrl
816.3139 	EXP 	Sound  started
816.3167 	DATA 	Keypress: lctrl
817.0527 	DATA 	Keypress: rctrl
817.0639 	EXP 	Sound  started
817.7727 	DATA 	Keypress: rctrl
817.8139 	EXP 	Sound  started
818.4927 	DATA 	Keypress: rctrl
818.5639 	EXP 	Sound  started
819.2447 	DATA 	Keypress: lctrl
819.3139 	EXP 	Sound  started
819.9647 	DATA 	Keypress: rctrl
820.0640 	EXP 	Sound  started
820.7327 	DATA 	Keypress: lctrl
820.8140 	EXP 	Sound  started
821.5006 	DATA 	Keypress: lctrl
821.5640 	EXP 	Sound  started
822.3140 	EXP 	Sound  started
822.3326 	DATA 	Keypress: lctrl
823.0367 	DATA 	Keypress: rctrl
823.0640 	EXP 	Sound  started
823.7087 	DATA 	Keypress: rctrl
823.8140 	EXP 	Sound  started
824.4607 	DATA 	Keypress: lctrl
824.5641 	EXP 	Sound  started
825.2127 	DATA 	Keypress: lctrl
828.4214 	DATA 	Keypress: 3
828.4378 	EXP 	unnamed ShapeStim: vertices = <class 'numpy.ndarray'>
830.2734 	DATA 	Keypress: 3
830.2898 	EXP 	unnamed ShapeStim: vertices = <class 'numpy.ndarray'>
832.0786 	DATA 	Keypress: 3
832.1080 	EXP 	unnamed ShapeStim: vertices = <class 'numpy.ndarray'>
834.3933 	EXP 	Sound  started
834.7487 	DATA 	Keypress: lctrl
835.1432 	EXP 	Sound  started
835.1487 	DATA 	Keypress: rctrl
835.8207 	DATA 	Keypress: lctrl
835.8932 	EXP 	Sound  started
836.5567 	DATA 	Keypress: lctrl
836.6432 	EXP 	Sound  started
837.3407 	DATA 	Keypress: rctrl
837.3933 	EXP 	Sound  started
838.0607 	DATA 	Keypress: rctrl
838.1433 	EXP 	Sound  started
838.8447 	DATA 	Keypress: lctrl
838.8933 	EXP 	Sound  started
839.4687 	DATA 	Keypress: rctrl
839.6433 	EXP 	Sound  started
840.2687 	DATA 	Keypress: lctrl
840.3933 	EXP 	Sound  started
841.0527 	DATA 	Keypress: lctrl
841.1433 	EXP 	Sound  started
841.7728 	DATA 	Keypress: rctrl
841.8933 	EXP 	Sound  started
842.6433 	EXP 	Sound  started
842.6688 	DATA 	Keypress: lctrl
843.3407 	DATA 	Keypress: lctrl
843.3934 	EXP 	Sound  started
844.0447 	DATA 	Keypress: lctrl
844.1434 	EXP 	Sound  started
844.8127 	DATA 	Keypress: rctrl
844.8934 	EXP 	Sound  started
845.5487 	DATA 	Keypress: lctrl
845.6434 	EXP 	Sound  started
846.2527 	DATA 	Keypress: rctrl
846.3934 	EXP 	Sound  started
847.0207 	DATA 	Keypress: lctrl
847.1434 	EXP 	Sound  started
847.7567 	DATA 	Keypress: rctrl
847.8934 	EXP 	Sound  started
848.5727 	DATA 	Keypress: rctrl
848.6434 	EXP 	Sound  started
849.2767 	DATA 	Keypress: lctrl
849.3935 	EXP 	Sound  started
850.0447 	DATA 	Keypress: rctrl
850.1435 	EXP 	Sound  started
850.7806 	DATA 	Keypress: rctrl
850.8935 	EXP 	Sound  started
851.5966 	DATA 	Keypress: rctrl
851.6435 	EXP 	Sound  started
852.1886 	DATA 	Keypress: lctrl
852.3935 	EXP 	Sound  started
853.0047 	DATA 	Keypress: lctrl
853.1436 	EXP 	Sound  started
853.7726 	DATA 	Keypress: lctrl
853.8936 	EXP 	Sound  started
854.6436 	EXP 	Sound  started
855.3936 	EXP 	Sound  started
855.4047 	DATA 	Keypress: lctrl
856.0606 	DATA 	Keypress: lctrl
856.1436 	EXP 	Sound  started
856.6847 	DATA 	Keypress: rctrl
856.8936 	EXP 	Sound  started
857.4847 	DATA 	Keypress: rctrl
857.6436 	EXP 	Sound  started
858.3937 	EXP 	Sound  started
858.4447 	DATA 	Keypress: lctrl
859.0847 	DATA 	Keypress: rctrl
859.1437 	EXP 	Sound  started
859.8046 	DATA 	Keypress: rctrl
859.8937 	EXP 	Sound  started
860.4926 	DATA 	Keypress: lctrl
860.6437 	EXP 	Sound  started
861.2927 	DATA 	Keypress: rctrl
861.3937 	EXP 	Sound  started
862.0287 	DATA 	Keypress: lctrl
862.1437 	EXP 	Sound  started
862.7806 	DATA 	Keypress: rctrl
862.8937 	EXP 	Sound  started
863.5648 	DATA 	Keypress: rctrl
863.6438 	EXP 	Sound  started
864.2846 	DATA 	Keypress: lctrl
864.3938 	EXP 	Sound  started
865.0687 	DATA 	Keypress: lctrl
865.1438 	EXP 	Sound  started
865.8047 	DATA 	Keypress: rctrl
865.8938 	EXP 	Sound  started
866.5087 	DATA 	Keypress: rctrl
866.6438 	EXP 	Sound  started
867.3087 	DATA 	Keypress: lctrl
867.3938 	EXP 	Sound  started
868.0606 	DATA 	Keypress: lctrl
868.1439 	EXP 	Sound  started
868.7647 	DATA 	Keypress: lctrl
868.8939 	EXP 	Sound  started
869.5007 	DATA 	Keypress: lctrl
869.6439 	EXP 	Sound  started
870.1727 	DATA 	Keypress: rctrl
870.3939 	EXP 	Sound  started
870.9567 	DATA 	Keypress: lctrl
871.1439 	EXP 	Sound  started
871.6447 	DATA 	Keypress: lctrl
871.8939 	EXP 	Sound  started
872.4767 	DATA 	Keypress: lctrl
872.6439 	EXP 	Sound  started
873.1967 	DATA 	Keypress: rctrl
873.3940 	EXP 	Sound  started
874.0127 	DATA 	Keypress: lctrl
874.1440 	EXP 	Sound  started
874.8286 	DATA 	Keypress: rctrl
874.8940 	EXP 	Sound  started
875.5647 	DATA 	Keypress: rctrl
875.6440 	EXP 	Sound  started
876.2207 	DATA 	Keypress: lctrl
876.3940 	EXP 	Sound  started
877.0367 	DATA 	Keypress: rctrl
877.1440 	EXP 	Sound  started
877.7087 	DATA 	Keypress: lctrl
877.8940 	EXP 	Sound  started
878.4606 	DATA 	Keypress: lctrl
878.6441 	EXP 	Sound  started
879.2766 	DATA 	Keypress: lctrl
879.3941 	EXP 	Sound  started
880.0447 	DATA 	Keypress: rctrl
880.1441 	EXP 	Sound  started
880.7488 	DATA 	Keypress: lctrl
880.8941 	EXP 	Sound  started
881.5807 	DATA 	Keypress: rctrl
881.6441 	EXP 	Sound  started
882.2689 	DATA 	Keypress: lctrl
882.3941 	EXP 	Sound  started
882.9567 	DATA 	Keypress: lctrl
883.1441 	EXP 	Sound  started
883.7087 	DATA 	Keypress: rctrl
883.8942 	EXP 	Sound  started
884.4126 	DATA 	Keypress: lctrl
884.6442 	EXP 	Sound  started
885.2447 	DATA 	Keypress: lctrl
885.3942 	EXP 	Sound  started
885.9966 	DATA 	Keypress: rctrl
886.1442 	EXP 	Sound  started
886.8766 	DATA 	Keypress: rctrl
886.8942 	EXP 	Sound  started
887.6442 	EXP 	Sound  started
887.6447 	DATA 	Keypress: rctrl
888.3327 	DATA 	Keypress: lctrl
888.3943 	EXP 	Sound  started
889.1007 	DATA 	Keypress: rctrl
889.1443 	EXP 	Sound  started
889.8687 	DATA 	Keypress: lctrl
889.8943 	EXP 	Sound  started
890.6047 	DATA 	Keypress: rctrl
890.6443 	EXP 	Sound  started
891.3727 	DATA 	Keypress: lctrl
891.3943 	EXP 	Sound  started
892.0927 	DATA 	Keypress: lctrl
892.1443 	EXP 	Sound  started
892.8287 	DATA 	Keypress: lctrl
892.8943 	EXP 	Sound  started
893.5808 	DATA 	Keypress: rctrl
897.4612 	DATA 	Keypress: 2
897.4777 	EXP 	unnamed ShapeStim: vertices = <class 'numpy.ndarray'>
901.6313 	DATA 	Keypress: 3
901.6478 	EXP 	unnamed ShapeStim: vertices = <class 'numpy.ndarray'>
904.2209 	DATA 	Keypress: 2
904.2504 	EXP 	unnamed ShapeStim: vertices = <class 'numpy.ndarray'>
1100.8287 	DATA 	Keypress: return
1100.9012 	EXP 	window1: mouseVisible = True
