11.2274 	WARNING 	User requested fullscreen with size [1024  768], but screen is actually [1920, 1200]. Using actual size
12.0378 	EXP 	Created window1 = Window(allowGUI=False, allowStencil=False, autoLog=True, backendConf=UNKNOWN, bitsMode=UNKNOWN, blendMode='avg', bpc=(8, 8, 8), color=array([0, 0, 0]), colorSpace='rgb', depthBits=8, fullscr=<method-wrapper '__getattribute__' of attributeSetter object at 0x0000017050686780>, gamma=None, gammaErrorPolicy='raise', lms=UNKNOWN, monitor=<psychopy.monitors.calibTools.Monitor object at 0x0000017056F35080>, multiSample=False, name='window1', numSamples=2, pos=[0.0, 0.0], screen=0, size=array([1920, 1200]), stencilBits=0, stereo=False, units='norm', useFBO=True, useRetina=False, viewOri=0.0, viewPos=None, viewScale=None, waitBlanking=True, winType='pyglet')
12.0381 	EXP 	window1: mouseVisible = True
12.0382 	EXP 	window1: mouseVisible = False
12.0382 	EXP 	window1: recordFrameIntervals = False
12.2043 	EXP 	window1: recordFrameIntervals = True
12.3878 	EXP 	window1: recordFrameIntervals = False
12.4430 	EXP 	Created text = TextStim(__class__=<class 'psychopy.visual.text.TextStim'>, alignHoriz=method-wrapper(...), alignText='center', alignVert=method-wrapper(...), anchorHoriz='center', anchorVert='center', antialias=True, autoLog=True, bold=False, color=array([1., 1., 1.]), colorSpace='rgb', contrast=1.0, depth=0.0, flipHoriz=False, flipVert=False, font='Arial', fontFiles=[], height=0.15, italic=False, languageStyle='LTR', name='text', opacity=1, ori=0, pos=array([0., 0.]), rgb=UNKNOWN, text='+', units='norm', win=Window(...), wrapWidth=1)
12.4637 	EXP 	Created text = TextStim(__class__=<class 'psychopy.visual.text.TextStim'>, alignHoriz=method-wrapper(...), alignText='center', alignVert=method-wrapper(...), anchorHoriz='center', anchorVert='center', antialias=True, autoLog=True, bold=False, color=array([1., 1., 1.]), colorSpace='rgb', contrast=1.0, depth=0.0, flipHoriz=False, flipVert=False, font='Arial', fontFiles=[], height=0.07, italic=False, languageStyle='LTR', name='text', opacity=1, ori=0, pos=array([0., 0.]), rgb=UNKNOWN, text=str(...), units='norm', win=Window(...), wrapWidth=1.65)
12.4738 	EXP 	Created text = TextStim(__class__=<class 'psychopy.visual.text.TextStim'>, alignHoriz=method-wrapper(...), alignText='center', alignVert=method-wrapper(...), anchorHoriz='center', anchorVert='center', antialias=True, autoLog=True, bold=False, color=array([1., 1., 1.]), colorSpace='rgb', contrast=1.0, depth=0.0, flipHoriz=False, flipVert=False, font='Arial', fontFiles=[], height=0.07, italic=False, languageStyle='LTR', name='text', opacity=1, ori=0, pos=array([0., 0.]), rgb=UNKNOWN, text=str(...), units='norm', win=Window(...), wrapWidth=1.65)
12.4832 	EXP 	Created text = TextStim(__class__=<class 'psychopy.visual.text.TextStim'>, alignHoriz=method-wrapper(...), alignText='center', alignVert=method-wrapper(...), anchorHoriz='center', anchorVert='center', antialias=True, autoLog=True, bold=False, color=array([1., 1., 1.]), colorSpace='rgb', contrast=1.0, depth=0.0, flipHoriz=False, flipVert=False, font='Arial', fontFiles=[], height=0.07, italic=False, languageStyle='LTR', name='text', opacity=1, ori=0, pos=array([0., 0.]), rgb=UNKNOWN, text=str(...), units='norm', win=Window(...), wrapWidth=1.65)
12.4941 	EXP 	Created text = TextStim(__class__=<class 'psychopy.visual.text.TextStim'>, alignHoriz=method-wrapper(...), alignText='center', alignVert=method-wrapper(...), anchorHoriz='center', anchorVert='center', antialias=True, autoLog=True, bold=False, color=array([1., 1., 1.]), colorSpace='rgb', contrast=1.0, depth=0.0, flipHoriz=False, flipVert=False, font='Arial', fontFiles=[], height=0.07, italic=False, languageStyle='LTR', name='text', opacity=1, ori=0, pos=array([0., 0.]), rgb=UNKNOWN, text=str(...), units='norm', win=Window(...), wrapWidth=1.65)
12.5004 	EXP 	Created text = TextStim(__class__=<class 'psychopy.visual.text.TextStim'>, alignHoriz=method-wrapper(...), alignText='center', alignVert=method-wrapper(...), anchorHoriz='center', anchorVert='center', antialias=True, autoLog=True, bold=False, color=array([1., 1., 1.]), colorSpace='rgb', contrast=1.0, depth=0.0, flipHoriz=False, flipVert=False, font='Arial', fontFiles=[], height=0.07, italic=False, languageStyle='LTR', name='text', opacity=1, ori=0, pos=array([0., 0.]), rgb=UNKNOWN, text=str(...), units='norm', win=Window(...), wrapWidth=1.65)
12.5137 	EXP 	Created text = TextStim(__class__=<class 'psychopy.visual.text.TextStim'>, alignHoriz=method-wrapper(...), alignText='center', alignVert=method-wrapper(...), anchorHoriz='center', anchorVert='center', antialias=True, autoLog=True, bold=False, color=array([1., 1., 1.]), colorSpace='rgb', contrast=1.0, depth=0.0, flipHoriz=False, flipVert=False, font='Arial', fontFiles=[], height=0.15, italic=False, languageStyle='LTR', name='text', opacity=1, ori=0, pos=array([0., 0.]), rgb=UNKNOWN, text=str(...), units='norm', win=Window(...), wrapWidth=1.65)
12.5426 	EXP 	Created text = TextStim(__class__=<class 'psychopy.visual.text.TextStim'>, alignHoriz=method-wrapper(...), alignText='center', alignVert=method-wrapper(...), anchorHoriz='center', anchorVert='center', antialias=True, autoLog=True, bold=False, color=array([1., 1., 1.]), colorSpace='rgb', contrast=1.0, depth=0.0, flipHoriz=False, flipVert=False, font='Arial', fontFiles=[], height=0.07, italic=False, languageStyle='LTR', name='text', opacity=1, ori=0, pos=array([0., 0.]), rgb=UNKNOWN, text=str(...), units='norm', win=Window(...), wrapWidth=1.65)
12.5649 	EXP 	Created text = TextStim(__class__=<class 'psychopy.visual.text.TextStim'>, alignHoriz=method-wrapper(...), alignText='center', alignVert=method-wrapper(...), anchorHoriz='center', anchorVert='center', antialias=True, autoLog=True, bold=False, color=array([1., 1., 1.]), colorSpace='rgb', contrast=1.0, depth=0.0, flipHoriz=False, flipVert=False, font='Arial', fontFiles=[], height=0.07, italic=False, languageStyle='LTR', name='text', opacity=1, ori=0, pos=array([0., 0.]), rgb=UNKNOWN, text=str(...), units='norm', win=Window(...), wrapWidth=1.65)
12.5937 	EXP 	Created text = TextStim(__class__=<class 'psychopy.visual.text.TextStim'>, alignHoriz=method-wrapper(...), alignText='center', alignVert=method-wrapper(...), anchorHoriz='center', anchorVert='center', antialias=True, autoLog=True, bold=False, color=array([1., 1., 1.]), colorSpace='rgb', contrast=1.0, depth=0.0, flipHoriz=False, flipVert=False, font='Arial', fontFiles=[], height=0.07, italic=False, languageStyle='LTR', name='text', opacity=1, ori=0, pos=array([0., 0.]), rgb=UNKNOWN, text=str(...), units='norm', win=Window(...), wrapWidth=1.65)
12.6157 	EXP 	Created text = TextStim(__class__=<class 'psychopy.visual.text.TextStim'>, alignHoriz=method-wrapper(...), alignText='center', alignVert=method-wrapper(...), anchorHoriz='center', anchorVert='center', antialias=True, autoLog=True, bold=False, color=array([1., 1., 1.]), colorSpace='rgb', contrast=1.0, depth=0.0, flipHoriz=False, flipVert=False, font='Arial', fontFiles=[], height=0.07, italic=False, languageStyle='LTR', name='text', opacity=1, ori=0, pos=array([0., 0.]), rgb=UNKNOWN, text=str(...), units='norm', win=Window(...), wrapWidth=1.65)
12.6443 	EXP 	Created text = TextStim(__class__=<class 'psychopy.visual.text.TextStim'>, alignHoriz=method-wrapper(...), alignText='center', alignVert=method-wrapper(...), anchorHoriz='center', anchorVert='center', antialias=True, autoLog=True, bold=False, color=array([1., 1., 1.]), colorSpace='rgb', contrast=1.0, depth=0.0, flipHoriz=False, flipVert=False, font='Arial', fontFiles=[], height=0.07, italic=False, languageStyle='LTR', name='text', opacity=1, ori=0, pos=array([0., 0.]), rgb=UNKNOWN, text=str(...), units='norm', win=Window(...), wrapWidth=1.65)
12.6549 	EXP 	Created text = TextStim(__class__=<class 'psychopy.visual.text.TextStim'>, alignHoriz=method-wrapper(...), alignText='center', alignVert=method-wrapper(...), anchorHoriz='center', anchorVert='center', antialias=True, autoLog=True, bold=False, color=array([1., 1., 1.]), colorSpace='rgb', contrast=1.0, depth=0.0, flipHoriz=False, flipVert=False, font='Arial', fontFiles=[], height=0.07, italic=False, languageStyle='LTR', name='text', opacity=1, ori=0, pos=array([0., 0.]), rgb=UNKNOWN, text=str(...), units='norm', win=Window(...), wrapWidth=1.65)
12.6673 	EXP 	Created text = TextStim(__class__=<class 'psychopy.visual.text.TextStim'>, alignHoriz=method-wrapper(...), alignText='center', alignVert=method-wrapper(...), anchorHoriz='center', anchorVert='center', antialias=True, autoLog=True, bold=False, color=array([1., 1., 1.]), colorSpace='rgb', contrast=1.0, depth=0.0, flipHoriz=False, flipVert=False, font='Arial', fontFiles=[], height=0.07, italic=False, languageStyle='LTR', name='text', opacity=1, ori=0, pos=array([0., 0.]), rgb=UNKNOWN, text=str(...), units='norm', win=Window(...), wrapWidth=1.65)
12.6717 	EXP 	Created instru = TextStim(__class__=<class 'psychopy.visual.text.TextStim'>, alignHoriz=method-wrapper(...), alignText='center', alignVert=method-wrapper(...), anchorHoriz='center', anchorVert='center', antialias=True, autoLog=True, bold=False, color=array([1., 1., 1.]), colorSpace='rgb', contrast=1.0, depth=0.0, flipHoriz=False, flipVert=False, font='Arial', fontFiles=[], height=0.07, italic=False, languageStyle='LTR', name='instru', opacity=1, ori=0, pos=array([0. , 0.5]), rgb=UNKNOWN, text=str(...), units='norm', win=Window(...), wrapWidth=1)
12.6742 	EXP 	Created unnamed Line = Line(__class__=<class 'psychopy.visual.line.Line'>, autoDraw=False, autoLog=True, closeShape=False, color=array([1., 1., 1.]), colorSpace='rgb', contrast=None, depth=0, fillColor=array([0, 0, 0]), fillColorSpace='rgb', fillRGB=array([0, 0, 0]), interpolate=True, lineColor=array([1., 1., 1.]), lineColorSpace='rgb', lineRGB=array([1, 1, 1]), lineWidth=5, name='unnamed Line', opacity=0.5, ori=0.0, pos=array([0., 0.]), size=array([1., 1.]), units='norm', vertices=array([[-0.5,  0. ],
       [ 0.5,  0. ]]), win=Window(...), windingRule=None)
12.6762 	EXP 	Created unnamed Line = Line(__class__=<class 'psychopy.visual.line.Line'>, autoDraw=False, autoLog=True, closeShape=False, color=array([1., 1., 1.]), colorSpace='rgb', contrast=None, depth=0, fillColor=array([0, 0, 0]), fillColorSpace='rgb', fillRGB=array([0, 0, 0]), interpolate=True, lineColor=array([1., 1., 1.]), lineColorSpace='rgb', lineRGB=array([1, 1, 1]), lineWidth=3, name='unnamed Line', opacity=0.5, ori=0.0, pos=array([0., 0.]), size=array([1., 1.]), units='norm', vertices=array([[-0.5 , -0.05],
       [-0.5 ,  0.05]]), win=Window(...), windingRule=None)
12.6782 	EXP 	Created unnamed Line = Line(__class__=<class 'psychopy.visual.line.Line'>, autoDraw=False, autoLog=True, closeShape=False, color=array([1., 1., 1.]), colorSpace='rgb', contrast=None, depth=0, fillColor=array([0, 0, 0]), fillColorSpace='rgb', fillRGB=array([0, 0, 0]), interpolate=True, lineColor=array([1., 1., 1.]), lineColorSpace='rgb', lineRGB=array([1, 1, 1]), lineWidth=3, name='unnamed Line', opacity=0.5, ori=0.0, pos=array([0., 0.]), size=array([1., 1.]), units='norm', vertices=ndarray(...), win=Window(...), windingRule=None)
12.6802 	EXP 	Created unnamed Line = Line(__class__=<class 'psychopy.visual.line.Line'>, autoDraw=False, autoLog=True, closeShape=False, color=array([1., 1., 1.]), colorSpace='rgb', contrast=None, depth=0, fillColor=array([0, 0, 0]), fillColorSpace='rgb', fillRGB=array([0, 0, 0]), interpolate=True, lineColor=array([1., 1., 1.]), lineColorSpace='rgb', lineRGB=array([1, 1, 1]), lineWidth=3, name='unnamed Line', opacity=0.5, ori=0.0, pos=array([0., 0.]), size=array([1., 1.]), units='norm', vertices=ndarray(...), win=Window(...), windingRule=None)
12.6821 	EXP 	Created unnamed Line = Line(__class__=<class 'psychopy.visual.line.Line'>, autoDraw=False, autoLog=True, closeShape=False, color=array([1., 1., 1.]), colorSpace='rgb', contrast=None, depth=0, fillColor=array([0, 0, 0]), fillColorSpace='rgb', fillRGB=array([0, 0, 0]), interpolate=True, lineColor=array([1., 1., 1.]), lineColorSpace='rgb', lineRGB=array([1, 1, 1]), lineWidth=3, name='unnamed Line', opacity=0.5, ori=0.0, pos=array([0., 0.]), size=array([1., 1.]), units='norm', vertices=array([[ 0.5 , -0.05],
       [ 0.5 ,  0.05]]), win=Window(...), windingRule=None)
12.6949 	EXP 	Created unnamed TextStim = TextStim(__class__=<class 'psychopy.visual.text.TextStim'>, alignHoriz=method-wrapper(...), alignText='center', alignVert=method-wrapper(...), anchorHoriz='center', anchorVert='center', antialias=True, autoLog=True, bold=False, color=array([1., 1., 1.]), colorSpace='rgb', contrast=1.0, depth=0, flipHoriz=False, flipVert=False, font='', fontFiles=[], height=0.05, italic=False, languageStyle='LTR', name='unnamed TextStim', opacity=1.0, ori=0.0, pos=array([-0.5, -0.1]), rgb=UNKNOWN, text='Helt klart \n IKKE FOKUSERT', units='norm', win=Window(...), wrapWidth=1)
12.6960 	EXP 	Created unnamed TextStim = TextStim(__class__=<class 'psychopy.visual.text.TextStim'>, alignHoriz=method-wrapper(...), alignText='center', alignVert=method-wrapper(...), anchorHoriz='center', anchorVert='center', antialias=True, autoLog=True, bold=False, color=array([1., 1., 1.]), colorSpace='rgb', contrast=1.0, depth=0, flipHoriz=False, flipVert=False, font='', fontFiles=[], height=0.05, italic=False, languageStyle='LTR', name='unnamed TextStim', opacity=1.0, ori=0.0, pos=array([-0.16666667, -0.1       ]), rgb=UNKNOWN, text='', units='norm', win=Window(...), wrapWidth=1)
12.6970 	EXP 	Created unnamed TextStim = TextStim(__class__=<class 'psychopy.visual.text.TextStim'>, alignHoriz=method-wrapper(...), alignText='center', alignVert=method-wrapper(...), anchorHoriz='center', anchorVert='center', antialias=True, autoLog=True, bold=False, color=array([1., 1., 1.]), colorSpace='rgb', contrast=1.0, depth=0, flipHoriz=False, flipVert=False, font='', fontFiles=[], height=0.05, italic=False, languageStyle='LTR', name='unnamed TextStim', opacity=1.0, ori=0.0, pos=array([ 0.16666667, -0.1       ]), rgb=UNKNOWN, text='', units='norm', win=Window(...), wrapWidth=1)
12.7007 	EXP 	Created unnamed TextStim = TextStim(__class__=<class 'psychopy.visual.text.TextStim'>, alignHoriz=method-wrapper(...), alignText='center', alignVert=method-wrapper(...), anchorHoriz='center', anchorVert='center', antialias=True, autoLog=True, bold=False, color=array([1., 1., 1.]), colorSpace='rgb', contrast=1.0, depth=0, flipHoriz=False, flipVert=False, font='', fontFiles=[], height=0.05, italic=False, languageStyle='LTR', name='unnamed TextStim', opacity=1.0, ori=0.0, pos=array([ 0.5, -0.1]), rgb=UNKNOWN, text='Helt klart \n FOKUSERT', units='norm', win=Window(...), wrapWidth=1)
12.7029 	EXP 	Created unnamed ShapeStim = ShapeStim(__class__=<class 'psychopy.visual.shape.ShapeStim'>, autoDraw=False, autoLog=True, closeShape=True, color=method-wrapper(...), colorSpace='rgb', contrast=None, depth=0, fillColor=array([1, 1, 1]), fillColorSpace='rgb', fillRGB=array([1, 1, 1]), interpolate=True, lineColor=array([-1., -1., -1.]), lineColorSpace='rgb', lineRGB=array([-1, -1, -1]), lineWidth=1.5, name='unnamed ShapeStim', opacity=1.0, ori=0.0, pos=array([0., 0.]), size=array([1., 1.]), units='norm', vertices=ndarray(...), win=Window(...), windingRule=None)
12.7110 	EXP 	Created instru = TextStim(__class__=<class 'psychopy.visual.text.TextStim'>, alignHoriz=method-wrapper(...), alignText='center', alignVert=method-wrapper(...), anchorHoriz='center', anchorVert='center', antialias=True, autoLog=True, bold=False, color=array([1., 1., 1.]), colorSpace='rgb', contrast=1.0, depth=0.0, flipHoriz=False, flipVert=False, font='Arial', fontFiles=[], height=0.07, italic=False, languageStyle='LTR', name='instru', opacity=1, ori=0, pos=array([0. , 0.5]), rgb=UNKNOWN, text=str(...), units='norm', win=Window(...), wrapWidth=1)
12.7131 	EXP 	Created unnamed Line = Line(__class__=<class 'psychopy.visual.line.Line'>, autoDraw=False, autoLog=True, closeShape=False, color=array([1., 1., 1.]), colorSpace='rgb', contrast=None, depth=0, fillColor=array([0, 0, 0]), fillColorSpace='rgb', fillRGB=array([0, 0, 0]), interpolate=True, lineColor=array([1., 1., 1.]), lineColorSpace='rgb', lineRGB=array([1, 1, 1]), lineWidth=5, name='unnamed Line', opacity=0.5, ori=0.0, pos=array([0., 0.]), size=array([1., 1.]), units='norm', vertices=array([[-0.5,  0. ],
       [ 0.5,  0. ]]), win=Window(...), windingRule=None)
12.7152 	EXP 	Created unnamed Line = Line(__class__=<class 'psychopy.visual.line.Line'>, autoDraw=False, autoLog=True, closeShape=False, color=array([1., 1., 1.]), colorSpace='rgb', contrast=None, depth=0, fillColor=array([0, 0, 0]), fillColorSpace='rgb', fillRGB=array([0, 0, 0]), interpolate=True, lineColor=array([1., 1., 1.]), lineColorSpace='rgb', lineRGB=array([1, 1, 1]), lineWidth=3, name='unnamed Line', opacity=0.5, ori=0.0, pos=array([0., 0.]), size=array([1., 1.]), units='norm', vertices=array([[-0.5 , -0.05],
       [-0.5 ,  0.05]]), win=Window(...), windingRule=None)
12.7172 	EXP 	Created unnamed Line = Line(__class__=<class 'psychopy.visual.line.Line'>, autoDraw=False, autoLog=True, closeShape=False, color=array([1., 1., 1.]), colorSpace='rgb', contrast=None, depth=0, fillColor=array([0, 0, 0]), fillColorSpace='rgb', fillRGB=array([0, 0, 0]), interpolate=True, lineColor=array([1., 1., 1.]), lineColorSpace='rgb', lineRGB=array([1, 1, 1]), lineWidth=3, name='unnamed Line', opacity=0.5, ori=0.0, pos=array([0., 0.]), size=array([1., 1.]), units='norm', vertices=ndarray(...), win=Window(...), windingRule=None)
12.7192 	EXP 	Created unnamed Line = Line(__class__=<class 'psychopy.visual.line.Line'>, autoDraw=False, autoLog=True, closeShape=False, color=array([1., 1., 1.]), colorSpace='rgb', contrast=None, depth=0, fillColor=array([0, 0, 0]), fillColorSpace='rgb', fillRGB=array([0, 0, 0]), interpolate=True, lineColor=array([1., 1., 1.]), lineColorSpace='rgb', lineRGB=array([1, 1, 1]), lineWidth=3, name='unnamed Line', opacity=0.5, ori=0.0, pos=array([0., 0.]), size=array([1., 1.]), units='norm', vertices=ndarray(...), win=Window(...), windingRule=None)
12.7212 	EXP 	Created unnamed Line = Line(__class__=<class 'psychopy.visual.line.Line'>, autoDraw=False, autoLog=True, closeShape=False, color=array([1., 1., 1.]), colorSpace='rgb', contrast=None, depth=0, fillColor=array([0, 0, 0]), fillColorSpace='rgb', fillRGB=array([0, 0, 0]), interpolate=True, lineColor=array([1., 1., 1.]), lineColorSpace='rgb', lineRGB=array([1, 1, 1]), lineWidth=3, name='unnamed Line', opacity=0.5, ori=0.0, pos=array([0., 0.]), size=array([1., 1.]), units='norm', vertices=array([[ 0.5 , -0.05],
       [ 0.5 ,  0.05]]), win=Window(...), windingRule=None)
12.7262 	EXP 	Created unnamed TextStim = TextStim(__class__=<class 'psychopy.visual.text.TextStim'>, alignHoriz=method-wrapper(...), alignText='center', alignVert=method-wrapper(...), anchorHoriz='center', anchorVert='center', antialias=True, autoLog=True, bold=False, color=array([1., 1., 1.]), colorSpace='rgb', contrast=1.0, depth=0, flipHoriz=False, flipVert=False, font='', fontFiles=[], height=0.05, italic=False, languageStyle='LTR', name='unnamed TextStim', opacity=1.0, ori=0.0, pos=array([-0.5, -0.1]), rgb=UNKNOWN, text='Helt klart \n INGENTING', units='norm', win=Window(...), wrapWidth=1)
12.7273 	EXP 	Created unnamed TextStim = TextStim(__class__=<class 'psychopy.visual.text.TextStim'>, alignHoriz=method-wrapper(...), alignText='center', alignVert=method-wrapper(...), anchorHoriz='center', anchorVert='center', antialias=True, autoLog=True, bold=False, color=array([1., 1., 1.]), colorSpace='rgb', contrast=1.0, depth=0, flipHoriz=False, flipVert=False, font='', fontFiles=[], height=0.05, italic=False, languageStyle='LTR', name='unnamed TextStim', opacity=1.0, ori=0.0, pos=array([-0.16666667, -0.1       ]), rgb=UNKNOWN, text='', units='norm', win=Window(...), wrapWidth=1)
12.7284 	EXP 	Created unnamed TextStim = TextStim(__class__=<class 'psychopy.visual.text.TextStim'>, alignHoriz=method-wrapper(...), alignText='center', alignVert=method-wrapper(...), anchorHoriz='center', anchorVert='center', antialias=True, autoLog=True, bold=False, color=array([1., 1., 1.]), colorSpace='rgb', contrast=1.0, depth=0, flipHoriz=False, flipVert=False, font='', fontFiles=[], height=0.05, italic=False, languageStyle='LTR', name='unnamed TextStim', opacity=1.0, ori=0.0, pos=array([ 0.16666667, -0.1       ]), rgb=UNKNOWN, text='', units='norm', win=Window(...), wrapWidth=1)
12.7313 	EXP 	Created unnamed TextStim = TextStim(__class__=<class 'psychopy.visual.text.TextStim'>, alignHoriz=method-wrapper(...), alignText='center', alignVert=method-wrapper(...), anchorHoriz='center', anchorVert='center', antialias=True, autoLog=True, bold=False, color=array([1., 1., 1.]), colorSpace='rgb', contrast=1.0, depth=0, flipHoriz=False, flipVert=False, font='', fontFiles=[], height=0.05, italic=False, languageStyle='LTR', name='unnamed TextStim', opacity=1.0, ori=0.0, pos=array([ 0.5, -0.1]), rgb=UNKNOWN, text='Helt klart \n NOE', units='norm', win=Window(...), wrapWidth=1)
12.7330 	EXP 	Created unnamed ShapeStim = ShapeStim(__class__=<class 'psychopy.visual.shape.ShapeStim'>, autoDraw=False, autoLog=True, closeShape=True, color=method-wrapper(...), colorSpace='rgb', contrast=None, depth=0, fillColor=array([1, 1, 1]), fillColorSpace='rgb', fillRGB=array([1, 1, 1]), interpolate=True, lineColor=array([-1., -1., -1.]), lineColorSpace='rgb', lineRGB=array([-1, -1, -1]), lineWidth=1.5, name='unnamed ShapeStim', opacity=1.0, ori=0.0, pos=array([0., 0.]), size=array([1., 1.]), units='norm', vertices=ndarray(...), win=Window(...), windingRule=None)
12.7395 	EXP 	Created instru = TextStim(__class__=<class 'psychopy.visual.text.TextStim'>, alignHoriz=method-wrapper(...), alignText='center', alignVert=method-wrapper(...), anchorHoriz='center', anchorVert='center', antialias=True, autoLog=True, bold=False, color=array([1., 1., 1.]), colorSpace='rgb', contrast=1.0, depth=0.0, flipHoriz=False, flipVert=False, font='Arial', fontFiles=[], height=0.07, italic=False, languageStyle='LTR', name='instru', opacity=1, ori=0, pos=array([0. , 0.5]), rgb=UNKNOWN, text=str(...), units='norm', win=Window(...), wrapWidth=1)
12.7415 	EXP 	Created unnamed Line = Line(__class__=<class 'psychopy.visual.line.Line'>, autoDraw=False, autoLog=True, closeShape=False, color=array([1., 1., 1.]), colorSpace='rgb', contrast=None, depth=0, fillColor=array([0, 0, 0]), fillColorSpace='rgb', fillRGB=array([0, 0, 0]), interpolate=True, lineColor=array([1., 1., 1.]), lineColorSpace='rgb', lineRGB=array([1, 1, 1]), lineWidth=5, name='unnamed Line', opacity=0.5, ori=0.0, pos=array([0., 0.]), size=array([1., 1.]), units='norm', vertices=array([[-0.5,  0. ],
       [ 0.5,  0. ]]), win=Window(...), windingRule=None)
12.7435 	EXP 	Created unnamed Line = Line(__class__=<class 'psychopy.visual.line.Line'>, autoDraw=False, autoLog=True, closeShape=False, color=array([1., 1., 1.]), colorSpace='rgb', contrast=None, depth=0, fillColor=array([0, 0, 0]), fillColorSpace='rgb', fillRGB=array([0, 0, 0]), interpolate=True, lineColor=array([1., 1., 1.]), lineColorSpace='rgb', lineRGB=array([1, 1, 1]), lineWidth=3, name='unnamed Line', opacity=0.5, ori=0.0, pos=array([0., 0.]), size=array([1., 1.]), units='norm', vertices=array([[-0.5 , -0.05],
       [-0.5 ,  0.05]]), win=Window(...), windingRule=None)
12.7455 	EXP 	Created unnamed Line = Line(__class__=<class 'psychopy.visual.line.Line'>, autoDraw=False, autoLog=True, closeShape=False, color=array([1., 1., 1.]), colorSpace='rgb', contrast=None, depth=0, fillColor=array([0, 0, 0]), fillColorSpace='rgb', fillRGB=array([0, 0, 0]), interpolate=True, lineColor=array([1., 1., 1.]), lineColorSpace='rgb', lineRGB=array([1, 1, 1]), lineWidth=3, name='unnamed Line', opacity=0.5, ori=0.0, pos=array([0., 0.]), size=array([1., 1.]), units='norm', vertices=ndarray(...), win=Window(...), windingRule=None)
12.7475 	EXP 	Created unnamed Line = Line(__class__=<class 'psychopy.visual.line.Line'>, autoDraw=False, autoLog=True, closeShape=False, color=array([1., 1., 1.]), colorSpace='rgb', contrast=None, depth=0, fillColor=array([0, 0, 0]), fillColorSpace='rgb', fillRGB=array([0, 0, 0]), interpolate=True, lineColor=array([1., 1., 1.]), lineColorSpace='rgb', lineRGB=array([1, 1, 1]), lineWidth=3, name='unnamed Line', opacity=0.5, ori=0.0, pos=array([0., 0.]), size=array([1., 1.]), units='norm', vertices=ndarray(...), win=Window(...), windingRule=None)
12.7495 	EXP 	Created unnamed Line = Line(__class__=<class 'psychopy.visual.line.Line'>, autoDraw=False, autoLog=True, closeShape=False, color=array([1., 1., 1.]), colorSpace='rgb', contrast=None, depth=0, fillColor=array([0, 0, 0]), fillColorSpace='rgb', fillRGB=array([0, 0, 0]), interpolate=True, lineColor=array([1., 1., 1.]), lineColorSpace='rgb', lineRGB=array([1, 1, 1]), lineWidth=3, name='unnamed Line', opacity=0.5, ori=0.0, pos=array([0., 0.]), size=array([1., 1.]), units='norm', vertices=array([[ 0.5 , -0.05],
       [ 0.5 ,  0.05]]), win=Window(...), windingRule=None)
12.7551 	EXP 	Created unnamed TextStim = TextStim(__class__=<class 'psychopy.visual.text.TextStim'>, alignHoriz=method-wrapper(...), alignText='center', alignVert=method-wrapper(...), anchorHoriz='center', anchorVert='center', antialias=True, autoLog=True, bold=False, color=array([1., 1., 1.]), colorSpace='rgb', contrast=1.0, depth=0, flipHoriz=False, flipVert=False, font='', fontFiles=[], height=0.05, italic=False, languageStyle='LTR', name='unnamed TextStim', opacity=1.0, ori=0.0, pos=array([-0.5, -0.1]), rgb=UNKNOWN, text='Helt klart \n SPONTAN', units='norm', win=Window(...), wrapWidth=1)
12.7562 	EXP 	Created unnamed TextStim = TextStim(__class__=<class 'psychopy.visual.text.TextStim'>, alignHoriz=method-wrapper(...), alignText='center', alignVert=method-wrapper(...), anchorHoriz='center', anchorVert='center', antialias=True, autoLog=True, bold=False, color=array([1., 1., 1.]), colorSpace='rgb', contrast=1.0, depth=0, flipHoriz=False, flipVert=False, font='', fontFiles=[], height=0.05, italic=False, languageStyle='LTR', name='unnamed TextStim', opacity=1.0, ori=0.0, pos=array([-0.16666667, -0.1       ]), rgb=UNKNOWN, text='', units='norm', win=Window(...), wrapWidth=1)
12.7573 	EXP 	Created unnamed TextStim = TextStim(__class__=<class 'psychopy.visual.text.TextStim'>, alignHoriz=method-wrapper(...), alignText='center', alignVert=method-wrapper(...), anchorHoriz='center', anchorVert='center', antialias=True, autoLog=True, bold=False, color=array([1., 1., 1.]), colorSpace='rgb', contrast=1.0, depth=0, flipHoriz=False, flipVert=False, font='', fontFiles=[], height=0.05, italic=False, languageStyle='LTR', name='unnamed TextStim', opacity=1.0, ori=0.0, pos=array([ 0.16666667, -0.1       ]), rgb=UNKNOWN, text='', units='norm', win=Window(...), wrapWidth=1)
12.7618 	EXP 	Created unnamed TextStim = TextStim(__class__=<class 'psychopy.visual.text.TextStim'>, alignHoriz=method-wrapper(...), alignText='center', alignVert=method-wrapper(...), anchorHoriz='center', anchorVert='center', antialias=True, autoLog=True, bold=False, color=array([1., 1., 1.]), colorSpace='rgb', contrast=1.0, depth=0, flipHoriz=False, flipVert=False, font='', fontFiles=[], height=0.05, italic=False, languageStyle='LTR', name='unnamed TextStim', opacity=1.0, ori=0.0, pos=array([ 0.5, -0.1]), rgb=UNKNOWN, text='Helt klart \n BEVISST', units='norm', win=Window(...), wrapWidth=1)
12.7636 	EXP 	Created unnamed ShapeStim = ShapeStim(__class__=<class 'psychopy.visual.shape.ShapeStim'>, autoDraw=False, autoLog=True, closeShape=True, color=method-wrapper(...), colorSpace='rgb', contrast=None, depth=0, fillColor=array([1, 1, 1]), fillColorSpace='rgb', fillRGB=array([1, 1, 1]), interpolate=True, lineColor=array([-1., -1., -1.]), lineColorSpace='rgb', lineRGB=array([-1, -1, -1]), lineWidth=1.5, name='unnamed ShapeStim', opacity=1.0, ori=0.0, pos=array([0., 0.]), size=array([1., 1.]), units='norm', vertices=ndarray(...), win=Window(...), windingRule=None)
12.8133 	EXP 	Sound  set volume 1.000
12.8444 	EXP 	unnamed ShapeStim: vertices = <class 'numpy.ndarray'>
12.8444 	EXP 	unnamed ShapeStim: vertices = <class 'numpy.ndarray'>
12.8444 	EXP 	unnamed ShapeStim: vertices = <class 'numpy.ndarray'>
203.7734 	DATA 	Keypress: rctrl
204.3061 	EXP 	Sound  started
204.5254 	DATA 	Keypress: rctrl
205.0561 	EXP 	Sound  started
205.0695 	DATA 	Keypress: rctrl
205.7254 	DATA 	Keypress: rctrl
205.8061 	EXP 	Sound  started
206.4454 	DATA 	Keypress: lctrl
206.5561 	EXP 	Sound  started
207.1493 	DATA 	Keypress: lctrl
207.3061 	EXP 	Sound  started
207.8535 	DATA 	Keypress: rctrl
208.0561 	EXP 	Sound  started
208.6694 	DATA 	Keypress: lctrl
208.8061 	EXP 	Sound  started
209.3893 	DATA 	Keypress: rctrl
209.5562 	EXP 	Sound  started
210.1094 	DATA 	Keypress: lctrl
210.3062 	EXP 	Sound  started
210.8933 	DATA 	Keypress: rctrl
211.0562 	EXP 	Sound  started
211.6134 	DATA 	Keypress: lctrl
211.8062 	EXP 	Sound  started
212.3974 	DATA 	Keypress: rctrl
212.5562 	EXP 	Sound  started
213.1494 	DATA 	Keypress: rctrl
213.3062 	EXP 	Sound  started
213.8694 	DATA 	Keypress: rctrl
214.0562 	EXP 	Sound  started
214.6214 	DATA 	Keypress: lctrl
214.8063 	EXP 	Sound  started
215.3894 	DATA 	Keypress: rctrl
215.5563 	EXP 	Sound  started
216.1414 	DATA 	Keypress: rctrl
216.3063 	EXP 	Sound  started
216.8773 	DATA 	Keypress: rctrl
217.0563 	EXP 	Sound  started
217.5974 	DATA 	Keypress: lctrl
217.8063 	EXP 	Sound  started
218.3654 	DATA 	Keypress: lctrl
218.5563 	EXP 	Sound  started
219.1333 	DATA 	Keypress: rctrl
219.3064 	EXP 	Sound  started
219.8694 	DATA 	Keypress: lctrl
220.0564 	EXP 	Sound  started
220.5734 	DATA 	Keypress: rctrl
220.8064 	EXP 	Sound  started
221.3254 	DATA 	Keypress: rctrl
221.5564 	EXP 	Sound  started
222.0933 	DATA 	Keypress: lctrl
222.3064 	EXP 	Sound  started
222.8133 	DATA 	Keypress: rctrl
223.0564 	EXP 	Sound  started
223.5654 	DATA 	Keypress: rctrl
223.8064 	EXP 	Sound  started
224.2213 	DATA 	Keypress: rctrl
224.5565 	EXP 	Sound  started
225.0214 	DATA 	Keypress: rctrl
225.3065 	EXP 	Sound  started
225.7734 	DATA 	Keypress: lctrl
226.0565 	EXP 	Sound  started
226.5574 	DATA 	Keypress: lctrl
226.8065 	EXP 	Sound  started
227.3894 	DATA 	Keypress: rctrl
227.5565 	EXP 	Sound  started
228.1733 	DATA 	Keypress: rctrl
228.3065 	EXP 	Sound  started
228.8293 	DATA 	Keypress: rctrl
229.0565 	EXP 	Sound  started
229.6454 	DATA 	Keypress: rctrl
229.8066 	EXP 	Sound  started
230.4134 	DATA 	Keypress: rctrl
230.5566 	EXP 	Sound  started
231.1973 	DATA 	Keypress: lctrl
231.3066 	EXP 	Sound  started
231.9013 	DATA 	Keypress: rctrl
232.0566 	EXP 	Sound  started
232.6213 	DATA 	Keypress: lctrl
232.8066 	EXP 	Sound  started
233.4373 	DATA 	Keypress: lctrl
233.5566 	EXP 	Sound  started
234.1734 	DATA 	Keypress: lctrl
234.3066 	EXP 	Sound  started
234.9093 	DATA 	Keypress: rctrl
235.0567 	EXP 	Sound  started
235.7094 	DATA 	Keypress: lctrl
235.8067 	EXP 	Sound  started
236.4454 	DATA 	Keypress: lctrl
236.5567 	EXP 	Sound  started
237.1814 	DATA 	Keypress: rctrl
237.3067 	EXP 	Sound  started
237.9814 	DATA 	Keypress: rctrl
238.0567 	EXP 	Sound  started
238.7013 	DATA 	Keypress: rctrl
238.8067 	EXP 	Sound  started
239.4854 	DATA 	Keypress: rctrl
239.5568 	EXP 	Sound  started
240.1894 	DATA 	Keypress: rctrl
240.3068 	EXP 	Sound  started
240.9413 	DATA 	Keypress: rctrl
241.0568 	EXP 	Sound  started
241.5974 	DATA 	Keypress: rctrl
241.8068 	EXP 	Sound  started
242.3813 	DATA 	Keypress: rctrl
242.5568 	EXP 	Sound  started
243.1493 	DATA 	Keypress: lctrl
243.3068 	EXP 	Sound  started
243.9333 	DATA 	Keypress: lctrl
244.0568 	EXP 	Sound  started
244.6374 	DATA 	Keypress: rctrl
244.8069 	EXP 	Sound  started
245.3574 	DATA 	Keypress: lctrl
245.5569 	EXP 	Sound  started
246.1414 	DATA 	Keypress: lctrl
246.3069 	EXP 	Sound  started
246.8773 	DATA 	Keypress: lctrl
247.0569 	EXP 	Sound  started
247.5974 	DATA 	Keypress: rctrl
247.8069 	EXP 	Sound  started
248.3174 	DATA 	Keypress: lctrl
248.5569 	EXP 	Sound  started
249.1174 	DATA 	Keypress: rctrl
249.3069 	EXP 	Sound  started
249.8374 	DATA 	Keypress: lctrl
250.0570 	EXP 	Sound  started
250.5573 	DATA 	Keypress: rctrl
250.8070 	EXP 	Sound  started
251.3254 	DATA 	Keypress: rctrl
251.5570 	EXP 	Sound  started
252.1094 	DATA 	Keypress: rctrl
252.3070 	EXP 	Sound  started
252.8774 	DATA 	Keypress: rctrl
253.0570 	EXP 	Sound  started
253.5654 	DATA 	Keypress: lctrl
253.8070 	EXP 	Sound  started
254.3813 	DATA 	Keypress: lctrl
254.5570 	EXP 	Sound  started
255.0373 	DATA 	Keypress: rctrl
255.3071 	EXP 	Sound  started
255.8533 	DATA 	Keypress: rctrl
256.0571 	EXP 	Sound  started
256.6854 	DATA 	Keypress: lctrl
256.8381 	EXP 	unnamed TextStim: text = ''
256.8381 	EXP 	unnamed TextStim: text = ''
257.9557 	DATA 	Keypress: 3
257.9722 	EXP 	unnamed ShapeStim: vertices = <class 'numpy.ndarray'>
259.5235 	EXP 	unnamed TextStim: text = ''
259.5235 	EXP 	unnamed TextStim: text = ''
265.8618 	DATA 	Keypress: 4
265.8782 	EXP 	unnamed ShapeStim: vertices = <class 'numpy.ndarray'>
267.4129 	EXP 	unnamed TextStim: text = ''
267.4129 	EXP 	unnamed TextStim: text = ''
268.8646 	DATA 	Keypress: 4
268.8811 	EXP 	unnamed ShapeStim: vertices = <class 'numpy.ndarray'>
271.1657 	EXP 	Sound  started
271.1663 	DATA 	Keypress: rctrl
271.8373 	DATA 	Keypress: rctrl
271.9156 	EXP 	Sound  started
272.5093 	DATA 	Keypress: lctrl
272.6656 	EXP 	Sound  started
273.1973 	DATA 	Keypress: rctrl
273.4156 	EXP 	Sound  started
274.1413 	DATA 	Keypress: rctrl
274.1657 	EXP 	Sound  started
274.8453 	DATA 	Keypress: lctrl
274.9157 	EXP 	Sound  started
275.5494 	DATA 	Keypress: lctrl
275.6657 	EXP 	Sound  started
276.2534 	DATA 	Keypress: lctrl
276.4157 	EXP 	Sound  started
277.0373 	DATA 	Keypress: rctrl
277.1657 	EXP 	Sound  started
277.8054 	DATA 	Keypress: rctrl
277.9157 	EXP 	Sound  started
278.5254 	DATA 	Keypress: lctrl
278.6657 	EXP 	Sound  started
279.2293 	DATA 	Keypress: rctrl
279.4158 	EXP 	Sound  started
280.0453 	DATA 	Keypress: lctrl
280.1658 	EXP 	Sound  started
280.8133 	DATA 	Keypress: rctrl
280.9158 	EXP 	Sound  started
281.5493 	DATA 	Keypress: lctrl
281.6658 	EXP 	Sound  started
282.2854 	DATA 	Keypress: rctrl
282.4158 	EXP 	Sound  started
283.1014 	DATA 	Keypress: rctrl
283.1658 	EXP 	Sound  started
283.9158 	EXP 	Sound  started
283.9654 	DATA 	Keypress: rctrl
284.5573 	DATA 	Keypress: lctrl
284.6659 	EXP 	Sound  started
285.2613 	DATA 	Keypress: rctrl
285.4159 	EXP 	Sound  started
286.0133 	DATA 	Keypress: rctrl
286.1659 	EXP 	Sound  started
286.7334 	DATA 	Keypress: lctrl
286.9159 	EXP 	Sound  started
287.4693 	DATA 	Keypress: rctrl
287.6659 	EXP 	Sound  started
288.3173 	DATA 	Keypress: rctrl
288.4159 	EXP 	Sound  started
289.0213 	DATA 	Keypress: lctrl
289.1659 	EXP 	Sound  started
289.8374 	DATA 	Keypress: lctrl
289.9160 	EXP 	Sound  started
290.6660 	EXP 	Sound  started
290.7175 	DATA 	Keypress: lctrl
291.3253 	DATA 	Keypress: rctrl
291.4160 	EXP 	Sound  started
291.9973 	DATA 	Keypress: rctrl
292.1660 	EXP 	Sound  started
292.7494 	DATA 	Keypress: rctrl
292.9160 	EXP 	Sound  started
293.5653 	DATA 	Keypress: lctrl
293.6660 	EXP 	Sound  started
294.2854 	DATA 	Keypress: rctrl
294.4160 	EXP 	Sound  started
295.0694 	DATA 	Keypress: rctrl
295.1661 	EXP 	Sound  started
295.8694 	DATA 	Keypress: lctrl
295.9161 	EXP 	Sound  started
296.5893 	DATA 	Keypress: lctrl
296.6661 	EXP 	Sound  started
297.3414 	DATA 	Keypress: lctrl
297.4161 	EXP 	Sound  started
298.0774 	DATA 	Keypress: rctrl
298.1661 	EXP 	Sound  started
298.7654 	DATA 	Keypress: lctrl
298.9162 	EXP 	Sound  started
299.5973 	DATA 	Keypress: rctrl
299.6662 	EXP 	Sound  started
300.2693 	DATA 	Keypress: rctrl
300.4162 	EXP 	Sound  started
301.0533 	DATA 	Keypress: lctrl
301.1662 	EXP 	Sound  started
301.7733 	DATA 	Keypress: rctrl
301.9162 	EXP 	Sound  started
302.5094 	DATA 	Keypress: lctrl
302.6662 	EXP 	Sound  started
303.2134 	DATA 	Keypress: lctrl
303.4163 	EXP 	Sound  started
303.9494 	DATA 	Keypress: rctrl
304.1663 	EXP 	Sound  started
304.7494 	DATA 	Keypress: rctrl
304.9163 	EXP 	Sound  started
305.4854 	DATA 	Keypress: lctrl
305.6663 	EXP 	Sound  started
306.1734 	DATA 	Keypress: rctrl
306.4163 	EXP 	Sound  started
306.9573 	DATA 	Keypress: lctrl
307.1663 	EXP 	Sound  started
307.6613 	DATA 	Keypress: rctrl
307.9163 	EXP 	Sound  started
308.4454 	DATA 	Keypress: lctrl
308.6664 	EXP 	Sound  started
309.2293 	DATA 	Keypress: rctrl
309.4164 	EXP 	Sound  started
310.0294 	DATA 	Keypress: lctrl
310.1664 	EXP 	Sound  started
310.8454 	DATA 	Keypress: lctrl
310.9164 	EXP 	Sound  started
311.5014 	DATA 	Keypress: lctrl
315.5191 	DATA 	Keypress: 3
315.5356 	EXP 	unnamed ShapeStim: vertices = <class 'numpy.ndarray'>
322.9418 	DATA 	Keypress: 3
322.9583 	EXP 	unnamed ShapeStim: vertices = <class 'numpy.ndarray'>
326.8158 	DATA 	Keypress: 3
326.8448 	EXP 	unnamed ShapeStim: vertices = <class 'numpy.ndarray'>
328.3640 	DATA 	Keypress: 3
329.1304 	EXP 	Sound  started
329.1309 	DATA 	Keypress: lctrl
329.8213 	DATA 	Keypress: rctrl
329.8804 	EXP 	Sound  started
330.5413 	DATA 	Keypress: rctrl
330.6305 	EXP 	Sound  started
331.2134 	DATA 	Keypress: lctrl
331.3805 	EXP 	Sound  started
331.9333 	DATA 	Keypress: rctrl
332.1305 	EXP 	Sound  started
332.6693 	DATA 	Keypress: rctrl
332.8805 	EXP 	Sound  started
333.4374 	DATA 	Keypress: lctrl
333.6305 	EXP 	Sound  started
334.1894 	DATA 	Keypress: lctrl
334.3805 	EXP 	Sound  started
335.0054 	DATA 	Keypress: rctrl
335.1305 	EXP 	Sound  started
335.7094 	DATA 	Keypress: lctrl
335.8806 	EXP 	Sound  started
336.4933 	DATA 	Keypress: rctrl
336.6306 	EXP 	Sound  started
337.2774 	DATA 	Keypress: rctrl
337.3806 	EXP 	Sound  started
337.9813 	DATA 	Keypress: lctrl
338.1306 	EXP 	Sound  started
338.7493 	DATA 	Keypress: lctrl
338.8806 	EXP 	Sound  started
339.5173 	DATA 	Keypress: rctrl
339.6306 	EXP 	Sound  started
340.2373 	DATA 	Keypress: lctrl
340.3806 	EXP 	Sound  started
341.0854 	DATA 	Keypress: rctrl
341.1307 	EXP 	Sound  started
341.8807 	EXP 	Sound  started
341.8854 	DATA 	Keypress: rctrl
342.5893 	DATA 	Keypress: rctrl
342.6307 	EXP 	Sound  started
343.2454 	DATA 	Keypress: lctrl
343.3807 	EXP 	Sound  started
344.0134 	DATA 	Keypress: lctrl
344.1307 	EXP 	Sound  started
344.6854 	DATA 	Keypress: rctrl
344.8807 	EXP 	Sound  started
345.4374 	DATA 	Keypress: lctrl
345.6307 	EXP 	Sound  started
346.1573 	DATA 	Keypress: lctrl
346.3808 	EXP 	Sound  started
346.9413 	DATA 	Keypress: rctrl
347.1308 	EXP 	Sound  started
347.6613 	DATA 	Keypress: rctrl
347.8808 	EXP 	Sound  started
348.4293 	DATA 	Keypress: lctrl
348.6308 	EXP 	Sound  started
349.1493 	DATA 	Keypress: rctrl
349.3808 	EXP 	Sound  started
349.8854 	DATA 	Keypress: lctrl
350.1308 	EXP 	Sound  started
350.7173 	DATA 	Keypress: lctrl
350.8808 	EXP 	Sound  started
351.4533 	DATA 	Keypress: lctrl
351.6309 	EXP 	Sound  started
352.2693 	DATA 	Keypress: rctrl
352.3809 	EXP 	Sound  started
352.9893 	DATA 	Keypress: rctrl
353.1309 	EXP 	Sound  started
353.7414 	DATA 	Keypress: lctrl
353.8809 	EXP 	Sound  started
354.4933 	DATA 	Keypress: rctrl
354.6309 	EXP 	Sound  started
355.2613 	DATA 	Keypress: rctrl
355.3809 	EXP 	Sound  started
356.0453 	DATA 	Keypress: lctrl
356.1309 	EXP 	Sound  started
356.8133 	DATA 	Keypress: rctrl
356.8809 	EXP 	Sound  started
357.4373 	DATA 	Keypress: lctrl
357.6310 	EXP 	Sound  started
358.2053 	DATA 	Keypress: rctrl
358.3810 	EXP 	Sound  started
358.9414 	DATA 	Keypress: lctrl
359.1310 	EXP 	Sound  started
359.6933 	DATA 	Keypress: rctrl
359.8810 	EXP 	Sound  started
360.4774 	DATA 	Keypress: lctrl
360.6310 	EXP 	Sound  started
361.1814 	DATA 	Keypress: rctrl
361.3810 	EXP 	Sound  started
361.9974 	DATA 	Keypress: rctrl
362.1310 	EXP 	Sound  started
362.7333 	DATA 	Keypress: rctrl
362.8810 	EXP 	Sound  started
363.4053 	DATA 	Keypress: lctrl
363.6311 	EXP 	Sound  started
364.2533 	DATA 	Keypress: rctrl
364.3811 	EXP 	Sound  started
365.0054 	DATA 	Keypress: rctrl
365.1311 	EXP 	Sound  started
365.7094 	DATA 	Keypress: rctrl
365.8811 	EXP 	Sound  started
366.5094 	DATA 	Keypress: lctrl
366.6311 	EXP 	Sound  started
367.1653 	DATA 	Keypress: rctrl
367.3811 	EXP 	Sound  started
367.9973 	DATA 	Keypress: lctrl
368.1312 	EXP 	Sound  started
368.7655 	DATA 	Keypress: lctrl
368.8812 	EXP 	Sound  started
369.4693 	DATA 	Keypress: rctrl
369.6312 	EXP 	Sound  started
370.1733 	DATA 	Keypress: lctrl
370.3812 	EXP 	Sound  started
370.9573 	DATA 	Keypress: rctrl
371.1312 	EXP 	Sound  started
371.6934 	DATA 	Keypress: rctrl
371.8812 	EXP 	Sound  started
372.5093 	DATA 	Keypress: lctrl
372.6312 	EXP 	Sound  started
373.3813 	EXP 	Sound  started
373.9973 	DATA 	Keypress: lctrl
374.1313 	EXP 	Sound  started
374.8133 	DATA 	Keypress: lctrl
374.8813 	EXP 	Sound  started
375.6134 	DATA 	Keypress: lctrl
375.6313 	EXP 	Sound  started
376.3173 	DATA 	Keypress: rctrl
376.3813 	EXP 	Sound  started
377.0054 	DATA 	Keypress: lctrl
378.7375 	DATA 	Keypress: 3
378.7540 	EXP 	unnamed ShapeStim: vertices = <class 'numpy.ndarray'>
386.0640 	DATA 	Keypress: 3
386.0934 	EXP 	unnamed ShapeStim: vertices = <class 'numpy.ndarray'>
389.0960 	DATA 	Keypress: 2
389.1125 	EXP 	unnamed ShapeStim: vertices = <class 'numpy.ndarray'>
391.3974 	EXP 	Sound  started
391.3978 	DATA 	Keypress: rctrl
392.1093 	DATA 	Keypress: lctrl
392.1474 	EXP 	Sound  started
392.8293 	DATA 	Keypress: rctrl
392.8974 	EXP 	Sound  started
393.4693 	DATA 	Keypress: lctrl
393.6475 	EXP 	Sound  started
394.2373 	DATA 	Keypress: rctrl
394.3975 	EXP 	Sound  started
394.9574 	DATA 	Keypress: rctrl
395.1475 	EXP 	Sound  started
395.7093 	DATA 	Keypress: lctrl
395.8975 	EXP 	Sound  started
396.4133 	DATA 	Keypress: rctrl
396.6475 	EXP 	Sound  started
397.1653 	DATA 	Keypress: lctrl
397.3975 	EXP 	Sound  started
397.9173 	DATA 	Keypress: lctrl
398.1476 	EXP 	Sound  started
398.6693 	DATA 	Keypress: rctrl
398.8976 	EXP 	Sound  started
399.4054 	DATA 	Keypress: rctrl
399.6476 	EXP 	Sound  started
400.1254 	DATA 	Keypress: lctrl
400.3976 	EXP 	Sound  started
400.8933 	DATA 	Keypress: rctrl
401.1476 	EXP 	Sound  started
401.5973 	DATA 	Keypress: rctrl
401.8976 	EXP 	Sound  started
402.3813 	DATA 	Keypress: lctrl
402.6477 	EXP 	Sound  started
403.1173 	DATA 	Keypress: lctrl
403.3977 	EXP 	Sound  started
403.8532 	DATA 	Keypress: rctrl
404.1477 	EXP 	Sound  started
404.5894 	DATA 	Keypress: rctrl
404.8977 	EXP 	Sound  started
405.5013 	DATA 	Keypress: rctrl
405.6477 	EXP 	Sound  started
406.2053 	DATA 	Keypress: rctrl
406.3977 	EXP 	Sound  started
406.9573 	DATA 	Keypress: rctrl
407.1477 	EXP 	Sound  started
407.7893 	DATA 	Keypress: lctrl
407.8978 	EXP 	Sound  started
408.4773 	DATA 	Keypress: lctrl
408.6478 	EXP 	Sound  started
409.2134 	DATA 	Keypress: rctrl
409.3978 	EXP 	Sound  started
409.9334 	DATA 	Keypress: lctrl
410.1478 	EXP 	Sound  started
410.7333 	DATA 	Keypress: rctrl
410.8978 	EXP 	Sound  started
411.4853 	DATA 	Keypress: rctrl
411.6478 	EXP 	Sound  started
412.1893 	DATA 	Keypress: lctrl
412.3978 	EXP 	Sound  started
412.9254 	DATA 	Keypress: lctrl
413.1478 	EXP 	Sound  started
413.7253 	DATA 	Keypress: lctrl
413.8978 	EXP 	Sound  started
414.4614 	DATA 	Keypress: lctrl
414.6479 	EXP 	Sound  started
415.2293 	DATA 	Keypress: rctrl
415.3979 	EXP 	Sound  started
415.9813 	DATA 	Keypress: lctrl
416.1479 	EXP 	Sound  started
416.7653 	DATA 	Keypress: rctrl
416.8979 	EXP 	Sound  started
417.5013 	DATA 	Keypress: rctrl
417.6479 	EXP 	Sound  started
418.2373 	DATA 	Keypress: rctrl
418.3979 	EXP 	Sound  started
418.9733 	DATA 	Keypress: rctrl
419.1480 	EXP 	Sound  started
419.7733 	DATA 	Keypress: lctrl
419.8980 	EXP 	Sound  started
420.4454 	DATA 	Keypress: rctrl
420.6480 	EXP 	Sound  started
421.2293 	DATA 	Keypress: lctrl
421.3980 	EXP 	Sound  started
422.0134 	DATA 	Keypress: rctrl
422.1480 	EXP 	Sound  started
422.7494 	DATA 	Keypress: rctrl
422.8980 	EXP 	Sound  started
423.4693 	DATA 	Keypress: rctrl
423.6480 	EXP 	Sound  started
424.1733 	DATA 	Keypress: lctrl
424.3981 	EXP 	Sound  started
424.9413 	DATA 	Keypress: rctrl
425.1481 	EXP 	Sound  started
425.7254 	DATA 	Keypress: rctrl
425.8981 	EXP 	Sound  started
426.3813 	DATA 	Keypress: rctrl
426.6481 	EXP 	Sound  started
427.2614 	DATA 	Keypress: lctrl
427.3981 	EXP 	Sound  started
427.9814 	DATA 	Keypress: rctrl
428.1481 	EXP 	Sound  started
428.7173 	DATA 	Keypress: lctrl
428.8982 	EXP 	Sound  started
429.4533 	DATA 	Keypress: rctrl
429.6482 	EXP 	Sound  started
430.2214 	DATA 	Keypress: lctrl
430.3982 	EXP 	Sound  started
430.9253 	DATA 	Keypress: lctrl
431.1482 	EXP 	Sound  started
431.7093 	DATA 	Keypress: lctrl
431.8982 	EXP 	Sound  started
432.4774 	DATA 	Keypress: rctrl
432.6482 	EXP 	Sound  started
433.2933 	DATA 	Keypress: rctrl
433.3983 	EXP 	Sound  started
433.9973 	DATA 	Keypress: rctrl
434.1483 	EXP 	Sound  started
434.8133 	DATA 	Keypress: lctrl
434.8983 	EXP 	Sound  started
435.5174 	DATA 	Keypress: lctrl
435.6483 	EXP 	Sound  started
436.2854 	DATA 	Keypress: lctrl
436.3983 	EXP 	Sound  started
436.9893 	DATA 	Keypress: rctrl
437.1483 	EXP 	Sound  started
437.6774 	DATA 	Keypress: lctrl
437.8984 	EXP 	Sound  started
438.4773 	DATA 	Keypress: rctrl
438.6484 	EXP 	Sound  started
439.1813 	DATA 	Keypress: lctrl
439.3984 	EXP 	Sound  started
439.8853 	DATA 	Keypress: lctrl
440.1484 	EXP 	Sound  started
440.6373 	DATA 	Keypress: rctrl
440.8984 	EXP 	Sound  started
441.3573 	DATA 	Keypress: lctrl
441.6484 	EXP 	Sound  started
442.0933 	DATA 	Keypress: lctrl
442.3985 	EXP 	Sound  started
442.8774 	DATA 	Keypress: lctrl
443.1485 	EXP 	Sound  started
443.6773 	DATA 	Keypress: lctrl
443.8985 	EXP 	Sound  started
444.3974 	DATA 	Keypress: lctrl
444.6485 	EXP 	Sound  started
445.1333 	DATA 	Keypress: lctrl
445.3985 	EXP 	Sound  started
445.8533 	DATA 	Keypress: lctrl
446.1485 	EXP 	Sound  started
446.5413 	DATA 	Keypress: lctrl
446.8985 	EXP 	Sound  started
447.2294 	DATA 	Keypress: rctrl
447.6486 	EXP 	Sound  started
448.0933 	DATA 	Keypress: lctrl
448.3986 	EXP 	Sound  started
448.8453 	DATA 	Keypress: rctrl
449.1486 	EXP 	Sound  started
449.5814 	DATA 	Keypress: lctrl
449.8986 	EXP 	Sound  started
450.5894 	DATA 	Keypress: rctrl
450.6486 	EXP 	Sound  started
451.2773 	DATA 	Keypress: rctrl
451.3986 	EXP 	Sound  started
452.0133 	DATA 	Keypress: rctrl
452.1486 	EXP 	Sound  started
452.8294 	DATA 	Keypress: lctrl
452.8986 	EXP 	Sound  started
453.5973 	DATA 	Keypress: rctrl
453.6487 	EXP 	Sound  started
454.2694 	DATA 	Keypress: rctrl
454.3987 	EXP 	Sound  started
455.0534 	DATA 	Keypress: lctrl
455.1487 	EXP 	Sound  started
455.8214 	DATA 	Keypress: rctrl
455.8987 	EXP 	Sound  started
456.5895 	DATA 	Keypress: rctrl
456.6487 	EXP 	Sound  started
457.3893 	DATA 	Keypress: lctrl
457.3987 	EXP 	Sound  started
458.1094 	DATA 	Keypress: rctrl
463.5570 	DATA 	Keypress: 3
463.5735 	EXP 	unnamed ShapeStim: vertices = <class 'numpy.ndarray'>
481.7424 	DATA 	Keypress: 2
481.7718 	EXP 	unnamed ShapeStim: vertices = <class 'numpy.ndarray'>
484.3908 	DATA 	Keypress: 3
484.4073 	EXP 	unnamed ShapeStim: vertices = <class 'numpy.ndarray'>
486.6912 	EXP 	Sound  started
486.9093 	DATA 	Keypress: lctrl
487.4411 	EXP 	Sound  started
487.4533 	DATA 	Keypress: lctrl
488.1414 	DATA 	Keypress: rctrl
488.1912 	EXP 	Sound  started
488.7653 	DATA 	Keypress: lctrl
488.9412 	EXP 	Sound  started
489.5333 	DATA 	Keypress: rctrl
489.6912 	EXP 	Sound  started
490.2693 	DATA 	Keypress: rctrl
490.4412 	EXP 	Sound  started
490.9572 	DATA 	Keypress: rctrl
491.1912 	EXP 	Sound  started
491.7094 	DATA 	Keypress: lctrl
491.9412 	EXP 	Sound  started
492.5253 	DATA 	Keypress: rctrl
492.6912 	EXP 	Sound  started
493.1973 	DATA 	Keypress: lctrl
493.4412 	EXP 	Sound  started
493.9973 	DATA 	Keypress: lctrl
494.1913 	EXP 	Sound  started
494.7494 	DATA 	Keypress: rctrl
494.9413 	EXP 	Sound  started
495.4533 	DATA 	Keypress: lctrl
495.6913 	EXP 	Sound  started
496.1893 	DATA 	Keypress: rctrl
496.4413 	EXP 	Sound  started
496.9413 	DATA 	Keypress: lctrl
497.1913 	EXP 	Sound  started
497.7573 	DATA 	Keypress: rctrl
497.9413 	EXP 	Sound  started
498.5573 	DATA 	Keypress: lctrl
498.6913 	EXP 	Sound  started
499.2293 	DATA 	Keypress: lctrl
499.4414 	EXP 	Sound  started
499.9813 	DATA 	Keypress: lctrl
500.1914 	EXP 	Sound  started
500.6693 	DATA 	Keypress: lctrl
500.9414 	EXP 	Sound  started
501.6774 	DATA 	Keypress: lctrl
501.6914 	EXP 	Sound  started
502.4414 	EXP 	Sound  started
502.4613 	DATA 	Keypress: lctrl
503.1333 	DATA 	Keypress: lctrl
503.1914 	EXP 	Sound  started
503.6934 	DATA 	Keypress: lctrl
503.9415 	EXP 	Sound  started
504.5413 	DATA 	Keypress: rctrl
504.6915 	EXP 	Sound  started
505.2613 	DATA 	Keypress: rctrl
505.4415 	EXP 	Sound  started
506.0293 	DATA 	Keypress: lctrl
506.1915 	EXP 	Sound  started
506.7813 	DATA 	Keypress: rctrl
506.9415 	EXP 	Sound  started
507.5653 	DATA 	Keypress: lctrl
507.6915 	EXP 	Sound  started
508.3013 	DATA 	Keypress: lctrl
508.4415 	EXP 	Sound  started
509.0213 	DATA 	Keypress: rctrl
509.1916 	EXP 	Sound  started
509.8053 	DATA 	Keypress: lctrl
509.9416 	EXP 	Sound  started
510.5893 	DATA 	Keypress: rctrl
510.6916 	EXP 	Sound  started
511.2454 	DATA 	Keypress: rctrl
511.4416 	EXP 	Sound  started
512.0295 	DATA 	Keypress: rctrl
512.1916 	EXP 	Sound  started
512.7973 	DATA 	Keypress: lctrl
512.9416 	EXP 	Sound  started
513.5173 	DATA 	Keypress: rctrl
513.6917 	EXP 	Sound  started
514.2533 	DATA 	Keypress: lctrl
514.4417 	EXP 	Sound  started
515.0373 	DATA 	Keypress: lctrl
515.1917 	EXP 	Sound  started
515.7413 	DATA 	Keypress: rctrl
515.9417 	EXP 	Sound  started
516.6373 	DATA 	Keypress: rctrl
516.6917 	EXP 	Sound  started
517.3093 	DATA 	Keypress: rctrl
517.4417 	EXP 	Sound  started
518.0133 	DATA 	Keypress: lctrl
518.1918 	EXP 	Sound  started
518.7493 	DATA 	Keypress: rctrl
518.9418 	EXP 	Sound  started
519.5173 	DATA 	Keypress: lctrl
519.6918 	EXP 	Sound  started
520.2693 	DATA 	Keypress: lctrl
520.4418 	EXP 	Sound  started
521.0693 	DATA 	Keypress: lctrl
521.1918 	EXP 	Sound  started
521.7733 	DATA 	Keypress: lctrl
521.9418 	EXP 	Sound  started
522.4773 	DATA 	Keypress: rctrl
522.6918 	EXP 	Sound  started
523.2453 	DATA 	Keypress: lctrl
523.4419 	EXP 	Sound  started
524.0453 	DATA 	Keypress: rctrl
524.1919 	EXP 	Sound  started
524.7653 	DATA 	Keypress: rctrl
524.9419 	EXP 	Sound  started
525.5173 	DATA 	Keypress: lctrl
525.6919 	EXP 	Sound  started
526.2693 	DATA 	Keypress: rctrl
526.4419 	EXP 	Sound  started
526.9893 	DATA 	Keypress: rctrl
538.3349 	DATA 	Keypress: 3
538.3514 	EXP 	unnamed ShapeStim: vertices = <class 'numpy.ndarray'>
547.4591 	DATA 	Keypress: 3
547.4756 	EXP 	unnamed ShapeStim: vertices = <class 'numpy.ndarray'>
554.1979 	DATA 	Keypress: 3
554.2144 	EXP 	unnamed ShapeStim: vertices = <class 'numpy.ndarray'>
556.4994 	EXP 	Sound  started
556.4997 	DATA 	Keypress: rctrl
557.1813 	DATA 	Keypress: rctrl
557.2494 	EXP 	Sound  started
557.9973 	DATA 	Keypress: lctrl
557.9994 	EXP 	Sound  started
558.6373 	DATA 	Keypress: lctrl
558.7495 	EXP 	Sound  started
559.4213 	DATA 	Keypress: rctrl
559.4995 	EXP 	Sound  started
560.1252 	DATA 	Keypress: lctrl
560.2495 	EXP 	Sound  started
560.9573 	DATA 	Keypress: lctrl
560.9995 	EXP 	Sound  started
561.7094 	DATA 	Keypress: lctrl
561.7495 	EXP 	Sound  started
562.3653 	DATA 	Keypress: lctrl
562.4995 	EXP 	Sound  started
563.0693 	DATA 	Keypress: lctrl
563.2496 	EXP 	Sound  started
563.9013 	DATA 	Keypress: rctrl
563.9996 	EXP 	Sound  started
564.4933 	DATA 	Keypress: rctrl
564.7496 	EXP 	Sound  started
565.3413 	DATA 	Keypress: lctrl
565.4996 	EXP 	Sound  started
566.0293 	DATA 	Keypress: rctrl
566.2496 	EXP 	Sound  started
566.7654 	DATA 	Keypress: lctrl
566.9996 	EXP 	Sound  started
567.5333 	DATA 	Keypress: rctrl
567.7497 	EXP 	Sound  started
568.3333 	DATA 	Keypress: lctrl
568.4997 	EXP 	Sound  started
569.1174 	DATA 	Keypress: rctrl
569.2497 	EXP 	Sound  started
569.8053 	DATA 	Keypress: rctrl
569.9997 	EXP 	Sound  started
570.5093 	DATA 	Keypress: lctrl
570.7497 	EXP 	Sound  started
571.2613 	DATA 	Keypress: rctrl
571.4997 	EXP 	Sound  started
572.1573 	DATA 	Keypress: lctrl
572.2498 	EXP 	Sound  started
572.8933 	DATA 	Keypress: lctrl
572.9998 	EXP 	Sound  started
573.6453 	DATA 	Keypress: lctrl
573.7498 	EXP 	Sound  started
574.3653 	DATA 	Keypress: rctrl
574.4998 	EXP 	Sound  started
575.1653 	DATA 	Keypress: lctrl
575.2498 	EXP 	Sound  started
575.8693 	DATA 	Keypress: rctrl
575.9998 	EXP 	Sound  started
576.6693 	DATA 	Keypress: lctrl
576.7498 	EXP 	Sound  started
577.4853 	DATA 	Keypress: rctrl
577.4998 	EXP 	Sound  started
578.1733 	DATA 	Keypress: rctrl
578.2499 	EXP 	Sound  started
578.8614 	DATA 	Keypress: rctrl
578.9999 	EXP 	Sound  started
579.5493 	DATA 	Keypress: rctrl
579.7499 	EXP 	Sound  started
580.3173 	DATA 	Keypress: rctrl
580.4999 	EXP 	Sound  started
581.1013 	DATA 	Keypress: lctrl
581.2499 	EXP 	Sound  started
581.8053 	DATA 	Keypress: lctrl
581.9999 	EXP 	Sound  started
582.5093 	DATA 	Keypress: rctrl
582.7500 	EXP 	Sound  started
583.3893 	DATA 	Keypress: lctrl
583.5000 	EXP 	Sound  started
584.0453 	DATA 	Keypress: rctrl
584.2500 	EXP 	Sound  started
584.7653 	DATA 	Keypress: lctrl
585.0000 	EXP 	Sound  started
585.4853 	DATA 	Keypress: rctrl
585.7500 	EXP 	Sound  started
586.3012 	DATA 	Keypress: lctrl
586.5000 	EXP 	Sound  started
587.0693 	DATA 	Keypress: lctrl
587.2500 	EXP 	Sound  started
587.8373 	DATA 	Keypress: lctrl
588.0001 	EXP 	Sound  started
588.5573 	DATA 	Keypress: rctrl
588.7501 	EXP 	Sound  started
589.3413 	DATA 	Keypress: rctrl
589.5001 	EXP 	Sound  started
590.0773 	DATA 	Keypress: lctrl
590.2501 	EXP 	Sound  started
590.8294 	DATA 	Keypress: rctrl
591.0001 	EXP 	Sound  started
591.5173 	DATA 	Keypress: rctrl
591.7501 	EXP 	Sound  started
592.3493 	DATA 	Keypress: lctrl
592.5002 	EXP 	Sound  started
593.0852 	DATA 	Keypress: rctrl
593.2502 	EXP 	Sound  started
593.8533 	DATA 	Keypress: lctrl
594.0002 	EXP 	Sound  started
594.6373 	DATA 	Keypress: rctrl
594.7502 	EXP 	Sound  started
595.3253 	DATA 	Keypress: lctrl
595.5002 	EXP 	Sound  started
596.0613 	DATA 	Keypress: rctrl
596.2502 	EXP 	Sound  started
596.8613 	DATA 	Keypress: rctrl
597.0002 	EXP 	Sound  started
597.6613 	DATA 	Keypress: rctrl
597.7503 	EXP 	Sound  started
598.4613 	DATA 	Keypress: lctrl
598.5003 	EXP 	Sound  started
599.1333 	DATA 	Keypress: rctrl
599.2503 	EXP 	Sound  started
599.9173 	DATA 	Keypress: rctrl
600.0003 	EXP 	Sound  started
600.6212 	DATA 	Keypress: rctrl
600.7503 	EXP 	Sound  started
601.4213 	DATA 	Keypress: lctrl
601.5003 	EXP 	Sound  started
602.1253 	DATA 	Keypress: rctrl
602.2504 	EXP 	Sound  started
602.9413 	DATA 	Keypress: lctrl
603.0004 	EXP 	Sound  started
603.6933 	DATA 	Keypress: lctrl
603.7504 	EXP 	Sound  started
604.4293 	DATA 	Keypress: rctrl
604.5004 	EXP 	Sound  started
605.1493 	DATA 	Keypress: rctrl
605.2504 	EXP 	Sound  started
605.9333 	DATA 	Keypress: rctrl
606.0004 	EXP 	Sound  started
606.6693 	DATA 	Keypress: rctrl
606.7504 	EXP 	Sound  started
607.4533 	DATA 	Keypress: lctrl
607.5005 	EXP 	Sound  started
608.1893 	DATA 	Keypress: lctrl
608.2505 	EXP 	Sound  started
608.9093 	DATA 	Keypress: rctrl
609.0005 	EXP 	Sound  started
609.6933 	DATA 	Keypress: rctrl
609.7505 	EXP 	Sound  started
610.3973 	DATA 	Keypress: lctrl
614.6810 	DATA 	Keypress: 3
614.6973 	EXP 	unnamed ShapeStim: vertices = <class 'numpy.ndarray'>
623.3045 	DATA 	Keypress: 4
623.3210 	EXP 	unnamed ShapeStim: vertices = <class 'numpy.ndarray'>
626.5906 	DATA 	Keypress: 2
626.6071 	EXP 	unnamed ShapeStim: vertices = <class 'numpy.ndarray'>
628.8918 	EXP 	Sound  started
629.0214 	DATA 	Keypress: rctrl
629.6293 	DATA 	Keypress: lctrl
629.6417 	EXP 	Sound  started
630.2694 	DATA 	Keypress: rctrl
630.3917 	EXP 	Sound  started
631.0533 	DATA 	Keypress: rctrl
631.1417 	EXP 	Sound  started
631.7412 	DATA 	Keypress: rctrl
631.8917 	EXP 	Sound  started
632.4774 	DATA 	Keypress: rctrl
632.6417 	EXP 	Sound  started
633.2613 	DATA 	Keypress: lctrl
633.3918 	EXP 	Sound  started
633.9173 	DATA 	Keypress: rctrl
634.1418 	EXP 	Sound  started
634.7334 	DATA 	Keypress: lctrl
634.8918 	EXP 	Sound  started
635.4214 	DATA 	Keypress: lctrl
635.6418 	EXP 	Sound  started
636.1892 	DATA 	Keypress: lctrl
636.3918 	EXP 	Sound  started
636.8933 	DATA 	Keypress: rctrl
637.1419 	EXP 	Sound  started
637.6453 	DATA 	Keypress: lctrl
637.8919 	EXP 	Sound  started
638.4453 	DATA 	Keypress: lctrl
638.6419 	EXP 	Sound  started
639.1974 	DATA 	Keypress: rctrl
639.3919 	EXP 	Sound  started
639.9493 	DATA 	Keypress: rctrl
640.1419 	EXP 	Sound  started
640.7653 	DATA 	Keypress: lctrl
640.8919 	EXP 	Sound  started
641.4853 	DATA 	Keypress: lctrl
641.6419 	EXP 	Sound  started
642.2373 	DATA 	Keypress: rctrl
642.3920 	EXP 	Sound  started
642.8933 	DATA 	Keypress: lctrl
643.1420 	EXP 	Sound  started
643.7253 	DATA 	Keypress: rctrl
643.8920 	EXP 	Sound  started
644.5094 	DATA 	Keypress: rctrl
644.6420 	EXP 	Sound  started
645.2453 	DATA 	Keypress: rctrl
645.3920 	EXP 	Sound  started
645.9813 	DATA 	Keypress: lctrl
646.1420 	EXP 	Sound  started
646.7013 	DATA 	Keypress: rctrl
646.8921 	EXP 	Sound  started
647.4373 	DATA 	Keypress: lctrl
647.6421 	EXP 	Sound  started
648.2213 	DATA 	Keypress: rctrl
648.3921 	EXP 	Sound  started
648.9573 	DATA 	Keypress: rctrl
649.1421 	EXP 	Sound  started
649.6293 	DATA 	Keypress: rctrl
649.8921 	EXP 	Sound  started
650.4293 	DATA 	Keypress: lctrl
650.6421 	EXP 	Sound  started
651.1493 	DATA 	Keypress: rctrl
651.3921 	EXP 	Sound  started
651.9493 	DATA 	Keypress: lctrl
652.1422 	EXP 	Sound  started
652.7012 	DATA 	Keypress: lctrl
652.8922 	EXP 	Sound  started
653.4532 	DATA 	Keypress: lctrl
653.6422 	EXP 	Sound  started
654.2053 	DATA 	Keypress: rctrl
654.3922 	EXP 	Sound  started
654.9413 	DATA 	Keypress: rctrl
655.1422 	EXP 	Sound  started
655.6293 	DATA 	Keypress: lctrl
655.8922 	EXP 	Sound  started
656.4613 	DATA 	Keypress: rctrl
656.6423 	EXP 	Sound  started
657.2133 	DATA 	Keypress: lctrl
657.3923 	EXP 	Sound  started
657.9813 	DATA 	Keypress: rctrl
658.1423 	EXP 	Sound  started
658.7333 	DATA 	Keypress: rctrl
658.8923 	EXP 	Sound  started
659.5012 	DATA 	Keypress: lctrl
659.6423 	EXP 	Sound  started
660.2373 	DATA 	Keypress: rctrl
660.3923 	EXP 	Sound  started
660.9892 	DATA 	Keypress: lctrl
661.1423 	EXP 	Sound  started
661.7413 	DATA 	Keypress: rctrl
661.8923 	EXP 	Sound  started
662.5573 	DATA 	Keypress: rctrl
662.6424 	EXP 	Sound  started
663.2452 	DATA 	Keypress: lctrl
663.3924 	EXP 	Sound  started
664.0293 	DATA 	Keypress: rctrl
664.1424 	EXP 	Sound  started
664.7973 	DATA 	Keypress: lctrl
664.8924 	EXP 	Sound  started
665.5333 	DATA 	Keypress: lctrl
665.6424 	EXP 	Sound  started
666.2373 	DATA 	Keypress: rctrl
666.3924 	EXP 	Sound  started
666.9733 	DATA 	Keypress: lctrl
667.1425 	EXP 	Sound  started
667.7253 	DATA 	Keypress: rctrl
667.8925 	EXP 	Sound  started
668.4933 	DATA 	Keypress: rctrl
668.6425 	EXP 	Sound  started
669.2932 	DATA 	Keypress: lctrl
669.3925 	EXP 	Sound  started
669.9813 	DATA 	Keypress: rctrl
670.1425 	EXP 	Sound  started
670.7013 	DATA 	Keypress: lctrl
670.8925 	EXP 	Sound  started
671.5813 	DATA 	Keypress: rctrl
671.6426 	EXP 	Sound  started
672.3333 	DATA 	Keypress: lctrl
672.3926 	EXP 	Sound  started
673.0373 	DATA 	Keypress: rctrl
673.1426 	EXP 	Sound  started
673.7574 	DATA 	Keypress: lctrl
673.8926 	EXP 	Sound  started
674.5093 	DATA 	Keypress: lctrl
674.6426 	EXP 	Sound  started
675.3926 	EXP 	Sound  started
675.4213 	DATA 	Keypress: lctrl
676.0773 	DATA 	Keypress: rctrl
676.1427 	EXP 	Sound  started
676.7173 	DATA 	Keypress: lctrl
676.8927 	EXP 	Sound  started
677.5013 	DATA 	Keypress: lctrl
677.6427 	EXP 	Sound  started
678.2532 	DATA 	Keypress: lctrl
678.3927 	EXP 	Sound  started
679.0373 	DATA 	Keypress: lctrl
679.1427 	EXP 	Sound  started
679.8213 	DATA 	Keypress: rctrl
679.8927 	EXP 	Sound  started
680.5413 	DATA 	Keypress: rctrl
680.6428 	EXP 	Sound  started
681.2933 	DATA 	Keypress: lctrl
681.3928 	EXP 	Sound  started
682.0293 	DATA 	Keypress: rctrl
682.1428 	EXP 	Sound  started
682.7333 	DATA 	Keypress: rctrl
682.8928 	EXP 	Sound  started
683.6293 	DATA 	Keypress: lctrl
683.6428 	EXP 	Sound  started
684.2693 	DATA 	Keypress: rctrl
684.3928 	EXP 	Sound  started
685.0214 	DATA 	Keypress: rctrl
685.1428 	EXP 	Sound  started
685.7894 	DATA 	Keypress: rctrl
685.8929 	EXP 	Sound  started
686.5093 	DATA 	Keypress: rctrl
686.6429 	EXP 	Sound  started
687.1813 	DATA 	Keypress: lctrl
687.3929 	EXP 	Sound  started
687.9333 	DATA 	Keypress: rctrl
688.1429 	EXP 	Sound  started
688.6533 	DATA 	Keypress: lctrl
688.8929 	EXP 	Sound  started
689.4373 	DATA 	Keypress: lctrl
689.6429 	EXP 	Sound  started
690.1253 	DATA 	Keypress: rctrl
690.3930 	EXP 	Sound  started
690.8613 	DATA 	Keypress: lctrl
691.1430 	EXP 	Sound  started
691.6133 	DATA 	Keypress: rctrl
691.8930 	EXP 	Sound  started
692.3493 	DATA 	Keypress: rctrl
692.6430 	EXP 	Sound  started
693.1173 	DATA 	Keypress: rctrl
693.3930 	EXP 	Sound  started
693.8053 	DATA 	Keypress: rctrl
694.1430 	EXP 	Sound  started
694.7973 	DATA 	Keypress: rctrl
696.3014 	DATA 	Keypress: 2
696.3309 	EXP 	unnamed ShapeStim: vertices = <class 'numpy.ndarray'>
699.1042 	DATA 	Keypress: 2
699.1336 	EXP 	unnamed ShapeStim: vertices = <class 'numpy.ndarray'>
701.6359 	DATA 	Keypress: 1
701.6524 	EXP 	unnamed ShapeStim: vertices = <class 'numpy.ndarray'>
703.9366 	EXP 	Sound  started
703.9375 	DATA 	Keypress: rctrl
704.5733 	DATA 	Keypress: lctrl
704.6865 	EXP 	Sound  started
705.3573 	DATA 	Keypress: rctrl
705.4365 	EXP 	Sound  started
706.0773 	DATA 	Keypress: rctrl
706.1865 	EXP 	Sound  started
706.8132 	DATA 	Keypress: lctrl
706.9365 	EXP 	Sound  started
707.5493 	DATA 	Keypress: lctrl
707.6865 	EXP 	Sound  started
708.3333 	DATA 	Keypress: lctrl
708.4366 	EXP 	Sound  started
709.0533 	DATA 	Keypress: lctrl
709.1866 	EXP 	Sound  started
709.8053 	DATA 	Keypress: rctrl
709.9366 	EXP 	Sound  started
710.5412 	DATA 	Keypress: lctrl
710.6866 	EXP 	Sound  started
711.3412 	DATA 	Keypress: rctrl
711.4366 	EXP 	Sound  started
712.1093 	DATA 	Keypress: rctrl
712.1866 	EXP 	Sound  started
712.7493 	DATA 	Keypress: lctrl
712.9366 	EXP 	Sound  started
713.3733 	DATA 	Keypress: rctrl
713.6867 	EXP 	Sound  started
714.1733 	DATA 	Keypress: rctrl
714.4367 	EXP 	Sound  started
714.9573 	DATA 	Keypress: rctrl
715.1867 	EXP 	Sound  started
715.5653 	DATA 	Keypress: lctrl
715.9367 	EXP 	Sound  started
716.3173 	DATA 	Keypress: rctrl
716.6867 	EXP 	Sound  started
716.9893 	DATA 	Keypress: lctrl
717.4367 	EXP 	Sound  started
717.6613 	DATA 	Keypress: rctrl
718.1867 	EXP 	Sound  started
718.2373 	DATA 	Keypress: lctrl
718.9368 	EXP 	Sound  started
718.9413 	DATA 	Keypress: lctrl
719.6453 	DATA 	Keypress: lctrl
719.6868 	EXP 	Sound  started
720.3333 	DATA 	Keypress: lctrl
720.4368 	EXP 	Sound  started
721.1333 	DATA 	Keypress: lctrl
721.1868 	EXP 	Sound  started
721.9368 	EXP 	Sound  started
721.9653 	DATA 	Keypress: lctrl
722.5253 	DATA 	Keypress: lctrl
722.6868 	EXP 	Sound  started
723.2293 	DATA 	Keypress: rctrl
723.4369 	EXP 	Sound  started
723.8533 	DATA 	Keypress: lctrl
724.1869 	EXP 	Sound  started
724.7653 	DATA 	Keypress: rctrl
724.9369 	EXP 	Sound  started
725.4852 	DATA 	Keypress: rctrl
725.6869 	EXP 	Sound  started
726.3653 	DATA 	Keypress: lctrl
726.4369 	EXP 	Sound  started
727.0212 	DATA 	Keypress: rctrl
727.1869 	EXP 	Sound  started
727.7572 	DATA 	Keypress: space
727.9369 	EXP 	Sound  started
727.9813 	DATA 	Keypress: lctrl
728.6693 	DATA 	Keypress: rctrl
728.6869 	EXP 	Sound  started
729.4213 	DATA 	Keypress: rctrl
729.4370 	EXP 	Sound  started
730.1094 	DATA 	Keypress: rctrl
730.1870 	EXP 	Sound  started
730.9253 	DATA 	Keypress: rctrl
730.9370 	EXP 	Sound  started
731.5493 	DATA 	Keypress: rctrl
731.6870 	EXP 	Sound  started
732.3333 	DATA 	Keypress: rctrl
732.4370 	EXP 	Sound  started
733.1173 	DATA 	Keypress: rctrl
733.1870 	EXP 	Sound  started
733.8053 	DATA 	Keypress: lctrl
733.9371 	EXP 	Sound  started
734.5253 	DATA 	Keypress: rctrl
734.6871 	EXP 	Sound  started
735.2773 	DATA 	Keypress: lctrl
735.4371 	EXP 	Sound  started
735.9812 	DATA 	Keypress: lctrl
736.1871 	EXP 	Sound  started
736.7493 	DATA 	Keypress: lctrl
736.9371 	EXP 	Sound  started
737.4853 	DATA 	Keypress: lctrl
737.6871 	EXP 	Sound  started
738.2213 	DATA 	Keypress: rctrl
738.4371 	EXP 	Sound  started
739.0213 	DATA 	Keypress: rctrl
739.1871 	EXP 	Sound  started
739.8053 	DATA 	Keypress: lctrl
739.9372 	EXP 	Sound  started
740.5573 	DATA 	Keypress: lctrl
740.6872 	EXP 	Sound  started
741.2613 	DATA 	Keypress: lctrl
741.4374 	EXP 	Sound  started
741.9813 	DATA 	Keypress: lctrl
742.1874 	EXP 	Sound  started
742.7173 	DATA 	Keypress: lctrl
742.9375 	EXP 	Sound  started
743.4532 	DATA 	Keypress: rctrl
743.6875 	EXP 	Sound  started
744.1733 	DATA 	Keypress: lctrl
744.4375 	EXP 	Sound  started
744.9253 	DATA 	Keypress: rctrl
745.1875 	EXP 	Sound  started
745.8693 	DATA 	Keypress: lctrl
745.9375 	EXP 	Sound  started
746.5733 	DATA 	Keypress: rctrl
746.6875 	EXP 	Sound  started
747.2133 	DATA 	Keypress: lctrl
747.4375 	EXP 	Sound  started
748.0293 	DATA 	Keypress: rctrl
748.1876 	EXP 	Sound  started
748.7653 	DATA 	Keypress: lctrl
748.9376 	EXP 	Sound  started
749.5173 	DATA 	Keypress: lctrl
749.6876 	EXP 	Sound  started
750.2373 	DATA 	Keypress: lctrl
750.4376 	EXP 	Sound  started
750.9733 	DATA 	Keypress: rctrl
751.1876 	EXP 	Sound  started
751.7893 	DATA 	Keypress: rctrl
751.9376 	EXP 	Sound  started
752.5893 	DATA 	Keypress: rctrl
752.6876 	EXP 	Sound  started
753.3253 	DATA 	Keypress: rctrl
753.4376 	EXP 	Sound  started
754.0292 	DATA 	Keypress: lctrl
754.1877 	EXP 	Sound  started
754.7653 	DATA 	Keypress: rctrl
754.9377 	EXP 	Sound  started
755.5813 	DATA 	Keypress: rctrl
755.6877 	EXP 	Sound  started
756.3493 	DATA 	Keypress: lctrl
756.4377 	EXP 	Sound  started
757.1013 	DATA 	Keypress: lctrl
757.1877 	EXP 	Sound  started
757.8532 	DATA 	Keypress: rctrl
757.9377 	EXP 	Sound  started
758.5573 	DATA 	Keypress: rctrl
758.6877 	EXP 	Sound  started
759.3093 	DATA 	Keypress: rctrl
759.4378 	EXP 	Sound  started
760.0933 	DATA 	Keypress: lctrl
760.1878 	EXP 	Sound  started
760.8932 	DATA 	Keypress: rctrl
760.9378 	EXP 	Sound  started
761.6613 	DATA 	Keypress: lctrl
761.6878 	EXP 	Sound  started
762.3333 	DATA 	Keypress: rctrl
764.4035 	DATA 	Keypress: 3
764.4200 	EXP 	unnamed ShapeStim: vertices = <class 'numpy.ndarray'>
773.4275 	DATA 	Keypress: 3
773.4441 	EXP 	unnamed ShapeStim: vertices = <class 'numpy.ndarray'>
776.3674 	DATA 	Keypress: 2
776.3964 	EXP 	unnamed ShapeStim: vertices = <class 'numpy.ndarray'>
778.6821 	EXP 	Sound  started
778.6825 	DATA 	Keypress: lctrl
779.2453 	DATA 	Keypress: lctrl
779.4321 	EXP 	Sound  started
779.9653 	DATA 	Keypress: lctrl
780.1821 	EXP 	Sound  started
780.9321 	EXP 	Sound  started
781.5652 	DATA 	Keypress: lctrl
781.6821 	EXP 	Sound  started
782.1253 	DATA 	Keypress: lctrl
782.4321 	EXP 	Sound  started
782.9892 	DATA 	Keypress: lctrl
783.1821 	EXP 	Sound  started
783.8212 	DATA 	Keypress: rctrl
783.9322 	EXP 	Sound  started
784.6372 	DATA 	Keypress: rctrl
784.6822 	EXP 	Sound  started
785.2612 	DATA 	Keypress: lctrl
785.4322 	EXP 	Sound  started
786.0772 	DATA 	Keypress: rctrl
786.1822 	EXP 	Sound  started
786.8132 	DATA 	Keypress: rctrl
786.9322 	EXP 	Sound  started
787.5973 	DATA 	Keypress: lctrl
787.6822 	EXP 	Sound  started
788.3012 	DATA 	Keypress: rctrl
788.4323 	EXP 	Sound  started
789.1333 	DATA 	Keypress: lctrl
789.1823 	EXP 	Sound  started
789.8372 	DATA 	Keypress: rctrl
789.9323 	EXP 	Sound  started
790.6372 	DATA 	Keypress: lctrl
790.6823 	EXP 	Sound  started
791.3093 	DATA 	Keypress: lctrl
791.4323 	EXP 	Sound  started
792.1823 	EXP 	Sound  started
792.1893 	DATA 	Keypress: lctrl
792.7812 	DATA 	Keypress: rctrl
792.9324 	EXP 	Sound  started
793.5812 	DATA 	Keypress: rctrl
793.6824 	EXP 	Sound  started
794.2692 	DATA 	Keypress: rctrl
794.4324 	EXP 	Sound  started
795.0532 	DATA 	Keypress: rctrl
795.1824 	EXP 	Sound  started
795.8853 	DATA 	Keypress: rctrl
795.9324 	EXP 	Sound  started
796.5732 	DATA 	Keypress: lctrl
796.6824 	EXP 	Sound  started
797.2613 	DATA 	Keypress: rctrl
797.4324 	EXP 	Sound  started
797.9973 	DATA 	Keypress: lctrl
798.1825 	EXP 	Sound  started
798.7333 	DATA 	Keypress: rctrl
798.9325 	EXP 	Sound  started
799.4693 	DATA 	Keypress: rctrl
799.6825 	EXP 	Sound  started
800.1893 	DATA 	Keypress: lctrl
800.4325 	EXP 	Sound  started
800.8933 	DATA 	Keypress: lctrl
801.1825 	EXP 	Sound  started
801.6932 	DATA 	Keypress: rctrl
801.9325 	EXP 	Sound  started
802.4453 	DATA 	Keypress: rctrl
802.6826 	EXP 	Sound  started
803.1973 	DATA 	Keypress: lctrl
803.4326 	EXP 	Sound  started
804.0132 	DATA 	Keypress: lctrl
804.1826 	EXP 	Sound  started
804.7334 	DATA 	Keypress: rctrl
804.9326 	EXP 	Sound  started
805.5332 	DATA 	Keypress: rctrl
805.6826 	EXP 	Sound  started
806.3013 	DATA 	Keypress: rctrl
806.4326 	EXP 	Sound  started
807.0372 	DATA 	Keypress: lctrl
807.1826 	EXP 	Sound  started
807.8532 	DATA 	Keypress: rctrl
807.9327 	EXP 	Sound  started
808.4932 	DATA 	Keypress: lctrl
808.6827 	EXP 	Sound  started
809.2613 	DATA 	Keypress: lctrl
809.4327 	EXP 	Sound  started
810.0773 	DATA 	Keypress: rctrl
810.1827 	EXP 	Sound  started
810.8453 	DATA 	Keypress: lctrl
810.9327 	EXP 	Sound  started
811.5332 	DATA 	Keypress: rctrl
811.6827 	EXP 	Sound  started
812.2533 	DATA 	Keypress: rctrl
812.4328 	EXP 	Sound  started
813.0212 	DATA 	Keypress: lctrl
813.1828 	EXP 	Sound  started
813.7412 	DATA 	Keypress: rctrl
813.9328 	EXP 	Sound  started
814.4614 	DATA 	Keypress: lctrl
814.6828 	EXP 	Sound  started
815.1813 	DATA 	Keypress: lctrl
815.4328 	EXP 	Sound  started
816.0132 	DATA 	Keypress: rctrl
816.1828 	EXP 	Sound  started
816.6693 	DATA 	Keypress: lctrl
816.9328 	EXP 	Sound  started
817.4533 	DATA 	Keypress: rctrl
817.6829 	EXP 	Sound  started
818.2052 	DATA 	Keypress: lctrl
820.8997 	DATA 	Keypress: 2
820.9162 	EXP 	unnamed ShapeStim: vertices = <class 'numpy.ndarray'>
824.9735 	DATA 	Keypress: 3
825.0029 	EXP 	unnamed ShapeStim: vertices = <class 'numpy.ndarray'>
826.9420 	DATA 	Keypress: 2
826.9712 	EXP 	unnamed ShapeStim: vertices = <class 'numpy.ndarray'>
829.2566 	EXP 	Sound  started
829.3252 	DATA 	Keypress: rctrl
829.9973 	DATA 	Keypress: lctrl
830.0065 	EXP 	Sound  started
830.6533 	DATA 	Keypress: rctrl
830.7565 	EXP 	Sound  started
831.3892 	DATA 	Keypress: rctrl
831.5065 	EXP 	Sound  started
832.1573 	DATA 	Keypress: lctrl
832.2565 	EXP 	Sound  started
832.8452 	DATA 	Keypress: rctrl
833.0065 	EXP 	Sound  started
833.5813 	DATA 	Keypress: lctrl
833.7565 	EXP 	Sound  started
834.3333 	DATA 	Keypress: lctrl
834.5065 	EXP 	Sound  started
835.1173 	DATA 	Keypress: lctrl
835.2566 	EXP 	Sound  started
835.8693 	DATA 	Keypress: lctrl
836.0066 	EXP 	Sound  started
836.6373 	DATA 	Keypress: lctrl
836.7566 	EXP 	Sound  started
837.3732 	DATA 	Keypress: lctrl
837.5066 	EXP 	Sound  started
838.1572 	DATA 	Keypress: lctrl
838.2566 	EXP 	Sound  started
838.8773 	DATA 	Keypress: lctrl
839.0066 	EXP 	Sound  started
839.5813 	DATA 	Keypress: rctrl
839.7567 	EXP 	Sound  started
840.2532 	DATA 	Keypress: lctrl
840.5067 	EXP 	Sound  started
841.1173 	DATA 	Keypress: rctrl
841.2567 	EXP 	Sound  started
841.8532 	DATA 	Keypress: rctrl
842.0067 	EXP 	Sound  started
842.6692 	DATA 	Keypress: lctrl
842.7567 	EXP 	Sound  started
843.3733 	DATA 	Keypress: rctrl
843.5067 	EXP 	Sound  started
844.1092 	DATA 	Keypress: lctrl
844.2567 	EXP 	Sound  started
844.8453 	DATA 	Keypress: lctrl
845.0067 	EXP 	Sound  started
845.5493 	DATA 	Keypress: rctrl
845.7568 	EXP 	Sound  started
846.2693 	DATA 	Keypress: lctrl
846.5068 	EXP 	Sound  started
847.1012 	DATA 	Keypress: rctrl
847.2568 	EXP 	Sound  started
847.8373 	DATA 	Keypress: rctrl
848.0068 	EXP 	Sound  started
848.6373 	DATA 	Keypress: rctrl
848.7568 	EXP 	Sound  started
849.4053 	DATA 	Keypress: rctrl
849.5068 	EXP 	Sound  started
850.1413 	DATA 	Keypress: rctrl
850.2569 	EXP 	Sound  started
850.9093 	DATA 	Keypress: rctrl
851.0069 	EXP 	Sound  started
851.6932 	DATA 	Keypress: rctrl
851.7569 	EXP 	Sound  started
852.4612 	DATA 	Keypress: lctrl
852.5069 	EXP 	Sound  started
853.1812 	DATA 	Keypress: rctrl
853.2569 	EXP 	Sound  started
853.9013 	DATA 	Keypress: lctrl
854.0069 	EXP 	Sound  started
854.7013 	DATA 	Keypress: rctrl
854.7569 	EXP 	Sound  started
855.5012 	DATA 	Keypress: rctrl
855.5069 	EXP 	Sound  started
856.1732 	DATA 	Keypress: rctrl
856.2570 	EXP 	Sound  started
856.8773 	DATA 	Keypress: rctrl
857.0070 	EXP 	Sound  started
857.7252 	DATA 	Keypress: lctrl
857.7570 	EXP 	Sound  started
858.4612 	DATA 	Keypress: lctrl
858.5070 	EXP 	Sound  started
859.2570 	EXP 	Sound  started
859.2772 	DATA 	Keypress: lctrl
860.0070 	EXP 	Sound  started
860.0292 	DATA 	Keypress: rctrl
860.7493 	DATA 	Keypress: lctrl
860.7570 	EXP 	Sound  started
861.5071 	EXP 	Sound  started
861.5172 	DATA 	Keypress: lctrl
862.2571 	EXP 	Sound  started
862.3012 	DATA 	Keypress: lctrl
863.0052 	DATA 	Keypress: rctrl
863.0071 	EXP 	Sound  started
863.7093 	DATA 	Keypress: lctrl
863.7571 	EXP 	Sound  started
864.4773 	DATA 	Keypress: rctrl
864.5071 	EXP 	Sound  started
865.2293 	DATA 	Keypress: lctrl
865.2571 	EXP 	Sound  started
866.0072 	EXP 	Sound  started
866.0772 	DATA 	Keypress: lctrl
866.6853 	DATA 	Keypress: rctrl
866.7572 	EXP 	Sound  started
867.5013 	DATA 	Keypress: rctrl
867.5072 	EXP 	Sound  started
868.2572 	EXP 	Sound  started
868.3013 	DATA 	Keypress: rctrl
868.9893 	DATA 	Keypress: lctrl
869.0072 	EXP 	Sound  started
869.7572 	EXP 	Sound  started
869.7733 	DATA 	Keypress: rctrl
870.5072 	EXP 	Sound  started
870.5092 	DATA 	Keypress: lctrl
871.2292 	DATA 	Keypress: lctrl
871.2572 	EXP 	Sound  started
871.9013 	DATA 	Keypress: rctrl
872.0073 	EXP 	Sound  started
872.6693 	DATA 	Keypress: lctrl
872.7573 	EXP 	Sound  started
873.3733 	DATA 	Keypress: rctrl
873.5073 	EXP 	Sound  started
874.1093 	DATA 	Keypress: rctrl
874.2573 	EXP 	Sound  started
874.8613 	DATA 	Keypress: lctrl
875.0073 	EXP 	Sound  started
875.6453 	DATA 	Keypress: rctrl
875.7573 	EXP 	Sound  started
876.3172 	DATA 	Keypress: rctrl
876.5074 	EXP 	Sound  started
877.0214 	DATA 	Keypress: rctrl
877.2574 	EXP 	Sound  started
877.8533 	DATA 	Keypress: lctrl
878.0074 	EXP 	Sound  started
878.5893 	DATA 	Keypress: lctrl
878.7574 	EXP 	Sound  started
879.3092 	DATA 	Keypress: rctrl
879.5074 	EXP 	Sound  started
880.1093 	DATA 	Keypress: rctrl
880.2574 	EXP 	Sound  started
880.8932 	DATA 	Keypress: lctrl
881.0075 	EXP 	Sound  started
881.6773 	DATA 	Keypress: rctrl
881.7575 	EXP 	Sound  started
882.3973 	DATA 	Keypress: lctrl
882.5075 	EXP 	Sound  started
883.1333 	DATA 	Keypress: rctrl
883.2575 	EXP 	Sound  started
883.8213 	DATA 	Keypress: lctrl
884.0075 	EXP 	Sound  started
884.5573 	DATA 	Keypress: lctrl
884.7575 	EXP 	Sound  started
885.3412 	DATA 	Keypress: rctrl
885.5075 	EXP 	Sound  started
886.0772 	DATA 	Keypress: rctrl
886.2575 	EXP 	Sound  started
886.8772 	DATA 	Keypress: rctrl
887.0076 	EXP 	Sound  started
887.5493 	DATA 	Keypress: rctrl
887.7576 	EXP 	Sound  started
888.2852 	DATA 	Keypress: rctrl
888.5076 	EXP 	Sound  started
889.1812 	DATA 	Keypress: lctrl
889.2576 	EXP 	Sound  started
889.9173 	DATA 	Keypress: lctrl
890.0076 	EXP 	Sound  started
890.6212 	DATA 	Keypress: rctrl
890.7576 	EXP 	Sound  started
891.3574 	DATA 	Keypress: lctrl
891.5076 	EXP 	Sound  started
891.9333 	DATA 	Keypress: lctrl
892.2577 	EXP 	Sound  started
892.9892 	DATA 	Keypress: lctrl
893.0077 	EXP 	Sound  started
893.6452 	DATA 	Keypress: rctrl
893.7577 	EXP 	Sound  started
894.3172 	DATA 	Keypress: lctrl
894.5077 	EXP 	Sound  started
895.0692 	DATA 	Keypress: rctrl
896.9787 	DATA 	Keypress: 2
896.9952 	EXP 	unnamed ShapeStim: vertices = <class 'numpy.ndarray'>
900.5149 	DATA 	Keypress: 1
900.5315 	EXP 	unnamed ShapeStim: vertices = <class 'numpy.ndarray'>
902.5338 	DATA 	Keypress: 1
902.5503 	EXP 	unnamed ShapeStim: vertices = <class 'numpy.ndarray'>
904.8351 	EXP 	Sound  started
904.8357 	DATA 	Keypress: rctrl
905.5333 	DATA 	Keypress: rctrl
905.5850 	EXP 	Sound  started
906.3350 	EXP 	Sound  started
906.3492 	DATA 	Keypress: lctrl
907.0052 	DATA 	Keypress: rctrl
907.0851 	EXP 	Sound  started
907.7732 	DATA 	Keypress: lctrl
907.8351 	EXP 	Sound  started
908.5732 	DATA 	Keypress: rctrl
908.5851 	EXP 	Sound  started
909.2933 	DATA 	Keypress: rctrl
909.3351 	EXP 	Sound  started
909.9653 	DATA 	Keypress: lctrl
910.0851 	EXP 	Sound  started
910.6052 	DATA 	Keypress: rctrl
910.8351 	EXP 	Sound  started
911.4212 	DATA 	Keypress: lctrl
911.5851 	EXP 	Sound  started
912.2052 	DATA 	Keypress: rctrl
912.3352 	EXP 	Sound  started
912.9732 	DATA 	Keypress: rctrl
913.0854 	EXP 	Sound  started
913.7253 	DATA 	Keypress: rctrl
913.8354 	EXP 	Sound  started
914.5412 	DATA 	Keypress: rctrl
914.5854 	EXP 	Sound  started
915.1972 	DATA 	Keypress: rctrl
915.3355 	EXP 	Sound  started
915.9652 	DATA 	Keypress: lctrl
916.0855 	EXP 	Sound  started
916.7813 	DATA 	Keypress: rctrl
916.8355 	EXP 	Sound  started
917.4852 	DATA 	Keypress: lctrl
917.5855 	EXP 	Sound  started
918.3172 	DATA 	Keypress: lctrl
918.3355 	EXP 	Sound  started
919.0213 	DATA 	Keypress: lctrl
919.0855 	EXP 	Sound  started
919.7573 	DATA 	Keypress: lctrl
919.8356 	EXP 	Sound  started
920.4772 	DATA 	Keypress: lctrl
920.5856 	EXP 	Sound  started
921.2292 	DATA 	Keypress: lctrl
921.3356 	EXP 	Sound  started
921.9813 	DATA 	Keypress: lctrl
922.0856 	EXP 	Sound  started
922.7813 	DATA 	Keypress: rctrl
922.8356 	EXP 	Sound  started
923.5012 	DATA 	Keypress: lctrl
923.5856 	EXP 	Sound  started
924.2692 	DATA 	Keypress: rctrl
924.3357 	EXP 	Sound  started
924.9892 	DATA 	Keypress: rctrl
925.0857 	EXP 	Sound  started
925.7893 	DATA 	Keypress: lctrl
925.8357 	EXP 	Sound  started
926.4933 	DATA 	Keypress: rctrl
926.5857 	EXP 	Sound  started
927.2453 	DATA 	Keypress: lctrl
927.3357 	EXP 	Sound  started
927.9972 	DATA 	Keypress: rctrl
928.0857 	EXP 	Sound  started
928.8292 	DATA 	Keypress: lctrl
928.8357 	EXP 	Sound  started
929.5813 	DATA 	Keypress: lctrl
929.5857 	EXP 	Sound  started
930.3358 	EXP 	Sound  started
930.3652 	DATA 	Keypress: rctrl
931.0053 	DATA 	Keypress: rctrl
931.0858 	EXP 	Sound  started
931.7893 	DATA 	Keypress: lctrl
931.8358 	EXP 	Sound  started
932.5253 	DATA 	Keypress: lctrl
932.5858 	EXP 	Sound  started
933.2933 	DATA 	Keypress: rctrl
933.3358 	EXP 	Sound  started
933.9652 	DATA 	Keypress: lctrl
934.0858 	EXP 	Sound  started
934.7973 	DATA 	Keypress: rctrl
934.8358 	EXP 	Sound  started
935.4853 	DATA 	Keypress: rctrl
935.5859 	EXP 	Sound  started
936.2852 	DATA 	Keypress: lctrl
936.3359 	EXP 	Sound  started
936.9732 	DATA 	Keypress: rctrl
937.0859 	EXP 	Sound  started
937.6932 	DATA 	Keypress: rctrl
937.8359 	EXP 	Sound  started
938.4132 	DATA 	Keypress: lctrl
938.5859 	EXP 	Sound  started
939.2772 	DATA 	Keypress: lctrl
939.3359 	EXP 	Sound  started
939.9812 	DATA 	Keypress: rctrl
940.0860 	EXP 	Sound  started
940.6693 	DATA 	Keypress: lctrl
940.8360 	EXP 	Sound  started
941.3893 	DATA 	Keypress: rctrl
941.5860 	EXP 	Sound  started
942.1573 	DATA 	Keypress: lctrl
942.3360 	EXP 	Sound  started
942.9252 	DATA 	Keypress: rctrl
943.0860 	EXP 	Sound  started
943.7412 	DATA 	Keypress: rctrl
943.8360 	EXP 	Sound  started
944.4773 	DATA 	Keypress: rctrl
944.5860 	EXP 	Sound  started
945.1973 	DATA 	Keypress: lctrl
945.3361 	EXP 	Sound  started
945.9652 	DATA 	Keypress: rctrl
946.0861 	EXP 	Sound  started
946.8292 	DATA 	Keypress: lctrl
946.8361 	EXP 	Sound  started
947.5333 	DATA 	Keypress: rctrl
947.5861 	EXP 	Sound  started
948.3172 	DATA 	Keypress: rctrl
948.3361 	EXP 	Sound  started
949.0052 	DATA 	Keypress: rctrl
949.0861 	EXP 	Sound  started
949.7413 	DATA 	Keypress: lctrl
949.8361 	EXP 	Sound  started
950.5092 	DATA 	Keypress: lctrl
950.5862 	EXP 	Sound  started
951.2613 	DATA 	Keypress: rctrl
951.3362 	EXP 	Sound  started
952.0132 	DATA 	Keypress: lctrl
952.0862 	EXP 	Sound  started
952.7972 	DATA 	Keypress: rctrl
952.8362 	EXP 	Sound  started
953.5012 	DATA 	Keypress: rctrl
953.5862 	EXP 	Sound  started
954.2372 	DATA 	Keypress: rctrl
954.3362 	EXP 	Sound  started
954.9892 	DATA 	Keypress: lctrl
955.0863 	EXP 	Sound  started
955.7572 	DATA 	Keypress: rctrl
955.8363 	EXP 	Sound  started
956.5252 	DATA 	Keypress: lctrl
956.5863 	EXP 	Sound  started
957.2453 	DATA 	Keypress: rctrl
957.3363 	EXP 	Sound  started
957.9973 	DATA 	Keypress: rctrl
958.0863 	EXP 	Sound  started
958.7972 	DATA 	Keypress: lctrl
958.8363 	EXP 	Sound  started
959.4692 	DATA 	Keypress: rctrl
959.5863 	EXP 	Sound  started
960.2692 	DATA 	Keypress: lctrl
960.3364 	EXP 	Sound  started
960.9572 	DATA 	Keypress: rctrl
961.0864 	EXP 	Sound  started
961.8053 	DATA 	Keypress: rctrl
961.8364 	EXP 	Sound  started
962.5094 	DATA 	Keypress: rctrl
962.5864 	EXP 	Sound  started
963.3092 	DATA 	Keypress: lctrl
963.3364 	EXP 	Sound  started
964.0293 	DATA 	Keypress: rctrl
966.3022 	DATA 	Keypress: 2
966.3187 	EXP 	unnamed ShapeStim: vertices = <class 'numpy.ndarray'>
969.8217 	DATA 	Keypress: 2
969.8383 	EXP 	unnamed ShapeStim: vertices = <class 'numpy.ndarray'>
973.7416 	DATA 	Keypress: 2
973.7581 	EXP 	unnamed ShapeStim: vertices = <class 'numpy.ndarray'>
978.0603 	DATA 	Keypress: lctrl
1136.2214 	DATA 	Keypress: return
1136.2983 	EXP 	window1: mouseVisible = True
