13.7156 	WARNING 	User requested fullscreen with size [1024  768], but screen is actually [1920, 1200]. Using actual size
14.5199 	EXP 	Created window1 = Window(allowGUI=False, allowStencil=False, autoLog=True, backendConf=UNKNOWN, bitsMode=UNKNOWN, blendMode='avg', bpc=(8, 8, 8), color=array([0, 0, 0]), colorSpace='rgb', depthBits=8, fullscr=<method-wrapper '__getattribute__' of attributeSetter object at 0x000001342DCD6780>, gamma=None, gammaErrorPolicy='raise', lms=UNKNOWN, monitor=<psychopy.monitors.calibTools.Monitor object at 0x000001342F3E4080>, multiSample=False, name='window1', numSamples=2, pos=[0.0, 0.0], screen=0, size=array([1920, 1200]), stencilBits=0, stereo=False, units='norm', useFBO=True, useRetina=False, viewOri=0.0, viewPos=None, viewScale=None, waitBlanking=True, winType='pyglet')
14.5202 	EXP 	window1: mouseVisible = True
14.5203 	EXP 	window1: mouseVisible = False
14.5203 	EXP 	window1: recordFrameIntervals = False
14.6864 	EXP 	window1: recordFrameIntervals = True
14.8700 	EXP 	window1: recordFrameIntervals = False
14.9245 	EXP 	Created text = TextStim(__class__=<class 'psychopy.visual.text.TextStim'>, alignHoriz=method-wrapper(...), alignText='center', alignVert=method-wrapper(...), anchorHoriz='center', anchorVert='center', antialias=True, autoLog=True, bold=False, color=array([1., 1., 1.]), colorSpace='rgb', contrast=1.0, depth=0.0, flipHoriz=False, flipVert=False, font='Arial', fontFiles=[], height=0.15, italic=False, languageStyle='LTR', name='text', opacity=1, ori=0, pos=array([0., 0.]), rgb=UNKNOWN, text='+', units='norm', win=Window(...), wrapWidth=1)
14.9460 	EXP 	Created text = TextStim(__class__=<class 'psychopy.visual.text.TextStim'>, alignHoriz=method-wrapper(...), alignText='center', alignVert=method-wrapper(...), anchorHoriz='center', anchorVert='center', antialias=True, autoLog=True, bold=False, color=array([1., 1., 1.]), colorSpace='rgb', contrast=1.0, depth=0.0, flipHoriz=False, flipVert=False, font='Arial', fontFiles=[], height=0.07, italic=False, languageStyle='LTR', name='text', opacity=1, ori=0, pos=array([0., 0.]), rgb=UNKNOWN, text=str(...), units='norm', win=Window(...), wrapWidth=1.65)
14.9581 	EXP 	Created text = TextStim(__class__=<class 'psychopy.visual.text.TextStim'>, alignHoriz=method-wrapper(...), alignText='center', alignVert=method-wrapper(...), anchorHoriz='center', anchorVert='center', antialias=True, autoLog=True, bold=False, color=array([1., 1., 1.]), colorSpace='rgb', contrast=1.0, depth=0.0, flipHoriz=False, flipVert=False, font='Arial', fontFiles=[], height=0.07, italic=False, languageStyle='LTR', name='text', opacity=1, ori=0, pos=array([0., 0.]), rgb=UNKNOWN, text=str(...), units='norm', win=Window(...), wrapWidth=1.65)
14.9682 	EXP 	Created text = TextStim(__class__=<class 'psychopy.visual.text.TextStim'>, alignHoriz=method-wrapper(...), alignText='center', alignVert=method-wrapper(...), anchorHoriz='center', anchorVert='center', antialias=True, autoLog=True, bold=False, color=array([1., 1., 1.]), colorSpace='rgb', contrast=1.0, depth=0.0, flipHoriz=False, flipVert=False, font='Arial', fontFiles=[], height=0.07, italic=False, languageStyle='LTR', name='text', opacity=1, ori=0, pos=array([0., 0.]), rgb=UNKNOWN, text=str(...), units='norm', win=Window(...), wrapWidth=1.65)
14.9781 	EXP 	Created text = TextStim(__class__=<class 'psychopy.visual.text.TextStim'>, alignHoriz=method-wrapper(...), alignText='center', alignVert=method-wrapper(...), anchorHoriz='center', anchorVert='center', antialias=True, autoLog=True, bold=False, color=array([1., 1., 1.]), colorSpace='rgb', contrast=1.0, depth=0.0, flipHoriz=False, flipVert=False, font='Arial', fontFiles=[], height=0.07, italic=False, languageStyle='LTR', name='text', opacity=1, ori=0, pos=array([0., 0.]), rgb=UNKNOWN, text=str(...), units='norm', win=Window(...), wrapWidth=1.65)
14.9835 	EXP 	Created text = TextStim(__class__=<class 'psychopy.visual.text.TextStim'>, alignHoriz=method-wrapper(...), alignText='center', alignVert=method-wrapper(...), anchorHoriz='center', anchorVert='center', antialias=True, autoLog=True, bold=False, color=array([1., 1., 1.]), colorSpace='rgb', contrast=1.0, depth=0.0, flipHoriz=False, flipVert=False, font='Arial', fontFiles=[], height=0.07, italic=False, languageStyle='LTR', name='text', opacity=1, ori=0, pos=array([0., 0.]), rgb=UNKNOWN, text=str(...), units='norm', win=Window(...), wrapWidth=1.65)
14.9981 	EXP 	Created text = TextStim(__class__=<class 'psychopy.visual.text.TextStim'>, alignHoriz=method-wrapper(...), alignText='center', alignVert=method-wrapper(...), anchorHoriz='center', anchorVert='center', antialias=True, autoLog=True, bold=False, color=array([1., 1., 1.]), colorSpace='rgb', contrast=1.0, depth=0.0, flipHoriz=False, flipVert=False, font='Arial', fontFiles=[], height=0.15, italic=False, languageStyle='LTR', name='text', opacity=1, ori=0, pos=array([0., 0.]), rgb=UNKNOWN, text=str(...), units='norm', win=Window(...), wrapWidth=1.65)
15.0262 	EXP 	Created text = TextStim(__class__=<class 'psychopy.visual.text.TextStim'>, alignHoriz=method-wrapper(...), alignText='center', alignVert=method-wrapper(...), anchorHoriz='center', anchorVert='center', antialias=True, autoLog=True, bold=False, color=array([1., 1., 1.]), colorSpace='rgb', contrast=1.0, depth=0.0, flipHoriz=False, flipVert=False, font='Arial', fontFiles=[], height=0.07, italic=False, languageStyle='LTR', name='text', opacity=1, ori=0, pos=array([0., 0.]), rgb=UNKNOWN, text=str(...), units='norm', win=Window(...), wrapWidth=1.65)
15.0442 	EXP 	Created text = TextStim(__class__=<class 'psychopy.visual.text.TextStim'>, alignHoriz=method-wrapper(...), alignText='center', alignVert=method-wrapper(...), anchorHoriz='center', anchorVert='center', antialias=True, autoLog=True, bold=False, color=array([1., 1., 1.]), colorSpace='rgb', contrast=1.0, depth=0.0, flipHoriz=False, flipVert=False, font='Arial', fontFiles=[], height=0.07, italic=False, languageStyle='LTR', name='text', opacity=1, ori=0, pos=array([0., 0.]), rgb=UNKNOWN, text=str(...), units='norm', win=Window(...), wrapWidth=1.65)
15.0747 	EXP 	Created text = TextStim(__class__=<class 'psychopy.visual.text.TextStim'>, alignHoriz=method-wrapper(...), alignText='center', alignVert=method-wrapper(...), anchorHoriz='center', anchorVert='center', antialias=True, autoLog=True, bold=False, color=array([1., 1., 1.]), colorSpace='rgb', contrast=1.0, depth=0.0, flipHoriz=False, flipVert=False, font='Arial', fontFiles=[], height=0.07, italic=False, languageStyle='LTR', name='text', opacity=1, ori=0, pos=array([0., 0.]), rgb=UNKNOWN, text=str(...), units='norm', win=Window(...), wrapWidth=1.65)
15.1059 	EXP 	Created text = TextStim(__class__=<class 'psychopy.visual.text.TextStim'>, alignHoriz=method-wrapper(...), alignText='center', alignVert=method-wrapper(...), anchorHoriz='center', anchorVert='center', antialias=True, autoLog=True, bold=False, color=array([1., 1., 1.]), colorSpace='rgb', contrast=1.0, depth=0.0, flipHoriz=False, flipVert=False, font='Arial', fontFiles=[], height=0.07, italic=False, languageStyle='LTR', name='text', opacity=1, ori=0, pos=array([0., 0.]), rgb=UNKNOWN, text=str(...), units='norm', win=Window(...), wrapWidth=1.65)
15.1428 	EXP 	Created text = TextStim(__class__=<class 'psychopy.visual.text.TextStim'>, alignHoriz=method-wrapper(...), alignText='center', alignVert=method-wrapper(...), anchorHoriz='center', anchorVert='center', antialias=True, autoLog=True, bold=False, color=array([1., 1., 1.]), colorSpace='rgb', contrast=1.0, depth=0.0, flipHoriz=False, flipVert=False, font='Arial', fontFiles=[], height=0.07, italic=False, languageStyle='LTR', name='text', opacity=1, ori=0, pos=array([0., 0.]), rgb=UNKNOWN, text=str(...), units='norm', win=Window(...), wrapWidth=1.65)
15.1516 	EXP 	Created text = TextStim(__class__=<class 'psychopy.visual.text.TextStim'>, alignHoriz=method-wrapper(...), alignText='center', alignVert=method-wrapper(...), anchorHoriz='center', anchorVert='center', antialias=True, autoLog=True, bold=False, color=array([1., 1., 1.]), colorSpace='rgb', contrast=1.0, depth=0.0, flipHoriz=False, flipVert=False, font='Arial', fontFiles=[], height=0.07, italic=False, languageStyle='LTR', name='text', opacity=1, ori=0, pos=array([0., 0.]), rgb=UNKNOWN, text=str(...), units='norm', win=Window(...), wrapWidth=1.65)
15.1640 	EXP 	Created text = TextStim(__class__=<class 'psychopy.visual.text.TextStim'>, alignHoriz=method-wrapper(...), alignText='center', alignVert=method-wrapper(...), anchorHoriz='center', anchorVert='center', antialias=True, autoLog=True, bold=False, color=array([1., 1., 1.]), colorSpace='rgb', contrast=1.0, depth=0.0, flipHoriz=False, flipVert=False, font='Arial', fontFiles=[], height=0.07, italic=False, languageStyle='LTR', name='text', opacity=1, ori=0, pos=array([0., 0.]), rgb=UNKNOWN, text=str(...), units='norm', win=Window(...), wrapWidth=1.65)
15.1686 	EXP 	Created instru = TextStim(__class__=<class 'psychopy.visual.text.TextStim'>, alignHoriz=method-wrapper(...), alignText='center', alignVert=method-wrapper(...), anchorHoriz='center', anchorVert='center', antialias=True, autoLog=True, bold=False, color=array([1., 1., 1.]), colorSpace='rgb', contrast=1.0, depth=0.0, flipHoriz=False, flipVert=False, font='Arial', fontFiles=[], height=0.07, italic=False, languageStyle='LTR', name='instru', opacity=1, ori=0, pos=array([0. , 0.5]), rgb=UNKNOWN, text=str(...), units='norm', win=Window(...), wrapWidth=1)
15.1712 	EXP 	Created unnamed Line = Line(__class__=<class 'psychopy.visual.line.Line'>, autoDraw=False, autoLog=True, closeShape=False, color=array([1., 1., 1.]), colorSpace='rgb', contrast=None, depth=0, fillColor=array([0, 0, 0]), fillColorSpace='rgb', fillRGB=array([0, 0, 0]), interpolate=True, lineColor=array([1., 1., 1.]), lineColorSpace='rgb', lineRGB=array([1, 1, 1]), lineWidth=5, name='unnamed Line', opacity=0.5, ori=0.0, pos=array([0., 0.]), size=array([1., 1.]), units='norm', vertices=array([[-0.5,  0. ],
       [ 0.5,  0. ]]), win=Window(...), windingRule=None)
15.1732 	EXP 	Created unnamed Line = Line(__class__=<class 'psychopy.visual.line.Line'>, autoDraw=False, autoLog=True, closeShape=False, color=array([1., 1., 1.]), colorSpace='rgb', contrast=None, depth=0, fillColor=array([0, 0, 0]), fillColorSpace='rgb', fillRGB=array([0, 0, 0]), interpolate=True, lineColor=array([1., 1., 1.]), lineColorSpace='rgb', lineRGB=array([1, 1, 1]), lineWidth=3, name='unnamed Line', opacity=0.5, ori=0.0, pos=array([0., 0.]), size=array([1., 1.]), units='norm', vertices=array([[-0.5 , -0.05],
       [-0.5 ,  0.05]]), win=Window(...), windingRule=None)
15.1751 	EXP 	Created unnamed Line = Line(__class__=<class 'psychopy.visual.line.Line'>, autoDraw=False, autoLog=True, closeShape=False, color=array([1., 1., 1.]), colorSpace='rgb', contrast=None, depth=0, fillColor=array([0, 0, 0]), fillColorSpace='rgb', fillRGB=array([0, 0, 0]), interpolate=True, lineColor=array([1., 1., 1.]), lineColorSpace='rgb', lineRGB=array([1, 1, 1]), lineWidth=3, name='unnamed Line', opacity=0.5, ori=0.0, pos=array([0., 0.]), size=array([1., 1.]), units='norm', vertices=ndarray(...), win=Window(...), windingRule=None)
15.1771 	EXP 	Created unnamed Line = Line(__class__=<class 'psychopy.visual.line.Line'>, autoDraw=False, autoLog=True, closeShape=False, color=array([1., 1., 1.]), colorSpace='rgb', contrast=None, depth=0, fillColor=array([0, 0, 0]), fillColorSpace='rgb', fillRGB=array([0, 0, 0]), interpolate=True, lineColor=array([1., 1., 1.]), lineColorSpace='rgb', lineRGB=array([1, 1, 1]), lineWidth=3, name='unnamed Line', opacity=0.5, ori=0.0, pos=array([0., 0.]), size=array([1., 1.]), units='norm', vertices=ndarray(...), win=Window(...), windingRule=None)
15.1791 	EXP 	Created unnamed Line = Line(__class__=<class 'psychopy.visual.line.Line'>, autoDraw=False, autoLog=True, closeShape=False, color=array([1., 1., 1.]), colorSpace='rgb', contrast=None, depth=0, fillColor=array([0, 0, 0]), fillColorSpace='rgb', fillRGB=array([0, 0, 0]), interpolate=True, lineColor=array([1., 1., 1.]), lineColorSpace='rgb', lineRGB=array([1, 1, 1]), lineWidth=3, name='unnamed Line', opacity=0.5, ori=0.0, pos=array([0., 0.]), size=array([1., 1.]), units='norm', vertices=array([[ 0.5 , -0.05],
       [ 0.5 ,  0.05]]), win=Window(...), windingRule=None)
15.1921 	EXP 	Created unnamed TextStim = TextStim(__class__=<class 'psychopy.visual.text.TextStim'>, alignHoriz=method-wrapper(...), alignText='center', alignVert=method-wrapper(...), anchorHoriz='center', anchorVert='center', antialias=True, autoLog=True, bold=False, color=array([1., 1., 1.]), colorSpace='rgb', contrast=1.0, depth=0, flipHoriz=False, flipVert=False, font='', fontFiles=[], height=0.05, italic=False, languageStyle='LTR', name='unnamed TextStim', opacity=1.0, ori=0.0, pos=array([-0.5, -0.1]), rgb=UNKNOWN, text='Clearly \n NOT FOCUSED', units='norm', win=Window(...), wrapWidth=1)
15.1932 	EXP 	Created unnamed TextStim = TextStim(__class__=<class 'psychopy.visual.text.TextStim'>, alignHoriz=method-wrapper(...), alignText='center', alignVert=method-wrapper(...), anchorHoriz='center', anchorVert='center', antialias=True, autoLog=True, bold=False, color=array([1., 1., 1.]), colorSpace='rgb', contrast=1.0, depth=0, flipHoriz=False, flipVert=False, font='', fontFiles=[], height=0.05, italic=False, languageStyle='LTR', name='unnamed TextStim', opacity=1.0, ori=0.0, pos=array([-0.16666667, -0.1       ]), rgb=UNKNOWN, text='', units='norm', win=Window(...), wrapWidth=1)
15.1942 	EXP 	Created unnamed TextStim = TextStim(__class__=<class 'psychopy.visual.text.TextStim'>, alignHoriz=method-wrapper(...), alignText='center', alignVert=method-wrapper(...), anchorHoriz='center', anchorVert='center', antialias=True, autoLog=True, bold=False, color=array([1., 1., 1.]), colorSpace='rgb', contrast=1.0, depth=0, flipHoriz=False, flipVert=False, font='', fontFiles=[], height=0.05, italic=False, languageStyle='LTR', name='unnamed TextStim', opacity=1.0, ori=0.0, pos=array([ 0.16666667, -0.1       ]), rgb=UNKNOWN, text='', units='norm', win=Window(...), wrapWidth=1)
15.1974 	EXP 	Created unnamed TextStim = TextStim(__class__=<class 'psychopy.visual.text.TextStim'>, alignHoriz=method-wrapper(...), alignText='center', alignVert=method-wrapper(...), anchorHoriz='center', anchorVert='center', antialias=True, autoLog=True, bold=False, color=array([1., 1., 1.]), colorSpace='rgb', contrast=1.0, depth=0, flipHoriz=False, flipVert=False, font='', fontFiles=[], height=0.05, italic=False, languageStyle='LTR', name='unnamed TextStim', opacity=1.0, ori=0.0, pos=array([ 0.5, -0.1]), rgb=UNKNOWN, text='Clearly \n FOCUSED', units='norm', win=Window(...), wrapWidth=1)
15.1993 	EXP 	Created unnamed ShapeStim = ShapeStim(__class__=<class 'psychopy.visual.shape.ShapeStim'>, autoDraw=False, autoLog=True, closeShape=True, color=method-wrapper(...), colorSpace='rgb', contrast=None, depth=0, fillColor=array([1, 1, 1]), fillColorSpace='rgb', fillRGB=array([1, 1, 1]), interpolate=True, lineColor=array([-1., -1., -1.]), lineColorSpace='rgb', lineRGB=array([-1, -1, -1]), lineWidth=1.5, name='unnamed ShapeStim', opacity=1.0, ori=0.0, pos=array([0., 0.]), size=array([1., 1.]), units='norm', vertices=ndarray(...), win=Window(...), windingRule=None)
15.2083 	EXP 	Created instru = TextStim(__class__=<class 'psychopy.visual.text.TextStim'>, alignHoriz=method-wrapper(...), alignText='center', alignVert=method-wrapper(...), anchorHoriz='center', anchorVert='center', antialias=True, autoLog=True, bold=False, color=array([1., 1., 1.]), colorSpace='rgb', contrast=1.0, depth=0.0, flipHoriz=False, flipVert=False, font='Arial', fontFiles=[], height=0.07, italic=False, languageStyle='LTR', name='instru', opacity=1, ori=0, pos=array([0. , 0.5]), rgb=UNKNOWN, text=str(...), units='norm', win=Window(...), wrapWidth=1)
15.2103 	EXP 	Created unnamed Line = Line(__class__=<class 'psychopy.visual.line.Line'>, autoDraw=False, autoLog=True, closeShape=False, color=array([1., 1., 1.]), colorSpace='rgb', contrast=None, depth=0, fillColor=array([0, 0, 0]), fillColorSpace='rgb', fillRGB=array([0, 0, 0]), interpolate=True, lineColor=array([1., 1., 1.]), lineColorSpace='rgb', lineRGB=array([1, 1, 1]), lineWidth=5, name='unnamed Line', opacity=0.5, ori=0.0, pos=array([0., 0.]), size=array([1., 1.]), units='norm', vertices=array([[-0.5,  0. ],
       [ 0.5,  0. ]]), win=Window(...), windingRule=None)
15.2124 	EXP 	Created unnamed Line = Line(__class__=<class 'psychopy.visual.line.Line'>, autoDraw=False, autoLog=True, closeShape=False, color=array([1., 1., 1.]), colorSpace='rgb', contrast=None, depth=0, fillColor=array([0, 0, 0]), fillColorSpace='rgb', fillRGB=array([0, 0, 0]), interpolate=True, lineColor=array([1., 1., 1.]), lineColorSpace='rgb', lineRGB=array([1, 1, 1]), lineWidth=3, name='unnamed Line', opacity=0.5, ori=0.0, pos=array([0., 0.]), size=array([1., 1.]), units='norm', vertices=array([[-0.5 , -0.05],
       [-0.5 ,  0.05]]), win=Window(...), windingRule=None)
15.2147 	EXP 	Created unnamed Line = Line(__class__=<class 'psychopy.visual.line.Line'>, autoDraw=False, autoLog=True, closeShape=False, color=array([1., 1., 1.]), colorSpace='rgb', contrast=None, depth=0, fillColor=array([0, 0, 0]), fillColorSpace='rgb', fillRGB=array([0, 0, 0]), interpolate=True, lineColor=array([1., 1., 1.]), lineColorSpace='rgb', lineRGB=array([1, 1, 1]), lineWidth=3, name='unnamed Line', opacity=0.5, ori=0.0, pos=array([0., 0.]), size=array([1., 1.]), units='norm', vertices=ndarray(...), win=Window(...), windingRule=None)
15.2173 	EXP 	Created unnamed Line = Line(__class__=<class 'psychopy.visual.line.Line'>, autoDraw=False, autoLog=True, closeShape=False, color=array([1., 1., 1.]), colorSpace='rgb', contrast=None, depth=0, fillColor=array([0, 0, 0]), fillColorSpace='rgb', fillRGB=array([0, 0, 0]), interpolate=True, lineColor=array([1., 1., 1.]), lineColorSpace='rgb', lineRGB=array([1, 1, 1]), lineWidth=3, name='unnamed Line', opacity=0.5, ori=0.0, pos=array([0., 0.]), size=array([1., 1.]), units='norm', vertices=ndarray(...), win=Window(...), windingRule=None)
15.2194 	EXP 	Created unnamed Line = Line(__class__=<class 'psychopy.visual.line.Line'>, autoDraw=False, autoLog=True, closeShape=False, color=array([1., 1., 1.]), colorSpace='rgb', contrast=None, depth=0, fillColor=array([0, 0, 0]), fillColorSpace='rgb', fillRGB=array([0, 0, 0]), interpolate=True, lineColor=array([1., 1., 1.]), lineColorSpace='rgb', lineRGB=array([1, 1, 1]), lineWidth=3, name='unnamed Line', opacity=0.5, ori=0.0, pos=array([0., 0.]), size=array([1., 1.]), units='norm', vertices=array([[ 0.5 , -0.05],
       [ 0.5 ,  0.05]]), win=Window(...), windingRule=None)
15.2254 	EXP 	Created unnamed TextStim = TextStim(__class__=<class 'psychopy.visual.text.TextStim'>, alignHoriz=method-wrapper(...), alignText='center', alignVert=method-wrapper(...), anchorHoriz='center', anchorVert='center', antialias=True, autoLog=True, bold=False, color=array([1., 1., 1.]), colorSpace='rgb', contrast=1.0, depth=0, flipHoriz=False, flipVert=False, font='', fontFiles=[], height=0.05, italic=False, languageStyle='LTR', name='unnamed TextStim', opacity=1.0, ori=0.0, pos=array([-0.5, -0.1]), rgb=UNKNOWN, text='Clearly \n NOTHING', units='norm', win=Window(...), wrapWidth=1)
15.2265 	EXP 	Created unnamed TextStim = TextStim(__class__=<class 'psychopy.visual.text.TextStim'>, alignHoriz=method-wrapper(...), alignText='center', alignVert=method-wrapper(...), anchorHoriz='center', anchorVert='center', antialias=True, autoLog=True, bold=False, color=array([1., 1., 1.]), colorSpace='rgb', contrast=1.0, depth=0, flipHoriz=False, flipVert=False, font='', fontFiles=[], height=0.05, italic=False, languageStyle='LTR', name='unnamed TextStim', opacity=1.0, ori=0.0, pos=array([-0.16666667, -0.1       ]), rgb=UNKNOWN, text='', units='norm', win=Window(...), wrapWidth=1)
15.2276 	EXP 	Created unnamed TextStim = TextStim(__class__=<class 'psychopy.visual.text.TextStim'>, alignHoriz=method-wrapper(...), alignText='center', alignVert=method-wrapper(...), anchorHoriz='center', anchorVert='center', antialias=True, autoLog=True, bold=False, color=array([1., 1., 1.]), colorSpace='rgb', contrast=1.0, depth=0, flipHoriz=False, flipVert=False, font='', fontFiles=[], height=0.05, italic=False, languageStyle='LTR', name='unnamed TextStim', opacity=1.0, ori=0.0, pos=array([ 0.16666667, -0.1       ]), rgb=UNKNOWN, text='', units='norm', win=Window(...), wrapWidth=1)
15.2319 	EXP 	Created unnamed TextStim = TextStim(__class__=<class 'psychopy.visual.text.TextStim'>, alignHoriz=method-wrapper(...), alignText='center', alignVert=method-wrapper(...), anchorHoriz='center', anchorVert='center', antialias=True, autoLog=True, bold=False, color=array([1., 1., 1.]), colorSpace='rgb', contrast=1.0, depth=0, flipHoriz=False, flipVert=False, font='', fontFiles=[], height=0.05, italic=False, languageStyle='LTR', name='unnamed TextStim', opacity=1.0, ori=0.0, pos=array([ 0.5, -0.1]), rgb=UNKNOWN, text='Clearly \n SOMETHING', units='norm', win=Window(...), wrapWidth=1)
15.2339 	EXP 	Created unnamed ShapeStim = ShapeStim(__class__=<class 'psychopy.visual.shape.ShapeStim'>, autoDraw=False, autoLog=True, closeShape=True, color=method-wrapper(...), colorSpace='rgb', contrast=None, depth=0, fillColor=array([1, 1, 1]), fillColorSpace='rgb', fillRGB=array([1, 1, 1]), interpolate=True, lineColor=array([-1., -1., -1.]), lineColorSpace='rgb', lineRGB=array([-1, -1, -1]), lineWidth=1.5, name='unnamed ShapeStim', opacity=1.0, ori=0.0, pos=array([0., 0.]), size=array([1., 1.]), units='norm', vertices=ndarray(...), win=Window(...), windingRule=None)
15.2413 	EXP 	Created instru = TextStim(__class__=<class 'psychopy.visual.text.TextStim'>, alignHoriz=method-wrapper(...), alignText='center', alignVert=method-wrapper(...), anchorHoriz='center', anchorVert='center', antialias=True, autoLog=True, bold=False, color=array([1., 1., 1.]), colorSpace='rgb', contrast=1.0, depth=0.0, flipHoriz=False, flipVert=False, font='Arial', fontFiles=[], height=0.07, italic=False, languageStyle='LTR', name='instru', opacity=1, ori=0, pos=array([0. , 0.5]), rgb=UNKNOWN, text=str(...), units='norm', win=Window(...), wrapWidth=1)
15.2433 	EXP 	Created unnamed Line = Line(__class__=<class 'psychopy.visual.line.Line'>, autoDraw=False, autoLog=True, closeShape=False, color=array([1., 1., 1.]), colorSpace='rgb', contrast=None, depth=0, fillColor=array([0, 0, 0]), fillColorSpace='rgb', fillRGB=array([0, 0, 0]), interpolate=True, lineColor=array([1., 1., 1.]), lineColorSpace='rgb', lineRGB=array([1, 1, 1]), lineWidth=5, name='unnamed Line', opacity=0.5, ori=0.0, pos=array([0., 0.]), size=array([1., 1.]), units='norm', vertices=array([[-0.5,  0. ],
       [ 0.5,  0. ]]), win=Window(...), windingRule=None)
15.2453 	EXP 	Created unnamed Line = Line(__class__=<class 'psychopy.visual.line.Line'>, autoDraw=False, autoLog=True, closeShape=False, color=array([1., 1., 1.]), colorSpace='rgb', contrast=None, depth=0, fillColor=array([0, 0, 0]), fillColorSpace='rgb', fillRGB=array([0, 0, 0]), interpolate=True, lineColor=array([1., 1., 1.]), lineColorSpace='rgb', lineRGB=array([1, 1, 1]), lineWidth=3, name='unnamed Line', opacity=0.5, ori=0.0, pos=array([0., 0.]), size=array([1., 1.]), units='norm', vertices=array([[-0.5 , -0.05],
       [-0.5 ,  0.05]]), win=Window(...), windingRule=None)
15.2473 	EXP 	Created unnamed Line = Line(__class__=<class 'psychopy.visual.line.Line'>, autoDraw=False, autoLog=True, closeShape=False, color=array([1., 1., 1.]), colorSpace='rgb', contrast=None, depth=0, fillColor=array([0, 0, 0]), fillColorSpace='rgb', fillRGB=array([0, 0, 0]), interpolate=True, lineColor=array([1., 1., 1.]), lineColorSpace='rgb', lineRGB=array([1, 1, 1]), lineWidth=3, name='unnamed Line', opacity=0.5, ori=0.0, pos=array([0., 0.]), size=array([1., 1.]), units='norm', vertices=ndarray(...), win=Window(...), windingRule=None)
15.2493 	EXP 	Created unnamed Line = Line(__class__=<class 'psychopy.visual.line.Line'>, autoDraw=False, autoLog=True, closeShape=False, color=array([1., 1., 1.]), colorSpace='rgb', contrast=None, depth=0, fillColor=array([0, 0, 0]), fillColorSpace='rgb', fillRGB=array([0, 0, 0]), interpolate=True, lineColor=array([1., 1., 1.]), lineColorSpace='rgb', lineRGB=array([1, 1, 1]), lineWidth=3, name='unnamed Line', opacity=0.5, ori=0.0, pos=array([0., 0.]), size=array([1., 1.]), units='norm', vertices=ndarray(...), win=Window(...), windingRule=None)
15.2512 	EXP 	Created unnamed Line = Line(__class__=<class 'psychopy.visual.line.Line'>, autoDraw=False, autoLog=True, closeShape=False, color=array([1., 1., 1.]), colorSpace='rgb', contrast=None, depth=0, fillColor=array([0, 0, 0]), fillColorSpace='rgb', fillRGB=array([0, 0, 0]), interpolate=True, lineColor=array([1., 1., 1.]), lineColorSpace='rgb', lineRGB=array([1, 1, 1]), lineWidth=3, name='unnamed Line', opacity=0.5, ori=0.0, pos=array([0., 0.]), size=array([1., 1.]), units='norm', vertices=array([[ 0.5 , -0.05],
       [ 0.5 ,  0.05]]), win=Window(...), windingRule=None)
15.2565 	EXP 	Created unnamed TextStim = TextStim(__class__=<class 'psychopy.visual.text.TextStim'>, alignHoriz=method-wrapper(...), alignText='center', alignVert=method-wrapper(...), anchorHoriz='center', anchorVert='center', antialias=True, autoLog=True, bold=False, color=array([1., 1., 1.]), colorSpace='rgb', contrast=1.0, depth=0, flipHoriz=False, flipVert=False, font='', fontFiles=[], height=0.05, italic=False, languageStyle='LTR', name='unnamed TextStim', opacity=1.0, ori=0.0, pos=array([-0.5, -0.1]), rgb=UNKNOWN, text='Clearly \n SPONTANEOUS', units='norm', win=Window(...), wrapWidth=1)
15.2575 	EXP 	Created unnamed TextStim = TextStim(__class__=<class 'psychopy.visual.text.TextStim'>, alignHoriz=method-wrapper(...), alignText='center', alignVert=method-wrapper(...), anchorHoriz='center', anchorVert='center', antialias=True, autoLog=True, bold=False, color=array([1., 1., 1.]), colorSpace='rgb', contrast=1.0, depth=0, flipHoriz=False, flipVert=False, font='', fontFiles=[], height=0.05, italic=False, languageStyle='LTR', name='unnamed TextStim', opacity=1.0, ori=0.0, pos=array([-0.16666667, -0.1       ]), rgb=UNKNOWN, text='', units='norm', win=Window(...), wrapWidth=1)
15.2586 	EXP 	Created unnamed TextStim = TextStim(__class__=<class 'psychopy.visual.text.TextStim'>, alignHoriz=method-wrapper(...), alignText='center', alignVert=method-wrapper(...), anchorHoriz='center', anchorVert='center', antialias=True, autoLog=True, bold=False, color=array([1., 1., 1.]), colorSpace='rgb', contrast=1.0, depth=0, flipHoriz=False, flipVert=False, font='', fontFiles=[], height=0.05, italic=False, languageStyle='LTR', name='unnamed TextStim', opacity=1.0, ori=0.0, pos=array([ 0.16666667, -0.1       ]), rgb=UNKNOWN, text='', units='norm', win=Window(...), wrapWidth=1)
15.2641 	EXP 	Created unnamed TextStim = TextStim(__class__=<class 'psychopy.visual.text.TextStim'>, alignHoriz=method-wrapper(...), alignText='center', alignVert=method-wrapper(...), anchorHoriz='center', anchorVert='center', antialias=True, autoLog=True, bold=False, color=array([1., 1., 1.]), colorSpace='rgb', contrast=1.0, depth=0, flipHoriz=False, flipVert=False, font='', fontFiles=[], height=0.05, italic=False, languageStyle='LTR', name='unnamed TextStim', opacity=1.0, ori=0.0, pos=array([ 0.5, -0.1]), rgb=UNKNOWN, text='Clearly \n DELIBERATE', units='norm', win=Window(...), wrapWidth=1)
15.2659 	EXP 	Created unnamed ShapeStim = ShapeStim(__class__=<class 'psychopy.visual.shape.ShapeStim'>, autoDraw=False, autoLog=True, closeShape=True, color=method-wrapper(...), colorSpace='rgb', contrast=None, depth=0, fillColor=array([1, 1, 1]), fillColorSpace='rgb', fillRGB=array([1, 1, 1]), interpolate=True, lineColor=array([-1., -1., -1.]), lineColorSpace='rgb', lineRGB=array([-1, -1, -1]), lineWidth=1.5, name='unnamed ShapeStim', opacity=1.0, ori=0.0, pos=array([0., 0.]), size=array([1., 1.]), units='norm', vertices=ndarray(...), win=Window(...), windingRule=None)
15.3164 	EXP 	Sound  set volume 1.000
15.3494 	EXP 	unnamed ShapeStim: vertices = <class 'numpy.ndarray'>
15.3494 	EXP 	unnamed ShapeStim: vertices = <class 'numpy.ndarray'>
15.3494 	EXP 	unnamed ShapeStim: vertices = <class 'numpy.ndarray'>
215.7234 	DATA 	Keypress: rctrl
216.2356 	EXP 	Sound  started
216.4434 	DATA 	Keypress: rctrl
216.8753 	DATA 	Keypress: rctrl
216.9856 	EXP 	Sound  started
217.6593 	DATA 	Keypress: lctrl
217.7356 	EXP 	Sound  started
218.3313 	DATA 	Keypress: lctrl
218.4856 	EXP 	Sound  started
219.1314 	DATA 	Keypress: rctrl
219.2356 	EXP 	Sound  started
219.7393 	DATA 	Keypress: lctrl
219.9856 	EXP 	Sound  started
220.5874 	DATA 	Keypress: rctrl
220.7356 	EXP 	Sound  started
221.3073 	DATA 	Keypress: lctrl
221.4856 	EXP 	Sound  started
222.0913 	DATA 	Keypress: rctrl
222.2357 	EXP 	Sound  started
222.8273 	DATA 	Keypress: rctrl
222.9857 	EXP 	Sound  started
223.5473 	DATA 	Keypress: lctrl
223.7357 	EXP 	Sound  started
224.2994 	DATA 	Keypress: rctrl
224.4857 	EXP 	Sound  started
225.0513 	DATA 	Keypress: lctrl
225.2357 	EXP 	Sound  started
225.7393 	DATA 	Keypress: lctrl
225.9857 	EXP 	Sound  started
226.4593 	DATA 	Keypress: lctrl
226.7357 	EXP 	Sound  started
227.0993 	DATA 	Keypress: rctrl
227.4857 	EXP 	Sound  started
227.8353 	DATA 	Keypress: lctrl
228.2358 	EXP 	Sound  started
228.6354 	DATA 	Keypress: rctrl
228.9858 	EXP 	Sound  started
229.3873 	DATA 	Keypress: rctrl
229.7358 	EXP 	Sound  started
230.1393 	DATA 	Keypress: lctrl
230.4858 	EXP 	Sound  started
230.9233 	DATA 	Keypress: rctrl
231.2358 	EXP 	Sound  started
231.5953 	DATA 	Keypress: lctrl
231.9858 	EXP 	Sound  started
232.3313 	DATA 	Keypress: rctrl
232.7358 	EXP 	Sound  started
233.0673 	DATA 	Keypress: lctrl
233.4859 	EXP 	Sound  started
233.7713 	DATA 	Keypress: rctrl
234.2359 	EXP 	Sound  started
234.4273 	DATA 	Keypress: rctrl
234.9553 	DATA 	Keypress: lctrl
234.9859 	EXP 	Sound  started
235.6273 	DATA 	Keypress: rctrl
235.7359 	EXP 	Sound  started
236.3313 	DATA 	Keypress: lctrl
236.4859 	EXP 	Sound  started
237.0513 	DATA 	Keypress: rctrl
237.2359 	EXP 	Sound  started
237.7233 	DATA 	Keypress: lctrl
237.9859 	EXP 	Sound  started
238.4434 	DATA 	Keypress: rctrl
238.7359 	EXP 	Sound  started
239.1953 	DATA 	Keypress: rctrl
239.4860 	EXP 	Sound  started
239.8993 	DATA 	Keypress: lctrl
240.2360 	EXP 	Sound  started
240.5873 	DATA 	Keypress: rctrl
240.9860 	EXP 	Sound  started
241.3073 	DATA 	Keypress: rctrl
241.7360 	EXP 	Sound  started
241.9954 	DATA 	Keypress: lctrl
242.4860 	EXP 	Sound  started
242.7313 	DATA 	Keypress: lctrl
243.1953 	DATA 	Keypress: rctrl
243.2360 	EXP 	Sound  started
243.8353 	DATA 	Keypress: rctrl
243.9860 	EXP 	Sound  started
244.6353 	DATA 	Keypress: lctrl
244.7361 	EXP 	Sound  started
245.3074 	DATA 	Keypress: rctrl
245.4861 	EXP 	Sound  started
245.9953 	DATA 	Keypress: rctrl
246.2361 	EXP 	Sound  started
246.7794 	DATA 	Keypress: lctrl
246.9861 	EXP 	Sound  started
247.5313 	DATA 	Keypress: rctrl
247.7361 	EXP 	Sound  started
248.2033 	DATA 	Keypress: lctrl
248.4861 	EXP 	Sound  started
248.9873 	DATA 	Keypress: rctrl
249.2361 	EXP 	Sound  started
249.6913 	DATA 	Keypress: rctrl
249.9861 	EXP 	Sound  started
250.5074 	DATA 	Keypress: lctrl
250.7362 	EXP 	Sound  started
251.2913 	DATA 	Keypress: lctrl
251.4862 	EXP 	Sound  started
251.9793 	DATA 	Keypress: rctrl
252.2362 	EXP 	Sound  started
252.8113 	DATA 	Keypress: lctrl
252.9862 	EXP 	Sound  started
253.4833 	DATA 	Keypress: lctrl
253.7362 	EXP 	Sound  started
254.2673 	DATA 	Keypress: rctrl
254.4862 	EXP 	Sound  started
254.9393 	DATA 	Keypress: lctrl
255.2363 	EXP 	Sound  started
255.6274 	DATA 	Keypress: lctrl
255.9863 	EXP 	Sound  started
256.2673 	DATA 	Keypress: lctrl
256.7363 	EXP 	Sound  started
256.9714 	DATA 	Keypress: rctrl
257.4863 	EXP 	Sound  started
257.7072 	DATA 	Keypress: lctrl
258.2193 	DATA 	Keypress: rctrl
258.2363 	EXP 	Sound  started
258.8273 	DATA 	Keypress: lctrl
258.9863 	EXP 	Sound  started
259.4993 	DATA 	Keypress: rctrl
259.7363 	EXP 	Sound  started
260.2513 	DATA 	Keypress: rctrl
260.4864 	EXP 	Sound  started
261.0033 	DATA 	Keypress: lctrl
261.2364 	EXP 	Sound  started
261.6913 	DATA 	Keypress: rctrl
261.9864 	EXP 	Sound  started
262.4433 	DATA 	Keypress: lctrl
262.7364 	EXP 	Sound  started
263.0993 	DATA 	Keypress: rctrl
263.4864 	EXP 	Sound  started
263.8353 	DATA 	Keypress: lctrl
264.2364 	EXP 	Sound  started
264.5713 	DATA 	Keypress: rctrl
264.9864 	EXP 	Sound  started
265.3074 	DATA 	Keypress: rctrl
265.7365 	EXP 	Sound  started
266.0753 	DATA 	Keypress: lctrl
266.4865 	EXP 	Sound  started
266.7953 	DATA 	Keypress: rctrl
267.2602 	EXP 	unnamed TextStim: text = ''
267.2602 	EXP 	unnamed TextStim: text = ''
273.7319 	DATA 	Keypress: 3
273.7484 	EXP 	unnamed ShapeStim: vertices = <class 'numpy.ndarray'>
275.2830 	EXP 	unnamed TextStim: text = ''
275.2830 	EXP 	unnamed TextStim: text = ''
277.9187 	DATA 	Keypress: 1
277.9352 	EXP 	unnamed ShapeStim: vertices = <class 'numpy.ndarray'>
279.4698 	EXP 	unnamed TextStim: text = ''
279.4698 	EXP 	unnamed TextStim: text = ''
280.9750 	DATA 	Keypress: 4
281.0043 	EXP 	unnamed ShapeStim: vertices = <class 'numpy.ndarray'>
283.2885 	EXP 	Sound  started
283.2887 	DATA 	Keypress: rctrl
283.8674 	DATA 	Keypress: lctrl
284.0385 	EXP 	Sound  started
284.5873 	DATA 	Keypress: rctrl
284.7885 	EXP 	Sound  started
285.3393 	DATA 	Keypress: rctrl
285.5385 	EXP 	Sound  started
286.1074 	DATA 	Keypress: lctrl
286.2885 	EXP 	Sound  started
286.9233 	DATA 	Keypress: lctrl
287.0385 	EXP 	Sound  started
287.6114 	DATA 	Keypress: rctrl
287.7886 	EXP 	Sound  started
288.3633 	DATA 	Keypress: lctrl
288.5386 	EXP 	Sound  started
289.0193 	DATA 	Keypress: rctrl
289.2886 	EXP 	Sound  started
289.8353 	DATA 	Keypress: lctrl
290.0386 	EXP 	Sound  started
290.5873 	DATA 	Keypress: rctrl
290.7886 	EXP 	Sound  started
291.2914 	DATA 	Keypress: rctrl
291.5386 	EXP 	Sound  started
292.1233 	DATA 	Keypress: rctrl
292.2886 	EXP 	Sound  started
292.8113 	DATA 	Keypress: lctrl
293.0387 	EXP 	Sound  started
293.5313 	DATA 	Keypress: rctrl
293.7887 	EXP 	Sound  started
294.3313 	DATA 	Keypress: lctrl
294.5387 	EXP 	Sound  started
295.1313 	DATA 	Keypress: rctrl
295.2887 	EXP 	Sound  started
295.8994 	DATA 	Keypress: lctrl
296.0387 	EXP 	Sound  started
296.6193 	DATA 	Keypress: lctrl
296.7887 	EXP 	Sound  started
297.3873 	DATA 	Keypress: lctrl
297.5387 	EXP 	Sound  started
298.0434 	DATA 	Keypress: rctrl
298.2888 	EXP 	Sound  started
298.7953 	DATA 	Keypress: rctrl
299.0388 	EXP 	Sound  started
299.6273 	DATA 	Keypress: lctrl
299.7888 	EXP 	Sound  started
300.4114 	DATA 	Keypress: lctrl
300.5388 	EXP 	Sound  started
301.1634 	DATA 	Keypress: rctrl
301.2888 	EXP 	Sound  started
301.9314 	DATA 	Keypress: lctrl
302.0388 	EXP 	Sound  started
302.6673 	DATA 	Keypress: rctrl
302.7888 	EXP 	Sound  started
303.3713 	DATA 	Keypress: lctrl
303.5389 	EXP 	Sound  started
304.0593 	DATA 	Keypress: rctrl
304.2889 	EXP 	Sound  started
304.9074 	DATA 	Keypress: lctrl
305.0389 	EXP 	Sound  started
305.5953 	DATA 	Keypress: lctrl
305.7889 	EXP 	Sound  started
306.3633 	DATA 	Keypress: rctrl
306.5389 	EXP 	Sound  started
307.1794 	DATA 	Keypress: rctrl
307.2889 	EXP 	Sound  started
307.9473 	DATA 	Keypress: lctrl
308.0389 	EXP 	Sound  started
308.6673 	DATA 	Keypress: rctrl
308.7890 	EXP 	Sound  started
309.4194 	DATA 	Keypress: lctrl
309.5390 	EXP 	Sound  started
310.1073 	DATA 	Keypress: rctrl
310.2890 	EXP 	Sound  started
310.8593 	DATA 	Keypress: rctrl
311.0390 	EXP 	Sound  started
311.6273 	DATA 	Keypress: lctrl
311.7890 	EXP 	Sound  started
312.3473 	DATA 	Keypress: rctrl
312.5390 	EXP 	Sound  started
313.0673 	DATA 	Keypress: lctrl
313.2890 	EXP 	Sound  started
313.9313 	DATA 	Keypress: rctrl
314.0391 	EXP 	Sound  started
314.7154 	DATA 	Keypress: lctrl
314.7891 	EXP 	Sound  started
315.4194 	DATA 	Keypress: rctrl
315.5391 	EXP 	Sound  started
316.1873 	DATA 	Keypress: rctrl
316.2891 	EXP 	Sound  started
316.8753 	DATA 	Keypress: lctrl
317.0391 	EXP 	Sound  started
317.6433 	DATA 	Keypress: lctrl
317.7891 	EXP 	Sound  started
318.3793 	DATA 	Keypress: rctrl
318.5391 	EXP 	Sound  started
319.1953 	DATA 	Keypress: lctrl
319.2892 	EXP 	Sound  started
319.9473 	DATA 	Keypress: rctrl
320.0392 	EXP 	Sound  started
320.6193 	DATA 	Keypress: lctrl
320.7892 	EXP 	Sound  started
321.3392 	DATA 	Keypress: rctrl
321.5392 	EXP 	Sound  started
322.1394 	DATA 	Keypress: lctrl
322.2892 	EXP 	Sound  started
322.8272 	DATA 	Keypress: lctrl
323.0392 	EXP 	Sound  started
323.5633 	DATA 	Keypress: rctrl
323.7893 	EXP 	Sound  started
324.3633 	DATA 	Keypress: lctrl
324.5393 	EXP 	Sound  started
325.1313 	DATA 	Keypress: rctrl
325.2893 	EXP 	Sound  started
325.8513 	DATA 	Keypress: lctrl
326.0393 	EXP 	Sound  started
326.6033 	DATA 	Keypress: rctrl
326.7893 	EXP 	Sound  started
327.3872 	DATA 	Keypress: rctrl
327.5393 	EXP 	Sound  started
328.0593 	DATA 	Keypress: lctrl
328.2893 	EXP 	Sound  started
328.8593 	DATA 	Keypress: rctrl
329.0394 	EXP 	Sound  started
329.6113 	DATA 	Keypress: lctrl
329.7894 	EXP 	Sound  started
330.3153 	DATA 	Keypress: rctrl
330.5394 	EXP 	Sound  started
331.1314 	DATA 	Keypress: rctrl
331.2894 	EXP 	Sound  started
331.8673 	DATA 	Keypress: lctrl
332.0394 	EXP 	Sound  started
332.6193 	DATA 	Keypress: lctrl
332.7894 	EXP 	Sound  started
333.3073 	DATA 	Keypress: rctrl
333.5394 	EXP 	Sound  started
334.0433 	DATA 	Keypress: rctrl
334.2894 	EXP 	Sound  started
334.8594 	DATA 	Keypress: lctrl
335.0395 	EXP 	Sound  started
335.5954 	DATA 	Keypress: rctrl
335.7895 	EXP 	Sound  started
336.4273 	DATA 	Keypress: lctrl
336.5395 	EXP 	Sound  started
337.1953 	DATA 	Keypress: rctrl
337.2895 	EXP 	Sound  started
337.9954 	DATA 	Keypress: lctrl
338.0395 	EXP 	Sound  started
338.6513 	DATA 	Keypress: rctrl
338.7895 	EXP 	Sound  started
339.4033 	DATA 	Keypress: rctrl
339.5395 	EXP 	Sound  started
340.1233 	DATA 	Keypress: lctrl
344.7735 	DATA 	Keypress: 4
344.7900 	EXP 	unnamed ShapeStim: vertices = <class 'numpy.ndarray'>
364.9900 	DATA 	Keypress: 3
365.0066 	EXP 	unnamed ShapeStim: vertices = <class 'numpy.ndarray'>
367.7591 	DATA 	Keypress: 1
367.7755 	EXP 	unnamed ShapeStim: vertices = <class 'numpy.ndarray'>
370.0611 	EXP 	Sound  started
370.0613 	DATA 	Keypress: lctrl
370.5873 	DATA 	Keypress: rctrl
370.8111 	EXP 	Sound  started
371.4193 	DATA 	Keypress: rctrl
371.5611 	EXP 	Sound  started
372.1394 	DATA 	Keypress: lctrl
372.3111 	EXP 	Sound  started
372.8914 	DATA 	Keypress: rctrl
373.0611 	EXP 	Sound  started
373.5954 	DATA 	Keypress: lctrl
373.8112 	EXP 	Sound  started
374.3473 	DATA 	Keypress: rctrl
374.5612 	EXP 	Sound  started
375.1154 	DATA 	Keypress: lctrl
375.3112 	EXP 	Sound  started
375.8514 	DATA 	Keypress: lctrl
376.0612 	EXP 	Sound  started
376.5553 	DATA 	Keypress: rctrl
376.8112 	EXP 	Sound  started
377.2913 	DATA 	Keypress: rctrl
377.5612 	EXP 	Sound  started
378.1234 	DATA 	Keypress: lctrl
378.3112 	EXP 	Sound  started
378.8274 	DATA 	Keypress: rctrl
379.0612 	EXP 	Sound  started
379.5313 	DATA 	Keypress: lctrl
379.8112 	EXP 	Sound  started
380.3153 	DATA 	Keypress: rctrl
380.5613 	EXP 	Sound  started
381.1313 	DATA 	Keypress: lctrl
381.3113 	EXP 	Sound  started
381.8353 	DATA 	Keypress: lctrl
382.0613 	EXP 	Sound  started
382.6673 	DATA 	Keypress: rctrl
382.8113 	EXP 	Sound  started
383.4033 	DATA 	Keypress: rctrl
383.5613 	EXP 	Sound  started
384.1554 	DATA 	Keypress: lctrl
384.3113 	EXP 	Sound  started
384.8593 	DATA 	Keypress: rctrl
385.0613 	EXP 	Sound  started
385.5793 	DATA 	Keypress: lctrl
385.8114 	EXP 	Sound  started
386.3313 	DATA 	Keypress: rctrl
386.5614 	EXP 	Sound  started
387.0673 	DATA 	Keypress: rctrl
387.3114 	EXP 	Sound  started
387.8673 	DATA 	Keypress: lctrl
388.0614 	EXP 	Sound  started
388.5233 	DATA 	Keypress: lctrl
388.8114 	EXP 	Sound  started
389.1794 	DATA 	Keypress: rctrl
389.5614 	EXP 	Sound  started
390.0753 	DATA 	Keypress: lctrl
390.3114 	EXP 	Sound  started
390.6994 	DATA 	Keypress: rctrl
391.0615 	EXP 	Sound  started
391.5313 	DATA 	Keypress: lctrl
391.8115 	EXP 	Sound  started
392.2513 	DATA 	Keypress: rctrl
392.5615 	EXP 	Sound  started
393.0193 	DATA 	Keypress: rctrl
393.3115 	EXP 	Sound  started
393.7553 	DATA 	Keypress: rctrl
394.0615 	EXP 	Sound  started
394.3793 	DATA 	Keypress: lctrl
394.8115 	EXP 	Sound  started
395.1794 	DATA 	Keypress: rctrl
395.5616 	EXP 	Sound  started
395.9794 	DATA 	Keypress: lctrl
396.3116 	EXP 	Sound  started
396.6193 	DATA 	Keypress: lctrl
397.0616 	EXP 	Sound  started
397.3394 	DATA 	Keypress: rctrl
397.8116 	EXP 	Sound  started
397.9153 	DATA 	Keypress: rctrl
398.5234 	DATA 	Keypress: lctrl
398.5616 	EXP 	Sound  started
399.2433 	DATA 	Keypress: rctrl
399.3116 	EXP 	Sound  started
399.9153 	DATA 	Keypress: lctrl
400.0617 	EXP 	Sound  started
400.6834 	DATA 	Keypress: rctrl
400.8117 	EXP 	Sound  started
401.4353 	DATA 	Keypress: rctrl
401.5617 	EXP 	Sound  started
402.1073 	DATA 	Keypress: lctrl
402.3117 	EXP 	Sound  started
402.8273 	DATA 	Keypress: rctrl
403.0617 	EXP 	Sound  started
403.5473 	DATA 	Keypress: lctrl
403.8117 	EXP 	Sound  started
404.3153 	DATA 	Keypress: rctrl
404.5617 	EXP 	Sound  started
405.1313 	DATA 	Keypress: lctrl
405.3118 	EXP 	Sound  started
405.8514 	DATA 	Keypress: lctrl
406.0618 	EXP 	Sound  started
406.5873 	DATA 	Keypress: rctrl
406.8118 	EXP 	Sound  started
407.3074 	DATA 	Keypress: lctrl
407.5618 	EXP 	Sound  started
408.0753 	DATA 	Keypress: rctrl
408.3118 	EXP 	Sound  started
408.8113 	DATA 	Keypress: rctrl
409.0618 	EXP 	Sound  started
409.5954 	DATA 	Keypress: lctrl
409.8118 	EXP 	Sound  started
410.3313 	DATA 	Keypress: lctrl
410.5619 	EXP 	Sound  started
411.0514 	DATA 	Keypress: rctrl
411.3119 	EXP 	Sound  started
411.7553 	DATA 	Keypress: lctrl
412.0619 	EXP 	Sound  started
412.5233 	DATA 	Keypress: rctrl
412.8119 	EXP 	Sound  started
413.2593 	DATA 	Keypress: rctrl
413.5619 	EXP 	Sound  started
414.1073 	DATA 	Keypress: lctrl
414.3119 	EXP 	Sound  started
414.7313 	DATA 	Keypress: rctrl
415.0619 	EXP 	Sound  started
415.4994 	DATA 	Keypress: rctrl
415.8120 	EXP 	Sound  started
416.2993 	DATA 	Keypress: lctrl
416.5620 	EXP 	Sound  started
417.0353 	DATA 	Keypress: rctrl
417.3120 	EXP 	Sound  started
417.7233 	DATA 	Keypress: rctrl
418.0620 	EXP 	Sound  started
418.4114 	DATA 	Keypress: lctrl
418.8120 	EXP 	Sound  started
419.1313 	DATA 	Keypress: rctrl
419.5620 	EXP 	Sound  started
419.8993 	DATA 	Keypress: lctrl
420.3120 	EXP 	Sound  started
420.5873 	DATA 	Keypress: lctrl
421.0621 	EXP 	Sound  started
421.3553 	DATA 	Keypress: rctrl
421.8121 	EXP 	Sound  started
422.1553 	DATA 	Keypress: rctrl
422.5621 	EXP 	Sound  started
422.8593 	DATA 	Keypress: lctrl
423.3121 	EXP 	Sound  started
423.6434 	DATA 	Keypress: rctrl
424.0621 	EXP 	Sound  started
424.1553 	DATA 	Keypress: lctrl
424.7793 	DATA 	Keypress: rctrl
424.8121 	EXP 	Sound  started
425.4513 	DATA 	Keypress: lctrl
425.5621 	EXP 	Sound  started
426.2353 	DATA 	Keypress: rctrl
426.3122 	EXP 	Sound  started
426.8433 	DATA 	Keypress: lctrl
427.0622 	EXP 	Sound  started
427.6593 	DATA 	Keypress: rctrl
427.8122 	EXP 	Sound  started
428.3634 	DATA 	Keypress: rctrl
428.5622 	EXP 	Sound  started
429.1313 	DATA 	Keypress: rctrl
429.3122 	EXP 	Sound  started
429.8993 	DATA 	Keypress: lctrl
430.0622 	EXP 	Sound  started
430.6353 	DATA 	Keypress: rctrl
430.8123 	EXP 	Sound  started
431.4513 	DATA 	Keypress: rctrl
431.5623 	EXP 	Sound  started
432.1553 	DATA 	Keypress: lctrl
432.3123 	EXP 	Sound  started
432.8753 	DATA 	Keypress: rctrl
433.0623 	EXP 	Sound  started
433.7234 	DATA 	Keypress: lctrl
433.8123 	EXP 	Sound  started
434.3634 	DATA 	Keypress: lctrl
434.5623 	EXP 	Sound  started
435.1154 	DATA 	Keypress: rctrl
437.8999 	DATA 	Keypress: 3
437.9164 	EXP 	unnamed ShapeStim: vertices = <class 'numpy.ndarray'>
450.6603 	DATA 	Keypress: 1
450.6768 	EXP 	unnamed ShapeStim: vertices = <class 'numpy.ndarray'>
454.1298 	DATA 	Keypress: 1
454.1463 	EXP 	unnamed ShapeStim: vertices = <class 'numpy.ndarray'>
456.4318 	EXP 	Sound  started
456.4320 	DATA 	Keypress: lctrl
457.0193 	DATA 	Keypress: rctrl
457.1817 	EXP 	Sound  started
457.9317 	EXP 	Sound  started
457.9793 	DATA 	Keypress: lctrl
458.6817 	EXP 	Sound  started
458.8753 	DATA 	Keypress: rctrl
459.3554 	DATA 	Keypress: lctrl
459.4317 	EXP 	Sound  started
460.0433 	DATA 	Keypress: rctrl
460.1818 	EXP 	Sound  started
460.7634 	DATA 	Keypress: rctrl
460.9318 	EXP 	Sound  started
461.5474 	DATA 	Keypress: lctrl
461.6818 	EXP 	Sound  started
462.3474 	DATA 	Keypress: rctrl
462.4318 	EXP 	Sound  started
463.0193 	DATA 	Keypress: lctrl
463.1818 	EXP 	Sound  started
463.8034 	DATA 	Keypress: lctrl
463.9318 	EXP 	Sound  started
464.5393 	DATA 	Keypress: rctrl
464.6819 	EXP 	Sound  started
465.2433 	DATA 	Keypress: lctrl
465.4319 	EXP 	Sound  started
465.9473 	DATA 	Keypress: rctrl
466.1819 	EXP 	Sound  started
466.6353 	DATA 	Keypress: rctrl
466.9319 	EXP 	Sound  started
467.4674 	DATA 	Keypress: lctrl
467.6819 	EXP 	Sound  started
468.2353 	DATA 	Keypress: rctrl
468.4319 	EXP 	Sound  started
469.0033 	DATA 	Keypress: lctrl
469.1819 	EXP 	Sound  started
469.7234 	DATA 	Keypress: rctrl
469.9320 	EXP 	Sound  started
470.4433 	DATA 	Keypress: rctrl
470.6820 	EXP 	Sound  started
471.1953 	DATA 	Keypress: lctrl
471.4320 	EXP 	Sound  started
472.0273 	DATA 	Keypress: rctrl
472.1820 	EXP 	Sound  started
472.6993 	DATA 	Keypress: lctrl
472.9320 	EXP 	Sound  started
473.4513 	DATA 	Keypress: rctrl
473.6820 	EXP 	Sound  started
474.1714 	DATA 	Keypress: lctrl
474.4320 	EXP 	Sound  started
474.8113 	DATA 	Keypress: lctrl
475.1820 	EXP 	Sound  started
475.6273 	DATA 	Keypress: rctrl
475.9321 	EXP 	Sound  started
476.0113 	DATA 	Keypress: lctrl
476.6514 	DATA 	Keypress: rctrl
476.6821 	EXP 	Sound  started
477.3714 	DATA 	Keypress: lctrl
477.4321 	EXP 	Sound  started
478.1233 	DATA 	Keypress: rctrl
478.1821 	EXP 	Sound  started
478.8593 	DATA 	Keypress: lctrl
478.9321 	EXP 	Sound  started
479.5633 	DATA 	Keypress: lctrl
479.6821 	EXP 	Sound  started
480.2193 	DATA 	Keypress: rctrl
480.4321 	EXP 	Sound  started
481.0513 	DATA 	Keypress: rctrl
481.1822 	EXP 	Sound  started
481.7714 	DATA 	Keypress: lctrl
481.9322 	EXP 	Sound  started
482.5075 	DATA 	Keypress: rctrl
482.6822 	EXP 	Sound  started
483.2594 	DATA 	Keypress: lctrl
483.4322 	EXP 	Sound  started
484.0434 	DATA 	Keypress: rctrl
484.1822 	EXP 	Sound  started
484.7634 	DATA 	Keypress: lctrl
484.9322 	EXP 	Sound  started
485.4833 	DATA 	Keypress: lctrl
485.6822 	EXP 	Sound  started
486.2515 	DATA 	Keypress: lctrl
486.4323 	EXP 	Sound  started
487.0193 	DATA 	Keypress: rctrl
487.1823 	EXP 	Sound  started
487.6914 	DATA 	Keypress: lctrl
487.9323 	EXP 	Sound  started
488.4435 	DATA 	Keypress: rctrl
488.6823 	EXP 	Sound  started
489.1473 	DATA 	Keypress: lctrl
489.4323 	EXP 	Sound  started
489.9474 	DATA 	Keypress: rctrl
490.1823 	EXP 	Sound  started
490.6673 	DATA 	Keypress: rctrl
490.9323 	EXP 	Sound  started
491.5153 	DATA 	Keypress: lctrl
491.6824 	EXP 	Sound  started
492.2673 	DATA 	Keypress: rctrl
492.4324 	EXP 	Sound  started
493.0514 	DATA 	Keypress: rctrl
493.1824 	EXP 	Sound  started
493.8513 	DATA 	Keypress: lctrl
493.9324 	EXP 	Sound  started
494.4913 	DATA 	Keypress: rctrl
494.6824 	EXP 	Sound  started
495.4193 	DATA 	Keypress: lctrl
495.4324 	EXP 	Sound  started
495.9473 	DATA 	Keypress: rctrl
496.1824 	EXP 	Sound  started
496.7474 	DATA 	Keypress: lctrl
496.9325 	EXP 	Sound  started
497.5154 	DATA 	Keypress: lctrl
497.6825 	EXP 	Sound  started
498.2674 	DATA 	Keypress: rctrl
498.4325 	EXP 	Sound  started
499.0033 	DATA 	Keypress: lctrl
499.1825 	EXP 	Sound  started
499.7553 	DATA 	Keypress: rctrl
499.9325 	EXP 	Sound  started
500.5712 	DATA 	Keypress: lctrl
500.6825 	EXP 	Sound  started
501.3553 	DATA 	Keypress: lctrl
501.4325 	EXP 	Sound  started
502.0433 	DATA 	Keypress: rctrl
502.1825 	EXP 	Sound  started
502.8273 	DATA 	Keypress: rctrl
502.9326 	EXP 	Sound  started
503.5633 	DATA 	Keypress: lctrl
503.6826 	EXP 	Sound  started
504.2673 	DATA 	Keypress: rctrl
504.4326 	EXP 	Sound  started
505.0033 	DATA 	Keypress: lctrl
505.1826 	EXP 	Sound  started
505.8193 	DATA 	Keypress: lctrl
508.4077 	DATA 	Keypress: 3
508.4242 	EXP 	unnamed ShapeStim: vertices = <class 'numpy.ndarray'>
511.3439 	DATA 	Keypress: 3
511.3604 	EXP 	unnamed ShapeStim: vertices = <class 'numpy.ndarray'>
514.1628 	DATA 	Keypress: 2
514.1794 	EXP 	unnamed ShapeStim: vertices = <class 'numpy.ndarray'>
516.4633 	EXP 	Sound  started
516.4635 	DATA 	Keypress: rctrl
517.0513 	DATA 	Keypress: lctrl
517.2133 	EXP 	Sound  started
517.7873 	DATA 	Keypress: lctrl
517.9633 	EXP 	Sound  started
518.5874 	DATA 	Keypress: rctrl
518.7134 	EXP 	Sound  started
519.2593 	DATA 	Keypress: lctrl
519.4634 	EXP 	Sound  started
519.9953 	DATA 	Keypress: rctrl
520.2134 	EXP 	Sound  started
520.7473 	DATA 	Keypress: rctrl
520.9634 	EXP 	Sound  started
521.5313 	DATA 	Keypress: lctrl
521.7134 	EXP 	Sound  started
522.2193 	DATA 	Keypress: rctrl
522.4634 	EXP 	Sound  started
523.0513 	DATA 	Keypress: rctrl
523.2134 	EXP 	Sound  started
523.7393 	DATA 	Keypress: lctrl
523.9634 	EXP 	Sound  started
524.5553 	DATA 	Keypress: rctrl
524.7135 	EXP 	Sound  started
525.3073 	DATA 	Keypress: lctrl
525.4635 	EXP 	Sound  started
526.0113 	DATA 	Keypress: lctrl
526.2135 	EXP 	Sound  started
526.7793 	DATA 	Keypress: rctrl
526.9635 	EXP 	Sound  started
527.5313 	DATA 	Keypress: lctrl
527.7135 	EXP 	Sound  started
528.2994 	DATA 	Keypress: lctrl
528.4635 	EXP 	Sound  started
529.0033 	DATA 	Keypress: rctrl
529.2135 	EXP 	Sound  started
529.7553 	DATA 	Keypress: lctrl
529.9636 	EXP 	Sound  started
530.4913 	DATA 	Keypress: rctrl
530.7136 	EXP 	Sound  started
531.2273 	DATA 	Keypress: rctrl
531.4636 	EXP 	Sound  started
531.9793 	DATA 	Keypress: lctrl
532.2136 	EXP 	Sound  started
532.7313 	DATA 	Keypress: lctrl
532.9636 	EXP 	Sound  started
533.5313 	DATA 	Keypress: rctrl
533.7136 	EXP 	Sound  started
534.2353 	DATA 	Keypress: lctrl
534.4637 	EXP 	Sound  started
534.9873 	DATA 	Keypress: rctrl
535.2137 	EXP 	Sound  started
535.7393 	DATA 	Keypress: rctrl
535.9637 	EXP 	Sound  started
536.5073 	DATA 	Keypress: lctrl
536.7137 	EXP 	Sound  started
537.3393 	DATA 	Keypress: rctrl
537.4637 	EXP 	Sound  started
538.0113 	DATA 	Keypress: lctrl
538.2137 	EXP 	Sound  started
538.7313 	DATA 	Keypress: rctrl
538.9637 	EXP 	Sound  started
539.4993 	DATA 	Keypress: lctrl
539.7137 	EXP 	Sound  started
540.2353 	DATA 	Keypress: lctrl
540.4637 	EXP 	Sound  started
541.0193 	DATA 	Keypress: rctrl
541.2138 	EXP 	Sound  started
541.7233 	DATA 	Keypress: lctrl
541.9638 	EXP 	Sound  started
542.5233 	DATA 	Keypress: rctrl
542.7138 	EXP 	Sound  started
543.2273 	DATA 	Keypress: lctrl
543.4638 	EXP 	Sound  started
543.9633 	DATA 	Keypress: rctrl
544.2138 	EXP 	Sound  started
544.7313 	DATA 	Keypress: rctrl
544.9638 	EXP 	Sound  started
545.5154 	DATA 	Keypress: lctrl
545.7139 	EXP 	Sound  started
546.2353 	DATA 	Keypress: rctrl
546.4639 	EXP 	Sound  started
547.0033 	DATA 	Keypress: lctrl
547.2139 	EXP 	Sound  started
547.7393 	DATA 	Keypress: rctrl
547.9639 	EXP 	Sound  started
548.5073 	DATA 	Keypress: rctrl
548.7139 	EXP 	Sound  started
549.2433 	DATA 	Keypress: rctrl
549.4639 	EXP 	Sound  started
549.9633 	DATA 	Keypress: lctrl
550.2139 	EXP 	Sound  started
550.7473 	DATA 	Keypress: rctrl
550.9640 	EXP 	Sound  started
551.5153 	DATA 	Keypress: lctrl
551.7140 	EXP 	Sound  started
552.3153 	DATA 	Keypress: rctrl
552.4640 	EXP 	Sound  started
553.0994 	DATA 	Keypress: rctrl
553.2140 	EXP 	Sound  started
553.8354 	DATA 	Keypress: lctrl
553.9640 	EXP 	Sound  started
554.6353 	DATA 	Keypress: lctrl
554.7140 	EXP 	Sound  started
555.3714 	DATA 	Keypress: rctrl
555.4641 	EXP 	Sound  started
556.0433 	DATA 	Keypress: lctrl
556.2141 	EXP 	Sound  started
556.8113 	DATA 	Keypress: lctrl
556.9641 	EXP 	Sound  started
557.5473 	DATA 	Keypress: rctrl
557.7141 	EXP 	Sound  started
558.2833 	DATA 	Keypress: lctrl
558.4641 	EXP 	Sound  started
559.0354 	DATA 	Keypress: lctrl
559.2141 	EXP 	Sound  started
559.7874 	DATA 	Keypress: rctrl
559.9641 	EXP 	Sound  started
560.5713 	DATA 	Keypress: rctrl
560.7141 	EXP 	Sound  started
561.2593 	DATA 	Keypress: lctrl
561.4642 	EXP 	Sound  started
561.9794 	DATA 	Keypress: rctrl
562.2142 	EXP 	Sound  started
562.7633 	DATA 	Keypress: lctrl
562.9642 	EXP 	Sound  started
563.4834 	DATA 	Keypress: lctrl
563.7142 	EXP 	Sound  started
564.2034 	DATA 	Keypress: lctrl
564.4642 	EXP 	Sound  started
564.9073 	DATA 	Keypress: rctrl
565.2142 	EXP 	Sound  started
565.6113 	DATA 	Keypress: lctrl
565.9642 	EXP 	Sound  started
566.2993 	DATA 	Keypress: rctrl
566.7142 	EXP 	Sound  started
567.0033 	DATA 	Keypress: rctrl
567.4643 	EXP 	Sound  started
567.7393 	DATA 	Keypress: lctrl
568.2143 	EXP 	Sound  started
568.4913 	DATA 	Keypress: rctrl
568.9643 	EXP 	Sound  started
569.2593 	DATA 	Keypress: lctrl
569.7143 	EXP 	Sound  started
569.8993 	DATA 	Keypress: rctrl
570.4643 	EXP 	Sound  started
570.7153 	DATA 	Keypress: lctrl
571.2143 	EXP 	Sound  started
571.8513 	DATA 	Keypress: lctrl
571.9643 	EXP 	Sound  started
572.6353 	DATA 	Keypress: rctrl
572.7143 	EXP 	Sound  started
573.3393 	DATA 	Keypress: rctrl
573.4644 	EXP 	Sound  started
574.0433 	DATA 	Keypress: rctrl
574.2144 	EXP 	Sound  started
574.8113 	DATA 	Keypress: lctrl
574.9644 	EXP 	Sound  started
575.5313 	DATA 	Keypress: rctrl
575.7144 	EXP 	Sound  started
576.2353 	DATA 	Keypress: lctrl
576.4644 	EXP 	Sound  started
577.0353 	DATA 	Keypress: rctrl
577.2144 	EXP 	Sound  started
577.7873 	DATA 	Keypress: rctrl
577.9645 	EXP 	Sound  started
578.5713 	DATA 	Keypress: lctrl
601.5008 	DATA 	Keypress: 4
601.5172 	EXP 	unnamed ShapeStim: vertices = <class 'numpy.ndarray'>
604.6699 	DATA 	Keypress: 3
604.6865 	EXP 	unnamed ShapeStim: vertices = <class 'numpy.ndarray'>
607.3098 	DATA 	Keypress: 2
607.3391 	EXP 	unnamed ShapeStim: vertices = <class 'numpy.ndarray'>
609.6233 	EXP 	Sound  started
609.6235 	DATA 	Keypress: rctrl
610.2194 	DATA 	Keypress: rctrl
610.3733 	EXP 	Sound  started
610.9713 	DATA 	Keypress: lctrl
611.1233 	EXP 	Sound  started
611.7074 	DATA 	Keypress: rctrl
611.8733 	EXP 	Sound  started
612.3793 	DATA 	Keypress: lctrl
612.6234 	EXP 	Sound  started
613.2113 	DATA 	Keypress: lctrl
613.3734 	EXP 	Sound  started
613.9793 	DATA 	Keypress: rctrl
614.1234 	EXP 	Sound  started
614.6993 	DATA 	Keypress: lctrl
614.8734 	EXP 	Sound  started
615.4514 	DATA 	Keypress: lctrl
615.6234 	EXP 	Sound  started
616.2034 	DATA 	Keypress: rctrl
616.3734 	EXP 	Sound  started
616.9393 	DATA 	Keypress: rctrl
617.1235 	EXP 	Sound  started
617.6593 	DATA 	Keypress: lctrl
617.8735 	EXP 	Sound  started
618.4113 	DATA 	Keypress: rctrl
618.6235 	EXP 	Sound  started
619.1473 	DATA 	Keypress: lctrl
619.3735 	EXP 	Sound  started
619.9633 	DATA 	Keypress: lctrl
620.1235 	EXP 	Sound  started
620.6833 	DATA 	Keypress: rctrl
620.8735 	EXP 	Sound  started
621.3874 	DATA 	Keypress: lctrl
621.6235 	EXP 	Sound  started
622.1073 	DATA 	Keypress: rctrl
622.3736 	EXP 	Sound  started
622.8273 	DATA 	Keypress: rctrl
623.1236 	EXP 	Sound  started
623.6755 	DATA 	Keypress: lctrl
623.8736 	EXP 	Sound  started
624.3473 	DATA 	Keypress: rctrl
624.6236 	EXP 	Sound  started
625.1153 	DATA 	Keypress: rctrl
625.3736 	EXP 	Sound  started
625.8513 	DATA 	Keypress: lctrl
626.1236 	EXP 	Sound  started
626.6033 	DATA 	Keypress: rctrl
626.8736 	EXP 	Sound  started
627.2913 	DATA 	Keypress: lctrl
627.6236 	EXP 	Sound  started
628.0113 	DATA 	Keypress: lctrl
628.3737 	EXP 	Sound  started
628.7793 	DATA 	Keypress: rctrl
629.1237 	EXP 	Sound  started
629.4673 	DATA 	Keypress: lctrl
629.8737 	EXP 	Sound  started
630.1873 	DATA 	Keypress: rctrl
630.6237 	EXP 	Sound  started
630.9874 	DATA 	Keypress: rctrl
631.3737 	EXP 	Sound  started
631.8194 	DATA 	Keypress: lctrl
632.1238 	EXP 	Sound  started
632.4754 	DATA 	Keypress: rctrl
632.8738 	EXP 	Sound  started
633.1794 	DATA 	Keypress: lctrl
633.6238 	EXP 	Sound  started
633.8673 	DATA 	Keypress: lctrl
634.3738 	EXP 	Sound  started
634.6833 	DATA 	Keypress: rctrl
635.1238 	EXP 	Sound  started
635.4194 	DATA 	Keypress: rctrl
635.8738 	EXP 	Sound  started
636.1874 	DATA 	Keypress: lctrl
636.6238 	EXP 	Sound  started
636.9074 	DATA 	Keypress: rctrl
637.3738 	EXP 	Sound  started
637.6433 	DATA 	Keypress: lctrl
638.1238 	EXP 	Sound  started
638.3794 	DATA 	Keypress: lctrl
638.8739 	EXP 	Sound  started
639.0993 	DATA 	Keypress: lctrl
639.6239 	EXP 	Sound  started
639.8833 	DATA 	Keypress: rctrl
640.3739 	EXP 	Sound  started
640.7153 	DATA 	Keypress: rctrl
641.1239 	EXP 	Sound  started
641.4035 	DATA 	Keypress: lctrl
641.8739 	EXP 	Sound  started
642.1393 	DATA 	Keypress: rctrl
642.5713 	DATA 	Keypress: lctrl
642.6239 	EXP 	Sound  started
643.2593 	DATA 	Keypress: rctrl
643.3739 	EXP 	Sound  started
643.9953 	DATA 	Keypress: lctrl
644.1240 	EXP 	Sound  started
644.6833 	DATA 	Keypress: rctrl
644.8740 	EXP 	Sound  started
645.4834 	DATA 	Keypress: rctrl
645.6240 	EXP 	Sound  started
646.2513 	DATA 	Keypress: lctrl
646.3740 	EXP 	Sound  started
647.0034 	DATA 	Keypress: rctrl
647.1240 	EXP 	Sound  started
647.6913 	DATA 	Keypress: lctrl
647.8740 	EXP 	Sound  started
648.4433 	DATA 	Keypress: rctrl
648.6240 	EXP 	Sound  started
649.2433 	DATA 	Keypress: rctrl
649.3741 	EXP 	Sound  started
649.9793 	DATA 	Keypress: lctrl
650.1241 	EXP 	Sound  started
650.7313 	DATA 	Keypress: rctrl
650.8741 	EXP 	Sound  started
651.4353 	DATA 	Keypress: lctrl
651.6241 	EXP 	Sound  started
652.2193 	DATA 	Keypress: rctrl
652.3741 	EXP 	Sound  started
652.9393 	DATA 	Keypress: lctrl
653.1241 	EXP 	Sound  started
653.6913 	DATA 	Keypress: rctrl
653.8741 	EXP 	Sound  started
654.4434 	DATA 	Keypress: lctrl
654.6241 	EXP 	Sound  started
655.2913 	DATA 	Keypress: rctrl
655.3742 	EXP 	Sound  started
655.9794 	DATA 	Keypress: lctrl
656.1242 	EXP 	Sound  started
656.7474 	DATA 	Keypress: rctrl
656.8742 	EXP 	Sound  started
657.5473 	DATA 	Keypress: rctrl
657.6242 	EXP 	Sound  started
658.3153 	DATA 	Keypress: lctrl
658.3742 	EXP 	Sound  started
659.0193 	DATA 	Keypress: rctrl
659.1242 	EXP 	Sound  started
659.8034 	DATA 	Keypress: rctrl
659.8742 	EXP 	Sound  started
660.5234 	DATA 	Keypress: lctrl
660.6243 	EXP 	Sound  started
661.3073 	DATA 	Keypress: rctrl
661.3743 	EXP 	Sound  started
662.0593 	DATA 	Keypress: rctrl
662.1243 	EXP 	Sound  started
662.7473 	DATA 	Keypress: lctrl
662.8743 	EXP 	Sound  started
663.5474 	DATA 	Keypress: rctrl
663.6244 	EXP 	Sound  started
664.2193 	DATA 	Keypress: lctrl
664.3744 	EXP 	Sound  started
664.9873 	DATA 	Keypress: lctrl
667.8384 	DATA 	Keypress: 2
667.8550 	EXP 	unnamed ShapeStim: vertices = <class 'numpy.ndarray'>
671.2784 	DATA 	Keypress: 2
671.3078 	EXP 	unnamed ShapeStim: vertices = <class 'numpy.ndarray'>
673.8438 	DATA 	Keypress: 2
673.8604 	EXP 	unnamed ShapeStim: vertices = <class 'numpy.ndarray'>
676.1444 	EXP 	Sound  started
676.1714 	DATA 	Keypress: rctrl
676.8114 	DATA 	Keypress: rctrl
676.8944 	EXP 	Sound  started
677.5634 	DATA 	Keypress: lctrl
677.6444 	EXP 	Sound  started
678.2353 	DATA 	Keypress: rctrl
678.3945 	EXP 	Sound  started
679.0513 	DATA 	Keypress: lctrl
679.1445 	EXP 	Sound  started
679.8193 	DATA 	Keypress: lctrl
679.8945 	EXP 	Sound  started
680.5553 	DATA 	Keypress: lctrl
680.6445 	EXP 	Sound  started
681.2274 	DATA 	Keypress: rctrl
681.3945 	EXP 	Sound  started
681.9633 	DATA 	Keypress: lctrl
682.1445 	EXP 	Sound  started
682.7633 	DATA 	Keypress: rctrl
682.8945 	EXP 	Sound  started
683.4353 	DATA 	Keypress: rctrl
683.6446 	EXP 	Sound  started
684.2194 	DATA 	Keypress: lctrl
684.3946 	EXP 	Sound  started
684.9393 	DATA 	Keypress: rctrl
685.1446 	EXP 	Sound  started
685.6914 	DATA 	Keypress: rctrl
685.8946 	EXP 	Sound  started
686.4273 	DATA 	Keypress: lctrl
686.6446 	EXP 	Sound  started
687.1313 	DATA 	Keypress: rctrl
687.3946 	EXP 	Sound  started
687.9474 	DATA 	Keypress: lctrl
688.1446 	EXP 	Sound  started
688.6353 	DATA 	Keypress: rctrl
688.8947 	EXP 	Sound  started
689.4193 	DATA 	Keypress: rctrl
689.6447 	EXP 	Sound  started
690.1554 	DATA 	Keypress: rctrl
690.3947 	EXP 	Sound  started
690.9714 	DATA 	Keypress: lctrl
691.1447 	EXP 	Sound  started
691.6433 	DATA 	Keypress: rctrl
691.8947 	EXP 	Sound  started
692.5553 	DATA 	Keypress: lctrl
692.6447 	EXP 	Sound  started
693.2113 	DATA 	Keypress: rctrl
693.3947 	EXP 	Sound  started
693.8994 	DATA 	Keypress: rctrl
694.1448 	EXP 	Sound  started
694.6673 	DATA 	Keypress: lctrl
694.8948 	EXP 	Sound  started
695.6113 	DATA 	Keypress: lctrl
695.6448 	EXP 	Sound  started
696.2513 	DATA 	Keypress: rctrl
696.3948 	EXP 	Sound  started
696.9233 	DATA 	Keypress: lctrl
697.1448 	EXP 	Sound  started
697.7073 	DATA 	Keypress: rctrl
697.8948 	EXP 	Sound  started
698.4753 	DATA 	Keypress: rctrl
698.6448 	EXP 	Sound  started
699.2273 	DATA 	Keypress: rctrl
699.3948 	EXP 	Sound  started
700.0593 	DATA 	Keypress: lctrl
700.1449 	EXP 	Sound  started
700.7793 	DATA 	Keypress: rctrl
700.8949 	EXP 	Sound  started
701.5313 	DATA 	Keypress: lctrl
701.6449 	EXP 	Sound  started
702.2193 	DATA 	Keypress: rctrl
702.3949 	EXP 	Sound  started
702.9553 	DATA 	Keypress: lctrl
703.1449 	EXP 	Sound  started
703.6433 	DATA 	Keypress: lctrl
703.8949 	EXP 	Sound  started
704.4593 	DATA 	Keypress: rctrl
704.6449 	EXP 	Sound  started
705.2433 	DATA 	Keypress: rctrl
705.3949 	EXP 	Sound  started
705.9793 	DATA 	Keypress: lctrl
706.1450 	EXP 	Sound  started
706.7953 	DATA 	Keypress: rctrl
706.8950 	EXP 	Sound  started
707.5793 	DATA 	Keypress: lctrl
707.6450 	EXP 	Sound  started
708.3154 	DATA 	Keypress: lctrl
708.3950 	EXP 	Sound  started
708.9713 	DATA 	Keypress: rctrl
709.1450 	EXP 	Sound  started
709.7233 	DATA 	Keypress: lctrl
709.8950 	EXP 	Sound  started
710.4593 	DATA 	Keypress: rctrl
710.6450 	EXP 	Sound  started
711.2113 	DATA 	Keypress: lctrl
711.3951 	EXP 	Sound  started
711.9473 	DATA 	Keypress: rctrl
712.1451 	EXP 	Sound  started
712.7314 	DATA 	Keypress: lctrl
712.8951 	EXP 	Sound  started
713.4993 	DATA 	Keypress: rctrl
713.6451 	EXP 	Sound  started
714.1873 	DATA 	Keypress: rctrl
714.3951 	EXP 	Sound  started
714.9233 	DATA 	Keypress: lctrl
715.1451 	EXP 	Sound  started
715.6913 	DATA 	Keypress: lctrl
715.8952 	EXP 	Sound  started
716.5233 	DATA 	Keypress: rctrl
716.6452 	EXP 	Sound  started
717.2113 	DATA 	Keypress: lctrl
717.3952 	EXP 	Sound  started
717.9474 	DATA 	Keypress: rctrl
718.1452 	EXP 	Sound  started
718.7634 	DATA 	Keypress: rctrl
718.8952 	EXP 	Sound  started
719.5313 	DATA 	Keypress: lctrl
719.6452 	EXP 	Sound  started
720.2833 	DATA 	Keypress: lctrl
720.3952 	EXP 	Sound  started
720.9393 	DATA 	Keypress: rctrl
721.1453 	EXP 	Sound  started
721.7874 	DATA 	Keypress: rctrl
721.8953 	EXP 	Sound  started
722.6453 	EXP 	Sound  started
723.2593 	DATA 	Keypress: rctrl
723.3953 	EXP 	Sound  started
724.1453 	EXP 	Sound  started
724.6513 	DATA 	Keypress: rctrl
724.8953 	EXP 	Sound  started
725.4513 	DATA 	Keypress: rctrl
727.9377 	DATA 	Keypress: 2
727.9542 	EXP 	unnamed ShapeStim: vertices = <class 'numpy.ndarray'>
730.4440 	DATA 	Keypress: 1
730.4734 	EXP 	unnamed ShapeStim: vertices = <class 'numpy.ndarray'>
734.4303 	DATA 	Keypress: 3
734.4596 	EXP 	unnamed ShapeStim: vertices = <class 'numpy.ndarray'>
736.7445 	EXP 	Sound  started
736.7447 	DATA 	Keypress: lctrl
737.3074 	DATA 	Keypress: rctrl
737.4945 	EXP 	Sound  started
738.1234 	DATA 	Keypress: rctrl
738.2445 	EXP 	Sound  started
738.8433 	DATA 	Keypress: lctrl
738.9945 	EXP 	Sound  started
739.5793 	DATA 	Keypress: rctrl
739.7445 	EXP 	Sound  started
740.2513 	DATA 	Keypress: rctrl
740.4945 	EXP 	Sound  started
741.0993 	DATA 	Keypress: lctrl
741.2445 	EXP 	Sound  started
741.7873 	DATA 	Keypress: rctrl
741.9946 	EXP 	Sound  started
742.5394 	DATA 	Keypress: lctrl
742.7446 	EXP 	Sound  started
743.1794 	DATA 	Keypress: lctrl
743.4946 	EXP 	Sound  started
744.0273 	DATA 	Keypress: rctrl
744.2446 	EXP 	Sound  started
744.6993 	DATA 	Keypress: lctrl
744.9946 	EXP 	Sound  started
745.4833 	DATA 	Keypress: rctrl
745.7446 	EXP 	Sound  started
746.1714 	DATA 	Keypress: rctrl
746.4946 	EXP 	Sound  started
746.9873 	DATA 	Keypress: rctrl
747.2446 	EXP 	Sound  started
747.8355 	DATA 	Keypress: lctrl
747.9947 	EXP 	Sound  started
748.5074 	DATA 	Keypress: rctrl
748.7447 	EXP 	Sound  started
749.2113 	DATA 	Keypress: lctrl
749.4947 	EXP 	Sound  started
749.9953 	DATA 	Keypress: lctrl
750.2447 	EXP 	Sound  started
750.7473 	DATA 	Keypress: rctrl
750.9947 	EXP 	Sound  started
751.4834 	DATA 	Keypress: lctrl
751.7448 	EXP 	Sound  started
752.2513 	DATA 	Keypress: rctrl
752.4948 	EXP 	Sound  started
753.0034 	DATA 	Keypress: lctrl
753.2448 	EXP 	Sound  started
753.8033 	DATA 	Keypress: lctrl
753.9948 	EXP 	Sound  started
754.5713 	DATA 	Keypress: rctrl
754.7448 	EXP 	Sound  started
755.3233 	DATA 	Keypress: lctrl
755.4948 	EXP 	Sound  started
756.0593 	DATA 	Keypress: rctrl
756.2448 	EXP 	Sound  started
756.7953 	DATA 	Keypress: rctrl
756.9948 	EXP 	Sound  started
757.5633 	DATA 	Keypress: rctrl
757.7449 	EXP 	Sound  started
758.3633 	DATA 	Keypress: rctrl
758.4949 	EXP 	Sound  started
759.1953 	DATA 	Keypress: lctrl
759.2449 	EXP 	Sound  started
759.9314 	DATA 	Keypress: lctrl
759.9949 	EXP 	Sound  started
760.6673 	DATA 	Keypress: lctrl
760.7449 	EXP 	Sound  started
761.3873 	DATA 	Keypress: rctrl
761.4949 	EXP 	Sound  started
762.1553 	DATA 	Keypress: rctrl
762.2449 	EXP 	Sound  started
762.8593 	DATA 	Keypress: lctrl
762.9949 	EXP 	Sound  started
763.5313 	DATA 	Keypress: lctrl
763.7450 	EXP 	Sound  started
764.3793 	DATA 	Keypress: rctrl
764.4950 	EXP 	Sound  started
765.0994 	DATA 	Keypress: rctrl
765.2450 	EXP 	Sound  started
765.8833 	DATA 	Keypress: rctrl
765.9950 	EXP 	Sound  started
766.6033 	DATA 	Keypress: lctrl
766.7450 	EXP 	Sound  started
767.2754 	DATA 	Keypress: rctrl
767.4950 	EXP 	Sound  started
767.9954 	DATA 	Keypress: rctrl
768.2450 	EXP 	Sound  started
768.7953 	DATA 	Keypress: lctrl
768.9951 	EXP 	Sound  started
769.5473 	DATA 	Keypress: lctrl
769.7451 	EXP 	Sound  started
770.3153 	DATA 	Keypress: rctrl
770.4951 	EXP 	Sound  started
771.0514 	DATA 	Keypress: lctrl
771.2451 	EXP 	Sound  started
771.8033 	DATA 	Keypress: rctrl
771.9951 	EXP 	Sound  started
772.5713 	DATA 	Keypress: rctrl
772.7451 	EXP 	Sound  started
773.2754 	DATA 	Keypress: lctrl
773.4951 	EXP 	Sound  started
774.2451 	EXP 	Sound  started
774.3953 	DATA 	Keypress: rctrl
774.8113 	DATA 	Keypress: lctrl
774.9952 	EXP 	Sound  started
775.6114 	DATA 	Keypress: lctrl
775.7452 	EXP 	Sound  started
776.3473 	DATA 	Keypress: rctrl
776.4952 	EXP 	Sound  started
777.0353 	DATA 	Keypress: lctrl
777.2452 	EXP 	Sound  started
777.8033 	DATA 	Keypress: lctrl
779.2803 	DATA 	Keypress: 2
779.2969 	EXP 	unnamed ShapeStim: vertices = <class 'numpy.ndarray'>
786.0187 	DATA 	Keypress: 3
786.0352 	EXP 	unnamed ShapeStim: vertices = <class 'numpy.ndarray'>
795.4765 	DATA 	Keypress: 2
795.4930 	EXP 	unnamed ShapeStim: vertices = <class 'numpy.ndarray'>
797.7778 	EXP 	Sound  started
797.7780 	DATA 	Keypress: lctrl
797.9793 	DATA 	Keypress: rctrl
798.5278 	EXP 	Sound  started
799.2273 	DATA 	Keypress: lctrl
799.2778 	EXP 	Sound  started
799.9153 	DATA 	Keypress: rctrl
800.0278 	EXP 	Sound  started
800.6513 	DATA 	Keypress: rctrl
800.7778 	EXP 	Sound  started
801.4833 	DATA 	Keypress: lctrl
801.5278 	EXP 	Sound  started
802.1713 	DATA 	Keypress: rctrl
802.2778 	EXP 	Sound  started
802.9073 	DATA 	Keypress: rctrl
803.0279 	EXP 	Sound  started
803.5794 	DATA 	Keypress: lctrl
803.7779 	EXP 	Sound  started
804.2994 	DATA 	Keypress: rctrl
804.5279 	EXP 	Sound  started
805.1153 	DATA 	Keypress: lctrl
805.2779 	EXP 	Sound  started
805.8193 	DATA 	Keypress: lctrl
806.0279 	EXP 	Sound  started
806.6193 	DATA 	Keypress: rctrl
806.7779 	EXP 	Sound  started
807.3394 	DATA 	Keypress: lctrl
807.5280 	EXP 	Sound  started
808.1233 	DATA 	Keypress: rctrl
808.2780 	EXP 	Sound  started
808.8274 	DATA 	Keypress: rctrl
809.0280 	EXP 	Sound  started
809.6433 	DATA 	Keypress: lctrl
809.7780 	EXP 	Sound  started
810.3793 	DATA 	Keypress: rctrl
810.5280 	EXP 	Sound  started
811.0833 	DATA 	Keypress: lctrl
811.2780 	EXP 	Sound  started
811.8034 	DATA 	Keypress: rctrl
812.0280 	EXP 	Sound  started
812.5553 	DATA 	Keypress: rctrl
812.7780 	EXP 	Sound  started
813.3394 	DATA 	Keypress: lctrl
813.5281 	EXP 	Sound  started
814.0433 	DATA 	Keypress: rctrl
814.2781 	EXP 	Sound  started
814.8753 	DATA 	Keypress: lctrl
815.0281 	EXP 	Sound  started
815.6274 	DATA 	Keypress: lctrl
815.7781 	EXP 	Sound  started
816.2353 	DATA 	Keypress: rctrl
816.5281 	EXP 	Sound  started
817.2781 	EXP 	Sound  started
817.8353 	DATA 	Keypress: rctrl
818.0281 	EXP 	Sound  started
818.5713 	DATA 	Keypress: rctrl
818.7782 	EXP 	Sound  started
819.3554 	DATA 	Keypress: lctrl
819.5282 	EXP 	Sound  started
820.0913 	DATA 	Keypress: rctrl
820.2782 	EXP 	Sound  started
820.8273 	DATA 	Keypress: lctrl
821.0282 	EXP 	Sound  started
821.5794 	DATA 	Keypress: lctrl
821.7782 	EXP 	Sound  started
822.3313 	DATA 	Keypress: rctrl
822.5282 	EXP 	Sound  started
823.0833 	DATA 	Keypress: lctrl
823.2782 	EXP 	Sound  started
823.8513 	DATA 	Keypress: rctrl
824.0283 	EXP 	Sound  started
824.5393 	DATA 	Keypress: rctrl
824.7783 	EXP 	Sound  started
825.2593 	DATA 	Keypress: lctrl
825.5283 	EXP 	Sound  started
826.0113 	DATA 	Keypress: rctrl
826.2783 	EXP 	Sound  started
826.7633 	DATA 	Keypress: lctrl
827.0283 	EXP 	Sound  started
827.5153 	DATA 	Keypress: rctrl
827.7783 	EXP 	Sound  started
828.2673 	DATA 	Keypress: rctrl
828.5283 	EXP 	Sound  started
829.0193 	DATA 	Keypress: lctrl
829.2783 	EXP 	Sound  started
829.7393 	DATA 	Keypress: rctrl
830.0284 	EXP 	Sound  started
830.3633 	DATA 	Keypress: rctrl
830.7784 	EXP 	Sound  started
831.1953 	DATA 	Keypress: lctrl
831.5284 	EXP 	Sound  started
831.8513 	DATA 	Keypress: rctrl
832.2784 	EXP 	Sound  started
832.6993 	DATA 	Keypress: lctrl
833.0284 	EXP 	Sound  started
833.4193 	DATA 	Keypress: rctrl
833.7784 	EXP 	Sound  started
834.1553 	DATA 	Keypress: lctrl
834.5285 	EXP 	Sound  started
834.8113 	DATA 	Keypress: lctrl
835.2785 	EXP 	Sound  started
835.5793 	DATA 	Keypress: rctrl
836.0285 	EXP 	Sound  started
836.3153 	DATA 	Keypress: lctrl
836.7785 	EXP 	Sound  started
837.0833 	DATA 	Keypress: rctrl
837.5285 	EXP 	Sound  started
837.8193 	DATA 	Keypress: rctrl
838.2785 	EXP 	Sound  started
838.5873 	DATA 	Keypress: lctrl
839.0286 	EXP 	Sound  started
839.2593 	DATA 	Keypress: lctrl
839.7393 	DATA 	Keypress: rctrl
839.7786 	EXP 	Sound  started
840.4273 	DATA 	Keypress: lctrl
840.5286 	EXP 	Sound  started
841.0994 	DATA 	Keypress: rctrl
841.2786 	EXP 	Sound  started
841.8514 	DATA 	Keypress: rctrl
842.0286 	EXP 	Sound  started
842.5873 	DATA 	Keypress: lctrl
842.7786 	EXP 	Sound  started
843.3873 	DATA 	Keypress: rctrl
843.5286 	EXP 	Sound  started
844.1073 	DATA 	Keypress: rctrl
844.2786 	EXP 	Sound  started
844.8434 	DATA 	Keypress: lctrl
845.0287 	EXP 	Sound  started
845.5793 	DATA 	Keypress: rctrl
845.7787 	EXP 	Sound  started
846.2513 	DATA 	Keypress: lctrl
846.5287 	EXP 	Sound  started
847.0193 	DATA 	Keypress: rctrl
847.2787 	EXP 	Sound  started
847.8193 	DATA 	Keypress: lctrl
848.0287 	EXP 	Sound  started
848.5714 	DATA 	Keypress: lctrl
848.7787 	EXP 	Sound  started
849.3393 	DATA 	Keypress: rctrl
849.5287 	EXP 	Sound  started
850.0914 	DATA 	Keypress: lctrl
850.2788 	EXP 	Sound  started
850.8114 	DATA 	Keypress: rctrl
851.0288 	EXP 	Sound  started
851.5313 	DATA 	Keypress: rctrl
851.7788 	EXP 	Sound  started
852.3474 	DATA 	Keypress: lctrl
852.5288 	EXP 	Sound  started
853.0834 	DATA 	Keypress: rctrl
853.2788 	EXP 	Sound  started
853.8674 	DATA 	Keypress: rctrl
854.0288 	EXP 	Sound  started
854.5873 	DATA 	Keypress: lctrl
856.1095 	DATA 	Keypress: 2
856.1261 	EXP 	unnamed ShapeStim: vertices = <class 'numpy.ndarray'>
858.5620 	DATA 	Keypress: 4
858.5785 	EXP 	unnamed ShapeStim: vertices = <class 'numpy.ndarray'>
861.1475 	DATA 	Keypress: 4
861.1640 	EXP 	unnamed ShapeStim: vertices = <class 'numpy.ndarray'>
863.4477 	EXP 	Sound  started
863.4479 	DATA 	Keypress: rctrl
864.0593 	DATA 	Keypress: lctrl
864.1978 	EXP 	Sound  started
864.7954 	DATA 	Keypress: lctrl
864.9478 	EXP 	Sound  started
865.5313 	DATA 	Keypress: rctrl
865.6978 	EXP 	Sound  started
866.2833 	DATA 	Keypress: rctrl
866.4478 	EXP 	Sound  started
867.0513 	DATA 	Keypress: lctrl
867.1978 	EXP 	Sound  started
867.7713 	DATA 	Keypress: rctrl
867.9478 	EXP 	Sound  started
868.4274 	DATA 	Keypress: lctrl
868.6978 	EXP 	Sound  started
869.2113 	DATA 	Keypress: lctrl
869.4478 	EXP 	Sound  started
869.9153 	DATA 	Keypress: rctrl
870.1978 	EXP 	Sound  started
870.7153 	DATA 	Keypress: lctrl
870.9478 	EXP 	Sound  started
871.4673 	DATA 	Keypress: rctrl
871.6979 	EXP 	Sound  started
872.2194 	DATA 	Keypress: rctrl
872.4479 	EXP 	Sound  started
872.9873 	DATA 	Keypress: lctrl
873.1979 	EXP 	Sound  started
873.7714 	DATA 	Keypress: lctrl
873.9479 	EXP 	Sound  started
874.4754 	DATA 	Keypress: rctrl
874.6979 	EXP 	Sound  started
875.2913 	DATA 	Keypress: rctrl
875.4479 	EXP 	Sound  started
876.0273 	DATA 	Keypress: rctrl
876.1979 	EXP 	Sound  started
876.7953 	DATA 	Keypress: lctrl
876.9479 	EXP 	Sound  started
877.4673 	DATA 	Keypress: rctrl
877.6980 	EXP 	Sound  started
878.2034 	DATA 	Keypress: lctrl
878.4480 	EXP 	Sound  started
878.9073 	DATA 	Keypress: rctrl
879.1980 	EXP 	Sound  started
879.7394 	DATA 	Keypress: rctrl
879.9480 	EXP 	Sound  started
880.4433 	DATA 	Keypress: lctrl
880.6980 	EXP 	Sound  started
881.2274 	DATA 	Keypress: rctrl
881.4480 	EXP 	Sound  started
881.9794 	DATA 	Keypress: lctrl
882.1980 	EXP 	Sound  started
882.7953 	DATA 	Keypress: rctrl
882.9481 	EXP 	Sound  started
883.4673 	DATA 	Keypress: rctrl
883.6981 	EXP 	Sound  started
884.2513 	DATA 	Keypress: lctrl
884.4481 	EXP 	Sound  started
884.9713 	DATA 	Keypress: rctrl
885.1981 	EXP 	Sound  started
885.7233 	DATA 	Keypress: lctrl
885.9481 	EXP 	Sound  started
886.4433 	DATA 	Keypress: lctrl
886.6981 	EXP 	Sound  started
887.2114 	DATA 	Keypress: rctrl
887.4481 	EXP 	Sound  started
888.1982 	EXP 	Sound  started
888.2193 	DATA 	Keypress: lctrl
888.7793 	DATA 	Keypress: lctrl
888.9482 	EXP 	Sound  started
889.4993 	DATA 	Keypress: rctrl
889.6982 	EXP 	Sound  started
890.2194 	DATA 	Keypress: lctrl
890.4482 	EXP 	Sound  started
890.9234 	DATA 	Keypress: rctrl
891.1982 	EXP 	Sound  started
891.7073 	DATA 	Keypress: rctrl
891.9482 	EXP 	Sound  started
892.4273 	DATA 	Keypress: lctrl
892.6983 	EXP 	Sound  started
893.1154 	DATA 	Keypress: rctrl
893.4483 	EXP 	Sound  started
894.1983 	EXP 	Sound  started
894.5554 	DATA 	Keypress: lctrl
894.9483 	EXP 	Sound  started
895.2753 	DATA 	Keypress: rctrl
895.6983 	EXP 	Sound  started
896.0913 	DATA 	Keypress: lctrl
896.4483 	EXP 	Sound  started
896.8593 	DATA 	Keypress: rctrl
897.1983 	EXP 	Sound  started
897.5953 	DATA 	Keypress: lctrl
897.9484 	EXP 	Sound  started
898.2993 	DATA 	Keypress: rctrl
898.6984 	EXP 	Sound  started
899.0673 	DATA 	Keypress: rctrl
899.4484 	EXP 	Sound  started
899.8194 	DATA 	Keypress: lctrl
900.1984 	EXP 	Sound  started
900.4914 	DATA 	Keypress: rctrl
900.9484 	EXP 	Sound  started
901.5634 	DATA 	Keypress: lctrl
901.6984 	EXP 	Sound  started
902.1873 	DATA 	Keypress: lctrl
902.4485 	EXP 	Sound  started
902.8594 	DATA 	Keypress: rctrl
903.1985 	EXP 	Sound  started
903.6433 	DATA 	Keypress: rctrl
903.9485 	EXP 	Sound  started
904.4913 	DATA 	Keypress: lctrl
904.6985 	EXP 	Sound  started
905.1314 	DATA 	Keypress: rctrl
905.4485 	EXP 	Sound  started
905.9795 	DATA 	Keypress: lctrl
906.1985 	EXP 	Sound  started
906.7153 	DATA 	Keypress: lctrl
906.9485 	EXP 	Sound  started
907.4513 	DATA 	Keypress: rctrl
910.4914 	DATA 	Keypress: 3
910.5207 	EXP 	unnamed ShapeStim: vertices = <class 'numpy.ndarray'>
913.7401 	DATA 	Keypress: 3
913.7567 	EXP 	unnamed ShapeStim: vertices = <class 'numpy.ndarray'>
916.3968 	DATA 	Keypress: 2
916.4260 	EXP 	unnamed ShapeStim: vertices = <class 'numpy.ndarray'>
918.7098 	EXP 	Sound  started
918.7100 	DATA 	Keypress: lctrl
919.2755 	DATA 	Keypress: rctrl
919.4599 	EXP 	Sound  started
920.0914 	DATA 	Keypress: rctrl
920.2099 	EXP 	Sound  started
920.8274 	DATA 	Keypress: lctrl
920.9599 	EXP 	Sound  started
921.4834 	DATA 	Keypress: rctrl
921.7099 	EXP 	Sound  started
922.2353 	DATA 	Keypress: rctrl
922.4599 	EXP 	Sound  started
923.0193 	DATA 	Keypress: lctrl
923.2099 	EXP 	Sound  started
923.7873 	DATA 	Keypress: lctrl
923.9599 	EXP 	Sound  started
924.5234 	DATA 	Keypress: rctrl
924.7100 	EXP 	Sound  started
925.2273 	DATA 	Keypress: lctrl
925.4600 	EXP 	Sound  started
926.0433 	DATA 	Keypress: lctrl
926.2100 	EXP 	Sound  started
926.7633 	DATA 	Keypress: lctrl
926.9600 	EXP 	Sound  started
927.5153 	DATA 	Keypress: rctrl
927.7100 	EXP 	Sound  started
928.1553 	DATA 	Keypress: lctrl
928.4600 	EXP 	Sound  started
928.8754 	DATA 	Keypress: rctrl
929.2100 	EXP 	Sound  started
929.6113 	DATA 	Keypress: rctrl
929.9600 	EXP 	Sound  started
930.4913 	DATA 	Keypress: lctrl
930.7101 	EXP 	Sound  started
931.2113 	DATA 	Keypress: rctrl
931.4601 	EXP 	Sound  started
931.8834 	DATA 	Keypress: lctrl
932.2101 	EXP 	Sound  started
932.8274 	DATA 	Keypress: rctrl
932.9601 	EXP 	Sound  started
933.4673 	DATA 	Keypress: rctrl
933.7101 	EXP 	Sound  started
934.2514 	DATA 	Keypress: rctrl
934.4602 	EXP 	Sound  started
935.0674 	DATA 	Keypress: lctrl
935.2102 	EXP 	Sound  started
935.7395 	DATA 	Keypress: rctrl
935.9602 	EXP 	Sound  started
936.5074 	DATA 	Keypress: lctrl
936.7102 	EXP 	Sound  started
937.2754 	DATA 	Keypress: lctrl
937.4602 	EXP 	Sound  started
938.0274 	DATA 	Keypress: rctrl
938.2102 	EXP 	Sound  started
938.7634 	DATA 	Keypress: lctrl
938.9602 	EXP 	Sound  started
939.4673 	DATA 	Keypress: rctrl
939.7102 	EXP 	Sound  started
940.1873 	DATA 	Keypress: rctrl
940.4602 	EXP 	Sound  started
940.9874 	DATA 	Keypress: lctrl
941.2103 	EXP 	Sound  started
941.6753 	DATA 	Keypress: lctrl
941.9603 	EXP 	Sound  started
942.5073 	DATA 	Keypress: rctrl
942.7103 	EXP 	Sound  started
943.2433 	DATA 	Keypress: lctrl
943.4603 	EXP 	Sound  started
943.9473 	DATA 	Keypress: rctrl
944.2103 	EXP 	Sound  started
944.7313 	DATA 	Keypress: rctrl
944.9603 	EXP 	Sound  started
945.6594 	DATA 	Keypress: lctrl
945.7104 	EXP 	Sound  started
946.3153 	DATA 	Keypress: lctrl
946.4604 	EXP 	Sound  started
947.0514 	DATA 	Keypress: rctrl
947.2104 	EXP 	Sound  started
947.8514 	DATA 	Keypress: rctrl
947.9604 	EXP 	Sound  started
948.5873 	DATA 	Keypress: rctrl
948.7104 	EXP 	Sound  started
949.3073 	DATA 	Keypress: lctrl
949.4604 	EXP 	Sound  started
950.0273 	DATA 	Keypress: lctrl
950.2104 	EXP 	Sound  started
950.7474 	DATA 	Keypress: rctrl
950.9604 	EXP 	Sound  started
951.5793 	DATA 	Keypress: rctrl
951.7104 	EXP 	Sound  started
952.3153 	DATA 	Keypress: rctrl
952.4605 	EXP 	Sound  started
953.0194 	DATA 	Keypress: lctrl
953.2105 	EXP 	Sound  started
953.7713 	DATA 	Keypress: rctrl
953.9605 	EXP 	Sound  started
954.5234 	DATA 	Keypress: rctrl
954.7105 	EXP 	Sound  started
955.4605 	EXP 	Sound  started
955.9474 	DATA 	Keypress: rctrl
956.2105 	EXP 	Sound  started
956.7153 	DATA 	Keypress: rctrl
956.9605 	EXP 	Sound  started
957.3713 	DATA 	Keypress: lctrl
957.7106 	EXP 	Sound  started
958.2834 	DATA 	Keypress: lctrl
958.4606 	EXP 	Sound  started
959.1153 	DATA 	Keypress: rctrl
959.2106 	EXP 	Sound  started
959.8354 	DATA 	Keypress: lctrl
959.9606 	EXP 	Sound  started
960.7106 	EXP 	Sound  started
960.8274 	DATA 	Keypress: lctrl
961.3393 	DATA 	Keypress: rctrl
961.4607 	EXP 	Sound  started
962.0434 	DATA 	Keypress: rctrl
962.2107 	EXP 	Sound  started
962.7793 	DATA 	Keypress: lctrl
962.9607 	EXP 	Sound  started
963.5313 	DATA 	Keypress: rctrl
963.7107 	EXP 	Sound  started
964.2834 	DATA 	Keypress: rctrl
964.4607 	EXP 	Sound  started
964.9873 	DATA 	Keypress: lctrl
965.2107 	EXP 	Sound  started
965.7074 	DATA 	Keypress: lctrl
965.9607 	EXP 	Sound  started
966.5233 	DATA 	Keypress: rctrl
966.7107 	EXP 	Sound  started
967.2273 	DATA 	Keypress: lctrl
967.4607 	EXP 	Sound  started
967.9633 	DATA 	Keypress: rctrl
968.2108 	EXP 	Sound  started
968.7153 	DATA 	Keypress: lctrl
968.9608 	EXP 	Sound  started
969.4993 	DATA 	Keypress: rctrl
969.7108 	EXP 	Sound  started
970.2513 	DATA 	Keypress: rctrl
970.4608 	EXP 	Sound  started
971.2108 	EXP 	Sound  started
971.2754 	DATA 	Keypress: rctrl
971.9608 	EXP 	Sound  started
971.9953 	DATA 	Keypress: lctrl
972.5713 	DATA 	Keypress: rctrl
972.7108 	EXP 	Sound  started
973.4353 	DATA 	Keypress: lctrl
973.4609 	EXP 	Sound  started
974.2034 	DATA 	Keypress: lctrl
974.2109 	EXP 	Sound  started
974.9609 	EXP 	Sound  started
975.0354 	DATA 	Keypress: rctrl
975.6434 	DATA 	Keypress: lctrl
975.7109 	EXP 	Sound  started
976.2513 	DATA 	Keypress: lctrl
976.4609 	EXP 	Sound  started
977.2109 	EXP 	Sound  started
977.2113 	DATA 	Keypress: rctrl
977.8993 	DATA 	Keypress: rctrl
980.0278 	DATA 	Keypress: 3
980.0444 	EXP 	unnamed ShapeStim: vertices = <class 'numpy.ndarray'>
982.7634 	DATA 	Keypress: 3
982.7799 	EXP 	unnamed ShapeStim: vertices = <class 'numpy.ndarray'>
985.2659 	DATA 	Keypress: 2
985.2825 	EXP 	unnamed ShapeStim: vertices = <class 'numpy.ndarray'>
989.5847 	DATA 	Keypress: lctrl
1249.0515 	DATA 	Keypress: return
1249.1224 	EXP 	window1: mouseVisible = True
