12.8848 	WARNING 	User requested fullscreen with size [1024  768], but screen is actually [1920, 1200]. Using actual size
13.7647 	EXP 	Created window1 = Window(allowGUI=False, allowStencil=False, autoLog=True, backendConf=UNKNOWN, bitsMode=UNKNOWN, blendMode='avg', bpc=(8, 8, 8), color=array([0, 0, 0]), colorSpace='rgb', depthBits=8, fullscr=<method-wrapper '__getattribute__' of attributeSetter object at 0x00000126739E6710>, gamma=None, gammaErrorPolicy='raise', lms=UNKNOWN, monitor=<psychopy.monitors.calibTools.Monitor object at 0x0000012675122FD0>, multiSample=False, name='window1', numSamples=2, pos=[0.0, 0.0], screen=0, size=array([1920, 1200]), stencilBits=0, stereo=False, units='norm', useFBO=True, useRetina=False, viewOri=0.0, viewPos=None, viewScale=None, waitBlanking=True, winType='pyglet')
13.7651 	EXP 	window1: mouseVisible = True
13.7651 	EXP 	window1: mouseVisible = False
13.7651 	EXP 	window1: recordFrameIntervals = False
13.9312 	EXP 	window1: recordFrameIntervals = True
14.1148 	EXP 	window1: recordFrameIntervals = False
14.1735 	EXP 	Created text = TextStim(__class__=<class 'psychopy.visual.text.TextStim'>, alignHoriz=method-wrapper(...), alignText='center', alignVert=method-wrapper(...), anchorHoriz='center', anchorVert='center', antialias=True, autoLog=True, bold=False, color=array([1., 1., 1.]), colorSpace='rgb', contrast=1.0, depth=0.0, flipHoriz=False, flipVert=False, font='Arial', fontFiles=[], height=0.15, italic=False, languageStyle='LTR', name='text', opacity=1, ori=0, pos=array([0., 0.]), rgb=UNKNOWN, text='+', units='norm', win=Window(...), wrapWidth=1)
14.1950 	EXP 	Created text = TextStim(__class__=<class 'psychopy.visual.text.TextStim'>, alignHoriz=method-wrapper(...), alignText='center', alignVert=method-wrapper(...), anchorHoriz='center', anchorVert='center', antialias=True, autoLog=True, bold=False, color=array([1., 1., 1.]), colorSpace='rgb', contrast=1.0, depth=0.0, flipHoriz=False, flipVert=False, font='Arial', fontFiles=[], height=0.07, italic=False, languageStyle='LTR', name='text', opacity=1, ori=0, pos=array([0., 0.]), rgb=UNKNOWN, text=str(...), units='norm', win=Window(...), wrapWidth=1.65)
14.2078 	EXP 	Created text = TextStim(__class__=<class 'psychopy.visual.text.TextStim'>, alignHoriz=method-wrapper(...), alignText='center', alignVert=method-wrapper(...), anchorHoriz='center', anchorVert='center', antialias=True, autoLog=True, bold=False, color=array([1., 1., 1.]), colorSpace='rgb', contrast=1.0, depth=0.0, flipHoriz=False, flipVert=False, font='Arial', fontFiles=[], height=0.07, italic=False, languageStyle='LTR', name='text', opacity=1, ori=0, pos=array([0., 0.]), rgb=UNKNOWN, text=str(...), units='norm', win=Window(...), wrapWidth=1.65)
14.2184 	EXP 	Created text = TextStim(__class__=<class 'psychopy.visual.text.TextStim'>, alignHoriz=method-wrapper(...), alignText='center', alignVert=method-wrapper(...), anchorHoriz='center', anchorVert='center', antialias=True, autoLog=True, bold=False, color=array([1., 1., 1.]), colorSpace='rgb', contrast=1.0, depth=0.0, flipHoriz=False, flipVert=False, font='Arial', fontFiles=[], height=0.07, italic=False, languageStyle='LTR', name='text', opacity=1, ori=0, pos=array([0., 0.]), rgb=UNKNOWN, text=str(...), units='norm', win=Window(...), wrapWidth=1.65)
14.2288 	EXP 	Created text = TextStim(__class__=<class 'psychopy.visual.text.TextStim'>, alignHoriz=method-wrapper(...), alignText='center', alignVert=method-wrapper(...), anchorHoriz='center', anchorVert='center', antialias=True, autoLog=True, bold=False, color=array([1., 1., 1.]), colorSpace='rgb', contrast=1.0, depth=0.0, flipHoriz=False, flipVert=False, font='Arial', fontFiles=[], height=0.07, italic=False, languageStyle='LTR', name='text', opacity=1, ori=0, pos=array([0., 0.]), rgb=UNKNOWN, text=str(...), units='norm', win=Window(...), wrapWidth=1.65)
14.2342 	EXP 	Created text = TextStim(__class__=<class 'psychopy.visual.text.TextStim'>, alignHoriz=method-wrapper(...), alignText='center', alignVert=method-wrapper(...), anchorHoriz='center', anchorVert='center', antialias=True, autoLog=True, bold=False, color=array([1., 1., 1.]), colorSpace='rgb', contrast=1.0, depth=0.0, flipHoriz=False, flipVert=False, font='Arial', fontFiles=[], height=0.07, italic=False, languageStyle='LTR', name='text', opacity=1, ori=0, pos=array([0., 0.]), rgb=UNKNOWN, text=str(...), units='norm', win=Window(...), wrapWidth=1.65)
14.2510 	EXP 	Created text = TextStim(__class__=<class 'psychopy.visual.text.TextStim'>, alignHoriz=method-wrapper(...), alignText='center', alignVert=method-wrapper(...), anchorHoriz='center', anchorVert='center', antialias=True, autoLog=True, bold=False, color=array([1., 1., 1.]), colorSpace='rgb', contrast=1.0, depth=0.0, flipHoriz=False, flipVert=False, font='Arial', fontFiles=[], height=0.15, italic=False, languageStyle='LTR', name='text', opacity=1, ori=0, pos=array([0., 0.]), rgb=UNKNOWN, text=str(...), units='norm', win=Window(...), wrapWidth=1.65)
14.2797 	EXP 	Created text = TextStim(__class__=<class 'psychopy.visual.text.TextStim'>, alignHoriz=method-wrapper(...), alignText='center', alignVert=method-wrapper(...), anchorHoriz='center', anchorVert='center', antialias=True, autoLog=True, bold=False, color=array([1., 1., 1.]), colorSpace='rgb', contrast=1.0, depth=0.0, flipHoriz=False, flipVert=False, font='Arial', fontFiles=[], height=0.07, italic=False, languageStyle='LTR', name='text', opacity=1, ori=0, pos=array([0., 0.]), rgb=UNKNOWN, text=str(...), units='norm', win=Window(...), wrapWidth=1.65)
14.2979 	EXP 	Created text = TextStim(__class__=<class 'psychopy.visual.text.TextStim'>, alignHoriz=method-wrapper(...), alignText='center', alignVert=method-wrapper(...), anchorHoriz='center', anchorVert='center', antialias=True, autoLog=True, bold=False, color=array([1., 1., 1.]), colorSpace='rgb', contrast=1.0, depth=0.0, flipHoriz=False, flipVert=False, font='Arial', fontFiles=[], height=0.07, italic=False, languageStyle='LTR', name='text', opacity=1, ori=0, pos=array([0., 0.]), rgb=UNKNOWN, text=str(...), units='norm', win=Window(...), wrapWidth=1.65)
14.3288 	EXP 	Created text = TextStim(__class__=<class 'psychopy.visual.text.TextStim'>, alignHoriz=method-wrapper(...), alignText='center', alignVert=method-wrapper(...), anchorHoriz='center', anchorVert='center', antialias=True, autoLog=True, bold=False, color=array([1., 1., 1.]), colorSpace='rgb', contrast=1.0, depth=0.0, flipHoriz=False, flipVert=False, font='Arial', fontFiles=[], height=0.07, italic=False, languageStyle='LTR', name='text', opacity=1, ori=0, pos=array([0., 0.]), rgb=UNKNOWN, text=str(...), units='norm', win=Window(...), wrapWidth=1.65)
14.3580 	EXP 	Created text = TextStim(__class__=<class 'psychopy.visual.text.TextStim'>, alignHoriz=method-wrapper(...), alignText='center', alignVert=method-wrapper(...), anchorHoriz='center', anchorVert='center', antialias=True, autoLog=True, bold=False, color=array([1., 1., 1.]), colorSpace='rgb', contrast=1.0, depth=0.0, flipHoriz=False, flipVert=False, font='Arial', fontFiles=[], height=0.07, italic=False, languageStyle='LTR', name='text', opacity=1, ori=0, pos=array([0., 0.]), rgb=UNKNOWN, text=str(...), units='norm', win=Window(...), wrapWidth=1.65)
14.3912 	EXP 	Created text = TextStim(__class__=<class 'psychopy.visual.text.TextStim'>, alignHoriz=method-wrapper(...), alignText='center', alignVert=method-wrapper(...), anchorHoriz='center', anchorVert='center', antialias=True, autoLog=True, bold=False, color=array([1., 1., 1.]), colorSpace='rgb', contrast=1.0, depth=0.0, flipHoriz=False, flipVert=False, font='Arial', fontFiles=[], height=0.07, italic=False, languageStyle='LTR', name='text', opacity=1, ori=0, pos=array([0., 0.]), rgb=UNKNOWN, text=str(...), units='norm', win=Window(...), wrapWidth=1.65)
14.4003 	EXP 	Created text = TextStim(__class__=<class 'psychopy.visual.text.TextStim'>, alignHoriz=method-wrapper(...), alignText='center', alignVert=method-wrapper(...), anchorHoriz='center', anchorVert='center', antialias=True, autoLog=True, bold=False, color=array([1., 1., 1.]), colorSpace='rgb', contrast=1.0, depth=0.0, flipHoriz=False, flipVert=False, font='Arial', fontFiles=[], height=0.07, italic=False, languageStyle='LTR', name='text', opacity=1, ori=0, pos=array([0., 0.]), rgb=UNKNOWN, text=str(...), units='norm', win=Window(...), wrapWidth=1.65)
14.4129 	EXP 	Created text = TextStim(__class__=<class 'psychopy.visual.text.TextStim'>, alignHoriz=method-wrapper(...), alignText='center', alignVert=method-wrapper(...), anchorHoriz='center', anchorVert='center', antialias=True, autoLog=True, bold=False, color=array([1., 1., 1.]), colorSpace='rgb', contrast=1.0, depth=0.0, flipHoriz=False, flipVert=False, font='Arial', fontFiles=[], height=0.07, italic=False, languageStyle='LTR', name='text', opacity=1, ori=0, pos=array([0., 0.]), rgb=UNKNOWN, text=str(...), units='norm', win=Window(...), wrapWidth=1.65)
14.4175 	EXP 	Created instru = TextStim(__class__=<class 'psychopy.visual.text.TextStim'>, alignHoriz=method-wrapper(...), alignText='center', alignVert=method-wrapper(...), anchorHoriz='center', anchorVert='center', antialias=True, autoLog=True, bold=False, color=array([1., 1., 1.]), colorSpace='rgb', contrast=1.0, depth=0.0, flipHoriz=False, flipVert=False, font='Arial', fontFiles=[], height=0.07, italic=False, languageStyle='LTR', name='instru', opacity=1, ori=0, pos=array([0. , 0.5]), rgb=UNKNOWN, text=str(...), units='norm', win=Window(...), wrapWidth=1)
14.4201 	EXP 	Created unnamed Line = Line(__class__=<class 'psychopy.visual.line.Line'>, autoDraw=False, autoLog=True, closeShape=False, color=array([1., 1., 1.]), colorSpace='rgb', contrast=None, depth=0, fillColor=array([0, 0, 0]), fillColorSpace='rgb', fillRGB=array([0, 0, 0]), interpolate=True, lineColor=array([1., 1., 1.]), lineColorSpace='rgb', lineRGB=array([1, 1, 1]), lineWidth=5, name='unnamed Line', opacity=0.5, ori=0.0, pos=array([0., 0.]), size=array([1., 1.]), units='norm', vertices=array([[-0.5,  0. ],
       [ 0.5,  0. ]]), win=Window(...), windingRule=None)
14.4221 	EXP 	Created unnamed Line = Line(__class__=<class 'psychopy.visual.line.Line'>, autoDraw=False, autoLog=True, closeShape=False, color=array([1., 1., 1.]), colorSpace='rgb', contrast=None, depth=0, fillColor=array([0, 0, 0]), fillColorSpace='rgb', fillRGB=array([0, 0, 0]), interpolate=True, lineColor=array([1., 1., 1.]), lineColorSpace='rgb', lineRGB=array([1, 1, 1]), lineWidth=3, name='unnamed Line', opacity=0.5, ori=0.0, pos=array([0., 0.]), size=array([1., 1.]), units='norm', vertices=array([[-0.5 , -0.05],
       [-0.5 ,  0.05]]), win=Window(...), windingRule=None)
14.4241 	EXP 	Created unnamed Line = Line(__class__=<class 'psychopy.visual.line.Line'>, autoDraw=False, autoLog=True, closeShape=False, color=array([1., 1., 1.]), colorSpace='rgb', contrast=None, depth=0, fillColor=array([0, 0, 0]), fillColorSpace='rgb', fillRGB=array([0, 0, 0]), interpolate=True, lineColor=array([1., 1., 1.]), lineColorSpace='rgb', lineRGB=array([1, 1, 1]), lineWidth=3, name='unnamed Line', opacity=0.5, ori=0.0, pos=array([0., 0.]), size=array([1., 1.]), units='norm', vertices=ndarray(...), win=Window(...), windingRule=None)
14.4261 	EXP 	Created unnamed Line = Line(__class__=<class 'psychopy.visual.line.Line'>, autoDraw=False, autoLog=True, closeShape=False, color=array([1., 1., 1.]), colorSpace='rgb', contrast=None, depth=0, fillColor=array([0, 0, 0]), fillColorSpace='rgb', fillRGB=array([0, 0, 0]), interpolate=True, lineColor=array([1., 1., 1.]), lineColorSpace='rgb', lineRGB=array([1, 1, 1]), lineWidth=3, name='unnamed Line', opacity=0.5, ori=0.0, pos=array([0., 0.]), size=array([1., 1.]), units='norm', vertices=ndarray(...), win=Window(...), windingRule=None)
14.4281 	EXP 	Created unnamed Line = Line(__class__=<class 'psychopy.visual.line.Line'>, autoDraw=False, autoLog=True, closeShape=False, color=array([1., 1., 1.]), colorSpace='rgb', contrast=None, depth=0, fillColor=array([0, 0, 0]), fillColorSpace='rgb', fillRGB=array([0, 0, 0]), interpolate=True, lineColor=array([1., 1., 1.]), lineColorSpace='rgb', lineRGB=array([1, 1, 1]), lineWidth=3, name='unnamed Line', opacity=0.5, ori=0.0, pos=array([0., 0.]), size=array([1., 1.]), units='norm', vertices=array([[ 0.5 , -0.05],
       [ 0.5 ,  0.05]]), win=Window(...), windingRule=None)
14.4408 	EXP 	Created unnamed TextStim = TextStim(__class__=<class 'psychopy.visual.text.TextStim'>, alignHoriz=method-wrapper(...), alignText='center', alignVert=method-wrapper(...), anchorHoriz='center', anchorVert='center', antialias=True, autoLog=True, bold=False, color=array([1., 1., 1.]), colorSpace='rgb', contrast=1.0, depth=0, flipHoriz=False, flipVert=False, font='', fontFiles=[], height=0.05, italic=False, languageStyle='LTR', name='unnamed TextStim', opacity=1.0, ori=0.0, pos=array([-0.5, -0.1]), rgb=UNKNOWN, text='Clearly \n NOT FOCUSED', units='norm', win=Window(...), wrapWidth=1)
14.4419 	EXP 	Created unnamed TextStim = TextStim(__class__=<class 'psychopy.visual.text.TextStim'>, alignHoriz=method-wrapper(...), alignText='center', alignVert=method-wrapper(...), anchorHoriz='center', anchorVert='center', antialias=True, autoLog=True, bold=False, color=array([1., 1., 1.]), colorSpace='rgb', contrast=1.0, depth=0, flipHoriz=False, flipVert=False, font='', fontFiles=[], height=0.05, italic=False, languageStyle='LTR', name='unnamed TextStim', opacity=1.0, ori=0.0, pos=array([-0.16666667, -0.1       ]), rgb=UNKNOWN, text='', units='norm', win=Window(...), wrapWidth=1)
14.4429 	EXP 	Created unnamed TextStim = TextStim(__class__=<class 'psychopy.visual.text.TextStim'>, alignHoriz=method-wrapper(...), alignText='center', alignVert=method-wrapper(...), anchorHoriz='center', anchorVert='center', antialias=True, autoLog=True, bold=False, color=array([1., 1., 1.]), colorSpace='rgb', contrast=1.0, depth=0, flipHoriz=False, flipVert=False, font='', fontFiles=[], height=0.05, italic=False, languageStyle='LTR', name='unnamed TextStim', opacity=1.0, ori=0.0, pos=array([ 0.16666667, -0.1       ]), rgb=UNKNOWN, text='', units='norm', win=Window(...), wrapWidth=1)
14.4463 	EXP 	Created unnamed TextStim = TextStim(__class__=<class 'psychopy.visual.text.TextStim'>, alignHoriz=method-wrapper(...), alignText='center', alignVert=method-wrapper(...), anchorHoriz='center', anchorVert='center', antialias=True, autoLog=True, bold=False, color=array([1., 1., 1.]), colorSpace='rgb', contrast=1.0, depth=0, flipHoriz=False, flipVert=False, font='', fontFiles=[], height=0.05, italic=False, languageStyle='LTR', name='unnamed TextStim', opacity=1.0, ori=0.0, pos=array([ 0.5, -0.1]), rgb=UNKNOWN, text='Clearly \n FOCUSED', units='norm', win=Window(...), wrapWidth=1)
14.4481 	EXP 	Created unnamed ShapeStim = ShapeStim(__class__=<class 'psychopy.visual.shape.ShapeStim'>, autoDraw=False, autoLog=True, closeShape=True, color=method-wrapper(...), colorSpace='rgb', contrast=None, depth=0, fillColor=array([1, 1, 1]), fillColorSpace='rgb', fillRGB=array([1, 1, 1]), interpolate=True, lineColor=array([-1., -1., -1.]), lineColorSpace='rgb', lineRGB=array([-1, -1, -1]), lineWidth=1.5, name='unnamed ShapeStim', opacity=1.0, ori=0.0, pos=array([0., 0.]), size=array([1., 1.]), units='norm', vertices=ndarray(...), win=Window(...), windingRule=None)
14.4566 	EXP 	Created instru = TextStim(__class__=<class 'psychopy.visual.text.TextStim'>, alignHoriz=method-wrapper(...), alignText='center', alignVert=method-wrapper(...), anchorHoriz='center', anchorVert='center', antialias=True, autoLog=True, bold=False, color=array([1., 1., 1.]), colorSpace='rgb', contrast=1.0, depth=0.0, flipHoriz=False, flipVert=False, font='Arial', fontFiles=[], height=0.07, italic=False, languageStyle='LTR', name='instru', opacity=1, ori=0, pos=array([0. , 0.5]), rgb=UNKNOWN, text=str(...), units='norm', win=Window(...), wrapWidth=1)
14.4586 	EXP 	Created unnamed Line = Line(__class__=<class 'psychopy.visual.line.Line'>, autoDraw=False, autoLog=True, closeShape=False, color=array([1., 1., 1.]), colorSpace='rgb', contrast=None, depth=0, fillColor=array([0, 0, 0]), fillColorSpace='rgb', fillRGB=array([0, 0, 0]), interpolate=True, lineColor=array([1., 1., 1.]), lineColorSpace='rgb', lineRGB=array([1, 1, 1]), lineWidth=5, name='unnamed Line', opacity=0.5, ori=0.0, pos=array([0., 0.]), size=array([1., 1.]), units='norm', vertices=array([[-0.5,  0. ],
       [ 0.5,  0. ]]), win=Window(...), windingRule=None)
14.4606 	EXP 	Created unnamed Line = Line(__class__=<class 'psychopy.visual.line.Line'>, autoDraw=False, autoLog=True, closeShape=False, color=array([1., 1., 1.]), colorSpace='rgb', contrast=None, depth=0, fillColor=array([0, 0, 0]), fillColorSpace='rgb', fillRGB=array([0, 0, 0]), interpolate=True, lineColor=array([1., 1., 1.]), lineColorSpace='rgb', lineRGB=array([1, 1, 1]), lineWidth=3, name='unnamed Line', opacity=0.5, ori=0.0, pos=array([0., 0.]), size=array([1., 1.]), units='norm', vertices=array([[-0.5 , -0.05],
       [-0.5 ,  0.05]]), win=Window(...), windingRule=None)
14.4626 	EXP 	Created unnamed Line = Line(__class__=<class 'psychopy.visual.line.Line'>, autoDraw=False, autoLog=True, closeShape=False, color=array([1., 1., 1.]), colorSpace='rgb', contrast=None, depth=0, fillColor=array([0, 0, 0]), fillColorSpace='rgb', fillRGB=array([0, 0, 0]), interpolate=True, lineColor=array([1., 1., 1.]), lineColorSpace='rgb', lineRGB=array([1, 1, 1]), lineWidth=3, name='unnamed Line', opacity=0.5, ori=0.0, pos=array([0., 0.]), size=array([1., 1.]), units='norm', vertices=ndarray(...), win=Window(...), windingRule=None)
14.4645 	EXP 	Created unnamed Line = Line(__class__=<class 'psychopy.visual.line.Line'>, autoDraw=False, autoLog=True, closeShape=False, color=array([1., 1., 1.]), colorSpace='rgb', contrast=None, depth=0, fillColor=array([0, 0, 0]), fillColorSpace='rgb', fillRGB=array([0, 0, 0]), interpolate=True, lineColor=array([1., 1., 1.]), lineColorSpace='rgb', lineRGB=array([1, 1, 1]), lineWidth=3, name='unnamed Line', opacity=0.5, ori=0.0, pos=array([0., 0.]), size=array([1., 1.]), units='norm', vertices=ndarray(...), win=Window(...), windingRule=None)
14.4665 	EXP 	Created unnamed Line = Line(__class__=<class 'psychopy.visual.line.Line'>, autoDraw=False, autoLog=True, closeShape=False, color=array([1., 1., 1.]), colorSpace='rgb', contrast=None, depth=0, fillColor=array([0, 0, 0]), fillColorSpace='rgb', fillRGB=array([0, 0, 0]), interpolate=True, lineColor=array([1., 1., 1.]), lineColorSpace='rgb', lineRGB=array([1, 1, 1]), lineWidth=3, name='unnamed Line', opacity=0.5, ori=0.0, pos=array([0., 0.]), size=array([1., 1.]), units='norm', vertices=array([[ 0.5 , -0.05],
       [ 0.5 ,  0.05]]), win=Window(...), windingRule=None)
14.4721 	EXP 	Created unnamed TextStim = TextStim(__class__=<class 'psychopy.visual.text.TextStim'>, alignHoriz=method-wrapper(...), alignText='center', alignVert=method-wrapper(...), anchorHoriz='center', anchorVert='center', antialias=True, autoLog=True, bold=False, color=array([1., 1., 1.]), colorSpace='rgb', contrast=1.0, depth=0, flipHoriz=False, flipVert=False, font='', fontFiles=[], height=0.05, italic=False, languageStyle='LTR', name='unnamed TextStim', opacity=1.0, ori=0.0, pos=array([-0.5, -0.1]), rgb=UNKNOWN, text='Clearly \n NOTHING', units='norm', win=Window(...), wrapWidth=1)
14.4731 	EXP 	Created unnamed TextStim = TextStim(__class__=<class 'psychopy.visual.text.TextStim'>, alignHoriz=method-wrapper(...), alignText='center', alignVert=method-wrapper(...), anchorHoriz='center', anchorVert='center', antialias=True, autoLog=True, bold=False, color=array([1., 1., 1.]), colorSpace='rgb', contrast=1.0, depth=0, flipHoriz=False, flipVert=False, font='', fontFiles=[], height=0.05, italic=False, languageStyle='LTR', name='unnamed TextStim', opacity=1.0, ori=0.0, pos=array([-0.16666667, -0.1       ]), rgb=UNKNOWN, text='', units='norm', win=Window(...), wrapWidth=1)
14.4741 	EXP 	Created unnamed TextStim = TextStim(__class__=<class 'psychopy.visual.text.TextStim'>, alignHoriz=method-wrapper(...), alignText='center', alignVert=method-wrapper(...), anchorHoriz='center', anchorVert='center', antialias=True, autoLog=True, bold=False, color=array([1., 1., 1.]), colorSpace='rgb', contrast=1.0, depth=0, flipHoriz=False, flipVert=False, font='', fontFiles=[], height=0.05, italic=False, languageStyle='LTR', name='unnamed TextStim', opacity=1.0, ori=0.0, pos=array([ 0.16666667, -0.1       ]), rgb=UNKNOWN, text='', units='norm', win=Window(...), wrapWidth=1)
14.4782 	EXP 	Created unnamed TextStim = TextStim(__class__=<class 'psychopy.visual.text.TextStim'>, alignHoriz=method-wrapper(...), alignText='center', alignVert=method-wrapper(...), anchorHoriz='center', anchorVert='center', antialias=True, autoLog=True, bold=False, color=array([1., 1., 1.]), colorSpace='rgb', contrast=1.0, depth=0, flipHoriz=False, flipVert=False, font='', fontFiles=[], height=0.05, italic=False, languageStyle='LTR', name='unnamed TextStim', opacity=1.0, ori=0.0, pos=array([ 0.5, -0.1]), rgb=UNKNOWN, text='Clearly \n SOMETHING', units='norm', win=Window(...), wrapWidth=1)
14.4801 	EXP 	Created unnamed ShapeStim = ShapeStim(__class__=<class 'psychopy.visual.shape.ShapeStim'>, autoDraw=False, autoLog=True, closeShape=True, color=method-wrapper(...), colorSpace='rgb', contrast=None, depth=0, fillColor=array([1, 1, 1]), fillColorSpace='rgb', fillRGB=array([1, 1, 1]), interpolate=True, lineColor=array([-1., -1., -1.]), lineColorSpace='rgb', lineRGB=array([-1, -1, -1]), lineWidth=1.5, name='unnamed ShapeStim', opacity=1.0, ori=0.0, pos=array([0., 0.]), size=array([1., 1.]), units='norm', vertices=ndarray(...), win=Window(...), windingRule=None)
14.4867 	EXP 	Created instru = TextStim(__class__=<class 'psychopy.visual.text.TextStim'>, alignHoriz=method-wrapper(...), alignText='center', alignVert=method-wrapper(...), anchorHoriz='center', anchorVert='center', antialias=True, autoLog=True, bold=False, color=array([1., 1., 1.]), colorSpace='rgb', contrast=1.0, depth=0.0, flipHoriz=False, flipVert=False, font='Arial', fontFiles=[], height=0.07, italic=False, languageStyle='LTR', name='instru', opacity=1, ori=0, pos=array([0. , 0.5]), rgb=UNKNOWN, text=str(...), units='norm', win=Window(...), wrapWidth=1)
14.4887 	EXP 	Created unnamed Line = Line(__class__=<class 'psychopy.visual.line.Line'>, autoDraw=False, autoLog=True, closeShape=False, color=array([1., 1., 1.]), colorSpace='rgb', contrast=None, depth=0, fillColor=array([0, 0, 0]), fillColorSpace='rgb', fillRGB=array([0, 0, 0]), interpolate=True, lineColor=array([1., 1., 1.]), lineColorSpace='rgb', lineRGB=array([1, 1, 1]), lineWidth=5, name='unnamed Line', opacity=0.5, ori=0.0, pos=array([0., 0.]), size=array([1., 1.]), units='norm', vertices=array([[-0.5,  0. ],
       [ 0.5,  0. ]]), win=Window(...), windingRule=None)
14.4907 	EXP 	Created unnamed Line = Line(__class__=<class 'psychopy.visual.line.Line'>, autoDraw=False, autoLog=True, closeShape=False, color=array([1., 1., 1.]), colorSpace='rgb', contrast=None, depth=0, fillColor=array([0, 0, 0]), fillColorSpace='rgb', fillRGB=array([0, 0, 0]), interpolate=True, lineColor=array([1., 1., 1.]), lineColorSpace='rgb', lineRGB=array([1, 1, 1]), lineWidth=3, name='unnamed Line', opacity=0.5, ori=0.0, pos=array([0., 0.]), size=array([1., 1.]), units='norm', vertices=array([[-0.5 , -0.05],
       [-0.5 ,  0.05]]), win=Window(...), windingRule=None)
14.4926 	EXP 	Created unnamed Line = Line(__class__=<class 'psychopy.visual.line.Line'>, autoDraw=False, autoLog=True, closeShape=False, color=array([1., 1., 1.]), colorSpace='rgb', contrast=None, depth=0, fillColor=array([0, 0, 0]), fillColorSpace='rgb', fillRGB=array([0, 0, 0]), interpolate=True, lineColor=array([1., 1., 1.]), lineColorSpace='rgb', lineRGB=array([1, 1, 1]), lineWidth=3, name='unnamed Line', opacity=0.5, ori=0.0, pos=array([0., 0.]), size=array([1., 1.]), units='norm', vertices=ndarray(...), win=Window(...), windingRule=None)
14.4946 	EXP 	Created unnamed Line = Line(__class__=<class 'psychopy.visual.line.Line'>, autoDraw=False, autoLog=True, closeShape=False, color=array([1., 1., 1.]), colorSpace='rgb', contrast=None, depth=0, fillColor=array([0, 0, 0]), fillColorSpace='rgb', fillRGB=array([0, 0, 0]), interpolate=True, lineColor=array([1., 1., 1.]), lineColorSpace='rgb', lineRGB=array([1, 1, 1]), lineWidth=3, name='unnamed Line', opacity=0.5, ori=0.0, pos=array([0., 0.]), size=array([1., 1.]), units='norm', vertices=ndarray(...), win=Window(...), windingRule=None)
14.4965 	EXP 	Created unnamed Line = Line(__class__=<class 'psychopy.visual.line.Line'>, autoDraw=False, autoLog=True, closeShape=False, color=array([1., 1., 1.]), colorSpace='rgb', contrast=None, depth=0, fillColor=array([0, 0, 0]), fillColorSpace='rgb', fillRGB=array([0, 0, 0]), interpolate=True, lineColor=array([1., 1., 1.]), lineColorSpace='rgb', lineRGB=array([1, 1, 1]), lineWidth=3, name='unnamed Line', opacity=0.5, ori=0.0, pos=array([0., 0.]), size=array([1., 1.]), units='norm', vertices=array([[ 0.5 , -0.05],
       [ 0.5 ,  0.05]]), win=Window(...), windingRule=None)
14.5017 	EXP 	Created unnamed TextStim = TextStim(__class__=<class 'psychopy.visual.text.TextStim'>, alignHoriz=method-wrapper(...), alignText='center', alignVert=method-wrapper(...), anchorHoriz='center', anchorVert='center', antialias=True, autoLog=True, bold=False, color=array([1., 1., 1.]), colorSpace='rgb', contrast=1.0, depth=0, flipHoriz=False, flipVert=False, font='', fontFiles=[], height=0.05, italic=False, languageStyle='LTR', name='unnamed TextStim', opacity=1.0, ori=0.0, pos=array([-0.5, -0.1]), rgb=UNKNOWN, text='Clearly \n SPONTANEOUS', units='norm', win=Window(...), wrapWidth=1)
14.5028 	EXP 	Created unnamed TextStim = TextStim(__class__=<class 'psychopy.visual.text.TextStim'>, alignHoriz=method-wrapper(...), alignText='center', alignVert=method-wrapper(...), anchorHoriz='center', anchorVert='center', antialias=True, autoLog=True, bold=False, color=array([1., 1., 1.]), colorSpace='rgb', contrast=1.0, depth=0, flipHoriz=False, flipVert=False, font='', fontFiles=[], height=0.05, italic=False, languageStyle='LTR', name='unnamed TextStim', opacity=1.0, ori=0.0, pos=array([-0.16666667, -0.1       ]), rgb=UNKNOWN, text='', units='norm', win=Window(...), wrapWidth=1)
14.5040 	EXP 	Created unnamed TextStim = TextStim(__class__=<class 'psychopy.visual.text.TextStim'>, alignHoriz=method-wrapper(...), alignText='center', alignVert=method-wrapper(...), anchorHoriz='center', anchorVert='center', antialias=True, autoLog=True, bold=False, color=array([1., 1., 1.]), colorSpace='rgb', contrast=1.0, depth=0, flipHoriz=False, flipVert=False, font='', fontFiles=[], height=0.05, italic=False, languageStyle='LTR', name='unnamed TextStim', opacity=1.0, ori=0.0, pos=array([ 0.16666667, -0.1       ]), rgb=UNKNOWN, text='', units='norm', win=Window(...), wrapWidth=1)
14.5096 	EXP 	Created unnamed TextStim = TextStim(__class__=<class 'psychopy.visual.text.TextStim'>, alignHoriz=method-wrapper(...), alignText='center', alignVert=method-wrapper(...), anchorHoriz='center', anchorVert='center', antialias=True, autoLog=True, bold=False, color=array([1., 1., 1.]), colorSpace='rgb', contrast=1.0, depth=0, flipHoriz=False, flipVert=False, font='', fontFiles=[], height=0.05, italic=False, languageStyle='LTR', name='unnamed TextStim', opacity=1.0, ori=0.0, pos=array([ 0.5, -0.1]), rgb=UNKNOWN, text='Clearly \n DELIBERATE', units='norm', win=Window(...), wrapWidth=1)
14.5113 	EXP 	Created unnamed ShapeStim = ShapeStim(__class__=<class 'psychopy.visual.shape.ShapeStim'>, autoDraw=False, autoLog=True, closeShape=True, color=method-wrapper(...), colorSpace='rgb', contrast=None, depth=0, fillColor=array([1, 1, 1]), fillColorSpace='rgb', fillRGB=array([1, 1, 1]), interpolate=True, lineColor=array([-1., -1., -1.]), lineColorSpace='rgb', lineRGB=array([-1, -1, -1]), lineWidth=1.5, name='unnamed ShapeStim', opacity=1.0, ori=0.0, pos=array([0., 0.]), size=array([1., 1.]), units='norm', vertices=ndarray(...), win=Window(...), windingRule=None)
14.5622 	EXP 	Sound  set volume 1.000
14.5980 	EXP 	unnamed ShapeStim: vertices = <class 'numpy.ndarray'>
14.5980 	EXP 	unnamed ShapeStim: vertices = <class 'numpy.ndarray'>
14.5980 	EXP 	unnamed ShapeStim: vertices = <class 'numpy.ndarray'>
331.1590 	DATA 	Keypress: space
331.7018 	EXP 	Sound  started
331.9908 	DATA 	Keypress: rctrl
332.4518 	EXP 	Sound  started
332.4548 	DATA 	Keypress: rctrl
333.0628 	DATA 	Keypress: rctrl
333.2018 	EXP 	Sound  started
333.7028 	DATA 	Keypress: rctrl
333.9518 	EXP 	Sound  started
334.3108 	DATA 	Keypress: rctrl
334.7018 	EXP 	Sound  started
334.9509 	DATA 	Keypress: rctrl
335.4518 	EXP 	Sound  started
335.7028 	DATA 	Keypress: rctrl
336.2018 	EXP 	Sound  started
336.5988 	DATA 	Keypress: rctrl
336.9518 	EXP 	Sound  started
337.2708 	DATA 	Keypress: rctrl
337.7019 	EXP 	Sound  started
338.0868 	DATA 	Keypress: rctrl
338.4519 	EXP 	Sound  started
338.7268 	DATA 	Keypress: rctrl
339.2019 	EXP 	Sound  started
339.4788 	DATA 	Keypress: rctrl
339.9519 	EXP 	Sound  started
340.2948 	DATA 	Keypress: rctrl
340.7019 	EXP 	Sound  started
340.9507 	DATA 	Keypress: rctrl
341.4519 	EXP 	Sound  started
341.7028 	DATA 	Keypress: rctrl
342.2020 	EXP 	Sound  started
342.4228 	DATA 	Keypress: rctrl
342.9520 	EXP 	Sound  started
343.1748 	DATA 	Keypress: rctrl
343.7020 	EXP 	Sound  started
343.8948 	DATA 	Keypress: rctrl
344.4520 	EXP 	Sound  started
344.6628 	DATA 	Keypress: rctrl
345.2020 	EXP 	Sound  started
345.4148 	DATA 	Keypress: rctrl
345.9520 	EXP 	Sound  started
346.1988 	DATA 	Keypress: rctrl
346.7021 	EXP 	Sound  started
346.9508 	DATA 	Keypress: rctrl
347.4521 	EXP 	Sound  started
347.7508 	DATA 	Keypress: rctrl
348.2021 	EXP 	Sound  started
348.5187 	DATA 	Keypress: rctrl
348.9521 	EXP 	Sound  started
349.2549 	DATA 	Keypress: rctrl
349.7021 	EXP 	Sound  started
350.0068 	DATA 	Keypress: rctrl
350.4521 	EXP 	Sound  started
350.8548 	DATA 	Keypress: rctrl
351.2021 	EXP 	Sound  started
351.6068 	DATA 	Keypress: rctrl
351.9522 	EXP 	Sound  started
352.4068 	DATA 	Keypress: rctrl
352.7022 	EXP 	Sound  started
353.2228 	DATA 	Keypress: rctrl
353.4522 	EXP 	Sound  started
353.9588 	DATA 	Keypress: rctrl
354.2022 	EXP 	Sound  started
354.6468 	DATA 	Keypress: rctrl
354.9522 	EXP 	Sound  started
355.4147 	DATA 	Keypress: rctrl
355.7023 	EXP 	Sound  started
356.1670 	DATA 	Keypress: rctrl
356.4523 	EXP 	Sound  started
356.9028 	DATA 	Keypress: rctrl
357.2023 	EXP 	Sound  started
357.6228 	DATA 	Keypress: rctrl
357.9523 	EXP 	Sound  started
358.3268 	DATA 	Keypress: rctrl
358.7023 	EXP 	Sound  started
359.0788 	DATA 	Keypress: rctrl
359.4523 	EXP 	Sound  started
359.8149 	DATA 	Keypress: rctrl
360.2023 	EXP 	Sound  started
360.5348 	DATA 	Keypress: rctrl
360.9524 	EXP 	Sound  started
361.3508 	DATA 	Keypress: rctrl
361.7024 	EXP 	Sound  started
362.0548 	DATA 	Keypress: rctrl
362.4524 	EXP 	Sound  started
362.7428 	DATA 	Keypress: rctrl
363.2024 	EXP 	Sound  started
363.5428 	DATA 	Keypress: rctrl
363.9524 	EXP 	Sound  started
364.2788 	DATA 	Keypress: rctrl
364.7024 	EXP 	Sound  started
365.0787 	DATA 	Keypress: rctrl
365.4525 	EXP 	Sound  started
365.8468 	DATA 	Keypress: rctrl
366.2025 	EXP 	Sound  started
366.5668 	DATA 	Keypress: rctrl
366.9525 	EXP 	Sound  started
367.3508 	DATA 	Keypress: rctrl
367.7025 	EXP 	Sound  started
368.1188 	DATA 	Keypress: rctrl
368.4525 	EXP 	Sound  started
368.8548 	DATA 	Keypress: rctrl
369.2025 	EXP 	Sound  started
369.6388 	DATA 	Keypress: rctrl
369.9526 	EXP 	Sound  started
370.3908 	DATA 	Keypress: rctrl
370.7026 	EXP 	Sound  started
371.1107 	DATA 	Keypress: rctrl
371.4526 	EXP 	Sound  started
371.8788 	DATA 	Keypress: rctrl
372.2026 	EXP 	Sound  started
372.6308 	DATA 	Keypress: rctrl
372.9526 	EXP 	Sound  started
373.3668 	DATA 	Keypress: rctrl
373.7026 	EXP 	Sound  started
374.1828 	DATA 	Keypress: rctrl
374.4526 	EXP 	Sound  started
374.8867 	DATA 	Keypress: rctrl
375.2027 	EXP 	Sound  started
375.7347 	DATA 	Keypress: rctrl
375.9527 	EXP 	Sound  started
376.4388 	DATA 	Keypress: rctrl
376.7027 	EXP 	Sound  started
377.1428 	DATA 	Keypress: rctrl
377.4527 	EXP 	Sound  started
377.9428 	DATA 	Keypress: rctrl
378.2027 	EXP 	Sound  started
378.6627 	DATA 	Keypress: rctrl
378.9527 	EXP 	Sound  started
379.3668 	DATA 	Keypress: rctrl
379.7028 	EXP 	Sound  started
380.1028 	DATA 	Keypress: rctrl
380.4528 	EXP 	Sound  started
380.8707 	DATA 	Keypress: rctrl
381.2028 	EXP 	Sound  started
381.5588 	DATA 	Keypress: rctrl
381.9528 	EXP 	Sound  started
382.2787 	DATA 	Keypress: rctrl
382.7028 	EXP 	Sound  started
382.9507 	DATA 	Keypress: rctrl
383.4528 	EXP 	Sound  started
383.7028 	DATA 	Keypress: rctrl
384.2028 	EXP 	Sound  started
384.4067 	DATA 	Keypress: rctrl
384.9529 	EXP 	Sound  started
385.1747 	DATA 	Keypress: rctrl
385.7029 	EXP 	Sound  started
385.9108 	DATA 	Keypress: rctrl
386.4529 	EXP 	Sound  started
386.6627 	DATA 	Keypress: rctrl
387.2029 	EXP 	Sound  started
387.4308 	DATA 	Keypress: rctrl
387.9529 	EXP 	Sound  started
387.9908 	DATA 	Keypress: rctrl
388.7029 	EXP 	Sound  started
388.8067 	DATA 	Keypress: rctrl
389.4530 	EXP 	Sound  started
389.7508 	DATA 	Keypress: rctrl
390.2030 	EXP 	Sound  started
390.4867 	DATA 	Keypress: rctrl
390.9530 	EXP 	Sound  started
391.2708 	DATA 	Keypress: rctrl
391.7030 	EXP 	Sound  started
392.0068 	DATA 	Keypress: rctrl
392.4530 	EXP 	Sound  started
392.7267 	DATA 	Keypress: rctrl
393.2030 	EXP 	Sound  started
393.4307 	DATA 	Keypress: rctrl
393.9530 	EXP 	Sound  started
394.1667 	DATA 	Keypress: rctrl
394.7427 	EXP 	unnamed TextStim: text = ''
394.7427 	EXP 	unnamed TextStim: text = ''
394.8600 	DATA 	Keypress: rctrl
396.9279 	DATA 	Keypress: 4
396.9444 	EXP 	unnamed ShapeStim: vertices = <class 'numpy.ndarray'>
398.4795 	EXP 	unnamed TextStim: text = ''
398.4795 	EXP 	unnamed TextStim: text = ''
399.4633 	DATA 	Keypress: 1
399.4798 	EXP 	unnamed ShapeStim: vertices = <class 'numpy.ndarray'>
401.0144 	EXP 	unnamed TextStim: text = ''
401.0144 	EXP 	unnamed TextStim: text = ''
401.3191 	DATA 	Keypress: 4
401.3485 	EXP 	unnamed ShapeStim: vertices = <class 'numpy.ndarray'>
403.6331 	EXP 	Sound  started
403.8468 	DATA 	Keypress: rctrl
404.3588 	DATA 	Keypress: rctrl
404.3830 	EXP 	Sound  started
404.9347 	DATA 	Keypress: rctrl
405.1331 	EXP 	Sound  started
405.5587 	DATA 	Keypress: rctrl
405.8831 	EXP 	Sound  started
406.2468 	DATA 	Keypress: rctrl
406.6331 	EXP 	Sound  started
406.9507 	DATA 	Keypress: rctrl
407.3831 	EXP 	Sound  started
407.5427 	DATA 	Keypress: rctrl
408.1331 	EXP 	Sound  started
408.2627 	DATA 	Keypress: rctrl
408.8831 	EXP 	Sound  started
408.9507 	DATA 	Keypress: rctrl
409.6227 	DATA 	Keypress: rctrl
409.6331 	EXP 	Sound  started
410.3108 	DATA 	Keypress: rctrl
410.3831 	EXP 	Sound  started
411.0147 	DATA 	Keypress: rctrl
411.1332 	EXP 	Sound  started
411.6707 	DATA 	Keypress: rctrl
411.8832 	EXP 	Sound  started
412.3108 	DATA 	Keypress: rctrl
412.6332 	EXP 	Sound  started
412.9827 	DATA 	Keypress: rctrl
413.3832 	EXP 	Sound  started
413.7188 	DATA 	Keypress: rctrl
414.1332 	EXP 	Sound  started
414.3907 	DATA 	Keypress: rctrl
414.8833 	EXP 	Sound  started
415.1108 	DATA 	Keypress: rctrl
415.6333 	EXP 	Sound  started
415.8467 	DATA 	Keypress: rctrl
416.3833 	EXP 	Sound  started
416.5507 	DATA 	Keypress: rctrl
417.1333 	EXP 	Sound  started
417.2547 	DATA 	Keypress: rctrl
417.8833 	EXP 	Sound  started
417.9107 	DATA 	Keypress: rctrl
418.6333 	EXP 	Sound  started
418.6467 	DATA 	Keypress: rctrl
419.3187 	DATA 	Keypress: rctrl
419.3833 	EXP 	Sound  started
419.9908 	DATA 	Keypress: rctrl
420.1334 	EXP 	Sound  started
420.5988 	DATA 	Keypress: rctrl
420.8834 	EXP 	Sound  started
421.3187 	DATA 	Keypress: rctrl
421.6334 	EXP 	Sound  started
422.0067 	DATA 	Keypress: rctrl
422.3834 	EXP 	Sound  started
422.6947 	DATA 	Keypress: rctrl
423.1334 	EXP 	Sound  started
423.3827 	DATA 	Keypress: rctrl
423.8834 	EXP 	Sound  started
424.1027 	DATA 	Keypress: rctrl
424.6334 	EXP 	Sound  started
424.8227 	DATA 	Keypress: rctrl
425.3835 	EXP 	Sound  started
425.5107 	DATA 	Keypress: rctrl
426.1335 	EXP 	Sound  started
426.1828 	DATA 	Keypress: rctrl
426.8707 	DATA 	Keypress: rctrl
426.8835 	EXP 	Sound  started
427.5107 	DATA 	Keypress: rctrl
427.6335 	EXP 	Sound  started
428.1508 	DATA 	Keypress: rctrl
428.3835 	EXP 	Sound  started
428.7907 	DATA 	Keypress: rctrl
429.1335 	EXP 	Sound  started
429.4307 	DATA 	Keypress: rctrl
429.8836 	EXP 	Sound  started
430.0868 	DATA 	Keypress: rctrl
430.6336 	EXP 	Sound  started
430.7108 	DATA 	Keypress: rctrl
431.3028 	DATA 	Keypress: rctrl
431.3836 	EXP 	Sound  started
431.9107 	DATA 	Keypress: rctrl
432.1336 	EXP 	Sound  started
432.5347 	DATA 	Keypress: rctrl
432.8836 	EXP 	Sound  started
433.1907 	DATA 	Keypress: rctrl
433.6336 	EXP 	Sound  started
433.9108 	DATA 	Keypress: rctrl
434.3836 	EXP 	Sound  started
434.5667 	DATA 	Keypress: rctrl
435.1337 	EXP 	Sound  started
435.1748 	DATA 	Keypress: rctrl
435.8148 	DATA 	Keypress: rctrl
435.8837 	EXP 	Sound  started
436.4227 	DATA 	Keypress: rctrl
436.6337 	EXP 	Sound  started
437.0788 	DATA 	Keypress: rctrl
437.3837 	EXP 	Sound  started
437.7027 	DATA 	Keypress: rctrl
438.1337 	EXP 	Sound  started
438.3587 	DATA 	Keypress: rctrl
438.8837 	EXP 	Sound  started
439.0947 	DATA 	Keypress: rctrl
439.6337 	EXP 	Sound  started
439.7507 	DATA 	Keypress: rctrl
440.3838 	EXP 	Sound  started
440.5507 	DATA 	Keypress: rctrl
441.1338 	EXP 	Sound  started
441.1747 	DATA 	Keypress: rctrl
441.8838 	EXP 	Sound  started
441.9268 	DATA 	Keypress: rctrl
442.5827 	DATA 	Keypress: rctrl
442.6338 	EXP 	Sound  started
443.1587 	DATA 	Keypress: rctrl
443.3838 	EXP 	Sound  started
443.8307 	DATA 	Keypress: rctrl
444.1338 	EXP 	Sound  started
444.4867 	DATA 	Keypress: rctrl
444.8838 	EXP 	Sound  started
445.1268 	DATA 	Keypress: rctrl
448.1198 	DATA 	Keypress: 3
448.1363 	EXP 	unnamed ShapeStim: vertices = <class 'numpy.ndarray'>
450.9723 	DATA 	Keypress: 2
450.9887 	EXP 	unnamed ShapeStim: vertices = <class 'numpy.ndarray'>
453.4246 	DATA 	Keypress: 4
453.4412 	EXP 	unnamed ShapeStim: vertices = <class 'numpy.ndarray'>
455.7262 	EXP 	Sound  started
455.7267 	DATA 	Keypress: rctrl
456.3107 	DATA 	Keypress: rctrl
456.4762 	EXP 	Sound  started
456.9347 	DATA 	Keypress: rctrl
457.2262 	EXP 	Sound  started
457.5587 	DATA 	Keypress: rctrl
457.9762 	EXP 	Sound  started
458.2947 	DATA 	Keypress: rctrl
458.7262 	EXP 	Sound  started
458.9507 	DATA 	Keypress: rctrl
459.4763 	EXP 	Sound  started
459.6707 	DATA 	Keypress: rctrl
460.2263 	EXP 	Sound  started
460.3907 	DATA 	Keypress: rctrl
460.9763 	EXP 	Sound  started
461.0307 	DATA 	Keypress: rctrl
461.7187 	DATA 	Keypress: rctrl
461.7263 	EXP 	Sound  started
462.3747 	DATA 	Keypress: rctrl
462.4763 	EXP 	Sound  started
463.0308 	DATA 	Keypress: rctrl
463.2263 	EXP 	Sound  started
463.6548 	DATA 	Keypress: rctrl
463.9764 	EXP 	Sound  started
464.2947 	DATA 	Keypress: rctrl
464.7264 	EXP 	Sound  started
465.0787 	DATA 	Keypress: rctrl
465.4764 	EXP 	Sound  started
465.7347 	DATA 	Keypress: rctrl
466.2264 	EXP 	Sound  started
466.4227 	DATA 	Keypress: rctrl
466.9764 	EXP 	Sound  started
467.1107 	DATA 	Keypress: rctrl
467.7264 	EXP 	Sound  started
467.7826 	DATA 	Keypress: rctrl
468.4068 	DATA 	Keypress: rctrl
468.4765 	EXP 	Sound  started
469.0947 	DATA 	Keypress: rctrl
469.2265 	EXP 	Sound  started
469.7987 	DATA 	Keypress: rctrl
469.9765 	EXP 	Sound  started
470.5987 	DATA 	Keypress: rctrl
470.7265 	EXP 	Sound  started
471.3027 	DATA 	Keypress: rctrl
471.4765 	EXP 	Sound  started
471.9586 	DATA 	Keypress: rctrl
472.2265 	EXP 	Sound  started
472.6467 	DATA 	Keypress: rctrl
472.9766 	EXP 	Sound  started
473.3187 	DATA 	Keypress: rctrl
473.7266 	EXP 	Sound  started
474.0867 	DATA 	Keypress: rctrl
474.4766 	EXP 	Sound  started
474.7107 	DATA 	Keypress: rctrl
475.2266 	EXP 	Sound  started
475.3987 	DATA 	Keypress: rctrl
475.9587 	DATA 	Keypress: rctrl
475.9766 	EXP 	Sound  started
476.6147 	DATA 	Keypress: rctrl
476.7266 	EXP 	Sound  started
477.2547 	DATA 	Keypress: rctrl
477.4766 	EXP 	Sound  started
477.7987 	DATA 	Keypress: rctrl
478.2267 	EXP 	Sound  started
478.4707 	DATA 	Keypress: rctrl
478.9767 	EXP 	Sound  started
479.1267 	DATA 	Keypress: rctrl
479.7267 	EXP 	Sound  started
479.7827 	DATA 	Keypress: rctrl
480.3907 	DATA 	Keypress: rctrl
480.4767 	EXP 	Sound  started
480.9987 	DATA 	Keypress: rctrl
481.2267 	EXP 	Sound  started
481.6386 	DATA 	Keypress: rctrl
481.9767 	EXP 	Sound  started
482.2627 	DATA 	Keypress: rctrl
482.7267 	EXP 	Sound  started
482.9027 	DATA 	Keypress: rctrl
483.4467 	DATA 	Keypress: rctrl
483.4768 	EXP 	Sound  started
484.0707 	DATA 	Keypress: rctrl
484.2268 	EXP 	Sound  started
484.5987 	DATA 	Keypress: rctrl
484.9768 	EXP 	Sound  started
485.2707 	DATA 	Keypress: rctrl
485.7268 	EXP 	Sound  started
485.8467 	DATA 	Keypress: rctrl
486.4768 	EXP 	Sound  started
486.5187 	DATA 	Keypress: rctrl
487.1267 	DATA 	Keypress: rctrl
487.2268 	EXP 	Sound  started
487.7506 	DATA 	Keypress: rctrl
487.9768 	EXP 	Sound  started
488.4867 	DATA 	Keypress: rctrl
488.7269 	EXP 	Sound  started
489.0787 	DATA 	Keypress: rctrl
489.4769 	EXP 	Sound  started
489.7507 	DATA 	Keypress: rctrl
490.2269 	EXP 	Sound  started
490.3587 	DATA 	Keypress: rctrl
490.9769 	EXP 	Sound  started
491.0147 	DATA 	Keypress: rctrl
491.5747 	DATA 	Keypress: rctrl
491.7269 	EXP 	Sound  started
492.2147 	DATA 	Keypress: rctrl
492.4769 	EXP 	Sound  started
492.9187 	DATA 	Keypress: rctrl
493.2269 	EXP 	Sound  started
493.5747 	DATA 	Keypress: rctrl
493.9770 	EXP 	Sound  started
494.2307 	DATA 	Keypress: rctrl
494.7270 	EXP 	Sound  started
494.9026 	DATA 	Keypress: rctrl
495.4770 	EXP 	Sound  started
495.5587 	DATA 	Keypress: rctrl
496.1827 	DATA 	Keypress: rctrl
496.2270 	EXP 	Sound  started
496.7907 	DATA 	Keypress: rctrl
496.9770 	EXP 	Sound  started
497.4627 	DATA 	Keypress: rctrl
497.7270 	EXP 	Sound  started
498.1026 	DATA 	Keypress: rctrl
498.4770 	EXP 	Sound  started
498.8227 	DATA 	Keypress: rctrl
499.2271 	EXP 	Sound  started
499.4467 	DATA 	Keypress: rctrl
499.9771 	EXP 	Sound  started
500.1987 	DATA 	Keypress: rctrl
500.7271 	EXP 	Sound  started
500.8387 	DATA 	Keypress: rctrl
501.4771 	EXP 	Sound  started
501.5266 	DATA 	Keypress: rctrl
502.1987 	DATA 	Keypress: rctrl
502.2271 	EXP 	Sound  started
502.8067 	DATA 	Keypress: rctrl
502.9771 	EXP 	Sound  started
503.5106 	DATA 	Keypress: rctrl
503.7271 	EXP 	Sound  started
504.1827 	DATA 	Keypress: rctrl
504.4772 	EXP 	Sound  started
504.8866 	DATA 	Keypress: rctrl
505.2272 	EXP 	Sound  started
505.5267 	DATA 	Keypress: rctrl
505.9772 	EXP 	Sound  started
506.2468 	DATA 	Keypress: rctrl
506.8893 	DATA 	Keypress: rctrl
508.7862 	DATA 	Keypress: 3
508.8027 	EXP 	unnamed ShapeStim: vertices = <class 'numpy.ndarray'>
511.5755 	DATA 	Keypress: 2
511.6050 	EXP 	unnamed ShapeStim: vertices = <class 'numpy.ndarray'>
513.3904 	DATA 	Keypress: 3
513.4070 	EXP 	unnamed ShapeStim: vertices = <class 'numpy.ndarray'>
515.6922 	EXP 	Sound  started
515.6925 	DATA 	Keypress: rctrl
516.0227 	DATA 	Keypress: rctrl
516.4422 	EXP 	Sound  started
516.8227 	DATA 	Keypress: rctrl
517.1923 	EXP 	Sound  started
517.5107 	DATA 	Keypress: rctrl
517.9423 	EXP 	Sound  started
518.1986 	DATA 	Keypress: rctrl
518.6923 	EXP 	Sound  started
518.9186 	DATA 	Keypress: rctrl
519.4423 	EXP 	Sound  started
519.6707 	DATA 	Keypress: rctrl
520.1923 	EXP 	Sound  started
520.4067 	DATA 	Keypress: rctrl
520.9423 	EXP 	Sound  started
521.0947 	DATA 	Keypress: rctrl
521.6924 	EXP 	Sound  started
521.8306 	DATA 	Keypress: rctrl
522.4424 	EXP 	Sound  started
522.6466 	DATA 	Keypress: rctrl
523.1924 	EXP 	Sound  started
523.3827 	DATA 	Keypress: rctrl
523.9424 	EXP 	Sound  started
524.1506 	DATA 	Keypress: rctrl
524.6924 	EXP 	Sound  started
524.8546 	DATA 	Keypress: rctrl
525.4424 	EXP 	Sound  started
525.5907 	DATA 	Keypress: rctrl
526.1924 	EXP 	Sound  started
526.3107 	DATA 	Keypress: rctrl
526.9425 	EXP 	Sound  started
527.0307 	DATA 	Keypress: rctrl
527.6925 	EXP 	Sound  started
527.7027 	DATA 	Keypress: rctrl
528.3746 	DATA 	Keypress: rctrl
528.4425 	EXP 	Sound  started
529.0307 	DATA 	Keypress: rctrl
529.1925 	EXP 	Sound  started
529.7026 	DATA 	Keypress: rctrl
529.9425 	EXP 	Sound  started
530.3427 	DATA 	Keypress: rctrl
530.6925 	EXP 	Sound  started
531.0148 	DATA 	Keypress: rctrl
531.4426 	EXP 	Sound  started
531.7026 	DATA 	Keypress: rctrl
532.1926 	EXP 	Sound  started
532.4226 	DATA 	Keypress: rctrl
532.9426 	EXP 	Sound  started
533.3027 	DATA 	Keypress: rctrl
533.6926 	EXP 	Sound  started
534.0387 	DATA 	Keypress: rctrl
534.4426 	EXP 	Sound  started
534.7907 	DATA 	Keypress: rctrl
535.1926 	EXP 	Sound  started
535.5107 	DATA 	Keypress: rctrl
535.9426 	EXP 	Sound  started
536.2307 	DATA 	Keypress: rctrl
536.6927 	EXP 	Sound  started
537.0466 	DATA 	Keypress: rctrl
537.4427 	EXP 	Sound  started
537.7186 	DATA 	Keypress: rctrl
538.1927 	EXP 	Sound  started
538.4547 	DATA 	Keypress: rctrl
538.9427 	EXP 	Sound  started
539.1586 	DATA 	Keypress: rctrl
539.6927 	EXP 	Sound  started
539.8947 	DATA 	Keypress: rctrl
540.4427 	EXP 	Sound  started
540.6146 	DATA 	Keypress: rctrl
541.1927 	EXP 	Sound  started
541.3346 	DATA 	Keypress: rctrl
541.9428 	EXP 	Sound  started
542.0547 	DATA 	Keypress: rctrl
542.6787 	DATA 	Keypress: rctrl
542.6928 	EXP 	Sound  started
543.3987 	DATA 	Keypress: rctrl
543.4428 	EXP 	Sound  started
544.1186 	DATA 	Keypress: rctrl
544.1928 	EXP 	Sound  started
544.8226 	DATA 	Keypress: rctrl
544.9428 	EXP 	Sound  started
545.4626 	DATA 	Keypress: rctrl
545.6928 	EXP 	Sound  started
546.2467 	DATA 	Keypress: rctrl
546.4429 	EXP 	Sound  started
546.8707 	DATA 	Keypress: rctrl
547.1929 	EXP 	Sound  started
547.5106 	DATA 	Keypress: rctrl
547.9429 	EXP 	Sound  started
548.2306 	DATA 	Keypress: rctrl
548.6929 	EXP 	Sound  started
548.9187 	DATA 	Keypress: rctrl
549.4429 	EXP 	Sound  started
549.5746 	DATA 	Keypress: rctrl
550.1929 	EXP 	Sound  started
550.2466 	DATA 	Keypress: rctrl
550.9430 	EXP 	Sound  started
550.9826 	DATA 	Keypress: rctrl
551.6930 	EXP 	Sound  started
551.7186 	DATA 	Keypress: rctrl
552.4430 	EXP 	Sound  started
552.5027 	DATA 	Keypress: rctrl
553.1930 	EXP 	Sound  started
553.2066 	DATA 	Keypress: rctrl
553.8467 	DATA 	Keypress: rctrl
553.9430 	EXP 	Sound  started
554.4707 	DATA 	Keypress: rctrl
554.6930 	EXP 	Sound  started
555.1907 	DATA 	Keypress: rctrl
555.4431 	EXP 	Sound  started
555.9266 	DATA 	Keypress: rctrl
556.1931 	EXP 	Sound  started
556.6626 	DATA 	Keypress: rctrl
556.9431 	EXP 	Sound  started
557.3187 	DATA 	Keypress: rctrl
557.6931 	EXP 	Sound  started
557.9907 	DATA 	Keypress: rctrl
558.4431 	EXP 	Sound  started
558.6307 	DATA 	Keypress: rctrl
559.1931 	EXP 	Sound  started
559.3667 	DATA 	Keypress: rctrl
559.9431 	EXP 	Sound  started
560.0386 	DATA 	Keypress: rctrl
560.6932 	EXP 	Sound  started
560.6947 	DATA 	Keypress: rctrl
561.3827 	DATA 	Keypress: rctrl
561.4432 	EXP 	Sound  started
562.1026 	DATA 	Keypress: rctrl
562.1932 	EXP 	Sound  started
562.9186 	DATA 	Keypress: rctrl
562.9432 	EXP 	Sound  started
563.6226 	DATA 	Keypress: rctrl
563.6932 	EXP 	Sound  started
564.2786 	DATA 	Keypress: rctrl
564.4432 	EXP 	Sound  started
565.1746 	DATA 	Keypress: rctrl
566.8170 	DATA 	Keypress: 4
566.8336 	EXP 	unnamed ShapeStim: vertices = <class 'numpy.ndarray'>
568.7019 	DATA 	Keypress: 1
568.7184 	EXP 	unnamed ShapeStim: vertices = <class 'numpy.ndarray'>
570.4873 	DATA 	Keypress: 4
570.5037 	EXP 	unnamed ShapeStim: vertices = <class 'numpy.ndarray'>
572.7880 	EXP 	Sound  started
572.7884 	DATA 	Keypress: lctrl
573.1906 	DATA 	Keypress: lctrl
573.5380 	EXP 	Sound  started
573.9426 	DATA 	Keypress: lctrl
574.2880 	EXP 	Sound  started
574.7746 	DATA 	Keypress: lctrl
575.0380 	EXP 	Sound  started
575.4946 	DATA 	Keypress: lctrl
575.7881 	EXP 	Sound  started
576.2626 	DATA 	Keypress: lctrl
576.5381 	EXP 	Sound  started
577.0146 	DATA 	Keypress: lctrl
577.2881 	EXP 	Sound  started
577.7506 	DATA 	Keypress: lctrl
578.0381 	EXP 	Sound  started
578.4546 	DATA 	Keypress: lctrl
578.7881 	EXP 	Sound  started
579.1586 	DATA 	Keypress: lctrl
579.5381 	EXP 	Sound  started
579.9106 	DATA 	Keypress: lctrl
580.2882 	EXP 	Sound  started
580.6626 	DATA 	Keypress: lctrl
581.0382 	EXP 	Sound  started
581.4307 	DATA 	Keypress: lctrl
581.7882 	EXP 	Sound  started
582.2306 	DATA 	Keypress: lctrl
582.5382 	EXP 	Sound  started
582.9506 	DATA 	Keypress: lctrl
583.2882 	EXP 	Sound  started
583.6067 	DATA 	Keypress: lctrl
584.0382 	EXP 	Sound  started
584.3426 	DATA 	Keypress: lctrl
584.7883 	EXP 	Sound  started
585.0786 	DATA 	Keypress: lctrl
585.5383 	EXP 	Sound  started
585.8786 	DATA 	Keypress: lctrl
586.2883 	EXP 	Sound  started
586.6306 	DATA 	Keypress: lctrl
587.0383 	EXP 	Sound  started
587.3346 	DATA 	Keypress: lctrl
587.7883 	EXP 	Sound  started
588.0066 	DATA 	Keypress: lctrl
588.5383 	EXP 	Sound  started
588.8226 	DATA 	Keypress: lctrl
589.2883 	EXP 	Sound  started
589.6547 	DATA 	Keypress: lctrl
590.0384 	EXP 	Sound  started
590.4866 	DATA 	Keypress: lctrl
590.7884 	EXP 	Sound  started
591.2866 	DATA 	Keypress: lctrl
591.5384 	EXP 	Sound  started
592.1187 	DATA 	Keypress: lctrl
592.2884 	EXP 	Sound  started
592.8866 	DATA 	Keypress: lctrl
593.0384 	EXP 	Sound  started
593.6067 	DATA 	Keypress: lctrl
593.7884 	EXP 	Sound  started
594.4066 	DATA 	Keypress: lctrl
594.5385 	EXP 	Sound  started
595.2067 	DATA 	Keypress: lctrl
595.2885 	EXP 	Sound  started
595.9586 	DATA 	Keypress: lctrl
596.0385 	EXP 	Sound  started
596.7426 	DATA 	Keypress: lctrl
596.7885 	EXP 	Sound  started
597.4626 	DATA 	Keypress: lctrl
597.5385 	EXP 	Sound  started
598.0866 	DATA 	Keypress: lctrl
598.2885 	EXP 	Sound  started
598.7746 	DATA 	Keypress: lctrl
599.0385 	EXP 	Sound  started
599.5266 	DATA 	Keypress: lctrl
599.7886 	EXP 	Sound  started
600.2626 	DATA 	Keypress: lctrl
600.5386 	EXP 	Sound  started
600.9665 	DATA 	Keypress: lctrl
601.2886 	EXP 	Sound  started
601.6706 	DATA 	Keypress: lctrl
602.0386 	EXP 	Sound  started
602.3587 	DATA 	Keypress: lctrl
602.7886 	EXP 	Sound  started
603.1587 	DATA 	Keypress: lctrl
603.5386 	EXP 	Sound  started
603.8786 	DATA 	Keypress: lctrl
604.2886 	EXP 	Sound  started
604.6306 	DATA 	Keypress: lctrl
605.0387 	EXP 	Sound  started
605.3986 	DATA 	Keypress: lctrl
605.7887 	EXP 	Sound  started
606.1186 	DATA 	Keypress: lctrl
606.5387 	EXP 	Sound  started
606.8546 	DATA 	Keypress: lctrl
607.2887 	EXP 	Sound  started
607.6066 	DATA 	Keypress: lctrl
608.0387 	EXP 	Sound  started
608.3586 	DATA 	Keypress: lctrl
608.7887 	EXP 	Sound  started
609.1106 	DATA 	Keypress: lctrl
609.5387 	EXP 	Sound  started
609.8626 	DATA 	Keypress: lctrl
610.2888 	EXP 	Sound  started
610.5346 	DATA 	Keypress: lctrl
611.0388 	EXP 	Sound  started
611.2546 	DATA 	Keypress: lctrl
611.7888 	EXP 	Sound  started
612.0868 	DATA 	Keypress: lctrl
612.5388 	EXP 	Sound  started
612.8226 	DATA 	Keypress: lctrl
613.2888 	EXP 	Sound  started
613.5906 	DATA 	Keypress: lctrl
614.0388 	EXP 	Sound  started
614.3586 	DATA 	Keypress: lctrl
614.7889 	EXP 	Sound  started
615.0947 	DATA 	Keypress: lctrl
615.5389 	EXP 	Sound  started
615.8306 	DATA 	Keypress: lctrl
616.2889 	EXP 	Sound  started
616.8867 	DATA 	Keypress: lctrl
618.5595 	DATA 	Keypress: 4
618.5759 	EXP 	unnamed ShapeStim: vertices = <class 'numpy.ndarray'>
620.3947 	DATA 	Keypress: 1
620.4113 	EXP 	unnamed ShapeStim: vertices = <class 'numpy.ndarray'>
622.2336 	DATA 	Keypress: 4
622.2628 	EXP 	unnamed ShapeStim: vertices = <class 'numpy.ndarray'>
624.5486 	EXP 	Sound  started
624.5490 	DATA 	Keypress: lctrl
624.8546 	DATA 	Keypress: lctrl
625.2986 	EXP 	Sound  started
625.5906 	DATA 	Keypress: lctrl
626.0486 	EXP 	Sound  started
626.3266 	DATA 	Keypress: lctrl
626.7986 	EXP 	Sound  started
627.1106 	DATA 	Keypress: lctrl
627.5487 	EXP 	Sound  started
627.9266 	DATA 	Keypress: lctrl
628.2987 	EXP 	Sound  started
628.6786 	DATA 	Keypress: lctrl
629.0487 	EXP 	Sound  started
629.4946 	DATA 	Keypress: lctrl
629.7987 	EXP 	Sound  started
630.3266 	DATA 	Keypress: lctrl
630.5487 	EXP 	Sound  started
631.0946 	DATA 	Keypress: lctrl
631.2987 	EXP 	Sound  started
631.8465 	DATA 	Keypress: lctrl
632.0487 	EXP 	Sound  started
632.5666 	DATA 	Keypress: lctrl
632.7988 	EXP 	Sound  started
633.2866 	DATA 	Keypress: lctrl
633.5488 	EXP 	Sound  started
634.0226 	DATA 	Keypress: lctrl
634.2988 	EXP 	Sound  started
634.6627 	DATA 	Keypress: lctrl
635.0488 	EXP 	Sound  started
635.3666 	DATA 	Keypress: lctrl
635.7988 	EXP 	Sound  started
636.1666 	DATA 	Keypress: lctrl
636.5488 	EXP 	Sound  started
636.9186 	DATA 	Keypress: lctrl
637.2989 	EXP 	Sound  started
637.7346 	DATA 	Keypress: lctrl
638.0489 	EXP 	Sound  started
638.4706 	DATA 	Keypress: lctrl
638.7989 	EXP 	Sound  started
639.3025 	DATA 	Keypress: lctrl
639.5489 	EXP 	Sound  started
640.0386 	DATA 	Keypress: lctrl
640.2989 	EXP 	Sound  started
640.7906 	DATA 	Keypress: lctrl
641.0489 	EXP 	Sound  started
641.5426 	DATA 	Keypress: lctrl
641.7989 	EXP 	Sound  started
642.3426 	DATA 	Keypress: lctrl
642.5490 	EXP 	Sound  started
643.1267 	DATA 	Keypress: lctrl
643.2990 	EXP 	Sound  started
643.8146 	DATA 	Keypress: lctrl
644.0490 	EXP 	Sound  started
644.5985 	DATA 	Keypress: lctrl
644.7990 	EXP 	Sound  started
645.3346 	DATA 	Keypress: lctrl
645.5490 	EXP 	Sound  started
646.1025 	DATA 	Keypress: lctrl
646.2990 	EXP 	Sound  started
646.8706 	DATA 	Keypress: lctrl
647.0491 	EXP 	Sound  started
647.6065 	DATA 	Keypress: lctrl
647.7991 	EXP 	Sound  started
648.4386 	DATA 	Keypress: lctrl
648.5491 	EXP 	Sound  started
649.2065 	DATA 	Keypress: lctrl
649.2991 	EXP 	Sound  started
649.9586 	DATA 	Keypress: lctrl
650.0491 	EXP 	Sound  started
650.7746 	DATA 	Keypress: lctrl
650.7991 	EXP 	Sound  started
651.3986 	DATA 	Keypress: lctrl
651.5491 	EXP 	Sound  started
652.1666 	DATA 	Keypress: lctrl
652.2991 	EXP 	Sound  started
652.8546 	DATA 	Keypress: lctrl
653.0492 	EXP 	Sound  started
653.6226 	DATA 	Keypress: lctrl
653.7992 	EXP 	Sound  started
654.4226 	DATA 	Keypress: lctrl
654.5492 	EXP 	Sound  started
655.1586 	DATA 	Keypress: lctrl
655.2992 	EXP 	Sound  started
655.8946 	DATA 	Keypress: lctrl
656.0492 	EXP 	Sound  started
656.6466 	DATA 	Keypress: lctrl
656.7992 	EXP 	Sound  started
657.3986 	DATA 	Keypress: lctrl
657.5493 	EXP 	Sound  started
658.1665 	DATA 	Keypress: lctrl
658.2993 	EXP 	Sound  started
658.8865 	DATA 	Keypress: lctrl
659.0493 	EXP 	Sound  started
659.6386 	DATA 	Keypress: lctrl
659.7993 	EXP 	Sound  started
660.3905 	DATA 	Keypress: lctrl
660.5493 	EXP 	Sound  started
661.0466 	DATA 	Keypress: lctrl
661.2993 	EXP 	Sound  started
661.7346 	DATA 	Keypress: lctrl
662.0494 	EXP 	Sound  started
662.5505 	DATA 	Keypress: lctrl
662.7994 	EXP 	Sound  started
663.1425 	DATA 	Keypress: lctrl
663.5494 	EXP 	Sound  started
664.0066 	DATA 	Keypress: lctrl
664.2994 	EXP 	Sound  started
664.6946 	DATA 	Keypress: lctrl
665.0494 	EXP 	Sound  started
665.5426 	DATA 	Keypress: lctrl
665.7994 	EXP 	Sound  started
666.1825 	DATA 	Keypress: lctrl
666.5494 	EXP 	Sound  started
666.8706 	DATA 	Keypress: lctrl
667.2995 	EXP 	Sound  started
667.7825 	DATA 	Keypress: lctrl
670.1517 	DATA 	Keypress: 4
670.1682 	EXP 	unnamed ShapeStim: vertices = <class 'numpy.ndarray'>
672.0240 	DATA 	Keypress: 1
672.0531 	EXP 	unnamed ShapeStim: vertices = <class 'numpy.ndarray'>
673.5782 	DATA 	Keypress: 4
673.6210 	EXP 	unnamed ShapeStim: vertices = <class 'numpy.ndarray'>
675.9066 	EXP 	Sound  started
675.9070 	DATA 	Keypress: lctrl
676.2305 	DATA 	Keypress: lctrl
676.6565 	EXP 	Sound  started
676.9665 	DATA 	Keypress: lctrl
677.4065 	EXP 	Sound  started
677.6386 	DATA 	Keypress: lctrl
678.1566 	EXP 	Sound  started
678.3746 	DATA 	Keypress: lctrl
678.9066 	EXP 	Sound  started
679.0146 	DATA 	Keypress: lctrl
679.6566 	EXP 	Sound  started
679.7025 	DATA 	Keypress: lctrl
680.2946 	DATA 	Keypress: lctrl
680.4066 	EXP 	Sound  started
680.9986 	DATA 	Keypress: lctrl
681.1566 	EXP 	Sound  started
681.6546 	DATA 	Keypress: lctrl
681.9066 	EXP 	Sound  started
682.3586 	DATA 	Keypress: lctrl
682.6567 	EXP 	Sound  started
683.0465 	DATA 	Keypress: lctrl
683.4067 	EXP 	Sound  started
683.7025 	DATA 	Keypress: lctrl
684.1567 	EXP 	Sound  started
684.4546 	DATA 	Keypress: lctrl
684.9067 	EXP 	Sound  started
685.1106 	DATA 	Keypress: lctrl
685.6567 	EXP 	Sound  started
685.8786 	DATA 	Keypress: lctrl
686.4067 	EXP 	Sound  started
686.5186 	DATA 	Keypress: lctrl
687.1568 	EXP 	Sound  started
687.2225 	DATA 	Keypress: lctrl
687.9068 	EXP 	Sound  started
687.9266 	DATA 	Keypress: lctrl
688.5505 	DATA 	Keypress: lctrl
688.6568 	EXP 	Sound  started
689.1746 	DATA 	Keypress: lctrl
689.4068 	EXP 	Sound  started
689.8946 	DATA 	Keypress: lctrl
690.1568 	EXP 	Sound  started
690.5345 	DATA 	Keypress: lctrl
690.9068 	EXP 	Sound  started
691.2545 	DATA 	Keypress: lctrl
691.6569 	EXP 	Sound  started
691.9906 	DATA 	Keypress: lctrl
692.4069 	EXP 	Sound  started
692.5826 	DATA 	Keypress: lctrl
693.1569 	EXP 	Sound  started
693.2866 	DATA 	Keypress: lctrl
693.9069 	EXP 	Sound  started
693.9586 	DATA 	Keypress: lctrl
694.6569 	EXP 	Sound  started
694.6945 	DATA 	Keypress: lctrl
695.3985 	DATA 	Keypress: lctrl
695.4069 	EXP 	Sound  started
696.1025 	DATA 	Keypress: lctrl
696.1569 	EXP 	Sound  started
696.8065 	DATA 	Keypress: lctrl
696.9070 	EXP 	Sound  started
697.4786 	DATA 	Keypress: lctrl
697.6570 	EXP 	Sound  started
698.0705 	DATA 	Keypress: lctrl
698.4070 	EXP 	Sound  started
698.6946 	DATA 	Keypress: lctrl
699.1570 	EXP 	Sound  started
699.4626 	DATA 	Keypress: lctrl
699.9070 	EXP 	Sound  started
700.1506 	DATA 	Keypress: lctrl
700.6570 	EXP 	Sound  started
700.8065 	DATA 	Keypress: lctrl
701.3825 	DATA 	Keypress: lctrl
701.4070 	EXP 	Sound  started
702.1025 	DATA 	Keypress: lctrl
702.1571 	EXP 	Sound  started
702.7585 	DATA 	Keypress: lctrl
702.9071 	EXP 	Sound  started
703.4145 	DATA 	Keypress: lctrl
703.6571 	EXP 	Sound  started
704.0065 	DATA 	Keypress: lctrl
704.4071 	EXP 	Sound  started
704.6465 	DATA 	Keypress: lctrl
705.1571 	EXP 	Sound  started
705.3185 	DATA 	Keypress: lctrl
705.9072 	EXP 	Sound  started
706.0065 	DATA 	Keypress: lctrl
706.6572 	EXP 	Sound  started
706.6786 	DATA 	Keypress: lctrl
707.3345 	DATA 	Keypress: lctrl
707.4072 	EXP 	Sound  started
708.0705 	DATA 	Keypress: lctrl
708.1572 	EXP 	Sound  started
708.7265 	DATA 	Keypress: lctrl
708.9072 	EXP 	Sound  started
709.3666 	DATA 	Keypress: lctrl
709.6572 	EXP 	Sound  started
710.2305 	DATA 	Keypress: lctrl
710.4072 	EXP 	Sound  started
710.9665 	DATA 	Keypress: lctrl
711.1573 	EXP 	Sound  started
711.7345 	DATA 	Keypress: lctrl
711.9073 	EXP 	Sound  started
712.4705 	DATA 	Keypress: lctrl
712.6573 	EXP 	Sound  started
713.2706 	DATA 	Keypress: lctrl
713.4073 	EXP 	Sound  started
714.0225 	DATA 	Keypress: lctrl
714.1573 	EXP 	Sound  started
714.8225 	DATA 	Keypress: lctrl
714.9073 	EXP 	Sound  started
715.5745 	DATA 	Keypress: lctrl
715.6574 	EXP 	Sound  started
716.3266 	DATA 	Keypress: lctrl
716.4074 	EXP 	Sound  started
717.0465 	DATA 	Keypress: lctrl
717.1574 	EXP 	Sound  started
717.7826 	DATA 	Keypress: lctrl
717.9074 	EXP 	Sound  started
718.5505 	DATA 	Keypress: lctrl
718.6574 	EXP 	Sound  started
719.3345 	DATA 	Keypress: lctrl
719.4074 	EXP 	Sound  started
720.0705 	DATA 	Keypress: lctrl
720.1574 	EXP 	Sound  started
720.7905 	DATA 	Keypress: lctrl
720.9075 	EXP 	Sound  started
721.5905 	DATA 	Keypress: lctrl
721.6575 	EXP 	Sound  started
722.2785 	DATA 	Keypress: lctrl
722.4075 	EXP 	Sound  started
723.0306 	DATA 	Keypress: lctrl
723.1575 	EXP 	Sound  started
723.7986 	DATA 	Keypress: lctrl
723.9075 	EXP 	Sound  started
724.5665 	DATA 	Keypress: lctrl
724.6575 	EXP 	Sound  started
725.2865 	DATA 	Keypress: lctrl
725.4076 	EXP 	Sound  started
726.0866 	DATA 	Keypress: lctrl
726.1576 	EXP 	Sound  started
726.7905 	DATA 	Keypress: lctrl
726.9076 	EXP 	Sound  started
727.5105 	DATA 	Keypress: lctrl
727.6576 	EXP 	Sound  started
728.2305 	DATA 	Keypress: lctrl
728.4076 	EXP 	Sound  started
729.0145 	DATA 	Keypress: lctrl
729.1576 	EXP 	Sound  started
729.8305 	DATA 	Keypress: lctrl
729.9076 	EXP 	Sound  started
730.6305 	DATA 	Keypress: lctrl
730.6576 	EXP 	Sound  started
731.3986 	DATA 	Keypress: lctrl
731.4077 	EXP 	Sound  started
732.1577 	EXP 	Sound  started
732.1825 	DATA 	Keypress: lctrl
732.8705 	DATA 	Keypress: lctrl
732.9077 	EXP 	Sound  started
733.6225 	DATA 	Keypress: lctrl
733.6577 	EXP 	Sound  started
734.2785 	DATA 	Keypress: lctrl
734.4077 	EXP 	Sound  started
734.9825 	DATA 	Keypress: lctrl
735.1577 	EXP 	Sound  started
735.6866 	DATA 	Keypress: lctrl
735.9078 	EXP 	Sound  started
736.3905 	DATA 	Keypress: lctrl
736.6578 	EXP 	Sound  started
737.0945 	DATA 	Keypress: lctrl
737.4078 	EXP 	Sound  started
737.8785 	DATA 	Keypress: lctrl
738.1578 	EXP 	Sound  started
738.5345 	DATA 	Keypress: lctrl
738.9078 	EXP 	Sound  started
739.3025 	DATA 	Keypress: lctrl
739.6578 	EXP 	Sound  started
740.0066 	DATA 	Keypress: lctrl
742.6316 	DATA 	Keypress: 4
742.6609 	EXP 	unnamed ShapeStim: vertices = <class 'numpy.ndarray'>
744.4297 	DATA 	Keypress: 1
744.4462 	EXP 	unnamed ShapeStim: vertices = <class 'numpy.ndarray'>
746.2146 	DATA 	Keypress: 4
746.2310 	EXP 	unnamed ShapeStim: vertices = <class 'numpy.ndarray'>
748.5165 	EXP 	Sound  started
748.5169 	DATA 	Keypress: lctrl
748.8865 	DATA 	Keypress: lctrl
749.2664 	EXP 	Sound  started
749.6705 	DATA 	Keypress: lctrl
750.0164 	EXP 	Sound  started
750.4065 	DATA 	Keypress: lctrl
750.7665 	EXP 	Sound  started
751.1585 	DATA 	Keypress: lctrl
751.5165 	EXP 	Sound  started
751.9105 	DATA 	Keypress: lctrl
752.2665 	EXP 	Sound  started
752.6305 	DATA 	Keypress: lctrl
753.0165 	EXP 	Sound  started
753.4465 	DATA 	Keypress: lctrl
753.7665 	EXP 	Sound  started
754.2145 	DATA 	Keypress: lctrl
754.5165 	EXP 	Sound  started
755.0145 	DATA 	Keypress: lctrl
755.2666 	EXP 	Sound  started
755.8145 	DATA 	Keypress: lctrl
756.0166 	EXP 	Sound  started
756.5665 	DATA 	Keypress: lctrl
756.7666 	EXP 	Sound  started
757.3665 	DATA 	Keypress: lctrl
757.5166 	EXP 	Sound  started
758.0225 	DATA 	Keypress: lctrl
758.2666 	EXP 	Sound  started
758.7265 	DATA 	Keypress: lctrl
759.0166 	EXP 	Sound  started
759.5586 	DATA 	Keypress: lctrl
759.7667 	EXP 	Sound  started
760.3425 	DATA 	Keypress: lctrl
760.5167 	EXP 	Sound  started
761.0305 	DATA 	Keypress: lctrl
761.2667 	EXP 	Sound  started
761.8465 	DATA 	Keypress: lctrl
762.0167 	EXP 	Sound  started
762.5505 	DATA 	Keypress: lctrl
762.7667 	EXP 	Sound  started
763.1906 	DATA 	Keypress: lctrl
763.5167 	EXP 	Sound  started
764.2667 	EXP 	Sound  started
764.5666 	DATA 	Keypress: lctrl
765.0168 	EXP 	Sound  started
765.2385 	DATA 	Keypress: lctrl
765.7668 	EXP 	Sound  started
765.9425 	DATA 	Keypress: lctrl
766.5168 	EXP 	Sound  started
766.5825 	DATA 	Keypress: lctrl
767.2544 	DATA 	Keypress: lctrl
767.2668 	EXP 	Sound  started
767.9265 	DATA 	Keypress: lctrl
768.0168 	EXP 	Sound  started
768.5985 	DATA 	Keypress: lctrl
768.7668 	EXP 	Sound  started
769.3665 	DATA 	Keypress: lctrl
769.5169 	EXP 	Sound  started
770.0225 	DATA 	Keypress: lctrl
770.2669 	EXP 	Sound  started
770.7585 	DATA 	Keypress: lctrl
771.0169 	EXP 	Sound  started
771.4465 	DATA 	Keypress: lctrl
771.7669 	EXP 	Sound  started
772.1985 	DATA 	Keypress: lctrl
772.5169 	EXP 	Sound  started
772.9025 	DATA 	Keypress: lctrl
773.2669 	EXP 	Sound  started
773.6065 	DATA 	Keypress: lctrl
774.0170 	EXP 	Sound  started
774.4386 	DATA 	Keypress: lctrl
774.7670 	EXP 	Sound  started
775.2225 	DATA 	Keypress: lctrl
775.5170 	EXP 	Sound  started
775.9266 	DATA 	Keypress: lctrl
776.2670 	EXP 	Sound  started
776.5825 	DATA 	Keypress: lctrl
777.0170 	EXP 	Sound  started
777.3185 	DATA 	Keypress: lctrl
777.7670 	EXP 	Sound  started
778.0064 	DATA 	Keypress: lctrl
778.5170 	EXP 	Sound  started
778.7104 	DATA 	Keypress: lctrl
779.2671 	EXP 	Sound  started
779.4144 	DATA 	Keypress: lctrl
780.0171 	EXP 	Sound  started
780.0545 	DATA 	Keypress: lctrl
780.7105 	DATA 	Keypress: lctrl
780.7671 	EXP 	Sound  started
781.4305 	DATA 	Keypress: lctrl
781.5171 	EXP 	Sound  started
782.1185 	DATA 	Keypress: lctrl
782.2671 	EXP 	Sound  started
782.8065 	DATA 	Keypress: lctrl
783.0171 	EXP 	Sound  started
783.5586 	DATA 	Keypress: lctrl
783.7672 	EXP 	Sound  started
784.2624 	DATA 	Keypress: lctrl
784.5172 	EXP 	Sound  started
785.0785 	DATA 	Keypress: lctrl
785.2672 	EXP 	Sound  started
785.7345 	DATA 	Keypress: lctrl
786.0172 	EXP 	Sound  started
786.4225 	DATA 	Keypress: lctrl
786.7672 	EXP 	Sound  started
787.1585 	DATA 	Keypress: lctrl
787.5173 	EXP 	Sound  started
787.8625 	DATA 	Keypress: lctrl
788.2673 	EXP 	Sound  started
788.6145 	DATA 	Keypress: lctrl
789.0173 	EXP 	Sound  started
789.4945 	DATA 	Keypress: lctrl
789.7673 	EXP 	Sound  started
790.2305 	DATA 	Keypress: lctrl
790.5173 	EXP 	Sound  started
790.9985 	DATA 	Keypress: lctrl
791.2673 	EXP 	Sound  started
791.7344 	DATA 	Keypress: lctrl
792.0173 	EXP 	Sound  started
792.4545 	DATA 	Keypress: lctrl
792.7674 	EXP 	Sound  started
793.2704 	DATA 	Keypress: lctrl
793.5174 	EXP 	Sound  started
793.9585 	DATA 	Keypress: lctrl
794.2674 	EXP 	Sound  started
794.7425 	DATA 	Keypress: lctrl
795.0174 	EXP 	Sound  started
795.4305 	DATA 	Keypress: lctrl
795.7674 	EXP 	Sound  started
796.2145 	DATA 	Keypress: lctrl
796.5174 	EXP 	Sound  started
797.0305 	DATA 	Keypress: lctrl
797.2675 	EXP 	Sound  started
797.7184 	DATA 	Keypress: lctrl
798.0175 	EXP 	Sound  started
798.4385 	DATA 	Keypress: lctrl
798.7675 	EXP 	Sound  started
799.2065 	DATA 	Keypress: lctrl
799.5175 	EXP 	Sound  started
799.9745 	DATA 	Keypress: lctrl
800.2675 	EXP 	Sound  started
800.6945 	DATA 	Keypress: lctrl
801.0175 	EXP 	Sound  started
801.4625 	DATA 	Keypress: lctrl
801.7675 	EXP 	Sound  started
802.1664 	DATA 	Keypress: lctrl
802.5176 	EXP 	Sound  started
802.9664 	DATA 	Keypress: lctrl
803.2676 	EXP 	Sound  started
803.7345 	DATA 	Keypress: lctrl
806.1507 	DATA 	Keypress: 4
806.1796 	EXP 	unnamed ShapeStim: vertices = <class 'numpy.ndarray'>
807.9812 	DATA 	Keypress: 1
807.9978 	EXP 	unnamed ShapeStim: vertices = <class 'numpy.ndarray'>
809.8161 	DATA 	Keypress: 4
809.8326 	EXP 	unnamed ShapeStim: vertices = <class 'numpy.ndarray'>
812.1175 	EXP 	Sound  started
812.8545 	DATA 	Keypress: lctrl
812.8675 	EXP 	Sound  started
813.5745 	DATA 	Keypress: lctrl
813.6175 	EXP 	Sound  started
814.3104 	DATA 	Keypress: lctrl
814.3676 	EXP 	Sound  started
814.9824 	DATA 	Keypress: lctrl
815.1176 	EXP 	Sound  started
815.7985 	DATA 	Keypress: lctrl
815.8676 	EXP 	Sound  started
816.4384 	DATA 	Keypress: lctrl
816.6176 	EXP 	Sound  started
817.1105 	DATA 	Keypress: lctrl
817.3676 	EXP 	Sound  started
817.8624 	DATA 	Keypress: lctrl
818.1176 	EXP 	Sound  started
818.4865 	DATA 	Keypress: lctrl
818.8677 	EXP 	Sound  started
819.2544 	DATA 	Keypress: lctrl
819.6177 	EXP 	Sound  started
819.9424 	DATA 	Keypress: lctrl
820.3677 	EXP 	Sound  started
820.6785 	DATA 	Keypress: lctrl
821.1177 	EXP 	Sound  started
821.4144 	DATA 	Keypress: lctrl
821.8677 	EXP 	Sound  started
822.1664 	DATA 	Keypress: lctrl
822.6177 	EXP 	Sound  started
822.9185 	DATA 	Keypress: lctrl
823.3678 	EXP 	Sound  started
823.6224 	DATA 	Keypress: lctrl
824.1178 	EXP 	Sound  started
824.3904 	DATA 	Keypress: lctrl
824.8678 	EXP 	Sound  started
825.1584 	DATA 	Keypress: lctrl
825.6178 	EXP 	Sound  started
825.9905 	DATA 	Keypress: lctrl
826.3678 	EXP 	Sound  started
826.6945 	DATA 	Keypress: lctrl
827.1178 	EXP 	Sound  started
827.4624 	DATA 	Keypress: lctrl
827.8679 	EXP 	Sound  started
828.1985 	DATA 	Keypress: lctrl
828.6179 	EXP 	Sound  started
828.9344 	DATA 	Keypress: lctrl
829.3679 	EXP 	Sound  started
829.6704 	DATA 	Keypress: lctrl
830.1179 	EXP 	Sound  started
830.3744 	DATA 	Keypress: lctrl
830.8679 	EXP 	Sound  started
831.1424 	DATA 	Keypress: lctrl
831.6179 	EXP 	Sound  started
831.8144 	DATA 	Keypress: lctrl
832.3679 	EXP 	Sound  started
832.5024 	DATA 	Keypress: lctrl
833.1179 	EXP 	Sound  started
833.2865 	DATA 	Keypress: lctrl
833.8680 	EXP 	Sound  started
833.9745 	DATA 	Keypress: lctrl
834.6180 	EXP 	Sound  started
834.7264 	DATA 	Keypress: lctrl
835.3680 	EXP 	Sound  started
835.4624 	DATA 	Keypress: lctrl
836.1180 	EXP 	Sound  started
836.1664 	DATA 	Keypress: lctrl
836.8224 	DATA 	Keypress: lctrl
836.8680 	EXP 	Sound  started
837.5424 	DATA 	Keypress: lctrl
837.6180 	EXP 	Sound  started
838.2304 	DATA 	Keypress: lctrl
838.3681 	EXP 	Sound  started
838.8706 	DATA 	Keypress: lctrl
839.1181 	EXP 	Sound  started
839.5745 	DATA 	Keypress: lctrl
839.8681 	EXP 	Sound  started
840.3106 	DATA 	Keypress: lctrl
840.6181 	EXP 	Sound  started
841.0144 	DATA 	Keypress: lctrl
841.3681 	EXP 	Sound  started
841.7984 	DATA 	Keypress: lctrl
842.1181 	EXP 	Sound  started
842.5345 	DATA 	Keypress: lctrl
842.8681 	EXP 	Sound  started
843.2704 	DATA 	Keypress: lctrl
843.6182 	EXP 	Sound  started
844.0864 	DATA 	Keypress: lctrl
844.3682 	EXP 	Sound  started
844.9025 	DATA 	Keypress: lctrl
845.1182 	EXP 	Sound  started
845.6384 	DATA 	Keypress: lctrl
845.8682 	EXP 	Sound  started
846.4224 	DATA 	Keypress: lctrl
846.6182 	EXP 	Sound  started
847.1905 	DATA 	Keypress: lctrl
847.3682 	EXP 	Sound  started
847.9105 	DATA 	Keypress: lctrl
848.1182 	EXP 	Sound  started
848.6784 	DATA 	Keypress: lctrl
848.8683 	EXP 	Sound  started
849.4304 	DATA 	Keypress: lctrl
849.6183 	EXP 	Sound  started
850.1185 	DATA 	Keypress: lctrl
850.3683 	EXP 	Sound  started
850.8545 	DATA 	Keypress: lctrl
851.1183 	EXP 	Sound  started
851.5584 	DATA 	Keypress: lctrl
851.8683 	EXP 	Sound  started
852.3264 	DATA 	Keypress: lctrl
852.6183 	EXP 	Sound  started
853.0624 	DATA 	Keypress: lctrl
853.3683 	EXP 	Sound  started
853.8144 	DATA 	Keypress: lctrl
854.1184 	EXP 	Sound  started
854.5664 	DATA 	Keypress: lctrl
854.8684 	EXP 	Sound  started
855.3984 	DATA 	Keypress: lctrl
855.6184 	EXP 	Sound  started
856.1664 	DATA 	Keypress: lctrl
856.3684 	EXP 	Sound  started
856.9504 	DATA 	Keypress: lctrl
857.1184 	EXP 	Sound  started
857.6864 	DATA 	Keypress: lctrl
857.8684 	EXP 	Sound  started
858.4224 	DATA 	Keypress: lctrl
858.6185 	EXP 	Sound  started
859.1104 	DATA 	Keypress: lctrl
859.3685 	EXP 	Sound  started
859.8785 	DATA 	Keypress: lctrl
860.1185 	EXP 	Sound  started
860.6624 	DATA 	Keypress: lctrl
860.8685 	EXP 	Sound  started
861.3824 	DATA 	Keypress: lctrl
861.6185 	EXP 	Sound  started
862.1024 	DATA 	Keypress: lctrl
862.3685 	EXP 	Sound  started
862.8224 	DATA 	Keypress: lctrl
863.1186 	EXP 	Sound  started
863.6064 	DATA 	Keypress: lctrl
863.8686 	EXP 	Sound  started
864.2944 	DATA 	Keypress: lctrl
864.6186 	EXP 	Sound  started
865.1105 	DATA 	Keypress: lctrl
865.3686 	EXP 	Sound  started
865.7985 	DATA 	Keypress: lctrl
866.1186 	EXP 	Sound  started
866.5344 	DATA 	Keypress: lctrl
866.8686 	EXP 	Sound  started
867.2704 	DATA 	Keypress: lctrl
867.6187 	EXP 	Sound  started
868.0385 	DATA 	Keypress: lctrl
868.3687 	EXP 	Sound  started
868.7744 	DATA 	Keypress: lctrl
871.5000 	DATA 	Keypress: 4
871.5165 	EXP 	unnamed ShapeStim: vertices = <class 'numpy.ndarray'>
874.0562 	DATA 	Keypress: 1
874.0857 	EXP 	unnamed ShapeStim: vertices = <class 'numpy.ndarray'>
875.8874 	DATA 	Keypress: 4
875.9039 	EXP 	unnamed ShapeStim: vertices = <class 'numpy.ndarray'>
878.1883 	EXP 	Sound  started
878.2944 	DATA 	Keypress: lctrl
878.8385 	DATA 	Keypress: lctrl
878.9383 	EXP 	Sound  started
879.5424 	DATA 	Keypress: lctrl
879.6883 	EXP 	Sound  started
880.2464 	DATA 	Keypress: lctrl
880.4383 	EXP 	Sound  started
880.9504 	DATA 	Keypress: lctrl
881.1883 	EXP 	Sound  started
881.6866 	DATA 	Keypress: lctrl
881.9384 	EXP 	Sound  started
882.4064 	DATA 	Keypress: lctrl
882.6884 	EXP 	Sound  started
883.1584 	DATA 	Keypress: lctrl
883.4384 	EXP 	Sound  started
883.9104 	DATA 	Keypress: lctrl
884.1884 	EXP 	Sound  started
884.6625 	DATA 	Keypress: lctrl
884.9384 	EXP 	Sound  started
885.4144 	DATA 	Keypress: lctrl
885.6884 	EXP 	Sound  started
886.1824 	DATA 	Keypress: lctrl
886.4384 	EXP 	Sound  started
886.9345 	DATA 	Keypress: lctrl
887.1884 	EXP 	Sound  started
887.6705 	DATA 	Keypress: lctrl
887.9384 	EXP 	Sound  started
888.4384 	DATA 	Keypress: lctrl
888.6885 	EXP 	Sound  started
889.1584 	DATA 	Keypress: lctrl
889.4385 	EXP 	Sound  started
889.8624 	DATA 	Keypress: lctrl
890.1885 	EXP 	Sound  started
890.5664 	DATA 	Keypress: lctrl
890.9385 	EXP 	Sound  started
891.3665 	DATA 	Keypress: lctrl
891.6885 	EXP 	Sound  started
892.1024 	DATA 	Keypress: lctrl
892.4386 	EXP 	Sound  started
892.8864 	DATA 	Keypress: lctrl
893.1886 	EXP 	Sound  started
893.6224 	DATA 	Keypress: lctrl
893.9386 	EXP 	Sound  started
894.3584 	DATA 	Keypress: lctrl
894.6886 	EXP 	Sound  started
895.0465 	DATA 	Keypress: lctrl
895.4386 	EXP 	Sound  started
895.8784 	DATA 	Keypress: lctrl
896.1886 	EXP 	Sound  started
896.6784 	DATA 	Keypress: lctrl
896.9387 	EXP 	Sound  started
897.4144 	DATA 	Keypress: lctrl
897.6887 	EXP 	Sound  started
898.0704 	DATA 	Keypress: lctrl
898.4387 	EXP 	Sound  started
898.9025 	DATA 	Keypress: lctrl
899.1887 	EXP 	Sound  started
899.6704 	DATA 	Keypress: lctrl
899.9387 	EXP 	Sound  started
900.3744 	DATA 	Keypress: lctrl
900.6887 	EXP 	Sound  started
901.1265 	DATA 	Keypress: lctrl
901.4387 	EXP 	Sound  started
901.9264 	DATA 	Keypress: lctrl
902.1888 	EXP 	Sound  started
902.7264 	DATA 	Keypress: lctrl
902.9388 	EXP 	Sound  started
903.3984 	DATA 	Keypress: lctrl
903.6888 	EXP 	Sound  started
904.0864 	DATA 	Keypress: lctrl
904.4388 	EXP 	Sound  started
904.7744 	DATA 	Keypress: lctrl
905.1888 	EXP 	Sound  started
905.6384 	DATA 	Keypress: lctrl
905.9388 	EXP 	Sound  started
906.4224 	DATA 	Keypress: lctrl
906.6889 	EXP 	Sound  started
907.1264 	DATA 	Keypress: lctrl
907.4389 	EXP 	Sound  started
907.8785 	DATA 	Keypress: lctrl
908.1889 	EXP 	Sound  started
908.6304 	DATA 	Keypress: lctrl
908.9389 	EXP 	Sound  started
909.3344 	DATA 	Keypress: lctrl
909.6889 	EXP 	Sound  started
910.0544 	DATA 	Keypress: lctrl
910.4389 	EXP 	Sound  started
910.7744 	DATA 	Keypress: lctrl
911.1889 	EXP 	Sound  started
911.5904 	DATA 	Keypress: lctrl
911.9390 	EXP 	Sound  started
912.3743 	DATA 	Keypress: lctrl
912.6890 	EXP 	Sound  started
913.2224 	DATA 	Keypress: lctrl
913.4390 	EXP 	Sound  started
913.9264 	DATA 	Keypress: lctrl
914.1890 	EXP 	Sound  started
914.6464 	DATA 	Keypress: lctrl
914.9390 	EXP 	Sound  started
915.3984 	DATA 	Keypress: lctrl
915.6891 	EXP 	Sound  started
916.1184 	DATA 	Keypress: lctrl
916.4391 	EXP 	Sound  started
916.8704 	DATA 	Keypress: lctrl
917.1891 	EXP 	Sound  started
917.6543 	DATA 	Keypress: lctrl
917.9391 	EXP 	Sound  started
918.4064 	DATA 	Keypress: lctrl
918.6891 	EXP 	Sound  started
919.0464 	DATA 	Keypress: lctrl
919.4391 	EXP 	Sound  started
919.8464 	DATA 	Keypress: lctrl
920.1892 	EXP 	Sound  started
920.5183 	DATA 	Keypress: lctrl
920.9392 	EXP 	Sound  started
921.3343 	DATA 	Keypress: lctrl
921.6892 	EXP 	Sound  started
922.0704 	DATA 	Keypress: lctrl
922.4392 	EXP 	Sound  started
922.9344 	DATA 	Keypress: lctrl
923.1892 	EXP 	Sound  started
923.6544 	DATA 	Keypress: lctrl
923.9392 	EXP 	Sound  started
924.3903 	DATA 	Keypress: lctrl
924.6893 	EXP 	Sound  started
925.2063 	DATA 	Keypress: lctrl
925.4393 	EXP 	Sound  started
925.9264 	DATA 	Keypress: lctrl
926.1893 	EXP 	Sound  started
926.6624 	DATA 	Keypress: lctrl
926.9393 	EXP 	Sound  started
927.3823 	DATA 	Keypress: lctrl
927.6893 	EXP 	Sound  started
928.0544 	DATA 	Keypress: lctrl
928.4393 	EXP 	Sound  started
928.9024 	DATA 	Keypress: lctrl
929.1893 	EXP 	Sound  started
929.6225 	DATA 	Keypress: lctrl
929.9394 	EXP 	Sound  started
930.3584 	DATA 	Keypress: lctrl
930.6894 	EXP 	Sound  started
931.1424 	DATA 	Keypress: lctrl
931.4394 	EXP 	Sound  started
931.7824 	DATA 	Keypress: lctrl
932.1894 	EXP 	Sound  started
932.5983 	DATA 	Keypress: lctrl
932.9394 	EXP 	Sound  started
933.2384 	DATA 	Keypress: lctrl
933.6895 	EXP 	Sound  started
934.0544 	DATA 	Keypress: lctrl
934.4395 	EXP 	Sound  started
934.8544 	DATA 	Keypress: lctrl
935.1895 	EXP 	Sound  started
935.5904 	DATA 	Keypress: lctrl
935.9395 	EXP 	Sound  started
936.3743 	DATA 	Keypress: lctrl
936.6895 	EXP 	Sound  started
937.1584 	DATA 	Keypress: lctrl
937.4395 	EXP 	Sound  started
937.8785 	DATA 	Keypress: lctrl
938.1895 	EXP 	Sound  started
938.5984 	DATA 	Keypress: lctrl
938.9396 	EXP 	Sound  started
939.3823 	DATA 	Keypress: lctrl
939.6896 	EXP 	Sound  started
940.1183 	DATA 	Keypress: lctrl
942.5915 	DATA 	Keypress: 3
942.6080 	EXP 	unnamed ShapeStim: vertices = <class 'numpy.ndarray'>
945.2775 	DATA 	Keypress: 2
945.2940 	EXP 	unnamed ShapeStim: vertices = <class 'numpy.ndarray'>
947.2453 	DATA 	Keypress: 3
947.2618 	EXP 	unnamed ShapeStim: vertices = <class 'numpy.ndarray'>
949.5466 	EXP 	Sound  started
949.7024 	DATA 	Keypress: lctrl
950.2944 	DATA 	Keypress: lctrl
950.2966 	EXP 	Sound  started
950.9824 	DATA 	Keypress: lctrl
951.0466 	EXP 	Sound  started
951.7183 	DATA 	Keypress: rctrl
951.7966 	EXP 	Sound  started
952.4384 	DATA 	Keypress: rctrl
952.5466 	EXP 	Sound  started
953.2705 	DATA 	Keypress: lctrl
953.2966 	EXP 	Sound  started
953.9584 	DATA 	Keypress: lctrl
954.0467 	EXP 	Sound  started
954.6785 	DATA 	Keypress: lctrl
954.7967 	EXP 	Sound  started
955.4143 	DATA 	Keypress: lctrl
955.5467 	EXP 	Sound  started
956.1824 	DATA 	Keypress: lctrl
956.2967 	EXP 	Sound  started
956.8864 	DATA 	Keypress: lctrl
957.0467 	EXP 	Sound  started
957.6383 	DATA 	Keypress: lctrl
957.7967 	EXP 	Sound  started
958.3426 	DATA 	Keypress: lctrl
958.5467 	EXP 	Sound  started
959.0623 	DATA 	Keypress: lctrl
959.2968 	EXP 	Sound  started
959.7825 	DATA 	Keypress: lctrl
960.0468 	EXP 	Sound  started
960.5344 	DATA 	Keypress: lctrl
960.7968 	EXP 	Sound  started
961.2384 	DATA 	Keypress: lctrl
961.5468 	EXP 	Sound  started
961.9744 	DATA 	Keypress: lctrl
962.2968 	EXP 	Sound  started
962.7106 	DATA 	Keypress: lctrl
963.0468 	EXP 	Sound  started
963.3984 	DATA 	Keypress: lctrl
963.7969 	EXP 	Sound  started
964.1825 	DATA 	Keypress: lctrl
964.5469 	EXP 	Sound  started
964.8864 	DATA 	Keypress: lctrl
965.2969 	EXP 	Sound  started
965.6383 	DATA 	Keypress: lctrl
966.0469 	EXP 	Sound  started
966.4063 	DATA 	Keypress: lctrl
966.7969 	EXP 	Sound  started
967.1744 	DATA 	Keypress: lctrl
967.5469 	EXP 	Sound  started
967.8465 	DATA 	Keypress: lctrl
968.2969 	EXP 	Sound  started
968.5986 	DATA 	Keypress: lctrl
969.0470 	EXP 	Sound  started
969.3505 	DATA 	Keypress: lctrl
969.7970 	EXP 	Sound  started
970.1023 	DATA 	Keypress: lctrl
970.5470 	EXP 	Sound  started
970.9344 	DATA 	Keypress: rctrl
971.2970 	EXP 	Sound  started
971.7027 	DATA 	Keypress: lctrl
972.0470 	EXP 	Sound  started
972.4705 	DATA 	Keypress: lctrl
972.7970 	EXP 	Sound  started
973.2865 	DATA 	Keypress: lctrl
973.5470 	EXP 	Sound  started
974.0065 	DATA 	Keypress: lctrl
974.2971 	EXP 	Sound  started
974.7103 	DATA 	Keypress: lctrl
975.0471 	EXP 	Sound  started
975.4144 	DATA 	Keypress: lctrl
975.7971 	EXP 	Sound  started
976.1183 	DATA 	Keypress: lctrl
976.5471 	EXP 	Sound  started
976.8705 	DATA 	Keypress: lctrl
977.2971 	EXP 	Sound  started
977.6544 	DATA 	Keypress: rctrl
978.0471 	EXP 	Sound  started
978.3903 	DATA 	Keypress: lctrl
978.7972 	EXP 	Sound  started
979.1585 	DATA 	Keypress: lctrl
979.5472 	EXP 	Sound  started
979.9103 	DATA 	Keypress: lctrl
980.2972 	EXP 	Sound  started
980.5823 	DATA 	Keypress: lctrl
981.0472 	EXP 	Sound  started
981.3024 	DATA 	Keypress: lctrl
981.7972 	EXP 	Sound  started
982.0063 	DATA 	Keypress: lctrl
982.5472 	EXP 	Sound  started
982.7905 	DATA 	Keypress: lctrl
983.2972 	EXP 	Sound  started
983.4623 	DATA 	Keypress: lctrl
984.0473 	EXP 	Sound  started
984.1343 	DATA 	Keypress: lctrl
984.7973 	EXP 	Sound  started
984.9343 	DATA 	Keypress: lctrl
985.5473 	EXP 	Sound  started
985.6383 	DATA 	Keypress: lctrl
986.2973 	EXP 	Sound  started
986.4383 	DATA 	Keypress: lctrl
987.0473 	EXP 	Sound  started
987.2386 	DATA 	Keypress: lctrl
987.7973 	EXP 	Sound  started
987.9743 	DATA 	Keypress: lctrl
988.5474 	EXP 	Sound  started
988.7745 	DATA 	Keypress: lctrl
989.2974 	EXP 	Sound  started
989.8783 	DATA 	Keypress: rctrl
990.0474 	EXP 	Sound  started
990.5823 	DATA 	Keypress: lctrl
990.7974 	EXP 	Sound  started
991.2703 	DATA 	Keypress: lctrl
991.5474 	EXP 	Sound  started
992.0063 	DATA 	Keypress: lctrl
992.2974 	EXP 	Sound  started
992.7264 	DATA 	Keypress: lctrl
993.0474 	EXP 	Sound  started
993.4303 	DATA 	Keypress: lctrl
993.7975 	EXP 	Sound  started
994.2624 	DATA 	Keypress: lctrl
994.5475 	EXP 	Sound  started
994.9983 	DATA 	Keypress: lctrl
995.2975 	EXP 	Sound  started
995.7183 	DATA 	Keypress: lctrl
996.0475 	EXP 	Sound  started
996.5023 	DATA 	Keypress: lctrl
996.7975 	EXP 	Sound  started
997.2863 	DATA 	Keypress: lctrl
997.5475 	EXP 	Sound  started
997.9263 	DATA 	Keypress: lctrl
998.2975 	EXP 	Sound  started
998.6783 	DATA 	Keypress: lctrl
999.0476 	EXP 	Sound  started
999.4304 	DATA 	Keypress: lctrl
999.7976 	EXP 	Sound  started
1000.1823 	DATA 	Keypress: lctrl
1000.5476 	EXP 	Sound  started
1000.9984 	DATA 	Keypress: lctrl
1001.2976 	EXP 	Sound  started
1001.7824 	DATA 	Keypress: lctrl
1002.0476 	EXP 	Sound  started
1002.5824 	DATA 	Keypress: lctrl
1002.7976 	EXP 	Sound  started
1003.3343 	DATA 	Keypress: lctrl
1003.5477 	EXP 	Sound  started
1004.0703 	DATA 	Keypress: lctrl
1004.2977 	EXP 	Sound  started
1004.7903 	DATA 	Keypress: lctrl
1005.0477 	EXP 	Sound  started
1005.5745 	DATA 	Keypress: lctrl
1005.7977 	EXP 	Sound  started
1006.2944 	DATA 	Keypress: lctrl
1006.5477 	EXP 	Sound  started
1006.9664 	DATA 	Keypress: lctrl
1007.2977 	EXP 	Sound  started
1007.7183 	DATA 	Keypress: lctrl
1008.0478 	EXP 	Sound  started
1008.5023 	DATA 	Keypress: lctrl
1010.6807 	DATA 	Keypress: 4
1010.6972 	EXP 	unnamed ShapeStim: vertices = <class 'numpy.ndarray'>
1012.5030 	DATA 	Keypress: 1
1012.5325 	EXP 	unnamed ShapeStim: vertices = <class 'numpy.ndarray'>
1014.3508 	DATA 	Keypress: 4
1014.3673 	EXP 	unnamed ShapeStim: vertices = <class 'numpy.ndarray'>
1018.6699 	DATA 	Keypress: lctrl
1159.1264 	DATA 	Keypress: return
1159.1987 	EXP 	window1: mouseVisible = True
