13.5784 	WARNING 	User requested fullscreen with size [1024  768], but screen is actually [1920, 1200]. Using actual size
14.3731 	EXP 	Created window1 = Window(allowGUI=False, allowStencil=False, autoLog=True, backendConf=UNKNOWN, bitsMode=UNKNOWN, blendMode='avg', bpc=(8, 8, 8), color=array([0, 0, 0]), colorSpace='rgb', depthBits=8, fullscr=<method-wrapper '__getattribute__' of attributeSetter object at 0x0000018D82C767B8>, gamma=None, gammaErrorPolicy='raise', lms=UNKNOWN, monitor=<psychopy.monitors.calibTools.Monitor object at 0x0000018D83BD40B8>, multiSample=False, name='window1', numSamples=2, pos=[0.0, 0.0], screen=0, size=array([1920, 1200]), stencilBits=0, stereo=False, units='norm', useFBO=True, useRetina=False, viewOri=0.0, viewPos=None, viewScale=None, waitBlanking=True, winType='pyglet')
14.3734 	EXP 	window1: mouseVisible = True
14.3735 	EXP 	window1: mouseVisible = False
14.3735 	EXP 	window1: recordFrameIntervals = False
14.5396 	EXP 	window1: recordFrameIntervals = True
14.7232 	EXP 	window1: recordFrameIntervals = False
14.7768 	EXP 	Created text = TextStim(__class__=<class 'psychopy.visual.text.TextStim'>, alignHoriz=method-wrapper(...), alignText='center', alignVert=method-wrapper(...), anchorHoriz='center', anchorVert='center', antialias=True, autoLog=True, bold=False, color=array([1., 1., 1.]), colorSpace='rgb', contrast=1.0, depth=0.0, flipHoriz=False, flipVert=False, font='Arial', fontFiles=[], height=0.15, italic=False, languageStyle='LTR', name='text', opacity=1, ori=0, pos=array([0., 0.]), rgb=UNKNOWN, text='+', units='norm', win=Window(...), wrapWidth=1)
14.7967 	EXP 	Created text = TextStim(__class__=<class 'psychopy.visual.text.TextStim'>, alignHoriz=method-wrapper(...), alignText='center', alignVert=method-wrapper(...), anchorHoriz='center', anchorVert='center', antialias=True, autoLog=True, bold=False, color=array([1., 1., 1.]), colorSpace='rgb', contrast=1.0, depth=0.0, flipHoriz=False, flipVert=False, font='Arial', fontFiles=[], height=0.07, italic=False, languageStyle='LTR', name='text', opacity=1, ori=0, pos=array([0., 0.]), rgb=UNKNOWN, text=str(...), units='norm', win=Window(...), wrapWidth=1.65)
14.8087 	EXP 	Created text = TextStim(__class__=<class 'psychopy.visual.text.TextStim'>, alignHoriz=method-wrapper(...), alignText='center', alignVert=method-wrapper(...), anchorHoriz='center', anchorVert='center', antialias=True, autoLog=True, bold=False, color=array([1., 1., 1.]), colorSpace='rgb', contrast=1.0, depth=0.0, flipHoriz=False, flipVert=False, font='Arial', fontFiles=[], height=0.07, italic=False, languageStyle='LTR', name='text', opacity=1, ori=0, pos=array([0., 0.]), rgb=UNKNOWN, text=str(...), units='norm', win=Window(...), wrapWidth=1.65)
14.8185 	EXP 	Created text = TextStim(__class__=<class 'psychopy.visual.text.TextStim'>, alignHoriz=method-wrapper(...), alignText='center', alignVert=method-wrapper(...), anchorHoriz='center', anchorVert='center', antialias=True, autoLog=True, bold=False, color=array([1., 1., 1.]), colorSpace='rgb', contrast=1.0, depth=0.0, flipHoriz=False, flipVert=False, font='Arial', fontFiles=[], height=0.07, italic=False, languageStyle='LTR', name='text', opacity=1, ori=0, pos=array([0., 0.]), rgb=UNKNOWN, text=str(...), units='norm', win=Window(...), wrapWidth=1.65)
14.8286 	EXP 	Created text = TextStim(__class__=<class 'psychopy.visual.text.TextStim'>, alignHoriz=method-wrapper(...), alignText='center', alignVert=method-wrapper(...), anchorHoriz='center', anchorVert='center', antialias=True, autoLog=True, bold=False, color=array([1., 1., 1.]), colorSpace='rgb', contrast=1.0, depth=0.0, flipHoriz=False, flipVert=False, font='Arial', fontFiles=[], height=0.07, italic=False, languageStyle='LTR', name='text', opacity=1, ori=0, pos=array([0., 0.]), rgb=UNKNOWN, text=str(...), units='norm', win=Window(...), wrapWidth=1.65)
14.8337 	EXP 	Created text = TextStim(__class__=<class 'psychopy.visual.text.TextStim'>, alignHoriz=method-wrapper(...), alignText='center', alignVert=method-wrapper(...), anchorHoriz='center', anchorVert='center', antialias=True, autoLog=True, bold=False, color=array([1., 1., 1.]), colorSpace='rgb', contrast=1.0, depth=0.0, flipHoriz=False, flipVert=False, font='Arial', fontFiles=[], height=0.07, italic=False, languageStyle='LTR', name='text', opacity=1, ori=0, pos=array([0., 0.]), rgb=UNKNOWN, text=str(...), units='norm', win=Window(...), wrapWidth=1.65)
14.8476 	EXP 	Created text = TextStim(__class__=<class 'psychopy.visual.text.TextStim'>, alignHoriz=method-wrapper(...), alignText='center', alignVert=method-wrapper(...), anchorHoriz='center', anchorVert='center', antialias=True, autoLog=True, bold=False, color=array([1., 1., 1.]), colorSpace='rgb', contrast=1.0, depth=0.0, flipHoriz=False, flipVert=False, font='Arial', fontFiles=[], height=0.15, italic=False, languageStyle='LTR', name='text', opacity=1, ori=0, pos=array([0., 0.]), rgb=UNKNOWN, text=str(...), units='norm', win=Window(...), wrapWidth=1.65)
14.8763 	EXP 	Created text = TextStim(__class__=<class 'psychopy.visual.text.TextStim'>, alignHoriz=method-wrapper(...), alignText='center', alignVert=method-wrapper(...), anchorHoriz='center', anchorVert='center', antialias=True, autoLog=True, bold=False, color=array([1., 1., 1.]), colorSpace='rgb', contrast=1.0, depth=0.0, flipHoriz=False, flipVert=False, font='Arial', fontFiles=[], height=0.07, italic=False, languageStyle='LTR', name='text', opacity=1, ori=0, pos=array([0., 0.]), rgb=UNKNOWN, text=str(...), units='norm', win=Window(...), wrapWidth=1.65)
14.8944 	EXP 	Created text = TextStim(__class__=<class 'psychopy.visual.text.TextStim'>, alignHoriz=method-wrapper(...), alignText='center', alignVert=method-wrapper(...), anchorHoriz='center', anchorVert='center', antialias=True, autoLog=True, bold=False, color=array([1., 1., 1.]), colorSpace='rgb', contrast=1.0, depth=0.0, flipHoriz=False, flipVert=False, font='Arial', fontFiles=[], height=0.07, italic=False, languageStyle='LTR', name='text', opacity=1, ori=0, pos=array([0., 0.]), rgb=UNKNOWN, text=str(...), units='norm', win=Window(...), wrapWidth=1.65)
14.9244 	EXP 	Created text = TextStim(__class__=<class 'psychopy.visual.text.TextStim'>, alignHoriz=method-wrapper(...), alignText='center', alignVert=method-wrapper(...), anchorHoriz='center', anchorVert='center', antialias=True, autoLog=True, bold=False, color=array([1., 1., 1.]), colorSpace='rgb', contrast=1.0, depth=0.0, flipHoriz=False, flipVert=False, font='Arial', fontFiles=[], height=0.07, italic=False, languageStyle='LTR', name='text', opacity=1, ori=0, pos=array([0., 0.]), rgb=UNKNOWN, text=str(...), units='norm', win=Window(...), wrapWidth=1.65)
14.9528 	EXP 	Created text = TextStim(__class__=<class 'psychopy.visual.text.TextStim'>, alignHoriz=method-wrapper(...), alignText='center', alignVert=method-wrapper(...), anchorHoriz='center', anchorVert='center', antialias=True, autoLog=True, bold=False, color=array([1., 1., 1.]), colorSpace='rgb', contrast=1.0, depth=0.0, flipHoriz=False, flipVert=False, font='Arial', fontFiles=[], height=0.07, italic=False, languageStyle='LTR', name='text', opacity=1, ori=0, pos=array([0., 0.]), rgb=UNKNOWN, text=str(...), units='norm', win=Window(...), wrapWidth=1.65)
14.9855 	EXP 	Created text = TextStim(__class__=<class 'psychopy.visual.text.TextStim'>, alignHoriz=method-wrapper(...), alignText='center', alignVert=method-wrapper(...), anchorHoriz='center', anchorVert='center', antialias=True, autoLog=True, bold=False, color=array([1., 1., 1.]), colorSpace='rgb', contrast=1.0, depth=0.0, flipHoriz=False, flipVert=False, font='Arial', fontFiles=[], height=0.07, italic=False, languageStyle='LTR', name='text', opacity=1, ori=0, pos=array([0., 0.]), rgb=UNKNOWN, text=str(...), units='norm', win=Window(...), wrapWidth=1.65)
14.9944 	EXP 	Created text = TextStim(__class__=<class 'psychopy.visual.text.TextStim'>, alignHoriz=method-wrapper(...), alignText='center', alignVert=method-wrapper(...), anchorHoriz='center', anchorVert='center', antialias=True, autoLog=True, bold=False, color=array([1., 1., 1.]), colorSpace='rgb', contrast=1.0, depth=0.0, flipHoriz=False, flipVert=False, font='Arial', fontFiles=[], height=0.07, italic=False, languageStyle='LTR', name='text', opacity=1, ori=0, pos=array([0., 0.]), rgb=UNKNOWN, text=str(...), units='norm', win=Window(...), wrapWidth=1.65)
15.0064 	EXP 	Created text = TextStim(__class__=<class 'psychopy.visual.text.TextStim'>, alignHoriz=method-wrapper(...), alignText='center', alignVert=method-wrapper(...), anchorHoriz='center', anchorVert='center', antialias=True, autoLog=True, bold=False, color=array([1., 1., 1.]), colorSpace='rgb', contrast=1.0, depth=0.0, flipHoriz=False, flipVert=False, font='Arial', fontFiles=[], height=0.07, italic=False, languageStyle='LTR', name='text', opacity=1, ori=0, pos=array([0., 0.]), rgb=UNKNOWN, text=str(...), units='norm', win=Window(...), wrapWidth=1.65)
15.0109 	EXP 	Created instru = TextStim(__class__=<class 'psychopy.visual.text.TextStim'>, alignHoriz=method-wrapper(...), alignText='center', alignVert=method-wrapper(...), anchorHoriz='center', anchorVert='center', antialias=True, autoLog=True, bold=False, color=array([1., 1., 1.]), colorSpace='rgb', contrast=1.0, depth=0.0, flipHoriz=False, flipVert=False, font='Arial', fontFiles=[], height=0.07, italic=False, languageStyle='LTR', name='instru', opacity=1, ori=0, pos=array([0. , 0.5]), rgb=UNKNOWN, text=str(...), units='norm', win=Window(...), wrapWidth=1)
15.0135 	EXP 	Created unnamed Line = Line(__class__=<class 'psychopy.visual.line.Line'>, autoDraw=False, autoLog=True, closeShape=False, color=array([1., 1., 1.]), colorSpace='rgb', contrast=None, depth=0, fillColor=array([0, 0, 0]), fillColorSpace='rgb', fillRGB=array([0, 0, 0]), interpolate=True, lineColor=array([1., 1., 1.]), lineColorSpace='rgb', lineRGB=array([1, 1, 1]), lineWidth=5, name='unnamed Line', opacity=0.5, ori=0.0, pos=array([0., 0.]), size=array([1., 1.]), units='norm', vertices=array([[-0.5,  0. ],
       [ 0.5,  0. ]]), win=Window(...), windingRule=None)
15.0155 	EXP 	Created unnamed Line = Line(__class__=<class 'psychopy.visual.line.Line'>, autoDraw=False, autoLog=True, closeShape=False, color=array([1., 1., 1.]), colorSpace='rgb', contrast=None, depth=0, fillColor=array([0, 0, 0]), fillColorSpace='rgb', fillRGB=array([0, 0, 0]), interpolate=True, lineColor=array([1., 1., 1.]), lineColorSpace='rgb', lineRGB=array([1, 1, 1]), lineWidth=3, name='unnamed Line', opacity=0.5, ori=0.0, pos=array([0., 0.]), size=array([1., 1.]), units='norm', vertices=array([[-0.5 , -0.05],
       [-0.5 ,  0.05]]), win=Window(...), windingRule=None)
15.0175 	EXP 	Created unnamed Line = Line(__class__=<class 'psychopy.visual.line.Line'>, autoDraw=False, autoLog=True, closeShape=False, color=array([1., 1., 1.]), colorSpace='rgb', contrast=None, depth=0, fillColor=array([0, 0, 0]), fillColorSpace='rgb', fillRGB=array([0, 0, 0]), interpolate=True, lineColor=array([1., 1., 1.]), lineColorSpace='rgb', lineRGB=array([1, 1, 1]), lineWidth=3, name='unnamed Line', opacity=0.5, ori=0.0, pos=array([0., 0.]), size=array([1., 1.]), units='norm', vertices=ndarray(...), win=Window(...), windingRule=None)
15.0195 	EXP 	Created unnamed Line = Line(__class__=<class 'psychopy.visual.line.Line'>, autoDraw=False, autoLog=True, closeShape=False, color=array([1., 1., 1.]), colorSpace='rgb', contrast=None, depth=0, fillColor=array([0, 0, 0]), fillColorSpace='rgb', fillRGB=array([0, 0, 0]), interpolate=True, lineColor=array([1., 1., 1.]), lineColorSpace='rgb', lineRGB=array([1, 1, 1]), lineWidth=3, name='unnamed Line', opacity=0.5, ori=0.0, pos=array([0., 0.]), size=array([1., 1.]), units='norm', vertices=ndarray(...), win=Window(...), windingRule=None)
15.0216 	EXP 	Created unnamed Line = Line(__class__=<class 'psychopy.visual.line.Line'>, autoDraw=False, autoLog=True, closeShape=False, color=array([1., 1., 1.]), colorSpace='rgb', contrast=None, depth=0, fillColor=array([0, 0, 0]), fillColorSpace='rgb', fillRGB=array([0, 0, 0]), interpolate=True, lineColor=array([1., 1., 1.]), lineColorSpace='rgb', lineRGB=array([1, 1, 1]), lineWidth=3, name='unnamed Line', opacity=0.5, ori=0.0, pos=array([0., 0.]), size=array([1., 1.]), units='norm', vertices=array([[ 0.5 , -0.05],
       [ 0.5 ,  0.05]]), win=Window(...), windingRule=None)
15.0333 	EXP 	Created unnamed TextStim = TextStim(__class__=<class 'psychopy.visual.text.TextStim'>, alignHoriz=method-wrapper(...), alignText='center', alignVert=method-wrapper(...), anchorHoriz='center', anchorVert='center', antialias=True, autoLog=True, bold=False, color=array([1., 1., 1.]), colorSpace='rgb', contrast=1.0, depth=0, flipHoriz=False, flipVert=False, font='', fontFiles=[], height=0.05, italic=False, languageStyle='LTR', name='unnamed TextStim', opacity=1.0, ori=0.0, pos=array([-0.5, -0.1]), rgb=UNKNOWN, text='Clearly \n NOT FOCUSED', units='norm', win=Window(...), wrapWidth=1)
15.0343 	EXP 	Created unnamed TextStim = TextStim(__class__=<class 'psychopy.visual.text.TextStim'>, alignHoriz=method-wrapper(...), alignText='center', alignVert=method-wrapper(...), anchorHoriz='center', anchorVert='center', antialias=True, autoLog=True, bold=False, color=array([1., 1., 1.]), colorSpace='rgb', contrast=1.0, depth=0, flipHoriz=False, flipVert=False, font='', fontFiles=[], height=0.05, italic=False, languageStyle='LTR', name='unnamed TextStim', opacity=1.0, ori=0.0, pos=array([-0.16666667, -0.1       ]), rgb=UNKNOWN, text='', units='norm', win=Window(...), wrapWidth=1)
15.0354 	EXP 	Created unnamed TextStim = TextStim(__class__=<class 'psychopy.visual.text.TextStim'>, alignHoriz=method-wrapper(...), alignText='center', alignVert=method-wrapper(...), anchorHoriz='center', anchorVert='center', antialias=True, autoLog=True, bold=False, color=array([1., 1., 1.]), colorSpace='rgb', contrast=1.0, depth=0, flipHoriz=False, flipVert=False, font='', fontFiles=[], height=0.05, italic=False, languageStyle='LTR', name='unnamed TextStim', opacity=1.0, ori=0.0, pos=array([ 0.16666667, -0.1       ]), rgb=UNKNOWN, text='', units='norm', win=Window(...), wrapWidth=1)
15.0385 	EXP 	Created unnamed TextStim = TextStim(__class__=<class 'psychopy.visual.text.TextStim'>, alignHoriz=method-wrapper(...), alignText='center', alignVert=method-wrapper(...), anchorHoriz='center', anchorVert='center', antialias=True, autoLog=True, bold=False, color=array([1., 1., 1.]), colorSpace='rgb', contrast=1.0, depth=0, flipHoriz=False, flipVert=False, font='', fontFiles=[], height=0.05, italic=False, languageStyle='LTR', name='unnamed TextStim', opacity=1.0, ori=0.0, pos=array([ 0.5, -0.1]), rgb=UNKNOWN, text='Clearly \n FOCUSED', units='norm', win=Window(...), wrapWidth=1)
15.0403 	EXP 	Created unnamed ShapeStim = ShapeStim(__class__=<class 'psychopy.visual.shape.ShapeStim'>, autoDraw=False, autoLog=True, closeShape=True, color=method-wrapper(...), colorSpace='rgb', contrast=None, depth=0, fillColor=array([1, 1, 1]), fillColorSpace='rgb', fillRGB=array([1, 1, 1]), interpolate=True, lineColor=array([-1., -1., -1.]), lineColorSpace='rgb', lineRGB=array([-1, -1, -1]), lineWidth=1.5, name='unnamed ShapeStim', opacity=1.0, ori=0.0, pos=array([0., 0.]), size=array([1., 1.]), units='norm', vertices=ndarray(...), win=Window(...), windingRule=None)
15.0488 	EXP 	Created instru = TextStim(__class__=<class 'psychopy.visual.text.TextStim'>, alignHoriz=method-wrapper(...), alignText='center', alignVert=method-wrapper(...), anchorHoriz='center', anchorVert='center', antialias=True, autoLog=True, bold=False, color=array([1., 1., 1.]), colorSpace='rgb', contrast=1.0, depth=0.0, flipHoriz=False, flipVert=False, font='Arial', fontFiles=[], height=0.07, italic=False, languageStyle='LTR', name='instru', opacity=1, ori=0, pos=array([0. , 0.5]), rgb=UNKNOWN, text=str(...), units='norm', win=Window(...), wrapWidth=1)
15.0508 	EXP 	Created unnamed Line = Line(__class__=<class 'psychopy.visual.line.Line'>, autoDraw=False, autoLog=True, closeShape=False, color=array([1., 1., 1.]), colorSpace='rgb', contrast=None, depth=0, fillColor=array([0, 0, 0]), fillColorSpace='rgb', fillRGB=array([0, 0, 0]), interpolate=True, lineColor=array([1., 1., 1.]), lineColorSpace='rgb', lineRGB=array([1, 1, 1]), lineWidth=5, name='unnamed Line', opacity=0.5, ori=0.0, pos=array([0., 0.]), size=array([1., 1.]), units='norm', vertices=array([[-0.5,  0. ],
       [ 0.5,  0. ]]), win=Window(...), windingRule=None)
15.0529 	EXP 	Created unnamed Line = Line(__class__=<class 'psychopy.visual.line.Line'>, autoDraw=False, autoLog=True, closeShape=False, color=array([1., 1., 1.]), colorSpace='rgb', contrast=None, depth=0, fillColor=array([0, 0, 0]), fillColorSpace='rgb', fillRGB=array([0, 0, 0]), interpolate=True, lineColor=array([1., 1., 1.]), lineColorSpace='rgb', lineRGB=array([1, 1, 1]), lineWidth=3, name='unnamed Line', opacity=0.5, ori=0.0, pos=array([0., 0.]), size=array([1., 1.]), units='norm', vertices=array([[-0.5 , -0.05],
       [-0.5 ,  0.05]]), win=Window(...), windingRule=None)
15.0549 	EXP 	Created unnamed Line = Line(__class__=<class 'psychopy.visual.line.Line'>, autoDraw=False, autoLog=True, closeShape=False, color=array([1., 1., 1.]), colorSpace='rgb', contrast=None, depth=0, fillColor=array([0, 0, 0]), fillColorSpace='rgb', fillRGB=array([0, 0, 0]), interpolate=True, lineColor=array([1., 1., 1.]), lineColorSpace='rgb', lineRGB=array([1, 1, 1]), lineWidth=3, name='unnamed Line', opacity=0.5, ori=0.0, pos=array([0., 0.]), size=array([1., 1.]), units='norm', vertices=ndarray(...), win=Window(...), windingRule=None)
15.0569 	EXP 	Created unnamed Line = Line(__class__=<class 'psychopy.visual.line.Line'>, autoDraw=False, autoLog=True, closeShape=False, color=array([1., 1., 1.]), colorSpace='rgb', contrast=None, depth=0, fillColor=array([0, 0, 0]), fillColorSpace='rgb', fillRGB=array([0, 0, 0]), interpolate=True, lineColor=array([1., 1., 1.]), lineColorSpace='rgb', lineRGB=array([1, 1, 1]), lineWidth=3, name='unnamed Line', opacity=0.5, ori=0.0, pos=array([0., 0.]), size=array([1., 1.]), units='norm', vertices=ndarray(...), win=Window(...), windingRule=None)
15.0590 	EXP 	Created unnamed Line = Line(__class__=<class 'psychopy.visual.line.Line'>, autoDraw=False, autoLog=True, closeShape=False, color=array([1., 1., 1.]), colorSpace='rgb', contrast=None, depth=0, fillColor=array([0, 0, 0]), fillColorSpace='rgb', fillRGB=array([0, 0, 0]), interpolate=True, lineColor=array([1., 1., 1.]), lineColorSpace='rgb', lineRGB=array([1, 1, 1]), lineWidth=3, name='unnamed Line', opacity=0.5, ori=0.0, pos=array([0., 0.]), size=array([1., 1.]), units='norm', vertices=array([[ 0.5 , -0.05],
       [ 0.5 ,  0.05]]), win=Window(...), windingRule=None)
15.0640 	EXP 	Created unnamed TextStim = TextStim(__class__=<class 'psychopy.visual.text.TextStim'>, alignHoriz=method-wrapper(...), alignText='center', alignVert=method-wrapper(...), anchorHoriz='center', anchorVert='center', antialias=True, autoLog=True, bold=False, color=array([1., 1., 1.]), colorSpace='rgb', contrast=1.0, depth=0, flipHoriz=False, flipVert=False, font='', fontFiles=[], height=0.05, italic=False, languageStyle='LTR', name='unnamed TextStim', opacity=1.0, ori=0.0, pos=array([-0.5, -0.1]), rgb=UNKNOWN, text='Clearly \n NOTHING', units='norm', win=Window(...), wrapWidth=1)
15.0651 	EXP 	Created unnamed TextStim = TextStim(__class__=<class 'psychopy.visual.text.TextStim'>, alignHoriz=method-wrapper(...), alignText='center', alignVert=method-wrapper(...), anchorHoriz='center', anchorVert='center', antialias=True, autoLog=True, bold=False, color=array([1., 1., 1.]), colorSpace='rgb', contrast=1.0, depth=0, flipHoriz=False, flipVert=False, font='', fontFiles=[], height=0.05, italic=False, languageStyle='LTR', name='unnamed TextStim', opacity=1.0, ori=0.0, pos=array([-0.16666667, -0.1       ]), rgb=UNKNOWN, text='', units='norm', win=Window(...), wrapWidth=1)
15.0661 	EXP 	Created unnamed TextStim = TextStim(__class__=<class 'psychopy.visual.text.TextStim'>, alignHoriz=method-wrapper(...), alignText='center', alignVert=method-wrapper(...), anchorHoriz='center', anchorVert='center', antialias=True, autoLog=True, bold=False, color=array([1., 1., 1.]), colorSpace='rgb', contrast=1.0, depth=0, flipHoriz=False, flipVert=False, font='', fontFiles=[], height=0.05, italic=False, languageStyle='LTR', name='unnamed TextStim', opacity=1.0, ori=0.0, pos=array([ 0.16666667, -0.1       ]), rgb=UNKNOWN, text='', units='norm', win=Window(...), wrapWidth=1)
15.0701 	EXP 	Created unnamed TextStim = TextStim(__class__=<class 'psychopy.visual.text.TextStim'>, alignHoriz=method-wrapper(...), alignText='center', alignVert=method-wrapper(...), anchorHoriz='center', anchorVert='center', antialias=True, autoLog=True, bold=False, color=array([1., 1., 1.]), colorSpace='rgb', contrast=1.0, depth=0, flipHoriz=False, flipVert=False, font='', fontFiles=[], height=0.05, italic=False, languageStyle='LTR', name='unnamed TextStim', opacity=1.0, ori=0.0, pos=array([ 0.5, -0.1]), rgb=UNKNOWN, text='Clearly \n SOMETHING', units='norm', win=Window(...), wrapWidth=1)
15.0720 	EXP 	Created unnamed ShapeStim = ShapeStim(__class__=<class 'psychopy.visual.shape.ShapeStim'>, autoDraw=False, autoLog=True, closeShape=True, color=method-wrapper(...), colorSpace='rgb', contrast=None, depth=0, fillColor=array([1, 1, 1]), fillColorSpace='rgb', fillRGB=array([1, 1, 1]), interpolate=True, lineColor=array([-1., -1., -1.]), lineColorSpace='rgb', lineRGB=array([-1, -1, -1]), lineWidth=1.5, name='unnamed ShapeStim', opacity=1.0, ori=0.0, pos=array([0., 0.]), size=array([1., 1.]), units='norm', vertices=ndarray(...), win=Window(...), windingRule=None)
15.0786 	EXP 	Created instru = TextStim(__class__=<class 'psychopy.visual.text.TextStim'>, alignHoriz=method-wrapper(...), alignText='center', alignVert=method-wrapper(...), anchorHoriz='center', anchorVert='center', antialias=True, autoLog=True, bold=False, color=array([1., 1., 1.]), colorSpace='rgb', contrast=1.0, depth=0.0, flipHoriz=False, flipVert=False, font='Arial', fontFiles=[], height=0.07, italic=False, languageStyle='LTR', name='instru', opacity=1, ori=0, pos=array([0. , 0.5]), rgb=UNKNOWN, text=str(...), units='norm', win=Window(...), wrapWidth=1)
15.0806 	EXP 	Created unnamed Line = Line(__class__=<class 'psychopy.visual.line.Line'>, autoDraw=False, autoLog=True, closeShape=False, color=array([1., 1., 1.]), colorSpace='rgb', contrast=None, depth=0, fillColor=array([0, 0, 0]), fillColorSpace='rgb', fillRGB=array([0, 0, 0]), interpolate=True, lineColor=array([1., 1., 1.]), lineColorSpace='rgb', lineRGB=array([1, 1, 1]), lineWidth=5, name='unnamed Line', opacity=0.5, ori=0.0, pos=array([0., 0.]), size=array([1., 1.]), units='norm', vertices=array([[-0.5,  0. ],
       [ 0.5,  0. ]]), win=Window(...), windingRule=None)
15.0826 	EXP 	Created unnamed Line = Line(__class__=<class 'psychopy.visual.line.Line'>, autoDraw=False, autoLog=True, closeShape=False, color=array([1., 1., 1.]), colorSpace='rgb', contrast=None, depth=0, fillColor=array([0, 0, 0]), fillColorSpace='rgb', fillRGB=array([0, 0, 0]), interpolate=True, lineColor=array([1., 1., 1.]), lineColorSpace='rgb', lineRGB=array([1, 1, 1]), lineWidth=3, name='unnamed Line', opacity=0.5, ori=0.0, pos=array([0., 0.]), size=array([1., 1.]), units='norm', vertices=array([[-0.5 , -0.05],
       [-0.5 ,  0.05]]), win=Window(...), windingRule=None)
15.0846 	EXP 	Created unnamed Line = Line(__class__=<class 'psychopy.visual.line.Line'>, autoDraw=False, autoLog=True, closeShape=False, color=array([1., 1., 1.]), colorSpace='rgb', contrast=None, depth=0, fillColor=array([0, 0, 0]), fillColorSpace='rgb', fillRGB=array([0, 0, 0]), interpolate=True, lineColor=array([1., 1., 1.]), lineColorSpace='rgb', lineRGB=array([1, 1, 1]), lineWidth=3, name='unnamed Line', opacity=0.5, ori=0.0, pos=array([0., 0.]), size=array([1., 1.]), units='norm', vertices=ndarray(...), win=Window(...), windingRule=None)
15.0867 	EXP 	Created unnamed Line = Line(__class__=<class 'psychopy.visual.line.Line'>, autoDraw=False, autoLog=True, closeShape=False, color=array([1., 1., 1.]), colorSpace='rgb', contrast=None, depth=0, fillColor=array([0, 0, 0]), fillColorSpace='rgb', fillRGB=array([0, 0, 0]), interpolate=True, lineColor=array([1., 1., 1.]), lineColorSpace='rgb', lineRGB=array([1, 1, 1]), lineWidth=3, name='unnamed Line', opacity=0.5, ori=0.0, pos=array([0., 0.]), size=array([1., 1.]), units='norm', vertices=ndarray(...), win=Window(...), windingRule=None)
15.0887 	EXP 	Created unnamed Line = Line(__class__=<class 'psychopy.visual.line.Line'>, autoDraw=False, autoLog=True, closeShape=False, color=array([1., 1., 1.]), colorSpace='rgb', contrast=None, depth=0, fillColor=array([0, 0, 0]), fillColorSpace='rgb', fillRGB=array([0, 0, 0]), interpolate=True, lineColor=array([1., 1., 1.]), lineColorSpace='rgb', lineRGB=array([1, 1, 1]), lineWidth=3, name='unnamed Line', opacity=0.5, ori=0.0, pos=array([0., 0.]), size=array([1., 1.]), units='norm', vertices=array([[ 0.5 , -0.05],
       [ 0.5 ,  0.05]]), win=Window(...), windingRule=None)
15.0936 	EXP 	Created unnamed TextStim = TextStim(__class__=<class 'psychopy.visual.text.TextStim'>, alignHoriz=method-wrapper(...), alignText='center', alignVert=method-wrapper(...), anchorHoriz='center', anchorVert='center', antialias=True, autoLog=True, bold=False, color=array([1., 1., 1.]), colorSpace='rgb', contrast=1.0, depth=0, flipHoriz=False, flipVert=False, font='', fontFiles=[], height=0.05, italic=False, languageStyle='LTR', name='unnamed TextStim', opacity=1.0, ori=0.0, pos=array([-0.5, -0.1]), rgb=UNKNOWN, text='Clearly \n SPONTANEOUS', units='norm', win=Window(...), wrapWidth=1)
15.0947 	EXP 	Created unnamed TextStim = TextStim(__class__=<class 'psychopy.visual.text.TextStim'>, alignHoriz=method-wrapper(...), alignText='center', alignVert=method-wrapper(...), anchorHoriz='center', anchorVert='center', antialias=True, autoLog=True, bold=False, color=array([1., 1., 1.]), colorSpace='rgb', contrast=1.0, depth=0, flipHoriz=False, flipVert=False, font='', fontFiles=[], height=0.05, italic=False, languageStyle='LTR', name='unnamed TextStim', opacity=1.0, ori=0.0, pos=array([-0.16666667, -0.1       ]), rgb=UNKNOWN, text='', units='norm', win=Window(...), wrapWidth=1)
15.0957 	EXP 	Created unnamed TextStim = TextStim(__class__=<class 'psychopy.visual.text.TextStim'>, alignHoriz=method-wrapper(...), alignText='center', alignVert=method-wrapper(...), anchorHoriz='center', anchorVert='center', antialias=True, autoLog=True, bold=False, color=array([1., 1., 1.]), colorSpace='rgb', contrast=1.0, depth=0, flipHoriz=False, flipVert=False, font='', fontFiles=[], height=0.05, italic=False, languageStyle='LTR', name='unnamed TextStim', opacity=1.0, ori=0.0, pos=array([ 0.16666667, -0.1       ]), rgb=UNKNOWN, text='', units='norm', win=Window(...), wrapWidth=1)
15.1009 	EXP 	Created unnamed TextStim = TextStim(__class__=<class 'psychopy.visual.text.TextStim'>, alignHoriz=method-wrapper(...), alignText='center', alignVert=method-wrapper(...), anchorHoriz='center', anchorVert='center', antialias=True, autoLog=True, bold=False, color=array([1., 1., 1.]), colorSpace='rgb', contrast=1.0, depth=0, flipHoriz=False, flipVert=False, font='', fontFiles=[], height=0.05, italic=False, languageStyle='LTR', name='unnamed TextStim', opacity=1.0, ori=0.0, pos=array([ 0.5, -0.1]), rgb=UNKNOWN, text='Clearly \n DELIBERATE', units='norm', win=Window(...), wrapWidth=1)
15.1026 	EXP 	Created unnamed ShapeStim = ShapeStim(__class__=<class 'psychopy.visual.shape.ShapeStim'>, autoDraw=False, autoLog=True, closeShape=True, color=method-wrapper(...), colorSpace='rgb', contrast=None, depth=0, fillColor=array([1, 1, 1]), fillColorSpace='rgb', fillRGB=array([1, 1, 1]), interpolate=True, lineColor=array([-1., -1., -1.]), lineColorSpace='rgb', lineRGB=array([-1, -1, -1]), lineWidth=1.5, name='unnamed ShapeStim', opacity=1.0, ori=0.0, pos=array([0., 0.]), size=array([1., 1.]), units='norm', vertices=ndarray(...), win=Window(...), windingRule=None)
15.1515 	EXP 	Sound  set volume 1.000
15.1824 	EXP 	unnamed ShapeStim: vertices = <class 'numpy.ndarray'>
15.1824 	EXP 	unnamed ShapeStim: vertices = <class 'numpy.ndarray'>
15.1824 	EXP 	unnamed ShapeStim: vertices = <class 'numpy.ndarray'>
217.3792 	DATA 	Keypress: rctrl
217.8910 	EXP 	Sound  started
218.5311 	DATA 	Keypress: rctrl
218.6408 	EXP 	Sound  started
219.2030 	DATA 	Keypress: rctrl
219.3909 	EXP 	Sound  started
219.9230 	DATA 	Keypress: lctrl
220.1409 	EXP 	Sound  started
220.7071 	DATA 	Keypress: lctrl
220.8909 	EXP 	Sound  started
221.5391 	DATA 	Keypress: lctrl
221.6409 	EXP 	Sound  started
222.2432 	DATA 	Keypress: lctrl
222.3909 	EXP 	Sound  started
222.9791 	DATA 	Keypress: rctrl
223.1409 	EXP 	Sound  started
223.7311 	DATA 	Keypress: lctrl
223.8910 	EXP 	Sound  started
224.4511 	DATA 	Keypress: rctrl
224.6410 	EXP 	Sound  started
225.2671 	DATA 	Keypress: rctrl
225.3910 	EXP 	Sound  started
226.0350 	DATA 	Keypress: rctrl
226.1410 	EXP 	Sound  started
226.8191 	DATA 	Keypress: lctrl
226.8910 	EXP 	Sound  started
227.4911 	DATA 	Keypress: rctrl
227.6410 	EXP 	Sound  started
228.2590 	DATA 	Keypress: rctrl
228.3910 	EXP 	Sound  started
228.9311 	DATA 	Keypress: rctrl
229.1410 	EXP 	Sound  started
229.6990 	DATA 	Keypress: lctrl
229.8912 	EXP 	Sound  started
230.4830 	DATA 	Keypress: rctrl
230.6412 	EXP 	Sound  started
231.2350 	DATA 	Keypress: lctrl
231.3912 	EXP 	Sound  started
231.8591 	DATA 	Keypress: lctrl
232.1412 	EXP 	Sound  started
232.5471 	DATA 	Keypress: lctrl
232.8912 	EXP 	Sound  started
233.2511 	DATA 	Keypress: lctrl
233.6413 	EXP 	Sound  started
234.0511 	DATA 	Keypress: rctrl
234.3913 	EXP 	Sound  started
234.8031 	DATA 	Keypress: lctrl
235.1413 	EXP 	Sound  started
235.5871 	DATA 	Keypress: rctrl
235.8913 	EXP 	Sound  started
236.2750 	DATA 	Keypress: rctrl
236.6413 	EXP 	Sound  started
237.0270 	DATA 	Keypress: rctrl
237.3913 	EXP 	Sound  started
237.8431 	DATA 	Keypress: lctrl
238.1413 	EXP 	Sound  started
238.5950 	DATA 	Keypress: rctrl
238.8913 	EXP 	Sound  started
239.3630 	DATA 	Keypress: rctrl
239.6414 	EXP 	Sound  started
240.0510 	DATA 	Keypress: rctrl
240.3914 	EXP 	Sound  started
240.8830 	DATA 	Keypress: lctrl
241.1414 	EXP 	Sound  started
241.6190 	DATA 	Keypress: rctrl
241.8914 	EXP 	Sound  started
242.3711 	DATA 	Keypress: lctrl
242.6414 	EXP 	Sound  started
243.0590 	DATA 	Keypress: lctrl
243.3914 	EXP 	Sound  started
243.8111 	DATA 	Keypress: lctrl
244.1414 	EXP 	Sound  started
244.5791 	DATA 	Keypress: lctrl
244.8914 	EXP 	Sound  started
245.3310 	DATA 	Keypress: rctrl
245.6415 	EXP 	Sound  started
246.0990 	DATA 	Keypress: rctrl
246.3915 	EXP 	Sound  started
246.9312 	DATA 	Keypress: lctrl
247.1415 	EXP 	Sound  started
247.7151 	DATA 	Keypress: rctrl
247.8915 	EXP 	Sound  started
248.4190 	DATA 	Keypress: rctrl
248.6415 	EXP 	Sound  started
249.2991 	DATA 	Keypress: rctrl
249.3916 	EXP 	Sound  started
250.0670 	DATA 	Keypress: rctrl
250.1416 	EXP 	Sound  started
250.8916 	EXP 	Sound  started
250.8991 	DATA 	Keypress: lctrl
251.5550 	DATA 	Keypress: rctrl
251.6416 	EXP 	Sound  started
252.2910 	DATA 	Keypress: lctrl
252.3916 	EXP 	Sound  started
253.0271 	DATA 	Keypress: rctrl
253.1416 	EXP 	Sound  started
253.7471 	DATA 	Keypress: rctrl
253.8916 	EXP 	Sound  started
254.4511 	DATA 	Keypress: rctrl
254.6417 	EXP 	Sound  started
255.2350 	DATA 	Keypress: lctrl
255.3917 	EXP 	Sound  started
255.9390 	DATA 	Keypress: rctrl
256.1417 	EXP 	Sound  started
256.6430 	DATA 	Keypress: lctrl
256.8917 	EXP 	Sound  started
257.3470 	DATA 	Keypress: lctrl
257.6417 	EXP 	Sound  started
258.0670 	DATA 	Keypress: lctrl
258.3917 	EXP 	Sound  started
258.8350 	DATA 	Keypress: rctrl
259.1417 	EXP 	Sound  started
259.6030 	DATA 	Keypress: lctrl
259.8917 	EXP 	Sound  started
260.2750 	DATA 	Keypress: lctrl
260.6417 	EXP 	Sound  started
260.9470 	DATA 	Keypress: lctrl
261.3918 	EXP 	Sound  started
261.6830 	DATA 	Keypress: lctrl
262.1418 	EXP 	Sound  started
262.4830 	DATA 	Keypress: rctrl
262.8918 	EXP 	Sound  started
263.2510 	DATA 	Keypress: rctrl
263.6418 	EXP 	Sound  started
263.9550 	DATA 	Keypress: rctrl
264.3918 	EXP 	Sound  started
264.7230 	DATA 	Keypress: rctrl
265.1418 	EXP 	Sound  started
265.5070 	DATA 	Keypress: lctrl
265.8918 	EXP 	Sound  started
266.1950 	DATA 	Keypress: rctrl
266.6418 	EXP 	Sound  started
266.9150 	DATA 	Keypress: lctrl
267.3919 	EXP 	Sound  started
267.7151 	DATA 	Keypress: lctrl
268.1419 	EXP 	Sound  started
268.4350 	DATA 	Keypress: lctrl
268.8919 	EXP 	Sound  started
269.2190 	DATA 	Keypress: rctrl
269.6419 	EXP 	Sound  started
269.9391 	DATA 	Keypress: lctrl
270.3919 	EXP 	Sound  started
270.6590 	DATA 	Keypress: lctrl
271.1419 	EXP 	Sound  started
271.4270 	DATA 	Keypress: rctrl
271.8919 	EXP 	Sound  started
272.1950 	DATA 	Keypress: lctrl
272.6420 	EXP 	Sound  started
272.9470 	DATA 	Keypress: lctrl
273.3920 	EXP 	Sound  started
273.7150 	DATA 	Keypress: rctrl
274.1420 	EXP 	Sound  started
274.4510 	DATA 	Keypress: lctrl
274.8920 	EXP 	Sound  started
275.1711 	DATA 	Keypress: rctrl
275.6420 	EXP 	Sound  started
275.9071 	DATA 	Keypress: lctrl
276.3920 	EXP 	Sound  started
276.6751 	DATA 	Keypress: rctrl
277.1420 	EXP 	Sound  started
277.3950 	DATA 	Keypress: rctrl
277.8921 	EXP 	Sound  started
278.1950 	DATA 	Keypress: rctrl
278.6421 	EXP 	Sound  started
278.9790 	DATA 	Keypress: rctrl
279.3921 	EXP 	Sound  started
279.7630 	DATA 	Keypress: lctrl
280.1421 	EXP 	Sound  started
280.4351 	DATA 	Keypress: lctrl
280.8921 	EXP 	Sound  started
281.1710 	DATA 	Keypress: rctrl
281.6421 	EXP 	Sound  started
281.8911 	DATA 	Keypress: lctrl
282.3922 	EXP 	Sound  started
282.6750 	DATA 	Keypress: rctrl
283.1422 	EXP 	Sound  started
283.4270 	DATA 	Keypress: rctrl
283.8922 	EXP 	Sound  started
284.1790 	DATA 	Keypress: rctrl
284.6607 	EXP 	unnamed TextStim: text = ''
284.6607 	EXP 	unnamed TextStim: text = ''
303.4131 	DATA 	Keypress: 3
303.4423 	EXP 	unnamed ShapeStim: vertices = <class 'numpy.ndarray'>
304.9769 	EXP 	unnamed TextStim: text = ''
304.9769 	EXP 	unnamed TextStim: text = ''
307.8294 	DATA 	Keypress: 4
307.8459 	EXP 	unnamed ShapeStim: vertices = <class 'numpy.ndarray'>
309.3805 	EXP 	unnamed TextStim: text = ''
309.3805 	EXP 	unnamed TextStim: text = ''
310.1485 	DATA 	Keypress: 3
310.1650 	EXP 	unnamed ShapeStim: vertices = <class 'numpy.ndarray'>
312.4493 	EXP 	Sound  started
312.4502 	DATA 	Keypress: rctrl
313.0110 	DATA 	Keypress: rctrl
313.1991 	EXP 	Sound  started
313.7630 	DATA 	Keypress: rctrl
313.9491 	EXP 	Sound  started
314.5311 	DATA 	Keypress: lctrl
314.6991 	EXP 	Sound  started
315.2672 	DATA 	Keypress: rctrl
315.4492 	EXP 	Sound  started
316.0190 	DATA 	Keypress: lctrl
316.1992 	EXP 	Sound  started
316.7389 	DATA 	Keypress: lctrl
316.9492 	EXP 	Sound  started
317.4430 	DATA 	Keypress: lctrl
317.6992 	EXP 	Sound  started
318.2430 	DATA 	Keypress: rctrl
318.4492 	EXP 	Sound  started
319.0429 	DATA 	Keypress: lctrl
319.1992 	EXP 	Sound  started
319.7310 	DATA 	Keypress: rctrl
319.9492 	EXP 	Sound  started
320.5630 	DATA 	Keypress: rctrl
320.6992 	EXP 	Sound  started
321.3470 	DATA 	Keypress: rctrl
321.4493 	EXP 	Sound  started
322.1790 	DATA 	Keypress: lctrl
322.1993 	EXP 	Sound  started
322.8829 	DATA 	Keypress: rctrl
322.9493 	EXP 	Sound  started
323.6670 	DATA 	Keypress: rctrl
323.6993 	EXP 	Sound  started
324.3070 	DATA 	Keypress: lctrl
324.4493 	EXP 	Sound  started
324.9949 	DATA 	Keypress: lctrl
325.1993 	EXP 	Sound  started
325.6990 	DATA 	Keypress: lctrl
325.9493 	EXP 	Sound  started
326.5790 	DATA 	Keypress: rctrl
326.6994 	EXP 	Sound  started
327.2669 	DATA 	Keypress: lctrl
327.4494 	EXP 	Sound  started
328.1150 	DATA 	Keypress: rctrl
328.1994 	EXP 	Sound  started
328.8829 	DATA 	Keypress: rctrl
328.9494 	EXP 	Sound  started
329.6509 	DATA 	Keypress: rctrl
329.6994 	EXP 	Sound  started
330.4189 	DATA 	Keypress: lctrl
330.4494 	EXP 	Sound  started
331.1550 	DATA 	Keypress: rctrl
331.1994 	EXP 	Sound  started
331.9231 	DATA 	Keypress: rctrl
331.9495 	EXP 	Sound  started
332.6271 	DATA 	Keypress: rctrl
332.6995 	EXP 	Sound  started
333.3470 	DATA 	Keypress: lctrl
333.4495 	EXP 	Sound  started
334.1630 	DATA 	Keypress: rctrl
334.1995 	EXP 	Sound  started
334.9310 	DATA 	Keypress: lctrl
334.9495 	EXP 	Sound  started
335.6510 	DATA 	Keypress: lctrl
335.6995 	EXP 	Sound  started
336.4496 	EXP 	Sound  started
336.4830 	DATA 	Keypress: rctrl
337.1995 	EXP 	Sound  started
337.2189 	DATA 	Keypress: lctrl
337.8910 	DATA 	Keypress: rctrl
337.9496 	EXP 	Sound  started
338.6996 	EXP 	Sound  started
338.7070 	DATA 	Keypress: rctrl
339.4109 	DATA 	Keypress: rctrl
339.4496 	EXP 	Sound  started
340.0830 	DATA 	Keypress: lctrl
340.1996 	EXP 	Sound  started
340.7550 	DATA 	Keypress: rctrl
340.9496 	EXP 	Sound  started
341.5070 	DATA 	Keypress: rctrl
341.6996 	EXP 	Sound  started
342.2111 	DATA 	Keypress: rctrl
342.4496 	EXP 	Sound  started
342.9789 	DATA 	Keypress: lctrl
343.1997 	EXP 	Sound  started
343.7472 	DATA 	Keypress: rctrl
343.9497 	EXP 	Sound  started
344.4031 	DATA 	Keypress: rctrl
344.6997 	EXP 	Sound  started
345.1710 	DATA 	Keypress: rctrl
345.4497 	EXP 	Sound  started
346.0030 	DATA 	Keypress: lctrl
346.1997 	EXP 	Sound  started
346.7710 	DATA 	Keypress: rctrl
346.9497 	EXP 	Sound  started
347.5709 	DATA 	Keypress: lctrl
347.6997 	EXP 	Sound  started
348.2270 	DATA 	Keypress: rctrl
348.4497 	EXP 	Sound  started
348.8989 	DATA 	Keypress: rctrl
349.1998 	EXP 	Sound  started
349.6349 	DATA 	Keypress: rctrl
349.9498 	EXP 	Sound  started
350.4189 	DATA 	Keypress: rctrl
350.6998 	EXP 	Sound  started
351.2189 	DATA 	Keypress: lctrl
351.4498 	EXP 	Sound  started
351.8910 	DATA 	Keypress: rctrl
352.1998 	EXP 	Sound  started
352.6430 	DATA 	Keypress: lctrl
352.9498 	EXP 	Sound  started
353.2990 	DATA 	Keypress: lctrl
353.6998 	EXP 	Sound  started
354.0030 	DATA 	Keypress: lctrl
354.4499 	EXP 	Sound  started
354.7710 	DATA 	Keypress: lctrl
355.1999 	EXP 	Sound  started
355.4589 	DATA 	Keypress: rctrl
355.9499 	EXP 	Sound  started
356.3070 	DATA 	Keypress: rctrl
356.6999 	EXP 	Sound  started
357.1870 	DATA 	Keypress: rctrl
357.4499 	EXP 	Sound  started
358.1470 	DATA 	Keypress: lctrl
358.1999 	EXP 	Sound  started
358.9499 	EXP 	Sound  started
359.0110 	DATA 	Keypress: lctrl
359.6989 	DATA 	Keypress: rctrl
359.7000 	EXP 	Sound  started
360.4189 	DATA 	Keypress: lctrl
360.4500 	EXP 	Sound  started
361.1710 	DATA 	Keypress: rctrl
365.5433 	DATA 	Keypress: 3
365.5599 	EXP 	unnamed ShapeStim: vertices = <class 'numpy.ndarray'>
367.9291 	DATA 	Keypress: 4
367.9456 	EXP 	unnamed ShapeStim: vertices = <class 'numpy.ndarray'>
370.2143 	DATA 	Keypress: 3
370.2308 	EXP 	unnamed ShapeStim: vertices = <class 'numpy.ndarray'>
372.5158 	EXP 	Sound  started
372.5167 	DATA 	Keypress: rctrl
372.9790 	DATA 	Keypress: rctrl
373.2657 	EXP 	Sound  started
373.7471 	DATA 	Keypress: lctrl
374.0157 	EXP 	Sound  started
374.5470 	DATA 	Keypress: rctrl
374.7657 	EXP 	Sound  started
375.2510 	DATA 	Keypress: rctrl
375.5157 	EXP 	Sound  started
375.9550 	DATA 	Keypress: rctrl
376.2657 	EXP 	Sound  started
376.7389 	DATA 	Keypress: lctrl
377.0157 	EXP 	Sound  started
377.4589 	DATA 	Keypress: rctrl
377.7657 	EXP 	Sound  started
378.1469 	DATA 	Keypress: lctrl
378.5157 	EXP 	Sound  started
378.8349 	DATA 	Keypress: lctrl
379.2658 	EXP 	Sound  started
379.6029 	DATA 	Keypress: lctrl
380.0158 	EXP 	Sound  started
380.3869 	DATA 	Keypress: rctrl
380.7658 	EXP 	Sound  started
381.1389 	DATA 	Keypress: lctrl
381.5158 	EXP 	Sound  started
381.9069 	DATA 	Keypress: rctrl
382.2658 	EXP 	Sound  started
382.6430 	DATA 	Keypress: rctrl
383.0158 	EXP 	Sound  started
383.4589 	DATA 	Keypress: rctrl
383.7658 	EXP 	Sound  started
384.1629 	DATA 	Keypress: lctrl
384.5158 	EXP 	Sound  started
384.8669 	DATA 	Keypress: rctrl
385.2659 	EXP 	Sound  started
385.5869 	DATA 	Keypress: rctrl
386.0159 	EXP 	Sound  started
386.3230 	DATA 	Keypress: rctrl
386.7659 	EXP 	Sound  started
387.1389 	DATA 	Keypress: lctrl
387.5159 	EXP 	Sound  started
387.7629 	DATA 	Keypress: rctrl
388.2659 	EXP 	Sound  started
388.5789 	DATA 	Keypress: rctrl
389.0159 	EXP 	Sound  started
389.3309 	DATA 	Keypress: rctrl
389.7659 	EXP 	Sound  started
390.0989 	DATA 	Keypress: rctrl
390.5159 	EXP 	Sound  started
390.8669 	DATA 	Keypress: lctrl
391.2660 	EXP 	Sound  started
391.5709 	DATA 	Keypress: rctrl
392.0160 	EXP 	Sound  started
392.3229 	DATA 	Keypress: lctrl
392.7660 	EXP 	Sound  started
393.0589 	DATA 	Keypress: lctrl
393.5160 	EXP 	Sound  started
393.8590 	DATA 	Keypress: lctrl
394.2660 	EXP 	Sound  started
394.6110 	DATA 	Keypress: lctrl
395.0160 	EXP 	Sound  started
395.3949 	DATA 	Keypress: lctrl
395.7660 	EXP 	Sound  started
396.1630 	DATA 	Keypress: rctrl
396.5160 	EXP 	Sound  started
396.8510 	DATA 	Keypress: lctrl
397.2661 	EXP 	Sound  started
397.5549 	DATA 	Keypress: rctrl
398.0161 	EXP 	Sound  started
398.2750 	DATA 	Keypress: rctrl
398.7661 	EXP 	Sound  started
399.0430 	DATA 	Keypress: rctrl
399.5161 	EXP 	Sound  started
399.7950 	DATA 	Keypress: rctrl
400.2661 	EXP 	Sound  started
400.5950 	DATA 	Keypress: lctrl
401.0161 	EXP 	Sound  started
401.2509 	DATA 	Keypress: rctrl
401.7662 	EXP 	Sound  started
402.0190 	DATA 	Keypress: lctrl
402.5162 	EXP 	Sound  started
402.7869 	DATA 	Keypress: lctrl
403.2662 	EXP 	Sound  started
403.5390 	DATA 	Keypress: lctrl
404.0162 	EXP 	Sound  started
404.3391 	DATA 	Keypress: lctrl
404.7662 	EXP 	Sound  started
405.1229 	DATA 	Keypress: lctrl
405.5162 	EXP 	Sound  started
405.9070 	DATA 	Keypress: rctrl
406.2662 	EXP 	Sound  started
406.5789 	DATA 	Keypress: lctrl
407.0163 	EXP 	Sound  started
407.3150 	DATA 	Keypress: rctrl
407.7663 	EXP 	Sound  started
408.0349 	DATA 	Keypress: rctrl
408.5163 	EXP 	Sound  started
408.8030 	DATA 	Keypress: rctrl
409.2663 	EXP 	Sound  started
409.5710 	DATA 	Keypress: rctrl
410.0163 	EXP 	Sound  started
410.3549 	DATA 	Keypress: rctrl
410.7663 	EXP 	Sound  started
411.1389 	DATA 	Keypress: lctrl
411.5163 	EXP 	Sound  started
411.7950 	DATA 	Keypress: rctrl
412.2663 	EXP 	Sound  started
412.6269 	DATA 	Keypress: lctrl
413.0164 	EXP 	Sound  started
413.3789 	DATA 	Keypress: lctrl
413.7664 	EXP 	Sound  started
414.1310 	DATA 	Keypress: lctrl
414.5164 	EXP 	Sound  started
414.8990 	DATA 	Keypress: lctrl
415.2664 	EXP 	Sound  started
415.6189 	DATA 	Keypress: rctrl
420.7552 	DATA 	Keypress: 3
420.7717 	EXP 	unnamed ShapeStim: vertices = <class 'numpy.ndarray'>
425.1088 	DATA 	Keypress: 4
425.1253 	EXP 	unnamed ShapeStim: vertices = <class 'numpy.ndarray'>
426.9646 	DATA 	Keypress: 4
426.9942 	EXP 	unnamed ShapeStim: vertices = <class 'numpy.ndarray'>
429.2789 	EXP 	Sound  started
429.2798 	DATA 	Keypress: rctrl
429.8589 	DATA 	Keypress: lctrl
430.0288 	EXP 	Sound  started
430.5629 	DATA 	Keypress: lctrl
430.7788 	EXP 	Sound  started
431.2829 	DATA 	Keypress: lctrl
431.5288 	EXP 	Sound  started
432.0669 	DATA 	Keypress: rctrl
432.2788 	EXP 	Sound  started
432.8669 	DATA 	Keypress: lctrl
433.0289 	EXP 	Sound  started
433.6829 	DATA 	Keypress: lctrl
433.7789 	EXP 	Sound  started
434.4189 	DATA 	Keypress: rctrl
434.5289 	EXP 	Sound  started
435.1229 	DATA 	Keypress: rctrl
435.2789 	EXP 	Sound  started
435.8589 	DATA 	Keypress: lctrl
436.0289 	EXP 	Sound  started
436.5950 	DATA 	Keypress: rctrl
436.7789 	EXP 	Sound  started
437.3309 	DATA 	Keypress: lctrl
437.5289 	EXP 	Sound  started
438.0349 	DATA 	Keypress: lctrl
438.2790 	EXP 	Sound  started
438.7709 	DATA 	Keypress: lctrl
439.0290 	EXP 	Sound  started
439.5549 	DATA 	Keypress: rctrl
439.7790 	EXP 	Sound  started
440.2910 	DATA 	Keypress: lctrl
440.5290 	EXP 	Sound  started
441.0110 	DATA 	Keypress: rctrl
441.2790 	EXP 	Sound  started
441.8429 	DATA 	Keypress: rctrl
442.0290 	EXP 	Sound  started
442.6909 	DATA 	Keypress: rctrl
442.7791 	EXP 	Sound  started
443.4910 	DATA 	Keypress: lctrl
443.5291 	EXP 	Sound  started
444.1949 	DATA 	Keypress: rctrl
444.2791 	EXP 	Sound  started
444.8509 	DATA 	Keypress: rctrl
445.0291 	EXP 	Sound  started
445.5709 	DATA 	Keypress: rctrl
445.7791 	EXP 	Sound  started
446.3069 	DATA 	Keypress: rctrl
446.5291 	EXP 	Sound  started
447.0430 	DATA 	Keypress: lctrl
447.2791 	EXP 	Sound  started
447.7149 	DATA 	Keypress: rctrl
448.0292 	EXP 	Sound  started
448.4350 	DATA 	Keypress: lctrl
448.7792 	EXP 	Sound  started
449.1871 	DATA 	Keypress: lctrl
449.5292 	EXP 	Sound  started
450.0349 	DATA 	Keypress: lctrl
450.2792 	EXP 	Sound  started
450.7869 	DATA 	Keypress: lctrl
451.0292 	EXP 	Sound  started
451.5708 	DATA 	Keypress: rctrl
451.7792 	EXP 	Sound  started
452.2909 	DATA 	Keypress: lctrl
452.5292 	EXP 	Sound  started
453.0270 	DATA 	Keypress: lctrl
453.2792 	EXP 	Sound  started
453.7629 	DATA 	Keypress: lctrl
454.0293 	EXP 	Sound  started
454.5469 	DATA 	Keypress: rctrl
454.7793 	EXP 	Sound  started
455.2510 	DATA 	Keypress: rctrl
455.5293 	EXP 	Sound  started
456.0189 	DATA 	Keypress: lctrl
456.2793 	EXP 	Sound  started
456.7549 	DATA 	Keypress: rctrl
457.0293 	EXP 	Sound  started
457.5230 	DATA 	Keypress: lctrl
457.7793 	EXP 	Sound  started
458.2909 	DATA 	Keypress: rctrl
458.5293 	EXP 	Sound  started
459.0589 	DATA 	Keypress: rctrl
459.2794 	EXP 	Sound  started
459.7789 	DATA 	Keypress: rctrl
460.0294 	EXP 	Sound  started
460.4829 	DATA 	Keypress: rctrl
460.7794 	EXP 	Sound  started
461.2989 	DATA 	Keypress: lctrl
461.5294 	EXP 	Sound  started
462.0029 	DATA 	Keypress: rctrl
462.2794 	EXP 	Sound  started
462.7710 	DATA 	Keypress: lctrl
463.0294 	EXP 	Sound  started
463.4909 	DATA 	Keypress: lctrl
463.7794 	EXP 	Sound  started
464.2269 	DATA 	Keypress: lctrl
464.5295 	EXP 	Sound  started
464.9309 	DATA 	Keypress: rctrl
465.2795 	EXP 	Sound  started
465.6509 	DATA 	Keypress: lctrl
466.0295 	EXP 	Sound  started
466.3230 	DATA 	Keypress: rctrl
466.7795 	EXP 	Sound  started
467.1070 	DATA 	Keypress: rctrl
467.5295 	EXP 	Sound  started
467.7949 	DATA 	Keypress: rctrl
468.2795 	EXP 	Sound  started
468.6109 	DATA 	Keypress: lctrl
469.0295 	EXP 	Sound  started
469.3789 	DATA 	Keypress: lctrl
475.7836 	DATA 	Keypress: 3
475.8001 	EXP 	unnamed ShapeStim: vertices = <class 'numpy.ndarray'>
478.8694 	DATA 	Keypress: 4
478.8860 	EXP 	unnamed ShapeStim: vertices = <class 'numpy.ndarray'>
481.5555 	DATA 	Keypress: 2
481.5720 	EXP 	unnamed ShapeStim: vertices = <class 'numpy.ndarray'>
483.8570 	EXP 	Sound  started
483.8578 	DATA 	Keypress: rctrl
484.4189 	DATA 	Keypress: lctrl
484.6068 	EXP 	Sound  started
485.0909 	DATA 	Keypress: lctrl
485.3568 	EXP 	Sound  started
485.7789 	DATA 	Keypress: lctrl
486.1068 	EXP 	Sound  started
486.4989 	DATA 	Keypress: lctrl
486.8569 	EXP 	Sound  started
487.2030 	DATA 	Keypress: rctrl
487.6069 	EXP 	Sound  started
487.9548 	DATA 	Keypress: lctrl
488.3569 	EXP 	Sound  started
488.6909 	DATA 	Keypress: rctrl
489.1069 	EXP 	Sound  started
489.4109 	DATA 	Keypress: rctrl
489.8569 	EXP 	Sound  started
490.1790 	DATA 	Keypress: rctrl
490.6069 	EXP 	Sound  started
490.9949 	DATA 	Keypress: lctrl
491.3569 	EXP 	Sound  started
491.7309 	DATA 	Keypress: lctrl
492.1069 	EXP 	Sound  started
492.5149 	DATA 	Keypress: rctrl
492.8570 	EXP 	Sound  started
493.2509 	DATA 	Keypress: lctrl
493.6070 	EXP 	Sound  started
493.9710 	DATA 	Keypress: lctrl
494.3570 	EXP 	Sound  started
494.7549 	DATA 	Keypress: lctrl
495.1070 	EXP 	Sound  started
495.4428 	DATA 	Keypress: rctrl
495.8570 	EXP 	Sound  started
496.2269 	DATA 	Keypress: lctrl
496.6070 	EXP 	Sound  started
496.9789 	DATA 	Keypress: rctrl
497.3570 	EXP 	Sound  started
497.7309 	DATA 	Keypress: rctrl
498.1070 	EXP 	Sound  started
498.4510 	DATA 	Keypress: rctrl
498.8571 	EXP 	Sound  started
499.2829 	DATA 	Keypress: lctrl
499.6071 	EXP 	Sound  started
499.9709 	DATA 	Keypress: rctrl
500.3571 	EXP 	Sound  started
500.6908 	DATA 	Keypress: lctrl
501.1071 	EXP 	Sound  started
501.4269 	DATA 	Keypress: lctrl
501.8571 	EXP 	Sound  started
502.1629 	DATA 	Keypress: lctrl
502.6071 	EXP 	Sound  started
503.0749 	DATA 	Keypress: rctrl
503.3571 	EXP 	Sound  started
503.8269 	DATA 	Keypress: lctrl
504.1072 	EXP 	Sound  started
504.5309 	DATA 	Keypress: lctrl
504.8572 	EXP 	Sound  started
505.2349 	DATA 	Keypress: rctrl
505.6072 	EXP 	Sound  started
506.0510 	DATA 	Keypress: lctrl
506.3572 	EXP 	Sound  started
506.8189 	DATA 	Keypress: rctrl
507.1072 	EXP 	Sound  started
507.5228 	DATA 	Keypress: rctrl
507.8572 	EXP 	Sound  started
508.3229 	DATA 	Keypress: lctrl
508.6072 	EXP 	Sound  started
508.9628 	DATA 	Keypress: rctrl
509.3572 	EXP 	Sound  started
509.7149 	DATA 	Keypress: rctrl
510.1072 	EXP 	Sound  started
510.4669 	DATA 	Keypress: rctrl
510.8573 	EXP 	Sound  started
511.1869 	DATA 	Keypress: lctrl
511.6073 	EXP 	Sound  started
511.9229 	DATA 	Keypress: rctrl
512.3573 	EXP 	Sound  started
512.6748 	DATA 	Keypress: rctrl
513.1073 	EXP 	Sound  started
513.5869 	DATA 	Keypress: lctrl
513.8573 	EXP 	Sound  started
514.2428 	DATA 	Keypress: rctrl
514.6073 	EXP 	Sound  started
514.9628 	DATA 	Keypress: rctrl
515.3573 	EXP 	Sound  started
515.6988 	DATA 	Keypress: rctrl
516.1074 	EXP 	Sound  started
516.5629 	DATA 	Keypress: lctrl
516.8574 	EXP 	Sound  started
517.2669 	DATA 	Keypress: rctrl
517.6074 	EXP 	Sound  started
518.0669 	DATA 	Keypress: lctrl
518.3574 	EXP 	Sound  started
518.8029 	DATA 	Keypress: lctrl
519.1074 	EXP 	Sound  started
519.4749 	DATA 	Keypress: lctrl
519.8574 	EXP 	Sound  started
520.2268 	DATA 	Keypress: lctrl
520.6074 	EXP 	Sound  started
521.0589 	DATA 	Keypress: rctrl
521.3575 	EXP 	Sound  started
521.7471 	DATA 	Keypress: lctrl
522.1075 	EXP 	Sound  started
522.4829 	DATA 	Keypress: rctrl
522.8575 	EXP 	Sound  started
523.1869 	DATA 	Keypress: rctrl
523.6075 	EXP 	Sound  started
523.9389 	DATA 	Keypress: rctrl
524.3575 	EXP 	Sound  started
524.7069 	DATA 	Keypress: rctrl
525.1075 	EXP 	Sound  started
525.5548 	DATA 	Keypress: lctrl
525.8575 	EXP 	Sound  started
526.2589 	DATA 	Keypress: rctrl
526.6076 	EXP 	Sound  started
526.9629 	DATA 	Keypress: rctrl
527.3576 	EXP 	Sound  started
527.8588 	DATA 	Keypress: lctrl
528.1076 	EXP 	Sound  started
528.5309 	DATA 	Keypress: rctrl
528.8576 	EXP 	Sound  started
529.2349 	DATA 	Keypress: rctrl
529.6076 	EXP 	Sound  started
530.0029 	DATA 	Keypress: rctrl
530.3576 	EXP 	Sound  started
530.7389 	DATA 	Keypress: lctrl
531.1076 	EXP 	Sound  started
531.4589 	DATA 	Keypress: lctrl
531.8576 	EXP 	Sound  started
532.2748 	DATA 	Keypress: rctrl
532.6077 	EXP 	Sound  started
532.9628 	DATA 	Keypress: lctrl
533.3577 	EXP 	Sound  started
533.7789 	DATA 	Keypress: rctrl
534.1077 	EXP 	Sound  started
534.4509 	DATA 	Keypress: rctrl
534.8577 	EXP 	Sound  started
535.2349 	DATA 	Keypress: rctrl
535.6077 	EXP 	Sound  started
535.9388 	DATA 	Keypress: rctrl
536.3577 	EXP 	Sound  started
536.8189 	DATA 	Keypress: lctrl
537.1077 	EXP 	Sound  started
537.5228 	DATA 	Keypress: rctrl
537.8577 	EXP 	Sound  started
538.2908 	DATA 	Keypress: rctrl
538.6078 	EXP 	Sound  started
539.1389 	DATA 	Keypress: lctrl
539.3578 	EXP 	Sound  started
539.9228 	DATA 	Keypress: rctrl
540.1078 	EXP 	Sound  started
540.6269 	DATA 	Keypress: lctrl
540.8578 	EXP 	Sound  started
541.3469 	DATA 	Keypress: lctrl
541.6078 	EXP 	Sound  started
542.0509 	DATA 	Keypress: lctrl
542.3578 	EXP 	Sound  started
542.8028 	DATA 	Keypress: lctrl
543.1078 	EXP 	Sound  started
543.5709 	DATA 	Keypress: rctrl
543.8579 	EXP 	Sound  started
544.2909 	DATA 	Keypress: lctrl
544.6079 	EXP 	Sound  started
544.8349 	DATA 	Keypress: rctrl
545.3579 	EXP 	Sound  started
545.6668 	DATA 	Keypress: rctrl
546.1079 	EXP 	Sound  started
546.4348 	DATA 	Keypress: rctrl
546.8579 	EXP 	Sound  started
547.2669 	DATA 	Keypress: lctrl
549.4940 	DATA 	Keypress: 4
549.5105 	EXP 	unnamed ShapeStim: vertices = <class 'numpy.ndarray'>
552.4468 	DATA 	Keypress: 4
552.4634 	EXP 	unnamed ShapeStim: vertices = <class 'numpy.ndarray'>
555.1657 	DATA 	Keypress: 3
555.1823 	EXP 	unnamed ShapeStim: vertices = <class 'numpy.ndarray'>
557.4667 	EXP 	Sound  started
557.4675 	DATA 	Keypress: rctrl
557.9549 	DATA 	Keypress: rctrl
558.2165 	EXP 	Sound  started
558.7228 	DATA 	Keypress: lctrl
558.9665 	EXP 	Sound  started
559.4269 	DATA 	Keypress: rctrl
559.7165 	EXP 	Sound  started
560.1468 	DATA 	Keypress: lctrl
560.4666 	EXP 	Sound  started
560.9628 	DATA 	Keypress: lctrl
561.2166 	EXP 	Sound  started
561.6348 	DATA 	Keypress: lctrl
561.9666 	EXP 	Sound  started
562.3068 	DATA 	Keypress: rctrl
562.7166 	EXP 	Sound  started
563.1069 	DATA 	Keypress: lctrl
563.4666 	EXP 	Sound  started
563.8268 	DATA 	Keypress: rctrl
564.2166 	EXP 	Sound  started
564.5628 	DATA 	Keypress: rctrl
564.9667 	EXP 	Sound  started
565.2988 	DATA 	Keypress: rctrl
565.7167 	EXP 	Sound  started
566.0828 	DATA 	Keypress: lctrl
566.4667 	EXP 	Sound  started
566.8188 	DATA 	Keypress: rctrl
567.2167 	EXP 	Sound  started
567.5868 	DATA 	Keypress: rctrl
567.9667 	EXP 	Sound  started
568.2748 	DATA 	Keypress: rctrl
568.7167 	EXP 	Sound  started
569.0748 	DATA 	Keypress: lctrl
569.4667 	EXP 	Sound  started
569.8428 	DATA 	Keypress: lctrl
570.2168 	EXP 	Sound  started
570.6268 	DATA 	Keypress: rctrl
570.9668 	EXP 	Sound  started
571.4108 	DATA 	Keypress: lctrl
571.7168 	EXP 	Sound  started
572.0988 	DATA 	Keypress: rctrl
572.4668 	EXP 	Sound  started
572.7869 	DATA 	Keypress: rctrl
573.2168 	EXP 	Sound  started
573.5549 	DATA 	Keypress: lctrl
573.9668 	EXP 	Sound  started
574.2748 	DATA 	Keypress: rctrl
574.7168 	EXP 	Sound  started
574.9949 	DATA 	Keypress: rctrl
575.4668 	EXP 	Sound  started
575.8908 	DATA 	Keypress: lctrl
576.2168 	EXP 	Sound  started
576.6588 	DATA 	Keypress: rctrl
576.9669 	EXP 	Sound  started
577.4588 	DATA 	Keypress: lctrl
577.7169 	EXP 	Sound  started
578.1628 	DATA 	Keypress: lctrl
578.4669 	EXP 	Sound  started
578.8828 	DATA 	Keypress: rctrl
579.2169 	EXP 	Sound  started
579.6348 	DATA 	Keypress: lctrl
579.9669 	EXP 	Sound  started
580.4348 	DATA 	Keypress: lctrl
580.7169 	EXP 	Sound  started
581.1228 	DATA 	Keypress: lctrl
581.4669 	EXP 	Sound  started
581.8588 	DATA 	Keypress: rctrl
582.2170 	EXP 	Sound  started
582.5948 	DATA 	Keypress: rctrl
582.9670 	EXP 	Sound  started
583.3469 	DATA 	Keypress: rctrl
583.7170 	EXP 	Sound  started
584.0829 	DATA 	Keypress: lctrl
584.4670 	EXP 	Sound  started
584.8509 	DATA 	Keypress: rctrl
585.2170 	EXP 	Sound  started
585.5708 	DATA 	Keypress: lctrl
585.9670 	EXP 	Sound  started
586.3068 	DATA 	Keypress: lctrl
586.7170 	EXP 	Sound  started
587.0589 	DATA 	Keypress: lctrl
587.4671 	EXP 	Sound  started
587.8429 	DATA 	Keypress: rctrl
588.2171 	EXP 	Sound  started
588.5628 	DATA 	Keypress: rctrl
588.9671 	EXP 	Sound  started
589.3628 	DATA 	Keypress: lctrl
589.7171 	EXP 	Sound  started
590.1149 	DATA 	Keypress: rctrl
590.4671 	EXP 	Sound  started
590.8508 	DATA 	Keypress: lctrl
591.2171 	EXP 	Sound  started
591.6028 	DATA 	Keypress: lctrl
591.9672 	EXP 	Sound  started
592.3228 	DATA 	Keypress: lctrl
592.7172 	EXP 	Sound  started
593.0748 	DATA 	Keypress: rctrl
593.4672 	EXP 	Sound  started
593.8109 	DATA 	Keypress: lctrl
594.2172 	EXP 	Sound  started
594.5629 	DATA 	Keypress: rctrl
594.9672 	EXP 	Sound  started
595.3148 	DATA 	Keypress: rctrl
595.7172 	EXP 	Sound  started
596.1308 	DATA 	Keypress: rctrl
596.4672 	EXP 	Sound  started
596.9788 	DATA 	Keypress: lctrl
599.5889 	DATA 	Keypress: 3
599.6182 	EXP 	unnamed ShapeStim: vertices = <class 'numpy.ndarray'>
602.0703 	DATA 	Keypress: 4
602.0869 	EXP 	unnamed ShapeStim: vertices = <class 'numpy.ndarray'>
604.4728 	DATA 	Keypress: 3
604.4893 	EXP 	unnamed ShapeStim: vertices = <class 'numpy.ndarray'>
606.7741 	EXP 	Sound  started
606.7750 	DATA 	Keypress: rctrl
607.3149 	DATA 	Keypress: rctrl
607.5240 	EXP 	Sound  started
608.0668 	DATA 	Keypress: lctrl
608.2740 	EXP 	Sound  started
608.8029 	DATA 	Keypress: rctrl
609.0240 	EXP 	Sound  started
609.5548 	DATA 	Keypress: lctrl
609.7740 	EXP 	Sound  started
610.2589 	DATA 	Keypress: lctrl
610.5240 	EXP 	Sound  started
610.9788 	DATA 	Keypress: lctrl
611.2740 	EXP 	Sound  started
611.7469 	DATA 	Keypress: lctrl
612.0240 	EXP 	Sound  started
612.5628 	DATA 	Keypress: rctrl
612.7741 	EXP 	Sound  started
613.2509 	DATA 	Keypress: lctrl
613.5241 	EXP 	Sound  started
614.0028 	DATA 	Keypress: lctrl
614.2741 	EXP 	Sound  started
614.7389 	DATA 	Keypress: lctrl
615.0241 	EXP 	Sound  started
615.4268 	DATA 	Keypress: rctrl
615.7741 	EXP 	Sound  started
616.2108 	DATA 	Keypress: rctrl
616.5241 	EXP 	Sound  started
616.9948 	DATA 	Keypress: lctrl
617.2741 	EXP 	Sound  started
617.7628 	DATA 	Keypress: rctrl
618.0242 	EXP 	Sound  started
618.5148 	DATA 	Keypress: rctrl
618.7742 	EXP 	Sound  started
619.2829 	DATA 	Keypress: rctrl
619.5242 	EXP 	Sound  started
620.0508 	DATA 	Keypress: rctrl
620.2742 	EXP 	Sound  started
620.8508 	DATA 	Keypress: lctrl
621.0242 	EXP 	Sound  started
621.6028 	DATA 	Keypress: rctrl
621.7742 	EXP 	Sound  started
622.3388 	DATA 	Keypress: lctrl
622.5242 	EXP 	Sound  started
623.0428 	DATA 	Keypress: lctrl
623.2743 	EXP 	Sound  started
623.7788 	DATA 	Keypress: lctrl
624.0243 	EXP 	Sound  started
624.5309 	DATA 	Keypress: rctrl
624.7743 	EXP 	Sound  started
625.1869 	DATA 	Keypress: lctrl
625.5243 	EXP 	Sound  started
625.9068 	DATA 	Keypress: rctrl
626.2743 	EXP 	Sound  started
626.6268 	DATA 	Keypress: rctrl
627.0243 	EXP 	Sound  started
627.3948 	DATA 	Keypress: rctrl
627.7744 	EXP 	Sound  started
628.1468 	DATA 	Keypress: rctrl
628.5244 	EXP 	Sound  started
628.9788 	DATA 	Keypress: lctrl
629.2744 	EXP 	Sound  started
629.6348 	DATA 	Keypress: rctrl
630.0244 	EXP 	Sound  started
630.4028 	DATA 	Keypress: lctrl
630.7744 	EXP 	Sound  started
631.1708 	DATA 	Keypress: rctrl
631.5244 	EXP 	Sound  started
631.8909 	DATA 	Keypress: lctrl
632.2744 	EXP 	Sound  started
632.5948 	DATA 	Keypress: lctrl
633.0244 	EXP 	Sound  started
633.3948 	DATA 	Keypress: rctrl
633.7745 	EXP 	Sound  started
634.1628 	DATA 	Keypress: rctrl
634.5245 	EXP 	Sound  started
634.8828 	DATA 	Keypress: rctrl
635.2745 	EXP 	Sound  started
635.7148 	DATA 	Keypress: lctrl
636.0245 	EXP 	Sound  started
636.5468 	DATA 	Keypress: lctrl
636.7745 	EXP 	Sound  started
637.2347 	DATA 	Keypress: lctrl
637.5245 	EXP 	Sound  started
638.0508 	DATA 	Keypress: rctrl
638.2746 	EXP 	Sound  started
638.7228 	DATA 	Keypress: lctrl
639.0246 	EXP 	Sound  started
639.4748 	DATA 	Keypress: lctrl
639.7746 	EXP 	Sound  started
640.1947 	DATA 	Keypress: lctrl
640.5246 	EXP 	Sound  started
640.9307 	DATA 	Keypress: rctrl
641.2746 	EXP 	Sound  started
641.6028 	DATA 	Keypress: lctrl
642.0246 	EXP 	Sound  started
642.3388 	DATA 	Keypress: rctrl
642.7746 	EXP 	Sound  started
643.0748 	DATA 	Keypress: rctrl
643.5247 	EXP 	Sound  started
643.8109 	DATA 	Keypress: rctrl
644.2747 	EXP 	Sound  started
644.5948 	DATA 	Keypress: rctrl
645.0247 	EXP 	Sound  started
645.4908 	DATA 	Keypress: lctrl
645.7747 	EXP 	Sound  started
646.1308 	DATA 	Keypress: rctrl
646.5247 	EXP 	Sound  started
646.8828 	DATA 	Keypress: lctrl
647.2747 	EXP 	Sound  started
647.6347 	DATA 	Keypress: lctrl
648.0247 	EXP 	Sound  started
648.3868 	DATA 	Keypress: lctrl
648.7747 	EXP 	Sound  started
649.1228 	DATA 	Keypress: rctrl
649.5248 	EXP 	Sound  started
649.8588 	DATA 	Keypress: lctrl
650.2748 	EXP 	Sound  started
650.6268 	DATA 	Keypress: lctrl
651.0248 	EXP 	Sound  started
651.3467 	DATA 	Keypress: rctrl
651.7748 	EXP 	Sound  started
652.2108 	DATA 	Keypress: lctrl
652.5248 	EXP 	Sound  started
653.0747 	DATA 	Keypress: lctrl
653.2748 	EXP 	Sound  started
653.9067 	DATA 	Keypress: rctrl
654.0248 	EXP 	Sound  started
654.6427 	DATA 	Keypress: lctrl
654.7749 	EXP 	Sound  started
655.3308 	DATA 	Keypress: rctrl
655.5249 	EXP 	Sound  started
656.0347 	DATA 	Keypress: rctrl
656.2749 	EXP 	Sound  started
656.7388 	DATA 	Keypress: rctrl
657.0249 	EXP 	Sound  started
657.5228 	DATA 	Keypress: rctrl
657.7749 	EXP 	Sound  started
658.2908 	DATA 	Keypress: lctrl
658.5249 	EXP 	Sound  started
659.0908 	DATA 	Keypress: rctrl
659.2750 	EXP 	Sound  started
659.8588 	DATA 	Keypress: lctrl
660.0250 	EXP 	Sound  started
660.5949 	DATA 	Keypress: rctrl
660.7750 	EXP 	Sound  started
661.3148 	DATA 	Keypress: rctrl
661.5250 	EXP 	Sound  started
662.0348 	DATA 	Keypress: rctrl
662.2750 	EXP 	Sound  started
662.8028 	DATA 	Keypress: rctrl
663.0250 	EXP 	Sound  started
663.5228 	DATA 	Keypress: lctrl
663.7750 	EXP 	Sound  started
664.1947 	DATA 	Keypress: rctrl
669.7797 	DATA 	Keypress: 3
669.8090 	EXP 	unnamed ShapeStim: vertices = <class 'numpy.ndarray'>
671.8947 	DATA 	Keypress: 4
671.9112 	EXP 	unnamed ShapeStim: vertices = <class 'numpy.ndarray'>
673.6833 	DATA 	Keypress: 3
673.7127 	EXP 	unnamed ShapeStim: vertices = <class 'numpy.ndarray'>
675.9970 	EXP 	Sound  started
675.9978 	DATA 	Keypress: rctrl
676.4988 	DATA 	Keypress: lctrl
676.7468 	EXP 	Sound  started
677.2508 	DATA 	Keypress: lctrl
677.4968 	EXP 	Sound  started
677.9387 	DATA 	Keypress: lctrl
678.2468 	EXP 	Sound  started
678.7227 	DATA 	Keypress: rctrl
678.9968 	EXP 	Sound  started
679.4427 	DATA 	Keypress: rctrl
679.7469 	EXP 	Sound  started
680.2747 	DATA 	Keypress: lctrl
680.4969 	EXP 	Sound  started
681.0267 	DATA 	Keypress: lctrl
681.2469 	EXP 	Sound  started
681.7788 	DATA 	Keypress: lctrl
681.9969 	EXP 	Sound  started
682.5147 	DATA 	Keypress: lctrl
682.7469 	EXP 	Sound  started
683.2667 	DATA 	Keypress: rctrl
683.4969 	EXP 	Sound  started
683.8908 	DATA 	Keypress: rctrl
684.2469 	EXP 	Sound  started
684.5307 	DATA 	Keypress: rctrl
684.9970 	EXP 	Sound  started
685.4107 	DATA 	Keypress: rctrl
685.7470 	EXP 	Sound  started
686.2748 	DATA 	Keypress: lctrl
686.4970 	EXP 	Sound  started
686.9789 	DATA 	Keypress: rctrl
687.2470 	EXP 	Sound  started
687.8267 	DATA 	Keypress: lctrl
687.9970 	EXP 	Sound  started
688.5948 	DATA 	Keypress: lctrl
688.7470 	EXP 	Sound  started
689.3147 	DATA 	Keypress: lctrl
689.4970 	EXP 	Sound  started
690.2470 	EXP 	Sound  started
690.2588 	DATA 	Keypress: rctrl
690.8988 	DATA 	Keypress: rctrl
690.9971 	EXP 	Sound  started
691.4748 	DATA 	Keypress: rctrl
691.7471 	EXP 	Sound  started
692.0668 	DATA 	Keypress: rctrl
692.4971 	EXP 	Sound  started
693.0108 	DATA 	Keypress: rctrl
693.2471 	EXP 	Sound  started
693.7467 	DATA 	Keypress: rctrl
693.9971 	EXP 	Sound  started
694.6109 	DATA 	Keypress: lctrl
694.7471 	EXP 	Sound  started
695.3627 	DATA 	Keypress: rctrl
695.4971 	EXP 	Sound  started
696.0508 	DATA 	Keypress: lctrl
696.2471 	EXP 	Sound  started
696.8347 	DATA 	Keypress: lctrl
696.9972 	EXP 	Sound  started
697.5067 	DATA 	Keypress: lctrl
697.7472 	EXP 	Sound  started
698.2748 	DATA 	Keypress: rctrl
698.4972 	EXP 	Sound  started
699.0589 	DATA 	Keypress: lctrl
699.2472 	EXP 	Sound  started
699.7789 	DATA 	Keypress: rctrl
699.9972 	EXP 	Sound  started
700.4988 	DATA 	Keypress: rctrl
700.7472 	EXP 	Sound  started
701.2988 	DATA 	Keypress: rctrl
701.4972 	EXP 	Sound  started
702.1147 	DATA 	Keypress: lctrl
702.2473 	EXP 	Sound  started
702.6908 	DATA 	Keypress: rctrl
702.9973 	EXP 	Sound  started
703.4268 	DATA 	Keypress: lctrl
703.7473 	EXP 	Sound  started
704.1788 	DATA 	Keypress: rctrl
704.4973 	EXP 	Sound  started
705.0108 	DATA 	Keypress: lctrl
705.2473 	EXP 	Sound  started
705.6508 	DATA 	Keypress: lctrl
705.9973 	EXP 	Sound  started
706.3547 	DATA 	Keypress: lctrl
706.7473 	EXP 	Sound  started
707.1708 	DATA 	Keypress: rctrl
707.4974 	EXP 	Sound  started
707.8748 	DATA 	Keypress: rctrl
708.2474 	EXP 	Sound  started
708.6109 	DATA 	Keypress: rctrl
708.9974 	EXP 	Sound  started
709.3307 	DATA 	Keypress: lctrl
709.7474 	EXP 	Sound  started
710.0027 	DATA 	Keypress: rctrl
710.4974 	EXP 	Sound  started
710.7707 	DATA 	Keypress: rctrl
711.2474 	EXP 	Sound  started
711.6988 	DATA 	Keypress: rctrl
711.9974 	EXP 	Sound  started
712.5148 	DATA 	Keypress: lctrl
712.7474 	EXP 	Sound  started
713.2187 	DATA 	Keypress: rctrl
713.4975 	EXP 	Sound  started
714.0188 	DATA 	Keypress: rctrl
714.2475 	EXP 	Sound  started
714.7388 	DATA 	Keypress: rctrl
714.9975 	EXP 	Sound  started
715.5067 	DATA 	Keypress: lctrl
715.7475 	EXP 	Sound  started
716.2748 	DATA 	Keypress: rctrl
716.4975 	EXP 	Sound  started
716.9628 	DATA 	Keypress: lctrl
717.2475 	EXP 	Sound  started
717.7148 	DATA 	Keypress: lctrl
717.9975 	EXP 	Sound  started
718.4988 	DATA 	Keypress: lctrl
718.7476 	EXP 	Sound  started
719.2347 	DATA 	Keypress: rctrl
719.4976 	EXP 	Sound  started
719.9548 	DATA 	Keypress: lctrl
720.2476 	EXP 	Sound  started
720.7387 	DATA 	Keypress: lctrl
720.9976 	EXP 	Sound  started
721.4427 	DATA 	Keypress: lctrl
721.7476 	EXP 	Sound  started
722.1627 	DATA 	Keypress: rctrl
722.4976 	EXP 	Sound  started
722.9308 	DATA 	Keypress: lctrl
723.2476 	EXP 	Sound  started
723.6988 	DATA 	Keypress: rctrl
723.9977 	EXP 	Sound  started
724.4027 	DATA 	Keypress: rctrl
724.7477 	EXP 	Sound  started
725.1549 	DATA 	Keypress: rctrl
725.4977 	EXP 	Sound  started
725.9548 	DATA 	Keypress: lctrl
726.2477 	EXP 	Sound  started
726.7069 	DATA 	Keypress: lctrl
726.9977 	EXP 	Sound  started
727.4267 	DATA 	Keypress: lctrl
727.7477 	EXP 	Sound  started
728.1627 	DATA 	Keypress: lctrl
728.4977 	EXP 	Sound  started
728.8987 	DATA 	Keypress: lctrl
729.2477 	EXP 	Sound  started
729.6827 	DATA 	Keypress: lctrl
729.9978 	EXP 	Sound  started
730.3547 	DATA 	Keypress: rctrl
730.7478 	EXP 	Sound  started
731.0908 	DATA 	Keypress: lctrl
731.4978 	EXP 	Sound  started
731.7467 	DATA 	Keypress: rctrl
732.2478 	EXP 	Sound  started
732.4667 	DATA 	Keypress: rctrl
732.9978 	EXP 	Sound  started
733.3307 	DATA 	Keypress: lctrl
733.7478 	EXP 	Sound  started
734.0347 	DATA 	Keypress: lctrl
734.4978 	EXP 	Sound  started
734.8187 	DATA 	Keypress: lctrl
735.2479 	EXP 	Sound  started
735.7148 	DATA 	Keypress: lctrl
735.9979 	EXP 	Sound  started
736.4987 	DATA 	Keypress: rctrl
736.7479 	EXP 	Sound  started
737.2348 	DATA 	Keypress: rctrl
737.4979 	EXP 	Sound  started
738.0827 	DATA 	Keypress: lctrl
738.2479 	EXP 	Sound  started
738.8187 	DATA 	Keypress: rctrl
741.0341 	DATA 	Keypress: 3
741.0507 	EXP 	unnamed ShapeStim: vertices = <class 'numpy.ndarray'>
744.3240 	DATA 	Keypress: 3
744.3534 	EXP 	unnamed ShapeStim: vertices = <class 'numpy.ndarray'>
748.1400 	DATA 	Keypress: 4
748.1565 	EXP 	unnamed ShapeStim: vertices = <class 'numpy.ndarray'>
750.4417 	EXP 	Sound  started
750.4425 	DATA 	Keypress: rctrl
750.9627 	DATA 	Keypress: lctrl
751.1915 	EXP 	Sound  started
751.6187 	DATA 	Keypress: lctrl
751.9415 	EXP 	Sound  started
752.3068 	DATA 	Keypress: lctrl
752.6915 	EXP 	Sound  started
753.1388 	DATA 	Keypress: rctrl
753.4415 	EXP 	Sound  started
753.9228 	DATA 	Keypress: rctrl
754.1916 	EXP 	Sound  started
754.6107 	DATA 	Keypress: lctrl
754.9416 	EXP 	Sound  started
755.3627 	DATA 	Keypress: rctrl
755.6916 	EXP 	Sound  started
756.0987 	DATA 	Keypress: rctrl
756.4416 	EXP 	Sound  started
756.8827 	DATA 	Keypress: rctrl
757.1916 	EXP 	Sound  started
757.6187 	DATA 	Keypress: lctrl
757.9416 	EXP 	Sound  started
758.3227 	DATA 	Keypress: rctrl
758.6916 	EXP 	Sound  started
759.1067 	DATA 	Keypress: lctrl
759.4416 	EXP 	Sound  started
759.8427 	DATA 	Keypress: lctrl
760.1917 	EXP 	Sound  started
760.5788 	DATA 	Keypress: lctrl
760.9417 	EXP 	Sound  started
761.3147 	DATA 	Keypress: rctrl
761.6917 	EXP 	Sound  started
762.0508 	DATA 	Keypress: lctrl
762.4417 	EXP 	Sound  started
762.7387 	DATA 	Keypress: rctrl
763.1917 	EXP 	Sound  started
763.4587 	DATA 	Keypress: rctrl
763.9417 	EXP 	Sound  started
764.2107 	DATA 	Keypress: rctrl
764.6917 	EXP 	Sound  started
765.0268 	DATA 	Keypress: rctrl
765.4418 	EXP 	Sound  started
765.7627 	DATA 	Keypress: rctrl
766.1918 	EXP 	Sound  started
766.5468 	DATA 	Keypress: lctrl
766.9418 	EXP 	Sound  started
767.2988 	DATA 	Keypress: lctrl
767.6918 	EXP 	Sound  started
768.0187 	DATA 	Keypress: rctrl
768.4418 	EXP 	Sound  started
768.7868 	DATA 	Keypress: rctrl
769.1918 	EXP 	Sound  started
769.5547 	DATA 	Keypress: rctrl
769.9418 	EXP 	Sound  started
770.3547 	DATA 	Keypress: lctrl
770.6919 	EXP 	Sound  started
771.0747 	DATA 	Keypress: lctrl
771.4419 	EXP 	Sound  started
771.8107 	DATA 	Keypress: rctrl
772.1919 	EXP 	Sound  started
772.5308 	DATA 	Keypress: lctrl
772.9419 	EXP 	Sound  started
773.2988 	DATA 	Keypress: lctrl
773.6919 	EXP 	Sound  started
774.1147 	DATA 	Keypress: lctrl
774.4419 	EXP 	Sound  started
774.7707 	DATA 	Keypress: rctrl
775.1919 	EXP 	Sound  started
775.5547 	DATA 	Keypress: lctrl
775.9419 	EXP 	Sound  started
776.3067 	DATA 	Keypress: lctrl
776.6920 	EXP 	Sound  started
777.1067 	DATA 	Keypress: lctrl
777.4420 	EXP 	Sound  started
777.8588 	DATA 	Keypress: rctrl
778.1920 	EXP 	Sound  started
778.5627 	DATA 	Keypress: lctrl
778.9420 	EXP 	Sound  started
779.2507 	DATA 	Keypress: rctrl
779.6920 	EXP 	Sound  started
779.9707 	DATA 	Keypress: rctrl
780.4420 	EXP 	Sound  started
780.8027 	DATA 	Keypress: rctrl
781.1920 	EXP 	Sound  started
781.5707 	DATA 	Keypress: lctrl
781.9421 	EXP 	Sound  started
782.3067 	DATA 	Keypress: rctrl
782.6921 	EXP 	Sound  started
783.0107 	DATA 	Keypress: lctrl
783.4421 	EXP 	Sound  started
783.7787 	DATA 	Keypress: lctrl
784.1921 	EXP 	Sound  started
784.5147 	DATA 	Keypress: lctrl
784.9421 	EXP 	Sound  started
785.2507 	DATA 	Keypress: lctrl
785.6921 	EXP 	Sound  started
786.0507 	DATA 	Keypress: rctrl
786.4421 	EXP 	Sound  started
786.7869 	DATA 	Keypress: lctrl
787.1922 	EXP 	Sound  started
787.4587 	DATA 	Keypress: rctrl
787.9422 	EXP 	Sound  started
788.1947 	DATA 	Keypress: rctrl
788.6922 	EXP 	Sound  started
788.9787 	DATA 	Keypress: rctrl
789.4422 	EXP 	Sound  started
789.6827 	DATA 	Keypress: lctrl
790.1922 	EXP 	Sound  started
790.4668 	DATA 	Keypress: rctrl
790.9422 	EXP 	Sound  started
791.2188 	DATA 	Keypress: rctrl
791.6922 	EXP 	Sound  started
792.0347 	DATA 	Keypress: lctrl
792.4423 	EXP 	Sound  started
792.8027 	DATA 	Keypress: rctrl
793.1923 	EXP 	Sound  started
793.6027 	DATA 	Keypress: rctrl
793.9423 	EXP 	Sound  started
794.4027 	DATA 	Keypress: rctrl
794.6923 	EXP 	Sound  started
795.1547 	DATA 	Keypress: lctrl
795.4423 	EXP 	Sound  started
795.9547 	DATA 	Keypress: rctrl
796.1923 	EXP 	Sound  started
796.6907 	DATA 	Keypress: lctrl
796.9423 	EXP 	Sound  started
797.4107 	DATA 	Keypress: lctrl
797.6923 	EXP 	Sound  started
798.1467 	DATA 	Keypress: lctrl
798.4424 	EXP 	Sound  started
798.9148 	DATA 	Keypress: rctrl
799.1924 	EXP 	Sound  started
799.5547 	DATA 	Keypress: rctrl
799.9424 	EXP 	Sound  started
800.4187 	DATA 	Keypress: lctrl
800.6924 	EXP 	Sound  started
801.1387 	DATA 	Keypress: rctrl
801.4424 	EXP 	Sound  started
801.8427 	DATA 	Keypress: lctrl
802.1924 	EXP 	Sound  started
802.6108 	DATA 	Keypress: lctrl
802.9424 	EXP 	Sound  started
803.3947 	DATA 	Keypress: lctrl
803.6925 	EXP 	Sound  started
804.2427 	DATA 	Keypress: rctrl
804.4425 	EXP 	Sound  started
805.0267 	DATA 	Keypress: lctrl
805.1925 	EXP 	Sound  started
805.6987 	DATA 	Keypress: rctrl
805.9425 	EXP 	Sound  started
806.4026 	DATA 	Keypress: rctrl
806.6925 	EXP 	Sound  started
807.1867 	DATA 	Keypress: rctrl
807.4425 	EXP 	Sound  started
808.0188 	DATA 	Keypress: lctrl
808.1925 	EXP 	Sound  started
808.7868 	DATA 	Keypress: lctrl
808.9426 	EXP 	Sound  started
809.5387 	DATA 	Keypress: rctrl
809.6926 	EXP 	Sound  started
810.2588 	DATA 	Keypress: lctrl
810.4426 	EXP 	Sound  started
811.0107 	DATA 	Keypress: rctrl
811.1926 	EXP 	Sound  started
811.7307 	DATA 	Keypress: rctrl
811.9426 	EXP 	Sound  started
812.4666 	DATA 	Keypress: rctrl
812.6926 	EXP 	Sound  started
813.2347 	DATA 	Keypress: lctrl
813.4426 	EXP 	Sound  started
814.0187 	DATA 	Keypress: lctrl
814.1927 	EXP 	Sound  started
814.7227 	DATA 	Keypress: rctrl
814.9427 	EXP 	Sound  started
815.5868 	DATA 	Keypress: lctrl
815.6927 	EXP 	Sound  started
816.3068 	DATA 	Keypress: lctrl
818.1345 	DATA 	Keypress: 2
818.1638 	EXP 	unnamed ShapeStim: vertices = <class 'numpy.ndarray'>
820.9663 	DATA 	Keypress: 4
820.9828 	EXP 	unnamed ShapeStim: vertices = <class 'numpy.ndarray'>
822.7715 	DATA 	Keypress: 2
822.8014 	EXP 	unnamed ShapeStim: vertices = <class 'numpy.ndarray'>
825.0857 	EXP 	Sound  started
825.0865 	DATA 	Keypress: rctrl
825.6667 	DATA 	Keypress: rctrl
825.8355 	EXP 	Sound  started
826.3707 	DATA 	Keypress: lctrl
826.5856 	EXP 	Sound  started
827.0428 	DATA 	Keypress: lctrl
827.3356 	EXP 	Sound  started
827.8588 	DATA 	Keypress: rctrl
828.0856 	EXP 	Sound  started
828.6267 	DATA 	Keypress: lctrl
828.8356 	EXP 	Sound  started
829.3147 	DATA 	Keypress: lctrl
829.5856 	EXP 	Sound  started
830.0507 	DATA 	Keypress: lctrl
830.3356 	EXP 	Sound  started
830.8347 	DATA 	Keypress: lctrl
831.0856 	EXP 	Sound  started
831.6346 	DATA 	Keypress: rctrl
831.8357 	EXP 	Sound  started
832.4347 	DATA 	Keypress: rctrl
832.5857 	EXP 	Sound  started
833.1866 	DATA 	Keypress: lctrl
833.3357 	EXP 	Sound  started
833.9387 	DATA 	Keypress: rctrl
834.0857 	EXP 	Sound  started
834.5787 	DATA 	Keypress: rctrl
834.8357 	EXP 	Sound  started
835.2827 	DATA 	Keypress: rctrl
835.5857 	EXP 	Sound  started
836.0828 	DATA 	Keypress: lctrl
836.3358 	EXP 	Sound  started
836.7546 	DATA 	Keypress: lctrl
837.0858 	EXP 	Sound  started
837.4906 	DATA 	Keypress: lctrl
837.8358 	EXP 	Sound  started
838.2107 	DATA 	Keypress: rctrl
838.5858 	EXP 	Sound  started
839.0747 	DATA 	Keypress: lctrl
839.3358 	EXP 	Sound  started
839.7947 	DATA 	Keypress: rctrl
840.0858 	EXP 	Sound  started
840.5306 	DATA 	Keypress: rctrl
840.8358 	EXP 	Sound  started
841.2827 	DATA 	Keypress: rctrl
841.5859 	EXP 	Sound  started
842.0186 	DATA 	Keypress: rctrl
842.3359 	EXP 	Sound  started
842.8347 	DATA 	Keypress: lctrl
843.0859 	EXP 	Sound  started
843.6186 	DATA 	Keypress: rctrl
843.8359 	EXP 	Sound  started
844.3867 	DATA 	Keypress: lctrl
844.5859 	EXP 	Sound  started
845.0746 	DATA 	Keypress: lctrl
845.3359 	EXP 	Sound  started
845.8266 	DATA 	Keypress: lctrl
846.0859 	EXP 	Sound  started
846.5947 	DATA 	Keypress: rctrl
846.8360 	EXP 	Sound  started
847.4267 	DATA 	Keypress: lctrl
847.5860 	EXP 	Sound  started
848.0667 	DATA 	Keypress: rctrl
848.3360 	EXP 	Sound  started
848.7547 	DATA 	Keypress: rctrl
849.0860 	EXP 	Sound  started
849.5227 	DATA 	Keypress: rctrl
849.8360 	EXP 	Sound  started
850.3226 	DATA 	Keypress: lctrl
850.5860 	EXP 	Sound  started
851.0427 	DATA 	Keypress: lctrl
851.3360 	EXP 	Sound  started
851.7947 	DATA 	Keypress: lctrl
852.0860 	EXP 	Sound  started
852.6267 	DATA 	Keypress: rctrl
852.8361 	EXP 	Sound  started
853.4587 	DATA 	Keypress: lctrl
853.5861 	EXP 	Sound  started
854.1307 	DATA 	Keypress: rctrl
854.3361 	EXP 	Sound  started
854.8667 	DATA 	Keypress: rctrl
855.0861 	EXP 	Sound  started
855.5386 	DATA 	Keypress: rctrl
855.8361 	EXP 	Sound  started
856.2426 	DATA 	Keypress: lctrl
856.5861 	EXP 	Sound  started
856.9787 	DATA 	Keypress: lctrl
857.3361 	EXP 	Sound  started
857.7626 	DATA 	Keypress: lctrl
858.0862 	EXP 	Sound  started
858.4507 	DATA 	Keypress: rctrl
858.8362 	EXP 	Sound  started
859.2507 	DATA 	Keypress: lctrl
859.5862 	EXP 	Sound  started
859.9386 	DATA 	Keypress: rctrl
860.3362 	EXP 	Sound  started
860.7708 	DATA 	Keypress: rctrl
861.0862 	EXP 	Sound  started
861.5387 	DATA 	Keypress: rctrl
861.8362 	EXP 	Sound  started
862.2908 	DATA 	Keypress: lctrl
862.5862 	EXP 	Sound  started
862.9786 	DATA 	Keypress: lctrl
863.3363 	EXP 	Sound  started
863.7947 	DATA 	Keypress: lctrl
864.0863 	EXP 	Sound  started
864.5147 	DATA 	Keypress: lctrl
864.8363 	EXP 	Sound  started
865.2507 	DATA 	Keypress: rctrl
865.5863 	EXP 	Sound  started
866.0508 	DATA 	Keypress: rctrl
866.3363 	EXP 	Sound  started
866.8987 	DATA 	Keypress: lctrl
867.0863 	EXP 	Sound  started
867.5387 	DATA 	Keypress: rctrl
869.3058 	DATA 	Keypress: 3
869.3224 	EXP 	unnamed ShapeStim: vertices = <class 'numpy.ndarray'>
871.6916 	DATA 	Keypress: 4
871.7081 	EXP 	unnamed ShapeStim: vertices = <class 'numpy.ndarray'>
874.0769 	DATA 	Keypress: 3
874.0934 	EXP 	unnamed ShapeStim: vertices = <class 'numpy.ndarray'>
876.3783 	EXP 	Sound  started
876.3791 	DATA 	Keypress: rctrl
876.9627 	DATA 	Keypress: rctrl
877.1281 	EXP 	Sound  started
877.7148 	DATA 	Keypress: lctrl
877.8781 	EXP 	Sound  started
878.4027 	DATA 	Keypress: lctrl
878.6281 	EXP 	Sound  started
879.1867 	DATA 	Keypress: rctrl
879.3782 	EXP 	Sound  started
879.9706 	DATA 	Keypress: lctrl
880.1282 	EXP 	Sound  started
880.7067 	DATA 	Keypress: lctrl
880.8782 	EXP 	Sound  started
881.4747 	DATA 	Keypress: lctrl
881.6282 	EXP 	Sound  started
882.1787 	DATA 	Keypress: rctrl
882.3783 	EXP 	Sound  started
882.8827 	DATA 	Keypress: rctrl
883.1283 	EXP 	Sound  started
883.5548 	DATA 	Keypress: rctrl
883.8783 	EXP 	Sound  started
884.2907 	DATA 	Keypress: lctrl
884.6283 	EXP 	Sound  started
885.0746 	DATA 	Keypress: lctrl
885.3783 	EXP 	Sound  started
885.9386 	DATA 	Keypress: rctrl
886.1283 	EXP 	Sound  started
886.5627 	DATA 	Keypress: rctrl
886.8783 	EXP 	Sound  started
887.2826 	DATA 	Keypress: rctrl
887.6283 	EXP 	Sound  started
888.1146 	DATA 	Keypress: lctrl
888.3783 	EXP 	Sound  started
888.8347 	DATA 	Keypress: lctrl
889.1284 	EXP 	Sound  started
889.5067 	DATA 	Keypress: rctrl
889.8784 	EXP 	Sound  started
890.2427 	DATA 	Keypress: lctrl
890.6284 	EXP 	Sound  started
890.9626 	DATA 	Keypress: lctrl
891.3784 	EXP 	Sound  started
891.6987 	DATA 	Keypress: lctrl
892.1284 	EXP 	Sound  started
892.3706 	DATA 	Keypress: rctrl
892.8784 	EXP 	Sound  started
893.2346 	DATA 	Keypress: rctrl
893.6284 	EXP 	Sound  started
894.0347 	DATA 	Keypress: rctrl
894.3785 	EXP 	Sound  started
894.8346 	DATA 	Keypress: lctrl
895.1285 	EXP 	Sound  started
895.6666 	DATA 	Keypress: lctrl
895.8785 	EXP 	Sound  started
896.3706 	DATA 	Keypress: lctrl
896.6285 	EXP 	Sound  started
897.1386 	DATA 	Keypress: lctrl
897.3785 	EXP 	Sound  started
897.9546 	DATA 	Keypress: rctrl
898.1285 	EXP 	Sound  started
898.6427 	DATA 	Keypress: lctrl
898.8785 	EXP 	Sound  started
899.4106 	DATA 	Keypress: rctrl
899.6286 	EXP 	Sound  started
900.0827 	DATA 	Keypress: rctrl
900.3786 	EXP 	Sound  started
900.7866 	DATA 	Keypress: rctrl
901.1286 	EXP 	Sound  started
901.5706 	DATA 	Keypress: rctrl
901.8786 	EXP 	Sound  started
902.3067 	DATA 	Keypress: rctrl
902.6286 	EXP 	Sound  started
903.0907 	DATA 	Keypress: lctrl
903.3786 	EXP 	Sound  started
903.8426 	DATA 	Keypress: rctrl
904.1287 	EXP 	Sound  started
904.5947 	DATA 	Keypress: lctrl
904.8787 	EXP 	Sound  started
905.3467 	DATA 	Keypress: lctrl
905.6287 	EXP 	Sound  started
906.1306 	DATA 	Keypress: lctrl
906.3787 	EXP 	Sound  started
906.8987 	DATA 	Keypress: lctrl
907.1287 	EXP 	Sound  started
907.6186 	DATA 	Keypress: rctrl
907.8787 	EXP 	Sound  started
908.3867 	DATA 	Keypress: lctrl
908.6287 	EXP 	Sound  started
909.1706 	DATA 	Keypress: rctrl
909.3787 	EXP 	Sound  started
909.8586 	DATA 	Keypress: rctrl
910.1288 	EXP 	Sound  started
910.5786 	DATA 	Keypress: rctrl
910.8788 	EXP 	Sound  started
911.3307 	DATA 	Keypress: rctrl
911.6288 	EXP 	Sound  started
912.0507 	DATA 	Keypress: rctrl
912.3788 	EXP 	Sound  started
912.8667 	DATA 	Keypress: lctrl
913.1288 	EXP 	Sound  started
913.6346 	DATA 	Keypress: lctrl
913.8788 	EXP 	Sound  started
914.3546 	DATA 	Keypress: lctrl
914.6288 	EXP 	Sound  started
915.1226 	DATA 	Keypress: rctrl
915.3789 	EXP 	Sound  started
915.9066 	DATA 	Keypress: lctrl
916.1289 	EXP 	Sound  started
916.5627 	DATA 	Keypress: lctrl
916.8789 	EXP 	Sound  started
917.3467 	DATA 	Keypress: lctrl
917.6289 	EXP 	Sound  started
918.1146 	DATA 	Keypress: lctrl
918.3789 	EXP 	Sound  started
918.8666 	DATA 	Keypress: rctrl
919.1290 	EXP 	Sound  started
919.6507 	DATA 	Keypress: lctrl
919.8789 	EXP 	Sound  started
920.3547 	DATA 	Keypress: rctrl
920.6290 	EXP 	Sound  started
921.1227 	DATA 	Keypress: rctrl
921.3790 	EXP 	Sound  started
921.8266 	DATA 	Keypress: rctrl
922.1290 	EXP 	Sound  started
922.6586 	DATA 	Keypress: lctrl
922.8790 	EXP 	Sound  started
923.4107 	DATA 	Keypress: lctrl
923.6290 	EXP 	Sound  started
924.0826 	DATA 	Keypress: rctrl
924.3790 	EXP 	Sound  started
924.8186 	DATA 	Keypress: lctrl
925.1290 	EXP 	Sound  started
925.5386 	DATA 	Keypress: rctrl
925.8791 	EXP 	Sound  started
926.2746 	DATA 	Keypress: rctrl
926.6291 	EXP 	Sound  started
926.9947 	DATA 	Keypress: rctrl
927.3791 	EXP 	Sound  started
927.8106 	DATA 	Keypress: lctrl
928.1291 	EXP 	Sound  started
928.5466 	DATA 	Keypress: lctrl
928.8791 	EXP 	Sound  started
929.3626 	DATA 	Keypress: rctrl
929.6291 	EXP 	Sound  started
930.0347 	DATA 	Keypress: lctrl
930.3791 	EXP 	Sound  started
930.8826 	DATA 	Keypress: lctrl
931.1291 	EXP 	Sound  started
931.6026 	DATA 	Keypress: lctrl
931.8792 	EXP 	Sound  started
932.3867 	DATA 	Keypress: lctrl
932.6292 	EXP 	Sound  started
933.2026 	DATA 	Keypress: rctrl
933.3792 	EXP 	Sound  started
933.9707 	DATA 	Keypress: rctrl
934.1292 	EXP 	Sound  started
934.7867 	DATA 	Keypress: rctrl
934.8792 	EXP 	Sound  started
935.5546 	DATA 	Keypress: lctrl
937.9620 	DATA 	Keypress: 4
937.9786 	EXP 	unnamed ShapeStim: vertices = <class 'numpy.ndarray'>
940.2310 	DATA 	Keypress: 4
940.2476 	EXP 	unnamed ShapeStim: vertices = <class 'numpy.ndarray'>
942.5163 	DATA 	Keypress: 4
942.5328 	EXP 	unnamed ShapeStim: vertices = <class 'numpy.ndarray'>
944.8221 	DATA 	Keypress: rctrl
1038.4987 	DATA 	Keypress: return
1038.5721 	EXP 	window1: mouseVisible = True
