28.6359 	WARNING 	User requested fullscreen with size [1024  768], but screen is actually [1920, 1200]. Using actual size
29.4685 	EXP 	Created window1 = Window(allowGUI=False, allowStencil=False, autoLog=True, backendConf=UNKNOWN, bitsMode=UNKNOWN, blendMode='avg', bpc=(8, 8, 8), color=array([0, 0, 0]), colorSpace='rgb', depthBits=8, fullscr=<method-wrapper '__getattribute__' of attributeSetter object at 0x000002073EEB7780>, gamma=None, gammaErrorPolicy='raise', lms=UNKNOWN, monitor=<psychopy.monitors.calibTools.Monitor object at 0x00000207405C4080>, multiSample=False, name='window1', numSamples=2, pos=[0.0, 0.0], screen=0, size=array([1920, 1200]), stencilBits=0, stereo=False, units='norm', useFBO=True, useRetina=False, viewOri=0.0, viewPos=None, viewScale=None, waitBlanking=True, winType='pyglet')
29.4688 	EXP 	window1: mouseVisible = True
29.4689 	EXP 	window1: mouseVisible = False
29.4689 	EXP 	window1: recordFrameIntervals = False
29.6349 	EXP 	window1: recordFrameIntervals = True
29.8186 	EXP 	window1: recordFrameIntervals = False
29.8737 	EXP 	Created text = TextStim(__class__=<class 'psychopy.visual.text.TextStim'>, alignHoriz=method-wrapper(...), alignText='center', alignVert=method-wrapper(...), anchorHoriz='center', anchorVert='center', antialias=True, autoLog=True, bold=False, color=array([1., 1., 1.]), colorSpace='rgb', contrast=1.0, depth=0.0, flipHoriz=False, flipVert=False, font='Arial', fontFiles=[], height=0.15, italic=False, languageStyle='LTR', name='text', opacity=1, ori=0, pos=array([0., 0.]), rgb=UNKNOWN, text='+', units='norm', win=Window(...), wrapWidth=1)
29.8940 	EXP 	Created text = TextStim(__class__=<class 'psychopy.visual.text.TextStim'>, alignHoriz=method-wrapper(...), alignText='center', alignVert=method-wrapper(...), anchorHoriz='center', anchorVert='center', antialias=True, autoLog=True, bold=False, color=array([1., 1., 1.]), colorSpace='rgb', contrast=1.0, depth=0.0, flipHoriz=False, flipVert=False, font='Arial', fontFiles=[], height=0.07, italic=False, languageStyle='LTR', name='text', opacity=1, ori=0, pos=array([0., 0.]), rgb=UNKNOWN, text=str(...), units='norm', win=Window(...), wrapWidth=1.65)
29.9070 	EXP 	Created text = TextStim(__class__=<class 'psychopy.visual.text.TextStim'>, alignHoriz=method-wrapper(...), alignText='center', alignVert=method-wrapper(...), anchorHoriz='center', anchorVert='center', antialias=True, autoLog=True, bold=False, color=array([1., 1., 1.]), colorSpace='rgb', contrast=1.0, depth=0.0, flipHoriz=False, flipVert=False, font='Arial', fontFiles=[], height=0.07, italic=False, languageStyle='LTR', name='text', opacity=1, ori=0, pos=array([0., 0.]), rgb=UNKNOWN, text=str(...), units='norm', win=Window(...), wrapWidth=1.65)
29.9175 	EXP 	Created text = TextStim(__class__=<class 'psychopy.visual.text.TextStim'>, alignHoriz=method-wrapper(...), alignText='center', alignVert=method-wrapper(...), anchorHoriz='center', anchorVert='center', antialias=True, autoLog=True, bold=False, color=array([1., 1., 1.]), colorSpace='rgb', contrast=1.0, depth=0.0, flipHoriz=False, flipVert=False, font='Arial', fontFiles=[], height=0.07, italic=False, languageStyle='LTR', name='text', opacity=1, ori=0, pos=array([0., 0.]), rgb=UNKNOWN, text=str(...), units='norm', win=Window(...), wrapWidth=1.65)
29.9277 	EXP 	Created text = TextStim(__class__=<class 'psychopy.visual.text.TextStim'>, alignHoriz=method-wrapper(...), alignText='center', alignVert=method-wrapper(...), anchorHoriz='center', anchorVert='center', antialias=True, autoLog=True, bold=False, color=array([1., 1., 1.]), colorSpace='rgb', contrast=1.0, depth=0.0, flipHoriz=False, flipVert=False, font='Arial', fontFiles=[], height=0.07, italic=False, languageStyle='LTR', name='text', opacity=1, ori=0, pos=array([0., 0.]), rgb=UNKNOWN, text=str(...), units='norm', win=Window(...), wrapWidth=1.65)
29.9329 	EXP 	Created text = TextStim(__class__=<class 'psychopy.visual.text.TextStim'>, alignHoriz=method-wrapper(...), alignText='center', alignVert=method-wrapper(...), anchorHoriz='center', anchorVert='center', antialias=True, autoLog=True, bold=False, color=array([1., 1., 1.]), colorSpace='rgb', contrast=1.0, depth=0.0, flipHoriz=False, flipVert=False, font='Arial', fontFiles=[], height=0.07, italic=False, languageStyle='LTR', name='text', opacity=1, ori=0, pos=array([0., 0.]), rgb=UNKNOWN, text=str(...), units='norm', win=Window(...), wrapWidth=1.65)
29.9482 	EXP 	Created text = TextStim(__class__=<class 'psychopy.visual.text.TextStim'>, alignHoriz=method-wrapper(...), alignText='center', alignVert=method-wrapper(...), anchorHoriz='center', anchorVert='center', antialias=True, autoLog=True, bold=False, color=array([1., 1., 1.]), colorSpace='rgb', contrast=1.0, depth=0.0, flipHoriz=False, flipVert=False, font='Arial', fontFiles=[], height=0.15, italic=False, languageStyle='LTR', name='text', opacity=1, ori=0, pos=array([0., 0.]), rgb=UNKNOWN, text=str(...), units='norm', win=Window(...), wrapWidth=1.65)
29.9760 	EXP 	Created text = TextStim(__class__=<class 'psychopy.visual.text.TextStim'>, alignHoriz=method-wrapper(...), alignText='center', alignVert=method-wrapper(...), anchorHoriz='center', anchorVert='center', antialias=True, autoLog=True, bold=False, color=array([1., 1., 1.]), colorSpace='rgb', contrast=1.0, depth=0.0, flipHoriz=False, flipVert=False, font='Arial', fontFiles=[], height=0.07, italic=False, languageStyle='LTR', name='text', opacity=1, ori=0, pos=array([0., 0.]), rgb=UNKNOWN, text=str(...), units='norm', win=Window(...), wrapWidth=1.65)
29.9940 	EXP 	Created text = TextStim(__class__=<class 'psychopy.visual.text.TextStim'>, alignHoriz=method-wrapper(...), alignText='center', alignVert=method-wrapper(...), anchorHoriz='center', anchorVert='center', antialias=True, autoLog=True, bold=False, color=array([1., 1., 1.]), colorSpace='rgb', contrast=1.0, depth=0.0, flipHoriz=False, flipVert=False, font='Arial', fontFiles=[], height=0.07, italic=False, languageStyle='LTR', name='text', opacity=1, ori=0, pos=array([0., 0.]), rgb=UNKNOWN, text=str(...), units='norm', win=Window(...), wrapWidth=1.65)
30.0242 	EXP 	Created text = TextStim(__class__=<class 'psychopy.visual.text.TextStim'>, alignHoriz=method-wrapper(...), alignText='center', alignVert=method-wrapper(...), anchorHoriz='center', anchorVert='center', antialias=True, autoLog=True, bold=False, color=array([1., 1., 1.]), colorSpace='rgb', contrast=1.0, depth=0.0, flipHoriz=False, flipVert=False, font='Arial', fontFiles=[], height=0.07, italic=False, languageStyle='LTR', name='text', opacity=1, ori=0, pos=array([0., 0.]), rgb=UNKNOWN, text=str(...), units='norm', win=Window(...), wrapWidth=1.65)
30.0520 	EXP 	Created text = TextStim(__class__=<class 'psychopy.visual.text.TextStim'>, alignHoriz=method-wrapper(...), alignText='center', alignVert=method-wrapper(...), anchorHoriz='center', anchorVert='center', antialias=True, autoLog=True, bold=False, color=array([1., 1., 1.]), colorSpace='rgb', contrast=1.0, depth=0.0, flipHoriz=False, flipVert=False, font='Arial', fontFiles=[], height=0.07, italic=False, languageStyle='LTR', name='text', opacity=1, ori=0, pos=array([0., 0.]), rgb=UNKNOWN, text=str(...), units='norm', win=Window(...), wrapWidth=1.65)
30.0842 	EXP 	Created text = TextStim(__class__=<class 'psychopy.visual.text.TextStim'>, alignHoriz=method-wrapper(...), alignText='center', alignVert=method-wrapper(...), anchorHoriz='center', anchorVert='center', antialias=True, autoLog=True, bold=False, color=array([1., 1., 1.]), colorSpace='rgb', contrast=1.0, depth=0.0, flipHoriz=False, flipVert=False, font='Arial', fontFiles=[], height=0.07, italic=False, languageStyle='LTR', name='text', opacity=1, ori=0, pos=array([0., 0.]), rgb=UNKNOWN, text=str(...), units='norm', win=Window(...), wrapWidth=1.65)
30.0930 	EXP 	Created text = TextStim(__class__=<class 'psychopy.visual.text.TextStim'>, alignHoriz=method-wrapper(...), alignText='center', alignVert=method-wrapper(...), anchorHoriz='center', anchorVert='center', antialias=True, autoLog=True, bold=False, color=array([1., 1., 1.]), colorSpace='rgb', contrast=1.0, depth=0.0, flipHoriz=False, flipVert=False, font='Arial', fontFiles=[], height=0.07, italic=False, languageStyle='LTR', name='text', opacity=1, ori=0, pos=array([0., 0.]), rgb=UNKNOWN, text=str(...), units='norm', win=Window(...), wrapWidth=1.65)
30.1053 	EXP 	Created text = TextStim(__class__=<class 'psychopy.visual.text.TextStim'>, alignHoriz=method-wrapper(...), alignText='center', alignVert=method-wrapper(...), anchorHoriz='center', anchorVert='center', antialias=True, autoLog=True, bold=False, color=array([1., 1., 1.]), colorSpace='rgb', contrast=1.0, depth=0.0, flipHoriz=False, flipVert=False, font='Arial', fontFiles=[], height=0.07, italic=False, languageStyle='LTR', name='text', opacity=1, ori=0, pos=array([0., 0.]), rgb=UNKNOWN, text=str(...), units='norm', win=Window(...), wrapWidth=1.65)
30.1098 	EXP 	Created instru = TextStim(__class__=<class 'psychopy.visual.text.TextStim'>, alignHoriz=method-wrapper(...), alignText='center', alignVert=method-wrapper(...), anchorHoriz='center', anchorVert='center', antialias=True, autoLog=True, bold=False, color=array([1., 1., 1.]), colorSpace='rgb', contrast=1.0, depth=0.0, flipHoriz=False, flipVert=False, font='Arial', fontFiles=[], height=0.07, italic=False, languageStyle='LTR', name='instru', opacity=1, ori=0, pos=array([0. , 0.5]), rgb=UNKNOWN, text=str(...), units='norm', win=Window(...), wrapWidth=1)
30.1124 	EXP 	Created unnamed Line = Line(__class__=<class 'psychopy.visual.line.Line'>, autoDraw=False, autoLog=True, closeShape=False, color=array([1., 1., 1.]), colorSpace='rgb', contrast=None, depth=0, fillColor=array([0, 0, 0]), fillColorSpace='rgb', fillRGB=array([0, 0, 0]), interpolate=True, lineColor=array([1., 1., 1.]), lineColorSpace='rgb', lineRGB=array([1, 1, 1]), lineWidth=5, name='unnamed Line', opacity=0.5, ori=0.0, pos=array([0., 0.]), size=array([1., 1.]), units='norm', vertices=array([[-0.5,  0. ],
       [ 0.5,  0. ]]), win=Window(...), windingRule=None)
30.1143 	EXP 	Created unnamed Line = Line(__class__=<class 'psychopy.visual.line.Line'>, autoDraw=False, autoLog=True, closeShape=False, color=array([1., 1., 1.]), colorSpace='rgb', contrast=None, depth=0, fillColor=array([0, 0, 0]), fillColorSpace='rgb', fillRGB=array([0, 0, 0]), interpolate=True, lineColor=array([1., 1., 1.]), lineColorSpace='rgb', lineRGB=array([1, 1, 1]), lineWidth=3, name='unnamed Line', opacity=0.5, ori=0.0, pos=array([0., 0.]), size=array([1., 1.]), units='norm', vertices=array([[-0.5 , -0.05],
       [-0.5 ,  0.05]]), win=Window(...), windingRule=None)
30.1163 	EXP 	Created unnamed Line = Line(__class__=<class 'psychopy.visual.line.Line'>, autoDraw=False, autoLog=True, closeShape=False, color=array([1., 1., 1.]), colorSpace='rgb', contrast=None, depth=0, fillColor=array([0, 0, 0]), fillColorSpace='rgb', fillRGB=array([0, 0, 0]), interpolate=True, lineColor=array([1., 1., 1.]), lineColorSpace='rgb', lineRGB=array([1, 1, 1]), lineWidth=3, name='unnamed Line', opacity=0.5, ori=0.0, pos=array([0., 0.]), size=array([1., 1.]), units='norm', vertices=ndarray(...), win=Window(...), windingRule=None)
30.1182 	EXP 	Created unnamed Line = Line(__class__=<class 'psychopy.visual.line.Line'>, autoDraw=False, autoLog=True, closeShape=False, color=array([1., 1., 1.]), colorSpace='rgb', contrast=None, depth=0, fillColor=array([0, 0, 0]), fillColorSpace='rgb', fillRGB=array([0, 0, 0]), interpolate=True, lineColor=array([1., 1., 1.]), lineColorSpace='rgb', lineRGB=array([1, 1, 1]), lineWidth=3, name='unnamed Line', opacity=0.5, ori=0.0, pos=array([0., 0.]), size=array([1., 1.]), units='norm', vertices=ndarray(...), win=Window(...), windingRule=None)
30.1202 	EXP 	Created unnamed Line = Line(__class__=<class 'psychopy.visual.line.Line'>, autoDraw=False, autoLog=True, closeShape=False, color=array([1., 1., 1.]), colorSpace='rgb', contrast=None, depth=0, fillColor=array([0, 0, 0]), fillColorSpace='rgb', fillRGB=array([0, 0, 0]), interpolate=True, lineColor=array([1., 1., 1.]), lineColorSpace='rgb', lineRGB=array([1, 1, 1]), lineWidth=3, name='unnamed Line', opacity=0.5, ori=0.0, pos=array([0., 0.]), size=array([1., 1.]), units='norm', vertices=array([[ 0.5 , -0.05],
       [ 0.5 ,  0.05]]), win=Window(...), windingRule=None)
30.1321 	EXP 	Created unnamed TextStim = TextStim(__class__=<class 'psychopy.visual.text.TextStim'>, alignHoriz=method-wrapper(...), alignText='center', alignVert=method-wrapper(...), anchorHoriz='center', anchorVert='center', antialias=True, autoLog=True, bold=False, color=array([1., 1., 1.]), colorSpace='rgb', contrast=1.0, depth=0, flipHoriz=False, flipVert=False, font='', fontFiles=[], height=0.05, italic=False, languageStyle='LTR', name='unnamed TextStim', opacity=1.0, ori=0.0, pos=array([-0.5, -0.1]), rgb=UNKNOWN, text='Clearly \n NOT FOCUSED', units='norm', win=Window(...), wrapWidth=1)
30.1332 	EXP 	Created unnamed TextStim = TextStim(__class__=<class 'psychopy.visual.text.TextStim'>, alignHoriz=method-wrapper(...), alignText='center', alignVert=method-wrapper(...), anchorHoriz='center', anchorVert='center', antialias=True, autoLog=True, bold=False, color=array([1., 1., 1.]), colorSpace='rgb', contrast=1.0, depth=0, flipHoriz=False, flipVert=False, font='', fontFiles=[], height=0.05, italic=False, languageStyle='LTR', name='unnamed TextStim', opacity=1.0, ori=0.0, pos=array([-0.16666667, -0.1       ]), rgb=UNKNOWN, text='', units='norm', win=Window(...), wrapWidth=1)
30.1342 	EXP 	Created unnamed TextStim = TextStim(__class__=<class 'psychopy.visual.text.TextStim'>, alignHoriz=method-wrapper(...), alignText='center', alignVert=method-wrapper(...), anchorHoriz='center', anchorVert='center', antialias=True, autoLog=True, bold=False, color=array([1., 1., 1.]), colorSpace='rgb', contrast=1.0, depth=0, flipHoriz=False, flipVert=False, font='', fontFiles=[], height=0.05, italic=False, languageStyle='LTR', name='unnamed TextStim', opacity=1.0, ori=0.0, pos=array([ 0.16666667, -0.1       ]), rgb=UNKNOWN, text='', units='norm', win=Window(...), wrapWidth=1)
30.1372 	EXP 	Created unnamed TextStim = TextStim(__class__=<class 'psychopy.visual.text.TextStim'>, alignHoriz=method-wrapper(...), alignText='center', alignVert=method-wrapper(...), anchorHoriz='center', anchorVert='center', antialias=True, autoLog=True, bold=False, color=array([1., 1., 1.]), colorSpace='rgb', contrast=1.0, depth=0, flipHoriz=False, flipVert=False, font='', fontFiles=[], height=0.05, italic=False, languageStyle='LTR', name='unnamed TextStim', opacity=1.0, ori=0.0, pos=array([ 0.5, -0.1]), rgb=UNKNOWN, text='Clearly \n FOCUSED', units='norm', win=Window(...), wrapWidth=1)
30.1389 	EXP 	Created unnamed ShapeStim = ShapeStim(__class__=<class 'psychopy.visual.shape.ShapeStim'>, autoDraw=False, autoLog=True, closeShape=True, color=method-wrapper(...), colorSpace='rgb', contrast=None, depth=0, fillColor=array([1, 1, 1]), fillColorSpace='rgb', fillRGB=array([1, 1, 1]), interpolate=True, lineColor=array([-1., -1., -1.]), lineColorSpace='rgb', lineRGB=array([-1, -1, -1]), lineWidth=1.5, name='unnamed ShapeStim', opacity=1.0, ori=0.0, pos=array([0., 0.]), size=array([1., 1.]), units='norm', vertices=ndarray(...), win=Window(...), windingRule=None)
30.1475 	EXP 	Created instru = TextStim(__class__=<class 'psychopy.visual.text.TextStim'>, alignHoriz=method-wrapper(...), alignText='center', alignVert=method-wrapper(...), anchorHoriz='center', anchorVert='center', antialias=True, autoLog=True, bold=False, color=array([1., 1., 1.]), colorSpace='rgb', contrast=1.0, depth=0.0, flipHoriz=False, flipVert=False, font='Arial', fontFiles=[], height=0.07, italic=False, languageStyle='LTR', name='instru', opacity=1, ori=0, pos=array([0. , 0.5]), rgb=UNKNOWN, text=str(...), units='norm', win=Window(...), wrapWidth=1)
30.1496 	EXP 	Created unnamed Line = Line(__class__=<class 'psychopy.visual.line.Line'>, autoDraw=False, autoLog=True, closeShape=False, color=array([1., 1., 1.]), colorSpace='rgb', contrast=None, depth=0, fillColor=array([0, 0, 0]), fillColorSpace='rgb', fillRGB=array([0, 0, 0]), interpolate=True, lineColor=array([1., 1., 1.]), lineColorSpace='rgb', lineRGB=array([1, 1, 1]), lineWidth=5, name='unnamed Line', opacity=0.5, ori=0.0, pos=array([0., 0.]), size=array([1., 1.]), units='norm', vertices=array([[-0.5,  0. ],
       [ 0.5,  0. ]]), win=Window(...), windingRule=None)
30.1516 	EXP 	Created unnamed Line = Line(__class__=<class 'psychopy.visual.line.Line'>, autoDraw=False, autoLog=True, closeShape=False, color=array([1., 1., 1.]), colorSpace='rgb', contrast=None, depth=0, fillColor=array([0, 0, 0]), fillColorSpace='rgb', fillRGB=array([0, 0, 0]), interpolate=True, lineColor=array([1., 1., 1.]), lineColorSpace='rgb', lineRGB=array([1, 1, 1]), lineWidth=3, name='unnamed Line', opacity=0.5, ori=0.0, pos=array([0., 0.]), size=array([1., 1.]), units='norm', vertices=array([[-0.5 , -0.05],
       [-0.5 ,  0.05]]), win=Window(...), windingRule=None)
30.1535 	EXP 	Created unnamed Line = Line(__class__=<class 'psychopy.visual.line.Line'>, autoDraw=False, autoLog=True, closeShape=False, color=array([1., 1., 1.]), colorSpace='rgb', contrast=None, depth=0, fillColor=array([0, 0, 0]), fillColorSpace='rgb', fillRGB=array([0, 0, 0]), interpolate=True, lineColor=array([1., 1., 1.]), lineColorSpace='rgb', lineRGB=array([1, 1, 1]), lineWidth=3, name='unnamed Line', opacity=0.5, ori=0.0, pos=array([0., 0.]), size=array([1., 1.]), units='norm', vertices=ndarray(...), win=Window(...), windingRule=None)
30.1555 	EXP 	Created unnamed Line = Line(__class__=<class 'psychopy.visual.line.Line'>, autoDraw=False, autoLog=True, closeShape=False, color=array([1., 1., 1.]), colorSpace='rgb', contrast=None, depth=0, fillColor=array([0, 0, 0]), fillColorSpace='rgb', fillRGB=array([0, 0, 0]), interpolate=True, lineColor=array([1., 1., 1.]), lineColorSpace='rgb', lineRGB=array([1, 1, 1]), lineWidth=3, name='unnamed Line', opacity=0.5, ori=0.0, pos=array([0., 0.]), size=array([1., 1.]), units='norm', vertices=ndarray(...), win=Window(...), windingRule=None)
30.1574 	EXP 	Created unnamed Line = Line(__class__=<class 'psychopy.visual.line.Line'>, autoDraw=False, autoLog=True, closeShape=False, color=array([1., 1., 1.]), colorSpace='rgb', contrast=None, depth=0, fillColor=array([0, 0, 0]), fillColorSpace='rgb', fillRGB=array([0, 0, 0]), interpolate=True, lineColor=array([1., 1., 1.]), lineColorSpace='rgb', lineRGB=array([1, 1, 1]), lineWidth=3, name='unnamed Line', opacity=0.5, ori=0.0, pos=array([0., 0.]), size=array([1., 1.]), units='norm', vertices=array([[ 0.5 , -0.05],
       [ 0.5 ,  0.05]]), win=Window(...), windingRule=None)
30.1627 	EXP 	Created unnamed TextStim = TextStim(__class__=<class 'psychopy.visual.text.TextStim'>, alignHoriz=method-wrapper(...), alignText='center', alignVert=method-wrapper(...), anchorHoriz='center', anchorVert='center', antialias=True, autoLog=True, bold=False, color=array([1., 1., 1.]), colorSpace='rgb', contrast=1.0, depth=0, flipHoriz=False, flipVert=False, font='', fontFiles=[], height=0.05, italic=False, languageStyle='LTR', name='unnamed TextStim', opacity=1.0, ori=0.0, pos=array([-0.5, -0.1]), rgb=UNKNOWN, text='Clearly \n NOTHING', units='norm', win=Window(...), wrapWidth=1)
30.1637 	EXP 	Created unnamed TextStim = TextStim(__class__=<class 'psychopy.visual.text.TextStim'>, alignHoriz=method-wrapper(...), alignText='center', alignVert=method-wrapper(...), anchorHoriz='center', anchorVert='center', antialias=True, autoLog=True, bold=False, color=array([1., 1., 1.]), colorSpace='rgb', contrast=1.0, depth=0, flipHoriz=False, flipVert=False, font='', fontFiles=[], height=0.05, italic=False, languageStyle='LTR', name='unnamed TextStim', opacity=1.0, ori=0.0, pos=array([-0.16666667, -0.1       ]), rgb=UNKNOWN, text='', units='norm', win=Window(...), wrapWidth=1)
30.1648 	EXP 	Created unnamed TextStim = TextStim(__class__=<class 'psychopy.visual.text.TextStim'>, alignHoriz=method-wrapper(...), alignText='center', alignVert=method-wrapper(...), anchorHoriz='center', anchorVert='center', antialias=True, autoLog=True, bold=False, color=array([1., 1., 1.]), colorSpace='rgb', contrast=1.0, depth=0, flipHoriz=False, flipVert=False, font='', fontFiles=[], height=0.05, italic=False, languageStyle='LTR', name='unnamed TextStim', opacity=1.0, ori=0.0, pos=array([ 0.16666667, -0.1       ]), rgb=UNKNOWN, text='', units='norm', win=Window(...), wrapWidth=1)
30.1692 	EXP 	Created unnamed TextStim = TextStim(__class__=<class 'psychopy.visual.text.TextStim'>, alignHoriz=method-wrapper(...), alignText='center', alignVert=method-wrapper(...), anchorHoriz='center', anchorVert='center', antialias=True, autoLog=True, bold=False, color=array([1., 1., 1.]), colorSpace='rgb', contrast=1.0, depth=0, flipHoriz=False, flipVert=False, font='', fontFiles=[], height=0.05, italic=False, languageStyle='LTR', name='unnamed TextStim', opacity=1.0, ori=0.0, pos=array([ 0.5, -0.1]), rgb=UNKNOWN, text='Clearly \n SOMETHING', units='norm', win=Window(...), wrapWidth=1)
30.1712 	EXP 	Created unnamed ShapeStim = ShapeStim(__class__=<class 'psychopy.visual.shape.ShapeStim'>, autoDraw=False, autoLog=True, closeShape=True, color=method-wrapper(...), colorSpace='rgb', contrast=None, depth=0, fillColor=array([1, 1, 1]), fillColorSpace='rgb', fillRGB=array([1, 1, 1]), interpolate=True, lineColor=array([-1., -1., -1.]), lineColorSpace='rgb', lineRGB=array([-1, -1, -1]), lineWidth=1.5, name='unnamed ShapeStim', opacity=1.0, ori=0.0, pos=array([0., 0.]), size=array([1., 1.]), units='norm', vertices=ndarray(...), win=Window(...), windingRule=None)
30.1789 	EXP 	Created instru = TextStim(__class__=<class 'psychopy.visual.text.TextStim'>, alignHoriz=method-wrapper(...), alignText='center', alignVert=method-wrapper(...), anchorHoriz='center', anchorVert='center', antialias=True, autoLog=True, bold=False, color=array([1., 1., 1.]), colorSpace='rgb', contrast=1.0, depth=0.0, flipHoriz=False, flipVert=False, font='Arial', fontFiles=[], height=0.07, italic=False, languageStyle='LTR', name='instru', opacity=1, ori=0, pos=array([0. , 0.5]), rgb=UNKNOWN, text=str(...), units='norm', win=Window(...), wrapWidth=1)
30.1809 	EXP 	Created unnamed Line = Line(__class__=<class 'psychopy.visual.line.Line'>, autoDraw=False, autoLog=True, closeShape=False, color=array([1., 1., 1.]), colorSpace='rgb', contrast=None, depth=0, fillColor=array([0, 0, 0]), fillColorSpace='rgb', fillRGB=array([0, 0, 0]), interpolate=True, lineColor=array([1., 1., 1.]), lineColorSpace='rgb', lineRGB=array([1, 1, 1]), lineWidth=5, name='unnamed Line', opacity=0.5, ori=0.0, pos=array([0., 0.]), size=array([1., 1.]), units='norm', vertices=array([[-0.5,  0. ],
       [ 0.5,  0. ]]), win=Window(...), windingRule=None)
30.1829 	EXP 	Created unnamed Line = Line(__class__=<class 'psychopy.visual.line.Line'>, autoDraw=False, autoLog=True, closeShape=False, color=array([1., 1., 1.]), colorSpace='rgb', contrast=None, depth=0, fillColor=array([0, 0, 0]), fillColorSpace='rgb', fillRGB=array([0, 0, 0]), interpolate=True, lineColor=array([1., 1., 1.]), lineColorSpace='rgb', lineRGB=array([1, 1, 1]), lineWidth=3, name='unnamed Line', opacity=0.5, ori=0.0, pos=array([0., 0.]), size=array([1., 1.]), units='norm', vertices=array([[-0.5 , -0.05],
       [-0.5 ,  0.05]]), win=Window(...), windingRule=None)
30.1848 	EXP 	Created unnamed Line = Line(__class__=<class 'psychopy.visual.line.Line'>, autoDraw=False, autoLog=True, closeShape=False, color=array([1., 1., 1.]), colorSpace='rgb', contrast=None, depth=0, fillColor=array([0, 0, 0]), fillColorSpace='rgb', fillRGB=array([0, 0, 0]), interpolate=True, lineColor=array([1., 1., 1.]), lineColorSpace='rgb', lineRGB=array([1, 1, 1]), lineWidth=3, name='unnamed Line', opacity=0.5, ori=0.0, pos=array([0., 0.]), size=array([1., 1.]), units='norm', vertices=ndarray(...), win=Window(...), windingRule=None)
30.1868 	EXP 	Created unnamed Line = Line(__class__=<class 'psychopy.visual.line.Line'>, autoDraw=False, autoLog=True, closeShape=False, color=array([1., 1., 1.]), colorSpace='rgb', contrast=None, depth=0, fillColor=array([0, 0, 0]), fillColorSpace='rgb', fillRGB=array([0, 0, 0]), interpolate=True, lineColor=array([1., 1., 1.]), lineColorSpace='rgb', lineRGB=array([1, 1, 1]), lineWidth=3, name='unnamed Line', opacity=0.5, ori=0.0, pos=array([0., 0.]), size=array([1., 1.]), units='norm', vertices=ndarray(...), win=Window(...), windingRule=None)
30.1887 	EXP 	Created unnamed Line = Line(__class__=<class 'psychopy.visual.line.Line'>, autoDraw=False, autoLog=True, closeShape=False, color=array([1., 1., 1.]), colorSpace='rgb', contrast=None, depth=0, fillColor=array([0, 0, 0]), fillColorSpace='rgb', fillRGB=array([0, 0, 0]), interpolate=True, lineColor=array([1., 1., 1.]), lineColorSpace='rgb', lineRGB=array([1, 1, 1]), lineWidth=3, name='unnamed Line', opacity=0.5, ori=0.0, pos=array([0., 0.]), size=array([1., 1.]), units='norm', vertices=array([[ 0.5 , -0.05],
       [ 0.5 ,  0.05]]), win=Window(...), windingRule=None)
30.1937 	EXP 	Created unnamed TextStim = TextStim(__class__=<class 'psychopy.visual.text.TextStim'>, alignHoriz=method-wrapper(...), alignText='center', alignVert=method-wrapper(...), anchorHoriz='center', anchorVert='center', antialias=True, autoLog=True, bold=False, color=array([1., 1., 1.]), colorSpace='rgb', contrast=1.0, depth=0, flipHoriz=False, flipVert=False, font='', fontFiles=[], height=0.05, italic=False, languageStyle='LTR', name='unnamed TextStim', opacity=1.0, ori=0.0, pos=array([-0.5, -0.1]), rgb=UNKNOWN, text='Clearly \n SPONTANEOUS', units='norm', win=Window(...), wrapWidth=1)
30.1947 	EXP 	Created unnamed TextStim = TextStim(__class__=<class 'psychopy.visual.text.TextStim'>, alignHoriz=method-wrapper(...), alignText='center', alignVert=method-wrapper(...), anchorHoriz='center', anchorVert='center', antialias=True, autoLog=True, bold=False, color=array([1., 1., 1.]), colorSpace='rgb', contrast=1.0, depth=0, flipHoriz=False, flipVert=False, font='', fontFiles=[], height=0.05, italic=False, languageStyle='LTR', name='unnamed TextStim', opacity=1.0, ori=0.0, pos=array([-0.16666667, -0.1       ]), rgb=UNKNOWN, text='', units='norm', win=Window(...), wrapWidth=1)
30.1960 	EXP 	Created unnamed TextStim = TextStim(__class__=<class 'psychopy.visual.text.TextStim'>, alignHoriz=method-wrapper(...), alignText='center', alignVert=method-wrapper(...), anchorHoriz='center', anchorVert='center', antialias=True, autoLog=True, bold=False, color=array([1., 1., 1.]), colorSpace='rgb', contrast=1.0, depth=0, flipHoriz=False, flipVert=False, font='', fontFiles=[], height=0.05, italic=False, languageStyle='LTR', name='unnamed TextStim', opacity=1.0, ori=0.0, pos=array([ 0.16666667, -0.1       ]), rgb=UNKNOWN, text='', units='norm', win=Window(...), wrapWidth=1)
30.2014 	EXP 	Created unnamed TextStim = TextStim(__class__=<class 'psychopy.visual.text.TextStim'>, alignHoriz=method-wrapper(...), alignText='center', alignVert=method-wrapper(...), anchorHoriz='center', anchorVert='center', antialias=True, autoLog=True, bold=False, color=array([1., 1., 1.]), colorSpace='rgb', contrast=1.0, depth=0, flipHoriz=False, flipVert=False, font='', fontFiles=[], height=0.05, italic=False, languageStyle='LTR', name='unnamed TextStim', opacity=1.0, ori=0.0, pos=array([ 0.5, -0.1]), rgb=UNKNOWN, text='Clearly \n DELIBERATE', units='norm', win=Window(...), wrapWidth=1)
30.2032 	EXP 	Created unnamed ShapeStim = ShapeStim(__class__=<class 'psychopy.visual.shape.ShapeStim'>, autoDraw=False, autoLog=True, closeShape=True, color=method-wrapper(...), colorSpace='rgb', contrast=None, depth=0, fillColor=array([1, 1, 1]), fillColorSpace='rgb', fillRGB=array([1, 1, 1]), interpolate=True, lineColor=array([-1., -1., -1.]), lineColorSpace='rgb', lineRGB=array([-1, -1, -1]), lineWidth=1.5, name='unnamed ShapeStim', opacity=1.0, ori=0.0, pos=array([0., 0.]), size=array([1., 1.]), units='norm', vertices=ndarray(...), win=Window(...), windingRule=None)
30.2514 	EXP 	Sound  set volume 1.000
30.2794 	EXP 	unnamed ShapeStim: vertices = <class 'numpy.ndarray'>
30.2794 	EXP 	unnamed ShapeStim: vertices = <class 'numpy.ndarray'>
30.2794 	EXP 	unnamed ShapeStim: vertices = <class 'numpy.ndarray'>
36.7345 	DATA 	Keypress: rctrl
37.6945 	DATA 	Keypress: rctrl
39.2945 	DATA 	Keypress: lctrl
39.3263 	EXP 	unnamed TextStim: text = ''
39.3263 	EXP 	unnamed TextStim: text = ''
41.3443 	DATA 	Keypress: 4
41.3608 	EXP 	unnamed ShapeStim: vertices = <class 'numpy.ndarray'>
44.3825 	DATA 	Keypress: rctrl
44.3971 	EXP 	unnamed TextStim: text = ''
44.3971 	EXP 	unnamed TextStim: text = ''
45.6983 	DATA 	Keypress: 1
45.7148 	EXP 	unnamed ShapeStim: vertices = <class 'numpy.ndarray'>
49.6465 	DATA 	Keypress: rctrl
49.6681 	EXP 	unnamed TextStim: text = ''
49.6681 	EXP 	unnamed TextStim: text = ''
51.5693 	DATA 	Keypress: 4
51.5858 	EXP 	unnamed ShapeStim: vertices = <class 'numpy.ndarray'>
55.5346 	DATA 	Keypress: rctrl
57.8866 	DATA 	Keypress: rctrl
61.1505 	DATA 	Keypress: rctrl
61.6611 	EXP 	Sound  started
61.8385 	DATA 	Keypress: rctrl
62.4111 	EXP 	Sound  started
62.4304 	DATA 	Keypress: rctrl
63.0384 	DATA 	Keypress: rctrl
63.1612 	EXP 	Sound  started
63.7744 	DATA 	Keypress: lctrl
63.9112 	EXP 	Sound  started
64.4944 	DATA 	Keypress: lctrl
64.6612 	EXP 	Sound  started
65.2625 	DATA 	Keypress: lctrl
65.4112 	EXP 	Sound  started
66.0304 	DATA 	Keypress: rctrl
66.1612 	EXP 	Sound  started
66.7665 	DATA 	Keypress: lctrl
66.9112 	EXP 	Sound  started
67.4865 	DATA 	Keypress: lctrl
67.6612 	EXP 	Sound  started
68.2224 	DATA 	Keypress: rctrl
68.4113 	EXP 	Sound  started
69.0384 	DATA 	Keypress: rctrl
69.1613 	EXP 	Sound  started
69.7744 	DATA 	Keypress: rctrl
69.9113 	EXP 	Sound  started
70.4944 	DATA 	Keypress: lctrl
70.6613 	EXP 	Sound  started
71.2784 	DATA 	Keypress: lctrl
71.4113 	EXP 	Sound  started
71.9984 	DATA 	Keypress: lctrl
72.1613 	EXP 	Sound  started
72.7344 	DATA 	Keypress: lctrl
72.9113 	EXP 	Sound  started
73.4064 	DATA 	Keypress: lctrl
73.6614 	EXP 	Sound  started
74.2544 	DATA 	Keypress: lctrl
74.4114 	EXP 	Sound  started
75.0384 	DATA 	Keypress: rctrl
75.1614 	EXP 	Sound  started
75.7904 	DATA 	Keypress: rctrl
75.9114 	EXP 	Sound  started
76.4464 	DATA 	Keypress: rctrl
76.6614 	EXP 	Sound  started
77.1664 	DATA 	Keypress: rctrl
77.4114 	EXP 	Sound  started
77.9984 	DATA 	Keypress: rctrl
78.1614 	EXP 	Sound  started
78.7344 	DATA 	Keypress: lctrl
78.9114 	EXP 	Sound  started
79.5984 	DATA 	Keypress: lctrl
79.6615 	EXP 	Sound  started
80.3504 	DATA 	Keypress: lctrl
80.4115 	EXP 	Sound  started
81.1185 	DATA 	Keypress: lctrl
81.1615 	EXP 	Sound  started
81.9115 	EXP 	Sound  started
81.9184 	DATA 	Keypress: lctrl
82.6385 	DATA 	Keypress: lctrl
82.6615 	EXP 	Sound  started
83.3104 	DATA 	Keypress: lctrl
83.4115 	EXP 	Sound  started
84.1264 	DATA 	Keypress: lctrl
84.1615 	EXP 	Sound  started
84.9116 	EXP 	Sound  started
84.9265 	DATA 	Keypress: lctrl
85.6616 	EXP 	Sound  started
85.6784 	DATA 	Keypress: lctrl
86.3504 	DATA 	Keypress: lctrl
86.4116 	EXP 	Sound  started
87.1344 	DATA 	Keypress: rctrl
87.1616 	EXP 	Sound  started
87.8544 	DATA 	Keypress: rctrl
87.9116 	EXP 	Sound  started
88.5744 	DATA 	Keypress: lctrl
88.6616 	EXP 	Sound  started
89.2785 	DATA 	Keypress: rctrl
89.4117 	EXP 	Sound  started
90.0144 	DATA 	Keypress: rctrl
90.1617 	EXP 	Sound  started
90.8304 	DATA 	Keypress: lctrl
90.9117 	EXP 	Sound  started
91.5024 	DATA 	Keypress: rctrl
91.6617 	EXP 	Sound  started
92.2064 	DATA 	Keypress: lctrl
92.4117 	EXP 	Sound  started
92.9265 	DATA 	Keypress: lctrl
93.1617 	EXP 	Sound  started
93.7104 	DATA 	Keypress: lctrl
93.9117 	EXP 	Sound  started
94.4785 	DATA 	Keypress: lctrl
94.6618 	EXP 	Sound  started
95.2785 	DATA 	Keypress: rctrl
95.4118 	EXP 	Sound  started
96.0304 	DATA 	Keypress: rctrl
96.1618 	EXP 	Sound  started
96.7664 	DATA 	Keypress: rctrl
96.9118 	EXP 	Sound  started
97.5185 	DATA 	Keypress: rctrl
97.6618 	EXP 	Sound  started
98.2224 	DATA 	Keypress: rctrl
98.4118 	EXP 	Sound  started
99.0064 	DATA 	Keypress: rctrl
99.1618 	EXP 	Sound  started
99.8545 	DATA 	Keypress: rctrl
99.9119 	EXP 	Sound  started
100.5584 	DATA 	Keypress: lctrl
100.6619 	EXP 	Sound  started
101.2944 	DATA 	Keypress: lctrl
101.4119 	EXP 	Sound  started
102.0144 	DATA 	Keypress: lctrl
102.1619 	EXP 	Sound  started
102.7184 	DATA 	Keypress: lctrl
102.9119 	EXP 	Sound  started
103.5024 	DATA 	Keypress: lctrl
103.6619 	EXP 	Sound  started
104.2544 	DATA 	Keypress: lctrl
104.4119 	EXP 	Sound  started
104.9105 	DATA 	Keypress: lctrl
105.1619 	EXP 	Sound  started
105.7104 	DATA 	Keypress: rctrl
105.9120 	EXP 	Sound  started
106.4784 	DATA 	Keypress: lctrl
106.6620 	EXP 	Sound  started
107.2624 	DATA 	Keypress: rctrl
107.4120 	EXP 	Sound  started
108.0464 	DATA 	Keypress: lctrl
108.1620 	EXP 	Sound  started
108.9120 	EXP 	Sound  started
108.9264 	DATA 	Keypress: rctrl
109.6620 	EXP 	Sound  started
109.6625 	DATA 	Keypress: lctrl
110.3184 	DATA 	Keypress: lctrl
110.4121 	EXP 	Sound  started
111.1621 	EXP 	Sound  started
111.1664 	DATA 	Keypress: lctrl
111.8064 	DATA 	Keypress: rctrl
111.9121 	EXP 	Sound  started
112.6544 	DATA 	Keypress: rctrl
112.6621 	EXP 	Sound  started
113.3584 	DATA 	Keypress: rctrl
113.4121 	EXP 	Sound  started
114.1105 	DATA 	Keypress: rctrl
114.1621 	EXP 	Sound  started
114.7664 	DATA 	Keypress: rctrl
114.9122 	EXP 	Sound  started
115.5504 	DATA 	Keypress: lctrl
115.6622 	EXP 	Sound  started
116.4122 	EXP 	Sound  started
116.4464 	DATA 	Keypress: lctrl
117.1622 	EXP 	Sound  started
117.9122 	EXP 	Sound  started
117.9665 	DATA 	Keypress: rctrl
118.5744 	DATA 	Keypress: rctrl
118.6622 	EXP 	Sound  started
119.2945 	DATA 	Keypress: rctrl
119.4122 	EXP 	Sound  started
120.0464 	DATA 	Keypress: rctrl
120.1622 	EXP 	Sound  started
120.7664 	DATA 	Keypress: rctrl
120.9123 	EXP 	Sound  started
121.5665 	DATA 	Keypress: rctrl
121.6623 	EXP 	Sound  started
122.2864 	DATA 	Keypress: lctrl
122.4123 	EXP 	Sound  started
123.0864 	DATA 	Keypress: lctrl
123.1623 	EXP 	Sound  started
123.7904 	DATA 	Keypress: rctrl
123.9123 	EXP 	Sound  started
124.6065 	DATA 	Keypress: lctrl
124.6623 	EXP 	Sound  started
125.3265 	DATA 	Keypress: rctrl
125.4123 	EXP 	Sound  started
126.0945 	DATA 	Keypress: rctrl
126.1623 	EXP 	Sound  started
126.7824 	DATA 	Keypress: lctrl
126.9123 	EXP 	Sound  started
127.6304 	DATA 	Keypress: lctrl
127.6624 	EXP 	Sound  started
128.3345 	DATA 	Keypress: rctrl
128.4124 	EXP 	Sound  started
129.0705 	DATA 	Keypress: rctrl
132.1020 	DATA 	Keypress: 4
132.1186 	EXP 	unnamed ShapeStim: vertices = <class 'numpy.ndarray'>
134.5207 	DATA 	Keypress: 1
134.5372 	EXP 	unnamed ShapeStim: vertices = <class 'numpy.ndarray'>
138.1609 	DATA 	Keypress: 4
138.1902 	EXP 	unnamed ShapeStim: vertices = <class 'numpy.ndarray'>
140.4757 	EXP 	Sound  started
140.4759 	DATA 	Keypress: rctrl
141.1025 	DATA 	Keypress: rctrl
141.2257 	EXP 	Sound  started
141.9504 	DATA 	Keypress: rctrl
141.9757 	EXP 	Sound  started
142.6864 	DATA 	Keypress: rctrl
142.7258 	EXP 	Sound  started
143.3744 	DATA 	Keypress: lctrl
143.4758 	EXP 	Sound  started
144.1744 	DATA 	Keypress: lctrl
144.2258 	EXP 	Sound  started
144.9264 	DATA 	Keypress: lctrl
144.9758 	EXP 	Sound  started
145.6466 	DATA 	Keypress: lctrl
145.7258 	EXP 	Sound  started
146.3664 	DATA 	Keypress: rctrl
146.4758 	EXP 	Sound  started
147.1664 	DATA 	Keypress: lctrl
147.2259 	EXP 	Sound  started
147.8225 	DATA 	Keypress: rctrl
147.9759 	EXP 	Sound  started
148.6546 	DATA 	Keypress: rctrl
148.7259 	EXP 	Sound  started
149.3584 	DATA 	Keypress: rctrl
149.4759 	EXP 	Sound  started
150.1265 	DATA 	Keypress: rctrl
150.2259 	EXP 	Sound  started
150.9264 	DATA 	Keypress: lctrl
150.9759 	EXP 	Sound  started
151.6624 	DATA 	Keypress: lctrl
151.7259 	EXP 	Sound  started
152.4304 	DATA 	Keypress: lctrl
152.4760 	EXP 	Sound  started
153.1824 	DATA 	Keypress: lctrl
153.2260 	EXP 	Sound  started
153.9504 	DATA 	Keypress: lctrl
153.9760 	EXP 	Sound  started
154.6704 	DATA 	Keypress: lctrl
154.7260 	EXP 	Sound  started
155.4225 	DATA 	Keypress: lctrl
155.4761 	EXP 	Sound  started
156.1745 	DATA 	Keypress: lctrl
156.2261 	EXP 	Sound  started
156.8945 	DATA 	Keypress: lctrl
156.9761 	EXP 	Sound  started
157.6144 	DATA 	Keypress: rctrl
157.7261 	EXP 	Sound  started
158.3664 	DATA 	Keypress: rctrl
158.4761 	EXP 	Sound  started
159.1184 	DATA 	Keypress: rctrl
159.2261 	EXP 	Sound  started
159.9024 	DATA 	Keypress: lctrl
159.9761 	EXP 	Sound  started
160.6864 	DATA 	Keypress: rctrl
160.7262 	EXP 	Sound  started
161.4762 	EXP 	Sound  started
161.5666 	DATA 	Keypress: lctrl
162.2262 	EXP 	Sound  started
162.2384 	DATA 	Keypress: rctrl
162.9585 	DATA 	Keypress: rctrl
162.9762 	EXP 	Sound  started
163.6464 	DATA 	Keypress: rctrl
163.7262 	EXP 	Sound  started
164.4464 	DATA 	Keypress: rctrl
164.4762 	EXP 	Sound  started
165.1984 	DATA 	Keypress: lctrl
165.2262 	EXP 	Sound  started
165.9185 	DATA 	Keypress: rctrl
165.9763 	EXP 	Sound  started
166.7263 	EXP 	Sound  started
166.7664 	DATA 	Keypress: lctrl
167.4544 	DATA 	Keypress: lctrl
167.4763 	EXP 	Sound  started
168.1264 	DATA 	Keypress: lctrl
168.2263 	EXP 	Sound  started
168.8624 	DATA 	Keypress: lctrl
168.9763 	EXP 	Sound  started
169.5664 	DATA 	Keypress: rctrl
169.7263 	EXP 	Sound  started
170.4763 	EXP 	Sound  started
170.5104 	DATA 	Keypress: rctrl
171.1664 	DATA 	Keypress: rctrl
171.2264 	EXP 	Sound  started
171.8704 	DATA 	Keypress: rctrl
171.9764 	EXP 	Sound  started
172.6064 	DATA 	Keypress: rctrl
172.7264 	EXP 	Sound  started
173.3744 	DATA 	Keypress: lctrl
173.4764 	EXP 	Sound  started
174.2224 	DATA 	Keypress: rctrl
174.2264 	EXP 	Sound  started
174.9764 	EXP 	Sound  started
175.0064 	DATA 	Keypress: lctrl
175.7264 	EXP 	Sound  started
175.7424 	DATA 	Keypress: rctrl
176.4465 	DATA 	Keypress: rctrl
176.4765 	EXP 	Sound  started
177.1984 	DATA 	Keypress: lctrl
177.2265 	EXP 	Sound  started
177.9184 	DATA 	Keypress: lctrl
177.9765 	EXP 	Sound  started
178.6224 	DATA 	Keypress: lctrl
178.7265 	EXP 	Sound  started
179.3904 	DATA 	Keypress: rctrl
179.4765 	EXP 	Sound  started
180.1744 	DATA 	Keypress: rctrl
180.2265 	EXP 	Sound  started
180.9104 	DATA 	Keypress: rctrl
180.9765 	EXP 	Sound  started
181.6304 	DATA 	Keypress: rctrl
184.3115 	DATA 	Keypress: 4
184.3280 	EXP 	unnamed ShapeStim: vertices = <class 'numpy.ndarray'>
186.6305 	DATA 	Keypress: 1
186.6470 	EXP 	unnamed ShapeStim: vertices = <class 'numpy.ndarray'>
188.9824 	DATA 	Keypress: 4
188.9990 	EXP 	unnamed ShapeStim: vertices = <class 'numpy.ndarray'>
191.2841 	EXP 	Sound  started
191.4385 	DATA 	Keypress: rctrl
192.0341 	EXP 	Sound  started
192.0624 	DATA 	Keypress: rctrl
192.7184 	DATA 	Keypress: rctrl
192.7841 	EXP 	Sound  started
193.4864 	DATA 	Keypress: rctrl
193.5341 	EXP 	Sound  started
194.1904 	DATA 	Keypress: rctrl
194.2841 	EXP 	Sound  started
194.9424 	DATA 	Keypress: rctrl
195.0341 	EXP 	Sound  started
195.6943 	DATA 	Keypress: rctrl
195.7841 	EXP 	Sound  started
196.4304 	DATA 	Keypress: lctrl
196.5341 	EXP 	Sound  started
197.1664 	DATA 	Keypress: lctrl
197.2841 	EXP 	Sound  started
197.9344 	DATA 	Keypress: rctrl
198.0341 	EXP 	Sound  started
198.7184 	DATA 	Keypress: rctrl
198.7842 	EXP 	Sound  started
199.4545 	DATA 	Keypress: rctrl
199.5342 	EXP 	Sound  started
200.1904 	DATA 	Keypress: lctrl
200.2842 	EXP 	Sound  started
200.9104 	DATA 	Keypress: lctrl
201.0342 	EXP 	Sound  started
201.6464 	DATA 	Keypress: lctrl
201.7842 	EXP 	Sound  started
202.3824 	DATA 	Keypress: lctrl
202.5342 	EXP 	Sound  started
202.9744 	DATA 	Keypress: rctrl
203.2843 	EXP 	Sound  started
203.8224 	DATA 	Keypress: rctrl
204.0343 	EXP 	Sound  started
204.5744 	DATA 	Keypress: lctrl
204.7843 	EXP 	Sound  started
205.4064 	DATA 	Keypress: rctrl
205.5343 	EXP 	Sound  started
206.1904 	DATA 	Keypress: lctrl
206.2843 	EXP 	Sound  started
206.9744 	DATA 	Keypress: rctrl
207.0343 	EXP 	Sound  started
207.7843 	EXP 	Sound  started
207.7904 	DATA 	Keypress: lctrl
208.3664 	DATA 	Keypress: rctrl
208.5344 	EXP 	Sound  started
209.1184 	DATA 	Keypress: lctrl
209.2844 	EXP 	Sound  started
210.0344 	EXP 	Sound  started
210.0464 	DATA 	Keypress: rctrl
210.7504 	DATA 	Keypress: rctrl
210.7844 	EXP 	Sound  started
211.4384 	DATA 	Keypress: lctrl
211.5344 	EXP 	Sound  started
212.1904 	DATA 	Keypress: lctrl
212.2844 	EXP 	Sound  started
212.8944 	DATA 	Keypress: rctrl
213.0344 	EXP 	Sound  started
213.6304 	DATA 	Keypress: lctrl
213.7845 	EXP 	Sound  started
214.3984 	DATA 	Keypress: rctrl
214.5345 	EXP 	Sound  started
215.0865 	DATA 	Keypress: rctrl
215.2845 	EXP 	Sound  started
215.8865 	DATA 	Keypress: rctrl
216.0345 	EXP 	Sound  started
216.6704 	DATA 	Keypress: rctrl
216.7845 	EXP 	Sound  started
217.4064 	DATA 	Keypress: rctrl
217.5345 	EXP 	Sound  started
218.2845 	EXP 	Sound  started
218.2865 	DATA 	Keypress: rctrl
219.0224 	DATA 	Keypress: lctrl
219.0346 	EXP 	Sound  started
219.6785 	DATA 	Keypress: lctrl
219.7846 	EXP 	Sound  started
220.4144 	DATA 	Keypress: rctrl
220.5346 	EXP 	Sound  started
221.1986 	DATA 	Keypress: rctrl
221.2846 	EXP 	Sound  started
221.9184 	DATA 	Keypress: rctrl
222.0346 	EXP 	Sound  started
222.7025 	DATA 	Keypress: lctrl
222.7846 	EXP 	Sound  started
223.4704 	DATA 	Keypress: rctrl
223.5346 	EXP 	Sound  started
224.2224 	DATA 	Keypress: rctrl
224.2847 	EXP 	Sound  started
224.9584 	DATA 	Keypress: rctrl
225.0347 	EXP 	Sound  started
225.6784 	DATA 	Keypress: rctrl
225.7847 	EXP 	Sound  started
226.3664 	DATA 	Keypress: rctrl
226.5347 	EXP 	Sound  started
227.1024 	DATA 	Keypress: rctrl
227.2847 	EXP 	Sound  started
227.8384 	DATA 	Keypress: lctrl
228.0347 	EXP 	Sound  started
228.5424 	DATA 	Keypress: rctrl
228.7847 	EXP 	Sound  started
229.3264 	DATA 	Keypress: lctrl
229.5347 	EXP 	Sound  started
230.1584 	DATA 	Keypress: rctrl
230.2848 	EXP 	Sound  started
230.8624 	DATA 	Keypress: lctrl
231.0348 	EXP 	Sound  started
231.5984 	DATA 	Keypress: lctrl
231.7848 	EXP 	Sound  started
232.3344 	DATA 	Keypress: lctrl
232.5348 	EXP 	Sound  started
233.1025 	DATA 	Keypress: lctrl
233.2848 	EXP 	Sound  started
233.8384 	DATA 	Keypress: rctrl
234.0348 	EXP 	Sound  started
234.6064 	DATA 	Keypress: rctrl
234.7849 	EXP 	Sound  started
235.3584 	DATA 	Keypress: lctrl
235.5349 	EXP 	Sound  started
236.0944 	DATA 	Keypress: rctrl
236.2849 	EXP 	Sound  started
236.8944 	DATA 	Keypress: lctrl
237.0349 	EXP 	Sound  started
237.6305 	DATA 	Keypress: lctrl
237.7849 	EXP 	Sound  started
238.3025 	DATA 	Keypress: rctrl
238.5350 	EXP 	Sound  started
239.1024 	DATA 	Keypress: lctrl
239.2850 	EXP 	Sound  started
239.8705 	DATA 	Keypress: rctrl
240.0350 	EXP 	Sound  started
240.5584 	DATA 	Keypress: lctrl
240.7850 	EXP 	Sound  started
241.3264 	DATA 	Keypress: rctrl
243.6306 	DATA 	Keypress: 2
243.6600 	EXP 	unnamed ShapeStim: vertices = <class 'numpy.ndarray'>
245.6957 	DATA 	Keypress: 3
245.7122 	EXP 	unnamed ShapeStim: vertices = <class 'numpy.ndarray'>
247.8474 	DATA 	Keypress: 1
247.8640 	EXP 	unnamed ShapeStim: vertices = <class 'numpy.ndarray'>
250.1477 	EXP 	Sound  started
250.1480 	DATA 	Keypress: lctrl
250.6864 	DATA 	Keypress: rctrl
250.8977 	EXP 	Sound  started
251.4544 	DATA 	Keypress: rctrl
251.6477 	EXP 	Sound  started
252.3185 	DATA 	Keypress: rctrl
252.3977 	EXP 	Sound  started
253.1344 	DATA 	Keypress: rctrl
253.1478 	EXP 	Sound  started
253.8705 	DATA 	Keypress: rctrl
253.8978 	EXP 	Sound  started
254.6065 	DATA 	Keypress: rctrl
254.6478 	EXP 	Sound  started
255.3978 	EXP 	Sound  started
255.4064 	DATA 	Keypress: rctrl
256.0144 	DATA 	Keypress: lctrl
256.1478 	EXP 	Sound  started
256.7984 	DATA 	Keypress: lctrl
256.8978 	EXP 	Sound  started
257.5184 	DATA 	Keypress: lctrl
257.6478 	EXP 	Sound  started
258.2544 	DATA 	Keypress: rctrl
258.3979 	EXP 	Sound  started
258.9264 	DATA 	Keypress: lctrl
259.1479 	EXP 	Sound  started
259.7264 	DATA 	Keypress: lctrl
259.8979 	EXP 	Sound  started
260.5105 	DATA 	Keypress: rctrl
260.6479 	EXP 	Sound  started
261.2626 	DATA 	Keypress: rctrl
261.3979 	EXP 	Sound  started
262.1479 	EXP 	Sound  started
262.1744 	DATA 	Keypress: rctrl
262.8784 	DATA 	Keypress: rctrl
262.8979 	EXP 	Sound  started
263.5826 	DATA 	Keypress: rctrl
263.6480 	EXP 	Sound  started
264.3345 	DATA 	Keypress: rctrl
264.3980 	EXP 	Sound  started
264.9424 	DATA 	Keypress: lctrl
265.1480 	EXP 	Sound  started
265.7904 	DATA 	Keypress: lctrl
265.8980 	EXP 	Sound  started
266.4464 	DATA 	Keypress: lctrl
266.6480 	EXP 	Sound  started
267.2145 	DATA 	Keypress: lctrl
267.3980 	EXP 	Sound  started
267.9824 	DATA 	Keypress: rctrl
268.1480 	EXP 	Sound  started
268.7344 	DATA 	Keypress: lctrl
268.8981 	EXP 	Sound  started
269.4865 	DATA 	Keypress: rctrl
269.6481 	EXP 	Sound  started
270.3184 	DATA 	Keypress: rctrl
270.3981 	EXP 	Sound  started
271.0544 	DATA 	Keypress: lctrl
271.1481 	EXP 	Sound  started
271.8384 	DATA 	Keypress: rctrl
271.8981 	EXP 	Sound  started
272.5904 	DATA 	Keypress: lctrl
272.6481 	EXP 	Sound  started
273.3584 	DATA 	Keypress: rctrl
273.3981 	EXP 	Sound  started
274.0944 	DATA 	Keypress: lctrl
274.1481 	EXP 	Sound  started
274.7824 	DATA 	Keypress: rctrl
274.8982 	EXP 	Sound  started
275.5825 	DATA 	Keypress: lctrl
275.6482 	EXP 	Sound  started
276.3345 	DATA 	Keypress: rctrl
276.3982 	EXP 	Sound  started
277.1344 	DATA 	Keypress: rctrl
277.1482 	EXP 	Sound  started
277.8982 	EXP 	Sound  started
277.9344 	DATA 	Keypress: lctrl
278.5744 	DATA 	Keypress: lctrl
278.6482 	EXP 	Sound  started
279.3104 	DATA 	Keypress: rctrl
279.3982 	EXP 	Sound  started
280.0464 	DATA 	Keypress: rctrl
280.1483 	EXP 	Sound  started
280.7664 	DATA 	Keypress: rctrl
280.8983 	EXP 	Sound  started
281.5826 	DATA 	Keypress: rctrl
281.6483 	EXP 	Sound  started
282.3344 	DATA 	Keypress: lctrl
282.3983 	EXP 	Sound  started
283.0224 	DATA 	Keypress: rctrl
283.1483 	EXP 	Sound  started
283.8064 	DATA 	Keypress: lctrl
283.8983 	EXP 	Sound  started
284.5904 	DATA 	Keypress: lctrl
284.6483 	EXP 	Sound  started
285.3983 	EXP 	Sound  started
285.4065 	DATA 	Keypress: rctrl
286.0624 	DATA 	Keypress: rctrl
286.1484 	EXP 	Sound  started
286.7985 	DATA 	Keypress: lctrl
286.8984 	EXP 	Sound  started
287.5346 	DATA 	Keypress: rctrl
287.6484 	EXP 	Sound  started
288.3184 	DATA 	Keypress: lctrl
288.3984 	EXP 	Sound  started
289.1024 	DATA 	Keypress: rctrl
289.1484 	EXP 	Sound  started
289.8545 	DATA 	Keypress: rctrl
289.8984 	EXP 	Sound  started
290.5904 	DATA 	Keypress: rctrl
290.6485 	EXP 	Sound  started
291.2785 	DATA 	Keypress: lctrl
291.3985 	EXP 	Sound  started
292.0624 	DATA 	Keypress: lctrl
292.1485 	EXP 	Sound  started
292.8304 	DATA 	Keypress: rctrl
292.8985 	EXP 	Sound  started
293.5664 	DATA 	Keypress: rctrl
293.6485 	EXP 	Sound  started
294.2865 	DATA 	Keypress: rctrl
294.3985 	EXP 	Sound  started
295.0064 	DATA 	Keypress: rctrl
295.1485 	EXP 	Sound  started
295.6944 	DATA 	Keypress: rctrl
295.8985 	EXP 	Sound  started
296.4624 	DATA 	Keypress: rctrl
296.6486 	EXP 	Sound  started
297.1184 	DATA 	Keypress: lctrl
297.3986 	EXP 	Sound  started
297.8864 	DATA 	Keypress: lctrl
298.1486 	EXP 	Sound  started
298.6865 	DATA 	Keypress: rctrl
298.8986 	EXP 	Sound  started
299.3584 	DATA 	Keypress: lctrl
299.6486 	EXP 	Sound  started
300.1905 	DATA 	Keypress: lctrl
300.3986 	EXP 	Sound  started
300.9424 	DATA 	Keypress: lctrl
301.1487 	EXP 	Sound  started
301.6784 	DATA 	Keypress: rctrl
301.8987 	EXP 	Sound  started
302.4464 	DATA 	Keypress: rctrl
302.6487 	EXP 	Sound  started
303.1984 	DATA 	Keypress: rctrl
303.3987 	EXP 	Sound  started
303.9025 	DATA 	Keypress: rctrl
304.1487 	EXP 	Sound  started
304.6385 	DATA 	Keypress: lctrl
304.8987 	EXP 	Sound  started
305.4384 	DATA 	Keypress: rctrl
305.6487 	EXP 	Sound  started
306.2224 	DATA 	Keypress: lctrl
306.3988 	EXP 	Sound  started
306.9424 	DATA 	Keypress: lctrl
307.1488 	EXP 	Sound  started
307.7264 	DATA 	Keypress: rctrl
307.8988 	EXP 	Sound  started
308.4304 	DATA 	Keypress: lctrl
308.6488 	EXP 	Sound  started
309.1504 	DATA 	Keypress: rctrl
309.3988 	EXP 	Sound  started
309.8705 	DATA 	Keypress: lctrl
310.1488 	EXP 	Sound  started
310.6544 	DATA 	Keypress: rctrl
310.8988 	EXP 	Sound  started
311.4545 	DATA 	Keypress: lctrl
312.9675 	DATA 	Keypress: 4
312.9840 	EXP 	unnamed ShapeStim: vertices = <class 'numpy.ndarray'>
315.1526 	DATA 	Keypress: 1
315.1691 	EXP 	unnamed ShapeStim: vertices = <class 'numpy.ndarray'>
317.4712 	DATA 	Keypress: 4
317.4877 	EXP 	unnamed ShapeStim: vertices = <class 'numpy.ndarray'>
319.7726 	EXP 	Sound  started
320.1745 	DATA 	Keypress: rctrl
320.5226 	EXP 	Sound  started
320.7184 	DATA 	Keypress: lctrl
321.2726 	EXP 	Sound  started
321.2944 	DATA 	Keypress: rctrl
321.9665 	DATA 	Keypress: rctrl
322.0226 	EXP 	Sound  started
322.7184 	DATA 	Keypress: rctrl
322.7726 	EXP 	Sound  started
323.4545 	DATA 	Keypress: rctrl
323.5226 	EXP 	Sound  started
324.2064 	DATA 	Keypress: lctrl
324.2727 	EXP 	Sound  started
324.8944 	DATA 	Keypress: lctrl
325.0227 	EXP 	Sound  started
325.5184 	DATA 	Keypress: rctrl
325.7727 	EXP 	Sound  started
326.3185 	DATA 	Keypress: rctrl
326.5227 	EXP 	Sound  started
327.0704 	DATA 	Keypress: lctrl
327.2727 	EXP 	Sound  started
327.9024 	DATA 	Keypress: lctrl
328.0227 	EXP 	Sound  started
328.5905 	DATA 	Keypress: rctrl
328.7728 	EXP 	Sound  started
329.3744 	DATA 	Keypress: rctrl
329.5228 	EXP 	Sound  started
330.1585 	DATA 	Keypress: lctrl
330.2728 	EXP 	Sound  started
330.8944 	DATA 	Keypress: rctrl
331.0228 	EXP 	Sound  started
331.6304 	DATA 	Keypress: lctrl
331.7728 	EXP 	Sound  started
332.3345 	DATA 	Keypress: rctrl
332.5228 	EXP 	Sound  started
333.0864 	DATA 	Keypress: lctrl
333.2728 	EXP 	Sound  started
333.8865 	DATA 	Keypress: rctrl
334.0228 	EXP 	Sound  started
334.6704 	DATA 	Keypress: lctrl
334.7729 	EXP 	Sound  started
335.4865 	DATA 	Keypress: rctrl
335.5229 	EXP 	Sound  started
336.2704 	DATA 	Keypress: rctrl
336.2729 	EXP 	Sound  started
336.9905 	DATA 	Keypress: rctrl
337.0229 	EXP 	Sound  started
337.6625 	DATA 	Keypress: rctrl
337.7729 	EXP 	Sound  started
338.3345 	DATA 	Keypress: rctrl
338.5229 	EXP 	Sound  started
339.1984 	DATA 	Keypress: rctrl
339.2730 	EXP 	Sound  started
339.9184 	DATA 	Keypress: rctrl
340.0230 	EXP 	Sound  started
340.5585 	DATA 	Keypress: lctrl
340.7730 	EXP 	Sound  started
341.3585 	DATA 	Keypress: rctrl
341.5230 	EXP 	Sound  started
342.0944 	DATA 	Keypress: rctrl
342.2730 	EXP 	Sound  started
342.8464 	DATA 	Keypress: rctrl
343.0230 	EXP 	Sound  started
343.6144 	DATA 	Keypress: lctrl
343.7730 	EXP 	Sound  started
344.3824 	DATA 	Keypress: rctrl
344.5231 	EXP 	Sound  started
345.1824 	DATA 	Keypress: rctrl
345.2731 	EXP 	Sound  started
345.9184 	DATA 	Keypress: rctrl
346.0231 	EXP 	Sound  started
346.6385 	DATA 	Keypress: rctrl
346.7731 	EXP 	Sound  started
347.4064 	DATA 	Keypress: rctrl
347.5231 	EXP 	Sound  started
348.1584 	DATA 	Keypress: rctrl
348.2731 	EXP 	Sound  started
348.9425 	DATA 	Keypress: rctrl
349.0232 	EXP 	Sound  started
349.6785 	DATA 	Keypress: rctrl
349.7732 	EXP 	Sound  started
350.3664 	DATA 	Keypress: rctrl
350.5232 	EXP 	Sound  started
351.1025 	DATA 	Keypress: rctrl
351.2732 	EXP 	Sound  started
351.8704 	DATA 	Keypress: rctrl
352.0232 	EXP 	Sound  started
352.5744 	DATA 	Keypress: rctrl
352.7732 	EXP 	Sound  started
353.2625 	DATA 	Keypress: rctrl
353.5232 	EXP 	Sound  started
353.9984 	DATA 	Keypress: rctrl
354.2733 	EXP 	Sound  started
354.7984 	DATA 	Keypress: rctrl
355.0233 	EXP 	Sound  started
355.5344 	DATA 	Keypress: rctrl
355.7733 	EXP 	Sound  started
356.2544 	DATA 	Keypress: rctrl
356.5233 	EXP 	Sound  started
357.0384 	DATA 	Keypress: lctrl
357.2733 	EXP 	Sound  started
357.8224 	DATA 	Keypress: lctrl
358.0233 	EXP 	Sound  started
358.4945 	DATA 	Keypress: rctrl
358.7733 	EXP 	Sound  started
359.3104 	DATA 	Keypress: lctrl
359.5234 	EXP 	Sound  started
360.0624 	DATA 	Keypress: lctrl
360.2734 	EXP 	Sound  started
360.7984 	DATA 	Keypress: lctrl
361.0234 	EXP 	Sound  started
361.5664 	DATA 	Keypress: rctrl
361.7734 	EXP 	Sound  started
362.3665 	DATA 	Keypress: rctrl
362.5234 	EXP 	Sound  started
363.1664 	DATA 	Keypress: lctrl
363.2734 	EXP 	Sound  started
363.8705 	DATA 	Keypress: rctrl
364.0235 	EXP 	Sound  started
364.6545 	DATA 	Keypress: lctrl
364.7735 	EXP 	Sound  started
365.4864 	DATA 	Keypress: rctrl
365.5235 	EXP 	Sound  started
366.1904 	DATA 	Keypress: rctrl
366.2735 	EXP 	Sound  started
366.8144 	DATA 	Keypress: lctrl
367.0235 	EXP 	Sound  started
367.5505 	DATA 	Keypress: rctrl
367.7735 	EXP 	Sound  started
368.2704 	DATA 	Keypress: rctrl
368.5235 	EXP 	Sound  started
369.0544 	DATA 	Keypress: lctrl
369.2735 	EXP 	Sound  started
369.9984 	DATA 	Keypress: rctrl
370.0235 	EXP 	Sound  started
370.6064 	DATA 	Keypress: lctrl
370.7736 	EXP 	Sound  started
371.3425 	DATA 	Keypress: lctrl
371.5236 	EXP 	Sound  started
372.0145 	DATA 	Keypress: lctrl
372.2736 	EXP 	Sound  started
372.7665 	DATA 	Keypress: lctrl
373.0236 	EXP 	Sound  started
373.4864 	DATA 	Keypress: lctrl
373.7736 	EXP 	Sound  started
374.1905 	DATA 	Keypress: rctrl
374.5236 	EXP 	Sound  started
374.9584 	DATA 	Keypress: rctrl
375.2736 	EXP 	Sound  started
375.8224 	DATA 	Keypress: lctrl
376.0237 	EXP 	Sound  started
376.5584 	DATA 	Keypress: rctrl
376.7737 	EXP 	Sound  started
377.3585 	DATA 	Keypress: lctrl
377.5237 	EXP 	Sound  started
378.1584 	DATA 	Keypress: rctrl
378.2737 	EXP 	Sound  started
378.9424 	DATA 	Keypress: rctrl
379.0237 	EXP 	Sound  started
379.6625 	DATA 	Keypress: lctrl
379.7737 	EXP 	Sound  started
380.3345 	DATA 	Keypress: rctrl
380.5237 	EXP 	Sound  started
381.1024 	DATA 	Keypress: lctrl
381.2738 	EXP 	Sound  started
381.9184 	DATA 	Keypress: lctrl
382.0238 	EXP 	Sound  started
382.6064 	DATA 	Keypress: lctrl
384.8798 	DATA 	Keypress: 2
384.9092 	EXP 	unnamed ShapeStim: vertices = <class 'numpy.ndarray'>
387.5992 	DATA 	Keypress: 3
387.6286 	EXP 	unnamed ShapeStim: vertices = <class 'numpy.ndarray'>
390.4472 	DATA 	Keypress: 2
390.4638 	EXP 	unnamed ShapeStim: vertices = <class 'numpy.ndarray'>
392.7482 	EXP 	Sound  started
392.9585 	DATA 	Keypress: rctrl
393.4982 	EXP 	Sound  started
393.5344 	DATA 	Keypress: rctrl
394.2384 	DATA 	Keypress: rctrl
394.2482 	EXP 	Sound  started
394.9265 	DATA 	Keypress: rctrl
394.9982 	EXP 	Sound  started
395.6464 	DATA 	Keypress: lctrl
395.7482 	EXP 	Sound  started
396.2704 	DATA 	Keypress: lctrl
396.4982 	EXP 	Sound  started
397.1345 	DATA 	Keypress: lctrl
397.2483 	EXP 	Sound  started
397.9345 	DATA 	Keypress: rctrl
397.9982 	EXP 	Sound  started
398.7483 	EXP 	Sound  started
398.8304 	DATA 	Keypress: lctrl
399.4544 	DATA 	Keypress: rctrl
399.4983 	EXP 	Sound  started
400.1265 	DATA 	Keypress: lctrl
400.2483 	EXP 	Sound  started
400.7984 	DATA 	Keypress: rctrl
400.9983 	EXP 	Sound  started
401.5184 	DATA 	Keypress: lctrl
401.7483 	EXP 	Sound  started
402.3024 	DATA 	Keypress: rctrl
402.4983 	EXP 	Sound  started
403.0225 	DATA 	Keypress: lctrl
403.2483 	EXP 	Sound  started
403.8224 	DATA 	Keypress: lctrl
403.9984 	EXP 	Sound  started
404.5104 	DATA 	Keypress: rctrl
404.7484 	EXP 	Sound  started
405.2624 	DATA 	Keypress: rctrl
405.4984 	EXP 	Sound  started
406.0624 	DATA 	Keypress: lctrl
406.2484 	EXP 	Sound  started
406.7184 	DATA 	Keypress: lctrl
406.9984 	EXP 	Sound  started
407.4545 	DATA 	Keypress: rctrl
407.7484 	EXP 	Sound  started
408.1584 	DATA 	Keypress: lctrl
408.4984 	EXP 	Sound  started
408.8945 	DATA 	Keypress: rctrl
409.2485 	EXP 	Sound  started
409.7584 	DATA 	Keypress: rctrl
409.9985 	EXP 	Sound  started
410.4945 	DATA 	Keypress: rctrl
410.7485 	EXP 	Sound  started
411.2305 	DATA 	Keypress: rctrl
411.4985 	EXP 	Sound  started
411.9185 	DATA 	Keypress: lctrl
412.2485 	EXP 	Sound  started
412.6384 	DATA 	Keypress: lctrl
412.9985 	EXP 	Sound  started
413.3904 	DATA 	Keypress: rctrl
413.7486 	EXP 	Sound  started
414.3184 	DATA 	Keypress: rctrl
414.4986 	EXP 	Sound  started
415.0224 	DATA 	Keypress: rctrl
415.2486 	EXP 	Sound  started
415.7904 	DATA 	Keypress: rctrl
415.9986 	EXP 	Sound  started
416.7486 	EXP 	Sound  started
416.7505 	DATA 	Keypress: rctrl
417.4384 	DATA 	Keypress: rctrl
417.4986 	EXP 	Sound  started
417.9184 	DATA 	Keypress: lctrl
418.2486 	EXP 	Sound  started
418.7025 	DATA 	Keypress: lctrl
418.9987 	EXP 	Sound  started
419.4865 	DATA 	Keypress: rctrl
419.7487 	EXP 	Sound  started
420.2864 	DATA 	Keypress: lctrl
420.4987 	EXP 	Sound  started
421.0385 	DATA 	Keypress: rctrl
421.2487 	EXP 	Sound  started
421.8064 	DATA 	Keypress: lctrl
421.9987 	EXP 	Sound  started
422.5904 	DATA 	Keypress: rctrl
422.7487 	EXP 	Sound  started
423.3904 	DATA 	Keypress: lctrl
423.4987 	EXP 	Sound  started
424.1745 	DATA 	Keypress: lctrl
424.2488 	EXP 	Sound  started
424.8945 	DATA 	Keypress: lctrl
424.9988 	EXP 	Sound  started
425.7105 	DATA 	Keypress: lctrl
425.7488 	EXP 	Sound  started
426.4624 	DATA 	Keypress: rctrl
426.4988 	EXP 	Sound  started
427.1024 	DATA 	Keypress: lctrl
427.2488 	EXP 	Sound  started
427.8544 	DATA 	Keypress: rctrl
427.9988 	EXP 	Sound  started
428.7488 	EXP 	Sound  started
428.7984 	DATA 	Keypress: rctrl
429.4988 	EXP 	Sound  started
429.5184 	DATA 	Keypress: rctrl
430.2224 	DATA 	Keypress: lctrl
430.2489 	EXP 	Sound  started
430.8785 	DATA 	Keypress: rctrl
430.9989 	EXP 	Sound  started
431.6625 	DATA 	Keypress: lctrl
433.6994 	DATA 	Keypress: 2
433.7159 	EXP 	unnamed ShapeStim: vertices = <class 'numpy.ndarray'>
435.8178 	DATA 	Keypress: 3
435.8343 	EXP 	unnamed ShapeStim: vertices = <class 'numpy.ndarray'>
439.6042 	DATA 	Keypress: 2
439.6207 	EXP 	unnamed ShapeStim: vertices = <class 'numpy.ndarray'>
441.9058 	EXP 	Sound  started
442.0465 	DATA 	Keypress: rctrl
442.6558 	EXP 	Sound  started
442.6864 	DATA 	Keypress: rctrl
443.3264 	DATA 	Keypress: rctrl
443.4058 	EXP 	Sound  started
444.0464 	DATA 	Keypress: rctrl
444.1558 	EXP 	Sound  started
444.7504 	DATA 	Keypress: lctrl
444.9058 	EXP 	Sound  started
445.4865 	DATA 	Keypress: rctrl
445.6558 	EXP 	Sound  started
446.1904 	DATA 	Keypress: lctrl
446.4059 	EXP 	Sound  started
446.9584 	DATA 	Keypress: lctrl
447.1559 	EXP 	Sound  started
447.6144 	DATA 	Keypress: lctrl
447.9059 	EXP 	Sound  started
448.3824 	DATA 	Keypress: lctrl
448.6559 	EXP 	Sound  started
449.1024 	DATA 	Keypress: lctrl
449.4059 	EXP 	Sound  started
449.9184 	DATA 	Keypress: lctrl
450.1559 	EXP 	Sound  started
450.5904 	DATA 	Keypress: rctrl
450.9059 	EXP 	Sound  started
451.3744 	DATA 	Keypress: rctrl
451.6560 	EXP 	Sound  started
452.2064 	DATA 	Keypress: rctrl
452.4060 	EXP 	Sound  started
452.9905 	DATA 	Keypress: rctrl
453.1560 	EXP 	Sound  started
453.6945 	DATA 	Keypress: rctrl
453.9060 	EXP 	Sound  started
454.4145 	DATA 	Keypress: rctrl
454.6560 	EXP 	Sound  started
455.0385 	DATA 	Keypress: rctrl
455.4061 	EXP 	Sound  started
455.9185 	DATA 	Keypress: lctrl
456.1561 	EXP 	Sound  started
456.6704 	DATA 	Keypress: lctrl
456.9061 	EXP 	Sound  started
457.4545 	DATA 	Keypress: lctrl
457.6561 	EXP 	Sound  started
458.2384 	DATA 	Keypress: lctrl
458.4061 	EXP 	Sound  started
459.1024 	DATA 	Keypress: rctrl
459.1561 	EXP 	Sound  started
459.7744 	DATA 	Keypress: lctrl
459.9061 	EXP 	Sound  started
460.6224 	DATA 	Keypress: rctrl
460.6561 	EXP 	Sound  started
461.3424 	DATA 	Keypress: rctrl
461.4061 	EXP 	Sound  started
462.1264 	DATA 	Keypress: lctrl
462.1562 	EXP 	Sound  started
462.7985 	DATA 	Keypress: rctrl
462.9062 	EXP 	Sound  started
463.5185 	DATA 	Keypress: rctrl
463.6562 	EXP 	Sound  started
464.2224 	DATA 	Keypress: rctrl
464.4062 	EXP 	Sound  started
465.0704 	DATA 	Keypress: rctrl
465.1562 	EXP 	Sound  started
465.8385 	DATA 	Keypress: lctrl
465.9062 	EXP 	Sound  started
466.6544 	DATA 	Keypress: lctrl
466.6563 	EXP 	Sound  started
467.3104 	DATA 	Keypress: rctrl
467.4063 	EXP 	Sound  started
467.9984 	DATA 	Keypress: lctrl
468.1563 	EXP 	Sound  started
468.6864 	DATA 	Keypress: lctrl
468.9063 	EXP 	Sound  started
469.4224 	DATA 	Keypress: lctrl
469.6563 	EXP 	Sound  started
470.2065 	DATA 	Keypress: lctrl
470.4063 	EXP 	Sound  started
470.8784 	DATA 	Keypress: rctrl
471.1563 	EXP 	Sound  started
471.6464 	DATA 	Keypress: rctrl
471.9064 	EXP 	Sound  started
472.4305 	DATA 	Keypress: rctrl
472.6564 	EXP 	Sound  started
473.1825 	DATA 	Keypress: rctrl
473.4064 	EXP 	Sound  started
473.9185 	DATA 	Keypress: rctrl
474.1564 	EXP 	Sound  started
474.7665 	DATA 	Keypress: rctrl
474.9064 	EXP 	Sound  started
475.5184 	DATA 	Keypress: lctrl
475.6564 	EXP 	Sound  started
476.2384 	DATA 	Keypress: rctrl
476.4064 	EXP 	Sound  started
477.0544 	DATA 	Keypress: rctrl
477.1565 	EXP 	Sound  started
477.8224 	DATA 	Keypress: rctrl
477.9065 	EXP 	Sound  started
478.6384 	DATA 	Keypress: lctrl
478.6565 	EXP 	Sound  started
479.3584 	DATA 	Keypress: rctrl
479.4065 	EXP 	Sound  started
480.1424 	DATA 	Keypress: rctrl
480.1565 	EXP 	Sound  started
480.8624 	DATA 	Keypress: rctrl
480.9065 	EXP 	Sound  started
481.5024 	DATA 	Keypress: lctrl
481.6565 	EXP 	Sound  started
482.4066 	EXP 	Sound  started
482.4466 	DATA 	Keypress: lctrl
483.1025 	DATA 	Keypress: lctrl
483.1566 	EXP 	Sound  started
483.8545 	DATA 	Keypress: rctrl
483.9066 	EXP 	Sound  started
484.5745 	DATA 	Keypress: rctrl
484.6566 	EXP 	Sound  started
485.3265 	DATA 	Keypress: rctrl
485.4066 	EXP 	Sound  started
486.0944 	DATA 	Keypress: rctrl
486.1566 	EXP 	Sound  started
486.7824 	DATA 	Keypress: lctrl
486.9066 	EXP 	Sound  started
487.5184 	DATA 	Keypress: lctrl
487.6566 	EXP 	Sound  started
488.2544 	DATA 	Keypress: lctrl
488.4067 	EXP 	Sound  started
488.9904 	DATA 	Keypress: lctrl
489.1567 	EXP 	Sound  started
489.7584 	DATA 	Keypress: rctrl
489.9067 	EXP 	Sound  started
490.5104 	DATA 	Keypress: lctrl
490.6567 	EXP 	Sound  started
491.1984 	DATA 	Keypress: rctrl
491.4067 	EXP 	Sound  started
492.0304 	DATA 	Keypress: lctrl
492.1567 	EXP 	Sound  started
492.7344 	DATA 	Keypress: lctrl
492.9068 	EXP 	Sound  started
493.3744 	DATA 	Keypress: rctrl
493.6568 	EXP 	Sound  started
494.2385 	DATA 	Keypress: rctrl
494.4068 	EXP 	Sound  started
494.9905 	DATA 	Keypress: lctrl
495.1568 	EXP 	Sound  started
495.7424 	DATA 	Keypress: lctrl
495.9068 	EXP 	Sound  started
496.4304 	DATA 	Keypress: lctrl
496.6568 	EXP 	Sound  started
497.2464 	DATA 	Keypress: lctrl
497.4068 	EXP 	Sound  started
498.1568 	EXP 	Sound  started
498.1744 	DATA 	Keypress: rctrl
498.7024 	DATA 	Keypress: lctrl
498.9069 	EXP 	Sound  started
499.4544 	DATA 	Keypress: rctrl
499.6569 	EXP 	Sound  started
500.1744 	DATA 	Keypress: rctrl
500.4069 	EXP 	Sound  started
500.9906 	DATA 	Keypress: rctrl
501.1569 	EXP 	Sound  started
501.8224 	DATA 	Keypress: rctrl
501.9069 	EXP 	Sound  started
502.6544 	DATA 	Keypress: rctrl
502.6569 	EXP 	Sound  started
503.4069 	EXP 	Sound  started
503.4384 	DATA 	Keypress: lctrl
504.0624 	DATA 	Keypress: rctrl
504.1570 	EXP 	Sound  started
504.7825 	DATA 	Keypress: lctrl
504.9070 	EXP 	Sound  started
505.4705 	DATA 	Keypress: lctrl
505.6570 	EXP 	Sound  started
506.1584 	DATA 	Keypress: rctrl
506.4070 	EXP 	Sound  started
507.2472 	DATA 	Keypress: lctrl
509.4115 	DATA 	Keypress: 3
509.4280 	EXP 	unnamed ShapeStim: vertices = <class 'numpy.ndarray'>
512.5974 	DATA 	Keypress: 2
512.6139 	EXP 	unnamed ShapeStim: vertices = <class 'numpy.ndarray'>
518.4021 	DATA 	Keypress: 3
518.4187 	EXP 	unnamed ShapeStim: vertices = <class 'numpy.ndarray'>
520.7031 	EXP 	Sound  started
520.9745 	DATA 	Keypress: rctrl
521.4532 	EXP 	Sound  started
521.5024 	DATA 	Keypress: rctrl
522.1904 	DATA 	Keypress: rctrl
522.2032 	EXP 	Sound  started
522.9264 	DATA 	Keypress: rctrl
522.9532 	EXP 	Sound  started
523.6305 	DATA 	Keypress: rctrl
523.7032 	EXP 	Sound  started
524.3025 	DATA 	Keypress: lctrl
524.4532 	EXP 	Sound  started
525.0385 	DATA 	Keypress: rctrl
525.2032 	EXP 	Sound  started
525.7904 	DATA 	Keypress: lctrl
525.9533 	EXP 	Sound  started
526.4944 	DATA 	Keypress: rctrl
526.7033 	EXP 	Sound  started
527.2625 	DATA 	Keypress: rctrl
527.4533 	EXP 	Sound  started
528.0304 	DATA 	Keypress: rctrl
528.2033 	EXP 	Sound  started
528.7984 	DATA 	Keypress: rctrl
528.9533 	EXP 	Sound  started
529.7033 	EXP 	Sound  started
529.7265 	DATA 	Keypress: rctrl
530.3024 	DATA 	Keypress: rctrl
530.4533 	EXP 	Sound  started
530.9425 	DATA 	Keypress: lctrl
531.2034 	EXP 	Sound  started
531.7104 	DATA 	Keypress: lctrl
531.9534 	EXP 	Sound  started
532.3664 	DATA 	Keypress: rctrl
532.7034 	EXP 	Sound  started
533.0864 	DATA 	Keypress: lctrl
533.4534 	EXP 	Sound  started
533.9024 	DATA 	Keypress: lctrl
534.2034 	EXP 	Sound  started
534.7344 	DATA 	Keypress: lctrl
534.9534 	EXP 	Sound  started
535.4705 	DATA 	Keypress: lctrl
535.7034 	EXP 	Sound  started
536.1584 	DATA 	Keypress: rctrl
536.4535 	EXP 	Sound  started
536.9105 	DATA 	Keypress: lctrl
537.2035 	EXP 	Sound  started
537.6785 	DATA 	Keypress: rctrl
537.9535 	EXP 	Sound  started
538.4145 	DATA 	Keypress: lctrl
538.7035 	EXP 	Sound  started
539.1984 	DATA 	Keypress: rctrl
539.4535 	EXP 	Sound  started
539.9984 	DATA 	Keypress: lctrl
540.2035 	EXP 	Sound  started
540.7504 	DATA 	Keypress: lctrl
540.9535 	EXP 	Sound  started
541.4864 	DATA 	Keypress: lctrl
541.7036 	EXP 	Sound  started
542.2704 	DATA 	Keypress: lctrl
542.4536 	EXP 	Sound  started
543.0865 	DATA 	Keypress: rctrl
543.2036 	EXP 	Sound  started
543.8706 	DATA 	Keypress: lctrl
543.9536 	EXP 	Sound  started
544.5744 	DATA 	Keypress: rctrl
544.7036 	EXP 	Sound  started
545.3424 	DATA 	Keypress: rctrl
545.4536 	EXP 	Sound  started
546.0305 	DATA 	Keypress: rctrl
546.2037 	EXP 	Sound  started
546.7344 	DATA 	Keypress: rctrl
546.9537 	EXP 	Sound  started
547.6144 	DATA 	Keypress: rctrl
547.7037 	EXP 	Sound  started
547.9984 	DATA 	Keypress: lctrl
548.4537 	EXP 	Sound  started
548.9104 	DATA 	Keypress: rctrl
549.2037 	EXP 	Sound  started
549.7584 	DATA 	Keypress: lctrl
549.9537 	EXP 	Sound  started
550.5744 	DATA 	Keypress: rctrl
550.7037 	EXP 	Sound  started
551.2784 	DATA 	Keypress: lctrl
551.4538 	EXP 	Sound  started
552.0464 	DATA 	Keypress: rctrl
552.2038 	EXP 	Sound  started
552.7985 	DATA 	Keypress: rctrl
552.9538 	EXP 	Sound  started
553.5024 	DATA 	Keypress: rctrl
553.7038 	EXP 	Sound  started
554.2704 	DATA 	Keypress: rctrl
554.4538 	EXP 	Sound  started
554.9425 	DATA 	Keypress: lctrl
555.2038 	EXP 	Sound  started
555.7424 	DATA 	Keypress: lctrl
555.9538 	EXP 	Sound  started
556.5904 	DATA 	Keypress: rctrl
556.7039 	EXP 	Sound  started
557.4224 	DATA 	Keypress: rctrl
557.4539 	EXP 	Sound  started
558.1744 	DATA 	Keypress: lctrl
558.2039 	EXP 	Sound  started
558.8624 	DATA 	Keypress: lctrl
558.9539 	EXP 	Sound  started
559.6304 	DATA 	Keypress: rctrl
559.7039 	EXP 	Sound  started
560.3985 	DATA 	Keypress: rctrl
560.4539 	EXP 	Sound  started
561.1505 	DATA 	Keypress: lctrl
561.2039 	EXP 	Sound  started
561.9025 	DATA 	Keypress: lctrl
561.9540 	EXP 	Sound  started
562.7040 	EXP 	Sound  started
562.8144 	DATA 	Keypress: rctrl
563.4224 	DATA 	Keypress: rctrl
563.4540 	EXP 	Sound  started
564.1745 	DATA 	Keypress: lctrl
564.2040 	EXP 	Sound  started
564.9265 	DATA 	Keypress: lctrl
564.9540 	EXP 	Sound  started
565.6785 	DATA 	Keypress: rctrl
565.7040 	EXP 	Sound  started
566.3984 	DATA 	Keypress: rctrl
566.4540 	EXP 	Sound  started
567.2040 	EXP 	Sound  started
567.2144 	DATA 	Keypress: rctrl
567.8864 	DATA 	Keypress: lctrl
567.9541 	EXP 	Sound  started
568.6065 	DATA 	Keypress: lctrl
568.7041 	EXP 	Sound  started
569.3265 	DATA 	Keypress: lctrl
569.4541 	EXP 	Sound  started
570.0304 	DATA 	Keypress: lctrl
570.2041 	EXP 	Sound  started
570.8625 	DATA 	Keypress: rctrl
570.9541 	EXP 	Sound  started
571.6464 	DATA 	Keypress: rctrl
571.7041 	EXP 	Sound  started
572.4305 	DATA 	Keypress: rctrl
572.4542 	EXP 	Sound  started
573.1025 	DATA 	Keypress: rctrl
573.2042 	EXP 	Sound  started
573.8706 	DATA 	Keypress: rctrl
573.9542 	EXP 	Sound  started
574.6224 	DATA 	Keypress: rctrl
574.7042 	EXP 	Sound  started
575.3265 	DATA 	Keypress: lctrl
575.4542 	EXP 	Sound  started
576.1105 	DATA 	Keypress: lctrl
576.2042 	EXP 	Sound  started
576.8145 	DATA 	Keypress: rctrl
580.1363 	DATA 	Keypress: 4
580.1527 	EXP 	unnamed ShapeStim: vertices = <class 'numpy.ndarray'>
582.0877 	DATA 	Keypress: 1
582.1042 	EXP 	unnamed ShapeStim: vertices = <class 'numpy.ndarray'>
584.3234 	DATA 	Keypress: 4
584.3399 	EXP 	unnamed ShapeStim: vertices = <class 'numpy.ndarray'>
586.6249 	EXP 	Sound  started
586.8786 	DATA 	Keypress: rctrl
587.3749 	EXP 	Sound  started
587.4544 	DATA 	Keypress: rctrl
588.1249 	EXP 	Sound  started
588.1265 	DATA 	Keypress: rctrl
588.7985 	DATA 	Keypress: lctrl
588.8749 	EXP 	Sound  started
589.5024 	DATA 	Keypress: lctrl
589.6249 	EXP 	Sound  started
590.2544 	DATA 	Keypress: lctrl
590.3749 	EXP 	Sound  started
591.0704 	DATA 	Keypress: lctrl
591.1249 	EXP 	Sound  started
591.8544 	DATA 	Keypress: rctrl
591.8749 	EXP 	Sound  started
592.5904 	DATA 	Keypress: lctrl
592.6250 	EXP 	Sound  started
593.2464 	DATA 	Keypress: rctrl
593.3750 	EXP 	Sound  started
594.0145 	DATA 	Keypress: lctrl
594.1250 	EXP 	Sound  started
594.8464 	DATA 	Keypress: rctrl
594.8750 	EXP 	Sound  started
595.5984 	DATA 	Keypress: rctrl
595.6250 	EXP 	Sound  started
596.3665 	DATA 	Keypress: rctrl
596.3750 	EXP 	Sound  started
597.0544 	DATA 	Keypress: rctrl
597.1250 	EXP 	Sound  started
597.7265 	DATA 	Keypress: lctrl
597.8751 	EXP 	Sound  started
598.5425 	DATA 	Keypress: lctrl
598.6251 	EXP 	Sound  started
599.2944 	DATA 	Keypress: rctrl
599.3751 	EXP 	Sound  started
600.0465 	DATA 	Keypress: lctrl
600.1251 	EXP 	Sound  started
600.7344 	DATA 	Keypress: rctrl
600.8751 	EXP 	Sound  started
601.4544 	DATA 	Keypress: lctrl
601.6251 	EXP 	Sound  started
602.2225 	DATA 	Keypress: lctrl
602.3752 	EXP 	Sound  started
603.0224 	DATA 	Keypress: rctrl
603.1252 	EXP 	Sound  started
603.8752 	EXP 	Sound  started
603.9187 	DATA 	Keypress: rctrl
604.6252 	EXP 	Sound  started
604.6385 	DATA 	Keypress: lctrl
605.3584 	DATA 	Keypress: rctrl
605.3752 	EXP 	Sound  started
606.0305 	DATA 	Keypress: lctrl
606.1252 	EXP 	Sound  started
606.7504 	DATA 	Keypress: rctrl
606.8752 	EXP 	Sound  started
607.6252 	EXP 	Sound  started
607.6624 	DATA 	Keypress: lctrl
608.3664 	DATA 	Keypress: rctrl
608.3753 	EXP 	Sound  started
609.0864 	DATA 	Keypress: rctrl
609.1253 	EXP 	Sound  started
609.7424 	DATA 	Keypress: rctrl
609.8753 	EXP 	Sound  started
610.4944 	DATA 	Keypress: lctrl
610.6253 	EXP 	Sound  started
611.2945 	DATA 	Keypress: lctrl
611.3753 	EXP 	Sound  started
612.0944 	DATA 	Keypress: lctrl
612.1253 	EXP 	Sound  started
612.8624 	DATA 	Keypress: lctrl
612.8754 	EXP 	Sound  started
613.5984 	DATA 	Keypress: rctrl
613.6254 	EXP 	Sound  started
614.3025 	DATA 	Keypress: lctrl
614.3754 	EXP 	Sound  started
615.0705 	DATA 	Keypress: rctrl
615.1254 	EXP 	Sound  started
615.8385 	DATA 	Keypress: rctrl
615.8754 	EXP 	Sound  started
616.5904 	DATA 	Keypress: rctrl
616.6254 	EXP 	Sound  started
617.3264 	DATA 	Keypress: rctrl
617.3754 	EXP 	Sound  started
618.0624 	DATA 	Keypress: rctrl
618.1254 	EXP 	Sound  started
618.7984 	DATA 	Keypress: rctrl
618.8755 	EXP 	Sound  started
619.6255 	EXP 	Sound  started
619.6785 	DATA 	Keypress: rctrl
620.3184 	DATA 	Keypress: lctrl
620.3755 	EXP 	Sound  started
621.0704 	DATA 	Keypress: lctrl
621.1255 	EXP 	Sound  started
621.8544 	DATA 	Keypress: lctrl
621.8755 	EXP 	Sound  started
622.5744 	DATA 	Keypress: rctrl
622.6255 	EXP 	Sound  started
623.2946 	DATA 	Keypress: rctrl
623.3756 	EXP 	Sound  started
624.0464 	DATA 	Keypress: rctrl
624.1256 	EXP 	Sound  started
624.8145 	DATA 	Keypress: rctrl
624.8756 	EXP 	Sound  started
625.5024 	DATA 	Keypress: lctrl
625.6256 	EXP 	Sound  started
626.2064 	DATA 	Keypress: rctrl
626.3756 	EXP 	Sound  started
626.9744 	DATA 	Keypress: lctrl
627.1256 	EXP 	Sound  started
627.6944 	DATA 	Keypress: rctrl
627.8756 	EXP 	Sound  started
628.4624 	DATA 	Keypress: rctrl
628.6257 	EXP 	Sound  started
629.2626 	DATA 	Keypress: rctrl
629.3757 	EXP 	Sound  started
629.9665 	DATA 	Keypress: rctrl
630.1257 	EXP 	Sound  started
630.5904 	DATA 	Keypress: lctrl
630.8757 	EXP 	Sound  started
631.3744 	DATA 	Keypress: lctrl
633.2006 	DATA 	Keypress: 4
633.2295 	EXP 	unnamed ShapeStim: vertices = <class 'numpy.ndarray'>
635.1516 	DATA 	Keypress: 1
635.1811 	EXP 	unnamed ShapeStim: vertices = <class 'numpy.ndarray'>
637.0871 	DATA 	Keypress: 4
637.1165 	EXP 	unnamed ShapeStim: vertices = <class 'numpy.ndarray'>
639.4004 	EXP 	Sound  started
639.4005 	DATA 	Keypress: rctrl
639.9345 	DATA 	Keypress: rctrl
640.1503 	EXP 	Sound  started
640.7825 	DATA 	Keypress: rctrl
640.9004 	EXP 	Sound  started
641.6144 	DATA 	Keypress: rctrl
641.6504 	EXP 	Sound  started
642.3184 	DATA 	Keypress: rctrl
642.4004 	EXP 	Sound  started
643.0064 	DATA 	Keypress: lctrl
643.1504 	EXP 	Sound  started
643.7105 	DATA 	Keypress: rctrl
643.9004 	EXP 	Sound  started
644.4784 	DATA 	Keypress: lctrl
644.6504 	EXP 	Sound  started
645.2784 	DATA 	Keypress: lctrl
645.4004 	EXP 	Sound  started
645.9344 	DATA 	Keypress: lctrl
646.1505 	EXP 	Sound  started
646.7504 	DATA 	Keypress: lctrl
646.9005 	EXP 	Sound  started
647.4065 	DATA 	Keypress: rctrl
647.6505 	EXP 	Sound  started
648.1425 	DATA 	Keypress: rctrl
648.4005 	EXP 	Sound  started
648.9745 	DATA 	Keypress: rctrl
649.1505 	EXP 	Sound  started
649.6944 	DATA 	Keypress: rctrl
649.9005 	EXP 	Sound  started
650.5425 	DATA 	Keypress: rctrl
650.6505 	EXP 	Sound  started
651.2624 	DATA 	Keypress: lctrl
651.4005 	EXP 	Sound  started
651.9984 	DATA 	Keypress: rctrl
652.1506 	EXP 	Sound  started
652.7184 	DATA 	Keypress: lctrl
652.9006 	EXP 	Sound  started
653.5344 	DATA 	Keypress: lctrl
653.6506 	EXP 	Sound  started
654.2064 	DATA 	Keypress: lctrl
654.4006 	EXP 	Sound  started
655.0064 	DATA 	Keypress: rctrl
655.1506 	EXP 	Sound  started
655.7104 	DATA 	Keypress: lctrl
655.9006 	EXP 	Sound  started
656.4304 	DATA 	Keypress: rctrl
656.6506 	EXP 	Sound  started
657.1664 	DATA 	Keypress: rctrl
657.4007 	EXP 	Sound  started
657.9345 	DATA 	Keypress: rctrl
658.1507 	EXP 	Sound  started
658.6384 	DATA 	Keypress: rctrl
658.9007 	EXP 	Sound  started
659.4064 	DATA 	Keypress: rctrl
659.6507 	EXP 	Sound  started
660.1744 	DATA 	Keypress: rctrl
660.4007 	EXP 	Sound  started
660.8945 	DATA 	Keypress: rctrl
661.1507 	EXP 	Sound  started
661.6465 	DATA 	Keypress: lctrl
661.9007 	EXP 	Sound  started
662.4304 	DATA 	Keypress: rctrl
662.6508 	EXP 	Sound  started
663.2144 	DATA 	Keypress: rctrl
663.4008 	EXP 	Sound  started
663.8545 	DATA 	Keypress: rctrl
664.1508 	EXP 	Sound  started
664.6545 	DATA 	Keypress: rctrl
664.9008 	EXP 	Sound  started
665.6508 	EXP 	Sound  started
665.6625 	DATA 	Keypress: rctrl
666.2224 	DATA 	Keypress: lctrl
666.4008 	EXP 	Sound  started
666.9744 	DATA 	Keypress: lctrl
667.1508 	EXP 	Sound  started
667.8544 	DATA 	Keypress: lctrl
667.9009 	EXP 	Sound  started
668.5264 	DATA 	Keypress: lctrl
668.6509 	EXP 	Sound  started
669.2464 	DATA 	Keypress: lctrl
669.4009 	EXP 	Sound  started
669.9344 	DATA 	Keypress: lctrl
670.1509 	EXP 	Sound  started
670.7666 	DATA 	Keypress: lctrl
670.9009 	EXP 	Sound  started
671.4864 	DATA 	Keypress: rctrl
671.6509 	EXP 	Sound  started
672.3824 	DATA 	Keypress: lctrl
672.4010 	EXP 	Sound  started
673.0225 	DATA 	Keypress: rctrl
673.1510 	EXP 	Sound  started
673.7584 	DATA 	Keypress: rctrl
673.9010 	EXP 	Sound  started
674.4464 	DATA 	Keypress: rctrl
674.6510 	EXP 	Sound  started
675.0545 	DATA 	Keypress: rctrl
675.4010 	EXP 	Sound  started
675.9024 	DATA 	Keypress: rctrl
676.1510 	EXP 	Sound  started
676.7505 	DATA 	Keypress: rctrl
676.9010 	EXP 	Sound  started
677.5984 	DATA 	Keypress: rctrl
677.6511 	EXP 	Sound  started
678.2864 	DATA 	Keypress: lctrl
678.4011 	EXP 	Sound  started
679.0865 	DATA 	Keypress: lctrl
679.1511 	EXP 	Sound  started
679.8065 	DATA 	Keypress: lctrl
679.9011 	EXP 	Sound  started
680.4145 	DATA 	Keypress: rctrl
680.6511 	EXP 	Sound  started
681.3424 	DATA 	Keypress: lctrl
681.4011 	EXP 	Sound  started
682.0625 	DATA 	Keypress: lctrl
682.1511 	EXP 	Sound  started
682.8144 	DATA 	Keypress: lctrl
685.2390 	DATA 	Keypress: 3
685.2555 	EXP 	unnamed ShapeStim: vertices = <class 'numpy.ndarray'>
688.1123 	DATA 	Keypress: 2
688.1417 	EXP 	unnamed ShapeStim: vertices = <class 'numpy.ndarray'>
690.3770 	DATA 	Keypress: 2
690.3935 	EXP 	unnamed ShapeStim: vertices = <class 'numpy.ndarray'>
692.6780 	EXP 	Sound  started
692.7345 	DATA 	Keypress: rctrl
693.3266 	DATA 	Keypress: rctrl
693.4280 	EXP 	Sound  started
694.0144 	DATA 	Keypress: rctrl
694.1780 	EXP 	Sound  started
694.7664 	DATA 	Keypress: rctrl
694.9280 	EXP 	Sound  started
695.5664 	DATA 	Keypress: rctrl
695.6781 	EXP 	Sound  started
696.1905 	DATA 	Keypress: lctrl
696.4281 	EXP 	Sound  started
696.9264 	DATA 	Keypress: rctrl
697.1781 	EXP 	Sound  started
697.7105 	DATA 	Keypress: lctrl
697.9281 	EXP 	Sound  started
698.5105 	DATA 	Keypress: lctrl
698.6781 	EXP 	Sound  started
699.2464 	DATA 	Keypress: lctrl
699.4281 	EXP 	Sound  started
700.0464 	DATA 	Keypress: lctrl
700.1781 	EXP 	Sound  started
700.7825 	DATA 	Keypress: lctrl
700.9282 	EXP 	Sound  started
701.5505 	DATA 	Keypress: lctrl
701.6782 	EXP 	Sound  started
702.4282 	EXP 	Sound  started
702.4305 	DATA 	Keypress: lctrl
703.1664 	DATA 	Keypress: lctrl
703.1782 	EXP 	Sound  started
703.7264 	DATA 	Keypress: rctrl
703.9282 	EXP 	Sound  started
704.4305 	DATA 	Keypress: lctrl
704.6782 	EXP 	Sound  started
705.1504 	DATA 	Keypress: rctrl
705.4282 	EXP 	Sound  started
706.0465 	DATA 	Keypress: lctrl
706.1782 	EXP 	Sound  started
706.7984 	DATA 	Keypress: lctrl
706.9283 	EXP 	Sound  started
707.5505 	DATA 	Keypress: lctrl
707.6783 	EXP 	Sound  started
708.3025 	DATA 	Keypress: rctrl
708.4283 	EXP 	Sound  started
708.9904 	DATA 	Keypress: rctrl
709.1783 	EXP 	Sound  started
709.7264 	DATA 	Keypress: rctrl
709.9283 	EXP 	Sound  started
710.4945 	DATA 	Keypress: rctrl
710.6783 	EXP 	Sound  started
711.2465 	DATA 	Keypress: rctrl
711.4284 	EXP 	Sound  started
711.9664 	DATA 	Keypress: lctrl
712.1784 	EXP 	Sound  started
712.7024 	DATA 	Keypress: lctrl
712.9284 	EXP 	Sound  started
713.4224 	DATA 	Keypress: lctrl
713.6784 	EXP 	Sound  started
714.1744 	DATA 	Keypress: rctrl
714.4284 	EXP 	Sound  started
714.9584 	DATA 	Keypress: lctrl
715.1784 	EXP 	Sound  started
715.6784 	DATA 	Keypress: rctrl
715.9284 	EXP 	Sound  started
716.3985 	DATA 	Keypress: rctrl
716.6785 	EXP 	Sound  started
717.0864 	DATA 	Keypress: rctrl
717.4285 	EXP 	Sound  started
717.8864 	DATA 	Keypress: rctrl
718.1785 	EXP 	Sound  started
718.6384 	DATA 	Keypress: rctrl
718.9285 	EXP 	Sound  started
719.4384 	DATA 	Keypress: rctrl
719.6785 	EXP 	Sound  started
720.2224 	DATA 	Keypress: lctrl
720.4285 	EXP 	Sound  started
721.0384 	DATA 	Keypress: lctrl
721.1785 	EXP 	Sound  started
721.7264 	DATA 	Keypress: rctrl
721.9286 	EXP 	Sound  started
722.5744 	DATA 	Keypress: lctrl
722.6786 	EXP 	Sound  started
723.3264 	DATA 	Keypress: rctrl
723.4286 	EXP 	Sound  started
724.0785 	DATA 	Keypress: rctrl
724.1786 	EXP 	Sound  started
724.7985 	DATA 	Keypress: rctrl
724.9286 	EXP 	Sound  started
725.5344 	DATA 	Keypress: rctrl
725.6786 	EXP 	Sound  started
726.3345 	DATA 	Keypress: rctrl
726.4286 	EXP 	Sound  started
727.0705 	DATA 	Keypress: rctrl
727.1787 	EXP 	Sound  started
727.7584 	DATA 	Keypress: rctrl
727.9287 	EXP 	Sound  started
728.4784 	DATA 	Keypress: rctrl
728.6787 	EXP 	Sound  started
729.2464 	DATA 	Keypress: rctrl
729.4287 	EXP 	Sound  started
730.0304 	DATA 	Keypress: rctrl
730.1787 	EXP 	Sound  started
730.8145 	DATA 	Keypress: rctrl
730.9287 	EXP 	Sound  started
731.5985 	DATA 	Keypress: rctrl
731.6787 	EXP 	Sound  started
732.3345 	DATA 	Keypress: lctrl
732.4288 	EXP 	Sound  started
733.0865 	DATA 	Keypress: rctrl
733.1788 	EXP 	Sound  started
733.7905 	DATA 	Keypress: lctrl
733.9288 	EXP 	Sound  started
734.5104 	DATA 	Keypress: lctrl
734.6788 	EXP 	Sound  started
735.2464 	DATA 	Keypress: rctrl
735.4288 	EXP 	Sound  started
735.9824 	DATA 	Keypress: rctrl
736.1789 	EXP 	Sound  started
736.7664 	DATA 	Keypress: rctrl
736.9289 	EXP 	Sound  started
737.5825 	DATA 	Keypress: rctrl
737.6789 	EXP 	Sound  started
738.3184 	DATA 	Keypress: rctrl
738.4289 	EXP 	Sound  started
739.1664 	DATA 	Keypress: rctrl
739.1789 	EXP 	Sound  started
739.8864 	DATA 	Keypress: rctrl
739.9289 	EXP 	Sound  started
740.6064 	DATA 	Keypress: rctrl
740.6789 	EXP 	Sound  started
741.3264 	DATA 	Keypress: lctrl
741.4290 	EXP 	Sound  started
742.0784 	DATA 	Keypress: rctrl
742.1790 	EXP 	Sound  started
742.8304 	DATA 	Keypress: lctrl
742.9290 	EXP 	Sound  started
743.5664 	DATA 	Keypress: lctrl
743.6790 	EXP 	Sound  started
744.3344 	DATA 	Keypress: lctrl
744.4290 	EXP 	Sound  started
745.0865 	DATA 	Keypress: lctrl
745.1790 	EXP 	Sound  started
745.8384 	DATA 	Keypress: lctrl
745.9290 	EXP 	Sound  started
746.5585 	DATA 	Keypress: rctrl
746.6791 	EXP 	Sound  started
747.3744 	DATA 	Keypress: rctrl
747.4291 	EXP 	Sound  started
748.0624 	DATA 	Keypress: rctrl
748.1791 	EXP 	Sound  started
748.7345 	DATA 	Keypress: lctrl
748.9291 	EXP 	Sound  started
749.4864 	DATA 	Keypress: rctrl
749.6791 	EXP 	Sound  started
750.2544 	DATA 	Keypress: lctrl
750.4291 	EXP 	Sound  started
751.0065 	DATA 	Keypress: lctrl
751.1791 	EXP 	Sound  started
751.6944 	DATA 	Keypress: lctrl
753.5283 	DATA 	Keypress: 4
753.5448 	EXP 	unnamed ShapeStim: vertices = <class 'numpy.ndarray'>
755.5510 	DATA 	Keypress: 1
755.5803 	EXP 	unnamed ShapeStim: vertices = <class 'numpy.ndarray'>
758.1659 	DATA 	Keypress: 4
758.1825 	EXP 	unnamed ShapeStim: vertices = <class 'numpy.ndarray'>
762.4842 	DATA 	Keypress: rctrl
1476.1587 	DATA 	Keypress: escape
1476.2267 	EXP 	window1: mouseVisible = True
