14.2551 	WARNING 	User requested fullscreen with size [1024  768], but screen is actually [1920, 1200]. Using actual size
15.0869 	EXP 	Created window1 = Window(allowGUI=False, allowStencil=False, autoLog=True, backendConf=UNKNOWN, bitsMode=UNKNOWN, blendMode='avg', bpc=(8, 8, 8), color=array([0, 0, 0]), colorSpace='rgb', depthBits=8, fullscr=<method-wrapper '__getattribute__' of attributeSetter object at 0x000001C56DDC8940>, gamma=None, gammaErrorPolicy='raise', lms=UNKNOWN, monitor=<psychopy.monitors.calibTools.Monitor object at 0x000001C56F534240>, multiSample=False, name='window1', numSamples=2, pos=[0.0, 0.0], screen=0, size=array([1920, 1200]), stencilBits=0, stereo=False, units='norm', useFBO=True, useRetina=False, viewOri=0.0, viewPos=None, viewScale=None, waitBlanking=True, winType='pyglet')
15.0872 	EXP 	window1: mouseVisible = True
15.0872 	EXP 	window1: mouseVisible = False
15.0872 	EXP 	window1: recordFrameIntervals = False
15.2534 	EXP 	window1: recordFrameIntervals = True
15.4370 	EXP 	window1: recordFrameIntervals = False
15.4906 	EXP 	Created text = TextStim(__class__=<class 'psychopy.visual.text.TextStim'>, alignHoriz=method-wrapper(...), alignText='center', alignVert=method-wrapper(...), anchorHoriz='center', anchorVert='center', antialias=True, autoLog=True, bold=False, color=array([1., 1., 1.]), colorSpace='rgb', contrast=1.0, depth=0.0, flipHoriz=False, flipVert=False, font='Arial', fontFiles=[], height=0.15, italic=False, languageStyle='LTR', name='text', opacity=1, ori=0, pos=array([0., 0.]), rgb=UNKNOWN, text='+', units='norm', win=Window(...), wrapWidth=1)
15.5117 	EXP 	Created text = TextStim(__class__=<class 'psychopy.visual.text.TextStim'>, alignHoriz=method-wrapper(...), alignText='center', alignVert=method-wrapper(...), anchorHoriz='center', anchorVert='center', antialias=True, autoLog=True, bold=False, color=array([1., 1., 1.]), colorSpace='rgb', contrast=1.0, depth=0.0, flipHoriz=False, flipVert=False, font='Arial', fontFiles=[], height=0.07, italic=False, languageStyle='LTR', name='text', opacity=1, ori=0, pos=array([0., 0.]), rgb=UNKNOWN, text=str(...), units='norm', win=Window(...), wrapWidth=1.65)
15.5211 	EXP 	Created text = TextStim(__class__=<class 'psychopy.visual.text.TextStim'>, alignHoriz=method-wrapper(...), alignText='center', alignVert=method-wrapper(...), anchorHoriz='center', anchorVert='center', antialias=True, autoLog=True, bold=False, color=array([1., 1., 1.]), colorSpace='rgb', contrast=1.0, depth=0.0, flipHoriz=False, flipVert=False, font='Arial', fontFiles=[], height=0.07, italic=False, languageStyle='LTR', name='text', opacity=1, ori=0, pos=array([0., 0.]), rgb=UNKNOWN, text=str(...), units='norm', win=Window(...), wrapWidth=1.65)
15.5299 	EXP 	Created text = TextStim(__class__=<class 'psychopy.visual.text.TextStim'>, alignHoriz=method-wrapper(...), alignText='center', alignVert=method-wrapper(...), anchorHoriz='center', anchorVert='center', antialias=True, autoLog=True, bold=False, color=array([1., 1., 1.]), colorSpace='rgb', contrast=1.0, depth=0.0, flipHoriz=False, flipVert=False, font='Arial', fontFiles=[], height=0.07, italic=False, languageStyle='LTR', name='text', opacity=1, ori=0, pos=array([0., 0.]), rgb=UNKNOWN, text=str(...), units='norm', win=Window(...), wrapWidth=1.65)
15.5388 	EXP 	Created text = TextStim(__class__=<class 'psychopy.visual.text.TextStim'>, alignHoriz=method-wrapper(...), alignText='center', alignVert=method-wrapper(...), anchorHoriz='center', anchorVert='center', antialias=True, autoLog=True, bold=False, color=array([1., 1., 1.]), colorSpace='rgb', contrast=1.0, depth=0.0, flipHoriz=False, flipVert=False, font='Arial', fontFiles=[], height=0.07, italic=False, languageStyle='LTR', name='text', opacity=1, ori=0, pos=array([0., 0.]), rgb=UNKNOWN, text=str(...), units='norm', win=Window(...), wrapWidth=1.65)
15.5444 	EXP 	Created text = TextStim(__class__=<class 'psychopy.visual.text.TextStim'>, alignHoriz=method-wrapper(...), alignText='center', alignVert=method-wrapper(...), anchorHoriz='center', anchorVert='center', antialias=True, autoLog=True, bold=False, color=array([1., 1., 1.]), colorSpace='rgb', contrast=1.0, depth=0.0, flipHoriz=False, flipVert=False, font='Arial', fontFiles=[], height=0.07, italic=False, languageStyle='LTR', name='text', opacity=1, ori=0, pos=array([0., 0.]), rgb=UNKNOWN, text=str(...), units='norm', win=Window(...), wrapWidth=1.65)
15.5584 	EXP 	Created text = TextStim(__class__=<class 'psychopy.visual.text.TextStim'>, alignHoriz=method-wrapper(...), alignText='center', alignVert=method-wrapper(...), anchorHoriz='center', anchorVert='center', antialias=True, autoLog=True, bold=False, color=array([1., 1., 1.]), colorSpace='rgb', contrast=1.0, depth=0.0, flipHoriz=False, flipVert=False, font='Arial', fontFiles=[], height=0.15, italic=False, languageStyle='LTR', name='text', opacity=1, ori=0, pos=array([0., 0.]), rgb=UNKNOWN, text=str(...), units='norm', win=Window(...), wrapWidth=1.65)
15.5882 	EXP 	Created text = TextStim(__class__=<class 'psychopy.visual.text.TextStim'>, alignHoriz=method-wrapper(...), alignText='center', alignVert=method-wrapper(...), anchorHoriz='center', anchorVert='center', antialias=True, autoLog=True, bold=False, color=array([1., 1., 1.]), colorSpace='rgb', contrast=1.0, depth=0.0, flipHoriz=False, flipVert=False, font='Arial', fontFiles=[], height=0.07, italic=False, languageStyle='LTR', name='text', opacity=1, ori=0, pos=array([0., 0.]), rgb=UNKNOWN, text=str(...), units='norm', win=Window(...), wrapWidth=1.65)
15.6087 	EXP 	Created text = TextStim(__class__=<class 'psychopy.visual.text.TextStim'>, alignHoriz=method-wrapper(...), alignText='center', alignVert=method-wrapper(...), anchorHoriz='center', anchorVert='center', antialias=True, autoLog=True, bold=False, color=array([1., 1., 1.]), colorSpace='rgb', contrast=1.0, depth=0.0, flipHoriz=False, flipVert=False, font='Arial', fontFiles=[], height=0.07, italic=False, languageStyle='LTR', name='text', opacity=1, ori=0, pos=array([0., 0.]), rgb=UNKNOWN, text=str(...), units='norm', win=Window(...), wrapWidth=1.65)
15.6385 	EXP 	Created text = TextStim(__class__=<class 'psychopy.visual.text.TextStim'>, alignHoriz=method-wrapper(...), alignText='center', alignVert=method-wrapper(...), anchorHoriz='center', anchorVert='center', antialias=True, autoLog=True, bold=False, color=array([1., 1., 1.]), colorSpace='rgb', contrast=1.0, depth=0.0, flipHoriz=False, flipVert=False, font='Arial', fontFiles=[], height=0.07, italic=False, languageStyle='LTR', name='text', opacity=1, ori=0, pos=array([0., 0.]), rgb=UNKNOWN, text=str(...), units='norm', win=Window(...), wrapWidth=1.65)
15.6623 	EXP 	Created text = TextStim(__class__=<class 'psychopy.visual.text.TextStim'>, alignHoriz=method-wrapper(...), alignText='center', alignVert=method-wrapper(...), anchorHoriz='center', anchorVert='center', antialias=True, autoLog=True, bold=False, color=array([1., 1., 1.]), colorSpace='rgb', contrast=1.0, depth=0.0, flipHoriz=False, flipVert=False, font='Arial', fontFiles=[], height=0.07, italic=False, languageStyle='LTR', name='text', opacity=1, ori=0, pos=array([0., 0.]), rgb=UNKNOWN, text=str(...), units='norm', win=Window(...), wrapWidth=1.65)
15.6912 	EXP 	Created text = TextStim(__class__=<class 'psychopy.visual.text.TextStim'>, alignHoriz=method-wrapper(...), alignText='center', alignVert=method-wrapper(...), anchorHoriz='center', anchorVert='center', antialias=True, autoLog=True, bold=False, color=array([1., 1., 1.]), colorSpace='rgb', contrast=1.0, depth=0.0, flipHoriz=False, flipVert=False, font='Arial', fontFiles=[], height=0.07, italic=False, languageStyle='LTR', name='text', opacity=1, ori=0, pos=array([0., 0.]), rgb=UNKNOWN, text=str(...), units='norm', win=Window(...), wrapWidth=1.65)
15.7017 	EXP 	Created text = TextStim(__class__=<class 'psychopy.visual.text.TextStim'>, alignHoriz=method-wrapper(...), alignText='center', alignVert=method-wrapper(...), anchorHoriz='center', anchorVert='center', antialias=True, autoLog=True, bold=False, color=array([1., 1., 1.]), colorSpace='rgb', contrast=1.0, depth=0.0, flipHoriz=False, flipVert=False, font='Arial', fontFiles=[], height=0.07, italic=False, languageStyle='LTR', name='text', opacity=1, ori=0, pos=array([0., 0.]), rgb=UNKNOWN, text=str(...), units='norm', win=Window(...), wrapWidth=1.65)
15.7138 	EXP 	Created text = TextStim(__class__=<class 'psychopy.visual.text.TextStim'>, alignHoriz=method-wrapper(...), alignText='center', alignVert=method-wrapper(...), anchorHoriz='center', anchorVert='center', antialias=True, autoLog=True, bold=False, color=array([1., 1., 1.]), colorSpace='rgb', contrast=1.0, depth=0.0, flipHoriz=False, flipVert=False, font='Arial', fontFiles=[], height=0.07, italic=False, languageStyle='LTR', name='text', opacity=1, ori=0, pos=array([0., 0.]), rgb=UNKNOWN, text=str(...), units='norm', win=Window(...), wrapWidth=1.65)
15.7181 	EXP 	Created instru = TextStim(__class__=<class 'psychopy.visual.text.TextStim'>, alignHoriz=method-wrapper(...), alignText='center', alignVert=method-wrapper(...), anchorHoriz='center', anchorVert='center', antialias=True, autoLog=True, bold=False, color=array([1., 1., 1.]), colorSpace='rgb', contrast=1.0, depth=0.0, flipHoriz=False, flipVert=False, font='Arial', fontFiles=[], height=0.07, italic=False, languageStyle='LTR', name='instru', opacity=1, ori=0, pos=array([0. , 0.5]), rgb=UNKNOWN, text=str(...), units='norm', win=Window(...), wrapWidth=1)
15.7206 	EXP 	Created unnamed Line = Line(__class__=<class 'psychopy.visual.line.Line'>, autoDraw=False, autoLog=True, closeShape=False, color=array([1., 1., 1.]), colorSpace='rgb', contrast=None, depth=0, fillColor=array([0, 0, 0]), fillColorSpace='rgb', fillRGB=array([0, 0, 0]), interpolate=True, lineColor=array([1., 1., 1.]), lineColorSpace='rgb', lineRGB=array([1, 1, 1]), lineWidth=5, name='unnamed Line', opacity=0.5, ori=0.0, pos=array([0., 0.]), size=array([1., 1.]), units='norm', vertices=array([[-0.5,  0. ],
       [ 0.5,  0. ]]), win=Window(...), windingRule=None)
15.7225 	EXP 	Created unnamed Line = Line(__class__=<class 'psychopy.visual.line.Line'>, autoDraw=False, autoLog=True, closeShape=False, color=array([1., 1., 1.]), colorSpace='rgb', contrast=None, depth=0, fillColor=array([0, 0, 0]), fillColorSpace='rgb', fillRGB=array([0, 0, 0]), interpolate=True, lineColor=array([1., 1., 1.]), lineColorSpace='rgb', lineRGB=array([1, 1, 1]), lineWidth=3, name='unnamed Line', opacity=0.5, ori=0.0, pos=array([0., 0.]), size=array([1., 1.]), units='norm', vertices=array([[-0.5 , -0.05],
       [-0.5 ,  0.05]]), win=Window(...), windingRule=None)
15.7244 	EXP 	Created unnamed Line = Line(__class__=<class 'psychopy.visual.line.Line'>, autoDraw=False, autoLog=True, closeShape=False, color=array([1., 1., 1.]), colorSpace='rgb', contrast=None, depth=0, fillColor=array([0, 0, 0]), fillColorSpace='rgb', fillRGB=array([0, 0, 0]), interpolate=True, lineColor=array([1., 1., 1.]), lineColorSpace='rgb', lineRGB=array([1, 1, 1]), lineWidth=3, name='unnamed Line', opacity=0.5, ori=0.0, pos=array([0., 0.]), size=array([1., 1.]), units='norm', vertices=ndarray(...), win=Window(...), windingRule=None)
15.7263 	EXP 	Created unnamed Line = Line(__class__=<class 'psychopy.visual.line.Line'>, autoDraw=False, autoLog=True, closeShape=False, color=array([1., 1., 1.]), colorSpace='rgb', contrast=None, depth=0, fillColor=array([0, 0, 0]), fillColorSpace='rgb', fillRGB=array([0, 0, 0]), interpolate=True, lineColor=array([1., 1., 1.]), lineColorSpace='rgb', lineRGB=array([1, 1, 1]), lineWidth=3, name='unnamed Line', opacity=0.5, ori=0.0, pos=array([0., 0.]), size=array([1., 1.]), units='norm', vertices=ndarray(...), win=Window(...), windingRule=None)
15.7282 	EXP 	Created unnamed Line = Line(__class__=<class 'psychopy.visual.line.Line'>, autoDraw=False, autoLog=True, closeShape=False, color=array([1., 1., 1.]), colorSpace='rgb', contrast=None, depth=0, fillColor=array([0, 0, 0]), fillColorSpace='rgb', fillRGB=array([0, 0, 0]), interpolate=True, lineColor=array([1., 1., 1.]), lineColorSpace='rgb', lineRGB=array([1, 1, 1]), lineWidth=3, name='unnamed Line', opacity=0.5, ori=0.0, pos=array([0., 0.]), size=array([1., 1.]), units='norm', vertices=array([[ 0.5 , -0.05],
       [ 0.5 ,  0.05]]), win=Window(...), windingRule=None)
15.7409 	EXP 	Created unnamed TextStim = TextStim(__class__=<class 'psychopy.visual.text.TextStim'>, alignHoriz=method-wrapper(...), alignText='center', alignVert=method-wrapper(...), anchorHoriz='center', anchorVert='center', antialias=True, autoLog=True, bold=False, color=array([1., 1., 1.]), colorSpace='rgb', contrast=1.0, depth=0, flipHoriz=False, flipVert=False, font='', fontFiles=[], height=0.05, italic=False, languageStyle='LTR', name='unnamed TextStim', opacity=1.0, ori=0.0, pos=array([-0.5, -0.1]), rgb=UNKNOWN, text='Helt klart \n IKKE FOKUSERT', units='norm', win=Window(...), wrapWidth=1)
15.7419 	EXP 	Created unnamed TextStim = TextStim(__class__=<class 'psychopy.visual.text.TextStim'>, alignHoriz=method-wrapper(...), alignText='center', alignVert=method-wrapper(...), anchorHoriz='center', anchorVert='center', antialias=True, autoLog=True, bold=False, color=array([1., 1., 1.]), colorSpace='rgb', contrast=1.0, depth=0, flipHoriz=False, flipVert=False, font='', fontFiles=[], height=0.05, italic=False, languageStyle='LTR', name='unnamed TextStim', opacity=1.0, ori=0.0, pos=array([-0.16666667, -0.1       ]), rgb=UNKNOWN, text='', units='norm', win=Window(...), wrapWidth=1)
15.7431 	EXP 	Created unnamed TextStim = TextStim(__class__=<class 'psychopy.visual.text.TextStim'>, alignHoriz=method-wrapper(...), alignText='center', alignVert=method-wrapper(...), anchorHoriz='center', anchorVert='center', antialias=True, autoLog=True, bold=False, color=array([1., 1., 1.]), colorSpace='rgb', contrast=1.0, depth=0, flipHoriz=False, flipVert=False, font='', fontFiles=[], height=0.05, italic=False, languageStyle='LTR', name='unnamed TextStim', opacity=1.0, ori=0.0, pos=array([ 0.16666667, -0.1       ]), rgb=UNKNOWN, text='', units='norm', win=Window(...), wrapWidth=1)
15.7465 	EXP 	Created unnamed TextStim = TextStim(__class__=<class 'psychopy.visual.text.TextStim'>, alignHoriz=method-wrapper(...), alignText='center', alignVert=method-wrapper(...), anchorHoriz='center', anchorVert='center', antialias=True, autoLog=True, bold=False, color=array([1., 1., 1.]), colorSpace='rgb', contrast=1.0, depth=0, flipHoriz=False, flipVert=False, font='', fontFiles=[], height=0.05, italic=False, languageStyle='LTR', name='unnamed TextStim', opacity=1.0, ori=0.0, pos=array([ 0.5, -0.1]), rgb=UNKNOWN, text='Helt klart \n FOKUSERT', units='norm', win=Window(...), wrapWidth=1)
15.7485 	EXP 	Created unnamed ShapeStim = ShapeStim(__class__=<class 'psychopy.visual.shape.ShapeStim'>, autoDraw=False, autoLog=True, closeShape=True, color=method-wrapper(...), colorSpace='rgb', contrast=None, depth=0, fillColor=array([1, 1, 1]), fillColorSpace='rgb', fillRGB=array([1, 1, 1]), interpolate=True, lineColor=array([-1., -1., -1.]), lineColorSpace='rgb', lineRGB=array([-1, -1, -1]), lineWidth=1.5, name='unnamed ShapeStim', opacity=1.0, ori=0.0, pos=array([0., 0.]), size=array([1., 1.]), units='norm', vertices=ndarray(...), win=Window(...), windingRule=None)
15.7556 	EXP 	Created instru = TextStim(__class__=<class 'psychopy.visual.text.TextStim'>, alignHoriz=method-wrapper(...), alignText='center', alignVert=method-wrapper(...), anchorHoriz='center', anchorVert='center', antialias=True, autoLog=True, bold=False, color=array([1., 1., 1.]), colorSpace='rgb', contrast=1.0, depth=0.0, flipHoriz=False, flipVert=False, font='Arial', fontFiles=[], height=0.07, italic=False, languageStyle='LTR', name='instru', opacity=1, ori=0, pos=array([0. , 0.5]), rgb=UNKNOWN, text=str(...), units='norm', win=Window(...), wrapWidth=1)
15.7576 	EXP 	Created unnamed Line = Line(__class__=<class 'psychopy.visual.line.Line'>, autoDraw=False, autoLog=True, closeShape=False, color=array([1., 1., 1.]), colorSpace='rgb', contrast=None, depth=0, fillColor=array([0, 0, 0]), fillColorSpace='rgb', fillRGB=array([0, 0, 0]), interpolate=True, lineColor=array([1., 1., 1.]), lineColorSpace='rgb', lineRGB=array([1, 1, 1]), lineWidth=5, name='unnamed Line', opacity=0.5, ori=0.0, pos=array([0., 0.]), size=array([1., 1.]), units='norm', vertices=array([[-0.5,  0. ],
       [ 0.5,  0. ]]), win=Window(...), windingRule=None)
15.7595 	EXP 	Created unnamed Line = Line(__class__=<class 'psychopy.visual.line.Line'>, autoDraw=False, autoLog=True, closeShape=False, color=array([1., 1., 1.]), colorSpace='rgb', contrast=None, depth=0, fillColor=array([0, 0, 0]), fillColorSpace='rgb', fillRGB=array([0, 0, 0]), interpolate=True, lineColor=array([1., 1., 1.]), lineColorSpace='rgb', lineRGB=array([1, 1, 1]), lineWidth=3, name='unnamed Line', opacity=0.5, ori=0.0, pos=array([0., 0.]), size=array([1., 1.]), units='norm', vertices=array([[-0.5 , -0.05],
       [-0.5 ,  0.05]]), win=Window(...), windingRule=None)
15.7615 	EXP 	Created unnamed Line = Line(__class__=<class 'psychopy.visual.line.Line'>, autoDraw=False, autoLog=True, closeShape=False, color=array([1., 1., 1.]), colorSpace='rgb', contrast=None, depth=0, fillColor=array([0, 0, 0]), fillColorSpace='rgb', fillRGB=array([0, 0, 0]), interpolate=True, lineColor=array([1., 1., 1.]), lineColorSpace='rgb', lineRGB=array([1, 1, 1]), lineWidth=3, name='unnamed Line', opacity=0.5, ori=0.0, pos=array([0., 0.]), size=array([1., 1.]), units='norm', vertices=ndarray(...), win=Window(...), windingRule=None)
15.7634 	EXP 	Created unnamed Line = Line(__class__=<class 'psychopy.visual.line.Line'>, autoDraw=False, autoLog=True, closeShape=False, color=array([1., 1., 1.]), colorSpace='rgb', contrast=None, depth=0, fillColor=array([0, 0, 0]), fillColorSpace='rgb', fillRGB=array([0, 0, 0]), interpolate=True, lineColor=array([1., 1., 1.]), lineColorSpace='rgb', lineRGB=array([1, 1, 1]), lineWidth=3, name='unnamed Line', opacity=0.5, ori=0.0, pos=array([0., 0.]), size=array([1., 1.]), units='norm', vertices=ndarray(...), win=Window(...), windingRule=None)
15.7654 	EXP 	Created unnamed Line = Line(__class__=<class 'psychopy.visual.line.Line'>, autoDraw=False, autoLog=True, closeShape=False, color=array([1., 1., 1.]), colorSpace='rgb', contrast=None, depth=0, fillColor=array([0, 0, 0]), fillColorSpace='rgb', fillRGB=array([0, 0, 0]), interpolate=True, lineColor=array([1., 1., 1.]), lineColorSpace='rgb', lineRGB=array([1, 1, 1]), lineWidth=3, name='unnamed Line', opacity=0.5, ori=0.0, pos=array([0., 0.]), size=array([1., 1.]), units='norm', vertices=array([[ 0.5 , -0.05],
       [ 0.5 ,  0.05]]), win=Window(...), windingRule=None)
15.7703 	EXP 	Created unnamed TextStim = TextStim(__class__=<class 'psychopy.visual.text.TextStim'>, alignHoriz=method-wrapper(...), alignText='center', alignVert=method-wrapper(...), anchorHoriz='center', anchorVert='center', antialias=True, autoLog=True, bold=False, color=array([1., 1., 1.]), colorSpace='rgb', contrast=1.0, depth=0, flipHoriz=False, flipVert=False, font='', fontFiles=[], height=0.05, italic=False, languageStyle='LTR', name='unnamed TextStim', opacity=1.0, ori=0.0, pos=array([-0.5, -0.1]), rgb=UNKNOWN, text='Helt klart \n INGENTING', units='norm', win=Window(...), wrapWidth=1)
15.7714 	EXP 	Created unnamed TextStim = TextStim(__class__=<class 'psychopy.visual.text.TextStim'>, alignHoriz=method-wrapper(...), alignText='center', alignVert=method-wrapper(...), anchorHoriz='center', anchorVert='center', antialias=True, autoLog=True, bold=False, color=array([1., 1., 1.]), colorSpace='rgb', contrast=1.0, depth=0, flipHoriz=False, flipVert=False, font='', fontFiles=[], height=0.05, italic=False, languageStyle='LTR', name='unnamed TextStim', opacity=1.0, ori=0.0, pos=array([-0.16666667, -0.1       ]), rgb=UNKNOWN, text='', units='norm', win=Window(...), wrapWidth=1)
15.7725 	EXP 	Created unnamed TextStim = TextStim(__class__=<class 'psychopy.visual.text.TextStim'>, alignHoriz=method-wrapper(...), alignText='center', alignVert=method-wrapper(...), anchorHoriz='center', anchorVert='center', antialias=True, autoLog=True, bold=False, color=array([1., 1., 1.]), colorSpace='rgb', contrast=1.0, depth=0, flipHoriz=False, flipVert=False, font='', fontFiles=[], height=0.05, italic=False, languageStyle='LTR', name='unnamed TextStim', opacity=1.0, ori=0.0, pos=array([ 0.16666667, -0.1       ]), rgb=UNKNOWN, text='', units='norm', win=Window(...), wrapWidth=1)
15.7756 	EXP 	Created unnamed TextStim = TextStim(__class__=<class 'psychopy.visual.text.TextStim'>, alignHoriz=method-wrapper(...), alignText='center', alignVert=method-wrapper(...), anchorHoriz='center', anchorVert='center', antialias=True, autoLog=True, bold=False, color=array([1., 1., 1.]), colorSpace='rgb', contrast=1.0, depth=0, flipHoriz=False, flipVert=False, font='', fontFiles=[], height=0.05, italic=False, languageStyle='LTR', name='unnamed TextStim', opacity=1.0, ori=0.0, pos=array([ 0.5, -0.1]), rgb=UNKNOWN, text='Helt klart \n NOE', units='norm', win=Window(...), wrapWidth=1)
15.7774 	EXP 	Created unnamed ShapeStim = ShapeStim(__class__=<class 'psychopy.visual.shape.ShapeStim'>, autoDraw=False, autoLog=True, closeShape=True, color=method-wrapper(...), colorSpace='rgb', contrast=None, depth=0, fillColor=array([1, 1, 1]), fillColorSpace='rgb', fillRGB=array([1, 1, 1]), interpolate=True, lineColor=array([-1., -1., -1.]), lineColorSpace='rgb', lineRGB=array([-1, -1, -1]), lineWidth=1.5, name='unnamed ShapeStim', opacity=1.0, ori=0.0, pos=array([0., 0.]), size=array([1., 1.]), units='norm', vertices=ndarray(...), win=Window(...), windingRule=None)
15.7839 	EXP 	Created instru = TextStim(__class__=<class 'psychopy.visual.text.TextStim'>, alignHoriz=method-wrapper(...), alignText='center', alignVert=method-wrapper(...), anchorHoriz='center', anchorVert='center', antialias=True, autoLog=True, bold=False, color=array([1., 1., 1.]), colorSpace='rgb', contrast=1.0, depth=0.0, flipHoriz=False, flipVert=False, font='Arial', fontFiles=[], height=0.07, italic=False, languageStyle='LTR', name='instru', opacity=1, ori=0, pos=array([0. , 0.5]), rgb=UNKNOWN, text=str(...), units='norm', win=Window(...), wrapWidth=1)
15.7859 	EXP 	Created unnamed Line = Line(__class__=<class 'psychopy.visual.line.Line'>, autoDraw=False, autoLog=True, closeShape=False, color=array([1., 1., 1.]), colorSpace='rgb', contrast=None, depth=0, fillColor=array([0, 0, 0]), fillColorSpace='rgb', fillRGB=array([0, 0, 0]), interpolate=True, lineColor=array([1., 1., 1.]), lineColorSpace='rgb', lineRGB=array([1, 1, 1]), lineWidth=5, name='unnamed Line', opacity=0.5, ori=0.0, pos=array([0., 0.]), size=array([1., 1.]), units='norm', vertices=array([[-0.5,  0. ],
       [ 0.5,  0. ]]), win=Window(...), windingRule=None)
15.7878 	EXP 	Created unnamed Line = Line(__class__=<class 'psychopy.visual.line.Line'>, autoDraw=False, autoLog=True, closeShape=False, color=array([1., 1., 1.]), colorSpace='rgb', contrast=None, depth=0, fillColor=array([0, 0, 0]), fillColorSpace='rgb', fillRGB=array([0, 0, 0]), interpolate=True, lineColor=array([1., 1., 1.]), lineColorSpace='rgb', lineRGB=array([1, 1, 1]), lineWidth=3, name='unnamed Line', opacity=0.5, ori=0.0, pos=array([0., 0.]), size=array([1., 1.]), units='norm', vertices=array([[-0.5 , -0.05],
       [-0.5 ,  0.05]]), win=Window(...), windingRule=None)
15.7897 	EXP 	Created unnamed Line = Line(__class__=<class 'psychopy.visual.line.Line'>, autoDraw=False, autoLog=True, closeShape=False, color=array([1., 1., 1.]), colorSpace='rgb', contrast=None, depth=0, fillColor=array([0, 0, 0]), fillColorSpace='rgb', fillRGB=array([0, 0, 0]), interpolate=True, lineColor=array([1., 1., 1.]), lineColorSpace='rgb', lineRGB=array([1, 1, 1]), lineWidth=3, name='unnamed Line', opacity=0.5, ori=0.0, pos=array([0., 0.]), size=array([1., 1.]), units='norm', vertices=ndarray(...), win=Window(...), windingRule=None)
15.7917 	EXP 	Created unnamed Line = Line(__class__=<class 'psychopy.visual.line.Line'>, autoDraw=False, autoLog=True, closeShape=False, color=array([1., 1., 1.]), colorSpace='rgb', contrast=None, depth=0, fillColor=array([0, 0, 0]), fillColorSpace='rgb', fillRGB=array([0, 0, 0]), interpolate=True, lineColor=array([1., 1., 1.]), lineColorSpace='rgb', lineRGB=array([1, 1, 1]), lineWidth=3, name='unnamed Line', opacity=0.5, ori=0.0, pos=array([0., 0.]), size=array([1., 1.]), units='norm', vertices=ndarray(...), win=Window(...), windingRule=None)
15.7936 	EXP 	Created unnamed Line = Line(__class__=<class 'psychopy.visual.line.Line'>, autoDraw=False, autoLog=True, closeShape=False, color=array([1., 1., 1.]), colorSpace='rgb', contrast=None, depth=0, fillColor=array([0, 0, 0]), fillColorSpace='rgb', fillRGB=array([0, 0, 0]), interpolate=True, lineColor=array([1., 1., 1.]), lineColorSpace='rgb', lineRGB=array([1, 1, 1]), lineWidth=3, name='unnamed Line', opacity=0.5, ori=0.0, pos=array([0., 0.]), size=array([1., 1.]), units='norm', vertices=array([[ 0.5 , -0.05],
       [ 0.5 ,  0.05]]), win=Window(...), windingRule=None)
15.7983 	EXP 	Created unnamed TextStim = TextStim(__class__=<class 'psychopy.visual.text.TextStim'>, alignHoriz=method-wrapper(...), alignText='center', alignVert=method-wrapper(...), anchorHoriz='center', anchorVert='center', antialias=True, autoLog=True, bold=False, color=array([1., 1., 1.]), colorSpace='rgb', contrast=1.0, depth=0, flipHoriz=False, flipVert=False, font='', fontFiles=[], height=0.05, italic=False, languageStyle='LTR', name='unnamed TextStim', opacity=1.0, ori=0.0, pos=array([-0.5, -0.1]), rgb=UNKNOWN, text='Helt klart \n SPONTAN', units='norm', win=Window(...), wrapWidth=1)
15.7994 	EXP 	Created unnamed TextStim = TextStim(__class__=<class 'psychopy.visual.text.TextStim'>, alignHoriz=method-wrapper(...), alignText='center', alignVert=method-wrapper(...), anchorHoriz='center', anchorVert='center', antialias=True, autoLog=True, bold=False, color=array([1., 1., 1.]), colorSpace='rgb', contrast=1.0, depth=0, flipHoriz=False, flipVert=False, font='', fontFiles=[], height=0.05, italic=False, languageStyle='LTR', name='unnamed TextStim', opacity=1.0, ori=0.0, pos=array([-0.16666667, -0.1       ]), rgb=UNKNOWN, text='', units='norm', win=Window(...), wrapWidth=1)
15.8004 	EXP 	Created unnamed TextStim = TextStim(__class__=<class 'psychopy.visual.text.TextStim'>, alignHoriz=method-wrapper(...), alignText='center', alignVert=method-wrapper(...), anchorHoriz='center', anchorVert='center', antialias=True, autoLog=True, bold=False, color=array([1., 1., 1.]), colorSpace='rgb', contrast=1.0, depth=0, flipHoriz=False, flipVert=False, font='', fontFiles=[], height=0.05, italic=False, languageStyle='LTR', name='unnamed TextStim', opacity=1.0, ori=0.0, pos=array([ 0.16666667, -0.1       ]), rgb=UNKNOWN, text='', units='norm', win=Window(...), wrapWidth=1)
15.8050 	EXP 	Created unnamed TextStim = TextStim(__class__=<class 'psychopy.visual.text.TextStim'>, alignHoriz=method-wrapper(...), alignText='center', alignVert=method-wrapper(...), anchorHoriz='center', anchorVert='center', antialias=True, autoLog=True, bold=False, color=array([1., 1., 1.]), colorSpace='rgb', contrast=1.0, depth=0, flipHoriz=False, flipVert=False, font='', fontFiles=[], height=0.05, italic=False, languageStyle='LTR', name='unnamed TextStim', opacity=1.0, ori=0.0, pos=array([ 0.5, -0.1]), rgb=UNKNOWN, text='Helt klart \n BEVISST', units='norm', win=Window(...), wrapWidth=1)
15.8068 	EXP 	Created unnamed ShapeStim = ShapeStim(__class__=<class 'psychopy.visual.shape.ShapeStim'>, autoDraw=False, autoLog=True, closeShape=True, color=method-wrapper(...), colorSpace='rgb', contrast=None, depth=0, fillColor=array([1, 1, 1]), fillColorSpace='rgb', fillRGB=array([1, 1, 1]), interpolate=True, lineColor=array([-1., -1., -1.]), lineColorSpace='rgb', lineRGB=array([-1, -1, -1]), lineWidth=1.5, name='unnamed ShapeStim', opacity=1.0, ori=0.0, pos=array([0., 0.]), size=array([1., 1.]), units='norm', vertices=ndarray(...), win=Window(...), windingRule=None)
15.8551 	EXP 	Sound  set volume 1.000
15.8833 	EXP 	unnamed ShapeStim: vertices = <class 'numpy.ndarray'>
15.8833 	EXP 	unnamed ShapeStim: vertices = <class 'numpy.ndarray'>
15.8833 	EXP 	unnamed ShapeStim: vertices = <class 'numpy.ndarray'>
233.0961 	DATA 	Keypress: rctrl
233.6159 	EXP 	Sound  started
233.8640 	DATA 	Keypress: rctrl
234.3657 	EXP 	Sound  started
234.3918 	DATA 	Keypress: lctrl
235.0478 	DATA 	Keypress: rctrl
235.1157 	EXP 	Sound  started
235.8478 	DATA 	Keypress: rctrl
235.8657 	EXP 	Sound  started
236.6157 	EXP 	Sound  started
236.6478 	DATA 	Keypress: rctrl
237.3657 	EXP 	Sound  started
237.4159 	DATA 	Keypress: rctrl
238.1157 	EXP 	Sound  started
238.1998 	DATA 	Keypress: lctrl
238.8658 	EXP 	Sound  started
238.9198 	DATA 	Keypress: lctrl
239.6158 	EXP 	Sound  started
239.6399 	DATA 	Keypress: rctrl
240.3599 	DATA 	Keypress: lctrl
240.3658 	EXP 	Sound  started
241.1119 	DATA 	Keypress: lctrl
241.1158 	EXP 	Sound  started
241.8318 	DATA 	Keypress: lctrl
241.8658 	EXP 	Sound  started
242.5999 	DATA 	Keypress: rctrl
242.6158 	EXP 	Sound  started
243.3358 	DATA 	Keypress: rctrl
243.3658 	EXP 	Sound  started
244.0879 	DATA 	Keypress: lctrl
244.1158 	EXP 	Sound  started
244.7598 	DATA 	Keypress: rctrl
244.8659 	EXP 	Sound  started
245.6159 	EXP 	Sound  started
245.6398 	DATA 	Keypress: lctrl
246.3278 	DATA 	Keypress: lctrl
246.3659 	EXP 	Sound  started
247.0478 	DATA 	Keypress: lctrl
247.1159 	EXP 	Sound  started
247.8319 	DATA 	Keypress: rctrl
247.8659 	EXP 	Sound  started
248.6158 	DATA 	Keypress: rctrl
248.6160 	EXP 	Sound  started
249.3519 	DATA 	Keypress: lctrl
249.3660 	EXP 	Sound  started
250.0398 	DATA 	Keypress: rctrl
250.1160 	EXP 	Sound  started
250.7919 	DATA 	Keypress: rctrl
250.8661 	EXP 	Sound  started
251.5279 	DATA 	Keypress: lctrl
251.6161 	EXP 	Sound  started
252.3279 	DATA 	Keypress: rctrl
252.3661 	EXP 	Sound  started
253.0158 	DATA 	Keypress: lctrl
253.1161 	EXP 	Sound  started
253.7838 	DATA 	Keypress: lctrl
253.8661 	EXP 	Sound  started
254.5519 	DATA 	Keypress: rctrl
254.6161 	EXP 	Sound  started
255.2398 	DATA 	Keypress: rctrl
255.3661 	EXP 	Sound  started
255.9598 	DATA 	Keypress: rctrl
256.1161 	EXP 	Sound  started
256.7918 	DATA 	Keypress: lctrl
256.8662 	EXP 	Sound  started
257.4639 	DATA 	Keypress: rctrl
257.6162 	EXP 	Sound  started
258.3278 	DATA 	Keypress: lctrl
258.3662 	EXP 	Sound  started
259.0799 	DATA 	Keypress: lctrl
259.1162 	EXP 	Sound  started
259.7838 	DATA 	Keypress: lctrl
259.8662 	EXP 	Sound  started
260.5358 	DATA 	Keypress: rctrl
260.6162 	EXP 	Sound  started
261.2878 	DATA 	Keypress: lctrl
261.3662 	EXP 	Sound  started
262.0399 	DATA 	Keypress: rctrl
262.1163 	EXP 	Sound  started
262.7918 	DATA 	Keypress: rctrl
262.8663 	EXP 	Sound  started
263.5598 	DATA 	Keypress: rctrl
263.6163 	EXP 	Sound  started
264.3278 	DATA 	Keypress: rctrl
264.3663 	EXP 	Sound  started
265.0958 	DATA 	Keypress: rctrl
265.1163 	EXP 	Sound  started
265.8479 	DATA 	Keypress: rctrl
265.8663 	EXP 	Sound  started
266.6158 	DATA 	Keypress: rctrl
266.6164 	EXP 	Sound  started
267.3198 	DATA 	Keypress: lctrl
267.3664 	EXP 	Sound  started
268.0398 	DATA 	Keypress: lctrl
268.1164 	EXP 	Sound  started
268.7758 	DATA 	Keypress: rctrl
268.8664 	EXP 	Sound  started
269.5918 	DATA 	Keypress: lctrl
269.6164 	EXP 	Sound  started
270.3439 	DATA 	Keypress: lctrl
270.3664 	EXP 	Sound  started
271.0638 	DATA 	Keypress: lctrl
271.1164 	EXP 	Sound  started
271.7518 	DATA 	Keypress: lctrl
271.8664 	EXP 	Sound  started
272.4718 	DATA 	Keypress: rctrl
272.6164 	EXP 	Sound  started
273.3198 	DATA 	Keypress: rctrl
273.3665 	EXP 	Sound  started
274.0558 	DATA 	Keypress: lctrl
274.1165 	EXP 	Sound  started
274.8399 	DATA 	Keypress: lctrl
274.8665 	EXP 	Sound  started
275.5758 	DATA 	Keypress: lctrl
275.6165 	EXP 	Sound  started
276.3119 	DATA 	Keypress: rctrl
276.3665 	EXP 	Sound  started
277.0480 	DATA 	Keypress: rctrl
277.1165 	EXP 	Sound  started
277.7841 	DATA 	Keypress: lctrl
277.8976 	EXP 	unnamed TextStim: text = ''
277.8976 	EXP 	unnamed TextStim: text = ''
279.8697 	DATA 	Keypress: 3
279.8862 	EXP 	unnamed ShapeStim: vertices = <class 'numpy.ndarray'>
281.4208 	EXP 	unnamed TextStim: text = ''
281.4208 	EXP 	unnamed TextStim: text = ''
283.9563 	DATA 	Keypress: 2
283.9729 	EXP 	unnamed ShapeStim: vertices = <class 'numpy.ndarray'>
285.5075 	EXP 	unnamed TextStim: text = ''
285.5075 	EXP 	unnamed TextStim: text = ''
286.2253 	DATA 	Keypress: 3
286.2418 	EXP 	unnamed ShapeStim: vertices = <class 'numpy.ndarray'>
288.5263 	EXP 	Sound  started
288.5841 	DATA 	Keypress: rctrl
289.1918 	DATA 	Keypress: lctrl
289.2762 	EXP 	Sound  started
289.8958 	DATA 	Keypress: lctrl
290.0262 	EXP 	Sound  started
290.6478 	DATA 	Keypress: lctrl
290.7762 	EXP 	Sound  started
291.4158 	DATA 	Keypress: rctrl
291.5262 	EXP 	Sound  started
292.1038 	DATA 	Keypress: lctrl
292.2762 	EXP 	Sound  started
292.9040 	DATA 	Keypress: lctrl
293.0262 	EXP 	Sound  started
293.6398 	DATA 	Keypress: rctrl
293.7762 	EXP 	Sound  started
294.3598 	DATA 	Keypress: rctrl
294.5262 	EXP 	Sound  started
295.1598 	DATA 	Keypress: rctrl
295.2763 	EXP 	Sound  started
295.9438 	DATA 	Keypress: rctrl
296.0263 	EXP 	Sound  started
296.7598 	DATA 	Keypress: lctrl
296.7763 	EXP 	Sound  started
297.4958 	DATA 	Keypress: lctrl
297.5263 	EXP 	Sound  started
298.1838 	DATA 	Keypress: rctrl
298.2763 	EXP 	Sound  started
298.9998 	DATA 	Keypress: lctrl
299.0263 	EXP 	Sound  started
299.6879 	DATA 	Keypress: rctrl
299.7763 	EXP 	Sound  started
300.5038 	DATA 	Keypress: lctrl
300.5264 	EXP 	Sound  started
301.1759 	DATA 	Keypress: lctrl
301.2764 	EXP 	Sound  started
301.8798 	DATA 	Keypress: lctrl
302.0264 	EXP 	Sound  started
302.6318 	DATA 	Keypress: rctrl
302.7764 	EXP 	Sound  started
303.3678 	DATA 	Keypress: rctrl
303.5264 	EXP 	Sound  started
304.1679 	DATA 	Keypress: lctrl
304.2764 	EXP 	Sound  started
304.9198 	DATA 	Keypress: rctrl
305.0264 	EXP 	Sound  started
305.6718 	DATA 	Keypress: rctrl
305.7765 	EXP 	Sound  started
306.3599 	DATA 	Keypress: rctrl
306.5265 	EXP 	Sound  started
307.1919 	DATA 	Keypress: lctrl
307.2765 	EXP 	Sound  started
307.9438 	DATA 	Keypress: rctrl
308.0265 	EXP 	Sound  started
308.7118 	DATA 	Keypress: rctrl
308.7765 	EXP 	Sound  started
309.3838 	DATA 	Keypress: lctrl
309.5265 	EXP 	Sound  started
310.1518 	DATA 	Keypress: lctrl
310.2765 	EXP 	Sound  started
310.9360 	DATA 	Keypress: lctrl
311.0265 	EXP 	Sound  started
311.6878 	DATA 	Keypress: rctrl
311.7766 	EXP 	Sound  started
312.4558 	DATA 	Keypress: rctrl
312.5266 	EXP 	Sound  started
313.2718 	DATA 	Keypress: lctrl
313.2766 	EXP 	Sound  started
313.9760 	DATA 	Keypress: rctrl
314.0266 	EXP 	Sound  started
314.7766 	EXP 	Sound  started
314.9358 	DATA 	Keypress: rctrl
315.5266 	EXP 	Sound  started
315.5278 	DATA 	Keypress: lctrl
316.1838 	DATA 	Keypress: rctrl
316.2766 	EXP 	Sound  started
316.8878 	DATA 	Keypress: rctrl
317.0267 	EXP 	Sound  started
317.6239 	DATA 	Keypress: lctrl
317.7767 	EXP 	Sound  started
318.3439 	DATA 	Keypress: rctrl
318.5267 	EXP 	Sound  started
319.1280 	DATA 	Keypress: rctrl
319.2767 	EXP 	Sound  started
319.8960 	DATA 	Keypress: rctrl
320.0267 	EXP 	Sound  started
320.6798 	DATA 	Keypress: lctrl
320.7767 	EXP 	Sound  started
321.3838 	DATA 	Keypress: lctrl
321.5267 	EXP 	Sound  started
322.1038 	DATA 	Keypress: lctrl
322.2767 	EXP 	Sound  started
322.9518 	DATA 	Keypress: rctrl
323.0268 	EXP 	Sound  started
323.6238 	DATA 	Keypress: lctrl
323.7768 	EXP 	Sound  started
324.5268 	EXP 	Sound  started
325.1119 	DATA 	Keypress: lctrl
325.2768 	EXP 	Sound  started
325.8638 	DATA 	Keypress: rctrl
326.0268 	EXP 	Sound  started
326.6798 	DATA 	Keypress: rctrl
326.7768 	EXP 	Sound  started
327.4959 	DATA 	Keypress: lctrl
327.5268 	EXP 	Sound  started
328.2158 	DATA 	Keypress: lctrl
328.2769 	EXP 	Sound  started
328.8879 	DATA 	Keypress: rctrl
329.0269 	EXP 	Sound  started
329.5598 	DATA 	Keypress: lctrl
329.7769 	EXP 	Sound  started
330.2799 	DATA 	Keypress: lctrl
330.5269 	EXP 	Sound  started
331.0478 	DATA 	Keypress: lctrl
331.2769 	EXP 	Sound  started
331.7038 	DATA 	Keypress: rctrl
332.0269 	EXP 	Sound  started
332.5198 	DATA 	Keypress: rctrl
332.7769 	EXP 	Sound  started
333.1278 	DATA 	Keypress: rctrl
333.5270 	EXP 	Sound  started
333.8958 	DATA 	Keypress: rctrl
334.2770 	EXP 	Sound  started
334.5518 	DATA 	Keypress: rctrl
335.0270 	EXP 	Sound  started
335.3358 	DATA 	Keypress: lctrl
335.7770 	EXP 	Sound  started
336.1998 	DATA 	Keypress: lctrl
336.5270 	EXP 	Sound  started
336.8398 	DATA 	Keypress: rctrl
337.2770 	EXP 	Sound  started
337.5278 	DATA 	Keypress: lctrl
338.0271 	EXP 	Sound  started
338.2958 	DATA 	Keypress: lctrl
338.7771 	EXP 	Sound  started
339.0638 	DATA 	Keypress: rctrl
339.5271 	EXP 	Sound  started
340.0238 	DATA 	Keypress: lctrl
340.2771 	EXP 	Sound  started
340.7918 	DATA 	Keypress: rctrl
341.0271 	EXP 	Sound  started
341.4478 	DATA 	Keypress: lctrl
341.7771 	EXP 	Sound  started
342.0399 	DATA 	Keypress: rctrl
342.5271 	EXP 	Sound  started
342.7438 	DATA 	Keypress: rctrl
343.2771 	EXP 	Sound  started
343.5118 	DATA 	Keypress: lctrl
344.0271 	EXP 	Sound  started
344.2959 	DATA 	Keypress: lctrl
353.5800 	DATA 	Keypress: 2
353.5965 	EXP 	unnamed ShapeStim: vertices = <class 'numpy.ndarray'>
358.0504 	DATA 	Keypress: 3
358.0669 	EXP 	unnamed ShapeStim: vertices = <class 'numpy.ndarray'>
360.8730 	DATA 	Keypress: 2
360.9025 	EXP 	unnamed ShapeStim: vertices = <class 'numpy.ndarray'>
363.1876 	EXP 	Sound  started
363.3680 	DATA 	Keypress: rctrl
363.9118 	DATA 	Keypress: lctrl
363.9374 	EXP 	Sound  started
364.5038 	DATA 	Keypress: rctrl
364.6874 	EXP 	Sound  started
365.2398 	DATA 	Keypress: rctrl
365.4374 	EXP 	Sound  started
365.9758 	DATA 	Keypress: rctrl
366.1875 	EXP 	Sound  started
366.8558 	DATA 	Keypress: lctrl
366.9375 	EXP 	Sound  started
367.6077 	DATA 	Keypress: lctrl
367.6875 	EXP 	Sound  started
368.3117 	DATA 	Keypress: rctrl
368.4375 	EXP 	Sound  started
369.0318 	DATA 	Keypress: lctrl
369.1875 	EXP 	Sound  started
369.7678 	DATA 	Keypress: lctrl
369.9375 	EXP 	Sound  started
370.4878 	DATA 	Keypress: lctrl
370.6875 	EXP 	Sound  started
371.2397 	DATA 	Keypress: lctrl
371.4375 	EXP 	Sound  started
371.9597 	DATA 	Keypress: rctrl
372.1875 	EXP 	Sound  started
372.7437 	DATA 	Keypress: rctrl
372.9376 	EXP 	Sound  started
373.5118 	DATA 	Keypress: rctrl
373.6876 	EXP 	Sound  started
374.2479 	DATA 	Keypress: lctrl
374.4376 	EXP 	Sound  started
375.0317 	DATA 	Keypress: lctrl
375.1876 	EXP 	Sound  started
375.7837 	DATA 	Keypress: rctrl
375.9376 	EXP 	Sound  started
376.5517 	DATA 	Keypress: rctrl
376.6876 	EXP 	Sound  started
377.3679 	DATA 	Keypress: rctrl
377.4377 	EXP 	Sound  started
378.0878 	DATA 	Keypress: lctrl
378.1877 	EXP 	Sound  started
378.7598 	DATA 	Keypress: lctrl
378.9377 	EXP 	Sound  started
379.5757 	DATA 	Keypress: lctrl
379.6878 	EXP 	Sound  started
380.2798 	DATA 	Keypress: lctrl
380.4378 	EXP 	Sound  started
380.9997 	DATA 	Keypress: rctrl
381.1878 	EXP 	Sound  started
381.7518 	DATA 	Keypress: lctrl
381.9378 	EXP 	Sound  started
382.5039 	DATA 	Keypress: lctrl
382.6878 	EXP 	Sound  started
383.2717 	DATA 	Keypress: rctrl
383.4378 	EXP 	Sound  started
383.9278 	DATA 	Keypress: rctrl
384.1879 	EXP 	Sound  started
384.7278 	DATA 	Keypress: rctrl
384.9379 	EXP 	Sound  started
385.5597 	DATA 	Keypress: rctrl
385.6879 	EXP 	Sound  started
386.2798 	DATA 	Keypress: lctrl
386.4379 	EXP 	Sound  started
387.1437 	DATA 	Keypress: rctrl
387.1879 	EXP 	Sound  started
387.8638 	DATA 	Keypress: lctrl
387.9379 	EXP 	Sound  started
388.5997 	DATA 	Keypress: rctrl
388.6879 	EXP 	Sound  started
389.3518 	DATA 	Keypress: lctrl
389.4380 	EXP 	Sound  started
390.1198 	DATA 	Keypress: lctrl
390.1880 	EXP 	Sound  started
390.8719 	DATA 	Keypress: lctrl
390.9380 	EXP 	Sound  started
391.6398 	DATA 	Keypress: rctrl
391.6880 	EXP 	Sound  started
392.4238 	DATA 	Keypress: lctrl
392.4380 	EXP 	Sound  started
393.1278 	DATA 	Keypress: rctrl
393.1880 	EXP 	Sound  started
393.8797 	DATA 	Keypress: rctrl
393.9380 	EXP 	Sound  started
394.6798 	DATA 	Keypress: rctrl
394.6880 	EXP 	Sound  started
395.3678 	DATA 	Keypress: lctrl
395.4381 	EXP 	Sound  started
396.1358 	DATA 	Keypress: lctrl
396.1881 	EXP 	Sound  started
396.9037 	DATA 	Keypress: rctrl
396.9381 	EXP 	Sound  started
397.6878 	DATA 	Keypress: rctrl
397.6881 	EXP 	Sound  started
398.3918 	DATA 	Keypress: lctrl
398.4381 	EXP 	Sound  started
399.0798 	DATA 	Keypress: lctrl
399.1881 	EXP 	Sound  started
399.8958 	DATA 	Keypress: lctrl
399.9381 	EXP 	Sound  started
400.5997 	DATA 	Keypress: rctrl
400.6882 	EXP 	Sound  started
401.3358 	DATA 	Keypress: lctrl
401.4382 	EXP 	Sound  started
402.0717 	DATA 	Keypress: rctrl
402.1882 	EXP 	Sound  started
402.9037 	DATA 	Keypress: rctrl
402.9382 	EXP 	Sound  started
403.5918 	DATA 	Keypress: lctrl
403.6882 	EXP 	Sound  started
404.3118 	DATA 	Keypress: rctrl
404.4382 	EXP 	Sound  started
405.1277 	DATA 	Keypress: rctrl
405.1882 	EXP 	Sound  started
405.9118 	DATA 	Keypress: lctrl
405.9382 	EXP 	Sound  started
406.5998 	DATA 	Keypress: rctrl
406.6882 	EXP 	Sound  started
407.2878 	DATA 	Keypress: lctrl
407.4383 	EXP 	Sound  started
408.0237 	DATA 	Keypress: rctrl
408.1883 	EXP 	Sound  started
408.8077 	DATA 	Keypress: rctrl
408.9383 	EXP 	Sound  started
409.5597 	DATA 	Keypress: rctrl
409.6883 	EXP 	Sound  started
410.2958 	DATA 	Keypress: lctrl
410.4383 	EXP 	Sound  started
411.0318 	DATA 	Keypress: rctrl
411.1883 	EXP 	Sound  started
411.8158 	DATA 	Keypress: lctrl
411.9384 	EXP 	Sound  started
412.5997 	DATA 	Keypress: lctrl
412.6884 	EXP 	Sound  started
413.3838 	DATA 	Keypress: rctrl
413.4384 	EXP 	Sound  started
414.1519 	DATA 	Keypress: lctrl
414.1884 	EXP 	Sound  started
414.9038 	DATA 	Keypress: rctrl
414.9384 	EXP 	Sound  started
415.6717 	DATA 	Keypress: lctrl
415.6884 	EXP 	Sound  started
416.3438 	DATA 	Keypress: lctrl
416.4384 	EXP 	Sound  started
417.0798 	DATA 	Keypress: rctrl
417.1884 	EXP 	Sound  started
417.8319 	DATA 	Keypress: rctrl
417.9385 	EXP 	Sound  started
418.5837 	DATA 	Keypress: rctrl
418.6885 	EXP 	Sound  started
419.3997 	DATA 	Keypress: rctrl
419.4385 	EXP 	Sound  started
420.1838 	DATA 	Keypress: lctrl
420.1885 	EXP 	Sound  started
420.9358 	DATA 	Keypress: rctrl
420.9385 	EXP 	Sound  started
421.6398 	DATA 	Keypress: lctrl
421.6885 	EXP 	Sound  started
422.3757 	DATA 	Keypress: lctrl
422.4385 	EXP 	Sound  started
423.1278 	DATA 	Keypress: rctrl
423.1886 	EXP 	Sound  started
423.8798 	DATA 	Keypress: rctrl
423.9386 	EXP 	Sound  started
424.6318 	DATA 	Keypress: lctrl
424.6886 	EXP 	Sound  started
425.3518 	DATA 	Keypress: lctrl
425.4386 	EXP 	Sound  started
426.1518 	DATA 	Keypress: lctrl
426.1886 	EXP 	Sound  started
426.9198 	DATA 	Keypress: rctrl
430.4763 	DATA 	Keypress: 3
430.4928 	EXP 	unnamed ShapeStim: vertices = <class 'numpy.ndarray'>
432.8954 	DATA 	Keypress: 3
432.9119 	EXP 	unnamed ShapeStim: vertices = <class 'numpy.ndarray'>
434.7302 	DATA 	Keypress: 3
434.7468 	EXP 	unnamed ShapeStim: vertices = <class 'numpy.ndarray'>
437.0318 	EXP 	Sound  started
437.1440 	DATA 	Keypress: rctrl
437.7817 	EXP 	Sound  started
437.8157 	DATA 	Keypress: lctrl
438.5037 	DATA 	Keypress: rctrl
438.5317 	EXP 	Sound  started
439.2817 	EXP 	Sound  started
439.3037 	DATA 	Keypress: rctrl
440.0317 	EXP 	Sound  started
440.0557 	DATA 	Keypress: rctrl
440.7817 	EXP 	Sound  started
440.8238 	DATA 	Keypress: lctrl
441.5317 	EXP 	Sound  started
441.5917 	DATA 	Keypress: lctrl
442.2817 	EXP 	Sound  started
442.2958 	DATA 	Keypress: rctrl
443.0317 	EXP 	Sound  started
443.0799 	DATA 	Keypress: rctrl
443.7817 	EXP 	Sound  started
443.8477 	DATA 	Keypress: lctrl
444.5318 	EXP 	Sound  started
444.5359 	DATA 	Keypress: rctrl
445.2717 	DATA 	Keypress: rctrl
445.2818 	EXP 	Sound  started
445.9918 	DATA 	Keypress: lctrl
446.0318 	EXP 	Sound  started
446.7117 	DATA 	Keypress: lctrl
446.7818 	EXP 	Sound  started
447.4637 	DATA 	Keypress: rctrl
447.5318 	EXP 	Sound  started
448.1677 	DATA 	Keypress: rctrl
448.2818 	EXP 	Sound  started
448.8877 	DATA 	Keypress: lctrl
449.0318 	EXP 	Sound  started
449.6718 	DATA 	Keypress: rctrl
449.7819 	EXP 	Sound  started
450.5319 	EXP 	Sound  started
450.5677 	DATA 	Keypress: rctrl
451.1918 	DATA 	Keypress: lctrl
451.2819 	EXP 	Sound  started
451.9437 	DATA 	Keypress: lctrl
452.0319 	EXP 	Sound  started
452.6958 	DATA 	Keypress: lctrl
452.7819 	EXP 	Sound  started
453.4319 	DATA 	Keypress: rctrl
453.5319 	EXP 	Sound  started
454.1837 	DATA 	Keypress: lctrl
454.2819 	EXP 	Sound  started
454.9357 	DATA 	Keypress: lctrl
455.0320 	EXP 	Sound  started
455.7037 	DATA 	Keypress: rctrl
455.7820 	EXP 	Sound  started
456.4237 	DATA 	Keypress: lctrl
456.5320 	EXP 	Sound  started
457.1757 	DATA 	Keypress: rctrl
457.2820 	EXP 	Sound  started
457.9759 	DATA 	Keypress: rctrl
458.0320 	EXP 	Sound  started
458.6957 	DATA 	Keypress: rctrl
458.7820 	EXP 	Sound  started
459.4798 	DATA 	Keypress: rctrl
459.5320 	EXP 	Sound  started
460.2820 	EXP 	Sound  started
460.2958 	DATA 	Keypress: lctrl
460.9998 	DATA 	Keypress: rctrl
461.0321 	EXP 	Sound  started
461.7678 	DATA 	Keypress: lctrl
461.7821 	EXP 	Sound  started
462.5037 	DATA 	Keypress: lctrl
462.5321 	EXP 	Sound  started
463.2718 	DATA 	Keypress: lctrl
463.2821 	EXP 	Sound  started
463.9757 	DATA 	Keypress: rctrl
464.0321 	EXP 	Sound  started
464.7598 	DATA 	Keypress: lctrl
464.7821 	EXP 	Sound  started
465.4957 	DATA 	Keypress: rctrl
465.5322 	EXP 	Sound  started
466.2638 	DATA 	Keypress: rctrl
466.2822 	EXP 	Sound  started
466.9517 	DATA 	Keypress: rctrl
467.0322 	EXP 	Sound  started
467.7677 	DATA 	Keypress: lctrl
467.7822 	EXP 	Sound  started
468.5038 	DATA 	Keypress: rctrl
468.5322 	EXP 	Sound  started
469.2237 	DATA 	Keypress: rctrl
469.2822 	EXP 	Sound  started
469.9757 	DATA 	Keypress: rctrl
470.0322 	EXP 	Sound  started
470.7597 	DATA 	Keypress: lctrl
470.7823 	EXP 	Sound  started
471.4637 	DATA 	Keypress: lctrl
471.5323 	EXP 	Sound  started
472.1837 	DATA 	Keypress: rctrl
472.2823 	EXP 	Sound  started
473.0158 	DATA 	Keypress: lctrl
473.0323 	EXP 	Sound  started
473.7517 	DATA 	Keypress: lctrl
473.7823 	EXP 	Sound  started
474.4717 	DATA 	Keypress: lctrl
474.5323 	EXP 	Sound  started
475.1438 	DATA 	Keypress: rctrl
475.2824 	EXP 	Sound  started
476.0077 	DATA 	Keypress: rctrl
476.0324 	EXP 	Sound  started
476.7277 	DATA 	Keypress: lctrl
476.7824 	EXP 	Sound  started
477.3837 	DATA 	Keypress: rctrl
477.5324 	EXP 	Sound  started
478.1198 	DATA 	Keypress: lctrl
478.2824 	EXP 	Sound  started
478.8877 	DATA 	Keypress: lctrl
479.0324 	EXP 	Sound  started
479.6557 	DATA 	Keypress: lctrl
479.7824 	EXP 	Sound  started
480.3757 	DATA 	Keypress: rctrl
480.5324 	EXP 	Sound  started
481.1437 	DATA 	Keypress: rctrl
481.2825 	EXP 	Sound  started
481.8317 	DATA 	Keypress: rctrl
482.0325 	EXP 	Sound  started
482.6638 	DATA 	Keypress: lctrl
482.7825 	EXP 	Sound  started
483.4157 	DATA 	Keypress: lctrl
483.5325 	EXP 	Sound  started
484.1518 	DATA 	Keypress: rctrl
484.2825 	EXP 	Sound  started
484.8717 	DATA 	Keypress: lctrl
485.0325 	EXP 	Sound  started
485.5597 	DATA 	Keypress: rctrl
485.7825 	EXP 	Sound  started
486.4398 	DATA 	Keypress: rctrl
486.5326 	EXP 	Sound  started
487.1117 	DATA 	Keypress: rctrl
487.2826 	EXP 	Sound  started
487.9117 	DATA 	Keypress: lctrl
488.0326 	EXP 	Sound  started
488.6158 	DATA 	Keypress: lctrl
488.7826 	EXP 	Sound  started
489.5326 	EXP 	Sound  started
490.1837 	DATA 	Keypress: lctrl
490.2826 	EXP 	Sound  started
490.8717 	DATA 	Keypress: lctrl
491.0326 	EXP 	Sound  started
491.7037 	DATA 	Keypress: rctrl
491.7827 	EXP 	Sound  started
492.3277 	DATA 	Keypress: rctrl
492.5327 	EXP 	Sound  started
494.6496 	DATA 	Keypress: 2
494.6792 	EXP 	unnamed ShapeStim: vertices = <class 'numpy.ndarray'>
496.4804 	DATA 	Keypress: 3
496.4969 	EXP 	unnamed ShapeStim: vertices = <class 'numpy.ndarray'>
499.1163 	DATA 	Keypress: 3
499.1328 	EXP 	unnamed ShapeStim: vertices = <class 'numpy.ndarray'>
501.4171 	EXP 	Sound  started
501.5280 	DATA 	Keypress: rctrl
502.0877 	DATA 	Keypress: lctrl
502.1670 	EXP 	Sound  started
502.8077 	DATA 	Keypress: rctrl
502.9170 	EXP 	Sound  started
503.5757 	DATA 	Keypress: rctrl
503.6670 	EXP 	Sound  started
504.3437 	DATA 	Keypress: rctrl
504.4170 	EXP 	Sound  started
505.1277 	DATA 	Keypress: lctrl
505.1670 	EXP 	Sound  started
505.9171 	EXP 	Sound  started
505.9437 	DATA 	Keypress: lctrl
506.6317 	DATA 	Keypress: rctrl
506.6671 	EXP 	Sound  started
507.3357 	DATA 	Keypress: lctrl
507.4171 	EXP 	Sound  started
508.0718 	DATA 	Keypress: lctrl
508.1671 	EXP 	Sound  started
508.8237 	DATA 	Keypress: lctrl
508.9171 	EXP 	Sound  started
509.6237 	DATA 	Keypress: rctrl
509.6671 	EXP 	Sound  started
510.3917 	DATA 	Keypress: rctrl
510.4171 	EXP 	Sound  started
511.1277 	DATA 	Keypress: lctrl
511.1671 	EXP 	Sound  started
511.8157 	DATA 	Keypress: rctrl
511.9172 	EXP 	Sound  started
512.5197 	DATA 	Keypress: rctrl
512.6672 	EXP 	Sound  started
513.2877 	DATA 	Keypress: rctrl
513.4172 	EXP 	Sound  started
514.0238 	DATA 	Keypress: lctrl
514.1672 	EXP 	Sound  started
514.7917 	DATA 	Keypress: lctrl
514.9172 	EXP 	Sound  started
515.4637 	DATA 	Keypress: rctrl
515.6673 	EXP 	Sound  started
516.2317 	DATA 	Keypress: lctrl
516.4173 	EXP 	Sound  started
516.9998 	DATA 	Keypress: lctrl
517.1673 	EXP 	Sound  started
517.7677 	DATA 	Keypress: lctrl
517.9173 	EXP 	Sound  started
518.5198 	DATA 	Keypress: rctrl
518.6673 	EXP 	Sound  started
519.1918 	DATA 	Keypress: rctrl
519.4173 	EXP 	Sound  started
520.1673 	EXP 	Sound  started
520.2157 	DATA 	Keypress: lctrl
520.8238 	DATA 	Keypress: rctrl
520.9173 	EXP 	Sound  started
521.5597 	DATA 	Keypress: lctrl
521.6674 	EXP 	Sound  started
522.3277 	DATA 	Keypress: rctrl
522.4174 	EXP 	Sound  started
523.0317 	DATA 	Keypress: rctrl
523.1674 	EXP 	Sound  started
523.7357 	DATA 	Keypress: rctrl
523.9174 	EXP 	Sound  started
524.5997 	DATA 	Keypress: lctrl
524.6674 	EXP 	Sound  started
525.3837 	DATA 	Keypress: rctrl
525.4174 	EXP 	Sound  started
526.1674 	EXP 	Sound  started
526.1678 	DATA 	Keypress: rctrl
526.8557 	DATA 	Keypress: lctrl
526.9174 	EXP 	Sound  started
527.5438 	DATA 	Keypress: rctrl
527.6674 	EXP 	Sound  started
528.2477 	DATA 	Keypress: lctrl
528.4175 	EXP 	Sound  started
529.0637 	DATA 	Keypress: lctrl
529.1675 	EXP 	Sound  started
529.8478 	DATA 	Keypress: lctrl
529.9175 	EXP 	Sound  started
530.5678 	DATA 	Keypress: rctrl
530.6675 	EXP 	Sound  started
531.3197 	DATA 	Keypress: rctrl
531.4175 	EXP 	Sound  started
532.0876 	DATA 	Keypress: lctrl
532.1675 	EXP 	Sound  started
532.9175 	EXP 	Sound  started
532.9198 	DATA 	Keypress: rctrl
533.6238 	DATA 	Keypress: lctrl
533.6676 	EXP 	Sound  started
534.3437 	DATA 	Keypress: lctrl
534.4176 	EXP 	Sound  started
535.0796 	DATA 	Keypress: rctrl
535.1676 	EXP 	Sound  started
535.8638 	DATA 	Keypress: rctrl
535.9176 	EXP 	Sound  started
536.6637 	DATA 	Keypress: rctrl
536.6676 	EXP 	Sound  started
537.4157 	DATA 	Keypress: lctrl
537.4176 	EXP 	Sound  started
538.1356 	DATA 	Keypress: rctrl
538.1676 	EXP 	Sound  started
538.9036 	DATA 	Keypress: lctrl
538.9177 	EXP 	Sound  started
539.6677 	EXP 	Sound  started
539.6717 	DATA 	Keypress: lctrl
540.4177 	EXP 	Sound  started
540.4556 	DATA 	Keypress: lctrl
541.1677 	EXP 	Sound  started
541.2077 	DATA 	Keypress: rctrl
541.8957 	DATA 	Keypress: lctrl
541.9177 	EXP 	Sound  started
542.6677 	EXP 	Sound  started
542.6797 	DATA 	Keypress: rctrl
543.4158 	DATA 	Keypress: rctrl
543.4177 	EXP 	Sound  started
544.1677 	EXP 	Sound  started
544.2157 	DATA 	Keypress: rctrl
544.9036 	DATA 	Keypress: lctrl
544.9178 	EXP 	Sound  started
545.6077 	DATA 	Keypress: rctrl
545.6678 	EXP 	Sound  started
546.3916 	DATA 	Keypress: rctrl
546.4178 	EXP 	Sound  started
547.0957 	DATA 	Keypress: lctrl
547.1678 	EXP 	Sound  started
547.8637 	DATA 	Keypress: rctrl
549.8078 	DATA 	Keypress: 2
549.8239 	EXP 	unnamed ShapeStim: vertices = <class 'numpy.ndarray'>
555.5454 	DATA 	Keypress: 3
555.5619 	EXP 	unnamed ShapeStim: vertices = <class 'numpy.ndarray'>
558.1852 	DATA 	Keypress: 3
558.2145 	EXP 	unnamed ShapeStim: vertices = <class 'numpy.ndarray'>
560.4998 	EXP 	Sound  started
560.5006 	DATA 	Keypress: rctrl
561.2496 	EXP 	Sound  started
561.3197 	DATA 	Keypress: lctrl
561.9996 	EXP 	Sound  started
562.0237 	DATA 	Keypress: rctrl
562.7496 	EXP 	Sound  started
562.8077 	DATA 	Keypress: rctrl
563.4637 	DATA 	Keypress: lctrl
563.4996 	EXP 	Sound  started
564.2476 	DATA 	Keypress: rctrl
564.2497 	EXP 	Sound  started
564.9998 	DATA 	Keypress: rctrl
565.0000 	EXP 	Sound  started
565.7500 	EXP 	Sound  started
565.7997 	DATA 	Keypress: lctrl
566.5000 	EXP 	Sound  started
566.5036 	DATA 	Keypress: lctrl
567.2500 	EXP 	Sound  started
567.4316 	DATA 	Keypress: lctrl
568.0000 	EXP 	Sound  started
568.7437 	DATA 	Keypress: rctrl
568.7501 	EXP 	Sound  started
569.4317 	DATA 	Keypress: lctrl
569.5001 	EXP 	Sound  started
570.2476 	DATA 	Keypress: rctrl
570.2501 	EXP 	Sound  started
571.0001 	EXP 	Sound  started
571.0316 	DATA 	Keypress: rctrl
571.7501 	EXP 	Sound  started
571.7677 	DATA 	Keypress: rctrl
572.4557 	DATA 	Keypress: lctrl
572.5001 	EXP 	Sound  started
573.1916 	DATA 	Keypress: rctrl
573.2502 	EXP 	Sound  started
573.9276 	DATA 	Keypress: lctrl
574.0002 	EXP 	Sound  started
574.6797 	DATA 	Keypress: lctrl
574.7502 	EXP 	Sound  started
575.4158 	DATA 	Keypress: lctrl
575.5002 	EXP 	Sound  started
576.1997 	DATA 	Keypress: rctrl
576.2502 	EXP 	Sound  started
576.9997 	DATA 	Keypress: rctrl
577.0002 	EXP 	Sound  started
577.7503 	EXP 	Sound  started
577.7518 	DATA 	Keypress: lctrl
578.5003 	EXP 	Sound  started
578.5037 	DATA 	Keypress: lctrl
579.2396 	DATA 	Keypress: rctrl
579.2503 	EXP 	Sound  started
579.9917 	DATA 	Keypress: lctrl
580.0003 	EXP 	Sound  started
580.7436 	DATA 	Keypress: lctrl
580.7503 	EXP 	Sound  started
581.4958 	DATA 	Keypress: rctrl
581.5003 	EXP 	Sound  started
582.2477 	DATA 	Keypress: rctrl
582.2503 	EXP 	Sound  started
582.9837 	DATA 	Keypress: lctrl
583.0003 	EXP 	Sound  started
583.7357 	DATA 	Keypress: rctrl
583.7504 	EXP 	Sound  started
584.4556 	DATA 	Keypress: rctrl
584.5004 	EXP 	Sound  started
585.2237 	DATA 	Keypress: rctrl
585.2504 	EXP 	Sound  started
585.9757 	DATA 	Keypress: lctrl
586.0004 	EXP 	Sound  started
586.6957 	DATA 	Keypress: rctrl
586.7504 	EXP 	Sound  started
587.4157 	DATA 	Keypress: lctrl
587.5004 	EXP 	Sound  started
588.1516 	DATA 	Keypress: lctrl
588.2504 	EXP 	Sound  started
588.9357 	DATA 	Keypress: rctrl
589.0004 	EXP 	Sound  started
589.6556 	DATA 	Keypress: lctrl
589.7505 	EXP 	Sound  started
590.3917 	DATA 	Keypress: rctrl
590.5005 	EXP 	Sound  started
591.1597 	DATA 	Keypress: rctrl
591.2505 	EXP 	Sound  started
591.8637 	DATA 	Keypress: rctrl
592.0005 	EXP 	Sound  started
592.6957 	DATA 	Keypress: rctrl
592.7505 	EXP 	Sound  started
593.5005 	EXP 	Sound  started
593.5116 	DATA 	Keypress: lctrl
594.2317 	DATA 	Keypress: rctrl
594.2505 	EXP 	Sound  started
594.9836 	DATA 	Keypress: lctrl
595.0006 	EXP 	Sound  started
595.7356 	DATA 	Keypress: lctrl
595.7506 	EXP 	Sound  started
596.4237 	DATA 	Keypress: rctrl
596.5006 	EXP 	Sound  started
597.1756 	DATA 	Keypress: lctrl
597.2506 	EXP 	Sound  started
597.9756 	DATA 	Keypress: lctrl
598.0006 	EXP 	Sound  started
598.7506 	EXP 	Sound  started
598.7917 	DATA 	Keypress: lctrl
599.5006 	EXP 	Sound  started
599.5276 	DATA 	Keypress: rctrl
600.2506 	EXP 	Sound  started
600.2636 	DATA 	Keypress: rctrl
601.0007 	EXP 	Sound  started
601.0157 	DATA 	Keypress: lctrl
601.7196 	DATA 	Keypress: rctrl
601.7507 	EXP 	Sound  started
602.4717 	DATA 	Keypress: rctrl
602.5007 	EXP 	Sound  started
603.2237 	DATA 	Keypress: lctrl
603.2507 	EXP 	Sound  started
603.9436 	DATA 	Keypress: rctrl
604.0007 	EXP 	Sound  started
604.6797 	DATA 	Keypress: rctrl
604.7507 	EXP 	Sound  started
605.4317 	DATA 	Keypress: lctrl
605.5007 	EXP 	Sound  started
606.1356 	DATA 	Keypress: lctrl
606.2508 	EXP 	Sound  started
606.9036 	DATA 	Keypress: lctrl
607.0008 	EXP 	Sound  started
607.6076 	DATA 	Keypress: rctrl
607.7508 	EXP 	Sound  started
608.4077 	DATA 	Keypress: lctrl
608.5008 	EXP 	Sound  started
609.1916 	DATA 	Keypress: rctrl
609.2508 	EXP 	Sound  started
609.9436 	DATA 	Keypress: rctrl
610.0008 	EXP 	Sound  started
610.6636 	DATA 	Keypress: lctrl
610.7508 	EXP 	Sound  started
611.4156 	DATA 	Keypress: rctrl
611.5008 	EXP 	Sound  started
612.1676 	DATA 	Keypress: lctrl
612.2509 	EXP 	Sound  started
612.8716 	DATA 	Keypress: lctrl
613.0009 	EXP 	Sound  started
613.6557 	DATA 	Keypress: lctrl
613.7509 	EXP 	Sound  started
614.3758 	DATA 	Keypress: rctrl
614.5009 	EXP 	Sound  started
615.0956 	DATA 	Keypress: lctrl
615.2509 	EXP 	Sound  started
615.8156 	DATA 	Keypress: rctrl
616.0009 	EXP 	Sound  started
616.6476 	DATA 	Keypress: rctrl
616.7509 	EXP 	Sound  started
617.4637 	DATA 	Keypress: lctrl
617.5010 	EXP 	Sound  started
618.1996 	DATA 	Keypress: rctrl
618.2510 	EXP 	Sound  started
618.9517 	DATA 	Keypress: rctrl
619.0010 	EXP 	Sound  started
619.7196 	DATA 	Keypress: lctrl
619.7510 	EXP 	Sound  started
620.4876 	DATA 	Keypress: lctrl
620.5010 	EXP 	Sound  started
621.1916 	DATA 	Keypress: rctrl
621.2510 	EXP 	Sound  started
621.9756 	DATA 	Keypress: rctrl
622.0010 	EXP 	Sound  started
622.6956 	DATA 	Keypress: lctrl
624.6519 	DATA 	Keypress: 1
624.6685 	EXP 	unnamed ShapeStim: vertices = <class 'numpy.ndarray'>
627.3212 	DATA 	Keypress: 4
627.3378 	EXP 	unnamed ShapeStim: vertices = <class 'numpy.ndarray'>
630.1564 	DATA 	Keypress: 4
630.1730 	EXP 	unnamed ShapeStim: vertices = <class 'numpy.ndarray'>
632.4580 	EXP 	Sound  started
632.4588 	DATA 	Keypress: rctrl
633.1596 	DATA 	Keypress: lctrl
633.2078 	EXP 	Sound  started
633.8636 	DATA 	Keypress: rctrl
633.9578 	EXP 	Sound  started
634.7078 	EXP 	Sound  started
634.7116 	DATA 	Keypress: rctrl
635.4578 	EXP 	Sound  started
635.4796 	DATA 	Keypress: rctrl
636.2079 	EXP 	Sound  started
636.2316 	DATA 	Keypress: lctrl
636.9579 	EXP 	Sound  started
636.9676 	DATA 	Keypress: lctrl
637.6397 	DATA 	Keypress: rctrl
637.7079 	EXP 	Sound  started
638.4236 	DATA 	Keypress: lctrl
638.4579 	EXP 	Sound  started
639.1756 	DATA 	Keypress: lctrl
639.2079 	EXP 	Sound  started
639.9579 	EXP 	Sound  started
639.9596 	DATA 	Keypress: lctrl
640.6637 	DATA 	Keypress: rctrl
640.7080 	EXP 	Sound  started
641.3836 	DATA 	Keypress: lctrl
641.4580 	EXP 	Sound  started
642.1517 	DATA 	Keypress: lctrl
642.2080 	EXP 	Sound  started
642.9357 	DATA 	Keypress: rctrl
642.9580 	EXP 	Sound  started
643.7037 	DATA 	Keypress: rctrl
643.7080 	EXP 	Sound  started
644.4556 	DATA 	Keypress: rctrl
644.4580 	EXP 	Sound  started
645.1916 	DATA 	Keypress: lctrl
645.2080 	EXP 	Sound  started
645.9580 	EXP 	Sound  started
645.9597 	DATA 	Keypress: lctrl
646.6797 	DATA 	Keypress: rctrl
646.7081 	EXP 	Sound  started
647.3997 	DATA 	Keypress: rctrl
647.4581 	EXP 	Sound  started
648.1198 	DATA 	Keypress: lctrl
648.2081 	EXP 	Sound  started
648.8236 	DATA 	Keypress: rctrl
648.9581 	EXP 	Sound  started
649.6236 	DATA 	Keypress: rctrl
649.7081 	EXP 	Sound  started
650.4396 	DATA 	Keypress: lctrl
650.4581 	EXP 	Sound  started
651.1276 	DATA 	Keypress: lctrl
651.2081 	EXP 	Sound  started
651.8957 	DATA 	Keypress: rctrl
651.9582 	EXP 	Sound  started
652.6316 	DATA 	Keypress: lctrl
652.7082 	EXP 	Sound  started
653.4156 	DATA 	Keypress: rctrl
653.4582 	EXP 	Sound  started
654.1997 	DATA 	Keypress: rctrl
654.2082 	EXP 	Sound  started
654.9196 	DATA 	Keypress: lctrl
654.9582 	EXP 	Sound  started
655.6076 	DATA 	Keypress: lctrl
655.7082 	EXP 	Sound  started
656.3916 	DATA 	Keypress: rctrl
656.4582 	EXP 	Sound  started
657.2077 	DATA 	Keypress: rctrl
657.2082 	EXP 	Sound  started
657.9436 	DATA 	Keypress: lctrl
657.9583 	EXP 	Sound  started
658.6316 	DATA 	Keypress: rctrl
658.7083 	EXP 	Sound  started
659.4156 	DATA 	Keypress: lctrl
659.4583 	EXP 	Sound  started
660.1196 	DATA 	Keypress: lctrl
660.2083 	EXP 	Sound  started
660.8717 	DATA 	Keypress: lctrl
660.9583 	EXP 	Sound  started
661.6076 	DATA 	Keypress: rctrl
661.7083 	EXP 	Sound  started
662.3437 	DATA 	Keypress: rctrl
662.4583 	EXP 	Sound  started
663.1276 	DATA 	Keypress: lctrl
663.2084 	EXP 	Sound  started
663.9436 	DATA 	Keypress: lctrl
663.9584 	EXP 	Sound  started
664.6476 	DATA 	Keypress: rctrl
664.7084 	EXP 	Sound  started
665.3676 	DATA 	Keypress: lctrl
665.4584 	EXP 	Sound  started
666.1516 	DATA 	Keypress: rctrl
666.2084 	EXP 	Sound  started
666.9036 	DATA 	Keypress: rctrl
666.9584 	EXP 	Sound  started
667.6236 	DATA 	Keypress: lctrl
667.7085 	EXP 	Sound  started
668.3436 	DATA 	Keypress: rctrl
668.4585 	EXP 	Sound  started
669.1436 	DATA 	Keypress: rctrl
669.2085 	EXP 	Sound  started
669.8636 	DATA 	Keypress: rctrl
669.9585 	EXP 	Sound  started
670.6476 	DATA 	Keypress: lctrl
670.7085 	EXP 	Sound  started
671.3676 	DATA 	Keypress: rctrl
671.4585 	EXP 	Sound  started
672.1197 	DATA 	Keypress: lctrl
672.2085 	EXP 	Sound  started
672.8876 	DATA 	Keypress: lctrl
672.9586 	EXP 	Sound  started
673.5756 	DATA 	Keypress: lctrl
673.7086 	EXP 	Sound  started
674.3597 	DATA 	Keypress: rctrl
674.4586 	EXP 	Sound  started
675.1597 	DATA 	Keypress: lctrl
675.2086 	EXP 	Sound  started
675.8797 	DATA 	Keypress: lctrl
675.9586 	EXP 	Sound  started
676.6316 	DATA 	Keypress: lctrl
676.7086 	EXP 	Sound  started
677.4316 	DATA 	Keypress: rctrl
677.4587 	EXP 	Sound  started
678.1836 	DATA 	Keypress: lctrl
678.2087 	EXP 	Sound  started
678.9198 	DATA 	Keypress: rctrl
678.9587 	EXP 	Sound  started
679.7037 	DATA 	Keypress: rctrl
679.7087 	EXP 	Sound  started
680.4397 	DATA 	Keypress: rctrl
680.4587 	EXP 	Sound  started
681.1438 	DATA 	Keypress: lctrl
681.2087 	EXP 	Sound  started
681.9116 	DATA 	Keypress: rctrl
681.9587 	EXP 	Sound  started
682.6956 	DATA 	Keypress: rctrl
684.0672 	DATA 	Keypress: 2
684.0838 	EXP 	unnamed ShapeStim: vertices = <class 'numpy.ndarray'>
687.4534 	DATA 	Keypress: 4
687.4699 	EXP 	unnamed ShapeStim: vertices = <class 'numpy.ndarray'>
690.4095 	DATA 	Keypress: 4
690.4390 	EXP 	unnamed ShapeStim: vertices = <class 'numpy.ndarray'>
692.7243 	EXP 	Sound  started
692.8076 	DATA 	Keypress: rctrl
693.3836 	DATA 	Keypress: lctrl
693.4741 	EXP 	Sound  started
694.1676 	DATA 	Keypress: rctrl
694.2241 	EXP 	Sound  started
694.8876 	DATA 	Keypress: rctrl
694.9741 	EXP 	Sound  started
695.6235 	DATA 	Keypress: rctrl
695.7241 	EXP 	Sound  started
696.3598 	DATA 	Keypress: rctrl
696.4742 	EXP 	Sound  started
697.1436 	DATA 	Keypress: lctrl
697.2242 	EXP 	Sound  started
697.8956 	DATA 	Keypress: lctrl
697.9742 	EXP 	Sound  started
698.6476 	DATA 	Keypress: rctrl
698.7242 	EXP 	Sound  started
699.4636 	DATA 	Keypress: lctrl
699.4742 	EXP 	Sound  started
700.1836 	DATA 	Keypress: lctrl
700.2242 	EXP 	Sound  started
700.9357 	DATA 	Keypress: lctrl
700.9742 	EXP 	Sound  started
701.6556 	DATA 	Keypress: lctrl
701.7243 	EXP 	Sound  started
702.3756 	DATA 	Keypress: rctrl
702.4743 	EXP 	Sound  started
703.1756 	DATA 	Keypress: lctrl
703.2243 	EXP 	Sound  started
703.9275 	DATA 	Keypress: lctrl
703.9743 	EXP 	Sound  started
704.6796 	DATA 	Keypress: rctrl
704.7243 	EXP 	Sound  started
705.3836 	DATA 	Keypress: lctrl
705.4743 	EXP 	Sound  started
706.0715 	DATA 	Keypress: rctrl
706.2244 	EXP 	Sound  started
706.8556 	DATA 	Keypress: rctrl
706.9744 	EXP 	Sound  started
707.5756 	DATA 	Keypress: rctrl
707.7244 	EXP 	Sound  started
708.3436 	DATA 	Keypress: lctrl
708.4744 	EXP 	Sound  started
709.1435 	DATA 	Keypress: lctrl
709.2244 	EXP 	Sound  started
709.8796 	DATA 	Keypress: rctrl
709.9744 	EXP 	Sound  started
710.5836 	DATA 	Keypress: rctrl
710.7244 	EXP 	Sound  started
711.3996 	DATA 	Keypress: rctrl
711.4744 	EXP 	Sound  started
712.1357 	DATA 	Keypress: lctrl
712.2245 	EXP 	Sound  started
712.9035 	DATA 	Keypress: lctrl
712.9745 	EXP 	Sound  started
713.6555 	DATA 	Keypress: lctrl
713.7245 	EXP 	Sound  started
714.4076 	DATA 	Keypress: rctrl
714.4745 	EXP 	Sound  started
715.1756 	DATA 	Keypress: lctrl
715.2245 	EXP 	Sound  started
715.9118 	DATA 	Keypress: rctrl
715.9746 	EXP 	Sound  started
716.6476 	DATA 	Keypress: rctrl
716.7246 	EXP 	Sound  started
717.4746 	EXP 	Sound  started
717.4796 	DATA 	Keypress: rctrl
718.2156 	DATA 	Keypress: lctrl
718.2246 	EXP 	Sound  started
718.9196 	DATA 	Keypress: rctrl
718.9746 	EXP 	Sound  started
719.7246 	EXP 	Sound  started
719.7356 	DATA 	Keypress: lctrl
720.4397 	DATA 	Keypress: lctrl
720.4746 	EXP 	Sound  started
721.1276 	DATA 	Keypress: rctrl
721.2246 	EXP 	Sound  started
721.8475 	DATA 	Keypress: lctrl
721.9746 	EXP 	Sound  started
722.5836 	DATA 	Keypress: lctrl
722.7246 	EXP 	Sound  started
723.3196 	DATA 	Keypress: lctrl
723.4747 	EXP 	Sound  started
724.0396 	DATA 	Keypress: rctrl
724.2247 	EXP 	Sound  started
724.9035 	DATA 	Keypress: rctrl
724.9747 	EXP 	Sound  started
725.6236 	DATA 	Keypress: lctrl
725.7247 	EXP 	Sound  started
726.4397 	DATA 	Keypress: rctrl
726.4747 	EXP 	Sound  started
727.1436 	DATA 	Keypress: lctrl
727.2247 	EXP 	Sound  started
727.8955 	DATA 	Keypress: rctrl
727.9747 	EXP 	Sound  started
728.6635 	DATA 	Keypress: lctrl
728.7248 	EXP 	Sound  started
729.3996 	DATA 	Keypress: lctrl
729.4748 	EXP 	Sound  started
730.1676 	DATA 	Keypress: rctrl
730.2248 	EXP 	Sound  started
730.9516 	DATA 	Keypress: rctrl
730.9748 	EXP 	Sound  started
731.7248 	EXP 	Sound  started
731.7357 	DATA 	Keypress: rctrl
732.4397 	DATA 	Keypress: rctrl
732.4748 	EXP 	Sound  started
733.2248 	EXP 	Sound  started
733.2556 	DATA 	Keypress: lctrl
733.9749 	EXP 	Sound  started
734.0715 	DATA 	Keypress: lctrl
734.7249 	EXP 	Sound  started
734.7436 	DATA 	Keypress: rctrl
735.4476 	DATA 	Keypress: lctrl
737.0810 	DATA 	Keypress: 3
737.1105 	EXP 	unnamed ShapeStim: vertices = <class 'numpy.ndarray'>
738.8960 	DATA 	Keypress: 3
738.9125 	EXP 	unnamed ShapeStim: vertices = <class 'numpy.ndarray'>
740.9643 	DATA 	Keypress: 2
740.9808 	EXP 	unnamed ShapeStim: vertices = <class 'numpy.ndarray'>
743.2654 	EXP 	Sound  started
743.3517 	DATA 	Keypress: rctrl
743.9596 	DATA 	Keypress: lctrl
744.0152 	EXP 	Sound  started
744.7436 	DATA 	Keypress: rctrl
744.7652 	EXP 	Sound  started
745.4316 	DATA 	Keypress: rctrl
745.5153 	EXP 	Sound  started
746.1996 	DATA 	Keypress: rctrl
746.2653 	EXP 	Sound  started
746.9516 	DATA 	Keypress: lctrl
747.0153 	EXP 	Sound  started
747.6396 	DATA 	Keypress: rctrl
747.7653 	EXP 	Sound  started
748.4396 	DATA 	Keypress: rctrl
748.5153 	EXP 	Sound  started
749.2555 	DATA 	Keypress: rctrl
749.2653 	EXP 	Sound  started
749.9915 	DATA 	Keypress: lctrl
750.0153 	EXP 	Sound  started
750.7596 	DATA 	Keypress: lctrl
750.7653 	EXP 	Sound  started
751.4796 	DATA 	Keypress: rctrl
751.5154 	EXP 	Sound  started
752.1996 	DATA 	Keypress: lctrl
752.2654 	EXP 	Sound  started
752.9196 	DATA 	Keypress: lctrl
753.0154 	EXP 	Sound  started
753.6715 	DATA 	Keypress: lctrl
753.7654 	EXP 	Sound  started
754.3915 	DATA 	Keypress: rctrl
754.5154 	EXP 	Sound  started
755.1755 	DATA 	Keypress: lctrl
755.2654 	EXP 	Sound  started
755.9275 	DATA 	Keypress: rctrl
756.0155 	EXP 	Sound  started
756.7595 	DATA 	Keypress: rctrl
756.7655 	EXP 	Sound  started
757.4316 	DATA 	Keypress: rctrl
757.5155 	EXP 	Sound  started
758.1197 	DATA 	Keypress: lctrl
758.2655 	EXP 	Sound  started
758.8716 	DATA 	Keypress: rctrl
759.0155 	EXP 	Sound  started
759.7655 	EXP 	Sound  started
760.4396 	DATA 	Keypress: lctrl
760.5155 	EXP 	Sound  started
761.2076 	DATA 	Keypress: lctrl
761.2655 	EXP 	Sound  started
762.0076 	DATA 	Keypress: rctrl
762.0156 	EXP 	Sound  started
762.7276 	DATA 	Keypress: lctrl
762.7656 	EXP 	Sound  started
763.5117 	DATA 	Keypress: rctrl
763.5156 	EXP 	Sound  started
764.2656 	EXP 	Sound  started
764.2957 	DATA 	Keypress: rctrl
765.0155 	DATA 	Keypress: rctrl
765.0157 	EXP 	Sound  started
765.7657 	EXP 	Sound  started
765.8315 	DATA 	Keypress: lctrl
766.5157 	EXP 	Sound  started
766.5676 	DATA 	Keypress: lctrl
767.2395 	DATA 	Keypress: rctrl
767.2657 	EXP 	Sound  started
768.0077 	DATA 	Keypress: rctrl
768.0158 	EXP 	Sound  started
768.7435 	DATA 	Keypress: lctrl
768.7658 	EXP 	Sound  started
769.5116 	DATA 	Keypress: lctrl
769.5158 	EXP 	Sound  started
770.2636 	DATA 	Keypress: lctrl
770.2658 	EXP 	Sound  started
770.9835 	DATA 	Keypress: rctrl
771.0158 	EXP 	Sound  started
771.7515 	DATA 	Keypress: lctrl
771.7658 	EXP 	Sound  started
772.4396 	DATA 	Keypress: rctrl
772.5158 	EXP 	Sound  started
773.1757 	DATA 	Keypress: rctrl
773.2658 	EXP 	Sound  started
773.9435 	DATA 	Keypress: lctrl
774.0159 	EXP 	Sound  started
774.6955 	DATA 	Keypress: rctrl
774.7659 	EXP 	Sound  started
775.4637 	DATA 	Keypress: rctrl
775.5159 	EXP 	Sound  started
776.2156 	DATA 	Keypress: rctrl
776.2659 	EXP 	Sound  started
777.0159 	EXP 	Sound  started
777.0956 	DATA 	Keypress: lctrl
777.7659 	EXP 	Sound  started
777.8475 	DATA 	Keypress: lctrl
778.5160 	EXP 	Sound  started
778.5835 	DATA 	Keypress: rctrl
779.2660 	EXP 	Sound  started
779.3035 	DATA 	Keypress: rctrl
779.9755 	DATA 	Keypress: lctrl
780.0160 	EXP 	Sound  started
780.7595 	DATA 	Keypress: lctrl
780.7660 	EXP 	Sound  started
781.4956 	DATA 	Keypress: lctrl
781.5160 	EXP 	Sound  started
782.2315 	DATA 	Keypress: rctrl
782.2660 	EXP 	Sound  started
782.9836 	DATA 	Keypress: rctrl
783.0160 	EXP 	Sound  started
783.7660 	EXP 	Sound  started
783.7675 	DATA 	Keypress: rctrl
784.5160 	EXP 	Sound  started
784.5676 	DATA 	Keypress: rctrl
785.2661 	EXP 	Sound  started
785.3515 	DATA 	Keypress: lctrl
786.0161 	EXP 	Sound  started
786.0716 	DATA 	Keypress: lctrl
786.7116 	DATA 	Keypress: rctrl
786.7661 	EXP 	Sound  started
787.5161 	EXP 	Sound  started
787.5275 	DATA 	Keypress: lctrl
788.2635 	DATA 	Keypress: rctrl
788.2661 	EXP 	Sound  started
788.9835 	DATA 	Keypress: rctrl
789.0161 	EXP 	Sound  started
789.7035 	DATA 	Keypress: rctrl
789.7661 	EXP 	Sound  started
790.4555 	DATA 	Keypress: lctrl
790.5162 	EXP 	Sound  started
791.2395 	DATA 	Keypress: lctrl
791.2662 	EXP 	Sound  started
791.9275 	DATA 	Keypress: lctrl
792.0162 	EXP 	Sound  started
792.7662 	EXP 	Sound  started
792.8076 	DATA 	Keypress: rctrl
793.5609 	DATA 	Keypress: rctrl
795.0414 	DATA 	Keypress: 2
795.0580 	EXP 	unnamed ShapeStim: vertices = <class 'numpy.ndarray'>
798.8112 	DATA 	Keypress: 3
798.8277 	EXP 	unnamed ShapeStim: vertices = <class 'numpy.ndarray'>
802.5680 	DATA 	Keypress: 2
802.5975 	EXP 	unnamed ShapeStim: vertices = <class 'numpy.ndarray'>
804.8821 	EXP 	Sound  started
805.1276 	DATA 	Keypress: rctrl
805.6319 	EXP 	Sound  started
805.7035 	DATA 	Keypress: lctrl
806.3819 	EXP 	Sound  started
806.4715 	DATA 	Keypress: lctrl
807.1320 	EXP 	Sound  started
807.1915 	DATA 	Keypress: lctrl
807.8820 	EXP 	Sound  started
807.9435 	DATA 	Keypress: lctrl
808.6320 	EXP 	Sound  started
808.7115 	DATA 	Keypress: rctrl
809.3820 	EXP 	Sound  started
809.4155 	DATA 	Keypress: lctrl
810.1320 	EXP 	Sound  started
810.1675 	DATA 	Keypress: rctrl
810.8820 	EXP 	Sound  started
810.9356 	DATA 	Keypress: rctrl
811.6320 	EXP 	Sound  started
811.6875 	DATA 	Keypress: lctrl
812.3821 	EXP 	Sound  started
812.4715 	DATA 	Keypress: rctrl
813.1321 	EXP 	Sound  started
813.1915 	DATA 	Keypress: rctrl
813.8796 	DATA 	Keypress: lctrl
813.8821 	EXP 	Sound  started
814.5835 	DATA 	Keypress: rctrl
814.6321 	EXP 	Sound  started
815.3821 	EXP 	Sound  started
815.3835 	DATA 	Keypress: lctrl
816.1321 	EXP 	Sound  started
816.8236 	DATA 	Keypress: lctrl
816.8822 	EXP 	Sound  started
817.6075 	DATA 	Keypress: lctrl
817.6321 	EXP 	Sound  started
818.3595 	DATA 	Keypress: rctrl
818.3822 	EXP 	Sound  started
819.0635 	DATA 	Keypress: lctrl
819.1322 	EXP 	Sound  started
819.8315 	DATA 	Keypress: lctrl
819.8822 	EXP 	Sound  started
820.5835 	DATA 	Keypress: lctrl
820.6322 	EXP 	Sound  started
821.3516 	DATA 	Keypress: rctrl
821.3822 	EXP 	Sound  started
822.1323 	EXP 	Sound  started
822.1517 	DATA 	Keypress: rctrl
822.8715 	DATA 	Keypress: lctrl
822.8823 	EXP 	Sound  started
823.5595 	DATA 	Keypress: rctrl
823.6323 	EXP 	Sound  started
824.3823 	EXP 	Sound  started
824.3915 	DATA 	Keypress: rctrl
825.1323 	EXP 	Sound  started
825.1595 	DATA 	Keypress: lctrl
825.8823 	EXP 	Sound  started
825.8955 	DATA 	Keypress: rctrl
826.6155 	DATA 	Keypress: rctrl
826.6323 	EXP 	Sound  started
827.3823 	EXP 	Sound  started
827.3835 	DATA 	Keypress: lctrl
828.1324 	EXP 	Sound  started
828.1355 	DATA 	Keypress: lctrl
828.8555 	DATA 	Keypress: lctrl
828.8824 	EXP 	Sound  started
829.5755 	DATA 	Keypress: rctrl
829.6324 	EXP 	Sound  started
830.3276 	DATA 	Keypress: rctrl
830.3824 	EXP 	Sound  started
831.0795 	DATA 	Keypress: lctrl
831.1324 	EXP 	Sound  started
831.8475 	DATA 	Keypress: rctrl
831.8824 	EXP 	Sound  started
832.6155 	DATA 	Keypress: rctrl
832.6324 	EXP 	Sound  started
833.3824 	EXP 	Sound  started
833.3995 	DATA 	Keypress: rctrl
834.1324 	EXP 	Sound  started
834.1355 	DATA 	Keypress: lctrl
834.8715 	DATA 	Keypress: lctrl
834.8825 	EXP 	Sound  started
835.6075 	DATA 	Keypress: rctrl
835.6325 	EXP 	Sound  started
836.3595 	DATA 	Keypress: lctrl
836.3825 	EXP 	Sound  started
837.0795 	DATA 	Keypress: lctrl
837.1325 	EXP 	Sound  started
837.8155 	DATA 	Keypress: lctrl
837.8825 	EXP 	Sound  started
838.5835 	DATA 	Keypress: rctrl
838.6325 	EXP 	Sound  started
839.3825 	EXP 	Sound  started
839.3835 	DATA 	Keypress: rctrl
840.0875 	DATA 	Keypress: lctrl
840.1326 	EXP 	Sound  started
840.8715 	DATA 	Keypress: rctrl
840.8826 	EXP 	Sound  started
841.5915 	DATA 	Keypress: rctrl
841.6326 	EXP 	Sound  started
842.3275 	DATA 	Keypress: lctrl
842.3826 	EXP 	Sound  started
843.0955 	DATA 	Keypress: lctrl
843.1326 	EXP 	Sound  started
843.8475 	DATA 	Keypress: rctrl
843.8826 	EXP 	Sound  started
844.6315 	DATA 	Keypress: rctrl
844.6326 	EXP 	Sound  started
845.3826 	EXP 	Sound  started
845.3995 	DATA 	Keypress: lctrl
846.1195 	DATA 	Keypress: lctrl
846.1327 	EXP 	Sound  started
846.8235 	DATA 	Keypress: lctrl
846.8827 	EXP 	Sound  started
847.6075 	DATA 	Keypress: rctrl
847.6327 	EXP 	Sound  started
848.3435 	DATA 	Keypress: lctrl
848.3827 	EXP 	Sound  started
849.0475 	DATA 	Keypress: rctrl
849.1327 	EXP 	Sound  started
849.8475 	DATA 	Keypress: rctrl
849.8827 	EXP 	Sound  started
850.6328 	EXP 	Sound  started
850.6475 	DATA 	Keypress: rctrl
851.3828 	EXP 	Sound  started
851.4155 	DATA 	Keypress: lctrl
852.1328 	EXP 	Sound  started
852.1675 	DATA 	Keypress: rctrl
852.8828 	EXP 	Sound  started
852.9515 	DATA 	Keypress: lctrl
853.6235 	DATA 	Keypress: lctrl
853.6328 	EXP 	Sound  started
854.3828 	EXP 	Sound  started
854.4076 	DATA 	Keypress: lctrl
855.1275 	DATA 	Keypress: rctrl
855.1328 	EXP 	Sound  started
855.8795 	DATA 	Keypress: lctrl
855.8829 	EXP 	Sound  started
856.6329 	EXP 	Sound  started
856.6476 	DATA 	Keypress: lctrl
857.3829 	EXP 	Sound  started
857.3996 	DATA 	Keypress: lctrl
858.1035 	DATA 	Keypress: rctrl
858.1329 	EXP 	Sound  started
858.8235 	DATA 	Keypress: lctrl
858.8829 	EXP 	Sound  started
859.5595 	DATA 	Keypress: rctrl
859.6329 	EXP 	Sound  started
860.3595 	DATA 	Keypress: rctrl
860.3830 	EXP 	Sound  started
861.1115 	DATA 	Keypress: rctrl
861.1330 	EXP 	Sound  started
861.8795 	DATA 	Keypress: lctrl
861.8830 	EXP 	Sound  started
862.5995 	DATA 	Keypress: rctrl
862.6330 	EXP 	Sound  started
863.3675 	DATA 	Keypress: lctrl
863.3830 	EXP 	Sound  started
864.0875 	DATA 	Keypress: lctrl
864.1330 	EXP 	Sound  started
864.8395 	DATA 	Keypress: lctrl
866.1867 	DATA 	Keypress: 2
866.2162 	EXP 	unnamed ShapeStim: vertices = <class 'numpy.ndarray'>
867.8849 	DATA 	Keypress: 4
867.9014 	EXP 	unnamed ShapeStim: vertices = <class 'numpy.ndarray'>
869.4248 	DATA 	Keypress: 3
869.4689 	EXP 	unnamed ShapeStim: vertices = <class 'numpy.ndarray'>
871.7536 	EXP 	Sound  started
872.0077 	DATA 	Keypress: rctrl
872.5035 	EXP 	Sound  started
872.5355 	DATA 	Keypress: lctrl
873.2234 	DATA 	Keypress: lctrl
873.2535 	EXP 	Sound  started
873.9595 	DATA 	Keypress: lctrl
874.0035 	EXP 	Sound  started
874.6955 	DATA 	Keypress: lctrl
874.7535 	EXP 	Sound  started
875.4954 	DATA 	Keypress: lctrl
875.5035 	EXP 	Sound  started
876.1675 	DATA 	Keypress: rctrl
876.2536 	EXP 	Sound  started
876.9356 	DATA 	Keypress: lctrl
877.0036 	EXP 	Sound  started
877.7354 	DATA 	Keypress: rctrl
877.7536 	EXP 	Sound  started
878.4877 	DATA 	Keypress: rctrl
878.5036 	EXP 	Sound  started
879.2536 	EXP 	Sound  started
879.2555 	DATA 	Keypress: rctrl
879.9595 	DATA 	Keypress: lctrl
880.0036 	EXP 	Sound  started
880.6954 	DATA 	Keypress: lctrl
880.7536 	EXP 	Sound  started
881.4315 	DATA 	Keypress: rctrl
881.5036 	EXP 	Sound  started
882.1514 	DATA 	Keypress: lctrl
882.2537 	EXP 	Sound  started
882.9034 	DATA 	Keypress: lctrl
883.0037 	EXP 	Sound  started
883.6235 	DATA 	Keypress: rctrl
883.7537 	EXP 	Sound  started
884.4236 	DATA 	Keypress: rctrl
884.5037 	EXP 	Sound  started
885.1596 	DATA 	Keypress: rctrl
885.2537 	EXP 	Sound  started
885.9435 	DATA 	Keypress: lctrl
886.0037 	EXP 	Sound  started
886.6635 	DATA 	Keypress: lctrl
886.7537 	EXP 	Sound  started
887.4315 	DATA 	Keypress: lctrl
887.5037 	EXP 	Sound  started
888.1835 	DATA 	Keypress: rctrl
888.2538 	EXP 	Sound  started
888.9356 	DATA 	Keypress: lctrl
889.0038 	EXP 	Sound  started
889.6875 	DATA 	Keypress: rctrl
889.7538 	EXP 	Sound  started
890.5038 	EXP 	Sound  started
890.5835 	DATA 	Keypress: lctrl
891.2234 	DATA 	Keypress: lctrl
891.2538 	EXP 	Sound  started
891.9595 	DATA 	Keypress: lctrl
892.0038 	EXP 	Sound  started
892.6475 	DATA 	Keypress: rctrl
892.7539 	EXP 	Sound  started
893.3995 	DATA 	Keypress: lctrl
893.5039 	EXP 	Sound  started
894.1515 	DATA 	Keypress: rctrl
894.2539 	EXP 	Sound  started
894.9034 	DATA 	Keypress: rctrl
895.0039 	EXP 	Sound  started
895.6875 	DATA 	Keypress: rctrl
895.7539 	EXP 	Sound  started
896.4235 	DATA 	Keypress: lctrl
896.5039 	EXP 	Sound  started
897.1754 	DATA 	Keypress: rctrl
897.2539 	EXP 	Sound  started
897.9274 	DATA 	Keypress: lctrl
898.0039 	EXP 	Sound  started
898.6635 	DATA 	Keypress: lctrl
898.7540 	EXP 	Sound  started
899.4155 	DATA 	Keypress: rctrl
899.5040 	EXP 	Sound  started
900.1996 	DATA 	Keypress: rctrl
900.2540 	EXP 	Sound  started
900.9034 	DATA 	Keypress: rctrl
901.0040 	EXP 	Sound  started
901.6874 	DATA 	Keypress: rctrl
901.7540 	EXP 	Sound  started
902.4714 	DATA 	Keypress: lctrl
902.5040 	EXP 	Sound  started
903.2234 	DATA 	Keypress: rctrl
903.2540 	EXP 	Sound  started
903.9915 	DATA 	Keypress: lctrl
904.0041 	EXP 	Sound  started
904.7275 	DATA 	Keypress: lctrl
904.7541 	EXP 	Sound  started
905.4475 	DATA 	Keypress: rctrl
905.5041 	EXP 	Sound  started
906.2541 	EXP 	Sound  started
906.3115 	DATA 	Keypress: lctrl
907.0041 	EXP 	Sound  started
907.0155 	DATA 	Keypress: lctrl
907.7541 	EXP 	Sound  started
907.7834 	DATA 	Keypress: lctrl
908.4075 	DATA 	Keypress: rctrl
908.5041 	EXP 	Sound  started
909.2234 	DATA 	Keypress: rctrl
909.2542 	EXP 	Sound  started
909.8955 	DATA 	Keypress: lctrl
910.0042 	EXP 	Sound  started
910.6476 	DATA 	Keypress: rctrl
910.7542 	EXP 	Sound  started
911.4155 	DATA 	Keypress: rctrl
911.5042 	EXP 	Sound  started
912.0875 	DATA 	Keypress: rctrl
912.2542 	EXP 	Sound  started
912.8555 	DATA 	Keypress: lctrl
913.0042 	EXP 	Sound  started
913.6234 	DATA 	Keypress: rctrl
913.7542 	EXP 	Sound  started
914.4394 	DATA 	Keypress: lctrl
914.5042 	EXP 	Sound  started
915.1915 	DATA 	Keypress: lctrl
915.2543 	EXP 	Sound  started
915.9114 	DATA 	Keypress: rctrl
916.0043 	EXP 	Sound  started
916.6315 	DATA 	Keypress: lctrl
916.7543 	EXP 	Sound  started
917.3675 	DATA 	Keypress: rctrl
917.5043 	EXP 	Sound  started
918.1035 	DATA 	Keypress: rctrl
918.2543 	EXP 	Sound  started
918.9195 	DATA 	Keypress: lctrl
919.0043 	EXP 	Sound  started
919.6715 	DATA 	Keypress: lctrl
919.7544 	EXP 	Sound  started
920.4076 	DATA 	Keypress: rctrl
920.5044 	EXP 	Sound  started
921.1595 	DATA 	Keypress: rctrl
921.2544 	EXP 	Sound  started
921.8954 	DATA 	Keypress: lctrl
922.0044 	EXP 	Sound  started
922.6474 	DATA 	Keypress: rctrl
922.7544 	EXP 	Sound  started
923.3835 	DATA 	Keypress: rctrl
923.5044 	EXP 	Sound  started
924.1195 	DATA 	Keypress: lctrl
924.2544 	EXP 	Sound  started
924.9355 	DATA 	Keypress: rctrl
925.0044 	EXP 	Sound  started
925.6395 	DATA 	Keypress: lctrl
925.7545 	EXP 	Sound  started
926.3754 	DATA 	Keypress: lctrl
926.5045 	EXP 	Sound  started
927.1274 	DATA 	Keypress: lctrl
927.2545 	EXP 	Sound  started
927.8795 	DATA 	Keypress: rctrl
928.0045 	EXP 	Sound  started
928.6315 	DATA 	Keypress: rctrl
928.7545 	EXP 	Sound  started
929.3835 	DATA 	Keypress: lctrl
929.5045 	EXP 	Sound  started
930.2154 	DATA 	Keypress: rctrl
930.2546 	EXP 	Sound  started
930.9354 	DATA 	Keypress: rctrl
932.1871 	DATA 	Keypress: 2
932.2036 	EXP 	unnamed ShapeStim: vertices = <class 'numpy.ndarray'>
933.9723 	DATA 	Keypress: 3
933.9888 	EXP 	unnamed ShapeStim: vertices = <class 'numpy.ndarray'>
935.5127 	DATA 	Keypress: 3
935.5568 	EXP 	unnamed ShapeStim: vertices = <class 'numpy.ndarray'>
2887.9749 	DATA 	Keypress: lshift
2888.0423 	EXP 	window1: mouseVisible = True
