12.5856 	WARNING 	User requested fullscreen with size [1024  768], but screen is actually [1920, 1200]. Using actual size
13.4006 	EXP 	Created window1 = Window(allowGUI=False, allowStencil=False, autoLog=True, backendConf=UNKNOWN, bitsMode=UNKNOWN, blendMode='avg', bpc=(8, 8, 8), color=array([0, 0, 0]), colorSpace='rgb', depthBits=8, fullscr=<method-wrapper '__getattribute__' of attributeSetter object at 0x000002F60D166780>, gamma=None, gammaErrorPolicy='raise', lms=UNKNOWN, monitor=<psychopy.monitors.calibTools.Monitor object at 0x000002F60E894080>, multiSample=False, name='window1', numSamples=2, pos=[0.0, 0.0], screen=0, size=array([1920, 1200]), stencilBits=0, stereo=False, units='norm', useFBO=True, useRetina=False, viewOri=0.0, viewPos=None, viewScale=None, waitBlanking=True, winType='pyglet')
13.4009 	EXP 	window1: mouseVisible = True
13.4009 	EXP 	window1: mouseVisible = False
13.4010 	EXP 	window1: recordFrameIntervals = False
13.5671 	EXP 	window1: recordFrameIntervals = True
13.7507 	EXP 	window1: recordFrameIntervals = False
13.8046 	EXP 	Created text = TextStim(__class__=<class 'psychopy.visual.text.TextStim'>, alignHoriz=method-wrapper(...), alignText='center', alignVert=method-wrapper(...), anchorHoriz='center', anchorVert='center', antialias=True, autoLog=True, bold=False, color=array([1., 1., 1.]), colorSpace='rgb', contrast=1.0, depth=0.0, flipHoriz=False, flipVert=False, font='Arial', fontFiles=[], height=0.15, italic=False, languageStyle='LTR', name='text', opacity=1, ori=0, pos=array([0., 0.]), rgb=UNKNOWN, text='+', units='norm', win=Window(...), wrapWidth=1)
13.8262 	EXP 	Created text = TextStim(__class__=<class 'psychopy.visual.text.TextStim'>, alignHoriz=method-wrapper(...), alignText='center', alignVert=method-wrapper(...), anchorHoriz='center', anchorVert='center', antialias=True, autoLog=True, bold=False, color=array([1., 1., 1.]), colorSpace='rgb', contrast=1.0, depth=0.0, flipHoriz=False, flipVert=False, font='Arial', fontFiles=[], height=0.07, italic=False, languageStyle='LTR', name='text', opacity=1, ori=0, pos=array([0., 0.]), rgb=UNKNOWN, text=str(...), units='norm', win=Window(...), wrapWidth=1.65)
13.8357 	EXP 	Created text = TextStim(__class__=<class 'psychopy.visual.text.TextStim'>, alignHoriz=method-wrapper(...), alignText='center', alignVert=method-wrapper(...), anchorHoriz='center', anchorVert='center', antialias=True, autoLog=True, bold=False, color=array([1., 1., 1.]), colorSpace='rgb', contrast=1.0, depth=0.0, flipHoriz=False, flipVert=False, font='Arial', fontFiles=[], height=0.07, italic=False, languageStyle='LTR', name='text', opacity=1, ori=0, pos=array([0., 0.]), rgb=UNKNOWN, text=str(...), units='norm', win=Window(...), wrapWidth=1.65)
13.8447 	EXP 	Created text = TextStim(__class__=<class 'psychopy.visual.text.TextStim'>, alignHoriz=method-wrapper(...), alignText='center', alignVert=method-wrapper(...), anchorHoriz='center', anchorVert='center', antialias=True, autoLog=True, bold=False, color=array([1., 1., 1.]), colorSpace='rgb', contrast=1.0, depth=0.0, flipHoriz=False, flipVert=False, font='Arial', fontFiles=[], height=0.07, italic=False, languageStyle='LTR', name='text', opacity=1, ori=0, pos=array([0., 0.]), rgb=UNKNOWN, text=str(...), units='norm', win=Window(...), wrapWidth=1.65)
13.8555 	EXP 	Created text = TextStim(__class__=<class 'psychopy.visual.text.TextStim'>, alignHoriz=method-wrapper(...), alignText='center', alignVert=method-wrapper(...), anchorHoriz='center', anchorVert='center', antialias=True, autoLog=True, bold=False, color=array([1., 1., 1.]), colorSpace='rgb', contrast=1.0, depth=0.0, flipHoriz=False, flipVert=False, font='Arial', fontFiles=[], height=0.07, italic=False, languageStyle='LTR', name='text', opacity=1, ori=0, pos=array([0., 0.]), rgb=UNKNOWN, text=str(...), units='norm', win=Window(...), wrapWidth=1.65)
13.8612 	EXP 	Created text = TextStim(__class__=<class 'psychopy.visual.text.TextStim'>, alignHoriz=method-wrapper(...), alignText='center', alignVert=method-wrapper(...), anchorHoriz='center', anchorVert='center', antialias=True, autoLog=True, bold=False, color=array([1., 1., 1.]), colorSpace='rgb', contrast=1.0, depth=0.0, flipHoriz=False, flipVert=False, font='Arial', fontFiles=[], height=0.07, italic=False, languageStyle='LTR', name='text', opacity=1, ori=0, pos=array([0., 0.]), rgb=UNKNOWN, text=str(...), units='norm', win=Window(...), wrapWidth=1.65)
13.8743 	EXP 	Created text = TextStim(__class__=<class 'psychopy.visual.text.TextStim'>, alignHoriz=method-wrapper(...), alignText='center', alignVert=method-wrapper(...), anchorHoriz='center', anchorVert='center', antialias=True, autoLog=True, bold=False, color=array([1., 1., 1.]), colorSpace='rgb', contrast=1.0, depth=0.0, flipHoriz=False, flipVert=False, font='Arial', fontFiles=[], height=0.15, italic=False, languageStyle='LTR', name='text', opacity=1, ori=0, pos=array([0., 0.]), rgb=UNKNOWN, text=str(...), units='norm', win=Window(...), wrapWidth=1.65)
13.9046 	EXP 	Created text = TextStim(__class__=<class 'psychopy.visual.text.TextStim'>, alignHoriz=method-wrapper(...), alignText='center', alignVert=method-wrapper(...), anchorHoriz='center', anchorVert='center', antialias=True, autoLog=True, bold=False, color=array([1., 1., 1.]), colorSpace='rgb', contrast=1.0, depth=0.0, flipHoriz=False, flipVert=False, font='Arial', fontFiles=[], height=0.07, italic=False, languageStyle='LTR', name='text', opacity=1, ori=0, pos=array([0., 0.]), rgb=UNKNOWN, text=str(...), units='norm', win=Window(...), wrapWidth=1.65)
13.9258 	EXP 	Created text = TextStim(__class__=<class 'psychopy.visual.text.TextStim'>, alignHoriz=method-wrapper(...), alignText='center', alignVert=method-wrapper(...), anchorHoriz='center', anchorVert='center', antialias=True, autoLog=True, bold=False, color=array([1., 1., 1.]), colorSpace='rgb', contrast=1.0, depth=0.0, flipHoriz=False, flipVert=False, font='Arial', fontFiles=[], height=0.07, italic=False, languageStyle='LTR', name='text', opacity=1, ori=0, pos=array([0., 0.]), rgb=UNKNOWN, text=str(...), units='norm', win=Window(...), wrapWidth=1.65)
13.9558 	EXP 	Created text = TextStim(__class__=<class 'psychopy.visual.text.TextStim'>, alignHoriz=method-wrapper(...), alignText='center', alignVert=method-wrapper(...), anchorHoriz='center', anchorVert='center', antialias=True, autoLog=True, bold=False, color=array([1., 1., 1.]), colorSpace='rgb', contrast=1.0, depth=0.0, flipHoriz=False, flipVert=False, font='Arial', fontFiles=[], height=0.07, italic=False, languageStyle='LTR', name='text', opacity=1, ori=0, pos=array([0., 0.]), rgb=UNKNOWN, text=str(...), units='norm', win=Window(...), wrapWidth=1.65)
13.9796 	EXP 	Created text = TextStim(__class__=<class 'psychopy.visual.text.TextStim'>, alignHoriz=method-wrapper(...), alignText='center', alignVert=method-wrapper(...), anchorHoriz='center', anchorVert='center', antialias=True, autoLog=True, bold=False, color=array([1., 1., 1.]), colorSpace='rgb', contrast=1.0, depth=0.0, flipHoriz=False, flipVert=False, font='Arial', fontFiles=[], height=0.07, italic=False, languageStyle='LTR', name='text', opacity=1, ori=0, pos=array([0., 0.]), rgb=UNKNOWN, text=str(...), units='norm', win=Window(...), wrapWidth=1.65)
14.0091 	EXP 	Created text = TextStim(__class__=<class 'psychopy.visual.text.TextStim'>, alignHoriz=method-wrapper(...), alignText='center', alignVert=method-wrapper(...), anchorHoriz='center', anchorVert='center', antialias=True, autoLog=True, bold=False, color=array([1., 1., 1.]), colorSpace='rgb', contrast=1.0, depth=0.0, flipHoriz=False, flipVert=False, font='Arial', fontFiles=[], height=0.07, italic=False, languageStyle='LTR', name='text', opacity=1, ori=0, pos=array([0., 0.]), rgb=UNKNOWN, text=str(...), units='norm', win=Window(...), wrapWidth=1.65)
14.0196 	EXP 	Created text = TextStim(__class__=<class 'psychopy.visual.text.TextStim'>, alignHoriz=method-wrapper(...), alignText='center', alignVert=method-wrapper(...), anchorHoriz='center', anchorVert='center', antialias=True, autoLog=True, bold=False, color=array([1., 1., 1.]), colorSpace='rgb', contrast=1.0, depth=0.0, flipHoriz=False, flipVert=False, font='Arial', fontFiles=[], height=0.07, italic=False, languageStyle='LTR', name='text', opacity=1, ori=0, pos=array([0., 0.]), rgb=UNKNOWN, text=str(...), units='norm', win=Window(...), wrapWidth=1.65)
14.0325 	EXP 	Created text = TextStim(__class__=<class 'psychopy.visual.text.TextStim'>, alignHoriz=method-wrapper(...), alignText='center', alignVert=method-wrapper(...), anchorHoriz='center', anchorVert='center', antialias=True, autoLog=True, bold=False, color=array([1., 1., 1.]), colorSpace='rgb', contrast=1.0, depth=0.0, flipHoriz=False, flipVert=False, font='Arial', fontFiles=[], height=0.07, italic=False, languageStyle='LTR', name='text', opacity=1, ori=0, pos=array([0., 0.]), rgb=UNKNOWN, text=str(...), units='norm', win=Window(...), wrapWidth=1.65)
14.0373 	EXP 	Created instru = TextStim(__class__=<class 'psychopy.visual.text.TextStim'>, alignHoriz=method-wrapper(...), alignText='center', alignVert=method-wrapper(...), anchorHoriz='center', anchorVert='center', antialias=True, autoLog=True, bold=False, color=array([1., 1., 1.]), colorSpace='rgb', contrast=1.0, depth=0.0, flipHoriz=False, flipVert=False, font='Arial', fontFiles=[], height=0.07, italic=False, languageStyle='LTR', name='instru', opacity=1, ori=0, pos=array([0. , 0.5]), rgb=UNKNOWN, text=str(...), units='norm', win=Window(...), wrapWidth=1)
14.0400 	EXP 	Created unnamed Line = Line(__class__=<class 'psychopy.visual.line.Line'>, autoDraw=False, autoLog=True, closeShape=False, color=array([1., 1., 1.]), colorSpace='rgb', contrast=None, depth=0, fillColor=array([0, 0, 0]), fillColorSpace='rgb', fillRGB=array([0, 0, 0]), interpolate=True, lineColor=array([1., 1., 1.]), lineColorSpace='rgb', lineRGB=array([1, 1, 1]), lineWidth=5, name='unnamed Line', opacity=0.5, ori=0.0, pos=array([0., 0.]), size=array([1., 1.]), units='norm', vertices=array([[-0.5,  0. ],
       [ 0.5,  0. ]]), win=Window(...), windingRule=None)
14.0422 	EXP 	Created unnamed Line = Line(__class__=<class 'psychopy.visual.line.Line'>, autoDraw=False, autoLog=True, closeShape=False, color=array([1., 1., 1.]), colorSpace='rgb', contrast=None, depth=0, fillColor=array([0, 0, 0]), fillColorSpace='rgb', fillRGB=array([0, 0, 0]), interpolate=True, lineColor=array([1., 1., 1.]), lineColorSpace='rgb', lineRGB=array([1, 1, 1]), lineWidth=3, name='unnamed Line', opacity=0.5, ori=0.0, pos=array([0., 0.]), size=array([1., 1.]), units='norm', vertices=array([[-0.5 , -0.05],
       [-0.5 ,  0.05]]), win=Window(...), windingRule=None)
14.0444 	EXP 	Created unnamed Line = Line(__class__=<class 'psychopy.visual.line.Line'>, autoDraw=False, autoLog=True, closeShape=False, color=array([1., 1., 1.]), colorSpace='rgb', contrast=None, depth=0, fillColor=array([0, 0, 0]), fillColorSpace='rgb', fillRGB=array([0, 0, 0]), interpolate=True, lineColor=array([1., 1., 1.]), lineColorSpace='rgb', lineRGB=array([1, 1, 1]), lineWidth=3, name='unnamed Line', opacity=0.5, ori=0.0, pos=array([0., 0.]), size=array([1., 1.]), units='norm', vertices=ndarray(...), win=Window(...), windingRule=None)
14.0466 	EXP 	Created unnamed Line = Line(__class__=<class 'psychopy.visual.line.Line'>, autoDraw=False, autoLog=True, closeShape=False, color=array([1., 1., 1.]), colorSpace='rgb', contrast=None, depth=0, fillColor=array([0, 0, 0]), fillColorSpace='rgb', fillRGB=array([0, 0, 0]), interpolate=True, lineColor=array([1., 1., 1.]), lineColorSpace='rgb', lineRGB=array([1, 1, 1]), lineWidth=3, name='unnamed Line', opacity=0.5, ori=0.0, pos=array([0., 0.]), size=array([1., 1.]), units='norm', vertices=ndarray(...), win=Window(...), windingRule=None)
14.0487 	EXP 	Created unnamed Line = Line(__class__=<class 'psychopy.visual.line.Line'>, autoDraw=False, autoLog=True, closeShape=False, color=array([1., 1., 1.]), colorSpace='rgb', contrast=None, depth=0, fillColor=array([0, 0, 0]), fillColorSpace='rgb', fillRGB=array([0, 0, 0]), interpolate=True, lineColor=array([1., 1., 1.]), lineColorSpace='rgb', lineRGB=array([1, 1, 1]), lineWidth=3, name='unnamed Line', opacity=0.5, ori=0.0, pos=array([0., 0.]), size=array([1., 1.]), units='norm', vertices=array([[ 0.5 , -0.05],
       [ 0.5 ,  0.05]]), win=Window(...), windingRule=None)
14.0623 	EXP 	Created unnamed TextStim = TextStim(__class__=<class 'psychopy.visual.text.TextStim'>, alignHoriz=method-wrapper(...), alignText='center', alignVert=method-wrapper(...), anchorHoriz='center', anchorVert='center', antialias=True, autoLog=True, bold=False, color=array([1., 1., 1.]), colorSpace='rgb', contrast=1.0, depth=0, flipHoriz=False, flipVert=False, font='', fontFiles=[], height=0.05, italic=False, languageStyle='LTR', name='unnamed TextStim', opacity=1.0, ori=0.0, pos=array([-0.5, -0.1]), rgb=UNKNOWN, text='Helt klart \n IKKE FOKUSERT', units='norm', win=Window(...), wrapWidth=1)
14.0633 	EXP 	Created unnamed TextStim = TextStim(__class__=<class 'psychopy.visual.text.TextStim'>, alignHoriz=method-wrapper(...), alignText='center', alignVert=method-wrapper(...), anchorHoriz='center', anchorVert='center', antialias=True, autoLog=True, bold=False, color=array([1., 1., 1.]), colorSpace='rgb', contrast=1.0, depth=0, flipHoriz=False, flipVert=False, font='', fontFiles=[], height=0.05, italic=False, languageStyle='LTR', name='unnamed TextStim', opacity=1.0, ori=0.0, pos=array([-0.16666667, -0.1       ]), rgb=UNKNOWN, text='', units='norm', win=Window(...), wrapWidth=1)
14.0644 	EXP 	Created unnamed TextStim = TextStim(__class__=<class 'psychopy.visual.text.TextStim'>, alignHoriz=method-wrapper(...), alignText='center', alignVert=method-wrapper(...), anchorHoriz='center', anchorVert='center', antialias=True, autoLog=True, bold=False, color=array([1., 1., 1.]), colorSpace='rgb', contrast=1.0, depth=0, flipHoriz=False, flipVert=False, font='', fontFiles=[], height=0.05, italic=False, languageStyle='LTR', name='unnamed TextStim', opacity=1.0, ori=0.0, pos=array([ 0.16666667, -0.1       ]), rgb=UNKNOWN, text='', units='norm', win=Window(...), wrapWidth=1)
14.0677 	EXP 	Created unnamed TextStim = TextStim(__class__=<class 'psychopy.visual.text.TextStim'>, alignHoriz=method-wrapper(...), alignText='center', alignVert=method-wrapper(...), anchorHoriz='center', anchorVert='center', antialias=True, autoLog=True, bold=False, color=array([1., 1., 1.]), colorSpace='rgb', contrast=1.0, depth=0, flipHoriz=False, flipVert=False, font='', fontFiles=[], height=0.05, italic=False, languageStyle='LTR', name='unnamed TextStim', opacity=1.0, ori=0.0, pos=array([ 0.5, -0.1]), rgb=UNKNOWN, text='Helt klart \n FOKUSERT', units='norm', win=Window(...), wrapWidth=1)
14.0697 	EXP 	Created unnamed ShapeStim = ShapeStim(__class__=<class 'psychopy.visual.shape.ShapeStim'>, autoDraw=False, autoLog=True, closeShape=True, color=method-wrapper(...), colorSpace='rgb', contrast=None, depth=0, fillColor=array([1, 1, 1]), fillColorSpace='rgb', fillRGB=array([1, 1, 1]), interpolate=True, lineColor=array([-1., -1., -1.]), lineColorSpace='rgb', lineRGB=array([-1, -1, -1]), lineWidth=1.5, name='unnamed ShapeStim', opacity=1.0, ori=0.0, pos=array([0., 0.]), size=array([1., 1.]), units='norm', vertices=ndarray(...), win=Window(...), windingRule=None)
14.0770 	EXP 	Created instru = TextStim(__class__=<class 'psychopy.visual.text.TextStim'>, alignHoriz=method-wrapper(...), alignText='center', alignVert=method-wrapper(...), anchorHoriz='center', anchorVert='center', antialias=True, autoLog=True, bold=False, color=array([1., 1., 1.]), colorSpace='rgb', contrast=1.0, depth=0.0, flipHoriz=False, flipVert=False, font='Arial', fontFiles=[], height=0.07, italic=False, languageStyle='LTR', name='instru', opacity=1, ori=0, pos=array([0. , 0.5]), rgb=UNKNOWN, text=str(...), units='norm', win=Window(...), wrapWidth=1)
14.0790 	EXP 	Created unnamed Line = Line(__class__=<class 'psychopy.visual.line.Line'>, autoDraw=False, autoLog=True, closeShape=False, color=array([1., 1., 1.]), colorSpace='rgb', contrast=None, depth=0, fillColor=array([0, 0, 0]), fillColorSpace='rgb', fillRGB=array([0, 0, 0]), interpolate=True, lineColor=array([1., 1., 1.]), lineColorSpace='rgb', lineRGB=array([1, 1, 1]), lineWidth=5, name='unnamed Line', opacity=0.5, ori=0.0, pos=array([0., 0.]), size=array([1., 1.]), units='norm', vertices=array([[-0.5,  0. ],
       [ 0.5,  0. ]]), win=Window(...), windingRule=None)
14.0810 	EXP 	Created unnamed Line = Line(__class__=<class 'psychopy.visual.line.Line'>, autoDraw=False, autoLog=True, closeShape=False, color=array([1., 1., 1.]), colorSpace='rgb', contrast=None, depth=0, fillColor=array([0, 0, 0]), fillColorSpace='rgb', fillRGB=array([0, 0, 0]), interpolate=True, lineColor=array([1., 1., 1.]), lineColorSpace='rgb', lineRGB=array([1, 1, 1]), lineWidth=3, name='unnamed Line', opacity=0.5, ori=0.0, pos=array([0., 0.]), size=array([1., 1.]), units='norm', vertices=array([[-0.5 , -0.05],
       [-0.5 ,  0.05]]), win=Window(...), windingRule=None)
14.0830 	EXP 	Created unnamed Line = Line(__class__=<class 'psychopy.visual.line.Line'>, autoDraw=False, autoLog=True, closeShape=False, color=array([1., 1., 1.]), colorSpace='rgb', contrast=None, depth=0, fillColor=array([0, 0, 0]), fillColorSpace='rgb', fillRGB=array([0, 0, 0]), interpolate=True, lineColor=array([1., 1., 1.]), lineColorSpace='rgb', lineRGB=array([1, 1, 1]), lineWidth=3, name='unnamed Line', opacity=0.5, ori=0.0, pos=array([0., 0.]), size=array([1., 1.]), units='norm', vertices=ndarray(...), win=Window(...), windingRule=None)
14.0850 	EXP 	Created unnamed Line = Line(__class__=<class 'psychopy.visual.line.Line'>, autoDraw=False, autoLog=True, closeShape=False, color=array([1., 1., 1.]), colorSpace='rgb', contrast=None, depth=0, fillColor=array([0, 0, 0]), fillColorSpace='rgb', fillRGB=array([0, 0, 0]), interpolate=True, lineColor=array([1., 1., 1.]), lineColorSpace='rgb', lineRGB=array([1, 1, 1]), lineWidth=3, name='unnamed Line', opacity=0.5, ori=0.0, pos=array([0., 0.]), size=array([1., 1.]), units='norm', vertices=ndarray(...), win=Window(...), windingRule=None)
14.0870 	EXP 	Created unnamed Line = Line(__class__=<class 'psychopy.visual.line.Line'>, autoDraw=False, autoLog=True, closeShape=False, color=array([1., 1., 1.]), colorSpace='rgb', contrast=None, depth=0, fillColor=array([0, 0, 0]), fillColorSpace='rgb', fillRGB=array([0, 0, 0]), interpolate=True, lineColor=array([1., 1., 1.]), lineColorSpace='rgb', lineRGB=array([1, 1, 1]), lineWidth=3, name='unnamed Line', opacity=0.5, ori=0.0, pos=array([0., 0.]), size=array([1., 1.]), units='norm', vertices=array([[ 0.5 , -0.05],
       [ 0.5 ,  0.05]]), win=Window(...), windingRule=None)
14.0925 	EXP 	Created unnamed TextStim = TextStim(__class__=<class 'psychopy.visual.text.TextStim'>, alignHoriz=method-wrapper(...), alignText='center', alignVert=method-wrapper(...), anchorHoriz='center', anchorVert='center', antialias=True, autoLog=True, bold=False, color=array([1., 1., 1.]), colorSpace='rgb', contrast=1.0, depth=0, flipHoriz=False, flipVert=False, font='', fontFiles=[], height=0.05, italic=False, languageStyle='LTR', name='unnamed TextStim', opacity=1.0, ori=0.0, pos=array([-0.5, -0.1]), rgb=UNKNOWN, text='Helt klart \n INGENTING', units='norm', win=Window(...), wrapWidth=1)
14.0936 	EXP 	Created unnamed TextStim = TextStim(__class__=<class 'psychopy.visual.text.TextStim'>, alignHoriz=method-wrapper(...), alignText='center', alignVert=method-wrapper(...), anchorHoriz='center', anchorVert='center', antialias=True, autoLog=True, bold=False, color=array([1., 1., 1.]), colorSpace='rgb', contrast=1.0, depth=0, flipHoriz=False, flipVert=False, font='', fontFiles=[], height=0.05, italic=False, languageStyle='LTR', name='unnamed TextStim', opacity=1.0, ori=0.0, pos=array([-0.16666667, -0.1       ]), rgb=UNKNOWN, text='', units='norm', win=Window(...), wrapWidth=1)
14.0946 	EXP 	Created unnamed TextStim = TextStim(__class__=<class 'psychopy.visual.text.TextStim'>, alignHoriz=method-wrapper(...), alignText='center', alignVert=method-wrapper(...), anchorHoriz='center', anchorVert='center', antialias=True, autoLog=True, bold=False, color=array([1., 1., 1.]), colorSpace='rgb', contrast=1.0, depth=0, flipHoriz=False, flipVert=False, font='', fontFiles=[], height=0.05, italic=False, languageStyle='LTR', name='unnamed TextStim', opacity=1.0, ori=0.0, pos=array([ 0.16666667, -0.1       ]), rgb=UNKNOWN, text='', units='norm', win=Window(...), wrapWidth=1)
14.0980 	EXP 	Created unnamed TextStim = TextStim(__class__=<class 'psychopy.visual.text.TextStim'>, alignHoriz=method-wrapper(...), alignText='center', alignVert=method-wrapper(...), anchorHoriz='center', anchorVert='center', antialias=True, autoLog=True, bold=False, color=array([1., 1., 1.]), colorSpace='rgb', contrast=1.0, depth=0, flipHoriz=False, flipVert=False, font='', fontFiles=[], height=0.05, italic=False, languageStyle='LTR', name='unnamed TextStim', opacity=1.0, ori=0.0, pos=array([ 0.5, -0.1]), rgb=UNKNOWN, text='Helt klart \n NOE', units='norm', win=Window(...), wrapWidth=1)
14.0998 	EXP 	Created unnamed ShapeStim = ShapeStim(__class__=<class 'psychopy.visual.shape.ShapeStim'>, autoDraw=False, autoLog=True, closeShape=True, color=method-wrapper(...), colorSpace='rgb', contrast=None, depth=0, fillColor=array([1, 1, 1]), fillColorSpace='rgb', fillRGB=array([1, 1, 1]), interpolate=True, lineColor=array([-1., -1., -1.]), lineColorSpace='rgb', lineRGB=array([-1, -1, -1]), lineWidth=1.5, name='unnamed ShapeStim', opacity=1.0, ori=0.0, pos=array([0., 0.]), size=array([1., 1.]), units='norm', vertices=ndarray(...), win=Window(...), windingRule=None)
14.1069 	EXP 	Created instru = TextStim(__class__=<class 'psychopy.visual.text.TextStim'>, alignHoriz=method-wrapper(...), alignText='center', alignVert=method-wrapper(...), anchorHoriz='center', anchorVert='center', antialias=True, autoLog=True, bold=False, color=array([1., 1., 1.]), colorSpace='rgb', contrast=1.0, depth=0.0, flipHoriz=False, flipVert=False, font='Arial', fontFiles=[], height=0.07, italic=False, languageStyle='LTR', name='instru', opacity=1, ori=0, pos=array([0. , 0.5]), rgb=UNKNOWN, text=str(...), units='norm', win=Window(...), wrapWidth=1)
14.1089 	EXP 	Created unnamed Line = Line(__class__=<class 'psychopy.visual.line.Line'>, autoDraw=False, autoLog=True, closeShape=False, color=array([1., 1., 1.]), colorSpace='rgb', contrast=None, depth=0, fillColor=array([0, 0, 0]), fillColorSpace='rgb', fillRGB=array([0, 0, 0]), interpolate=True, lineColor=array([1., 1., 1.]), lineColorSpace='rgb', lineRGB=array([1, 1, 1]), lineWidth=5, name='unnamed Line', opacity=0.5, ori=0.0, pos=array([0., 0.]), size=array([1., 1.]), units='norm', vertices=array([[-0.5,  0. ],
       [ 0.5,  0. ]]), win=Window(...), windingRule=None)
14.1109 	EXP 	Created unnamed Line = Line(__class__=<class 'psychopy.visual.line.Line'>, autoDraw=False, autoLog=True, closeShape=False, color=array([1., 1., 1.]), colorSpace='rgb', contrast=None, depth=0, fillColor=array([0, 0, 0]), fillColorSpace='rgb', fillRGB=array([0, 0, 0]), interpolate=True, lineColor=array([1., 1., 1.]), lineColorSpace='rgb', lineRGB=array([1, 1, 1]), lineWidth=3, name='unnamed Line', opacity=0.5, ori=0.0, pos=array([0., 0.]), size=array([1., 1.]), units='norm', vertices=array([[-0.5 , -0.05],
       [-0.5 ,  0.05]]), win=Window(...), windingRule=None)
14.1129 	EXP 	Created unnamed Line = Line(__class__=<class 'psychopy.visual.line.Line'>, autoDraw=False, autoLog=True, closeShape=False, color=array([1., 1., 1.]), colorSpace='rgb', contrast=None, depth=0, fillColor=array([0, 0, 0]), fillColorSpace='rgb', fillRGB=array([0, 0, 0]), interpolate=True, lineColor=array([1., 1., 1.]), lineColorSpace='rgb', lineRGB=array([1, 1, 1]), lineWidth=3, name='unnamed Line', opacity=0.5, ori=0.0, pos=array([0., 0.]), size=array([1., 1.]), units='norm', vertices=ndarray(...), win=Window(...), windingRule=None)
14.1148 	EXP 	Created unnamed Line = Line(__class__=<class 'psychopy.visual.line.Line'>, autoDraw=False, autoLog=True, closeShape=False, color=array([1., 1., 1.]), colorSpace='rgb', contrast=None, depth=0, fillColor=array([0, 0, 0]), fillColorSpace='rgb', fillRGB=array([0, 0, 0]), interpolate=True, lineColor=array([1., 1., 1.]), lineColorSpace='rgb', lineRGB=array([1, 1, 1]), lineWidth=3, name='unnamed Line', opacity=0.5, ori=0.0, pos=array([0., 0.]), size=array([1., 1.]), units='norm', vertices=ndarray(...), win=Window(...), windingRule=None)
14.1169 	EXP 	Created unnamed Line = Line(__class__=<class 'psychopy.visual.line.Line'>, autoDraw=False, autoLog=True, closeShape=False, color=array([1., 1., 1.]), colorSpace='rgb', contrast=None, depth=0, fillColor=array([0, 0, 0]), fillColorSpace='rgb', fillRGB=array([0, 0, 0]), interpolate=True, lineColor=array([1., 1., 1.]), lineColorSpace='rgb', lineRGB=array([1, 1, 1]), lineWidth=3, name='unnamed Line', opacity=0.5, ori=0.0, pos=array([0., 0.]), size=array([1., 1.]), units='norm', vertices=array([[ 0.5 , -0.05],
       [ 0.5 ,  0.05]]), win=Window(...), windingRule=None)
14.1220 	EXP 	Created unnamed TextStim = TextStim(__class__=<class 'psychopy.visual.text.TextStim'>, alignHoriz=method-wrapper(...), alignText='center', alignVert=method-wrapper(...), anchorHoriz='center', anchorVert='center', antialias=True, autoLog=True, bold=False, color=array([1., 1., 1.]), colorSpace='rgb', contrast=1.0, depth=0, flipHoriz=False, flipVert=False, font='', fontFiles=[], height=0.05, italic=False, languageStyle='LTR', name='unnamed TextStim', opacity=1.0, ori=0.0, pos=array([-0.5, -0.1]), rgb=UNKNOWN, text='Helt klart \n SPONTAN', units='norm', win=Window(...), wrapWidth=1)
14.1231 	EXP 	Created unnamed TextStim = TextStim(__class__=<class 'psychopy.visual.text.TextStim'>, alignHoriz=method-wrapper(...), alignText='center', alignVert=method-wrapper(...), anchorHoriz='center', anchorVert='center', antialias=True, autoLog=True, bold=False, color=array([1., 1., 1.]), colorSpace='rgb', contrast=1.0, depth=0, flipHoriz=False, flipVert=False, font='', fontFiles=[], height=0.05, italic=False, languageStyle='LTR', name='unnamed TextStim', opacity=1.0, ori=0.0, pos=array([-0.16666667, -0.1       ]), rgb=UNKNOWN, text='', units='norm', win=Window(...), wrapWidth=1)
14.1241 	EXP 	Created unnamed TextStim = TextStim(__class__=<class 'psychopy.visual.text.TextStim'>, alignHoriz=method-wrapper(...), alignText='center', alignVert=method-wrapper(...), anchorHoriz='center', anchorVert='center', antialias=True, autoLog=True, bold=False, color=array([1., 1., 1.]), colorSpace='rgb', contrast=1.0, depth=0, flipHoriz=False, flipVert=False, font='', fontFiles=[], height=0.05, italic=False, languageStyle='LTR', name='unnamed TextStim', opacity=1.0, ori=0.0, pos=array([ 0.16666667, -0.1       ]), rgb=UNKNOWN, text='', units='norm', win=Window(...), wrapWidth=1)
14.1288 	EXP 	Created unnamed TextStim = TextStim(__class__=<class 'psychopy.visual.text.TextStim'>, alignHoriz=method-wrapper(...), alignText='center', alignVert=method-wrapper(...), anchorHoriz='center', anchorVert='center', antialias=True, autoLog=True, bold=False, color=array([1., 1., 1.]), colorSpace='rgb', contrast=1.0, depth=0, flipHoriz=False, flipVert=False, font='', fontFiles=[], height=0.05, italic=False, languageStyle='LTR', name='unnamed TextStim', opacity=1.0, ori=0.0, pos=array([ 0.5, -0.1]), rgb=UNKNOWN, text='Helt klart \n BEVISST', units='norm', win=Window(...), wrapWidth=1)
14.1307 	EXP 	Created unnamed ShapeStim = ShapeStim(__class__=<class 'psychopy.visual.shape.ShapeStim'>, autoDraw=False, autoLog=True, closeShape=True, color=method-wrapper(...), colorSpace='rgb', contrast=None, depth=0, fillColor=array([1, 1, 1]), fillColorSpace='rgb', fillRGB=array([1, 1, 1]), interpolate=True, lineColor=array([-1., -1., -1.]), lineColorSpace='rgb', lineRGB=array([-1, -1, -1]), lineWidth=1.5, name='unnamed ShapeStim', opacity=1.0, ori=0.0, pos=array([0., 0.]), size=array([1., 1.]), units='norm', vertices=ndarray(...), win=Window(...), windingRule=None)
14.1796 	EXP 	Sound  set volume 1.000
14.2128 	EXP 	unnamed ShapeStim: vertices = <class 'numpy.ndarray'>
14.2128 	EXP 	unnamed ShapeStim: vertices = <class 'numpy.ndarray'>
14.2128 	EXP 	unnamed ShapeStim: vertices = <class 'numpy.ndarray'>
203.8616 	DATA 	Keypress: lctrl
204.3730 	EXP 	Sound  started
204.5816 	DATA 	Keypress: lctrl
205.1230 	EXP 	Sound  started
205.1736 	DATA 	Keypress: lctrl
205.7656 	DATA 	Keypress: rctrl
205.8730 	EXP 	Sound  started
206.4536 	DATA 	Keypress: lctrl
206.6230 	EXP 	Sound  started
207.2217 	DATA 	Keypress: rctrl
207.3730 	EXP 	Sound  started
207.9895 	DATA 	Keypress: lctrl
208.1230 	EXP 	Sound  started
208.6296 	DATA 	Keypress: rctrl
208.8730 	EXP 	Sound  started
209.3976 	DATA 	Keypress: rctrl
209.6230 	EXP 	Sound  started
210.2936 	DATA 	Keypress: rctrl
210.3731 	EXP 	Sound  started
210.9656 	DATA 	Keypress: rctrl
211.1231 	EXP 	Sound  started
211.7176 	DATA 	Keypress: lctrl
211.8731 	EXP 	Sound  started
212.4376 	DATA 	Keypress: rctrl
212.6231 	EXP 	Sound  started
213.1576 	DATA 	Keypress: lctrl
213.3731 	EXP 	Sound  started
213.9416 	DATA 	Keypress: rctrl
214.1231 	EXP 	Sound  started
214.6616 	DATA 	Keypress: rctrl
214.8732 	EXP 	Sound  started
215.3976 	DATA 	Keypress: lctrl
215.6232 	EXP 	Sound  started
216.1496 	DATA 	Keypress: lctrl
216.3732 	EXP 	Sound  started
216.9655 	DATA 	Keypress: lctrl
217.1232 	EXP 	Sound  started
217.7016 	DATA 	Keypress: lctrl
217.8732 	EXP 	Sound  started
218.4856 	DATA 	Keypress: lctrl
218.6232 	EXP 	Sound  started
219.2376 	DATA 	Keypress: lctrl
219.3732 	EXP 	Sound  started
219.9576 	DATA 	Keypress: rctrl
220.1233 	EXP 	Sound  started
220.7096 	DATA 	Keypress: rctrl
220.8733 	EXP 	Sound  started
221.4616 	DATA 	Keypress: lctrl
221.6233 	EXP 	Sound  started
222.2297 	DATA 	Keypress: rctrl
222.3733 	EXP 	Sound  started
222.9656 	DATA 	Keypress: rctrl
223.1233 	EXP 	Sound  started
223.7336 	DATA 	Keypress: rctrl
223.8734 	EXP 	Sound  started
224.4696 	DATA 	Keypress: lctrl
224.6233 	EXP 	Sound  started
225.2536 	DATA 	Keypress: rctrl
225.3734 	EXP 	Sound  started
226.0536 	DATA 	Keypress: rctrl
226.1234 	EXP 	Sound  started
226.6776 	DATA 	Keypress: rctrl
226.8734 	EXP 	Sound  started
227.4616 	DATA 	Keypress: rctrl
227.6234 	EXP 	Sound  started
228.2456 	DATA 	Keypress: rctrl
228.3734 	EXP 	Sound  started
228.9336 	DATA 	Keypress: rctrl
229.1234 	EXP 	Sound  started
229.6376 	DATA 	Keypress: lctrl
229.8735 	EXP 	Sound  started
230.4856 	DATA 	Keypress: rctrl
230.6235 	EXP 	Sound  started
231.2536 	DATA 	Keypress: lctrl
231.3735 	EXP 	Sound  started
232.0056 	DATA 	Keypress: rctrl
232.1235 	EXP 	Sound  started
232.7416 	DATA 	Keypress: rctrl
232.8735 	EXP 	Sound  started
233.5416 	DATA 	Keypress: lctrl
233.6235 	EXP 	Sound  started
234.2616 	DATA 	Keypress: lctrl
234.3735 	EXP 	Sound  started
235.0295 	DATA 	Keypress: rctrl
235.1236 	EXP 	Sound  started
235.7496 	DATA 	Keypress: lctrl
235.8736 	EXP 	Sound  started
236.5016 	DATA 	Keypress: rctrl
236.6236 	EXP 	Sound  started
237.2536 	DATA 	Keypress: rctrl
237.3736 	EXP 	Sound  started
237.9896 	DATA 	Keypress: rctrl
238.1236 	EXP 	Sound  started
238.6776 	DATA 	Keypress: lctrl
238.8736 	EXP 	Sound  started
239.4136 	DATA 	Keypress: lctrl
239.6237 	EXP 	Sound  started
240.1176 	DATA 	Keypress: lctrl
240.3737 	EXP 	Sound  started
240.9177 	DATA 	Keypress: lctrl
241.1237 	EXP 	Sound  started
241.7336 	DATA 	Keypress: lctrl
241.8737 	EXP 	Sound  started
242.4696 	DATA 	Keypress: lctrl
242.6237 	EXP 	Sound  started
243.3337 	DATA 	Keypress: lctrl
243.3737 	EXP 	Sound  started
244.1238 	EXP 	Sound  started
244.1336 	DATA 	Keypress: lctrl
244.8056 	DATA 	Keypress: lctrl
244.8738 	EXP 	Sound  started
245.5416 	DATA 	Keypress: lctrl
245.6238 	EXP 	Sound  started
246.1656 	DATA 	Keypress: rctrl
246.3738 	EXP 	Sound  started
246.9496 	DATA 	Keypress: rctrl
247.1238 	EXP 	Sound  started
247.7177 	DATA 	Keypress: lctrl
247.8738 	EXP 	Sound  started
248.5176 	DATA 	Keypress: rctrl
248.6238 	EXP 	Sound  started
249.3656 	DATA 	Keypress: rctrl
249.3739 	EXP 	Sound  started
250.0536 	DATA 	Keypress: lctrl
250.1239 	EXP 	Sound  started
250.7096 	DATA 	Keypress: rctrl
250.8739 	EXP 	Sound  started
251.5096 	DATA 	Keypress: rctrl
251.6239 	EXP 	Sound  started
252.1976 	DATA 	Keypress: lctrl
252.3739 	EXP 	Sound  started
252.9335 	DATA 	Keypress: rctrl
253.1239 	EXP 	Sound  started
253.7336 	DATA 	Keypress: lctrl
253.8740 	EXP 	Sound  started
254.4536 	DATA 	Keypress: rctrl
254.6240 	EXP 	Sound  started
255.2376 	DATA 	Keypress: rctrl
255.3740 	EXP 	Sound  started
256.0696 	DATA 	Keypress: lctrl
256.1240 	EXP 	Sound  started
256.8056 	DATA 	Keypress: lctrl
256.8740 	EXP 	Sound  started
257.4616 	DATA 	Keypress: rctrl
257.6240 	EXP 	Sound  started
258.1976 	DATA 	Keypress: lctrl
258.3740 	EXP 	Sound  started
258.9176 	DATA 	Keypress: rctrl
259.1241 	EXP 	Sound  started
259.7177 	DATA 	Keypress: lctrl
259.8741 	EXP 	Sound  started
260.4376 	DATA 	Keypress: rctrl
260.6241 	EXP 	Sound  started
261.1736 	DATA 	Keypress: rctrl
261.4034 	EXP 	unnamed TextStim: text = ''
261.4034 	EXP 	unnamed TextStim: text = ''
264.1554 	DATA 	Keypress: 3
264.1719 	EXP 	unnamed ShapeStim: vertices = <class 'numpy.ndarray'>
265.7065 	EXP 	unnamed TextStim: text = ''
265.7065 	EXP 	unnamed TextStim: text = ''
267.0787 	DATA 	Keypress: 3
267.1076 	EXP 	unnamed ShapeStim: vertices = <class 'numpy.ndarray'>
268.6594 	EXP 	unnamed TextStim: text = ''
268.6594 	EXP 	unnamed TextStim: text = ''
272.3455 	DATA 	Keypress: 4
272.3619 	EXP 	unnamed ShapeStim: vertices = <class 'numpy.ndarray'>
274.6463 	EXP 	Sound  started
274.8216 	DATA 	Keypress: rctrl
275.3963 	EXP 	Sound  started
275.4936 	DATA 	Keypress: lctrl
276.1463 	EXP 	Sound  started
276.1496 	DATA 	Keypress: rctrl
276.8963 	EXP 	Sound  started
276.9656 	DATA 	Keypress: lctrl
277.5416 	DATA 	Keypress: lctrl
277.6463 	EXP 	Sound  started
278.2616 	DATA 	Keypress: rctrl
278.3963 	EXP 	Sound  started
278.9815 	DATA 	Keypress: rctrl
279.1463 	EXP 	Sound  started
279.7176 	DATA 	Keypress: rctrl
279.8964 	EXP 	Sound  started
280.4056 	DATA 	Keypress: rctrl
280.6464 	EXP 	Sound  started
281.2055 	DATA 	Keypress: lctrl
281.3964 	EXP 	Sound  started
281.9736 	DATA 	Keypress: lctrl
282.1464 	EXP 	Sound  started
282.7096 	DATA 	Keypress: lctrl
282.8964 	EXP 	Sound  started
283.4776 	DATA 	Keypress: rctrl
283.6464 	EXP 	Sound  started
284.2136 	DATA 	Keypress: rctrl
284.3964 	EXP 	Sound  started
284.9336 	DATA 	Keypress: lctrl
285.1464 	EXP 	Sound  started
285.7176 	DATA 	Keypress: rctrl
285.8965 	EXP 	Sound  started
286.4696 	DATA 	Keypress: lctrl
286.6465 	EXP 	Sound  started
287.2536 	DATA 	Keypress: lctrl
287.3965 	EXP 	Sound  started
287.9736 	DATA 	Keypress: lctrl
288.1465 	EXP 	Sound  started
288.7256 	DATA 	Keypress: lctrl
288.8965 	EXP 	Sound  started
289.4777 	DATA 	Keypress: lctrl
289.6465 	EXP 	Sound  started
290.2936 	DATA 	Keypress: lctrl
290.3966 	EXP 	Sound  started
291.1256 	DATA 	Keypress: rctrl
291.1466 	EXP 	Sound  started
291.8966 	EXP 	Sound  started
291.9096 	DATA 	Keypress: rctrl
292.5975 	DATA 	Keypress: lctrl
292.6466 	EXP 	Sound  started
293.3336 	DATA 	Keypress: rctrl
293.3966 	EXP 	Sound  started
294.1175 	DATA 	Keypress: rctrl
294.1466 	EXP 	Sound  started
294.8537 	DATA 	Keypress: rctrl
294.8966 	EXP 	Sound  started
295.6056 	DATA 	Keypress: rctrl
295.6467 	EXP 	Sound  started
296.2776 	DATA 	Keypress: lctrl
296.3967 	EXP 	Sound  started
297.0616 	DATA 	Keypress: rctrl
297.1467 	EXP 	Sound  started
297.8296 	DATA 	Keypress: lctrl
297.8967 	EXP 	Sound  started
298.6457 	DATA 	Keypress: rctrl
298.6467 	EXP 	Sound  started
299.3967 	EXP 	Sound  started
299.4456 	DATA 	Keypress: lctrl
300.0536 	DATA 	Keypress: lctrl
300.1467 	EXP 	Sound  started
300.7896 	DATA 	Keypress: lctrl
300.8968 	EXP 	Sound  started
301.5097 	DATA 	Keypress: lctrl
301.6468 	EXP 	Sound  started
302.2936 	DATA 	Keypress: lctrl
302.3968 	EXP 	Sound  started
303.0616 	DATA 	Keypress: rctrl
303.1468 	EXP 	Sound  started
303.7975 	DATA 	Keypress: lctrl
303.8968 	EXP 	Sound  started
304.5656 	DATA 	Keypress: rctrl
304.6468 	EXP 	Sound  started
305.3336 	DATA 	Keypress: rctrl
305.3968 	EXP 	Sound  started
306.0536 	DATA 	Keypress: rctrl
306.1469 	EXP 	Sound  started
306.8056 	DATA 	Keypress: lctrl
306.8969 	EXP 	Sound  started
307.5736 	DATA 	Keypress: rctrl
307.6469 	EXP 	Sound  started
308.3736 	DATA 	Keypress: rctrl
308.3969 	EXP 	Sound  started
309.0776 	DATA 	Keypress: rctrl
309.1469 	EXP 	Sound  started
309.8456 	DATA 	Keypress: lctrl
309.8969 	EXP 	Sound  started
310.5976 	DATA 	Keypress: rctrl
310.6469 	EXP 	Sound  started
311.3970 	EXP 	Sound  started
311.4136 	DATA 	Keypress: lctrl
312.1016 	DATA 	Keypress: rctrl
312.1470 	EXP 	Sound  started
312.8216 	DATA 	Keypress: lctrl
312.8970 	EXP 	Sound  started
313.6056 	DATA 	Keypress: lctrl
313.6470 	EXP 	Sound  started
314.3416 	DATA 	Keypress: lctrl
314.3970 	EXP 	Sound  started
315.0136 	DATA 	Keypress: lctrl
315.1470 	EXP 	Sound  started
315.7816 	DATA 	Keypress: lctrl
315.8970 	EXP 	Sound  started
316.5496 	DATA 	Keypress: lctrl
316.6471 	EXP 	Sound  started
317.3496 	DATA 	Keypress: lctrl
317.3971 	EXP 	Sound  started
318.1176 	DATA 	Keypress: lctrl
318.1471 	EXP 	Sound  started
318.8215 	DATA 	Keypress: rctrl
318.8971 	EXP 	Sound  started
319.5576 	DATA 	Keypress: lctrl
319.6471 	EXP 	Sound  started
320.2936 	DATA 	Keypress: rctrl
320.3971 	EXP 	Sound  started
321.0456 	DATA 	Keypress: rctrl
321.1471 	EXP 	Sound  started
321.7976 	DATA 	Keypress: rctrl
321.8972 	EXP 	Sound  started
322.5816 	DATA 	Keypress: rctrl
322.6472 	EXP 	Sound  started
323.2696 	DATA 	Keypress: lctrl
323.3972 	EXP 	Sound  started
324.0536 	DATA 	Keypress: lctrl
324.1472 	EXP 	Sound  started
324.8696 	DATA 	Keypress: rctrl
324.8972 	EXP 	Sound  started
325.5578 	DATA 	Keypress: lctrl
325.6472 	EXP 	Sound  started
326.3416 	DATA 	Keypress: rctrl
326.3973 	EXP 	Sound  started
327.0776 	DATA 	Keypress: rctrl
327.1473 	EXP 	Sound  started
327.7655 	DATA 	Keypress: rctrl
327.8973 	EXP 	Sound  started
328.5815 	DATA 	Keypress: lctrl
328.6473 	EXP 	Sound  started
329.3655 	DATA 	Keypress: lctrl
333.5789 	DATA 	Keypress: 4
333.5954 	EXP 	unnamed ShapeStim: vertices = <class 'numpy.ndarray'>
336.2144 	DATA 	Keypress: 3
336.2309 	EXP 	unnamed ShapeStim: vertices = <class 'numpy.ndarray'>
338.7498 	DATA 	Keypress: 4
338.7663 	EXP 	unnamed ShapeStim: vertices = <class 'numpy.ndarray'>
341.0506 	EXP 	Sound  started
341.0515 	DATA 	Keypress: rctrl
341.7336 	DATA 	Keypress: rctrl
341.8005 	EXP 	Sound  started
342.4856 	DATA 	Keypress: rctrl
342.5505 	EXP 	Sound  started
343.2216 	DATA 	Keypress: rctrl
343.3005 	EXP 	Sound  started
343.8616 	DATA 	Keypress: lctrl
344.0506 	EXP 	Sound  started
344.6295 	DATA 	Keypress: rctrl
344.8006 	EXP 	Sound  started
345.4136 	DATA 	Keypress: lctrl
345.5506 	EXP 	Sound  started
346.1337 	DATA 	Keypress: rctrl
346.3006 	EXP 	Sound  started
346.9496 	DATA 	Keypress: lctrl
347.0506 	EXP 	Sound  started
347.7016 	DATA 	Keypress: lctrl
347.8006 	EXP 	Sound  started
348.4696 	DATA 	Keypress: rctrl
348.5506 	EXP 	Sound  started
349.1255 	DATA 	Keypress: lctrl
349.3007 	EXP 	Sound  started
349.8455 	DATA 	Keypress: rctrl
350.0507 	EXP 	Sound  started
350.5816 	DATA 	Keypress: rctrl
350.8007 	EXP 	Sound  started
351.2695 	DATA 	Keypress: lctrl
351.5507 	EXP 	Sound  started
352.0056 	DATA 	Keypress: lctrl
352.3007 	EXP 	Sound  started
352.7576 	DATA 	Keypress: lctrl
353.0507 	EXP 	Sound  started
353.5415 	DATA 	Keypress: rctrl
353.8007 	EXP 	Sound  started
354.2935 	DATA 	Keypress: lctrl
354.5508 	EXP 	Sound  started
355.0775 	DATA 	Keypress: lctrl
355.3008 	EXP 	Sound  started
355.9736 	DATA 	Keypress: rctrl
356.0508 	EXP 	Sound  started
356.6137 	DATA 	Keypress: lctrl
356.8008 	EXP 	Sound  started
357.3336 	DATA 	Keypress: rctrl
357.5508 	EXP 	Sound  started
358.0855 	DATA 	Keypress: lctrl
358.3008 	EXP 	Sound  started
358.8536 	DATA 	Keypress: lctrl
359.0509 	EXP 	Sound  started
359.6376 	DATA 	Keypress: rctrl
359.8009 	EXP 	Sound  started
360.4216 	DATA 	Keypress: rctrl
360.5509 	EXP 	Sound  started
361.2056 	DATA 	Keypress: rctrl
361.3009 	EXP 	Sound  started
362.0216 	DATA 	Keypress: lctrl
362.0509 	EXP 	Sound  started
362.7736 	DATA 	Keypress: lctrl
362.8009 	EXP 	Sound  started
363.5415 	DATA 	Keypress: lctrl
363.5509 	EXP 	Sound  started
364.2296 	DATA 	Keypress: rctrl
364.3010 	EXP 	Sound  started
364.9336 	DATA 	Keypress: lctrl
365.0510 	EXP 	Sound  started
365.6535 	DATA 	Keypress: rctrl
365.8010 	EXP 	Sound  started
366.3576 	DATA 	Keypress: lctrl
366.5510 	EXP 	Sound  started
367.0616 	DATA 	Keypress: rctrl
367.3010 	EXP 	Sound  started
367.8616 	DATA 	Keypress: rctrl
368.0510 	EXP 	Sound  started
368.6456 	DATA 	Keypress: lctrl
368.8010 	EXP 	Sound  started
369.5511 	EXP 	Sound  started
369.6056 	DATA 	Keypress: rctrl
370.2936 	DATA 	Keypress: lctrl
370.3011 	EXP 	Sound  started
371.0456 	DATA 	Keypress: rctrl
371.0511 	EXP 	Sound  started
371.7816 	DATA 	Keypress: lctrl
371.8011 	EXP 	Sound  started
372.4696 	DATA 	Keypress: rctrl
372.5511 	EXP 	Sound  started
373.1896 	DATA 	Keypress: rctrl
373.3011 	EXP 	Sound  started
373.9256 	DATA 	Keypress: rctrl
374.0511 	EXP 	Sound  started
374.6936 	DATA 	Keypress: rctrl
374.8012 	EXP 	Sound  started
375.4936 	DATA 	Keypress: rctrl
375.5512 	EXP 	Sound  started
376.1656 	DATA 	Keypress: rctrl
376.3012 	EXP 	Sound  started
376.9655 	DATA 	Keypress: rctrl
377.0512 	EXP 	Sound  started
377.6696 	DATA 	Keypress: lctrl
377.8012 	EXP 	Sound  started
378.3896 	DATA 	Keypress: rctrl
378.5512 	EXP 	Sound  started
379.1416 	DATA 	Keypress: lctrl
379.3013 	EXP 	Sound  started
379.9096 	DATA 	Keypress: lctrl
380.0513 	EXP 	Sound  started
380.6616 	DATA 	Keypress: lctrl
380.8013 	EXP 	Sound  started
381.4136 	DATA 	Keypress: rctrl
381.5513 	EXP 	Sound  started
382.1655 	DATA 	Keypress: lctrl
382.3013 	EXP 	Sound  started
382.8695 	DATA 	Keypress: rctrl
383.0513 	EXP 	Sound  started
383.6855 	DATA 	Keypress: rctrl
383.8013 	EXP 	Sound  started
384.5016 	DATA 	Keypress: rctrl
384.5514 	EXP 	Sound  started
385.2215 	DATA 	Keypress: lctrl
385.3014 	EXP 	Sound  started
385.8616 	DATA 	Keypress: rctrl
388.7908 	DATA 	Keypress: 3
388.8073 	EXP 	unnamed ShapeStim: vertices = <class 'numpy.ndarray'>
391.7599 	DATA 	Keypress: 3
391.7764 	EXP 	unnamed ShapeStim: vertices = <class 'numpy.ndarray'>
394.4627 	DATA 	Keypress: 2
394.4791 	EXP 	unnamed ShapeStim: vertices = <class 'numpy.ndarray'>
396.7631 	EXP 	Sound  started
396.8375 	DATA 	Keypress: rctrl
397.4456 	DATA 	Keypress: lctrl
397.5131 	EXP 	Sound  started
398.2295 	DATA 	Keypress: rctrl
398.2631 	EXP 	Sound  started
398.8856 	DATA 	Keypress: rctrl
399.0131 	EXP 	Sound  started
399.6376 	DATA 	Keypress: rctrl
399.7631 	EXP 	Sound  started
400.3256 	DATA 	Keypress: lctrl
400.5131 	EXP 	Sound  started
401.0776 	DATA 	Keypress: rctrl
401.2631 	EXP 	Sound  started
401.8455 	DATA 	Keypress: lctrl
402.0131 	EXP 	Sound  started
402.4696 	DATA 	Keypress: rctrl
402.7632 	EXP 	Sound  started
403.2216 	DATA 	Keypress: lctrl
403.5132 	EXP 	Sound  started
403.8936 	DATA 	Keypress: lctrl
404.2632 	EXP 	Sound  started
404.7095 	DATA 	Keypress: lctrl
405.0132 	EXP 	Sound  started
405.4776 	DATA 	Keypress: rctrl
405.7632 	EXP 	Sound  started
406.2456 	DATA 	Keypress: rctrl
406.5132 	EXP 	Sound  started
406.9496 	DATA 	Keypress: rctrl
407.2632 	EXP 	Sound  started
407.7336 	DATA 	Keypress: rctrl
408.0133 	EXP 	Sound  started
408.5336 	DATA 	Keypress: lctrl
408.7633 	EXP 	Sound  started
409.3656 	DATA 	Keypress: lctrl
409.5133 	EXP 	Sound  started
410.1336 	DATA 	Keypress: rctrl
410.2633 	EXP 	Sound  started
410.8696 	DATA 	Keypress: lctrl
411.0133 	EXP 	Sound  started
411.6215 	DATA 	Keypress: rctrl
411.7633 	EXP 	Sound  started
412.4055 	DATA 	Keypress: lctrl
412.5133 	EXP 	Sound  started
413.1736 	DATA 	Keypress: lctrl
413.2634 	EXP 	Sound  started
413.9417 	DATA 	Keypress: rctrl
414.0134 	EXP 	Sound  started
414.7256 	DATA 	Keypress: rctrl
414.7634 	EXP 	Sound  started
415.4135 	DATA 	Keypress: rctrl
415.5134 	EXP 	Sound  started
416.1177 	DATA 	Keypress: lctrl
416.2634 	EXP 	Sound  started
416.9336 	DATA 	Keypress: lctrl
417.0134 	EXP 	Sound  started
417.6535 	DATA 	Keypress: rctrl
417.7634 	EXP 	Sound  started
418.4056 	DATA 	Keypress: lctrl
418.5135 	EXP 	Sound  started
419.1416 	DATA 	Keypress: rctrl
419.2635 	EXP 	Sound  started
419.9256 	DATA 	Keypress: rctrl
420.0135 	EXP 	Sound  started
420.6936 	DATA 	Keypress: rctrl
420.7635 	EXP 	Sound  started
421.4616 	DATA 	Keypress: lctrl
421.5135 	EXP 	Sound  started
422.1335 	DATA 	Keypress: rctrl
422.2635 	EXP 	Sound  started
422.9496 	DATA 	Keypress: lctrl
423.0135 	EXP 	Sound  started
423.7335 	DATA 	Keypress: rctrl
423.7636 	EXP 	Sound  started
424.5015 	DATA 	Keypress: rctrl
424.5136 	EXP 	Sound  started
425.1415 	DATA 	Keypress: lctrl
425.2636 	EXP 	Sound  started
425.9256 	DATA 	Keypress: lctrl
426.0136 	EXP 	Sound  started
426.5975 	DATA 	Keypress: rctrl
426.7636 	EXP 	Sound  started
427.3175 	DATA 	Keypress: lctrl
427.5136 	EXP 	Sound  started
428.1496 	DATA 	Keypress: lctrl
428.2637 	EXP 	Sound  started
428.9656 	DATA 	Keypress: rctrl
429.0137 	EXP 	Sound  started
429.6696 	DATA 	Keypress: lctrl
429.7637 	EXP 	Sound  started
430.3576 	DATA 	Keypress: rctrl
430.5137 	EXP 	Sound  started
431.1576 	DATA 	Keypress: rctrl
431.2637 	EXP 	Sound  started
431.9735 	DATA 	Keypress: rctrl
432.0137 	EXP 	Sound  started
432.6936 	DATA 	Keypress: lctrl
432.7638 	EXP 	Sound  started
433.4456 	DATA 	Keypress: rctrl
433.5138 	EXP 	Sound  started
434.2297 	DATA 	Keypress: lctrl
434.2638 	EXP 	Sound  started
434.9656 	DATA 	Keypress: rctrl
435.0138 	EXP 	Sound  started
435.7176 	DATA 	Keypress: lctrl
435.7638 	EXP 	Sound  started
436.5016 	DATA 	Keypress: lctrl
436.5138 	EXP 	Sound  started
437.2056 	DATA 	Keypress: lctrl
437.2639 	EXP 	Sound  started
438.0139 	EXP 	Sound  started
438.0376 	DATA 	Keypress: lctrl
438.7639 	EXP 	Sound  started
438.8215 	DATA 	Keypress: lctrl
439.5095 	DATA 	Keypress: lctrl
439.5139 	EXP 	Sound  started
440.2455 	DATA 	Keypress: lctrl
440.2639 	EXP 	Sound  started
441.0136 	DATA 	Keypress: lctrl
443.5523 	DATA 	Keypress: 4
443.5688 	EXP 	unnamed ShapeStim: vertices = <class 'numpy.ndarray'>
446.4380 	DATA 	Keypress: 4
446.4545 	EXP 	unnamed ShapeStim: vertices = <class 'numpy.ndarray'>
448.6737 	DATA 	Keypress: 4
448.6902 	EXP 	unnamed ShapeStim: vertices = <class 'numpy.ndarray'>
450.9745 	EXP 	Sound  started
451.1576 	DATA 	Keypress: rctrl
451.7244 	EXP 	Sound  started
451.7336 	DATA 	Keypress: lctrl
452.4056 	DATA 	Keypress: rctrl
452.4744 	EXP 	Sound  started
453.1095 	DATA 	Keypress: lctrl
453.2244 	EXP 	Sound  started
453.8775 	DATA 	Keypress: lctrl
453.9744 	EXP 	Sound  started
454.6135 	DATA 	Keypress: lctrl
454.7244 	EXP 	Sound  started
455.3655 	DATA 	Keypress: lctrl
455.4744 	EXP 	Sound  started
456.1016 	DATA 	Keypress: rctrl
456.2245 	EXP 	Sound  started
456.9016 	DATA 	Keypress: rctrl
456.9745 	EXP 	Sound  started
457.5575 	DATA 	Keypress: lctrl
457.7245 	EXP 	Sound  started
458.2936 	DATA 	Keypress: rctrl
458.4745 	EXP 	Sound  started
459.0136 	DATA 	Keypress: lctrl
459.2245 	EXP 	Sound  started
459.7016 	DATA 	Keypress: rctrl
459.9745 	EXP 	Sound  started
460.5016 	DATA 	Keypress: lctrl
460.7245 	EXP 	Sound  started
461.2535 	DATA 	Keypress: rctrl
461.4746 	EXP 	Sound  started
462.0536 	DATA 	Keypress: rctrl
462.2246 	EXP 	Sound  started
462.9335 	DATA 	Keypress: rctrl
462.9746 	EXP 	Sound  started
463.7246 	EXP 	Sound  started
463.7495 	DATA 	Keypress: lctrl
464.4535 	DATA 	Keypress: rctrl
464.4747 	EXP 	Sound  started
465.1255 	DATA 	Keypress: lctrl
465.2247 	EXP 	Sound  started
465.8775 	DATA 	Keypress: rctrl
465.9747 	EXP 	Sound  started
466.6456 	DATA 	Keypress: rctrl
466.7247 	EXP 	Sound  started
467.3976 	DATA 	Keypress: rctrl
467.4747 	EXP 	Sound  started
468.1175 	DATA 	Keypress: lctrl
468.2247 	EXP 	Sound  started
468.8216 	DATA 	Keypress: rctrl
468.9747 	EXP 	Sound  started
469.6375 	DATA 	Keypress: rctrl
469.7248 	EXP 	Sound  started
470.3416 	DATA 	Keypress: rctrl
470.4748 	EXP 	Sound  started
471.1415 	DATA 	Keypress: lctrl
471.2248 	EXP 	Sound  started
471.8935 	DATA 	Keypress: rctrl
471.9748 	EXP 	Sound  started
472.6136 	DATA 	Keypress: rctrl
472.7248 	EXP 	Sound  started
473.3656 	DATA 	Keypress: rctrl
473.4748 	EXP 	Sound  started
474.1015 	DATA 	Keypress: lctrl
474.2249 	EXP 	Sound  started
474.8537 	DATA 	Keypress: rctrl
474.9749 	EXP 	Sound  started
475.6055 	DATA 	Keypress: lctrl
475.7249 	EXP 	Sound  started
476.3735 	DATA 	Keypress: lctrl
476.4749 	EXP 	Sound  started
477.1576 	DATA 	Keypress: rctrl
477.2249 	EXP 	Sound  started
477.8777 	DATA 	Keypress: lctrl
477.9749 	EXP 	Sound  started
478.6456 	DATA 	Keypress: rctrl
478.7249 	EXP 	Sound  started
479.4297 	DATA 	Keypress: rctrl
479.4750 	EXP 	Sound  started
480.1176 	DATA 	Keypress: rctrl
480.2250 	EXP 	Sound  started
480.9175 	DATA 	Keypress: rctrl
480.9750 	EXP 	Sound  started
481.6856 	DATA 	Keypress: rctrl
481.7250 	EXP 	Sound  started
482.4215 	DATA 	Keypress: rctrl
482.4750 	EXP 	Sound  started
483.0935 	DATA 	Keypress: rctrl
483.2250 	EXP 	Sound  started
483.8295 	DATA 	Keypress: lctrl
483.9751 	EXP 	Sound  started
484.5656 	DATA 	Keypress: rctrl
484.7251 	EXP 	Sound  started
485.3176 	DATA 	Keypress: lctrl
485.4751 	EXP 	Sound  started
486.1336 	DATA 	Keypress: lctrl
486.2251 	EXP 	Sound  started
486.9751 	EXP 	Sound  started
487.1256 	DATA 	Keypress: rctrl
487.7251 	EXP 	Sound  started
487.7335 	DATA 	Keypress: lctrl
488.3735 	DATA 	Keypress: rctrl
488.4751 	EXP 	Sound  started
489.1095 	DATA 	Keypress: lctrl
489.2252 	EXP 	Sound  started
489.8775 	DATA 	Keypress: lctrl
489.9752 	EXP 	Sound  started
490.6615 	DATA 	Keypress: rctrl
492.8427 	DATA 	Keypress: 2
492.8592 	EXP 	unnamed ShapeStim: vertices = <class 'numpy.ndarray'>
498.2009 	DATA 	Keypress: 2
498.2303 	EXP 	unnamed ShapeStim: vertices = <class 'numpy.ndarray'>
500.2321 	DATA 	Keypress: 2
500.2486 	EXP 	unnamed ShapeStim: vertices = <class 'numpy.ndarray'>
502.5335 	EXP 	Sound  started
502.6775 	DATA 	Keypress: rctrl
503.2696 	DATA 	Keypress: lctrl
503.2835 	EXP 	Sound  started
503.9415 	DATA 	Keypress: rctrl
504.0335 	EXP 	Sound  started
504.7576 	DATA 	Keypress: rctrl
504.7835 	EXP 	Sound  started
505.4775 	DATA 	Keypress: rctrl
505.5335 	EXP 	Sound  started
506.2455 	DATA 	Keypress: rctrl
506.2835 	EXP 	Sound  started
506.9976 	DATA 	Keypress: rctrl
507.0336 	EXP 	Sound  started
507.7016 	DATA 	Keypress: lctrl
507.7836 	EXP 	Sound  started
508.4696 	DATA 	Keypress: lctrl
508.5336 	EXP 	Sound  started
509.1895 	DATA 	Keypress: rctrl
509.2836 	EXP 	Sound  started
509.9735 	DATA 	Keypress: lctrl
510.0336 	EXP 	Sound  started
510.6295 	DATA 	Keypress: rctrl
510.7836 	EXP 	Sound  started
511.5256 	DATA 	Keypress: lctrl
511.5337 	EXP 	Sound  started
512.1816 	DATA 	Keypress: rctrl
512.2837 	EXP 	Sound  started
512.9335 	DATA 	Keypress: lctrl
513.0337 	EXP 	Sound  started
513.7015 	DATA 	Keypress: lctrl
513.7837 	EXP 	Sound  started
514.4856 	DATA 	Keypress: lctrl
514.5337 	EXP 	Sound  started
515.1735 	DATA 	Keypress: lctrl
515.2837 	EXP 	Sound  started
515.8616 	DATA 	Keypress: lctrl
516.0337 	EXP 	Sound  started
516.6135 	DATA 	Keypress: rctrl
516.7838 	EXP 	Sound  started
517.4136 	DATA 	Keypress: rctrl
517.5338 	EXP 	Sound  started
518.2615 	DATA 	Keypress: rctrl
518.2838 	EXP 	Sound  started
519.0295 	DATA 	Keypress: rctrl
519.0338 	EXP 	Sound  started
519.7656 	DATA 	Keypress: rctrl
519.7838 	EXP 	Sound  started
520.3255 	DATA 	Keypress: rctrl
520.5338 	EXP 	Sound  started
521.1095 	DATA 	Keypress: rctrl
521.2838 	EXP 	Sound  started
521.8296 	DATA 	Keypress: rctrl
522.0339 	EXP 	Sound  started
522.5815 	DATA 	Keypress: rctrl
522.7839 	EXP 	Sound  started
523.2856 	DATA 	Keypress: lctrl
523.5339 	EXP 	Sound  started
524.1016 	DATA 	Keypress: lctrl
524.2839 	EXP 	Sound  started
524.8055 	DATA 	Keypress: lctrl
525.0339 	EXP 	Sound  started
525.5736 	DATA 	Keypress: lctrl
525.7839 	EXP 	Sound  started
526.3736 	DATA 	Keypress: lctrl
526.5340 	EXP 	Sound  started
527.1096 	DATA 	Keypress: lctrl
527.2840 	EXP 	Sound  started
527.8615 	DATA 	Keypress: lctrl
528.0340 	EXP 	Sound  started
528.7576 	DATA 	Keypress: lctrl
528.7840 	EXP 	Sound  started
529.5340 	EXP 	Sound  started
529.5896 	DATA 	Keypress: lctrl
530.2297 	DATA 	Keypress: lctrl
530.2840 	EXP 	Sound  started
530.8535 	DATA 	Keypress: rctrl
531.0340 	EXP 	Sound  started
531.7656 	DATA 	Keypress: rctrl
531.7841 	EXP 	Sound  started
532.4855 	DATA 	Keypress: rctrl
532.5341 	EXP 	Sound  started
533.2056 	DATA 	Keypress: rctrl
533.2841 	EXP 	Sound  started
533.8455 	DATA 	Keypress: rctrl
534.0341 	EXP 	Sound  started
534.6296 	DATA 	Keypress: lctrl
534.7841 	EXP 	Sound  started
535.4776 	DATA 	Keypress: rctrl
535.5342 	EXP 	Sound  started
536.2615 	DATA 	Keypress: rctrl
536.2842 	EXP 	Sound  started
536.8696 	DATA 	Keypress: lctrl
537.0342 	EXP 	Sound  started
537.6535 	DATA 	Keypress: lctrl
537.7842 	EXP 	Sound  started
538.3896 	DATA 	Keypress: lctrl
538.5342 	EXP 	Sound  started
539.1415 	DATA 	Keypress: rctrl
539.2842 	EXP 	Sound  started
539.8615 	DATA 	Keypress: lctrl
540.0342 	EXP 	Sound  started
540.6456 	DATA 	Keypress: rctrl
540.7843 	EXP 	Sound  started
541.4136 	DATA 	Keypress: rctrl
541.5343 	EXP 	Sound  started
542.1495 	DATA 	Keypress: lctrl
542.2843 	EXP 	Sound  started
543.0136 	DATA 	Keypress: lctrl
543.0343 	EXP 	Sound  started
543.6535 	DATA 	Keypress: rctrl
543.7843 	EXP 	Sound  started
544.4856 	DATA 	Keypress: lctrl
544.5343 	EXP 	Sound  started
545.1415 	DATA 	Keypress: rctrl
545.2843 	EXP 	Sound  started
545.9256 	DATA 	Keypress: rctrl
546.0344 	EXP 	Sound  started
546.6775 	DATA 	Keypress: lctrl
546.7844 	EXP 	Sound  started
547.3816 	DATA 	Keypress: lctrl
547.5344 	EXP 	Sound  started
548.1175 	DATA 	Keypress: lctrl
548.2844 	EXP 	Sound  started
548.9495 	DATA 	Keypress: lctrl
549.0344 	EXP 	Sound  started
549.7175 	DATA 	Keypress: rctrl
549.7844 	EXP 	Sound  started
550.5345 	EXP 	Sound  started
550.6455 	DATA 	Keypress: lctrl
551.2845 	EXP 	Sound  started
551.4296 	DATA 	Keypress: rctrl
552.1084 	DATA 	Keypress: lctrl
554.7434 	DATA 	Keypress: 3
554.7599 	EXP 	unnamed ShapeStim: vertices = <class 'numpy.ndarray'>
558.0461 	DATA 	Keypress: 3
558.0626 	EXP 	unnamed ShapeStim: vertices = <class 'numpy.ndarray'>
561.8826 	DATA 	Keypress: 3
561.8991 	EXP 	unnamed ShapeStim: vertices = <class 'numpy.ndarray'>
564.1842 	EXP 	Sound  started
564.3576 	DATA 	Keypress: lctrl
564.9342 	EXP 	Sound  started
564.9656 	DATA 	Keypress: rctrl
564.9673 	DATA 	Keypress: lshift
565.6696 	DATA 	Keypress: lctrl
565.6842 	EXP 	Sound  started
566.3895 	DATA 	Keypress: lctrl
566.4342 	EXP 	Sound  started
567.1256 	DATA 	Keypress: lctrl
567.1842 	EXP 	Sound  started
567.8616 	DATA 	Keypress: rctrl
567.9342 	EXP 	Sound  started
568.6615 	DATA 	Keypress: lctrl
568.6842 	EXP 	Sound  started
569.3655 	DATA 	Keypress: rctrl
569.4343 	EXP 	Sound  started
570.1335 	DATA 	Keypress: rctrl
570.1843 	EXP 	Sound  started
570.8536 	DATA 	Keypress: rctrl
570.9343 	EXP 	Sound  started
571.6056 	DATA 	Keypress: lctrl
571.6843 	EXP 	Sound  started
572.3415 	DATA 	Keypress: rctrl
572.4343 	EXP 	Sound  started
573.1417 	DATA 	Keypress: lctrl
573.1843 	EXP 	Sound  started
573.8776 	DATA 	Keypress: lctrl
573.9344 	EXP 	Sound  started
574.5976 	DATA 	Keypress: lctrl
574.6844 	EXP 	Sound  started
575.3815 	DATA 	Keypress: lctrl
575.4344 	EXP 	Sound  started
576.0855 	DATA 	Keypress: lctrl
576.1844 	EXP 	Sound  started
576.7896 	DATA 	Keypress: rctrl
576.9344 	EXP 	Sound  started
577.5897 	DATA 	Keypress: lctrl
577.6844 	EXP 	Sound  started
578.3096 	DATA 	Keypress: rctrl
578.4344 	EXP 	Sound  started
579.0615 	DATA 	Keypress: rctrl
579.1845 	EXP 	Sound  started
579.7655 	DATA 	Keypress: rctrl
579.9345 	EXP 	Sound  started
580.5176 	DATA 	Keypress: lctrl
580.6845 	EXP 	Sound  started
581.3015 	DATA 	Keypress: rctrl
581.4345 	EXP 	Sound  started
582.0855 	DATA 	Keypress: lctrl
582.1845 	EXP 	Sound  started
582.9336 	DATA 	Keypress: lctrl
582.9345 	EXP 	Sound  started
583.6375 	DATA 	Keypress: lctrl
583.6845 	EXP 	Sound  started
584.4055 	DATA 	Keypress: rctrl
584.4346 	EXP 	Sound  started
585.1846 	EXP 	Sound  started
585.1895 	DATA 	Keypress: lctrl
585.8775 	DATA 	Keypress: rctrl
585.9346 	EXP 	Sound  started
586.6296 	DATA 	Keypress: rctrl
586.6846 	EXP 	Sound  started
587.3656 	DATA 	Keypress: rctrl
587.4346 	EXP 	Sound  started
588.1176 	DATA 	Keypress: rctrl
588.1846 	EXP 	Sound  started
588.9336 	DATA 	Keypress: rctrl
588.9347 	EXP 	Sound  started
589.6216 	DATA 	Keypress: rctrl
589.6847 	EXP 	Sound  started
590.3575 	DATA 	Keypress: lctrl
590.4347 	EXP 	Sound  started
591.1575 	DATA 	Keypress: lctrl
591.1847 	EXP 	Sound  started
591.9347 	EXP 	Sound  started
591.9416 	DATA 	Keypress: lctrl
592.6295 	DATA 	Keypress: rctrl
592.6847 	EXP 	Sound  started
593.4347 	EXP 	Sound  started
593.4775 	DATA 	Keypress: rctrl
594.1495 	DATA 	Keypress: lctrl
594.1848 	EXP 	Sound  started
594.8535 	DATA 	Keypress: rctrl
594.9348 	EXP 	Sound  started
595.5575 	DATA 	Keypress: lctrl
595.6848 	EXP 	Sound  started
596.3095 	DATA 	Keypress: lctrl
596.4348 	EXP 	Sound  started
597.0775 	DATA 	Keypress: lctrl
597.1848 	EXP 	Sound  started
597.8295 	DATA 	Keypress: rctrl
597.9348 	EXP 	Sound  started
598.6296 	DATA 	Keypress: rctrl
598.6848 	EXP 	Sound  started
599.4135 	DATA 	Keypress: lctrl
599.4349 	EXP 	Sound  started
600.0695 	DATA 	Keypress: rctrl
600.1849 	EXP 	Sound  started
600.9335 	DATA 	Keypress: rctrl
600.9349 	EXP 	Sound  started
601.5895 	DATA 	Keypress: rctrl
601.6849 	EXP 	Sound  started
602.4056 	DATA 	Keypress: lctrl
602.4349 	EXP 	Sound  started
603.1735 	DATA 	Keypress: rctrl
603.1849 	EXP 	Sound  started
603.8935 	DATA 	Keypress: rctrl
603.9349 	EXP 	Sound  started
604.6136 	DATA 	Keypress: rctrl
604.6850 	EXP 	Sound  started
605.4350 	EXP 	Sound  started
605.5096 	DATA 	Keypress: lctrl
606.1495 	DATA 	Keypress: lctrl
606.1850 	EXP 	Sound  started
606.9350 	EXP 	Sound  started
606.9495 	DATA 	Keypress: lctrl
607.6850 	EXP 	Sound  started
607.7015 	DATA 	Keypress: lctrl
608.3736 	DATA 	Keypress: rctrl
608.4350 	EXP 	Sound  started
609.1255 	DATA 	Keypress: rctrl
609.1851 	EXP 	Sound  started
609.8296 	DATA 	Keypress: lctrl
609.9351 	EXP 	Sound  started
610.6135 	DATA 	Keypress: rctrl
610.6851 	EXP 	Sound  started
611.3815 	DATA 	Keypress: lctrl
611.4351 	EXP 	Sound  started
612.0535 	DATA 	Keypress: rctrl
612.1851 	EXP 	Sound  started
612.9175 	DATA 	Keypress: rctrl
612.9351 	EXP 	Sound  started
613.6375 	DATA 	Keypress: rctrl
613.6851 	EXP 	Sound  started
614.3895 	DATA 	Keypress: rctrl
614.4351 	EXP 	Sound  started
615.0937 	DATA 	Keypress: lctrl
615.1852 	EXP 	Sound  started
615.7975 	DATA 	Keypress: lctrl
619.2629 	DATA 	Keypress: 3
619.2794 	EXP 	unnamed ShapeStim: vertices = <class 'numpy.ndarray'>
621.6149 	DATA 	Keypress: 2
621.6314 	EXP 	unnamed ShapeStim: vertices = <class 'numpy.ndarray'>
624.4885 	DATA 	Keypress: 3
624.5175 	EXP 	unnamed ShapeStim: vertices = <class 'numpy.ndarray'>
626.8022 	EXP 	Sound  started
626.8027 	DATA 	Keypress: rctrl
627.4936 	DATA 	Keypress: lctrl
627.5522 	EXP 	Sound  started
628.1975 	DATA 	Keypress: rctrl
628.3022 	EXP 	Sound  started
628.9656 	DATA 	Keypress: rctrl
629.0522 	EXP 	Sound  started
629.7975 	DATA 	Keypress: rctrl
629.8022 	EXP 	Sound  started
630.4855 	DATA 	Keypress: lctrl
630.5522 	EXP 	Sound  started
631.2215 	DATA 	Keypress: lctrl
631.3022 	EXP 	Sound  started
631.9735 	DATA 	Keypress: rctrl
632.0523 	EXP 	Sound  started
632.6776 	DATA 	Keypress: lctrl
632.8023 	EXP 	Sound  started
633.4456 	DATA 	Keypress: rctrl
633.5523 	EXP 	Sound  started
634.2296 	DATA 	Keypress: rctrl
634.3023 	EXP 	Sound  started
634.9175 	DATA 	Keypress: rctrl
635.0523 	EXP 	Sound  started
635.6056 	DATA 	Keypress: lctrl
635.8023 	EXP 	Sound  started
636.4055 	DATA 	Keypress: lctrl
636.5523 	EXP 	Sound  started
637.1575 	DATA 	Keypress: lctrl
637.3024 	EXP 	Sound  started
638.0055 	DATA 	Keypress: rctrl
638.0524 	EXP 	Sound  started
638.7416 	DATA 	Keypress: rctrl
638.8024 	EXP 	Sound  started
639.5524 	EXP 	Sound  started
639.5576 	DATA 	Keypress: lctrl
640.2455 	DATA 	Keypress: rctrl
640.3024 	EXP 	Sound  started
640.9175 	DATA 	Keypress: lctrl
641.0524 	EXP 	Sound  started
641.7015 	DATA 	Keypress: rctrl
641.8025 	EXP 	Sound  started
642.4695 	DATA 	Keypress: lctrl
642.5525 	EXP 	Sound  started
643.2695 	DATA 	Keypress: lctrl
643.3025 	EXP 	Sound  started
643.9255 	DATA 	Keypress: lctrl
644.0525 	EXP 	Sound  started
644.7575 	DATA 	Keypress: lctrl
644.8025 	EXP 	Sound  started
645.5415 	DATA 	Keypress: lctrl
645.5525 	EXP 	Sound  started
646.3026 	EXP 	Sound  started
646.3096 	DATA 	Keypress: rctrl
647.0455 	DATA 	Keypress: lctrl
647.0526 	EXP 	Sound  started
647.7975 	DATA 	Keypress: rctrl
647.8026 	EXP 	Sound  started
648.5336 	DATA 	Keypress: rctrl
648.5526 	EXP 	Sound  started
649.2856 	DATA 	Keypress: rctrl
649.3026 	EXP 	Sound  started
650.0375 	DATA 	Keypress: rctrl
650.0526 	EXP 	Sound  started
650.7895 	DATA 	Keypress: rctrl
650.8026 	EXP 	Sound  started
651.5527 	EXP 	Sound  started
651.5736 	DATA 	Keypress: rctrl
652.2455 	DATA 	Keypress: rctrl
652.3027 	EXP 	Sound  started
652.9815 	DATA 	Keypress: rctrl
653.0527 	EXP 	Sound  started
653.7975 	DATA 	Keypress: rctrl
653.8027 	EXP 	Sound  started
654.4855 	DATA 	Keypress: rctrl
654.5527 	EXP 	Sound  started
655.2535 	DATA 	Keypress: lctrl
655.3027 	EXP 	Sound  started
656.0375 	DATA 	Keypress: lctrl
656.0527 	EXP 	Sound  started
656.7415 	DATA 	Keypress: rctrl
656.8028 	EXP 	Sound  started
657.4935 	DATA 	Keypress: lctrl
657.5528 	EXP 	Sound  started
658.2295 	DATA 	Keypress: lctrl
658.3028 	EXP 	Sound  started
658.9975 	DATA 	Keypress: lctrl
659.0528 	EXP 	Sound  started
659.7176 	DATA 	Keypress: rctrl
659.8028 	EXP 	Sound  started
660.5175 	DATA 	Keypress: rctrl
660.5528 	EXP 	Sound  started
661.2055 	DATA 	Keypress: lctrl
661.3028 	EXP 	Sound  started
661.9255 	DATA 	Keypress: rctrl
662.0529 	EXP 	Sound  started
662.8029 	EXP 	Sound  started
662.8055 	DATA 	Keypress: rctrl
663.4935 	DATA 	Keypress: lctrl
663.5529 	EXP 	Sound  started
664.3029 	EXP 	Sound  started
664.3096 	DATA 	Keypress: lctrl
665.0295 	DATA 	Keypress: lctrl
665.0529 	EXP 	Sound  started
665.8029 	EXP 	Sound  started
665.8135 	DATA 	Keypress: lctrl
666.5335 	DATA 	Keypress: lctrl
666.5530 	EXP 	Sound  started
667.2856 	DATA 	Keypress: lctrl
667.3030 	EXP 	Sound  started
668.0055 	DATA 	Keypress: rctrl
668.0530 	EXP 	Sound  started
668.7575 	DATA 	Keypress: lctrl
668.8030 	EXP 	Sound  started
669.4615 	DATA 	Keypress: rctrl
669.5530 	EXP 	Sound  started
670.1976 	DATA 	Keypress: lctrl
670.3030 	EXP 	Sound  started
671.0455 	DATA 	Keypress: lctrl
671.0531 	EXP 	Sound  started
671.7815 	DATA 	Keypress: lctrl
671.8031 	EXP 	Sound  started
672.4856 	DATA 	Keypress: lctrl
672.5531 	EXP 	Sound  started
673.2855 	DATA 	Keypress: rctrl
673.3031 	EXP 	Sound  started
674.0215 	DATA 	Keypress: rctrl
674.0531 	EXP 	Sound  started
674.8031 	EXP 	Sound  started
674.8055 	DATA 	Keypress: rctrl
675.5532 	EXP 	Sound  started
675.5575 	DATA 	Keypress: rctrl
676.2295 	DATA 	Keypress: lctrl
676.3032 	EXP 	Sound  started
676.9655 	DATA 	Keypress: lctrl
677.0532 	EXP 	Sound  started
677.7815 	DATA 	Keypress: lctrl
677.8032 	EXP 	Sound  started
678.5532 	EXP 	Sound  started
678.6616 	DATA 	Keypress: rctrl
679.2696 	DATA 	Keypress: lctrl
679.3032 	EXP 	Sound  started
680.0215 	DATA 	Keypress: rctrl
680.0533 	EXP 	Sound  started
680.7895 	DATA 	Keypress: rctrl
680.8033 	EXP 	Sound  started
681.5095 	DATA 	Keypress: rctrl
681.5533 	EXP 	Sound  started
682.2935 	DATA 	Keypress: rctrl
682.3033 	EXP 	Sound  started
683.0296 	DATA 	Keypress: lctrl
683.0533 	EXP 	Sound  started
683.8033 	EXP 	Sound  started
683.8456 	DATA 	Keypress: lctrl
684.5015 	DATA 	Keypress: rctrl
684.5533 	EXP 	Sound  started
685.1735 	DATA 	Keypress: rctrl
685.3034 	EXP 	Sound  started
685.9896 	DATA 	Keypress: lctrl
686.0534 	EXP 	Sound  started
686.8034 	EXP 	Sound  started
686.8055 	DATA 	Keypress: rctrl
687.5534 	EXP 	Sound  started
687.5575 	DATA 	Keypress: lctrl
688.3237 	DATA 	Keypress: rctrl
692.2227 	DATA 	Keypress: 2
692.2392 	EXP 	unnamed ShapeStim: vertices = <class 'numpy.ndarray'>
696.5929 	DATA 	Keypress: 2
696.6095 	EXP 	unnamed ShapeStim: vertices = <class 'numpy.ndarray'>
700.2163 	DATA 	Keypress: 1
700.2458 	EXP 	unnamed ShapeStim: vertices = <class 'numpy.ndarray'>
702.5306 	EXP 	Sound  started
702.5313 	DATA 	Keypress: rctrl
703.2805 	EXP 	Sound  started
703.3015 	DATA 	Keypress: rctrl
704.0305 	EXP 	Sound  started
704.0375 	DATA 	Keypress: rctrl
704.7415 	DATA 	Keypress: rctrl
704.7805 	EXP 	Sound  started
705.4775 	DATA 	Keypress: rctrl
705.5305 	EXP 	Sound  started
706.1975 	DATA 	Keypress: lctrl
706.2805 	EXP 	Sound  started
706.9495 	DATA 	Keypress: lctrl
707.0306 	EXP 	Sound  started
707.7806 	EXP 	Sound  started
707.7975 	DATA 	Keypress: lctrl
708.4695 	DATA 	Keypress: lctrl
708.5306 	EXP 	Sound  started
709.2806 	EXP 	Sound  started
709.3015 	DATA 	Keypress: lctrl
709.9575 	DATA 	Keypress: lctrl
710.0306 	EXP 	Sound  started
710.6136 	DATA 	Keypress: lctrl
710.7806 	EXP 	Sound  started
711.3495 	DATA 	Keypress: rctrl
711.5307 	EXP 	Sound  started
712.1335 	DATA 	Keypress: lctrl
712.2807 	EXP 	Sound  started
712.9495 	DATA 	Keypress: lctrl
713.0307 	EXP 	Sound  started
713.7807 	EXP 	Sound  started
713.7976 	DATA 	Keypress: lctrl
714.4535 	DATA 	Keypress: lctrl
714.5307 	EXP 	Sound  started
715.2375 	DATA 	Keypress: lctrl
715.2807 	EXP 	Sound  started
715.9415 	DATA 	Keypress: rctrl
716.0307 	EXP 	Sound  started
716.6775 	DATA 	Keypress: lctrl
716.7808 	EXP 	Sound  started
717.4615 	DATA 	Keypress: rctrl
717.5308 	EXP 	Sound  started
718.2456 	DATA 	Keypress: rctrl
718.2808 	EXP 	Sound  started
718.9176 	DATA 	Keypress: rctrl
719.0308 	EXP 	Sound  started
719.7808 	EXP 	Sound  started
719.8298 	DATA 	Keypress: rctrl
720.5016 	DATA 	Keypress: lctrl
720.5308 	EXP 	Sound  started
721.1735 	DATA 	Keypress: lctrl
721.2808 	EXP 	Sound  started
721.9895 	DATA 	Keypress: rctrl
722.0309 	EXP 	Sound  started
722.7096 	DATA 	Keypress: lctrl
722.7809 	EXP 	Sound  started
723.3975 	DATA 	Keypress: rctrl
723.5309 	EXP 	Sound  started
724.1335 	DATA 	Keypress: lctrl
724.2809 	EXP 	Sound  started
724.8375 	DATA 	Keypress: lctrl
725.0309 	EXP 	Sound  started
725.5735 	DATA 	Keypress: lctrl
725.7809 	EXP 	Sound  started
726.2615 	DATA 	Keypress: rctrl
726.5309 	EXP 	Sound  started
726.9655 	DATA 	Keypress: rctrl
727.2810 	EXP 	Sound  started
727.8936 	DATA 	Keypress: lctrl
728.0310 	EXP 	Sound  started
728.5975 	DATA 	Keypress: rctrl
728.7810 	EXP 	Sound  started
729.3655 	DATA 	Keypress: lctrl
729.5310 	EXP 	Sound  started
730.0855 	DATA 	Keypress: rctrl
730.2810 	EXP 	Sound  started
730.8055 	DATA 	Keypress: lctrl
731.0310 	EXP 	Sound  started
731.5895 	DATA 	Keypress: rctrl
731.7810 	EXP 	Sound  started
732.3095 	DATA 	Keypress: rctrl
732.5311 	EXP 	Sound  started
733.1095 	DATA 	Keypress: rctrl
733.2811 	EXP 	Sound  started
733.8616 	DATA 	Keypress: rctrl
734.0311 	EXP 	Sound  started
734.5655 	DATA 	Keypress: rctrl
734.7811 	EXP 	Sound  started
735.5311 	EXP 	Sound  started
735.6056 	DATA 	Keypress: lctrl
736.2811 	EXP 	Sound  started
736.4695 	DATA 	Keypress: rctrl
737.0312 	EXP 	Sound  started
737.0455 	DATA 	Keypress: lctrl
737.7175 	DATA 	Keypress: rctrl
737.7812 	EXP 	Sound  started
738.5312 	EXP 	Sound  started
738.5975 	DATA 	Keypress: rctrl
739.2812 	EXP 	Sound  started
739.3175 	DATA 	Keypress: rctrl
739.9895 	DATA 	Keypress: rctrl
740.0312 	EXP 	Sound  started
740.7255 	DATA 	Keypress: rctrl
740.7812 	EXP 	Sound  started
741.4135 	DATA 	Keypress: rctrl
741.5312 	EXP 	Sound  started
742.1495 	DATA 	Keypress: lctrl
742.2813 	EXP 	Sound  started
742.8535 	DATA 	Keypress: rctrl
743.0313 	EXP 	Sound  started
743.7015 	DATA 	Keypress: lctrl
743.7813 	EXP 	Sound  started
744.4375 	DATA 	Keypress: lctrl
744.5313 	EXP 	Sound  started
745.1895 	DATA 	Keypress: lctrl
745.2813 	EXP 	Sound  started
745.9255 	DATA 	Keypress: rctrl
746.0313 	EXP 	Sound  started
746.6775 	DATA 	Keypress: lctrl
746.7814 	EXP 	Sound  started
747.4456 	DATA 	Keypress: lctrl
747.5314 	EXP 	Sound  started
748.2814 	EXP 	Sound  started
748.2935 	DATA 	Keypress: rctrl
748.9975 	DATA 	Keypress: lctrl
749.0314 	EXP 	Sound  started
749.7495 	DATA 	Keypress: rctrl
749.7814 	EXP 	Sound  started
750.5314 	EXP 	Sound  started
750.5496 	DATA 	Keypress: lctrl
751.2535 	DATA 	Keypress: lctrl
751.2815 	EXP 	Sound  started
751.9575 	DATA 	Keypress: lctrl
752.0315 	EXP 	Sound  started
752.6935 	DATA 	Keypress: lctrl
752.7815 	EXP 	Sound  started
753.3975 	DATA 	Keypress: lctrl
753.5315 	EXP 	Sound  started
754.1495 	DATA 	Keypress: rctrl
754.2815 	EXP 	Sound  started
754.9335 	DATA 	Keypress: lctrl
755.0315 	EXP 	Sound  started
755.7815 	EXP 	Sound  started
756.4375 	DATA 	Keypress: rctrl
756.5316 	EXP 	Sound  started
757.1896 	DATA 	Keypress: lctrl
757.2816 	EXP 	Sound  started
757.9735 	DATA 	Keypress: rctrl
758.0316 	EXP 	Sound  started
758.5975 	DATA 	Keypress: lctrl
758.7816 	EXP 	Sound  started
759.4136 	DATA 	Keypress: lctrl
759.5316 	EXP 	Sound  started
760.1496 	DATA 	Keypress: lctrl
760.2816 	EXP 	Sound  started
760.9495 	DATA 	Keypress: lctrl
761.0317 	EXP 	Sound  started
761.5415 	DATA 	Keypress: lctrl
761.7817 	EXP 	Sound  started
762.2455 	DATA 	Keypress: lctrl
762.5317 	EXP 	Sound  started
763.1575 	DATA 	Keypress: lctrl
763.2817 	EXP 	Sound  started
763.8135 	DATA 	Keypress: lctrl
764.0317 	EXP 	Sound  started
764.5816 	DATA 	Keypress: rctrl
767.7054 	DATA 	Keypress: 2
767.7344 	EXP 	unnamed ShapeStim: vertices = <class 'numpy.ndarray'>
770.9539 	DATA 	Keypress: 1
770.9704 	EXP 	unnamed ShapeStim: vertices = <class 'numpy.ndarray'>
777.6928 	DATA 	Keypress: 1
777.7092 	EXP 	unnamed ShapeStim: vertices = <class 'numpy.ndarray'>
779.9942 	EXP 	Sound  started
780.1496 	DATA 	Keypress: rctrl
780.7441 	EXP 	Sound  started
780.7895 	DATA 	Keypress: rctrl
781.4615 	DATA 	Keypress: rctrl
781.4942 	EXP 	Sound  started
782.2135 	DATA 	Keypress: lctrl
782.2442 	EXP 	Sound  started
782.9942 	EXP 	Sound  started
783.0296 	DATA 	Keypress: lctrl
783.7175 	DATA 	Keypress: lctrl
783.7442 	EXP 	Sound  started
784.4375 	DATA 	Keypress: rctrl
784.4942 	EXP 	Sound  started
785.1735 	DATA 	Keypress: lctrl
785.2442 	EXP 	Sound  started
785.9095 	DATA 	Keypress: rctrl
785.9942 	EXP 	Sound  started
786.6615 	DATA 	Keypress: rctrl
786.7442 	EXP 	Sound  started
787.3496 	DATA 	Keypress: lctrl
787.4943 	EXP 	Sound  started
788.1656 	DATA 	Keypress: lctrl
788.2443 	EXP 	Sound  started
788.9015 	DATA 	Keypress: rctrl
788.9943 	EXP 	Sound  started
789.6695 	DATA 	Keypress: lctrl
789.7443 	EXP 	Sound  started
790.4535 	DATA 	Keypress: rctrl
790.4943 	EXP 	Sound  started
791.2215 	DATA 	Keypress: rctrl
791.2443 	EXP 	Sound  started
791.9944 	EXP 	Sound  started
792.0535 	DATA 	Keypress: rctrl
792.7095 	DATA 	Keypress: lctrl
792.7444 	EXP 	Sound  started
793.4296 	DATA 	Keypress: rctrl
793.4944 	EXP 	Sound  started
794.2444 	EXP 	Sound  started
794.2775 	DATA 	Keypress: lctrl
794.9175 	DATA 	Keypress: lctrl
794.9944 	EXP 	Sound  started
795.6854 	DATA 	Keypress: lctrl
795.7444 	EXP 	Sound  started
796.4944 	EXP 	Sound  started
796.5015 	DATA 	Keypress: lctrl
797.2376 	DATA 	Keypress: lctrl
797.2445 	EXP 	Sound  started
797.9415 	DATA 	Keypress: lctrl
797.9945 	EXP 	Sound  started
798.7445 	EXP 	Sound  started
798.8695 	DATA 	Keypress: lctrl
799.4945 	EXP 	Sound  started
799.5896 	DATA 	Keypress: lctrl
800.2135 	DATA 	Keypress: rctrl
800.2445 	EXP 	Sound  started
800.9335 	DATA 	Keypress: rctrl
800.9945 	EXP 	Sound  started
801.7446 	EXP 	Sound  started
801.7495 	DATA 	Keypress: rctrl
802.4855 	DATA 	Keypress: rctrl
802.4946 	EXP 	Sound  started
803.2446 	EXP 	Sound  started
803.2695 	DATA 	Keypress: rctrl
803.9895 	DATA 	Keypress: rctrl
803.9946 	EXP 	Sound  started
804.7446 	EXP 	Sound  started
804.8215 	DATA 	Keypress: rctrl
805.4946 	EXP 	Sound  started
805.5895 	DATA 	Keypress: lctrl
806.2446 	EXP 	Sound  started
806.3255 	DATA 	Keypress: rctrl
806.9947 	EXP 	Sound  started
807.0775 	DATA 	Keypress: rctrl
807.7447 	EXP 	Sound  started
807.7495 	DATA 	Keypress: rctrl
808.3896 	DATA 	Keypress: rctrl
808.4947 	EXP 	Sound  started
809.1576 	DATA 	Keypress: rctrl
809.2447 	EXP 	Sound  started
809.9415 	DATA 	Keypress: rctrl
809.9947 	EXP 	Sound  started
810.6616 	DATA 	Keypress: lctrl
810.7447 	EXP 	Sound  started
811.4295 	DATA 	Keypress: lctrl
811.4948 	EXP 	Sound  started
812.1974 	DATA 	Keypress: lctrl
812.2448 	EXP 	Sound  started
812.9336 	DATA 	Keypress: lctrl
812.9948 	EXP 	Sound  started
813.7335 	DATA 	Keypress: lctrl
813.7448 	EXP 	Sound  started
814.4948 	EXP 	Sound  started
814.6455 	DATA 	Keypress: rctrl
815.2448 	EXP 	Sound  started
815.3175 	DATA 	Keypress: lctrl
815.9948 	EXP 	Sound  started
816.0215 	DATA 	Keypress: rctrl
816.7448 	EXP 	Sound  started
816.7735 	DATA 	Keypress: lctrl
817.4775 	DATA 	Keypress: rctrl
817.4949 	EXP 	Sound  started
818.1335 	DATA 	Keypress: rctrl
818.2449 	EXP 	Sound  started
818.9336 	DATA 	Keypress: lctrl
818.9949 	EXP 	Sound  started
819.6855 	DATA 	Keypress: lctrl
819.7449 	EXP 	Sound  started
820.4537 	DATA 	Keypress: lctrl
820.4949 	EXP 	Sound  started
821.2215 	DATA 	Keypress: lctrl
821.2449 	EXP 	Sound  started
821.9255 	DATA 	Keypress: rctrl
821.9949 	EXP 	Sound  started
822.7450 	EXP 	Sound  started
822.9015 	DATA 	Keypress: lctrl
823.4455 	DATA 	Keypress: rctrl
823.4950 	EXP 	Sound  started
824.1816 	DATA 	Keypress: rctrl
824.2450 	EXP 	Sound  started
824.8855 	DATA 	Keypress: rctrl
824.9950 	EXP 	Sound  started
825.6055 	DATA 	Keypress: rctrl
825.7450 	EXP 	Sound  started
826.3255 	DATA 	Keypress: lctrl
826.4950 	EXP 	Sound  started
827.1895 	DATA 	Keypress: lctrl
827.2451 	EXP 	Sound  started
827.9951 	EXP 	Sound  started
828.0695 	DATA 	Keypress: rctrl
828.6294 	DATA 	Keypress: lctrl
828.7451 	EXP 	Sound  started
829.3975 	DATA 	Keypress: rctrl
829.4951 	EXP 	Sound  started
830.2296 	DATA 	Keypress: rctrl
830.2451 	EXP 	Sound  started
830.9175 	DATA 	Keypress: rctrl
830.9951 	EXP 	Sound  started
831.7335 	DATA 	Keypress: lctrl
831.7451 	EXP 	Sound  started
832.4215 	DATA 	Keypress: rctrl
832.4951 	EXP 	Sound  started
833.1735 	DATA 	Keypress: lctrl
833.2452 	EXP 	Sound  started
833.8296 	DATA 	Keypress: rctrl
833.9952 	EXP 	Sound  started
834.5975 	DATA 	Keypress: lctrl
834.7452 	EXP 	Sound  started
835.2695 	DATA 	Keypress: lctrl
835.4952 	EXP 	Sound  started
836.1175 	DATA 	Keypress: lctrl
836.2452 	EXP 	Sound  started
836.8855 	DATA 	Keypress: rctrl
836.9952 	EXP 	Sound  started
837.6215 	DATA 	Keypress: rctrl
837.7453 	EXP 	Sound  started
838.4055 	DATA 	Keypress: lctrl
838.4953 	EXP 	Sound  started
839.1415 	DATA 	Keypress: rctrl
839.2453 	EXP 	Sound  started
839.9576 	DATA 	Keypress: lctrl
839.9953 	EXP 	Sound  started
840.7255 	DATA 	Keypress: rctrl
840.7453 	EXP 	Sound  started
841.4135 	DATA 	Keypress: rctrl
841.4953 	EXP 	Sound  started
842.1496 	DATA 	Keypress: rctrl
842.2453 	EXP 	Sound  started
842.8375 	DATA 	Keypress: rctrl
842.9954 	EXP 	Sound  started
843.6695 	DATA 	Keypress: lctrl
843.7454 	EXP 	Sound  started
844.4954 	EXP 	Sound  started
844.6295 	DATA 	Keypress: rctrl
845.2215 	DATA 	Keypress: lctrl
845.2454 	EXP 	Sound  started
845.9735 	DATA 	Keypress: rctrl
845.9954 	EXP 	Sound  started
846.6615 	DATA 	Keypress: rctrl
848.7009 	DATA 	Keypress: 3
848.7174 	EXP 	unnamed ShapeStim: vertices = <class 'numpy.ndarray'>
851.0699 	DATA 	Keypress: 2
851.0865 	EXP 	unnamed ShapeStim: vertices = <class 'numpy.ndarray'>
853.1050 	DATA 	Keypress: 3
853.1215 	EXP 	unnamed ShapeStim: vertices = <class 'numpy.ndarray'>
855.4059 	EXP 	Sound  started
855.4067 	DATA 	Keypress: rctrl
856.0855 	DATA 	Keypress: rctrl
856.1558 	EXP 	Sound  started
856.8215 	DATA 	Keypress: lctrl
856.9058 	EXP 	Sound  started
857.6216 	DATA 	Keypress: lctrl
857.6558 	EXP 	Sound  started
858.3735 	DATA 	Keypress: rctrl
858.4058 	EXP 	Sound  started
859.0455 	DATA 	Keypress: lctrl
859.1558 	EXP 	Sound  started
859.7975 	DATA 	Keypress: rctrl
859.9058 	EXP 	Sound  started
860.5975 	DATA 	Keypress: rctrl
860.6559 	EXP 	Sound  started
861.2695 	DATA 	Keypress: rctrl
861.4059 	EXP 	Sound  started
862.0215 	DATA 	Keypress: lctrl
862.1559 	EXP 	Sound  started
862.8215 	DATA 	Keypress: lctrl
862.9059 	EXP 	Sound  started
863.5735 	DATA 	Keypress: rctrl
863.6559 	EXP 	Sound  started
864.3735 	DATA 	Keypress: lctrl
864.4059 	EXP 	Sound  started
865.0615 	DATA 	Keypress: lctrl
865.1559 	EXP 	Sound  started
865.7975 	DATA 	Keypress: rctrl
865.9060 	EXP 	Sound  started
866.4855 	DATA 	Keypress: lctrl
866.6560 	EXP 	Sound  started
867.2855 	DATA 	Keypress: rctrl
867.4060 	EXP 	Sound  started
868.0535 	DATA 	Keypress: rctrl
868.1560 	EXP 	Sound  started
868.8375 	DATA 	Keypress: rctrl
868.9060 	EXP 	Sound  started
869.5574 	DATA 	Keypress: rctrl
869.6560 	EXP 	Sound  started
870.3255 	DATA 	Keypress: lctrl
870.4060 	EXP 	Sound  started
871.0935 	DATA 	Keypress: rctrl
871.1560 	EXP 	Sound  started
871.8455 	DATA 	Keypress: rctrl
871.9061 	EXP 	Sound  started
872.5976 	DATA 	Keypress: lctrl
872.6561 	EXP 	Sound  started
873.3015 	DATA 	Keypress: rctrl
873.4061 	EXP 	Sound  started
874.1561 	EXP 	Sound  started
874.1655 	DATA 	Keypress: lctrl
874.8375 	DATA 	Keypress: rctrl
874.9061 	EXP 	Sound  started
875.6375 	DATA 	Keypress: lctrl
875.6561 	EXP 	Sound  started
876.3255 	DATA 	Keypress: rctrl
876.4062 	EXP 	Sound  started
877.1562 	EXP 	Sound  started
877.1735 	DATA 	Keypress: rctrl
877.9062 	EXP 	Sound  started
877.9095 	DATA 	Keypress: rctrl
878.6455 	DATA 	Keypress: rctrl
878.6562 	EXP 	Sound  started
879.0935 	DATA 	Keypress: rctrl
879.4062 	EXP 	Sound  started
879.4935 	DATA 	Keypress: rctrl
880.1495 	DATA 	Keypress: rctrl
880.1562 	EXP 	Sound  started
880.9015 	DATA 	Keypress: rctrl
880.9062 	EXP 	Sound  started
881.6563 	EXP 	Sound  started
881.6856 	DATA 	Keypress: rctrl
882.4063 	EXP 	Sound  started
882.4375 	DATA 	Keypress: lctrl
883.1415 	DATA 	Keypress: rctrl
883.1563 	EXP 	Sound  started
883.8615 	DATA 	Keypress: lctrl
883.9063 	EXP 	Sound  started
884.6563 	EXP 	Sound  started
884.6614 	DATA 	Keypress: lctrl
885.3495 	DATA 	Keypress: lctrl
885.4063 	EXP 	Sound  started
886.1564 	EXP 	Sound  started
886.2295 	DATA 	Keypress: rctrl
886.8855 	DATA 	Keypress: lctrl
886.9064 	EXP 	Sound  started
887.5895 	DATA 	Keypress: rctrl
887.6564 	EXP 	Sound  started
888.3095 	DATA 	Keypress: rctrl
888.4064 	EXP 	Sound  started
889.0935 	DATA 	Keypress: lctrl
889.1564 	EXP 	Sound  started
889.8775 	DATA 	Keypress: lctrl
889.9064 	EXP 	Sound  started
890.6565 	EXP 	Sound  started
890.7094 	DATA 	Keypress: lctrl
891.4065 	EXP 	Sound  started
891.4295 	DATA 	Keypress: rctrl
892.1335 	DATA 	Keypress: lctrl
892.1565 	EXP 	Sound  started
892.7256 	DATA 	Keypress: rctrl
892.9065 	EXP 	Sound  started
893.5575 	DATA 	Keypress: rctrl
893.6565 	EXP 	Sound  started
894.3735 	DATA 	Keypress: lctrl
894.4065 	EXP 	Sound  started
895.0935 	DATA 	Keypress: rctrl
895.1566 	EXP 	Sound  started
895.8775 	DATA 	Keypress: rctrl
895.9066 	EXP 	Sound  started
896.6566 	EXP 	Sound  started
896.6615 	DATA 	Keypress: rctrl
897.4066 	EXP 	Sound  started
897.5255 	DATA 	Keypress: lctrl
898.1566 	EXP 	Sound  started
898.1655 	DATA 	Keypress: rctrl
898.9066 	EXP 	Sound  started
898.9175 	DATA 	Keypress: lctrl
899.6566 	EXP 	Sound  started
899.7015 	DATA 	Keypress: lctrl
900.4055 	DATA 	Keypress: lctrl
900.4066 	EXP 	Sound  started
901.1415 	DATA 	Keypress: lctrl
901.1567 	EXP 	Sound  started
901.8296 	DATA 	Keypress: rctrl
901.9067 	EXP 	Sound  started
902.6296 	DATA 	Keypress: rctrl
902.6567 	EXP 	Sound  started
903.3975 	DATA 	Keypress: lctrl
903.4067 	EXP 	Sound  started
904.1336 	DATA 	Keypress: rctrl
904.1567 	EXP 	Sound  started
904.8856 	DATA 	Keypress: rctrl
904.9067 	EXP 	Sound  started
905.6535 	DATA 	Keypress: rctrl
905.6568 	EXP 	Sound  started
906.3894 	DATA 	Keypress: rctrl
906.4068 	EXP 	Sound  started
907.1095 	DATA 	Keypress: rctrl
907.1568 	EXP 	Sound  started
907.8775 	DATA 	Keypress: rctrl
907.9068 	EXP 	Sound  started
908.6568 	EXP 	Sound  started
908.6935 	DATA 	Keypress: lctrl
909.4068 	EXP 	Sound  started
909.4135 	DATA 	Keypress: lctrl
910.1569 	EXP 	Sound  started
910.2134 	DATA 	Keypress: lctrl
910.9015 	DATA 	Keypress: rctrl
910.9069 	EXP 	Sound  started
911.6569 	EXP 	Sound  started
911.6854 	DATA 	Keypress: lctrl
912.4069 	EXP 	Sound  started
912.4695 	DATA 	Keypress: rctrl
913.1415 	DATA 	Keypress: rctrl
913.1569 	EXP 	Sound  started
913.9069 	EXP 	Sound  started
913.9094 	DATA 	Keypress: lctrl
914.6888 	DATA 	Keypress: lctrl
916.8901 	DATA 	Keypress: 2
916.9066 	EXP 	unnamed ShapeStim: vertices = <class 'numpy.ndarray'>
921.7274 	DATA 	Keypress: 1
921.7439 	EXP 	unnamed ShapeStim: vertices = <class 'numpy.ndarray'>
925.0301 	DATA 	Keypress: 1
925.0466 	EXP 	unnamed ShapeStim: vertices = <class 'numpy.ndarray'>
927.3322 	DATA 	Keypress: rctrl
1108.6615 	DATA 	Keypress: return
1108.7206 	EXP 	window1: mouseVisible = True
