207.2292 	WARNING 	User requested fullscreen with size [1024  768], but screen is actually [1920, 1200]. Using actual size
208.0493 	EXP 	Created window1 = Window(allowGUI=False, allowStencil=False, autoLog=True, backendConf=UNKNOWN, bitsMode=UNKNOWN, blendMode='avg', bpc=(8, 8, 8), color=array([0, 0, 0]), colorSpace='rgb', depthBits=8, fullscr=<method-wrapper '__getattribute__' of attributeSetter object at 0x000001EE5EED6780>, gamma=None, gammaErrorPolicy='raise', lms=UNKNOWN, monitor=<psychopy.monitors.calibTools.Monitor object at 0x000001EE60614080>, multiSample=False, name='window1', numSamples=2, pos=[0.0, 0.0], screen=0, size=array([1920, 1200]), stencilBits=0, stereo=False, units='norm', useFBO=True, useRetina=False, viewOri=0.0, viewPos=None, viewScale=None, waitBlanking=True, winType='pyglet')
208.0497 	EXP 	window1: mouseVisible = True
208.0497 	EXP 	window1: mouseVisible = False
208.0497 	EXP 	window1: recordFrameIntervals = False
208.2158 	EXP 	window1: recordFrameIntervals = True
208.3995 	EXP 	window1: recordFrameIntervals = False
208.4532 	EXP 	Created text = TextStim(__class__=<class 'psychopy.visual.text.TextStim'>, alignHoriz=method-wrapper(...), alignText='center', alignVert=method-wrapper(...), anchorHoriz='center', anchorVert='center', antialias=True, autoLog=True, bold=False, color=array([1., 1., 1.]), colorSpace='rgb', contrast=1.0, depth=0.0, flipHoriz=False, flipVert=False, font='Arial', fontFiles=[], height=0.15, italic=False, languageStyle='LTR', name='text', opacity=1, ori=0, pos=array([0., 0.]), rgb=UNKNOWN, text='+', units='norm', win=Window(...), wrapWidth=1)
208.4721 	EXP 	Created text = TextStim(__class__=<class 'psychopy.visual.text.TextStim'>, alignHoriz=method-wrapper(...), alignText='center', alignVert=method-wrapper(...), anchorHoriz='center', anchorVert='center', antialias=True, autoLog=True, bold=False, color=array([1., 1., 1.]), colorSpace='rgb', contrast=1.0, depth=0.0, flipHoriz=False, flipVert=False, font='Arial', fontFiles=[], height=0.07, italic=False, languageStyle='LTR', name='text', opacity=1, ori=0, pos=array([0., 0.]), rgb=UNKNOWN, text=str(...), units='norm', win=Window(...), wrapWidth=1.65)
208.4812 	EXP 	Created text = TextStim(__class__=<class 'psychopy.visual.text.TextStim'>, alignHoriz=method-wrapper(...), alignText='center', alignVert=method-wrapper(...), anchorHoriz='center', anchorVert='center', antialias=True, autoLog=True, bold=False, color=array([1., 1., 1.]), colorSpace='rgb', contrast=1.0, depth=0.0, flipHoriz=False, flipVert=False, font='Arial', fontFiles=[], height=0.07, italic=False, languageStyle='LTR', name='text', opacity=1, ori=0, pos=array([0., 0.]), rgb=UNKNOWN, text=str(...), units='norm', win=Window(...), wrapWidth=1.65)
208.4903 	EXP 	Created text = TextStim(__class__=<class 'psychopy.visual.text.TextStim'>, alignHoriz=method-wrapper(...), alignText='center', alignVert=method-wrapper(...), anchorHoriz='center', anchorVert='center', antialias=True, autoLog=True, bold=False, color=array([1., 1., 1.]), colorSpace='rgb', contrast=1.0, depth=0.0, flipHoriz=False, flipVert=False, font='Arial', fontFiles=[], height=0.07, italic=False, languageStyle='LTR', name='text', opacity=1, ori=0, pos=array([0., 0.]), rgb=UNKNOWN, text=str(...), units='norm', win=Window(...), wrapWidth=1.65)
208.5002 	EXP 	Created text = TextStim(__class__=<class 'psychopy.visual.text.TextStim'>, alignHoriz=method-wrapper(...), alignText='center', alignVert=method-wrapper(...), anchorHoriz='center', anchorVert='center', antialias=True, autoLog=True, bold=False, color=array([1., 1., 1.]), colorSpace='rgb', contrast=1.0, depth=0.0, flipHoriz=False, flipVert=False, font='Arial', fontFiles=[], height=0.07, italic=False, languageStyle='LTR', name='text', opacity=1, ori=0, pos=array([0., 0.]), rgb=UNKNOWN, text=str(...), units='norm', win=Window(...), wrapWidth=1.65)
208.5065 	EXP 	Created text = TextStim(__class__=<class 'psychopy.visual.text.TextStim'>, alignHoriz=method-wrapper(...), alignText='center', alignVert=method-wrapper(...), anchorHoriz='center', anchorVert='center', antialias=True, autoLog=True, bold=False, color=array([1., 1., 1.]), colorSpace='rgb', contrast=1.0, depth=0.0, flipHoriz=False, flipVert=False, font='Arial', fontFiles=[], height=0.07, italic=False, languageStyle='LTR', name='text', opacity=1, ori=0, pos=array([0., 0.]), rgb=UNKNOWN, text=str(...), units='norm', win=Window(...), wrapWidth=1.65)
208.5208 	EXP 	Created text = TextStim(__class__=<class 'psychopy.visual.text.TextStim'>, alignHoriz=method-wrapper(...), alignText='center', alignVert=method-wrapper(...), anchorHoriz='center', anchorVert='center', antialias=True, autoLog=True, bold=False, color=array([1., 1., 1.]), colorSpace='rgb', contrast=1.0, depth=0.0, flipHoriz=False, flipVert=False, font='Arial', fontFiles=[], height=0.15, italic=False, languageStyle='LTR', name='text', opacity=1, ori=0, pos=array([0., 0.]), rgb=UNKNOWN, text=str(...), units='norm', win=Window(...), wrapWidth=1.65)
208.5499 	EXP 	Created text = TextStim(__class__=<class 'psychopy.visual.text.TextStim'>, alignHoriz=method-wrapper(...), alignText='center', alignVert=method-wrapper(...), anchorHoriz='center', anchorVert='center', antialias=True, autoLog=True, bold=False, color=array([1., 1., 1.]), colorSpace='rgb', contrast=1.0, depth=0.0, flipHoriz=False, flipVert=False, font='Arial', fontFiles=[], height=0.07, italic=False, languageStyle='LTR', name='text', opacity=1, ori=0, pos=array([0., 0.]), rgb=UNKNOWN, text=str(...), units='norm', win=Window(...), wrapWidth=1.65)
208.5706 	EXP 	Created text = TextStim(__class__=<class 'psychopy.visual.text.TextStim'>, alignHoriz=method-wrapper(...), alignText='center', alignVert=method-wrapper(...), anchorHoriz='center', anchorVert='center', antialias=True, autoLog=True, bold=False, color=array([1., 1., 1.]), colorSpace='rgb', contrast=1.0, depth=0.0, flipHoriz=False, flipVert=False, font='Arial', fontFiles=[], height=0.07, italic=False, languageStyle='LTR', name='text', opacity=1, ori=0, pos=array([0., 0.]), rgb=UNKNOWN, text=str(...), units='norm', win=Window(...), wrapWidth=1.65)
208.6008 	EXP 	Created text = TextStim(__class__=<class 'psychopy.visual.text.TextStim'>, alignHoriz=method-wrapper(...), alignText='center', alignVert=method-wrapper(...), anchorHoriz='center', anchorVert='center', antialias=True, autoLog=True, bold=False, color=array([1., 1., 1.]), colorSpace='rgb', contrast=1.0, depth=0.0, flipHoriz=False, flipVert=False, font='Arial', fontFiles=[], height=0.07, italic=False, languageStyle='LTR', name='text', opacity=1, ori=0, pos=array([0., 0.]), rgb=UNKNOWN, text=str(...), units='norm', win=Window(...), wrapWidth=1.65)
208.6244 	EXP 	Created text = TextStim(__class__=<class 'psychopy.visual.text.TextStim'>, alignHoriz=method-wrapper(...), alignText='center', alignVert=method-wrapper(...), anchorHoriz='center', anchorVert='center', antialias=True, autoLog=True, bold=False, color=array([1., 1., 1.]), colorSpace='rgb', contrast=1.0, depth=0.0, flipHoriz=False, flipVert=False, font='Arial', fontFiles=[], height=0.07, italic=False, languageStyle='LTR', name='text', opacity=1, ori=0, pos=array([0., 0.]), rgb=UNKNOWN, text=str(...), units='norm', win=Window(...), wrapWidth=1.65)
208.6540 	EXP 	Created text = TextStim(__class__=<class 'psychopy.visual.text.TextStim'>, alignHoriz=method-wrapper(...), alignText='center', alignVert=method-wrapper(...), anchorHoriz='center', anchorVert='center', antialias=True, autoLog=True, bold=False, color=array([1., 1., 1.]), colorSpace='rgb', contrast=1.0, depth=0.0, flipHoriz=False, flipVert=False, font='Arial', fontFiles=[], height=0.07, italic=False, languageStyle='LTR', name='text', opacity=1, ori=0, pos=array([0., 0.]), rgb=UNKNOWN, text=str(...), units='norm', win=Window(...), wrapWidth=1.65)
208.6648 	EXP 	Created text = TextStim(__class__=<class 'psychopy.visual.text.TextStim'>, alignHoriz=method-wrapper(...), alignText='center', alignVert=method-wrapper(...), anchorHoriz='center', anchorVert='center', antialias=True, autoLog=True, bold=False, color=array([1., 1., 1.]), colorSpace='rgb', contrast=1.0, depth=0.0, flipHoriz=False, flipVert=False, font='Arial', fontFiles=[], height=0.07, italic=False, languageStyle='LTR', name='text', opacity=1, ori=0, pos=array([0., 0.]), rgb=UNKNOWN, text=str(...), units='norm', win=Window(...), wrapWidth=1.65)
208.6774 	EXP 	Created text = TextStim(__class__=<class 'psychopy.visual.text.TextStim'>, alignHoriz=method-wrapper(...), alignText='center', alignVert=method-wrapper(...), anchorHoriz='center', anchorVert='center', antialias=True, autoLog=True, bold=False, color=array([1., 1., 1.]), colorSpace='rgb', contrast=1.0, depth=0.0, flipHoriz=False, flipVert=False, font='Arial', fontFiles=[], height=0.07, italic=False, languageStyle='LTR', name='text', opacity=1, ori=0, pos=array([0., 0.]), rgb=UNKNOWN, text=str(...), units='norm', win=Window(...), wrapWidth=1.65)
208.6819 	EXP 	Created instru = TextStim(__class__=<class 'psychopy.visual.text.TextStim'>, alignHoriz=method-wrapper(...), alignText='center', alignVert=method-wrapper(...), anchorHoriz='center', anchorVert='center', antialias=True, autoLog=True, bold=False, color=array([1., 1., 1.]), colorSpace='rgb', contrast=1.0, depth=0.0, flipHoriz=False, flipVert=False, font='Arial', fontFiles=[], height=0.07, italic=False, languageStyle='LTR', name='instru', opacity=1, ori=0, pos=array([0. , 0.5]), rgb=UNKNOWN, text=str(...), units='norm', win=Window(...), wrapWidth=1)
208.6844 	EXP 	Created unnamed Line = Line(__class__=<class 'psychopy.visual.line.Line'>, autoDraw=False, autoLog=True, closeShape=False, color=array([1., 1., 1.]), colorSpace='rgb', contrast=None, depth=0, fillColor=array([0, 0, 0]), fillColorSpace='rgb', fillRGB=array([0, 0, 0]), interpolate=True, lineColor=array([1., 1., 1.]), lineColorSpace='rgb', lineRGB=array([1, 1, 1]), lineWidth=5, name='unnamed Line', opacity=0.5, ori=0.0, pos=array([0., 0.]), size=array([1., 1.]), units='norm', vertices=array([[-0.5,  0. ],
       [ 0.5,  0. ]]), win=Window(...), windingRule=None)
208.6865 	EXP 	Created unnamed Line = Line(__class__=<class 'psychopy.visual.line.Line'>, autoDraw=False, autoLog=True, closeShape=False, color=array([1., 1., 1.]), colorSpace='rgb', contrast=None, depth=0, fillColor=array([0, 0, 0]), fillColorSpace='rgb', fillRGB=array([0, 0, 0]), interpolate=True, lineColor=array([1., 1., 1.]), lineColorSpace='rgb', lineRGB=array([1, 1, 1]), lineWidth=3, name='unnamed Line', opacity=0.5, ori=0.0, pos=array([0., 0.]), size=array([1., 1.]), units='norm', vertices=array([[-0.5 , -0.05],
       [-0.5 ,  0.05]]), win=Window(...), windingRule=None)
208.6886 	EXP 	Created unnamed Line = Line(__class__=<class 'psychopy.visual.line.Line'>, autoDraw=False, autoLog=True, closeShape=False, color=array([1., 1., 1.]), colorSpace='rgb', contrast=None, depth=0, fillColor=array([0, 0, 0]), fillColorSpace='rgb', fillRGB=array([0, 0, 0]), interpolate=True, lineColor=array([1., 1., 1.]), lineColorSpace='rgb', lineRGB=array([1, 1, 1]), lineWidth=3, name='unnamed Line', opacity=0.5, ori=0.0, pos=array([0., 0.]), size=array([1., 1.]), units='norm', vertices=ndarray(...), win=Window(...), windingRule=None)
208.6906 	EXP 	Created unnamed Line = Line(__class__=<class 'psychopy.visual.line.Line'>, autoDraw=False, autoLog=True, closeShape=False, color=array([1., 1., 1.]), colorSpace='rgb', contrast=None, depth=0, fillColor=array([0, 0, 0]), fillColorSpace='rgb', fillRGB=array([0, 0, 0]), interpolate=True, lineColor=array([1., 1., 1.]), lineColorSpace='rgb', lineRGB=array([1, 1, 1]), lineWidth=3, name='unnamed Line', opacity=0.5, ori=0.0, pos=array([0., 0.]), size=array([1., 1.]), units='norm', vertices=ndarray(...), win=Window(...), windingRule=None)
208.6926 	EXP 	Created unnamed Line = Line(__class__=<class 'psychopy.visual.line.Line'>, autoDraw=False, autoLog=True, closeShape=False, color=array([1., 1., 1.]), colorSpace='rgb', contrast=None, depth=0, fillColor=array([0, 0, 0]), fillColorSpace='rgb', fillRGB=array([0, 0, 0]), interpolate=True, lineColor=array([1., 1., 1.]), lineColorSpace='rgb', lineRGB=array([1, 1, 1]), lineWidth=3, name='unnamed Line', opacity=0.5, ori=0.0, pos=array([0., 0.]), size=array([1., 1.]), units='norm', vertices=array([[ 0.5 , -0.05],
       [ 0.5 ,  0.05]]), win=Window(...), windingRule=None)
208.7049 	EXP 	Created unnamed TextStim = TextStim(__class__=<class 'psychopy.visual.text.TextStim'>, alignHoriz=method-wrapper(...), alignText='center', alignVert=method-wrapper(...), anchorHoriz='center', anchorVert='center', antialias=True, autoLog=True, bold=False, color=array([1., 1., 1.]), colorSpace='rgb', contrast=1.0, depth=0, flipHoriz=False, flipVert=False, font='', fontFiles=[], height=0.05, italic=False, languageStyle='LTR', name='unnamed TextStim', opacity=1.0, ori=0.0, pos=array([-0.5, -0.1]), rgb=UNKNOWN, text='Helt klart \n IKKE FOKUSERT', units='norm', win=Window(...), wrapWidth=1)
208.7059 	EXP 	Created unnamed TextStim = TextStim(__class__=<class 'psychopy.visual.text.TextStim'>, alignHoriz=method-wrapper(...), alignText='center', alignVert=method-wrapper(...), anchorHoriz='center', anchorVert='center', antialias=True, autoLog=True, bold=False, color=array([1., 1., 1.]), colorSpace='rgb', contrast=1.0, depth=0, flipHoriz=False, flipVert=False, font='', fontFiles=[], height=0.05, italic=False, languageStyle='LTR', name='unnamed TextStim', opacity=1.0, ori=0.0, pos=array([-0.16666667, -0.1       ]), rgb=UNKNOWN, text='', units='norm', win=Window(...), wrapWidth=1)
208.7069 	EXP 	Created unnamed TextStim = TextStim(__class__=<class 'psychopy.visual.text.TextStim'>, alignHoriz=method-wrapper(...), alignText='center', alignVert=method-wrapper(...), anchorHoriz='center', anchorVert='center', antialias=True, autoLog=True, bold=False, color=array([1., 1., 1.]), colorSpace='rgb', contrast=1.0, depth=0, flipHoriz=False, flipVert=False, font='', fontFiles=[], height=0.05, italic=False, languageStyle='LTR', name='unnamed TextStim', opacity=1.0, ori=0.0, pos=array([ 0.16666667, -0.1       ]), rgb=UNKNOWN, text='', units='norm', win=Window(...), wrapWidth=1)
208.7102 	EXP 	Created unnamed TextStim = TextStim(__class__=<class 'psychopy.visual.text.TextStim'>, alignHoriz=method-wrapper(...), alignText='center', alignVert=method-wrapper(...), anchorHoriz='center', anchorVert='center', antialias=True, autoLog=True, bold=False, color=array([1., 1., 1.]), colorSpace='rgb', contrast=1.0, depth=0, flipHoriz=False, flipVert=False, font='', fontFiles=[], height=0.05, italic=False, languageStyle='LTR', name='unnamed TextStim', opacity=1.0, ori=0.0, pos=array([ 0.5, -0.1]), rgb=UNKNOWN, text='Helt klart \n FOKUSERT', units='norm', win=Window(...), wrapWidth=1)
208.7121 	EXP 	Created unnamed ShapeStim = ShapeStim(__class__=<class 'psychopy.visual.shape.ShapeStim'>, autoDraw=False, autoLog=True, closeShape=True, color=method-wrapper(...), colorSpace='rgb', contrast=None, depth=0, fillColor=array([1, 1, 1]), fillColorSpace='rgb', fillRGB=array([1, 1, 1]), interpolate=True, lineColor=array([-1., -1., -1.]), lineColorSpace='rgb', lineRGB=array([-1, -1, -1]), lineWidth=1.5, name='unnamed ShapeStim', opacity=1.0, ori=0.0, pos=array([0., 0.]), size=array([1., 1.]), units='norm', vertices=ndarray(...), win=Window(...), windingRule=None)
208.7189 	EXP 	Created instru = TextStim(__class__=<class 'psychopy.visual.text.TextStim'>, alignHoriz=method-wrapper(...), alignText='center', alignVert=method-wrapper(...), anchorHoriz='center', anchorVert='center', antialias=True, autoLog=True, bold=False, color=array([1., 1., 1.]), colorSpace='rgb', contrast=1.0, depth=0.0, flipHoriz=False, flipVert=False, font='Arial', fontFiles=[], height=0.07, italic=False, languageStyle='LTR', name='instru', opacity=1, ori=0, pos=array([0. , 0.5]), rgb=UNKNOWN, text=str(...), units='norm', win=Window(...), wrapWidth=1)
208.7209 	EXP 	Created unnamed Line = Line(__class__=<class 'psychopy.visual.line.Line'>, autoDraw=False, autoLog=True, closeShape=False, color=array([1., 1., 1.]), colorSpace='rgb', contrast=None, depth=0, fillColor=array([0, 0, 0]), fillColorSpace='rgb', fillRGB=array([0, 0, 0]), interpolate=True, lineColor=array([1., 1., 1.]), lineColorSpace='rgb', lineRGB=array([1, 1, 1]), lineWidth=5, name='unnamed Line', opacity=0.5, ori=0.0, pos=array([0., 0.]), size=array([1., 1.]), units='norm', vertices=array([[-0.5,  0. ],
       [ 0.5,  0. ]]), win=Window(...), windingRule=None)
208.7229 	EXP 	Created unnamed Line = Line(__class__=<class 'psychopy.visual.line.Line'>, autoDraw=False, autoLog=True, closeShape=False, color=array([1., 1., 1.]), colorSpace='rgb', contrast=None, depth=0, fillColor=array([0, 0, 0]), fillColorSpace='rgb', fillRGB=array([0, 0, 0]), interpolate=True, lineColor=array([1., 1., 1.]), lineColorSpace='rgb', lineRGB=array([1, 1, 1]), lineWidth=3, name='unnamed Line', opacity=0.5, ori=0.0, pos=array([0., 0.]), size=array([1., 1.]), units='norm', vertices=array([[-0.5 , -0.05],
       [-0.5 ,  0.05]]), win=Window(...), windingRule=None)
208.7249 	EXP 	Created unnamed Line = Line(__class__=<class 'psychopy.visual.line.Line'>, autoDraw=False, autoLog=True, closeShape=False, color=array([1., 1., 1.]), colorSpace='rgb', contrast=None, depth=0, fillColor=array([0, 0, 0]), fillColorSpace='rgb', fillRGB=array([0, 0, 0]), interpolate=True, lineColor=array([1., 1., 1.]), lineColorSpace='rgb', lineRGB=array([1, 1, 1]), lineWidth=3, name='unnamed Line', opacity=0.5, ori=0.0, pos=array([0., 0.]), size=array([1., 1.]), units='norm', vertices=ndarray(...), win=Window(...), windingRule=None)
208.7270 	EXP 	Created unnamed Line = Line(__class__=<class 'psychopy.visual.line.Line'>, autoDraw=False, autoLog=True, closeShape=False, color=array([1., 1., 1.]), colorSpace='rgb', contrast=None, depth=0, fillColor=array([0, 0, 0]), fillColorSpace='rgb', fillRGB=array([0, 0, 0]), interpolate=True, lineColor=array([1., 1., 1.]), lineColorSpace='rgb', lineRGB=array([1, 1, 1]), lineWidth=3, name='unnamed Line', opacity=0.5, ori=0.0, pos=array([0., 0.]), size=array([1., 1.]), units='norm', vertices=ndarray(...), win=Window(...), windingRule=None)
208.7289 	EXP 	Created unnamed Line = Line(__class__=<class 'psychopy.visual.line.Line'>, autoDraw=False, autoLog=True, closeShape=False, color=array([1., 1., 1.]), colorSpace='rgb', contrast=None, depth=0, fillColor=array([0, 0, 0]), fillColorSpace='rgb', fillRGB=array([0, 0, 0]), interpolate=True, lineColor=array([1., 1., 1.]), lineColorSpace='rgb', lineRGB=array([1, 1, 1]), lineWidth=3, name='unnamed Line', opacity=0.5, ori=0.0, pos=array([0., 0.]), size=array([1., 1.]), units='norm', vertices=array([[ 0.5 , -0.05],
       [ 0.5 ,  0.05]]), win=Window(...), windingRule=None)
208.7339 	EXP 	Created unnamed TextStim = TextStim(__class__=<class 'psychopy.visual.text.TextStim'>, alignHoriz=method-wrapper(...), alignText='center', alignVert=method-wrapper(...), anchorHoriz='center', anchorVert='center', antialias=True, autoLog=True, bold=False, color=array([1., 1., 1.]), colorSpace='rgb', contrast=1.0, depth=0, flipHoriz=False, flipVert=False, font='', fontFiles=[], height=0.05, italic=False, languageStyle='LTR', name='unnamed TextStim', opacity=1.0, ori=0.0, pos=array([-0.5, -0.1]), rgb=UNKNOWN, text='Helt klart \n INGENTING', units='norm', win=Window(...), wrapWidth=1)
208.7350 	EXP 	Created unnamed TextStim = TextStim(__class__=<class 'psychopy.visual.text.TextStim'>, alignHoriz=method-wrapper(...), alignText='center', alignVert=method-wrapper(...), anchorHoriz='center', anchorVert='center', antialias=True, autoLog=True, bold=False, color=array([1., 1., 1.]), colorSpace='rgb', contrast=1.0, depth=0, flipHoriz=False, flipVert=False, font='', fontFiles=[], height=0.05, italic=False, languageStyle='LTR', name='unnamed TextStim', opacity=1.0, ori=0.0, pos=array([-0.16666667, -0.1       ]), rgb=UNKNOWN, text='', units='norm', win=Window(...), wrapWidth=1)
208.7360 	EXP 	Created unnamed TextStim = TextStim(__class__=<class 'psychopy.visual.text.TextStim'>, alignHoriz=method-wrapper(...), alignText='center', alignVert=method-wrapper(...), anchorHoriz='center', anchorVert='center', antialias=True, autoLog=True, bold=False, color=array([1., 1., 1.]), colorSpace='rgb', contrast=1.0, depth=0, flipHoriz=False, flipVert=False, font='', fontFiles=[], height=0.05, italic=False, languageStyle='LTR', name='unnamed TextStim', opacity=1.0, ori=0.0, pos=array([ 0.16666667, -0.1       ]), rgb=UNKNOWN, text='', units='norm', win=Window(...), wrapWidth=1)
208.7393 	EXP 	Created unnamed TextStim = TextStim(__class__=<class 'psychopy.visual.text.TextStim'>, alignHoriz=method-wrapper(...), alignText='center', alignVert=method-wrapper(...), anchorHoriz='center', anchorVert='center', antialias=True, autoLog=True, bold=False, color=array([1., 1., 1.]), colorSpace='rgb', contrast=1.0, depth=0, flipHoriz=False, flipVert=False, font='', fontFiles=[], height=0.05, italic=False, languageStyle='LTR', name='unnamed TextStim', opacity=1.0, ori=0.0, pos=array([ 0.5, -0.1]), rgb=UNKNOWN, text='Helt klart \n NOE', units='norm', win=Window(...), wrapWidth=1)
208.7411 	EXP 	Created unnamed ShapeStim = ShapeStim(__class__=<class 'psychopy.visual.shape.ShapeStim'>, autoDraw=False, autoLog=True, closeShape=True, color=method-wrapper(...), colorSpace='rgb', contrast=None, depth=0, fillColor=array([1, 1, 1]), fillColorSpace='rgb', fillRGB=array([1, 1, 1]), interpolate=True, lineColor=array([-1., -1., -1.]), lineColorSpace='rgb', lineRGB=array([-1, -1, -1]), lineWidth=1.5, name='unnamed ShapeStim', opacity=1.0, ori=0.0, pos=array([0., 0.]), size=array([1., 1.]), units='norm', vertices=ndarray(...), win=Window(...), windingRule=None)
208.7483 	EXP 	Created instru = TextStim(__class__=<class 'psychopy.visual.text.TextStim'>, alignHoriz=method-wrapper(...), alignText='center', alignVert=method-wrapper(...), anchorHoriz='center', anchorVert='center', antialias=True, autoLog=True, bold=False, color=array([1., 1., 1.]), colorSpace='rgb', contrast=1.0, depth=0.0, flipHoriz=False, flipVert=False, font='Arial', fontFiles=[], height=0.07, italic=False, languageStyle='LTR', name='instru', opacity=1, ori=0, pos=array([0. , 0.5]), rgb=UNKNOWN, text=str(...), units='norm', win=Window(...), wrapWidth=1)
208.7503 	EXP 	Created unnamed Line = Line(__class__=<class 'psychopy.visual.line.Line'>, autoDraw=False, autoLog=True, closeShape=False, color=array([1., 1., 1.]), colorSpace='rgb', contrast=None, depth=0, fillColor=array([0, 0, 0]), fillColorSpace='rgb', fillRGB=array([0, 0, 0]), interpolate=True, lineColor=array([1., 1., 1.]), lineColorSpace='rgb', lineRGB=array([1, 1, 1]), lineWidth=5, name='unnamed Line', opacity=0.5, ori=0.0, pos=array([0., 0.]), size=array([1., 1.]), units='norm', vertices=array([[-0.5,  0. ],
       [ 0.5,  0. ]]), win=Window(...), windingRule=None)
208.7523 	EXP 	Created unnamed Line = Line(__class__=<class 'psychopy.visual.line.Line'>, autoDraw=False, autoLog=True, closeShape=False, color=array([1., 1., 1.]), colorSpace='rgb', contrast=None, depth=0, fillColor=array([0, 0, 0]), fillColorSpace='rgb', fillRGB=array([0, 0, 0]), interpolate=True, lineColor=array([1., 1., 1.]), lineColorSpace='rgb', lineRGB=array([1, 1, 1]), lineWidth=3, name='unnamed Line', opacity=0.5, ori=0.0, pos=array([0., 0.]), size=array([1., 1.]), units='norm', vertices=array([[-0.5 , -0.05],
       [-0.5 ,  0.05]]), win=Window(...), windingRule=None)
208.7543 	EXP 	Created unnamed Line = Line(__class__=<class 'psychopy.visual.line.Line'>, autoDraw=False, autoLog=True, closeShape=False, color=array([1., 1., 1.]), colorSpace='rgb', contrast=None, depth=0, fillColor=array([0, 0, 0]), fillColorSpace='rgb', fillRGB=array([0, 0, 0]), interpolate=True, lineColor=array([1., 1., 1.]), lineColorSpace='rgb', lineRGB=array([1, 1, 1]), lineWidth=3, name='unnamed Line', opacity=0.5, ori=0.0, pos=array([0., 0.]), size=array([1., 1.]), units='norm', vertices=ndarray(...), win=Window(...), windingRule=None)
208.7562 	EXP 	Created unnamed Line = Line(__class__=<class 'psychopy.visual.line.Line'>, autoDraw=False, autoLog=True, closeShape=False, color=array([1., 1., 1.]), colorSpace='rgb', contrast=None, depth=0, fillColor=array([0, 0, 0]), fillColorSpace='rgb', fillRGB=array([0, 0, 0]), interpolate=True, lineColor=array([1., 1., 1.]), lineColorSpace='rgb', lineRGB=array([1, 1, 1]), lineWidth=3, name='unnamed Line', opacity=0.5, ori=0.0, pos=array([0., 0.]), size=array([1., 1.]), units='norm', vertices=ndarray(...), win=Window(...), windingRule=None)
208.7582 	EXP 	Created unnamed Line = Line(__class__=<class 'psychopy.visual.line.Line'>, autoDraw=False, autoLog=True, closeShape=False, color=array([1., 1., 1.]), colorSpace='rgb', contrast=None, depth=0, fillColor=array([0, 0, 0]), fillColorSpace='rgb', fillRGB=array([0, 0, 0]), interpolate=True, lineColor=array([1., 1., 1.]), lineColorSpace='rgb', lineRGB=array([1, 1, 1]), lineWidth=3, name='unnamed Line', opacity=0.5, ori=0.0, pos=array([0., 0.]), size=array([1., 1.]), units='norm', vertices=array([[ 0.5 , -0.05],
       [ 0.5 ,  0.05]]), win=Window(...), windingRule=None)
208.7630 	EXP 	Created unnamed TextStim = TextStim(__class__=<class 'psychopy.visual.text.TextStim'>, alignHoriz=method-wrapper(...), alignText='center', alignVert=method-wrapper(...), anchorHoriz='center', anchorVert='center', antialias=True, autoLog=True, bold=False, color=array([1., 1., 1.]), colorSpace='rgb', contrast=1.0, depth=0, flipHoriz=False, flipVert=False, font='', fontFiles=[], height=0.05, italic=False, languageStyle='LTR', name='unnamed TextStim', opacity=1.0, ori=0.0, pos=array([-0.5, -0.1]), rgb=UNKNOWN, text='Helt klart \n SPONTAN', units='norm', win=Window(...), wrapWidth=1)
208.7640 	EXP 	Created unnamed TextStim = TextStim(__class__=<class 'psychopy.visual.text.TextStim'>, alignHoriz=method-wrapper(...), alignText='center', alignVert=method-wrapper(...), anchorHoriz='center', anchorVert='center', antialias=True, autoLog=True, bold=False, color=array([1., 1., 1.]), colorSpace='rgb', contrast=1.0, depth=0, flipHoriz=False, flipVert=False, font='', fontFiles=[], height=0.05, italic=False, languageStyle='LTR', name='unnamed TextStim', opacity=1.0, ori=0.0, pos=array([-0.16666667, -0.1       ]), rgb=UNKNOWN, text='', units='norm', win=Window(...), wrapWidth=1)
208.7651 	EXP 	Created unnamed TextStim = TextStim(__class__=<class 'psychopy.visual.text.TextStim'>, alignHoriz=method-wrapper(...), alignText='center', alignVert=method-wrapper(...), anchorHoriz='center', anchorVert='center', antialias=True, autoLog=True, bold=False, color=array([1., 1., 1.]), colorSpace='rgb', contrast=1.0, depth=0, flipHoriz=False, flipVert=False, font='', fontFiles=[], height=0.05, italic=False, languageStyle='LTR', name='unnamed TextStim', opacity=1.0, ori=0.0, pos=array([ 0.16666667, -0.1       ]), rgb=UNKNOWN, text='', units='norm', win=Window(...), wrapWidth=1)
208.7699 	EXP 	Created unnamed TextStim = TextStim(__class__=<class 'psychopy.visual.text.TextStim'>, alignHoriz=method-wrapper(...), alignText='center', alignVert=method-wrapper(...), anchorHoriz='center', anchorVert='center', antialias=True, autoLog=True, bold=False, color=array([1., 1., 1.]), colorSpace='rgb', contrast=1.0, depth=0, flipHoriz=False, flipVert=False, font='', fontFiles=[], height=0.05, italic=False, languageStyle='LTR', name='unnamed TextStim', opacity=1.0, ori=0.0, pos=array([ 0.5, -0.1]), rgb=UNKNOWN, text='Helt klart \n BEVISST', units='norm', win=Window(...), wrapWidth=1)
208.7717 	EXP 	Created unnamed ShapeStim = ShapeStim(__class__=<class 'psychopy.visual.shape.ShapeStim'>, autoDraw=False, autoLog=True, closeShape=True, color=method-wrapper(...), colorSpace='rgb', contrast=None, depth=0, fillColor=array([1, 1, 1]), fillColorSpace='rgb', fillRGB=array([1, 1, 1]), interpolate=True, lineColor=array([-1., -1., -1.]), lineColorSpace='rgb', lineRGB=array([-1, -1, -1]), lineWidth=1.5, name='unnamed ShapeStim', opacity=1.0, ori=0.0, pos=array([0., 0.]), size=array([1., 1.]), units='norm', vertices=ndarray(...), win=Window(...), windingRule=None)
208.8203 	EXP 	Sound  set volume 1.000
208.8504 	EXP 	unnamed ShapeStim: vertices = <class 'numpy.ndarray'>
208.8504 	EXP 	unnamed ShapeStim: vertices = <class 'numpy.ndarray'>
208.8504 	EXP 	unnamed ShapeStim: vertices = <class 'numpy.ndarray'>
239.7488 	DATA 	Keypress: rctrl
244.5967 	DATA 	Keypress: rctrl
246.8527 	DATA 	Keypress: rctrl
246.8807 	EXP 	unnamed TextStim: text = ''
246.8807 	EXP 	unnamed TextStim: text = ''
250.3333 	DATA 	Keypress: 2
250.3498 	EXP 	unnamed ShapeStim: vertices = <class 'numpy.ndarray'>
253.1567 	DATA 	Keypress: rctrl
253.1855 	EXP 	unnamed TextStim: text = ''
253.1855 	EXP 	unnamed TextStim: text = ''
257.2890 	DATA 	Keypress: 1
257.3055 	EXP 	unnamed ShapeStim: vertices = <class 'numpy.ndarray'>
263.3327 	DATA 	Keypress: rctrl
263.3605 	EXP 	unnamed TextStim: text = ''
263.3605 	EXP 	unnamed TextStim: text = ''
267.5307 	DATA 	Keypress: 2
267.5472 	EXP 	unnamed ShapeStim: vertices = <class 'numpy.ndarray'>
273.3007 	DATA 	Keypress: rctrl
281.1407 	DATA 	Keypress: rctrl
286.5168 	DATA 	Keypress: rctrl
287.0306 	EXP 	Sound  started
287.3007 	DATA 	Keypress: rctrl
287.7807 	DATA 	Keypress: lctrl
287.7810 	EXP 	Sound  started
288.3086 	DATA 	Keypress: rctrl
288.5310 	EXP 	Sound  started
289.1887 	DATA 	Keypress: rctrl
289.2810 	EXP 	Sound  started
289.9727 	DATA 	Keypress: rctrl
290.0310 	EXP 	Sound  started
290.6446 	DATA 	Keypress: rctrl
290.7810 	EXP 	Sound  started
291.5087 	DATA 	Keypress: rctrl
291.5310 	EXP 	Sound  started
292.2607 	DATA 	Keypress: lctrl
292.2810 	EXP 	Sound  started
293.0311 	EXP 	Sound  started
293.0607 	DATA 	Keypress: lctrl
293.7647 	DATA 	Keypress: lctrl
293.7811 	EXP 	Sound  started
294.5311 	EXP 	Sound  started
294.5326 	DATA 	Keypress: lctrl
295.2811 	EXP 	Sound  started
295.2847 	DATA 	Keypress: lctrl
296.0311 	EXP 	Sound  started
296.0527 	DATA 	Keypress: lctrl
296.7567 	DATA 	Keypress: rctrl
296.7811 	EXP 	Sound  started
297.4767 	DATA 	Keypress: rctrl
297.5311 	EXP 	Sound  started
298.2287 	DATA 	Keypress: rctrl
298.2812 	EXP 	Sound  started
298.9967 	DATA 	Keypress: rctrl
299.0312 	EXP 	Sound  started
299.7487 	DATA 	Keypress: rctrl
299.7812 	EXP 	Sound  started
300.4686 	DATA 	Keypress: rctrl
300.5312 	EXP 	Sound  started
301.2526 	DATA 	Keypress: rctrl
301.2812 	EXP 	Sound  started
301.9567 	DATA 	Keypress: lctrl
302.0312 	EXP 	Sound  started
302.6606 	DATA 	Keypress: lctrl
302.7813 	EXP 	Sound  started
303.4768 	DATA 	Keypress: rctrl
303.5313 	EXP 	Sound  started
304.1967 	DATA 	Keypress: rctrl
304.2813 	EXP 	Sound  started
304.9967 	DATA 	Keypress: rctrl
305.0313 	EXP 	Sound  started
305.7167 	DATA 	Keypress: rctrl
305.7813 	EXP 	Sound  started
306.4527 	DATA 	Keypress: lctrl
306.5313 	EXP 	Sound  started
307.1727 	DATA 	Keypress: lctrl
307.2813 	EXP 	Sound  started
307.9567 	DATA 	Keypress: lctrl
308.0314 	EXP 	Sound  started
308.7247 	DATA 	Keypress: lctrl
308.7814 	EXP 	Sound  started
309.5314 	EXP 	Sound  started
309.5567 	DATA 	Keypress: lctrl
310.2606 	DATA 	Keypress: lctrl
310.2814 	EXP 	Sound  started
310.9967 	DATA 	Keypress: lctrl
311.0314 	EXP 	Sound  started
311.6847 	DATA 	Keypress: lctrl
311.7814 	EXP 	Sound  started
312.3727 	DATA 	Keypress: rctrl
312.5314 	EXP 	Sound  started
313.1567 	DATA 	Keypress: rctrl
313.2815 	EXP 	Sound  started
313.9087 	DATA 	Keypress: rctrl
314.0315 	EXP 	Sound  started
314.7727 	DATA 	Keypress: rctrl
314.7815 	EXP 	Sound  started
315.5087 	DATA 	Keypress: lctrl
315.5315 	EXP 	Sound  started
316.2286 	DATA 	Keypress: rctrl
316.2815 	EXP 	Sound  started
316.9967 	DATA 	Keypress: rctrl
317.0315 	EXP 	Sound  started
317.7807 	DATA 	Keypress: rctrl
317.7815 	EXP 	Sound  started
318.5316 	EXP 	Sound  started
318.5326 	DATA 	Keypress: lctrl
319.1566 	DATA 	Keypress: lctrl
319.2816 	EXP 	Sound  started
319.9087 	DATA 	Keypress: lctrl
320.0316 	EXP 	Sound  started
320.7247 	DATA 	Keypress: lctrl
320.7816 	EXP 	Sound  started
321.4448 	DATA 	Keypress: lctrl
321.5316 	EXP 	Sound  started
322.2126 	DATA 	Keypress: lctrl
322.2816 	EXP 	Sound  started
322.9646 	DATA 	Keypress: lctrl
323.0316 	EXP 	Sound  started
323.7166 	DATA 	Keypress: lctrl
323.7817 	EXP 	Sound  started
324.4207 	DATA 	Keypress: lctrl
324.5317 	EXP 	Sound  started
325.2047 	DATA 	Keypress: lctrl
325.2817 	EXP 	Sound  started
326.0047 	DATA 	Keypress: rctrl
326.0317 	EXP 	Sound  started
326.6446 	DATA 	Keypress: lctrl
326.7817 	EXP 	Sound  started
327.4127 	DATA 	Keypress: rctrl
327.5317 	EXP 	Sound  started
328.2126 	DATA 	Keypress: rctrl
328.2818 	EXP 	Sound  started
329.0286 	DATA 	Keypress: rctrl
329.0318 	EXP 	Sound  started
329.7818 	EXP 	Sound  started
329.7966 	DATA 	Keypress: rctrl
330.5318 	EXP 	Sound  started
330.5327 	DATA 	Keypress: lctrl
331.2367 	DATA 	Keypress: lctrl
331.2818 	EXP 	Sound  started
331.9887 	DATA 	Keypress: lctrl
332.0318 	EXP 	Sound  started
332.7246 	DATA 	Keypress: lctrl
332.7818 	EXP 	Sound  started
333.5247 	DATA 	Keypress: rctrl
333.5319 	EXP 	Sound  started
334.1647 	DATA 	Keypress: rctrl
334.2819 	EXP 	Sound  started
334.9967 	DATA 	Keypress: rctrl
335.0319 	EXP 	Sound  started
335.7486 	DATA 	Keypress: rctrl
335.7819 	EXP 	Sound  started
336.5319 	EXP 	Sound  started
336.5327 	DATA 	Keypress: rctrl
337.2819 	EXP 	Sound  started
337.3327 	DATA 	Keypress: rctrl
337.8927 	DATA 	Keypress: lctrl
338.0319 	EXP 	Sound  started
338.7247 	DATA 	Keypress: lctrl
338.7820 	EXP 	Sound  started
339.5320 	EXP 	Sound  started
339.5407 	DATA 	Keypress: lctrl
340.2607 	DATA 	Keypress: lctrl
340.2820 	EXP 	Sound  started
340.9487 	DATA 	Keypress: lctrl
341.0320 	EXP 	Sound  started
341.7167 	DATA 	Keypress: rctrl
341.7820 	EXP 	Sound  started
342.4528 	DATA 	Keypress: rctrl
342.5320 	EXP 	Sound  started
343.2047 	DATA 	Keypress: rctrl
343.2821 	EXP 	Sound  started
343.8287 	DATA 	Keypress: lctrl
344.0321 	EXP 	Sound  started
344.6767 	DATA 	Keypress: rctrl
344.7821 	EXP 	Sound  started
345.4447 	DATA 	Keypress: rctrl
349.1476 	DATA 	Keypress: 4
349.1640 	EXP 	unnamed ShapeStim: vertices = <class 'numpy.ndarray'>
354.9356 	DATA 	Keypress: 4
354.9521 	EXP 	unnamed ShapeStim: vertices = <class 'numpy.ndarray'>
358.3050 	DATA 	Keypress: 4
358.3215 	EXP 	unnamed ShapeStim: vertices = <class 'numpy.ndarray'>
360.6069 	EXP 	Sound  started
360.8207 	DATA 	Keypress: rctrl
361.3569 	EXP 	Sound  started
361.4766 	DATA 	Keypress: lctrl
362.0686 	DATA 	Keypress: rctrl
362.1069 	EXP 	Sound  started
362.8046 	DATA 	Keypress: lctrl
362.8569 	EXP 	Sound  started
363.5086 	DATA 	Keypress: rctrl
363.6069 	EXP 	Sound  started
364.3087 	DATA 	Keypress: rctrl
364.3569 	EXP 	Sound  started
365.0607 	DATA 	Keypress: rctrl
365.1069 	EXP 	Sound  started
365.8287 	DATA 	Keypress: lctrl
365.8570 	EXP 	Sound  started
366.5327 	DATA 	Keypress: lctrl
366.6070 	EXP 	Sound  started
367.2527 	DATA 	Keypress: rctrl
367.3570 	EXP 	Sound  started
367.9567 	DATA 	Keypress: rctrl
368.1070 	EXP 	Sound  started
368.7727 	DATA 	Keypress: rctrl
368.8570 	EXP 	Sound  started
369.5247 	DATA 	Keypress: rctrl
369.6070 	EXP 	Sound  started
370.3407 	DATA 	Keypress: rctrl
370.3570 	EXP 	Sound  started
371.1071 	EXP 	Sound  started
371.1086 	DATA 	Keypress: rctrl
371.7967 	DATA 	Keypress: lctrl
371.8571 	EXP 	Sound  started
372.5487 	DATA 	Keypress: lctrl
372.6071 	EXP 	Sound  started
373.3327 	DATA 	Keypress: lctrl
373.3571 	EXP 	Sound  started
374.1071 	EXP 	Sound  started
374.1166 	DATA 	Keypress: rctrl
374.8207 	DATA 	Keypress: rctrl
374.8571 	EXP 	Sound  started
375.6047 	DATA 	Keypress: rctrl
375.6072 	EXP 	Sound  started
376.3247 	DATA 	Keypress: rctrl
376.3572 	EXP 	Sound  started
377.0606 	DATA 	Keypress: lctrl
377.1072 	EXP 	Sound  started
377.8286 	DATA 	Keypress: lctrl
377.8572 	EXP 	Sound  started
378.5966 	DATA 	Keypress: rctrl
378.6072 	EXP 	Sound  started
379.3572 	EXP 	Sound  started
379.3807 	DATA 	Keypress: rctrl
380.0687 	DATA 	Keypress: rctrl
380.1072 	EXP 	Sound  started
380.8048 	DATA 	Keypress: rctrl
380.8573 	EXP 	Sound  started
381.5407 	DATA 	Keypress: rctrl
381.6073 	EXP 	Sound  started
382.3407 	DATA 	Keypress: rctrl
382.3573 	EXP 	Sound  started
383.0126 	DATA 	Keypress: lctrl
383.1073 	EXP 	Sound  started
383.7486 	DATA 	Keypress: lctrl
383.8573 	EXP 	Sound  started
384.5007 	DATA 	Keypress: lctrl
384.6073 	EXP 	Sound  started
385.3007 	DATA 	Keypress: lctrl
385.3574 	EXP 	Sound  started
385.9726 	DATA 	Keypress: lctrl
386.1074 	EXP 	Sound  started
386.7567 	DATA 	Keypress: lctrl
386.8574 	EXP 	Sound  started
387.4926 	DATA 	Keypress: lctrl
387.6074 	EXP 	Sound  started
388.3247 	DATA 	Keypress: lctrl
388.3574 	EXP 	Sound  started
389.0286 	DATA 	Keypress: lctrl
389.1074 	EXP 	Sound  started
389.7168 	DATA 	Keypress: lctrl
389.8574 	EXP 	Sound  started
390.4687 	DATA 	Keypress: lctrl
390.6074 	EXP 	Sound  started
391.3007 	DATA 	Keypress: lctrl
391.3575 	EXP 	Sound  started
391.9406 	DATA 	Keypress: rctrl
392.1075 	EXP 	Sound  started
392.7567 	DATA 	Keypress: rctrl
392.8575 	EXP 	Sound  started
393.5408 	DATA 	Keypress: rctrl
393.6075 	EXP 	Sound  started
394.1326 	DATA 	Keypress: lctrl
394.3575 	EXP 	Sound  started
395.0447 	DATA 	Keypress: rctrl
395.1075 	EXP 	Sound  started
395.7966 	DATA 	Keypress: lctrl
395.8575 	EXP 	Sound  started
396.5327 	DATA 	Keypress: rctrl
396.6076 	EXP 	Sound  started
397.3486 	DATA 	Keypress: rctrl
397.3576 	EXP 	Sound  started
398.1006 	DATA 	Keypress: rctrl
398.1076 	EXP 	Sound  started
398.8206 	DATA 	Keypress: rctrl
398.8576 	EXP 	Sound  started
399.5406 	DATA 	Keypress: lctrl
399.6076 	EXP 	Sound  started
400.3247 	DATA 	Keypress: lctrl
400.3576 	EXP 	Sound  started
401.0766 	DATA 	Keypress: lctrl
401.1076 	EXP 	Sound  started
401.8577 	EXP 	Sound  started
401.8606 	DATA 	Keypress: lctrl
402.5806 	DATA 	Keypress: lctrl
402.6077 	EXP 	Sound  started
403.3006 	DATA 	Keypress: lctrl
403.3577 	EXP 	Sound  started
404.0366 	DATA 	Keypress: rctrl
404.1077 	EXP 	Sound  started
404.7567 	DATA 	Keypress: rctrl
404.8577 	EXP 	Sound  started
405.4767 	DATA 	Keypress: rctrl
405.6077 	EXP 	Sound  started
406.2927 	DATA 	Keypress: lctrl
406.3577 	EXP 	Sound  started
406.9647 	DATA 	Keypress: lctrl
407.1078 	EXP 	Sound  started
407.7647 	DATA 	Keypress: lctrl
407.8578 	EXP 	Sound  started
408.5007 	DATA 	Keypress: lctrl
408.6078 	EXP 	Sound  started
409.1886 	DATA 	Keypress: lctrl
409.3578 	EXP 	Sound  started
410.0046 	DATA 	Keypress: lctrl
410.1078 	EXP 	Sound  started
410.8207 	DATA 	Keypress: rctrl
410.8578 	EXP 	Sound  started
411.5886 	DATA 	Keypress: rctrl
411.6078 	EXP 	Sound  started
412.3579 	EXP 	Sound  started
412.3886 	DATA 	Keypress: rctrl
413.0927 	DATA 	Keypress: rctrl
415.5018 	DATA 	Keypress: 4
415.5184 	EXP 	unnamed ShapeStim: vertices = <class 'numpy.ndarray'>
420.4726 	DATA 	Keypress: 4
420.4891 	EXP 	unnamed ShapeStim: vertices = <class 'numpy.ndarray'>
424.2795 	DATA 	Keypress: 4
424.3089 	EXP 	unnamed ShapeStim: vertices = <class 'numpy.ndarray'>
426.5932 	EXP 	Sound  started
426.5940 	DATA 	Keypress: rctrl
427.2687 	DATA 	Keypress: rctrl
427.3430 	EXP 	Sound  started
428.0366 	DATA 	Keypress: rctrl
428.0930 	EXP 	Sound  started
428.8366 	DATA 	Keypress: lctrl
428.8430 	EXP 	Sound  started
429.5567 	DATA 	Keypress: rctrl
429.5931 	EXP 	Sound  started
430.2287 	DATA 	Keypress: rctrl
430.3431 	EXP 	Sound  started
430.9487 	DATA 	Keypress: rctrl
431.0931 	EXP 	Sound  started
431.7006 	DATA 	Keypress: rctrl
431.8431 	EXP 	Sound  started
432.4367 	DATA 	Keypress: rctrl
432.5931 	EXP 	Sound  started
433.1886 	DATA 	Keypress: rctrl
433.3431 	EXP 	Sound  started
434.0046 	DATA 	Keypress: rctrl
434.0931 	EXP 	Sound  started
434.8207 	DATA 	Keypress: rctrl
434.8432 	EXP 	Sound  started
435.5566 	DATA 	Keypress: lctrl
435.5932 	EXP 	Sound  started
436.3086 	DATA 	Keypress: lctrl
436.3432 	EXP 	Sound  started
437.0606 	DATA 	Keypress: rctrl
437.0932 	EXP 	Sound  started
437.7966 	DATA 	Keypress: rctrl
437.8432 	EXP 	Sound  started
438.5007 	DATA 	Keypress: rctrl
438.5932 	EXP 	Sound  started
439.2366 	DATA 	Keypress: rctrl
439.3433 	EXP 	Sound  started
439.9726 	DATA 	Keypress: lctrl
440.0933 	EXP 	Sound  started
440.7566 	DATA 	Keypress: lctrl
440.8433 	EXP 	Sound  started
441.4447 	DATA 	Keypress: lctrl
441.5933 	EXP 	Sound  started
442.2607 	DATA 	Keypress: rctrl
442.3433 	EXP 	Sound  started
443.0286 	DATA 	Keypress: rctrl
443.0933 	EXP 	Sound  started
443.8127 	DATA 	Keypress: lctrl
443.8433 	EXP 	Sound  started
444.4687 	DATA 	Keypress: rctrl
444.5934 	EXP 	Sound  started
445.3167 	DATA 	Keypress: rctrl
445.3434 	EXP 	Sound  started
446.0366 	DATA 	Keypress: rctrl
446.0934 	EXP 	Sound  started
446.8366 	DATA 	Keypress: rctrl
446.8434 	EXP 	Sound  started
447.5246 	DATA 	Keypress: lctrl
447.5934 	EXP 	Sound  started
448.2927 	DATA 	Keypress: lctrl
448.3434 	EXP 	Sound  started
449.0926 	DATA 	Keypress: lctrl
449.0934 	EXP 	Sound  started
449.7966 	DATA 	Keypress: lctrl
449.8435 	EXP 	Sound  started
450.5326 	DATA 	Keypress: lctrl
450.5935 	EXP 	Sound  started
451.3435 	EXP 	Sound  started
451.3647 	DATA 	Keypress: lctrl
452.0935 	EXP 	Sound  started
452.1166 	DATA 	Keypress: lctrl
452.8435 	EXP 	Sound  started
452.8527 	DATA 	Keypress: rctrl
453.4926 	DATA 	Keypress: lctrl
453.5935 	EXP 	Sound  started
454.2766 	DATA 	Keypress: rctrl
454.3435 	EXP 	Sound  started
455.0287 	DATA 	Keypress: rctrl
455.0936 	EXP 	Sound  started
455.8126 	DATA 	Keypress: rctrl
455.8436 	EXP 	Sound  started
456.5486 	DATA 	Keypress: rctrl
456.5936 	EXP 	Sound  started
457.2366 	DATA 	Keypress: lctrl
457.3436 	EXP 	Sound  started
457.9886 	DATA 	Keypress: lctrl
458.0936 	EXP 	Sound  started
458.7726 	DATA 	Keypress: rctrl
458.8436 	EXP 	Sound  started
459.5406 	DATA 	Keypress: rctrl
459.5937 	EXP 	Sound  started
460.3087 	DATA 	Keypress: rctrl
460.3437 	EXP 	Sound  started
461.0606 	DATA 	Keypress: rctrl
461.0937 	EXP 	Sound  started
461.7806 	DATA 	Keypress: lctrl
461.8437 	EXP 	Sound  started
462.5166 	DATA 	Keypress: lctrl
462.5937 	EXP 	Sound  started
463.2206 	DATA 	Keypress: rctrl
463.3437 	EXP 	Sound  started
463.9247 	DATA 	Keypress: rctrl
464.0938 	EXP 	Sound  started
464.8207 	DATA 	Keypress: rctrl
464.8438 	EXP 	Sound  started
465.5726 	DATA 	Keypress: rctrl
465.5938 	EXP 	Sound  started
466.3087 	DATA 	Keypress: rctrl
466.3438 	EXP 	Sound  started
467.0446 	DATA 	Keypress: rctrl
467.0938 	EXP 	Sound  started
467.7326 	DATA 	Keypress: rctrl
467.8438 	EXP 	Sound  started
468.5167 	DATA 	Keypress: lctrl
468.5938 	EXP 	Sound  started
469.2846 	DATA 	Keypress: lctrl
469.3439 	EXP 	Sound  started
470.0686 	DATA 	Keypress: lctrl
470.0939 	EXP 	Sound  started
470.7407 	DATA 	Keypress: lctrl
470.8439 	EXP 	Sound  started
471.5086 	DATA 	Keypress: rctrl
475.9681 	DATA 	Keypress: 3
475.9845 	EXP 	unnamed ShapeStim: vertices = <class 'numpy.ndarray'>
480.8553 	DATA 	Keypress: 3
480.8719 	EXP 	unnamed ShapeStim: vertices = <class 'numpy.ndarray'>
485.4295 	DATA 	Keypress: 3
485.4589 	EXP 	unnamed ShapeStim: vertices = <class 'numpy.ndarray'>
487.7432 	EXP 	Sound  started
487.8447 	DATA 	Keypress: rctrl
488.3247 	DATA 	Keypress: lctrl
488.4931 	EXP 	Sound  started
489.1406 	DATA 	Keypress: rctrl
489.2431 	EXP 	Sound  started
489.9406 	DATA 	Keypress: lctrl
489.9931 	EXP 	Sound  started
490.6607 	DATA 	Keypress: lctrl
490.7432 	EXP 	Sound  started
491.3966 	DATA 	Keypress: lctrl
491.4932 	EXP 	Sound  started
492.2286 	DATA 	Keypress: rctrl
492.2432 	EXP 	Sound  started
492.9646 	DATA 	Keypress: rctrl
492.9932 	EXP 	Sound  started
493.7166 	DATA 	Keypress: rctrl
493.7432 	EXP 	Sound  started
494.4206 	DATA 	Keypress: rctrl
494.4932 	EXP 	Sound  started
495.1567 	DATA 	Keypress: lctrl
495.2432 	EXP 	Sound  started
495.9087 	DATA 	Keypress: lctrl
495.9932 	EXP 	Sound  started
496.6766 	DATA 	Keypress: rctrl
496.7433 	EXP 	Sound  started
497.4933 	EXP 	Sound  started
497.5246 	DATA 	Keypress: rctrl
498.1166 	DATA 	Keypress: rctrl
498.2433 	EXP 	Sound  started
498.9166 	DATA 	Keypress: rctrl
498.9933 	EXP 	Sound  started
499.6846 	DATA 	Keypress: lctrl
499.7433 	EXP 	Sound  started
500.4686 	DATA 	Keypress: lctrl
500.4933 	EXP 	Sound  started
501.1726 	DATA 	Keypress: lctrl
501.2433 	EXP 	Sound  started
501.9406 	DATA 	Keypress: lctrl
501.9934 	EXP 	Sound  started
502.6926 	DATA 	Keypress: lctrl
502.7434 	EXP 	Sound  started
503.4927 	DATA 	Keypress: lctrl
503.4934 	EXP 	Sound  started
504.1966 	DATA 	Keypress: lctrl
504.2434 	EXP 	Sound  started
504.9646 	DATA 	Keypress: lctrl
504.9934 	EXP 	Sound  started
505.7007 	DATA 	Keypress: rctrl
505.7434 	EXP 	Sound  started
506.4934 	EXP 	Sound  started
506.5166 	DATA 	Keypress: rctrl
507.2206 	DATA 	Keypress: lctrl
507.2435 	EXP 	Sound  started
507.9407 	DATA 	Keypress: rctrl
507.9935 	EXP 	Sound  started
508.7246 	DATA 	Keypress: rctrl
508.7435 	EXP 	Sound  started
509.4606 	DATA 	Keypress: rctrl
509.4935 	EXP 	Sound  started
510.2126 	DATA 	Keypress: lctrl
510.2435 	EXP 	Sound  started
510.9487 	DATA 	Keypress: lctrl
510.9935 	EXP 	Sound  started
511.7166 	DATA 	Keypress: lctrl
511.7435 	EXP 	Sound  started
512.4936 	EXP 	Sound  started
512.5166 	DATA 	Keypress: rctrl
513.1726 	DATA 	Keypress: rctrl
513.2436 	EXP 	Sound  started
513.9566 	DATA 	Keypress: rctrl
513.9936 	EXP 	Sound  started
514.6606 	DATA 	Keypress: rctrl
514.7436 	EXP 	Sound  started
515.3966 	DATA 	Keypress: rctrl
515.4936 	EXP 	Sound  started
516.1647 	DATA 	Keypress: rctrl
516.2436 	EXP 	Sound  started
516.8847 	DATA 	Keypress: lctrl
516.9937 	EXP 	Sound  started
517.6848 	DATA 	Keypress: rctrl
517.7437 	EXP 	Sound  started
518.3726 	DATA 	Keypress: rctrl
518.4937 	EXP 	Sound  started
519.2047 	DATA 	Keypress: lctrl
519.2437 	EXP 	Sound  started
519.8926 	DATA 	Keypress: lctrl
519.9937 	EXP 	Sound  started
520.6606 	DATA 	Keypress: lctrl
520.7437 	EXP 	Sound  started
521.3326 	DATA 	Keypress: lctrl
521.4937 	EXP 	Sound  started
522.1486 	DATA 	Keypress: lctrl
522.2438 	EXP 	Sound  started
522.9938 	EXP 	Sound  started
522.9966 	DATA 	Keypress: lctrl
523.6525 	DATA 	Keypress: lctrl
523.7438 	EXP 	Sound  started
524.3726 	DATA 	Keypress: rctrl
524.4938 	EXP 	Sound  started
525.1726 	DATA 	Keypress: rctrl
525.2438 	EXP 	Sound  started
525.9726 	DATA 	Keypress: rctrl
525.9938 	EXP 	Sound  started
526.6286 	DATA 	Keypress: lctrl
526.7438 	EXP 	Sound  started
527.3327 	DATA 	Keypress: rctrl
527.4939 	EXP 	Sound  started
528.1486 	DATA 	Keypress: rctrl
528.2439 	EXP 	Sound  started
528.9167 	DATA 	Keypress: rctrl
528.9939 	EXP 	Sound  started
529.7439 	EXP 	Sound  started
529.7486 	DATA 	Keypress: rctrl
530.4939 	EXP 	Sound  started
530.5006 	DATA 	Keypress: rctrl
531.1887 	DATA 	Keypress: rctrl
531.2439 	EXP 	Sound  started
531.9246 	DATA 	Keypress: rctrl
531.9939 	EXP 	Sound  started
532.6286 	DATA 	Keypress: rctrl
532.7440 	EXP 	Sound  started
533.4287 	DATA 	Keypress: rctrl
533.4940 	EXP 	Sound  started
534.1486 	DATA 	Keypress: rctrl
534.2440 	EXP 	Sound  started
534.9807 	DATA 	Keypress: lctrl
534.9940 	EXP 	Sound  started
535.7440 	EXP 	Sound  started
535.7966 	DATA 	Keypress: lctrl
536.4366 	DATA 	Keypress: lctrl
536.4940 	EXP 	Sound  started
537.1726 	DATA 	Keypress: lctrl
537.2441 	EXP 	Sound  started
537.9941 	EXP 	Sound  started
538.0368 	DATA 	Keypress: lctrl
538.6606 	DATA 	Keypress: rctrl
538.7441 	EXP 	Sound  started
539.3966 	DATA 	Keypress: rctrl
541.3555 	DATA 	Keypress: 4
541.3714 	EXP 	unnamed ShapeStim: vertices = <class 'numpy.ndarray'>
551.7506 	DATA 	Keypress: 3
551.7799 	EXP 	unnamed ShapeStim: vertices = <class 'numpy.ndarray'>
554.7993 	DATA 	Keypress: 3
554.8157 	EXP 	unnamed ShapeStim: vertices = <class 'numpy.ndarray'>
557.1012 	EXP 	Sound  started
557.3327 	DATA 	Keypress: rctrl
557.7646 	DATA 	Keypress: lctrl
557.8512 	EXP 	Sound  started
558.5167 	DATA 	Keypress: rctrl
558.6012 	EXP 	Sound  started
559.3166 	DATA 	Keypress: lctrl
559.3512 	EXP 	Sound  started
560.0526 	DATA 	Keypress: lctrl
560.1012 	EXP 	Sound  started
560.7566 	DATA 	Keypress: lctrl
560.8512 	EXP 	Sound  started
561.5246 	DATA 	Keypress: lctrl
561.6013 	EXP 	Sound  started
562.2126 	DATA 	Keypress: lctrl
562.3513 	EXP 	Sound  started
562.9807 	DATA 	Keypress: rctrl
563.1013 	EXP 	Sound  started
563.7166 	DATA 	Keypress: rctrl
563.8513 	EXP 	Sound  started
564.5327 	DATA 	Keypress: rctrl
564.6013 	EXP 	Sound  started
565.3166 	DATA 	Keypress: rctrl
565.3513 	EXP 	Sound  started
566.0366 	DATA 	Keypress: lctrl
566.1013 	EXP 	Sound  started
566.7566 	DATA 	Keypress: lctrl
566.8514 	EXP 	Sound  started
567.5246 	DATA 	Keypress: rctrl
567.6014 	EXP 	Sound  started
568.2767 	DATA 	Keypress: rctrl
568.3514 	EXP 	Sound  started
569.0447 	DATA 	Keypress: rctrl
569.1014 	EXP 	Sound  started
569.7486 	DATA 	Keypress: rctrl
569.8514 	EXP 	Sound  started
570.5326 	DATA 	Keypress: rctrl
570.6014 	EXP 	Sound  started
571.2847 	DATA 	Keypress: rctrl
571.3515 	EXP 	Sound  started
572.0046 	DATA 	Keypress: lctrl
572.1015 	EXP 	Sound  started
572.7246 	DATA 	Keypress: lctrl
572.8515 	EXP 	Sound  started
573.4606 	DATA 	Keypress: lctrl
573.6015 	EXP 	Sound  started
574.0846 	DATA 	Keypress: rctrl
574.3515 	EXP 	Sound  started
574.9966 	DATA 	Keypress: rctrl
575.1015 	EXP 	Sound  started
575.7007 	DATA 	Keypress: rctrl
575.8515 	EXP 	Sound  started
576.5486 	DATA 	Keypress: rctrl
576.6016 	EXP 	Sound  started
577.2686 	DATA 	Keypress: rctrl
577.3516 	EXP 	Sound  started
578.0687 	DATA 	Keypress: rctrl
578.1016 	EXP 	Sound  started
578.7726 	DATA 	Keypress: rctrl
578.8516 	EXP 	Sound  started
579.5246 	DATA 	Keypress: lctrl
579.6016 	EXP 	Sound  started
580.3406 	DATA 	Keypress: lctrl
580.3516 	EXP 	Sound  started
581.1017 	EXP 	Sound  started
581.1246 	DATA 	Keypress: rctrl
581.7489 	DATA 	Keypress: rctrl
581.8517 	EXP 	Sound  started
582.5646 	DATA 	Keypress: rctrl
582.6017 	EXP 	Sound  started
583.3167 	DATA 	Keypress: rctrl
583.3517 	EXP 	Sound  started
584.0046 	DATA 	Keypress: rctrl
584.1017 	EXP 	Sound  started
584.7247 	DATA 	Keypress: rctrl
584.8517 	EXP 	Sound  started
585.4286 	DATA 	Keypress: lctrl
585.6017 	EXP 	Sound  started
586.2446 	DATA 	Keypress: lctrl
586.3518 	EXP 	Sound  started
587.0126 	DATA 	Keypress: lctrl
587.1018 	EXP 	Sound  started
587.7487 	DATA 	Keypress: lctrl
587.8518 	EXP 	Sound  started
588.4846 	DATA 	Keypress: lctrl
588.6018 	EXP 	Sound  started
589.2206 	DATA 	Keypress: lctrl
589.3518 	EXP 	Sound  started
589.9887 	DATA 	Keypress: lctrl
590.1018 	EXP 	Sound  started
590.7406 	DATA 	Keypress: rctrl
590.8518 	EXP 	Sound  started
591.5086 	DATA 	Keypress: rctrl
591.6018 	EXP 	Sound  started
592.2766 	DATA 	Keypress: rctrl
592.3518 	EXP 	Sound  started
592.9646 	DATA 	Keypress: rctrl
593.1019 	EXP 	Sound  started
593.6846 	DATA 	Keypress: rctrl
593.8519 	EXP 	Sound  started
594.5325 	DATA 	Keypress: rctrl
594.6019 	EXP 	Sound  started
595.3007 	DATA 	Keypress: rctrl
595.3519 	EXP 	Sound  started
596.0046 	DATA 	Keypress: rctrl
596.1019 	EXP 	Sound  started
596.7566 	DATA 	Keypress: lctrl
596.8519 	EXP 	Sound  started
597.5087 	DATA 	Keypress: lctrl
597.6020 	EXP 	Sound  started
598.3520 	EXP 	Sound  started
598.3726 	DATA 	Keypress: lctrl
598.9806 	DATA 	Keypress: rctrl
599.1020 	EXP 	Sound  started
599.7806 	DATA 	Keypress: rctrl
599.8520 	EXP 	Sound  started
600.5486 	DATA 	Keypress: rctrl
600.6020 	EXP 	Sound  started
601.2687 	DATA 	Keypress: rctrl
601.3520 	EXP 	Sound  started
602.1020 	EXP 	Sound  started
602.1326 	DATA 	Keypress: rctrl
602.8046 	DATA 	Keypress: rctrl
602.8521 	EXP 	Sound  started
603.5406 	DATA 	Keypress: rctrl
603.6021 	EXP 	Sound  started
604.2446 	DATA 	Keypress: lctrl
604.3521 	EXP 	Sound  started
605.0446 	DATA 	Keypress: lctrl
605.1021 	EXP 	Sound  started
605.7327 	DATA 	Keypress: lctrl
605.8521 	EXP 	Sound  started
606.5486 	DATA 	Keypress: rctrl
606.6021 	EXP 	Sound  started
607.2686 	DATA 	Keypress: rctrl
607.3521 	EXP 	Sound  started
608.0206 	DATA 	Keypress: rctrl
608.1022 	EXP 	Sound  started
608.8522 	EXP 	Sound  started
608.8526 	DATA 	Keypress: lctrl
609.5726 	DATA 	Keypress: lctrl
609.6022 	EXP 	Sound  started
610.2926 	DATA 	Keypress: lctrl
610.3522 	EXP 	Sound  started
610.9326 	DATA 	Keypress: rctrl
611.1022 	EXP 	Sound  started
611.6366 	DATA 	Keypress: lctrl
611.8522 	EXP 	Sound  started
612.4367 	DATA 	Keypress: rctrl
612.6022 	EXP 	Sound  started
613.2046 	DATA 	Keypress: lctrl
613.3523 	EXP 	Sound  started
613.9567 	DATA 	Keypress: lctrl
614.1023 	EXP 	Sound  started
614.8206 	DATA 	Keypress: lctrl
614.8523 	EXP 	Sound  started
615.4606 	DATA 	Keypress: lctrl
615.6023 	EXP 	Sound  started
616.2286 	DATA 	Keypress: lctrl
616.3523 	EXP 	Sound  started
616.9647 	DATA 	Keypress: lctrl
617.1023 	EXP 	Sound  started
617.7007 	DATA 	Keypress: rctrl
617.8524 	EXP 	Sound  started
618.5167 	DATA 	Keypress: rctrl
618.6024 	EXP 	Sound  started
619.2846 	DATA 	Keypress: rctrl
621.9042 	DATA 	Keypress: 2
621.9207 	EXP 	unnamed ShapeStim: vertices = <class 'numpy.ndarray'>
625.4237 	DATA 	Keypress: 3
625.4403 	EXP 	unnamed ShapeStim: vertices = <class 'numpy.ndarray'>
627.6761 	DATA 	Keypress: 2
627.6926 	EXP 	unnamed ShapeStim: vertices = <class 'numpy.ndarray'>
629.9773 	EXP 	Sound  started
629.9776 	DATA 	Keypress: rctrl
630.6606 	DATA 	Keypress: lctrl
630.7272 	EXP 	Sound  started
631.3966 	DATA 	Keypress: rctrl
631.4773 	EXP 	Sound  started
632.0526 	DATA 	Keypress: rctrl
632.2273 	EXP 	Sound  started
632.8366 	DATA 	Keypress: rctrl
632.9773 	EXP 	Sound  started
633.6046 	DATA 	Keypress: rctrl
633.7273 	EXP 	Sound  started
634.3726 	DATA 	Keypress: rctrl
634.4773 	EXP 	Sound  started
635.2273 	EXP 	Sound  started
635.2687 	DATA 	Keypress: rctrl
635.9565 	DATA 	Keypress: rctrl
635.9773 	EXP 	Sound  started
636.6126 	DATA 	Keypress: rctrl
636.7274 	EXP 	Sound  started
637.2846 	DATA 	Keypress: rctrl
637.4774 	EXP 	Sound  started
638.0847 	DATA 	Keypress: rctrl
638.2274 	EXP 	Sound  started
638.7726 	DATA 	Keypress: lctrl
638.9774 	EXP 	Sound  started
639.6527 	DATA 	Keypress: lctrl
639.7274 	EXP 	Sound  started
640.3887 	DATA 	Keypress: lctrl
640.4774 	EXP 	Sound  started
641.1726 	DATA 	Keypress: rctrl
641.2274 	EXP 	Sound  started
641.9775 	EXP 	Sound  started
641.9886 	DATA 	Keypress: rctrl
642.6606 	DATA 	Keypress: rctrl
642.7275 	EXP 	Sound  started
643.3646 	DATA 	Keypress: rctrl
643.4775 	EXP 	Sound  started
644.1166 	DATA 	Keypress: rctrl
644.2275 	EXP 	Sound  started
644.8366 	DATA 	Keypress: lctrl
644.9775 	EXP 	Sound  started
645.5566 	DATA 	Keypress: lctrl
645.7275 	EXP 	Sound  started
646.3406 	DATA 	Keypress: rctrl
646.4776 	EXP 	Sound  started
647.0606 	DATA 	Keypress: rctrl
647.2276 	EXP 	Sound  started
647.8286 	DATA 	Keypress: rctrl
647.9776 	EXP 	Sound  started
648.5487 	DATA 	Keypress: rctrl
648.7276 	EXP 	Sound  started
649.1246 	DATA 	Keypress: lctrl
649.4776 	EXP 	Sound  started
650.1487 	DATA 	Keypress: lctrl
650.2276 	EXP 	Sound  started
650.9486 	DATA 	Keypress: lctrl
650.9776 	EXP 	Sound  started
651.6526 	DATA 	Keypress: lctrl
651.7277 	EXP 	Sound  started
652.3726 	DATA 	Keypress: rctrl
652.4777 	EXP 	Sound  started
653.1406 	DATA 	Keypress: lctrl
653.2277 	EXP 	Sound  started
653.9407 	DATA 	Keypress: rctrl
653.9777 	EXP 	Sound  started
654.7277 	EXP 	Sound  started
654.7566 	DATA 	Keypress: rctrl
655.4606 	DATA 	Keypress: rctrl
655.4777 	EXP 	Sound  started
656.1646 	DATA 	Keypress: rctrl
656.2277 	EXP 	Sound  started
656.9007 	DATA 	Keypress: rctrl
656.9778 	EXP 	Sound  started
657.6206 	DATA 	Keypress: rctrl
657.7278 	EXP 	Sound  started
658.4366 	DATA 	Keypress: rctrl
658.4778 	EXP 	Sound  started
659.2046 	DATA 	Keypress: rctrl
659.2278 	EXP 	Sound  started
659.9086 	DATA 	Keypress: lctrl
659.9778 	EXP 	Sound  started
660.6606 	DATA 	Keypress: lctrl
660.7278 	EXP 	Sound  started
661.3806 	DATA 	Keypress: lctrl
661.4778 	EXP 	Sound  started
662.1966 	DATA 	Keypress: lctrl
662.2279 	EXP 	Sound  started
662.8686 	DATA 	Keypress: lctrl
662.9779 	EXP 	Sound  started
663.6526 	DATA 	Keypress: lctrl
663.7279 	EXP 	Sound  started
664.4046 	DATA 	Keypress: rctrl
664.4779 	EXP 	Sound  started
665.1086 	DATA 	Keypress: rctrl
665.2279 	EXP 	Sound  started
665.8926 	DATA 	Keypress: rctrl
665.9779 	EXP 	Sound  started
666.6446 	DATA 	Keypress: rctrl
666.7279 	EXP 	Sound  started
667.4286 	DATA 	Keypress: rctrl
667.4780 	EXP 	Sound  started
668.1486 	DATA 	Keypress: rctrl
668.2280 	EXP 	Sound  started
668.8686 	DATA 	Keypress: rctrl
668.9780 	EXP 	Sound  started
669.6526 	DATA 	Keypress: lctrl
669.7280 	EXP 	Sound  started
670.4367 	DATA 	Keypress: lctrl
670.4780 	EXP 	Sound  started
671.1566 	DATA 	Keypress: lctrl
671.2280 	EXP 	Sound  started
671.9246 	DATA 	Keypress: lctrl
671.9780 	EXP 	Sound  started
672.6606 	DATA 	Keypress: lctrl
672.7281 	EXP 	Sound  started
673.4606 	DATA 	Keypress: rctrl
673.4781 	EXP 	Sound  started
674.1806 	DATA 	Keypress: rctrl
674.2281 	EXP 	Sound  started
674.9781 	EXP 	Sound  started
674.9806 	DATA 	Keypress: rctrl
675.6206 	DATA 	Keypress: lctrl
675.7281 	EXP 	Sound  started
676.4046 	DATA 	Keypress: lctrl
676.4781 	EXP 	Sound  started
677.1566 	DATA 	Keypress: lctrl
677.2282 	EXP 	Sound  started
677.8606 	DATA 	Keypress: lctrl
681.8199 	DATA 	Keypress: 3
681.8364 	EXP 	unnamed ShapeStim: vertices = <class 'numpy.ndarray'>
687.8787 	DATA 	Keypress: 2
687.9081 	EXP 	unnamed ShapeStim: vertices = <class 'numpy.ndarray'>
690.0939 	DATA 	Keypress: 2
690.1104 	EXP 	unnamed ShapeStim: vertices = <class 'numpy.ndarray'>
692.3955 	EXP 	Sound  started
692.6286 	DATA 	Keypress: rctrl
693.0926 	DATA 	Keypress: lctrl
693.1455 	EXP 	Sound  started
693.7166 	DATA 	Keypress: rctrl
693.8955 	EXP 	Sound  started
694.4526 	DATA 	Keypress: rctrl
694.6455 	EXP 	Sound  started
695.2846 	DATA 	Keypress: rctrl
695.3955 	EXP 	Sound  started
696.0366 	DATA 	Keypress: rctrl
696.1455 	EXP 	Sound  started
696.7886 	DATA 	Keypress: lctrl
696.8955 	EXP 	Sound  started
697.5566 	DATA 	Keypress: lctrl
697.6456 	EXP 	Sound  started
698.3407 	DATA 	Keypress: lctrl
698.3956 	EXP 	Sound  started
699.1456 	EXP 	Sound  started
699.1566 	DATA 	Keypress: lctrl
699.8286 	DATA 	Keypress: rctrl
699.8956 	EXP 	Sound  started
700.5806 	DATA 	Keypress: lctrl
700.6456 	EXP 	Sound  started
701.3166 	DATA 	Keypress: lctrl
701.3956 	EXP 	Sound  started
702.0526 	DATA 	Keypress: lctrl
702.1456 	EXP 	Sound  started
702.8526 	DATA 	Keypress: lctrl
702.8957 	EXP 	Sound  started
703.5726 	DATA 	Keypress: rctrl
703.6457 	EXP 	Sound  started
704.3246 	DATA 	Keypress: rctrl
704.3957 	EXP 	Sound  started
705.0766 	DATA 	Keypress: rctrl
705.1457 	EXP 	Sound  started
705.8926 	DATA 	Keypress: rctrl
705.8957 	EXP 	Sound  started
706.6286 	DATA 	Keypress: rctrl
706.6457 	EXP 	Sound  started
707.3006 	DATA 	Keypress: lctrl
707.3958 	EXP 	Sound  started
708.0846 	DATA 	Keypress: lctrl
708.1458 	EXP 	Sound  started
708.8846 	DATA 	Keypress: lctrl
708.8958 	EXP 	Sound  started
709.6046 	DATA 	Keypress: rctrl
709.6458 	EXP 	Sound  started
710.3958 	EXP 	Sound  started
710.4046 	DATA 	Keypress: lctrl
711.1246 	DATA 	Keypress: rctrl
711.1458 	EXP 	Sound  started
711.8605 	DATA 	Keypress: rctrl
711.8958 	EXP 	Sound  started
712.6286 	DATA 	Keypress: rctrl
712.6459 	EXP 	Sound  started
713.3166 	DATA 	Keypress: rctrl
713.3959 	EXP 	Sound  started
714.0846 	DATA 	Keypress: lctrl
714.1459 	EXP 	Sound  started
714.7726 	DATA 	Keypress: lctrl
714.8959 	EXP 	Sound  started
715.5086 	DATA 	Keypress: lctrl
715.6459 	EXP 	Sound  started
716.3086 	DATA 	Keypress: rctrl
716.3959 	EXP 	Sound  started
717.0286 	DATA 	Keypress: rctrl
717.1460 	EXP 	Sound  started
717.8606 	DATA 	Keypress: rctrl
717.8960 	EXP 	Sound  started
718.5806 	DATA 	Keypress: rctrl
718.6460 	EXP 	Sound  started
719.3326 	DATA 	Keypress: rctrl
719.3960 	EXP 	Sound  started
720.0686 	DATA 	Keypress: lctrl
720.1460 	EXP 	Sound  started
720.8206 	DATA 	Keypress: lctrl
720.8960 	EXP 	Sound  started
721.6046 	DATA 	Keypress: lctrl
721.6460 	EXP 	Sound  started
722.3406 	DATA 	Keypress: rctrl
722.3960 	EXP 	Sound  started
723.0766 	DATA 	Keypress: rctrl
723.1461 	EXP 	Sound  started
723.8446 	DATA 	Keypress: rctrl
723.8961 	EXP 	Sound  started
724.5806 	DATA 	Keypress: rctrl
724.6461 	EXP 	Sound  started
725.3166 	DATA 	Keypress: rctrl
725.3961 	EXP 	Sound  started
726.0686 	DATA 	Keypress: lctrl
726.1461 	EXP 	Sound  started
726.8846 	DATA 	Keypress: lctrl
726.8961 	EXP 	Sound  started
727.5407 	DATA 	Keypress: lctrl
727.6461 	EXP 	Sound  started
728.3246 	DATA 	Keypress: rctrl
728.3962 	EXP 	Sound  started
729.0606 	DATA 	Keypress: rctrl
729.1462 	EXP 	Sound  started
729.8606 	DATA 	Keypress: rctrl
729.8962 	EXP 	Sound  started
730.6127 	DATA 	Keypress: rctrl
730.6462 	EXP 	Sound  started
731.2526 	DATA 	Keypress: rctrl
731.3962 	EXP 	Sound  started
732.1166 	DATA 	Keypress: lctrl
732.1462 	EXP 	Sound  started
732.8366 	DATA 	Keypress: lctrl
732.8963 	EXP 	Sound  started
733.6366 	DATA 	Keypress: lctrl
733.6463 	EXP 	Sound  started
734.3963 	EXP 	Sound  started
734.4366 	DATA 	Keypress: lctrl
735.1463 	EXP 	Sound  started
735.1886 	DATA 	Keypress: rctrl
735.8766 	DATA 	Keypress: lctrl
735.8963 	EXP 	Sound  started
736.6126 	DATA 	Keypress: rctrl
736.6463 	EXP 	Sound  started
737.3806 	DATA 	Keypress: rctrl
737.3963 	EXP 	Sound  started
738.1007 	DATA 	Keypress: rctrl
738.1464 	EXP 	Sound  started
738.7886 	DATA 	Keypress: rctrl
738.8964 	EXP 	Sound  started
739.5726 	DATA 	Keypress: rctrl
739.6464 	EXP 	Sound  started
740.3086 	DATA 	Keypress: lctrl
740.3964 	EXP 	Sound  started
741.0446 	DATA 	Keypress: rctrl
741.1464 	EXP 	Sound  started
741.8126 	DATA 	Keypress: lctrl
741.8964 	EXP 	Sound  started
742.3566 	DATA 	Keypress: lctrl
742.6465 	EXP 	Sound  started
743.3967 	DATA 	Keypress: lctrl
743.3968 	EXP 	Sound  started
744.1468 	EXP 	Sound  started
744.2446 	DATA 	Keypress: lctrl
744.7886 	DATA 	Keypress: rctrl
744.8968 	EXP 	Sound  started
745.5247 	DATA 	Keypress: rctrl
745.6469 	EXP 	Sound  started
746.3086 	DATA 	Keypress: rctrl
748.0909 	DATA 	Keypress: 1
748.1074 	EXP 	unnamed ShapeStim: vertices = <class 'numpy.ndarray'>
755.6804 	DATA 	Keypress: 4
755.6969 	EXP 	unnamed ShapeStim: vertices = <class 'numpy.ndarray'>
757.6325 	DATA 	Keypress: 1
757.6490 	EXP 	unnamed ShapeStim: vertices = <class 'numpy.ndarray'>
759.9338 	EXP 	Sound  started
759.9343 	DATA 	Keypress: rctrl
760.5486 	DATA 	Keypress: lctrl
760.6838 	EXP 	Sound  started
761.3646 	DATA 	Keypress: rctrl
761.4338 	EXP 	Sound  started
762.1806 	DATA 	Keypress: rctrl
762.1838 	EXP 	Sound  started
762.9007 	DATA 	Keypress: rctrl
762.9338 	EXP 	Sound  started
763.6366 	DATA 	Keypress: rctrl
763.6838 	EXP 	Sound  started
764.3566 	DATA 	Keypress: rctrl
764.4338 	EXP 	Sound  started
765.1086 	DATA 	Keypress: rctrl
765.1839 	EXP 	Sound  started
765.8126 	DATA 	Keypress: lctrl
765.9339 	EXP 	Sound  started
766.6446 	DATA 	Keypress: rctrl
766.6839 	EXP 	Sound  started
767.3806 	DATA 	Keypress: rctrl
767.4339 	EXP 	Sound  started
768.1166 	DATA 	Keypress: rctrl
768.1839 	EXP 	Sound  started
768.8686 	DATA 	Keypress: rctrl
768.9339 	EXP 	Sound  started
769.5886 	DATA 	Keypress: rctrl
769.6840 	EXP 	Sound  started
770.3406 	DATA 	Keypress: rctrl
770.4340 	EXP 	Sound  started
771.0926 	DATA 	Keypress: lctrl
771.1840 	EXP 	Sound  started
771.8766 	DATA 	Keypress: lctrl
771.9340 	EXP 	Sound  started
772.6286 	DATA 	Keypress: lctrl
772.6840 	EXP 	Sound  started
773.4126 	DATA 	Keypress: lctrl
773.4340 	EXP 	Sound  started
774.1486 	DATA 	Keypress: lctrl
774.1840 	EXP 	Sound  started
774.8526 	DATA 	Keypress: lctrl
774.9341 	EXP 	Sound  started
775.6206 	DATA 	Keypress: lctrl
775.6841 	EXP 	Sound  started
776.3566 	DATA 	Keypress: rctrl
776.4341 	EXP 	Sound  started
777.1841 	EXP 	Sound  started
777.1886 	DATA 	Keypress: rctrl
777.8447 	DATA 	Keypress: lctrl
777.9341 	EXP 	Sound  started
778.6446 	DATA 	Keypress: lctrl
778.6841 	EXP 	Sound  started
779.3165 	DATA 	Keypress: rctrl
779.4341 	EXP 	Sound  started
780.0526 	DATA 	Keypress: rctrl
780.1842 	EXP 	Sound  started
780.7726 	DATA 	Keypress: rctrl
780.9342 	EXP 	Sound  started
781.5726 	DATA 	Keypress: rctrl
781.6842 	EXP 	Sound  started
782.3727 	DATA 	Keypress: lctrl
782.4342 	EXP 	Sound  started
783.0606 	DATA 	Keypress: rctrl
783.1842 	EXP 	Sound  started
783.9086 	DATA 	Keypress: rctrl
783.9342 	EXP 	Sound  started
784.6843 	EXP 	Sound  started
784.6926 	DATA 	Keypress: rctrl
785.4126 	DATA 	Keypress: rctrl
785.4343 	EXP 	Sound  started
786.1006 	DATA 	Keypress: lctrl
786.1843 	EXP 	Sound  started
786.8207 	DATA 	Keypress: lctrl
786.9343 	EXP 	Sound  started
787.6843 	EXP 	Sound  started
787.7166 	DATA 	Keypress: lctrl
788.3886 	DATA 	Keypress: rctrl
788.4343 	EXP 	Sound  started
789.0766 	DATA 	Keypress: rctrl
789.1843 	EXP 	Sound  started
789.7646 	DATA 	Keypress: rctrl
789.9344 	EXP 	Sound  started
790.5166 	DATA 	Keypress: rctrl
790.6844 	EXP 	Sound  started
791.3005 	DATA 	Keypress: rctrl
791.4344 	EXP 	Sound  started
792.0527 	DATA 	Keypress: rctrl
792.1844 	EXP 	Sound  started
792.8686 	DATA 	Keypress: rctrl
792.9344 	EXP 	Sound  started
793.5886 	DATA 	Keypress: rctrl
793.6844 	EXP 	Sound  started
794.3726 	DATA 	Keypress: lctrl
794.4344 	EXP 	Sound  started
795.1566 	DATA 	Keypress: lctrl
795.1845 	EXP 	Sound  started
795.8286 	DATA 	Keypress: lctrl
795.9345 	EXP 	Sound  started
796.5646 	DATA 	Keypress: lctrl
796.6845 	EXP 	Sound  started
797.3967 	DATA 	Keypress: lctrl
797.4345 	EXP 	Sound  started
798.1845 	EXP 	Sound  started
798.2126 	DATA 	Keypress: lctrl
798.7726 	DATA 	Keypress: rctrl
798.9345 	EXP 	Sound  started
799.6686 	DATA 	Keypress: lctrl
799.6845 	EXP 	Sound  started
800.3566 	DATA 	Keypress: rctrl
800.4346 	EXP 	Sound  started
801.0446 	DATA 	Keypress: rctrl
801.1846 	EXP 	Sound  started
801.8766 	DATA 	Keypress: rctrl
801.9346 	EXP 	Sound  started
802.6286 	DATA 	Keypress: rctrl
802.6846 	EXP 	Sound  started
803.3806 	DATA 	Keypress: rctrl
803.4346 	EXP 	Sound  started
804.1006 	DATA 	Keypress: rctrl
804.1846 	EXP 	Sound  started
804.8366 	DATA 	Keypress: rctrl
804.9347 	EXP 	Sound  started
805.5086 	DATA 	Keypress: rctrl
805.6847 	EXP 	Sound  started
806.2926 	DATA 	Keypress: lctrl
806.4347 	EXP 	Sound  started
806.9966 	DATA 	Keypress: lctrl
807.1847 	EXP 	Sound  started
807.7326 	DATA 	Keypress: rctrl
807.9347 	EXP 	Sound  started
808.5326 	DATA 	Keypress: rctrl
808.6847 	EXP 	Sound  started
809.3166 	DATA 	Keypress: rctrl
809.4348 	EXP 	Sound  started
810.1486 	DATA 	Keypress: rctrl
810.1848 	EXP 	Sound  started
810.8206 	DATA 	Keypress: rctrl
810.9348 	EXP 	Sound  started
811.6046 	DATA 	Keypress: rctrl
811.6848 	EXP 	Sound  started
812.3246 	DATA 	Keypress: rctrl
812.4348 	EXP 	Sound  started
813.0446 	DATA 	Keypress: rctrl
813.1848 	EXP 	Sound  started
813.8767 	DATA 	Keypress: rctrl
813.9348 	EXP 	Sound  started
814.6286 	DATA 	Keypress: lctrl
814.6849 	EXP 	Sound  started
815.4349 	EXP 	Sound  started
815.4606 	DATA 	Keypress: lctrl
816.0526 	DATA 	Keypress: rctrl
816.1849 	EXP 	Sound  started
816.7567 	DATA 	Keypress: lctrl
816.9349 	EXP 	Sound  started
817.5086 	DATA 	Keypress: lctrl
817.6849 	EXP 	Sound  started
818.3886 	DATA 	Keypress: lctrl
818.4349 	EXP 	Sound  started
819.0286 	DATA 	Keypress: lctrl
819.1850 	EXP 	Sound  started
819.9350 	EXP 	Sound  started
819.9406 	DATA 	Keypress: lctrl
820.6126 	DATA 	Keypress: lctrl
820.6850 	EXP 	Sound  started
821.2046 	DATA 	Keypress: lctrl
823.3692 	DATA 	Keypress: 4
823.3857 	EXP 	unnamed ShapeStim: vertices = <class 'numpy.ndarray'>
827.6727 	DATA 	Keypress: 3
827.6892 	EXP 	unnamed ShapeStim: vertices = <class 'numpy.ndarray'>
830.4750 	DATA 	Keypress: 3
830.4915 	EXP 	unnamed ShapeStim: vertices = <class 'numpy.ndarray'>
832.7762 	EXP 	Sound  started
833.1728 	DATA 	Keypress: lctrl
833.5086 	DATA 	Keypress: rctrl
833.5262 	EXP 	Sound  started
834.2762 	EXP 	Sound  started
834.3566 	DATA 	Keypress: lctrl
834.9646 	DATA 	Keypress: rctrl
835.0262 	EXP 	Sound  started
835.7167 	DATA 	Keypress: lctrl
835.7762 	EXP 	Sound  started
836.4846 	DATA 	Keypress: lctrl
836.5262 	EXP 	Sound  started
837.1566 	DATA 	Keypress: rctrl
837.2762 	EXP 	Sound  started
837.9086 	DATA 	Keypress: rctrl
838.0263 	EXP 	Sound  started
838.6286 	DATA 	Keypress: rctrl
838.7763 	EXP 	Sound  started
839.3646 	DATA 	Keypress: rctrl
839.5263 	EXP 	Sound  started
840.1326 	DATA 	Keypress: rctrl
840.2763 	EXP 	Sound  started
840.9006 	DATA 	Keypress: rctrl
841.0263 	EXP 	Sound  started
841.6366 	DATA 	Keypress: lctrl
841.7763 	EXP 	Sound  started
842.3886 	DATA 	Keypress: lctrl
842.5263 	EXP 	Sound  started
843.1566 	DATA 	Keypress: rctrl
843.2764 	EXP 	Sound  started
843.8766 	DATA 	Keypress: rctrl
844.0264 	EXP 	Sound  started
844.6766 	DATA 	Keypress: rctrl
844.7764 	EXP 	Sound  started
845.4286 	DATA 	Keypress: rctrl
845.5264 	EXP 	Sound  started
846.2126 	DATA 	Keypress: rctrl
846.2764 	EXP 	Sound  started
846.9006 	DATA 	Keypress: lctrl
847.0264 	EXP 	Sound  started
847.6686 	DATA 	Keypress: rctrl
847.7765 	EXP 	Sound  started
848.4206 	DATA 	Keypress: rctrl
848.5265 	EXP 	Sound  started
849.1566 	DATA 	Keypress: rctrl
849.2765 	EXP 	Sound  started
849.9566 	DATA 	Keypress: rctrl
850.0265 	EXP 	Sound  started
850.7246 	DATA 	Keypress: lctrl
850.7765 	EXP 	Sound  started
851.4286 	DATA 	Keypress: lctrl
851.5265 	EXP 	Sound  started
852.1326 	DATA 	Keypress: rctrl
852.2765 	EXP 	Sound  started
852.9326 	DATA 	Keypress: rctrl
853.0266 	EXP 	Sound  started
853.7166 	DATA 	Keypress: rctrl
853.7766 	EXP 	Sound  started
854.3886 	DATA 	Keypress: rctrl
854.5266 	EXP 	Sound  started
855.1726 	DATA 	Keypress: rctrl
855.2766 	EXP 	Sound  started
855.8126 	DATA 	Keypress: lctrl
856.0266 	EXP 	Sound  started
856.7245 	DATA 	Keypress: lctrl
856.7766 	EXP 	Sound  started
857.4606 	DATA 	Keypress: lctrl
857.5266 	EXP 	Sound  started
858.2767 	EXP 	Sound  started
858.2926 	DATA 	Keypress: lctrl
858.9965 	DATA 	Keypress: lctrl
859.0267 	EXP 	Sound  started
859.7325 	DATA 	Keypress: lctrl
859.7767 	EXP 	Sound  started
860.4366 	DATA 	Keypress: rctrl
860.5267 	EXP 	Sound  started
861.2525 	DATA 	Keypress: lctrl
861.2767 	EXP 	Sound  started
861.9887 	DATA 	Keypress: lctrl
862.0267 	EXP 	Sound  started
862.7406 	DATA 	Keypress: lctrl
862.7767 	EXP 	Sound  started
863.4446 	DATA 	Keypress: rctrl
863.5268 	EXP 	Sound  started
864.2126 	DATA 	Keypress: rctrl
864.2768 	EXP 	Sound  started
865.0268 	EXP 	Sound  started
865.0926 	DATA 	Keypress: rctrl
865.7166 	DATA 	Keypress: rctrl
865.7768 	EXP 	Sound  started
866.4526 	DATA 	Keypress: rctrl
866.5268 	EXP 	Sound  started
867.2206 	DATA 	Keypress: rctrl
867.2768 	EXP 	Sound  started
867.9886 	DATA 	Keypress: rctrl
868.0269 	EXP 	Sound  started
868.7406 	DATA 	Keypress: rctrl
868.7769 	EXP 	Sound  started
869.5269 	EXP 	Sound  started
869.5566 	DATA 	Keypress: lctrl
870.2446 	DATA 	Keypress: lctrl
870.2769 	EXP 	Sound  started
870.9966 	DATA 	Keypress: lctrl
871.0269 	EXP 	Sound  started
871.7326 	DATA 	Keypress: lctrl
871.7769 	EXP 	Sound  started
872.4686 	DATA 	Keypress: rctrl
872.5270 	EXP 	Sound  started
873.2770 	EXP 	Sound  started
873.2846 	DATA 	Keypress: lctrl
873.9726 	DATA 	Keypress: lctrl
874.0270 	EXP 	Sound  started
874.7246 	DATA 	Keypress: lctrl
874.7770 	EXP 	Sound  started
875.5087 	DATA 	Keypress: lctrl
875.5270 	EXP 	Sound  started
876.2126 	DATA 	Keypress: lctrl
876.2770 	EXP 	Sound  started
876.9645 	DATA 	Keypress: lctrl
877.0270 	EXP 	Sound  started
877.7005 	DATA 	Keypress: lctrl
877.7770 	EXP 	Sound  started
878.4365 	DATA 	Keypress: lctrl
878.5271 	EXP 	Sound  started
879.2686 	DATA 	Keypress: rctrl
879.2771 	EXP 	Sound  started
879.9406 	DATA 	Keypress: rctrl
880.0271 	EXP 	Sound  started
880.6766 	DATA 	Keypress: rctrl
880.7771 	EXP 	Sound  started
881.4606 	DATA 	Keypress: rctrl
881.5271 	EXP 	Sound  started
882.2447 	DATA 	Keypress: lctrl
882.2771 	EXP 	Sound  started
882.9486 	DATA 	Keypress: rctrl
883.0271 	EXP 	Sound  started
883.7006 	DATA 	Keypress: rctrl
883.7772 	EXP 	Sound  started
884.5272 	EXP 	Sound  started
884.5966 	DATA 	Keypress: rctrl
885.2205 	DATA 	Keypress: rctrl
885.2772 	EXP 	Sound  started
885.9406 	DATA 	Keypress: lctrl
886.0272 	EXP 	Sound  started
886.6926 	DATA 	Keypress: lctrl
886.7772 	EXP 	Sound  started
887.4766 	DATA 	Keypress: rctrl
890.3907 	DATA 	Keypress: 2
890.4073 	EXP 	unnamed ShapeStim: vertices = <class 'numpy.ndarray'>
893.1597 	DATA 	Keypress: 2
893.1762 	EXP 	unnamed ShapeStim: vertices = <class 'numpy.ndarray'>
895.6121 	DATA 	Keypress: 2
895.6287 	EXP 	unnamed ShapeStim: vertices = <class 'numpy.ndarray'>
897.9138 	EXP 	Sound  started
898.4686 	DATA 	Keypress: rctrl
898.6638 	EXP 	Sound  started
898.9486 	DATA 	Keypress: lctrl
899.4138 	EXP 	Sound  started
899.5086 	DATA 	Keypress: rctrl
900.1486 	DATA 	Keypress: rctrl
900.1638 	EXP 	Sound  started
900.8527 	DATA 	Keypress: rctrl
900.9138 	EXP 	Sound  started
901.6365 	DATA 	Keypress: rctrl
901.6638 	EXP 	Sound  started
902.4138 	EXP 	Sound  started
902.4686 	DATA 	Keypress: rctrl
903.1085 	DATA 	Keypress: rctrl
903.1639 	EXP 	Sound  started
903.8766 	DATA 	Keypress: lctrl
903.9139 	EXP 	Sound  started
904.6126 	DATA 	Keypress: rctrl
904.6639 	EXP 	Sound  started
905.3806 	DATA 	Keypress: rctrl
905.4139 	EXP 	Sound  started
906.0686 	DATA 	Keypress: rctrl
906.1639 	EXP 	Sound  started
906.8206 	DATA 	Keypress: rctrl
906.9139 	EXP 	Sound  started
907.6639 	EXP 	Sound  started
907.6686 	DATA 	Keypress: rctrl
908.3245 	DATA 	Keypress: rctrl
908.4140 	EXP 	Sound  started
909.0766 	DATA 	Keypress: lctrl
909.1640 	EXP 	Sound  started
909.8125 	DATA 	Keypress: lctrl
909.9140 	EXP 	Sound  started
910.5326 	DATA 	Keypress: lctrl
910.6640 	EXP 	Sound  started
911.3005 	DATA 	Keypress: rctrl
911.4140 	EXP 	Sound  started
912.0366 	DATA 	Keypress: rctrl
912.1640 	EXP 	Sound  started
912.7247 	DATA 	Keypress: lctrl
912.9140 	EXP 	Sound  started
913.5566 	DATA 	Keypress: lctrl
913.6641 	EXP 	Sound  started
914.3726 	DATA 	Keypress: lctrl
914.4141 	EXP 	Sound  started
915.0925 	DATA 	Keypress: lctrl
915.1641 	EXP 	Sound  started
915.8446 	DATA 	Keypress: rctrl
915.9141 	EXP 	Sound  started
916.5486 	DATA 	Keypress: lctrl
916.6641 	EXP 	Sound  started
917.3486 	DATA 	Keypress: lctrl
917.4141 	EXP 	Sound  started
918.1166 	DATA 	Keypress: lctrl
918.1642 	EXP 	Sound  started
918.9006 	DATA 	Keypress: lctrl
918.9142 	EXP 	Sound  started
919.5886 	DATA 	Keypress: lctrl
919.6642 	EXP 	Sound  started
920.4142 	EXP 	Sound  started
920.4366 	DATA 	Keypress: lctrl
921.0926 	DATA 	Keypress: lctrl
921.1642 	EXP 	Sound  started
921.8126 	DATA 	Keypress: lctrl
921.9142 	EXP 	Sound  started
922.5806 	DATA 	Keypress: lctrl
922.6643 	EXP 	Sound  started
923.4125 	DATA 	Keypress: rctrl
923.4143 	EXP 	Sound  started
924.0525 	DATA 	Keypress: rctrl
924.1643 	EXP 	Sound  started
924.8365 	DATA 	Keypress: rctrl
924.9143 	EXP 	Sound  started
925.6643 	EXP 	Sound  started
925.7165 	DATA 	Keypress: lctrl
926.4046 	DATA 	Keypress: rctrl
926.4143 	EXP 	Sound  started
927.0446 	DATA 	Keypress: rctrl
927.1643 	EXP 	Sound  started
927.8287 	DATA 	Keypress: rctrl
927.9144 	EXP 	Sound  started
928.5806 	DATA 	Keypress: rctrl
928.6644 	EXP 	Sound  started
929.4144 	EXP 	Sound  started
929.4446 	DATA 	Keypress: lctrl
930.1486 	DATA 	Keypress: rctrl
930.1644 	EXP 	Sound  started
930.9006 	DATA 	Keypress: rctrl
930.9144 	EXP 	Sound  started
931.5886 	DATA 	Keypress: rctrl
931.6644 	EXP 	Sound  started
932.3406 	DATA 	Keypress: rctrl
932.4144 	EXP 	Sound  started
933.0765 	DATA 	Keypress: rctrl
933.1644 	EXP 	Sound  started
933.8766 	DATA 	Keypress: rctrl
933.9145 	EXP 	Sound  started
934.5806 	DATA 	Keypress: lctrl
934.6645 	EXP 	Sound  started
935.3645 	DATA 	Keypress: lctrl
935.4145 	EXP 	Sound  started
936.1645 	EXP 	Sound  started
936.1806 	DATA 	Keypress: lctrl
936.8206 	DATA 	Keypress: rctrl
936.9006 	DATA 	Keypress: rctrl
936.9145 	EXP 	Sound  started
937.5886 	DATA 	Keypress: lctrl
937.6645 	EXP 	Sound  started
938.3406 	DATA 	Keypress: lctrl
938.4145 	EXP 	Sound  started
939.0766 	DATA 	Keypress: rctrl
939.1646 	EXP 	Sound  started
939.9086 	DATA 	Keypress: rctrl
939.9146 	EXP 	Sound  started
940.5807 	DATA 	Keypress: rctrl
940.6646 	EXP 	Sound  started
941.3325 	DATA 	Keypress: rctrl
941.4146 	EXP 	Sound  started
942.0846 	DATA 	Keypress: rctrl
944.2849 	DATA 	Keypress: 3
944.3014 	EXP 	unnamed ShapeStim: vertices = <class 'numpy.ndarray'>
947.2373 	DATA 	Keypress: 3
947.2538 	EXP 	unnamed ShapeStim: vertices = <class 'numpy.ndarray'>
949.9734 	DATA 	Keypress: 3
949.9899 	EXP 	unnamed ShapeStim: vertices = <class 'numpy.ndarray'>
952.2742 	EXP 	Sound  started
952.2746 	DATA 	Keypress: rctrl
952.9005 	DATA 	Keypress: rctrl
953.0241 	EXP 	Sound  started
953.6206 	DATA 	Keypress: rctrl
953.7741 	EXP 	Sound  started
954.3407 	DATA 	Keypress: rctrl
954.5242 	EXP 	Sound  started
955.1726 	DATA 	Keypress: rctrl
955.2742 	EXP 	Sound  started
955.9886 	DATA 	Keypress: lctrl
956.0242 	EXP 	Sound  started
956.7246 	DATA 	Keypress: rctrl
956.7742 	EXP 	Sound  started
957.5086 	DATA 	Keypress: lctrl
957.5242 	EXP 	Sound  started
958.1646 	DATA 	Keypress: lctrl
958.2742 	EXP 	Sound  started
958.9006 	DATA 	Keypress: lctrl
959.0243 	EXP 	Sound  started
959.7165 	DATA 	Keypress: lctrl
959.7743 	EXP 	Sound  started
960.5006 	DATA 	Keypress: rctrl
960.5243 	EXP 	Sound  started
961.1725 	DATA 	Keypress: rctrl
961.2743 	EXP 	Sound  started
961.9246 	DATA 	Keypress: lctrl
962.0243 	EXP 	Sound  started
962.6766 	DATA 	Keypress: lctrl
962.7743 	EXP 	Sound  started
963.3645 	DATA 	Keypress: lctrl
963.5243 	EXP 	Sound  started
964.1965 	DATA 	Keypress: lctrl
964.2744 	EXP 	Sound  started
964.9326 	DATA 	Keypress: rctrl
965.0244 	EXP 	Sound  started
965.7006 	DATA 	Keypress: lctrl
965.7744 	EXP 	Sound  started
966.4046 	DATA 	Keypress: lctrl
966.5244 	EXP 	Sound  started
967.1086 	DATA 	Keypress: lctrl
967.2744 	EXP 	Sound  started
967.9405 	DATA 	Keypress: lctrl
968.0244 	EXP 	Sound  started
968.7745 	EXP 	Sound  started
968.8045 	DATA 	Keypress: rctrl
969.4127 	DATA 	Keypress: rctrl
969.5245 	EXP 	Sound  started
970.1486 	DATA 	Keypress: rctrl
970.2745 	EXP 	Sound  started
970.9005 	DATA 	Keypress: rctrl
971.0245 	EXP 	Sound  started
971.6686 	DATA 	Keypress: rctrl
971.7745 	EXP 	Sound  started
972.4685 	DATA 	Keypress: rctrl
972.5245 	EXP 	Sound  started
973.2686 	DATA 	Keypress: lctrl
973.2745 	EXP 	Sound  started
973.9406 	DATA 	Keypress: rctrl
974.0246 	EXP 	Sound  started
974.6925 	DATA 	Keypress: rctrl
974.7746 	EXP 	Sound  started
975.5246 	DATA 	Keypress: lctrl
975.5248 	EXP 	Sound  started
976.2749 	EXP 	Sound  started
976.3246 	DATA 	Keypress: lctrl
976.9646 	DATA 	Keypress: lctrl
977.0249 	EXP 	Sound  started
977.7647 	DATA 	Keypress: lctrl
977.7749 	EXP 	Sound  started
978.5249 	EXP 	Sound  started
978.5326 	DATA 	Keypress: rctrl
979.1565 	DATA 	Keypress: rctrl
979.2749 	EXP 	Sound  started
979.8766 	DATA 	Keypress: rctrl
980.0249 	EXP 	Sound  started
980.6125 	DATA 	Keypress: rctrl
980.7750 	EXP 	Sound  started
981.4286 	DATA 	Keypress: rctrl
981.5250 	EXP 	Sound  started
982.1966 	DATA 	Keypress: rctrl
982.2750 	EXP 	Sound  started
982.9326 	DATA 	Keypress: lctrl
983.0250 	EXP 	Sound  started
983.7166 	DATA 	Keypress: lctrl
983.7750 	EXP 	Sound  started
984.4365 	DATA 	Keypress: lctrl
984.5250 	EXP 	Sound  started
985.1565 	DATA 	Keypress: lctrl
985.2750 	EXP 	Sound  started
985.8766 	DATA 	Keypress: lctrl
986.0251 	EXP 	Sound  started
986.6926 	DATA 	Keypress: lctrl
986.7751 	EXP 	Sound  started
987.3966 	DATA 	Keypress: lctrl
987.5251 	EXP 	Sound  started
988.1646 	DATA 	Keypress: rctrl
988.2751 	EXP 	Sound  started
988.9646 	DATA 	Keypress: lctrl
989.0251 	EXP 	Sound  started
989.5886 	DATA 	Keypress: lctrl
989.7751 	EXP 	Sound  started
990.3726 	DATA 	Keypress: lctrl
990.5251 	EXP 	Sound  started
991.0446 	DATA 	Keypress: lctrl
991.2752 	EXP 	Sound  started
991.8606 	DATA 	Keypress: lctrl
992.0252 	EXP 	Sound  started
992.6446 	DATA 	Keypress: lctrl
992.7752 	EXP 	Sound  started
993.4126 	DATA 	Keypress: lctrl
993.5252 	EXP 	Sound  started
994.1166 	DATA 	Keypress: lctrl
994.2752 	EXP 	Sound  started
994.9805 	DATA 	Keypress: lctrl
995.0252 	EXP 	Sound  started
995.7326 	DATA 	Keypress: rctrl
995.7752 	EXP 	Sound  started
996.5165 	DATA 	Keypress: lctrl
996.5253 	EXP 	Sound  started
997.2525 	DATA 	Keypress: rctrl
997.2753 	EXP 	Sound  started
997.9726 	DATA 	Keypress: rctrl
998.0253 	EXP 	Sound  started
998.7566 	DATA 	Keypress: rctrl
998.7753 	EXP 	Sound  started
999.4925 	DATA 	Keypress: rctrl
999.5253 	EXP 	Sound  started
1000.2126 	DATA 	Keypress: rctrl
1000.2753 	EXP 	Sound  started
1000.8526 	DATA 	Keypress: lctrl
1001.0254 	EXP 	Sound  started
1001.6685 	DATA 	Keypress: lctrl
1001.7754 	EXP 	Sound  started
1002.3566 	DATA 	Keypress: lctrl
1002.5254 	EXP 	Sound  started
1003.2685 	DATA 	Keypress: rctrl
1003.2754 	EXP 	Sound  started
1003.9566 	DATA 	Keypress: rctrl
1004.0254 	EXP 	Sound  started
1004.7086 	DATA 	Keypress: rctrl
1004.7754 	EXP 	Sound  started
1005.4765 	DATA 	Keypress: rctrl
1005.5254 	EXP 	Sound  started
1006.2285 	DATA 	Keypress: rctrl
1006.2754 	EXP 	Sound  started
1006.9646 	DATA 	Keypress: rctrl
1007.0254 	EXP 	Sound  started
1007.7006 	DATA 	Keypress: rctrl
1007.7755 	EXP 	Sound  started
1008.4046 	DATA 	Keypress: rctrl
1008.5255 	EXP 	Sound  started
1009.1405 	DATA 	Keypress: lctrl
1009.2755 	EXP 	Sound  started
1009.8766 	DATA 	Keypress: lctrl
1010.0255 	EXP 	Sound  started
1010.7726 	DATA 	Keypress: lctrl
1010.7755 	EXP 	Sound  started
1011.4766 	DATA 	Keypress: rctrl
1015.1262 	DATA 	Keypress: 2
1015.1427 	EXP 	unnamed ShapeStim: vertices = <class 'numpy.ndarray'>
1018.0291 	DATA 	Keypress: 2
1018.0456 	EXP 	unnamed ShapeStim: vertices = <class 'numpy.ndarray'>
1019.9142 	DATA 	Keypress: 2
1019.9305 	EXP 	unnamed ShapeStim: vertices = <class 'numpy.ndarray'>
1022.2198 	DATA 	Keypress: rctrl
1045.5246 	DATA 	Keypress: escape
1045.5892 	EXP 	window1: mouseVisible = True
