295.9663 	WARNING 	User requested fullscreen with size [1024  768], but screen is actually [1920, 1200]. Using actual size
296.7852 	EXP 	Created window1 = Window(allowGUI=False, allowStencil=False, autoLog=True, backendConf=UNKNOWN, bitsMode=UNKNOWN, blendMode='avg', bpc=(8, 8, 8), color=array([0, 0, 0]), colorSpace='rgb', depthBits=8, fullscr=<method-wrapper '__getattribute__' of attributeSetter object at 0x000002945B8F6710>, gamma=None, gammaErrorPolicy='raise', lms=UNKNOWN, monitor=<psychopy.monitors.calibTools.Monitor object at 0x000002945D023FD0>, multiSample=False, name='window1', numSamples=2, pos=[0.0, 0.0], screen=0, size=array([1920, 1200]), stencilBits=0, stereo=False, units='norm', useFBO=True, useRetina=False, viewOri=0.0, viewPos=None, viewScale=None, waitBlanking=True, winType='pyglet')
296.7855 	EXP 	window1: mouseVisible = True
296.7856 	EXP 	window1: mouseVisible = False
296.7856 	EXP 	window1: recordFrameIntervals = False
296.9517 	EXP 	window1: recordFrameIntervals = True
297.1353 	EXP 	window1: recordFrameIntervals = False
297.1898 	EXP 	Created text = TextStim(__class__=<class 'psychopy.visual.text.TextStim'>, alignHoriz=method-wrapper(...), alignText='center', alignVert=method-wrapper(...), anchorHoriz='center', anchorVert='center', antialias=True, autoLog=True, bold=False, color=array([1., 1., 1.]), colorSpace='rgb', contrast=1.0, depth=0.0, flipHoriz=False, flipVert=False, font='Arial', fontFiles=[], height=0.15, italic=False, languageStyle='LTR', name='text', opacity=1, ori=0, pos=array([0., 0.]), rgb=UNKNOWN, text='+', units='norm', win=Window(...), wrapWidth=1)
297.2080 	EXP 	Created text = TextStim(__class__=<class 'psychopy.visual.text.TextStim'>, alignHoriz=method-wrapper(...), alignText='center', alignVert=method-wrapper(...), anchorHoriz='center', anchorVert='center', antialias=True, autoLog=True, bold=False, color=array([1., 1., 1.]), colorSpace='rgb', contrast=1.0, depth=0.0, flipHoriz=False, flipVert=False, font='Arial', fontFiles=[], height=0.07, italic=False, languageStyle='LTR', name='text', opacity=1, ori=0, pos=array([0., 0.]), rgb=UNKNOWN, text=str(...), units='norm', win=Window(...), wrapWidth=1.65)
297.2198 	EXP 	Created text = TextStim(__class__=<class 'psychopy.visual.text.TextStim'>, alignHoriz=method-wrapper(...), alignText='center', alignVert=method-wrapper(...), anchorHoriz='center', anchorVert='center', antialias=True, autoLog=True, bold=False, color=array([1., 1., 1.]), colorSpace='rgb', contrast=1.0, depth=0.0, flipHoriz=False, flipVert=False, font='Arial', fontFiles=[], height=0.07, italic=False, languageStyle='LTR', name='text', opacity=1, ori=0, pos=array([0., 0.]), rgb=UNKNOWN, text=str(...), units='norm', win=Window(...), wrapWidth=1.65)
297.2294 	EXP 	Created text = TextStim(__class__=<class 'psychopy.visual.text.TextStim'>, alignHoriz=method-wrapper(...), alignText='center', alignVert=method-wrapper(...), anchorHoriz='center', anchorVert='center', antialias=True, autoLog=True, bold=False, color=array([1., 1., 1.]), colorSpace='rgb', contrast=1.0, depth=0.0, flipHoriz=False, flipVert=False, font='Arial', fontFiles=[], height=0.07, italic=False, languageStyle='LTR', name='text', opacity=1, ori=0, pos=array([0., 0.]), rgb=UNKNOWN, text=str(...), units='norm', win=Window(...), wrapWidth=1.65)
297.2392 	EXP 	Created text = TextStim(__class__=<class 'psychopy.visual.text.TextStim'>, alignHoriz=method-wrapper(...), alignText='center', alignVert=method-wrapper(...), anchorHoriz='center', anchorVert='center', antialias=True, autoLog=True, bold=False, color=array([1., 1., 1.]), colorSpace='rgb', contrast=1.0, depth=0.0, flipHoriz=False, flipVert=False, font='Arial', fontFiles=[], height=0.07, italic=False, languageStyle='LTR', name='text', opacity=1, ori=0, pos=array([0., 0.]), rgb=UNKNOWN, text=str(...), units='norm', win=Window(...), wrapWidth=1.65)
297.2443 	EXP 	Created text = TextStim(__class__=<class 'psychopy.visual.text.TextStim'>, alignHoriz=method-wrapper(...), alignText='center', alignVert=method-wrapper(...), anchorHoriz='center', anchorVert='center', antialias=True, autoLog=True, bold=False, color=array([1., 1., 1.]), colorSpace='rgb', contrast=1.0, depth=0.0, flipHoriz=False, flipVert=False, font='Arial', fontFiles=[], height=0.07, italic=False, languageStyle='LTR', name='text', opacity=1, ori=0, pos=array([0., 0.]), rgb=UNKNOWN, text=str(...), units='norm', win=Window(...), wrapWidth=1.65)
297.2581 	EXP 	Created text = TextStim(__class__=<class 'psychopy.visual.text.TextStim'>, alignHoriz=method-wrapper(...), alignText='center', alignVert=method-wrapper(...), anchorHoriz='center', anchorVert='center', antialias=True, autoLog=True, bold=False, color=array([1., 1., 1.]), colorSpace='rgb', contrast=1.0, depth=0.0, flipHoriz=False, flipVert=False, font='Arial', fontFiles=[], height=0.15, italic=False, languageStyle='LTR', name='text', opacity=1, ori=0, pos=array([0., 0.]), rgb=UNKNOWN, text=str(...), units='norm', win=Window(...), wrapWidth=1.65)
297.2861 	EXP 	Created text = TextStim(__class__=<class 'psychopy.visual.text.TextStim'>, alignHoriz=method-wrapper(...), alignText='center', alignVert=method-wrapper(...), anchorHoriz='center', anchorVert='center', antialias=True, autoLog=True, bold=False, color=array([1., 1., 1.]), colorSpace='rgb', contrast=1.0, depth=0.0, flipHoriz=False, flipVert=False, font='Arial', fontFiles=[], height=0.07, italic=False, languageStyle='LTR', name='text', opacity=1, ori=0, pos=array([0., 0.]), rgb=UNKNOWN, text=str(...), units='norm', win=Window(...), wrapWidth=1.65)
297.3040 	EXP 	Created text = TextStim(__class__=<class 'psychopy.visual.text.TextStim'>, alignHoriz=method-wrapper(...), alignText='center', alignVert=method-wrapper(...), anchorHoriz='center', anchorVert='center', antialias=True, autoLog=True, bold=False, color=array([1., 1., 1.]), colorSpace='rgb', contrast=1.0, depth=0.0, flipHoriz=False, flipVert=False, font='Arial', fontFiles=[], height=0.07, italic=False, languageStyle='LTR', name='text', opacity=1, ori=0, pos=array([0., 0.]), rgb=UNKNOWN, text=str(...), units='norm', win=Window(...), wrapWidth=1.65)
297.3341 	EXP 	Created text = TextStim(__class__=<class 'psychopy.visual.text.TextStim'>, alignHoriz=method-wrapper(...), alignText='center', alignVert=method-wrapper(...), anchorHoriz='center', anchorVert='center', antialias=True, autoLog=True, bold=False, color=array([1., 1., 1.]), colorSpace='rgb', contrast=1.0, depth=0.0, flipHoriz=False, flipVert=False, font='Arial', fontFiles=[], height=0.07, italic=False, languageStyle='LTR', name='text', opacity=1, ori=0, pos=array([0., 0.]), rgb=UNKNOWN, text=str(...), units='norm', win=Window(...), wrapWidth=1.65)
297.3619 	EXP 	Created text = TextStim(__class__=<class 'psychopy.visual.text.TextStim'>, alignHoriz=method-wrapper(...), alignText='center', alignVert=method-wrapper(...), anchorHoriz='center', anchorVert='center', antialias=True, autoLog=True, bold=False, color=array([1., 1., 1.]), colorSpace='rgb', contrast=1.0, depth=0.0, flipHoriz=False, flipVert=False, font='Arial', fontFiles=[], height=0.07, italic=False, languageStyle='LTR', name='text', opacity=1, ori=0, pos=array([0., 0.]), rgb=UNKNOWN, text=str(...), units='norm', win=Window(...), wrapWidth=1.65)
297.3956 	EXP 	Created text = TextStim(__class__=<class 'psychopy.visual.text.TextStim'>, alignHoriz=method-wrapper(...), alignText='center', alignVert=method-wrapper(...), anchorHoriz='center', anchorVert='center', antialias=True, autoLog=True, bold=False, color=array([1., 1., 1.]), colorSpace='rgb', contrast=1.0, depth=0.0, flipHoriz=False, flipVert=False, font='Arial', fontFiles=[], height=0.07, italic=False, languageStyle='LTR', name='text', opacity=1, ori=0, pos=array([0., 0.]), rgb=UNKNOWN, text=str(...), units='norm', win=Window(...), wrapWidth=1.65)
297.4045 	EXP 	Created text = TextStim(__class__=<class 'psychopy.visual.text.TextStim'>, alignHoriz=method-wrapper(...), alignText='center', alignVert=method-wrapper(...), anchorHoriz='center', anchorVert='center', antialias=True, autoLog=True, bold=False, color=array([1., 1., 1.]), colorSpace='rgb', contrast=1.0, depth=0.0, flipHoriz=False, flipVert=False, font='Arial', fontFiles=[], height=0.07, italic=False, languageStyle='LTR', name='text', opacity=1, ori=0, pos=array([0., 0.]), rgb=UNKNOWN, text=str(...), units='norm', win=Window(...), wrapWidth=1.65)
297.4169 	EXP 	Created text = TextStim(__class__=<class 'psychopy.visual.text.TextStim'>, alignHoriz=method-wrapper(...), alignText='center', alignVert=method-wrapper(...), anchorHoriz='center', anchorVert='center', antialias=True, autoLog=True, bold=False, color=array([1., 1., 1.]), colorSpace='rgb', contrast=1.0, depth=0.0, flipHoriz=False, flipVert=False, font='Arial', fontFiles=[], height=0.07, italic=False, languageStyle='LTR', name='text', opacity=1, ori=0, pos=array([0., 0.]), rgb=UNKNOWN, text=str(...), units='norm', win=Window(...), wrapWidth=1.65)
297.4215 	EXP 	Created instru = TextStim(__class__=<class 'psychopy.visual.text.TextStim'>, alignHoriz=method-wrapper(...), alignText='center', alignVert=method-wrapper(...), anchorHoriz='center', anchorVert='center', antialias=True, autoLog=True, bold=False, color=array([1., 1., 1.]), colorSpace='rgb', contrast=1.0, depth=0.0, flipHoriz=False, flipVert=False, font='Arial', fontFiles=[], height=0.07, italic=False, languageStyle='LTR', name='instru', opacity=1, ori=0, pos=array([0. , 0.5]), rgb=UNKNOWN, text=str(...), units='norm', win=Window(...), wrapWidth=1)
297.4241 	EXP 	Created unnamed Line = Line(__class__=<class 'psychopy.visual.line.Line'>, autoDraw=False, autoLog=True, closeShape=False, color=array([1., 1., 1.]), colorSpace='rgb', contrast=None, depth=0, fillColor=array([0, 0, 0]), fillColorSpace='rgb', fillRGB=array([0, 0, 0]), interpolate=True, lineColor=array([1., 1., 1.]), lineColorSpace='rgb', lineRGB=array([1, 1, 1]), lineWidth=5, name='unnamed Line', opacity=0.5, ori=0.0, pos=array([0., 0.]), size=array([1., 1.]), units='norm', vertices=array([[-0.5,  0. ],
       [ 0.5,  0. ]]), win=Window(...), windingRule=None)
297.4261 	EXP 	Created unnamed Line = Line(__class__=<class 'psychopy.visual.line.Line'>, autoDraw=False, autoLog=True, closeShape=False, color=array([1., 1., 1.]), colorSpace='rgb', contrast=None, depth=0, fillColor=array([0, 0, 0]), fillColorSpace='rgb', fillRGB=array([0, 0, 0]), interpolate=True, lineColor=array([1., 1., 1.]), lineColorSpace='rgb', lineRGB=array([1, 1, 1]), lineWidth=3, name='unnamed Line', opacity=0.5, ori=0.0, pos=array([0., 0.]), size=array([1., 1.]), units='norm', vertices=array([[-0.5 , -0.05],
       [-0.5 ,  0.05]]), win=Window(...), windingRule=None)
297.4280 	EXP 	Created unnamed Line = Line(__class__=<class 'psychopy.visual.line.Line'>, autoDraw=False, autoLog=True, closeShape=False, color=array([1., 1., 1.]), colorSpace='rgb', contrast=None, depth=0, fillColor=array([0, 0, 0]), fillColorSpace='rgb', fillRGB=array([0, 0, 0]), interpolate=True, lineColor=array([1., 1., 1.]), lineColorSpace='rgb', lineRGB=array([1, 1, 1]), lineWidth=3, name='unnamed Line', opacity=0.5, ori=0.0, pos=array([0., 0.]), size=array([1., 1.]), units='norm', vertices=ndarray(...), win=Window(...), windingRule=None)
297.4300 	EXP 	Created unnamed Line = Line(__class__=<class 'psychopy.visual.line.Line'>, autoDraw=False, autoLog=True, closeShape=False, color=array([1., 1., 1.]), colorSpace='rgb', contrast=None, depth=0, fillColor=array([0, 0, 0]), fillColorSpace='rgb', fillRGB=array([0, 0, 0]), interpolate=True, lineColor=array([1., 1., 1.]), lineColorSpace='rgb', lineRGB=array([1, 1, 1]), lineWidth=3, name='unnamed Line', opacity=0.5, ori=0.0, pos=array([0., 0.]), size=array([1., 1.]), units='norm', vertices=ndarray(...), win=Window(...), windingRule=None)
297.4320 	EXP 	Created unnamed Line = Line(__class__=<class 'psychopy.visual.line.Line'>, autoDraw=False, autoLog=True, closeShape=False, color=array([1., 1., 1.]), colorSpace='rgb', contrast=None, depth=0, fillColor=array([0, 0, 0]), fillColorSpace='rgb', fillRGB=array([0, 0, 0]), interpolate=True, lineColor=array([1., 1., 1.]), lineColorSpace='rgb', lineRGB=array([1, 1, 1]), lineWidth=3, name='unnamed Line', opacity=0.5, ori=0.0, pos=array([0., 0.]), size=array([1., 1.]), units='norm', vertices=array([[ 0.5 , -0.05],
       [ 0.5 ,  0.05]]), win=Window(...), windingRule=None)
297.4445 	EXP 	Created unnamed TextStim = TextStim(__class__=<class 'psychopy.visual.text.TextStim'>, alignHoriz=method-wrapper(...), alignText='center', alignVert=method-wrapper(...), anchorHoriz='center', anchorVert='center', antialias=True, autoLog=True, bold=False, color=array([1., 1., 1.]), colorSpace='rgb', contrast=1.0, depth=0, flipHoriz=False, flipVert=False, font='', fontFiles=[], height=0.05, italic=False, languageStyle='LTR', name='unnamed TextStim', opacity=1.0, ori=0.0, pos=array([-0.5, -0.1]), rgb=UNKNOWN, text='Clearly \n NOT FOCUSED', units='norm', win=Window(...), wrapWidth=1)
297.4456 	EXP 	Created unnamed TextStim = TextStim(__class__=<class 'psychopy.visual.text.TextStim'>, alignHoriz=method-wrapper(...), alignText='center', alignVert=method-wrapper(...), anchorHoriz='center', anchorVert='center', antialias=True, autoLog=True, bold=False, color=array([1., 1., 1.]), colorSpace='rgb', contrast=1.0, depth=0, flipHoriz=False, flipVert=False, font='', fontFiles=[], height=0.05, italic=False, languageStyle='LTR', name='unnamed TextStim', opacity=1.0, ori=0.0, pos=array([-0.16666667, -0.1       ]), rgb=UNKNOWN, text='', units='norm', win=Window(...), wrapWidth=1)
297.4466 	EXP 	Created unnamed TextStim = TextStim(__class__=<class 'psychopy.visual.text.TextStim'>, alignHoriz=method-wrapper(...), alignText='center', alignVert=method-wrapper(...), anchorHoriz='center', anchorVert='center', antialias=True, autoLog=True, bold=False, color=array([1., 1., 1.]), colorSpace='rgb', contrast=1.0, depth=0, flipHoriz=False, flipVert=False, font='', fontFiles=[], height=0.05, italic=False, languageStyle='LTR', name='unnamed TextStim', opacity=1.0, ori=0.0, pos=array([ 0.16666667, -0.1       ]), rgb=UNKNOWN, text='', units='norm', win=Window(...), wrapWidth=1)
297.4497 	EXP 	Created unnamed TextStim = TextStim(__class__=<class 'psychopy.visual.text.TextStim'>, alignHoriz=method-wrapper(...), alignText='center', alignVert=method-wrapper(...), anchorHoriz='center', anchorVert='center', antialias=True, autoLog=True, bold=False, color=array([1., 1., 1.]), colorSpace='rgb', contrast=1.0, depth=0, flipHoriz=False, flipVert=False, font='', fontFiles=[], height=0.05, italic=False, languageStyle='LTR', name='unnamed TextStim', opacity=1.0, ori=0.0, pos=array([ 0.5, -0.1]), rgb=UNKNOWN, text='Clearly \n FOCUSED', units='norm', win=Window(...), wrapWidth=1)
297.4515 	EXP 	Created unnamed ShapeStim = ShapeStim(__class__=<class 'psychopy.visual.shape.ShapeStim'>, autoDraw=False, autoLog=True, closeShape=True, color=method-wrapper(...), colorSpace='rgb', contrast=None, depth=0, fillColor=array([1, 1, 1]), fillColorSpace='rgb', fillRGB=array([1, 1, 1]), interpolate=True, lineColor=array([-1., -1., -1.]), lineColorSpace='rgb', lineRGB=array([-1, -1, -1]), lineWidth=1.5, name='unnamed ShapeStim', opacity=1.0, ori=0.0, pos=array([0., 0.]), size=array([1., 1.]), units='norm', vertices=ndarray(...), win=Window(...), windingRule=None)
297.4598 	EXP 	Created instru = TextStim(__class__=<class 'psychopy.visual.text.TextStim'>, alignHoriz=method-wrapper(...), alignText='center', alignVert=method-wrapper(...), anchorHoriz='center', anchorVert='center', antialias=True, autoLog=True, bold=False, color=array([1., 1., 1.]), colorSpace='rgb', contrast=1.0, depth=0.0, flipHoriz=False, flipVert=False, font='Arial', fontFiles=[], height=0.07, italic=False, languageStyle='LTR', name='instru', opacity=1, ori=0, pos=array([0. , 0.5]), rgb=UNKNOWN, text=str(...), units='norm', win=Window(...), wrapWidth=1)
297.4618 	EXP 	Created unnamed Line = Line(__class__=<class 'psychopy.visual.line.Line'>, autoDraw=False, autoLog=True, closeShape=False, color=array([1., 1., 1.]), colorSpace='rgb', contrast=None, depth=0, fillColor=array([0, 0, 0]), fillColorSpace='rgb', fillRGB=array([0, 0, 0]), interpolate=True, lineColor=array([1., 1., 1.]), lineColorSpace='rgb', lineRGB=array([1, 1, 1]), lineWidth=5, name='unnamed Line', opacity=0.5, ori=0.0, pos=array([0., 0.]), size=array([1., 1.]), units='norm', vertices=array([[-0.5,  0. ],
       [ 0.5,  0. ]]), win=Window(...), windingRule=None)
297.4637 	EXP 	Created unnamed Line = Line(__class__=<class 'psychopy.visual.line.Line'>, autoDraw=False, autoLog=True, closeShape=False, color=array([1., 1., 1.]), colorSpace='rgb', contrast=None, depth=0, fillColor=array([0, 0, 0]), fillColorSpace='rgb', fillRGB=array([0, 0, 0]), interpolate=True, lineColor=array([1., 1., 1.]), lineColorSpace='rgb', lineRGB=array([1, 1, 1]), lineWidth=3, name='unnamed Line', opacity=0.5, ori=0.0, pos=array([0., 0.]), size=array([1., 1.]), units='norm', vertices=array([[-0.5 , -0.05],
       [-0.5 ,  0.05]]), win=Window(...), windingRule=None)
297.4657 	EXP 	Created unnamed Line = Line(__class__=<class 'psychopy.visual.line.Line'>, autoDraw=False, autoLog=True, closeShape=False, color=array([1., 1., 1.]), colorSpace='rgb', contrast=None, depth=0, fillColor=array([0, 0, 0]), fillColorSpace='rgb', fillRGB=array([0, 0, 0]), interpolate=True, lineColor=array([1., 1., 1.]), lineColorSpace='rgb', lineRGB=array([1, 1, 1]), lineWidth=3, name='unnamed Line', opacity=0.5, ori=0.0, pos=array([0., 0.]), size=array([1., 1.]), units='norm', vertices=ndarray(...), win=Window(...), windingRule=None)
297.4677 	EXP 	Created unnamed Line = Line(__class__=<class 'psychopy.visual.line.Line'>, autoDraw=False, autoLog=True, closeShape=False, color=array([1., 1., 1.]), colorSpace='rgb', contrast=None, depth=0, fillColor=array([0, 0, 0]), fillColorSpace='rgb', fillRGB=array([0, 0, 0]), interpolate=True, lineColor=array([1., 1., 1.]), lineColorSpace='rgb', lineRGB=array([1, 1, 1]), lineWidth=3, name='unnamed Line', opacity=0.5, ori=0.0, pos=array([0., 0.]), size=array([1., 1.]), units='norm', vertices=ndarray(...), win=Window(...), windingRule=None)
297.4697 	EXP 	Created unnamed Line = Line(__class__=<class 'psychopy.visual.line.Line'>, autoDraw=False, autoLog=True, closeShape=False, color=array([1., 1., 1.]), colorSpace='rgb', contrast=None, depth=0, fillColor=array([0, 0, 0]), fillColorSpace='rgb', fillRGB=array([0, 0, 0]), interpolate=True, lineColor=array([1., 1., 1.]), lineColorSpace='rgb', lineRGB=array([1, 1, 1]), lineWidth=3, name='unnamed Line', opacity=0.5, ori=0.0, pos=array([0., 0.]), size=array([1., 1.]), units='norm', vertices=array([[ 0.5 , -0.05],
       [ 0.5 ,  0.05]]), win=Window(...), windingRule=None)
297.4751 	EXP 	Created unnamed TextStim = TextStim(__class__=<class 'psychopy.visual.text.TextStim'>, alignHoriz=method-wrapper(...), alignText='center', alignVert=method-wrapper(...), anchorHoriz='center', anchorVert='center', antialias=True, autoLog=True, bold=False, color=array([1., 1., 1.]), colorSpace='rgb', contrast=1.0, depth=0, flipHoriz=False, flipVert=False, font='', fontFiles=[], height=0.05, italic=False, languageStyle='LTR', name='unnamed TextStim', opacity=1.0, ori=0.0, pos=array([-0.5, -0.1]), rgb=UNKNOWN, text='Clearly \n NOTHING', units='norm', win=Window(...), wrapWidth=1)
297.4761 	EXP 	Created unnamed TextStim = TextStim(__class__=<class 'psychopy.visual.text.TextStim'>, alignHoriz=method-wrapper(...), alignText='center', alignVert=method-wrapper(...), anchorHoriz='center', anchorVert='center', antialias=True, autoLog=True, bold=False, color=array([1., 1., 1.]), colorSpace='rgb', contrast=1.0, depth=0, flipHoriz=False, flipVert=False, font='', fontFiles=[], height=0.05, italic=False, languageStyle='LTR', name='unnamed TextStim', opacity=1.0, ori=0.0, pos=array([-0.16666667, -0.1       ]), rgb=UNKNOWN, text='', units='norm', win=Window(...), wrapWidth=1)
297.4771 	EXP 	Created unnamed TextStim = TextStim(__class__=<class 'psychopy.visual.text.TextStim'>, alignHoriz=method-wrapper(...), alignText='center', alignVert=method-wrapper(...), anchorHoriz='center', anchorVert='center', antialias=True, autoLog=True, bold=False, color=array([1., 1., 1.]), colorSpace='rgb', contrast=1.0, depth=0, flipHoriz=False, flipVert=False, font='', fontFiles=[], height=0.05, italic=False, languageStyle='LTR', name='unnamed TextStim', opacity=1.0, ori=0.0, pos=array([ 0.16666667, -0.1       ]), rgb=UNKNOWN, text='', units='norm', win=Window(...), wrapWidth=1)
297.4812 	EXP 	Created unnamed TextStim = TextStim(__class__=<class 'psychopy.visual.text.TextStim'>, alignHoriz=method-wrapper(...), alignText='center', alignVert=method-wrapper(...), anchorHoriz='center', anchorVert='center', antialias=True, autoLog=True, bold=False, color=array([1., 1., 1.]), colorSpace='rgb', contrast=1.0, depth=0, flipHoriz=False, flipVert=False, font='', fontFiles=[], height=0.05, italic=False, languageStyle='LTR', name='unnamed TextStim', opacity=1.0, ori=0.0, pos=array([ 0.5, -0.1]), rgb=UNKNOWN, text='Clearly \n SOMETHING', units='norm', win=Window(...), wrapWidth=1)
297.4830 	EXP 	Created unnamed ShapeStim = ShapeStim(__class__=<class 'psychopy.visual.shape.ShapeStim'>, autoDraw=False, autoLog=True, closeShape=True, color=method-wrapper(...), colorSpace='rgb', contrast=None, depth=0, fillColor=array([1, 1, 1]), fillColorSpace='rgb', fillRGB=array([1, 1, 1]), interpolate=True, lineColor=array([-1., -1., -1.]), lineColorSpace='rgb', lineRGB=array([-1, -1, -1]), lineWidth=1.5, name='unnamed ShapeStim', opacity=1.0, ori=0.0, pos=array([0., 0.]), size=array([1., 1.]), units='norm', vertices=ndarray(...), win=Window(...), windingRule=None)
297.4896 	EXP 	Created instru = TextStim(__class__=<class 'psychopy.visual.text.TextStim'>, alignHoriz=method-wrapper(...), alignText='center', alignVert=method-wrapper(...), anchorHoriz='center', anchorVert='center', antialias=True, autoLog=True, bold=False, color=array([1., 1., 1.]), colorSpace='rgb', contrast=1.0, depth=0.0, flipHoriz=False, flipVert=False, font='Arial', fontFiles=[], height=0.07, italic=False, languageStyle='LTR', name='instru', opacity=1, ori=0, pos=array([0. , 0.5]), rgb=UNKNOWN, text=str(...), units='norm', win=Window(...), wrapWidth=1)
297.4916 	EXP 	Created unnamed Line = Line(__class__=<class 'psychopy.visual.line.Line'>, autoDraw=False, autoLog=True, closeShape=False, color=array([1., 1., 1.]), colorSpace='rgb', contrast=None, depth=0, fillColor=array([0, 0, 0]), fillColorSpace='rgb', fillRGB=array([0, 0, 0]), interpolate=True, lineColor=array([1., 1., 1.]), lineColorSpace='rgb', lineRGB=array([1, 1, 1]), lineWidth=5, name='unnamed Line', opacity=0.5, ori=0.0, pos=array([0., 0.]), size=array([1., 1.]), units='norm', vertices=array([[-0.5,  0. ],
       [ 0.5,  0. ]]), win=Window(...), windingRule=None)
297.4936 	EXP 	Created unnamed Line = Line(__class__=<class 'psychopy.visual.line.Line'>, autoDraw=False, autoLog=True, closeShape=False, color=array([1., 1., 1.]), colorSpace='rgb', contrast=None, depth=0, fillColor=array([0, 0, 0]), fillColorSpace='rgb', fillRGB=array([0, 0, 0]), interpolate=True, lineColor=array([1., 1., 1.]), lineColorSpace='rgb', lineRGB=array([1, 1, 1]), lineWidth=3, name='unnamed Line', opacity=0.5, ori=0.0, pos=array([0., 0.]), size=array([1., 1.]), units='norm', vertices=array([[-0.5 , -0.05],
       [-0.5 ,  0.05]]), win=Window(...), windingRule=None)
297.4956 	EXP 	Created unnamed Line = Line(__class__=<class 'psychopy.visual.line.Line'>, autoDraw=False, autoLog=True, closeShape=False, color=array([1., 1., 1.]), colorSpace='rgb', contrast=None, depth=0, fillColor=array([0, 0, 0]), fillColorSpace='rgb', fillRGB=array([0, 0, 0]), interpolate=True, lineColor=array([1., 1., 1.]), lineColorSpace='rgb', lineRGB=array([1, 1, 1]), lineWidth=3, name='unnamed Line', opacity=0.5, ori=0.0, pos=array([0., 0.]), size=array([1., 1.]), units='norm', vertices=ndarray(...), win=Window(...), windingRule=None)
297.4976 	EXP 	Created unnamed Line = Line(__class__=<class 'psychopy.visual.line.Line'>, autoDraw=False, autoLog=True, closeShape=False, color=array([1., 1., 1.]), colorSpace='rgb', contrast=None, depth=0, fillColor=array([0, 0, 0]), fillColorSpace='rgb', fillRGB=array([0, 0, 0]), interpolate=True, lineColor=array([1., 1., 1.]), lineColorSpace='rgb', lineRGB=array([1, 1, 1]), lineWidth=3, name='unnamed Line', opacity=0.5, ori=0.0, pos=array([0., 0.]), size=array([1., 1.]), units='norm', vertices=ndarray(...), win=Window(...), windingRule=None)
297.4995 	EXP 	Created unnamed Line = Line(__class__=<class 'psychopy.visual.line.Line'>, autoDraw=False, autoLog=True, closeShape=False, color=array([1., 1., 1.]), colorSpace='rgb', contrast=None, depth=0, fillColor=array([0, 0, 0]), fillColorSpace='rgb', fillRGB=array([0, 0, 0]), interpolate=True, lineColor=array([1., 1., 1.]), lineColorSpace='rgb', lineRGB=array([1, 1, 1]), lineWidth=3, name='unnamed Line', opacity=0.5, ori=0.0, pos=array([0., 0.]), size=array([1., 1.]), units='norm', vertices=array([[ 0.5 , -0.05],
       [ 0.5 ,  0.05]]), win=Window(...), windingRule=None)
297.5047 	EXP 	Created unnamed TextStim = TextStim(__class__=<class 'psychopy.visual.text.TextStim'>, alignHoriz=method-wrapper(...), alignText='center', alignVert=method-wrapper(...), anchorHoriz='center', anchorVert='center', antialias=True, autoLog=True, bold=False, color=array([1., 1., 1.]), colorSpace='rgb', contrast=1.0, depth=0, flipHoriz=False, flipVert=False, font='', fontFiles=[], height=0.05, italic=False, languageStyle='LTR', name='unnamed TextStim', opacity=1.0, ori=0.0, pos=array([-0.5, -0.1]), rgb=UNKNOWN, text='Clearly \n SPONTANEOUS', units='norm', win=Window(...), wrapWidth=1)
297.5057 	EXP 	Created unnamed TextStim = TextStim(__class__=<class 'psychopy.visual.text.TextStim'>, alignHoriz=method-wrapper(...), alignText='center', alignVert=method-wrapper(...), anchorHoriz='center', anchorVert='center', antialias=True, autoLog=True, bold=False, color=array([1., 1., 1.]), colorSpace='rgb', contrast=1.0, depth=0, flipHoriz=False, flipVert=False, font='', fontFiles=[], height=0.05, italic=False, languageStyle='LTR', name='unnamed TextStim', opacity=1.0, ori=0.0, pos=array([-0.16666667, -0.1       ]), rgb=UNKNOWN, text='', units='norm', win=Window(...), wrapWidth=1)
297.5068 	EXP 	Created unnamed TextStim = TextStim(__class__=<class 'psychopy.visual.text.TextStim'>, alignHoriz=method-wrapper(...), alignText='center', alignVert=method-wrapper(...), anchorHoriz='center', anchorVert='center', antialias=True, autoLog=True, bold=False, color=array([1., 1., 1.]), colorSpace='rgb', contrast=1.0, depth=0, flipHoriz=False, flipVert=False, font='', fontFiles=[], height=0.05, italic=False, languageStyle='LTR', name='unnamed TextStim', opacity=1.0, ori=0.0, pos=array([ 0.16666667, -0.1       ]), rgb=UNKNOWN, text='', units='norm', win=Window(...), wrapWidth=1)
297.5122 	EXP 	Created unnamed TextStim = TextStim(__class__=<class 'psychopy.visual.text.TextStim'>, alignHoriz=method-wrapper(...), alignText='center', alignVert=method-wrapper(...), anchorHoriz='center', anchorVert='center', antialias=True, autoLog=True, bold=False, color=array([1., 1., 1.]), colorSpace='rgb', contrast=1.0, depth=0, flipHoriz=False, flipVert=False, font='', fontFiles=[], height=0.05, italic=False, languageStyle='LTR', name='unnamed TextStim', opacity=1.0, ori=0.0, pos=array([ 0.5, -0.1]), rgb=UNKNOWN, text='Clearly \n DELIBERATE', units='norm', win=Window(...), wrapWidth=1)
297.5139 	EXP 	Created unnamed ShapeStim = ShapeStim(__class__=<class 'psychopy.visual.shape.ShapeStim'>, autoDraw=False, autoLog=True, closeShape=True, color=method-wrapper(...), colorSpace='rgb', contrast=None, depth=0, fillColor=array([1, 1, 1]), fillColorSpace='rgb', fillRGB=array([1, 1, 1]), interpolate=True, lineColor=array([-1., -1., -1.]), lineColorSpace='rgb', lineRGB=array([-1, -1, -1]), lineWidth=1.5, name='unnamed ShapeStim', opacity=1.0, ori=0.0, pos=array([0., 0.]), size=array([1., 1.]), units='norm', vertices=ndarray(...), win=Window(...), windingRule=None)
297.5783 	EXP 	Sound  set volume 1.000
297.6071 	EXP 	unnamed ShapeStim: vertices = <class 'numpy.ndarray'>
297.6071 	EXP 	unnamed ShapeStim: vertices = <class 'numpy.ndarray'>
297.6071 	EXP 	unnamed ShapeStim: vertices = <class 'numpy.ndarray'>
313.5187 	DATA 	Keypress: rctrl
314.0483 	EXP 	Sound  started
314.2866 	DATA 	Keypress: rctrl
314.7983 	EXP 	Sound  started
315.3266 	DATA 	Keypress: rctrl
315.5483 	EXP 	Sound  started
316.1586 	DATA 	Keypress: rctrl
316.2983 	EXP 	Sound  started
316.8306 	DATA 	Keypress: rctrl
317.0483 	EXP 	Sound  started
317.5346 	DATA 	Keypress: rctrl
317.7983 	EXP 	Sound  started
318.2707 	DATA 	Keypress: rctrl
318.5484 	EXP 	Sound  started
319.2984 	EXP 	Sound  started
319.5506 	DATA 	Keypress: lctrl
320.0484 	EXP 	Sound  started
320.1426 	DATA 	Keypress: lctrl
320.7666 	DATA 	Keypress: lctrl
320.7984 	EXP 	Sound  started
321.3905 	DATA 	Keypress: rctrl
321.5484 	EXP 	Sound  started
322.1587 	DATA 	Keypress: lctrl
322.2984 	EXP 	Sound  started
322.8946 	DATA 	Keypress: lctrl
323.0485 	EXP 	Sound  started
323.3427 	DATA 	Keypress: rctrl
323.7985 	EXP 	Sound  started
324.1746 	DATA 	Keypress: rctrl
324.5485 	EXP 	Sound  started
324.7505 	DATA 	Keypress: rctrl
325.2985 	EXP 	Sound  started
325.3267 	DATA 	Keypress: rctrl
325.9666 	DATA 	Keypress: rctrl
326.0485 	EXP 	Sound  started
326.7985 	EXP 	Sound  started
327.1186 	DATA 	Keypress: rctrl
327.5485 	EXP 	Sound  started
327.8867 	DATA 	Keypress: rctrl
328.2985 	EXP 	Sound  started
328.5586 	DATA 	Keypress: rctrl
329.0486 	EXP 	Sound  started
329.0706 	DATA 	Keypress: rctrl
329.6947 	DATA 	Keypress: rctrl
329.7986 	EXP 	Sound  started
330.3507 	DATA 	Keypress: lctrl
330.5486 	EXP 	Sound  started
331.1186 	DATA 	Keypress: lctrl
331.2986 	EXP 	Sound  started
331.9026 	DATA 	Keypress: lctrl
332.0486 	EXP 	Sound  started
332.7826 	DATA 	Keypress: lctrl
332.7986 	EXP 	Sound  started
333.5486 	EXP 	Sound  started
333.5826 	DATA 	Keypress: lctrl
334.2546 	DATA 	Keypress: lctrl
334.2987 	EXP 	Sound  started
334.8947 	DATA 	Keypress: rctrl
335.0487 	EXP 	Sound  started
335.5666 	DATA 	Keypress: lctrl
335.7987 	EXP 	Sound  started
336.2546 	DATA 	Keypress: lctrl
336.5487 	EXP 	Sound  started
336.9746 	DATA 	Keypress: lctrl
337.2987 	EXP 	Sound  started
337.6786 	DATA 	Keypress: lctrl
338.0487 	EXP 	Sound  started
338.3826 	DATA 	Keypress: lctrl
338.7987 	EXP 	Sound  started
339.1826 	DATA 	Keypress: lctrl
339.5487 	EXP 	Sound  started
339.8866 	DATA 	Keypress: rctrl
340.2988 	EXP 	Sound  started
340.6867 	DATA 	Keypress: rctrl
341.0488 	EXP 	Sound  started
341.4226 	DATA 	Keypress: rctrl
341.7988 	EXP 	Sound  started
342.3506 	DATA 	Keypress: rctrl
342.5488 	EXP 	Sound  started
343.1186 	DATA 	Keypress: rctrl
343.2988 	EXP 	Sound  started
343.8546 	DATA 	Keypress: rctrl
344.0488 	EXP 	Sound  started
344.5747 	DATA 	Keypress: lctrl
344.7988 	EXP 	Sound  started
345.2625 	DATA 	Keypress: lctrl
345.5489 	EXP 	Sound  started
346.0306 	DATA 	Keypress: lctrl
346.2989 	EXP 	Sound  started
346.7506 	DATA 	Keypress: lctrl
347.0489 	EXP 	Sound  started
347.4706 	DATA 	Keypress: lctrl
347.7989 	EXP 	Sound  started
348.3185 	DATA 	Keypress: rctrl
348.5489 	EXP 	Sound  started
349.0546 	DATA 	Keypress: lctrl
349.2989 	EXP 	Sound  started
349.7585 	DATA 	Keypress: lctrl
350.0489 	EXP 	Sound  started
350.5746 	DATA 	Keypress: lctrl
350.7990 	EXP 	Sound  started
351.2626 	DATA 	Keypress: lctrl
351.5490 	EXP 	Sound  started
351.8545 	DATA 	Keypress: rctrl
352.2990 	EXP 	Sound  started
352.6066 	DATA 	Keypress: rctrl
353.0490 	EXP 	Sound  started
353.1986 	DATA 	Keypress: rctrl
353.7267 	DATA 	Keypress: rctrl
353.7990 	EXP 	Sound  started
354.2385 	DATA 	Keypress: rctrl
354.5656 	EXP 	unnamed TextStim: text = ''
354.5656 	EXP 	unnamed TextStim: text = ''
354.7712 	DATA 	Keypress: rctrl
356.2872 	DATA 	Keypress: 3
356.3166 	EXP 	unnamed ShapeStim: vertices = <class 'numpy.ndarray'>
357.8512 	EXP 	unnamed TextStim: text = ''
357.8512 	EXP 	unnamed TextStim: text = ''
358.7058 	DATA 	Keypress: 2
358.7352 	EXP 	unnamed ShapeStim: vertices = <class 'numpy.ndarray'>
360.2698 	EXP 	unnamed TextStim: text = ''
360.2698 	EXP 	unnamed TextStim: text = ''
360.6574 	DATA 	Keypress: 2
360.6868 	EXP 	unnamed ShapeStim: vertices = <class 'numpy.ndarray'>
362.9713 	EXP 	Sound  started
363.1506 	DATA 	Keypress: rctrl
363.7106 	DATA 	Keypress: rctrl
363.7213 	EXP 	Sound  started
364.3986 	DATA 	Keypress: lctrl
364.4713 	EXP 	Sound  started
365.1026 	DATA 	Keypress: lctrl
365.2214 	EXP 	Sound  started
365.8867 	DATA 	Keypress: rctrl
365.9714 	EXP 	Sound  started
366.6546 	DATA 	Keypress: rctrl
366.7214 	EXP 	Sound  started
367.3426 	DATA 	Keypress: rctrl
367.4714 	EXP 	Sound  started
368.1266 	DATA 	Keypress: rctrl
368.2214 	EXP 	Sound  started
368.7826 	DATA 	Keypress: lctrl
368.9714 	EXP 	Sound  started
369.5346 	DATA 	Keypress: lctrl
369.7214 	EXP 	Sound  started
370.2546 	DATA 	Keypress: lctrl
370.4714 	EXP 	Sound  started
371.0226 	DATA 	Keypress: lctrl
371.2215 	EXP 	Sound  started
371.7586 	DATA 	Keypress: lctrl
371.9715 	EXP 	Sound  started
372.4946 	DATA 	Keypress: lctrl
372.7215 	EXP 	Sound  started
373.1666 	DATA 	Keypress: rctrl
373.4715 	EXP 	Sound  started
373.9346 	DATA 	Keypress: rctrl
374.2215 	EXP 	Sound  started
374.6866 	DATA 	Keypress: lctrl
374.9715 	EXP 	Sound  started
375.4867 	DATA 	Keypress: lctrl
375.7216 	EXP 	Sound  started
376.2226 	DATA 	Keypress: lctrl
376.4716 	EXP 	Sound  started
376.9266 	DATA 	Keypress: lctrl
377.2216 	EXP 	Sound  started
377.6307 	DATA 	Keypress: rctrl
377.9716 	EXP 	Sound  started
378.3986 	DATA 	Keypress: rctrl
378.7216 	EXP 	Sound  started
379.1826 	DATA 	Keypress: lctrl
379.4716 	EXP 	Sound  started
379.9986 	DATA 	Keypress: lctrl
380.2216 	EXP 	Sound  started
380.7026 	DATA 	Keypress: lctrl
380.9716 	EXP 	Sound  started
381.7216 	EXP 	Sound  started
382.1586 	DATA 	Keypress: lctrl
382.4716 	EXP 	Sound  started
382.6546 	DATA 	Keypress: lctrl
383.2217 	EXP 	Sound  started
383.2306 	DATA 	Keypress: rctrl
383.9506 	DATA 	Keypress: rctrl
383.9717 	EXP 	Sound  started
384.6866 	DATA 	Keypress: rctrl
384.7217 	EXP 	Sound  started
385.4227 	DATA 	Keypress: rctrl
385.4717 	EXP 	Sound  started
386.1586 	DATA 	Keypress: rctrl
386.2217 	EXP 	Sound  started
386.7827 	DATA 	Keypress: lctrl
386.9717 	EXP 	Sound  started
387.5826 	DATA 	Keypress: lctrl
387.7217 	EXP 	Sound  started
388.3346 	DATA 	Keypress: rctrl
388.4718 	EXP 	Sound  started
389.0867 	DATA 	Keypress: lctrl
389.2218 	EXP 	Sound  started
389.7906 	DATA 	Keypress: rctrl
389.9718 	EXP 	Sound  started
390.5267 	DATA 	Keypress: rctrl
390.7218 	EXP 	Sound  started
391.2786 	DATA 	Keypress: lctrl
391.4718 	EXP 	Sound  started
391.9986 	DATA 	Keypress: lctrl
392.2218 	EXP 	Sound  started
392.7506 	DATA 	Keypress: rctrl
392.9718 	EXP 	Sound  started
393.5346 	DATA 	Keypress: rctrl
393.7219 	EXP 	Sound  started
394.2866 	DATA 	Keypress: rctrl
394.4719 	EXP 	Sound  started
395.0066 	DATA 	Keypress: rctrl
395.2219 	EXP 	Sound  started
395.9719 	EXP 	Sound  started
396.1266 	DATA 	Keypress: lctrl
396.6706 	DATA 	Keypress: lctrl
396.7219 	EXP 	Sound  started
397.3266 	DATA 	Keypress: lctrl
397.4719 	EXP 	Sound  started
398.0946 	DATA 	Keypress: lctrl
398.2219 	EXP 	Sound  started
398.8307 	DATA 	Keypress: lctrl
398.9720 	EXP 	Sound  started
399.5667 	DATA 	Keypress: lctrl
399.7220 	EXP 	Sound  started
400.3026 	DATA 	Keypress: rctrl
400.4720 	EXP 	Sound  started
401.0386 	DATA 	Keypress: lctrl
401.2220 	EXP 	Sound  started
401.8866 	DATA 	Keypress: rctrl
401.9720 	EXP 	Sound  started
402.7220 	EXP 	Sound  started
402.9426 	DATA 	Keypress: lctrl
403.4720 	EXP 	Sound  started
403.5185 	DATA 	Keypress: rctrl
404.1426 	DATA 	Keypress: lctrl
404.2220 	EXP 	Sound  started
404.8946 	DATA 	Keypress: lctrl
404.9721 	EXP 	Sound  started
405.6625 	DATA 	Keypress: lctrl
405.7221 	EXP 	Sound  started
406.3507 	DATA 	Keypress: lctrl
406.4721 	EXP 	Sound  started
407.1346 	DATA 	Keypress: lctrl
408.5433 	DATA 	Keypress: 4
408.5598 	EXP 	unnamed ShapeStim: vertices = <class 'numpy.ndarray'>
410.3948 	DATA 	Keypress: 1
410.4114 	EXP 	unnamed ShapeStim: vertices = <class 'numpy.ndarray'>
412.1963 	DATA 	Keypress: 4
412.2128 	EXP 	unnamed ShapeStim: vertices = <class 'numpy.ndarray'>
414.4985 	EXP 	Sound  started
414.4987 	DATA 	Keypress: rctrl
414.9746 	DATA 	Keypress: rctrl
415.2485 	EXP 	Sound  started
415.8066 	DATA 	Keypress: rctrl
415.9985 	EXP 	Sound  started
416.5746 	DATA 	Keypress: rctrl
416.7485 	EXP 	Sound  started
417.3586 	DATA 	Keypress: rctrl
417.4985 	EXP 	Sound  started
418.0147 	DATA 	Keypress: rctrl
418.2485 	EXP 	Sound  started
418.8146 	DATA 	Keypress: rctrl
418.9985 	EXP 	Sound  started
419.6467 	DATA 	Keypress: rctrl
419.7486 	EXP 	Sound  started
420.3506 	DATA 	Keypress: rctrl
420.4986 	EXP 	Sound  started
421.1026 	DATA 	Keypress: rctrl
421.2486 	EXP 	Sound  started
421.9986 	EXP 	Sound  started
422.1906 	DATA 	Keypress: lctrl
422.7486 	EXP 	Sound  started
422.8146 	DATA 	Keypress: lctrl
423.4546 	DATA 	Keypress: lctrl
423.4986 	EXP 	Sound  started
424.1906 	DATA 	Keypress: lctrl
424.2486 	EXP 	Sound  started
424.8786 	DATA 	Keypress: lctrl
424.9986 	EXP 	Sound  started
425.6466 	DATA 	Keypress: lctrl
425.7487 	EXP 	Sound  started
426.3186 	DATA 	Keypress: rctrl
426.4987 	EXP 	Sound  started
427.0866 	DATA 	Keypress: rctrl
427.2487 	EXP 	Sound  started
427.9506 	DATA 	Keypress: rctrl
427.9987 	EXP 	Sound  started
428.6226 	DATA 	Keypress: rctrl
428.7487 	EXP 	Sound  started
429.4546 	DATA 	Keypress: rctrl
429.4987 	EXP 	Sound  started
430.2386 	DATA 	Keypress: rctrl
430.2487 	EXP 	Sound  started
430.9987 	EXP 	Sound  started
431.2306 	DATA 	Keypress: rctrl
431.7488 	EXP 	Sound  started
431.9986 	DATA 	Keypress: rctrl
432.4988 	EXP 	Sound  started
432.9587 	DATA 	Keypress: rctrl
433.2488 	EXP 	Sound  started
433.8546 	DATA 	Keypress: rctrl
433.9988 	EXP 	Sound  started
434.7026 	DATA 	Keypress: rctrl
434.7488 	EXP 	Sound  started
435.4546 	DATA 	Keypress: rctrl
435.4988 	EXP 	Sound  started
436.1426 	DATA 	Keypress: rctrl
436.2488 	EXP 	Sound  started
436.8147 	DATA 	Keypress: rctrl
436.9988 	EXP 	Sound  started
437.6146 	DATA 	Keypress: lctrl
437.7489 	EXP 	Sound  started
438.3987 	DATA 	Keypress: lctrl
438.4989 	EXP 	Sound  started
439.1026 	DATA 	Keypress: lctrl
439.2489 	EXP 	Sound  started
439.6626 	DATA 	Keypress: rctrl
439.9989 	EXP 	Sound  started
440.7489 	EXP 	Sound  started
440.7987 	DATA 	Keypress: rctrl
441.4226 	DATA 	Keypress: rctrl
441.4989 	EXP 	Sound  started
442.2066 	DATA 	Keypress: rctrl
442.2490 	EXP 	Sound  started
442.8786 	DATA 	Keypress: rctrl
442.9990 	EXP 	Sound  started
443.6147 	DATA 	Keypress: rctrl
443.7490 	EXP 	Sound  started
444.3346 	DATA 	Keypress: rctrl
444.4990 	EXP 	Sound  started
445.0386 	DATA 	Keypress: rctrl
445.2490 	EXP 	Sound  started
445.8066 	DATA 	Keypress: lctrl
445.9990 	EXP 	Sound  started
446.5747 	DATA 	Keypress: rctrl
446.7490 	EXP 	Sound  started
447.3266 	DATA 	Keypress: lctrl
447.4991 	EXP 	Sound  started
448.0786 	DATA 	Keypress: lctrl
448.2491 	EXP 	Sound  started
448.7826 	DATA 	Keypress: rctrl
448.9991 	EXP 	Sound  started
449.5346 	DATA 	Keypress: rctrl
449.7491 	EXP 	Sound  started
450.3026 	DATA 	Keypress: lctrl
450.4991 	EXP 	Sound  started
451.0226 	DATA 	Keypress: lctrl
451.2491 	EXP 	Sound  started
451.8227 	DATA 	Keypress: lctrl
451.9991 	EXP 	Sound  started
452.5266 	DATA 	Keypress: lctrl
452.7492 	EXP 	Sound  started
453.2306 	DATA 	Keypress: rctrl
453.4992 	EXP 	Sound  started
453.9986 	DATA 	Keypress: rctrl
454.2492 	EXP 	Sound  started
454.7826 	DATA 	Keypress: rctrl
454.9992 	EXP 	Sound  started
455.5026 	DATA 	Keypress: rctrl
455.7492 	EXP 	Sound  started
456.1906 	DATA 	Keypress: lctrl
456.4992 	EXP 	Sound  started
456.9746 	DATA 	Keypress: lctrl
457.2492 	EXP 	Sound  started
457.7746 	DATA 	Keypress: lctrl
457.9993 	EXP 	Sound  started
458.5586 	DATA 	Keypress: lctrl
458.7493 	EXP 	Sound  started
459.3266 	DATA 	Keypress: lctrl
459.4993 	EXP 	Sound  started
460.0626 	DATA 	Keypress: lctrl
460.2493 	EXP 	Sound  started
460.7986 	DATA 	Keypress: rctrl
460.9993 	EXP 	Sound  started
461.5666 	DATA 	Keypress: lctrl
461.7493 	EXP 	Sound  started
462.3186 	DATA 	Keypress: rctrl
462.4993 	EXP 	Sound  started
463.0865 	DATA 	Keypress: rctrl
463.2493 	EXP 	Sound  started
463.8065 	DATA 	Keypress: lctrl
463.9994 	EXP 	Sound  started
464.5585 	DATA 	Keypress: lctrl
464.7494 	EXP 	Sound  started
465.3586 	DATA 	Keypress: rctrl
465.4994 	EXP 	Sound  started
466.1106 	DATA 	Keypress: rctrl
466.2494 	EXP 	Sound  started
466.8466 	DATA 	Keypress: rctrl
466.9994 	EXP 	Sound  started
467.6626 	DATA 	Keypress: rctrl
467.7494 	EXP 	Sound  started
468.4625 	DATA 	Keypress: rctrl
468.4995 	EXP 	Sound  started
469.1826 	DATA 	Keypress: rctrl
469.2495 	EXP 	Sound  started
469.8866 	DATA 	Keypress: lctrl
469.9995 	EXP 	Sound  started
470.6386 	DATA 	Keypress: lctrl
470.7495 	EXP 	Sound  started
471.4066 	DATA 	Keypress: lctrl
471.4995 	EXP 	Sound  started
472.1426 	DATA 	Keypress: lctrl
472.2495 	EXP 	Sound  started
472.8626 	DATA 	Keypress: rctrl
472.9995 	EXP 	Sound  started
473.6786 	DATA 	Keypress: rctrl
473.7495 	EXP 	Sound  started
474.3827 	DATA 	Keypress: lctrl
474.4996 	EXP 	Sound  started
475.0706 	DATA 	Keypress: rctrl
475.2496 	EXP 	Sound  started
475.8066 	DATA 	Keypress: lctrl
475.9996 	EXP 	Sound  started
476.5426 	DATA 	Keypress: lctrl
478.4174 	DATA 	Keypress: 3
478.4334 	EXP 	unnamed ShapeStim: vertices = <class 'numpy.ndarray'>
480.2725 	DATA 	Keypress: 1
480.3020 	EXP 	unnamed ShapeStim: vertices = <class 'numpy.ndarray'>
482.2075 	DATA 	Keypress: 2
482.2370 	EXP 	unnamed ShapeStim: vertices = <class 'numpy.ndarray'>
484.5217 	EXP 	Sound  started
484.5266 	DATA 	Keypress: rctrl
485.2146 	DATA 	Keypress: rctrl
485.2717 	EXP 	Sound  started
485.9026 	DATA 	Keypress: rctrl
486.0217 	EXP 	Sound  started
486.6226 	DATA 	Keypress: rctrl
486.7717 	EXP 	Sound  started
487.3746 	DATA 	Keypress: rctrl
487.5218 	EXP 	Sound  started
488.0787 	DATA 	Keypress: lctrl
488.2718 	EXP 	Sound  started
488.8306 	DATA 	Keypress: rctrl
489.0218 	EXP 	Sound  started
489.5506 	DATA 	Keypress: lctrl
489.7718 	EXP 	Sound  started
490.2707 	DATA 	Keypress: lctrl
490.5218 	EXP 	Sound  started
491.0706 	DATA 	Keypress: rctrl
491.2718 	EXP 	Sound  started
491.7906 	DATA 	Keypress: rctrl
492.0218 	EXP 	Sound  started
492.5426 	DATA 	Keypress: rctrl
492.7719 	EXP 	Sound  started
493.3426 	DATA 	Keypress: rctrl
493.5219 	EXP 	Sound  started
494.0466 	DATA 	Keypress: lctrl
494.2719 	EXP 	Sound  started
494.7986 	DATA 	Keypress: lctrl
495.0219 	EXP 	Sound  started
495.6145 	DATA 	Keypress: rctrl
495.7719 	EXP 	Sound  started
496.3506 	DATA 	Keypress: rctrl
496.5219 	EXP 	Sound  started
497.1986 	DATA 	Keypress: lctrl
497.2720 	EXP 	Sound  started
497.9026 	DATA 	Keypress: lctrl
498.0220 	EXP 	Sound  started
498.6387 	DATA 	Keypress: rctrl
498.7720 	EXP 	Sound  started
499.4546 	DATA 	Keypress: rctrl
499.5220 	EXP 	Sound  started
500.0626 	DATA 	Keypress: lctrl
500.2720 	EXP 	Sound  started
500.7826 	DATA 	Keypress: lctrl
501.0220 	EXP 	Sound  started
501.5666 	DATA 	Keypress: rctrl
501.7720 	EXP 	Sound  started
502.2867 	DATA 	Keypress: rctrl
502.5220 	EXP 	Sound  started
503.1026 	DATA 	Keypress: rctrl
503.2720 	EXP 	Sound  started
503.8386 	DATA 	Keypress: rctrl
504.0221 	EXP 	Sound  started
504.6706 	DATA 	Keypress: lctrl
504.7721 	EXP 	Sound  started
505.4067 	DATA 	Keypress: rctrl
505.5221 	EXP 	Sound  started
506.1266 	DATA 	Keypress: rctrl
506.2721 	EXP 	Sound  started
506.8946 	DATA 	Keypress: rctrl
507.0221 	EXP 	Sound  started
507.6466 	DATA 	Keypress: lctrl
507.7721 	EXP 	Sound  started
508.3826 	DATA 	Keypress: lctrl
508.5221 	EXP 	Sound  started
509.1186 	DATA 	Keypress: lctrl
509.2722 	EXP 	Sound  started
509.8546 	DATA 	Keypress: lctrl
510.0222 	EXP 	Sound  started
510.6067 	DATA 	Keypress: rctrl
510.7722 	EXP 	Sound  started
511.4226 	DATA 	Keypress: lctrl
511.5222 	EXP 	Sound  started
512.1266 	DATA 	Keypress: rctrl
512.2722 	EXP 	Sound  started
512.8786 	DATA 	Keypress: rctrl
513.0222 	EXP 	Sound  started
513.5986 	DATA 	Keypress: lctrl
513.7722 	EXP 	Sound  started
514.3506 	DATA 	Keypress: lctrl
514.5222 	EXP 	Sound  started
515.0867 	DATA 	Keypress: lctrl
515.2723 	EXP 	Sound  started
515.8386 	DATA 	Keypress: lctrl
516.0223 	EXP 	Sound  started
516.5585 	DATA 	Keypress: rctrl
516.7723 	EXP 	Sound  started
517.3266 	DATA 	Keypress: rctrl
517.5223 	EXP 	Sound  started
518.1106 	DATA 	Keypress: rctrl
518.2723 	EXP 	Sound  started
518.8626 	DATA 	Keypress: rctrl
519.0223 	EXP 	Sound  started
519.5666 	DATA 	Keypress: lctrl
519.7723 	EXP 	Sound  started
520.3347 	DATA 	Keypress: lctrl
520.5224 	EXP 	Sound  started
521.1187 	DATA 	Keypress: lctrl
521.2724 	EXP 	Sound  started
521.8226 	DATA 	Keypress: lctrl
522.0224 	EXP 	Sound  started
522.6227 	DATA 	Keypress: lctrl
522.7724 	EXP 	Sound  started
523.3425 	DATA 	Keypress: lctrl
525.1218 	DATA 	Keypress: 3
525.1383 	EXP 	unnamed ShapeStim: vertices = <class 'numpy.ndarray'>
527.6411 	DATA 	Keypress: 2
527.6575 	EXP 	unnamed ShapeStim: vertices = <class 'numpy.ndarray'>
529.6793 	DATA 	Keypress: 3
529.7087 	EXP 	unnamed ShapeStim: vertices = <class 'numpy.ndarray'>
531.9942 	EXP 	Sound  started
531.9944 	DATA 	Keypress: rctrl
532.5106 	DATA 	Keypress: rctrl
532.7442 	EXP 	Sound  started
533.2626 	DATA 	Keypress: lctrl
533.4942 	EXP 	Sound  started
534.1426 	DATA 	Keypress: rctrl
534.2442 	EXP 	Sound  started
534.9747 	DATA 	Keypress: rctrl
534.9942 	EXP 	Sound  started
535.7426 	DATA 	Keypress: rctrl
535.7442 	EXP 	Sound  started
536.4146 	DATA 	Keypress: rctrl
536.4943 	EXP 	Sound  started
537.0387 	DATA 	Keypress: lctrl
537.2443 	EXP 	Sound  started
537.7747 	DATA 	Keypress: rctrl
537.9943 	EXP 	Sound  started
538.5427 	DATA 	Keypress: lctrl
538.7443 	EXP 	Sound  started
539.2946 	DATA 	Keypress: lctrl
539.4943 	EXP 	Sound  started
539.9826 	DATA 	Keypress: lctrl
540.2443 	EXP 	Sound  started
540.7826 	DATA 	Keypress: lctrl
540.9943 	EXP 	Sound  started
541.5506 	DATA 	Keypress: lctrl
541.7444 	EXP 	Sound  started
542.2706 	DATA 	Keypress: rctrl
542.4944 	EXP 	Sound  started
543.1026 	DATA 	Keypress: lctrl
543.2444 	EXP 	Sound  started
543.8706 	DATA 	Keypress: rctrl
543.9944 	EXP 	Sound  started
544.6227 	DATA 	Keypress: rctrl
544.7444 	EXP 	Sound  started
545.3586 	DATA 	Keypress: rctrl
545.4944 	EXP 	Sound  started
546.1106 	DATA 	Keypress: lctrl
546.2444 	EXP 	Sound  started
546.8786 	DATA 	Keypress: rctrl
546.9945 	EXP 	Sound  started
547.5666 	DATA 	Keypress: lctrl
547.7445 	EXP 	Sound  started
548.3026 	DATA 	Keypress: lctrl
548.4945 	EXP 	Sound  started
549.0546 	DATA 	Keypress: lctrl
549.2445 	EXP 	Sound  started
549.7746 	DATA 	Keypress: rctrl
549.9945 	EXP 	Sound  started
550.5586 	DATA 	Keypress: lctrl
550.7445 	EXP 	Sound  started
551.3106 	DATA 	Keypress: rctrl
551.4946 	EXP 	Sound  started
552.1106 	DATA 	Keypress: lctrl
552.2446 	EXP 	Sound  started
552.7986 	DATA 	Keypress: rctrl
552.9946 	EXP 	Sound  started
553.5666 	DATA 	Keypress: lctrl
553.7446 	EXP 	Sound  started
554.3667 	DATA 	Keypress: lctrl
554.4946 	EXP 	Sound  started
555.1187 	DATA 	Keypress: lctrl
555.2446 	EXP 	Sound  started
555.7906 	DATA 	Keypress: rctrl
555.9946 	EXP 	Sound  started
556.6066 	DATA 	Keypress: rctrl
556.7446 	EXP 	Sound  started
557.3586 	DATA 	Keypress: lctrl
557.4947 	EXP 	Sound  started
558.0786 	DATA 	Keypress: lctrl
558.2447 	EXP 	Sound  started
558.9106 	DATA 	Keypress: rctrl
558.9947 	EXP 	Sound  started
559.6627 	DATA 	Keypress: rctrl
559.7447 	EXP 	Sound  started
560.3186 	DATA 	Keypress: lctrl
560.4947 	EXP 	Sound  started
561.0386 	DATA 	Keypress: lctrl
561.2447 	EXP 	Sound  started
561.8546 	DATA 	Keypress: rctrl
561.9947 	EXP 	Sound  started
562.5906 	DATA 	Keypress: rctrl
562.7448 	EXP 	Sound  started
563.3268 	DATA 	Keypress: lctrl
563.4948 	EXP 	Sound  started
564.1266 	DATA 	Keypress: lctrl
564.2448 	EXP 	Sound  started
564.8626 	DATA 	Keypress: rctrl
564.9948 	EXP 	Sound  started
565.6147 	DATA 	Keypress: rctrl
565.7448 	EXP 	Sound  started
566.3186 	DATA 	Keypress: lctrl
566.4948 	EXP 	Sound  started
567.0867 	DATA 	Keypress: lctrl
567.2449 	EXP 	Sound  started
567.8227 	DATA 	Keypress: lctrl
567.9949 	EXP 	Sound  started
568.5426 	DATA 	Keypress: lctrl
568.7449 	EXP 	Sound  started
569.2626 	DATA 	Keypress: rctrl
569.4949 	EXP 	Sound  started
570.0466 	DATA 	Keypress: lctrl
570.2449 	EXP 	Sound  started
570.8946 	DATA 	Keypress: lctrl
570.9949 	EXP 	Sound  started
571.5986 	DATA 	Keypress: rctrl
571.7449 	EXP 	Sound  started
572.3506 	DATA 	Keypress: lctrl
572.4949 	EXP 	Sound  started
573.1506 	DATA 	Keypress: lctrl
573.2450 	EXP 	Sound  started
573.9187 	DATA 	Keypress: rctrl
573.9950 	EXP 	Sound  started
574.6227 	DATA 	Keypress: rctrl
574.7450 	EXP 	Sound  started
575.4546 	DATA 	Keypress: rctrl
575.4950 	EXP 	Sound  started
576.1906 	DATA 	Keypress: rctrl
576.2450 	EXP 	Sound  started
576.8786 	DATA 	Keypress: lctrl
576.9950 	EXP 	Sound  started
577.6146 	DATA 	Keypress: lctrl
577.7450 	EXP 	Sound  started
578.2866 	DATA 	Keypress: rctrl
578.4951 	EXP 	Sound  started
579.0226 	DATA 	Keypress: lctrl
579.2451 	EXP 	Sound  started
579.8066 	DATA 	Keypress: rctrl
579.9951 	EXP 	Sound  started
580.5587 	DATA 	Keypress: lctrl
580.7451 	EXP 	Sound  started
581.2626 	DATA 	Keypress: lctrl
581.4951 	EXP 	Sound  started
582.0306 	DATA 	Keypress: lctrl
582.2451 	EXP 	Sound  started
582.7986 	DATA 	Keypress: rctrl
582.9951 	EXP 	Sound  started
583.5986 	DATA 	Keypress: lctrl
583.7452 	EXP 	Sound  started
584.3185 	DATA 	Keypress: lctrl
584.4952 	EXP 	Sound  started
585.1827 	DATA 	Keypress: lctrl
585.2452 	EXP 	Sound  started
585.8706 	DATA 	Keypress: rctrl
585.9952 	EXP 	Sound  started
586.6066 	DATA 	Keypress: rctrl
586.7452 	EXP 	Sound  started
587.3746 	DATA 	Keypress: lctrl
587.4952 	EXP 	Sound  started
588.1426 	DATA 	Keypress: lctrl
588.2452 	EXP 	Sound  started
588.8786 	DATA 	Keypress: rctrl
588.9952 	EXP 	Sound  started
589.6466 	DATA 	Keypress: rctrl
589.7453 	EXP 	Sound  started
590.3026 	DATA 	Keypress: lctrl
590.4953 	EXP 	Sound  started
591.0706 	DATA 	Keypress: rctrl
591.2453 	EXP 	Sound  started
591.7586 	DATA 	Keypress: lctrl
591.9953 	EXP 	Sound  started
592.4626 	DATA 	Keypress: rctrl
592.7453 	EXP 	Sound  started
593.2146 	DATA 	Keypress: rctrl
593.4953 	EXP 	Sound  started
594.0306 	DATA 	Keypress: rctrl
596.0004 	DATA 	Keypress: 3
596.0298 	EXP 	unnamed ShapeStim: vertices = <class 'numpy.ndarray'>
600.0833 	DATA 	Keypress: 2
600.0998 	EXP 	unnamed ShapeStim: vertices = <class 'numpy.ndarray'>
602.6730 	DATA 	Keypress: 2
602.7024 	EXP 	unnamed ShapeStim: vertices = <class 'numpy.ndarray'>
604.9866 	EXP 	Sound  started
604.9867 	DATA 	Keypress: rctrl
605.6307 	DATA 	Keypress: rctrl
605.7366 	EXP 	Sound  started
606.3347 	DATA 	Keypress: rctrl
606.4866 	EXP 	Sound  started
607.0226 	DATA 	Keypress: lctrl
607.2366 	EXP 	Sound  started
607.7267 	DATA 	Keypress: lctrl
607.9866 	EXP 	Sound  started
608.5586 	DATA 	Keypress: rctrl
608.7366 	EXP 	Sound  started
609.3106 	DATA 	Keypress: rctrl
609.4866 	EXP 	Sound  started
610.0306 	DATA 	Keypress: lctrl
610.2366 	EXP 	Sound  started
610.7346 	DATA 	Keypress: lctrl
610.9866 	EXP 	Sound  started
611.4866 	DATA 	Keypress: rctrl
611.7366 	EXP 	Sound  started
612.3026 	DATA 	Keypress: rctrl
612.4867 	EXP 	Sound  started
612.9586 	DATA 	Keypress: lctrl
613.2367 	EXP 	Sound  started
613.7746 	DATA 	Keypress: lctrl
613.9867 	EXP 	Sound  started
614.4787 	DATA 	Keypress: lctrl
614.7367 	EXP 	Sound  started
615.2147 	DATA 	Keypress: rctrl
615.4867 	EXP 	Sound  started
616.0946 	DATA 	Keypress: lctrl
616.2367 	EXP 	Sound  started
616.8946 	DATA 	Keypress: rctrl
616.9868 	EXP 	Sound  started
617.6306 	DATA 	Keypress: rctrl
617.7368 	EXP 	Sound  started
618.3026 	DATA 	Keypress: rctrl
618.4868 	EXP 	Sound  started
619.0706 	DATA 	Keypress: rctrl
619.2368 	EXP 	Sound  started
619.8226 	DATA 	Keypress: lctrl
619.9868 	EXP 	Sound  started
620.5587 	DATA 	Keypress: rctrl
620.7368 	EXP 	Sound  started
621.3106 	DATA 	Keypress: lctrl
621.4868 	EXP 	Sound  started
622.0946 	DATA 	Keypress: lctrl
622.2369 	EXP 	Sound  started
622.8146 	DATA 	Keypress: rctrl
622.9869 	EXP 	Sound  started
623.5507 	DATA 	Keypress: rctrl
623.7369 	EXP 	Sound  started
624.3186 	DATA 	Keypress: rctrl
624.4869 	EXP 	Sound  started
625.0866 	DATA 	Keypress: rctrl
625.2369 	EXP 	Sound  started
625.7907 	DATA 	Keypress: lctrl
625.9869 	EXP 	Sound  started
626.5586 	DATA 	Keypress: lctrl
626.7369 	EXP 	Sound  started
627.3106 	DATA 	Keypress: lctrl
627.4870 	EXP 	Sound  started
628.0627 	DATA 	Keypress: rctrl
628.2370 	EXP 	Sound  started
628.7826 	DATA 	Keypress: lctrl
628.9870 	EXP 	Sound  started
629.5666 	DATA 	Keypress: lctrl
629.7370 	EXP 	Sound  started
630.3026 	DATA 	Keypress: lctrl
630.4870 	EXP 	Sound  started
630.9906 	DATA 	Keypress: lctrl
631.2370 	EXP 	Sound  started
631.7426 	DATA 	Keypress: rctrl
631.9870 	EXP 	Sound  started
632.5267 	DATA 	Keypress: rctrl
632.7371 	EXP 	Sound  started
633.3106 	DATA 	Keypress: rctrl
633.4871 	EXP 	Sound  started
634.1106 	DATA 	Keypress: rctrl
634.2371 	EXP 	Sound  started
634.9871 	EXP 	Sound  started
635.0387 	DATA 	Keypress: lctrl
635.6626 	DATA 	Keypress: lctrl
635.7371 	EXP 	Sound  started
636.3666 	DATA 	Keypress: rctrl
636.4871 	EXP 	Sound  started
637.1827 	DATA 	Keypress: rctrl
637.2371 	EXP 	Sound  started
637.8866 	DATA 	Keypress: lctrl
637.9872 	EXP 	Sound  started
638.6386 	DATA 	Keypress: lctrl
638.7372 	EXP 	Sound  started
639.3746 	DATA 	Keypress: lctrl
639.4872 	EXP 	Sound  started
640.0786 	DATA 	Keypress: lctrl
640.2372 	EXP 	Sound  started
640.8626 	DATA 	Keypress: rctrl
640.9872 	EXP 	Sound  started
641.6147 	DATA 	Keypress: rctrl
641.7372 	EXP 	Sound  started
642.3666 	DATA 	Keypress: rctrl
642.4872 	EXP 	Sound  started
643.1186 	DATA 	Keypress: rctrl
643.2372 	EXP 	Sound  started
643.8706 	DATA 	Keypress: lctrl
643.9873 	EXP 	Sound  started
644.5586 	DATA 	Keypress: rctrl
644.7373 	EXP 	Sound  started
645.3266 	DATA 	Keypress: lctrl
645.4873 	EXP 	Sound  started
646.0787 	DATA 	Keypress: lctrl
646.2373 	EXP 	Sound  started
646.8146 	DATA 	Keypress: rctrl
646.9873 	EXP 	Sound  started
647.6147 	DATA 	Keypress: rctrl
647.7373 	EXP 	Sound  started
648.3346 	DATA 	Keypress: rctrl
648.4873 	EXP 	Sound  started
649.0066 	DATA 	Keypress: rctrl
649.2373 	EXP 	Sound  started
649.7426 	DATA 	Keypress: lctrl
649.9874 	EXP 	Sound  started
650.5106 	DATA 	Keypress: rctrl
650.7374 	EXP 	Sound  started
651.2787 	DATA 	Keypress: lctrl
651.4874 	EXP 	Sound  started
652.0466 	DATA 	Keypress: lctrl
652.2374 	EXP 	Sound  started
652.7506 	DATA 	Keypress: rctrl
652.9874 	EXP 	Sound  started
653.5506 	DATA 	Keypress: rctrl
653.7374 	EXP 	Sound  started
654.2866 	DATA 	Keypress: lctrl
654.4874 	EXP 	Sound  started
654.9747 	DATA 	Keypress: lctrl
655.2375 	EXP 	Sound  started
655.7426 	DATA 	Keypress: rctrl
655.9875 	EXP 	Sound  started
656.5266 	DATA 	Keypress: lctrl
656.7375 	EXP 	Sound  started
657.2627 	DATA 	Keypress: rctrl
657.4875 	EXP 	Sound  started
658.0786 	DATA 	Keypress: lctrl
658.2375 	EXP 	Sound  started
658.8786 	DATA 	Keypress: rctrl
658.9875 	EXP 	Sound  started
659.6306 	DATA 	Keypress: rctrl
659.7376 	EXP 	Sound  started
660.3666 	DATA 	Keypress: rctrl
660.4876 	EXP 	Sound  started
661.1507 	DATA 	Keypress: rctrl
661.2376 	EXP 	Sound  started
661.8386 	DATA 	Keypress: rctrl
661.9876 	EXP 	Sound  started
662.5747 	DATA 	Keypress: rctrl
662.7376 	EXP 	Sound  started
663.3106 	DATA 	Keypress: rctrl
663.4876 	EXP 	Sound  started
664.1266 	DATA 	Keypress: rctrl
664.2376 	EXP 	Sound  started
664.8466 	DATA 	Keypress: lctrl
664.9876 	EXP 	Sound  started
665.5667 	DATA 	Keypress: rctrl
665.7377 	EXP 	Sound  started
666.3667 	DATA 	Keypress: rctrl
666.4877 	EXP 	Sound  started
667.1026 	DATA 	Keypress: rctrl
667.2377 	EXP 	Sound  started
667.8066 	DATA 	Keypress: lctrl
667.9877 	EXP 	Sound  started
668.6226 	DATA 	Keypress: lctrl
668.7377 	EXP 	Sound  started
669.3106 	DATA 	Keypress: rctrl
669.4877 	EXP 	Sound  started
670.0786 	DATA 	Keypress: rctrl
670.2377 	EXP 	Sound  started
670.7346 	DATA 	Keypress: lctrl
672.3764 	DATA 	Keypress: 4
672.3929 	EXP 	unnamed ShapeStim: vertices = <class 'numpy.ndarray'>
674.3113 	DATA 	Keypress: 1
674.3278 	EXP 	unnamed ShapeStim: vertices = <class 'numpy.ndarray'>
676.1462 	DATA 	Keypress: 4
676.1627 	EXP 	unnamed ShapeStim: vertices = <class 'numpy.ndarray'>
678.4479 	EXP 	Sound  started
678.4786 	DATA 	Keypress: rctrl
679.0866 	DATA 	Keypress: rctrl
679.1979 	EXP 	Sound  started
679.8226 	DATA 	Keypress: rctrl
679.9479 	EXP 	Sound  started
680.4947 	DATA 	Keypress: lctrl
680.6979 	EXP 	Sound  started
681.1986 	DATA 	Keypress: lctrl
681.4479 	EXP 	Sound  started
681.9826 	DATA 	Keypress: lctrl
682.1979 	EXP 	Sound  started
682.7026 	DATA 	Keypress: lctrl
682.9479 	EXP 	Sound  started
683.4867 	DATA 	Keypress: lctrl
683.6980 	EXP 	Sound  started
684.2866 	DATA 	Keypress: rctrl
684.4480 	EXP 	Sound  started
685.0387 	DATA 	Keypress: rctrl
685.1980 	EXP 	Sound  started
685.8067 	DATA 	Keypress: rctrl
685.9480 	EXP 	Sound  started
686.5587 	DATA 	Keypress: rctrl
686.6980 	EXP 	Sound  started
687.2946 	DATA 	Keypress: lctrl
687.4480 	EXP 	Sound  started
688.0306 	DATA 	Keypress: lctrl
688.1980 	EXP 	Sound  started
688.8626 	DATA 	Keypress: lctrl
688.9480 	EXP 	Sound  started
689.5506 	DATA 	Keypress: lctrl
689.6981 	EXP 	Sound  started
690.2546 	DATA 	Keypress: rctrl
690.4481 	EXP 	Sound  started
690.9586 	DATA 	Keypress: rctrl
691.1981 	EXP 	Sound  started
691.7746 	DATA 	Keypress: rctrl
691.9481 	EXP 	Sound  started
692.5587 	DATA 	Keypress: rctrl
692.6981 	EXP 	Sound  started
693.4067 	DATA 	Keypress: rctrl
693.4481 	EXP 	Sound  started
694.1981 	EXP 	Sound  started
694.2226 	DATA 	Keypress: rctrl
694.8626 	DATA 	Keypress: lctrl
694.9482 	EXP 	Sound  started
695.6306 	DATA 	Keypress: lctrl
695.6982 	EXP 	Sound  started
696.3186 	DATA 	Keypress: lctrl
696.4482 	EXP 	Sound  started
697.0866 	DATA 	Keypress: lctrl
697.1982 	EXP 	Sound  started
697.8386 	DATA 	Keypress: rctrl
697.9482 	EXP 	Sound  started
698.5106 	DATA 	Keypress: lctrl
698.6982 	EXP 	Sound  started
699.2467 	DATA 	Keypress: lctrl
699.4482 	EXP 	Sound  started
700.0626 	DATA 	Keypress: rctrl
700.1983 	EXP 	Sound  started
700.7826 	DATA 	Keypress: rctrl
700.9483 	EXP 	Sound  started
701.5826 	DATA 	Keypress: lctrl
701.6983 	EXP 	Sound  started
702.3666 	DATA 	Keypress: lctrl
702.4483 	EXP 	Sound  started
703.1186 	DATA 	Keypress: lctrl
703.1983 	EXP 	Sound  started
703.7906 	DATA 	Keypress: rctrl
703.9483 	EXP 	Sound  started
704.6227 	DATA 	Keypress: lctrl
704.6984 	EXP 	Sound  started
705.3586 	DATA 	Keypress: rctrl
705.4484 	EXP 	Sound  started
706.1586 	DATA 	Keypress: lctrl
706.1984 	EXP 	Sound  started
706.8626 	DATA 	Keypress: lctrl
706.9484 	EXP 	Sound  started
707.5505 	DATA 	Keypress: lctrl
707.6984 	EXP 	Sound  started
708.1586 	DATA 	Keypress: lctrl
708.4484 	EXP 	Sound  started
709.1026 	DATA 	Keypress: lctrl
709.1984 	EXP 	Sound  started
709.8226 	DATA 	Keypress: rctrl
709.9484 	EXP 	Sound  started
710.5906 	DATA 	Keypress: lctrl
710.6985 	EXP 	Sound  started
711.2946 	DATA 	Keypress: rctrl
711.4485 	EXP 	Sound  started
712.0626 	DATA 	Keypress: lctrl
712.1985 	EXP 	Sound  started
712.8146 	DATA 	Keypress: lctrl
712.9485 	EXP 	Sound  started
713.5506 	DATA 	Keypress: lctrl
713.6985 	EXP 	Sound  started
714.3506 	DATA 	Keypress: rctrl
714.4485 	EXP 	Sound  started
715.0867 	DATA 	Keypress: rctrl
715.1985 	EXP 	Sound  started
715.7427 	DATA 	Keypress: lctrl
715.9486 	EXP 	Sound  started
716.5266 	DATA 	Keypress: lctrl
716.6986 	EXP 	Sound  started
717.2627 	DATA 	Keypress: lctrl
717.4486 	EXP 	Sound  started
718.0946 	DATA 	Keypress: rctrl
718.1986 	EXP 	Sound  started
718.8946 	DATA 	Keypress: lctrl
718.9486 	EXP 	Sound  started
719.5986 	DATA 	Keypress: rctrl
719.6986 	EXP 	Sound  started
720.3346 	DATA 	Keypress: lctrl
720.4486 	EXP 	Sound  started
721.0706 	DATA 	Keypress: lctrl
721.1986 	EXP 	Sound  started
721.7586 	DATA 	Keypress: rctrl
721.9487 	EXP 	Sound  started
722.5266 	DATA 	Keypress: rctrl
722.6987 	EXP 	Sound  started
723.2786 	DATA 	Keypress: lctrl
723.4487 	EXP 	Sound  started
724.0946 	DATA 	Keypress: rctrl
724.1987 	EXP 	Sound  started
724.8307 	DATA 	Keypress: lctrl
724.9487 	EXP 	Sound  started
725.6306 	DATA 	Keypress: lctrl
725.6987 	EXP 	Sound  started
726.3506 	DATA 	Keypress: rctrl
726.4487 	EXP 	Sound  started
727.1346 	DATA 	Keypress: rctrl
727.1988 	EXP 	Sound  started
727.8706 	DATA 	Keypress: lctrl
727.9488 	EXP 	Sound  started
728.6708 	DATA 	Keypress: lctrl
728.6988 	EXP 	Sound  started
729.3106 	DATA 	Keypress: rctrl
729.4488 	EXP 	Sound  started
730.0627 	DATA 	Keypress: lctrl
730.1988 	EXP 	Sound  started
730.7826 	DATA 	Keypress: rctrl
730.9488 	EXP 	Sound  started
731.5826 	DATA 	Keypress: rctrl
731.6989 	EXP 	Sound  started
732.2386 	DATA 	Keypress: lctrl
732.4489 	EXP 	Sound  started
733.1989 	EXP 	Sound  started
733.8066 	DATA 	Keypress: rctrl
733.9489 	EXP 	Sound  started
734.5586 	DATA 	Keypress: lctrl
734.6989 	EXP 	Sound  started
735.3267 	DATA 	Keypress: rctrl
735.4489 	EXP 	Sound  started
736.0626 	DATA 	Keypress: lctrl
736.1990 	EXP 	Sound  started
736.7826 	DATA 	Keypress: lctrl
736.9490 	EXP 	Sound  started
737.5346 	DATA 	Keypress: rctrl
737.6990 	EXP 	Sound  started
738.3026 	DATA 	Keypress: rctrl
738.4490 	EXP 	Sound  started
739.0065 	DATA 	Keypress: lctrl
739.1990 	EXP 	Sound  started
739.8066 	DATA 	Keypress: lctrl
739.9490 	EXP 	Sound  started
740.5106 	DATA 	Keypress: lctrl
741.9700 	DATA 	Keypress: 4
741.9995 	EXP 	unnamed ShapeStim: vertices = <class 'numpy.ndarray'>
743.8387 	DATA 	Keypress: 1
743.8681 	EXP 	unnamed ShapeStim: vertices = <class 'numpy.ndarray'>
745.6531 	DATA 	Keypress: 4
745.6696 	EXP 	unnamed ShapeStim: vertices = <class 'numpy.ndarray'>
747.9550 	EXP 	Sound  started
747.9552 	DATA 	Keypress: rctrl
748.4627 	DATA 	Keypress: rctrl
748.7050 	EXP 	Sound  started
749.2786 	DATA 	Keypress: lctrl
749.4550 	EXP 	Sound  started
750.0466 	DATA 	Keypress: rctrl
750.2050 	EXP 	Sound  started
750.7666 	DATA 	Keypress: rctrl
750.9551 	EXP 	Sound  started
751.5666 	DATA 	Keypress: rctrl
751.7051 	EXP 	Sound  started
752.3506 	DATA 	Keypress: rctrl
752.4551 	EXP 	Sound  started
753.1026 	DATA 	Keypress: rctrl
753.2051 	EXP 	Sound  started
753.8226 	DATA 	Keypress: rctrl
753.9551 	EXP 	Sound  started
754.5426 	DATA 	Keypress: lctrl
754.7051 	EXP 	Sound  started
755.2946 	DATA 	Keypress: rctrl
755.4551 	EXP 	Sound  started
756.0626 	DATA 	Keypress: lctrl
756.2052 	EXP 	Sound  started
756.8145 	DATA 	Keypress: rctrl
756.9552 	EXP 	Sound  started
757.5986 	DATA 	Keypress: rctrl
757.7052 	EXP 	Sound  started
758.3186 	DATA 	Keypress: rctrl
758.4552 	EXP 	Sound  started
758.9905 	DATA 	Keypress: lctrl
759.2052 	EXP 	Sound  started
759.7906 	DATA 	Keypress: lctrl
759.9552 	EXP 	Sound  started
760.4786 	DATA 	Keypress: rctrl
760.7052 	EXP 	Sound  started
761.3426 	DATA 	Keypress: lctrl
761.4553 	EXP 	Sound  started
762.0786 	DATA 	Keypress: rctrl
762.2053 	EXP 	Sound  started
762.7987 	DATA 	Keypress: rctrl
762.9553 	EXP 	Sound  started
763.5186 	DATA 	Keypress: lctrl
763.7053 	EXP 	Sound  started
764.2867 	DATA 	Keypress: lctrl
764.4553 	EXP 	Sound  started
765.0066 	DATA 	Keypress: lctrl
765.2053 	EXP 	Sound  started
765.9553 	EXP 	Sound  started
766.1427 	DATA 	Keypress: rctrl
766.7054 	EXP 	Sound  started
766.7186 	DATA 	Keypress: rctrl
767.3587 	DATA 	Keypress: rctrl
767.4554 	EXP 	Sound  started
768.0627 	DATA 	Keypress: rctrl
768.2054 	EXP 	Sound  started
768.7826 	DATA 	Keypress: lctrl
768.9554 	EXP 	Sound  started
769.6146 	DATA 	Keypress: lctrl
769.7054 	EXP 	Sound  started
770.3026 	DATA 	Keypress: rctrl
770.4554 	EXP 	Sound  started
771.0386 	DATA 	Keypress: lctrl
771.2054 	EXP 	Sound  started
771.8866 	DATA 	Keypress: lctrl
771.9555 	EXP 	Sound  started
772.5426 	DATA 	Keypress: rctrl
772.7055 	EXP 	Sound  started
773.2946 	DATA 	Keypress: lctrl
773.4555 	EXP 	Sound  started
774.0467 	DATA 	Keypress: rctrl
774.2055 	EXP 	Sound  started
774.7827 	DATA 	Keypress: rctrl
774.9555 	EXP 	Sound  started
775.5666 	DATA 	Keypress: rctrl
775.7055 	EXP 	Sound  started
776.2867 	DATA 	Keypress: rctrl
776.4556 	EXP 	Sound  started
777.0707 	DATA 	Keypress: rctrl
777.2056 	EXP 	Sound  started
777.8866 	DATA 	Keypress: lctrl
777.9556 	EXP 	Sound  started
778.5908 	DATA 	Keypress: rctrl
778.7056 	EXP 	Sound  started
779.2946 	DATA 	Keypress: lctrl
779.4556 	EXP 	Sound  started
780.0626 	DATA 	Keypress: lctrl
780.2056 	EXP 	Sound  started
780.7986 	DATA 	Keypress: rctrl
780.9556 	EXP 	Sound  started
781.5347 	DATA 	Keypress: rctrl
781.7056 	EXP 	Sound  started
782.2386 	DATA 	Keypress: lctrl
782.4557 	EXP 	Sound  started
783.0226 	DATA 	Keypress: lctrl
783.2057 	EXP 	Sound  started
783.8067 	DATA 	Keypress: lctrl
783.9557 	EXP 	Sound  started
784.4946 	DATA 	Keypress: rctrl
784.7057 	EXP 	Sound  started
785.3587 	DATA 	Keypress: rctrl
785.4557 	EXP 	Sound  started
786.1266 	DATA 	Keypress: rctrl
786.2057 	EXP 	Sound  started
786.9106 	DATA 	Keypress: rctrl
786.9557 	EXP 	Sound  started
787.5027 	DATA 	Keypress: lctrl
787.7058 	EXP 	Sound  started
788.3026 	DATA 	Keypress: lctrl
788.4558 	EXP 	Sound  started
789.1187 	DATA 	Keypress: rctrl
789.2058 	EXP 	Sound  started
789.8547 	DATA 	Keypress: lctrl
789.9558 	EXP 	Sound  started
790.5586 	DATA 	Keypress: lctrl
790.7058 	EXP 	Sound  started
791.2946 	DATA 	Keypress: rctrl
791.4558 	EXP 	Sound  started
792.0786 	DATA 	Keypress: lctrl
793.5424 	DATA 	Keypress: 4
793.5589 	EXP 	unnamed ShapeStim: vertices = <class 'numpy.ndarray'>
795.3939 	DATA 	Keypress: 1
795.4105 	EXP 	unnamed ShapeStim: vertices = <class 'numpy.ndarray'>
797.3789 	DATA 	Keypress: 4
797.3954 	EXP 	unnamed ShapeStim: vertices = <class 'numpy.ndarray'>
799.6793 	EXP 	Sound  started
799.6794 	DATA 	Keypress: rctrl
800.3187 	DATA 	Keypress: rctrl
800.4293 	EXP 	Sound  started
801.0387 	DATA 	Keypress: lctrl
801.1793 	EXP 	Sound  started
801.8066 	DATA 	Keypress: lctrl
801.9293 	EXP 	Sound  started
802.6386 	DATA 	Keypress: lctrl
802.6793 	EXP 	Sound  started
803.4227 	DATA 	Keypress: lctrl
803.4293 	EXP 	Sound  started
804.1587 	DATA 	Keypress: rctrl
804.1793 	EXP 	Sound  started
804.9266 	DATA 	Keypress: rctrl
804.9294 	EXP 	Sound  started
805.5828 	DATA 	Keypress: lctrl
805.6794 	EXP 	Sound  started
806.3347 	DATA 	Keypress: rctrl
806.4294 	EXP 	Sound  started
807.0866 	DATA 	Keypress: lctrl
807.1794 	EXP 	Sound  started
807.7746 	DATA 	Keypress: lctrl
807.9294 	EXP 	Sound  started
808.4946 	DATA 	Keypress: rctrl
808.6794 	EXP 	Sound  started
809.2787 	DATA 	Keypress: lctrl
809.4294 	EXP 	Sound  started
809.9986 	DATA 	Keypress: rctrl
810.1794 	EXP 	Sound  started
810.7986 	DATA 	Keypress: rctrl
810.9295 	EXP 	Sound  started
811.5826 	DATA 	Keypress: rctrl
811.6795 	EXP 	Sound  started
812.3186 	DATA 	Keypress: lctrl
812.4295 	EXP 	Sound  started
813.0066 	DATA 	Keypress: lctrl
813.1795 	EXP 	Sound  started
813.7906 	DATA 	Keypress: rctrl
813.9295 	EXP 	Sound  started
814.6066 	DATA 	Keypress: rctrl
814.6795 	EXP 	Sound  started
815.3106 	DATA 	Keypress: rctrl
815.4296 	EXP 	Sound  started
816.0786 	DATA 	Keypress: rctrl
816.1796 	EXP 	Sound  started
816.7827 	DATA 	Keypress: lctrl
816.9296 	EXP 	Sound  started
817.5346 	DATA 	Keypress: lctrl
817.6796 	EXP 	Sound  started
818.2706 	DATA 	Keypress: lctrl
818.4296 	EXP 	Sound  started
818.9587 	DATA 	Keypress: lctrl
819.1796 	EXP 	Sound  started
819.7426 	DATA 	Keypress: rctrl
819.9296 	EXP 	Sound  started
820.4466 	DATA 	Keypress: lctrl
820.6797 	EXP 	Sound  started
821.2147 	DATA 	Keypress: rctrl
821.4297 	EXP 	Sound  started
821.9186 	DATA 	Keypress: lctrl
822.1797 	EXP 	Sound  started
822.7347 	DATA 	Keypress: rctrl
822.9297 	EXP 	Sound  started
823.4226 	DATA 	Keypress: lctrl
823.6797 	EXP 	Sound  started
824.2226 	DATA 	Keypress: rctrl
824.4297 	EXP 	Sound  started
824.9266 	DATA 	Keypress: rctrl
825.1797 	EXP 	Sound  started
825.6946 	DATA 	Keypress: rctrl
825.9298 	EXP 	Sound  started
826.4466 	DATA 	Keypress: rctrl
826.6798 	EXP 	Sound  started
827.3106 	DATA 	Keypress: lctrl
827.4298 	EXP 	Sound  started
828.0466 	DATA 	Keypress: lctrl
828.1798 	EXP 	Sound  started
828.8146 	DATA 	Keypress: rctrl
828.9298 	EXP 	Sound  started
829.5346 	DATA 	Keypress: lctrl
829.6798 	EXP 	Sound  started
830.2866 	DATA 	Keypress: rctrl
830.4298 	EXP 	Sound  started
831.0546 	DATA 	Keypress: rctrl
831.1799 	EXP 	Sound  started
831.7586 	DATA 	Keypress: lctrl
831.9299 	EXP 	Sound  started
832.5106 	DATA 	Keypress: lctrl
832.6799 	EXP 	Sound  started
833.2146 	DATA 	Keypress: lctrl
833.4299 	EXP 	Sound  started
833.9666 	DATA 	Keypress: lctrl
834.1799 	EXP 	Sound  started
834.6866 	DATA 	Keypress: rctrl
834.9300 	EXP 	Sound  started
835.5187 	DATA 	Keypress: lctrl
835.6800 	EXP 	Sound  started
836.2866 	DATA 	Keypress: rctrl
836.4300 	EXP 	Sound  started
837.0067 	DATA 	Keypress: rctrl
837.1800 	EXP 	Sound  started
837.6947 	DATA 	Keypress: lctrl
837.9300 	EXP 	Sound  started
838.3506 	DATA 	Keypress: lctrl
838.6800 	EXP 	Sound  started
839.2466 	DATA 	Keypress: rctrl
839.4300 	EXP 	Sound  started
839.9986 	DATA 	Keypress: lctrl
840.1800 	EXP 	Sound  started
840.7507 	DATA 	Keypress: lctrl
840.9301 	EXP 	Sound  started
841.4546 	DATA 	Keypress: rctrl
841.6801 	EXP 	Sound  started
842.2386 	DATA 	Keypress: rctrl
842.4301 	EXP 	Sound  started
843.0226 	DATA 	Keypress: lctrl
843.1801 	EXP 	Sound  started
843.7586 	DATA 	Keypress: rctrl
843.9301 	EXP 	Sound  started
844.4626 	DATA 	Keypress: lctrl
844.6801 	EXP 	Sound  started
845.1986 	DATA 	Keypress: lctrl
845.4301 	EXP 	Sound  started
845.9187 	DATA 	Keypress: lctrl
846.1802 	EXP 	Sound  started
846.7506 	DATA 	Keypress: lctrl
846.9302 	EXP 	Sound  started
847.3907 	DATA 	Keypress: lctrl
847.6802 	EXP 	Sound  started
848.0306 	DATA 	Keypress: lctrl
848.4302 	EXP 	Sound  started
848.7506 	DATA 	Keypress: lctrl
849.1802 	EXP 	Sound  started
849.5507 	DATA 	Keypress: lctrl
849.9302 	EXP 	Sound  started
850.1266 	DATA 	Keypress: lctrl
850.6802 	EXP 	Sound  started
850.9746 	DATA 	Keypress: lctrl
851.4302 	EXP 	Sound  started
851.8387 	DATA 	Keypress: lctrl
852.1803 	EXP 	Sound  started
852.6386 	DATA 	Keypress: lctrl
852.9303 	EXP 	Sound  started
853.4706 	DATA 	Keypress: rctrl
853.6803 	EXP 	Sound  started
854.2546 	DATA 	Keypress: rctrl
854.4303 	EXP 	Sound  started
855.1803 	EXP 	Sound  started
855.1826 	DATA 	Keypress: rctrl
855.8226 	DATA 	Keypress: rctrl
855.9303 	EXP 	Sound  started
856.5907 	DATA 	Keypress: rctrl
856.6803 	EXP 	Sound  started
857.2466 	DATA 	Keypress: lctrl
857.4304 	EXP 	Sound  started
858.0466 	DATA 	Keypress: rctrl
858.1804 	EXP 	Sound  started
858.7506 	DATA 	Keypress: lctrl
858.9304 	EXP 	Sound  started
859.4866 	DATA 	Keypress: lctrl
859.6804 	EXP 	Sound  started
860.2226 	DATA 	Keypress: rctrl
860.4304 	EXP 	Sound  started
861.0066 	DATA 	Keypress: rctrl
861.1804 	EXP 	Sound  started
861.7267 	DATA 	Keypress: rctrl
861.9304 	EXP 	Sound  started
862.5746 	DATA 	Keypress: rctrl
862.6805 	EXP 	Sound  started
863.2146 	DATA 	Keypress: lctrl
863.4305 	EXP 	Sound  started
863.8866 	DATA 	Keypress: lctrl
864.1805 	EXP 	Sound  started
864.6866 	DATA 	Keypress: lctrl
864.9305 	EXP 	Sound  started
865.5667 	DATA 	Keypress: rctrl
865.6805 	EXP 	Sound  started
866.1427 	DATA 	Keypress: lctrl
866.4305 	EXP 	Sound  started
866.9106 	DATA 	Keypress: lctrl
867.2361 	DATA 	Keypress: rctrl
868.7040 	DATA 	Keypress: 4
868.7206 	EXP 	unnamed ShapeStim: vertices = <class 'numpy.ndarray'>
870.8224 	DATA 	Keypress: 1
870.8390 	EXP 	unnamed ShapeStim: vertices = <class 'numpy.ndarray'>
872.8908 	DATA 	Keypress: 4
872.9073 	EXP 	unnamed ShapeStim: vertices = <class 'numpy.ndarray'>
875.1914 	EXP 	Sound  started
875.1916 	DATA 	Keypress: rctrl
875.8067 	DATA 	Keypress: rctrl
875.9413 	EXP 	Sound  started
876.4626 	DATA 	Keypress: rctrl
876.6914 	EXP 	Sound  started
877.2466 	DATA 	Keypress: rctrl
877.4414 	EXP 	Sound  started
877.9826 	DATA 	Keypress: lctrl
878.1914 	EXP 	Sound  started
878.7026 	DATA 	Keypress: lctrl
878.9414 	EXP 	Sound  started
879.4706 	DATA 	Keypress: lctrl
879.6914 	EXP 	Sound  started
880.2866 	DATA 	Keypress: lctrl
880.4414 	EXP 	Sound  started
881.1026 	DATA 	Keypress: lctrl
881.1914 	EXP 	Sound  started
881.7266 	DATA 	Keypress: rctrl
881.9414 	EXP 	Sound  started
882.4626 	DATA 	Keypress: lctrl
882.6914 	EXP 	Sound  started
883.2467 	DATA 	Keypress: lctrl
883.4415 	EXP 	Sound  started
883.8867 	DATA 	Keypress: rctrl
884.1915 	EXP 	Sound  started
884.7346 	DATA 	Keypress: rctrl
884.9415 	EXP 	Sound  started
885.5506 	DATA 	Keypress: lctrl
885.6915 	EXP 	Sound  started
886.3186 	DATA 	Keypress: lctrl
886.4415 	EXP 	Sound  started
887.0226 	DATA 	Keypress: lctrl
887.1915 	EXP 	Sound  started
887.8226 	DATA 	Keypress: lctrl
887.9415 	EXP 	Sound  started
888.5106 	DATA 	Keypress: lctrl
888.6916 	EXP 	Sound  started
889.2306 	DATA 	Keypress: rctrl
889.4416 	EXP 	Sound  started
890.0306 	DATA 	Keypress: rctrl
890.1916 	EXP 	Sound  started
890.7346 	DATA 	Keypress: rctrl
890.9416 	EXP 	Sound  started
891.5027 	DATA 	Keypress: rctrl
891.6916 	EXP 	Sound  started
892.3026 	DATA 	Keypress: rctrl
892.4416 	EXP 	Sound  started
893.0707 	DATA 	Keypress: rctrl
893.1917 	EXP 	Sound  started
893.8867 	DATA 	Keypress: rctrl
893.9417 	EXP 	Sound  started
894.5906 	DATA 	Keypress: lctrl
894.6917 	EXP 	Sound  started
895.3106 	DATA 	Keypress: lctrl
895.4417 	EXP 	Sound  started
896.0787 	DATA 	Keypress: lctrl
896.1917 	EXP 	Sound  started
896.7347 	DATA 	Keypress: rctrl
896.9417 	EXP 	Sound  started
897.4867 	DATA 	Keypress: rctrl
897.6917 	EXP 	Sound  started
898.2867 	DATA 	Keypress: lctrl
898.4418 	EXP 	Sound  started
899.0866 	DATA 	Keypress: lctrl
899.1918 	EXP 	Sound  started
899.8067 	DATA 	Keypress: lctrl
899.9418 	EXP 	Sound  started
900.5266 	DATA 	Keypress: rctrl
900.6918 	EXP 	Sound  started
901.2786 	DATA 	Keypress: lctrl
901.4418 	EXP 	Sound  started
902.0626 	DATA 	Keypress: rctrl
902.1918 	EXP 	Sound  started
902.7826 	DATA 	Keypress: lctrl
902.9418 	EXP 	Sound  started
903.5346 	DATA 	Keypress: lctrl
903.6919 	EXP 	Sound  started
904.2706 	DATA 	Keypress: rctrl
904.4419 	EXP 	Sound  started
905.1346 	DATA 	Keypress: rctrl
905.1919 	EXP 	Sound  started
905.9419 	EXP 	Sound  started
906.3987 	DATA 	Keypress: rctrl
906.6919 	EXP 	Sound  started
906.9746 	DATA 	Keypress: rctrl
907.4419 	EXP 	Sound  started
907.7907 	DATA 	Keypress: lctrl
908.1919 	EXP 	Sound  started
908.3026 	DATA 	Keypress: rctrl
908.9106 	DATA 	Keypress: lctrl
908.9420 	EXP 	Sound  started
909.6147 	DATA 	Keypress: rctrl
909.6920 	EXP 	Sound  started
910.3347 	DATA 	Keypress: rctrl
910.4420 	EXP 	Sound  started
911.0227 	DATA 	Keypress: lctrl
911.1920 	EXP 	Sound  started
911.8227 	DATA 	Keypress: lctrl
911.9420 	EXP 	Sound  started
912.5747 	DATA 	Keypress: rctrl
912.6920 	EXP 	Sound  started
913.3106 	DATA 	Keypress: rctrl
913.4420 	EXP 	Sound  started
914.0786 	DATA 	Keypress: lctrl
914.1921 	EXP 	Sound  started
914.8786 	DATA 	Keypress: lctrl
914.9421 	EXP 	Sound  started
915.5506 	DATA 	Keypress: rctrl
915.6921 	EXP 	Sound  started
916.3186 	DATA 	Keypress: lctrl
916.4421 	EXP 	Sound  started
917.0706 	DATA 	Keypress: rctrl
917.1921 	EXP 	Sound  started
917.7906 	DATA 	Keypress: rctrl
917.9421 	EXP 	Sound  started
918.5106 	DATA 	Keypress: lctrl
918.6921 	EXP 	Sound  started
919.2626 	DATA 	Keypress: rctrl
920.8963 	DATA 	Keypress: 3
920.9128 	EXP 	unnamed ShapeStim: vertices = <class 'numpy.ndarray'>
922.8021 	DATA 	Keypress: 2
922.8316 	EXP 	unnamed ShapeStim: vertices = <class 'numpy.ndarray'>
924.6499 	DATA 	Keypress: 2
924.6664 	EXP 	unnamed ShapeStim: vertices = <class 'numpy.ndarray'>
926.9514 	EXP 	Sound  started
926.9516 	DATA 	Keypress: rctrl
927.5187 	DATA 	Keypress: rctrl
927.7014 	EXP 	Sound  started
928.2546 	DATA 	Keypress: rctrl
928.4514 	EXP 	Sound  started
929.0226 	DATA 	Keypress: rctrl
929.2015 	EXP 	Sound  started
929.7426 	DATA 	Keypress: rctrl
929.9515 	EXP 	Sound  started
930.5106 	DATA 	Keypress: lctrl
930.7015 	EXP 	Sound  started
931.3266 	DATA 	Keypress: rctrl
931.4515 	EXP 	Sound  started
932.0146 	DATA 	Keypress: lctrl
932.2015 	EXP 	Sound  started
932.8466 	DATA 	Keypress: lctrl
932.9515 	EXP 	Sound  started
933.5666 	DATA 	Keypress: lctrl
933.7015 	EXP 	Sound  started
934.2546 	DATA 	Keypress: lctrl
934.4515 	EXP 	Sound  started
935.0066 	DATA 	Keypress: lctrl
935.2016 	EXP 	Sound  started
935.8866 	DATA 	Keypress: lctrl
935.9516 	EXP 	Sound  started
936.6226 	DATA 	Keypress: lctrl
936.7016 	EXP 	Sound  started
937.3106 	DATA 	Keypress: rctrl
937.4516 	EXP 	Sound  started
938.0307 	DATA 	Keypress: rctrl
938.2016 	EXP 	Sound  started
938.7506 	DATA 	Keypress: lctrl
938.9516 	EXP 	Sound  started
939.5026 	DATA 	Keypress: rctrl
939.7016 	EXP 	Sound  started
940.3026 	DATA 	Keypress: lctrl
940.4516 	EXP 	Sound  started
941.0706 	DATA 	Keypress: lctrl
941.2017 	EXP 	Sound  started
941.8066 	DATA 	Keypress: rctrl
941.9517 	EXP 	Sound  started
942.5426 	DATA 	Keypress: lctrl
942.7017 	EXP 	Sound  started
943.3106 	DATA 	Keypress: rctrl
943.4517 	EXP 	Sound  started
944.1106 	DATA 	Keypress: lctrl
944.2017 	EXP 	Sound  started
944.8626 	DATA 	Keypress: lctrl
944.9517 	EXP 	Sound  started
945.6146 	DATA 	Keypress: lctrl
945.7017 	EXP 	Sound  started
946.4466 	DATA 	Keypress: lctrl
946.4518 	EXP 	Sound  started
947.2018 	EXP 	Sound  started
947.3106 	DATA 	Keypress: rctrl
947.9346 	DATA 	Keypress: rctrl
947.9518 	EXP 	Sound  started
948.6066 	DATA 	Keypress: rctrl
948.7018 	EXP 	Sound  started
949.3266 	DATA 	Keypress: rctrl
949.4518 	EXP 	Sound  started
949.9346 	DATA 	Keypress: lctrl
950.2018 	EXP 	Sound  started
950.7346 	DATA 	Keypress: rctrl
950.9518 	EXP 	Sound  started
951.5026 	DATA 	Keypress: lctrl
951.7019 	EXP 	Sound  started
952.2706 	DATA 	Keypress: rctrl
952.4519 	EXP 	Sound  started
953.2019 	EXP 	Sound  started
953.3907 	DATA 	Keypress: rctrl
953.9519 	EXP 	Sound  started
953.9667 	DATA 	Keypress: rctrl
954.6227 	DATA 	Keypress: rctrl
954.7019 	EXP 	Sound  started
955.3427 	DATA 	Keypress: rctrl
955.4520 	EXP 	Sound  started
956.1266 	DATA 	Keypress: rctrl
956.2020 	EXP 	Sound  started
956.8946 	DATA 	Keypress: rctrl
956.9520 	EXP 	Sound  started
957.5667 	DATA 	Keypress: rctrl
957.7020 	EXP 	Sound  started
958.3347 	DATA 	Keypress: rctrl
958.4520 	EXP 	Sound  started
959.0867 	DATA 	Keypress: rctrl
959.2020 	EXP 	Sound  started
959.7906 	DATA 	Keypress: rctrl
959.9520 	EXP 	Sound  started
960.5746 	DATA 	Keypress: rctrl
960.7020 	EXP 	Sound  started
961.3907 	DATA 	Keypress: rctrl
961.4520 	EXP 	Sound  started
962.1266 	DATA 	Keypress: rctrl
962.2021 	EXP 	Sound  started
962.8626 	DATA 	Keypress: rctrl
962.9521 	EXP 	Sound  started
963.5986 	DATA 	Keypress: rctrl
963.7021 	EXP 	Sound  started
964.3507 	DATA 	Keypress: rctrl
964.4521 	EXP 	Sound  started
965.1026 	DATA 	Keypress: rctrl
965.2021 	EXP 	Sound  started
965.8866 	DATA 	Keypress: rctrl
965.9521 	EXP 	Sound  started
966.5426 	DATA 	Keypress: rctrl
966.7021 	EXP 	Sound  started
967.3266 	DATA 	Keypress: rctrl
967.4522 	EXP 	Sound  started
968.0947 	DATA 	Keypress: rctrl
968.2022 	EXP 	Sound  started
968.9106 	DATA 	Keypress: rctrl
968.9522 	EXP 	Sound  started
969.6467 	DATA 	Keypress: rctrl
969.7022 	EXP 	Sound  started
970.4306 	DATA 	Keypress: rctrl
970.4522 	EXP 	Sound  started
971.2022 	EXP 	Sound  started
971.2466 	DATA 	Keypress: rctrl
971.9026 	DATA 	Keypress: rctrl
971.9522 	EXP 	Sound  started
972.6226 	DATA 	Keypress: lctrl
972.7023 	EXP 	Sound  started
973.3746 	DATA 	Keypress: rctrl
973.4523 	EXP 	Sound  started
974.1586 	DATA 	Keypress: lctrl
974.2023 	EXP 	Sound  started
974.8787 	DATA 	Keypress: rctrl
974.9523 	EXP 	Sound  started
975.6146 	DATA 	Keypress: lctrl
975.7023 	EXP 	Sound  started
976.3826 	DATA 	Keypress: rctrl
976.4523 	EXP 	Sound  started
977.0866 	DATA 	Keypress: lctrl
977.2023 	EXP 	Sound  started
977.8547 	DATA 	Keypress: lctrl
977.9524 	EXP 	Sound  started
978.5426 	DATA 	Keypress: rctrl
978.7024 	EXP 	Sound  started
979.3426 	DATA 	Keypress: rctrl
979.4524 	EXP 	Sound  started
980.1106 	DATA 	Keypress: rctrl
980.2024 	EXP 	Sound  started
980.8786 	DATA 	Keypress: rctrl
980.9524 	EXP 	Sound  started
981.6466 	DATA 	Keypress: rctrl
981.7024 	EXP 	Sound  started
982.4146 	DATA 	Keypress: rctrl
982.4524 	EXP 	Sound  started
983.2025 	EXP 	Sound  started
983.2146 	DATA 	Keypress: rctrl
983.9525 	EXP 	Sound  started
983.9826 	DATA 	Keypress: rctrl
984.6706 	DATA 	Keypress: lctrl
984.7025 	EXP 	Sound  started
985.3587 	DATA 	Keypress: rctrl
985.4525 	EXP 	Sound  started
986.0626 	DATA 	Keypress: lctrl
988.0681 	DATA 	Keypress: 3
988.0846 	EXP 	unnamed ShapeStim: vertices = <class 'numpy.ndarray'>
989.9701 	DATA 	Keypress: 2
989.9867 	EXP 	unnamed ShapeStim: vertices = <class 'numpy.ndarray'>
993.0093 	DATA 	Keypress: 2
993.0387 	EXP 	unnamed ShapeStim: vertices = <class 'numpy.ndarray'>
995.3248 	DATA 	Keypress: rctrl
1111.7587 	DATA 	Keypress: escape
1111.8245 	EXP 	window1: mouseVisible = True
