17.8557 	WARNING 	User requested fullscreen with size [1024  768], but screen is actually [1920, 1200]. Using actual size
18.6781 	EXP 	Created window1 = Window(allowGUI=False, allowStencil=False, autoLog=True, backendConf=UNKNOWN, bitsMode=UNKNOWN, blendMode='avg', bpc=(8, 8, 8), color=array([0, 0, 0]), colorSpace='rgb', depthBits=8, fullscr=<method-wrapper '__getattribute__' of attributeSetter object at 0x0000024076636780>, gamma=None, gammaErrorPolicy='raise', lms=UNKNOWN, monitor=<psychopy.monitors.calibTools.Monitor object at 0x0000024077D45080>, multiSample=False, name='window1', numSamples=2, pos=[0.0, 0.0], screen=0, size=array([1920, 1200]), stencilBits=0, stereo=False, units='norm', useFBO=True, useRetina=False, viewOri=0.0, viewPos=None, viewScale=None, waitBlanking=True, winType='pyglet')
18.6785 	EXP 	window1: mouseVisible = True
18.6785 	EXP 	window1: mouseVisible = False
18.6785 	EXP 	window1: recordFrameIntervals = False
18.8446 	EXP 	window1: recordFrameIntervals = True
19.0282 	EXP 	window1: recordFrameIntervals = False
19.0853 	EXP 	Created text = TextStim(__class__=<class 'psychopy.visual.text.TextStim'>, alignHoriz=method-wrapper(...), alignText='center', alignVert=method-wrapper(...), anchorHoriz='center', anchorVert='center', antialias=True, autoLog=True, bold=False, color=array([1., 1., 1.]), colorSpace='rgb', contrast=1.0, depth=0.0, flipHoriz=False, flipVert=False, font='Arial', fontFiles=[], height=0.15, italic=False, languageStyle='LTR', name='text', opacity=1, ori=0, pos=array([0., 0.]), rgb=UNKNOWN, text='+', units='norm', win=Window(...), wrapWidth=1)
19.1060 	EXP 	Created text = TextStim(__class__=<class 'psychopy.visual.text.TextStim'>, alignHoriz=method-wrapper(...), alignText='center', alignVert=method-wrapper(...), anchorHoriz='center', anchorVert='center', antialias=True, autoLog=True, bold=False, color=array([1., 1., 1.]), colorSpace='rgb', contrast=1.0, depth=0.0, flipHoriz=False, flipVert=False, font='Arial', fontFiles=[], height=0.07, italic=False, languageStyle='LTR', name='text', opacity=1, ori=0, pos=array([0., 0.]), rgb=UNKNOWN, text=str(...), units='norm', win=Window(...), wrapWidth=1.65)
19.1188 	EXP 	Created text = TextStim(__class__=<class 'psychopy.visual.text.TextStim'>, alignHoriz=method-wrapper(...), alignText='center', alignVert=method-wrapper(...), anchorHoriz='center', anchorVert='center', antialias=True, autoLog=True, bold=False, color=array([1., 1., 1.]), colorSpace='rgb', contrast=1.0, depth=0.0, flipHoriz=False, flipVert=False, font='Arial', fontFiles=[], height=0.07, italic=False, languageStyle='LTR', name='text', opacity=1, ori=0, pos=array([0., 0.]), rgb=UNKNOWN, text=str(...), units='norm', win=Window(...), wrapWidth=1.65)
19.1297 	EXP 	Created text = TextStim(__class__=<class 'psychopy.visual.text.TextStim'>, alignHoriz=method-wrapper(...), alignText='center', alignVert=method-wrapper(...), anchorHoriz='center', anchorVert='center', antialias=True, autoLog=True, bold=False, color=array([1., 1., 1.]), colorSpace='rgb', contrast=1.0, depth=0.0, flipHoriz=False, flipVert=False, font='Arial', fontFiles=[], height=0.07, italic=False, languageStyle='LTR', name='text', opacity=1, ori=0, pos=array([0., 0.]), rgb=UNKNOWN, text=str(...), units='norm', win=Window(...), wrapWidth=1.65)
19.1403 	EXP 	Created text = TextStim(__class__=<class 'psychopy.visual.text.TextStim'>, alignHoriz=method-wrapper(...), alignText='center', alignVert=method-wrapper(...), anchorHoriz='center', anchorVert='center', antialias=True, autoLog=True, bold=False, color=array([1., 1., 1.]), colorSpace='rgb', contrast=1.0, depth=0.0, flipHoriz=False, flipVert=False, font='Arial', fontFiles=[], height=0.07, italic=False, languageStyle='LTR', name='text', opacity=1, ori=0, pos=array([0., 0.]), rgb=UNKNOWN, text=str(...), units='norm', win=Window(...), wrapWidth=1.65)
19.1457 	EXP 	Created text = TextStim(__class__=<class 'psychopy.visual.text.TextStim'>, alignHoriz=method-wrapper(...), alignText='center', alignVert=method-wrapper(...), anchorHoriz='center', anchorVert='center', antialias=True, autoLog=True, bold=False, color=array([1., 1., 1.]), colorSpace='rgb', contrast=1.0, depth=0.0, flipHoriz=False, flipVert=False, font='Arial', fontFiles=[], height=0.07, italic=False, languageStyle='LTR', name='text', opacity=1, ori=0, pos=array([0., 0.]), rgb=UNKNOWN, text=str(...), units='norm', win=Window(...), wrapWidth=1.65)
19.1614 	EXP 	Created text = TextStim(__class__=<class 'psychopy.visual.text.TextStim'>, alignHoriz=method-wrapper(...), alignText='center', alignVert=method-wrapper(...), anchorHoriz='center', anchorVert='center', antialias=True, autoLog=True, bold=False, color=array([1., 1., 1.]), colorSpace='rgb', contrast=1.0, depth=0.0, flipHoriz=False, flipVert=False, font='Arial', fontFiles=[], height=0.15, italic=False, languageStyle='LTR', name='text', opacity=1, ori=0, pos=array([0., 0.]), rgb=UNKNOWN, text=str(...), units='norm', win=Window(...), wrapWidth=1.65)
19.1916 	EXP 	Created text = TextStim(__class__=<class 'psychopy.visual.text.TextStim'>, alignHoriz=method-wrapper(...), alignText='center', alignVert=method-wrapper(...), anchorHoriz='center', anchorVert='center', antialias=True, autoLog=True, bold=False, color=array([1., 1., 1.]), colorSpace='rgb', contrast=1.0, depth=0.0, flipHoriz=False, flipVert=False, font='Arial', fontFiles=[], height=0.07, italic=False, languageStyle='LTR', name='text', opacity=1, ori=0, pos=array([0., 0.]), rgb=UNKNOWN, text=str(...), units='norm', win=Window(...), wrapWidth=1.65)
19.2100 	EXP 	Created text = TextStim(__class__=<class 'psychopy.visual.text.TextStim'>, alignHoriz=method-wrapper(...), alignText='center', alignVert=method-wrapper(...), anchorHoriz='center', anchorVert='center', antialias=True, autoLog=True, bold=False, color=array([1., 1., 1.]), colorSpace='rgb', contrast=1.0, depth=0.0, flipHoriz=False, flipVert=False, font='Arial', fontFiles=[], height=0.07, italic=False, languageStyle='LTR', name='text', opacity=1, ori=0, pos=array([0., 0.]), rgb=UNKNOWN, text=str(...), units='norm', win=Window(...), wrapWidth=1.65)
19.2412 	EXP 	Created text = TextStim(__class__=<class 'psychopy.visual.text.TextStim'>, alignHoriz=method-wrapper(...), alignText='center', alignVert=method-wrapper(...), anchorHoriz='center', anchorVert='center', antialias=True, autoLog=True, bold=False, color=array([1., 1., 1.]), colorSpace='rgb', contrast=1.0, depth=0.0, flipHoriz=False, flipVert=False, font='Arial', fontFiles=[], height=0.07, italic=False, languageStyle='LTR', name='text', opacity=1, ori=0, pos=array([0., 0.]), rgb=UNKNOWN, text=str(...), units='norm', win=Window(...), wrapWidth=1.65)
19.2700 	EXP 	Created text = TextStim(__class__=<class 'psychopy.visual.text.TextStim'>, alignHoriz=method-wrapper(...), alignText='center', alignVert=method-wrapper(...), anchorHoriz='center', anchorVert='center', antialias=True, autoLog=True, bold=False, color=array([1., 1., 1.]), colorSpace='rgb', contrast=1.0, depth=0.0, flipHoriz=False, flipVert=False, font='Arial', fontFiles=[], height=0.07, italic=False, languageStyle='LTR', name='text', opacity=1, ori=0, pos=array([0., 0.]), rgb=UNKNOWN, text=str(...), units='norm', win=Window(...), wrapWidth=1.65)
19.3032 	EXP 	Created text = TextStim(__class__=<class 'psychopy.visual.text.TextStim'>, alignHoriz=method-wrapper(...), alignText='center', alignVert=method-wrapper(...), anchorHoriz='center', anchorVert='center', antialias=True, autoLog=True, bold=False, color=array([1., 1., 1.]), colorSpace='rgb', contrast=1.0, depth=0.0, flipHoriz=False, flipVert=False, font='Arial', fontFiles=[], height=0.07, italic=False, languageStyle='LTR', name='text', opacity=1, ori=0, pos=array([0., 0.]), rgb=UNKNOWN, text=str(...), units='norm', win=Window(...), wrapWidth=1.65)
19.3124 	EXP 	Created text = TextStim(__class__=<class 'psychopy.visual.text.TextStim'>, alignHoriz=method-wrapper(...), alignText='center', alignVert=method-wrapper(...), anchorHoriz='center', anchorVert='center', antialias=True, autoLog=True, bold=False, color=array([1., 1., 1.]), colorSpace='rgb', contrast=1.0, depth=0.0, flipHoriz=False, flipVert=False, font='Arial', fontFiles=[], height=0.07, italic=False, languageStyle='LTR', name='text', opacity=1, ori=0, pos=array([0., 0.]), rgb=UNKNOWN, text=str(...), units='norm', win=Window(...), wrapWidth=1.65)
19.3258 	EXP 	Created text = TextStim(__class__=<class 'psychopy.visual.text.TextStim'>, alignHoriz=method-wrapper(...), alignText='center', alignVert=method-wrapper(...), anchorHoriz='center', anchorVert='center', antialias=True, autoLog=True, bold=False, color=array([1., 1., 1.]), colorSpace='rgb', contrast=1.0, depth=0.0, flipHoriz=False, flipVert=False, font='Arial', fontFiles=[], height=0.07, italic=False, languageStyle='LTR', name='text', opacity=1, ori=0, pos=array([0., 0.]), rgb=UNKNOWN, text=str(...), units='norm', win=Window(...), wrapWidth=1.65)
19.3307 	EXP 	Created instru = TextStim(__class__=<class 'psychopy.visual.text.TextStim'>, alignHoriz=method-wrapper(...), alignText='center', alignVert=method-wrapper(...), anchorHoriz='center', anchorVert='center', antialias=True, autoLog=True, bold=False, color=array([1., 1., 1.]), colorSpace='rgb', contrast=1.0, depth=0.0, flipHoriz=False, flipVert=False, font='Arial', fontFiles=[], height=0.07, italic=False, languageStyle='LTR', name='instru', opacity=1, ori=0, pos=array([0. , 0.5]), rgb=UNKNOWN, text=str(...), units='norm', win=Window(...), wrapWidth=1)
19.3333 	EXP 	Created unnamed Line = Line(__class__=<class 'psychopy.visual.line.Line'>, autoDraw=False, autoLog=True, closeShape=False, color=array([1., 1., 1.]), colorSpace='rgb', contrast=None, depth=0, fillColor=array([0, 0, 0]), fillColorSpace='rgb', fillRGB=array([0, 0, 0]), interpolate=True, lineColor=array([1., 1., 1.]), lineColorSpace='rgb', lineRGB=array([1, 1, 1]), lineWidth=5, name='unnamed Line', opacity=0.5, ori=0.0, pos=array([0., 0.]), size=array([1., 1.]), units='norm', vertices=array([[-0.5,  0. ],
       [ 0.5,  0. ]]), win=Window(...), windingRule=None)
19.3354 	EXP 	Created unnamed Line = Line(__class__=<class 'psychopy.visual.line.Line'>, autoDraw=False, autoLog=True, closeShape=False, color=array([1., 1., 1.]), colorSpace='rgb', contrast=None, depth=0, fillColor=array([0, 0, 0]), fillColorSpace='rgb', fillRGB=array([0, 0, 0]), interpolate=True, lineColor=array([1., 1., 1.]), lineColorSpace='rgb', lineRGB=array([1, 1, 1]), lineWidth=3, name='unnamed Line', opacity=0.5, ori=0.0, pos=array([0., 0.]), size=array([1., 1.]), units='norm', vertices=array([[-0.5 , -0.05],
       [-0.5 ,  0.05]]), win=Window(...), windingRule=None)
19.3375 	EXP 	Created unnamed Line = Line(__class__=<class 'psychopy.visual.line.Line'>, autoDraw=False, autoLog=True, closeShape=False, color=array([1., 1., 1.]), colorSpace='rgb', contrast=None, depth=0, fillColor=array([0, 0, 0]), fillColorSpace='rgb', fillRGB=array([0, 0, 0]), interpolate=True, lineColor=array([1., 1., 1.]), lineColorSpace='rgb', lineRGB=array([1, 1, 1]), lineWidth=3, name='unnamed Line', opacity=0.5, ori=0.0, pos=array([0., 0.]), size=array([1., 1.]), units='norm', vertices=ndarray(...), win=Window(...), windingRule=None)
19.3395 	EXP 	Created unnamed Line = Line(__class__=<class 'psychopy.visual.line.Line'>, autoDraw=False, autoLog=True, closeShape=False, color=array([1., 1., 1.]), colorSpace='rgb', contrast=None, depth=0, fillColor=array([0, 0, 0]), fillColorSpace='rgb', fillRGB=array([0, 0, 0]), interpolate=True, lineColor=array([1., 1., 1.]), lineColorSpace='rgb', lineRGB=array([1, 1, 1]), lineWidth=3, name='unnamed Line', opacity=0.5, ori=0.0, pos=array([0., 0.]), size=array([1., 1.]), units='norm', vertices=ndarray(...), win=Window(...), windingRule=None)
19.3415 	EXP 	Created unnamed Line = Line(__class__=<class 'psychopy.visual.line.Line'>, autoDraw=False, autoLog=True, closeShape=False, color=array([1., 1., 1.]), colorSpace='rgb', contrast=None, depth=0, fillColor=array([0, 0, 0]), fillColorSpace='rgb', fillRGB=array([0, 0, 0]), interpolate=True, lineColor=array([1., 1., 1.]), lineColorSpace='rgb', lineRGB=array([1, 1, 1]), lineWidth=3, name='unnamed Line', opacity=0.5, ori=0.0, pos=array([0., 0.]), size=array([1., 1.]), units='norm', vertices=array([[ 0.5 , -0.05],
       [ 0.5 ,  0.05]]), win=Window(...), windingRule=None)
19.3537 	EXP 	Created unnamed TextStim = TextStim(__class__=<class 'psychopy.visual.text.TextStim'>, alignHoriz=method-wrapper(...), alignText='center', alignVert=method-wrapper(...), anchorHoriz='center', anchorVert='center', antialias=True, autoLog=True, bold=False, color=array([1., 1., 1.]), colorSpace='rgb', contrast=1.0, depth=0, flipHoriz=False, flipVert=False, font='', fontFiles=[], height=0.05, italic=False, languageStyle='LTR', name='unnamed TextStim', opacity=1.0, ori=0.0, pos=array([-0.5, -0.1]), rgb=UNKNOWN, text='Clearly \n NOT FOCUSED', units='norm', win=Window(...), wrapWidth=1)
19.3548 	EXP 	Created unnamed TextStim = TextStim(__class__=<class 'psychopy.visual.text.TextStim'>, alignHoriz=method-wrapper(...), alignText='center', alignVert=method-wrapper(...), anchorHoriz='center', anchorVert='center', antialias=True, autoLog=True, bold=False, color=array([1., 1., 1.]), colorSpace='rgb', contrast=1.0, depth=0, flipHoriz=False, flipVert=False, font='', fontFiles=[], height=0.05, italic=False, languageStyle='LTR', name='unnamed TextStim', opacity=1.0, ori=0.0, pos=array([-0.16666667, -0.1       ]), rgb=UNKNOWN, text='', units='norm', win=Window(...), wrapWidth=1)
19.3559 	EXP 	Created unnamed TextStim = TextStim(__class__=<class 'psychopy.visual.text.TextStim'>, alignHoriz=method-wrapper(...), alignText='center', alignVert=method-wrapper(...), anchorHoriz='center', anchorVert='center', antialias=True, autoLog=True, bold=False, color=array([1., 1., 1.]), colorSpace='rgb', contrast=1.0, depth=0, flipHoriz=False, flipVert=False, font='', fontFiles=[], height=0.05, italic=False, languageStyle='LTR', name='unnamed TextStim', opacity=1.0, ori=0.0, pos=array([ 0.16666667, -0.1       ]), rgb=UNKNOWN, text='', units='norm', win=Window(...), wrapWidth=1)
19.3594 	EXP 	Created unnamed TextStim = TextStim(__class__=<class 'psychopy.visual.text.TextStim'>, alignHoriz=method-wrapper(...), alignText='center', alignVert=method-wrapper(...), anchorHoriz='center', anchorVert='center', antialias=True, autoLog=True, bold=False, color=array([1., 1., 1.]), colorSpace='rgb', contrast=1.0, depth=0, flipHoriz=False, flipVert=False, font='', fontFiles=[], height=0.05, italic=False, languageStyle='LTR', name='unnamed TextStim', opacity=1.0, ori=0.0, pos=array([ 0.5, -0.1]), rgb=UNKNOWN, text='Clearly \n FOCUSED', units='norm', win=Window(...), wrapWidth=1)
19.3613 	EXP 	Created unnamed ShapeStim = ShapeStim(__class__=<class 'psychopy.visual.shape.ShapeStim'>, autoDraw=False, autoLog=True, closeShape=True, color=method-wrapper(...), colorSpace='rgb', contrast=None, depth=0, fillColor=array([1, 1, 1]), fillColorSpace='rgb', fillRGB=array([1, 1, 1]), interpolate=True, lineColor=array([-1., -1., -1.]), lineColorSpace='rgb', lineRGB=array([-1, -1, -1]), lineWidth=1.5, name='unnamed ShapeStim', opacity=1.0, ori=0.0, pos=array([0., 0.]), size=array([1., 1.]), units='norm', vertices=ndarray(...), win=Window(...), windingRule=None)
19.3712 	EXP 	Created instru = TextStim(__class__=<class 'psychopy.visual.text.TextStim'>, alignHoriz=method-wrapper(...), alignText='center', alignVert=method-wrapper(...), anchorHoriz='center', anchorVert='center', antialias=True, autoLog=True, bold=False, color=array([1., 1., 1.]), colorSpace='rgb', contrast=1.0, depth=0.0, flipHoriz=False, flipVert=False, font='Arial', fontFiles=[], height=0.07, italic=False, languageStyle='LTR', name='instru', opacity=1, ori=0, pos=array([0. , 0.5]), rgb=UNKNOWN, text=str(...), units='norm', win=Window(...), wrapWidth=1)
19.3733 	EXP 	Created unnamed Line = Line(__class__=<class 'psychopy.visual.line.Line'>, autoDraw=False, autoLog=True, closeShape=False, color=array([1., 1., 1.]), colorSpace='rgb', contrast=None, depth=0, fillColor=array([0, 0, 0]), fillColorSpace='rgb', fillRGB=array([0, 0, 0]), interpolate=True, lineColor=array([1., 1., 1.]), lineColorSpace='rgb', lineRGB=array([1, 1, 1]), lineWidth=5, name='unnamed Line', opacity=0.5, ori=0.0, pos=array([0., 0.]), size=array([1., 1.]), units='norm', vertices=array([[-0.5,  0. ],
       [ 0.5,  0. ]]), win=Window(...), windingRule=None)
19.3754 	EXP 	Created unnamed Line = Line(__class__=<class 'psychopy.visual.line.Line'>, autoDraw=False, autoLog=True, closeShape=False, color=array([1., 1., 1.]), colorSpace='rgb', contrast=None, depth=0, fillColor=array([0, 0, 0]), fillColorSpace='rgb', fillRGB=array([0, 0, 0]), interpolate=True, lineColor=array([1., 1., 1.]), lineColorSpace='rgb', lineRGB=array([1, 1, 1]), lineWidth=3, name='unnamed Line', opacity=0.5, ori=0.0, pos=array([0., 0.]), size=array([1., 1.]), units='norm', vertices=array([[-0.5 , -0.05],
       [-0.5 ,  0.05]]), win=Window(...), windingRule=None)
19.3774 	EXP 	Created unnamed Line = Line(__class__=<class 'psychopy.visual.line.Line'>, autoDraw=False, autoLog=True, closeShape=False, color=array([1., 1., 1.]), colorSpace='rgb', contrast=None, depth=0, fillColor=array([0, 0, 0]), fillColorSpace='rgb', fillRGB=array([0, 0, 0]), interpolate=True, lineColor=array([1., 1., 1.]), lineColorSpace='rgb', lineRGB=array([1, 1, 1]), lineWidth=3, name='unnamed Line', opacity=0.5, ori=0.0, pos=array([0., 0.]), size=array([1., 1.]), units='norm', vertices=ndarray(...), win=Window(...), windingRule=None)
19.3795 	EXP 	Created unnamed Line = Line(__class__=<class 'psychopy.visual.line.Line'>, autoDraw=False, autoLog=True, closeShape=False, color=array([1., 1., 1.]), colorSpace='rgb', contrast=None, depth=0, fillColor=array([0, 0, 0]), fillColorSpace='rgb', fillRGB=array([0, 0, 0]), interpolate=True, lineColor=array([1., 1., 1.]), lineColorSpace='rgb', lineRGB=array([1, 1, 1]), lineWidth=3, name='unnamed Line', opacity=0.5, ori=0.0, pos=array([0., 0.]), size=array([1., 1.]), units='norm', vertices=ndarray(...), win=Window(...), windingRule=None)
19.3815 	EXP 	Created unnamed Line = Line(__class__=<class 'psychopy.visual.line.Line'>, autoDraw=False, autoLog=True, closeShape=False, color=array([1., 1., 1.]), colorSpace='rgb', contrast=None, depth=0, fillColor=array([0, 0, 0]), fillColorSpace='rgb', fillRGB=array([0, 0, 0]), interpolate=True, lineColor=array([1., 1., 1.]), lineColorSpace='rgb', lineRGB=array([1, 1, 1]), lineWidth=3, name='unnamed Line', opacity=0.5, ori=0.0, pos=array([0., 0.]), size=array([1., 1.]), units='norm', vertices=array([[ 0.5 , -0.05],
       [ 0.5 ,  0.05]]), win=Window(...), windingRule=None)
19.3870 	EXP 	Created unnamed TextStim = TextStim(__class__=<class 'psychopy.visual.text.TextStim'>, alignHoriz=method-wrapper(...), alignText='center', alignVert=method-wrapper(...), anchorHoriz='center', anchorVert='center', antialias=True, autoLog=True, bold=False, color=array([1., 1., 1.]), colorSpace='rgb', contrast=1.0, depth=0, flipHoriz=False, flipVert=False, font='', fontFiles=[], height=0.05, italic=False, languageStyle='LTR', name='unnamed TextStim', opacity=1.0, ori=0.0, pos=array([-0.5, -0.1]), rgb=UNKNOWN, text='Clearly \n NOTHING', units='norm', win=Window(...), wrapWidth=1)
19.3881 	EXP 	Created unnamed TextStim = TextStim(__class__=<class 'psychopy.visual.text.TextStim'>, alignHoriz=method-wrapper(...), alignText='center', alignVert=method-wrapper(...), anchorHoriz='center', anchorVert='center', antialias=True, autoLog=True, bold=False, color=array([1., 1., 1.]), colorSpace='rgb', contrast=1.0, depth=0, flipHoriz=False, flipVert=False, font='', fontFiles=[], height=0.05, italic=False, languageStyle='LTR', name='unnamed TextStim', opacity=1.0, ori=0.0, pos=array([-0.16666667, -0.1       ]), rgb=UNKNOWN, text='', units='norm', win=Window(...), wrapWidth=1)
19.3892 	EXP 	Created unnamed TextStim = TextStim(__class__=<class 'psychopy.visual.text.TextStim'>, alignHoriz=method-wrapper(...), alignText='center', alignVert=method-wrapper(...), anchorHoriz='center', anchorVert='center', antialias=True, autoLog=True, bold=False, color=array([1., 1., 1.]), colorSpace='rgb', contrast=1.0, depth=0, flipHoriz=False, flipVert=False, font='', fontFiles=[], height=0.05, italic=False, languageStyle='LTR', name='unnamed TextStim', opacity=1.0, ori=0.0, pos=array([ 0.16666667, -0.1       ]), rgb=UNKNOWN, text='', units='norm', win=Window(...), wrapWidth=1)
19.3938 	EXP 	Created unnamed TextStim = TextStim(__class__=<class 'psychopy.visual.text.TextStim'>, alignHoriz=method-wrapper(...), alignText='center', alignVert=method-wrapper(...), anchorHoriz='center', anchorVert='center', antialias=True, autoLog=True, bold=False, color=array([1., 1., 1.]), colorSpace='rgb', contrast=1.0, depth=0, flipHoriz=False, flipVert=False, font='', fontFiles=[], height=0.05, italic=False, languageStyle='LTR', name='unnamed TextStim', opacity=1.0, ori=0.0, pos=array([ 0.5, -0.1]), rgb=UNKNOWN, text='Clearly \n SOMETHING', units='norm', win=Window(...), wrapWidth=1)
19.3957 	EXP 	Created unnamed ShapeStim = ShapeStim(__class__=<class 'psychopy.visual.shape.ShapeStim'>, autoDraw=False, autoLog=True, closeShape=True, color=method-wrapper(...), colorSpace='rgb', contrast=None, depth=0, fillColor=array([1, 1, 1]), fillColorSpace='rgb', fillRGB=array([1, 1, 1]), interpolate=True, lineColor=array([-1., -1., -1.]), lineColorSpace='rgb', lineRGB=array([-1, -1, -1]), lineWidth=1.5, name='unnamed ShapeStim', opacity=1.0, ori=0.0, pos=array([0., 0.]), size=array([1., 1.]), units='norm', vertices=ndarray(...), win=Window(...), windingRule=None)
19.4028 	EXP 	Created instru = TextStim(__class__=<class 'psychopy.visual.text.TextStim'>, alignHoriz=method-wrapper(...), alignText='center', alignVert=method-wrapper(...), anchorHoriz='center', anchorVert='center', antialias=True, autoLog=True, bold=False, color=array([1., 1., 1.]), colorSpace='rgb', contrast=1.0, depth=0.0, flipHoriz=False, flipVert=False, font='Arial', fontFiles=[], height=0.07, italic=False, languageStyle='LTR', name='instru', opacity=1, ori=0, pos=array([0. , 0.5]), rgb=UNKNOWN, text=str(...), units='norm', win=Window(...), wrapWidth=1)
19.4048 	EXP 	Created unnamed Line = Line(__class__=<class 'psychopy.visual.line.Line'>, autoDraw=False, autoLog=True, closeShape=False, color=array([1., 1., 1.]), colorSpace='rgb', contrast=None, depth=0, fillColor=array([0, 0, 0]), fillColorSpace='rgb', fillRGB=array([0, 0, 0]), interpolate=True, lineColor=array([1., 1., 1.]), lineColorSpace='rgb', lineRGB=array([1, 1, 1]), lineWidth=5, name='unnamed Line', opacity=0.5, ori=0.0, pos=array([0., 0.]), size=array([1., 1.]), units='norm', vertices=array([[-0.5,  0. ],
       [ 0.5,  0. ]]), win=Window(...), windingRule=None)
19.4068 	EXP 	Created unnamed Line = Line(__class__=<class 'psychopy.visual.line.Line'>, autoDraw=False, autoLog=True, closeShape=False, color=array([1., 1., 1.]), colorSpace='rgb', contrast=None, depth=0, fillColor=array([0, 0, 0]), fillColorSpace='rgb', fillRGB=array([0, 0, 0]), interpolate=True, lineColor=array([1., 1., 1.]), lineColorSpace='rgb', lineRGB=array([1, 1, 1]), lineWidth=3, name='unnamed Line', opacity=0.5, ori=0.0, pos=array([0., 0.]), size=array([1., 1.]), units='norm', vertices=array([[-0.5 , -0.05],
       [-0.5 ,  0.05]]), win=Window(...), windingRule=None)
19.4089 	EXP 	Created unnamed Line = Line(__class__=<class 'psychopy.visual.line.Line'>, autoDraw=False, autoLog=True, closeShape=False, color=array([1., 1., 1.]), colorSpace='rgb', contrast=None, depth=0, fillColor=array([0, 0, 0]), fillColorSpace='rgb', fillRGB=array([0, 0, 0]), interpolate=True, lineColor=array([1., 1., 1.]), lineColorSpace='rgb', lineRGB=array([1, 1, 1]), lineWidth=3, name='unnamed Line', opacity=0.5, ori=0.0, pos=array([0., 0.]), size=array([1., 1.]), units='norm', vertices=ndarray(...), win=Window(...), windingRule=None)
19.4110 	EXP 	Created unnamed Line = Line(__class__=<class 'psychopy.visual.line.Line'>, autoDraw=False, autoLog=True, closeShape=False, color=array([1., 1., 1.]), colorSpace='rgb', contrast=None, depth=0, fillColor=array([0, 0, 0]), fillColorSpace='rgb', fillRGB=array([0, 0, 0]), interpolate=True, lineColor=array([1., 1., 1.]), lineColorSpace='rgb', lineRGB=array([1, 1, 1]), lineWidth=3, name='unnamed Line', opacity=0.5, ori=0.0, pos=array([0., 0.]), size=array([1., 1.]), units='norm', vertices=ndarray(...), win=Window(...), windingRule=None)
19.4131 	EXP 	Created unnamed Line = Line(__class__=<class 'psychopy.visual.line.Line'>, autoDraw=False, autoLog=True, closeShape=False, color=array([1., 1., 1.]), colorSpace='rgb', contrast=None, depth=0, fillColor=array([0, 0, 0]), fillColorSpace='rgb', fillRGB=array([0, 0, 0]), interpolate=True, lineColor=array([1., 1., 1.]), lineColorSpace='rgb', lineRGB=array([1, 1, 1]), lineWidth=3, name='unnamed Line', opacity=0.5, ori=0.0, pos=array([0., 0.]), size=array([1., 1.]), units='norm', vertices=array([[ 0.5 , -0.05],
       [ 0.5 ,  0.05]]), win=Window(...), windingRule=None)
19.4185 	EXP 	Created unnamed TextStim = TextStim(__class__=<class 'psychopy.visual.text.TextStim'>, alignHoriz=method-wrapper(...), alignText='center', alignVert=method-wrapper(...), anchorHoriz='center', anchorVert='center', antialias=True, autoLog=True, bold=False, color=array([1., 1., 1.]), colorSpace='rgb', contrast=1.0, depth=0, flipHoriz=False, flipVert=False, font='', fontFiles=[], height=0.05, italic=False, languageStyle='LTR', name='unnamed TextStim', opacity=1.0, ori=0.0, pos=array([-0.5, -0.1]), rgb=UNKNOWN, text='Clearly \n SPONTANEOUS', units='norm', win=Window(...), wrapWidth=1)
19.4196 	EXP 	Created unnamed TextStim = TextStim(__class__=<class 'psychopy.visual.text.TextStim'>, alignHoriz=method-wrapper(...), alignText='center', alignVert=method-wrapper(...), anchorHoriz='center', anchorVert='center', antialias=True, autoLog=True, bold=False, color=array([1., 1., 1.]), colorSpace='rgb', contrast=1.0, depth=0, flipHoriz=False, flipVert=False, font='', fontFiles=[], height=0.05, italic=False, languageStyle='LTR', name='unnamed TextStim', opacity=1.0, ori=0.0, pos=array([-0.16666667, -0.1       ]), rgb=UNKNOWN, text='', units='norm', win=Window(...), wrapWidth=1)
19.4209 	EXP 	Created unnamed TextStim = TextStim(__class__=<class 'psychopy.visual.text.TextStim'>, alignHoriz=method-wrapper(...), alignText='center', alignVert=method-wrapper(...), anchorHoriz='center', anchorVert='center', antialias=True, autoLog=True, bold=False, color=array([1., 1., 1.]), colorSpace='rgb', contrast=1.0, depth=0, flipHoriz=False, flipVert=False, font='', fontFiles=[], height=0.05, italic=False, languageStyle='LTR', name='unnamed TextStim', opacity=1.0, ori=0.0, pos=array([ 0.16666667, -0.1       ]), rgb=UNKNOWN, text='', units='norm', win=Window(...), wrapWidth=1)
19.4265 	EXP 	Created unnamed TextStim = TextStim(__class__=<class 'psychopy.visual.text.TextStim'>, alignHoriz=method-wrapper(...), alignText='center', alignVert=method-wrapper(...), anchorHoriz='center', anchorVert='center', antialias=True, autoLog=True, bold=False, color=array([1., 1., 1.]), colorSpace='rgb', contrast=1.0, depth=0, flipHoriz=False, flipVert=False, font='', fontFiles=[], height=0.05, italic=False, languageStyle='LTR', name='unnamed TextStim', opacity=1.0, ori=0.0, pos=array([ 0.5, -0.1]), rgb=UNKNOWN, text='Clearly \n DELIBERATE', units='norm', win=Window(...), wrapWidth=1)
19.4283 	EXP 	Created unnamed ShapeStim = ShapeStim(__class__=<class 'psychopy.visual.shape.ShapeStim'>, autoDraw=False, autoLog=True, closeShape=True, color=method-wrapper(...), colorSpace='rgb', contrast=None, depth=0, fillColor=array([1, 1, 1]), fillColorSpace='rgb', fillRGB=array([1, 1, 1]), interpolate=True, lineColor=array([-1., -1., -1.]), lineColorSpace='rgb', lineRGB=array([-1, -1, -1]), lineWidth=1.5, name='unnamed ShapeStim', opacity=1.0, ori=0.0, pos=array([0., 0.]), size=array([1., 1.]), units='norm', vertices=ndarray(...), win=Window(...), windingRule=None)
19.4759 	EXP 	Sound  set volume 1.000
19.5120 	EXP 	unnamed ShapeStim: vertices = <class 'numpy.ndarray'>
19.5120 	EXP 	unnamed ShapeStim: vertices = <class 'numpy.ndarray'>
19.5120 	EXP 	unnamed ShapeStim: vertices = <class 'numpy.ndarray'>
22.9375 	DATA 	Keypress: rctrl
23.7536 	DATA 	Keypress: rctrl
24.6495 	DATA 	Keypress: rctrl
24.6660 	EXP 	unnamed TextStim: text = ''
24.6660 	EXP 	unnamed TextStim: text = ''
25.7004 	DATA 	Keypress: rctrl
26.6508 	DATA 	Keypress: 3
26.6672 	EXP 	unnamed ShapeStim: vertices = <class 'numpy.ndarray'>
28.1858 	DATA 	Keypress: rctrl
28.8895 	DATA 	Keypress: 3
28.9029 	EXP 	unnamed TextStim: text = ''
28.9029 	EXP 	unnamed TextStim: text = ''
29.3405 	DATA 	Keypress: 3
29.3699 	EXP 	unnamed ShapeStim: vertices = <class 'numpy.ndarray'>
31.1456 	DATA 	Keypress: 3
31.1713 	EXP 	unnamed TextStim: text = ''
31.1713 	EXP 	unnamed TextStim: text = ''
31.4885 	DATA 	Keypress: 3
31.5050 	EXP 	unnamed ShapeStim: vertices = <class 'numpy.ndarray'>
33.0251 	DATA 	Keypress: 3
34.1215 	DATA 	Keypress: 3
34.8896 	DATA 	Keypress: rctrl
36.0256 	DATA 	Keypress: rctrl
36.5423 	EXP 	Sound  started
37.1296 	DATA 	Keypress: lctrl
37.2921 	EXP 	Sound  started
37.9296 	DATA 	Keypress: rctrl
38.0422 	EXP 	Sound  started
38.6976 	DATA 	Keypress: rctrl
38.7922 	EXP 	Sound  started
39.4176 	DATA 	Keypress: lctrl
39.5422 	EXP 	Sound  started
40.1696 	DATA 	Keypress: rctrl
40.2922 	EXP 	Sound  started
40.9375 	DATA 	Keypress: rctrl
41.0422 	EXP 	Sound  started
41.6256 	DATA 	Keypress: rctrl
41.7923 	EXP 	Sound  started
42.4416 	DATA 	Keypress: rctrl
42.5422 	EXP 	Sound  started
43.1295 	DATA 	Keypress: lctrl
43.2923 	EXP 	Sound  started
43.8975 	DATA 	Keypress: rctrl
44.0423 	EXP 	Sound  started
44.6656 	DATA 	Keypress: lctrl
44.7923 	EXP 	Sound  started
45.3375 	DATA 	Keypress: lctrl
45.5423 	EXP 	Sound  started
46.0895 	DATA 	Keypress: lctrl
46.2923 	EXP 	Sound  started
46.9696 	DATA 	Keypress: lctrl
47.0423 	EXP 	Sound  started
47.6255 	DATA 	Keypress: rctrl
47.7924 	EXP 	Sound  started
48.2975 	DATA 	Keypress: lctrl
48.5424 	EXP 	Sound  started
49.1135 	DATA 	Keypress: rctrl
49.2924 	EXP 	Sound  started
49.8976 	DATA 	Keypress: rctrl
50.0424 	EXP 	Sound  started
50.6495 	DATA 	Keypress: rctrl
50.7924 	EXP 	Sound  started
51.3375 	DATA 	Keypress: rctrl
51.5424 	EXP 	Sound  started
52.0096 	DATA 	Keypress: lctrl
52.2925 	EXP 	Sound  started
52.8416 	DATA 	Keypress: rctrl
53.0425 	EXP 	Sound  started
53.6896 	DATA 	Keypress: lctrl
53.7925 	EXP 	Sound  started
54.5056 	DATA 	Keypress: lctrl
54.5425 	EXP 	Sound  started
55.2925 	EXP 	Sound  started
55.3216 	DATA 	Keypress: lctrl
55.9616 	DATA 	Keypress: lctrl
56.0425 	EXP 	Sound  started
56.7615 	DATA 	Keypress: rctrl
56.7925 	EXP 	Sound  started
57.4335 	DATA 	Keypress: lctrl
57.5426 	EXP 	Sound  started
58.1215 	DATA 	Keypress: rctrl
58.2926 	EXP 	Sound  started
58.8256 	DATA 	Keypress: rctrl
59.0426 	EXP 	Sound  started
59.6415 	DATA 	Keypress: rctrl
59.7926 	EXP 	Sound  started
60.4735 	DATA 	Keypress: lctrl
60.5426 	EXP 	Sound  started
61.2926 	EXP 	Sound  started
61.8975 	DATA 	Keypress: lctrl
62.0427 	EXP 	Sound  started
62.5856 	DATA 	Keypress: rctrl
62.7927 	EXP 	Sound  started
63.2895 	DATA 	Keypress: rctrl
63.5427 	EXP 	Sound  started
64.1055 	DATA 	Keypress: rctrl
64.2927 	EXP 	Sound  started
65.0427 	EXP 	Sound  started
65.5935 	DATA 	Keypress: rctrl
65.7927 	EXP 	Sound  started
66.2975 	DATA 	Keypress: lctrl
66.5428 	EXP 	Sound  started
67.0495 	DATA 	Keypress: rctrl
67.2928 	EXP 	Sound  started
67.7377 	DATA 	Keypress: lctrl
68.0428 	EXP 	Sound  started
68.4895 	DATA 	Keypress: lctrl
68.7928 	EXP 	Sound  started
69.3215 	DATA 	Keypress: lctrl
69.5428 	EXP 	Sound  started
70.1376 	DATA 	Keypress: lctrl
70.2928 	EXP 	Sound  started
70.9856 	DATA 	Keypress: lctrl
71.0428 	EXP 	Sound  started
71.6735 	DATA 	Keypress: lctrl
71.7929 	EXP 	Sound  started
72.5429 	EXP 	Sound  started
73.1135 	DATA 	Keypress: lctrl
73.2929 	EXP 	Sound  started
74.0429 	EXP 	Sound  started
74.7929 	EXP 	Sound  started
75.5429 	EXP 	Sound  started
76.2175 	DATA 	Keypress: rctrl
76.2930 	EXP 	Sound  started
76.8736 	DATA 	Keypress: lctrl
77.0430 	EXP 	Sound  started
77.5615 	DATA 	Keypress: rctrl
77.7930 	EXP 	Sound  started
78.3615 	DATA 	Keypress: lctrl
78.5430 	EXP 	Sound  started
79.1295 	DATA 	Keypress: lctrl
79.2930 	EXP 	Sound  started
79.8975 	DATA 	Keypress: lctrl
80.0430 	EXP 	Sound  started
80.6336 	DATA 	Keypress: lctrl
80.7931 	EXP 	Sound  started
81.2735 	DATA 	Keypress: rctrl
82.6502 	DATA 	Keypress: 4
82.6797 	EXP 	unnamed ShapeStim: vertices = <class 'numpy.ndarray'>
84.5485 	DATA 	Keypress: 4
84.5650 	EXP 	unnamed ShapeStim: vertices = <class 'numpy.ndarray'>
87.1173 	DATA 	Keypress: 4
87.1338 	EXP 	unnamed ShapeStim: vertices = <class 'numpy.ndarray'>
89.4186 	EXP 	Sound  started
89.4194 	DATA 	Keypress: rctrl
89.9935 	DATA 	Keypress: lctrl
90.1684 	EXP 	Sound  started
90.6656 	DATA 	Keypress: rctrl
90.9185 	EXP 	Sound  started
91.4496 	DATA 	Keypress: rctrl
91.6685 	EXP 	Sound  started
92.1855 	DATA 	Keypress: rctrl
92.4185 	EXP 	Sound  started
92.9855 	DATA 	Keypress: lctrl
93.1685 	EXP 	Sound  started
93.7215 	DATA 	Keypress: rctrl
93.9185 	EXP 	Sound  started
94.3615 	DATA 	Keypress: lctrl
94.6685 	EXP 	Sound  started
95.1136 	DATA 	Keypress: lctrl
95.4186 	EXP 	Sound  started
95.8655 	DATA 	Keypress: lctrl
96.1686 	EXP 	Sound  started
96.7296 	DATA 	Keypress: lctrl
96.9186 	EXP 	Sound  started
97.4655 	DATA 	Keypress: lctrl
97.6686 	EXP 	Sound  started
98.2815 	DATA 	Keypress: rctrl
98.4186 	EXP 	Sound  started
98.8575 	DATA 	Keypress: lctrl
99.1686 	EXP 	Sound  started
99.6735 	DATA 	Keypress: lctrl
99.9186 	EXP 	Sound  started
100.4095 	DATA 	Keypress: lctrl
100.6687 	EXP 	Sound  started
101.3375 	DATA 	Keypress: lctrl
101.4187 	EXP 	Sound  started
102.0416 	DATA 	Keypress: lctrl
102.1687 	EXP 	Sound  started
102.7135 	DATA 	Keypress: lctrl
102.9187 	EXP 	Sound  started
103.4336 	DATA 	Keypress: lctrl
103.6687 	EXP 	Sound  started
104.4187 	EXP 	Sound  started
104.8096 	DATA 	Keypress: lctrl
105.1688 	EXP 	Sound  started
105.8495 	DATA 	Keypress: rctrl
105.9188 	EXP 	Sound  started
106.6688 	EXP 	Sound  started
107.1775 	DATA 	Keypress: rctrl
107.4188 	EXP 	Sound  started
107.5775 	DATA 	Keypress: lctrl
108.1688 	EXP 	Sound  started
108.1855 	DATA 	Keypress: rctrl
108.9188 	EXP 	Sound  started
108.9695 	DATA 	Keypress: rctrl
109.6095 	DATA 	Keypress: rctrl
109.6688 	EXP 	Sound  started
110.3615 	DATA 	Keypress: rctrl
110.4189 	EXP 	Sound  started
111.0016 	DATA 	Keypress: lctrl
111.1689 	EXP 	Sound  started
111.6095 	DATA 	Keypress: rctrl
111.9189 	EXP 	Sound  started
112.5215 	DATA 	Keypress: lctrl
112.6689 	EXP 	Sound  started
113.1295 	DATA 	Keypress: rctrl
113.4189 	EXP 	Sound  started
113.9455 	DATA 	Keypress: rctrl
114.1689 	EXP 	Sound  started
114.6655 	DATA 	Keypress: rctrl
114.9190 	EXP 	Sound  started
115.4655 	DATA 	Keypress: rctrl
115.6690 	EXP 	Sound  started
116.2175 	DATA 	Keypress: lctrl
116.4190 	EXP 	Sound  started
116.8895 	DATA 	Keypress: lctrl
117.1690 	EXP 	Sound  started
117.6095 	DATA 	Keypress: rctrl
117.9190 	EXP 	Sound  started
118.3616 	DATA 	Keypress: rctrl
118.6690 	EXP 	Sound  started
119.1455 	DATA 	Keypress: lctrl
119.4190 	EXP 	Sound  started
119.7855 	DATA 	Keypress: rctrl
120.1691 	EXP 	Sound  started
120.5375 	DATA 	Keypress: lctrl
120.9191 	EXP 	Sound  started
121.2575 	DATA 	Keypress: rctrl
121.6691 	EXP 	Sound  started
122.0255 	DATA 	Keypress: rctrl
122.4191 	EXP 	Sound  started
122.7615 	DATA 	Keypress: rctrl
123.1691 	EXP 	Sound  started
123.5135 	DATA 	Keypress: rctrl
123.9191 	EXP 	Sound  started
124.2335 	DATA 	Keypress: lctrl
124.6692 	EXP 	Sound  started
124.9855 	DATA 	Keypress: rctrl
125.4192 	EXP 	Sound  started
125.7535 	DATA 	Keypress: lctrl
126.1692 	EXP 	Sound  started
126.4735 	DATA 	Keypress: lctrl
126.9192 	EXP 	Sound  started
127.2255 	DATA 	Keypress: lctrl
127.6692 	EXP 	Sound  started
127.9935 	DATA 	Keypress: lctrl
128.4192 	EXP 	Sound  started
128.7135 	DATA 	Keypress: lctrl
129.1693 	EXP 	Sound  started
129.4655 	DATA 	Keypress: lctrl
129.9193 	EXP 	Sound  started
130.0895 	DATA 	Keypress: rctrl
130.5375 	DATA 	Keypress: lctrl
130.6693 	EXP 	Sound  started
131.2255 	DATA 	Keypress: rctrl
131.4193 	EXP 	Sound  started
131.9616 	DATA 	Keypress: rctrl
132.1693 	EXP 	Sound  started
132.6815 	DATA 	Keypress: rctrl
132.9193 	EXP 	Sound  started
133.3534 	DATA 	Keypress: lctrl
133.6693 	EXP 	Sound  started
134.0415 	DATA 	Keypress: rctrl
134.4194 	EXP 	Sound  started
134.7934 	DATA 	Keypress: rctrl
136.3615 	DATA 	Keypress: 4
136.3908 	EXP 	unnamed ShapeStim: vertices = <class 'numpy.ndarray'>
138.1753 	DATA 	Keypress: 4
138.1918 	EXP 	unnamed ShapeStim: vertices = <class 'numpy.ndarray'>
139.9939 	DATA 	Keypress: 4
140.0104 	EXP 	unnamed ShapeStim: vertices = <class 'numpy.ndarray'>
142.2951 	EXP 	Sound  started
142.2954 	DATA 	Keypress: rctrl
142.8255 	DATA 	Keypress: lctrl
143.0451 	EXP 	Sound  started
143.5935 	DATA 	Keypress: rctrl
143.7951 	EXP 	Sound  started
144.2495 	DATA 	Keypress: rctrl
144.5451 	EXP 	Sound  started
145.0175 	DATA 	Keypress: rctrl
145.2952 	EXP 	Sound  started
145.7695 	DATA 	Keypress: rctrl
146.0452 	EXP 	Sound  started
146.6335 	DATA 	Keypress: rctrl
146.7952 	EXP 	Sound  started
147.4816 	DATA 	Keypress: lctrl
147.5452 	EXP 	Sound  started
148.1696 	DATA 	Keypress: lctrl
148.2952 	EXP 	Sound  started
148.7934 	DATA 	Keypress: rctrl
149.0452 	EXP 	Sound  started
149.6095 	DATA 	Keypress: lctrl
149.7952 	EXP 	Sound  started
150.3455 	DATA 	Keypress: lctrl
150.5452 	EXP 	Sound  started
151.0335 	DATA 	Keypress: lctrl
151.2953 	EXP 	Sound  started
151.7855 	DATA 	Keypress: lctrl
152.0453 	EXP 	Sound  started
152.5216 	DATA 	Keypress: lctrl
152.7953 	EXP 	Sound  started
153.3374 	DATA 	Keypress: rctrl
153.5453 	EXP 	Sound  started
153.8815 	DATA 	Keypress: lctrl
154.2953 	EXP 	Sound  started
154.8095 	DATA 	Keypress: rctrl
155.0454 	EXP 	Sound  started
155.5935 	DATA 	Keypress: rctrl
155.7954 	EXP 	Sound  started
156.2655 	DATA 	Keypress: rctrl
156.5454 	EXP 	Sound  started
156.9854 	DATA 	Keypress: rctrl
157.2954 	EXP 	Sound  started
157.7054 	DATA 	Keypress: lctrl
158.0454 	EXP 	Sound  started
158.4095 	DATA 	Keypress: rctrl
158.7954 	EXP 	Sound  started
159.2575 	DATA 	Keypress: lctrl
159.5454 	EXP 	Sound  started
160.0095 	DATA 	Keypress: lctrl
160.2955 	EXP 	Sound  started
160.8575 	DATA 	Keypress: lctrl
161.0455 	EXP 	Sound  started
161.7955 	EXP 	Sound  started
162.4415 	DATA 	Keypress: lctrl
162.5455 	EXP 	Sound  started
163.2955 	EXP 	Sound  started
164.0455 	EXP 	Sound  started
164.7956 	EXP 	Sound  started
165.5456 	EXP 	Sound  started
166.2956 	EXP 	Sound  started
166.9056 	DATA 	Keypress: lctrl
167.0456 	EXP 	Sound  started
167.6254 	DATA 	Keypress: rctrl
167.7956 	EXP 	Sound  started
168.4574 	DATA 	Keypress: lctrl
168.5456 	EXP 	Sound  started
169.2574 	DATA 	Keypress: lctrl
169.2956 	EXP 	Sound  started
170.0415 	DATA 	Keypress: lctrl
170.0457 	EXP 	Sound  started
170.7957 	EXP 	Sound  started
170.8735 	DATA 	Keypress: lctrl
171.4815 	DATA 	Keypress: lctrl
171.5457 	EXP 	Sound  started
172.2015 	DATA 	Keypress: lctrl
172.2957 	EXP 	Sound  started
172.9534 	DATA 	Keypress: lctrl
173.0457 	EXP 	Sound  started
173.7957 	EXP 	Sound  started
174.5054 	DATA 	Keypress: lctrl
174.5458 	EXP 	Sound  started
175.2958 	EXP 	Sound  started
176.0458 	EXP 	Sound  started
176.7958 	EXP 	Sound  started
177.5458 	EXP 	Sound  started
178.2958 	EXP 	Sound  started
179.0459 	EXP 	Sound  started
179.7959 	EXP 	Sound  started
180.2335 	DATA 	Keypress: lctrl
180.5459 	EXP 	Sound  started
181.2959 	EXP 	Sound  started
181.8334 	DATA 	Keypress: lctrl
182.0459 	EXP 	Sound  started
182.7775 	DATA 	Keypress: lctrl
182.7959 	EXP 	Sound  started
183.5459 	EXP 	Sound  started
183.5615 	DATA 	Keypress: lctrl
184.2494 	DATA 	Keypress: lctrl
184.2960 	EXP 	Sound  started
185.0175 	DATA 	Keypress: lctrl
185.0460 	EXP 	Sound  started
185.7960 	EXP 	Sound  started
185.9295 	DATA 	Keypress: lctrl
186.5054 	DATA 	Keypress: rctrl
186.5460 	EXP 	Sound  started
187.0814 	DATA 	Keypress: lctrl
187.2960 	EXP 	Sound  started
187.8174 	DATA 	Keypress: rctrl
188.0460 	EXP 	Sound  started
188.5695 	DATA 	Keypress: rctrl
188.7961 	EXP 	Sound  started
189.5461 	EXP 	Sound  started
189.9614 	DATA 	Keypress: lctrl
190.2961 	EXP 	Sound  started
190.6494 	DATA 	Keypress: lctrl
191.0461 	EXP 	Sound  started
191.7215 	DATA 	Keypress: lctrl
191.7961 	EXP 	Sound  started
192.3935 	DATA 	Keypress: lctrl
192.5461 	EXP 	Sound  started
193.2961 	EXP 	Sound  started
193.8815 	DATA 	Keypress: lctrl
194.0462 	EXP 	Sound  started
194.7962 	EXP 	Sound  started
195.3695 	DATA 	Keypress: lctrl
195.5462 	EXP 	Sound  started
196.2962 	EXP 	Sound  started
197.0462 	EXP 	Sound  started
197.0975 	DATA 	Keypress: rctrl
197.7854 	DATA 	Keypress: rctrl
198.7961 	DATA 	Keypress: 4
198.8252 	EXP 	unnamed ShapeStim: vertices = <class 'numpy.ndarray'>
201.4442 	DATA 	Keypress: 4
201.4602 	EXP 	unnamed ShapeStim: vertices = <class 'numpy.ndarray'>
203.2285 	DATA 	Keypress: 4
203.2450 	EXP 	unnamed ShapeStim: vertices = <class 'numpy.ndarray'>
205.5297 	EXP 	Sound  started
205.5300 	DATA 	Keypress: lctrl
206.1694 	DATA 	Keypress: rctrl
206.2797 	EXP 	Sound  started
206.9376 	DATA 	Keypress: lctrl
207.0297 	EXP 	Sound  started
207.7797 	EXP 	Sound  started
208.5297 	EXP 	Sound  started
209.2798 	EXP 	Sound  started
209.8974 	DATA 	Keypress: lctrl
210.0298 	EXP 	Sound  started
210.6814 	DATA 	Keypress: rctrl
210.7798 	EXP 	Sound  started
211.3214 	DATA 	Keypress: lctrl
211.5298 	EXP 	Sound  started
212.0734 	DATA 	Keypress: lctrl
212.2798 	EXP 	Sound  started
212.8895 	DATA 	Keypress: lctrl
213.0298 	EXP 	Sound  started
213.6734 	DATA 	Keypress: lctrl
213.7798 	EXP 	Sound  started
214.4734 	DATA 	Keypress: lctrl
214.5298 	EXP 	Sound  started
215.2094 	DATA 	Keypress: lctrl
215.2799 	EXP 	Sound  started
216.0094 	DATA 	Keypress: rctrl
216.0299 	EXP 	Sound  started
216.6335 	DATA 	Keypress: lctrl
216.7799 	EXP 	Sound  started
217.3695 	DATA 	Keypress: rctrl
217.5299 	EXP 	Sound  started
218.1214 	DATA 	Keypress: rctrl
218.2799 	EXP 	Sound  started
218.8414 	DATA 	Keypress: lctrl
219.0299 	EXP 	Sound  started
219.6094 	DATA 	Keypress: lctrl
219.7799 	EXP 	Sound  started
220.4255 	DATA 	Keypress: lctrl
220.5300 	EXP 	Sound  started
221.2414 	DATA 	Keypress: lctrl
221.2800 	EXP 	Sound  started
222.0300 	EXP 	Sound  started
222.7800 	EXP 	Sound  started
223.5300 	EXP 	Sound  started
224.2800 	EXP 	Sound  started
225.0014 	DATA 	Keypress: rctrl
225.0300 	EXP 	Sound  started
225.7801 	EXP 	Sound  started
225.8175 	DATA 	Keypress: rctrl
226.2974 	DATA 	Keypress: lctrl
226.5301 	EXP 	Sound  started
226.9214 	DATA 	Keypress: lctrl
227.2801 	EXP 	Sound  started
227.8814 	DATA 	Keypress: rctrl
228.0301 	EXP 	Sound  started
228.6815 	DATA 	Keypress: lctrl
228.7801 	EXP 	Sound  started
229.4015 	DATA 	Keypress: lctrl
229.5301 	EXP 	Sound  started
230.1854 	DATA 	Keypress: rctrl
230.2801 	EXP 	Sound  started
230.8574 	DATA 	Keypress: lctrl
231.0302 	EXP 	Sound  started
231.6254 	DATA 	Keypress: lctrl
231.7802 	EXP 	Sound  started
232.5302 	EXP 	Sound  started
232.5374 	DATA 	Keypress: lctrl
233.2802 	EXP 	Sound  started
233.3694 	DATA 	Keypress: rctrl
233.9774 	DATA 	Keypress: lctrl
234.0302 	EXP 	Sound  started
234.7802 	EXP 	Sound  started
234.8894 	DATA 	Keypress: rctrl
235.5302 	EXP 	Sound  started
235.5934 	DATA 	Keypress: rctrl
236.1694 	DATA 	Keypress: rctrl
236.2803 	EXP 	Sound  started
236.7934 	DATA 	Keypress: lctrl
237.0303 	EXP 	Sound  started
237.5935 	DATA 	Keypress: lctrl
237.7803 	EXP 	Sound  started
238.3615 	DATA 	Keypress: lctrl
238.5303 	EXP 	Sound  started
239.1295 	DATA 	Keypress: lctrl
239.2803 	EXP 	Sound  started
239.7534 	DATA 	Keypress: rctrl
240.0303 	EXP 	Sound  started
240.7804 	EXP 	Sound  started
241.2094 	DATA 	Keypress: rctrl
241.5304 	EXP 	Sound  started
242.1534 	DATA 	Keypress: lctrl
242.2804 	EXP 	Sound  started
242.8574 	DATA 	Keypress: lctrl
243.0304 	EXP 	Sound  started
243.6734 	DATA 	Keypress: lctrl
243.7804 	EXP 	Sound  started
244.4094 	DATA 	Keypress: rctrl
244.5304 	EXP 	Sound  started
245.1294 	DATA 	Keypress: lctrl
245.2804 	EXP 	Sound  started
245.9134 	DATA 	Keypress: lctrl
246.0305 	EXP 	Sound  started
246.7135 	DATA 	Keypress: lctrl
246.7805 	EXP 	Sound  started
247.4814 	DATA 	Keypress: rctrl
247.5305 	EXP 	Sound  started
248.2805 	EXP 	Sound  started
249.0305 	EXP 	Sound  started
249.7805 	EXP 	Sound  started
249.8174 	DATA 	Keypress: rctrl
250.3615 	DATA 	Keypress: lctrl
250.5305 	EXP 	Sound  started
251.2805 	EXP 	Sound  started
252.0306 	EXP 	Sound  started
252.6334 	DATA 	Keypress: lctrl
252.7806 	EXP 	Sound  started
253.4815 	DATA 	Keypress: lctrl
253.5306 	EXP 	Sound  started
254.2494 	DATA 	Keypress: rctrl
254.2806 	EXP 	Sound  started
254.9854 	DATA 	Keypress: lctrl
255.0306 	EXP 	Sound  started
255.7374 	DATA 	Keypress: rctrl
255.7806 	EXP 	Sound  started
256.4734 	DATA 	Keypress: rctrl
256.5306 	EXP 	Sound  started
257.1134 	DATA 	Keypress: lctrl
257.2807 	EXP 	Sound  started
257.9134 	DATA 	Keypress: lctrl
258.0307 	EXP 	Sound  started
258.7807 	EXP 	Sound  started
258.8254 	DATA 	Keypress: lctrl
259.4654 	DATA 	Keypress: lctrl
259.5307 	EXP 	Sound  started
260.2807 	EXP 	Sound  started
260.2814 	DATA 	Keypress: rctrl
261.0307 	EXP 	Sound  started
261.0334 	DATA 	Keypress: rctrl
261.7054 	DATA 	Keypress: rctrl
261.7807 	EXP 	Sound  started
262.4734 	DATA 	Keypress: rctrl
262.5308 	EXP 	Sound  started
263.1134 	DATA 	Keypress: lctrl
263.2808 	EXP 	Sound  started
263.7694 	DATA 	Keypress: rctrl
264.0308 	EXP 	Sound  started
264.4574 	DATA 	Keypress: lctrl
264.7808 	EXP 	Sound  started
265.3534 	DATA 	Keypress: lctrl
265.5308 	EXP 	Sound  started
266.1694 	DATA 	Keypress: lctrl
266.2808 	EXP 	Sound  started
266.8733 	DATA 	Keypress: lctrl
267.0309 	EXP 	Sound  started
267.6574 	DATA 	Keypress: lctrl
268.6035 	DATA 	Keypress: 4
268.6323 	EXP 	unnamed ShapeStim: vertices = <class 'numpy.ndarray'>
270.1562 	DATA 	Keypress: 4
270.2003 	EXP 	unnamed ShapeStim: vertices = <class 'numpy.ndarray'>
271.7241 	DATA 	Keypress: 4
271.7682 	EXP 	unnamed ShapeStim: vertices = <class 'numpy.ndarray'>
274.0529 	EXP 	Sound  started
274.5534 	DATA 	Keypress: lctrl
274.8029 	EXP 	Sound  started
275.3054 	DATA 	Keypress: lctrl
275.5529 	EXP 	Sound  started
276.1374 	DATA 	Keypress: lctrl
276.3029 	EXP 	Sound  started
276.9055 	DATA 	Keypress: lctrl
277.0529 	EXP 	Sound  started
277.6734 	DATA 	Keypress: lctrl
277.8030 	EXP 	Sound  started
278.4094 	DATA 	Keypress: rctrl
278.5530 	EXP 	Sound  started
278.9854 	DATA 	Keypress: lctrl
279.3030 	EXP 	Sound  started
279.8653 	DATA 	Keypress: rctrl
280.0530 	EXP 	Sound  started
280.7294 	DATA 	Keypress: rctrl
280.8030 	EXP 	Sound  started
281.5530 	EXP 	Sound  started
281.5614 	DATA 	Keypress: rctrl
282.2014 	DATA 	Keypress: rctrl
282.3031 	EXP 	Sound  started
283.0531 	EXP 	Sound  started
283.8031 	EXP 	Sound  started
284.5531 	EXP 	Sound  started
285.3031 	EXP 	Sound  started
286.0531 	EXP 	Sound  started
286.7934 	DATA 	Keypress: lctrl
286.8031 	EXP 	Sound  started
287.5532 	EXP 	Sound  started
288.1694 	DATA 	Keypress: lctrl
288.3032 	EXP 	Sound  started
288.9054 	DATA 	Keypress: lctrl
289.0532 	EXP 	Sound  started
289.6094 	DATA 	Keypress: lctrl
289.8032 	EXP 	Sound  started
290.3454 	DATA 	Keypress: lctrl
290.5532 	EXP 	Sound  started
291.0814 	DATA 	Keypress: lctrl
291.3032 	EXP 	Sound  started
291.8014 	DATA 	Keypress: lctrl
292.0533 	EXP 	Sound  started
292.7294 	DATA 	Keypress: rctrl
292.8033 	EXP 	Sound  started
293.4815 	DATA 	Keypress: lctrl
293.5533 	EXP 	Sound  started
294.2174 	DATA 	Keypress: rctrl
294.3033 	EXP 	Sound  started
295.0533 	EXP 	Sound  started
295.1134 	DATA 	Keypress: rctrl
295.8033 	EXP 	Sound  started
296.5534 	EXP 	Sound  started
297.3034 	EXP 	Sound  started
297.3214 	DATA 	Keypress: rctrl
297.9934 	DATA 	Keypress: lctrl
298.0534 	EXP 	Sound  started
298.8034 	EXP 	Sound  started
299.3854 	DATA 	Keypress: lctrl
299.5534 	EXP 	Sound  started
300.1374 	DATA 	Keypress: lctrl
300.3034 	EXP 	Sound  started
300.8733 	DATA 	Keypress: lctrl
301.0535 	EXP 	Sound  started
301.6254 	DATA 	Keypress: lctrl
301.8035 	EXP 	Sound  started
302.4573 	DATA 	Keypress: lctrl
302.5535 	EXP 	Sound  started
303.2413 	DATA 	Keypress: lctrl
303.3035 	EXP 	Sound  started
303.9454 	DATA 	Keypress: rctrl
304.0535 	EXP 	Sound  started
304.8036 	EXP 	Sound  started
304.9054 	DATA 	Keypress: lctrl
305.4493 	DATA 	Keypress: rctrl
305.5536 	EXP 	Sound  started
306.3036 	EXP 	Sound  started
307.0536 	EXP 	Sound  started
307.0653 	DATA 	Keypress: rctrl
307.8036 	EXP 	Sound  started
307.8654 	DATA 	Keypress: rctrl
308.5536 	EXP 	Sound  started
309.1133 	DATA 	Keypress: rctrl
309.3036 	EXP 	Sound  started
309.5294 	DATA 	Keypress: rctrl
310.0537 	EXP 	Sound  started
310.1215 	DATA 	Keypress: rctrl
310.7933 	DATA 	Keypress: rctrl
310.8037 	EXP 	Sound  started
311.5537 	EXP 	Sound  started
311.5934 	DATA 	Keypress: lctrl
312.1055 	DATA 	Keypress: rctrl
312.3037 	EXP 	Sound  started
312.9853 	DATA 	Keypress: lctrl
313.0537 	EXP 	Sound  started
313.8037 	EXP 	Sound  started
313.8654 	DATA 	Keypress: lctrl
314.5537 	EXP 	Sound  started
314.6654 	DATA 	Keypress: lctrl
315.2574 	DATA 	Keypress: lctrl
315.3038 	EXP 	Sound  started
316.0254 	DATA 	Keypress: lctrl
316.0538 	EXP 	Sound  started
316.8038 	EXP 	Sound  started
316.8094 	DATA 	Keypress: lctrl
317.4813 	DATA 	Keypress: lctrl
317.5538 	EXP 	Sound  started
318.2653 	DATA 	Keypress: lctrl
318.3038 	EXP 	Sound  started
319.0014 	DATA 	Keypress: lctrl
319.0538 	EXP 	Sound  started
319.7693 	DATA 	Keypress: lctrl
319.8038 	EXP 	Sound  started
320.4093 	DATA 	Keypress: lctrl
320.5539 	EXP 	Sound  started
321.1134 	DATA 	Keypress: rctrl
321.3039 	EXP 	Sound  started
321.7534 	DATA 	Keypress: lctrl
322.0539 	EXP 	Sound  started
322.5853 	DATA 	Keypress: rctrl
322.8039 	EXP 	Sound  started
323.3374 	DATA 	Keypress: rctrl
323.5539 	EXP 	Sound  started
324.1053 	DATA 	Keypress: rctrl
324.3039 	EXP 	Sound  started
324.7453 	DATA 	Keypress: rctrl
325.0539 	EXP 	Sound  started
325.5453 	DATA 	Keypress: rctrl
325.8040 	EXP 	Sound  started
326.4734 	DATA 	Keypress: rctrl
326.5540 	EXP 	Sound  started
327.2893 	DATA 	Keypress: lctrl
327.3040 	EXP 	Sound  started
327.8333 	DATA 	Keypress: rctrl
328.0540 	EXP 	Sound  started
328.6173 	DATA 	Keypress: lctrl
328.8040 	EXP 	Sound  started
329.4653 	DATA 	Keypress: lctrl
329.5540 	EXP 	Sound  started
330.1853 	DATA 	Keypress: lctrl
330.3041 	EXP 	Sound  started
330.9373 	DATA 	Keypress: lctrl
331.0541 	EXP 	Sound  started
331.7053 	DATA 	Keypress: lctrl
331.8041 	EXP 	Sound  started
332.5214 	DATA 	Keypress: lctrl
332.5541 	EXP 	Sound  started
333.2414 	DATA 	Keypress: lctrl
334.3864 	DATA 	Keypress: 3
334.4028 	EXP 	unnamed ShapeStim: vertices = <class 'numpy.ndarray'>
337.0552 	DATA 	Keypress: 1
337.0717 	EXP 	unnamed ShapeStim: vertices = <class 'numpy.ndarray'>
340.4908 	DATA 	Keypress: 1
340.5074 	EXP 	unnamed ShapeStim: vertices = <class 'numpy.ndarray'>
342.7922 	EXP 	Sound  started
342.9053 	DATA 	Keypress: rctrl
343.5422 	EXP 	Sound  started
343.5614 	DATA 	Keypress: lctrl
344.2922 	EXP 	Sound  started
344.6173 	DATA 	Keypress: rctrl
345.0422 	EXP 	Sound  started
345.1134 	DATA 	Keypress: rctrl
345.7922 	EXP 	Sound  started
345.9454 	DATA 	Keypress: rctrl
346.5422 	EXP 	Sound  started
346.5854 	DATA 	Keypress: rctrl
347.2094 	DATA 	Keypress: lctrl
347.2922 	EXP 	Sound  started
347.9134 	DATA 	Keypress: rctrl
348.0423 	EXP 	Sound  started
348.6333 	DATA 	Keypress: lctrl
348.7923 	EXP 	Sound  started
349.3854 	DATA 	Keypress: lctrl
349.5423 	EXP 	Sound  started
350.2333 	DATA 	Keypress: lctrl
350.2923 	EXP 	Sound  started
350.9053 	DATA 	Keypress: rctrl
351.0423 	EXP 	Sound  started
351.6414 	DATA 	Keypress: lctrl
351.7923 	EXP 	Sound  started
352.2495 	DATA 	Keypress: rctrl
352.5424 	EXP 	Sound  started
353.1453 	DATA 	Keypress: rctrl
353.2924 	EXP 	Sound  started
353.8813 	DATA 	Keypress: rctrl
354.0424 	EXP 	Sound  started
354.5533 	DATA 	Keypress: rctrl
354.7924 	EXP 	Sound  started
355.2573 	DATA 	Keypress: lctrl
355.5424 	EXP 	Sound  started
356.0414 	DATA 	Keypress: lctrl
356.2924 	EXP 	Sound  started
356.7613 	DATA 	Keypress: lctrl
357.0425 	EXP 	Sound  started
357.5453 	DATA 	Keypress: lctrl
357.7925 	EXP 	Sound  started
358.3934 	DATA 	Keypress: lctrl
358.5425 	EXP 	Sound  started
359.1773 	DATA 	Keypress: rctrl
359.2925 	EXP 	Sound  started
359.8333 	DATA 	Keypress: lctrl
360.0425 	EXP 	Sound  started
360.4733 	DATA 	Keypress: rctrl
360.7925 	EXP 	Sound  started
361.2093 	DATA 	Keypress: rctrl
361.5426 	EXP 	Sound  started
362.0574 	DATA 	Keypress: lctrl
362.2926 	EXP 	Sound  started
362.9213 	DATA 	Keypress: lctrl
363.0426 	EXP 	Sound  started
363.6894 	DATA 	Keypress: lctrl
363.7926 	EXP 	Sound  started
364.4093 	DATA 	Keypress: rctrl
364.5426 	EXP 	Sound  started
365.1933 	DATA 	Keypress: lctrl
365.2926 	EXP 	Sound  started
366.0253 	DATA 	Keypress: rctrl
366.0426 	EXP 	Sound  started
366.6973 	DATA 	Keypress: rctrl
366.7927 	EXP 	Sound  started
367.5427 	EXP 	Sound  started
367.5773 	DATA 	Keypress: rctrl
368.2493 	DATA 	Keypress: lctrl
368.2927 	EXP 	Sound  started
368.9693 	DATA 	Keypress: lctrl
369.0427 	EXP 	Sound  started
369.7927 	EXP 	Sound  started
369.8493 	DATA 	Keypress: lctrl
370.5427 	EXP 	Sound  started
370.5533 	DATA 	Keypress: lctrl
371.2573 	DATA 	Keypress: lctrl
371.2928 	EXP 	Sound  started
371.9933 	DATA 	Keypress: lctrl
372.0428 	EXP 	Sound  started
372.7293 	DATA 	Keypress: lctrl
372.7928 	EXP 	Sound  started
373.4813 	DATA 	Keypress: lctrl
373.5428 	EXP 	Sound  started
374.1853 	DATA 	Keypress: rctrl
374.2928 	EXP 	Sound  started
374.8894 	DATA 	Keypress: rctrl
375.0428 	EXP 	Sound  started
375.5613 	DATA 	Keypress: lctrl
375.7929 	EXP 	Sound  started
376.1694 	DATA 	Keypress: rctrl
376.5429 	EXP 	Sound  started
377.0333 	DATA 	Keypress: rctrl
377.2929 	EXP 	Sound  started
377.8814 	DATA 	Keypress: rctrl
378.0429 	EXP 	Sound  started
378.6333 	DATA 	Keypress: rctrl
378.7929 	EXP 	Sound  started
379.3533 	DATA 	Keypress: rctrl
379.5429 	EXP 	Sound  started
380.1053 	DATA 	Keypress: lctrl
380.2929 	EXP 	Sound  started
380.9053 	DATA 	Keypress: rctrl
381.0430 	EXP 	Sound  started
381.6254 	DATA 	Keypress: lctrl
381.7930 	EXP 	Sound  started
382.4094 	DATA 	Keypress: lctrl
382.5430 	EXP 	Sound  started
383.2733 	DATA 	Keypress: lctrl
383.2930 	EXP 	Sound  started
384.0413 	DATA 	Keypress: lctrl
384.0430 	EXP 	Sound  started
384.7133 	DATA 	Keypress: lctrl
384.7930 	EXP 	Sound  started
385.5430 	EXP 	Sound  started
385.5453 	DATA 	Keypress: rctrl
386.2931 	EXP 	Sound  started
386.3453 	DATA 	Keypress: rctrl
386.9533 	DATA 	Keypress: lctrl
387.0431 	EXP 	Sound  started
387.7213 	DATA 	Keypress: lctrl
387.7931 	EXP 	Sound  started
388.4733 	DATA 	Keypress: lctrl
388.5431 	EXP 	Sound  started
389.2893 	DATA 	Keypress: rctrl
389.2931 	EXP 	Sound  started
389.9133 	DATA 	Keypress: lctrl
390.0431 	EXP 	Sound  started
390.6333 	DATA 	Keypress: rctrl
390.7932 	EXP 	Sound  started
391.4173 	DATA 	Keypress: rctrl
391.5432 	EXP 	Sound  started
392.2174 	DATA 	Keypress: rctrl
392.2932 	EXP 	Sound  started
392.9373 	DATA 	Keypress: rctrl
393.0432 	EXP 	Sound  started
393.5933 	DATA 	Keypress: lctrl
393.7932 	EXP 	Sound  started
394.3292 	DATA 	Keypress: rctrl
394.5432 	EXP 	Sound  started
395.1133 	DATA 	Keypress: lctrl
395.2933 	EXP 	Sound  started
395.9133 	DATA 	Keypress: lctrl
396.0433 	EXP 	Sound  started
396.6173 	DATA 	Keypress: lctrl
396.7934 	EXP 	Sound  started
397.4173 	DATA 	Keypress: lctrl
397.5435 	EXP 	Sound  started
398.2013 	DATA 	Keypress: rctrl
398.2935 	EXP 	Sound  started
398.8413 	DATA 	Keypress: lctrl
399.0435 	EXP 	Sound  started
399.6573 	DATA 	Keypress: rctrl
399.7935 	EXP 	Sound  started
400.4733 	DATA 	Keypress: rctrl
400.5435 	EXP 	Sound  started
401.1133 	DATA 	Keypress: lctrl
401.2935 	EXP 	Sound  started
401.8653 	DATA 	Keypress: lctrl
402.0436 	EXP 	Sound  started
402.7936 	EXP 	Sound  started
402.8573 	DATA 	Keypress: lctrl
403.5134 	DATA 	Keypress: lctrl
403.5436 	EXP 	Sound  started
404.2013 	DATA 	Keypress: lctrl
405.0275 	DATA 	Keypress: 4
405.0440 	EXP 	unnamed ShapeStim: vertices = <class 'numpy.ndarray'>
406.5672 	DATA 	Keypress: 4
406.6120 	EXP 	unnamed ShapeStim: vertices = <class 'numpy.ndarray'>
408.1355 	DATA 	Keypress: 4
408.1358 	DATA 	Keypress: 4
408.1799 	EXP 	unnamed ShapeStim: vertices = <class 'numpy.ndarray'>
410.4657 	EXP 	Sound  started
410.4661 	DATA 	Keypress: rctrl
411.0172 	DATA 	Keypress: lctrl
411.2156 	EXP 	Sound  started
411.9657 	EXP 	Sound  started
412.6493 	DATA 	Keypress: rctrl
412.7157 	EXP 	Sound  started
413.3854 	DATA 	Keypress: rctrl
413.4657 	EXP 	Sound  started
414.0734 	DATA 	Keypress: lctrl
414.2157 	EXP 	Sound  started
414.7774 	DATA 	Keypress: lctrl
414.9657 	EXP 	Sound  started
415.5132 	DATA 	Keypress: lctrl
415.7157 	EXP 	Sound  started
416.4657 	EXP 	Sound  started
417.0652 	DATA 	Keypress: rctrl
417.2158 	EXP 	Sound  started
417.9658 	EXP 	Sound  started
418.7158 	EXP 	Sound  started
419.0652 	DATA 	Keypress: rctrl
419.4658 	EXP 	Sound  started
419.9933 	DATA 	Keypress: lctrl
420.2158 	EXP 	Sound  started
420.7773 	DATA 	Keypress: rctrl
420.9658 	EXP 	Sound  started
421.3533 	DATA 	Keypress: lctrl
421.7159 	EXP 	Sound  started
422.1053 	DATA 	Keypress: lctrl
422.4659 	EXP 	Sound  started
423.0813 	DATA 	Keypress: lctrl
423.2159 	EXP 	Sound  started
423.8333 	DATA 	Keypress: lctrl
423.9659 	EXP 	Sound  started
424.6173 	DATA 	Keypress: lctrl
424.7159 	EXP 	Sound  started
425.3053 	DATA 	Keypress: lctrl
425.4660 	EXP 	Sound  started
426.1853 	DATA 	Keypress: rctrl
426.2160 	EXP 	Sound  started
426.8412 	DATA 	Keypress: lctrl
426.9660 	EXP 	Sound  started
427.7160 	EXP 	Sound  started
428.3613 	DATA 	Keypress: rctrl
428.4660 	EXP 	Sound  started
429.0813 	DATA 	Keypress: rctrl
429.2160 	EXP 	Sound  started
429.8173 	DATA 	Keypress: rctrl
429.9661 	EXP 	Sound  started
430.5853 	DATA 	Keypress: rctrl
430.7161 	EXP 	Sound  started
431.3053 	DATA 	Keypress: lctrl
431.4661 	EXP 	Sound  started
432.2161 	EXP 	Sound  started
432.2332 	DATA 	Keypress: rctrl
432.9052 	DATA 	Keypress: lctrl
432.9661 	EXP 	Sound  started
433.7161 	EXP 	Sound  started
433.8173 	DATA 	Keypress: lctrl
434.4662 	EXP 	Sound  started
434.4893 	DATA 	Keypress: lctrl
435.0493 	DATA 	Keypress: rctrl
435.2162 	EXP 	Sound  started
435.7693 	DATA 	Keypress: lctrl
435.9662 	EXP 	Sound  started
436.5373 	DATA 	Keypress: rctrl
436.7162 	EXP 	Sound  started
437.2893 	DATA 	Keypress: rctrl
437.4662 	EXP 	Sound  started
438.0732 	DATA 	Keypress: rctrl
438.2162 	EXP 	Sound  started
438.8892 	DATA 	Keypress: rctrl
438.9663 	EXP 	Sound  started
439.5933 	DATA 	Keypress: lctrl
439.7163 	EXP 	Sound  started
440.2652 	DATA 	Keypress: rctrl
440.4663 	EXP 	Sound  started
441.1292 	DATA 	Keypress: lctrl
441.2163 	EXP 	Sound  started
441.9663 	EXP 	Sound  started
442.0253 	DATA 	Keypress: lctrl
442.7163 	EXP 	Sound  started
442.7293 	DATA 	Keypress: lctrl
443.4654 	DATA 	Keypress: lctrl
443.4663 	EXP 	Sound  started
444.1533 	DATA 	Keypress: lctrl
444.2163 	EXP 	Sound  started
444.9213 	DATA 	Keypress: lctrl
444.9664 	EXP 	Sound  started
445.7164 	EXP 	Sound  started
445.7213 	DATA 	Keypress: rctrl
446.3933 	DATA 	Keypress: lctrl
446.4664 	EXP 	Sound  started
447.0653 	DATA 	Keypress: rctrl
447.2164 	EXP 	Sound  started
447.9293 	DATA 	Keypress: rctrl
447.9664 	EXP 	Sound  started
448.6173 	DATA 	Keypress: lctrl
448.7165 	EXP 	Sound  started
449.3534 	DATA 	Keypress: rctrl
449.4665 	EXP 	Sound  started
450.0732 	DATA 	Keypress: rctrl
450.2165 	EXP 	Sound  started
450.8732 	DATA 	Keypress: rctrl
450.9665 	EXP 	Sound  started
451.7165 	EXP 	Sound  started
451.7854 	DATA 	Keypress: rctrl
452.4412 	DATA 	Keypress: lctrl
452.4665 	EXP 	Sound  started
453.2165 	EXP 	Sound  started
453.8813 	DATA 	Keypress: lctrl
453.9666 	EXP 	Sound  started
454.7166 	EXP 	Sound  started
454.8093 	DATA 	Keypress: lctrl
455.4666 	EXP 	Sound  started
455.4812 	DATA 	Keypress: rctrl
456.1532 	DATA 	Keypress: lctrl
456.2166 	EXP 	Sound  started
456.9532 	DATA 	Keypress: rctrl
456.9666 	EXP 	Sound  started
457.7167 	EXP 	Sound  started
457.7853 	DATA 	Keypress: rctrl
458.4414 	DATA 	Keypress: rctrl
458.4667 	EXP 	Sound  started
459.0973 	DATA 	Keypress: lctrl
459.2167 	EXP 	Sound  started
459.9667 	EXP 	Sound  started
460.0412 	DATA 	Keypress: lctrl
460.6013 	DATA 	Keypress: rctrl
460.7167 	EXP 	Sound  started
461.4333 	DATA 	Keypress: lctrl
461.4667 	EXP 	Sound  started
462.1372 	DATA 	Keypress: rctrl
462.2167 	EXP 	Sound  started
462.9668 	EXP 	Sound  started
462.9692 	DATA 	Keypress: rctrl
463.7168 	EXP 	Sound  started
463.7693 	DATA 	Keypress: lctrl
464.3452 	DATA 	Keypress: rctrl
464.4668 	EXP 	Sound  started
465.0653 	DATA 	Keypress: rctrl
465.2168 	EXP 	Sound  started
465.9133 	DATA 	Keypress: rctrl
465.9668 	EXP 	Sound  started
466.6812 	DATA 	Keypress: rctrl
466.7168 	EXP 	Sound  started
467.4012 	DATA 	Keypress: rctrl
467.4668 	EXP 	Sound  started
468.0413 	DATA 	Keypress: lctrl
468.2169 	EXP 	Sound  started
468.8733 	DATA 	Keypress: lctrl
468.9669 	EXP 	Sound  started
469.6092 	DATA 	Keypress: rctrl
469.7169 	EXP 	Sound  started
470.4092 	DATA 	Keypress: rctrl
470.4669 	EXP 	Sound  started
471.2360 	DATA 	Keypress: lctrl
472.3326 	DATA 	Keypress: 4
472.3491 	EXP 	unnamed ShapeStim: vertices = <class 'numpy.ndarray'>
473.8729 	DATA 	Keypress: 4
473.9166 	EXP 	unnamed ShapeStim: vertices = <class 'numpy.ndarray'>
475.4425 	DATA 	Keypress: 4
475.4850 	EXP 	unnamed ShapeStim: vertices = <class 'numpy.ndarray'>
477.7696 	EXP 	Sound  started
477.7699 	DATA 	Keypress: lctrl
478.5196 	EXP 	Sound  started
479.1132 	DATA 	Keypress: lctrl
479.2696 	EXP 	Sound  started
479.9293 	DATA 	Keypress: lctrl
480.0197 	EXP 	Sound  started
480.6173 	DATA 	Keypress: lctrl
480.7697 	EXP 	Sound  started
481.5197 	EXP 	Sound  started
482.1533 	DATA 	Keypress: lctrl
482.2697 	EXP 	Sound  started
483.0197 	EXP 	Sound  started
483.7697 	EXP 	Sound  started
484.5197 	EXP 	Sound  started
485.0332 	DATA 	Keypress: lctrl
485.2698 	EXP 	Sound  started
485.8652 	DATA 	Keypress: lctrl
486.0198 	EXP 	Sound  started
486.6012 	DATA 	Keypress: lctrl
486.7698 	EXP 	Sound  started
487.3053 	DATA 	Keypress: lctrl
487.5198 	EXP 	Sound  started
488.0572 	DATA 	Keypress: lctrl
488.2698 	EXP 	Sound  started
489.0198 	EXP 	Sound  started
489.5772 	DATA 	Keypress: lctrl
489.7698 	EXP 	Sound  started
490.5199 	EXP 	Sound  started
491.2699 	EXP 	Sound  started
492.0093 	DATA 	Keypress: rctrl
492.0199 	EXP 	Sound  started
492.6332 	DATA 	Keypress: rctrl
492.7699 	EXP 	Sound  started
493.3213 	DATA 	Keypress: lctrl
493.5199 	EXP 	Sound  started
494.2013 	DATA 	Keypress: rctrl
494.2700 	EXP 	Sound  started
495.0200 	EXP 	Sound  started
495.0492 	DATA 	Keypress: lctrl
495.7212 	DATA 	Keypress: lctrl
495.7700 	EXP 	Sound  started
496.4572 	DATA 	Keypress: lctrl
496.5200 	EXP 	Sound  started
497.2092 	DATA 	Keypress: lctrl
497.2700 	EXP 	Sound  started
498.0200 	EXP 	Sound  started
498.7133 	DATA 	Keypress: lctrl
498.7700 	EXP 	Sound  started
499.5201 	EXP 	Sound  started
500.2701 	EXP 	Sound  started
500.3773 	DATA 	Keypress: rctrl
501.0201 	EXP 	Sound  started
501.5933 	DATA 	Keypress: lctrl
501.7701 	EXP 	Sound  started
502.5201 	EXP 	Sound  started
502.5692 	DATA 	Keypress: rctrl
503.1132 	DATA 	Keypress: lctrl
503.2701 	EXP 	Sound  started
504.0201 	EXP 	Sound  started
504.0253 	DATA 	Keypress: lctrl
504.7613 	DATA 	Keypress: lctrl
504.7701 	EXP 	Sound  started
505.5202 	EXP 	Sound  started
505.5772 	DATA 	Keypress: rctrl
506.2332 	DATA 	Keypress: lctrl
506.2702 	EXP 	Sound  started
506.8892 	DATA 	Keypress: rctrl
507.0202 	EXP 	Sound  started
507.7212 	DATA 	Keypress: rctrl
507.7702 	EXP 	Sound  started
508.5202 	EXP 	Sound  started
508.5212 	DATA 	Keypress: rctrl
509.1773 	DATA 	Keypress: rctrl
509.2702 	EXP 	Sound  started
510.0203 	EXP 	Sound  started
510.0732 	DATA 	Keypress: rctrl
510.7452 	DATA 	Keypress: lctrl
510.7703 	EXP 	Sound  started
511.4333 	DATA 	Keypress: rctrl
511.5203 	EXP 	Sound  started
512.1692 	DATA 	Keypress: lctrl
512.2703 	EXP 	Sound  started
512.9693 	DATA 	Keypress: lctrl
513.0203 	EXP 	Sound  started
513.7703 	EXP 	Sound  started
513.9772 	DATA 	Keypress: lctrl
514.5204 	EXP 	Sound  started
514.6332 	DATA 	Keypress: lctrl
515.2704 	EXP 	Sound  started
515.3852 	DATA 	Keypress: lctrl
515.9932 	DATA 	Keypress: rctrl
516.0204 	EXP 	Sound  started
516.6653 	DATA 	Keypress: lctrl
516.7704 	EXP 	Sound  started
517.3692 	DATA 	Keypress: rctrl
517.5204 	EXP 	Sound  started
518.1373 	DATA 	Keypress: rctrl
518.2704 	EXP 	Sound  started
518.9692 	DATA 	Keypress: rctrl
519.0205 	EXP 	Sound  started
519.7532 	DATA 	Keypress: lctrl
519.7705 	EXP 	Sound  started
520.5052 	DATA 	Keypress: rctrl
520.5205 	EXP 	Sound  started
521.2092 	DATA 	Keypress: lctrl
521.2705 	EXP 	Sound  started
521.9932 	DATA 	Keypress: lctrl
522.0205 	EXP 	Sound  started
522.7452 	DATA 	Keypress: lctrl
522.7705 	EXP 	Sound  started
523.4973 	DATA 	Keypress: lctrl
523.5206 	EXP 	Sound  started
524.2492 	DATA 	Keypress: lctrl
524.2706 	EXP 	Sound  started
524.9212 	DATA 	Keypress: rctrl
525.0206 	EXP 	Sound  started
525.5452 	DATA 	Keypress: lctrl
525.7706 	EXP 	Sound  started
526.5206 	EXP 	Sound  started
526.5852 	DATA 	Keypress: rctrl
527.2252 	DATA 	Keypress: rctrl
527.2706 	EXP 	Sound  started
527.8813 	DATA 	Keypress: rctrl
528.0207 	EXP 	Sound  started
528.7292 	DATA 	Keypress: rctrl
529.8297 	DATA 	Keypress: 4
529.8462 	EXP 	unnamed ShapeStim: vertices = <class 'numpy.ndarray'>
531.7813 	DATA 	Keypress: 4
531.7978 	EXP 	unnamed ShapeStim: vertices = <class 'numpy.ndarray'>
533.5994 	DATA 	Keypress: 4
533.6159 	EXP 	unnamed ShapeStim: vertices = <class 'numpy.ndarray'>
535.9010 	EXP 	Sound  started
535.9014 	DATA 	Keypress: lctrl
536.4412 	DATA 	Keypress: rctrl
536.6509 	EXP 	Sound  started
537.2732 	DATA 	Keypress: rctrl
537.4010 	EXP 	Sound  started
538.0252 	DATA 	Keypress: lctrl
538.1510 	EXP 	Sound  started
538.7292 	DATA 	Keypress: lctrl
538.9010 	EXP 	Sound  started
539.5452 	DATA 	Keypress: lctrl
539.6510 	EXP 	Sound  started
540.2332 	DATA 	Keypress: lctrl
540.4010 	EXP 	Sound  started
541.0813 	DATA 	Keypress: lctrl
541.1510 	EXP 	Sound  started
541.7852 	DATA 	Keypress: rctrl
541.9010 	EXP 	Sound  started
542.4252 	DATA 	Keypress: lctrl
542.6511 	EXP 	Sound  started
543.1932 	DATA 	Keypress: rctrl
543.4011 	EXP 	Sound  started
544.0092 	DATA 	Keypress: rctrl
544.1511 	EXP 	Sound  started
544.7932 	DATA 	Keypress: rctrl
544.9011 	EXP 	Sound  started
545.3852 	DATA 	Keypress: lctrl
545.6511 	EXP 	Sound  started
546.1532 	DATA 	Keypress: rctrl
546.4011 	EXP 	Sound  started
547.1511 	EXP 	Sound  started
547.8332 	DATA 	Keypress: rctrl
547.9012 	EXP 	Sound  started
548.4093 	DATA 	Keypress: lctrl
548.6512 	EXP 	Sound  started
549.2252 	DATA 	Keypress: lctrl
549.4012 	EXP 	Sound  started
549.9772 	DATA 	Keypress: lctrl
550.1512 	EXP 	Sound  started
550.7132 	DATA 	Keypress: lctrl
550.9012 	EXP 	Sound  started
551.4812 	DATA 	Keypress: lctrl
551.6512 	EXP 	Sound  started
552.4012 	EXP 	Sound  started
552.9852 	DATA 	Keypress: lctrl
553.1513 	EXP 	Sound  started
553.7532 	DATA 	Keypress: lctrl
553.9013 	EXP 	Sound  started
554.5052 	DATA 	Keypress: lctrl
554.6513 	EXP 	Sound  started
555.4013 	EXP 	Sound  started
556.1513 	EXP 	Sound  started
556.5852 	DATA 	Keypress: lctrl
556.9013 	EXP 	Sound  started
557.4651 	DATA 	Keypress: rctrl
557.6514 	EXP 	Sound  started
558.1692 	DATA 	Keypress: rctrl
558.4014 	EXP 	Sound  started
558.9372 	DATA 	Keypress: lctrl
559.1514 	EXP 	Sound  started
559.9014 	EXP 	Sound  started
560.3932 	DATA 	Keypress: lctrl
560.6514 	EXP 	Sound  started
561.1931 	DATA 	Keypress: lctrl
561.4014 	EXP 	Sound  started
561.9452 	DATA 	Keypress: lctrl
562.1514 	EXP 	Sound  started
562.6972 	DATA 	Keypress: lctrl
562.9015 	EXP 	Sound  started
563.4812 	DATA 	Keypress: lctrl
563.6515 	EXP 	Sound  started
564.1532 	DATA 	Keypress: rctrl
564.4015 	EXP 	Sound  started
564.7932 	DATA 	Keypress: rctrl
565.1515 	EXP 	Sound  started
565.6412 	DATA 	Keypress: lctrl
565.9015 	EXP 	Sound  started
566.4411 	DATA 	Keypress: lctrl
566.6515 	EXP 	Sound  started
567.3052 	DATA 	Keypress: lctrl
567.4016 	EXP 	Sound  started
568.0732 	DATA 	Keypress: lctrl
568.1516 	EXP 	Sound  started
568.9016 	EXP 	Sound  started
568.9372 	DATA 	Keypress: rctrl
569.4812 	DATA 	Keypress: lctrl
569.6516 	EXP 	Sound  started
570.2172 	DATA 	Keypress: rctrl
570.4016 	EXP 	Sound  started
571.0332 	DATA 	Keypress: rctrl
571.1516 	EXP 	Sound  started
571.9016 	EXP 	Sound  started
572.3932 	DATA 	Keypress: lctrl
572.6517 	EXP 	Sound  started
573.0811 	DATA 	Keypress: lctrl
573.4017 	EXP 	Sound  started
573.9452 	DATA 	Keypress: lctrl
574.1517 	EXP 	Sound  started
574.7452 	DATA 	Keypress: lctrl
574.9017 	EXP 	Sound  started
575.5451 	DATA 	Keypress: lctrl
575.6517 	EXP 	Sound  started
576.0092 	DATA 	Keypress: rctrl
576.4017 	EXP 	Sound  started
577.0172 	DATA 	Keypress: lctrl
577.1518 	EXP 	Sound  started
577.7851 	DATA 	Keypress: lctrl
577.9018 	EXP 	Sound  started
578.5052 	DATA 	Keypress: lctrl
578.6518 	EXP 	Sound  started
579.2892 	DATA 	Keypress: lctrl
579.4018 	EXP 	Sound  started
580.0732 	DATA 	Keypress: lctrl
581.7549 	DATA 	Keypress: 3
581.7715 	EXP 	unnamed ShapeStim: vertices = <class 'numpy.ndarray'>
584.7074 	DATA 	Keypress: 1
584.7239 	EXP 	unnamed ShapeStim: vertices = <class 'numpy.ndarray'>
587.3100 	DATA 	Keypress: 1
587.3265 	EXP 	unnamed ShapeStim: vertices = <class 'numpy.ndarray'>
589.6107 	EXP 	Sound  started
589.8172 	DATA 	Keypress: rctrl
590.3607 	EXP 	Sound  started
590.4091 	DATA 	Keypress: lctrl
591.0651 	DATA 	Keypress: rctrl
591.1107 	EXP 	Sound  started
591.8172 	DATA 	Keypress: rctrl
591.8607 	EXP 	Sound  started
592.5852 	DATA 	Keypress: rctrl
592.6107 	EXP 	Sound  started
593.3051 	DATA 	Keypress: rctrl
593.3607 	EXP 	Sound  started
594.0252 	DATA 	Keypress: lctrl
594.1108 	EXP 	Sound  started
594.7452 	DATA 	Keypress: rctrl
594.8608 	EXP 	Sound  started
595.5292 	DATA 	Keypress: lctrl
595.6108 	EXP 	Sound  started
596.2172 	DATA 	Keypress: lctrl
596.3608 	EXP 	Sound  started
597.0652 	DATA 	Keypress: lctrl
597.1108 	EXP 	Sound  started
597.8171 	DATA 	Keypress: lctrl
597.8608 	EXP 	Sound  started
598.5212 	DATA 	Keypress: lctrl
598.6108 	EXP 	Sound  started
599.2732 	DATA 	Keypress: lctrl
599.3609 	EXP 	Sound  started
600.1052 	DATA 	Keypress: lctrl
600.1109 	EXP 	Sound  started
600.7932 	DATA 	Keypress: lctrl
600.8609 	EXP 	Sound  started
601.6109 	EXP 	Sound  started
601.6892 	DATA 	Keypress: rctrl
602.2331 	DATA 	Keypress: lctrl
602.3609 	EXP 	Sound  started
603.1109 	EXP 	Sound  started
603.7851 	DATA 	Keypress: rctrl
603.8609 	EXP 	Sound  started
604.4571 	DATA 	Keypress: rctrl
604.6110 	EXP 	Sound  started
605.2731 	DATA 	Keypress: rctrl
605.3610 	EXP 	Sound  started
605.9452 	DATA 	Keypress: lctrl
606.1110 	EXP 	Sound  started
606.7611 	DATA 	Keypress: rctrl
606.8610 	EXP 	Sound  started
607.4811 	DATA 	Keypress: rctrl
607.6110 	EXP 	Sound  started
608.2171 	DATA 	Keypress: rctrl
608.3610 	EXP 	Sound  started
609.0331 	DATA 	Keypress: rctrl
609.1111 	EXP 	Sound  started
609.7371 	DATA 	Keypress: lctrl
609.8611 	EXP 	Sound  started
610.4731 	DATA 	Keypress: rctrl
610.6111 	EXP 	Sound  started
611.2731 	DATA 	Keypress: lctrl
611.3611 	EXP 	Sound  started
612.0091 	DATA 	Keypress: lctrl
612.1111 	EXP 	Sound  started
612.7932 	DATA 	Keypress: lctrl
612.8611 	EXP 	Sound  started
613.5451 	DATA 	Keypress: lctrl
613.6112 	EXP 	Sound  started
614.2813 	DATA 	Keypress: rctrl
614.3612 	EXP 	Sound  started
615.0492 	DATA 	Keypress: lctrl
615.1112 	EXP 	Sound  started
615.8612 	EXP 	Sound  started
615.8651 	DATA 	Keypress: rctrl
616.5531 	DATA 	Keypress: rctrl
616.6112 	EXP 	Sound  started
617.2251 	DATA 	Keypress: rctrl
617.3612 	EXP 	Sound  started
617.9931 	DATA 	Keypress: rctrl
618.1113 	EXP 	Sound  started
618.6491 	DATA 	Keypress: rctrl
618.8613 	EXP 	Sound  started
619.3531 	DATA 	Keypress: lctrl
619.6113 	EXP 	Sound  started
620.0411 	DATA 	Keypress: lctrl
620.3613 	EXP 	Sound  started
621.0492 	DATA 	Keypress: lctrl
621.1113 	EXP 	Sound  started
621.6411 	DATA 	Keypress: rctrl
621.8613 	EXP 	Sound  started
622.5211 	DATA 	Keypress: lctrl
622.6114 	EXP 	Sound  started
623.1132 	DATA 	Keypress: rctrl
623.3614 	EXP 	Sound  started
623.9291 	DATA 	Keypress: rctrl
624.1114 	EXP 	Sound  started
624.6172 	DATA 	Keypress: rctrl
624.8614 	EXP 	Sound  started
625.3371 	DATA 	Keypress: rctrl
625.6114 	EXP 	Sound  started
626.2493 	DATA 	Keypress: rctrl
626.3614 	EXP 	Sound  started
626.9371 	DATA 	Keypress: lctrl
627.1114 	EXP 	Sound  started
627.7851 	DATA 	Keypress: lctrl
627.8615 	EXP 	Sound  started
628.5851 	DATA 	Keypress: lctrl
628.6115 	EXP 	Sound  started
629.2572 	DATA 	Keypress: lctrl
629.3615 	EXP 	Sound  started
629.8651 	DATA 	Keypress: rctrl
630.1115 	EXP 	Sound  started
630.8411 	DATA 	Keypress: lctrl
630.8615 	EXP 	Sound  started
631.5612 	DATA 	Keypress: rctrl
631.6115 	EXP 	Sound  started
632.2971 	DATA 	Keypress: rctrl
632.3615 	EXP 	Sound  started
633.0651 	DATA 	Keypress: lctrl
633.1116 	EXP 	Sound  started
633.8616 	EXP 	Sound  started
633.8651 	DATA 	Keypress: lctrl
634.6116 	EXP 	Sound  started
634.6651 	DATA 	Keypress: lctrl
635.1931 	DATA 	Keypress: rctrl
635.3616 	EXP 	Sound  started
635.9612 	DATA 	Keypress: lctrl
636.1116 	EXP 	Sound  started
636.7931 	DATA 	Keypress: rctrl
637.9682 	DATA 	Keypress: 3
637.9847 	EXP 	unnamed ShapeStim: vertices = <class 'numpy.ndarray'>
641.2577 	DATA 	Keypress: 4
641.2869 	EXP 	unnamed ShapeStim: vertices = <class 'numpy.ndarray'>
645.0068 	DATA 	Keypress: 2
645.0233 	EXP 	unnamed ShapeStim: vertices = <class 'numpy.ndarray'>
647.3086 	EXP 	Sound  started
647.5932 	DATA 	Keypress: rctrl
648.0585 	EXP 	Sound  started
648.1051 	DATA 	Keypress: lctrl
648.7771 	DATA 	Keypress: rctrl
648.8086 	EXP 	Sound  started
649.4811 	DATA 	Keypress: rctrl
649.5586 	EXP 	Sound  started
650.3086 	EXP 	Sound  started
650.3131 	DATA 	Keypress: rctrl
650.9852 	DATA 	Keypress: rctrl
651.0586 	EXP 	Sound  started
651.7051 	DATA 	Keypress: lctrl
651.8086 	EXP 	Sound  started
652.4891 	DATA 	Keypress: lctrl
652.5586 	EXP 	Sound  started
653.2411 	DATA 	Keypress: lctrl
653.3086 	EXP 	Sound  started
654.0411 	DATA 	Keypress: rctrl
654.0587 	EXP 	Sound  started
654.7451 	DATA 	Keypress: rctrl
654.8087 	EXP 	Sound  started
655.3851 	DATA 	Keypress: rctrl
655.5587 	EXP 	Sound  started
656.2331 	DATA 	Keypress: rctrl
656.3087 	EXP 	Sound  started
656.9372 	DATA 	Keypress: rctrl
657.0587 	EXP 	Sound  started
657.5771 	DATA 	Keypress: lctrl
657.8087 	EXP 	Sound  started
658.4891 	DATA 	Keypress: lctrl
658.5588 	EXP 	Sound  started
659.2572 	DATA 	Keypress: rctrl
659.3088 	EXP 	Sound  started
660.0411 	DATA 	Keypress: lctrl
660.0588 	EXP 	Sound  started
660.7771 	DATA 	Keypress: lctrl
660.8088 	EXP 	Sound  started
661.5132 	DATA 	Keypress: lctrl
661.5588 	EXP 	Sound  started
662.3088 	EXP 	Sound  started
663.0588 	EXP 	Sound  started
663.8089 	EXP 	Sound  started
664.5051 	DATA 	Keypress: lctrl
664.5589 	EXP 	Sound  started
665.2091 	DATA 	Keypress: lctrl
665.3089 	EXP 	Sound  started
665.9451 	DATA 	Keypress: lctrl
666.0589 	EXP 	Sound  started
666.7131 	DATA 	Keypress: lctrl
666.8089 	EXP 	Sound  started
667.4331 	DATA 	Keypress: lctrl
667.5589 	EXP 	Sound  started
668.2331 	DATA 	Keypress: lctrl
668.3089 	EXP 	Sound  started
668.9531 	DATA 	Keypress: rctrl
669.0590 	EXP 	Sound  started
669.6411 	DATA 	Keypress: lctrl
669.8090 	EXP 	Sound  started
670.4411 	DATA 	Keypress: rctrl
670.5590 	EXP 	Sound  started
671.3090 	EXP 	Sound  started
671.9452 	DATA 	Keypress: lctrl
672.0590 	EXP 	Sound  started
672.8090 	EXP 	Sound  started
673.4171 	DATA 	Keypress: lctrl
673.5591 	EXP 	Sound  started
674.3091 	EXP 	Sound  started
675.0591 	EXP 	Sound  started
675.8091 	EXP 	Sound  started
676.5591 	EXP 	Sound  started
676.5851 	DATA 	Keypress: lctrl
677.2731 	DATA 	Keypress: lctrl
677.3091 	EXP 	Sound  started
678.0591 	EXP 	Sound  started
678.8092 	EXP 	Sound  started
678.8251 	DATA 	Keypress: lctrl
679.4811 	DATA 	Keypress: lctrl
679.5592 	EXP 	Sound  started
680.1852 	DATA 	Keypress: lctrl
680.3092 	EXP 	Sound  started
680.8571 	DATA 	Keypress: rctrl
681.0592 	EXP 	Sound  started
681.8092 	EXP 	Sound  started
682.5592 	EXP 	Sound  started
682.5691 	DATA 	Keypress: rctrl
683.3092 	EXP 	Sound  started
683.8970 	DATA 	Keypress: lctrl
684.0593 	EXP 	Sound  started
684.6811 	DATA 	Keypress: rctrl
684.8093 	EXP 	Sound  started
685.5131 	DATA 	Keypress: rctrl
685.5593 	EXP 	Sound  started
686.2331 	DATA 	Keypress: rctrl
686.3093 	EXP 	Sound  started
686.9851 	DATA 	Keypress: lctrl
687.0593 	EXP 	Sound  started
687.7211 	DATA 	Keypress: lctrl
687.8094 	EXP 	Sound  started
688.5371 	DATA 	Keypress: lctrl
688.5594 	EXP 	Sound  started
689.2731 	DATA 	Keypress: lctrl
689.3094 	EXP 	Sound  started
690.0571 	DATA 	Keypress: lctrl
690.0594 	EXP 	Sound  started
690.8094 	EXP 	Sound  started
691.5594 	EXP 	Sound  started
692.0891 	DATA 	Keypress: lctrl
692.3094 	EXP 	Sound  started
692.8731 	DATA 	Keypress: lctrl
693.0595 	EXP 	Sound  started
693.6410 	DATA 	Keypress: lctrl
693.8095 	EXP 	Sound  started
694.5595 	EXP 	Sound  started
695.2731 	DATA 	Keypress: lctrl
695.3095 	EXP 	Sound  started
696.0595 	EXP 	Sound  started
696.1371 	DATA 	Keypress: lctrl
696.7611 	DATA 	Keypress: lctrl
696.8095 	EXP 	Sound  started
697.4651 	DATA 	Keypress: rctrl
697.5596 	EXP 	Sound  started
698.1371 	DATA 	Keypress: lctrl
698.3096 	EXP 	Sound  started
699.0596 	EXP 	Sound  started
699.8096 	EXP 	Sound  started
700.5596 	EXP 	Sound  started
701.2252 	DATA 	Keypress: lctrl
701.3096 	EXP 	Sound  started
702.0596 	EXP 	Sound  started
702.8097 	EXP 	Sound  started
703.4971 	DATA 	Keypress: lctrl
703.5597 	EXP 	Sound  started
704.3097 	EXP 	Sound  started
705.0597 	EXP 	Sound  started
705.8097 	EXP 	Sound  started
706.5782 	DATA 	Keypress: lctrl
707.7415 	DATA 	Keypress: 4
707.7580 	EXP 	unnamed ShapeStim: vertices = <class 'numpy.ndarray'>
709.6935 	DATA 	Keypress: 4
709.7101 	EXP 	unnamed ShapeStim: vertices = <class 'numpy.ndarray'>
712.0789 	DATA 	Keypress: 4
712.0953 	EXP 	unnamed ShapeStim: vertices = <class 'numpy.ndarray'>
1687.5128 	DATA 	Keypress: return
1687.5850 	EXP 	window1: mouseVisible = True
