15.0523 	WARNING 	User requested fullscreen with size [1024  768], but screen is actually [1920, 1200]. Using actual size
15.8528 	EXP 	Created window1 = Window(allowGUI=False, allowStencil=False, autoLog=True, backendConf=UNKNOWN, bitsMode=UNKNOWN, blendMode='avg', bpc=(8, 8, 8), color=array([0, 0, 0]), colorSpace='rgb', depthBits=8, fullscr=<method-wrapper '__getattribute__' of attributeSetter object at 0x0000023566187780>, gamma=None, gammaErrorPolicy='raise', lms=UNKNOWN, monitor=<psychopy.monitors.calibTools.Monitor object at 0x00000235678A4080>, multiSample=False, name='window1', numSamples=2, pos=[0.0, 0.0], screen=0, size=array([1920, 1200]), stencilBits=0, stereo=False, units='norm', useFBO=True, useRetina=False, viewOri=0.0, viewPos=None, viewScale=None, waitBlanking=True, winType='pyglet')
15.8532 	EXP 	window1: mouseVisible = True
15.8532 	EXP 	window1: mouseVisible = False
15.8532 	EXP 	window1: recordFrameIntervals = False
16.0194 	EXP 	window1: recordFrameIntervals = True
16.2030 	EXP 	window1: recordFrameIntervals = False
16.2563 	EXP 	Created text = TextStim(__class__=<class 'psychopy.visual.text.TextStim'>, alignHoriz=method-wrapper(...), alignText='center', alignVert=method-wrapper(...), anchorHoriz='center', anchorVert='center', antialias=True, autoLog=True, bold=False, color=array([1., 1., 1.]), colorSpace='rgb', contrast=1.0, depth=0.0, flipHoriz=False, flipVert=False, font='Arial', fontFiles=[], height=0.15, italic=False, languageStyle='LTR', name='text', opacity=1, ori=0, pos=array([0., 0.]), rgb=UNKNOWN, text='+', units='norm', win=Window(...), wrapWidth=1)
16.2786 	EXP 	Created text = TextStim(__class__=<class 'psychopy.visual.text.TextStim'>, alignHoriz=method-wrapper(...), alignText='center', alignVert=method-wrapper(...), anchorHoriz='center', anchorVert='center', antialias=True, autoLog=True, bold=False, color=array([1., 1., 1.]), colorSpace='rgb', contrast=1.0, depth=0.0, flipHoriz=False, flipVert=False, font='Arial', fontFiles=[], height=0.07, italic=False, languageStyle='LTR', name='text', opacity=1, ori=0, pos=array([0., 0.]), rgb=UNKNOWN, text=str(...), units='norm', win=Window(...), wrapWidth=1.65)
16.2878 	EXP 	Created text = TextStim(__class__=<class 'psychopy.visual.text.TextStim'>, alignHoriz=method-wrapper(...), alignText='center', alignVert=method-wrapper(...), anchorHoriz='center', anchorVert='center', antialias=True, autoLog=True, bold=False, color=array([1., 1., 1.]), colorSpace='rgb', contrast=1.0, depth=0.0, flipHoriz=False, flipVert=False, font='Arial', fontFiles=[], height=0.07, italic=False, languageStyle='LTR', name='text', opacity=1, ori=0, pos=array([0., 0.]), rgb=UNKNOWN, text=str(...), units='norm', win=Window(...), wrapWidth=1.65)
16.2967 	EXP 	Created text = TextStim(__class__=<class 'psychopy.visual.text.TextStim'>, alignHoriz=method-wrapper(...), alignText='center', alignVert=method-wrapper(...), anchorHoriz='center', anchorVert='center', antialias=True, autoLog=True, bold=False, color=array([1., 1., 1.]), colorSpace='rgb', contrast=1.0, depth=0.0, flipHoriz=False, flipVert=False, font='Arial', fontFiles=[], height=0.07, italic=False, languageStyle='LTR', name='text', opacity=1, ori=0, pos=array([0., 0.]), rgb=UNKNOWN, text=str(...), units='norm', win=Window(...), wrapWidth=1.65)
16.3055 	EXP 	Created text = TextStim(__class__=<class 'psychopy.visual.text.TextStim'>, alignHoriz=method-wrapper(...), alignText='center', alignVert=method-wrapper(...), anchorHoriz='center', anchorVert='center', antialias=True, autoLog=True, bold=False, color=array([1., 1., 1.]), colorSpace='rgb', contrast=1.0, depth=0.0, flipHoriz=False, flipVert=False, font='Arial', fontFiles=[], height=0.07, italic=False, languageStyle='LTR', name='text', opacity=1, ori=0, pos=array([0., 0.]), rgb=UNKNOWN, text=str(...), units='norm', win=Window(...), wrapWidth=1.65)
16.3111 	EXP 	Created text = TextStim(__class__=<class 'psychopy.visual.text.TextStim'>, alignHoriz=method-wrapper(...), alignText='center', alignVert=method-wrapper(...), anchorHoriz='center', anchorVert='center', antialias=True, autoLog=True, bold=False, color=array([1., 1., 1.]), colorSpace='rgb', contrast=1.0, depth=0.0, flipHoriz=False, flipVert=False, font='Arial', fontFiles=[], height=0.07, italic=False, languageStyle='LTR', name='text', opacity=1, ori=0, pos=array([0., 0.]), rgb=UNKNOWN, text=str(...), units='norm', win=Window(...), wrapWidth=1.65)
16.3260 	EXP 	Created text = TextStim(__class__=<class 'psychopy.visual.text.TextStim'>, alignHoriz=method-wrapper(...), alignText='center', alignVert=method-wrapper(...), anchorHoriz='center', anchorVert='center', antialias=True, autoLog=True, bold=False, color=array([1., 1., 1.]), colorSpace='rgb', contrast=1.0, depth=0.0, flipHoriz=False, flipVert=False, font='Arial', fontFiles=[], height=0.15, italic=False, languageStyle='LTR', name='text', opacity=1, ori=0, pos=array([0., 0.]), rgb=UNKNOWN, text=str(...), units='norm', win=Window(...), wrapWidth=1.65)
16.3544 	EXP 	Created text = TextStim(__class__=<class 'psychopy.visual.text.TextStim'>, alignHoriz=method-wrapper(...), alignText='center', alignVert=method-wrapper(...), anchorHoriz='center', anchorVert='center', antialias=True, autoLog=True, bold=False, color=array([1., 1., 1.]), colorSpace='rgb', contrast=1.0, depth=0.0, flipHoriz=False, flipVert=False, font='Arial', fontFiles=[], height=0.07, italic=False, languageStyle='LTR', name='text', opacity=1, ori=0, pos=array([0., 0.]), rgb=UNKNOWN, text=str(...), units='norm', win=Window(...), wrapWidth=1.65)
16.3756 	EXP 	Created text = TextStim(__class__=<class 'psychopy.visual.text.TextStim'>, alignHoriz=method-wrapper(...), alignText='center', alignVert=method-wrapper(...), anchorHoriz='center', anchorVert='center', antialias=True, autoLog=True, bold=False, color=array([1., 1., 1.]), colorSpace='rgb', contrast=1.0, depth=0.0, flipHoriz=False, flipVert=False, font='Arial', fontFiles=[], height=0.07, italic=False, languageStyle='LTR', name='text', opacity=1, ori=0, pos=array([0., 0.]), rgb=UNKNOWN, text=str(...), units='norm', win=Window(...), wrapWidth=1.65)
16.4049 	EXP 	Created text = TextStim(__class__=<class 'psychopy.visual.text.TextStim'>, alignHoriz=method-wrapper(...), alignText='center', alignVert=method-wrapper(...), anchorHoriz='center', anchorVert='center', antialias=True, autoLog=True, bold=False, color=array([1., 1., 1.]), colorSpace='rgb', contrast=1.0, depth=0.0, flipHoriz=False, flipVert=False, font='Arial', fontFiles=[], height=0.07, italic=False, languageStyle='LTR', name='text', opacity=1, ori=0, pos=array([0., 0.]), rgb=UNKNOWN, text=str(...), units='norm', win=Window(...), wrapWidth=1.65)
16.4282 	EXP 	Created text = TextStim(__class__=<class 'psychopy.visual.text.TextStim'>, alignHoriz=method-wrapper(...), alignText='center', alignVert=method-wrapper(...), anchorHoriz='center', anchorVert='center', antialias=True, autoLog=True, bold=False, color=array([1., 1., 1.]), colorSpace='rgb', contrast=1.0, depth=0.0, flipHoriz=False, flipVert=False, font='Arial', fontFiles=[], height=0.07, italic=False, languageStyle='LTR', name='text', opacity=1, ori=0, pos=array([0., 0.]), rgb=UNKNOWN, text=str(...), units='norm', win=Window(...), wrapWidth=1.65)
16.4572 	EXP 	Created text = TextStim(__class__=<class 'psychopy.visual.text.TextStim'>, alignHoriz=method-wrapper(...), alignText='center', alignVert=method-wrapper(...), anchorHoriz='center', anchorVert='center', antialias=True, autoLog=True, bold=False, color=array([1., 1., 1.]), colorSpace='rgb', contrast=1.0, depth=0.0, flipHoriz=False, flipVert=False, font='Arial', fontFiles=[], height=0.07, italic=False, languageStyle='LTR', name='text', opacity=1, ori=0, pos=array([0., 0.]), rgb=UNKNOWN, text=str(...), units='norm', win=Window(...), wrapWidth=1.65)
16.4675 	EXP 	Created text = TextStim(__class__=<class 'psychopy.visual.text.TextStim'>, alignHoriz=method-wrapper(...), alignText='center', alignVert=method-wrapper(...), anchorHoriz='center', anchorVert='center', antialias=True, autoLog=True, bold=False, color=array([1., 1., 1.]), colorSpace='rgb', contrast=1.0, depth=0.0, flipHoriz=False, flipVert=False, font='Arial', fontFiles=[], height=0.07, italic=False, languageStyle='LTR', name='text', opacity=1, ori=0, pos=array([0., 0.]), rgb=UNKNOWN, text=str(...), units='norm', win=Window(...), wrapWidth=1.65)
16.4798 	EXP 	Created text = TextStim(__class__=<class 'psychopy.visual.text.TextStim'>, alignHoriz=method-wrapper(...), alignText='center', alignVert=method-wrapper(...), anchorHoriz='center', anchorVert='center', antialias=True, autoLog=True, bold=False, color=array([1., 1., 1.]), colorSpace='rgb', contrast=1.0, depth=0.0, flipHoriz=False, flipVert=False, font='Arial', fontFiles=[], height=0.07, italic=False, languageStyle='LTR', name='text', opacity=1, ori=0, pos=array([0., 0.]), rgb=UNKNOWN, text=str(...), units='norm', win=Window(...), wrapWidth=1.65)
16.4841 	EXP 	Created instru = TextStim(__class__=<class 'psychopy.visual.text.TextStim'>, alignHoriz=method-wrapper(...), alignText='center', alignVert=method-wrapper(...), anchorHoriz='center', anchorVert='center', antialias=True, autoLog=True, bold=False, color=array([1., 1., 1.]), colorSpace='rgb', contrast=1.0, depth=0.0, flipHoriz=False, flipVert=False, font='Arial', fontFiles=[], height=0.07, italic=False, languageStyle='LTR', name='instru', opacity=1, ori=0, pos=array([0. , 0.5]), rgb=UNKNOWN, text=str(...), units='norm', win=Window(...), wrapWidth=1)
16.4866 	EXP 	Created unnamed Line = Line(__class__=<class 'psychopy.visual.line.Line'>, autoDraw=False, autoLog=True, closeShape=False, color=array([1., 1., 1.]), colorSpace='rgb', contrast=None, depth=0, fillColor=array([0, 0, 0]), fillColorSpace='rgb', fillRGB=array([0, 0, 0]), interpolate=True, lineColor=array([1., 1., 1.]), lineColorSpace='rgb', lineRGB=array([1, 1, 1]), lineWidth=5, name='unnamed Line', opacity=0.5, ori=0.0, pos=array([0., 0.]), size=array([1., 1.]), units='norm', vertices=array([[-0.5,  0. ],
       [ 0.5,  0. ]]), win=Window(...), windingRule=None)
16.4887 	EXP 	Created unnamed Line = Line(__class__=<class 'psychopy.visual.line.Line'>, autoDraw=False, autoLog=True, closeShape=False, color=array([1., 1., 1.]), colorSpace='rgb', contrast=None, depth=0, fillColor=array([0, 0, 0]), fillColorSpace='rgb', fillRGB=array([0, 0, 0]), interpolate=True, lineColor=array([1., 1., 1.]), lineColorSpace='rgb', lineRGB=array([1, 1, 1]), lineWidth=3, name='unnamed Line', opacity=0.5, ori=0.0, pos=array([0., 0.]), size=array([1., 1.]), units='norm', vertices=array([[-0.5 , -0.05],
       [-0.5 ,  0.05]]), win=Window(...), windingRule=None)
16.4907 	EXP 	Created unnamed Line = Line(__class__=<class 'psychopy.visual.line.Line'>, autoDraw=False, autoLog=True, closeShape=False, color=array([1., 1., 1.]), colorSpace='rgb', contrast=None, depth=0, fillColor=array([0, 0, 0]), fillColorSpace='rgb', fillRGB=array([0, 0, 0]), interpolate=True, lineColor=array([1., 1., 1.]), lineColorSpace='rgb', lineRGB=array([1, 1, 1]), lineWidth=3, name='unnamed Line', opacity=0.5, ori=0.0, pos=array([0., 0.]), size=array([1., 1.]), units='norm', vertices=ndarray(...), win=Window(...), windingRule=None)
16.4926 	EXP 	Created unnamed Line = Line(__class__=<class 'psychopy.visual.line.Line'>, autoDraw=False, autoLog=True, closeShape=False, color=array([1., 1., 1.]), colorSpace='rgb', contrast=None, depth=0, fillColor=array([0, 0, 0]), fillColorSpace='rgb', fillRGB=array([0, 0, 0]), interpolate=True, lineColor=array([1., 1., 1.]), lineColorSpace='rgb', lineRGB=array([1, 1, 1]), lineWidth=3, name='unnamed Line', opacity=0.5, ori=0.0, pos=array([0., 0.]), size=array([1., 1.]), units='norm', vertices=ndarray(...), win=Window(...), windingRule=None)
16.4946 	EXP 	Created unnamed Line = Line(__class__=<class 'psychopy.visual.line.Line'>, autoDraw=False, autoLog=True, closeShape=False, color=array([1., 1., 1.]), colorSpace='rgb', contrast=None, depth=0, fillColor=array([0, 0, 0]), fillColorSpace='rgb', fillRGB=array([0, 0, 0]), interpolate=True, lineColor=array([1., 1., 1.]), lineColorSpace='rgb', lineRGB=array([1, 1, 1]), lineWidth=3, name='unnamed Line', opacity=0.5, ori=0.0, pos=array([0., 0.]), size=array([1., 1.]), units='norm', vertices=array([[ 0.5 , -0.05],
       [ 0.5 ,  0.05]]), win=Window(...), windingRule=None)
16.5081 	EXP 	Created unnamed TextStim = TextStim(__class__=<class 'psychopy.visual.text.TextStim'>, alignHoriz=method-wrapper(...), alignText='center', alignVert=method-wrapper(...), anchorHoriz='center', anchorVert='center', antialias=True, autoLog=True, bold=False, color=array([1., 1., 1.]), colorSpace='rgb', contrast=1.0, depth=0, flipHoriz=False, flipVert=False, font='', fontFiles=[], height=0.05, italic=False, languageStyle='LTR', name='unnamed TextStim', opacity=1.0, ori=0.0, pos=array([-0.5, -0.1]), rgb=UNKNOWN, text='Helt klart \n IKKE FOKUSERT', units='norm', win=Window(...), wrapWidth=1)
16.5091 	EXP 	Created unnamed TextStim = TextStim(__class__=<class 'psychopy.visual.text.TextStim'>, alignHoriz=method-wrapper(...), alignText='center', alignVert=method-wrapper(...), anchorHoriz='center', anchorVert='center', antialias=True, autoLog=True, bold=False, color=array([1., 1., 1.]), colorSpace='rgb', contrast=1.0, depth=0, flipHoriz=False, flipVert=False, font='', fontFiles=[], height=0.05, italic=False, languageStyle='LTR', name='unnamed TextStim', opacity=1.0, ori=0.0, pos=array([-0.16666667, -0.1       ]), rgb=UNKNOWN, text='', units='norm', win=Window(...), wrapWidth=1)
16.5101 	EXP 	Created unnamed TextStim = TextStim(__class__=<class 'psychopy.visual.text.TextStim'>, alignHoriz=method-wrapper(...), alignText='center', alignVert=method-wrapper(...), anchorHoriz='center', anchorVert='center', antialias=True, autoLog=True, bold=False, color=array([1., 1., 1.]), colorSpace='rgb', contrast=1.0, depth=0, flipHoriz=False, flipVert=False, font='', fontFiles=[], height=0.05, italic=False, languageStyle='LTR', name='unnamed TextStim', opacity=1.0, ori=0.0, pos=array([ 0.16666667, -0.1       ]), rgb=UNKNOWN, text='', units='norm', win=Window(...), wrapWidth=1)
16.5133 	EXP 	Created unnamed TextStim = TextStim(__class__=<class 'psychopy.visual.text.TextStim'>, alignHoriz=method-wrapper(...), alignText='center', alignVert=method-wrapper(...), anchorHoriz='center', anchorVert='center', antialias=True, autoLog=True, bold=False, color=array([1., 1., 1.]), colorSpace='rgb', contrast=1.0, depth=0, flipHoriz=False, flipVert=False, font='', fontFiles=[], height=0.05, italic=False, languageStyle='LTR', name='unnamed TextStim', opacity=1.0, ori=0.0, pos=array([ 0.5, -0.1]), rgb=UNKNOWN, text='Helt klart \n FOKUSERT', units='norm', win=Window(...), wrapWidth=1)
16.5152 	EXP 	Created unnamed ShapeStim = ShapeStim(__class__=<class 'psychopy.visual.shape.ShapeStim'>, autoDraw=False, autoLog=True, closeShape=True, color=method-wrapper(...), colorSpace='rgb', contrast=None, depth=0, fillColor=array([1, 1, 1]), fillColorSpace='rgb', fillRGB=array([1, 1, 1]), interpolate=True, lineColor=array([-1., -1., -1.]), lineColorSpace='rgb', lineRGB=array([-1, -1, -1]), lineWidth=1.5, name='unnamed ShapeStim', opacity=1.0, ori=0.0, pos=array([0., 0.]), size=array([1., 1.]), units='norm', vertices=ndarray(...), win=Window(...), windingRule=None)
16.5218 	EXP 	Created instru = TextStim(__class__=<class 'psychopy.visual.text.TextStim'>, alignHoriz=method-wrapper(...), alignText='center', alignVert=method-wrapper(...), anchorHoriz='center', anchorVert='center', antialias=True, autoLog=True, bold=False, color=array([1., 1., 1.]), colorSpace='rgb', contrast=1.0, depth=0.0, flipHoriz=False, flipVert=False, font='Arial', fontFiles=[], height=0.07, italic=False, languageStyle='LTR', name='instru', opacity=1, ori=0, pos=array([0. , 0.5]), rgb=UNKNOWN, text=str(...), units='norm', win=Window(...), wrapWidth=1)
16.5238 	EXP 	Created unnamed Line = Line(__class__=<class 'psychopy.visual.line.Line'>, autoDraw=False, autoLog=True, closeShape=False, color=array([1., 1., 1.]), colorSpace='rgb', contrast=None, depth=0, fillColor=array([0, 0, 0]), fillColorSpace='rgb', fillRGB=array([0, 0, 0]), interpolate=True, lineColor=array([1., 1., 1.]), lineColorSpace='rgb', lineRGB=array([1, 1, 1]), lineWidth=5, name='unnamed Line', opacity=0.5, ori=0.0, pos=array([0., 0.]), size=array([1., 1.]), units='norm', vertices=array([[-0.5,  0. ],
       [ 0.5,  0. ]]), win=Window(...), windingRule=None)
16.5258 	EXP 	Created unnamed Line = Line(__class__=<class 'psychopy.visual.line.Line'>, autoDraw=False, autoLog=True, closeShape=False, color=array([1., 1., 1.]), colorSpace='rgb', contrast=None, depth=0, fillColor=array([0, 0, 0]), fillColorSpace='rgb', fillRGB=array([0, 0, 0]), interpolate=True, lineColor=array([1., 1., 1.]), lineColorSpace='rgb', lineRGB=array([1, 1, 1]), lineWidth=3, name='unnamed Line', opacity=0.5, ori=0.0, pos=array([0., 0.]), size=array([1., 1.]), units='norm', vertices=array([[-0.5 , -0.05],
       [-0.5 ,  0.05]]), win=Window(...), windingRule=None)
16.5277 	EXP 	Created unnamed Line = Line(__class__=<class 'psychopy.visual.line.Line'>, autoDraw=False, autoLog=True, closeShape=False, color=array([1., 1., 1.]), colorSpace='rgb', contrast=None, depth=0, fillColor=array([0, 0, 0]), fillColorSpace='rgb', fillRGB=array([0, 0, 0]), interpolate=True, lineColor=array([1., 1., 1.]), lineColorSpace='rgb', lineRGB=array([1, 1, 1]), lineWidth=3, name='unnamed Line', opacity=0.5, ori=0.0, pos=array([0., 0.]), size=array([1., 1.]), units='norm', vertices=ndarray(...), win=Window(...), windingRule=None)
16.5297 	EXP 	Created unnamed Line = Line(__class__=<class 'psychopy.visual.line.Line'>, autoDraw=False, autoLog=True, closeShape=False, color=array([1., 1., 1.]), colorSpace='rgb', contrast=None, depth=0, fillColor=array([0, 0, 0]), fillColorSpace='rgb', fillRGB=array([0, 0, 0]), interpolate=True, lineColor=array([1., 1., 1.]), lineColorSpace='rgb', lineRGB=array([1, 1, 1]), lineWidth=3, name='unnamed Line', opacity=0.5, ori=0.0, pos=array([0., 0.]), size=array([1., 1.]), units='norm', vertices=ndarray(...), win=Window(...), windingRule=None)
16.5317 	EXP 	Created unnamed Line = Line(__class__=<class 'psychopy.visual.line.Line'>, autoDraw=False, autoLog=True, closeShape=False, color=array([1., 1., 1.]), colorSpace='rgb', contrast=None, depth=0, fillColor=array([0, 0, 0]), fillColorSpace='rgb', fillRGB=array([0, 0, 0]), interpolate=True, lineColor=array([1., 1., 1.]), lineColorSpace='rgb', lineRGB=array([1, 1, 1]), lineWidth=3, name='unnamed Line', opacity=0.5, ori=0.0, pos=array([0., 0.]), size=array([1., 1.]), units='norm', vertices=array([[ 0.5 , -0.05],
       [ 0.5 ,  0.05]]), win=Window(...), windingRule=None)
16.5366 	EXP 	Created unnamed TextStim = TextStim(__class__=<class 'psychopy.visual.text.TextStim'>, alignHoriz=method-wrapper(...), alignText='center', alignVert=method-wrapper(...), anchorHoriz='center', anchorVert='center', antialias=True, autoLog=True, bold=False, color=array([1., 1., 1.]), colorSpace='rgb', contrast=1.0, depth=0, flipHoriz=False, flipVert=False, font='', fontFiles=[], height=0.05, italic=False, languageStyle='LTR', name='unnamed TextStim', opacity=1.0, ori=0.0, pos=array([-0.5, -0.1]), rgb=UNKNOWN, text='Helt klart \n INGENTING', units='norm', win=Window(...), wrapWidth=1)
16.5377 	EXP 	Created unnamed TextStim = TextStim(__class__=<class 'psychopy.visual.text.TextStim'>, alignHoriz=method-wrapper(...), alignText='center', alignVert=method-wrapper(...), anchorHoriz='center', anchorVert='center', antialias=True, autoLog=True, bold=False, color=array([1., 1., 1.]), colorSpace='rgb', contrast=1.0, depth=0, flipHoriz=False, flipVert=False, font='', fontFiles=[], height=0.05, italic=False, languageStyle='LTR', name='unnamed TextStim', opacity=1.0, ori=0.0, pos=array([-0.16666667, -0.1       ]), rgb=UNKNOWN, text='', units='norm', win=Window(...), wrapWidth=1)
16.5387 	EXP 	Created unnamed TextStim = TextStim(__class__=<class 'psychopy.visual.text.TextStim'>, alignHoriz=method-wrapper(...), alignText='center', alignVert=method-wrapper(...), anchorHoriz='center', anchorVert='center', antialias=True, autoLog=True, bold=False, color=array([1., 1., 1.]), colorSpace='rgb', contrast=1.0, depth=0, flipHoriz=False, flipVert=False, font='', fontFiles=[], height=0.05, italic=False, languageStyle='LTR', name='unnamed TextStim', opacity=1.0, ori=0.0, pos=array([ 0.16666667, -0.1       ]), rgb=UNKNOWN, text='', units='norm', win=Window(...), wrapWidth=1)
16.5417 	EXP 	Created unnamed TextStim = TextStim(__class__=<class 'psychopy.visual.text.TextStim'>, alignHoriz=method-wrapper(...), alignText='center', alignVert=method-wrapper(...), anchorHoriz='center', anchorVert='center', antialias=True, autoLog=True, bold=False, color=array([1., 1., 1.]), colorSpace='rgb', contrast=1.0, depth=0, flipHoriz=False, flipVert=False, font='', fontFiles=[], height=0.05, italic=False, languageStyle='LTR', name='unnamed TextStim', opacity=1.0, ori=0.0, pos=array([ 0.5, -0.1]), rgb=UNKNOWN, text='Helt klart \n NOE', units='norm', win=Window(...), wrapWidth=1)
16.5435 	EXP 	Created unnamed ShapeStim = ShapeStim(__class__=<class 'psychopy.visual.shape.ShapeStim'>, autoDraw=False, autoLog=True, closeShape=True, color=method-wrapper(...), colorSpace='rgb', contrast=None, depth=0, fillColor=array([1, 1, 1]), fillColorSpace='rgb', fillRGB=array([1, 1, 1]), interpolate=True, lineColor=array([-1., -1., -1.]), lineColorSpace='rgb', lineRGB=array([-1, -1, -1]), lineWidth=1.5, name='unnamed ShapeStim', opacity=1.0, ori=0.0, pos=array([0., 0.]), size=array([1., 1.]), units='norm', vertices=ndarray(...), win=Window(...), windingRule=None)
16.5502 	EXP 	Created instru = TextStim(__class__=<class 'psychopy.visual.text.TextStim'>, alignHoriz=method-wrapper(...), alignText='center', alignVert=method-wrapper(...), anchorHoriz='center', anchorVert='center', antialias=True, autoLog=True, bold=False, color=array([1., 1., 1.]), colorSpace='rgb', contrast=1.0, depth=0.0, flipHoriz=False, flipVert=False, font='Arial', fontFiles=[], height=0.07, italic=False, languageStyle='LTR', name='instru', opacity=1, ori=0, pos=array([0. , 0.5]), rgb=UNKNOWN, text=str(...), units='norm', win=Window(...), wrapWidth=1)
16.5521 	EXP 	Created unnamed Line = Line(__class__=<class 'psychopy.visual.line.Line'>, autoDraw=False, autoLog=True, closeShape=False, color=array([1., 1., 1.]), colorSpace='rgb', contrast=None, depth=0, fillColor=array([0, 0, 0]), fillColorSpace='rgb', fillRGB=array([0, 0, 0]), interpolate=True, lineColor=array([1., 1., 1.]), lineColorSpace='rgb', lineRGB=array([1, 1, 1]), lineWidth=5, name='unnamed Line', opacity=0.5, ori=0.0, pos=array([0., 0.]), size=array([1., 1.]), units='norm', vertices=array([[-0.5,  0. ],
       [ 0.5,  0. ]]), win=Window(...), windingRule=None)
16.5542 	EXP 	Created unnamed Line = Line(__class__=<class 'psychopy.visual.line.Line'>, autoDraw=False, autoLog=True, closeShape=False, color=array([1., 1., 1.]), colorSpace='rgb', contrast=None, depth=0, fillColor=array([0, 0, 0]), fillColorSpace='rgb', fillRGB=array([0, 0, 0]), interpolate=True, lineColor=array([1., 1., 1.]), lineColorSpace='rgb', lineRGB=array([1, 1, 1]), lineWidth=3, name='unnamed Line', opacity=0.5, ori=0.0, pos=array([0., 0.]), size=array([1., 1.]), units='norm', vertices=array([[-0.5 , -0.05],
       [-0.5 ,  0.05]]), win=Window(...), windingRule=None)
16.5561 	EXP 	Created unnamed Line = Line(__class__=<class 'psychopy.visual.line.Line'>, autoDraw=False, autoLog=True, closeShape=False, color=array([1., 1., 1.]), colorSpace='rgb', contrast=None, depth=0, fillColor=array([0, 0, 0]), fillColorSpace='rgb', fillRGB=array([0, 0, 0]), interpolate=True, lineColor=array([1., 1., 1.]), lineColorSpace='rgb', lineRGB=array([1, 1, 1]), lineWidth=3, name='unnamed Line', opacity=0.5, ori=0.0, pos=array([0., 0.]), size=array([1., 1.]), units='norm', vertices=ndarray(...), win=Window(...), windingRule=None)
16.5581 	EXP 	Created unnamed Line = Line(__class__=<class 'psychopy.visual.line.Line'>, autoDraw=False, autoLog=True, closeShape=False, color=array([1., 1., 1.]), colorSpace='rgb', contrast=None, depth=0, fillColor=array([0, 0, 0]), fillColorSpace='rgb', fillRGB=array([0, 0, 0]), interpolate=True, lineColor=array([1., 1., 1.]), lineColorSpace='rgb', lineRGB=array([1, 1, 1]), lineWidth=3, name='unnamed Line', opacity=0.5, ori=0.0, pos=array([0., 0.]), size=array([1., 1.]), units='norm', vertices=ndarray(...), win=Window(...), windingRule=None)
16.5600 	EXP 	Created unnamed Line = Line(__class__=<class 'psychopy.visual.line.Line'>, autoDraw=False, autoLog=True, closeShape=False, color=array([1., 1., 1.]), colorSpace='rgb', contrast=None, depth=0, fillColor=array([0, 0, 0]), fillColorSpace='rgb', fillRGB=array([0, 0, 0]), interpolate=True, lineColor=array([1., 1., 1.]), lineColorSpace='rgb', lineRGB=array([1, 1, 1]), lineWidth=3, name='unnamed Line', opacity=0.5, ori=0.0, pos=array([0., 0.]), size=array([1., 1.]), units='norm', vertices=array([[ 0.5 , -0.05],
       [ 0.5 ,  0.05]]), win=Window(...), windingRule=None)
16.5648 	EXP 	Created unnamed TextStim = TextStim(__class__=<class 'psychopy.visual.text.TextStim'>, alignHoriz=method-wrapper(...), alignText='center', alignVert=method-wrapper(...), anchorHoriz='center', anchorVert='center', antialias=True, autoLog=True, bold=False, color=array([1., 1., 1.]), colorSpace='rgb', contrast=1.0, depth=0, flipHoriz=False, flipVert=False, font='', fontFiles=[], height=0.05, italic=False, languageStyle='LTR', name='unnamed TextStim', opacity=1.0, ori=0.0, pos=array([-0.5, -0.1]), rgb=UNKNOWN, text='Helt klart \n SPONTAN', units='norm', win=Window(...), wrapWidth=1)
16.5658 	EXP 	Created unnamed TextStim = TextStim(__class__=<class 'psychopy.visual.text.TextStim'>, alignHoriz=method-wrapper(...), alignText='center', alignVert=method-wrapper(...), anchorHoriz='center', anchorVert='center', antialias=True, autoLog=True, bold=False, color=array([1., 1., 1.]), colorSpace='rgb', contrast=1.0, depth=0, flipHoriz=False, flipVert=False, font='', fontFiles=[], height=0.05, italic=False, languageStyle='LTR', name='unnamed TextStim', opacity=1.0, ori=0.0, pos=array([-0.16666667, -0.1       ]), rgb=UNKNOWN, text='', units='norm', win=Window(...), wrapWidth=1)
16.5668 	EXP 	Created unnamed TextStim = TextStim(__class__=<class 'psychopy.visual.text.TextStim'>, alignHoriz=method-wrapper(...), alignText='center', alignVert=method-wrapper(...), anchorHoriz='center', anchorVert='center', antialias=True, autoLog=True, bold=False, color=array([1., 1., 1.]), colorSpace='rgb', contrast=1.0, depth=0, flipHoriz=False, flipVert=False, font='', fontFiles=[], height=0.05, italic=False, languageStyle='LTR', name='unnamed TextStim', opacity=1.0, ori=0.0, pos=array([ 0.16666667, -0.1       ]), rgb=UNKNOWN, text='', units='norm', win=Window(...), wrapWidth=1)
16.5715 	EXP 	Created unnamed TextStim = TextStim(__class__=<class 'psychopy.visual.text.TextStim'>, alignHoriz=method-wrapper(...), alignText='center', alignVert=method-wrapper(...), anchorHoriz='center', anchorVert='center', antialias=True, autoLog=True, bold=False, color=array([1., 1., 1.]), colorSpace='rgb', contrast=1.0, depth=0, flipHoriz=False, flipVert=False, font='', fontFiles=[], height=0.05, italic=False, languageStyle='LTR', name='unnamed TextStim', opacity=1.0, ori=0.0, pos=array([ 0.5, -0.1]), rgb=UNKNOWN, text='Helt klart \n BEVISST', units='norm', win=Window(...), wrapWidth=1)
16.5732 	EXP 	Created unnamed ShapeStim = ShapeStim(__class__=<class 'psychopy.visual.shape.ShapeStim'>, autoDraw=False, autoLog=True, closeShape=True, color=method-wrapper(...), colorSpace='rgb', contrast=None, depth=0, fillColor=array([1, 1, 1]), fillColorSpace='rgb', fillRGB=array([1, 1, 1]), interpolate=True, lineColor=array([-1., -1., -1.]), lineColorSpace='rgb', lineRGB=array([-1, -1, -1]), lineWidth=1.5, name='unnamed ShapeStim', opacity=1.0, ori=0.0, pos=array([0., 0.]), size=array([1., 1.]), units='norm', vertices=ndarray(...), win=Window(...), windingRule=None)
16.6230 	EXP 	Sound  set volume 1.000
16.6557 	EXP 	unnamed ShapeStim: vertices = <class 'numpy.ndarray'>
16.6557 	EXP 	unnamed ShapeStim: vertices = <class 'numpy.ndarray'>
16.6557 	EXP 	unnamed ShapeStim: vertices = <class 'numpy.ndarray'>
21.9109 	DATA 	Keypress: rctrl
22.4251 	EXP 	Sound  started
22.9028 	DATA 	Keypress: rctrl
23.1749 	EXP 	Sound  started
23.8949 	DATA 	Keypress: rctrl
23.9249 	EXP 	Sound  started
24.6308 	DATA 	Keypress: rctrl
24.6749 	EXP 	Sound  started
25.3988 	DATA 	Keypress: rctrl
25.4250 	EXP 	Sound  started
26.1750 	EXP 	Sound  started
26.1989 	DATA 	Keypress: lctrl
26.9250 	EXP 	Sound  started
26.9668 	DATA 	Keypress: lctrl
27.6750 	EXP 	Sound  started
27.6869 	DATA 	Keypress: rctrl
28.4229 	DATA 	Keypress: rctrl
28.4251 	EXP 	Sound  started
29.1588 	DATA 	Keypress: rctrl
29.1751 	EXP 	Sound  started
29.9108 	DATA 	Keypress: lctrl
29.9251 	EXP 	Sound  started
30.6751 	EXP 	Sound  started
30.6948 	DATA 	Keypress: lctrl
31.4251 	EXP 	Sound  started
31.4468 	DATA 	Keypress: lctrl
32.0868 	DATA 	Keypress: rctrl
32.1751 	EXP 	Sound  started
32.9188 	DATA 	Keypress: rctrl
32.9251 	EXP 	Sound  started
33.6548 	DATA 	Keypress: lctrl
33.6751 	EXP 	Sound  started
34.4251 	EXP 	Sound  started
34.4388 	DATA 	Keypress: lctrl
35.1752 	EXP 	Sound  started
35.1909 	DATA 	Keypress: rctrl
35.9252 	EXP 	Sound  started
35.9429 	DATA 	Keypress: rctrl
36.6752 	EXP 	Sound  started
36.7269 	DATA 	Keypress: lctrl
37.4252 	EXP 	Sound  started
37.4629 	DATA 	Keypress: lctrl
38.1752 	EXP 	Sound  started
38.2149 	DATA 	Keypress: rctrl
38.9252 	EXP 	Sound  started
38.9348 	DATA 	Keypress: rctrl
39.6548 	DATA 	Keypress: rctrl
39.6753 	EXP 	Sound  started
40.3909 	DATA 	Keypress: rctrl
40.4253 	EXP 	Sound  started
41.1588 	DATA 	Keypress: lctrl
41.1753 	EXP 	Sound  started
41.8628 	DATA 	Keypress: rctrl
41.9253 	EXP 	Sound  started
42.6468 	DATA 	Keypress: lctrl
42.6753 	EXP 	Sound  started
43.4148 	DATA 	Keypress: lctrl
43.4253 	EXP 	Sound  started
44.1349 	DATA 	Keypress: rctrl
44.1753 	EXP 	Sound  started
44.9189 	DATA 	Keypress: rctrl
44.9254 	EXP 	Sound  started
45.6068 	DATA 	Keypress: rctrl
45.6754 	EXP 	Sound  started
46.4228 	DATA 	Keypress: lctrl
46.4254 	EXP 	Sound  started
47.1754 	EXP 	Sound  started
47.2069 	DATA 	Keypress: lctrl
47.9254 	EXP 	Sound  started
47.9269 	DATA 	Keypress: rctrl
48.6628 	DATA 	Keypress: lctrl
48.6754 	EXP 	Sound  started
49.4254 	EXP 	Sound  started
49.4309 	DATA 	Keypress: rctrl
50.1508 	DATA 	Keypress: rctrl
50.1755 	EXP 	Sound  started
50.9028 	DATA 	Keypress: rctrl
50.9255 	EXP 	Sound  started
51.6708 	DATA 	Keypress: lctrl
51.6755 	EXP 	Sound  started
52.4068 	DATA 	Keypress: lctrl
52.4255 	EXP 	Sound  started
53.1755 	EXP 	Sound  started
53.1910 	DATA 	Keypress: lctrl
53.8949 	DATA 	Keypress: rctrl
53.9255 	EXP 	Sound  started
54.6468 	DATA 	Keypress: rctrl
54.6755 	EXP 	Sound  started
55.3988 	DATA 	Keypress: lctrl
55.4256 	EXP 	Sound  started
56.1668 	DATA 	Keypress: rctrl
56.1756 	EXP 	Sound  started
56.9028 	DATA 	Keypress: rctrl
56.9256 	EXP 	Sound  started
57.6709 	DATA 	Keypress: rctrl
57.6756 	EXP 	Sound  started
58.4229 	DATA 	Keypress: lctrl
58.4256 	EXP 	Sound  started
59.1756 	EXP 	Sound  started
59.2068 	DATA 	Keypress: lctrl
59.9256 	EXP 	Sound  started
59.9268 	DATA 	Keypress: lctrl
60.6757 	EXP 	Sound  started
60.7108 	DATA 	Keypress: lctrl
61.4257 	EXP 	Sound  started
61.4308 	DATA 	Keypress: rctrl
62.1757 	EXP 	Sound  started
62.1988 	DATA 	Keypress: rctrl
62.9257 	EXP 	Sound  started
62.9509 	DATA 	Keypress: lctrl
63.6757 	EXP 	Sound  started
63.7188 	DATA 	Keypress: rctrl
64.4257 	EXP 	Sound  started
64.5029 	DATA 	Keypress: rctrl
65.1758 	EXP 	Sound  started
65.2548 	DATA 	Keypress: lctrl
65.9258 	EXP 	Sound  started
65.9428 	DATA 	Keypress: lctrl
66.6758 	EXP 	Sound  started
66.7268 	DATA 	Keypress: rctrl
67.4258 	EXP 	Sound  started
67.4468 	DATA 	Keypress: rctrl
68.1758 	EXP 	Sound  started
68.2148 	DATA 	Keypress: rctrl
68.9258 	EXP 	Sound  started
69.0148 	DATA 	Keypress: lctrl
69.6758 	EXP 	Sound  started
69.7508 	DATA 	Keypress: lctrl
70.4258 	EXP 	Sound  started
70.4548 	DATA 	Keypress: rctrl
71.1759 	EXP 	Sound  started
71.2868 	DATA 	Keypress: rctrl
71.9259 	EXP 	Sound  started
71.9748 	DATA 	Keypress: lctrl
72.6759 	EXP 	Sound  started
72.7429 	DATA 	Keypress: rctrl
73.4259 	EXP 	Sound  started
73.4468 	DATA 	Keypress: lctrl
74.1759 	EXP 	Sound  started
74.1828 	DATA 	Keypress: lctrl
74.8868 	DATA 	Keypress: rctrl
74.9259 	EXP 	Sound  started
75.6549 	DATA 	Keypress: lctrl
75.6759 	EXP 	Sound  started
76.4259 	EXP 	Sound  started
76.4547 	DATA 	Keypress: lctrl
77.1748 	DATA 	Keypress: lctrl
77.1760 	EXP 	Sound  started
77.9260 	EXP 	Sound  started
77.9269 	DATA 	Keypress: rctrl
78.6760 	EXP 	Sound  started
78.7108 	DATA 	Keypress: rctrl
79.4148 	DATA 	Keypress: lctrl
79.4260 	EXP 	Sound  started
80.1668 	DATA 	Keypress: lctrl
80.1760 	EXP 	Sound  started
80.9260 	EXP 	Sound  started
80.9509 	DATA 	Keypress: rctrl
81.6707 	DATA 	Keypress: rctrl
81.6761 	EXP 	Sound  started
82.4228 	DATA 	Keypress: lctrl
82.4261 	EXP 	Sound  started
83.1761 	EXP 	Sound  started
83.2069 	DATA 	Keypress: lctrl
83.9261 	EXP 	Sound  started
83.9588 	DATA 	Keypress: lctrl
84.6761 	EXP 	Sound  started
84.7108 	DATA 	Keypress: rctrl
85.4261 	EXP 	Sound  started
85.4788 	DATA 	Keypress: rctrl
86.1761 	EXP 	Sound  started
86.2148 	DATA 	Keypress: rctrl
86.9441 	EXP 	unnamed TextStim: text = ''
86.9441 	EXP 	unnamed TextStim: text = ''
87.0662 	DATA 	Keypress: rctrl
89.0790 	DATA 	Keypress: 1
89.0954 	EXP 	unnamed ShapeStim: vertices = <class 'numpy.ndarray'>
90.6300 	EXP 	unnamed TextStim: text = ''
90.6300 	EXP 	unnamed TextStim: text = ''
92.2315 	DATA 	Keypress: 4
92.2480 	EXP 	unnamed ShapeStim: vertices = <class 'numpy.ndarray'>
93.7831 	EXP 	unnamed TextStim: text = ''
93.7831 	EXP 	unnamed TextStim: text = ''
96.9224 	DATA 	Keypress: 2
96.9519 	EXP 	unnamed ShapeStim: vertices = <class 'numpy.ndarray'>
99.2368 	EXP 	Sound  started
99.2549 	DATA 	Keypress: rctrl
99.9867 	EXP 	Sound  started
99.9908 	DATA 	Keypress: rctrl
100.7367 	EXP 	Sound  started
100.7429 	DATA 	Keypress: lctrl
101.4867 	EXP 	Sound  started
101.5107 	DATA 	Keypress: lctrl
102.2367 	EXP 	Sound  started
102.2467 	DATA 	Keypress: rctrl
102.9349 	DATA 	Keypress: rctrl
102.9867 	EXP 	Sound  started
103.6868 	DATA 	Keypress: lctrl
103.7368 	EXP 	Sound  started
104.4388 	DATA 	Keypress: lctrl
104.4868 	EXP 	Sound  started
105.1588 	DATA 	Keypress: lctrl
105.2368 	EXP 	Sound  started
105.9108 	DATA 	Keypress: rctrl
105.9868 	EXP 	Sound  started
106.5988 	DATA 	Keypress: rctrl
106.7368 	EXP 	Sound  started
107.4629 	DATA 	Keypress: lctrl
107.4868 	EXP 	Sound  started
108.1988 	DATA 	Keypress: lctrl
108.2368 	EXP 	Sound  started
108.9507 	DATA 	Keypress: lctrl
108.9869 	EXP 	Sound  started
109.7028 	DATA 	Keypress: rctrl
109.7369 	EXP 	Sound  started
110.4387 	DATA 	Keypress: rctrl
110.4869 	EXP 	Sound  started
111.1748 	DATA 	Keypress: rctrl
111.2369 	EXP 	Sound  started
111.9749 	DATA 	Keypress: lctrl
111.9869 	EXP 	Sound  started
112.7268 	DATA 	Keypress: lctrl
112.7369 	EXP 	Sound  started
113.4627 	DATA 	Keypress: rctrl
113.4869 	EXP 	Sound  started
114.1828 	DATA 	Keypress: lctrl
114.2370 	EXP 	Sound  started
114.9870 	EXP 	Sound  started
114.9988 	DATA 	Keypress: lctrl
115.7348 	DATA 	Keypress: lctrl
115.7370 	EXP 	Sound  started
116.4868 	DATA 	Keypress: rctrl
116.4870 	EXP 	Sound  started
117.2370 	EXP 	Sound  started
117.2388 	DATA 	Keypress: rctrl
117.9428 	DATA 	Keypress: lctrl
117.9870 	EXP 	Sound  started
118.7267 	DATA 	Keypress: lctrl
118.7371 	EXP 	Sound  started
119.4871 	EXP 	Sound  started
119.5429 	DATA 	Keypress: lctrl
120.2371 	EXP 	Sound  started
120.2468 	DATA 	Keypress: rctrl
120.9828 	DATA 	Keypress: lctrl
120.9871 	EXP 	Sound  started
121.7029 	DATA 	Keypress: lctrl
121.7371 	EXP 	Sound  started
122.4868 	DATA 	Keypress: lctrl
122.4871 	EXP 	Sound  started
123.2371 	EXP 	Sound  started
123.2869 	DATA 	Keypress: rctrl
123.9872 	EXP 	Sound  started
124.0069 	DATA 	Keypress: rctrl
124.7372 	EXP 	Sound  started
124.7428 	DATA 	Keypress: rctrl
125.4872 	EXP 	Sound  started
125.4949 	DATA 	Keypress: rctrl
126.2372 	EXP 	Sound  started
126.2628 	DATA 	Keypress: lctrl
126.9669 	DATA 	Keypress: lctrl
126.9872 	EXP 	Sound  started
127.7188 	DATA 	Keypress: rctrl
127.7372 	EXP 	Sound  started
128.4547 	DATA 	Keypress: rctrl
128.4873 	EXP 	Sound  started
129.2373 	EXP 	Sound  started
129.2389 	DATA 	Keypress: lctrl
129.9873 	EXP 	Sound  started
130.0068 	DATA 	Keypress: lctrl
130.7373 	EXP 	Sound  started
130.7428 	DATA 	Keypress: lctrl
131.4787 	DATA 	Keypress: rctrl
131.4873 	EXP 	Sound  started
132.2308 	DATA 	Keypress: rctrl
132.2373 	EXP 	Sound  started
132.9873 	EXP 	Sound  started
133.0468 	DATA 	Keypress: rctrl
133.7373 	EXP 	Sound  started
133.8148 	DATA 	Keypress: lctrl
134.4874 	EXP 	Sound  started
134.5508 	DATA 	Keypress: rctrl
135.2374 	EXP 	Sound  started
135.2708 	DATA 	Keypress: rctrl
135.9874 	EXP 	Sound  started
135.9907 	DATA 	Keypress: lctrl
136.7374 	EXP 	Sound  started
136.7428 	DATA 	Keypress: lctrl
137.4789 	DATA 	Keypress: rctrl
137.4874 	EXP 	Sound  started
138.2374 	EXP 	Sound  started
138.2627 	DATA 	Keypress: rctrl
138.9829 	DATA 	Keypress: rctrl
138.9874 	EXP 	Sound  started
139.7375 	EXP 	Sound  started
139.7988 	DATA 	Keypress: lctrl
140.4875 	EXP 	Sound  started
140.5349 	DATA 	Keypress: lctrl
141.2375 	EXP 	Sound  started
141.2547 	DATA 	Keypress: rctrl
141.9875 	EXP 	Sound  started
141.9907 	DATA 	Keypress: rctrl
142.7375 	EXP 	Sound  started
142.7587 	DATA 	Keypress: rctrl
143.4875 	EXP 	Sound  started
143.5268 	DATA 	Keypress: lctrl
144.2375 	EXP 	Sound  started
144.3108 	DATA 	Keypress: lctrl
144.9875 	EXP 	Sound  started
145.0308 	DATA 	Keypress: lctrl
145.7376 	EXP 	Sound  started
145.7669 	DATA 	Keypress: lctrl
146.4068 	DATA 	Keypress: rctrl
146.4876 	EXP 	Sound  started
147.2376 	EXP 	Sound  started
147.2548 	DATA 	Keypress: rctrl
147.9876 	EXP 	Sound  started
148.0227 	DATA 	Keypress: rctrl
148.7376 	EXP 	Sound  started
148.8227 	DATA 	Keypress: lctrl
149.4876 	EXP 	Sound  started
149.5427 	DATA 	Keypress: lctrl
150.2376 	EXP 	Sound  started
150.2948 	DATA 	Keypress: lctrl
150.9876 	EXP 	Sound  started
150.9988 	DATA 	Keypress: rctrl
151.7187 	DATA 	Keypress: rctrl
151.7376 	EXP 	Sound  started
152.4877 	EXP 	Sound  started
152.5348 	DATA 	Keypress: lctrl
153.2377 	EXP 	Sound  started
153.2388 	DATA 	Keypress: rctrl
153.9877 	EXP 	Sound  started
154.0067 	DATA 	Keypress: rctrl
154.7377 	EXP 	Sound  started
154.7587 	DATA 	Keypress: rctrl
155.4877 	EXP 	Sound  started
155.5427 	DATA 	Keypress: lctrl
156.2377 	EXP 	Sound  started
156.2947 	DATA 	Keypress: lctrl
156.9877 	EXP 	Sound  started
157.0307 	DATA 	Keypress: rctrl
157.8023 	DATA 	Keypress: rctrl
159.9870 	DATA 	Keypress: 1
160.0035 	EXP 	unnamed ShapeStim: vertices = <class 'numpy.ndarray'>
162.8726 	DATA 	Keypress: 4
162.8892 	EXP 	unnamed ShapeStim: vertices = <class 'numpy.ndarray'>
165.9122 	DATA 	Keypress: 2
165.9417 	EXP 	unnamed ShapeStim: vertices = <class 'numpy.ndarray'>
168.2262 	EXP 	Sound  started
168.4389 	DATA 	Keypress: lctrl
168.9762 	EXP 	Sound  started
169.0787 	DATA 	Keypress: lctrl
169.7262 	EXP 	Sound  started
169.7987 	DATA 	Keypress: lctrl
170.4762 	EXP 	Sound  started
170.5027 	DATA 	Keypress: rctrl
171.2067 	DATA 	Keypress: rctrl
171.2262 	EXP 	Sound  started
171.9747 	DATA 	Keypress: lctrl
171.9762 	EXP 	Sound  started
172.7262 	EXP 	Sound  started
172.7267 	DATA 	Keypress: rctrl
173.4467 	DATA 	Keypress: rctrl
173.4762 	EXP 	Sound  started
174.1667 	DATA 	Keypress: rctrl
174.2263 	EXP 	Sound  started
174.9763 	EXP 	Sound  started
174.9988 	DATA 	Keypress: lctrl
175.7263 	EXP 	Sound  started
175.7669 	DATA 	Keypress: lctrl
176.4763 	EXP 	Sound  started
176.4867 	DATA 	Keypress: rctrl
177.2263 	EXP 	Sound  started
177.2387 	DATA 	Keypress: rctrl
177.9763 	EXP 	Sound  started
178.0067 	DATA 	Keypress: rctrl
178.7264 	EXP 	Sound  started
178.7428 	DATA 	Keypress: lctrl
179.4764 	EXP 	Sound  started
179.4788 	DATA 	Keypress: lctrl
180.2264 	EXP 	Sound  started
180.2468 	DATA 	Keypress: lctrl
180.9764 	EXP 	Sound  started
181.0147 	DATA 	Keypress: lctrl
181.7264 	EXP 	Sound  started
181.8307 	DATA 	Keypress: rctrl
182.4764 	EXP 	Sound  started
182.5027 	DATA 	Keypress: rctrl
183.2227 	DATA 	Keypress: rctrl
183.2264 	EXP 	Sound  started
183.9428 	DATA 	Keypress: rctrl
183.9764 	EXP 	Sound  started
184.6948 	DATA 	Keypress: lctrl
184.7265 	EXP 	Sound  started
185.4765 	EXP 	Sound  started
185.5107 	DATA 	Keypress: lctrl
186.2265 	EXP 	Sound  started
186.2788 	DATA 	Keypress: rctrl
186.9765 	EXP 	Sound  started
186.9827 	DATA 	Keypress: rctrl
187.7187 	DATA 	Keypress: lctrl
187.7265 	EXP 	Sound  started
188.4765 	EXP 	Sound  started
188.4868 	DATA 	Keypress: lctrl
189.2265 	EXP 	Sound  started
189.2548 	DATA 	Keypress: rctrl
189.9766 	EXP 	Sound  started
190.0388 	DATA 	Keypress: rctrl
190.7107 	DATA 	Keypress: rctrl
190.7266 	EXP 	Sound  started
191.4766 	EXP 	Sound  started
191.4787 	DATA 	Keypress: lctrl
192.2266 	EXP 	Sound  started
192.2627 	DATA 	Keypress: lctrl
192.9766 	EXP 	Sound  started
192.9827 	DATA 	Keypress: lctrl
193.7266 	EXP 	Sound  started
193.7348 	DATA 	Keypress: lctrl
194.4766 	EXP 	Sound  started
194.5028 	DATA 	Keypress: rctrl
195.2266 	EXP 	Sound  started
195.2388 	DATA 	Keypress: rctrl
195.9588 	DATA 	Keypress: lctrl
195.9767 	EXP 	Sound  started
196.7267 	EXP 	Sound  started
196.7428 	DATA 	Keypress: lctrl
197.4767 	EXP 	Sound  started
197.5107 	DATA 	Keypress: lctrl
198.2267 	EXP 	Sound  started
198.2788 	DATA 	Keypress: rctrl
198.9767 	EXP 	Sound  started
198.9827 	DATA 	Keypress: rctrl
199.7267 	EXP 	Sound  started
199.7828 	DATA 	Keypress: lctrl
200.4708 	DATA 	Keypress: rctrl
200.4767 	EXP 	Sound  started
201.2067 	DATA 	Keypress: lctrl
201.2268 	EXP 	Sound  started
201.9768 	EXP 	Sound  started
202.0067 	DATA 	Keypress: lctrl
202.7268 	EXP 	Sound  started
202.7587 	DATA 	Keypress: lctrl
203.4768 	EXP 	Sound  started
203.5108 	DATA 	Keypress: rctrl
204.2268 	EXP 	Sound  started
204.2467 	DATA 	Keypress: lctrl
204.9508 	DATA 	Keypress: lctrl
204.9768 	EXP 	Sound  started
205.7268 	EXP 	Sound  started
205.7987 	DATA 	Keypress: rctrl
206.4768 	EXP 	Sound  started
206.6147 	DATA 	Keypress: rctrl
207.2269 	EXP 	Sound  started
207.3667 	DATA 	Keypress: rctrl
207.9769 	EXP 	Sound  started
207.9907 	DATA 	Keypress: rctrl
208.7269 	EXP 	Sound  started
208.7428 	DATA 	Keypress: lctrl
209.4769 	EXP 	Sound  started
209.5748 	DATA 	Keypress: rctrl
210.2269 	EXP 	Sound  started
210.2467 	DATA 	Keypress: rctrl
210.9769 	EXP 	Sound  started
211.0467 	DATA 	Keypress: lctrl
211.7270 	EXP 	Sound  started
211.7668 	DATA 	Keypress: lctrl
212.4770 	EXP 	Sound  started
212.5348 	DATA 	Keypress: rctrl
213.2270 	EXP 	Sound  started
213.3027 	DATA 	Keypress: rctrl
213.9770 	EXP 	Sound  started
213.9907 	DATA 	Keypress: rctrl
214.7270 	EXP 	Sound  started
214.7587 	DATA 	Keypress: lctrl
215.4770 	EXP 	Sound  started
215.5748 	DATA 	Keypress: lctrl
216.2270 	EXP 	Sound  started
216.2467 	DATA 	Keypress: lctrl
216.9770 	EXP 	Sound  started
216.9987 	DATA 	Keypress: rctrl
217.7271 	EXP 	Sound  started
217.7507 	DATA 	Keypress: rctrl
218.4771 	EXP 	Sound  started
218.5027 	DATA 	Keypress: lctrl
219.2271 	EXP 	Sound  started
219.2707 	DATA 	Keypress: rctrl
219.9771 	EXP 	Sound  started
220.0387 	DATA 	Keypress: rctrl
220.7271 	EXP 	Sound  started
220.7907 	DATA 	Keypress: rctrl
221.4771 	EXP 	Sound  started
221.6067 	DATA 	Keypress: lctrl
222.2271 	EXP 	Sound  started
222.3107 	DATA 	Keypress: lctrl
222.9772 	EXP 	Sound  started
223.0307 	DATA 	Keypress: rctrl
223.7272 	EXP 	Sound  started
223.7507 	DATA 	Keypress: lctrl
224.4772 	EXP 	Sound  started
224.5027 	DATA 	Keypress: lctrl
225.2575 	DATA 	Keypress: lctrl
227.2754 	DATA 	Keypress: 3
227.2919 	EXP 	unnamed ShapeStim: vertices = <class 'numpy.ndarray'>
229.9280 	DATA 	Keypress: 4
229.9445 	EXP 	unnamed ShapeStim: vertices = <class 'numpy.ndarray'>
233.4805 	DATA 	Keypress: 3
233.4970 	EXP 	unnamed ShapeStim: vertices = <class 'numpy.ndarray'>
235.7817 	EXP 	Sound  started
235.7826 	DATA 	Keypress: lctrl
236.0068 	DATA 	Keypress: lctrl
236.5315 	EXP 	Sound  started
236.5987 	DATA 	Keypress: lctrl
237.2816 	EXP 	Sound  started
237.3187 	DATA 	Keypress: rctrl
238.0316 	EXP 	Sound  started
238.0867 	DATA 	Keypress: rctrl
238.7816 	EXP 	Sound  started
238.8707 	DATA 	Keypress: lctrl
239.5316 	EXP 	Sound  started
239.5747 	DATA 	Keypress: lctrl
240.2787 	DATA 	Keypress: rctrl
240.2816 	EXP 	Sound  started
241.0316 	EXP 	Sound  started
241.0467 	DATA 	Keypress: lctrl
241.7507 	DATA 	Keypress: lctrl
241.7816 	EXP 	Sound  started
242.5026 	DATA 	Keypress: lctrl
242.5317 	EXP 	Sound  started
243.2817 	EXP 	Sound  started
243.3027 	DATA 	Keypress: rctrl
244.0227 	DATA 	Keypress: rctrl
244.0317 	EXP 	Sound  started
244.7747 	DATA 	Keypress: lctrl
244.7817 	EXP 	Sound  started
245.4948 	DATA 	Keypress: lctrl
245.5317 	EXP 	Sound  started
246.2817 	EXP 	Sound  started
246.3267 	DATA 	Keypress: lctrl
247.0147 	DATA 	Keypress: rctrl
247.0317 	EXP 	Sound  started
247.7818 	EXP 	Sound  started
247.8307 	DATA 	Keypress: rctrl
248.5318 	EXP 	Sound  started
248.5826 	DATA 	Keypress: lctrl
249.2818 	EXP 	Sound  started
249.3668 	DATA 	Keypress: lctrl
250.0318 	EXP 	Sound  started
250.0547 	DATA 	Keypress: rctrl
250.7818 	EXP 	Sound  started
250.7907 	DATA 	Keypress: lctrl
251.5318 	EXP 	Sound  started
251.5587 	DATA 	Keypress: rctrl
252.2818 	EXP 	Sound  started
252.2947 	DATA 	Keypress: rctrl
253.0319 	EXP 	Sound  started
253.0467 	DATA 	Keypress: rctrl
253.7819 	EXP 	Sound  started
253.8147 	DATA 	Keypress: lctrl
254.5319 	EXP 	Sound  started
254.5347 	DATA 	Keypress: lctrl
255.2819 	EXP 	Sound  started
255.3507 	DATA 	Keypress: lctrl
256.0319 	EXP 	Sound  started
256.0707 	DATA 	Keypress: lctrl
256.7819 	EXP 	Sound  started
256.7907 	DATA 	Keypress: rctrl
257.5319 	EXP 	Sound  started
257.5587 	DATA 	Keypress: lctrl
258.2820 	EXP 	Sound  started
258.3587 	DATA 	Keypress: lctrl
259.0320 	EXP 	Sound  started
259.0468 	DATA 	Keypress: rctrl
259.7820 	EXP 	Sound  started
259.8467 	DATA 	Keypress: rctrl
260.5320 	EXP 	Sound  started
261.2820 	EXP 	Sound  started
261.3507 	DATA 	Keypress: rctrl
262.0320 	EXP 	Sound  started
262.0547 	DATA 	Keypress: rctrl
262.7820 	EXP 	Sound  started
262.7907 	DATA 	Keypress: lctrl
263.5320 	EXP 	Sound  started
263.5747 	DATA 	Keypress: lctrl
264.2821 	EXP 	Sound  started
264.3587 	DATA 	Keypress: lctrl
265.0321 	EXP 	Sound  started
265.0788 	DATA 	Keypress: lctrl
265.7821 	EXP 	Sound  started
265.8467 	DATA 	Keypress: lctrl
266.5321 	EXP 	Sound  started
266.5987 	DATA 	Keypress: rctrl
267.2821 	EXP 	Sound  started
268.0322 	EXP 	Sound  started
268.0707 	DATA 	Keypress: lctrl
268.7822 	EXP 	Sound  started
268.8067 	DATA 	Keypress: lctrl
269.5322 	EXP 	Sound  started
269.6387 	DATA 	Keypress: rctrl
270.2822 	EXP 	Sound  started
271.0322 	EXP 	Sound  started
271.0947 	DATA 	Keypress: rctrl
271.7822 	EXP 	Sound  started
271.8307 	DATA 	Keypress: rctrl
272.5322 	EXP 	Sound  started
273.2822 	EXP 	Sound  started
273.3987 	DATA 	Keypress: rctrl
274.0323 	EXP 	Sound  started
274.0707 	DATA 	Keypress: rctrl
274.7823 	EXP 	Sound  started
274.8387 	DATA 	Keypress: rctrl
275.5323 	EXP 	Sound  started
276.2823 	EXP 	Sound  started
276.3587 	DATA 	Keypress: lctrl
277.0323 	EXP 	Sound  started
277.0947 	DATA 	Keypress: rctrl
277.7823 	EXP 	Sound  started
277.7987 	DATA 	Keypress: rctrl
278.5323 	EXP 	Sound  started
279.2824 	EXP 	Sound  started
279.3028 	DATA 	Keypress: rctrl
280.0324 	EXP 	Sound  started
280.0867 	DATA 	Keypress: rctrl
280.7824 	EXP 	Sound  started
280.8387 	DATA 	Keypress: rctrl
281.5324 	EXP 	Sound  started
281.5428 	DATA 	Keypress: rctrl
282.2824 	EXP 	Sound  started
282.3266 	DATA 	Keypress: lctrl
283.0324 	EXP 	Sound  started
283.1107 	DATA 	Keypress: rctrl
283.7824 	EXP 	Sound  started
284.5325 	EXP 	Sound  started
284.5667 	DATA 	Keypress: lctrl
285.2825 	EXP 	Sound  started
285.3666 	DATA 	Keypress: rctrl
286.0325 	EXP 	Sound  started
286.1027 	DATA 	Keypress: rctrl
286.7825 	EXP 	Sound  started
287.5325 	EXP 	Sound  started
287.6388 	DATA 	Keypress: lctrl
288.2788 	DATA 	Keypress: lctrl
288.2825 	EXP 	Sound  started
289.0325 	EXP 	Sound  started
289.0627 	DATA 	Keypress: rctrl
289.8271 	DATA 	Keypress: rctrl
291.9784 	DATA 	Keypress: 4
291.9949 	EXP 	unnamed ShapeStim: vertices = <class 'numpy.ndarray'>
294.9474 	DATA 	Keypress: 3
294.9640 	EXP 	unnamed ShapeStim: vertices = <class 'numpy.ndarray'>
297.3999 	DATA 	Keypress: 4
297.4165 	EXP 	unnamed ShapeStim: vertices = <class 'numpy.ndarray'>
299.7005 	EXP 	Sound  started
299.9108 	DATA 	Keypress: lctrl
300.4503 	EXP 	Sound  started
300.5666 	DATA 	Keypress: rctrl
301.2004 	EXP 	Sound  started
301.2547 	DATA 	Keypress: rctrl
301.9427 	DATA 	Keypress: lctrl
301.9504 	EXP 	Sound  started
302.6947 	DATA 	Keypress: lctrl
302.7004 	EXP 	Sound  started
303.3987 	DATA 	Keypress: rctrl
303.4504 	EXP 	Sound  started
304.2004 	EXP 	Sound  started
304.2148 	DATA 	Keypress: rctrl
304.9504 	EXP 	Sound  started
304.9508 	DATA 	Keypress: rctrl
305.7004 	EXP 	Sound  started
305.7188 	DATA 	Keypress: lctrl
306.4505 	EXP 	Sound  started
306.4707 	DATA 	Keypress: lctrl
307.2005 	EXP 	Sound  started
307.2066 	DATA 	Keypress: rctrl
307.9267 	DATA 	Keypress: rctrl
307.9505 	EXP 	Sound  started
308.7005 	EXP 	Sound  started
308.7107 	DATA 	Keypress: lctrl
309.4466 	DATA 	Keypress: lctrl
309.4505 	EXP 	Sound  started
310.2005 	EXP 	Sound  started
310.2146 	DATA 	Keypress: rctrl
310.9505 	EXP 	Sound  started
310.9667 	DATA 	Keypress: lctrl
311.7005 	EXP 	Sound  started
311.7027 	DATA 	Keypress: lctrl
312.4227 	DATA 	Keypress: lctrl
312.4506 	EXP 	Sound  started
313.2006 	EXP 	Sound  started
313.2227 	DATA 	Keypress: rctrl
313.9106 	DATA 	Keypress: rctrl
313.9506 	EXP 	Sound  started
314.6947 	DATA 	Keypress: lctrl
314.7006 	EXP 	Sound  started
315.4506 	EXP 	Sound  started
316.2006 	EXP 	Sound  started
316.2307 	DATA 	Keypress: lctrl
316.9506 	EXP 	Sound  started
316.9827 	DATA 	Keypress: rctrl
317.7007 	EXP 	Sound  started
317.7028 	DATA 	Keypress: rctrl
318.3907 	DATA 	Keypress: lctrl
318.4507 	EXP 	Sound  started
319.2007 	EXP 	Sound  started
319.2067 	DATA 	Keypress: rctrl
319.9427 	DATA 	Keypress: rctrl
319.9507 	EXP 	Sound  started
320.7007 	EXP 	Sound  started
320.7266 	DATA 	Keypress: rctrl
321.4507 	EXP 	Sound  started
321.4787 	DATA 	Keypress: lctrl
322.1987 	DATA 	Keypress: lctrl
322.2007 	EXP 	Sound  started
322.9186 	DATA 	Keypress: lctrl
322.9508 	EXP 	Sound  started
323.7008 	EXP 	Sound  started
323.7027 	DATA 	Keypress: rctrl
324.4508 	EXP 	Sound  started
324.4546 	DATA 	Keypress: rctrl
325.1747 	DATA 	Keypress: lctrl
325.2008 	EXP 	Sound  started
325.8947 	DATA 	Keypress: rctrl
325.9508 	EXP 	Sound  started
326.7008 	EXP 	Sound  started
326.7267 	DATA 	Keypress: rctrl
327.4508 	EXP 	Sound  started
327.5426 	DATA 	Keypress: rctrl
328.2009 	EXP 	Sound  started
328.2627 	DATA 	Keypress: rctrl
328.9509 	EXP 	Sound  started
328.9986 	DATA 	Keypress: lctrl
329.7009 	EXP 	Sound  started
329.7506 	DATA 	Keypress: lctrl
330.4509 	EXP 	Sound  started
330.5187 	DATA 	Keypress: rctrl
331.2009 	EXP 	Sound  started
331.2226 	DATA 	Keypress: lctrl
331.9509 	EXP 	Sound  started
331.9746 	DATA 	Keypress: lctrl
332.7009 	EXP 	Sound  started
332.7427 	DATA 	Keypress: rctrl
333.4509 	EXP 	Sound  started
333.4787 	DATA 	Keypress: rctrl
334.2009 	EXP 	Sound  started
334.2626 	DATA 	Keypress: lctrl
334.9510 	EXP 	Sound  started
334.9666 	DATA 	Keypress: lctrl
335.7010 	EXP 	Sound  started
335.7507 	DATA 	Keypress: lctrl
336.4510 	EXP 	Sound  started
336.4867 	DATA 	Keypress: lctrl
337.2010 	EXP 	Sound  started
337.2386 	DATA 	Keypress: rctrl
337.9510 	EXP 	Sound  started
337.9907 	DATA 	Keypress: rctrl
338.7010 	EXP 	Sound  started
338.7266 	DATA 	Keypress: rctrl
339.4511 	EXP 	Sound  started
339.4786 	DATA 	Keypress: lctrl
340.2011 	EXP 	Sound  started
340.2948 	DATA 	Keypress: rctrl
340.9511 	EXP 	Sound  started
341.7011 	EXP 	Sound  started
341.7827 	DATA 	Keypress: lctrl
342.4511 	EXP 	Sound  started
342.4706 	DATA 	Keypress: lctrl
343.2011 	EXP 	Sound  started
343.9511 	EXP 	Sound  started
344.0068 	DATA 	Keypress: rctrl
344.7012 	EXP 	Sound  started
344.7747 	DATA 	Keypress: lctrl
345.4512 	EXP 	Sound  started
346.2012 	EXP 	Sound  started
346.2787 	DATA 	Keypress: rctrl
346.9512 	EXP 	Sound  started
347.0308 	DATA 	Keypress: rctrl
347.7012 	EXP 	Sound  started
347.7346 	DATA 	Keypress: lctrl
348.4512 	EXP 	Sound  started
349.2012 	EXP 	Sound  started
349.3028 	DATA 	Keypress: rctrl
349.9513 	EXP 	Sound  started
350.7013 	EXP 	Sound  started
350.7427 	DATA 	Keypress: rctrl
351.4513 	EXP 	Sound  started
352.2013 	EXP 	Sound  started
352.9513 	EXP 	Sound  started
353.0308 	DATA 	Keypress: rctrl
353.7013 	EXP 	Sound  started
353.7346 	DATA 	Keypress: rctrl
354.4513 	EXP 	Sound  started
355.2014 	EXP 	Sound  started
355.3346 	DATA 	Keypress: lctrl
355.9266 	DATA 	Keypress: lctrl
355.9514 	EXP 	Sound  started
356.7014 	EXP 	Sound  started
356.7906 	DATA 	Keypress: rctrl
357.4514 	EXP 	Sound  started
357.5267 	DATA 	Keypress: rctrl
358.2014 	EXP 	Sound  started
358.2467 	DATA 	Keypress: rctrl
359.0504 	DATA 	Keypress: lctrl
360.9683 	DATA 	Keypress: 1
360.9847 	EXP 	unnamed ShapeStim: vertices = <class 'numpy.ndarray'>
364.2375 	DATA 	Keypress: 4
364.2540 	EXP 	unnamed ShapeStim: vertices = <class 'numpy.ndarray'>
366.8904 	DATA 	Keypress: 1
366.9067 	EXP 	unnamed ShapeStim: vertices = <class 'numpy.ndarray'>
369.1918 	EXP 	Sound  started
369.3987 	DATA 	Keypress: lctrl
369.9416 	EXP 	Sound  started
369.9907 	DATA 	Keypress: rctrl
370.6916 	EXP 	Sound  started
370.7106 	DATA 	Keypress: rctrl
371.4416 	EXP 	Sound  started
371.4467 	DATA 	Keypress: lctrl
372.1916 	EXP 	Sound  started
372.2306 	DATA 	Keypress: lctrl
372.9417 	EXP 	Sound  started
372.9986 	DATA 	Keypress: lctrl
373.6917 	EXP 	Sound  started
373.7186 	DATA 	Keypress: rctrl
374.4066 	DATA 	Keypress: rctrl
374.4417 	EXP 	Sound  started
375.1917 	EXP 	Sound  started
375.3506 	DATA 	Keypress: lctrl
375.9417 	EXP 	Sound  started
375.9746 	DATA 	Keypress: lctrl
376.6786 	DATA 	Keypress: rctrl
376.6917 	EXP 	Sound  started
377.3986 	DATA 	Keypress: rctrl
377.4417 	EXP 	Sound  started
378.1918 	EXP 	Sound  started
378.1986 	DATA 	Keypress: rctrl
378.9418 	EXP 	Sound  started
379.6867 	DATA 	Keypress: rctrl
379.6918 	EXP 	Sound  started
380.4418 	EXP 	Sound  started
380.4707 	DATA 	Keypress: rctrl
381.1918 	EXP 	Sound  started
381.9418 	EXP 	Sound  started
381.9586 	DATA 	Keypress: lctrl
382.6918 	EXP 	Sound  started
382.6946 	DATA 	Keypress: rctrl
383.4146 	DATA 	Keypress: rctrl
383.4419 	EXP 	Sound  started
384.1919 	EXP 	Sound  started
384.2146 	DATA 	Keypress: rctrl
384.9419 	EXP 	Sound  started
385.6919 	EXP 	Sound  started
385.7186 	DATA 	Keypress: lctrl
386.4226 	DATA 	Keypress: lctrl
386.4419 	EXP 	Sound  started
387.1906 	DATA 	Keypress: lctrl
387.1919 	EXP 	Sound  started
387.9419 	EXP 	Sound  started
387.9586 	DATA 	Keypress: rctrl
388.6626 	DATA 	Keypress: rctrl
388.6920 	EXP 	Sound  started
389.4420 	EXP 	Sound  started
390.1827 	DATA 	Keypress: rctrl
390.1920 	EXP 	Sound  started
390.9027 	DATA 	Keypress: rctrl
390.9420 	EXP 	Sound  started
391.6866 	DATA 	Keypress: rctrl
391.6920 	EXP 	Sound  started
392.4386 	DATA 	Keypress: lctrl
392.4420 	EXP 	Sound  started
393.1587 	DATA 	Keypress: lctrl
393.1920 	EXP 	Sound  started
393.8786 	DATA 	Keypress: lctrl
393.9420 	EXP 	Sound  started
394.6920 	EXP 	Sound  started
394.6947 	DATA 	Keypress: lctrl
395.4307 	DATA 	Keypress: rctrl
395.4421 	EXP 	Sound  started
396.1921 	EXP 	Sound  started
396.2306 	DATA 	Keypress: rctrl
396.9421 	EXP 	Sound  started
397.0146 	DATA 	Keypress: lctrl
397.6921 	EXP 	Sound  started
397.7188 	DATA 	Keypress: rctrl
398.4421 	EXP 	Sound  started
398.4706 	DATA 	Keypress: rctrl
399.1921 	EXP 	Sound  started
399.9421 	EXP 	Sound  started
400.6922 	EXP 	Sound  started
401.4422 	EXP 	Sound  started
401.4947 	DATA 	Keypress: rctrl
402.1922 	EXP 	Sound  started
402.2947 	DATA 	Keypress: rctrl
402.9422 	EXP 	Sound  started
403.6922 	EXP 	Sound  started
403.7028 	DATA 	Keypress: lctrl
404.4422 	EXP 	Sound  started
404.5027 	DATA 	Keypress: rctrl
405.1922 	EXP 	Sound  started
405.2866 	DATA 	Keypress: rctrl
405.9422 	EXP 	Sound  started
406.0066 	DATA 	Keypress: rctrl
406.6923 	EXP 	Sound  started
407.4423 	EXP 	Sound  started
408.1923 	EXP 	Sound  started
408.2627 	DATA 	Keypress: lctrl
408.9423 	EXP 	Sound  started
408.9665 	DATA 	Keypress: rctrl
409.6923 	EXP 	Sound  started
409.7987 	DATA 	Keypress: rctrl
410.4423 	EXP 	Sound  started
410.5347 	DATA 	Keypress: rctrl
413.4111 	DATA 	Keypress: 3
413.4276 	EXP 	unnamed ShapeStim: vertices = <class 'numpy.ndarray'>
415.3627 	DATA 	Keypress: 3
415.3792 	EXP 	unnamed ShapeStim: vertices = <class 'numpy.ndarray'>
417.2643 	DATA 	Keypress: 3
417.2808 	EXP 	unnamed ShapeStim: vertices = <class 'numpy.ndarray'>
419.5660 	EXP 	Sound  started
419.6707 	DATA 	Keypress: lctrl
420.3159 	EXP 	Sound  started
420.3746 	DATA 	Keypress: rctrl
421.0659 	EXP 	Sound  started
421.0786 	DATA 	Keypress: rctrl
421.7826 	DATA 	Keypress: lctrl
421.8160 	EXP 	Sound  started
422.5660 	EXP 	Sound  started
422.5986 	DATA 	Keypress: lctrl
423.2866 	DATA 	Keypress: lctrl
423.3160 	EXP 	Sound  started
424.0660 	EXP 	Sound  started
424.0706 	DATA 	Keypress: rctrl
424.7907 	DATA 	Keypress: rctrl
424.8160 	EXP 	Sound  started
425.5587 	DATA 	Keypress: lctrl
425.5660 	EXP 	Sound  started
426.3160 	EXP 	Sound  started
426.3266 	DATA 	Keypress: lctrl
427.0660 	EXP 	Sound  started
427.1266 	DATA 	Keypress: rctrl
427.8161 	EXP 	Sound  started
428.5346 	DATA 	Keypress: rctrl
428.5661 	EXP 	Sound  started
429.2547 	DATA 	Keypress: lctrl
429.3161 	EXP 	Sound  started
430.0387 	DATA 	Keypress: lctrl
430.0661 	EXP 	Sound  started
430.8161 	EXP 	Sound  started
430.8707 	DATA 	Keypress: rctrl
431.5586 	DATA 	Keypress: rctrl
431.5661 	EXP 	Sound  started
432.3161 	EXP 	Sound  started
432.3586 	DATA 	Keypress: rctrl
433.0661 	EXP 	Sound  started
433.0785 	DATA 	Keypress: lctrl
433.8162 	EXP 	Sound  started
434.5662 	EXP 	Sound  started
434.5986 	DATA 	Keypress: rctrl
435.3162 	EXP 	Sound  started
435.3347 	DATA 	Keypress: lctrl
436.0662 	EXP 	Sound  started
436.8162 	EXP 	Sound  started
436.8706 	DATA 	Keypress: rctrl
437.5662 	EXP 	Sound  started
437.5746 	DATA 	Keypress: lctrl
438.3162 	EXP 	Sound  started
439.0663 	EXP 	Sound  started
439.1586 	DATA 	Keypress: rctrl
439.8163 	EXP 	Sound  started
440.5663 	EXP 	Sound  started
441.3163 	EXP 	Sound  started
441.3506 	DATA 	Keypress: rctrl
442.0386 	DATA 	Keypress: lctrl
442.0663 	EXP 	Sound  started
442.8066 	DATA 	Keypress: lctrl
442.8163 	EXP 	Sound  started
443.5586 	DATA 	Keypress: lctrl
443.5663 	EXP 	Sound  started
444.3163 	EXP 	Sound  started
445.0306 	DATA 	Keypress: lctrl
445.0664 	EXP 	Sound  started
445.8164 	EXP 	Sound  started
446.5664 	EXP 	Sound  started
446.6467 	DATA 	Keypress: rctrl
447.3164 	EXP 	Sound  started
447.3825 	DATA 	Keypress: lctrl
448.0664 	EXP 	Sound  started
448.8164 	EXP 	Sound  started
448.9026 	DATA 	Keypress: rctrl
449.5586 	DATA 	Keypress: lctrl
449.5664 	EXP 	Sound  started
450.3165 	EXP 	Sound  started
450.3426 	DATA 	Keypress: lctrl
451.0665 	EXP 	Sound  started
451.7986 	DATA 	Keypress: lctrl
451.8165 	EXP 	Sound  started
452.5187 	DATA 	Keypress: lctrl
452.5665 	EXP 	Sound  started
453.2865 	DATA 	Keypress: lctrl
453.3165 	EXP 	Sound  started
454.0665 	EXP 	Sound  started
454.8165 	EXP 	Sound  started
455.5666 	EXP 	Sound  started
456.3166 	EXP 	Sound  started
456.3746 	DATA 	Keypress: rctrl
457.0145 	DATA 	Keypress: lctrl
457.0666 	EXP 	Sound  started
457.8166 	EXP 	Sound  started
458.5666 	DATA 	Keypress: lctrl
458.5668 	EXP 	Sound  started
459.3169 	EXP 	Sound  started
459.3186 	DATA 	Keypress: lctrl
460.0669 	EXP 	Sound  started
460.8169 	EXP 	Sound  started
461.5107 	DATA 	Keypress: lctrl
461.5669 	EXP 	Sound  started
462.3169 	EXP 	Sound  started
463.0625 	DATA 	Keypress: lctrl
463.0669 	EXP 	Sound  started
463.8169 	EXP 	Sound  started
464.5670 	EXP 	Sound  started
465.3170 	EXP 	Sound  started
465.3346 	DATA 	Keypress: lctrl
466.0670 	EXP 	Sound  started
466.8170 	EXP 	Sound  started
467.5266 	DATA 	Keypress: lctrl
469.5775 	DATA 	Keypress: 3
469.6069 	EXP 	unnamed ShapeStim: vertices = <class 'numpy.ndarray'>
471.8631 	DATA 	Keypress: 3
471.8926 	EXP 	unnamed ShapeStim: vertices = <class 'numpy.ndarray'>
474.7113 	DATA 	Keypress: 3
474.7278 	EXP 	unnamed ShapeStim: vertices = <class 'numpy.ndarray'>
477.0125 	EXP 	Sound  started
477.1589 	DATA 	Keypress: lctrl
477.7623 	EXP 	Sound  started
477.8466 	DATA 	Keypress: rctrl
478.5123 	EXP 	Sound  started
478.5826 	DATA 	Keypress: rctrl
479.2623 	EXP 	Sound  started
479.2866 	DATA 	Keypress: lctrl
479.9906 	DATA 	Keypress: lctrl
480.0124 	EXP 	Sound  started
480.7105 	DATA 	Keypress: lctrl
480.7624 	EXP 	Sound  started
481.5105 	DATA 	Keypress: rctrl
481.5124 	EXP 	Sound  started
482.2624 	EXP 	Sound  started
482.2626 	DATA 	Keypress: rctrl
483.0124 	EXP 	Sound  started
483.0146 	DATA 	Keypress: lctrl
483.7506 	DATA 	Keypress: lctrl
483.7624 	EXP 	Sound  started
484.5125 	EXP 	Sound  started
484.5187 	DATA 	Keypress: lctrl
485.2625 	EXP 	Sound  started
486.0066 	DATA 	Keypress: rctrl
486.0125 	EXP 	Sound  started
486.7625 	EXP 	Sound  started
487.4786 	DATA 	Keypress: lctrl
487.5125 	EXP 	Sound  started
488.2625 	EXP 	Sound  started
488.3265 	DATA 	Keypress: rctrl
489.0125 	EXP 	Sound  started
489.7506 	DATA 	Keypress: lctrl
489.7625 	EXP 	Sound  started
490.5026 	DATA 	Keypress: lctrl
490.5125 	EXP 	Sound  started
491.2626 	EXP 	Sound  started
491.3185 	DATA 	Keypress: rctrl
492.0126 	EXP 	Sound  started
492.0226 	DATA 	Keypress: rctrl
492.7266 	DATA 	Keypress: rctrl
492.7626 	EXP 	Sound  started
493.4785 	DATA 	Keypress: lctrl
493.5126 	EXP 	Sound  started
494.2626 	EXP 	Sound  started
494.2786 	DATA 	Keypress: rctrl
495.0127 	EXP 	Sound  started
495.0306 	DATA 	Keypress: rctrl
495.7627 	EXP 	Sound  started
495.7666 	DATA 	Keypress: lctrl
496.4546 	DATA 	Keypress: lctrl
496.5127 	EXP 	Sound  started
497.2627 	EXP 	Sound  started
498.0127 	EXP 	Sound  started
498.7106 	DATA 	Keypress: lctrl
498.7627 	EXP 	Sound  started
499.4465 	DATA 	Keypress: lctrl
499.5127 	EXP 	Sound  started
500.1985 	DATA 	Keypress: lctrl
500.2627 	EXP 	Sound  started
501.0128 	EXP 	Sound  started
501.7186 	DATA 	Keypress: lctrl
501.7628 	EXP 	Sound  started
502.5026 	DATA 	Keypress: lctrl
502.5128 	EXP 	Sound  started
503.2628 	EXP 	Sound  started
503.2706 	DATA 	Keypress: lctrl
504.0128 	EXP 	Sound  started
504.7628 	EXP 	Sound  started
504.8226 	DATA 	Keypress: rctrl
505.5107 	DATA 	Keypress: lctrl
505.5128 	EXP 	Sound  started
506.2147 	DATA 	Keypress: lctrl
506.2629 	EXP 	Sound  started
506.9986 	DATA 	Keypress: lctrl
507.0129 	EXP 	Sound  started
507.7629 	EXP 	Sound  started
508.5027 	DATA 	Keypress: lctrl
508.5129 	EXP 	Sound  started
509.2629 	EXP 	Sound  started
510.0129 	EXP 	Sound  started
510.7629 	EXP 	Sound  started
511.4946 	DATA 	Keypress: lctrl
511.5130 	EXP 	Sound  started
512.2630 	EXP 	Sound  started
512.2786 	DATA 	Keypress: lctrl
513.0130 	EXP 	Sound  started
513.7630 	EXP 	Sound  started
514.5130 	EXP 	Sound  started
515.2630 	EXP 	Sound  started
515.2866 	DATA 	Keypress: lctrl
516.0131 	EXP 	Sound  started
516.7631 	EXP 	Sound  started
517.5106 	DATA 	Keypress: lctrl
517.5131 	EXP 	Sound  started
518.2631 	EXP 	Sound  started
519.0131 	EXP 	Sound  started
519.7631 	EXP 	Sound  started
520.5131 	EXP 	Sound  started
521.1587 	DATA 	Keypress: lctrl
521.2632 	EXP 	Sound  started
522.0132 	EXP 	Sound  started
522.7106 	DATA 	Keypress: lctrl
522.7632 	EXP 	Sound  started
523.3985 	DATA 	Keypress: lctrl
523.5132 	EXP 	Sound  started
524.2632 	EXP 	Sound  started
525.0132 	EXP 	Sound  started
525.7632 	EXP 	Sound  started
529.1058 	DATA 	Keypress: 4
529.1223 	EXP 	unnamed ShapeStim: vertices = <class 'numpy.ndarray'>
530.8907 	DATA 	Keypress: 3
530.9071 	EXP 	unnamed ShapeStim: vertices = <class 'numpy.ndarray'>
533.4969 	DATA 	Keypress: 4
533.5259 	EXP 	unnamed ShapeStim: vertices = <class 'numpy.ndarray'>
535.8108 	EXP 	Sound  started
535.9106 	DATA 	Keypress: lctrl
536.5606 	EXP 	Sound  started
536.6306 	DATA 	Keypress: rctrl
537.3106 	EXP 	Sound  started
537.3665 	DATA 	Keypress: rctrl
538.0606 	EXP 	Sound  started
538.1186 	DATA 	Keypress: rctrl
538.8107 	EXP 	Sound  started
538.8225 	DATA 	Keypress: lctrl
539.5607 	EXP 	Sound  started
539.5906 	DATA 	Keypress: rctrl
540.3107 	EXP 	Sound  started
540.3745 	DATA 	Keypress: rctrl
541.0607 	EXP 	Sound  started
541.0945 	DATA 	Keypress: lctrl
541.8107 	EXP 	Sound  started
541.8305 	DATA 	Keypress: rctrl
542.5607 	EXP 	Sound  started
542.5665 	DATA 	Keypress: rctrl
543.3107 	EXP 	Sound  started
543.3346 	DATA 	Keypress: lctrl
544.0607 	EXP 	Sound  started
544.8108 	EXP 	Sound  started
544.8386 	DATA 	Keypress: rctrl
545.5608 	EXP 	Sound  started
545.6226 	DATA 	Keypress: lctrl
546.3108 	EXP 	Sound  started
546.3585 	DATA 	Keypress: rctrl
547.0608 	EXP 	Sound  started
547.0785 	DATA 	Keypress: rctrl
547.7985 	DATA 	Keypress: rctrl
547.8108 	EXP 	Sound  started
548.5608 	EXP 	Sound  started
548.5826 	DATA 	Keypress: lctrl
549.3108 	EXP 	Sound  started
549.3185 	DATA 	Keypress: lctrl
550.0608 	EXP 	Sound  started
550.8065 	DATA 	Keypress: lctrl
550.8109 	EXP 	Sound  started
551.5609 	EXP 	Sound  started
551.5745 	DATA 	Keypress: lctrl
552.3105 	DATA 	Keypress: lctrl
552.3109 	EXP 	Sound  started
553.0609 	EXP 	Sound  started
553.1425 	DATA 	Keypress: rctrl
553.8109 	EXP 	Sound  started
553.8146 	DATA 	Keypress: lctrl
554.5345 	DATA 	Keypress: lctrl
554.5609 	EXP 	Sound  started
555.3109 	EXP 	Sound  started
556.0610 	EXP 	Sound  started
556.0706 	DATA 	Keypress: lctrl
556.8065 	DATA 	Keypress: lctrl
556.8110 	EXP 	Sound  started
557.5610 	EXP 	Sound  started
558.3110 	EXP 	Sound  started
559.0610 	EXP 	Sound  started
559.0626 	DATA 	Keypress: lctrl
559.7985 	DATA 	Keypress: lctrl
559.8110 	EXP 	Sound  started
560.5610 	EXP 	Sound  started
561.3111 	EXP 	Sound  started
562.0611 	EXP 	Sound  started
562.1666 	DATA 	Keypress: lctrl
562.8111 	EXP 	Sound  started
562.8545 	DATA 	Keypress: rctrl
563.5611 	EXP 	Sound  started
564.3111 	EXP 	Sound  started
565.0611 	EXP 	Sound  started
565.8111 	EXP 	Sound  started
566.5612 	EXP 	Sound  started
567.3112 	EXP 	Sound  started
568.0612 	EXP 	Sound  started
568.8112 	EXP 	Sound  started
568.8705 	DATA 	Keypress: lctrl
569.5586 	DATA 	Keypress: lctrl
569.5612 	EXP 	Sound  started
570.3112 	EXP 	Sound  started
571.0612 	EXP 	Sound  started
571.8113 	EXP 	Sound  started
571.8307 	DATA 	Keypress: lctrl
572.5613 	EXP 	Sound  started
573.3113 	EXP 	Sound  started
573.3665 	DATA 	Keypress: rctrl
574.0613 	EXP 	Sound  started
574.0865 	DATA 	Keypress: rctrl
574.8113 	EXP 	Sound  started
574.9345 	DATA 	Keypress: lctrl
575.5614 	EXP 	Sound  started
575.6705 	DATA 	Keypress: rctrl
576.3113 	EXP 	Sound  started
576.3745 	DATA 	Keypress: rctrl
577.0614 	EXP 	Sound  started
577.1105 	DATA 	Keypress: rctrl
577.8114 	EXP 	Sound  started
578.5614 	EXP 	Sound  started
578.5986 	DATA 	Keypress: lctrl
579.3114 	EXP 	Sound  started
579.3185 	DATA 	Keypress: lctrl
580.0065 	DATA 	Keypress: rctrl
580.0614 	EXP 	Sound  started
580.8114 	EXP 	Sound  started
581.4625 	DATA 	Keypress: lctrl
581.5614 	EXP 	Sound  started
582.2945 	DATA 	Keypress: rctrl
582.3114 	EXP 	Sound  started
583.0615 	EXP 	Sound  started
583.1105 	DATA 	Keypress: rctrl
583.8115 	EXP 	Sound  started
584.4866 	DATA 	Keypress: lctrl
584.5615 	EXP 	Sound  started
585.2065 	DATA 	Keypress: lctrl
585.3115 	EXP 	Sound  started
585.9585 	DATA 	Keypress: rctrl
586.0615 	EXP 	Sound  started
586.6785 	DATA 	Keypress: lctrl
586.8115 	EXP 	Sound  started
587.5616 	EXP 	Sound  started
590.5061 	DATA 	Keypress: 3
590.5226 	EXP 	unnamed ShapeStim: vertices = <class 'numpy.ndarray'>
592.3281 	DATA 	Keypress: 3
592.3574 	EXP 	unnamed ShapeStim: vertices = <class 'numpy.ndarray'>
595.3939 	DATA 	Keypress: 3
595.4104 	EXP 	unnamed ShapeStim: vertices = <class 'numpy.ndarray'>
597.6946 	EXP 	Sound  started
597.8306 	DATA 	Keypress: lctrl
598.4445 	EXP 	Sound  started
598.5505 	DATA 	Keypress: lctrl
599.1945 	EXP 	Sound  started
599.2544 	DATA 	Keypress: lctrl
599.9426 	DATA 	Keypress: rctrl
599.9445 	EXP 	Sound  started
600.6945 	EXP 	Sound  started
600.7266 	DATA 	Keypress: rctrl
601.4145 	DATA 	Keypress: lctrl
601.4445 	EXP 	Sound  started
602.1665 	DATA 	Keypress: rctrl
602.1946 	EXP 	Sound  started
602.8864 	DATA 	Keypress: rctrl
602.9446 	EXP 	Sound  started
603.6865 	DATA 	Keypress: rctrl
603.6946 	EXP 	Sound  started
604.4446 	EXP 	Sound  started
604.4546 	DATA 	Keypress: lctrl
605.1946 	EXP 	Sound  started
605.2225 	DATA 	Keypress: rctrl
605.9446 	EXP 	Sound  started
606.6946 	EXP 	Sound  started
607.4145 	DATA 	Keypress: rctrl
607.4446 	EXP 	Sound  started
608.1947 	EXP 	Sound  started
608.9447 	EXP 	Sound  started
608.9506 	DATA 	Keypress: lctrl
609.6947 	EXP 	Sound  started
609.7185 	DATA 	Keypress: rctrl
610.4447 	EXP 	Sound  started
610.5025 	DATA 	Keypress: rctrl
611.1947 	EXP 	Sound  started
611.9447 	EXP 	Sound  started
612.6947 	EXP 	Sound  started
613.4448 	EXP 	Sound  started
614.1948 	EXP 	Sound  started
614.2626 	DATA 	Keypress: rctrl
614.9448 	EXP 	Sound  started
615.6948 	EXP 	Sound  started
616.4448 	EXP 	Sound  started
617.1948 	EXP 	Sound  started
617.9448 	EXP 	Sound  started
618.6948 	EXP 	Sound  started
619.4449 	EXP 	Sound  started
620.1949 	EXP 	Sound  started
620.9449 	EXP 	Sound  started
621.6949 	EXP 	Sound  started
622.3586 	DATA 	Keypress: lctrl
622.4449 	EXP 	Sound  started
623.1264 	DATA 	Keypress: rctrl
623.1949 	EXP 	Sound  started
623.8145 	DATA 	Keypress: rctrl
623.9449 	EXP 	Sound  started
624.6145 	DATA 	Keypress: lctrl
624.6950 	EXP 	Sound  started
625.3185 	DATA 	Keypress: rctrl
625.4450 	EXP 	Sound  started
626.0385 	DATA 	Keypress: rctrl
626.1950 	EXP 	Sound  started
626.9450 	EXP 	Sound  started
627.6950 	EXP 	Sound  started
628.2305 	DATA 	Keypress: lctrl
628.4450 	EXP 	Sound  started
629.1950 	EXP 	Sound  started
629.9450 	EXP 	Sound  started
630.5186 	DATA 	Keypress: rctrl
630.6950 	EXP 	Sound  started
631.2705 	DATA 	Keypress: rctrl
631.4451 	EXP 	Sound  started
632.0225 	DATA 	Keypress: rctrl
632.1951 	EXP 	Sound  started
632.9451 	EXP 	Sound  started
633.4786 	DATA 	Keypress: lctrl
633.6951 	EXP 	Sound  started
634.1985 	DATA 	Keypress: lctrl
634.4451 	EXP 	Sound  started
634.9986 	DATA 	Keypress: rctrl
635.1951 	EXP 	Sound  started
635.7506 	DATA 	Keypress: rctrl
635.9451 	EXP 	Sound  started
636.5024 	DATA 	Keypress: rctrl
636.6952 	EXP 	Sound  started
637.2385 	DATA 	Keypress: lctrl
637.4452 	EXP 	Sound  started
638.1952 	EXP 	Sound  started
638.9452 	EXP 	Sound  started
639.5425 	DATA 	Keypress: rctrl
639.6952 	EXP 	Sound  started
640.2305 	DATA 	Keypress: lctrl
640.4452 	EXP 	Sound  started
641.1952 	EXP 	Sound  started
641.7505 	DATA 	Keypress: rctrl
641.9452 	EXP 	Sound  started
642.5505 	DATA 	Keypress: rctrl
642.6953 	EXP 	Sound  started
643.2705 	DATA 	Keypress: lctrl
643.4453 	EXP 	Sound  started
643.9745 	DATA 	Keypress: lctrl
644.1953 	EXP 	Sound  started
644.7585 	DATA 	Keypress: rctrl
647.3860 	DATA 	Keypress: 2
647.4025 	EXP 	unnamed ShapeStim: vertices = <class 'numpy.ndarray'>
649.6711 	DATA 	Keypress: 2
649.6877 	EXP 	unnamed ShapeStim: vertices = <class 'numpy.ndarray'>
655.8429 	DATA 	Keypress: 2
655.8594 	EXP 	unnamed ShapeStim: vertices = <class 'numpy.ndarray'>
658.1435 	EXP 	Sound  started
658.3426 	DATA 	Keypress: lctrl
658.8934 	EXP 	Sound  started
659.0465 	DATA 	Keypress: rctrl
659.6434 	EXP 	Sound  started
659.7825 	DATA 	Keypress: rctrl
660.3934 	EXP 	Sound  started
660.4865 	DATA 	Keypress: rctrl
661.1434 	EXP 	Sound  started
661.1905 	DATA 	Keypress: lctrl
661.8934 	EXP 	Sound  started
661.9745 	DATA 	Keypress: rctrl
662.6434 	EXP 	Sound  started
662.6944 	DATA 	Keypress: rctrl
663.3934 	EXP 	Sound  started
663.4144 	DATA 	Keypress: rctrl
664.1345 	DATA 	Keypress: rctrl
664.1435 	EXP 	Sound  started
664.8866 	DATA 	Keypress: lctrl
664.8935 	EXP 	Sound  started
665.6225 	DATA 	Keypress: lctrl
665.6435 	EXP 	Sound  started
666.3905 	DATA 	Keypress: rctrl
666.3935 	EXP 	Sound  started
667.1424 	DATA 	Keypress: rctrl
667.1435 	EXP 	Sound  started
667.8935 	EXP 	Sound  started
667.9104 	DATA 	Keypress: rctrl
668.6144 	DATA 	Keypress: rctrl
668.6436 	EXP 	Sound  started
669.3344 	DATA 	Keypress: lctrl
669.3936 	EXP 	Sound  started
670.1345 	DATA 	Keypress: rctrl
670.1436 	EXP 	Sound  started
670.8864 	DATA 	Keypress: lctrl
670.8936 	EXP 	Sound  started
671.6385 	DATA 	Keypress: rctrl
671.6436 	EXP 	Sound  started
672.3936 	EXP 	Sound  started
672.4064 	DATA 	Keypress: rctrl
673.1265 	DATA 	Keypress: lctrl
673.1436 	EXP 	Sound  started
673.8937 	EXP 	Sound  started
673.8945 	DATA 	Keypress: rctrl
674.5984 	DATA 	Keypress: lctrl
674.6437 	EXP 	Sound  started
675.3826 	DATA 	Keypress: lctrl
675.3937 	EXP 	Sound  started
676.0705 	DATA 	Keypress: lctrl
676.1437 	EXP 	Sound  started
676.8937 	EXP 	Sound  started
677.5745 	DATA 	Keypress: lctrl
677.6437 	EXP 	Sound  started
678.2464 	DATA 	Keypress: lctrl
678.3937 	EXP 	Sound  started
679.1438 	EXP 	Sound  started
679.8938 	EXP 	Sound  started
680.5505 	DATA 	Keypress: lctrl
680.6438 	EXP 	Sound  started
681.2704 	DATA 	Keypress: lctrl
681.3938 	EXP 	Sound  started
682.1438 	EXP 	Sound  started
682.7105 	DATA 	Keypress: lctrl
682.8938 	EXP 	Sound  started
683.4944 	DATA 	Keypress: lctrl
683.6438 	EXP 	Sound  started
684.3938 	EXP 	Sound  started
685.0146 	DATA 	Keypress: rctrl
685.1439 	EXP 	Sound  started
685.6865 	DATA 	Keypress: lctrl
685.8939 	EXP 	Sound  started
686.4384 	DATA 	Keypress: lctrl
686.6439 	EXP 	Sound  started
687.2545 	DATA 	Keypress: rctrl
687.3939 	EXP 	Sound  started
688.0064 	DATA 	Keypress: rctrl
688.1439 	EXP 	Sound  started
688.7904 	DATA 	Keypress: rctrl
688.8939 	EXP 	Sound  started
689.4624 	DATA 	Keypress: lctrl
689.6439 	EXP 	Sound  started
690.2144 	DATA 	Keypress: lctrl
690.3939 	EXP 	Sound  started
691.1440 	EXP 	Sound  started
691.8940 	EXP 	Sound  started
692.6440 	EXP 	Sound  started
693.2865 	DATA 	Keypress: lctrl
693.3940 	EXP 	Sound  started
693.9585 	DATA 	Keypress: lctrl
694.1440 	EXP 	Sound  started
694.8940 	EXP 	Sound  started
695.4624 	DATA 	Keypress: lctrl
695.6440 	EXP 	Sound  started
696.1344 	DATA 	Keypress: rctrl
696.3941 	EXP 	Sound  started
696.9664 	DATA 	Keypress: lctrl
697.1441 	EXP 	Sound  started
697.6225 	DATA 	Keypress: lctrl
697.8941 	EXP 	Sound  started
698.4225 	DATA 	Keypress: rctrl
698.6441 	EXP 	Sound  started
699.1584 	DATA 	Keypress: rctrl
699.3941 	EXP 	Sound  started
699.9104 	DATA 	Keypress: rctrl
700.1441 	EXP 	Sound  started
700.7425 	DATA 	Keypress: lctrl
700.8941 	EXP 	Sound  started
701.4464 	DATA 	Keypress: lctrl
701.6442 	EXP 	Sound  started
702.1824 	DATA 	Keypress: lctrl
702.3942 	EXP 	Sound  started
702.9504 	DATA 	Keypress: rctrl
703.1442 	EXP 	Sound  started
703.7025 	DATA 	Keypress: rctrl
703.8942 	EXP 	Sound  started
704.4064 	DATA 	Keypress: lctrl
704.6442 	EXP 	Sound  started
705.1904 	DATA 	Keypress: lctrl
705.3942 	EXP 	Sound  started
705.9265 	DATA 	Keypress: lctrl
706.1442 	EXP 	Sound  started
706.6944 	DATA 	Keypress: lctrl
706.8943 	EXP 	Sound  started
707.5265 	DATA 	Keypress: rctrl
707.6443 	EXP 	Sound  started
708.1985 	DATA 	Keypress: rctrl
708.3943 	EXP 	Sound  started
708.9504 	DATA 	Keypress: lctrl
709.1443 	EXP 	Sound  started
709.6544 	DATA 	Keypress: rctrl
709.8943 	EXP 	Sound  started
710.6443 	EXP 	Sound  started
711.1744 	DATA 	Keypress: lctrl
711.3943 	EXP 	Sound  started
711.9424 	DATA 	Keypress: lctrl
712.1444 	EXP 	Sound  started
712.7424 	DATA 	Keypress: rctrl
712.8944 	EXP 	Sound  started
713.4624 	DATA 	Keypress: rctrl
713.6444 	EXP 	Sound  started
714.1824 	DATA 	Keypress: rctrl
714.3944 	EXP 	Sound  started
714.9504 	DATA 	Keypress: lctrl
715.1444 	EXP 	Sound  started
715.6544 	DATA 	Keypress: lctrl
715.8944 	EXP 	Sound  started
716.4544 	DATA 	Keypress: rctrl
716.6445 	EXP 	Sound  started
717.2064 	DATA 	Keypress: rctrl
720.0122 	DATA 	Keypress: 2
720.0286 	EXP 	unnamed ShapeStim: vertices = <class 'numpy.ndarray'>
722.3474 	DATA 	Keypress: 3
722.3639 	EXP 	unnamed ShapeStim: vertices = <class 'numpy.ndarray'>
725.1501 	DATA 	Keypress: 1
725.1666 	EXP 	unnamed ShapeStim: vertices = <class 'numpy.ndarray'>
729.4693 	DATA 	Keypress: lctrl
1232.7106 	DATA 	Keypress: escape
1232.7860 	EXP 	window1: mouseVisible = True
