18.0591 	WARNING 	User requested fullscreen with size [1024  768], but screen is actually [1920, 1200]. Using actual size
19.3835 	EXP 	Created window1 = Window(allowGUI=False, allowStencil=False, autoLog=True, backendConf=UNKNOWN, bitsMode=UNKNOWN, blendMode='avg', bpc=(8, 8, 8), color=array([0, 0, 0]), colorSpace='rgb', depthBits=8, fullscr=<method-wrapper '__getattribute__' of attributeSetter object at 0x0000018951A949B0>, gamma=None, gammaErrorPolicy='raise', lms=UNKNOWN, monitor=<psychopy.monitors.calibTools.Monitor object at 0x000001895A0602B0>, multiSample=False, name='window1', numSamples=2, pos=[0.0, 0.0], screen=0, size=array([1920, 1200]), stencilBits=0, stereo=False, units='norm', useFBO=True, useRetina=False, viewOri=0.0, viewPos=None, viewScale=None, waitBlanking=True, winType='pyglet')
19.3841 	EXP 	window1: mouseVisible = True
19.3842 	EXP 	window1: mouseVisible = False
19.3843 	EXP 	window1: recordFrameIntervals = False
19.5493 	EXP 	window1: recordFrameIntervals = True
19.7331 	EXP 	window1: recordFrameIntervals = False
19.7951 	EXP 	Created text = TextStim(__class__=<class 'psychopy.visual.text.TextStim'>, alignHoriz=method-wrapper(...), alignText='center', alignVert=method-wrapper(...), anchorHoriz='center', anchorVert='center', antialias=True, autoLog=True, bold=False, color=array([1., 1., 1.]), colorSpace='rgb', contrast=1.0, depth=0.0, flipHoriz=False, flipVert=False, font='Arial', fontFiles=[], height=0.15, italic=False, languageStyle='LTR', name='text', opacity=1, ori=0, pos=array([0., 0.]), rgb=UNKNOWN, text='+', units='norm', win=Window(...), wrapWidth=1)
19.8179 	EXP 	Created text = TextStim(__class__=<class 'psychopy.visual.text.TextStim'>, alignHoriz=method-wrapper(...), alignText='center', alignVert=method-wrapper(...), anchorHoriz='center', anchorVert='center', antialias=True, autoLog=True, bold=False, color=array([1., 1., 1.]), colorSpace='rgb', contrast=1.0, depth=0.0, flipHoriz=False, flipVert=False, font='Arial', fontFiles=[], height=0.07, italic=False, languageStyle='LTR', name='text', opacity=1, ori=0, pos=array([0., 0.]), rgb=UNKNOWN, text=str(...), units='norm', win=Window(...), wrapWidth=1.65)
19.8278 	EXP 	Created text = TextStim(__class__=<class 'psychopy.visual.text.TextStim'>, alignHoriz=method-wrapper(...), alignText='center', alignVert=method-wrapper(...), anchorHoriz='center', anchorVert='center', antialias=True, autoLog=True, bold=False, color=array([1., 1., 1.]), colorSpace='rgb', contrast=1.0, depth=0.0, flipHoriz=False, flipVert=False, font='Arial', fontFiles=[], height=0.07, italic=False, languageStyle='LTR', name='text', opacity=1, ori=0, pos=array([0., 0.]), rgb=UNKNOWN, text=str(...), units='norm', win=Window(...), wrapWidth=1.65)
19.8372 	EXP 	Created text = TextStim(__class__=<class 'psychopy.visual.text.TextStim'>, alignHoriz=method-wrapper(...), alignText='center', alignVert=method-wrapper(...), anchorHoriz='center', anchorVert='center', antialias=True, autoLog=True, bold=False, color=array([1., 1., 1.]), colorSpace='rgb', contrast=1.0, depth=0.0, flipHoriz=False, flipVert=False, font='Arial', fontFiles=[], height=0.07, italic=False, languageStyle='LTR', name='text', opacity=1, ori=0, pos=array([0., 0.]), rgb=UNKNOWN, text=str(...), units='norm', win=Window(...), wrapWidth=1.65)
19.8456 	EXP 	Created text = TextStim(__class__=<class 'psychopy.visual.text.TextStim'>, alignHoriz=method-wrapper(...), alignText='center', alignVert=method-wrapper(...), anchorHoriz='center', anchorVert='center', antialias=True, autoLog=True, bold=False, color=array([1., 1., 1.]), colorSpace='rgb', contrast=1.0, depth=0.0, flipHoriz=False, flipVert=False, font='Arial', fontFiles=[], height=0.07, italic=False, languageStyle='LTR', name='text', opacity=1, ori=0, pos=array([0., 0.]), rgb=UNKNOWN, text=str(...), units='norm', win=Window(...), wrapWidth=1.65)
19.8513 	EXP 	Created text = TextStim(__class__=<class 'psychopy.visual.text.TextStim'>, alignHoriz=method-wrapper(...), alignText='center', alignVert=method-wrapper(...), anchorHoriz='center', anchorVert='center', antialias=True, autoLog=True, bold=False, color=array([1., 1., 1.]), colorSpace='rgb', contrast=1.0, depth=0.0, flipHoriz=False, flipVert=False, font='Arial', fontFiles=[], height=0.07, italic=False, languageStyle='LTR', name='text', opacity=1, ori=0, pos=array([0., 0.]), rgb=UNKNOWN, text=str(...), units='norm', win=Window(...), wrapWidth=1.65)
19.8661 	EXP 	Created text = TextStim(__class__=<class 'psychopy.visual.text.TextStim'>, alignHoriz=method-wrapper(...), alignText='center', alignVert=method-wrapper(...), anchorHoriz='center', anchorVert='center', antialias=True, autoLog=True, bold=False, color=array([1., 1., 1.]), colorSpace='rgb', contrast=1.0, depth=0.0, flipHoriz=False, flipVert=False, font='Arial', fontFiles=[], height=0.15, italic=False, languageStyle='LTR', name='text', opacity=1, ori=0, pos=array([0., 0.]), rgb=UNKNOWN, text=str(...), units='norm', win=Window(...), wrapWidth=1.65)
19.8953 	EXP 	Created text = TextStim(__class__=<class 'psychopy.visual.text.TextStim'>, alignHoriz=method-wrapper(...), alignText='center', alignVert=method-wrapper(...), anchorHoriz='center', anchorVert='center', antialias=True, autoLog=True, bold=False, color=array([1., 1., 1.]), colorSpace='rgb', contrast=1.0, depth=0.0, flipHoriz=False, flipVert=False, font='Arial', fontFiles=[], height=0.07, italic=False, languageStyle='LTR', name='text', opacity=1, ori=0, pos=array([0., 0.]), rgb=UNKNOWN, text=str(...), units='norm', win=Window(...), wrapWidth=1.65)
19.9155 	EXP 	Created text = TextStim(__class__=<class 'psychopy.visual.text.TextStim'>, alignHoriz=method-wrapper(...), alignText='center', alignVert=method-wrapper(...), anchorHoriz='center', anchorVert='center', antialias=True, autoLog=True, bold=False, color=array([1., 1., 1.]), colorSpace='rgb', contrast=1.0, depth=0.0, flipHoriz=False, flipVert=False, font='Arial', fontFiles=[], height=0.07, italic=False, languageStyle='LTR', name='text', opacity=1, ori=0, pos=array([0., 0.]), rgb=UNKNOWN, text=str(...), units='norm', win=Window(...), wrapWidth=1.65)
19.9452 	EXP 	Created text = TextStim(__class__=<class 'psychopy.visual.text.TextStim'>, alignHoriz=method-wrapper(...), alignText='center', alignVert=method-wrapper(...), anchorHoriz='center', anchorVert='center', antialias=True, autoLog=True, bold=False, color=array([1., 1., 1.]), colorSpace='rgb', contrast=1.0, depth=0.0, flipHoriz=False, flipVert=False, font='Arial', fontFiles=[], height=0.07, italic=False, languageStyle='LTR', name='text', opacity=1, ori=0, pos=array([0., 0.]), rgb=UNKNOWN, text=str(...), units='norm', win=Window(...), wrapWidth=1.65)
19.9687 	EXP 	Created text = TextStim(__class__=<class 'psychopy.visual.text.TextStim'>, alignHoriz=method-wrapper(...), alignText='center', alignVert=method-wrapper(...), anchorHoriz='center', anchorVert='center', antialias=True, autoLog=True, bold=False, color=array([1., 1., 1.]), colorSpace='rgb', contrast=1.0, depth=0.0, flipHoriz=False, flipVert=False, font='Arial', fontFiles=[], height=0.07, italic=False, languageStyle='LTR', name='text', opacity=1, ori=0, pos=array([0., 0.]), rgb=UNKNOWN, text=str(...), units='norm', win=Window(...), wrapWidth=1.65)
19.9978 	EXP 	Created text = TextStim(__class__=<class 'psychopy.visual.text.TextStim'>, alignHoriz=method-wrapper(...), alignText='center', alignVert=method-wrapper(...), anchorHoriz='center', anchorVert='center', antialias=True, autoLog=True, bold=False, color=array([1., 1., 1.]), colorSpace='rgb', contrast=1.0, depth=0.0, flipHoriz=False, flipVert=False, font='Arial', fontFiles=[], height=0.07, italic=False, languageStyle='LTR', name='text', opacity=1, ori=0, pos=array([0., 0.]), rgb=UNKNOWN, text=str(...), units='norm', win=Window(...), wrapWidth=1.65)
20.0079 	EXP 	Created text = TextStim(__class__=<class 'psychopy.visual.text.TextStim'>, alignHoriz=method-wrapper(...), alignText='center', alignVert=method-wrapper(...), anchorHoriz='center', anchorVert='center', antialias=True, autoLog=True, bold=False, color=array([1., 1., 1.]), colorSpace='rgb', contrast=1.0, depth=0.0, flipHoriz=False, flipVert=False, font='Arial', fontFiles=[], height=0.07, italic=False, languageStyle='LTR', name='text', opacity=1, ori=0, pos=array([0., 0.]), rgb=UNKNOWN, text=str(...), units='norm', win=Window(...), wrapWidth=1.65)
20.0201 	EXP 	Created text = TextStim(__class__=<class 'psychopy.visual.text.TextStim'>, alignHoriz=method-wrapper(...), alignText='center', alignVert=method-wrapper(...), anchorHoriz='center', anchorVert='center', antialias=True, autoLog=True, bold=False, color=array([1., 1., 1.]), colorSpace='rgb', contrast=1.0, depth=0.0, flipHoriz=False, flipVert=False, font='Arial', fontFiles=[], height=0.07, italic=False, languageStyle='LTR', name='text', opacity=1, ori=0, pos=array([0., 0.]), rgb=UNKNOWN, text=str(...), units='norm', win=Window(...), wrapWidth=1.65)
20.0243 	EXP 	Created instru = TextStim(__class__=<class 'psychopy.visual.text.TextStim'>, alignHoriz=method-wrapper(...), alignText='center', alignVert=method-wrapper(...), anchorHoriz='center', anchorVert='center', antialias=True, autoLog=True, bold=False, color=array([1., 1., 1.]), colorSpace='rgb', contrast=1.0, depth=0.0, flipHoriz=False, flipVert=False, font='Arial', fontFiles=[], height=0.07, italic=False, languageStyle='LTR', name='instru', opacity=1, ori=0, pos=array([0. , 0.5]), rgb=UNKNOWN, text=str(...), units='norm', win=Window(...), wrapWidth=1)
20.0268 	EXP 	Created unnamed Line = Line(__class__=<class 'psychopy.visual.line.Line'>, autoDraw=False, autoLog=True, closeShape=False, color=array([1., 1., 1.]), colorSpace='rgb', contrast=None, depth=0, fillColor=array([0, 0, 0]), fillColorSpace='rgb', fillRGB=array([0, 0, 0]), interpolate=True, lineColor=array([1., 1., 1.]), lineColorSpace='rgb', lineRGB=array([1, 1, 1]), lineWidth=5, name='unnamed Line', opacity=0.5, ori=0.0, pos=array([0., 0.]), size=array([1., 1.]), units='norm', vertices=array([[-0.5,  0. ],
       [ 0.5,  0. ]]), win=Window(...), windingRule=None)
20.0288 	EXP 	Created unnamed Line = Line(__class__=<class 'psychopy.visual.line.Line'>, autoDraw=False, autoLog=True, closeShape=False, color=array([1., 1., 1.]), colorSpace='rgb', contrast=None, depth=0, fillColor=array([0, 0, 0]), fillColorSpace='rgb', fillRGB=array([0, 0, 0]), interpolate=True, lineColor=array([1., 1., 1.]), lineColorSpace='rgb', lineRGB=array([1, 1, 1]), lineWidth=3, name='unnamed Line', opacity=0.5, ori=0.0, pos=array([0., 0.]), size=array([1., 1.]), units='norm', vertices=array([[-0.5 , -0.05],
       [-0.5 ,  0.05]]), win=Window(...), windingRule=None)
20.0307 	EXP 	Created unnamed Line = Line(__class__=<class 'psychopy.visual.line.Line'>, autoDraw=False, autoLog=True, closeShape=False, color=array([1., 1., 1.]), colorSpace='rgb', contrast=None, depth=0, fillColor=array([0, 0, 0]), fillColorSpace='rgb', fillRGB=array([0, 0, 0]), interpolate=True, lineColor=array([1., 1., 1.]), lineColorSpace='rgb', lineRGB=array([1, 1, 1]), lineWidth=3, name='unnamed Line', opacity=0.5, ori=0.0, pos=array([0., 0.]), size=array([1., 1.]), units='norm', vertices=ndarray(...), win=Window(...), windingRule=None)
20.0327 	EXP 	Created unnamed Line = Line(__class__=<class 'psychopy.visual.line.Line'>, autoDraw=False, autoLog=True, closeShape=False, color=array([1., 1., 1.]), colorSpace='rgb', contrast=None, depth=0, fillColor=array([0, 0, 0]), fillColorSpace='rgb', fillRGB=array([0, 0, 0]), interpolate=True, lineColor=array([1., 1., 1.]), lineColorSpace='rgb', lineRGB=array([1, 1, 1]), lineWidth=3, name='unnamed Line', opacity=0.5, ori=0.0, pos=array([0., 0.]), size=array([1., 1.]), units='norm', vertices=ndarray(...), win=Window(...), windingRule=None)
20.0347 	EXP 	Created unnamed Line = Line(__class__=<class 'psychopy.visual.line.Line'>, autoDraw=False, autoLog=True, closeShape=False, color=array([1., 1., 1.]), colorSpace='rgb', contrast=None, depth=0, fillColor=array([0, 0, 0]), fillColorSpace='rgb', fillRGB=array([0, 0, 0]), interpolate=True, lineColor=array([1., 1., 1.]), lineColorSpace='rgb', lineRGB=array([1, 1, 1]), lineWidth=3, name='unnamed Line', opacity=0.5, ori=0.0, pos=array([0., 0.]), size=array([1., 1.]), units='norm', vertices=array([[ 0.5 , -0.05],
       [ 0.5 ,  0.05]]), win=Window(...), windingRule=None)
20.0464 	EXP 	Created unnamed TextStim = TextStim(__class__=<class 'psychopy.visual.text.TextStim'>, alignHoriz=method-wrapper(...), alignText='center', alignVert=method-wrapper(...), anchorHoriz='center', anchorVert='center', antialias=True, autoLog=True, bold=False, color=array([1., 1., 1.]), colorSpace='rgb', contrast=1.0, depth=0, flipHoriz=False, flipVert=False, font='', fontFiles=[], height=0.05, italic=False, languageStyle='LTR', name='unnamed TextStim', opacity=1.0, ori=0.0, pos=array([-0.5, -0.1]), rgb=UNKNOWN, text='Helt klart \n IKKE FOKUSERT', units='norm', win=Window(...), wrapWidth=1)
20.0474 	EXP 	Created unnamed TextStim = TextStim(__class__=<class 'psychopy.visual.text.TextStim'>, alignHoriz=method-wrapper(...), alignText='center', alignVert=method-wrapper(...), anchorHoriz='center', anchorVert='center', antialias=True, autoLog=True, bold=False, color=array([1., 1., 1.]), colorSpace='rgb', contrast=1.0, depth=0, flipHoriz=False, flipVert=False, font='', fontFiles=[], height=0.05, italic=False, languageStyle='LTR', name='unnamed TextStim', opacity=1.0, ori=0.0, pos=array([-0.16666667, -0.1       ]), rgb=UNKNOWN, text='', units='norm', win=Window(...), wrapWidth=1)
20.0484 	EXP 	Created unnamed TextStim = TextStim(__class__=<class 'psychopy.visual.text.TextStim'>, alignHoriz=method-wrapper(...), alignText='center', alignVert=method-wrapper(...), anchorHoriz='center', anchorVert='center', antialias=True, autoLog=True, bold=False, color=array([1., 1., 1.]), colorSpace='rgb', contrast=1.0, depth=0, flipHoriz=False, flipVert=False, font='', fontFiles=[], height=0.05, italic=False, languageStyle='LTR', name='unnamed TextStim', opacity=1.0, ori=0.0, pos=array([ 0.16666667, -0.1       ]), rgb=UNKNOWN, text='', units='norm', win=Window(...), wrapWidth=1)
20.0515 	EXP 	Created unnamed TextStim = TextStim(__class__=<class 'psychopy.visual.text.TextStim'>, alignHoriz=method-wrapper(...), alignText='center', alignVert=method-wrapper(...), anchorHoriz='center', anchorVert='center', antialias=True, autoLog=True, bold=False, color=array([1., 1., 1.]), colorSpace='rgb', contrast=1.0, depth=0, flipHoriz=False, flipVert=False, font='', fontFiles=[], height=0.05, italic=False, languageStyle='LTR', name='unnamed TextStim', opacity=1.0, ori=0.0, pos=array([ 0.5, -0.1]), rgb=UNKNOWN, text='Helt klart \n FOKUSERT', units='norm', win=Window(...), wrapWidth=1)
20.0532 	EXP 	Created unnamed ShapeStim = ShapeStim(__class__=<class 'psychopy.visual.shape.ShapeStim'>, autoDraw=False, autoLog=True, closeShape=True, color=method-wrapper(...), colorSpace='rgb', contrast=None, depth=0, fillColor=array([1, 1, 1]), fillColorSpace='rgb', fillRGB=array([1, 1, 1]), interpolate=True, lineColor=array([-1., -1., -1.]), lineColorSpace='rgb', lineRGB=array([-1, -1, -1]), lineWidth=1.5, name='unnamed ShapeStim', opacity=1.0, ori=0.0, pos=array([0., 0.]), size=array([1., 1.]), units='norm', vertices=ndarray(...), win=Window(...), windingRule=None)
20.0599 	EXP 	Created instru = TextStim(__class__=<class 'psychopy.visual.text.TextStim'>, alignHoriz=method-wrapper(...), alignText='center', alignVert=method-wrapper(...), anchorHoriz='center', anchorVert='center', antialias=True, autoLog=True, bold=False, color=array([1., 1., 1.]), colorSpace='rgb', contrast=1.0, depth=0.0, flipHoriz=False, flipVert=False, font='Arial', fontFiles=[], height=0.07, italic=False, languageStyle='LTR', name='instru', opacity=1, ori=0, pos=array([0. , 0.5]), rgb=UNKNOWN, text=str(...), units='norm', win=Window(...), wrapWidth=1)
20.0620 	EXP 	Created unnamed Line = Line(__class__=<class 'psychopy.visual.line.Line'>, autoDraw=False, autoLog=True, closeShape=False, color=array([1., 1., 1.]), colorSpace='rgb', contrast=None, depth=0, fillColor=array([0, 0, 0]), fillColorSpace='rgb', fillRGB=array([0, 0, 0]), interpolate=True, lineColor=array([1., 1., 1.]), lineColorSpace='rgb', lineRGB=array([1, 1, 1]), lineWidth=5, name='unnamed Line', opacity=0.5, ori=0.0, pos=array([0., 0.]), size=array([1., 1.]), units='norm', vertices=array([[-0.5,  0. ],
       [ 0.5,  0. ]]), win=Window(...), windingRule=None)
20.0639 	EXP 	Created unnamed Line = Line(__class__=<class 'psychopy.visual.line.Line'>, autoDraw=False, autoLog=True, closeShape=False, color=array([1., 1., 1.]), colorSpace='rgb', contrast=None, depth=0, fillColor=array([0, 0, 0]), fillColorSpace='rgb', fillRGB=array([0, 0, 0]), interpolate=True, lineColor=array([1., 1., 1.]), lineColorSpace='rgb', lineRGB=array([1, 1, 1]), lineWidth=3, name='unnamed Line', opacity=0.5, ori=0.0, pos=array([0., 0.]), size=array([1., 1.]), units='norm', vertices=array([[-0.5 , -0.05],
       [-0.5 ,  0.05]]), win=Window(...), windingRule=None)
20.0659 	EXP 	Created unnamed Line = Line(__class__=<class 'psychopy.visual.line.Line'>, autoDraw=False, autoLog=True, closeShape=False, color=array([1., 1., 1.]), colorSpace='rgb', contrast=None, depth=0, fillColor=array([0, 0, 0]), fillColorSpace='rgb', fillRGB=array([0, 0, 0]), interpolate=True, lineColor=array([1., 1., 1.]), lineColorSpace='rgb', lineRGB=array([1, 1, 1]), lineWidth=3, name='unnamed Line', opacity=0.5, ori=0.0, pos=array([0., 0.]), size=array([1., 1.]), units='norm', vertices=ndarray(...), win=Window(...), windingRule=None)
20.0679 	EXP 	Created unnamed Line = Line(__class__=<class 'psychopy.visual.line.Line'>, autoDraw=False, autoLog=True, closeShape=False, color=array([1., 1., 1.]), colorSpace='rgb', contrast=None, depth=0, fillColor=array([0, 0, 0]), fillColorSpace='rgb', fillRGB=array([0, 0, 0]), interpolate=True, lineColor=array([1., 1., 1.]), lineColorSpace='rgb', lineRGB=array([1, 1, 1]), lineWidth=3, name='unnamed Line', opacity=0.5, ori=0.0, pos=array([0., 0.]), size=array([1., 1.]), units='norm', vertices=ndarray(...), win=Window(...), windingRule=None)
20.0698 	EXP 	Created unnamed Line = Line(__class__=<class 'psychopy.visual.line.Line'>, autoDraw=False, autoLog=True, closeShape=False, color=array([1., 1., 1.]), colorSpace='rgb', contrast=None, depth=0, fillColor=array([0, 0, 0]), fillColorSpace='rgb', fillRGB=array([0, 0, 0]), interpolate=True, lineColor=array([1., 1., 1.]), lineColorSpace='rgb', lineRGB=array([1, 1, 1]), lineWidth=3, name='unnamed Line', opacity=0.5, ori=0.0, pos=array([0., 0.]), size=array([1., 1.]), units='norm', vertices=array([[ 0.5 , -0.05],
       [ 0.5 ,  0.05]]), win=Window(...), windingRule=None)
20.0741 	EXP 	Created unnamed TextStim = TextStim(__class__=<class 'psychopy.visual.text.TextStim'>, alignHoriz=method-wrapper(...), alignText='center', alignVert=method-wrapper(...), anchorHoriz='center', anchorVert='center', antialias=True, autoLog=True, bold=False, color=array([1., 1., 1.]), colorSpace='rgb', contrast=1.0, depth=0, flipHoriz=False, flipVert=False, font='', fontFiles=[], height=0.05, italic=False, languageStyle='LTR', name='unnamed TextStim', opacity=1.0, ori=0.0, pos=array([-0.5, -0.1]), rgb=UNKNOWN, text='Helt klart \n INGENTING', units='norm', win=Window(...), wrapWidth=1)
20.0751 	EXP 	Created unnamed TextStim = TextStim(__class__=<class 'psychopy.visual.text.TextStim'>, alignHoriz=method-wrapper(...), alignText='center', alignVert=method-wrapper(...), anchorHoriz='center', anchorVert='center', antialias=True, autoLog=True, bold=False, color=array([1., 1., 1.]), colorSpace='rgb', contrast=1.0, depth=0, flipHoriz=False, flipVert=False, font='', fontFiles=[], height=0.05, italic=False, languageStyle='LTR', name='unnamed TextStim', opacity=1.0, ori=0.0, pos=array([-0.16666667, -0.1       ]), rgb=UNKNOWN, text='', units='norm', win=Window(...), wrapWidth=1)
20.0761 	EXP 	Created unnamed TextStim = TextStim(__class__=<class 'psychopy.visual.text.TextStim'>, alignHoriz=method-wrapper(...), alignText='center', alignVert=method-wrapper(...), anchorHoriz='center', anchorVert='center', antialias=True, autoLog=True, bold=False, color=array([1., 1., 1.]), colorSpace='rgb', contrast=1.0, depth=0, flipHoriz=False, flipVert=False, font='', fontFiles=[], height=0.05, italic=False, languageStyle='LTR', name='unnamed TextStim', opacity=1.0, ori=0.0, pos=array([ 0.16666667, -0.1       ]), rgb=UNKNOWN, text='', units='norm', win=Window(...), wrapWidth=1)
20.0790 	EXP 	Created unnamed TextStim = TextStim(__class__=<class 'psychopy.visual.text.TextStim'>, alignHoriz=method-wrapper(...), alignText='center', alignVert=method-wrapper(...), anchorHoriz='center', anchorVert='center', antialias=True, autoLog=True, bold=False, color=array([1., 1., 1.]), colorSpace='rgb', contrast=1.0, depth=0, flipHoriz=False, flipVert=False, font='', fontFiles=[], height=0.05, italic=False, languageStyle='LTR', name='unnamed TextStim', opacity=1.0, ori=0.0, pos=array([ 0.5, -0.1]), rgb=UNKNOWN, text='Helt klart \n NOE', units='norm', win=Window(...), wrapWidth=1)
20.0806 	EXP 	Created unnamed ShapeStim = ShapeStim(__class__=<class 'psychopy.visual.shape.ShapeStim'>, autoDraw=False, autoLog=True, closeShape=True, color=method-wrapper(...), colorSpace='rgb', contrast=None, depth=0, fillColor=array([1, 1, 1]), fillColorSpace='rgb', fillRGB=array([1, 1, 1]), interpolate=True, lineColor=array([-1., -1., -1.]), lineColorSpace='rgb', lineRGB=array([-1, -1, -1]), lineWidth=1.5, name='unnamed ShapeStim', opacity=1.0, ori=0.0, pos=array([0., 0.]), size=array([1., 1.]), units='norm', vertices=ndarray(...), win=Window(...), windingRule=None)
20.0869 	EXP 	Created instru = TextStim(__class__=<class 'psychopy.visual.text.TextStim'>, alignHoriz=method-wrapper(...), alignText='center', alignVert=method-wrapper(...), anchorHoriz='center', anchorVert='center', antialias=True, autoLog=True, bold=False, color=array([1., 1., 1.]), colorSpace='rgb', contrast=1.0, depth=0.0, flipHoriz=False, flipVert=False, font='Arial', fontFiles=[], height=0.07, italic=False, languageStyle='LTR', name='instru', opacity=1, ori=0, pos=array([0. , 0.5]), rgb=UNKNOWN, text=str(...), units='norm', win=Window(...), wrapWidth=1)
20.0889 	EXP 	Created unnamed Line = Line(__class__=<class 'psychopy.visual.line.Line'>, autoDraw=False, autoLog=True, closeShape=False, color=array([1., 1., 1.]), colorSpace='rgb', contrast=None, depth=0, fillColor=array([0, 0, 0]), fillColorSpace='rgb', fillRGB=array([0, 0, 0]), interpolate=True, lineColor=array([1., 1., 1.]), lineColorSpace='rgb', lineRGB=array([1, 1, 1]), lineWidth=5, name='unnamed Line', opacity=0.5, ori=0.0, pos=array([0., 0.]), size=array([1., 1.]), units='norm', vertices=array([[-0.5,  0. ],
       [ 0.5,  0. ]]), win=Window(...), windingRule=None)
20.0909 	EXP 	Created unnamed Line = Line(__class__=<class 'psychopy.visual.line.Line'>, autoDraw=False, autoLog=True, closeShape=False, color=array([1., 1., 1.]), colorSpace='rgb', contrast=None, depth=0, fillColor=array([0, 0, 0]), fillColorSpace='rgb', fillRGB=array([0, 0, 0]), interpolate=True, lineColor=array([1., 1., 1.]), lineColorSpace='rgb', lineRGB=array([1, 1, 1]), lineWidth=3, name='unnamed Line', opacity=0.5, ori=0.0, pos=array([0., 0.]), size=array([1., 1.]), units='norm', vertices=array([[-0.5 , -0.05],
       [-0.5 ,  0.05]]), win=Window(...), windingRule=None)
20.0929 	EXP 	Created unnamed Line = Line(__class__=<class 'psychopy.visual.line.Line'>, autoDraw=False, autoLog=True, closeShape=False, color=array([1., 1., 1.]), colorSpace='rgb', contrast=None, depth=0, fillColor=array([0, 0, 0]), fillColorSpace='rgb', fillRGB=array([0, 0, 0]), interpolate=True, lineColor=array([1., 1., 1.]), lineColorSpace='rgb', lineRGB=array([1, 1, 1]), lineWidth=3, name='unnamed Line', opacity=0.5, ori=0.0, pos=array([0., 0.]), size=array([1., 1.]), units='norm', vertices=ndarray(...), win=Window(...), windingRule=None)
20.0948 	EXP 	Created unnamed Line = Line(__class__=<class 'psychopy.visual.line.Line'>, autoDraw=False, autoLog=True, closeShape=False, color=array([1., 1., 1.]), colorSpace='rgb', contrast=None, depth=0, fillColor=array([0, 0, 0]), fillColorSpace='rgb', fillRGB=array([0, 0, 0]), interpolate=True, lineColor=array([1., 1., 1.]), lineColorSpace='rgb', lineRGB=array([1, 1, 1]), lineWidth=3, name='unnamed Line', opacity=0.5, ori=0.0, pos=array([0., 0.]), size=array([1., 1.]), units='norm', vertices=ndarray(...), win=Window(...), windingRule=None)
20.0968 	EXP 	Created unnamed Line = Line(__class__=<class 'psychopy.visual.line.Line'>, autoDraw=False, autoLog=True, closeShape=False, color=array([1., 1., 1.]), colorSpace='rgb', contrast=None, depth=0, fillColor=array([0, 0, 0]), fillColorSpace='rgb', fillRGB=array([0, 0, 0]), interpolate=True, lineColor=array([1., 1., 1.]), lineColorSpace='rgb', lineRGB=array([1, 1, 1]), lineWidth=3, name='unnamed Line', opacity=0.5, ori=0.0, pos=array([0., 0.]), size=array([1., 1.]), units='norm', vertices=array([[ 0.5 , -0.05],
       [ 0.5 ,  0.05]]), win=Window(...), windingRule=None)
20.1008 	EXP 	Created unnamed TextStim = TextStim(__class__=<class 'psychopy.visual.text.TextStim'>, alignHoriz=method-wrapper(...), alignText='center', alignVert=method-wrapper(...), anchorHoriz='center', anchorVert='center', antialias=True, autoLog=True, bold=False, color=array([1., 1., 1.]), colorSpace='rgb', contrast=1.0, depth=0, flipHoriz=False, flipVert=False, font='', fontFiles=[], height=0.05, italic=False, languageStyle='LTR', name='unnamed TextStim', opacity=1.0, ori=0.0, pos=array([-0.5, -0.1]), rgb=UNKNOWN, text='Helt klart \n SPONTAN', units='norm', win=Window(...), wrapWidth=1)
20.1018 	EXP 	Created unnamed TextStim = TextStim(__class__=<class 'psychopy.visual.text.TextStim'>, alignHoriz=method-wrapper(...), alignText='center', alignVert=method-wrapper(...), anchorHoriz='center', anchorVert='center', antialias=True, autoLog=True, bold=False, color=array([1., 1., 1.]), colorSpace='rgb', contrast=1.0, depth=0, flipHoriz=False, flipVert=False, font='', fontFiles=[], height=0.05, italic=False, languageStyle='LTR', name='unnamed TextStim', opacity=1.0, ori=0.0, pos=array([-0.16666667, -0.1       ]), rgb=UNKNOWN, text='', units='norm', win=Window(...), wrapWidth=1)
20.1028 	EXP 	Created unnamed TextStim = TextStim(__class__=<class 'psychopy.visual.text.TextStim'>, alignHoriz=method-wrapper(...), alignText='center', alignVert=method-wrapper(...), anchorHoriz='center', anchorVert='center', antialias=True, autoLog=True, bold=False, color=array([1., 1., 1.]), colorSpace='rgb', contrast=1.0, depth=0, flipHoriz=False, flipVert=False, font='', fontFiles=[], height=0.05, italic=False, languageStyle='LTR', name='unnamed TextStim', opacity=1.0, ori=0.0, pos=array([ 0.16666667, -0.1       ]), rgb=UNKNOWN, text='', units='norm', win=Window(...), wrapWidth=1)
20.1068 	EXP 	Created unnamed TextStim = TextStim(__class__=<class 'psychopy.visual.text.TextStim'>, alignHoriz=method-wrapper(...), alignText='center', alignVert=method-wrapper(...), anchorHoriz='center', anchorVert='center', antialias=True, autoLog=True, bold=False, color=array([1., 1., 1.]), colorSpace='rgb', contrast=1.0, depth=0, flipHoriz=False, flipVert=False, font='', fontFiles=[], height=0.05, italic=False, languageStyle='LTR', name='unnamed TextStim', opacity=1.0, ori=0.0, pos=array([ 0.5, -0.1]), rgb=UNKNOWN, text='Helt klart \n BEVISST', units='norm', win=Window(...), wrapWidth=1)
20.1084 	EXP 	Created unnamed ShapeStim = ShapeStim(__class__=<class 'psychopy.visual.shape.ShapeStim'>, autoDraw=False, autoLog=True, closeShape=True, color=method-wrapper(...), colorSpace='rgb', contrast=None, depth=0, fillColor=array([1, 1, 1]), fillColorSpace='rgb', fillRGB=array([1, 1, 1]), interpolate=True, lineColor=array([-1., -1., -1.]), lineColorSpace='rgb', lineRGB=array([-1, -1, -1]), lineWidth=1.5, name='unnamed ShapeStim', opacity=1.0, ori=0.0, pos=array([0., 0.]), size=array([1., 1.]), units='norm', vertices=ndarray(...), win=Window(...), windingRule=None)
20.1612 	EXP 	Sound  set volume 1.000
20.1663 	EXP 	unnamed ShapeStim: vertices = <class 'numpy.ndarray'>
20.1663 	EXP 	unnamed ShapeStim: vertices = <class 'numpy.ndarray'>
20.1663 	EXP 	unnamed ShapeStim: vertices = <class 'numpy.ndarray'>
21.7053 	DATA 	Keypress: rctrl
22.2102 	EXP 	Sound  started
22.4573 	DATA 	Keypress: rctrl
22.9373 	DATA 	Keypress: rctrl
22.9600 	EXP 	Sound  started
23.6574 	DATA 	Keypress: lctrl
23.7101 	EXP 	Sound  started
24.3612 	DATA 	Keypress: rctrl
24.4601 	EXP 	Sound  started
25.0813 	DATA 	Keypress: rctrl
25.2101 	EXP 	Sound  started
25.8172 	DATA 	Keypress: lctrl
25.9601 	EXP 	Sound  started
26.6012 	DATA 	Keypress: lctrl
26.7101 	EXP 	Sound  started
27.3853 	DATA 	Keypress: lctrl
27.4601 	EXP 	Sound  started
28.1372 	DATA 	Keypress: lctrl
28.2101 	EXP 	Sound  started
28.8893 	DATA 	Keypress: rctrl
28.9602 	EXP 	Sound  started
29.6732 	DATA 	Keypress: rctrl
29.7102 	EXP 	Sound  started
30.4254 	DATA 	Keypress: lctrl
30.4602 	EXP 	Sound  started
31.1612 	DATA 	Keypress: rctrl
31.2102 	EXP 	Sound  started
31.9452 	DATA 	Keypress: lctrl
31.9602 	EXP 	Sound  started
32.6494 	DATA 	Keypress: lctrl
32.7102 	EXP 	Sound  started
33.4493 	DATA 	Keypress: rctrl
33.4602 	EXP 	Sound  started
34.2102 	EXP 	Sound  started
34.2172 	DATA 	Keypress: rctrl
34.9052 	DATA 	Keypress: lctrl
34.9603 	EXP 	Sound  started
35.7052 	DATA 	Keypress: lctrl
35.7103 	EXP 	Sound  started
36.3932 	DATA 	Keypress: rctrl
36.4603 	EXP 	Sound  started
37.1293 	DATA 	Keypress: lctrl
37.2103 	EXP 	Sound  started
37.8493 	DATA 	Keypress: lctrl
37.9603 	EXP 	Sound  started
38.6013 	DATA 	Keypress: rctrl
38.7103 	EXP 	Sound  started
39.3532 	DATA 	Keypress: rctrl
39.4603 	EXP 	Sound  started
40.0892 	DATA 	Keypress: lctrl
40.2104 	EXP 	Sound  started
40.8253 	DATA 	Keypress: rctrl
40.9604 	EXP 	Sound  started
41.5932 	DATA 	Keypress: rctrl
41.7104 	EXP 	Sound  started
42.3454 	DATA 	Keypress: lctrl
42.4604 	EXP 	Sound  started
43.1132 	DATA 	Keypress: lctrl
43.2104 	EXP 	Sound  started
43.9293 	DATA 	Keypress: rctrl
43.9604 	EXP 	Sound  started
44.6652 	DATA 	Keypress: rctrl
44.7104 	EXP 	Sound  started
45.4332 	DATA 	Keypress: lctrl
45.4604 	EXP 	Sound  started
46.1533 	DATA 	Keypress: rctrl
46.2105 	EXP 	Sound  started
46.9373 	DATA 	Keypress: lctrl
46.9605 	EXP 	Sound  started
47.7105 	EXP 	Sound  started
47.7213 	DATA 	Keypress: rctrl
48.4413 	DATA 	Keypress: rctrl
48.4605 	EXP 	Sound  started
49.1452 	DATA 	Keypress: rctrl
49.2105 	EXP 	Sound  started
49.8334 	DATA 	Keypress: lctrl
49.9605 	EXP 	Sound  started
50.7105 	EXP 	Sound  started
50.7132 	DATA 	Keypress: rctrl
51.4014 	DATA 	Keypress: lctrl
51.4606 	EXP 	Sound  started
52.1853 	DATA 	Keypress: lctrl
52.2106 	EXP 	Sound  started
52.9532 	DATA 	Keypress: lctrl
52.9606 	EXP 	Sound  started
53.6573 	DATA 	Keypress: lctrl
53.7106 	EXP 	Sound  started
54.4413 	DATA 	Keypress: lctrl
54.4606 	EXP 	Sound  started
55.1932 	DATA 	Keypress: lctrl
55.2106 	EXP 	Sound  started
55.9606 	EXP 	Sound  started
55.9773 	DATA 	Keypress: rctrl
56.7106 	EXP 	Sound  started
56.7932 	DATA 	Keypress: lctrl
57.4607 	EXP 	Sound  started
57.5132 	DATA 	Keypress: lctrl
58.2107 	EXP 	Sound  started
58.2332 	DATA 	Keypress: lctrl
58.9374 	DATA 	Keypress: lctrl
58.9607 	EXP 	Sound  started
59.6732 	DATA 	Keypress: lctrl
59.7107 	EXP 	Sound  started
60.4412 	DATA 	Keypress: rctrl
60.4607 	EXP 	Sound  started
61.2107 	EXP 	Sound  started
61.3852 	DATA 	Keypress: lctrl
61.9607 	EXP 	Sound  started
62.0252 	DATA 	Keypress: rctrl
62.7107 	EXP 	Sound  started
62.7613 	DATA 	Keypress: rctrl
63.4608 	EXP 	Sound  started
63.4653 	DATA 	Keypress: lctrl
64.2108 	EXP 	Sound  started
64.2333 	DATA 	Keypress: rctrl
64.9532 	DATA 	Keypress: rctrl
64.9608 	EXP 	Sound  started
65.6572 	DATA 	Keypress: rctrl
65.7108 	EXP 	Sound  started
66.4413 	DATA 	Keypress: rctrl
66.4608 	EXP 	Sound  started
67.2108 	EXP 	Sound  started
67.2252 	DATA 	Keypress: lctrl
67.9608 	EXP 	Sound  started
67.9933 	DATA 	Keypress: rctrl
68.7109 	EXP 	Sound  started
68.7293 	DATA 	Keypress: lctrl
69.4609 	EXP 	Sound  started
69.4654 	DATA 	Keypress: rctrl
70.2013 	DATA 	Keypress: rctrl
70.2109 	EXP 	Sound  started
70.9609 	EXP 	Sound  started
71.0172 	DATA 	Keypress: lctrl
71.7109 	EXP 	Sound  started
71.7372 	DATA 	Keypress: rctrl
72.4412 	DATA 	Keypress: rctrl
72.4609 	EXP 	Sound  started
73.2093 	DATA 	Keypress: rctrl
73.2110 	EXP 	Sound  started
73.9694 	EXP 	unnamed TextStim: text = ''
73.9694 	EXP 	unnamed TextStim: text = ''
73.9869 	DATA 	Keypress: lctrl
75.7582 	DATA 	Keypress: 4
75.7850 	EXP 	unnamed ShapeStim: vertices = <class 'numpy.ndarray'>
77.3149 	EXP 	unnamed TextStim: text = ''
77.3149 	EXP 	unnamed TextStim: text = ''
80.8749 	DATA 	Keypress: 2
80.9037 	EXP 	unnamed ShapeStim: vertices = <class 'numpy.ndarray'>
82.4332 	EXP 	unnamed TextStim: text = ''
82.4332 	EXP 	unnamed TextStim: text = ''
86.8273 	DATA 	Keypress: 2
86.8559 	EXP 	unnamed ShapeStim: vertices = <class 'numpy.ndarray'>
89.1304 	EXP 	Sound  started
89.1934 	DATA 	Keypress: rctrl
89.7533 	DATA 	Keypress: lctrl
89.8802 	EXP 	Sound  started
90.4733 	DATA 	Keypress: lctrl
90.6302 	EXP 	Sound  started
91.2893 	DATA 	Keypress: rctrl
91.3802 	EXP 	Sound  started
92.0892 	DATA 	Keypress: rctrl
92.1303 	EXP 	Sound  started
92.8572 	DATA 	Keypress: rctrl
92.8803 	EXP 	Sound  started
93.5773 	DATA 	Keypress: lctrl
93.6303 	EXP 	Sound  started
94.2812 	DATA 	Keypress: rctrl
94.3803 	EXP 	Sound  started
95.1303 	EXP 	Sound  started
95.1772 	DATA 	Keypress: rctrl
95.8172 	DATA 	Keypress: lctrl
95.8803 	EXP 	Sound  started
96.5853 	DATA 	Keypress: lctrl
96.6303 	EXP 	Sound  started
97.3373 	DATA 	Keypress: rctrl
97.3804 	EXP 	Sound  started
98.0893 	DATA 	Keypress: rctrl
98.1304 	EXP 	Sound  started
98.7453 	DATA 	Keypress: lctrl
98.8804 	EXP 	Sound  started
99.5612 	DATA 	Keypress: lctrl
99.6304 	EXP 	Sound  started
100.3292 	DATA 	Keypress: lctrl
100.3804 	EXP 	Sound  started
101.1132 	DATA 	Keypress: rctrl
101.1304 	EXP 	Sound  started
101.8493 	DATA 	Keypress: rctrl
101.8804 	EXP 	Sound  started
102.5372 	DATA 	Keypress: rctrl
102.6304 	EXP 	Sound  started
103.3693 	DATA 	Keypress: rctrl
103.3804 	EXP 	Sound  started
104.0892 	DATA 	Keypress: lctrl
104.1305 	EXP 	Sound  started
104.8094 	DATA 	Keypress: rctrl
104.8805 	EXP 	Sound  started
105.5772 	DATA 	Keypress: lctrl
105.6305 	EXP 	Sound  started
106.3612 	DATA 	Keypress: rctrl
106.3805 	EXP 	Sound  started
107.0972 	DATA 	Keypress: rctrl
107.1305 	EXP 	Sound  started
107.8805 	EXP 	Sound  started
107.8972 	DATA 	Keypress: lctrl
108.6012 	DATA 	Keypress: lctrl
108.6305 	EXP 	Sound  started
109.3214 	DATA 	Keypress: lctrl
109.3805 	EXP 	Sound  started
110.0573 	DATA 	Keypress: lctrl
110.1306 	EXP 	Sound  started
110.8252 	DATA 	Keypress: rctrl
110.8806 	EXP 	Sound  started
111.6092 	DATA 	Keypress: rctrl
111.6306 	EXP 	Sound  started
112.2973 	DATA 	Keypress: lctrl
112.3806 	EXP 	Sound  started
113.0332 	DATA 	Keypress: rctrl
113.1306 	EXP 	Sound  started
113.8652 	DATA 	Keypress: lctrl
113.8806 	EXP 	Sound  started
114.6306 	EXP 	Sound  started
114.6813 	DATA 	Keypress: rctrl
115.3806 	EXP 	Sound  started
115.3852 	DATA 	Keypress: rctrl
116.1052 	DATA 	Keypress: rctrl
116.1306 	EXP 	Sound  started
116.8807 	EXP 	Sound  started
116.9054 	DATA 	Keypress: lctrl
117.5932 	DATA 	Keypress: lctrl
117.6307 	EXP 	Sound  started
118.3612 	DATA 	Keypress: rctrl
118.3807 	EXP 	Sound  started
119.1307 	EXP 	Sound  started
119.1932 	DATA 	Keypress: lctrl
119.8807 	EXP 	Sound  started
119.8972 	DATA 	Keypress: rctrl
120.6172 	DATA 	Keypress: rctrl
120.6307 	EXP 	Sound  started
121.3532 	DATA 	Keypress: lctrl
121.3807 	EXP 	Sound  started
122.1052 	DATA 	Keypress: rctrl
122.1307 	EXP 	Sound  started
122.8252 	DATA 	Keypress: rctrl
122.8808 	EXP 	Sound  started
123.5292 	DATA 	Keypress: rctrl
123.6308 	EXP 	Sound  started
124.2812 	DATA 	Keypress: rctrl
124.3808 	EXP 	Sound  started
125.0812 	DATA 	Keypress: rctrl
125.1308 	EXP 	Sound  started
125.8493 	DATA 	Keypress: lctrl
125.8808 	EXP 	Sound  started
126.6308 	EXP 	Sound  started
126.6653 	DATA 	Keypress: lctrl
127.3533 	DATA 	Keypress: rctrl
127.3808 	EXP 	Sound  started
128.0892 	DATA 	Keypress: lctrl
128.1309 	EXP 	Sound  started
128.8412 	DATA 	Keypress: rctrl
128.8809 	EXP 	Sound  started
129.6309 	EXP 	Sound  started
129.6573 	DATA 	Keypress: rctrl
130.3772 	DATA 	Keypress: lctrl
130.3809 	EXP 	Sound  started
131.1292 	DATA 	Keypress: rctrl
131.1309 	EXP 	Sound  started
131.8652 	DATA 	Keypress: lctrl
131.8809 	EXP 	Sound  started
132.6309 	EXP 	Sound  started
132.6492 	DATA 	Keypress: rctrl
133.3810 	EXP 	Sound  started
133.4012 	DATA 	Keypress: rctrl
134.1310 	EXP 	Sound  started
134.1372 	DATA 	Keypress: rctrl
134.7932 	DATA 	Keypress: lctrl
134.8810 	EXP 	Sound  started
135.5772 	DATA 	Keypress: rctrl
135.6310 	EXP 	Sound  started
136.3452 	DATA 	Keypress: rctrl
136.3810 	EXP 	Sound  started
137.0332 	DATA 	Keypress: rctrl
137.1310 	EXP 	Sound  started
137.7852 	DATA 	Keypress: lctrl
137.8810 	EXP 	Sound  started
138.5533 	DATA 	Keypress: rctrl
138.6311 	EXP 	Sound  started
139.2732 	DATA 	Keypress: rctrl
139.3811 	EXP 	Sound  started
140.0733 	DATA 	Keypress: rctrl
140.1311 	EXP 	Sound  started
140.8811 	EXP 	Sound  started
140.8893 	DATA 	Keypress: lctrl
141.6252 	DATA 	Keypress: rctrl
141.6311 	EXP 	Sound  started
142.3452 	DATA 	Keypress: lctrl
142.3811 	EXP 	Sound  started
143.1292 	DATA 	Keypress: lctrl
143.1311 	EXP 	Sound  started
143.8012 	DATA 	Keypress: rctrl
143.8812 	EXP 	Sound  started
144.6172 	DATA 	Keypress: lctrl
144.6312 	EXP 	Sound  started
145.3532 	DATA 	Keypress: rctrl
145.3812 	EXP 	Sound  started
146.1212 	DATA 	Keypress: rctrl
146.1312 	EXP 	Sound  started
146.8252 	DATA 	Keypress: rctrl
146.8812 	EXP 	Sound  started
147.5292 	DATA 	Keypress: rctrl
147.6312 	EXP 	Sound  started
148.2972 	DATA 	Keypress: lctrl
148.3812 	EXP 	Sound  started
149.0653 	DATA 	Keypress: rctrl
149.1312 	EXP 	Sound  started
149.8012 	DATA 	Keypress: rctrl
149.8812 	EXP 	Sound  started
150.5532 	DATA 	Keypress: lctrl
150.6313 	EXP 	Sound  started
151.3372 	DATA 	Keypress: rctrl
151.3813 	EXP 	Sound  started
152.0892 	DATA 	Keypress: rctrl
152.1313 	EXP 	Sound  started
152.9552 	DATA 	Keypress: lctrl
154.9898 	DATA 	Keypress: 2
155.0125 	EXP 	unnamed ShapeStim: vertices = <class 'numpy.ndarray'>
163.8990 	DATA 	Keypress: 3
163.9157 	EXP 	unnamed ShapeStim: vertices = <class 'numpy.ndarray'>
171.4853 	DATA 	Keypress: 2
171.5018 	EXP 	unnamed ShapeStim: vertices = <class 'numpy.ndarray'>
173.7756 	EXP 	Sound  started
173.9133 	DATA 	Keypress: rctrl
174.4732 	DATA 	Keypress: lctrl
174.5254 	EXP 	Sound  started
175.2412 	DATA 	Keypress: lctrl
175.2754 	EXP 	Sound  started
176.0092 	DATA 	Keypress: lctrl
176.0255 	EXP 	Sound  started
176.7755 	EXP 	Sound  started
176.7772 	DATA 	Keypress: rctrl
177.5255 	EXP 	Sound  started
177.5452 	DATA 	Keypress: rctrl
178.2652 	DATA 	Keypress: rctrl
178.2755 	EXP 	Sound  started
179.0255 	EXP 	Sound  started
179.0331 	DATA 	Keypress: rctrl
179.7532 	DATA 	Keypress: lctrl
179.7755 	EXP 	Sound  started
180.5052 	DATA 	Keypress: lctrl
180.5255 	EXP 	Sound  started
181.2252 	DATA 	Keypress: rctrl
181.2755 	EXP 	Sound  started
181.9451 	DATA 	Keypress: rctrl
182.0255 	EXP 	Sound  started
182.6972 	DATA 	Keypress: rctrl
182.7756 	EXP 	Sound  started
183.4492 	DATA 	Keypress: rctrl
183.5256 	EXP 	Sound  started
184.2652 	DATA 	Keypress: lctrl
184.2756 	EXP 	Sound  started
184.9533 	DATA 	Keypress: rctrl
185.0256 	EXP 	Sound  started
185.7051 	DATA 	Keypress: lctrl
185.7756 	EXP 	Sound  started
186.4091 	DATA 	Keypress: lctrl
186.5256 	EXP 	Sound  started
187.1772 	DATA 	Keypress: lctrl
187.2757 	EXP 	Sound  started
187.9612 	DATA 	Keypress: lctrl
188.0257 	EXP 	Sound  started
188.7613 	DATA 	Keypress: rctrl
188.7757 	EXP 	Sound  started
189.5257 	EXP 	Sound  started
189.5293 	DATA 	Keypress: rctrl
190.2494 	DATA 	Keypress: lctrl
190.2757 	EXP 	Sound  started
190.9532 	DATA 	Keypress: lctrl
191.0257 	EXP 	Sound  started
191.6251 	DATA 	Keypress: lctrl
191.7757 	EXP 	Sound  started
192.3613 	DATA 	Keypress: lctrl
192.5258 	EXP 	Sound  started
193.1932 	DATA 	Keypress: rctrl
193.2758 	EXP 	Sound  started
193.9291 	DATA 	Keypress: rctrl
194.0258 	EXP 	Sound  started
194.0892 	DATA 	Keypress: lctrl
194.7758 	EXP 	Sound  started
194.8251 	DATA 	Keypress: lctrl
195.5258 	EXP 	Sound  started
195.5772 	DATA 	Keypress: lctrl
196.2758 	EXP 	Sound  started
196.2812 	DATA 	Keypress: rctrl
197.0258 	EXP 	Sound  started
197.0331 	DATA 	Keypress: rctrl
197.7758 	EXP 	Sound  started
197.8171 	DATA 	Keypress: lctrl
198.5212 	DATA 	Keypress: rctrl
198.5259 	EXP 	Sound  started
199.2252 	DATA 	Keypress: rctrl
199.2759 	EXP 	Sound  started
200.0259 	EXP 	Sound  started
200.0573 	DATA 	Keypress: lctrl
200.7291 	DATA 	Keypress: rctrl
200.7759 	EXP 	Sound  started
201.5259 	EXP 	Sound  started
201.7371 	DATA 	Keypress: lctrl
202.2759 	EXP 	Sound  started
202.3772 	DATA 	Keypress: lctrl
203.0259 	EXP 	Sound  started
203.0331 	DATA 	Keypress: rctrl
203.7760 	EXP 	Sound  started
203.7851 	DATA 	Keypress: rctrl
204.5052 	DATA 	Keypress: lctrl
204.5260 	EXP 	Sound  started
205.2571 	DATA 	Keypress: lctrl
205.2760 	EXP 	Sound  started
206.0091 	DATA 	Keypress: rctrl
206.0260 	EXP 	Sound  started
206.7613 	DATA 	Keypress: lctrl
206.7760 	EXP 	Sound  started
207.5260 	EXP 	Sound  started
207.5292 	DATA 	Keypress: rctrl
208.2761 	EXP 	Sound  started
208.2812 	DATA 	Keypress: rctrl
209.0261 	EXP 	Sound  started
209.0491 	DATA 	Keypress: lctrl
209.7691 	DATA 	Keypress: rctrl
209.7761 	EXP 	Sound  started
210.5261 	EXP 	Sound  started
210.5532 	DATA 	Keypress: rctrl
211.2761 	EXP 	Sound  started
211.2892 	DATA 	Keypress: rctrl
212.0261 	EXP 	Sound  started
212.0891 	DATA 	Keypress: rctrl
212.7451 	DATA 	Keypress: lctrl
212.7761 	EXP 	Sound  started
213.5261 	EXP 	Sound  started
213.5292 	DATA 	Keypress: lctrl
214.2761 	EXP 	Sound  started
214.3131 	DATA 	Keypress: lctrl
215.0262 	EXP 	Sound  started
215.0332 	DATA 	Keypress: rctrl
215.7531 	DATA 	Keypress: rctrl
215.7762 	EXP 	Sound  started
216.5052 	DATA 	Keypress: lctrl
216.5262 	EXP 	Sound  started
217.2762 	EXP 	Sound  started
217.3052 	DATA 	Keypress: lctrl
218.0262 	EXP 	Sound  started
218.0411 	DATA 	Keypress: rctrl
218.7612 	DATA 	Keypress: rctrl
218.7762 	EXP 	Sound  started
219.5623 	DATA 	Keypress: lctrl
221.5950 	DATA 	Keypress: 1
221.6189 	EXP 	unnamed ShapeStim: vertices = <class 'numpy.ndarray'>
226.8597 	DATA 	Keypress: 4
226.8875 	EXP 	unnamed ShapeStim: vertices = <class 'numpy.ndarray'>
231.2771 	DATA 	Keypress: 2
231.3058 	EXP 	unnamed ShapeStim: vertices = <class 'numpy.ndarray'>
233.5805 	EXP 	Sound  started
233.5813 	DATA 	Keypress: rctrl
234.2333 	DATA 	Keypress: lctrl
234.3303 	EXP 	Sound  started
235.0494 	DATA 	Keypress: rctrl
235.0803 	EXP 	Sound  started
235.8303 	EXP 	Sound  started
235.8651 	DATA 	Keypress: rctrl
236.5691 	DATA 	Keypress: rctrl
236.5804 	EXP 	Sound  started
237.3304 	EXP 	Sound  started
237.3691 	DATA 	Keypress: rctrl
238.0412 	DATA 	Keypress: lctrl
238.0804 	EXP 	Sound  started
238.8304 	EXP 	Sound  started
238.8412 	DATA 	Keypress: rctrl
239.5804 	EXP 	Sound  started
239.6412 	DATA 	Keypress: lctrl
240.3304 	EXP 	Sound  started
240.3451 	DATA 	Keypress: lctrl
241.0804 	EXP 	Sound  started
241.1291 	DATA 	Keypress: lctrl
241.8305 	EXP 	Sound  started
241.8491 	DATA 	Keypress: lctrl
242.5805 	EXP 	Sound  started
242.6011 	DATA 	Keypress: rctrl
243.2733 	DATA 	Keypress: lctrl
243.3305 	EXP 	Sound  started
244.0571 	DATA 	Keypress: rctrl
244.0805 	EXP 	Sound  started
244.7771 	DATA 	Keypress: rctrl
244.8305 	EXP 	Sound  started
245.5772 	DATA 	Keypress: rctrl
245.5805 	EXP 	Sound  started
246.3291 	DATA 	Keypress: lctrl
246.3305 	EXP 	Sound  started
247.0806 	EXP 	Sound  started
247.0812 	DATA 	Keypress: lctrl
247.8171 	DATA 	Keypress: lctrl
247.8306 	EXP 	Sound  started
248.5532 	DATA 	Keypress: lctrl
248.5806 	EXP 	Sound  started
249.3211 	DATA 	Keypress: rctrl
249.3306 	EXP 	Sound  started
250.0732 	DATA 	Keypress: rctrl
250.0806 	EXP 	Sound  started
250.8307 	EXP 	Sound  started
250.9532 	DATA 	Keypress: rctrl
251.5806 	EXP 	Sound  started
251.6253 	DATA 	Keypress: rctrl
252.3131 	DATA 	Keypress: lctrl
252.3307 	EXP 	Sound  started
253.0332 	DATA 	Keypress: rctrl
253.0807 	EXP 	Sound  started
253.8172 	DATA 	Keypress: lctrl
253.8307 	EXP 	Sound  started
254.5692 	DATA 	Keypress: rctrl
254.5807 	EXP 	Sound  started
255.3307 	EXP 	Sound  started
255.3532 	DATA 	Keypress: rctrl
256.0733 	DATA 	Keypress: rctrl
256.0807 	EXP 	Sound  started
256.8251 	DATA 	Keypress: rctrl
256.8307 	EXP 	Sound  started
257.5771 	DATA 	Keypress: lctrl
257.5808 	EXP 	Sound  started
258.2972 	DATA 	Keypress: lctrl
258.3308 	EXP 	Sound  started
259.0653 	DATA 	Keypress: lctrl
259.0808 	EXP 	Sound  started
259.7851 	DATA 	Keypress: lctrl
259.8308 	EXP 	Sound  started
260.5691 	DATA 	Keypress: rctrl
260.5808 	EXP 	Sound  started
261.3211 	DATA 	Keypress: lctrl
261.3308 	EXP 	Sound  started
262.0808 	EXP 	Sound  started
262.0891 	DATA 	Keypress: rctrl
262.8252 	DATA 	Keypress: lctrl
262.8308 	EXP 	Sound  started
263.5772 	DATA 	Keypress: lctrl
263.5809 	EXP 	Sound  started
264.3292 	DATA 	Keypress: rctrl
264.3309 	EXP 	Sound  started
265.0809 	EXP 	Sound  started
265.0812 	DATA 	Keypress: rctrl
265.7533 	DATA 	Keypress: rctrl
265.8309 	EXP 	Sound  started
266.5211 	DATA 	Keypress: rctrl
266.5809 	EXP 	Sound  started
267.3309 	EXP 	Sound  started
267.3371 	DATA 	Keypress: lctrl
267.4175 	DATA 	Keypress: rctrl
268.0809 	EXP 	Sound  started
268.1531 	DATA 	Keypress: rctrl
268.8310 	EXP 	Sound  started
268.8571 	DATA 	Keypress: lctrl
269.5810 	EXP 	Sound  started
269.5931 	DATA 	Keypress: lctrl
270.2971 	DATA 	Keypress: rctrl
270.3310 	EXP 	Sound  started
271.0653 	DATA 	Keypress: rctrl
271.0810 	EXP 	Sound  started
271.8310 	EXP 	Sound  started
271.8331 	DATA 	Keypress: rctrl
272.5810 	EXP 	Sound  started
272.6331 	DATA 	Keypress: rctrl
273.3052 	DATA 	Keypress: rctrl
273.3310 	EXP 	Sound  started
274.0733 	DATA 	Keypress: lctrl
274.0810 	EXP 	Sound  started
274.8252 	DATA 	Keypress: rctrl
274.8311 	EXP 	Sound  started
275.5453 	DATA 	Keypress: rctrl
275.5811 	EXP 	Sound  started
276.3291 	DATA 	Keypress: rctrl
276.3311 	EXP 	Sound  started
277.0492 	DATA 	Keypress: lctrl
277.0811 	EXP 	Sound  started
277.8171 	DATA 	Keypress: rctrl
277.8311 	EXP 	Sound  started
278.5691 	DATA 	Keypress: rctrl
278.5811 	EXP 	Sound  started
279.3311 	EXP 	Sound  started
279.3371 	DATA 	Keypress: rctrl
280.0251 	DATA 	Keypress: lctrl
280.0812 	EXP 	Sound  started
280.8251 	DATA 	Keypress: lctrl
280.8312 	EXP 	Sound  started
281.5771 	DATA 	Keypress: lctrl
281.5812 	EXP 	Sound  started
282.3292 	DATA 	Keypress: lctrl
282.3312 	EXP 	Sound  started
283.0812 	EXP 	Sound  started
283.1291 	DATA 	Keypress: rctrl
283.8312 	EXP 	Sound  started
283.8331 	DATA 	Keypress: rctrl
284.5531 	DATA 	Keypress: rctrl
284.5812 	EXP 	Sound  started
285.3312 	EXP 	Sound  started
285.3371 	DATA 	Keypress: rctrl
286.0731 	DATA 	Keypress: lctrl
286.0813 	EXP 	Sound  started
286.8091 	DATA 	Keypress: rctrl
286.8313 	EXP 	Sound  started
287.5813 	EXP 	Sound  started
287.6411 	DATA 	Keypress: rctrl
288.2811 	DATA 	Keypress: lctrl
288.3313 	EXP 	Sound  started
289.0492 	DATA 	Keypress: rctrl
289.0813 	EXP 	Sound  started
289.8171 	DATA 	Keypress: rctrl
289.8313 	EXP 	Sound  started
290.5211 	DATA 	Keypress: rctrl
290.5814 	EXP 	Sound  started
291.3314 	EXP 	Sound  started
292.0251 	DATA 	Keypress: rctrl
292.0814 	EXP 	Sound  started
292.7931 	DATA 	Keypress: rctrl
294.7047 	DATA 	Keypress: 3
294.7274 	EXP 	unnamed ShapeStim: vertices = <class 'numpy.ndarray'>
298.6127 	DATA 	Keypress: 4
298.6290 	EXP 	unnamed ShapeStim: vertices = <class 'numpy.ndarray'>
306.1373 	DATA 	Keypress: 3
306.1650 	EXP 	unnamed ShapeStim: vertices = <class 'numpy.ndarray'>
308.4390 	EXP 	Sound  started
308.4399 	DATA 	Keypress: rctrl
309.0492 	DATA 	Keypress: lctrl
309.1889 	EXP 	Sound  started
309.8172 	DATA 	Keypress: rctrl
309.9389 	EXP 	Sound  started
310.6331 	DATA 	Keypress: rctrl
310.6889 	EXP 	Sound  started
311.3855 	DATA 	Keypress: rctrl
311.4389 	EXP 	Sound  started
312.1051 	DATA 	Keypress: lctrl
312.1889 	EXP 	Sound  started
312.9211 	DATA 	Keypress: rctrl
312.9389 	EXP 	Sound  started
313.6411 	DATA 	Keypress: rctrl
313.6889 	EXP 	Sound  started
314.4251 	DATA 	Keypress: rctrl
314.4390 	EXP 	Sound  started
315.1452 	DATA 	Keypress: lctrl
315.1890 	EXP 	Sound  started
315.9291 	DATA 	Keypress: lctrl
315.9390 	EXP 	Sound  started
316.0093 	DATA 	Keypress: rctrl
316.6811 	DATA 	Keypress: rctrl
316.6890 	EXP 	Sound  started
317.4390 	EXP 	Sound  started
317.4652 	DATA 	Keypress: rctrl
318.1691 	DATA 	Keypress: lctrl
318.1890 	EXP 	Sound  started
318.9390 	EXP 	Sound  started
318.9691 	DATA 	Keypress: rctrl
319.6731 	DATA 	Keypress: lctrl
319.6890 	EXP 	Sound  started
320.3771 	DATA 	Keypress: rctrl
320.4391 	EXP 	Sound  started
321.1291 	DATA 	Keypress: lctrl
321.1891 	EXP 	Sound  started
321.9291 	DATA 	Keypress: lctrl
321.9391 	EXP 	Sound  started
322.1691 	DATA 	Keypress: lctrl
322.6891 	EXP 	Sound  started
322.7131 	DATA 	Keypress: lctrl
323.4391 	EXP 	Sound  started
323.4491 	DATA 	Keypress: lctrl
324.1891 	EXP 	Sound  started
324.2011 	DATA 	Keypress: rctrl
324.9391 	EXP 	Sound  started
324.9531 	DATA 	Keypress: lctrl
325.6571 	DATA 	Keypress: rctrl
325.6891 	EXP 	Sound  started
326.4392 	EXP 	Sound  started
326.4411 	DATA 	Keypress: rctrl
327.1892 	EXP 	Sound  started
327.2091 	DATA 	Keypress: lctrl
327.8971 	DATA 	Keypress: rctrl
327.9392 	EXP 	Sound  started
328.6892 	EXP 	Sound  started
328.7291 	DATA 	Keypress: rctrl
329.4011 	DATA 	Keypress: rctrl
329.4392 	EXP 	Sound  started
330.1892 	EXP 	Sound  started
330.2171 	DATA 	Keypress: lctrl
330.9392 	EXP 	Sound  started
330.9691 	DATA 	Keypress: lctrl
331.6890 	DATA 	Keypress: lctrl
331.6893 	EXP 	Sound  started
332.4393 	EXP 	Sound  started
332.4411 	DATA 	Keypress: lctrl
333.1612 	DATA 	Keypress: rctrl
333.1893 	EXP 	Sound  started
333.9290 	DATA 	Keypress: rctrl
333.9393 	EXP 	Sound  started
334.6010 	DATA 	Keypress: lctrl
334.6893 	EXP 	Sound  started
335.3692 	DATA 	Keypress: rctrl
335.4393 	EXP 	Sound  started
336.1530 	DATA 	Keypress: lctrl
336.1893 	EXP 	Sound  started
336.8732 	DATA 	Keypress: lctrl
336.9393 	EXP 	Sound  started
337.6412 	DATA 	Keypress: lctrl
337.6894 	EXP 	Sound  started
338.4091 	DATA 	Keypress: lctrl
338.4396 	EXP 	Sound  started
339.1611 	DATA 	Keypress: rctrl
339.1896 	EXP 	Sound  started
339.9131 	DATA 	Keypress: rctrl
339.9396 	EXP 	Sound  started
340.6651 	DATA 	Keypress: lctrl
340.6896 	EXP 	Sound  started
341.4011 	DATA 	Keypress: lctrl
341.4396 	EXP 	Sound  started
342.1691 	DATA 	Keypress: lctrl
342.1897 	EXP 	Sound  started
342.8892 	DATA 	Keypress: lctrl
342.9397 	EXP 	Sound  started
343.6570 	DATA 	Keypress: lctrl
343.6897 	EXP 	Sound  started
344.3931 	DATA 	Keypress: lctrl
344.4397 	EXP 	Sound  started
345.1897 	EXP 	Sound  started
345.2412 	DATA 	Keypress: rctrl
345.8811 	DATA 	Keypress: lctrl
345.9397 	EXP 	Sound  started
346.6897 	EXP 	Sound  started
346.6971 	DATA 	Keypress: rctrl
347.4397 	EXP 	Sound  started
347.4490 	DATA 	Keypress: rctrl
348.1211 	DATA 	Keypress: rctrl
348.1898 	EXP 	Sound  started
348.9210 	DATA 	Keypress: rctrl
348.9398 	EXP 	Sound  started
349.6898 	EXP 	Sound  started
349.7051 	DATA 	Keypress: lctrl
350.4398 	EXP 	Sound  started
351.1613 	DATA 	Keypress: lctrl
351.1898 	EXP 	Sound  started
351.8811 	DATA 	Keypress: lctrl
351.9398 	EXP 	Sound  started
352.6011 	DATA 	Keypress: lctrl
352.6899 	EXP 	Sound  started
353.0971 	DATA 	Keypress: rctrl
353.4399 	EXP 	Sound  started
354.1051 	DATA 	Keypress: rctrl
354.1899 	EXP 	Sound  started
354.9211 	DATA 	Keypress: rctrl
354.9399 	EXP 	Sound  started
355.6890 	DATA 	Keypress: rctrl
355.6899 	EXP 	Sound  started
356.4251 	DATA 	Keypress: lctrl
356.4399 	EXP 	Sound  started
357.1451 	DATA 	Keypress: rctrl
357.1899 	EXP 	Sound  started
357.9131 	DATA 	Keypress: lctrl
357.9400 	EXP 	Sound  started
358.6812 	DATA 	Keypress: rctrl
358.6900 	EXP 	Sound  started
359.4400 	EXP 	Sound  started
359.4491 	DATA 	Keypress: lctrl
360.1691 	DATA 	Keypress: rctrl
360.1900 	EXP 	Sound  started
360.9400 	EXP 	Sound  started
360.9851 	DATA 	Keypress: lctrl
361.6900 	EXP 	Sound  started
361.7371 	DATA 	Keypress: rctrl
362.4091 	DATA 	Keypress: rctrl
362.4400 	EXP 	Sound  started
363.1900 	EXP 	Sound  started
363.2251 	DATA 	Keypress: lctrl
363.9400 	EXP 	Sound  started
363.9931 	DATA 	Keypress: rctrl
364.6901 	EXP 	Sound  started
364.7451 	DATA 	Keypress: rctrl
365.4170 	DATA 	Keypress: rctrl
365.4401 	EXP 	Sound  started
366.1901 	EXP 	Sound  started
366.2490 	DATA 	Keypress: lctrl
366.9051 	DATA 	Keypress: rctrl
366.9401 	EXP 	Sound  started
367.6901 	EXP 	Sound  started
367.7052 	DATA 	Keypress: rctrl
368.4401 	EXP 	Sound  started
368.4891 	DATA 	Keypress: lctrl
369.1902 	EXP 	Sound  started
369.1930 	DATA 	Keypress: rctrl
369.9402 	EXP 	Sound  started
369.9770 	DATA 	Keypress: lctrl
370.6902 	EXP 	Sound  started
370.7131 	DATA 	Keypress: lctrl
371.4711 	DATA 	Keypress: lctrl
373.3718 	DATA 	Keypress: rctrl
373.4552 	DATA 	Keypress: 2
373.4714 	EXP 	unnamed ShapeStim: vertices = <class 'numpy.ndarray'>
377.6120 	DATA 	Keypress: 4
377.6396 	EXP 	unnamed ShapeStim: vertices = <class 'numpy.ndarray'>
382.0915 	DATA 	Keypress: 2
382.1080 	EXP 	unnamed ShapeStim: vertices = <class 'numpy.ndarray'>
384.3823 	EXP 	Sound  started
384.3933 	DATA 	Keypress: rctrl
385.1131 	DATA 	Keypress: lctrl
385.1321 	EXP 	Sound  started
385.8490 	DATA 	Keypress: rctrl
385.8822 	EXP 	Sound  started
386.6011 	DATA 	Keypress: rctrl
386.6322 	EXP 	Sound  started
387.3690 	DATA 	Keypress: rctrl
387.3822 	EXP 	Sound  started
388.0571 	DATA 	Keypress: rctrl
388.1322 	EXP 	Sound  started
388.8091 	DATA 	Keypress: lctrl
388.8822 	EXP 	Sound  started
389.4970 	DATA 	Keypress: rctrl
389.6322 	EXP 	Sound  started
390.2650 	DATA 	Keypress: lctrl
390.3822 	EXP 	Sound  started
391.0810 	DATA 	Keypress: rctrl
391.1322 	EXP 	Sound  started
391.8823 	EXP 	Sound  started
391.9132 	DATA 	Keypress: rctrl
392.6170 	DATA 	Keypress: rctrl
392.6323 	EXP 	Sound  started
393.3823 	EXP 	Sound  started
393.3851 	DATA 	Keypress: lctrl
394.1050 	DATA 	Keypress: lctrl
394.1323 	EXP 	Sound  started
394.8570 	DATA 	Keypress: lctrl
394.8823 	EXP 	Sound  started
395.6251 	DATA 	Keypress: rctrl
395.6323 	EXP 	Sound  started
396.3610 	DATA 	Keypress: lctrl
396.3824 	EXP 	Sound  started
397.1324 	EXP 	Sound  started
397.1451 	DATA 	Keypress: rctrl
397.8824 	EXP 	Sound  started
397.8971 	DATA 	Keypress: lctrl
398.5690 	DATA 	Keypress: rctrl
398.6324 	EXP 	Sound  started
399.3824 	EXP 	Sound  started
399.4011 	DATA 	Keypress: lctrl
400.1324 	EXP 	Sound  started
400.1851 	DATA 	Keypress: rctrl
400.8824 	EXP 	Sound  started
400.8890 	DATA 	Keypress: rctrl
401.6090 	DATA 	Keypress: rctrl
401.6325 	EXP 	Sound  started
402.3825 	EXP 	Sound  started
402.3930 	DATA 	Keypress: rctrl
403.0970 	DATA 	Keypress: rctrl
403.1325 	EXP 	Sound  started
403.8810 	DATA 	Keypress: lctrl
403.8825 	EXP 	Sound  started
404.6172 	DATA 	Keypress: lctrl
404.6325 	EXP 	Sound  started
405.3690 	DATA 	Keypress: lctrl
405.3825 	EXP 	Sound  started
406.1325 	EXP 	Sound  started
406.1371 	DATA 	Keypress: lctrl
406.8826 	EXP 	Sound  started
406.9051 	DATA 	Keypress: lctrl
407.6091 	DATA 	Keypress: lctrl
407.6326 	EXP 	Sound  started
408.3451 	DATA 	Keypress: rctrl
408.3826 	EXP 	Sound  started
409.0810 	DATA 	Keypress: rctrl
409.1326 	EXP 	Sound  started
409.8650 	DATA 	Keypress: rctrl
409.8826 	EXP 	Sound  started
410.6326 	EXP 	Sound  started
410.6491 	DATA 	Keypress: lctrl
411.3531 	DATA 	Keypress: rctrl
411.3827 	EXP 	Sound  started
412.0730 	DATA 	Keypress: rctrl
412.1327 	EXP 	Sound  started
412.8827 	EXP 	Sound  started
412.9210 	DATA 	Keypress: rctrl
413.6327 	EXP 	Sound  started
413.6410 	DATA 	Keypress: lctrl
414.3827 	EXP 	Sound  started
414.3930 	DATA 	Keypress: rctrl
415.1130 	DATA 	Keypress: rctrl
415.1327 	EXP 	Sound  started
415.8490 	DATA 	Keypress: rctrl
415.8827 	EXP 	Sound  started
416.6328 	EXP 	Sound  started
416.6490 	DATA 	Keypress: lctrl
417.3531 	DATA 	Keypress: lctrl
417.3828 	EXP 	Sound  started
418.1211 	DATA 	Keypress: lctrl
418.1328 	EXP 	Sound  started
418.8828 	EXP 	Sound  started
418.9050 	DATA 	Keypress: rctrl
419.6251 	DATA 	Keypress: rctrl
419.6328 	EXP 	Sound  started
420.3450 	DATA 	Keypress: rctrl
420.3829 	EXP 	Sound  started
421.0650 	DATA 	Keypress: lctrl
421.1329 	EXP 	Sound  started
421.8010 	DATA 	Keypress: rctrl
421.8829 	EXP 	Sound  started
422.5850 	DATA 	Keypress: rctrl
422.6329 	EXP 	Sound  started
423.3829 	EXP 	Sound  started
423.3851 	DATA 	Keypress: rctrl
424.1210 	DATA 	Keypress: rctrl
424.1329 	EXP 	Sound  started
424.8829 	EXP 	Sound  started
424.9211 	DATA 	Keypress: rctrl
425.6329 	EXP 	Sound  started
425.6570 	DATA 	Keypress: lctrl
426.3830 	EXP 	Sound  started
426.4090 	DATA 	Keypress: lctrl
427.1292 	DATA 	Keypress: rctrl
427.1330 	EXP 	Sound  started
427.8810 	DATA 	Keypress: lctrl
427.8830 	EXP 	Sound  started
428.6173 	DATA 	Keypress: rctrl
428.6330 	EXP 	Sound  started
429.3830 	EXP 	Sound  started
429.4010 	DATA 	Keypress: rctrl
430.1330 	EXP 	Sound  started
430.1372 	DATA 	Keypress: rctrl
430.8831 	EXP 	Sound  started
430.8890 	DATA 	Keypress: rctrl
431.6331 	EXP 	Sound  started
431.6412 	DATA 	Keypress: lctrl
432.3831 	EXP 	Sound  started
432.4090 	DATA 	Keypress: lctrl
433.1331 	EXP 	Sound  started
433.1450 	DATA 	Keypress: rctrl
433.8651 	DATA 	Keypress: rctrl
433.8831 	EXP 	Sound  started
434.6170 	DATA 	Keypress: lctrl
434.6331 	EXP 	Sound  started
435.3831 	EXP 	Sound  started
435.4010 	DATA 	Keypress: lctrl
436.1331 	EXP 	Sound  started
436.1691 	DATA 	Keypress: lctrl
436.8570 	DATA 	Keypress: rctrl
436.8832 	EXP 	Sound  started
437.6332 	EXP 	Sound  started
437.6570 	DATA 	Keypress: lctrl
438.3832 	EXP 	Sound  started
438.4091 	DATA 	Keypress: rctrl
439.1130 	DATA 	Keypress: lctrl
440.8118 	DATA 	Keypress: 2
440.8279 	EXP 	unnamed ShapeStim: vertices = <class 'numpy.ndarray'>
443.7794 	DATA 	Keypress: 4
443.7959 	EXP 	unnamed ShapeStim: vertices = <class 'numpy.ndarray'>
447.6308 	DATA 	Keypress: 2
447.6473 	EXP 	unnamed ShapeStim: vertices = <class 'numpy.ndarray'>
449.9211 	EXP 	Sound  started
449.9452 	DATA 	Keypress: lctrl
450.6010 	DATA 	Keypress: rctrl
450.6710 	EXP 	Sound  started
451.4210 	EXP 	Sound  started
451.4491 	DATA 	Keypress: rctrl
452.1710 	EXP 	Sound  started
452.2010 	DATA 	Keypress: lctrl
452.9210 	EXP 	Sound  started
452.9691 	DATA 	Keypress: lctrl
453.6710 	EXP 	Sound  started
453.6890 	DATA 	Keypress: lctrl
454.3450 	DATA 	Keypress: lctrl
454.4210 	EXP 	Sound  started
455.1130 	DATA 	Keypress: rctrl
455.1710 	EXP 	Sound  started
455.9211 	EXP 	Sound  started
455.9290 	DATA 	Keypress: rctrl
456.6711 	EXP 	Sound  started
456.6971 	DATA 	Keypress: rctrl
457.4211 	EXP 	Sound  started
457.4651 	DATA 	Keypress: lctrl
458.1530 	DATA 	Keypress: rctrl
458.1711 	EXP 	Sound  started
458.8891 	DATA 	Keypress: rctrl
458.9211 	EXP 	Sound  started
459.5130 	DATA 	Keypress: lctrl
459.6711 	EXP 	Sound  started
460.3930 	DATA 	Keypress: rctrl
460.4211 	EXP 	Sound  started
461.0970 	DATA 	Keypress: lctrl
461.1712 	EXP 	Sound  started
461.9131 	DATA 	Keypress: lctrl
461.9212 	EXP 	Sound  started
462.6491 	DATA 	Keypress: lctrl
462.6712 	EXP 	Sound  started
463.4212 	EXP 	Sound  started
463.4330 	DATA 	Keypress: lctrl
464.1691 	DATA 	Keypress: lctrl
464.1712 	EXP 	Sound  started
464.9210 	DATA 	Keypress: rctrl
464.9212 	EXP 	Sound  started
465.6571 	DATA 	Keypress: rctrl
465.6712 	EXP 	Sound  started
466.4213 	EXP 	Sound  started
466.4250 	DATA 	Keypress: rctrl
467.1450 	DATA 	Keypress: rctrl
467.1713 	EXP 	Sound  started
467.9131 	DATA 	Keypress: lctrl
467.9213 	EXP 	Sound  started
468.6713 	EXP 	Sound  started
468.6810 	DATA 	Keypress: rctrl
469.4213 	EXP 	Sound  started
469.4491 	DATA 	Keypress: rctrl
470.1530 	DATA 	Keypress: lctrl
470.1713 	EXP 	Sound  started
470.8890 	DATA 	Keypress: rctrl
470.9213 	EXP 	Sound  started
471.6714 	EXP 	Sound  started
471.6890 	DATA 	Keypress: rctrl
472.4090 	DATA 	Keypress: rctrl
472.4214 	EXP 	Sound  started
473.1714 	EXP 	Sound  started
473.1770 	DATA 	Keypress: rctrl
473.9130 	DATA 	Keypress: lctrl
473.9214 	EXP 	Sound  started
474.6714 	EXP 	Sound  started
474.6810 	DATA 	Keypress: rctrl
475.4214 	EXP 	Sound  started
475.4491 	DATA 	Keypress: rctrl
476.1530 	DATA 	Keypress: lctrl
476.1714 	EXP 	Sound  started
476.9210 	DATA 	Keypress: rctrl
476.9215 	EXP 	Sound  started
477.6715 	EXP 	Sound  started
477.7051 	DATA 	Keypress: rctrl
478.4089 	DATA 	Keypress: rctrl
478.4215 	EXP 	Sound  started
479.1131 	DATA 	Keypress: lctrl
479.1715 	EXP 	Sound  started
479.9215 	EXP 	Sound  started
479.9291 	DATA 	Keypress: rctrl
480.6715 	EXP 	Sound  started
480.7130 	DATA 	Keypress: rctrl
481.4215 	EXP 	Sound  started
481.4490 	DATA 	Keypress: lctrl
482.1530 	DATA 	Keypress: rctrl
482.1715 	EXP 	Sound  started
482.8731 	DATA 	Keypress: lctrl
482.9216 	EXP 	Sound  started
483.6570 	DATA 	Keypress: lctrl
483.6716 	EXP 	Sound  started
484.3931 	DATA 	Keypress: lctrl
484.4216 	EXP 	Sound  started
485.1716 	EXP 	Sound  started
485.1930 	DATA 	Keypress: rctrl
485.9216 	EXP 	Sound  started
485.9450 	DATA 	Keypress: rctrl
486.6330 	DATA 	Keypress: lctrl
486.6716 	EXP 	Sound  started
487.4170 	DATA 	Keypress: rctrl
487.4217 	EXP 	Sound  started
488.1371 	DATA 	Keypress: lctrl
488.1717 	EXP 	Sound  started
488.8730 	DATA 	Keypress: rctrl
488.9217 	EXP 	Sound  started
489.6410 	DATA 	Keypress: rctrl
489.6717 	EXP 	Sound  started
490.3932 	DATA 	Keypress: rctrl
490.4217 	EXP 	Sound  started
491.1291 	DATA 	Keypress: rctrl
491.1717 	EXP 	Sound  started
491.8970 	DATA 	Keypress: lctrl
491.9217 	EXP 	Sound  started
492.6331 	DATA 	Keypress: rctrl
494.3300 	DATA 	Keypress: 1
494.3465 	EXP 	unnamed ShapeStim: vertices = <class 'numpy.ndarray'>
498.9868 	DATA 	Keypress: 4
499.0150 	EXP 	unnamed ShapeStim: vertices = <class 'numpy.ndarray'>
503.3167 	DATA 	Keypress: 1
503.3331 	EXP 	unnamed ShapeStim: vertices = <class 'numpy.ndarray'>
505.6079 	EXP 	Sound  started
505.6096 	DATA 	Keypress: rctrl
506.3289 	DATA 	Keypress: lctrl
506.3577 	EXP 	Sound  started
507.0971 	DATA 	Keypress: lctrl
507.1077 	EXP 	Sound  started
507.8491 	DATA 	Keypress: rctrl
507.8577 	EXP 	Sound  started
508.6010 	DATA 	Keypress: rctrl
508.6077 	EXP 	Sound  started
509.3370 	DATA 	Keypress: lctrl
509.3578 	EXP 	Sound  started
510.1078 	EXP 	Sound  started
510.1210 	DATA 	Keypress: rctrl
510.8578 	EXP 	Sound  started
510.8891 	DATA 	Keypress: rctrl
511.6078 	EXP 	Sound  started
511.6250 	DATA 	Keypress: rctrl
512.2810 	DATA 	Keypress: lctrl
512.3578 	EXP 	Sound  started
513.0650 	DATA 	Keypress: lctrl
513.1078 	EXP 	Sound  started
513.8578 	EXP 	Sound  started
514.5851 	DATA 	Keypress: rctrl
514.6079 	EXP 	Sound  started
515.3049 	DATA 	Keypress: lctrl
515.3579 	EXP 	Sound  started
516.0250 	DATA 	Keypress: rctrl
516.1079 	EXP 	Sound  started
516.8250 	DATA 	Keypress: lctrl
516.8579 	EXP 	Sound  started
517.5450 	DATA 	Keypress: lctrl
517.6079 	EXP 	Sound  started
518.1851 	DATA 	Keypress: rctrl
518.3579 	EXP 	Sound  started
518.9850 	DATA 	Keypress: rctrl
519.1079 	EXP 	Sound  started
519.8330 	DATA 	Keypress: lctrl
519.8579 	EXP 	Sound  started
520.5210 	DATA 	Keypress: rctrl
520.6080 	EXP 	Sound  started
521.3580 	EXP 	Sound  started
521.3690 	DATA 	Keypress: rctrl
521.9770 	DATA 	Keypress: rctrl
522.1080 	EXP 	Sound  started
522.7769 	DATA 	Keypress: rctrl
522.8580 	EXP 	Sound  started
523.5929 	DATA 	Keypress: rctrl
523.6080 	EXP 	Sound  started
524.3130 	DATA 	Keypress: lctrl
524.3580 	EXP 	Sound  started
525.1080 	EXP 	Sound  started
525.2250 	DATA 	Keypress: lctrl
525.8581 	EXP 	Sound  started
525.9290 	DATA 	Keypress: lctrl
526.6010 	DATA 	Keypress: lctrl
526.6081 	EXP 	Sound  started
527.3581 	EXP 	Sound  started
527.4169 	DATA 	Keypress: rctrl
528.1081 	EXP 	Sound  started
528.1530 	DATA 	Keypress: rctrl
528.8581 	EXP 	Sound  started
528.8890 	DATA 	Keypress: rctrl
529.6081 	EXP 	Sound  started
529.6090 	DATA 	Keypress: rctrl
530.3582 	EXP 	Sound  started
530.3930 	DATA 	Keypress: lctrl
531.1082 	EXP 	Sound  started
531.1931 	DATA 	Keypress: rctrl
531.8582 	EXP 	Sound  started
531.9129 	DATA 	Keypress: rctrl
532.6082 	EXP 	Sound  started
532.6329 	DATA 	Keypress: rctrl
533.3582 	EXP 	Sound  started
533.4010 	DATA 	Keypress: lctrl
534.1082 	EXP 	Sound  started
534.1850 	DATA 	Keypress: lctrl
534.8571 	DATA 	Keypress: lctrl
534.8582 	EXP 	Sound  started
535.6082 	EXP 	Sound  started
535.6250 	DATA 	Keypress: lctrl
536.3583 	EXP 	Sound  started
536.3609 	DATA 	Keypress: rctrl
537.0970 	DATA 	Keypress: rctrl
537.1083 	EXP 	Sound  started
537.8583 	EXP 	Sound  started
537.8649 	DATA 	Keypress: lctrl
538.6083 	EXP 	Sound  started
538.6171 	DATA 	Keypress: lctrl
539.3583 	EXP 	Sound  started
539.3689 	DATA 	Keypress: lctrl
540.1051 	DATA 	Keypress: lctrl
540.1083 	EXP 	Sound  started
540.8250 	DATA 	Keypress: rctrl
540.8583 	EXP 	Sound  started
541.6083 	EXP 	Sound  started
541.6250 	DATA 	Keypress: rctrl
542.3584 	EXP 	Sound  started
542.3609 	DATA 	Keypress: rctrl
543.0809 	DATA 	Keypress: rctrl
543.1084 	EXP 	Sound  started
543.7690 	DATA 	Keypress: rctrl
543.8584 	EXP 	Sound  started
544.5370 	DATA 	Keypress: rctrl
544.6084 	EXP 	Sound  started
545.2729 	DATA 	Keypress: rctrl
545.3584 	EXP 	Sound  started
546.0090 	DATA 	Keypress: rctrl
546.1084 	EXP 	Sound  started
546.8089 	DATA 	Keypress: lctrl
546.8584 	EXP 	Sound  started
547.6085 	EXP 	Sound  started
548.3452 	DATA 	Keypress: lctrl
548.3585 	EXP 	Sound  started
549.0810 	DATA 	Keypress: lctrl
549.1085 	EXP 	Sound  started
549.7530 	DATA 	Keypress: rctrl
549.8585 	EXP 	Sound  started
550.4730 	DATA 	Keypress: rctrl
550.6085 	EXP 	Sound  started
551.1929 	DATA 	Keypress: lctrl
551.3585 	EXP 	Sound  started
552.0089 	DATA 	Keypress: rctrl
552.1085 	EXP 	Sound  started
552.7449 	DATA 	Keypress: rctrl
552.8585 	EXP 	Sound  started
553.4649 	DATA 	Keypress: rctrl
553.6086 	EXP 	Sound  started
554.2170 	DATA 	Keypress: rctrl
554.3586 	EXP 	Sound  started
555.0329 	DATA 	Keypress: lctrl
555.1086 	EXP 	Sound  started
555.7690 	DATA 	Keypress: lctrl
555.8586 	EXP 	Sound  started
556.4730 	DATA 	Keypress: lctrl
556.6086 	EXP 	Sound  started
557.2730 	DATA 	Keypress: rctrl
557.3586 	EXP 	Sound  started
557.9930 	DATA 	Keypress: lctrl
558.1087 	EXP 	Sound  started
558.6969 	DATA 	Keypress: lctrl
558.8587 	EXP 	Sound  started
559.5451 	DATA 	Keypress: rctrl
559.6087 	EXP 	Sound  started
560.2810 	DATA 	Keypress: rctrl
560.3587 	EXP 	Sound  started
561.0969 	DATA 	Keypress: rctrl
561.1087 	EXP 	Sound  started
561.8490 	DATA 	Keypress: rctrl
561.8587 	EXP 	Sound  started
562.6010 	DATA 	Keypress: rctrl
562.6087 	EXP 	Sound  started
563.3049 	DATA 	Keypress: lctrl
563.3588 	EXP 	Sound  started
564.0569 	DATA 	Keypress: lctrl
564.1088 	EXP 	Sound  started
564.8250 	DATA 	Keypress: rctrl
564.8588 	EXP 	Sound  started
565.6088 	EXP 	Sound  started
565.6249 	DATA 	Keypress: rctrl
566.3290 	DATA 	Keypress: rctrl
568.1391 	DATA 	Keypress: 2
568.1552 	EXP 	unnamed ShapeStim: vertices = <class 'numpy.ndarray'>
570.6900 	DATA 	Keypress: 4
570.7065 	EXP 	unnamed ShapeStim: vertices = <class 'numpy.ndarray'>
574.7298 	DATA 	Keypress: 2
574.7579 	EXP 	unnamed ShapeStim: vertices = <class 'numpy.ndarray'>
577.0315 	EXP 	Sound  started
577.2092 	DATA 	Keypress: rctrl
577.7689 	DATA 	Keypress: rctrl
577.7815 	EXP 	Sound  started
578.4890 	DATA 	Keypress: lctrl
578.5315 	EXP 	Sound  started
579.2729 	DATA 	Keypress: rctrl
579.2815 	EXP 	Sound  started
579.9929 	DATA 	Keypress: lctrl
580.0315 	EXP 	Sound  started
580.7609 	DATA 	Keypress: lctrl
580.7815 	EXP 	Sound  started
581.5289 	DATA 	Keypress: lctrl
581.5315 	EXP 	Sound  started
582.2329 	DATA 	Keypress: rctrl
582.2815 	EXP 	Sound  started
583.0315 	EXP 	Sound  started
583.0489 	DATA 	Keypress: rctrl
583.7689 	DATA 	Keypress: lctrl
583.7816 	EXP 	Sound  started
584.4889 	DATA 	Keypress: lctrl
584.5316 	EXP 	Sound  started
585.2816 	EXP 	Sound  started
585.2889 	DATA 	Keypress: rctrl
585.9930 	DATA 	Keypress: rctrl
586.0316 	EXP 	Sound  started
586.7130 	DATA 	Keypress: lctrl
586.7816 	EXP 	Sound  started
587.4809 	DATA 	Keypress: rctrl
587.5316 	EXP 	Sound  started
588.2816 	EXP 	Sound  started
588.2969 	DATA 	Keypress: lctrl
589.0316 	EXP 	Sound  started
589.0329 	DATA 	Keypress: rctrl
589.7050 	DATA 	Keypress: rctrl
589.7817 	EXP 	Sound  started
590.5317 	EXP 	Sound  started
590.5370 	DATA 	Keypress: rctrl
591.2730 	DATA 	Keypress: lctrl
591.2817 	EXP 	Sound  started
592.0317 	EXP 	Sound  started
592.0730 	DATA 	Keypress: lctrl
592.7817 	EXP 	Sound  started
592.8090 	DATA 	Keypress: lctrl
593.4809 	DATA 	Keypress: lctrl
593.5317 	EXP 	Sound  started
594.2650 	DATA 	Keypress: rctrl
594.2817 	EXP 	Sound  started
595.0009 	DATA 	Keypress: rctrl
595.0318 	EXP 	Sound  started
595.7689 	DATA 	Keypress: rctrl
595.7818 	EXP 	Sound  started
596.5049 	DATA 	Keypress: rctrl
596.5318 	EXP 	Sound  started
597.2818 	EXP 	Sound  started
597.2890 	DATA 	Keypress: lctrl
597.9930 	DATA 	Keypress: rctrl
598.0318 	EXP 	Sound  started
598.7290 	DATA 	Keypress: lctrl
598.7818 	EXP 	Sound  started
599.5289 	DATA 	Keypress: lctrl
599.5319 	EXP 	Sound  started
600.2490 	DATA 	Keypress: rctrl
600.2819 	EXP 	Sound  started
600.9690 	DATA 	Keypress: rctrl
601.0319 	EXP 	Sound  started
601.6569 	DATA 	Keypress: rctrl
601.7819 	EXP 	Sound  started
602.3769 	DATA 	Keypress: rctrl
602.5319 	EXP 	Sound  started
603.2090 	DATA 	Keypress: lctrl
603.2819 	EXP 	Sound  started
603.9289 	DATA 	Keypress: rctrl
604.0319 	EXP 	Sound  started
604.6169 	DATA 	Keypress: lctrl
604.7820 	EXP 	Sound  started
605.4011 	DATA 	Keypress: rctrl
605.5320 	EXP 	Sound  started
606.1530 	DATA 	Keypress: lctrl
606.2820 	EXP 	Sound  started
606.9209 	DATA 	Keypress: rctrl
607.0320 	EXP 	Sound  started
607.6730 	DATA 	Keypress: lctrl
607.7820 	EXP 	Sound  started
608.4410 	DATA 	Keypress: rctrl
608.5320 	EXP 	Sound  started
609.1930 	DATA 	Keypress: lctrl
609.2820 	EXP 	Sound  started
609.8969 	DATA 	Keypress: lctrl
610.0321 	EXP 	Sound  started
610.6969 	DATA 	Keypress: lctrl
610.7821 	EXP 	Sound  started
611.4489 	DATA 	Keypress: lctrl
611.5321 	EXP 	Sound  started
612.2329 	DATA 	Keypress: rctrl
612.2821 	EXP 	Sound  started
612.9209 	DATA 	Keypress: rctrl
613.0321 	EXP 	Sound  started
613.6569 	DATA 	Keypress: rctrl
613.7821 	EXP 	Sound  started
614.4409 	DATA 	Keypress: rctrl
614.5321 	EXP 	Sound  started
615.1769 	DATA 	Keypress: rctrl
615.2821 	EXP 	Sound  started
615.9449 	DATA 	Keypress: lctrl
616.0321 	EXP 	Sound  started
616.7449 	DATA 	Keypress: lctrl
616.7822 	EXP 	Sound  started
617.4650 	DATA 	Keypress: lctrl
617.5322 	EXP 	Sound  started
618.1209 	DATA 	Keypress: rctrl
618.2822 	EXP 	Sound  started
618.9689 	DATA 	Keypress: rctrl
619.0322 	EXP 	Sound  started
619.7689 	DATA 	Keypress: rctrl
619.7822 	EXP 	Sound  started
620.5209 	DATA 	Keypress: rctrl
620.5322 	EXP 	Sound  started
621.1609 	DATA 	Keypress: rctrl
621.2822 	EXP 	Sound  started
622.0249 	DATA 	Keypress: rctrl
622.0322 	EXP 	Sound  started
622.7129 	DATA 	Keypress: lctrl
622.7823 	EXP 	Sound  started
623.4169 	DATA 	Keypress: lctrl
623.5323 	EXP 	Sound  started
624.1850 	DATA 	Keypress: lctrl
626.7470 	DATA 	Keypress: 2
626.7758 	EXP 	unnamed ShapeStim: vertices = <class 'numpy.ndarray'>
629.0101 	DATA 	Keypress: 4
629.0267 	EXP 	unnamed ShapeStim: vertices = <class 'numpy.ndarray'>
632.6828 	DATA 	Keypress: 2
632.7112 	EXP 	unnamed ShapeStim: vertices = <class 'numpy.ndarray'>
634.9865 	EXP 	Sound  started
635.2091 	DATA 	Keypress: lctrl
635.7363 	EXP 	Sound  started
635.7689 	DATA 	Keypress: lctrl
636.4729 	DATA 	Keypress: rctrl
636.4864 	EXP 	Sound  started
637.2089 	DATA 	Keypress: rctrl
637.2364 	EXP 	Sound  started
637.9864 	EXP 	Sound  started
638.0089 	DATA 	Keypress: lctrl
638.7289 	DATA 	Keypress: rctrl
638.7364 	EXP 	Sound  started
639.4864 	EXP 	Sound  started
639.5291 	DATA 	Keypress: lctrl
640.2330 	DATA 	Keypress: rctrl
640.2364 	EXP 	Sound  started
640.9864 	EXP 	Sound  started
641.0169 	DATA 	Keypress: lctrl
641.7365 	EXP 	Sound  started
641.7369 	DATA 	Keypress: rctrl
642.4729 	DATA 	Keypress: rctrl
642.4865 	EXP 	Sound  started
643.2365 	EXP 	Sound  started
643.2409 	DATA 	Keypress: rctrl
643.9610 	DATA 	Keypress: lctrl
643.9865 	EXP 	Sound  started
644.6969 	DATA 	Keypress: lctrl
644.7365 	EXP 	Sound  started
645.4809 	DATA 	Keypress: rctrl
645.4865 	EXP 	Sound  started
646.1529 	DATA 	Keypress: lctrl
646.2365 	EXP 	Sound  started
646.9849 	DATA 	Keypress: lctrl
646.9866 	EXP 	Sound  started
647.7366 	EXP 	Sound  started
647.7370 	DATA 	Keypress: lctrl
648.4249 	DATA 	Keypress: rctrl
648.4866 	EXP 	Sound  started
649.2366 	EXP 	Sound  started
649.2409 	DATA 	Keypress: lctrl
649.9866 	EXP 	Sound  started
650.0090 	DATA 	Keypress: rctrl
650.7366 	EXP 	Sound  started
650.7609 	DATA 	Keypress: rctrl
651.4866 	EXP 	Sound  started
651.5289 	DATA 	Keypress: rctrl
652.2366 	EXP 	Sound  started
652.2489 	DATA 	Keypress: rctrl
652.9867 	EXP 	Sound  started
653.0489 	DATA 	Keypress: rctrl
653.7367 	EXP 	Sound  started
653.7688 	DATA 	Keypress: rctrl
654.4867 	EXP 	Sound  started
654.5049 	DATA 	Keypress: rctrl
655.2249 	DATA 	Keypress: lctrl
655.2367 	EXP 	Sound  started
655.9867 	EXP 	Sound  started
655.9930 	DATA 	Keypress: rctrl
656.7367 	EXP 	Sound  started
656.7449 	DATA 	Keypress: rctrl
657.4809 	DATA 	Keypress: rctrl
657.4867 	EXP 	Sound  started
658.2009 	DATA 	Keypress: lctrl
658.2367 	EXP 	Sound  started
658.9529 	DATA 	Keypress: lctrl
658.9868 	EXP 	Sound  started
659.7049 	DATA 	Keypress: rctrl
659.7368 	EXP 	Sound  started
660.4409 	DATA 	Keypress: rctrl
660.4868 	EXP 	Sound  started
661.1769 	DATA 	Keypress: rctrl
661.2368 	EXP 	Sound  started
661.8809 	DATA 	Keypress: rctrl
661.9868 	EXP 	Sound  started
662.6649 	DATA 	Keypress: lctrl
662.7368 	EXP 	Sound  started
663.3689 	DATA 	Keypress: lctrl
663.4868 	EXP 	Sound  started
664.1049 	DATA 	Keypress: lctrl
664.2369 	EXP 	Sound  started
664.8569 	DATA 	Keypress: lctrl
664.9869 	EXP 	Sound  started
665.6089 	DATA 	Keypress: lctrl
665.7369 	EXP 	Sound  started
666.3768 	DATA 	Keypress: rctrl
666.4869 	EXP 	Sound  started
667.1610 	DATA 	Keypress: rctrl
667.2369 	EXP 	Sound  started
667.8649 	DATA 	Keypress: rctrl
667.9869 	EXP 	Sound  started
668.6009 	DATA 	Keypress: rctrl
668.7370 	EXP 	Sound  started
669.3369 	DATA 	Keypress: rctrl
669.4870 	EXP 	Sound  started
670.0890 	DATA 	Keypress: rctrl
670.2370 	EXP 	Sound  started
670.8410 	DATA 	Keypress: lctrl
670.9870 	EXP 	Sound  started
671.5609 	DATA 	Keypress: lctrl
671.7370 	EXP 	Sound  started
672.4088 	DATA 	Keypress: lctrl
672.4870 	EXP 	Sound  started
673.0969 	DATA 	Keypress: lctrl
673.2370 	EXP 	Sound  started
673.8489 	DATA 	Keypress: rctrl
673.9870 	EXP 	Sound  started
674.5848 	DATA 	Keypress: lctrl
674.7371 	EXP 	Sound  started
675.3689 	DATA 	Keypress: rctrl
675.4871 	EXP 	Sound  started
676.0890 	DATA 	Keypress: rctrl
676.2371 	EXP 	Sound  started
676.8409 	DATA 	Keypress: lctrl
676.9871 	EXP 	Sound  started
677.6248 	DATA 	Keypress: rctrl
677.7371 	EXP 	Sound  started
678.3770 	DATA 	Keypress: lctrl
679.7275 	DATA 	Keypress: 1
679.7439 	EXP 	unnamed ShapeStim: vertices = <class 'numpy.ndarray'>
684.0792 	DATA 	Keypress: 4
684.0956 	EXP 	unnamed ShapeStim: vertices = <class 'numpy.ndarray'>
686.6843 	DATA 	Keypress: 1
686.7133 	EXP 	unnamed ShapeStim: vertices = <class 'numpy.ndarray'>
688.9882 	EXP 	Sound  started
689.0330 	DATA 	Keypress: rctrl
689.7209 	DATA 	Keypress: rctrl
689.7380 	EXP 	Sound  started
690.4880 	EXP 	Sound  started
690.5049 	DATA 	Keypress: lctrl
691.2380 	EXP 	Sound  started
691.2568 	DATA 	Keypress: rctrl
691.9880 	EXP 	Sound  started
691.9929 	DATA 	Keypress: rctrl
692.7288 	DATA 	Keypress: rctrl
692.7380 	EXP 	Sound  started
693.4490 	DATA 	Keypress: rctrl
693.4881 	EXP 	Sound  started
694.1848 	DATA 	Keypress: lctrl
694.2381 	EXP 	Sound  started
694.9049 	DATA 	Keypress: lctrl
694.9881 	EXP 	Sound  started
695.7048 	DATA 	Keypress: lctrl
695.7381 	EXP 	Sound  started
696.4568 	DATA 	Keypress: rctrl
696.4881 	EXP 	Sound  started
697.1289 	DATA 	Keypress: lctrl
697.2381 	EXP 	Sound  started
697.8810 	DATA 	Keypress: rctrl
697.9881 	EXP 	Sound  started
698.6489 	DATA 	Keypress: lctrl
698.7382 	EXP 	Sound  started
699.4329 	DATA 	Keypress: rctrl
699.4882 	EXP 	Sound  started
700.2328 	DATA 	Keypress: rctrl
700.2382 	EXP 	Sound  started
700.9049 	DATA 	Keypress: rctrl
700.9882 	EXP 	Sound  started
701.7049 	DATA 	Keypress: lctrl
701.7382 	EXP 	Sound  started
702.4730 	DATA 	Keypress: rctrl
702.4882 	EXP 	Sound  started
703.2249 	DATA 	Keypress: lctrl
703.2382 	EXP 	Sound  started
703.9882 	EXP 	Sound  started
703.9930 	DATA 	Keypress: lctrl
704.7289 	DATA 	Keypress: rctrl
704.7383 	EXP 	Sound  started
705.4883 	EXP 	Sound  started
705.5129 	DATA 	Keypress: lctrl
706.2383 	EXP 	Sound  started
706.2808 	DATA 	Keypress: rctrl
706.9848 	DATA 	Keypress: rctrl
706.9883 	EXP 	Sound  started
707.7383 	EXP 	Sound  started
707.7528 	DATA 	Keypress: lctrl
708.4728 	DATA 	Keypress: rctrl
708.4883 	EXP 	Sound  started
709.2089 	DATA 	Keypress: lctrl
709.2384 	EXP 	Sound  started
709.9129 	DATA 	Keypress: lctrl
709.9884 	EXP 	Sound  started
710.7384 	EXP 	Sound  started
710.7449 	DATA 	Keypress: rctrl
711.4884 	EXP 	Sound  started
711.4969 	DATA 	Keypress: lctrl
712.2170 	DATA 	Keypress: rctrl
712.2384 	EXP 	Sound  started
712.9689 	DATA 	Keypress: rctrl
712.9884 	EXP 	Sound  started
713.6729 	DATA 	Keypress: lctrl
713.7384 	EXP 	Sound  started
714.4410 	DATA 	Keypress: rctrl
714.4885 	EXP 	Sound  started
715.2385 	EXP 	Sound  started
715.2568 	DATA 	Keypress: lctrl
715.9769 	DATA 	Keypress: lctrl
715.9885 	EXP 	Sound  started
716.7385 	EXP 	Sound  started
716.7929 	DATA 	Keypress: rctrl
717.4648 	DATA 	Keypress: lctrl
717.4885 	EXP 	Sound  started
718.2169 	DATA 	Keypress: rctrl
718.2385 	EXP 	Sound  started
718.9688 	DATA 	Keypress: rctrl
718.9885 	EXP 	Sound  started
719.7209 	DATA 	Keypress: lctrl
719.7385 	EXP 	Sound  started
720.4729 	DATA 	Keypress: rctrl
720.4886 	EXP 	Sound  started
721.2386 	EXP 	Sound  started
721.2409 	DATA 	Keypress: lctrl
721.9768 	DATA 	Keypress: lctrl
721.9886 	EXP 	Sound  started
722.6809 	DATA 	Keypress: rctrl
722.7386 	EXP 	Sound  started
723.4169 	DATA 	Keypress: lctrl
723.4886 	EXP 	Sound  started
724.2168 	DATA 	Keypress: rctrl
724.2386 	EXP 	Sound  started
724.9689 	DATA 	Keypress: rctrl
724.9886 	EXP 	Sound  started
725.6889 	DATA 	Keypress: lctrl
725.7386 	EXP 	Sound  started
726.4887 	EXP 	Sound  started
726.5208 	DATA 	Keypress: lctrl
727.2249 	DATA 	Keypress: lctrl
727.2387 	EXP 	Sound  started
727.9887 	EXP 	Sound  started
728.0089 	DATA 	Keypress: rctrl
728.7387 	EXP 	Sound  started
728.7609 	DATA 	Keypress: rctrl
729.4488 	DATA 	Keypress: lctrl
729.4887 	EXP 	Sound  started
730.1849 	DATA 	Keypress: lctrl
730.2387 	EXP 	Sound  started
730.9529 	DATA 	Keypress: lctrl
730.9887 	EXP 	Sound  started
731.7209 	DATA 	Keypress: lctrl
731.7387 	EXP 	Sound  started
732.4729 	DATA 	Keypress: lctrl
732.4888 	EXP 	Sound  started
733.2388 	EXP 	Sound  started
733.3368 	DATA 	Keypress: rctrl
733.9888 	EXP 	Sound  started
734.0409 	DATA 	Keypress: rctrl
734.7288 	DATA 	Keypress: lctrl
734.7388 	EXP 	Sound  started
735.4650 	DATA 	Keypress: rctrl
735.4888 	EXP 	Sound  started
736.2388 	EXP 	Sound  started
736.2649 	DATA 	Keypress: lctrl
736.9888 	EXP 	Sound  started
737.0489 	DATA 	Keypress: lctrl
737.7209 	DATA 	Keypress: rctrl
737.7388 	EXP 	Sound  started
738.4889 	DATA 	Keypress: lctrl
738.4891 	EXP 	Sound  started
739.2249 	DATA 	Keypress: rctrl
739.2391 	EXP 	Sound  started
739.9891 	EXP 	Sound  started
740.0089 	DATA 	Keypress: rctrl
740.7391 	EXP 	Sound  started
740.7448 	DATA 	Keypress: lctrl
741.4648 	DATA 	Keypress: rctrl
741.4891 	EXP 	Sound  started
742.2391 	EXP 	Sound  started
742.2648 	DATA 	Keypress: lctrl
742.9891 	EXP 	Sound  started
743.0488 	DATA 	Keypress: lctrl
743.7368 	DATA 	Keypress: rctrl
743.7391 	EXP 	Sound  started
744.4892 	EXP 	Sound  started
744.5209 	DATA 	Keypress: rctrl
745.2392 	EXP 	Sound  started
745.2409 	DATA 	Keypress: lctrl
745.9892 	EXP 	Sound  started
746.0249 	DATA 	Keypress: rctrl
746.7392 	EXP 	Sound  started
746.7771 	DATA 	Keypress: rctrl
747.4892 	EXP 	Sound  started
747.5448 	DATA 	Keypress: rctrl
748.2665 	DATA 	Keypress: rctrl
750.0354 	DATA 	Keypress: 3
750.0515 	EXP 	unnamed ShapeStim: vertices = <class 'numpy.ndarray'>
753.3866 	DATA 	Keypress: 4
753.4030 	EXP 	unnamed ShapeStim: vertices = <class 'numpy.ndarray'>
756.8427 	DATA 	Keypress: 2
756.8708 	EXP 	unnamed ShapeStim: vertices = <class 'numpy.ndarray'>
761.1526 	DATA 	Keypress: lctrl
1069.6410 	DATA 	Keypress: escape
1069.8041 	EXP 	window1: mouseVisible = True
