48.5791 	WARNING 	User requested fullscreen with size [1024  768], but screen is actually [1920, 1200]. Using actual size
49.3729 	EXP 	Created window1 = Window(allowGUI=False, allowStencil=False, autoLog=True, backendConf=UNKNOWN, bitsMode=UNKNOWN, blendMode='avg', bpc=(8, 8, 8), color=array([0, 0, 0]), colorSpace='rgb', depthBits=8, fullscr=<method-wrapper '__getattribute__' of attributeSetter object at 0x000001D247577828>, gamma=None, gammaErrorPolicy='raise', lms=UNKNOWN, monitor=<psychopy.monitors.calibTools.Monitor object at 0x000001D248CB4128>, multiSample=False, name='window1', numSamples=2, pos=[0.0, 0.0], screen=0, size=array([1920, 1200]), stencilBits=0, stereo=False, units='norm', useFBO=True, useRetina=False, viewOri=0.0, viewPos=None, viewScale=None, waitBlanking=True, winType='pyglet')
49.3732 	EXP 	window1: mouseVisible = True
49.3733 	EXP 	window1: mouseVisible = False
49.3733 	EXP 	window1: recordFrameIntervals = False
49.5394 	EXP 	window1: recordFrameIntervals = True
49.7230 	EXP 	window1: recordFrameIntervals = False
49.7760 	EXP 	Created text = TextStim(__class__=<class 'psychopy.visual.text.TextStim'>, alignHoriz=method-wrapper(...), alignText='center', alignVert=method-wrapper(...), anchorHoriz='center', anchorVert='center', antialias=True, autoLog=True, bold=False, color=array([1., 1., 1.]), colorSpace='rgb', contrast=1.0, depth=0.0, flipHoriz=False, flipVert=False, font='Arial', fontFiles=[], height=0.15, italic=False, languageStyle='LTR', name='text', opacity=1, ori=0, pos=array([0., 0.]), rgb=UNKNOWN, text='+', units='norm', win=Window(...), wrapWidth=1)
49.7962 	EXP 	Created text = TextStim(__class__=<class 'psychopy.visual.text.TextStim'>, alignHoriz=method-wrapper(...), alignText='center', alignVert=method-wrapper(...), anchorHoriz='center', anchorVert='center', antialias=True, autoLog=True, bold=False, color=array([1., 1., 1.]), colorSpace='rgb', contrast=1.0, depth=0.0, flipHoriz=False, flipVert=False, font='Arial', fontFiles=[], height=0.07, italic=False, languageStyle='LTR', name='text', opacity=1, ori=0, pos=array([0., 0.]), rgb=UNKNOWN, text=str(...), units='norm', win=Window(...), wrapWidth=1.65)
49.8056 	EXP 	Created text = TextStim(__class__=<class 'psychopy.visual.text.TextStim'>, alignHoriz=method-wrapper(...), alignText='center', alignVert=method-wrapper(...), anchorHoriz='center', anchorVert='center', antialias=True, autoLog=True, bold=False, color=array([1., 1., 1.]), colorSpace='rgb', contrast=1.0, depth=0.0, flipHoriz=False, flipVert=False, font='Arial', fontFiles=[], height=0.07, italic=False, languageStyle='LTR', name='text', opacity=1, ori=0, pos=array([0., 0.]), rgb=UNKNOWN, text=str(...), units='norm', win=Window(...), wrapWidth=1.65)
49.8146 	EXP 	Created text = TextStim(__class__=<class 'psychopy.visual.text.TextStim'>, alignHoriz=method-wrapper(...), alignText='center', alignVert=method-wrapper(...), anchorHoriz='center', anchorVert='center', antialias=True, autoLog=True, bold=False, color=array([1., 1., 1.]), colorSpace='rgb', contrast=1.0, depth=0.0, flipHoriz=False, flipVert=False, font='Arial', fontFiles=[], height=0.07, italic=False, languageStyle='LTR', name='text', opacity=1, ori=0, pos=array([0., 0.]), rgb=UNKNOWN, text=str(...), units='norm', win=Window(...), wrapWidth=1.65)
49.8230 	EXP 	Created text = TextStim(__class__=<class 'psychopy.visual.text.TextStim'>, alignHoriz=method-wrapper(...), alignText='center', alignVert=method-wrapper(...), anchorHoriz='center', anchorVert='center', antialias=True, autoLog=True, bold=False, color=array([1., 1., 1.]), colorSpace='rgb', contrast=1.0, depth=0.0, flipHoriz=False, flipVert=False, font='Arial', fontFiles=[], height=0.07, italic=False, languageStyle='LTR', name='text', opacity=1, ori=0, pos=array([0., 0.]), rgb=UNKNOWN, text=str(...), units='norm', win=Window(...), wrapWidth=1.65)
49.8291 	EXP 	Created text = TextStim(__class__=<class 'psychopy.visual.text.TextStim'>, alignHoriz=method-wrapper(...), alignText='center', alignVert=method-wrapper(...), anchorHoriz='center', anchorVert='center', antialias=True, autoLog=True, bold=False, color=array([1., 1., 1.]), colorSpace='rgb', contrast=1.0, depth=0.0, flipHoriz=False, flipVert=False, font='Arial', fontFiles=[], height=0.07, italic=False, languageStyle='LTR', name='text', opacity=1, ori=0, pos=array([0., 0.]), rgb=UNKNOWN, text=str(...), units='norm', win=Window(...), wrapWidth=1.65)
49.8430 	EXP 	Created text = TextStim(__class__=<class 'psychopy.visual.text.TextStim'>, alignHoriz=method-wrapper(...), alignText='center', alignVert=method-wrapper(...), anchorHoriz='center', anchorVert='center', antialias=True, autoLog=True, bold=False, color=array([1., 1., 1.]), colorSpace='rgb', contrast=1.0, depth=0.0, flipHoriz=False, flipVert=False, font='Arial', fontFiles=[], height=0.15, italic=False, languageStyle='LTR', name='text', opacity=1, ori=0, pos=array([0., 0.]), rgb=UNKNOWN, text=str(...), units='norm', win=Window(...), wrapWidth=1.65)
49.8731 	EXP 	Created text = TextStim(__class__=<class 'psychopy.visual.text.TextStim'>, alignHoriz=method-wrapper(...), alignText='center', alignVert=method-wrapper(...), anchorHoriz='center', anchorVert='center', antialias=True, autoLog=True, bold=False, color=array([1., 1., 1.]), colorSpace='rgb', contrast=1.0, depth=0.0, flipHoriz=False, flipVert=False, font='Arial', fontFiles=[], height=0.07, italic=False, languageStyle='LTR', name='text', opacity=1, ori=0, pos=array([0., 0.]), rgb=UNKNOWN, text=str(...), units='norm', win=Window(...), wrapWidth=1.65)
49.8943 	EXP 	Created text = TextStim(__class__=<class 'psychopy.visual.text.TextStim'>, alignHoriz=method-wrapper(...), alignText='center', alignVert=method-wrapper(...), anchorHoriz='center', anchorVert='center', antialias=True, autoLog=True, bold=False, color=array([1., 1., 1.]), colorSpace='rgb', contrast=1.0, depth=0.0, flipHoriz=False, flipVert=False, font='Arial', fontFiles=[], height=0.07, italic=False, languageStyle='LTR', name='text', opacity=1, ori=0, pos=array([0., 0.]), rgb=UNKNOWN, text=str(...), units='norm', win=Window(...), wrapWidth=1.65)
49.9233 	EXP 	Created text = TextStim(__class__=<class 'psychopy.visual.text.TextStim'>, alignHoriz=method-wrapper(...), alignText='center', alignVert=method-wrapper(...), anchorHoriz='center', anchorVert='center', antialias=True, autoLog=True, bold=False, color=array([1., 1., 1.]), colorSpace='rgb', contrast=1.0, depth=0.0, flipHoriz=False, flipVert=False, font='Arial', fontFiles=[], height=0.07, italic=False, languageStyle='LTR', name='text', opacity=1, ori=0, pos=array([0., 0.]), rgb=UNKNOWN, text=str(...), units='norm', win=Window(...), wrapWidth=1.65)
49.9469 	EXP 	Created text = TextStim(__class__=<class 'psychopy.visual.text.TextStim'>, alignHoriz=method-wrapper(...), alignText='center', alignVert=method-wrapper(...), anchorHoriz='center', anchorVert='center', antialias=True, autoLog=True, bold=False, color=array([1., 1., 1.]), colorSpace='rgb', contrast=1.0, depth=0.0, flipHoriz=False, flipVert=False, font='Arial', fontFiles=[], height=0.07, italic=False, languageStyle='LTR', name='text', opacity=1, ori=0, pos=array([0., 0.]), rgb=UNKNOWN, text=str(...), units='norm', win=Window(...), wrapWidth=1.65)
49.9761 	EXP 	Created text = TextStim(__class__=<class 'psychopy.visual.text.TextStim'>, alignHoriz=method-wrapper(...), alignText='center', alignVert=method-wrapper(...), anchorHoriz='center', anchorVert='center', antialias=True, autoLog=True, bold=False, color=array([1., 1., 1.]), colorSpace='rgb', contrast=1.0, depth=0.0, flipHoriz=False, flipVert=False, font='Arial', fontFiles=[], height=0.07, italic=False, languageStyle='LTR', name='text', opacity=1, ori=0, pos=array([0., 0.]), rgb=UNKNOWN, text=str(...), units='norm', win=Window(...), wrapWidth=1.65)
49.9865 	EXP 	Created text = TextStim(__class__=<class 'psychopy.visual.text.TextStim'>, alignHoriz=method-wrapper(...), alignText='center', alignVert=method-wrapper(...), anchorHoriz='center', anchorVert='center', antialias=True, autoLog=True, bold=False, color=array([1., 1., 1.]), colorSpace='rgb', contrast=1.0, depth=0.0, flipHoriz=False, flipVert=False, font='Arial', fontFiles=[], height=0.07, italic=False, languageStyle='LTR', name='text', opacity=1, ori=0, pos=array([0., 0.]), rgb=UNKNOWN, text=str(...), units='norm', win=Window(...), wrapWidth=1.65)
49.9985 	EXP 	Created text = TextStim(__class__=<class 'psychopy.visual.text.TextStim'>, alignHoriz=method-wrapper(...), alignText='center', alignVert=method-wrapper(...), anchorHoriz='center', anchorVert='center', antialias=True, autoLog=True, bold=False, color=array([1., 1., 1.]), colorSpace='rgb', contrast=1.0, depth=0.0, flipHoriz=False, flipVert=False, font='Arial', fontFiles=[], height=0.07, italic=False, languageStyle='LTR', name='text', opacity=1, ori=0, pos=array([0., 0.]), rgb=UNKNOWN, text=str(...), units='norm', win=Window(...), wrapWidth=1.65)
50.0030 	EXP 	Created instru = TextStim(__class__=<class 'psychopy.visual.text.TextStim'>, alignHoriz=method-wrapper(...), alignText='center', alignVert=method-wrapper(...), anchorHoriz='center', anchorVert='center', antialias=True, autoLog=True, bold=False, color=array([1., 1., 1.]), colorSpace='rgb', contrast=1.0, depth=0.0, flipHoriz=False, flipVert=False, font='Arial', fontFiles=[], height=0.07, italic=False, languageStyle='LTR', name='instru', opacity=1, ori=0, pos=array([0. , 0.5]), rgb=UNKNOWN, text=str(...), units='norm', win=Window(...), wrapWidth=1)
50.0054 	EXP 	Created unnamed Line = Line(__class__=<class 'psychopy.visual.line.Line'>, autoDraw=False, autoLog=True, closeShape=False, color=array([1., 1., 1.]), colorSpace='rgb', contrast=None, depth=0, fillColor=array([0, 0, 0]), fillColorSpace='rgb', fillRGB=array([0, 0, 0]), interpolate=True, lineColor=array([1., 1., 1.]), lineColorSpace='rgb', lineRGB=array([1, 1, 1]), lineWidth=5, name='unnamed Line', opacity=0.5, ori=0.0, pos=array([0., 0.]), size=array([1., 1.]), units='norm', vertices=array([[-0.5,  0. ],
       [ 0.5,  0. ]]), win=Window(...), windingRule=None)
50.0074 	EXP 	Created unnamed Line = Line(__class__=<class 'psychopy.visual.line.Line'>, autoDraw=False, autoLog=True, closeShape=False, color=array([1., 1., 1.]), colorSpace='rgb', contrast=None, depth=0, fillColor=array([0, 0, 0]), fillColorSpace='rgb', fillRGB=array([0, 0, 0]), interpolate=True, lineColor=array([1., 1., 1.]), lineColorSpace='rgb', lineRGB=array([1, 1, 1]), lineWidth=3, name='unnamed Line', opacity=0.5, ori=0.0, pos=array([0., 0.]), size=array([1., 1.]), units='norm', vertices=array([[-0.5 , -0.05],
       [-0.5 ,  0.05]]), win=Window(...), windingRule=None)
50.0093 	EXP 	Created unnamed Line = Line(__class__=<class 'psychopy.visual.line.Line'>, autoDraw=False, autoLog=True, closeShape=False, color=array([1., 1., 1.]), colorSpace='rgb', contrast=None, depth=0, fillColor=array([0, 0, 0]), fillColorSpace='rgb', fillRGB=array([0, 0, 0]), interpolate=True, lineColor=array([1., 1., 1.]), lineColorSpace='rgb', lineRGB=array([1, 1, 1]), lineWidth=3, name='unnamed Line', opacity=0.5, ori=0.0, pos=array([0., 0.]), size=array([1., 1.]), units='norm', vertices=ndarray(...), win=Window(...), windingRule=None)
50.0112 	EXP 	Created unnamed Line = Line(__class__=<class 'psychopy.visual.line.Line'>, autoDraw=False, autoLog=True, closeShape=False, color=array([1., 1., 1.]), colorSpace='rgb', contrast=None, depth=0, fillColor=array([0, 0, 0]), fillColorSpace='rgb', fillRGB=array([0, 0, 0]), interpolate=True, lineColor=array([1., 1., 1.]), lineColorSpace='rgb', lineRGB=array([1, 1, 1]), lineWidth=3, name='unnamed Line', opacity=0.5, ori=0.0, pos=array([0., 0.]), size=array([1., 1.]), units='norm', vertices=ndarray(...), win=Window(...), windingRule=None)
50.0132 	EXP 	Created unnamed Line = Line(__class__=<class 'psychopy.visual.line.Line'>, autoDraw=False, autoLog=True, closeShape=False, color=array([1., 1., 1.]), colorSpace='rgb', contrast=None, depth=0, fillColor=array([0, 0, 0]), fillColorSpace='rgb', fillRGB=array([0, 0, 0]), interpolate=True, lineColor=array([1., 1., 1.]), lineColorSpace='rgb', lineRGB=array([1, 1, 1]), lineWidth=3, name='unnamed Line', opacity=0.5, ori=0.0, pos=array([0., 0.]), size=array([1., 1.]), units='norm', vertices=array([[ 0.5 , -0.05],
       [ 0.5 ,  0.05]]), win=Window(...), windingRule=None)
50.0258 	EXP 	Created unnamed TextStim = TextStim(__class__=<class 'psychopy.visual.text.TextStim'>, alignHoriz=method-wrapper(...), alignText='center', alignVert=method-wrapper(...), anchorHoriz='center', anchorVert='center', antialias=True, autoLog=True, bold=False, color=array([1., 1., 1.]), colorSpace='rgb', contrast=1.0, depth=0, flipHoriz=False, flipVert=False, font='', fontFiles=[], height=0.05, italic=False, languageStyle='LTR', name='unnamed TextStim', opacity=1.0, ori=0.0, pos=array([-0.5, -0.1]), rgb=UNKNOWN, text='Helt klart \n IKKE FOKUSERT', units='norm', win=Window(...), wrapWidth=1)
50.0269 	EXP 	Created unnamed TextStim = TextStim(__class__=<class 'psychopy.visual.text.TextStim'>, alignHoriz=method-wrapper(...), alignText='center', alignVert=method-wrapper(...), anchorHoriz='center', anchorVert='center', antialias=True, autoLog=True, bold=False, color=array([1., 1., 1.]), colorSpace='rgb', contrast=1.0, depth=0, flipHoriz=False, flipVert=False, font='', fontFiles=[], height=0.05, italic=False, languageStyle='LTR', name='unnamed TextStim', opacity=1.0, ori=0.0, pos=array([-0.16666667, -0.1       ]), rgb=UNKNOWN, text='', units='norm', win=Window(...), wrapWidth=1)
50.0281 	EXP 	Created unnamed TextStim = TextStim(__class__=<class 'psychopy.visual.text.TextStim'>, alignHoriz=method-wrapper(...), alignText='center', alignVert=method-wrapper(...), anchorHoriz='center', anchorVert='center', antialias=True, autoLog=True, bold=False, color=array([1., 1., 1.]), colorSpace='rgb', contrast=1.0, depth=0, flipHoriz=False, flipVert=False, font='', fontFiles=[], height=0.05, italic=False, languageStyle='LTR', name='unnamed TextStim', opacity=1.0, ori=0.0, pos=array([ 0.16666667, -0.1       ]), rgb=UNKNOWN, text='', units='norm', win=Window(...), wrapWidth=1)
50.0314 	EXP 	Created unnamed TextStim = TextStim(__class__=<class 'psychopy.visual.text.TextStim'>, alignHoriz=method-wrapper(...), alignText='center', alignVert=method-wrapper(...), anchorHoriz='center', anchorVert='center', antialias=True, autoLog=True, bold=False, color=array([1., 1., 1.]), colorSpace='rgb', contrast=1.0, depth=0, flipHoriz=False, flipVert=False, font='', fontFiles=[], height=0.05, italic=False, languageStyle='LTR', name='unnamed TextStim', opacity=1.0, ori=0.0, pos=array([ 0.5, -0.1]), rgb=UNKNOWN, text='Helt klart \n FOKUSERT', units='norm', win=Window(...), wrapWidth=1)
50.0334 	EXP 	Created unnamed ShapeStim = ShapeStim(__class__=<class 'psychopy.visual.shape.ShapeStim'>, autoDraw=False, autoLog=True, closeShape=True, color=method-wrapper(...), colorSpace='rgb', contrast=None, depth=0, fillColor=array([1, 1, 1]), fillColorSpace='rgb', fillRGB=array([1, 1, 1]), interpolate=True, lineColor=array([-1., -1., -1.]), lineColorSpace='rgb', lineRGB=array([-1, -1, -1]), lineWidth=1.5, name='unnamed ShapeStim', opacity=1.0, ori=0.0, pos=array([0., 0.]), size=array([1., 1.]), units='norm', vertices=ndarray(...), win=Window(...), windingRule=None)
50.0407 	EXP 	Created instru = TextStim(__class__=<class 'psychopy.visual.text.TextStim'>, alignHoriz=method-wrapper(...), alignText='center', alignVert=method-wrapper(...), anchorHoriz='center', anchorVert='center', antialias=True, autoLog=True, bold=False, color=array([1., 1., 1.]), colorSpace='rgb', contrast=1.0, depth=0.0, flipHoriz=False, flipVert=False, font='Arial', fontFiles=[], height=0.07, italic=False, languageStyle='LTR', name='instru', opacity=1, ori=0, pos=array([0. , 0.5]), rgb=UNKNOWN, text=str(...), units='norm', win=Window(...), wrapWidth=1)
50.0426 	EXP 	Created unnamed Line = Line(__class__=<class 'psychopy.visual.line.Line'>, autoDraw=False, autoLog=True, closeShape=False, color=array([1., 1., 1.]), colorSpace='rgb', contrast=None, depth=0, fillColor=array([0, 0, 0]), fillColorSpace='rgb', fillRGB=array([0, 0, 0]), interpolate=True, lineColor=array([1., 1., 1.]), lineColorSpace='rgb', lineRGB=array([1, 1, 1]), lineWidth=5, name='unnamed Line', opacity=0.5, ori=0.0, pos=array([0., 0.]), size=array([1., 1.]), units='norm', vertices=array([[-0.5,  0. ],
       [ 0.5,  0. ]]), win=Window(...), windingRule=None)
50.0446 	EXP 	Created unnamed Line = Line(__class__=<class 'psychopy.visual.line.Line'>, autoDraw=False, autoLog=True, closeShape=False, color=array([1., 1., 1.]), colorSpace='rgb', contrast=None, depth=0, fillColor=array([0, 0, 0]), fillColorSpace='rgb', fillRGB=array([0, 0, 0]), interpolate=True, lineColor=array([1., 1., 1.]), lineColorSpace='rgb', lineRGB=array([1, 1, 1]), lineWidth=3, name='unnamed Line', opacity=0.5, ori=0.0, pos=array([0., 0.]), size=array([1., 1.]), units='norm', vertices=array([[-0.5 , -0.05],
       [-0.5 ,  0.05]]), win=Window(...), windingRule=None)
50.0466 	EXP 	Created unnamed Line = Line(__class__=<class 'psychopy.visual.line.Line'>, autoDraw=False, autoLog=True, closeShape=False, color=array([1., 1., 1.]), colorSpace='rgb', contrast=None, depth=0, fillColor=array([0, 0, 0]), fillColorSpace='rgb', fillRGB=array([0, 0, 0]), interpolate=True, lineColor=array([1., 1., 1.]), lineColorSpace='rgb', lineRGB=array([1, 1, 1]), lineWidth=3, name='unnamed Line', opacity=0.5, ori=0.0, pos=array([0., 0.]), size=array([1., 1.]), units='norm', vertices=ndarray(...), win=Window(...), windingRule=None)
50.0485 	EXP 	Created unnamed Line = Line(__class__=<class 'psychopy.visual.line.Line'>, autoDraw=False, autoLog=True, closeShape=False, color=array([1., 1., 1.]), colorSpace='rgb', contrast=None, depth=0, fillColor=array([0, 0, 0]), fillColorSpace='rgb', fillRGB=array([0, 0, 0]), interpolate=True, lineColor=array([1., 1., 1.]), lineColorSpace='rgb', lineRGB=array([1, 1, 1]), lineWidth=3, name='unnamed Line', opacity=0.5, ori=0.0, pos=array([0., 0.]), size=array([1., 1.]), units='norm', vertices=ndarray(...), win=Window(...), windingRule=None)
50.0505 	EXP 	Created unnamed Line = Line(__class__=<class 'psychopy.visual.line.Line'>, autoDraw=False, autoLog=True, closeShape=False, color=array([1., 1., 1.]), colorSpace='rgb', contrast=None, depth=0, fillColor=array([0, 0, 0]), fillColorSpace='rgb', fillRGB=array([0, 0, 0]), interpolate=True, lineColor=array([1., 1., 1.]), lineColorSpace='rgb', lineRGB=array([1, 1, 1]), lineWidth=3, name='unnamed Line', opacity=0.5, ori=0.0, pos=array([0., 0.]), size=array([1., 1.]), units='norm', vertices=array([[ 0.5 , -0.05],
       [ 0.5 ,  0.05]]), win=Window(...), windingRule=None)
50.0554 	EXP 	Created unnamed TextStim = TextStim(__class__=<class 'psychopy.visual.text.TextStim'>, alignHoriz=method-wrapper(...), alignText='center', alignVert=method-wrapper(...), anchorHoriz='center', anchorVert='center', antialias=True, autoLog=True, bold=False, color=array([1., 1., 1.]), colorSpace='rgb', contrast=1.0, depth=0, flipHoriz=False, flipVert=False, font='', fontFiles=[], height=0.05, italic=False, languageStyle='LTR', name='unnamed TextStim', opacity=1.0, ori=0.0, pos=array([-0.5, -0.1]), rgb=UNKNOWN, text='Helt klart \n INGENTING', units='norm', win=Window(...), wrapWidth=1)
50.0564 	EXP 	Created unnamed TextStim = TextStim(__class__=<class 'psychopy.visual.text.TextStim'>, alignHoriz=method-wrapper(...), alignText='center', alignVert=method-wrapper(...), anchorHoriz='center', anchorVert='center', antialias=True, autoLog=True, bold=False, color=array([1., 1., 1.]), colorSpace='rgb', contrast=1.0, depth=0, flipHoriz=False, flipVert=False, font='', fontFiles=[], height=0.05, italic=False, languageStyle='LTR', name='unnamed TextStim', opacity=1.0, ori=0.0, pos=array([-0.16666667, -0.1       ]), rgb=UNKNOWN, text='', units='norm', win=Window(...), wrapWidth=1)
50.0575 	EXP 	Created unnamed TextStim = TextStim(__class__=<class 'psychopy.visual.text.TextStim'>, alignHoriz=method-wrapper(...), alignText='center', alignVert=method-wrapper(...), anchorHoriz='center', anchorVert='center', antialias=True, autoLog=True, bold=False, color=array([1., 1., 1.]), colorSpace='rgb', contrast=1.0, depth=0, flipHoriz=False, flipVert=False, font='', fontFiles=[], height=0.05, italic=False, languageStyle='LTR', name='unnamed TextStim', opacity=1.0, ori=0.0, pos=array([ 0.16666667, -0.1       ]), rgb=UNKNOWN, text='', units='norm', win=Window(...), wrapWidth=1)
50.0605 	EXP 	Created unnamed TextStim = TextStim(__class__=<class 'psychopy.visual.text.TextStim'>, alignHoriz=method-wrapper(...), alignText='center', alignVert=method-wrapper(...), anchorHoriz='center', anchorVert='center', antialias=True, autoLog=True, bold=False, color=array([1., 1., 1.]), colorSpace='rgb', contrast=1.0, depth=0, flipHoriz=False, flipVert=False, font='', fontFiles=[], height=0.05, italic=False, languageStyle='LTR', name='unnamed TextStim', opacity=1.0, ori=0.0, pos=array([ 0.5, -0.1]), rgb=UNKNOWN, text='Helt klart \n NOE', units='norm', win=Window(...), wrapWidth=1)
50.0623 	EXP 	Created unnamed ShapeStim = ShapeStim(__class__=<class 'psychopy.visual.shape.ShapeStim'>, autoDraw=False, autoLog=True, closeShape=True, color=method-wrapper(...), colorSpace='rgb', contrast=None, depth=0, fillColor=array([1, 1, 1]), fillColorSpace='rgb', fillRGB=array([1, 1, 1]), interpolate=True, lineColor=array([-1., -1., -1.]), lineColorSpace='rgb', lineRGB=array([-1, -1, -1]), lineWidth=1.5, name='unnamed ShapeStim', opacity=1.0, ori=0.0, pos=array([0., 0.]), size=array([1., 1.]), units='norm', vertices=ndarray(...), win=Window(...), windingRule=None)
50.0693 	EXP 	Created instru = TextStim(__class__=<class 'psychopy.visual.text.TextStim'>, alignHoriz=method-wrapper(...), alignText='center', alignVert=method-wrapper(...), anchorHoriz='center', anchorVert='center', antialias=True, autoLog=True, bold=False, color=array([1., 1., 1.]), colorSpace='rgb', contrast=1.0, depth=0.0, flipHoriz=False, flipVert=False, font='Arial', fontFiles=[], height=0.07, italic=False, languageStyle='LTR', name='instru', opacity=1, ori=0, pos=array([0. , 0.5]), rgb=UNKNOWN, text=str(...), units='norm', win=Window(...), wrapWidth=1)
50.0712 	EXP 	Created unnamed Line = Line(__class__=<class 'psychopy.visual.line.Line'>, autoDraw=False, autoLog=True, closeShape=False, color=array([1., 1., 1.]), colorSpace='rgb', contrast=None, depth=0, fillColor=array([0, 0, 0]), fillColorSpace='rgb', fillRGB=array([0, 0, 0]), interpolate=True, lineColor=array([1., 1., 1.]), lineColorSpace='rgb', lineRGB=array([1, 1, 1]), lineWidth=5, name='unnamed Line', opacity=0.5, ori=0.0, pos=array([0., 0.]), size=array([1., 1.]), units='norm', vertices=array([[-0.5,  0. ],
       [ 0.5,  0. ]]), win=Window(...), windingRule=None)
50.0731 	EXP 	Created unnamed Line = Line(__class__=<class 'psychopy.visual.line.Line'>, autoDraw=False, autoLog=True, closeShape=False, color=array([1., 1., 1.]), colorSpace='rgb', contrast=None, depth=0, fillColor=array([0, 0, 0]), fillColorSpace='rgb', fillRGB=array([0, 0, 0]), interpolate=True, lineColor=array([1., 1., 1.]), lineColorSpace='rgb', lineRGB=array([1, 1, 1]), lineWidth=3, name='unnamed Line', opacity=0.5, ori=0.0, pos=array([0., 0.]), size=array([1., 1.]), units='norm', vertices=array([[-0.5 , -0.05],
       [-0.5 ,  0.05]]), win=Window(...), windingRule=None)
50.0751 	EXP 	Created unnamed Line = Line(__class__=<class 'psychopy.visual.line.Line'>, autoDraw=False, autoLog=True, closeShape=False, color=array([1., 1., 1.]), colorSpace='rgb', contrast=None, depth=0, fillColor=array([0, 0, 0]), fillColorSpace='rgb', fillRGB=array([0, 0, 0]), interpolate=True, lineColor=array([1., 1., 1.]), lineColorSpace='rgb', lineRGB=array([1, 1, 1]), lineWidth=3, name='unnamed Line', opacity=0.5, ori=0.0, pos=array([0., 0.]), size=array([1., 1.]), units='norm', vertices=ndarray(...), win=Window(...), windingRule=None)
50.0770 	EXP 	Created unnamed Line = Line(__class__=<class 'psychopy.visual.line.Line'>, autoDraw=False, autoLog=True, closeShape=False, color=array([1., 1., 1.]), colorSpace='rgb', contrast=None, depth=0, fillColor=array([0, 0, 0]), fillColorSpace='rgb', fillRGB=array([0, 0, 0]), interpolate=True, lineColor=array([1., 1., 1.]), lineColorSpace='rgb', lineRGB=array([1, 1, 1]), lineWidth=3, name='unnamed Line', opacity=0.5, ori=0.0, pos=array([0., 0.]), size=array([1., 1.]), units='norm', vertices=ndarray(...), win=Window(...), windingRule=None)
50.0789 	EXP 	Created unnamed Line = Line(__class__=<class 'psychopy.visual.line.Line'>, autoDraw=False, autoLog=True, closeShape=False, color=array([1., 1., 1.]), colorSpace='rgb', contrast=None, depth=0, fillColor=array([0, 0, 0]), fillColorSpace='rgb', fillRGB=array([0, 0, 0]), interpolate=True, lineColor=array([1., 1., 1.]), lineColorSpace='rgb', lineRGB=array([1, 1, 1]), lineWidth=3, name='unnamed Line', opacity=0.5, ori=0.0, pos=array([0., 0.]), size=array([1., 1.]), units='norm', vertices=array([[ 0.5 , -0.05],
       [ 0.5 ,  0.05]]), win=Window(...), windingRule=None)
50.0838 	EXP 	Created unnamed TextStim = TextStim(__class__=<class 'psychopy.visual.text.TextStim'>, alignHoriz=method-wrapper(...), alignText='center', alignVert=method-wrapper(...), anchorHoriz='center', anchorVert='center', antialias=True, autoLog=True, bold=False, color=array([1., 1., 1.]), colorSpace='rgb', contrast=1.0, depth=0, flipHoriz=False, flipVert=False, font='', fontFiles=[], height=0.05, italic=False, languageStyle='LTR', name='unnamed TextStim', opacity=1.0, ori=0.0, pos=array([-0.5, -0.1]), rgb=UNKNOWN, text='Helt klart \n SPONTAN', units='norm', win=Window(...), wrapWidth=1)
50.0849 	EXP 	Created unnamed TextStim = TextStim(__class__=<class 'psychopy.visual.text.TextStim'>, alignHoriz=method-wrapper(...), alignText='center', alignVert=method-wrapper(...), anchorHoriz='center', anchorVert='center', antialias=True, autoLog=True, bold=False, color=array([1., 1., 1.]), colorSpace='rgb', contrast=1.0, depth=0, flipHoriz=False, flipVert=False, font='', fontFiles=[], height=0.05, italic=False, languageStyle='LTR', name='unnamed TextStim', opacity=1.0, ori=0.0, pos=array([-0.16666667, -0.1       ]), rgb=UNKNOWN, text='', units='norm', win=Window(...), wrapWidth=1)
50.0859 	EXP 	Created unnamed TextStim = TextStim(__class__=<class 'psychopy.visual.text.TextStim'>, alignHoriz=method-wrapper(...), alignText='center', alignVert=method-wrapper(...), anchorHoriz='center', anchorVert='center', antialias=True, autoLog=True, bold=False, color=array([1., 1., 1.]), colorSpace='rgb', contrast=1.0, depth=0, flipHoriz=False, flipVert=False, font='', fontFiles=[], height=0.05, italic=False, languageStyle='LTR', name='unnamed TextStim', opacity=1.0, ori=0.0, pos=array([ 0.16666667, -0.1       ]), rgb=UNKNOWN, text='', units='norm', win=Window(...), wrapWidth=1)
50.0904 	EXP 	Created unnamed TextStim = TextStim(__class__=<class 'psychopy.visual.text.TextStim'>, alignHoriz=method-wrapper(...), alignText='center', alignVert=method-wrapper(...), anchorHoriz='center', anchorVert='center', antialias=True, autoLog=True, bold=False, color=array([1., 1., 1.]), colorSpace='rgb', contrast=1.0, depth=0, flipHoriz=False, flipVert=False, font='', fontFiles=[], height=0.05, italic=False, languageStyle='LTR', name='unnamed TextStim', opacity=1.0, ori=0.0, pos=array([ 0.5, -0.1]), rgb=UNKNOWN, text='Helt klart \n BEVISST', units='norm', win=Window(...), wrapWidth=1)
50.0922 	EXP 	Created unnamed ShapeStim = ShapeStim(__class__=<class 'psychopy.visual.shape.ShapeStim'>, autoDraw=False, autoLog=True, closeShape=True, color=method-wrapper(...), colorSpace='rgb', contrast=None, depth=0, fillColor=array([1, 1, 1]), fillColorSpace='rgb', fillRGB=array([1, 1, 1]), interpolate=True, lineColor=array([-1., -1., -1.]), lineColorSpace='rgb', lineRGB=array([-1, -1, -1]), lineWidth=1.5, name='unnamed ShapeStim', opacity=1.0, ori=0.0, pos=array([0., 0.]), size=array([1., 1.]), units='norm', vertices=ndarray(...), win=Window(...), windingRule=None)
50.1463 	EXP 	Sound  set volume 1.000
50.1732 	EXP 	unnamed ShapeStim: vertices = <class 'numpy.ndarray'>
50.1732 	EXP 	unnamed ShapeStim: vertices = <class 'numpy.ndarray'>
50.1732 	EXP 	unnamed ShapeStim: vertices = <class 'numpy.ndarray'>
58.3003 	DATA 	Keypress: rctrl
59.3082 	DATA 	Keypress: rctrl
62.6042 	DATA 	Keypress: rctrl
62.6335 	EXP 	unnamed TextStim: text = ''
62.6335 	EXP 	unnamed TextStim: text = ''
64.9350 	DATA 	Keypress: 4
64.9516 	EXP 	unnamed ShapeStim: vertices = <class 'numpy.ndarray'>
68.0603 	DATA 	Keypress: rctrl
68.0879 	EXP 	unnamed TextStim: text = ''
68.0879 	EXP 	unnamed TextStim: text = ''
76.3110 	DATA 	Keypress: 4
76.3276 	EXP 	unnamed ShapeStim: vertices = <class 'numpy.ndarray'>
79.0203 	DATA 	Keypress: rctrl
79.0469 	EXP 	unnamed TextStim: text = ''
79.0469 	EXP 	unnamed TextStim: text = ''
82.2696 	DATA 	Keypress: 4
82.2991 	EXP 	unnamed ShapeStim: vertices = <class 'numpy.ndarray'>
86.0602 	DATA 	Keypress: rctrl
88.4443 	DATA 	Keypress: rctrl
93.3403 	DATA 	Keypress: lctrl
93.8593 	EXP 	Sound  started
94.3484 	DATA 	Keypress: rctrl
94.6092 	EXP 	Sound  started
95.0202 	DATA 	Keypress: rctrl
95.3592 	EXP 	Sound  started
95.6282 	DATA 	Keypress: rctrl
96.1092 	EXP 	Sound  started
96.3162 	DATA 	Keypress: lctrl
96.8592 	EXP 	Sound  started
97.0042 	DATA 	Keypress: rctrl
97.6092 	EXP 	Sound  started
97.6602 	DATA 	Keypress: rctrl
98.3592 	EXP 	Sound  started
98.4601 	DATA 	Keypress: lctrl
99.1092 	EXP 	Sound  started
99.2763 	DATA 	Keypress: lctrl
99.8592 	EXP 	Sound  started
99.9323 	DATA 	Keypress: lctrl
100.5561 	DATA 	Keypress: lctrl
100.6093 	EXP 	Sound  started
101.3562 	DATA 	Keypress: rctrl
101.3593 	EXP 	Sound  started
102.0281 	DATA 	Keypress: rctrl
102.1093 	EXP 	Sound  started
102.8593 	EXP 	Sound  started
102.8601 	DATA 	Keypress: rctrl
103.5962 	DATA 	Keypress: lctrl
103.6093 	EXP 	Sound  started
104.3593 	EXP 	Sound  started
104.3802 	DATA 	Keypress: rctrl
105.0842 	DATA 	Keypress: rctrl
105.1094 	EXP 	Sound  started
105.8201 	DATA 	Keypress: lctrl
105.8594 	EXP 	Sound  started
106.6094 	EXP 	Sound  started
106.6522 	DATA 	Keypress: rctrl
107.3594 	EXP 	Sound  started
107.4362 	DATA 	Keypress: rctrl
108.1094 	EXP 	Sound  started
108.1883 	DATA 	Keypress: lctrl
108.8442 	DATA 	Keypress: lctrl
108.8594 	EXP 	Sound  started
109.6094 	EXP 	Sound  started
109.6762 	DATA 	Keypress: rctrl
110.3595 	EXP 	Sound  started
110.4762 	DATA 	Keypress: rctrl
111.0362 	DATA 	Keypress: rctrl
111.1095 	EXP 	Sound  started
111.7403 	DATA 	Keypress: rctrl
111.8595 	EXP 	Sound  started
112.5882 	DATA 	Keypress: lctrl
112.6095 	EXP 	Sound  started
113.3595 	EXP 	Sound  started
113.4042 	DATA 	Keypress: lctrl
114.1095 	EXP 	Sound  started
114.2041 	DATA 	Keypress: rctrl
114.8442 	DATA 	Keypress: lctrl
114.8595 	EXP 	Sound  started
115.5802 	DATA 	Keypress: lctrl
115.6095 	EXP 	Sound  started
116.3595 	EXP 	Sound  started
116.3803 	DATA 	Keypress: rctrl
117.0523 	DATA 	Keypress: rctrl
117.1096 	EXP 	Sound  started
117.8203 	DATA 	Keypress: lctrl
117.8596 	EXP 	Sound  started
118.5562 	DATA 	Keypress: lctrl
118.6096 	EXP 	Sound  started
119.3242 	DATA 	Keypress: lctrl
119.3596 	EXP 	Sound  started
120.0762 	DATA 	Keypress: lctrl
120.1096 	EXP 	Sound  started
120.8596 	EXP 	Sound  started
121.6096 	EXP 	Sound  started
121.7083 	DATA 	Keypress: rctrl
122.3597 	EXP 	Sound  started
122.4601 	DATA 	Keypress: lctrl
123.1097 	EXP 	Sound  started
123.2122 	DATA 	Keypress: rctrl
123.8597 	EXP 	Sound  started
123.9002 	DATA 	Keypress: rctrl
124.5882 	DATA 	Keypress: rctrl
124.6097 	EXP 	Sound  started
125.3402 	DATA 	Keypress: lctrl
125.3597 	EXP 	Sound  started
126.0601 	DATA 	Keypress: lctrl
126.1097 	EXP 	Sound  started
126.8283 	DATA 	Keypress: rctrl
126.8598 	EXP 	Sound  started
127.6098 	EXP 	Sound  started
127.6123 	DATA 	Keypress: rctrl
128.3162 	DATA 	Keypress: lctrl
128.3598 	EXP 	Sound  started
129.1098 	EXP 	Sound  started
129.1483 	DATA 	Keypress: rctrl
129.8522 	DATA 	Keypress: lctrl
129.8598 	EXP 	Sound  started
130.5402 	DATA 	Keypress: lctrl
130.6098 	EXP 	Sound  started
131.3562 	DATA 	Keypress: rctrl
131.3598 	EXP 	Sound  started
132.1098 	EXP 	Sound  started
132.1242 	DATA 	Keypress: lctrl
132.8282 	DATA 	Keypress: rctrl
132.8599 	EXP 	Sound  started
133.5642 	DATA 	Keypress: rctrl
133.6099 	EXP 	Sound  started
134.3599 	EXP 	Sound  started
134.4122 	DATA 	Keypress: rctrl
135.1099 	EXP 	Sound  started
135.1162 	DATA 	Keypress: lctrl
135.8522 	DATA 	Keypress: lctrl
135.8599 	EXP 	Sound  started
136.5881 	DATA 	Keypress: rctrl
136.6099 	EXP 	Sound  started
137.3599 	EXP 	Sound  started
137.3722 	DATA 	Keypress: lctrl
138.0602 	DATA 	Keypress: lctrl
138.1100 	EXP 	Sound  started
138.8600 	EXP 	Sound  started
138.8603 	DATA 	Keypress: lctrl
139.6100 	EXP 	Sound  started
139.6282 	DATA 	Keypress: lctrl
140.3600 	EXP 	Sound  started
140.4282 	DATA 	Keypress: rctrl
141.1003 	DATA 	Keypress: rctrl
141.1100 	EXP 	Sound  started
141.8600 	EXP 	Sound  started
141.8842 	DATA 	Keypress: lctrl
142.6100 	EXP 	Sound  started
142.6202 	DATA 	Keypress: lctrl
143.3402 	DATA 	Keypress: rctrl
143.3601 	EXP 	Sound  started
144.1101 	EXP 	Sound  started
144.8601 	EXP 	Sound  started
144.8762 	DATA 	Keypress: lctrl
145.5482 	DATA 	Keypress: lctrl
145.6101 	EXP 	Sound  started
146.2362 	DATA 	Keypress: lctrl
146.3601 	EXP 	Sound  started
147.1101 	EXP 	Sound  started
147.1962 	DATA 	Keypress: rctrl
147.8601 	EXP 	Sound  started
148.5562 	DATA 	Keypress: lctrl
148.6102 	EXP 	Sound  started
149.3562 	DATA 	Keypress: lctrl
149.3602 	EXP 	Sound  started
150.0762 	DATA 	Keypress: lctrl
150.1102 	EXP 	Sound  started
150.7802 	DATA 	Keypress: rctrl
150.8602 	EXP 	Sound  started
151.5323 	DATA 	Keypress: rctrl
151.6102 	EXP 	Sound  started
152.3482 	DATA 	Keypress: lctrl
167.0058 	DATA 	Keypress: 3
167.0353 	EXP 	unnamed ShapeStim: vertices = <class 'numpy.ndarray'>
173.4907 	DATA 	Keypress: 3
173.5073 	EXP 	unnamed ShapeStim: vertices = <class 'numpy.ndarray'>
179.8293 	DATA 	Keypress: 3
179.8458 	EXP 	unnamed ShapeStim: vertices = <class 'numpy.ndarray'>
182.1306 	EXP 	Sound  started
182.8804 	EXP 	Sound  started
183.6304 	EXP 	Sound  started
184.3804 	EXP 	Sound  started
185.1305 	EXP 	Sound  started
185.8805 	EXP 	Sound  started
186.6305 	EXP 	Sound  started
187.3805 	EXP 	Sound  started
188.1305 	EXP 	Sound  started
188.8805 	EXP 	Sound  started
189.6305 	EXP 	Sound  started
190.0443 	DATA 	Keypress: rctrl
190.3806 	EXP 	Sound  started
190.6202 	DATA 	Keypress: rctrl
191.1163 	DATA 	Keypress: lctrl
191.1306 	EXP 	Sound  started
191.7562 	DATA 	Keypress: lctrl
191.8806 	EXP 	Sound  started
192.4442 	DATA 	Keypress: rctrl
192.6306 	EXP 	Sound  started
193.3722 	DATA 	Keypress: rctrl
193.3806 	EXP 	Sound  started
194.1306 	EXP 	Sound  started
194.1723 	DATA 	Keypress: lctrl
194.8443 	DATA 	Keypress: lctrl
194.8806 	EXP 	Sound  started
195.6283 	DATA 	Keypress: lctrl
195.6307 	EXP 	Sound  started
196.3807 	EXP 	Sound  started
196.4603 	DATA 	Keypress: rctrl
197.0682 	DATA 	Keypress: rctrl
197.1307 	EXP 	Sound  started
197.8203 	DATA 	Keypress: rctrl
197.8807 	EXP 	Sound  started
198.5722 	DATA 	Keypress: lctrl
198.6307 	EXP 	Sound  started
199.2602 	DATA 	Keypress: rctrl
199.3807 	EXP 	Sound  started
200.0282 	DATA 	Keypress: rctrl
200.1307 	EXP 	Sound  started
200.7963 	DATA 	Keypress: rctrl
200.8807 	EXP 	Sound  started
201.5962 	DATA 	Keypress: lctrl
201.6308 	EXP 	Sound  started
202.3483 	DATA 	Keypress: rctrl
202.3808 	EXP 	Sound  started
203.0682 	DATA 	Keypress: lctrl
203.1308 	EXP 	Sound  started
203.7883 	DATA 	Keypress: lctrl
203.8808 	EXP 	Sound  started
204.6042 	DATA 	Keypress: lctrl
204.6308 	EXP 	Sound  started
205.3562 	DATA 	Keypress: lctrl
205.3808 	EXP 	Sound  started
206.1243 	DATA 	Keypress: rctrl
206.1308 	EXP 	Sound  started
206.8762 	DATA 	Keypress: rctrl
206.8808 	EXP 	Sound  started
207.5802 	DATA 	Keypress: lctrl
207.6309 	EXP 	Sound  started
208.3163 	DATA 	Keypress: rctrl
208.3809 	EXP 	Sound  started
209.0522 	DATA 	Keypress: rctrl
209.1309 	EXP 	Sound  started
209.8202 	DATA 	Keypress: rctrl
209.8809 	EXP 	Sound  started
210.5083 	DATA 	Keypress: rctrl
210.6309 	EXP 	Sound  started
211.2122 	DATA 	Keypress: rctrl
211.3809 	EXP 	Sound  started
212.0123 	DATA 	Keypress: lctrl
212.1309 	EXP 	Sound  started
212.7162 	DATA 	Keypress: lctrl
212.8809 	EXP 	Sound  started
213.5642 	DATA 	Keypress: rctrl
213.6310 	EXP 	Sound  started
214.2844 	DATA 	Keypress: lctrl
214.3810 	EXP 	Sound  started
214.9562 	DATA 	Keypress: lctrl
215.1310 	EXP 	Sound  started
215.8810 	EXP 	Sound  started
215.9482 	DATA 	Keypress: lctrl
216.6310 	EXP 	Sound  started
216.8283 	DATA 	Keypress: lctrl
217.3810 	EXP 	Sound  started
217.5163 	DATA 	Keypress: rctrl
218.1310 	EXP 	Sound  started
218.1882 	DATA 	Keypress: rctrl
218.8810 	EXP 	Sound  started
219.0202 	DATA 	Keypress: rctrl
219.6311 	EXP 	Sound  started
219.7243 	DATA 	Keypress: rctrl
220.3322 	DATA 	Keypress: lctrl
220.3811 	EXP 	Sound  started
221.1311 	EXP 	Sound  started
221.1483 	DATA 	Keypress: rctrl
221.8811 	EXP 	Sound  started
221.9643 	DATA 	Keypress: rctrl
222.6311 	EXP 	Sound  started
222.7483 	DATA 	Keypress: rctrl
223.3563 	DATA 	Keypress: lctrl
223.3811 	EXP 	Sound  started
224.0763 	DATA 	Keypress: lctrl
224.1312 	EXP 	Sound  started
224.8812 	EXP 	Sound  started
224.8923 	DATA 	Keypress: lctrl
225.6312 	EXP 	Sound  started
225.6603 	DATA 	Keypress: lctrl
226.3812 	EXP 	Sound  started
226.4123 	DATA 	Keypress: rctrl
227.1312 	EXP 	Sound  started
227.2122 	DATA 	Keypress: rctrl
227.8682 	DATA 	Keypress: lctrl
227.8812 	EXP 	Sound  started
228.6312 	EXP 	Sound  started
228.7322 	DATA 	Keypress: lctrl
229.3723 	DATA 	Keypress: rctrl
229.3812 	EXP 	Sound  started
230.1242 	DATA 	Keypress: rctrl
230.1313 	EXP 	Sound  started
230.8762 	DATA 	Keypress: rctrl
230.8813 	EXP 	Sound  started
231.6313 	EXP 	Sound  started
231.6764 	DATA 	Keypress: rctrl
232.3802 	DATA 	Keypress: lctrl
232.3813 	EXP 	Sound  started
233.1313 	EXP 	Sound  started
233.1484 	DATA 	Keypress: lctrl
233.8813 	EXP 	Sound  started
234.6313 	EXP 	Sound  started
235.3814 	EXP 	Sound  started
235.4043 	DATA 	Keypress: rctrl
236.0762 	DATA 	Keypress: lctrl
236.1314 	EXP 	Sound  started
236.7643 	DATA 	Keypress: lctrl
236.8814 	EXP 	Sound  started
237.6123 	DATA 	Keypress: lctrl
237.6314 	EXP 	Sound  started
238.3644 	DATA 	Keypress: lctrl
238.3814 	EXP 	Sound  started
239.0844 	DATA 	Keypress: rctrl
239.1314 	EXP 	Sound  started
239.8814 	EXP 	Sound  started
239.8843 	DATA 	Keypress: lctrl
240.6315 	EXP 	Sound  started
240.6683 	DATA 	Keypress: rctrl
241.3815 	EXP 	Sound  started
241.4363 	DATA 	Keypress: rctrl
242.1315 	EXP 	Sound  started
242.1402 	DATA 	Keypress: lctrl
242.8815 	EXP 	Sound  started
242.8923 	DATA 	Keypress: rctrl
243.6315 	EXP 	Sound  started
243.6603 	DATA 	Keypress: rctrl
244.3323 	DATA 	Keypress: rctrl
244.3815 	EXP 	Sound  started
245.1315 	EXP 	Sound  started
245.1323 	DATA 	Keypress: rctrl
245.8815 	EXP 	Sound  started
245.8844 	DATA 	Keypress: lctrl
246.6203 	DATA 	Keypress: lctrl
253.5564 	DATA 	Keypress: 3
253.5729 	EXP 	unnamed ShapeStim: vertices = <class 'numpy.ndarray'>
259.5447 	DATA 	Keypress: 2
259.5612 	EXP 	unnamed ShapeStim: vertices = <class 'numpy.ndarray'>
271.0207 	DATA 	Keypress: 2
271.0373 	EXP 	unnamed ShapeStim: vertices = <class 'numpy.ndarray'>
273.3222 	EXP 	Sound  started
274.0720 	EXP 	Sound  started
274.3004 	DATA 	Keypress: rctrl
274.7803 	DATA 	Keypress: rctrl
274.8220 	EXP 	Sound  started
275.5721 	EXP 	Sound  started
275.6124 	DATA 	Keypress: lctrl
276.3221 	EXP 	Sound  started
276.3964 	DATA 	Keypress: lctrl
277.0721 	EXP 	Sound  started
277.1484 	DATA 	Keypress: rctrl
277.7723 	DATA 	Keypress: rctrl
277.8221 	EXP 	Sound  started
278.5403 	DATA 	Keypress: lctrl
278.5721 	EXP 	Sound  started
279.2764 	DATA 	Keypress: lctrl
279.3221 	EXP 	Sound  started
280.0603 	DATA 	Keypress: rctrl
280.0721 	EXP 	Sound  started
280.7964 	DATA 	Keypress: rctrl
280.8222 	EXP 	Sound  started
281.5323 	DATA 	Keypress: rctrl
281.5722 	EXP 	Sound  started
282.3005 	DATA 	Keypress: lctrl
282.3222 	EXP 	Sound  started
283.0524 	DATA 	Keypress: rctrl
283.0722 	EXP 	Sound  started
283.8222 	EXP 	Sound  started
283.8365 	DATA 	Keypress: rctrl
284.5724 	DATA 	Keypress: rctrl
284.5725 	EXP 	Sound  started
285.3225 	EXP 	Sound  started
285.3563 	DATA 	Keypress: rctrl
285.9963 	DATA 	Keypress: lctrl
286.0725 	EXP 	Sound  started
286.8225 	EXP 	Sound  started
286.8284 	DATA 	Keypress: lctrl
287.5725 	EXP 	Sound  started
287.6124 	DATA 	Keypress: rctrl
288.3226 	EXP 	Sound  started
288.3803 	DATA 	Keypress: lctrl
289.0726 	EXP 	Sound  started
289.1483 	DATA 	Keypress: lctrl
289.8226 	EXP 	Sound  started
289.8843 	DATA 	Keypress: lctrl
290.5726 	EXP 	Sound  started
290.6364 	DATA 	Keypress: lctrl
291.2924 	DATA 	Keypress: rctrl
291.3226 	EXP 	Sound  started
292.0726 	EXP 	Sound  started
292.0923 	DATA 	Keypress: rctrl
292.8226 	EXP 	Sound  started
292.8443 	DATA 	Keypress: lctrl
293.5324 	DATA 	Keypress: rctrl
293.5727 	EXP 	Sound  started
294.3164 	DATA 	Keypress: rctrl
294.3227 	EXP 	Sound  started
295.0524 	DATA 	Keypress: rctrl
295.0727 	EXP 	Sound  started
295.8044 	DATA 	Keypress: rctrl
295.8227 	EXP 	Sound  started
296.5083 	DATA 	Keypress: lctrl
296.5727 	EXP 	Sound  started
297.2443 	DATA 	Keypress: lctrl
297.3227 	EXP 	Sound  started
298.0444 	DATA 	Keypress: rctrl
298.0728 	EXP 	Sound  started
298.7803 	DATA 	Keypress: rctrl
298.8228 	EXP 	Sound  started
299.5163 	DATA 	Keypress: lctrl
299.5728 	EXP 	Sound  started
300.2843 	DATA 	Keypress: lctrl
300.3228 	EXP 	Sound  started
301.0043 	DATA 	Keypress: lctrl
301.0728 	EXP 	Sound  started
301.8204 	DATA 	Keypress: lctrl
301.8228 	EXP 	Sound  started
302.5728 	EXP 	Sound  started
302.6363 	DATA 	Keypress: rctrl
303.3228 	EXP 	Sound  started
303.3883 	DATA 	Keypress: rctrl
304.0603 	DATA 	Keypress: lctrl
304.0728 	EXP 	Sound  started
304.8123 	DATA 	Keypress: lctrl
304.8229 	EXP 	Sound  started
305.5644 	DATA 	Keypress: rctrl
305.5729 	EXP 	Sound  started
306.3164 	DATA 	Keypress: rctrl
306.3229 	EXP 	Sound  started
307.0729 	EXP 	Sound  started
307.1004 	DATA 	Keypress: rctrl
307.8204 	DATA 	Keypress: lctrl
307.8229 	EXP 	Sound  started
308.5724 	DATA 	Keypress: lctrl
308.5729 	EXP 	Sound  started
309.3083 	DATA 	Keypress: rctrl
309.3229 	EXP 	Sound  started
310.0443 	DATA 	Keypress: rctrl
310.0730 	EXP 	Sound  started
310.7804 	DATA 	Keypress: rctrl
310.8230 	EXP 	Sound  started
311.5483 	DATA 	Keypress: rctrl
311.5730 	EXP 	Sound  started
312.2843 	DATA 	Keypress: lctrl
312.3230 	EXP 	Sound  started
313.0730 	EXP 	Sound  started
313.0843 	DATA 	Keypress: lctrl
313.8230 	EXP 	Sound  started
313.8363 	DATA 	Keypress: rctrl
314.5403 	DATA 	Keypress: rctrl
314.5730 	EXP 	Sound  started
315.3231 	EXP 	Sound  started
315.3404 	DATA 	Keypress: rctrl
316.0443 	DATA 	Keypress: rctrl
316.0731 	EXP 	Sound  started
316.8231 	EXP 	Sound  started
316.8285 	DATA 	Keypress: lctrl
317.5643 	DATA 	Keypress: rctrl
317.5731 	EXP 	Sound  started
318.3003 	DATA 	Keypress: rctrl
318.3231 	EXP 	Sound  started
319.0731 	EXP 	Sound  started
319.8613 	DATA 	Keypress: lctrl
323.1171 	DATA 	Keypress: 3
323.1467 	EXP 	unnamed ShapeStim: vertices = <class 'numpy.ndarray'>
328.0175 	DATA 	Keypress: 4
328.0340 	EXP 	unnamed ShapeStim: vertices = <class 'numpy.ndarray'>
331.3035 	DATA 	Keypress: 3
331.3200 	EXP 	unnamed ShapeStim: vertices = <class 'numpy.ndarray'>
333.6045 	EXP 	Sound  started
333.8685 	DATA 	Keypress: rctrl
334.3543 	EXP 	Sound  started
334.4603 	DATA 	Keypress: rctrl
335.0844 	DATA 	Keypress: rctrl
335.1043 	EXP 	Sound  started
335.8044 	DATA 	Keypress: lctrl
335.8544 	EXP 	Sound  started
336.6044 	EXP 	Sound  started
336.6683 	DATA 	Keypress: lctrl
337.3544 	EXP 	Sound  started
337.3565 	DATA 	Keypress: rctrl
338.0603 	DATA 	Keypress: rctrl
338.1044 	EXP 	Sound  started
338.7963 	DATA 	Keypress: lctrl
338.8544 	EXP 	Sound  started
339.5964 	DATA 	Keypress: rctrl
339.6044 	EXP 	Sound  started
340.2684 	DATA 	Keypress: rctrl
340.3544 	EXP 	Sound  started
341.0043 	DATA 	Keypress: rctrl
341.1045 	EXP 	Sound  started
341.7404 	DATA 	Keypress: lctrl
341.8545 	EXP 	Sound  started
342.4765 	DATA 	Keypress: lctrl
342.6045 	EXP 	Sound  started
343.2604 	DATA 	Keypress: rctrl
343.3545 	EXP 	Sound  started
344.1045 	EXP 	Sound  started
344.1244 	DATA 	Keypress: rctrl
344.8545 	EXP 	Sound  started
344.9244 	DATA 	Keypress: rctrl
345.5964 	DATA 	Keypress: rctrl
345.6045 	EXP 	Sound  started
346.3484 	DATA 	Keypress: rctrl
346.3546 	EXP 	Sound  started
347.0684 	DATA 	Keypress: rctrl
347.1046 	EXP 	Sound  started
347.7404 	DATA 	Keypress: lctrl
347.8546 	EXP 	Sound  started
348.5564 	DATA 	Keypress: lctrl
348.6046 	EXP 	Sound  started
349.3084 	DATA 	Keypress: lctrl
349.3546 	EXP 	Sound  started
350.1047 	EXP 	Sound  started
350.1564 	DATA 	Keypress: rctrl
350.8444 	DATA 	Keypress: rctrl
350.8547 	EXP 	Sound  started
351.5483 	DATA 	Keypress: lctrl
351.6047 	EXP 	Sound  started
352.3327 	DATA 	Keypress: lctrl
352.3547 	EXP 	Sound  started
353.0365 	DATA 	Keypress: lctrl
353.1047 	EXP 	Sound  started
353.8547 	EXP 	Sound  started
353.8843 	DATA 	Keypress: rctrl
354.6047 	EXP 	Sound  started
354.6363 	DATA 	Keypress: rctrl
355.3547 	EXP 	Sound  started
355.3564 	DATA 	Keypress: rctrl
356.1047 	EXP 	Sound  started
356.1245 	DATA 	Keypress: rctrl
356.8548 	EXP 	Sound  started
356.8765 	DATA 	Keypress: lctrl
357.5805 	DATA 	Keypress: lctrl
357.6048 	EXP 	Sound  started
358.3324 	DATA 	Keypress: lctrl
358.3548 	EXP 	Sound  started
359.1048 	EXP 	Sound  started
359.1324 	DATA 	Keypress: rctrl
359.8524 	DATA 	Keypress: rctrl
359.8548 	EXP 	Sound  started
360.5883 	DATA 	Keypress: lctrl
360.6048 	EXP 	Sound  started
361.2764 	DATA 	Keypress: lctrl
361.3548 	EXP 	Sound  started
362.0604 	DATA 	Keypress: lctrl
362.1048 	EXP 	Sound  started
362.8549 	EXP 	Sound  started
362.8603 	DATA 	Keypress: lctrl
363.6049 	EXP 	Sound  started
363.6444 	DATA 	Keypress: rctrl
364.2844 	DATA 	Keypress: rctrl
364.3549 	EXP 	Sound  started
365.0524 	DATA 	Keypress: rctrl
365.1049 	EXP 	Sound  started
365.8549 	EXP 	Sound  started
365.8684 	DATA 	Keypress: lctrl
366.5563 	DATA 	Keypress: lctrl
366.6049 	EXP 	Sound  started
367.3244 	DATA 	Keypress: rctrl
367.3549 	EXP 	Sound  started
368.1050 	EXP 	Sound  started
368.1245 	DATA 	Keypress: rctrl
368.7644 	DATA 	Keypress: rctrl
368.8550 	EXP 	Sound  started
369.5963 	DATA 	Keypress: rctrl
369.6050 	EXP 	Sound  started
370.3485 	DATA 	Keypress: lctrl
370.3550 	EXP 	Sound  started
371.1004 	DATA 	Keypress: lctrl
371.1050 	EXP 	Sound  started
371.8364 	DATA 	Keypress: rctrl
371.8550 	EXP 	Sound  started
372.5884 	DATA 	Keypress: rctrl
372.6051 	EXP 	Sound  started
373.3551 	EXP 	Sound  started
373.3564 	DATA 	Keypress: lctrl
374.1051 	EXP 	Sound  started
374.1563 	DATA 	Keypress: lctrl
374.7804 	DATA 	Keypress: lctrl
374.8551 	EXP 	Sound  started
375.6051 	EXP 	Sound  started
375.6284 	DATA 	Keypress: rctrl
376.3551 	EXP 	Sound  started
376.3644 	DATA 	Keypress: rctrl
377.1051 	EXP 	Sound  started
377.1164 	DATA 	Keypress: rctrl
377.8552 	EXP 	Sound  started
377.9004 	DATA 	Keypress: lctrl
378.6052 	EXP 	Sound  started
378.6684 	DATA 	Keypress: rctrl
379.3552 	EXP 	Sound  started
379.3884 	DATA 	Keypress: rctrl
380.0444 	DATA 	Keypress: rctrl
380.1052 	EXP 	Sound  started
380.7964 	DATA 	Keypress: rctrl
380.8552 	EXP 	Sound  started
381.6052 	EXP 	Sound  started
381.6285 	DATA 	Keypress: rctrl
382.3552 	EXP 	Sound  started
382.3805 	DATA 	Keypress: lctrl
383.1052 	EXP 	Sound  started
383.1165 	DATA 	Keypress: lctrl
383.8552 	EXP 	Sound  started
383.9004 	DATA 	Keypress: rctrl
384.6053 	EXP 	Sound  started
384.7644 	DATA 	Keypress: rctrl
385.3553 	EXP 	Sound  started
385.4044 	DATA 	Keypress: rctrl
386.0124 	DATA 	Keypress: lctrl
386.1053 	EXP 	Sound  started
386.7804 	DATA 	Keypress: lctrl
386.8553 	EXP 	Sound  started
387.5324 	DATA 	Keypress: lctrl
387.6053 	EXP 	Sound  started
388.3164 	DATA 	Keypress: rctrl
388.3553 	EXP 	Sound  started
389.0684 	DATA 	Keypress: rctrl
389.1053 	EXP 	Sound  started
389.8044 	DATA 	Keypress: rctrl
389.8553 	EXP 	Sound  started
390.5884 	DATA 	Keypress: rctrl
390.6054 	EXP 	Sound  started
391.3554 	EXP 	Sound  started
391.3564 	DATA 	Keypress: rctrl
392.0124 	DATA 	Keypress: lctrl
392.1054 	EXP 	Sound  started
392.8124 	DATA 	Keypress: lctrl
392.8554 	EXP 	Sound  started
393.6054 	EXP 	Sound  started
393.6444 	DATA 	Keypress: rctrl
394.3554 	EXP 	Sound  started
394.3964 	DATA 	Keypress: rctrl
395.0844 	DATA 	Keypress: lctrl
395.1054 	EXP 	Sound  started
395.7884 	DATA 	Keypress: lctrl
395.8554 	EXP 	Sound  started
396.5404 	DATA 	Keypress: lctrl
396.6055 	EXP 	Sound  started
397.3084 	DATA 	Keypress: lctrl
397.3555 	EXP 	Sound  started
398.1055 	EXP 	Sound  started
398.1244 	DATA 	Keypress: rctrl
398.8124 	DATA 	Keypress: rctrl
401.1274 	DATA 	Keypress: 4
401.1440 	EXP 	unnamed ShapeStim: vertices = <class 'numpy.ndarray'>
407.6161 	DATA 	Keypress: 3
407.6326 	EXP 	unnamed ShapeStim: vertices = <class 'numpy.ndarray'>
414.3716 	DATA 	Keypress: 4
414.3882 	EXP 	unnamed ShapeStim: vertices = <class 'numpy.ndarray'>
416.6733 	EXP 	Sound  started
416.9886 	DATA 	Keypress: rctrl
417.4207 	DATA 	Keypress: rctrl
417.4231 	EXP 	Sound  started
418.1731 	EXP 	Sound  started
418.1885 	DATA 	Keypress: lctrl
418.9231 	EXP 	Sound  started
419.0524 	DATA 	Keypress: lctrl
419.6732 	EXP 	Sound  started
419.7084 	DATA 	Keypress: rctrl
420.3964 	DATA 	Keypress: rctrl
420.4232 	EXP 	Sound  started
421.1732 	EXP 	Sound  started
421.1806 	DATA 	Keypress: rctrl
421.9165 	DATA 	Keypress: lctrl
421.9232 	EXP 	Sound  started
422.6525 	DATA 	Keypress: rctrl
422.6732 	EXP 	Sound  started
423.4205 	DATA 	Keypress: rctrl
423.4232 	EXP 	Sound  started
424.1564 	DATA 	Keypress: rctrl
424.1732 	EXP 	Sound  started
424.8604 	DATA 	Keypress: lctrl
424.9232 	EXP 	Sound  started
425.6124 	DATA 	Keypress: rctrl
425.6733 	EXP 	Sound  started
426.3485 	DATA 	Keypress: rctrl
426.4233 	EXP 	Sound  started
427.1733 	EXP 	Sound  started
427.1804 	DATA 	Keypress: lctrl
427.9233 	EXP 	Sound  started
427.9965 	DATA 	Keypress: rctrl
428.6733 	EXP 	Sound  started
428.7325 	DATA 	Keypress: rctrl
429.3884 	DATA 	Keypress: rctrl
429.4233 	EXP 	Sound  started
430.1725 	DATA 	Keypress: rctrl
430.1733 	EXP 	Sound  started
430.9234 	EXP 	Sound  started
430.9244 	DATA 	Keypress: lctrl
431.6445 	DATA 	Keypress: lctrl
431.6734 	EXP 	Sound  started
432.4234 	EXP 	Sound  started
432.4284 	DATA 	Keypress: lctrl
433.1734 	EXP 	Sound  started
433.1804 	DATA 	Keypress: rctrl
433.9004 	DATA 	Keypress: rctrl
433.9234 	EXP 	Sound  started
434.6734 	EXP 	Sound  started
434.6844 	DATA 	Keypress: lctrl
435.3884 	DATA 	Keypress: lctrl
435.4234 	EXP 	Sound  started
436.1244 	DATA 	Keypress: lctrl
436.1735 	EXP 	Sound  started
436.8925 	DATA 	Keypress: lctrl
436.9235 	EXP 	Sound  started
437.6124 	DATA 	Keypress: rctrl
437.6735 	EXP 	Sound  started
438.3804 	DATA 	Keypress: rctrl
438.4235 	EXP 	Sound  started
439.1484 	DATA 	Keypress: rctrl
439.1735 	EXP 	Sound  started
439.8845 	DATA 	Keypress: rctrl
439.9235 	EXP 	Sound  started
440.6735 	EXP 	Sound  started
440.6844 	DATA 	Keypress: rctrl
441.3885 	DATA 	Keypress: lctrl
441.4235 	EXP 	Sound  started
442.0764 	DATA 	Keypress: lctrl
442.1736 	EXP 	Sound  started
442.8925 	DATA 	Keypress: rctrl
442.9236 	EXP 	Sound  started
443.6285 	DATA 	Keypress: rctrl
443.6736 	EXP 	Sound  started
444.3964 	DATA 	Keypress: rctrl
444.4236 	EXP 	Sound  started
445.1736 	EXP 	Sound  started
445.1965 	DATA 	Keypress: lctrl
445.9004 	DATA 	Keypress: lctrl
445.9236 	EXP 	Sound  started
446.6685 	DATA 	Keypress: lctrl
446.6736 	EXP 	Sound  started
447.3885 	DATA 	Keypress: rctrl
447.4236 	EXP 	Sound  started
448.1737 	EXP 	Sound  started
448.1885 	DATA 	Keypress: lctrl
448.9085 	DATA 	Keypress: lctrl
448.9237 	EXP 	Sound  started
449.6737 	EXP 	Sound  started
449.7084 	DATA 	Keypress: rctrl
450.4237 	EXP 	Sound  started
451.1484 	DATA 	Keypress: lctrl
451.1737 	EXP 	Sound  started
451.9237 	EXP 	Sound  started
451.9645 	DATA 	Keypress: rctrl
452.6737 	EXP 	Sound  started
452.7485 	DATA 	Keypress: rctrl
453.4237 	EXP 	Sound  started
453.5485 	DATA 	Keypress: rctrl
454.1738 	EXP 	Sound  started
454.2525 	DATA 	Keypress: lctrl
454.9238 	EXP 	Sound  started
454.9884 	DATA 	Keypress: lctrl
455.6738 	EXP 	Sound  started
456.4238 	EXP 	Sound  started
456.4445 	DATA 	Keypress: rctrl
457.1738 	EXP 	Sound  started
457.1966 	DATA 	Keypress: rctrl
457.9238 	EXP 	Sound  started
457.9484 	DATA 	Keypress: rctrl
458.6738 	EXP 	Sound  started
458.6845 	DATA 	Keypress: lctrl
459.4238 	EXP 	Sound  started
459.4366 	DATA 	Keypress: lctrl
460.1739 	EXP 	Sound  started
460.9239 	EXP 	Sound  started
460.9565 	DATA 	Keypress: rctrl
461.6605 	DATA 	Keypress: rctrl
461.6739 	EXP 	Sound  started
462.3964 	DATA 	Keypress: lctrl
462.4239 	EXP 	Sound  started
463.1739 	EXP 	Sound  started
463.9239 	EXP 	Sound  started
464.6685 	DATA 	Keypress: rctrl
464.6739 	EXP 	Sound  started
465.4205 	DATA 	Keypress: lctrl
465.4240 	EXP 	Sound  started
466.1740 	EXP 	Sound  started
466.2044 	DATA 	Keypress: lctrl
466.9240 	EXP 	Sound  started
467.6740 	EXP 	Sound  started
467.6926 	DATA 	Keypress: rctrl
468.3805 	DATA 	Keypress: rctrl
468.4240 	EXP 	Sound  started
469.1326 	DATA 	Keypress: rctrl
469.1740 	EXP 	Sound  started
469.9240 	EXP 	Sound  started
469.9325 	DATA 	Keypress: rctrl
470.6741 	EXP 	Sound  started
470.7326 	DATA 	Keypress: rctrl
471.4241 	EXP 	Sound  started
471.4525 	DATA 	Keypress: lctrl
472.1741 	EXP 	Sound  started
472.2045 	DATA 	Keypress: lctrl
472.9241 	EXP 	Sound  started
473.0525 	DATA 	Keypress: lctrl
473.6741 	EXP 	Sound  started
473.7885 	DATA 	Keypress: rctrl
474.4241 	EXP 	Sound  started
474.4766 	DATA 	Keypress: rctrl
475.1741 	EXP 	Sound  started
475.2125 	DATA 	Keypress: lctrl
475.9165 	DATA 	Keypress: lctrl
482.1772 	DATA 	Keypress: 3
482.1938 	EXP 	unnamed ShapeStim: vertices = <class 'numpy.ndarray'>
492.4023 	DATA 	Keypress: 3
492.4188 	EXP 	unnamed ShapeStim: vertices = <class 'numpy.ndarray'>
497.7104 	DATA 	Keypress: 2
497.7399 	EXP 	unnamed ShapeStim: vertices = <class 'numpy.ndarray'>
500.0248 	EXP 	Sound  started
500.2206 	DATA 	Keypress: rctrl
500.7646 	DATA 	Keypress: rctrl
500.7746 	EXP 	Sound  started
501.5165 	DATA 	Keypress: lctrl
501.5247 	EXP 	Sound  started
502.2045 	DATA 	Keypress: rctrl
502.2747 	EXP 	Sound  started
503.0046 	DATA 	Keypress: rctrl
503.0247 	EXP 	Sound  started
503.7405 	DATA 	Keypress: rctrl
503.7747 	EXP 	Sound  started
504.4926 	DATA 	Keypress: rctrl
504.5247 	EXP 	Sound  started
505.2747 	EXP 	Sound  started
505.2925 	DATA 	Keypress: lctrl
506.0247 	EXP 	Sound  started
506.0445 	DATA 	Keypress: lctrl
506.7747 	EXP 	Sound  started
506.8286 	DATA 	Keypress: rctrl
507.5165 	DATA 	Keypress: rctrl
507.5247 	EXP 	Sound  started
508.2205 	DATA 	Keypress: rctrl
508.2748 	EXP 	Sound  started
509.0045 	DATA 	Keypress: rctrl
509.0248 	EXP 	Sound  started
509.7085 	DATA 	Keypress: rctrl
509.7748 	EXP 	Sound  started
510.5248 	EXP 	Sound  started
510.5565 	DATA 	Keypress: rctrl
511.2605 	DATA 	Keypress: lctrl
511.2748 	EXP 	Sound  started
511.9485 	DATA 	Keypress: lctrl
512.0248 	EXP 	Sound  started
512.7005 	DATA 	Keypress: rctrl
512.7748 	EXP 	Sound  started
513.4685 	DATA 	Keypress: rctrl
513.5248 	EXP 	Sound  started
514.2046 	DATA 	Keypress: rctrl
514.2748 	EXP 	Sound  started
514.9885 	DATA 	Keypress: rctrl
515.0249 	EXP 	Sound  started
515.6925 	DATA 	Keypress: lctrl
515.7749 	EXP 	Sound  started
516.4925 	DATA 	Keypress: lctrl
516.5249 	EXP 	Sound  started
517.2749 	EXP 	Sound  started
517.2925 	DATA 	Keypress: lctrl
518.0249 	EXP 	Sound  started
518.0285 	DATA 	Keypress: lctrl
518.7749 	EXP 	Sound  started
518.7805 	DATA 	Keypress: rctrl
519.5249 	EXP 	Sound  started
519.5965 	DATA 	Keypress: rctrl
520.2046 	DATA 	Keypress: rctrl
520.2750 	EXP 	Sound  started
521.0250 	EXP 	Sound  started
521.0365 	DATA 	Keypress: lctrl
521.7245 	DATA 	Keypress: lctrl
521.7750 	EXP 	Sound  started
522.4765 	DATA 	Keypress: lctrl
522.5250 	EXP 	Sound  started
523.2605 	DATA 	Keypress: lctrl
523.2750 	EXP 	Sound  started
524.0125 	DATA 	Keypress: rctrl
524.0250 	EXP 	Sound  started
524.7485 	DATA 	Keypress: rctrl
524.7750 	EXP 	Sound  started
525.5250 	EXP 	Sound  started
526.2046 	DATA 	Keypress: rctrl
526.2751 	EXP 	Sound  started
526.9886 	DATA 	Keypress: rctrl
527.0251 	EXP 	Sound  started
527.7405 	DATA 	Keypress: lctrl
527.7751 	EXP 	Sound  started
528.4925 	DATA 	Keypress: lctrl
528.5251 	EXP 	Sound  started
529.2285 	DATA 	Keypress: lctrl
529.2751 	EXP 	Sound  started
529.9965 	DATA 	Keypress: lctrl
530.0251 	EXP 	Sound  started
530.7006 	DATA 	Keypress: lctrl
530.7751 	EXP 	Sound  started
531.4685 	DATA 	Keypress: lctrl
531.5252 	EXP 	Sound  started
532.2685 	DATA 	Keypress: lctrl
532.2752 	EXP 	Sound  started
533.0252 	EXP 	Sound  started
533.7752 	EXP 	Sound  started
533.8206 	DATA 	Keypress: rctrl
534.5252 	EXP 	Sound  started
534.5565 	DATA 	Keypress: rctrl
535.2605 	DATA 	Keypress: rctrl
535.2752 	EXP 	Sound  started
536.0252 	EXP 	Sound  started
536.0445 	DATA 	Keypress: rctrl
536.7753 	EXP 	Sound  started
536.7968 	DATA 	Keypress: rctrl
537.5253 	EXP 	Sound  started
537.6286 	DATA 	Keypress: lctrl
538.2686 	DATA 	Keypress: lctrl
538.2753 	EXP 	Sound  started
539.0205 	DATA 	Keypress: lctrl
539.0253 	EXP 	Sound  started
539.7725 	DATA 	Keypress: rctrl
539.7753 	EXP 	Sound  started
540.4765 	DATA 	Keypress: rctrl
540.5253 	EXP 	Sound  started
541.2125 	DATA 	Keypress: rctrl
541.2753 	EXP 	Sound  started
542.0126 	DATA 	Keypress: rctrl
542.0254 	EXP 	Sound  started
542.7754 	EXP 	Sound  started
542.7805 	DATA 	Keypress: rctrl
543.5254 	EXP 	Sound  started
543.5485 	DATA 	Keypress: lctrl
544.2525 	DATA 	Keypress: lctrl
544.2754 	EXP 	Sound  started
545.0205 	DATA 	Keypress: rctrl
545.0254 	EXP 	Sound  started
545.7565 	DATA 	Keypress: lctrl
545.7754 	EXP 	Sound  started
546.5245 	DATA 	Keypress: lctrl
546.5254 	EXP 	Sound  started
547.2754 	EXP 	Sound  started
547.3086 	DATA 	Keypress: lctrl
548.0652 	DATA 	Keypress: rctrl
554.3198 	DATA 	Keypress: 3
554.3363 	EXP 	unnamed ShapeStim: vertices = <class 'numpy.ndarray'>
560.2747 	DATA 	Keypress: 3
560.2912 	EXP 	unnamed ShapeStim: vertices = <class 'numpy.ndarray'>
565.9127 	DATA 	Keypress: 2
565.9291 	EXP 	unnamed ShapeStim: vertices = <class 'numpy.ndarray'>
568.2141 	EXP 	Sound  started
568.4447 	DATA 	Keypress: rctrl
568.9566 	DATA 	Keypress: rctrl
568.9640 	EXP 	Sound  started
569.7140 	EXP 	Sound  started
569.7246 	DATA 	Keypress: lctrl
570.3966 	DATA 	Keypress: lctrl
570.4640 	EXP 	Sound  started
571.1965 	DATA 	Keypress: lctrl
571.2140 	EXP 	Sound  started
571.9640 	EXP 	Sound  started
571.9646 	DATA 	Keypress: rctrl
572.7140 	EXP 	Sound  started
572.7486 	DATA 	Keypress: lctrl
573.4046 	DATA 	Keypress: lctrl
573.4641 	EXP 	Sound  started
574.0926 	DATA 	Keypress: lctrl
574.2141 	EXP 	Sound  started
574.8286 	DATA 	Keypress: lctrl
574.9641 	EXP 	Sound  started
575.6286 	DATA 	Keypress: rctrl
575.7141 	EXP 	Sound  started
576.4125 	DATA 	Keypress: rctrl
576.4641 	EXP 	Sound  started
577.2141 	EXP 	Sound  started
577.2605 	DATA 	Keypress: lctrl
577.9166 	DATA 	Keypress: lctrl
577.9641 	EXP 	Sound  started
578.7142 	EXP 	Sound  started
578.7167 	DATA 	Keypress: rctrl
579.3566 	DATA 	Keypress: rctrl
579.4642 	EXP 	Sound  started
580.1405 	DATA 	Keypress: rctrl
580.2142 	EXP 	Sound  started
580.8766 	DATA 	Keypress: rctrl
580.9642 	EXP 	Sound  started
581.6926 	DATA 	Keypress: lctrl
581.7142 	EXP 	Sound  started
582.4126 	DATA 	Keypress: lctrl
582.4642 	EXP 	Sound  started
583.2126 	DATA 	Keypress: lctrl
583.2142 	EXP 	Sound  started
583.9643 	EXP 	Sound  started
584.0126 	DATA 	Keypress: rctrl
584.7005 	DATA 	Keypress: lctrl
584.7143 	EXP 	Sound  started
585.4047 	DATA 	Keypress: lctrl
585.4643 	EXP 	Sound  started
586.2143 	EXP 	Sound  started
586.2685 	DATA 	Keypress: lctrl
586.9643 	EXP 	Sound  started
586.9725 	DATA 	Keypress: rctrl
587.7143 	EXP 	Sound  started
587.7407 	DATA 	Keypress: rctrl
588.4643 	EXP 	Sound  started
588.4766 	DATA 	Keypress: rctrl
589.1485 	DATA 	Keypress: rctrl
589.2143 	EXP 	Sound  started
589.9326 	DATA 	Keypress: lctrl
589.9644 	EXP 	Sound  started
590.7144 	EXP 	Sound  started
590.7166 	DATA 	Keypress: lctrl
591.4644 	EXP 	Sound  started
591.5805 	DATA 	Keypress: lctrl
592.2144 	EXP 	Sound  started
592.2686 	DATA 	Keypress: rctrl
592.9566 	DATA 	Keypress: lctrl
592.9644 	EXP 	Sound  started
593.7086 	DATA 	Keypress: lctrl
593.7144 	EXP 	Sound  started
594.4606 	DATA 	Keypress: lctrl
594.4645 	EXP 	Sound  started
595.1967 	DATA 	Keypress: rctrl
595.2145 	EXP 	Sound  started
595.9486 	DATA 	Keypress: rctrl
595.9645 	EXP 	Sound  started
596.7145 	EXP 	Sound  started
596.7646 	DATA 	Keypress: rctrl
597.4527 	DATA 	Keypress: lctrl
597.4645 	EXP 	Sound  started
598.2145 	EXP 	Sound  started
598.2206 	DATA 	Keypress: lctrl
598.9645 	EXP 	Sound  started
599.0045 	DATA 	Keypress: lctrl
599.7146 	EXP 	Sound  started
599.7565 	DATA 	Keypress: rctrl
600.4646 	EXP 	Sound  started
600.4926 	DATA 	Keypress: rctrl
601.2128 	DATA 	Keypress: rctrl
601.2146 	EXP 	Sound  started
601.9326 	DATA 	Keypress: lctrl
601.9646 	EXP 	Sound  started
602.7146 	EXP 	Sound  started
602.7326 	DATA 	Keypress: rctrl
603.4646 	EXP 	Sound  started
603.5166 	DATA 	Keypress: lctrl
604.2146 	EXP 	Sound  started
604.2525 	DATA 	Keypress: lctrl
604.9646 	EXP 	Sound  started
605.0046 	DATA 	Keypress: rctrl
605.7147 	EXP 	Sound  started
605.7406 	DATA 	Keypress: rctrl
606.4286 	DATA 	Keypress: rctrl
606.4647 	EXP 	Sound  started
607.2126 	DATA 	Keypress: rctrl
607.2147 	EXP 	Sound  started
607.9647 	EXP 	Sound  started
608.0287 	DATA 	Keypress: rctrl
608.7147 	EXP 	Sound  started
608.7166 	DATA 	Keypress: rctrl
609.4647 	EXP 	Sound  started
609.4845 	DATA 	Keypress: lctrl
610.2046 	DATA 	Keypress: lctrl
612.6009 	DATA 	Keypress: 3
612.6175 	EXP 	unnamed ShapeStim: vertices = <class 'numpy.ndarray'>
616.4208 	DATA 	Keypress: 2
616.4372 	EXP 	unnamed ShapeStim: vertices = <class 'numpy.ndarray'>
621.2080 	DATA 	Keypress: 2
621.2245 	EXP 	unnamed ShapeStim: vertices = <class 'numpy.ndarray'>
623.5091 	EXP 	Sound  started
623.7407 	DATA 	Keypress: rctrl
624.1886 	DATA 	Keypress: rctrl
624.2589 	EXP 	Sound  started
624.9887 	DATA 	Keypress: rctrl
625.0089 	EXP 	Sound  started
625.7087 	DATA 	Keypress: rctrl
625.7589 	EXP 	Sound  started
626.5090 	EXP 	Sound  started
626.5567 	DATA 	Keypress: lctrl
627.2590 	EXP 	Sound  started
627.3406 	DATA 	Keypress: lctrl
628.0090 	EXP 	Sound  started
628.6366 	DATA 	Keypress: lctrl
628.7590 	EXP 	Sound  started
629.4847 	DATA 	Keypress: rctrl
629.5090 	EXP 	Sound  started
630.2046 	DATA 	Keypress: rctrl
630.2590 	EXP 	Sound  started
630.9566 	DATA 	Keypress: lctrl
631.0090 	EXP 	Sound  started
631.6926 	DATA 	Keypress: lctrl
631.7591 	EXP 	Sound  started
632.5091 	EXP 	Sound  started
632.5726 	DATA 	Keypress: rctrl
633.2591 	EXP 	Sound  started
633.2767 	DATA 	Keypress: rctrl
633.9806 	DATA 	Keypress: rctrl
634.0091 	EXP 	Sound  started
634.7486 	DATA 	Keypress: rctrl
634.7591 	EXP 	Sound  started
635.5091 	EXP 	Sound  started
635.5327 	DATA 	Keypress: lctrl
636.2592 	EXP 	Sound  started
636.2846 	DATA 	Keypress: lctrl
637.0092 	EXP 	Sound  started
637.7567 	DATA 	Keypress: rctrl
637.7592 	EXP 	Sound  started
638.5086 	DATA 	Keypress: rctrl
638.5092 	EXP 	Sound  started
639.2126 	DATA 	Keypress: rctrl
639.2592 	EXP 	Sound  started
639.9486 	DATA 	Keypress: rctrl
640.0092 	EXP 	Sound  started
640.6526 	DATA 	Keypress: rctrl
640.7592 	EXP 	Sound  started
641.4206 	DATA 	Keypress: lctrl
641.5092 	EXP 	Sound  started
642.1566 	DATA 	Keypress: lctrl
642.2593 	EXP 	Sound  started
643.0093 	EXP 	Sound  started
643.0687 	DATA 	Keypress: rctrl
643.7086 	DATA 	Keypress: rctrl
643.7593 	EXP 	Sound  started
644.4606 	DATA 	Keypress: lctrl
644.5093 	EXP 	Sound  started
645.1966 	DATA 	Keypress: lctrl
645.2593 	EXP 	Sound  started
646.0093 	EXP 	Sound  started
646.0766 	DATA 	Keypress: lctrl
646.7593 	EXP 	Sound  started
646.8126 	DATA 	Keypress: lctrl
647.5007 	DATA 	Keypress: rctrl
647.5094 	EXP 	Sound  started
648.2367 	DATA 	Keypress: rctrl
648.2594 	EXP 	Sound  started
649.0094 	EXP 	Sound  started
649.0206 	DATA 	Keypress: lctrl
649.7594 	EXP 	Sound  started
649.8207 	DATA 	Keypress: lctrl
650.5094 	EXP 	Sound  started
650.5246 	DATA 	Keypress: lctrl
651.2594 	EXP 	Sound  started
651.2606 	DATA 	Keypress: lctrl
651.9967 	DATA 	Keypress: lctrl
652.0094 	EXP 	Sound  started
652.7594 	EXP 	Sound  started
652.7647 	DATA 	Keypress: lctrl
653.5095 	EXP 	Sound  started
653.5488 	DATA 	Keypress: rctrl
654.2595 	EXP 	Sound  started
654.3006 	DATA 	Keypress: rctrl
655.0095 	EXP 	Sound  started
655.0366 	DATA 	Keypress: rctrl
655.7086 	DATA 	Keypress: lctrl
655.7595 	EXP 	Sound  started
656.5095 	EXP 	Sound  started
656.6208 	DATA 	Keypress: lctrl
657.2595 	EXP 	Sound  started
657.2606 	DATA 	Keypress: lctrl
658.0095 	EXP 	Sound  started
658.7596 	EXP 	Sound  started
658.7647 	DATA 	Keypress: lctrl
659.4846 	DATA 	Keypress: lctrl
659.5096 	EXP 	Sound  started
660.2596 	EXP 	Sound  started
660.3326 	DATA 	Keypress: rctrl
661.0096 	EXP 	Sound  started
661.0846 	DATA 	Keypress: rctrl
661.7596 	EXP 	Sound  started
661.8206 	DATA 	Keypress: rctrl
662.4926 	DATA 	Keypress: lctrl
662.5096 	EXP 	Sound  started
663.2287 	DATA 	Keypress: lctrl
663.2596 	EXP 	Sound  started
664.0097 	EXP 	Sound  started
664.7597 	EXP 	Sound  started
664.8926 	DATA 	Keypress: lctrl
665.5097 	EXP 	Sound  started
665.6286 	DATA 	Keypress: lctrl
666.2597 	EXP 	Sound  started
667.0097 	EXP 	Sound  started
667.0686 	DATA 	Keypress: rctrl
667.7567 	DATA 	Keypress: rctrl
667.7597 	EXP 	Sound  started
668.5097 	EXP 	Sound  started
669.2597 	EXP 	Sound  started
669.2606 	DATA 	Keypress: lctrl
669.9806 	DATA 	Keypress: rctrl
670.0098 	EXP 	Sound  started
670.7006 	DATA 	Keypress: rctrl
670.7598 	EXP 	Sound  started
671.5098 	EXP 	Sound  started
671.5166 	DATA 	Keypress: rctrl
672.2598 	EXP 	Sound  started
672.3007 	DATA 	Keypress: lctrl
673.0098 	EXP 	Sound  started
673.0367 	DATA 	Keypress: lctrl
673.7598 	EXP 	Sound  started
673.7887 	DATA 	Keypress: rctrl
674.5099 	EXP 	Sound  started
674.5726 	DATA 	Keypress: rctrl
675.2286 	DATA 	Keypress: lctrl
675.2599 	EXP 	Sound  started
675.9326 	DATA 	Keypress: lctrl
676.0099 	EXP 	Sound  started
676.7599 	EXP 	Sound  started
676.7967 	DATA 	Keypress: lctrl
677.5099 	EXP 	Sound  started
677.6127 	DATA 	Keypress: lctrl
678.2599 	EXP 	Sound  started
678.3167 	DATA 	Keypress: lctrl
679.0099 	EXP 	Sound  started
679.0847 	DATA 	Keypress: rctrl
679.7599 	EXP 	Sound  started
679.7887 	DATA 	Keypress: rctrl
680.5100 	EXP 	Sound  started
680.5406 	DATA 	Keypress: lctrl
681.2126 	DATA 	Keypress: lctrl
681.2600 	EXP 	Sound  started
682.0100 	EXP 	Sound  started
682.0606 	DATA 	Keypress: lctrl
682.7600 	EXP 	Sound  started
682.8447 	DATA 	Keypress: lctrl
683.5596 	DATA 	Keypress: lctrl
686.1780 	DATA 	Keypress: 3
686.1945 	EXP 	unnamed ShapeStim: vertices = <class 'numpy.ndarray'>
689.9347 	DATA 	Keypress: 4
689.9642 	EXP 	unnamed ShapeStim: vertices = <class 'numpy.ndarray'>
693.4542 	DATA 	Keypress: 3
693.4838 	EXP 	unnamed ShapeStim: vertices = <class 'numpy.ndarray'>
695.7682 	EXP 	Sound  started
695.9487 	DATA 	Keypress: rctrl
696.5180 	EXP 	Sound  started
696.5247 	DATA 	Keypress: rctrl
697.2607 	DATA 	Keypress: lctrl
697.2681 	EXP 	Sound  started
698.0127 	DATA 	Keypress: lctrl
698.0181 	EXP 	Sound  started
698.7326 	DATA 	Keypress: lctrl
698.7681 	EXP 	Sound  started
699.4687 	DATA 	Keypress: lctrl
699.5181 	EXP 	Sound  started
700.1727 	DATA 	Keypress: rctrl
700.2681 	EXP 	Sound  started
700.9728 	DATA 	Keypress: rctrl
701.0181 	EXP 	Sound  started
701.7682 	EXP 	Sound  started
701.7887 	DATA 	Keypress: lctrl
702.4608 	DATA 	Keypress: lctrl
702.5182 	EXP 	Sound  started
703.2287 	DATA 	Keypress: lctrl
703.2682 	EXP 	Sound  started
703.9646 	DATA 	Keypress: lctrl
704.0182 	EXP 	Sound  started
704.7682 	EXP 	Sound  started
704.7967 	DATA 	Keypress: lctrl
705.5007 	DATA 	Keypress: rctrl
705.5182 	EXP 	Sound  started
706.2366 	DATA 	Keypress: rctrl
706.2682 	EXP 	Sound  started
707.0182 	EXP 	Sound  started
707.0206 	DATA 	Keypress: rctrl
707.7567 	DATA 	Keypress: lctrl
707.7682 	EXP 	Sound  started
708.4287 	DATA 	Keypress: lctrl
708.5183 	EXP 	Sound  started
709.1806 	DATA 	Keypress: rctrl
709.2683 	EXP 	Sound  started
709.9167 	DATA 	Keypress: rctrl
710.0183 	EXP 	Sound  started
710.7006 	DATA 	Keypress: rctrl
710.7683 	EXP 	Sound  started
711.3406 	DATA 	Keypress: rctrl
711.5183 	EXP 	Sound  started
712.1086 	DATA 	Keypress: rctrl
712.2683 	EXP 	Sound  started
712.9727 	DATA 	Keypress: rctrl
713.0183 	EXP 	Sound  started
713.7684 	EXP 	Sound  started
713.7726 	DATA 	Keypress: rctrl
714.4767 	DATA 	Keypress: rctrl
714.5184 	EXP 	Sound  started
715.2287 	DATA 	Keypress: rctrl
715.2684 	EXP 	Sound  started
715.9167 	DATA 	Keypress: lctrl
716.0184 	EXP 	Sound  started
716.7489 	DATA 	Keypress: lctrl
716.7685 	EXP 	Sound  started
717.4687 	DATA 	Keypress: lctrl
717.5184 	EXP 	Sound  started
718.1887 	DATA 	Keypress: lctrl
718.2685 	EXP 	Sound  started
718.9887 	DATA 	Keypress: lctrl
719.0185 	EXP 	Sound  started
719.7567 	DATA 	Keypress: lctrl
719.7685 	EXP 	Sound  started
720.5185 	EXP 	Sound  started
720.5726 	DATA 	Keypress: lctrl
721.2685 	EXP 	Sound  started
721.3247 	DATA 	Keypress: rctrl
721.9807 	DATA 	Keypress: rctrl
722.0185 	EXP 	Sound  started
722.7486 	DATA 	Keypress: rctrl
722.7685 	EXP 	Sound  started
723.5185 	EXP 	Sound  started
723.5327 	DATA 	Keypress: rctrl
724.2686 	EXP 	Sound  started
724.3008 	DATA 	Keypress: lctrl
725.0186 	EXP 	Sound  started
725.0366 	DATA 	Keypress: rctrl
725.7686 	EXP 	Sound  started
725.7727 	DATA 	Keypress: rctrl
726.5087 	DATA 	Keypress: lctrl
726.5186 	EXP 	Sound  started
727.2607 	DATA 	Keypress: lctrl
727.2686 	EXP 	Sound  started
728.0187 	EXP 	Sound  started
728.0608 	DATA 	Keypress: lctrl
728.7686 	EXP 	Sound  started
728.7806 	DATA 	Keypress: lctrl
729.5187 	EXP 	Sound  started
729.5487 	DATA 	Keypress: rctrl
730.2686 	DATA 	Keypress: rctrl
730.2688 	EXP 	Sound  started
731.0188 	EXP 	Sound  started
731.0207 	DATA 	Keypress: rctrl
731.7688 	EXP 	Sound  started
731.7887 	DATA 	Keypress: rctrl
732.5086 	DATA 	Keypress: lctrl
732.5189 	EXP 	Sound  started
733.2689 	EXP 	Sound  started
733.2767 	DATA 	Keypress: lctrl
734.0189 	EXP 	Sound  started
734.7689 	EXP 	Sound  started
734.8127 	DATA 	Keypress: lctrl
735.5189 	EXP 	Sound  started
735.5807 	DATA 	Keypress: rctrl
736.2689 	EXP 	Sound  started
736.2847 	DATA 	Keypress: lctrl
736.9887 	DATA 	Keypress: lctrl
742.5408 	DATA 	Keypress: 3
742.5574 	EXP 	unnamed ShapeStim: vertices = <class 'numpy.ndarray'>
747.2947 	DATA 	Keypress: 2
747.3113 	EXP 	unnamed ShapeStim: vertices = <class 'numpy.ndarray'>
756.5728 	DATA 	Keypress: 3
756.6022 	EXP 	unnamed ShapeStim: vertices = <class 'numpy.ndarray'>
758.8872 	EXP 	Sound  started
759.0849 	DATA 	Keypress: lctrl
759.6371 	EXP 	Sound  started
759.6447 	DATA 	Keypress: lctrl
760.3647 	DATA 	Keypress: rctrl
760.3871 	EXP 	Sound  started
761.1167 	DATA 	Keypress: lctrl
761.1371 	EXP 	Sound  started
761.8367 	DATA 	Keypress: lctrl
761.8871 	EXP 	Sound  started
762.5887 	DATA 	Keypress: lctrl
762.6371 	EXP 	Sound  started
763.3728 	DATA 	Keypress: rctrl
763.3872 	EXP 	Sound  started
764.0607 	DATA 	Keypress: rctrl
764.1372 	EXP 	Sound  started
764.8872 	EXP 	Sound  started
764.9087 	DATA 	Keypress: rctrl
765.6372 	EXP 	Sound  started
765.6447 	DATA 	Keypress: rctrl
766.3647 	DATA 	Keypress: lctrl
766.3872 	EXP 	Sound  started
767.1372 	EXP 	Sound  started
767.1487 	DATA 	Keypress: lctrl
767.8872 	EXP 	Sound  started
767.9647 	DATA 	Keypress: rctrl
768.6367 	DATA 	Keypress: rctrl
768.6373 	EXP 	Sound  started
769.3873 	EXP 	Sound  started
769.4367 	DATA 	Keypress: rctrl
770.1373 	EXP 	Sound  started
770.1887 	DATA 	Keypress: rctrl
770.8608 	DATA 	Keypress: rctrl
770.8873 	EXP 	Sound  started
771.6287 	DATA 	Keypress: rctrl
771.6373 	EXP 	Sound  started
772.3873 	EXP 	Sound  started
772.4607 	DATA 	Keypress: rctrl
773.1373 	EXP 	Sound  started
773.2127 	DATA 	Keypress: lctrl
773.8874 	EXP 	Sound  started
773.9167 	DATA 	Keypress: lctrl
774.6374 	EXP 	Sound  started
774.6528 	DATA 	Keypress: lctrl
775.3874 	EXP 	Sound  started
775.4688 	DATA 	Keypress: lctrl
776.1374 	EXP 	Sound  started
776.1727 	DATA 	Keypress: rctrl
776.8874 	EXP 	Sound  started
776.9087 	DATA 	Keypress: rctrl
777.6127 	DATA 	Keypress: lctrl
777.6374 	EXP 	Sound  started
778.3007 	DATA 	Keypress: lctrl
778.3874 	EXP 	Sound  started
779.0687 	DATA 	Keypress: lctrl
779.1375 	EXP 	Sound  started
779.8367 	DATA 	Keypress: rctrl
779.8875 	EXP 	Sound  started
780.6208 	DATA 	Keypress: rctrl
780.6375 	EXP 	Sound  started
781.3875 	EXP 	Sound  started
781.4048 	DATA 	Keypress: rctrl
782.1375 	EXP 	Sound  started
782.1727 	DATA 	Keypress: rctrl
782.8875 	EXP 	Sound  started
782.9727 	DATA 	Keypress: rctrl
783.6375 	EXP 	Sound  started
783.6927 	DATA 	Keypress: lctrl
784.3875 	EXP 	Sound  started
784.4767 	DATA 	Keypress: lctrl
785.1376 	EXP 	Sound  started
785.8876 	EXP 	Sound  started
785.9008 	DATA 	Keypress: lctrl
786.6376 	EXP 	Sound  started
786.7807 	DATA 	Keypress: lctrl
787.3876 	EXP 	Sound  started
787.4529 	DATA 	Keypress: lctrl
788.1376 	EXP 	Sound  started
788.2368 	DATA 	Keypress: lctrl
788.8876 	EXP 	Sound  started
788.9727 	DATA 	Keypress: lctrl
789.6376 	EXP 	Sound  started
789.6447 	DATA 	Keypress: rctrl
790.3807 	DATA 	Keypress: rctrl
790.3876 	EXP 	Sound  started
791.1327 	DATA 	Keypress: rctrl
791.1376 	EXP 	Sound  started
791.8877 	EXP 	Sound  started
791.9329 	DATA 	Keypress: rctrl
792.6377 	EXP 	Sound  started
792.6528 	DATA 	Keypress: rctrl
793.3877 	EXP 	Sound  started
793.3888 	DATA 	Keypress: rctrl
794.1087 	DATA 	Keypress: lctrl
794.1377 	EXP 	Sound  started
794.8877 	EXP 	Sound  started
795.5968 	DATA 	Keypress: lctrl
795.6377 	EXP 	Sound  started
796.3877 	EXP 	Sound  started
796.4448 	DATA 	Keypress: lctrl
797.1378 	EXP 	Sound  started
797.1807 	DATA 	Keypress: lctrl
797.8878 	EXP 	Sound  started
797.9327 	DATA 	Keypress: lctrl
798.6378 	EXP 	Sound  started
798.7007 	DATA 	Keypress: lctrl
799.3878 	EXP 	Sound  started
799.4047 	DATA 	Keypress: rctrl
800.1378 	EXP 	Sound  started
800.1567 	DATA 	Keypress: rctrl
800.8878 	EXP 	Sound  started
800.9408 	DATA 	Keypress: lctrl
801.6378 	EXP 	Sound  started
801.6767 	DATA 	Keypress: lctrl
802.3878 	EXP 	Sound  started
802.3967 	DATA 	Keypress: lctrl
803.1379 	EXP 	Sound  started
803.1648 	DATA 	Keypress: rctrl
803.8847 	DATA 	Keypress: rctrl
803.8879 	EXP 	Sound  started
804.5887 	DATA 	Keypress: rctrl
804.6379 	EXP 	Sound  started
805.3879 	EXP 	Sound  started
805.3887 	DATA 	Keypress: lctrl
806.0607 	DATA 	Keypress: lctrl
808.0316 	DATA 	Keypress: 4
808.0611 	EXP 	unnamed ShapeStim: vertices = <class 'numpy.ndarray'>
811.2305 	DATA 	Keypress: 4
811.2470 	EXP 	unnamed ShapeStim: vertices = <class 'numpy.ndarray'>
819.2706 	DATA 	Keypress: 4
819.2870 	EXP 	unnamed ShapeStim: vertices = <class 'numpy.ndarray'>
821.5717 	EXP 	Sound  started
821.7890 	DATA 	Keypress: rctrl
822.3216 	EXP 	Sound  started
822.3807 	DATA 	Keypress: rctrl
823.0716 	EXP 	Sound  started
823.0847 	DATA 	Keypress: rctrl
823.7727 	DATA 	Keypress: lctrl
823.8216 	EXP 	Sound  started
824.5408 	DATA 	Keypress: lctrl
824.5716 	EXP 	Sound  started
825.2927 	DATA 	Keypress: lctrl
825.3216 	EXP 	Sound  started
826.0716 	EXP 	Sound  started
826.0768 	DATA 	Keypress: rctrl
826.6848 	DATA 	Keypress: rctrl
826.8217 	EXP 	Sound  started
827.5329 	DATA 	Keypress: rctrl
827.5717 	EXP 	Sound  started
828.2848 	DATA 	Keypress: rctrl
828.3217 	EXP 	Sound  started
829.0367 	DATA 	Keypress: rctrl
829.0717 	EXP 	Sound  started
829.7887 	DATA 	Keypress: lctrl
829.8217 	EXP 	Sound  started
830.5717 	EXP 	Sound  started
830.5727 	DATA 	Keypress: lctrl
831.2927 	DATA 	Keypress: lctrl
831.3217 	EXP 	Sound  started
832.0718 	EXP 	Sound  started
832.1088 	DATA 	Keypress: lctrl
832.7647 	DATA 	Keypress: lctrl
832.8218 	EXP 	Sound  started
833.5008 	DATA 	Keypress: rctrl
833.5718 	EXP 	Sound  started
834.2367 	DATA 	Keypress: rctrl
834.3218 	EXP 	Sound  started
835.0528 	DATA 	Keypress: rctrl
835.0718 	EXP 	Sound  started
835.8218 	EXP 	Sound  started
835.8368 	DATA 	Keypress: lctrl
836.5088 	DATA 	Keypress: rctrl
836.5719 	EXP 	Sound  started
837.2447 	DATA 	Keypress: rctrl
837.3219 	EXP 	Sound  started
838.0128 	DATA 	Keypress: rctrl
838.0719 	EXP 	Sound  started
838.7647 	DATA 	Keypress: rctrl
838.8219 	EXP 	Sound  started
839.5168 	DATA 	Keypress: rctrl
839.5719 	EXP 	Sound  started
840.3219 	EXP 	Sound  started
840.3330 	DATA 	Keypress: rctrl
841.0719 	EXP 	Sound  started
841.1168 	DATA 	Keypress: lctrl
841.7889 	DATA 	Keypress: lctrl
841.8219 	EXP 	Sound  started
842.5720 	EXP 	Sound  started
842.5727 	DATA 	Keypress: lctrl
843.2768 	DATA 	Keypress: rctrl
843.3220 	EXP 	Sound  started
844.0720 	EXP 	Sound  started
844.0928 	DATA 	Keypress: lctrl
844.8220 	EXP 	Sound  started
844.8608 	DATA 	Keypress: lctrl
845.5720 	EXP 	Sound  started
845.6288 	DATA 	Keypress: lctrl
846.3220 	EXP 	Sound  started
846.9727 	DATA 	Keypress: lctrl
847.0720 	EXP 	Sound  started
847.7729 	DATA 	Keypress: lctrl
847.8221 	EXP 	Sound  started
848.5247 	DATA 	Keypress: lctrl
848.5721 	EXP 	Sound  started
849.3221 	EXP 	Sound  started
849.3888 	DATA 	Keypress: rctrl
850.0721 	EXP 	Sound  started
850.1247 	DATA 	Keypress: rctrl
850.8221 	EXP 	Sound  started
850.8449 	DATA 	Keypress: lctrl
851.5327 	DATA 	Keypress: lctrl
851.5721 	EXP 	Sound  started
852.2847 	DATA 	Keypress: lctrl
852.3221 	EXP 	Sound  started
853.0368 	DATA 	Keypress: lctrl
853.0722 	EXP 	Sound  started
853.7888 	DATA 	Keypress: lctrl
853.8222 	EXP 	Sound  started
854.4929 	DATA 	Keypress: lctrl
854.5722 	EXP 	Sound  started
855.2767 	DATA 	Keypress: rctrl
855.3222 	EXP 	Sound  started
856.0129 	DATA 	Keypress: rctrl
856.0722 	EXP 	Sound  started
856.8222 	EXP 	Sound  started
856.8928 	DATA 	Keypress: lctrl
857.5722 	EXP 	Sound  started
857.5808 	DATA 	Keypress: rctrl
858.3223 	EXP 	Sound  started
858.3328 	DATA 	Keypress: rctrl
859.0529 	DATA 	Keypress: rctrl
859.0723 	EXP 	Sound  started
859.8223 	EXP 	Sound  started
859.8848 	DATA 	Keypress: rctrl
860.5723 	EXP 	Sound  started
860.5728 	DATA 	Keypress: rctrl
861.2448 	DATA 	Keypress: rctrl
861.3223 	EXP 	Sound  started
862.0448 	DATA 	Keypress: lctrl
862.0723 	EXP 	Sound  started
862.7969 	DATA 	Keypress: lctrl
862.8224 	EXP 	Sound  started
863.5724 	EXP 	Sound  started
863.6129 	DATA 	Keypress: rctrl
864.2848 	DATA 	Keypress: rctrl
864.3224 	EXP 	Sound  started
865.0208 	DATA 	Keypress: rctrl
865.0724 	EXP 	Sound  started
865.8224 	EXP 	Sound  started
865.9008 	DATA 	Keypress: lctrl
866.5570 	DATA 	Keypress: lctrl
866.5724 	EXP 	Sound  started
867.2928 	DATA 	Keypress: rctrl
867.3224 	EXP 	Sound  started
868.0724 	EXP 	Sound  started
868.0929 	DATA 	Keypress: rctrl
868.8224 	EXP 	Sound  started
868.8449 	DATA 	Keypress: rctrl
869.5724 	EXP 	Sound  started
869.5809 	DATA 	Keypress: lctrl
870.3168 	DATA 	Keypress: lctrl
870.3225 	EXP 	Sound  started
871.0725 	EXP 	Sound  started
871.0848 	DATA 	Keypress: lctrl
871.8225 	EXP 	Sound  started
871.8528 	DATA 	Keypress: rctrl
872.5725 	EXP 	Sound  started
872.6048 	DATA 	Keypress: rctrl
873.3225 	EXP 	Sound  started
873.3568 	DATA 	Keypress: rctrl
874.0725 	EXP 	Sound  started
874.0928 	DATA 	Keypress: lctrl
874.8129 	DATA 	Keypress: rctrl
874.8225 	EXP 	Sound  started
875.5726 	EXP 	Sound  started
875.5809 	DATA 	Keypress: rctrl
876.3226 	EXP 	Sound  started
876.3328 	DATA 	Keypress: rctrl
877.0726 	EXP 	Sound  started
877.0849 	DATA 	Keypress: lctrl
877.8208 	DATA 	Keypress: lctrl
877.8226 	EXP 	Sound  started
878.5726 	EXP 	Sound  started
878.6368 	DATA 	Keypress: rctrl
879.2928 	DATA 	Keypress: lctrl
879.3226 	EXP 	Sound  started
879.9488 	DATA 	Keypress: lctrl
880.0726 	EXP 	Sound  started
880.7808 	DATA 	Keypress: lctrl
882.8930 	DATA 	Keypress: 3
882.9225 	EXP 	unnamed ShapeStim: vertices = <class 'numpy.ndarray'>
886.0790 	DATA 	Keypress: 2
886.1085 	EXP 	unnamed ShapeStim: vertices = <class 'numpy.ndarray'>
892.3341 	DATA 	Keypress: 3
892.3636 	EXP 	unnamed ShapeStim: vertices = <class 'numpy.ndarray'>
894.6530 	DATA 	Keypress: lctrl
1869.5020 	DATA 	Keypress: return
1869.5834 	EXP 	window1: mouseVisible = True
