18.3914 	WARNING 	User requested fullscreen with size [1024  768], but screen is actually [1920, 1200]. Using actual size
19.1945 	EXP 	Created window1 = Window(allowGUI=False, allowStencil=False, autoLog=True, backendConf=UNKNOWN, bitsMode=UNKNOWN, blendMode='avg', bpc=(8, 8, 8), color=array([0, 0, 0]), colorSpace='rgb', depthBits=8, fullscr=<method-wrapper '__getattribute__' of attributeSetter object at 0x0000024B5A8C6780>, gamma=None, gammaErrorPolicy='raise', lms=UNKNOWN, monitor=<psychopy.monitors.calibTools.Monitor object at 0x0000024B5C005080>, multiSample=False, name='window1', numSamples=2, pos=[0.0, 0.0], screen=0, size=array([1920, 1200]), stencilBits=0, stereo=False, units='norm', useFBO=True, useRetina=False, viewOri=0.0, viewPos=None, viewScale=None, waitBlanking=True, winType='pyglet')
19.1948 	EXP 	window1: mouseVisible = True
19.1948 	EXP 	window1: mouseVisible = False
19.1948 	EXP 	window1: recordFrameIntervals = False
19.3610 	EXP 	window1: recordFrameIntervals = True
19.5446 	EXP 	window1: recordFrameIntervals = False
19.5992 	EXP 	Created text = TextStim(__class__=<class 'psychopy.visual.text.TextStim'>, alignHoriz=method-wrapper(...), alignText='center', alignVert=method-wrapper(...), anchorHoriz='center', anchorVert='center', antialias=True, autoLog=True, bold=False, color=array([1., 1., 1.]), colorSpace='rgb', contrast=1.0, depth=0.0, flipHoriz=False, flipVert=False, font='Arial', fontFiles=[], height=0.15, italic=False, languageStyle='LTR', name='text', opacity=1, ori=0, pos=array([0., 0.]), rgb=UNKNOWN, text='+', units='norm', win=Window(...), wrapWidth=1)
19.6177 	EXP 	Created text = TextStim(__class__=<class 'psychopy.visual.text.TextStim'>, alignHoriz=method-wrapper(...), alignText='center', alignVert=method-wrapper(...), anchorHoriz='center', anchorVert='center', antialias=True, autoLog=True, bold=False, color=array([1., 1., 1.]), colorSpace='rgb', contrast=1.0, depth=0.0, flipHoriz=False, flipVert=False, font='Arial', fontFiles=[], height=0.07, italic=False, languageStyle='LTR', name='text', opacity=1, ori=0, pos=array([0., 0.]), rgb=UNKNOWN, text=str(...), units='norm', win=Window(...), wrapWidth=1.65)
19.6263 	EXP 	Created text = TextStim(__class__=<class 'psychopy.visual.text.TextStim'>, alignHoriz=method-wrapper(...), alignText='center', alignVert=method-wrapper(...), anchorHoriz='center', anchorVert='center', antialias=True, autoLog=True, bold=False, color=array([1., 1., 1.]), colorSpace='rgb', contrast=1.0, depth=0.0, flipHoriz=False, flipVert=False, font='Arial', fontFiles=[], height=0.07, italic=False, languageStyle='LTR', name='text', opacity=1, ori=0, pos=array([0., 0.]), rgb=UNKNOWN, text=str(...), units='norm', win=Window(...), wrapWidth=1.65)
19.6351 	EXP 	Created text = TextStim(__class__=<class 'psychopy.visual.text.TextStim'>, alignHoriz=method-wrapper(...), alignText='center', alignVert=method-wrapper(...), anchorHoriz='center', anchorVert='center', antialias=True, autoLog=True, bold=False, color=array([1., 1., 1.]), colorSpace='rgb', contrast=1.0, depth=0.0, flipHoriz=False, flipVert=False, font='Arial', fontFiles=[], height=0.07, italic=False, languageStyle='LTR', name='text', opacity=1, ori=0, pos=array([0., 0.]), rgb=UNKNOWN, text=str(...), units='norm', win=Window(...), wrapWidth=1.65)
19.6455 	EXP 	Created text = TextStim(__class__=<class 'psychopy.visual.text.TextStim'>, alignHoriz=method-wrapper(...), alignText='center', alignVert=method-wrapper(...), anchorHoriz='center', anchorVert='center', antialias=True, autoLog=True, bold=False, color=array([1., 1., 1.]), colorSpace='rgb', contrast=1.0, depth=0.0, flipHoriz=False, flipVert=False, font='Arial', fontFiles=[], height=0.07, italic=False, languageStyle='LTR', name='text', opacity=1, ori=0, pos=array([0., 0.]), rgb=UNKNOWN, text=str(...), units='norm', win=Window(...), wrapWidth=1.65)
19.6515 	EXP 	Created text = TextStim(__class__=<class 'psychopy.visual.text.TextStim'>, alignHoriz=method-wrapper(...), alignText='center', alignVert=method-wrapper(...), anchorHoriz='center', anchorVert='center', antialias=True, autoLog=True, bold=False, color=array([1., 1., 1.]), colorSpace='rgb', contrast=1.0, depth=0.0, flipHoriz=False, flipVert=False, font='Arial', fontFiles=[], height=0.07, italic=False, languageStyle='LTR', name='text', opacity=1, ori=0, pos=array([0., 0.]), rgb=UNKNOWN, text=str(...), units='norm', win=Window(...), wrapWidth=1.65)
19.6652 	EXP 	Created text = TextStim(__class__=<class 'psychopy.visual.text.TextStim'>, alignHoriz=method-wrapper(...), alignText='center', alignVert=method-wrapper(...), anchorHoriz='center', anchorVert='center', antialias=True, autoLog=True, bold=False, color=array([1., 1., 1.]), colorSpace='rgb', contrast=1.0, depth=0.0, flipHoriz=False, flipVert=False, font='Arial', fontFiles=[], height=0.15, italic=False, languageStyle='LTR', name='text', opacity=1, ori=0, pos=array([0., 0.]), rgb=UNKNOWN, text=str(...), units='norm', win=Window(...), wrapWidth=1.65)
19.6936 	EXP 	Created text = TextStim(__class__=<class 'psychopy.visual.text.TextStim'>, alignHoriz=method-wrapper(...), alignText='center', alignVert=method-wrapper(...), anchorHoriz='center', anchorVert='center', antialias=True, autoLog=True, bold=False, color=array([1., 1., 1.]), colorSpace='rgb', contrast=1.0, depth=0.0, flipHoriz=False, flipVert=False, font='Arial', fontFiles=[], height=0.07, italic=False, languageStyle='LTR', name='text', opacity=1, ori=0, pos=array([0., 0.]), rgb=UNKNOWN, text=str(...), units='norm', win=Window(...), wrapWidth=1.65)
19.7137 	EXP 	Created text = TextStim(__class__=<class 'psychopy.visual.text.TextStim'>, alignHoriz=method-wrapper(...), alignText='center', alignVert=method-wrapper(...), anchorHoriz='center', anchorVert='center', antialias=True, autoLog=True, bold=False, color=array([1., 1., 1.]), colorSpace='rgb', contrast=1.0, depth=0.0, flipHoriz=False, flipVert=False, font='Arial', fontFiles=[], height=0.07, italic=False, languageStyle='LTR', name='text', opacity=1, ori=0, pos=array([0., 0.]), rgb=UNKNOWN, text=str(...), units='norm', win=Window(...), wrapWidth=1.65)
19.7431 	EXP 	Created text = TextStim(__class__=<class 'psychopy.visual.text.TextStim'>, alignHoriz=method-wrapper(...), alignText='center', alignVert=method-wrapper(...), anchorHoriz='center', anchorVert='center', antialias=True, autoLog=True, bold=False, color=array([1., 1., 1.]), colorSpace='rgb', contrast=1.0, depth=0.0, flipHoriz=False, flipVert=False, font='Arial', fontFiles=[], height=0.07, italic=False, languageStyle='LTR', name='text', opacity=1, ori=0, pos=array([0., 0.]), rgb=UNKNOWN, text=str(...), units='norm', win=Window(...), wrapWidth=1.65)
19.7663 	EXP 	Created text = TextStim(__class__=<class 'psychopy.visual.text.TextStim'>, alignHoriz=method-wrapper(...), alignText='center', alignVert=method-wrapper(...), anchorHoriz='center', anchorVert='center', antialias=True, autoLog=True, bold=False, color=array([1., 1., 1.]), colorSpace='rgb', contrast=1.0, depth=0.0, flipHoriz=False, flipVert=False, font='Arial', fontFiles=[], height=0.07, italic=False, languageStyle='LTR', name='text', opacity=1, ori=0, pos=array([0., 0.]), rgb=UNKNOWN, text=str(...), units='norm', win=Window(...), wrapWidth=1.65)
19.7954 	EXP 	Created text = TextStim(__class__=<class 'psychopy.visual.text.TextStim'>, alignHoriz=method-wrapper(...), alignText='center', alignVert=method-wrapper(...), anchorHoriz='center', anchorVert='center', antialias=True, autoLog=True, bold=False, color=array([1., 1., 1.]), colorSpace='rgb', contrast=1.0, depth=0.0, flipHoriz=False, flipVert=False, font='Arial', fontFiles=[], height=0.07, italic=False, languageStyle='LTR', name='text', opacity=1, ori=0, pos=array([0., 0.]), rgb=UNKNOWN, text=str(...), units='norm', win=Window(...), wrapWidth=1.65)
19.8055 	EXP 	Created text = TextStim(__class__=<class 'psychopy.visual.text.TextStim'>, alignHoriz=method-wrapper(...), alignText='center', alignVert=method-wrapper(...), anchorHoriz='center', anchorVert='center', antialias=True, autoLog=True, bold=False, color=array([1., 1., 1.]), colorSpace='rgb', contrast=1.0, depth=0.0, flipHoriz=False, flipVert=False, font='Arial', fontFiles=[], height=0.07, italic=False, languageStyle='LTR', name='text', opacity=1, ori=0, pos=array([0., 0.]), rgb=UNKNOWN, text=str(...), units='norm', win=Window(...), wrapWidth=1.65)
19.8175 	EXP 	Created text = TextStim(__class__=<class 'psychopy.visual.text.TextStim'>, alignHoriz=method-wrapper(...), alignText='center', alignVert=method-wrapper(...), anchorHoriz='center', anchorVert='center', antialias=True, autoLog=True, bold=False, color=array([1., 1., 1.]), colorSpace='rgb', contrast=1.0, depth=0.0, flipHoriz=False, flipVert=False, font='Arial', fontFiles=[], height=0.07, italic=False, languageStyle='LTR', name='text', opacity=1, ori=0, pos=array([0., 0.]), rgb=UNKNOWN, text=str(...), units='norm', win=Window(...), wrapWidth=1.65)
19.8218 	EXP 	Created instru = TextStim(__class__=<class 'psychopy.visual.text.TextStim'>, alignHoriz=method-wrapper(...), alignText='center', alignVert=method-wrapper(...), anchorHoriz='center', anchorVert='center', antialias=True, autoLog=True, bold=False, color=array([1., 1., 1.]), colorSpace='rgb', contrast=1.0, depth=0.0, flipHoriz=False, flipVert=False, font='Arial', fontFiles=[], height=0.07, italic=False, languageStyle='LTR', name='instru', opacity=1, ori=0, pos=array([0. , 0.5]), rgb=UNKNOWN, text=str(...), units='norm', win=Window(...), wrapWidth=1)
19.8243 	EXP 	Created unnamed Line = Line(__class__=<class 'psychopy.visual.line.Line'>, autoDraw=False, autoLog=True, closeShape=False, color=array([1., 1., 1.]), colorSpace='rgb', contrast=None, depth=0, fillColor=array([0, 0, 0]), fillColorSpace='rgb', fillRGB=array([0, 0, 0]), interpolate=True, lineColor=array([1., 1., 1.]), lineColorSpace='rgb', lineRGB=array([1, 1, 1]), lineWidth=5, name='unnamed Line', opacity=0.5, ori=0.0, pos=array([0., 0.]), size=array([1., 1.]), units='norm', vertices=array([[-0.5,  0. ],
       [ 0.5,  0. ]]), win=Window(...), windingRule=None)
19.8263 	EXP 	Created unnamed Line = Line(__class__=<class 'psychopy.visual.line.Line'>, autoDraw=False, autoLog=True, closeShape=False, color=array([1., 1., 1.]), colorSpace='rgb', contrast=None, depth=0, fillColor=array([0, 0, 0]), fillColorSpace='rgb', fillRGB=array([0, 0, 0]), interpolate=True, lineColor=array([1., 1., 1.]), lineColorSpace='rgb', lineRGB=array([1, 1, 1]), lineWidth=3, name='unnamed Line', opacity=0.5, ori=0.0, pos=array([0., 0.]), size=array([1., 1.]), units='norm', vertices=array([[-0.5 , -0.05],
       [-0.5 ,  0.05]]), win=Window(...), windingRule=None)
19.8283 	EXP 	Created unnamed Line = Line(__class__=<class 'psychopy.visual.line.Line'>, autoDraw=False, autoLog=True, closeShape=False, color=array([1., 1., 1.]), colorSpace='rgb', contrast=None, depth=0, fillColor=array([0, 0, 0]), fillColorSpace='rgb', fillRGB=array([0, 0, 0]), interpolate=True, lineColor=array([1., 1., 1.]), lineColorSpace='rgb', lineRGB=array([1, 1, 1]), lineWidth=3, name='unnamed Line', opacity=0.5, ori=0.0, pos=array([0., 0.]), size=array([1., 1.]), units='norm', vertices=ndarray(...), win=Window(...), windingRule=None)
19.8303 	EXP 	Created unnamed Line = Line(__class__=<class 'psychopy.visual.line.Line'>, autoDraw=False, autoLog=True, closeShape=False, color=array([1., 1., 1.]), colorSpace='rgb', contrast=None, depth=0, fillColor=array([0, 0, 0]), fillColorSpace='rgb', fillRGB=array([0, 0, 0]), interpolate=True, lineColor=array([1., 1., 1.]), lineColorSpace='rgb', lineRGB=array([1, 1, 1]), lineWidth=3, name='unnamed Line', opacity=0.5, ori=0.0, pos=array([0., 0.]), size=array([1., 1.]), units='norm', vertices=ndarray(...), win=Window(...), windingRule=None)
19.8323 	EXP 	Created unnamed Line = Line(__class__=<class 'psychopy.visual.line.Line'>, autoDraw=False, autoLog=True, closeShape=False, color=array([1., 1., 1.]), colorSpace='rgb', contrast=None, depth=0, fillColor=array([0, 0, 0]), fillColorSpace='rgb', fillRGB=array([0, 0, 0]), interpolate=True, lineColor=array([1., 1., 1.]), lineColorSpace='rgb', lineRGB=array([1, 1, 1]), lineWidth=3, name='unnamed Line', opacity=0.5, ori=0.0, pos=array([0., 0.]), size=array([1., 1.]), units='norm', vertices=array([[ 0.5 , -0.05],
       [ 0.5 ,  0.05]]), win=Window(...), windingRule=None)
19.8449 	EXP 	Created unnamed TextStim = TextStim(__class__=<class 'psychopy.visual.text.TextStim'>, alignHoriz=method-wrapper(...), alignText='center', alignVert=method-wrapper(...), anchorHoriz='center', anchorVert='center', antialias=True, autoLog=True, bold=False, color=array([1., 1., 1.]), colorSpace='rgb', contrast=1.0, depth=0, flipHoriz=False, flipVert=False, font='', fontFiles=[], height=0.05, italic=False, languageStyle='LTR', name='unnamed TextStim', opacity=1.0, ori=0.0, pos=array([-0.5, -0.1]), rgb=UNKNOWN, text='Helt klart \n IKKE FOKUSERT', units='norm', win=Window(...), wrapWidth=1)
19.8459 	EXP 	Created unnamed TextStim = TextStim(__class__=<class 'psychopy.visual.text.TextStim'>, alignHoriz=method-wrapper(...), alignText='center', alignVert=method-wrapper(...), anchorHoriz='center', anchorVert='center', antialias=True, autoLog=True, bold=False, color=array([1., 1., 1.]), colorSpace='rgb', contrast=1.0, depth=0, flipHoriz=False, flipVert=False, font='', fontFiles=[], height=0.05, italic=False, languageStyle='LTR', name='unnamed TextStim', opacity=1.0, ori=0.0, pos=array([-0.16666667, -0.1       ]), rgb=UNKNOWN, text='', units='norm', win=Window(...), wrapWidth=1)
19.8469 	EXP 	Created unnamed TextStim = TextStim(__class__=<class 'psychopy.visual.text.TextStim'>, alignHoriz=method-wrapper(...), alignText='center', alignVert=method-wrapper(...), anchorHoriz='center', anchorVert='center', antialias=True, autoLog=True, bold=False, color=array([1., 1., 1.]), colorSpace='rgb', contrast=1.0, depth=0, flipHoriz=False, flipVert=False, font='', fontFiles=[], height=0.05, italic=False, languageStyle='LTR', name='unnamed TextStim', opacity=1.0, ori=0.0, pos=array([ 0.16666667, -0.1       ]), rgb=UNKNOWN, text='', units='norm', win=Window(...), wrapWidth=1)
19.8500 	EXP 	Created unnamed TextStim = TextStim(__class__=<class 'psychopy.visual.text.TextStim'>, alignHoriz=method-wrapper(...), alignText='center', alignVert=method-wrapper(...), anchorHoriz='center', anchorVert='center', antialias=True, autoLog=True, bold=False, color=array([1., 1., 1.]), colorSpace='rgb', contrast=1.0, depth=0, flipHoriz=False, flipVert=False, font='', fontFiles=[], height=0.05, italic=False, languageStyle='LTR', name='unnamed TextStim', opacity=1.0, ori=0.0, pos=array([ 0.5, -0.1]), rgb=UNKNOWN, text='Helt klart \n FOKUSERT', units='norm', win=Window(...), wrapWidth=1)
19.8518 	EXP 	Created unnamed ShapeStim = ShapeStim(__class__=<class 'psychopy.visual.shape.ShapeStim'>, autoDraw=False, autoLog=True, closeShape=True, color=method-wrapper(...), colorSpace='rgb', contrast=None, depth=0, fillColor=array([1, 1, 1]), fillColorSpace='rgb', fillRGB=array([1, 1, 1]), interpolate=True, lineColor=array([-1., -1., -1.]), lineColorSpace='rgb', lineRGB=array([-1, -1, -1]), lineWidth=1.5, name='unnamed ShapeStim', opacity=1.0, ori=0.0, pos=array([0., 0.]), size=array([1., 1.]), units='norm', vertices=ndarray(...), win=Window(...), windingRule=None)
19.8593 	EXP 	Created instru = TextStim(__class__=<class 'psychopy.visual.text.TextStim'>, alignHoriz=method-wrapper(...), alignText='center', alignVert=method-wrapper(...), anchorHoriz='center', anchorVert='center', antialias=True, autoLog=True, bold=False, color=array([1., 1., 1.]), colorSpace='rgb', contrast=1.0, depth=0.0, flipHoriz=False, flipVert=False, font='Arial', fontFiles=[], height=0.07, italic=False, languageStyle='LTR', name='instru', opacity=1, ori=0, pos=array([0. , 0.5]), rgb=UNKNOWN, text=str(...), units='norm', win=Window(...), wrapWidth=1)
19.8613 	EXP 	Created unnamed Line = Line(__class__=<class 'psychopy.visual.line.Line'>, autoDraw=False, autoLog=True, closeShape=False, color=array([1., 1., 1.]), colorSpace='rgb', contrast=None, depth=0, fillColor=array([0, 0, 0]), fillColorSpace='rgb', fillRGB=array([0, 0, 0]), interpolate=True, lineColor=array([1., 1., 1.]), lineColorSpace='rgb', lineRGB=array([1, 1, 1]), lineWidth=5, name='unnamed Line', opacity=0.5, ori=0.0, pos=array([0., 0.]), size=array([1., 1.]), units='norm', vertices=array([[-0.5,  0. ],
       [ 0.5,  0. ]]), win=Window(...), windingRule=None)
19.8633 	EXP 	Created unnamed Line = Line(__class__=<class 'psychopy.visual.line.Line'>, autoDraw=False, autoLog=True, closeShape=False, color=array([1., 1., 1.]), colorSpace='rgb', contrast=None, depth=0, fillColor=array([0, 0, 0]), fillColorSpace='rgb', fillRGB=array([0, 0, 0]), interpolate=True, lineColor=array([1., 1., 1.]), lineColorSpace='rgb', lineRGB=array([1, 1, 1]), lineWidth=3, name='unnamed Line', opacity=0.5, ori=0.0, pos=array([0., 0.]), size=array([1., 1.]), units='norm', vertices=array([[-0.5 , -0.05],
       [-0.5 ,  0.05]]), win=Window(...), windingRule=None)
19.8653 	EXP 	Created unnamed Line = Line(__class__=<class 'psychopy.visual.line.Line'>, autoDraw=False, autoLog=True, closeShape=False, color=array([1., 1., 1.]), colorSpace='rgb', contrast=None, depth=0, fillColor=array([0, 0, 0]), fillColorSpace='rgb', fillRGB=array([0, 0, 0]), interpolate=True, lineColor=array([1., 1., 1.]), lineColorSpace='rgb', lineRGB=array([1, 1, 1]), lineWidth=3, name='unnamed Line', opacity=0.5, ori=0.0, pos=array([0., 0.]), size=array([1., 1.]), units='norm', vertices=ndarray(...), win=Window(...), windingRule=None)
19.8673 	EXP 	Created unnamed Line = Line(__class__=<class 'psychopy.visual.line.Line'>, autoDraw=False, autoLog=True, closeShape=False, color=array([1., 1., 1.]), colorSpace='rgb', contrast=None, depth=0, fillColor=array([0, 0, 0]), fillColorSpace='rgb', fillRGB=array([0, 0, 0]), interpolate=True, lineColor=array([1., 1., 1.]), lineColorSpace='rgb', lineRGB=array([1, 1, 1]), lineWidth=3, name='unnamed Line', opacity=0.5, ori=0.0, pos=array([0., 0.]), size=array([1., 1.]), units='norm', vertices=ndarray(...), win=Window(...), windingRule=None)
19.8693 	EXP 	Created unnamed Line = Line(__class__=<class 'psychopy.visual.line.Line'>, autoDraw=False, autoLog=True, closeShape=False, color=array([1., 1., 1.]), colorSpace='rgb', contrast=None, depth=0, fillColor=array([0, 0, 0]), fillColorSpace='rgb', fillRGB=array([0, 0, 0]), interpolate=True, lineColor=array([1., 1., 1.]), lineColorSpace='rgb', lineRGB=array([1, 1, 1]), lineWidth=3, name='unnamed Line', opacity=0.5, ori=0.0, pos=array([0., 0.]), size=array([1., 1.]), units='norm', vertices=array([[ 0.5 , -0.05],
       [ 0.5 ,  0.05]]), win=Window(...), windingRule=None)
19.8745 	EXP 	Created unnamed TextStim = TextStim(__class__=<class 'psychopy.visual.text.TextStim'>, alignHoriz=method-wrapper(...), alignText='center', alignVert=method-wrapper(...), anchorHoriz='center', anchorVert='center', antialias=True, autoLog=True, bold=False, color=array([1., 1., 1.]), colorSpace='rgb', contrast=1.0, depth=0, flipHoriz=False, flipVert=False, font='', fontFiles=[], height=0.05, italic=False, languageStyle='LTR', name='unnamed TextStim', opacity=1.0, ori=0.0, pos=array([-0.5, -0.1]), rgb=UNKNOWN, text='Helt klart \n INGENTING', units='norm', win=Window(...), wrapWidth=1)
19.8755 	EXP 	Created unnamed TextStim = TextStim(__class__=<class 'psychopy.visual.text.TextStim'>, alignHoriz=method-wrapper(...), alignText='center', alignVert=method-wrapper(...), anchorHoriz='center', anchorVert='center', antialias=True, autoLog=True, bold=False, color=array([1., 1., 1.]), colorSpace='rgb', contrast=1.0, depth=0, flipHoriz=False, flipVert=False, font='', fontFiles=[], height=0.05, italic=False, languageStyle='LTR', name='unnamed TextStim', opacity=1.0, ori=0.0, pos=array([-0.16666667, -0.1       ]), rgb=UNKNOWN, text='', units='norm', win=Window(...), wrapWidth=1)
19.8766 	EXP 	Created unnamed TextStim = TextStim(__class__=<class 'psychopy.visual.text.TextStim'>, alignHoriz=method-wrapper(...), alignText='center', alignVert=method-wrapper(...), anchorHoriz='center', anchorVert='center', antialias=True, autoLog=True, bold=False, color=array([1., 1., 1.]), colorSpace='rgb', contrast=1.0, depth=0, flipHoriz=False, flipVert=False, font='', fontFiles=[], height=0.05, italic=False, languageStyle='LTR', name='unnamed TextStim', opacity=1.0, ori=0.0, pos=array([ 0.16666667, -0.1       ]), rgb=UNKNOWN, text='', units='norm', win=Window(...), wrapWidth=1)
19.8799 	EXP 	Created unnamed TextStim = TextStim(__class__=<class 'psychopy.visual.text.TextStim'>, alignHoriz=method-wrapper(...), alignText='center', alignVert=method-wrapper(...), anchorHoriz='center', anchorVert='center', antialias=True, autoLog=True, bold=False, color=array([1., 1., 1.]), colorSpace='rgb', contrast=1.0, depth=0, flipHoriz=False, flipVert=False, font='', fontFiles=[], height=0.05, italic=False, languageStyle='LTR', name='unnamed TextStim', opacity=1.0, ori=0.0, pos=array([ 0.5, -0.1]), rgb=UNKNOWN, text='Helt klart \n NOE', units='norm', win=Window(...), wrapWidth=1)
19.8817 	EXP 	Created unnamed ShapeStim = ShapeStim(__class__=<class 'psychopy.visual.shape.ShapeStim'>, autoDraw=False, autoLog=True, closeShape=True, color=method-wrapper(...), colorSpace='rgb', contrast=None, depth=0, fillColor=array([1, 1, 1]), fillColorSpace='rgb', fillRGB=array([1, 1, 1]), interpolate=True, lineColor=array([-1., -1., -1.]), lineColorSpace='rgb', lineRGB=array([-1, -1, -1]), lineWidth=1.5, name='unnamed ShapeStim', opacity=1.0, ori=0.0, pos=array([0., 0.]), size=array([1., 1.]), units='norm', vertices=ndarray(...), win=Window(...), windingRule=None)
19.8891 	EXP 	Created instru = TextStim(__class__=<class 'psychopy.visual.text.TextStim'>, alignHoriz=method-wrapper(...), alignText='center', alignVert=method-wrapper(...), anchorHoriz='center', anchorVert='center', antialias=True, autoLog=True, bold=False, color=array([1., 1., 1.]), colorSpace='rgb', contrast=1.0, depth=0.0, flipHoriz=False, flipVert=False, font='Arial', fontFiles=[], height=0.07, italic=False, languageStyle='LTR', name='instru', opacity=1, ori=0, pos=array([0. , 0.5]), rgb=UNKNOWN, text=str(...), units='norm', win=Window(...), wrapWidth=1)
19.8912 	EXP 	Created unnamed Line = Line(__class__=<class 'psychopy.visual.line.Line'>, autoDraw=False, autoLog=True, closeShape=False, color=array([1., 1., 1.]), colorSpace='rgb', contrast=None, depth=0, fillColor=array([0, 0, 0]), fillColorSpace='rgb', fillRGB=array([0, 0, 0]), interpolate=True, lineColor=array([1., 1., 1.]), lineColorSpace='rgb', lineRGB=array([1, 1, 1]), lineWidth=5, name='unnamed Line', opacity=0.5, ori=0.0, pos=array([0., 0.]), size=array([1., 1.]), units='norm', vertices=array([[-0.5,  0. ],
       [ 0.5,  0. ]]), win=Window(...), windingRule=None)
19.8933 	EXP 	Created unnamed Line = Line(__class__=<class 'psychopy.visual.line.Line'>, autoDraw=False, autoLog=True, closeShape=False, color=array([1., 1., 1.]), colorSpace='rgb', contrast=None, depth=0, fillColor=array([0, 0, 0]), fillColorSpace='rgb', fillRGB=array([0, 0, 0]), interpolate=True, lineColor=array([1., 1., 1.]), lineColorSpace='rgb', lineRGB=array([1, 1, 1]), lineWidth=3, name='unnamed Line', opacity=0.5, ori=0.0, pos=array([0., 0.]), size=array([1., 1.]), units='norm', vertices=array([[-0.5 , -0.05],
       [-0.5 ,  0.05]]), win=Window(...), windingRule=None)
19.8954 	EXP 	Created unnamed Line = Line(__class__=<class 'psychopy.visual.line.Line'>, autoDraw=False, autoLog=True, closeShape=False, color=array([1., 1., 1.]), colorSpace='rgb', contrast=None, depth=0, fillColor=array([0, 0, 0]), fillColorSpace='rgb', fillRGB=array([0, 0, 0]), interpolate=True, lineColor=array([1., 1., 1.]), lineColorSpace='rgb', lineRGB=array([1, 1, 1]), lineWidth=3, name='unnamed Line', opacity=0.5, ori=0.0, pos=array([0., 0.]), size=array([1., 1.]), units='norm', vertices=ndarray(...), win=Window(...), windingRule=None)
19.8974 	EXP 	Created unnamed Line = Line(__class__=<class 'psychopy.visual.line.Line'>, autoDraw=False, autoLog=True, closeShape=False, color=array([1., 1., 1.]), colorSpace='rgb', contrast=None, depth=0, fillColor=array([0, 0, 0]), fillColorSpace='rgb', fillRGB=array([0, 0, 0]), interpolate=True, lineColor=array([1., 1., 1.]), lineColorSpace='rgb', lineRGB=array([1, 1, 1]), lineWidth=3, name='unnamed Line', opacity=0.5, ori=0.0, pos=array([0., 0.]), size=array([1., 1.]), units='norm', vertices=ndarray(...), win=Window(...), windingRule=None)
19.8995 	EXP 	Created unnamed Line = Line(__class__=<class 'psychopy.visual.line.Line'>, autoDraw=False, autoLog=True, closeShape=False, color=array([1., 1., 1.]), colorSpace='rgb', contrast=None, depth=0, fillColor=array([0, 0, 0]), fillColorSpace='rgb', fillRGB=array([0, 0, 0]), interpolate=True, lineColor=array([1., 1., 1.]), lineColorSpace='rgb', lineRGB=array([1, 1, 1]), lineWidth=3, name='unnamed Line', opacity=0.5, ori=0.0, pos=array([0., 0.]), size=array([1., 1.]), units='norm', vertices=array([[ 0.5 , -0.05],
       [ 0.5 ,  0.05]]), win=Window(...), windingRule=None)
19.9041 	EXP 	Created unnamed TextStim = TextStim(__class__=<class 'psychopy.visual.text.TextStim'>, alignHoriz=method-wrapper(...), alignText='center', alignVert=method-wrapper(...), anchorHoriz='center', anchorVert='center', antialias=True, autoLog=True, bold=False, color=array([1., 1., 1.]), colorSpace='rgb', contrast=1.0, depth=0, flipHoriz=False, flipVert=False, font='', fontFiles=[], height=0.05, italic=False, languageStyle='LTR', name='unnamed TextStim', opacity=1.0, ori=0.0, pos=array([-0.5, -0.1]), rgb=UNKNOWN, text='Helt klart \n SPONTAN', units='norm', win=Window(...), wrapWidth=1)
19.9053 	EXP 	Created unnamed TextStim = TextStim(__class__=<class 'psychopy.visual.text.TextStim'>, alignHoriz=method-wrapper(...), alignText='center', alignVert=method-wrapper(...), anchorHoriz='center', anchorVert='center', antialias=True, autoLog=True, bold=False, color=array([1., 1., 1.]), colorSpace='rgb', contrast=1.0, depth=0, flipHoriz=False, flipVert=False, font='', fontFiles=[], height=0.05, italic=False, languageStyle='LTR', name='unnamed TextStim', opacity=1.0, ori=0.0, pos=array([-0.16666667, -0.1       ]), rgb=UNKNOWN, text='', units='norm', win=Window(...), wrapWidth=1)
19.9063 	EXP 	Created unnamed TextStim = TextStim(__class__=<class 'psychopy.visual.text.TextStim'>, alignHoriz=method-wrapper(...), alignText='center', alignVert=method-wrapper(...), anchorHoriz='center', anchorVert='center', antialias=True, autoLog=True, bold=False, color=array([1., 1., 1.]), colorSpace='rgb', contrast=1.0, depth=0, flipHoriz=False, flipVert=False, font='', fontFiles=[], height=0.05, italic=False, languageStyle='LTR', name='unnamed TextStim', opacity=1.0, ori=0.0, pos=array([ 0.16666667, -0.1       ]), rgb=UNKNOWN, text='', units='norm', win=Window(...), wrapWidth=1)
19.9107 	EXP 	Created unnamed TextStim = TextStim(__class__=<class 'psychopy.visual.text.TextStim'>, alignHoriz=method-wrapper(...), alignText='center', alignVert=method-wrapper(...), anchorHoriz='center', anchorVert='center', antialias=True, autoLog=True, bold=False, color=array([1., 1., 1.]), colorSpace='rgb', contrast=1.0, depth=0, flipHoriz=False, flipVert=False, font='', fontFiles=[], height=0.05, italic=False, languageStyle='LTR', name='unnamed TextStim', opacity=1.0, ori=0.0, pos=array([ 0.5, -0.1]), rgb=UNKNOWN, text='Helt klart \n BEVISST', units='norm', win=Window(...), wrapWidth=1)
19.9125 	EXP 	Created unnamed ShapeStim = ShapeStim(__class__=<class 'psychopy.visual.shape.ShapeStim'>, autoDraw=False, autoLog=True, closeShape=True, color=method-wrapper(...), colorSpace='rgb', contrast=None, depth=0, fillColor=array([1, 1, 1]), fillColorSpace='rgb', fillRGB=array([1, 1, 1]), interpolate=True, lineColor=array([-1., -1., -1.]), lineColorSpace='rgb', lineRGB=array([-1, -1, -1]), lineWidth=1.5, name='unnamed ShapeStim', opacity=1.0, ori=0.0, pos=array([0., 0.]), size=array([1., 1.]), units='norm', vertices=ndarray(...), win=Window(...), windingRule=None)
19.9620 	EXP 	Sound  set volume 1.000
19.9964 	EXP 	unnamed ShapeStim: vertices = <class 'numpy.ndarray'>
19.9964 	EXP 	unnamed ShapeStim: vertices = <class 'numpy.ndarray'>
19.9964 	EXP 	unnamed ShapeStim: vertices = <class 'numpy.ndarray'>
199.2392 	DATA 	Keypress: rctrl
199.7591 	EXP 	Sound  started
200.0551 	DATA 	Keypress: rctrl
200.4390 	DATA 	Keypress: lctrl
200.5091 	EXP 	Sound  started
201.1750 	DATA 	Keypress: lctrl
201.2591 	EXP 	Sound  started
201.9270 	DATA 	Keypress: lctrl
202.0091 	EXP 	Sound  started
202.7430 	DATA 	Keypress: rctrl
202.7591 	EXP 	Sound  started
203.4471 	DATA 	Keypress: rctrl
203.5091 	EXP 	Sound  started
204.2591 	EXP 	Sound  started
204.2630 	DATA 	Keypress: lctrl
204.9510 	DATA 	Keypress: lctrl
205.0092 	EXP 	Sound  started
205.7350 	DATA 	Keypress: lctrl
205.7592 	EXP 	Sound  started
206.5092 	EXP 	Sound  started
206.5190 	DATA 	Keypress: lctrl
207.2550 	DATA 	Keypress: rctrl
207.2592 	EXP 	Sound  started
207.9750 	DATA 	Keypress: lctrl
208.0092 	EXP 	Sound  started
208.7270 	DATA 	Keypress: lctrl
208.7592 	EXP 	Sound  started
209.5092 	EXP 	Sound  started
209.5110 	DATA 	Keypress: lctrl
210.2593 	EXP 	Sound  started
210.2630 	DATA 	Keypress: lctrl
210.9990 	DATA 	Keypress: lctrl
211.0093 	EXP 	Sound  started
211.7191 	DATA 	Keypress: rctrl
211.7593 	EXP 	Sound  started
212.5031 	DATA 	Keypress: lctrl
212.5093 	EXP 	Sound  started
213.2070 	DATA 	Keypress: lctrl
213.2593 	EXP 	Sound  started
213.9750 	DATA 	Keypress: lctrl
214.0093 	EXP 	Sound  started
214.7430 	DATA 	Keypress: rctrl
214.7593 	EXP 	Sound  started
215.4951 	DATA 	Keypress: rctrl
215.5094 	EXP 	Sound  started
216.2471 	DATA 	Keypress: rctrl
216.2594 	EXP 	Sound  started
216.9990 	DATA 	Keypress: rctrl
217.0094 	EXP 	Sound  started
217.7350 	DATA 	Keypress: rctrl
217.7594 	EXP 	Sound  started
218.5094 	EXP 	Sound  started
218.5351 	DATA 	Keypress: rctrl
219.2594 	EXP 	Sound  started
219.3031 	DATA 	Keypress: rctrl
220.0095 	EXP 	Sound  started
220.0550 	DATA 	Keypress: lctrl
220.7430 	DATA 	Keypress: rctrl
220.7595 	EXP 	Sound  started
221.5095 	EXP 	Sound  started
221.5270 	DATA 	Keypress: lctrl
222.2470 	DATA 	Keypress: lctrl
222.2595 	EXP 	Sound  started
223.0095 	EXP 	Sound  started
223.0150 	DATA 	Keypress: lctrl
223.7510 	DATA 	Keypress: rctrl
223.7595 	EXP 	Sound  started
224.5030 	DATA 	Keypress: rctrl
224.5096 	EXP 	Sound  started
225.2596 	EXP 	Sound  started
225.2711 	DATA 	Keypress: rctrl
225.9910 	DATA 	Keypress: lctrl
226.0096 	EXP 	Sound  started
226.7270 	DATA 	Keypress: rctrl
226.7596 	EXP 	Sound  started
227.4790 	DATA 	Keypress: rctrl
227.5096 	EXP 	Sound  started
228.2596 	EXP 	Sound  started
228.2950 	DATA 	Keypress: rctrl
228.9510 	DATA 	Keypress: rctrl
229.0096 	EXP 	Sound  started
229.7596 	EXP 	Sound  started
229.8150 	DATA 	Keypress: lctrl
230.4870 	DATA 	Keypress: lctrl
230.5096 	EXP 	Sound  started
231.1750 	DATA 	Keypress: lctrl
231.2597 	EXP 	Sound  started
231.9750 	DATA 	Keypress: lctrl
232.0097 	EXP 	Sound  started
232.7430 	DATA 	Keypress: lctrl
232.7597 	EXP 	Sound  started
233.4790 	DATA 	Keypress: rctrl
233.5097 	EXP 	Sound  started
234.2150 	DATA 	Keypress: lctrl
234.2597 	EXP 	Sound  started
235.0097 	EXP 	Sound  started
235.0150 	DATA 	Keypress: lctrl
235.7597 	EXP 	Sound  started
235.7830 	DATA 	Keypress: lctrl
236.5030 	DATA 	Keypress: lctrl
236.5098 	EXP 	Sound  started
237.2230 	DATA 	Keypress: lctrl
237.2598 	EXP 	Sound  started
237.9910 	DATA 	Keypress: rctrl
238.0098 	EXP 	Sound  started
238.7110 	DATA 	Keypress: lctrl
238.7598 	EXP 	Sound  started
239.4951 	DATA 	Keypress: lctrl
239.5098 	EXP 	Sound  started
240.2150 	DATA 	Keypress: lctrl
240.2598 	EXP 	Sound  started
240.9671 	DATA 	Keypress: lctrl
241.0098 	EXP 	Sound  started
241.6870 	DATA 	Keypress: lctrl
241.7598 	EXP 	Sound  started
242.5030 	DATA 	Keypress: lctrl
242.5099 	EXP 	Sound  started
243.2550 	DATA 	Keypress: lctrl
243.2599 	EXP 	Sound  started
244.0070 	DATA 	Keypress: rctrl
244.0099 	EXP 	Sound  started
244.7270 	DATA 	Keypress: rctrl
244.7599 	EXP 	Sound  started
245.4631 	DATA 	Keypress: rctrl
245.5099 	EXP 	Sound  started
246.1510 	DATA 	Keypress: rctrl
246.2599 	EXP 	Sound  started
246.9670 	DATA 	Keypress: rctrl
247.0100 	EXP 	Sound  started
247.7030 	DATA 	Keypress: rctrl
247.7600 	EXP 	Sound  started
248.5100 	EXP 	Sound  started
248.5190 	DATA 	Keypress: rctrl
249.2230 	DATA 	Keypress: lctrl
249.2600 	EXP 	Sound  started
249.9431 	DATA 	Keypress: rctrl
250.0100 	EXP 	Sound  started
250.7270 	DATA 	Keypress: lctrl
250.7600 	EXP 	Sound  started
251.4630 	DATA 	Keypress: lctrl
251.5100 	EXP 	Sound  started
252.2310 	DATA 	Keypress: lctrl
252.2601 	EXP 	Sound  started
252.9830 	DATA 	Keypress: lctrl
253.0101 	EXP 	Sound  started
253.6870 	DATA 	Keypress: lctrl
253.7601 	EXP 	Sound  started
254.4551 	DATA 	Keypress: rctrl
254.5101 	EXP 	Sound  started
255.2551 	DATA 	Keypress: rctrl
255.2601 	EXP 	Sound  started
255.9431 	DATA 	Keypress: rctrl
256.0475 	EXP 	unnamed TextStim: text = ''
256.0475 	EXP 	unnamed TextStim: text = ''
258.1231 	DATA 	Keypress: 1
258.1396 	EXP 	unnamed ShapeStim: vertices = <class 'numpy.ndarray'>
259.6742 	EXP 	unnamed TextStim: text = ''
259.6742 	EXP 	unnamed TextStim: text = ''
265.7831 	DATA 	Keypress: 3
265.8125 	EXP 	unnamed ShapeStim: vertices = <class 'numpy.ndarray'>
267.3471 	EXP 	unnamed TextStim: text = ''
267.3471 	EXP 	unnamed TextStim: text = ''
277.8059 	DATA 	Keypress: 1
277.8224 	EXP 	unnamed ShapeStim: vertices = <class 'numpy.ndarray'>
280.1071 	EXP 	Sound  started
280.1073 	DATA 	Keypress: rctrl
280.8071 	DATA 	Keypress: lctrl
280.8571 	EXP 	Sound  started
281.5431 	DATA 	Keypress: lctrl
281.6071 	EXP 	Sound  started
282.3270 	DATA 	Keypress: lctrl
282.3571 	EXP 	Sound  started
283.1071 	EXP 	Sound  started
283.1271 	DATA 	Keypress: rctrl
283.7990 	DATA 	Keypress: rctrl
283.8572 	EXP 	Sound  started
284.5830 	DATA 	Keypress: rctrl
284.6072 	EXP 	Sound  started
285.3351 	DATA 	Keypress: rctrl
285.3572 	EXP 	Sound  started
286.0551 	DATA 	Keypress: rctrl
286.1072 	EXP 	Sound  started
286.8550 	DATA 	Keypress: lctrl
286.8572 	EXP 	Sound  started
287.5911 	DATA 	Keypress: rctrl
287.6072 	EXP 	Sound  started
288.3271 	DATA 	Keypress: lctrl
288.3572 	EXP 	Sound  started
289.0950 	DATA 	Keypress: lctrl
289.1072 	EXP 	Sound  started
289.8573 	EXP 	Sound  started
289.8630 	DATA 	Keypress: lctrl
290.5990 	DATA 	Keypress: lctrl
290.6073 	EXP 	Sound  started
291.3350 	DATA 	Keypress: lctrl
291.3573 	EXP 	Sound  started
292.0550 	DATA 	Keypress: lctrl
292.1073 	EXP 	Sound  started
292.8390 	DATA 	Keypress: rctrl
292.8573 	EXP 	Sound  started
293.5911 	DATA 	Keypress: lctrl
293.6073 	EXP 	Sound  started
294.2790 	DATA 	Keypress: lctrl
294.3573 	EXP 	Sound  started
295.0631 	DATA 	Keypress: lctrl
295.1074 	EXP 	Sound  started
295.8574 	EXP 	Sound  started
295.8791 	DATA 	Keypress: rctrl
296.5350 	DATA 	Keypress: rctrl
296.6074 	EXP 	Sound  started
297.3190 	DATA 	Keypress: rctrl
297.3574 	EXP 	Sound  started
298.1074 	EXP 	Sound  started
298.1190 	DATA 	Keypress: rctrl
298.8390 	DATA 	Keypress: rctrl
298.8574 	EXP 	Sound  started
299.5751 	DATA 	Keypress: rctrl
299.6074 	EXP 	Sound  started
300.3271 	DATA 	Keypress: rctrl
300.3575 	EXP 	Sound  started
301.0631 	DATA 	Keypress: lctrl
301.1075 	EXP 	Sound  started
301.7991 	DATA 	Keypress: rctrl
301.8575 	EXP 	Sound  started
302.5191 	DATA 	Keypress: rctrl
302.6075 	EXP 	Sound  started
303.3190 	DATA 	Keypress: rctrl
303.3575 	EXP 	Sound  started
304.0710 	DATA 	Keypress: lctrl
304.1075 	EXP 	Sound  started
304.8071 	DATA 	Keypress: lctrl
304.8575 	EXP 	Sound  started
305.5750 	DATA 	Keypress: lctrl
305.6076 	EXP 	Sound  started
306.2790 	DATA 	Keypress: lctrl
306.3576 	EXP 	Sound  started
307.0471 	DATA 	Keypress: lctrl
307.1076 	EXP 	Sound  started
307.7990 	DATA 	Keypress: lctrl
307.8576 	EXP 	Sound  started
308.5671 	DATA 	Keypress: lctrl
308.6076 	EXP 	Sound  started
309.3350 	DATA 	Keypress: lctrl
309.3576 	EXP 	Sound  started
310.0230 	DATA 	Keypress: rctrl
310.1076 	EXP 	Sound  started
310.7911 	DATA 	Keypress: rctrl
310.8577 	EXP 	Sound  started
311.5430 	DATA 	Keypress: lctrl
311.6077 	EXP 	Sound  started
312.3270 	DATA 	Keypress: rctrl
312.3577 	EXP 	Sound  started
313.0471 	DATA 	Keypress: rctrl
313.1077 	EXP 	Sound  started
313.8310 	DATA 	Keypress: rctrl
313.8577 	EXP 	Sound  started
314.5670 	DATA 	Keypress: rctrl
314.6077 	EXP 	Sound  started
315.3510 	DATA 	Keypress: rctrl
315.3577 	EXP 	Sound  started
316.0870 	DATA 	Keypress: rctrl
316.1077 	EXP 	Sound  started
316.7590 	DATA 	Keypress: rctrl
316.8578 	EXP 	Sound  started
317.6078 	EXP 	Sound  started
317.6550 	DATA 	Keypress: rctrl
318.3430 	DATA 	Keypress: lctrl
318.3578 	EXP 	Sound  started
319.0310 	DATA 	Keypress: rctrl
319.1078 	EXP 	Sound  started
319.7990 	DATA 	Keypress: rctrl
319.8578 	EXP 	Sound  started
320.5670 	DATA 	Keypress: rctrl
320.6078 	EXP 	Sound  started
321.3350 	DATA 	Keypress: lctrl
321.3578 	EXP 	Sound  started
322.1030 	DATA 	Keypress: lctrl
322.1079 	EXP 	Sound  started
322.8231 	DATA 	Keypress: lctrl
322.8579 	EXP 	Sound  started
323.5910 	DATA 	Keypress: lctrl
323.6079 	EXP 	Sound  started
324.3579 	EXP 	Sound  started
324.3751 	DATA 	Keypress: lctrl
325.1079 	EXP 	Sound  started
325.1430 	DATA 	Keypress: rctrl
325.8470 	DATA 	Keypress: lctrl
325.8579 	EXP 	Sound  started
326.5990 	DATA 	Keypress: lctrl
326.6079 	EXP 	Sound  started
327.3190 	DATA 	Keypress: rctrl
327.3580 	EXP 	Sound  started
328.1030 	DATA 	Keypress: rctrl
328.1080 	EXP 	Sound  started
328.8390 	DATA 	Keypress: lctrl
328.8580 	EXP 	Sound  started
329.5590 	DATA 	Keypress: lctrl
329.6080 	EXP 	Sound  started
330.3110 	DATA 	Keypress: lctrl
330.3580 	EXP 	Sound  started
331.0790 	DATA 	Keypress: rctrl
331.1080 	EXP 	Sound  started
331.7990 	DATA 	Keypress: lctrl
331.8580 	EXP 	Sound  started
332.5831 	DATA 	Keypress: rctrl
332.6081 	EXP 	Sound  started
333.3190 	DATA 	Keypress: rctrl
333.3581 	EXP 	Sound  started
334.1081 	EXP 	Sound  started
334.1190 	DATA 	Keypress: lctrl
334.8902 	DATA 	Keypress: rctrl
337.7884 	DATA 	Keypress: 3
337.8049 	EXP 	unnamed ShapeStim: vertices = <class 'numpy.ndarray'>
340.7116 	DATA 	Keypress: 3
340.7406 	EXP 	unnamed ShapeStim: vertices = <class 'numpy.ndarray'>
347.1460 	DATA 	Keypress: 3
347.1626 	EXP 	unnamed ShapeStim: vertices = <class 'numpy.ndarray'>
349.4472 	EXP 	Sound  started
349.5270 	DATA 	Keypress: rctrl
350.1972 	EXP 	Sound  started
350.1990 	DATA 	Keypress: lctrl
350.9031 	DATA 	Keypress: lctrl
350.9472 	EXP 	Sound  started
351.6870 	DATA 	Keypress: lctrl
351.6972 	EXP 	Sound  started
352.4472 	EXP 	Sound  started
352.5030 	DATA 	Keypress: rctrl
353.1591 	DATA 	Keypress: rctrl
353.1972 	EXP 	Sound  started
353.9270 	DATA 	Keypress: rctrl
353.9473 	EXP 	Sound  started
354.6973 	EXP 	Sound  started
355.4310 	DATA 	Keypress: rctrl
355.4473 	EXP 	Sound  started
356.1350 	DATA 	Keypress: lctrl
356.1973 	EXP 	Sound  started
356.8710 	DATA 	Keypress: lctrl
356.9473 	EXP 	Sound  started
357.5910 	DATA 	Keypress: lctrl
357.6973 	EXP 	Sound  started
358.3750 	DATA 	Keypress: lctrl
358.4473 	EXP 	Sound  started
359.1590 	DATA 	Keypress: lctrl
359.1973 	EXP 	Sound  started
359.8310 	DATA 	Keypress: rctrl
359.9473 	EXP 	Sound  started
360.6471 	DATA 	Keypress: lctrl
360.6974 	EXP 	Sound  started
361.3990 	DATA 	Keypress: lctrl
361.4474 	EXP 	Sound  started
362.1510 	DATA 	Keypress: rctrl
362.1974 	EXP 	Sound  started
362.9030 	DATA 	Keypress: rctrl
362.9474 	EXP 	Sound  started
363.6974 	EXP 	Sound  started
363.7191 	DATA 	Keypress: rctrl
364.4474 	EXP 	Sound  started
364.4550 	DATA 	Keypress: lctrl
365.1270 	DATA 	Keypress: rctrl
365.1974 	EXP 	Sound  started
365.9271 	DATA 	Keypress: rctrl
365.9475 	EXP 	Sound  started
366.6470 	DATA 	Keypress: rctrl
366.6975 	EXP 	Sound  started
367.4310 	DATA 	Keypress: lctrl
367.4475 	EXP 	Sound  started
368.1670 	DATA 	Keypress: lctrl
368.1975 	EXP 	Sound  started
368.9030 	DATA 	Keypress: lctrl
368.9475 	EXP 	Sound  started
369.6710 	DATA 	Keypress: lctrl
369.6975 	EXP 	Sound  started
370.4475 	EXP 	Sound  started
370.4551 	DATA 	Keypress: lctrl
371.1591 	DATA 	Keypress: rctrl
371.1976 	EXP 	Sound  started
371.8950 	DATA 	Keypress: lctrl
371.9476 	EXP 	Sound  started
372.6951 	DATA 	Keypress: lctrl
372.6976 	EXP 	Sound  started
373.3990 	DATA 	Keypress: rctrl
373.4476 	EXP 	Sound  started
374.1350 	DATA 	Keypress: rctrl
374.1976 	EXP 	Sound  started
374.9476 	EXP 	Sound  started
374.9510 	DATA 	Keypress: lctrl
375.6551 	DATA 	Keypress: rctrl
375.6976 	EXP 	Sound  started
376.3590 	DATA 	Keypress: rctrl
376.4477 	EXP 	Sound  started
377.1977 	EXP 	Sound  started
377.2070 	DATA 	Keypress: rctrl
377.9111 	DATA 	Keypress: rctrl
377.9477 	EXP 	Sound  started
378.6950 	DATA 	Keypress: rctrl
378.6977 	EXP 	Sound  started
379.3990 	DATA 	Keypress: lctrl
379.4477 	EXP 	Sound  started
380.1350 	DATA 	Keypress: rctrl
380.1977 	EXP 	Sound  started
380.8870 	DATA 	Keypress: rctrl
380.9478 	EXP 	Sound  started
381.6870 	DATA 	Keypress: lctrl
381.6978 	EXP 	Sound  started
382.4230 	DATA 	Keypress: lctrl
382.4478 	EXP 	Sound  started
383.1978 	EXP 	Sound  started
383.2070 	DATA 	Keypress: lctrl
383.8951 	DATA 	Keypress: lctrl
383.9478 	EXP 	Sound  started
384.6790 	DATA 	Keypress: lctrl
384.6978 	EXP 	Sound  started
385.3830 	DATA 	Keypress: rctrl
385.4478 	EXP 	Sound  started
386.1670 	DATA 	Keypress: lctrl
386.1978 	EXP 	Sound  started
386.8870 	DATA 	Keypress: lctrl
386.9478 	EXP 	Sound  started
387.7168 	DATA 	Keypress: rctrl
390.7484 	DATA 	Keypress: 2
390.7649 	EXP 	unnamed ShapeStim: vertices = <class 'numpy.ndarray'>
393.7547 	DATA 	Keypress: 3
393.7841 	EXP 	unnamed ShapeStim: vertices = <class 'numpy.ndarray'>
398.0249 	DATA 	Keypress: 2
398.0543 	EXP 	unnamed ShapeStim: vertices = <class 'numpy.ndarray'>
400.3390 	EXP 	Sound  started
400.3431 	DATA 	Keypress: rctrl
400.9990 	DATA 	Keypress: lctrl
401.0890 	EXP 	Sound  started
401.7830 	DATA 	Keypress: lctrl
401.8390 	EXP 	Sound  started
402.5510 	DATA 	Keypress: lctrl
402.5890 	EXP 	Sound  started
403.3350 	DATA 	Keypress: rctrl
403.3391 	EXP 	Sound  started
404.0870 	DATA 	Keypress: rctrl
404.0891 	EXP 	Sound  started
404.8070 	DATA 	Keypress: rctrl
404.8391 	EXP 	Sound  started
405.5430 	DATA 	Keypress: rctrl
405.5891 	EXP 	Sound  started
406.3110 	DATA 	Keypress: lctrl
406.3391 	EXP 	Sound  started
407.0310 	DATA 	Keypress: rctrl
407.0891 	EXP 	Sound  started
407.7670 	DATA 	Keypress: rctrl
407.8391 	EXP 	Sound  started
408.5190 	DATA 	Keypress: rctrl
408.5891 	EXP 	Sound  started
409.3030 	DATA 	Keypress: rctrl
409.3392 	EXP 	Sound  started
410.0892 	EXP 	Sound  started
410.1030 	DATA 	Keypress: rctrl
410.8071 	DATA 	Keypress: lctrl
410.8392 	EXP 	Sound  started
411.5430 	DATA 	Keypress: rctrl
411.5892 	EXP 	Sound  started
412.2950 	DATA 	Keypress: lctrl
412.3392 	EXP 	Sound  started
412.9670 	DATA 	Keypress: lctrl
413.0892 	EXP 	Sound  started
413.7670 	DATA 	Keypress: lctrl
413.8392 	EXP 	Sound  started
414.5510 	DATA 	Keypress: lctrl
414.5892 	EXP 	Sound  started
415.3350 	DATA 	Keypress: lctrl
415.3392 	EXP 	Sound  started
416.0550 	DATA 	Keypress: rctrl
416.0893 	EXP 	Sound  started
416.8070 	DATA 	Keypress: lctrl
416.8393 	EXP 	Sound  started
417.5750 	DATA 	Keypress: lctrl
417.5893 	EXP 	Sound  started
418.3110 	DATA 	Keypress: lctrl
418.3393 	EXP 	Sound  started
419.0310 	DATA 	Keypress: lctrl
419.0893 	EXP 	Sound  started
419.8310 	DATA 	Keypress: lctrl
419.8393 	EXP 	Sound  started
420.5510 	DATA 	Keypress: rctrl
420.5893 	EXP 	Sound  started
421.3030 	DATA 	Keypress: rctrl
421.3394 	EXP 	Sound  started
422.0894 	EXP 	Sound  started
422.1191 	DATA 	Keypress: lctrl
422.8231 	DATA 	Keypress: rctrl
422.8394 	EXP 	Sound  started
423.5590 	DATA 	Keypress: rctrl
423.5894 	EXP 	Sound  started
424.2950 	DATA 	Keypress: rctrl
424.3394 	EXP 	Sound  started
425.0470 	DATA 	Keypress: rctrl
425.0894 	EXP 	Sound  started
425.7990 	DATA 	Keypress: rctrl
425.8394 	EXP 	Sound  started
426.5030 	DATA 	Keypress: lctrl
426.5895 	EXP 	Sound  started
427.3191 	DATA 	Keypress: rctrl
427.3395 	EXP 	Sound  started
428.0230 	DATA 	Keypress: rctrl
428.0895 	EXP 	Sound  started
428.8395 	EXP 	Sound  started
428.8550 	DATA 	Keypress: lctrl
429.5110 	DATA 	Keypress: lctrl
429.5895 	EXP 	Sound  started
430.2950 	DATA 	Keypress: lctrl
430.3395 	EXP 	Sound  started
431.0310 	DATA 	Keypress: lctrl
431.0895 	EXP 	Sound  started
431.8150 	DATA 	Keypress: lctrl
431.8395 	EXP 	Sound  started
432.5670 	DATA 	Keypress: lctrl
432.5896 	EXP 	Sound  started
433.3350 	DATA 	Keypress: rctrl
433.3396 	EXP 	Sound  started
434.0552 	DATA 	Keypress: rctrl
434.0896 	EXP 	Sound  started
434.7910 	DATA 	Keypress: rctrl
434.8396 	EXP 	Sound  started
435.5270 	DATA 	Keypress: rctrl
435.5896 	EXP 	Sound  started
436.3396 	EXP 	Sound  started
436.3590 	DATA 	Keypress: rctrl
437.0470 	DATA 	Keypress: rctrl
437.0896 	EXP 	Sound  started
437.7351 	DATA 	Keypress: rctrl
437.8397 	EXP 	Sound  started
438.5830 	DATA 	Keypress: lctrl
438.5897 	EXP 	Sound  started
439.2070 	DATA 	Keypress: rctrl
439.3397 	EXP 	Sound  started
439.9910 	DATA 	Keypress: rctrl
440.0897 	EXP 	Sound  started
440.7750 	DATA 	Keypress: lctrl
440.8397 	EXP 	Sound  started
441.5897 	EXP 	Sound  started
441.6230 	DATA 	Keypress: lctrl
442.2630 	DATA 	Keypress: lctrl
442.3398 	EXP 	Sound  started
443.0630 	DATA 	Keypress: lctrl
443.0898 	EXP 	Sound  started
443.7991 	DATA 	Keypress: lctrl
443.8398 	EXP 	Sound  started
444.5030 	DATA 	Keypress: lctrl
444.5898 	EXP 	Sound  started
445.2550 	DATA 	Keypress: lctrl
445.3398 	EXP 	Sound  started
446.0230 	DATA 	Keypress: rctrl
446.0898 	EXP 	Sound  started
446.7750 	DATA 	Keypress: lctrl
446.8398 	EXP 	Sound  started
447.5270 	DATA 	Keypress: lctrl
447.5898 	EXP 	Sound  started
448.2630 	DATA 	Keypress: lctrl
448.3399 	EXP 	Sound  started
449.0470 	DATA 	Keypress: rctrl
449.0899 	EXP 	Sound  started
449.7671 	DATA 	Keypress: lctrl
449.8399 	EXP 	Sound  started
450.5031 	DATA 	Keypress: lctrl
450.5899 	EXP 	Sound  started
451.2551 	DATA 	Keypress: lctrl
451.3399 	EXP 	Sound  started
452.0551 	DATA 	Keypress: rctrl
452.0899 	EXP 	Sound  started
452.7910 	DATA 	Keypress: lctrl
452.8399 	EXP 	Sound  started
453.5430 	DATA 	Keypress: lctrl
453.5900 	EXP 	Sound  started
454.2630 	DATA 	Keypress: rctrl
454.3400 	EXP 	Sound  started
454.9830 	DATA 	Keypress: rctrl
455.0900 	EXP 	Sound  started
455.7831 	DATA 	Keypress: rctrl
455.8400 	EXP 	Sound  started
456.5350 	DATA 	Keypress: lctrl
456.5900 	EXP 	Sound  started
457.2550 	DATA 	Keypress: rctrl
459.1212 	DATA 	Keypress: 2
459.1377 	EXP 	unnamed ShapeStim: vertices = <class 'numpy.ndarray'>
461.9777 	DATA 	Keypress: 2
462.0072 	EXP 	unnamed ShapeStim: vertices = <class 'numpy.ndarray'>
464.6764 	DATA 	Keypress: 1
464.6922 	EXP 	unnamed ShapeStim: vertices = <class 'numpy.ndarray'>
466.9779 	EXP 	Sound  started
466.9781 	DATA 	Keypress: rctrl
467.7278 	EXP 	Sound  started
467.7350 	DATA 	Keypress: lctrl
468.4390 	DATA 	Keypress: lctrl
468.4779 	EXP 	Sound  started
469.2279 	EXP 	Sound  started
469.2390 	DATA 	Keypress: lctrl
469.9271 	DATA 	Keypress: rctrl
469.9779 	EXP 	Sound  started
470.6950 	DATA 	Keypress: rctrl
470.7279 	EXP 	Sound  started
471.4471 	DATA 	Keypress: rctrl
471.4779 	EXP 	Sound  started
472.2279 	EXP 	Sound  started
472.2470 	DATA 	Keypress: rctrl
472.9350 	DATA 	Keypress: lctrl
472.9779 	EXP 	Sound  started
473.6712 	DATA 	Keypress: rctrl
473.7280 	EXP 	Sound  started
474.4390 	DATA 	Keypress: rctrl
474.4780 	EXP 	Sound  started
475.1591 	DATA 	Keypress: rctrl
475.2280 	EXP 	Sound  started
475.9590 	DATA 	Keypress: lctrl
475.9780 	EXP 	Sound  started
476.6790 	DATA 	Keypress: rctrl
476.7280 	EXP 	Sound  started
477.4630 	DATA 	Keypress: rctrl
477.4780 	EXP 	Sound  started
478.1670 	DATA 	Keypress: rctrl
478.2280 	EXP 	Sound  started
478.9030 	DATA 	Keypress: lctrl
478.9780 	EXP 	Sound  started
479.6710 	DATA 	Keypress: rctrl
479.7281 	EXP 	Sound  started
480.4711 	DATA 	Keypress: rctrl
480.4781 	EXP 	Sound  started
481.1750 	DATA 	Keypress: rctrl
481.2281 	EXP 	Sound  started
481.9430 	DATA 	Keypress: rctrl
481.9781 	EXP 	Sound  started
482.6950 	DATA 	Keypress: lctrl
482.7281 	EXP 	Sound  started
483.4310 	DATA 	Keypress: lctrl
483.4781 	EXP 	Sound  started
484.1350 	DATA 	Keypress: rctrl
484.2281 	EXP 	Sound  started
484.9781 	EXP 	Sound  started
484.9830 	DATA 	Keypress: lctrl
485.7030 	DATA 	Keypress: lctrl
485.7281 	EXP 	Sound  started
486.4230 	DATA 	Keypress: lctrl
486.4782 	EXP 	Sound  started
487.1270 	DATA 	Keypress: rctrl
487.2282 	EXP 	Sound  started
487.9431 	DATA 	Keypress: lctrl
487.9782 	EXP 	Sound  started
488.6950 	DATA 	Keypress: lctrl
488.7282 	EXP 	Sound  started
489.4150 	DATA 	Keypress: rctrl
489.4782 	EXP 	Sound  started
490.1670 	DATA 	Keypress: rctrl
490.2282 	EXP 	Sound  started
490.9510 	DATA 	Keypress: rctrl
490.9782 	EXP 	Sound  started
491.6870 	DATA 	Keypress: lctrl
491.7283 	EXP 	Sound  started
492.4390 	DATA 	Keypress: rctrl
492.4783 	EXP 	Sound  started
493.1910 	DATA 	Keypress: rctrl
493.2283 	EXP 	Sound  started
493.9110 	DATA 	Keypress: rctrl
493.9783 	EXP 	Sound  started
494.7111 	DATA 	Keypress: rctrl
494.7283 	EXP 	Sound  started
495.4310 	DATA 	Keypress: lctrl
495.4783 	EXP 	Sound  started
496.1191 	DATA 	Keypress: rctrl
496.2283 	EXP 	Sound  started
496.8710 	DATA 	Keypress: rctrl
496.9783 	EXP 	Sound  started
497.6550 	DATA 	Keypress: lctrl
497.7284 	EXP 	Sound  started
498.4230 	DATA 	Keypress: lctrl
498.4784 	EXP 	Sound  started
499.1911 	DATA 	Keypress: lctrl
499.2284 	EXP 	Sound  started
499.9110 	DATA 	Keypress: lctrl
499.9784 	EXP 	Sound  started
500.7284 	EXP 	Sound  started
500.7591 	DATA 	Keypress: rctrl
501.4312 	DATA 	Keypress: rctrl
501.4784 	EXP 	Sound  started
502.1670 	DATA 	Keypress: rctrl
502.2284 	EXP 	Sound  started
502.9031 	DATA 	Keypress: rctrl
502.9785 	EXP 	Sound  started
503.7031 	DATA 	Keypress: rctrl
503.7285 	EXP 	Sound  started
504.4390 	DATA 	Keypress: rctrl
504.4785 	EXP 	Sound  started
505.1910 	DATA 	Keypress: rctrl
505.2285 	EXP 	Sound  started
505.9785 	EXP 	Sound  started
505.9911 	DATA 	Keypress: lctrl
506.6791 	DATA 	Keypress: rctrl
506.7285 	EXP 	Sound  started
507.4630 	DATA 	Keypress: rctrl
507.4785 	EXP 	Sound  started
508.1990 	DATA 	Keypress: lctrl
508.2286 	EXP 	Sound  started
508.9350 	DATA 	Keypress: lctrl
508.9786 	EXP 	Sound  started
509.7191 	DATA 	Keypress: lctrl
509.7286 	EXP 	Sound  started
510.4711 	DATA 	Keypress: lctrl
510.4786 	EXP 	Sound  started
511.1750 	DATA 	Keypress: rctrl
511.2286 	EXP 	Sound  started
511.9590 	DATA 	Keypress: lctrl
511.9786 	EXP 	Sound  started
512.6950 	DATA 	Keypress: lctrl
512.7286 	EXP 	Sound  started
513.4311 	DATA 	Keypress: lctrl
513.4787 	EXP 	Sound  started
514.1511 	DATA 	Keypress: lctrl
514.2287 	EXP 	Sound  started
514.9350 	DATA 	Keypress: lctrl
514.9787 	EXP 	Sound  started
515.6712 	DATA 	Keypress: lctrl
515.7287 	EXP 	Sound  started
516.4551 	DATA 	Keypress: lctrl
516.4787 	EXP 	Sound  started
517.1910 	DATA 	Keypress: lctrl
517.2287 	EXP 	Sound  started
517.9270 	DATA 	Keypress: lctrl
517.9787 	EXP 	Sound  started
518.6631 	DATA 	Keypress: lctrl
518.7288 	EXP 	Sound  started
519.4311 	DATA 	Keypress: rctrl
519.4788 	EXP 	Sound  started
520.1510 	DATA 	Keypress: rctrl
520.2288 	EXP 	Sound  started
520.9191 	DATA 	Keypress: rctrl
520.9788 	EXP 	Sound  started
521.6710 	DATA 	Keypress: rctrl
521.7288 	EXP 	Sound  started
522.4230 	DATA 	Keypress: rctrl
522.4788 	EXP 	Sound  started
523.1590 	DATA 	Keypress: lshift
523.2288 	EXP 	Sound  started
523.9750 	DATA 	Keypress: lctrl
523.9788 	EXP 	Sound  started
524.6951 	DATA 	Keypress: lctrl
524.7289 	EXP 	Sound  started
525.3991 	DATA 	Keypress: rctrl
525.4789 	EXP 	Sound  started
526.1831 	DATA 	Keypress: lctrl
526.2289 	EXP 	Sound  started
526.9350 	DATA 	Keypress: lctrl
526.9789 	EXP 	Sound  started
527.6550 	DATA 	Keypress: lctrl
527.7289 	EXP 	Sound  started
528.4390 	DATA 	Keypress: rctrl
528.4789 	EXP 	Sound  started
529.1590 	DATA 	Keypress: rctrl
529.2289 	EXP 	Sound  started
529.9271 	DATA 	Keypress: rctrl
529.9790 	EXP 	Sound  started
530.6790 	DATA 	Keypress: rctrl
533.4025 	DATA 	Keypress: 3
533.4319 	EXP 	unnamed ShapeStim: vertices = <class 'numpy.ndarray'>
537.7227 	DATA 	Keypress: 3
537.7521 	EXP 	unnamed ShapeStim: vertices = <class 'numpy.ndarray'>
541.5387 	DATA 	Keypress: 3
541.5552 	EXP 	unnamed ShapeStim: vertices = <class 'numpy.ndarray'>
543.8398 	EXP 	Sound  started
543.8400 	DATA 	Keypress: rctrl
544.5190 	DATA 	Keypress: rctrl
544.5898 	EXP 	Sound  started
545.2870 	DATA 	Keypress: rctrl
545.3398 	EXP 	Sound  started
546.0710 	DATA 	Keypress: lctrl
546.0898 	EXP 	Sound  started
546.8390 	DATA 	Keypress: rctrl
546.8398 	EXP 	Sound  started
547.5751 	DATA 	Keypress: rctrl
547.5898 	EXP 	Sound  started
548.2790 	DATA 	Keypress: rctrl
548.3398 	EXP 	Sound  started
549.0792 	DATA 	Keypress: lctrl
549.0899 	EXP 	Sound  started
549.8151 	DATA 	Keypress: lctrl
549.8399 	EXP 	Sound  started
550.5899 	EXP 	Sound  started
550.5990 	DATA 	Keypress: lctrl
551.3190 	DATA 	Keypress: lctrl
551.3399 	EXP 	Sound  started
552.0230 	DATA 	Keypress: rctrl
552.0899 	EXP 	Sound  started
552.7590 	DATA 	Keypress: lctrl
552.8399 	EXP 	Sound  started
553.5430 	DATA 	Keypress: lctrl
553.5899 	EXP 	Sound  started
554.2471 	DATA 	Keypress: rctrl
554.3400 	EXP 	Sound  started
555.0310 	DATA 	Keypress: rctrl
555.0900 	EXP 	Sound  started
555.7670 	DATA 	Keypress: rctrl
555.8400 	EXP 	Sound  started
556.4871 	DATA 	Keypress: rctrl
556.5900 	EXP 	Sound  started
557.3030 	DATA 	Keypress: rctrl
557.3400 	EXP 	Sound  started
558.0710 	DATA 	Keypress: lctrl
558.0900 	EXP 	Sound  started
558.8230 	DATA 	Keypress: rctrl
558.8400 	EXP 	Sound  started
559.5750 	DATA 	Keypress: lctrl
559.5900 	EXP 	Sound  started
560.3111 	DATA 	Keypress: lctrl
560.3400 	EXP 	Sound  started
561.0790 	DATA 	Keypress: lctrl
561.0901 	EXP 	Sound  started
561.8310 	DATA 	Keypress: lctrl
561.8401 	EXP 	Sound  started
562.5510 	DATA 	Keypress: lctrl
562.5901 	EXP 	Sound  started
563.2870 	DATA 	Keypress: rctrl
563.3401 	EXP 	Sound  started
564.0551 	DATA 	Keypress: lctrl
564.0901 	EXP 	Sound  started
564.7911 	DATA 	Keypress: lctrl
564.8401 	EXP 	Sound  started
565.5590 	DATA 	Keypress: rctrl
565.5901 	EXP 	Sound  started
566.2630 	DATA 	Keypress: rctrl
566.3402 	EXP 	Sound  started
567.0470 	DATA 	Keypress: rctrl
567.0902 	EXP 	Sound  started
567.8310 	DATA 	Keypress: rctrl
567.8402 	EXP 	Sound  started
568.5670 	DATA 	Keypress: rctrl
568.5902 	EXP 	Sound  started
569.2550 	DATA 	Keypress: lctrl
569.3402 	EXP 	Sound  started
570.0550 	DATA 	Keypress: lctrl
570.0902 	EXP 	Sound  started
570.8071 	DATA 	Keypress: lctrl
570.8402 	EXP 	Sound  started
571.5591 	DATA 	Keypress: lctrl
571.5902 	EXP 	Sound  started
572.2471 	DATA 	Keypress: lctrl
572.3403 	EXP 	Sound  started
573.0790 	DATA 	Keypress: rctrl
573.0903 	EXP 	Sound  started
573.8150 	DATA 	Keypress: lctrl
573.8403 	EXP 	Sound  started
574.5190 	DATA 	Keypress: lctrl
574.5903 	EXP 	Sound  started
575.2870 	DATA 	Keypress: rctrl
575.3403 	EXP 	Sound  started
576.0230 	DATA 	Keypress: rctrl
576.0903 	EXP 	Sound  started
576.7752 	DATA 	Keypress: rctrl
576.8404 	EXP 	Sound  started
577.5750 	DATA 	Keypress: rctrl
577.5904 	EXP 	Sound  started
578.3404 	EXP 	Sound  started
578.3431 	DATA 	Keypress: rctrl
579.0471 	DATA 	Keypress: lctrl
579.0904 	EXP 	Sound  started
579.7990 	DATA 	Keypress: rctrl
579.8404 	EXP 	Sound  started
580.5351 	DATA 	Keypress: rctrl
580.5904 	EXP 	Sound  started
581.3030 	DATA 	Keypress: lctrl
581.3404 	EXP 	Sound  started
582.0390 	DATA 	Keypress: lctrl
582.0904 	EXP 	Sound  started
582.8230 	DATA 	Keypress: lctrl
582.8404 	EXP 	Sound  started
583.5271 	DATA 	Keypress: lctrl
583.5905 	EXP 	Sound  started
584.2950 	DATA 	Keypress: lctrl
584.3405 	EXP 	Sound  started
585.0905 	EXP 	Sound  started
585.1271 	DATA 	Keypress: lctrl
585.7992 	DATA 	Keypress: rctrl
585.8405 	EXP 	Sound  started
586.5670 	DATA 	Keypress: lctrl
586.5905 	EXP 	Sound  started
587.3191 	DATA 	Keypress: lctrl
587.3405 	EXP 	Sound  started
588.0710 	DATA 	Keypress: rctrl
588.0905 	EXP 	Sound  started
588.8071 	DATA 	Keypress: rctrl
588.8406 	EXP 	Sound  started
589.5590 	DATA 	Keypress: rctrl
589.5906 	EXP 	Sound  started
590.2951 	DATA 	Keypress: rctrl
590.3406 	EXP 	Sound  started
591.0470 	DATA 	Keypress: rctrl
591.0906 	EXP 	Sound  started
591.8151 	DATA 	Keypress: rctrl
591.8406 	EXP 	Sound  started
592.5671 	DATA 	Keypress: rctrl
592.5906 	EXP 	Sound  started
593.3190 	DATA 	Keypress: rctrl
593.3406 	EXP 	Sound  started
594.0870 	DATA 	Keypress: lctrl
596.6506 	DATA 	Keypress: 1
596.6671 	EXP 	unnamed ShapeStim: vertices = <class 'numpy.ndarray'>
600.0033 	DATA 	Keypress: 3
600.0199 	EXP 	unnamed ShapeStim: vertices = <class 'numpy.ndarray'>
602.1385 	DATA 	Keypress: 1
602.1550 	EXP 	unnamed ShapeStim: vertices = <class 'numpy.ndarray'>
604.4401 	EXP 	Sound  started
604.4403 	DATA 	Keypress: rctrl
605.0791 	DATA 	Keypress: rctrl
605.1901 	EXP 	Sound  started
605.8951 	DATA 	Keypress: lctrl
605.9402 	EXP 	Sound  started
606.6470 	DATA 	Keypress: lctrl
606.6902 	EXP 	Sound  started
607.3991 	DATA 	Keypress: lctrl
607.4402 	EXP 	Sound  started
608.1671 	DATA 	Keypress: lctrl
608.1902 	EXP 	Sound  started
608.8870 	DATA 	Keypress: rctrl
608.9402 	EXP 	Sound  started
609.6550 	DATA 	Keypress: rctrl
609.6902 	EXP 	Sound  started
610.3751 	DATA 	Keypress: rctrl
610.4402 	EXP 	Sound  started
611.1750 	DATA 	Keypress: rctrl
611.1903 	EXP 	Sound  started
611.9270 	DATA 	Keypress: rctrl
611.9403 	EXP 	Sound  started
612.6630 	DATA 	Keypress: lctrl
612.6903 	EXP 	Sound  started
613.3990 	DATA 	Keypress: rctrl
613.4403 	EXP 	Sound  started
614.1351 	DATA 	Keypress: rctrl
614.1903 	EXP 	Sound  started
614.9031 	DATA 	Keypress: lctrl
614.9403 	EXP 	Sound  started
615.6550 	DATA 	Keypress: lctrl
615.6903 	EXP 	Sound  started
616.3910 	DATA 	Keypress: lctrl
616.4404 	EXP 	Sound  started
617.1430 	DATA 	Keypress: rctrl
617.1904 	EXP 	Sound  started
617.9404 	EXP 	Sound  started
617.9590 	DATA 	Keypress: lctrl
618.6630 	DATA 	Keypress: lctrl
618.6904 	EXP 	Sound  started
619.3191 	DATA 	Keypress: rctrl
619.4404 	EXP 	Sound  started
620.0711 	DATA 	Keypress: rctrl
620.1904 	EXP 	Sound  started
620.8870 	DATA 	Keypress: rctrl
620.9404 	EXP 	Sound  started
621.5910 	DATA 	Keypress: lctrl
621.6904 	EXP 	Sound  started
622.3910 	DATA 	Keypress: rctrl
622.4405 	EXP 	Sound  started
623.1270 	DATA 	Keypress: rctrl
623.1905 	EXP 	Sound  started
623.8471 	DATA 	Keypress: lctrl
623.9405 	EXP 	Sound  started
624.6151 	DATA 	Keypress: lctrl
624.6905 	EXP 	Sound  started
625.3990 	DATA 	Keypress: lctrl
625.4405 	EXP 	Sound  started
626.1350 	DATA 	Keypress: lctrl
626.1905 	EXP 	Sound  started
626.9350 	DATA 	Keypress: lctrl
626.9405 	EXP 	Sound  started
627.6230 	DATA 	Keypress: rctrl
627.6906 	EXP 	Sound  started
628.4231 	DATA 	Keypress: lctrl
628.4406 	EXP 	Sound  started
629.1591 	DATA 	Keypress: lctrl
629.1906 	EXP 	Sound  started
629.9110 	DATA 	Keypress: rctrl
629.9406 	EXP 	Sound  started
630.6470 	DATA 	Keypress: rctrl
630.6906 	EXP 	Sound  started
631.4150 	DATA 	Keypress: rctrl
631.4406 	EXP 	Sound  started
632.1511 	DATA 	Keypress: rctrl
632.1906 	EXP 	Sound  started
632.9030 	DATA 	Keypress: rctrl
632.9407 	EXP 	Sound  started
633.6870 	DATA 	Keypress: lctrl
633.6907 	EXP 	Sound  started
634.4071 	DATA 	Keypress: rctrl
634.4407 	EXP 	Sound  started
635.1270 	DATA 	Keypress: rctrl
635.1907 	EXP 	Sound  started
635.8311 	DATA 	Keypress: lctrl
635.9407 	EXP 	Sound  started
636.5831 	DATA 	Keypress: lctrl
636.6907 	EXP 	Sound  started
637.3670 	DATA 	Keypress: lctrl
637.4408 	EXP 	Sound  started
638.1192 	DATA 	Keypress: rctrl
638.1908 	EXP 	Sound  started
638.9030 	DATA 	Keypress: lctrl
638.9408 	EXP 	Sound  started
639.6070 	DATA 	Keypress: rctrl
639.6908 	EXP 	Sound  started
640.3750 	DATA 	Keypress: rctrl
640.4408 	EXP 	Sound  started
641.1430 	DATA 	Keypress: rctrl
641.1908 	EXP 	Sound  started
641.9270 	DATA 	Keypress: lctrl
641.9408 	EXP 	Sound  started
642.6791 	DATA 	Keypress: rctrl
642.6909 	EXP 	Sound  started
643.3831 	DATA 	Keypress: rctrl
643.4409 	EXP 	Sound  started
644.1350 	DATA 	Keypress: rctrl
644.1909 	EXP 	Sound  started
644.9192 	DATA 	Keypress: rctrl
644.9409 	EXP 	Sound  started
645.6550 	DATA 	Keypress: rctrl
645.6909 	EXP 	Sound  started
646.4231 	DATA 	Keypress: lctrl
646.4409 	EXP 	Sound  started
647.1909 	EXP 	Sound  started
647.2071 	DATA 	Keypress: lctrl
647.9111 	DATA 	Keypress: rctrl
647.9409 	EXP 	Sound  started
648.6470 	DATA 	Keypress: rctrl
648.6910 	EXP 	Sound  started
649.3990 	DATA 	Keypress: rctrl
649.4410 	EXP 	Sound  started
650.1830 	DATA 	Keypress: rctrl
650.1910 	EXP 	Sound  started
650.9410 	EXP 	Sound  started
650.9670 	DATA 	Keypress: rctrl
651.6390 	DATA 	Keypress: rctrl
651.6910 	EXP 	Sound  started
652.4230 	DATA 	Keypress: lctrl
652.4410 	EXP 	Sound  started
653.1430 	DATA 	Keypress: lctrl
653.1910 	EXP 	Sound  started
653.9411 	EXP 	Sound  started
653.9431 	DATA 	Keypress: lctrl
654.6310 	DATA 	Keypress: rctrl
654.6911 	EXP 	Sound  started
655.3191 	DATA 	Keypress: rctrl
655.4411 	EXP 	Sound  started
656.0870 	DATA 	Keypress: rctrl
659.6189 	DATA 	Keypress: 3
659.6354 	EXP 	unnamed ShapeStim: vertices = <class 'numpy.ndarray'>
665.8406 	DATA 	Keypress: 3
665.8572 	EXP 	unnamed ShapeStim: vertices = <class 'numpy.ndarray'>
675.4819 	DATA 	Keypress: 2
675.4984 	EXP 	unnamed ShapeStim: vertices = <class 'numpy.ndarray'>
677.7840 	EXP 	Sound  started
677.7842 	DATA 	Keypress: rctrl
678.4391 	DATA 	Keypress: lctrl
678.5340 	EXP 	Sound  started
679.1750 	DATA 	Keypress: lctrl
679.2840 	EXP 	Sound  started
679.9430 	DATA 	Keypress: lctrl
680.0340 	EXP 	Sound  started
680.7590 	DATA 	Keypress: rctrl
680.7840 	EXP 	Sound  started
681.4790 	DATA 	Keypress: rctrl
681.5340 	EXP 	Sound  started
682.2470 	DATA 	Keypress: lctrl
682.2841 	EXP 	Sound  started
683.0311 	DATA 	Keypress: rctrl
683.0341 	EXP 	Sound  started
683.7671 	DATA 	Keypress: rctrl
683.7841 	EXP 	Sound  started
684.5341 	EXP 	Sound  started
684.5350 	DATA 	Keypress: rctrl
685.2841 	EXP 	Sound  started
685.3031 	DATA 	Keypress: rctrl
685.9751 	DATA 	Keypress: lctrl
686.0341 	EXP 	Sound  started
686.7591 	DATA 	Keypress: rctrl
686.7842 	EXP 	Sound  started
687.4790 	DATA 	Keypress: rctrl
687.5342 	EXP 	Sound  started
688.2791 	DATA 	Keypress: rctrl
688.2842 	EXP 	Sound  started
689.0151 	DATA 	Keypress: rctrl
689.0342 	EXP 	Sound  started
689.7191 	DATA 	Keypress: rctrl
689.7842 	EXP 	Sound  started
690.4710 	DATA 	Keypress: lctrl
690.5342 	EXP 	Sound  started
691.2230 	DATA 	Keypress: rctrl
691.2842 	EXP 	Sound  started
691.9750 	DATA 	Keypress: rctrl
692.0342 	EXP 	Sound  started
692.7430 	DATA 	Keypress: rctrl
692.7843 	EXP 	Sound  started
693.4951 	DATA 	Keypress: rctrl
693.5343 	EXP 	Sound  started
694.2472 	DATA 	Keypress: rctrl
694.2843 	EXP 	Sound  started
694.9990 	DATA 	Keypress: lctrl
695.0343 	EXP 	Sound  started
695.7510 	DATA 	Keypress: lctrl
695.7843 	EXP 	Sound  started
696.5343 	EXP 	Sound  started
696.5351 	DATA 	Keypress: lctrl
697.2843 	EXP 	Sound  started
697.3030 	DATA 	Keypress: lctrl
698.0071 	DATA 	Keypress: lctrl
698.0344 	EXP 	Sound  started
698.7270 	DATA 	Keypress: lctrl
698.7844 	EXP 	Sound  started
699.4790 	DATA 	Keypress: rctrl
699.5344 	EXP 	Sound  started
700.2150 	DATA 	Keypress: rctrl
700.2844 	EXP 	Sound  started
700.9670 	DATA 	Keypress: rctrl
701.0344 	EXP 	Sound  started
701.7351 	DATA 	Keypress: rctrl
701.7844 	EXP 	Sound  started
702.5031 	DATA 	Keypress: rctrl
702.5345 	EXP 	Sound  started
703.2230 	DATA 	Keypress: rctrl
703.2845 	EXP 	Sound  started
704.0070 	DATA 	Keypress: rctrl
704.0345 	EXP 	Sound  started
704.7430 	DATA 	Keypress: lctrl
704.7845 	EXP 	Sound  started
705.4311 	DATA 	Keypress: rctrl
705.5345 	EXP 	Sound  started
706.1831 	DATA 	Keypress: rctrl
706.2845 	EXP 	Sound  started
706.9510 	DATA 	Keypress: lctrl
707.0345 	EXP 	Sound  started
707.7190 	DATA 	Keypress: lctrl
707.7846 	EXP 	Sound  started
708.4551 	DATA 	Keypress: lctrl
708.5346 	EXP 	Sound  started
709.2070 	DATA 	Keypress: rctrl
709.2846 	EXP 	Sound  started
709.9751 	DATA 	Keypress: lctrl
710.0346 	EXP 	Sound  started
710.7110 	DATA 	Keypress: rctrl
710.7846 	EXP 	Sound  started
711.4630 	DATA 	Keypress: rctrl
711.5346 	EXP 	Sound  started
712.2151 	DATA 	Keypress: rctrl
712.2846 	EXP 	Sound  started
712.9992 	DATA 	Keypress: rctrl
713.0347 	EXP 	Sound  started
713.7671 	DATA 	Keypress: lctrl
713.7847 	EXP 	Sound  started
714.4871 	DATA 	Keypress: lctrl
714.5347 	EXP 	Sound  started
715.2391 	DATA 	Keypress: rctrl
715.2847 	EXP 	Sound  started
715.9750 	DATA 	Keypress: lctrl
716.0347 	EXP 	Sound  started
716.7750 	DATA 	Keypress: lctrl
716.7847 	EXP 	Sound  started
717.5110 	DATA 	Keypress: rctrl
717.5348 	EXP 	Sound  started
718.1830 	DATA 	Keypress: lctrl
718.2848 	EXP 	Sound  started
718.9352 	DATA 	Keypress: lctrl
719.0348 	EXP 	Sound  started
719.7031 	DATA 	Keypress: lctrl
719.7848 	EXP 	Sound  started
720.4870 	DATA 	Keypress: lctrl
720.5348 	EXP 	Sound  started
721.1911 	DATA 	Keypress: lctrl
721.2848 	EXP 	Sound  started
721.9270 	DATA 	Keypress: rctrl
722.0348 	EXP 	Sound  started
722.6951 	DATA 	Keypress: rctrl
722.7848 	EXP 	Sound  started
723.4791 	DATA 	Keypress: rctrl
723.5349 	EXP 	Sound  started
724.2311 	DATA 	Keypress: lctrl
724.2849 	EXP 	Sound  started
724.9991 	DATA 	Keypress: lctrl
725.0349 	EXP 	Sound  started
725.7190 	DATA 	Keypress: rctrl
725.7849 	EXP 	Sound  started
726.4710 	DATA 	Keypress: lctrl
726.5349 	EXP 	Sound  started
727.2390 	DATA 	Keypress: lctrl
727.2849 	EXP 	Sound  started
727.9750 	DATA 	Keypress: lctrl
728.0350 	EXP 	Sound  started
728.7431 	DATA 	Keypress: rctrl
728.7850 	EXP 	Sound  started
729.4791 	DATA 	Keypress: rctrl
729.5350 	EXP 	Sound  started
730.2630 	DATA 	Keypress: rctrl
730.2850 	EXP 	Sound  started
731.0311 	DATA 	Keypress: rctrl
731.0350 	EXP 	Sound  started
731.7671 	DATA 	Keypress: rctrl
731.7850 	EXP 	Sound  started
732.4870 	DATA 	Keypress: lctrl
732.5350 	EXP 	Sound  started
733.2851 	EXP 	Sound  started
733.3031 	DATA 	Keypress: rctrl
734.0351 	EXP 	Sound  started
734.0392 	DATA 	Keypress: rctrl
734.6790 	DATA 	Keypress: lctrl
734.7851 	EXP 	Sound  started
735.4150 	DATA 	Keypress: lctrl
735.5351 	EXP 	Sound  started
736.1830 	DATA 	Keypress: lctrl
736.2851 	EXP 	Sound  started
736.9191 	DATA 	Keypress: lctrl
737.0351 	EXP 	Sound  started
737.7191 	DATA 	Keypress: lctrl
737.7851 	EXP 	Sound  started
738.4390 	DATA 	Keypress: rctrl
738.5352 	EXP 	Sound  started
739.1110 	DATA 	Keypress: rctrl
739.2852 	EXP 	Sound  started
739.8950 	DATA 	Keypress: rctrl
740.0352 	EXP 	Sound  started
740.7110 	DATA 	Keypress: rctrl
740.7852 	EXP 	Sound  started
741.4470 	DATA 	Keypress: rctrl
741.5352 	EXP 	Sound  started
742.2150 	DATA 	Keypress: rctrl
742.2852 	EXP 	Sound  started
742.9830 	DATA 	Keypress: rctrl
743.0353 	EXP 	Sound  started
743.7191 	DATA 	Keypress: lctrl
743.7853 	EXP 	Sound  started
744.4551 	DATA 	Keypress: rctrl
744.5353 	EXP 	Sound  started
745.2230 	DATA 	Keypress: rctrl
745.2853 	EXP 	Sound  started
745.9590 	DATA 	Keypress: lctrl
748.1748 	DATA 	Keypress: 3
748.1913 	EXP 	unnamed ShapeStim: vertices = <class 'numpy.ndarray'>
752.0280 	DATA 	Keypress: 4
752.0445 	EXP 	unnamed ShapeStim: vertices = <class 'numpy.ndarray'>
755.0347 	DATA 	Keypress: 3
755.0641 	EXP 	unnamed ShapeStim: vertices = <class 'numpy.ndarray'>
757.3493 	EXP 	Sound  started
757.3495 	DATA 	Keypress: rctrl
757.9910 	DATA 	Keypress: rctrl
758.0993 	EXP 	Sound  started
758.7591 	DATA 	Keypress: lctrl
758.8493 	EXP 	Sound  started
759.5271 	DATA 	Keypress: lctrl
759.5993 	EXP 	Sound  started
760.2630 	DATA 	Keypress: lctrl
760.3493 	EXP 	Sound  started
761.0150 	DATA 	Keypress: lctrl
761.0993 	EXP 	Sound  started
761.7830 	DATA 	Keypress: lctrl
761.8493 	EXP 	Sound  started
762.5190 	DATA 	Keypress: lctrl
762.5994 	EXP 	Sound  started
763.3494 	EXP 	Sound  started
763.3670 	DATA 	Keypress: lctrl
764.0390 	DATA 	Keypress: lctrl
764.0994 	EXP 	Sound  started
764.7750 	DATA 	Keypress: lctrl
764.8494 	EXP 	Sound  started
765.5590 	DATA 	Keypress: lctrl
765.5994 	EXP 	Sound  started
766.3111 	DATA 	Keypress: rctrl
766.3494 	EXP 	Sound  started
767.0470 	DATA 	Keypress: lctrl
767.0994 	EXP 	Sound  started
767.7990 	DATA 	Keypress: lctrl
767.8494 	EXP 	Sound  started
768.5030 	DATA 	Keypress: lctrl
768.5995 	EXP 	Sound  started
769.2711 	DATA 	Keypress: rctrl
769.3495 	EXP 	Sound  started
769.9913 	DATA 	Keypress: lctrl
770.0995 	EXP 	Sound  started
770.7750 	DATA 	Keypress: lctrl
770.8495 	EXP 	Sound  started
771.5430 	DATA 	Keypress: lctrl
771.5995 	EXP 	Sound  started
772.3271 	DATA 	Keypress: lctrl
772.3495 	EXP 	Sound  started
773.0630 	DATA 	Keypress: lctrl
773.0995 	EXP 	Sound  started
773.7670 	DATA 	Keypress: rctrl
773.8496 	EXP 	Sound  started
774.5671 	DATA 	Keypress: rctrl
774.5996 	EXP 	Sound  started
775.3190 	DATA 	Keypress: rctrl
775.3496 	EXP 	Sound  started
776.0390 	DATA 	Keypress: lctrl
776.0996 	EXP 	Sound  started
776.7910 	DATA 	Keypress: lctrl
776.8496 	EXP 	Sound  started
777.4631 	DATA 	Keypress: rctrl
777.5996 	EXP 	Sound  started
778.2150 	DATA 	Keypress: rctrl
778.3496 	EXP 	Sound  started
779.0791 	DATA 	Keypress: rctrl
779.0996 	EXP 	Sound  started
779.8471 	DATA 	Keypress: rctrl
779.8497 	EXP 	Sound  started
780.5990 	DATA 	Keypress: lctrl
780.5997 	EXP 	Sound  started
781.3190 	DATA 	Keypress: rctrl
781.3497 	EXP 	Sound  started
782.0997 	EXP 	Sound  started
782.1030 	DATA 	Keypress: rctrl
782.8230 	DATA 	Keypress: rctrl
782.8497 	EXP 	Sound  started
783.5997 	EXP 	Sound  started
783.6070 	DATA 	Keypress: rctrl
784.2950 	DATA 	Keypress: lctrl
784.3497 	EXP 	Sound  started
785.0951 	DATA 	Keypress: lctrl
785.0998 	EXP 	Sound  started
785.8150 	DATA 	Keypress: lctrl
785.8498 	EXP 	Sound  started
786.5350 	DATA 	Keypress: lctrl
786.5998 	EXP 	Sound  started
787.3030 	DATA 	Keypress: lctrl
787.3498 	EXP 	Sound  started
788.0230 	DATA 	Keypress: rctrl
788.0998 	EXP 	Sound  started
788.8071 	DATA 	Keypress: lctrl
788.8498 	EXP 	Sound  started
789.5270 	DATA 	Keypress: lctrl
789.5998 	EXP 	Sound  started
790.2950 	DATA 	Keypress: lctrl
790.3498 	EXP 	Sound  started
791.0150 	DATA 	Keypress: lctrl
791.0999 	EXP 	Sound  started
791.7990 	DATA 	Keypress: lctrl
791.8499 	EXP 	Sound  started
792.5670 	DATA 	Keypress: rctrl
792.5999 	EXP 	Sound  started
793.3351 	DATA 	Keypress: rctrl
793.3499 	EXP 	Sound  started
794.0711 	DATA 	Keypress: rctrl
794.0999 	EXP 	Sound  started
794.7910 	DATA 	Keypress: rctrl
794.8499 	EXP 	Sound  started
795.5750 	DATA 	Keypress: rctrl
795.5999 	EXP 	Sound  started
796.3110 	DATA 	Keypress: lctrl
796.3500 	EXP 	Sound  started
797.0470 	DATA 	Keypress: lctrl
797.1000 	EXP 	Sound  started
797.7670 	DATA 	Keypress: lctrl
797.8500 	EXP 	Sound  started
798.5671 	DATA 	Keypress: lctrl
798.6000 	EXP 	Sound  started
799.3500 	EXP 	Sound  started
799.3510 	DATA 	Keypress: lctrl
800.0551 	DATA 	Keypress: rctrl
800.1000 	EXP 	Sound  started
800.8390 	DATA 	Keypress: lctrl
800.8500 	EXP 	Sound  started
801.5272 	DATA 	Keypress: lctrl
801.6001 	EXP 	Sound  started
802.2470 	DATA 	Keypress: rctrl
802.3501 	EXP 	Sound  started
803.0310 	DATA 	Keypress: rctrl
803.1001 	EXP 	Sound  started
803.8152 	DATA 	Keypress: lctrl
803.8501 	EXP 	Sound  started
804.5830 	DATA 	Keypress: lctrl
804.6001 	EXP 	Sound  started
805.2871 	DATA 	Keypress: lctrl
805.3502 	EXP 	Sound  started
805.9591 	DATA 	Keypress: rctrl
806.1002 	EXP 	Sound  started
806.7590 	DATA 	Keypress: lctrl
809.4084 	DATA 	Keypress: 2
809.4249 	EXP 	unnamed ShapeStim: vertices = <class 'numpy.ndarray'>
813.9121 	DATA 	Keypress: 2
813.9286 	EXP 	unnamed ShapeStim: vertices = <class 'numpy.ndarray'>
816.8478 	DATA 	Keypress: 1
816.8643 	EXP 	unnamed ShapeStim: vertices = <class 'numpy.ndarray'>
819.1492 	EXP 	Sound  started
819.1494 	DATA 	Keypress: rctrl
819.7672 	DATA 	Keypress: lctrl
819.8992 	EXP 	Sound  started
820.5671 	DATA 	Keypress: lctrl
820.6492 	EXP 	Sound  started
821.2870 	DATA 	Keypress: lctrl
821.3992 	EXP 	Sound  started
822.1030 	DATA 	Keypress: rctrl
822.1492 	EXP 	Sound  started
822.8071 	DATA 	Keypress: rctrl
822.8992 	EXP 	Sound  started
823.6070 	DATA 	Keypress: rctrl
823.6492 	EXP 	Sound  started
824.3590 	DATA 	Keypress: rctrl
824.3992 	EXP 	Sound  started
825.0791 	DATA 	Keypress: lctrl
825.1493 	EXP 	Sound  started
825.8310 	DATA 	Keypress: rctrl
825.8993 	EXP 	Sound  started
826.5990 	DATA 	Keypress: lctrl
826.6493 	EXP 	Sound  started
827.2710 	DATA 	Keypress: lctrl
827.3993 	EXP 	Sound  started
828.0231 	DATA 	Keypress: lctrl
828.1493 	EXP 	Sound  started
828.8391 	DATA 	Keypress: lctrl
828.8993 	EXP 	Sound  started
829.5750 	DATA 	Keypress: lctrl
829.6493 	EXP 	Sound  started
830.3591 	DATA 	Keypress: lctrl
830.3994 	EXP 	Sound  started
831.0630 	DATA 	Keypress: rctrl
831.1493 	EXP 	Sound  started
831.8310 	DATA 	Keypress: lctrl
831.8994 	EXP 	Sound  started
832.5830 	DATA 	Keypress: lctrl
832.6494 	EXP 	Sound  started
833.3352 	DATA 	Keypress: lctrl
833.3994 	EXP 	Sound  started
834.0710 	DATA 	Keypress: lctrl
834.1494 	EXP 	Sound  started
834.8710 	DATA 	Keypress: lctrl
834.8994 	EXP 	Sound  started
835.6230 	DATA 	Keypress: rctrl
835.6495 	EXP 	Sound  started
836.3430 	DATA 	Keypress: rctrl
836.3995 	EXP 	Sound  started
837.0470 	DATA 	Keypress: lctrl
837.1495 	EXP 	Sound  started
837.8792 	DATA 	Keypress: rctrl
837.8995 	EXP 	Sound  started
838.6471 	DATA 	Keypress: rctrl
838.6495 	EXP 	Sound  started
839.3995 	EXP 	Sound  started
839.4151 	DATA 	Keypress: rctrl
840.0710 	DATA 	Keypress: rctrl
840.1495 	EXP 	Sound  started
840.7910 	DATA 	Keypress: lctrl
840.8995 	EXP 	Sound  started
841.5750 	DATA 	Keypress: rctrl
841.6496 	EXP 	Sound  started
842.3590 	DATA 	Keypress: rctrl
842.3996 	EXP 	Sound  started
843.0790 	DATA 	Keypress: rctrl
843.1496 	EXP 	Sound  started
843.8150 	DATA 	Keypress: lctrl
843.8996 	EXP 	Sound  started
844.5830 	DATA 	Keypress: lctrl
844.6496 	EXP 	Sound  started
845.3350 	DATA 	Keypress: lctrl
845.3996 	EXP 	Sound  started
846.0870 	DATA 	Keypress: lctrl
846.1496 	EXP 	Sound  started
846.8390 	DATA 	Keypress: lctrl
846.8997 	EXP 	Sound  started
847.5910 	DATA 	Keypress: rctrl
847.6497 	EXP 	Sound  started
848.3270 	DATA 	Keypress: lctrl
848.3997 	EXP 	Sound  started
849.0630 	DATA 	Keypress: lctrl
849.1497 	EXP 	Sound  started
849.8310 	DATA 	Keypress: lctrl
849.8997 	EXP 	Sound  started
850.5831 	DATA 	Keypress: rctrl
850.6497 	EXP 	Sound  started
851.3350 	DATA 	Keypress: rctrl
851.3997 	EXP 	Sound  started
852.1350 	DATA 	Keypress: rctrl
852.1497 	EXP 	Sound  started
852.8550 	DATA 	Keypress: rctrl
852.8998 	EXP 	Sound  started
853.5910 	DATA 	Keypress: rctrl
853.6498 	EXP 	Sound  started
854.3750 	DATA 	Keypress: rctrl
854.3998 	EXP 	Sound  started
855.0790 	DATA 	Keypress: lctrl
855.1498 	EXP 	Sound  started
855.8471 	DATA 	Keypress: rctrl
855.8998 	EXP 	Sound  started
856.6498 	EXP 	Sound  started
856.6631 	DATA 	Keypress: rctrl
857.3830 	DATA 	Keypress: lctrl
857.3999 	EXP 	Sound  started
858.1499 	EXP 	Sound  started
858.1510 	DATA 	Keypress: lctrl
858.8870 	DATA 	Keypress: lctrl
858.8999 	EXP 	Sound  started
859.6070 	DATA 	Keypress: rctrl
859.6499 	EXP 	Sound  started
860.3110 	DATA 	Keypress: rctrl
860.3999 	EXP 	Sound  started
861.0950 	DATA 	Keypress: rctrl
861.1499 	EXP 	Sound  started
861.8790 	DATA 	Keypress: rctrl
864.4406 	DATA 	Keypress: 1
864.4700 	EXP 	unnamed ShapeStim: vertices = <class 'numpy.ndarray'>
866.8559 	DATA 	Keypress: 3
866.8724 	EXP 	unnamed ShapeStim: vertices = <class 'numpy.ndarray'>
869.2412 	DATA 	Keypress: 1
869.2578 	EXP 	unnamed ShapeStim: vertices = <class 'numpy.ndarray'>
871.5431 	EXP 	Sound  started
871.5433 	DATA 	Keypress: rctrl
872.1830 	DATA 	Keypress: rctrl
872.2931 	EXP 	Sound  started
872.9510 	DATA 	Keypress: rctrl
873.0431 	EXP 	Sound  started
873.7030 	DATA 	Keypress: rctrl
873.7931 	EXP 	Sound  started
874.4710 	DATA 	Keypress: lctrl
874.5431 	EXP 	Sound  started
875.2390 	DATA 	Keypress: lctrl
875.2932 	EXP 	Sound  started
875.9751 	DATA 	Keypress: rctrl
876.0432 	EXP 	Sound  started
876.7110 	DATA 	Keypress: rctrl
876.7932 	EXP 	Sound  started
877.4471 	DATA 	Keypress: rctrl
877.5432 	EXP 	Sound  started
878.2472 	DATA 	Keypress: rctrl
878.2932 	EXP 	Sound  started
878.9991 	DATA 	Keypress: lctrl
879.0432 	EXP 	Sound  started
879.7350 	DATA 	Keypress: rctrl
879.7932 	EXP 	Sound  started
880.4550 	DATA 	Keypress: rctrl
880.5433 	EXP 	Sound  started
881.2230 	DATA 	Keypress: rctrl
881.2933 	EXP 	Sound  started
881.9590 	DATA 	Keypress: rctrl
882.0433 	EXP 	Sound  started
882.7430 	DATA 	Keypress: rctrl
882.7933 	EXP 	Sound  started
883.4470 	DATA 	Keypress: lctrl
883.5433 	EXP 	Sound  started
884.2934 	EXP 	Sound  started
884.3111 	DATA 	Keypress: lctrl
884.9831 	DATA 	Keypress: rctrl
885.0434 	EXP 	Sound  started
885.7351 	DATA 	Keypress: rctrl
885.7934 	EXP 	Sound  started
886.5190 	DATA 	Keypress: lctrl
886.5434 	EXP 	Sound  started
887.2230 	DATA 	Keypress: lctrl
887.2934 	EXP 	Sound  started
888.0070 	DATA 	Keypress: lctrl
888.0434 	EXP 	Sound  started
888.7430 	DATA 	Keypress: rctrl
888.7934 	EXP 	Sound  started
889.5110 	DATA 	Keypress: lctrl
889.5434 	EXP 	Sound  started
890.2310 	DATA 	Keypress: lctrl
890.2935 	EXP 	Sound  started
890.9990 	DATA 	Keypress: lctrl
891.0435 	EXP 	Sound  started
891.7510 	DATA 	Keypress: rctrl
891.7935 	EXP 	Sound  started
892.4550 	DATA 	Keypress: rctrl
892.5435 	EXP 	Sound  started
893.2231 	DATA 	Keypress: rctrl
893.2935 	EXP 	Sound  started
894.0073 	DATA 	Keypress: rctrl
894.0435 	EXP 	Sound  started
894.7750 	DATA 	Keypress: lctrl
894.7935 	EXP 	Sound  started
895.4950 	DATA 	Keypress: rctrl
895.5436 	EXP 	Sound  started
896.2311 	DATA 	Keypress: lctrl
896.2936 	EXP 	Sound  started
896.9672 	DATA 	Keypress: lctrl
897.0436 	EXP 	Sound  started
897.7350 	DATA 	Keypress: rctrl
897.7936 	EXP 	Sound  started
898.4230 	DATA 	Keypress: lctrl
898.5436 	EXP 	Sound  started
899.1910 	DATA 	Keypress: lctrl
899.2936 	EXP 	Sound  started
899.9430 	DATA 	Keypress: lctrl
900.0436 	EXP 	Sound  started
900.7430 	DATA 	Keypress: lctrl
900.7937 	EXP 	Sound  started
901.4631 	DATA 	Keypress: lctrl
901.5437 	EXP 	Sound  started
902.1670 	DATA 	Keypress: rctrl
902.2937 	EXP 	Sound  started
902.9510 	DATA 	Keypress: rctrl
903.0437 	EXP 	Sound  started
903.7510 	DATA 	Keypress: rctrl
903.7937 	EXP 	Sound  started
904.4870 	DATA 	Keypress: rctrl
904.5437 	EXP 	Sound  started
905.1750 	DATA 	Keypress: rctrl
905.2937 	EXP 	Sound  started
905.9750 	DATA 	Keypress: rctrl
906.0438 	EXP 	Sound  started
906.7431 	DATA 	Keypress: rctrl
906.7938 	EXP 	Sound  started
907.5271 	DATA 	Keypress: rctrl
907.5438 	EXP 	Sound  started
908.2938 	EXP 	Sound  started
908.2950 	DATA 	Keypress: rctrl
908.9990 	DATA 	Keypress: lctrl
909.0438 	EXP 	Sound  started
909.7938 	EXP 	Sound  started
909.7990 	DATA 	Keypress: lctrl
910.5351 	DATA 	Keypress: lctrl
910.5438 	EXP 	Sound  started
911.2939 	EXP 	Sound  started
911.3190 	DATA 	Keypress: lctrl
912.0071 	DATA 	Keypress: rctrl
912.0439 	EXP 	Sound  started
912.7110 	DATA 	Keypress: rctrl
912.7939 	EXP 	Sound  started
913.4470 	DATA 	Keypress: rctrl
913.5439 	EXP 	Sound  started
914.2310 	DATA 	Keypress: lctrl
914.2939 	EXP 	Sound  started
914.9670 	DATA 	Keypress: lctrl
915.0439 	EXP 	Sound  started
915.7670 	DATA 	Keypress: lctrl
915.7939 	EXP 	Sound  started
916.4391 	DATA 	Keypress: lctrl
916.5440 	EXP 	Sound  started
917.2550 	DATA 	Keypress: lctrl
917.2940 	EXP 	Sound  started
918.0070 	DATA 	Keypress: lctrl
918.0440 	EXP 	Sound  started
918.7270 	DATA 	Keypress: lctrl
918.7940 	EXP 	Sound  started
919.4790 	DATA 	Keypress: rctrl
919.5440 	EXP 	Sound  started
920.2471 	DATA 	Keypress: rctrl
920.2940 	EXP 	Sound  started
920.9830 	DATA 	Keypress: rctrl
921.0440 	EXP 	Sound  started
921.7031 	DATA 	Keypress: lctrl
921.7940 	EXP 	Sound  started
922.4230 	DATA 	Keypress: rctrl
922.5440 	EXP 	Sound  started
923.1430 	DATA 	Keypress: rctrl
923.2941 	EXP 	Sound  started
923.9751 	DATA 	Keypress: rctrl
924.0441 	EXP 	Sound  started
924.7270 	DATA 	Keypress: rctrl
924.7941 	EXP 	Sound  started
925.4950 	DATA 	Keypress: lctrl
925.5441 	EXP 	Sound  started
926.1991 	DATA 	Keypress: lctrl
926.2941 	EXP 	Sound  started
926.9990 	DATA 	Keypress: lctrl
927.0441 	EXP 	Sound  started
927.7350 	DATA 	Keypress: lctrl
927.7941 	EXP 	Sound  started
928.5030 	DATA 	Keypress: lctrl
928.5442 	EXP 	Sound  started
929.2391 	DATA 	Keypress: lctrl
929.2942 	EXP 	Sound  started
930.0070 	DATA 	Keypress: lctrl
930.0442 	EXP 	Sound  started
930.7271 	DATA 	Keypress: lctrl
934.2107 	DATA 	Keypress: 4
934.2272 	EXP 	unnamed ShapeStim: vertices = <class 'numpy.ndarray'>
936.3958 	DATA 	Keypress: 4
936.4123 	EXP 	unnamed ShapeStim: vertices = <class 'numpy.ndarray'>
941.3832 	DATA 	Keypress: 3
941.3997 	EXP 	unnamed ShapeStim: vertices = <class 'numpy.ndarray'>
943.6857 	DATA 	Keypress: rctrl
1088.8552 	DATA 	Keypress: return
1088.9130 	EXP 	window1: mouseVisible = True
