18.2833 	WARNING 	User requested fullscreen with size [1024  768], but screen is actually [1920, 1200]. Using actual size
19.0706 	EXP 	Created window1 = Window(allowGUI=False, allowStencil=False, autoLog=True, backendConf=UNKNOWN, bitsMode=UNKNOWN, blendMode='avg', bpc=(8, 8, 8), color=array([0, 0, 0]), colorSpace='rgb', depthBits=8, fullscr=<method-wrapper '__getattribute__' of attributeSetter object at 0x000002971FEA67B8>, gamma=None, gammaErrorPolicy='raise', lms=UNKNOWN, monitor=<psychopy.monitors.calibTools.Monitor object at 0x00000297215F40B8>, multiSample=False, name='window1', numSamples=2, pos=[0.0, 0.0], screen=0, size=array([1920, 1200]), stencilBits=0, stereo=False, units='norm', useFBO=True, useRetina=False, viewOri=0.0, viewPos=None, viewScale=None, waitBlanking=True, winType='pyglet')
19.0709 	EXP 	window1: mouseVisible = True
19.0710 	EXP 	window1: mouseVisible = False
19.0710 	EXP 	window1: recordFrameIntervals = False
19.2371 	EXP 	window1: recordFrameIntervals = True
19.4207 	EXP 	window1: recordFrameIntervals = False
19.4745 	EXP 	Created text = TextStim(__class__=<class 'psychopy.visual.text.TextStim'>, alignHoriz=method-wrapper(...), alignText='center', alignVert=method-wrapper(...), anchorHoriz='center', anchorVert='center', antialias=True, autoLog=True, bold=False, color=array([1., 1., 1.]), colorSpace='rgb', contrast=1.0, depth=0.0, flipHoriz=False, flipVert=False, font='Arial', fontFiles=[], height=0.15, italic=False, languageStyle='LTR', name='text', opacity=1, ori=0, pos=array([0., 0.]), rgb=UNKNOWN, text='+', units='norm', win=Window(...), wrapWidth=1)
19.4943 	EXP 	Created text = TextStim(__class__=<class 'psychopy.visual.text.TextStim'>, alignHoriz=method-wrapper(...), alignText='center', alignVert=method-wrapper(...), anchorHoriz='center', anchorVert='center', antialias=True, autoLog=True, bold=False, color=array([1., 1., 1.]), colorSpace='rgb', contrast=1.0, depth=0.0, flipHoriz=False, flipVert=False, font='Arial', fontFiles=[], height=0.07, italic=False, languageStyle='LTR', name='text', opacity=1, ori=0, pos=array([0., 0.]), rgb=UNKNOWN, text=str(...), units='norm', win=Window(...), wrapWidth=1.65)
19.5066 	EXP 	Created text = TextStim(__class__=<class 'psychopy.visual.text.TextStim'>, alignHoriz=method-wrapper(...), alignText='center', alignVert=method-wrapper(...), anchorHoriz='center', anchorVert='center', antialias=True, autoLog=True, bold=False, color=array([1., 1., 1.]), colorSpace='rgb', contrast=1.0, depth=0.0, flipHoriz=False, flipVert=False, font='Arial', fontFiles=[], height=0.07, italic=False, languageStyle='LTR', name='text', opacity=1, ori=0, pos=array([0., 0.]), rgb=UNKNOWN, text=str(...), units='norm', win=Window(...), wrapWidth=1.65)
19.5164 	EXP 	Created text = TextStim(__class__=<class 'psychopy.visual.text.TextStim'>, alignHoriz=method-wrapper(...), alignText='center', alignVert=method-wrapper(...), anchorHoriz='center', anchorVert='center', antialias=True, autoLog=True, bold=False, color=array([1., 1., 1.]), colorSpace='rgb', contrast=1.0, depth=0.0, flipHoriz=False, flipVert=False, font='Arial', fontFiles=[], height=0.07, italic=False, languageStyle='LTR', name='text', opacity=1, ori=0, pos=array([0., 0.]), rgb=UNKNOWN, text=str(...), units='norm', win=Window(...), wrapWidth=1.65)
19.5262 	EXP 	Created text = TextStim(__class__=<class 'psychopy.visual.text.TextStim'>, alignHoriz=method-wrapper(...), alignText='center', alignVert=method-wrapper(...), anchorHoriz='center', anchorVert='center', antialias=True, autoLog=True, bold=False, color=array([1., 1., 1.]), colorSpace='rgb', contrast=1.0, depth=0.0, flipHoriz=False, flipVert=False, font='Arial', fontFiles=[], height=0.07, italic=False, languageStyle='LTR', name='text', opacity=1, ori=0, pos=array([0., 0.]), rgb=UNKNOWN, text=str(...), units='norm', win=Window(...), wrapWidth=1.65)
19.5315 	EXP 	Created text = TextStim(__class__=<class 'psychopy.visual.text.TextStim'>, alignHoriz=method-wrapper(...), alignText='center', alignVert=method-wrapper(...), anchorHoriz='center', anchorVert='center', antialias=True, autoLog=True, bold=False, color=array([1., 1., 1.]), colorSpace='rgb', contrast=1.0, depth=0.0, flipHoriz=False, flipVert=False, font='Arial', fontFiles=[], height=0.07, italic=False, languageStyle='LTR', name='text', opacity=1, ori=0, pos=array([0., 0.]), rgb=UNKNOWN, text=str(...), units='norm', win=Window(...), wrapWidth=1.65)
19.5454 	EXP 	Created text = TextStim(__class__=<class 'psychopy.visual.text.TextStim'>, alignHoriz=method-wrapper(...), alignText='center', alignVert=method-wrapper(...), anchorHoriz='center', anchorVert='center', antialias=True, autoLog=True, bold=False, color=array([1., 1., 1.]), colorSpace='rgb', contrast=1.0, depth=0.0, flipHoriz=False, flipVert=False, font='Arial', fontFiles=[], height=0.15, italic=False, languageStyle='LTR', name='text', opacity=1, ori=0, pos=array([0., 0.]), rgb=UNKNOWN, text=str(...), units='norm', win=Window(...), wrapWidth=1.65)
19.5734 	EXP 	Created text = TextStim(__class__=<class 'psychopy.visual.text.TextStim'>, alignHoriz=method-wrapper(...), alignText='center', alignVert=method-wrapper(...), anchorHoriz='center', anchorVert='center', antialias=True, autoLog=True, bold=False, color=array([1., 1., 1.]), colorSpace='rgb', contrast=1.0, depth=0.0, flipHoriz=False, flipVert=False, font='Arial', fontFiles=[], height=0.07, italic=False, languageStyle='LTR', name='text', opacity=1, ori=0, pos=array([0., 0.]), rgb=UNKNOWN, text=str(...), units='norm', win=Window(...), wrapWidth=1.65)
19.5913 	EXP 	Created text = TextStim(__class__=<class 'psychopy.visual.text.TextStim'>, alignHoriz=method-wrapper(...), alignText='center', alignVert=method-wrapper(...), anchorHoriz='center', anchorVert='center', antialias=True, autoLog=True, bold=False, color=array([1., 1., 1.]), colorSpace='rgb', contrast=1.0, depth=0.0, flipHoriz=False, flipVert=False, font='Arial', fontFiles=[], height=0.07, italic=False, languageStyle='LTR', name='text', opacity=1, ori=0, pos=array([0., 0.]), rgb=UNKNOWN, text=str(...), units='norm', win=Window(...), wrapWidth=1.65)
19.6216 	EXP 	Created text = TextStim(__class__=<class 'psychopy.visual.text.TextStim'>, alignHoriz=method-wrapper(...), alignText='center', alignVert=method-wrapper(...), anchorHoriz='center', anchorVert='center', antialias=True, autoLog=True, bold=False, color=array([1., 1., 1.]), colorSpace='rgb', contrast=1.0, depth=0.0, flipHoriz=False, flipVert=False, font='Arial', fontFiles=[], height=0.07, italic=False, languageStyle='LTR', name='text', opacity=1, ori=0, pos=array([0., 0.]), rgb=UNKNOWN, text=str(...), units='norm', win=Window(...), wrapWidth=1.65)
19.6493 	EXP 	Created text = TextStim(__class__=<class 'psychopy.visual.text.TextStim'>, alignHoriz=method-wrapper(...), alignText='center', alignVert=method-wrapper(...), anchorHoriz='center', anchorVert='center', antialias=True, autoLog=True, bold=False, color=array([1., 1., 1.]), colorSpace='rgb', contrast=1.0, depth=0.0, flipHoriz=False, flipVert=False, font='Arial', fontFiles=[], height=0.07, italic=False, languageStyle='LTR', name='text', opacity=1, ori=0, pos=array([0., 0.]), rgb=UNKNOWN, text=str(...), units='norm', win=Window(...), wrapWidth=1.65)
19.6815 	EXP 	Created text = TextStim(__class__=<class 'psychopy.visual.text.TextStim'>, alignHoriz=method-wrapper(...), alignText='center', alignVert=method-wrapper(...), anchorHoriz='center', anchorVert='center', antialias=True, autoLog=True, bold=False, color=array([1., 1., 1.]), colorSpace='rgb', contrast=1.0, depth=0.0, flipHoriz=False, flipVert=False, font='Arial', fontFiles=[], height=0.07, italic=False, languageStyle='LTR', name='text', opacity=1, ori=0, pos=array([0., 0.]), rgb=UNKNOWN, text=str(...), units='norm', win=Window(...), wrapWidth=1.65)
19.6904 	EXP 	Created text = TextStim(__class__=<class 'psychopy.visual.text.TextStim'>, alignHoriz=method-wrapper(...), alignText='center', alignVert=method-wrapper(...), anchorHoriz='center', anchorVert='center', antialias=True, autoLog=True, bold=False, color=array([1., 1., 1.]), colorSpace='rgb', contrast=1.0, depth=0.0, flipHoriz=False, flipVert=False, font='Arial', fontFiles=[], height=0.07, italic=False, languageStyle='LTR', name='text', opacity=1, ori=0, pos=array([0., 0.]), rgb=UNKNOWN, text=str(...), units='norm', win=Window(...), wrapWidth=1.65)
19.7029 	EXP 	Created text = TextStim(__class__=<class 'psychopy.visual.text.TextStim'>, alignHoriz=method-wrapper(...), alignText='center', alignVert=method-wrapper(...), anchorHoriz='center', anchorVert='center', antialias=True, autoLog=True, bold=False, color=array([1., 1., 1.]), colorSpace='rgb', contrast=1.0, depth=0.0, flipHoriz=False, flipVert=False, font='Arial', fontFiles=[], height=0.07, italic=False, languageStyle='LTR', name='text', opacity=1, ori=0, pos=array([0., 0.]), rgb=UNKNOWN, text=str(...), units='norm', win=Window(...), wrapWidth=1.65)
19.7075 	EXP 	Created instru = TextStim(__class__=<class 'psychopy.visual.text.TextStim'>, alignHoriz=method-wrapper(...), alignText='center', alignVert=method-wrapper(...), anchorHoriz='center', anchorVert='center', antialias=True, autoLog=True, bold=False, color=array([1., 1., 1.]), colorSpace='rgb', contrast=1.0, depth=0.0, flipHoriz=False, flipVert=False, font='Arial', fontFiles=[], height=0.07, italic=False, languageStyle='LTR', name='instru', opacity=1, ori=0, pos=array([0. , 0.5]), rgb=UNKNOWN, text=str(...), units='norm', win=Window(...), wrapWidth=1)
19.7102 	EXP 	Created unnamed Line = Line(__class__=<class 'psychopy.visual.line.Line'>, autoDraw=False, autoLog=True, closeShape=False, color=array([1., 1., 1.]), colorSpace='rgb', contrast=None, depth=0, fillColor=array([0, 0, 0]), fillColorSpace='rgb', fillRGB=array([0, 0, 0]), interpolate=True, lineColor=array([1., 1., 1.]), lineColorSpace='rgb', lineRGB=array([1, 1, 1]), lineWidth=5, name='unnamed Line', opacity=0.5, ori=0.0, pos=array([0., 0.]), size=array([1., 1.]), units='norm', vertices=array([[-0.5,  0. ],
       [ 0.5,  0. ]]), win=Window(...), windingRule=None)
19.7123 	EXP 	Created unnamed Line = Line(__class__=<class 'psychopy.visual.line.Line'>, autoDraw=False, autoLog=True, closeShape=False, color=array([1., 1., 1.]), colorSpace='rgb', contrast=None, depth=0, fillColor=array([0, 0, 0]), fillColorSpace='rgb', fillRGB=array([0, 0, 0]), interpolate=True, lineColor=array([1., 1., 1.]), lineColorSpace='rgb', lineRGB=array([1, 1, 1]), lineWidth=3, name='unnamed Line', opacity=0.5, ori=0.0, pos=array([0., 0.]), size=array([1., 1.]), units='norm', vertices=array([[-0.5 , -0.05],
       [-0.5 ,  0.05]]), win=Window(...), windingRule=None)
19.7143 	EXP 	Created unnamed Line = Line(__class__=<class 'psychopy.visual.line.Line'>, autoDraw=False, autoLog=True, closeShape=False, color=array([1., 1., 1.]), colorSpace='rgb', contrast=None, depth=0, fillColor=array([0, 0, 0]), fillColorSpace='rgb', fillRGB=array([0, 0, 0]), interpolate=True, lineColor=array([1., 1., 1.]), lineColorSpace='rgb', lineRGB=array([1, 1, 1]), lineWidth=3, name='unnamed Line', opacity=0.5, ori=0.0, pos=array([0., 0.]), size=array([1., 1.]), units='norm', vertices=ndarray(...), win=Window(...), windingRule=None)
19.7163 	EXP 	Created unnamed Line = Line(__class__=<class 'psychopy.visual.line.Line'>, autoDraw=False, autoLog=True, closeShape=False, color=array([1., 1., 1.]), colorSpace='rgb', contrast=None, depth=0, fillColor=array([0, 0, 0]), fillColorSpace='rgb', fillRGB=array([0, 0, 0]), interpolate=True, lineColor=array([1., 1., 1.]), lineColorSpace='rgb', lineRGB=array([1, 1, 1]), lineWidth=3, name='unnamed Line', opacity=0.5, ori=0.0, pos=array([0., 0.]), size=array([1., 1.]), units='norm', vertices=ndarray(...), win=Window(...), windingRule=None)
19.7183 	EXP 	Created unnamed Line = Line(__class__=<class 'psychopy.visual.line.Line'>, autoDraw=False, autoLog=True, closeShape=False, color=array([1., 1., 1.]), colorSpace='rgb', contrast=None, depth=0, fillColor=array([0, 0, 0]), fillColorSpace='rgb', fillRGB=array([0, 0, 0]), interpolate=True, lineColor=array([1., 1., 1.]), lineColorSpace='rgb', lineRGB=array([1, 1, 1]), lineWidth=3, name='unnamed Line', opacity=0.5, ori=0.0, pos=array([0., 0.]), size=array([1., 1.]), units='norm', vertices=array([[ 0.5 , -0.05],
       [ 0.5 ,  0.05]]), win=Window(...), windingRule=None)
19.7302 	EXP 	Created unnamed TextStim = TextStim(__class__=<class 'psychopy.visual.text.TextStim'>, alignHoriz=method-wrapper(...), alignText='center', alignVert=method-wrapper(...), anchorHoriz='center', anchorVert='center', antialias=True, autoLog=True, bold=False, color=array([1., 1., 1.]), colorSpace='rgb', contrast=1.0, depth=0, flipHoriz=False, flipVert=False, font='', fontFiles=[], height=0.05, italic=False, languageStyle='LTR', name='unnamed TextStim', opacity=1.0, ori=0.0, pos=array([-0.5, -0.1]), rgb=UNKNOWN, text='Clearly \n NOT FOCUSED', units='norm', win=Window(...), wrapWidth=1)
19.7312 	EXP 	Created unnamed TextStim = TextStim(__class__=<class 'psychopy.visual.text.TextStim'>, alignHoriz=method-wrapper(...), alignText='center', alignVert=method-wrapper(...), anchorHoriz='center', anchorVert='center', antialias=True, autoLog=True, bold=False, color=array([1., 1., 1.]), colorSpace='rgb', contrast=1.0, depth=0, flipHoriz=False, flipVert=False, font='', fontFiles=[], height=0.05, italic=False, languageStyle='LTR', name='unnamed TextStim', opacity=1.0, ori=0.0, pos=array([-0.16666667, -0.1       ]), rgb=UNKNOWN, text='', units='norm', win=Window(...), wrapWidth=1)
19.7322 	EXP 	Created unnamed TextStim = TextStim(__class__=<class 'psychopy.visual.text.TextStim'>, alignHoriz=method-wrapper(...), alignText='center', alignVert=method-wrapper(...), anchorHoriz='center', anchorVert='center', antialias=True, autoLog=True, bold=False, color=array([1., 1., 1.]), colorSpace='rgb', contrast=1.0, depth=0, flipHoriz=False, flipVert=False, font='', fontFiles=[], height=0.05, italic=False, languageStyle='LTR', name='unnamed TextStim', opacity=1.0, ori=0.0, pos=array([ 0.16666667, -0.1       ]), rgb=UNKNOWN, text='', units='norm', win=Window(...), wrapWidth=1)
19.7352 	EXP 	Created unnamed TextStim = TextStim(__class__=<class 'psychopy.visual.text.TextStim'>, alignHoriz=method-wrapper(...), alignText='center', alignVert=method-wrapper(...), anchorHoriz='center', anchorVert='center', antialias=True, autoLog=True, bold=False, color=array([1., 1., 1.]), colorSpace='rgb', contrast=1.0, depth=0, flipHoriz=False, flipVert=False, font='', fontFiles=[], height=0.05, italic=False, languageStyle='LTR', name='unnamed TextStim', opacity=1.0, ori=0.0, pos=array([ 0.5, -0.1]), rgb=UNKNOWN, text='Clearly \n FOCUSED', units='norm', win=Window(...), wrapWidth=1)
19.7370 	EXP 	Created unnamed ShapeStim = ShapeStim(__class__=<class 'psychopy.visual.shape.ShapeStim'>, autoDraw=False, autoLog=True, closeShape=True, color=method-wrapper(...), colorSpace='rgb', contrast=None, depth=0, fillColor=array([1, 1, 1]), fillColorSpace='rgb', fillRGB=array([1, 1, 1]), interpolate=True, lineColor=array([-1., -1., -1.]), lineColorSpace='rgb', lineRGB=array([-1, -1, -1]), lineWidth=1.5, name='unnamed ShapeStim', opacity=1.0, ori=0.0, pos=array([0., 0.]), size=array([1., 1.]), units='norm', vertices=ndarray(...), win=Window(...), windingRule=None)
19.7453 	EXP 	Created instru = TextStim(__class__=<class 'psychopy.visual.text.TextStim'>, alignHoriz=method-wrapper(...), alignText='center', alignVert=method-wrapper(...), anchorHoriz='center', anchorVert='center', antialias=True, autoLog=True, bold=False, color=array([1., 1., 1.]), colorSpace='rgb', contrast=1.0, depth=0.0, flipHoriz=False, flipVert=False, font='Arial', fontFiles=[], height=0.07, italic=False, languageStyle='LTR', name='instru', opacity=1, ori=0, pos=array([0. , 0.5]), rgb=UNKNOWN, text=str(...), units='norm', win=Window(...), wrapWidth=1)
19.7472 	EXP 	Created unnamed Line = Line(__class__=<class 'psychopy.visual.line.Line'>, autoDraw=False, autoLog=True, closeShape=False, color=array([1., 1., 1.]), colorSpace='rgb', contrast=None, depth=0, fillColor=array([0, 0, 0]), fillColorSpace='rgb', fillRGB=array([0, 0, 0]), interpolate=True, lineColor=array([1., 1., 1.]), lineColorSpace='rgb', lineRGB=array([1, 1, 1]), lineWidth=5, name='unnamed Line', opacity=0.5, ori=0.0, pos=array([0., 0.]), size=array([1., 1.]), units='norm', vertices=array([[-0.5,  0. ],
       [ 0.5,  0. ]]), win=Window(...), windingRule=None)
19.7492 	EXP 	Created unnamed Line = Line(__class__=<class 'psychopy.visual.line.Line'>, autoDraw=False, autoLog=True, closeShape=False, color=array([1., 1., 1.]), colorSpace='rgb', contrast=None, depth=0, fillColor=array([0, 0, 0]), fillColorSpace='rgb', fillRGB=array([0, 0, 0]), interpolate=True, lineColor=array([1., 1., 1.]), lineColorSpace='rgb', lineRGB=array([1, 1, 1]), lineWidth=3, name='unnamed Line', opacity=0.5, ori=0.0, pos=array([0., 0.]), size=array([1., 1.]), units='norm', vertices=array([[-0.5 , -0.05],
       [-0.5 ,  0.05]]), win=Window(...), windingRule=None)
19.7513 	EXP 	Created unnamed Line = Line(__class__=<class 'psychopy.visual.line.Line'>, autoDraw=False, autoLog=True, closeShape=False, color=array([1., 1., 1.]), colorSpace='rgb', contrast=None, depth=0, fillColor=array([0, 0, 0]), fillColorSpace='rgb', fillRGB=array([0, 0, 0]), interpolate=True, lineColor=array([1., 1., 1.]), lineColorSpace='rgb', lineRGB=array([1, 1, 1]), lineWidth=3, name='unnamed Line', opacity=0.5, ori=0.0, pos=array([0., 0.]), size=array([1., 1.]), units='norm', vertices=ndarray(...), win=Window(...), windingRule=None)
19.7533 	EXP 	Created unnamed Line = Line(__class__=<class 'psychopy.visual.line.Line'>, autoDraw=False, autoLog=True, closeShape=False, color=array([1., 1., 1.]), colorSpace='rgb', contrast=None, depth=0, fillColor=array([0, 0, 0]), fillColorSpace='rgb', fillRGB=array([0, 0, 0]), interpolate=True, lineColor=array([1., 1., 1.]), lineColorSpace='rgb', lineRGB=array([1, 1, 1]), lineWidth=3, name='unnamed Line', opacity=0.5, ori=0.0, pos=array([0., 0.]), size=array([1., 1.]), units='norm', vertices=ndarray(...), win=Window(...), windingRule=None)
19.7553 	EXP 	Created unnamed Line = Line(__class__=<class 'psychopy.visual.line.Line'>, autoDraw=False, autoLog=True, closeShape=False, color=array([1., 1., 1.]), colorSpace='rgb', contrast=None, depth=0, fillColor=array([0, 0, 0]), fillColorSpace='rgb', fillRGB=array([0, 0, 0]), interpolate=True, lineColor=array([1., 1., 1.]), lineColorSpace='rgb', lineRGB=array([1, 1, 1]), lineWidth=3, name='unnamed Line', opacity=0.5, ori=0.0, pos=array([0., 0.]), size=array([1., 1.]), units='norm', vertices=array([[ 0.5 , -0.05],
       [ 0.5 ,  0.05]]), win=Window(...), windingRule=None)
19.7605 	EXP 	Created unnamed TextStim = TextStim(__class__=<class 'psychopy.visual.text.TextStim'>, alignHoriz=method-wrapper(...), alignText='center', alignVert=method-wrapper(...), anchorHoriz='center', anchorVert='center', antialias=True, autoLog=True, bold=False, color=array([1., 1., 1.]), colorSpace='rgb', contrast=1.0, depth=0, flipHoriz=False, flipVert=False, font='', fontFiles=[], height=0.05, italic=False, languageStyle='LTR', name='unnamed TextStim', opacity=1.0, ori=0.0, pos=array([-0.5, -0.1]), rgb=UNKNOWN, text='Clearly \n NOTHING', units='norm', win=Window(...), wrapWidth=1)
19.7615 	EXP 	Created unnamed TextStim = TextStim(__class__=<class 'psychopy.visual.text.TextStim'>, alignHoriz=method-wrapper(...), alignText='center', alignVert=method-wrapper(...), anchorHoriz='center', anchorVert='center', antialias=True, autoLog=True, bold=False, color=array([1., 1., 1.]), colorSpace='rgb', contrast=1.0, depth=0, flipHoriz=False, flipVert=False, font='', fontFiles=[], height=0.05, italic=False, languageStyle='LTR', name='unnamed TextStim', opacity=1.0, ori=0.0, pos=array([-0.16666667, -0.1       ]), rgb=UNKNOWN, text='', units='norm', win=Window(...), wrapWidth=1)
19.7625 	EXP 	Created unnamed TextStim = TextStim(__class__=<class 'psychopy.visual.text.TextStim'>, alignHoriz=method-wrapper(...), alignText='center', alignVert=method-wrapper(...), anchorHoriz='center', anchorVert='center', antialias=True, autoLog=True, bold=False, color=array([1., 1., 1.]), colorSpace='rgb', contrast=1.0, depth=0, flipHoriz=False, flipVert=False, font='', fontFiles=[], height=0.05, italic=False, languageStyle='LTR', name='unnamed TextStim', opacity=1.0, ori=0.0, pos=array([ 0.16666667, -0.1       ]), rgb=UNKNOWN, text='', units='norm', win=Window(...), wrapWidth=1)
19.7665 	EXP 	Created unnamed TextStim = TextStim(__class__=<class 'psychopy.visual.text.TextStim'>, alignHoriz=method-wrapper(...), alignText='center', alignVert=method-wrapper(...), anchorHoriz='center', anchorVert='center', antialias=True, autoLog=True, bold=False, color=array([1., 1., 1.]), colorSpace='rgb', contrast=1.0, depth=0, flipHoriz=False, flipVert=False, font='', fontFiles=[], height=0.05, italic=False, languageStyle='LTR', name='unnamed TextStim', opacity=1.0, ori=0.0, pos=array([ 0.5, -0.1]), rgb=UNKNOWN, text='Clearly \n SOMETHING', units='norm', win=Window(...), wrapWidth=1)
19.7683 	EXP 	Created unnamed ShapeStim = ShapeStim(__class__=<class 'psychopy.visual.shape.ShapeStim'>, autoDraw=False, autoLog=True, closeShape=True, color=method-wrapper(...), colorSpace='rgb', contrast=None, depth=0, fillColor=array([1, 1, 1]), fillColorSpace='rgb', fillRGB=array([1, 1, 1]), interpolate=True, lineColor=array([-1., -1., -1.]), lineColorSpace='rgb', lineRGB=array([-1, -1, -1]), lineWidth=1.5, name='unnamed ShapeStim', opacity=1.0, ori=0.0, pos=array([0., 0.]), size=array([1., 1.]), units='norm', vertices=ndarray(...), win=Window(...), windingRule=None)
19.7750 	EXP 	Created instru = TextStim(__class__=<class 'psychopy.visual.text.TextStim'>, alignHoriz=method-wrapper(...), alignText='center', alignVert=method-wrapper(...), anchorHoriz='center', anchorVert='center', antialias=True, autoLog=True, bold=False, color=array([1., 1., 1.]), colorSpace='rgb', contrast=1.0, depth=0.0, flipHoriz=False, flipVert=False, font='Arial', fontFiles=[], height=0.07, italic=False, languageStyle='LTR', name='instru', opacity=1, ori=0, pos=array([0. , 0.5]), rgb=UNKNOWN, text=str(...), units='norm', win=Window(...), wrapWidth=1)
19.7769 	EXP 	Created unnamed Line = Line(__class__=<class 'psychopy.visual.line.Line'>, autoDraw=False, autoLog=True, closeShape=False, color=array([1., 1., 1.]), colorSpace='rgb', contrast=None, depth=0, fillColor=array([0, 0, 0]), fillColorSpace='rgb', fillRGB=array([0, 0, 0]), interpolate=True, lineColor=array([1., 1., 1.]), lineColorSpace='rgb', lineRGB=array([1, 1, 1]), lineWidth=5, name='unnamed Line', opacity=0.5, ori=0.0, pos=array([0., 0.]), size=array([1., 1.]), units='norm', vertices=array([[-0.5,  0. ],
       [ 0.5,  0. ]]), win=Window(...), windingRule=None)
19.7789 	EXP 	Created unnamed Line = Line(__class__=<class 'psychopy.visual.line.Line'>, autoDraw=False, autoLog=True, closeShape=False, color=array([1., 1., 1.]), colorSpace='rgb', contrast=None, depth=0, fillColor=array([0, 0, 0]), fillColorSpace='rgb', fillRGB=array([0, 0, 0]), interpolate=True, lineColor=array([1., 1., 1.]), lineColorSpace='rgb', lineRGB=array([1, 1, 1]), lineWidth=3, name='unnamed Line', opacity=0.5, ori=0.0, pos=array([0., 0.]), size=array([1., 1.]), units='norm', vertices=array([[-0.5 , -0.05],
       [-0.5 ,  0.05]]), win=Window(...), windingRule=None)
19.7809 	EXP 	Created unnamed Line = Line(__class__=<class 'psychopy.visual.line.Line'>, autoDraw=False, autoLog=True, closeShape=False, color=array([1., 1., 1.]), colorSpace='rgb', contrast=None, depth=0, fillColor=array([0, 0, 0]), fillColorSpace='rgb', fillRGB=array([0, 0, 0]), interpolate=True, lineColor=array([1., 1., 1.]), lineColorSpace='rgb', lineRGB=array([1, 1, 1]), lineWidth=3, name='unnamed Line', opacity=0.5, ori=0.0, pos=array([0., 0.]), size=array([1., 1.]), units='norm', vertices=ndarray(...), win=Window(...), windingRule=None)
19.7828 	EXP 	Created unnamed Line = Line(__class__=<class 'psychopy.visual.line.Line'>, autoDraw=False, autoLog=True, closeShape=False, color=array([1., 1., 1.]), colorSpace='rgb', contrast=None, depth=0, fillColor=array([0, 0, 0]), fillColorSpace='rgb', fillRGB=array([0, 0, 0]), interpolate=True, lineColor=array([1., 1., 1.]), lineColorSpace='rgb', lineRGB=array([1, 1, 1]), lineWidth=3, name='unnamed Line', opacity=0.5, ori=0.0, pos=array([0., 0.]), size=array([1., 1.]), units='norm', vertices=ndarray(...), win=Window(...), windingRule=None)
19.7848 	EXP 	Created unnamed Line = Line(__class__=<class 'psychopy.visual.line.Line'>, autoDraw=False, autoLog=True, closeShape=False, color=array([1., 1., 1.]), colorSpace='rgb', contrast=None, depth=0, fillColor=array([0, 0, 0]), fillColorSpace='rgb', fillRGB=array([0, 0, 0]), interpolate=True, lineColor=array([1., 1., 1.]), lineColorSpace='rgb', lineRGB=array([1, 1, 1]), lineWidth=3, name='unnamed Line', opacity=0.5, ori=0.0, pos=array([0., 0.]), size=array([1., 1.]), units='norm', vertices=array([[ 0.5 , -0.05],
       [ 0.5 ,  0.05]]), win=Window(...), windingRule=None)
19.7898 	EXP 	Created unnamed TextStim = TextStim(__class__=<class 'psychopy.visual.text.TextStim'>, alignHoriz=method-wrapper(...), alignText='center', alignVert=method-wrapper(...), anchorHoriz='center', anchorVert='center', antialias=True, autoLog=True, bold=False, color=array([1., 1., 1.]), colorSpace='rgb', contrast=1.0, depth=0, flipHoriz=False, flipVert=False, font='', fontFiles=[], height=0.05, italic=False, languageStyle='LTR', name='unnamed TextStim', opacity=1.0, ori=0.0, pos=array([-0.5, -0.1]), rgb=UNKNOWN, text='Clearly \n SPONTANEOUS', units='norm', win=Window(...), wrapWidth=1)
19.7908 	EXP 	Created unnamed TextStim = TextStim(__class__=<class 'psychopy.visual.text.TextStim'>, alignHoriz=method-wrapper(...), alignText='center', alignVert=method-wrapper(...), anchorHoriz='center', anchorVert='center', antialias=True, autoLog=True, bold=False, color=array([1., 1., 1.]), colorSpace='rgb', contrast=1.0, depth=0, flipHoriz=False, flipVert=False, font='', fontFiles=[], height=0.05, italic=False, languageStyle='LTR', name='unnamed TextStim', opacity=1.0, ori=0.0, pos=array([-0.16666667, -0.1       ]), rgb=UNKNOWN, text='', units='norm', win=Window(...), wrapWidth=1)
19.7918 	EXP 	Created unnamed TextStim = TextStim(__class__=<class 'psychopy.visual.text.TextStim'>, alignHoriz=method-wrapper(...), alignText='center', alignVert=method-wrapper(...), anchorHoriz='center', anchorVert='center', antialias=True, autoLog=True, bold=False, color=array([1., 1., 1.]), colorSpace='rgb', contrast=1.0, depth=0, flipHoriz=False, flipVert=False, font='', fontFiles=[], height=0.05, italic=False, languageStyle='LTR', name='unnamed TextStim', opacity=1.0, ori=0.0, pos=array([ 0.16666667, -0.1       ]), rgb=UNKNOWN, text='', units='norm', win=Window(...), wrapWidth=1)
19.7972 	EXP 	Created unnamed TextStim = TextStim(__class__=<class 'psychopy.visual.text.TextStim'>, alignHoriz=method-wrapper(...), alignText='center', alignVert=method-wrapper(...), anchorHoriz='center', anchorVert='center', antialias=True, autoLog=True, bold=False, color=array([1., 1., 1.]), colorSpace='rgb', contrast=1.0, depth=0, flipHoriz=False, flipVert=False, font='', fontFiles=[], height=0.05, italic=False, languageStyle='LTR', name='unnamed TextStim', opacity=1.0, ori=0.0, pos=array([ 0.5, -0.1]), rgb=UNKNOWN, text='Clearly \n DELIBERATE', units='norm', win=Window(...), wrapWidth=1)
19.7989 	EXP 	Created unnamed ShapeStim = ShapeStim(__class__=<class 'psychopy.visual.shape.ShapeStim'>, autoDraw=False, autoLog=True, closeShape=True, color=method-wrapper(...), colorSpace='rgb', contrast=None, depth=0, fillColor=array([1, 1, 1]), fillColorSpace='rgb', fillRGB=array([1, 1, 1]), interpolate=True, lineColor=array([-1., -1., -1.]), lineColorSpace='rgb', lineRGB=array([-1, -1, -1]), lineWidth=1.5, name='unnamed ShapeStim', opacity=1.0, ori=0.0, pos=array([0., 0.]), size=array([1., 1.]), units='norm', vertices=ndarray(...), win=Window(...), windingRule=None)
19.8480 	EXP 	Sound  set volume 1.000
19.8806 	EXP 	unnamed ShapeStim: vertices = <class 'numpy.ndarray'>
19.8806 	EXP 	unnamed ShapeStim: vertices = <class 'numpy.ndarray'>
19.8806 	EXP 	unnamed ShapeStim: vertices = <class 'numpy.ndarray'>
21.8843 	DATA 	Keypress: rctrl
22.4063 	EXP 	Sound  started
22.9081 	DATA 	Keypress: rctrl
23.1561 	EXP 	Sound  started
23.3722 	DATA 	Keypress: rctrl
23.9062 	EXP 	Sound  started
23.9481 	DATA 	Keypress: rctrl
24.6562 	EXP 	Sound  started
24.6682 	DATA 	Keypress: rctrl
25.3402 	DATA 	Keypress: lctrl
25.4062 	EXP 	Sound  started
26.0762 	DATA 	Keypress: lctrl
26.1562 	EXP 	Sound  started
26.7962 	DATA 	Keypress: rctrl
26.9062 	EXP 	Sound  started
27.5482 	DATA 	Keypress: lctrl
27.6562 	EXP 	Sound  started
28.2361 	DATA 	Keypress: rctrl
28.4062 	EXP 	Sound  started
28.9402 	DATA 	Keypress: rctrl
29.1562 	EXP 	Sound  started
29.7242 	DATA 	Keypress: lctrl
29.9063 	EXP 	Sound  started
30.4762 	DATA 	Keypress: lctrl
30.6563 	EXP 	Sound  started
31.1801 	DATA 	Keypress: lctrl
31.4063 	EXP 	Sound  started
31.8842 	DATA 	Keypress: rctrl
32.1563 	EXP 	Sound  started
32.7002 	DATA 	Keypress: lctrl
32.9063 	EXP 	Sound  started
33.3561 	DATA 	Keypress: lctrl
33.6563 	EXP 	Sound  started
34.1241 	DATA 	Keypress: rctrl
34.4063 	EXP 	Sound  started
34.9242 	DATA 	Keypress: rctrl
35.1563 	EXP 	Sound  started
35.6601 	DATA 	Keypress: rctrl
35.9063 	EXP 	Sound  started
36.4441 	DATA 	Keypress: rctrl
36.6564 	EXP 	Sound  started
37.1962 	DATA 	Keypress: lctrl
37.4064 	EXP 	Sound  started
37.9802 	DATA 	Keypress: lctrl
38.1564 	EXP 	Sound  started
38.7003 	DATA 	Keypress: rctrl
38.9064 	EXP 	Sound  started
39.4683 	DATA 	Keypress: lctrl
39.6564 	EXP 	Sound  started
40.1722 	DATA 	Keypress: lctrl
40.4064 	EXP 	Sound  started
40.9561 	DATA 	Keypress: lctrl
41.1564 	EXP 	Sound  started
41.6761 	DATA 	Keypress: rctrl
41.9065 	EXP 	Sound  started
42.4921 	DATA 	Keypress: lctrl
42.6565 	EXP 	Sound  started
43.2441 	DATA 	Keypress: lctrl
43.4065 	EXP 	Sound  started
44.0122 	DATA 	Keypress: rctrl
44.1565 	EXP 	Sound  started
44.7482 	DATA 	Keypress: rctrl
44.9065 	EXP 	Sound  started
45.4682 	DATA 	Keypress: rctrl
45.6565 	EXP 	Sound  started
46.3801 	DATA 	Keypress: rctrl
46.4065 	EXP 	Sound  started
47.1321 	DATA 	Keypress: lctrl
47.1566 	EXP 	Sound  started
47.8841 	DATA 	Keypress: lctrl
47.9066 	EXP 	Sound  started
48.5401 	DATA 	Keypress: rctrl
48.6566 	EXP 	Sound  started
49.3561 	DATA 	Keypress: rctrl
49.4066 	EXP 	Sound  started
50.0441 	DATA 	Keypress: rctrl
50.1566 	EXP 	Sound  started
50.7481 	DATA 	Keypress: lctrl
50.9066 	EXP 	Sound  started
51.4682 	DATA 	Keypress: rctrl
51.6566 	EXP 	Sound  started
52.3321 	DATA 	Keypress: rctrl
52.4067 	EXP 	Sound  started
53.0842 	DATA 	Keypress: rctrl
53.1567 	EXP 	Sound  started
53.8201 	DATA 	Keypress: lctrl
53.9067 	EXP 	Sound  started
54.5561 	DATA 	Keypress: lctrl
54.6567 	EXP 	Sound  started
55.2601 	DATA 	Keypress: lctrl
55.4067 	EXP 	Sound  started
56.0441 	DATA 	Keypress: lctrl
56.1567 	EXP 	Sound  started
56.7162 	DATA 	Keypress: rctrl
56.9067 	EXP 	Sound  started
57.4682 	DATA 	Keypress: rctrl
57.6568 	EXP 	Sound  started
58.1242 	DATA 	Keypress: lctrl
58.4068 	EXP 	Sound  started
58.9242 	DATA 	Keypress: lctrl
59.1568 	EXP 	Sound  started
59.7241 	DATA 	Keypress: lctrl
59.9068 	EXP 	Sound  started
60.4441 	DATA 	Keypress: lctrl
60.6568 	EXP 	Sound  started
61.1801 	DATA 	Keypress: rctrl
61.4068 	EXP 	Sound  started
61.9481 	DATA 	Keypress: rctrl
62.1568 	EXP 	Sound  started
62.7321 	DATA 	Keypress: rctrl
62.9069 	EXP 	Sound  started
63.5321 	DATA 	Keypress: lctrl
63.6569 	EXP 	Sound  started
64.2522 	DATA 	Keypress: rctrl
64.4069 	EXP 	Sound  started
64.9561 	DATA 	Keypress: rctrl
65.1569 	EXP 	Sound  started
65.6441 	DATA 	Keypress: lctrl
65.9069 	EXP 	Sound  started
66.4281 	DATA 	Keypress: lctrl
66.6569 	EXP 	Sound  started
67.2761 	DATA 	Keypress: lctrl
67.4069 	EXP 	Sound  started
68.0601 	DATA 	Keypress: rctrl
68.1570 	EXP 	Sound  started
68.7962 	DATA 	Keypress: lctrl
68.9070 	EXP 	Sound  started
69.5801 	DATA 	Keypress: lctrl
69.6570 	EXP 	Sound  started
70.3482 	DATA 	Keypress: rctrl
70.4070 	EXP 	Sound  started
71.0201 	DATA 	Keypress: rctrl
71.1570 	EXP 	Sound  started
71.7082 	DATA 	Keypress: rctrl
71.9070 	EXP 	Sound  started
72.4601 	DATA 	Keypress: lctrl
72.6570 	EXP 	Sound  started
73.2121 	DATA 	Keypress: lctrl
73.4071 	EXP 	Sound  started
73.9481 	DATA 	Keypress: rctrl
74.1571 	EXP 	Sound  started
74.6841 	DATA 	Keypress: lctrl
74.9071 	EXP 	Sound  started
75.4202 	DATA 	Keypress: lctrl
75.6571 	EXP 	Sound  started
76.1241 	DATA 	Keypress: lctrl
76.4071 	EXP 	Sound  started
76.8921 	DATA 	Keypress: rctrl
77.1571 	EXP 	Sound  started
77.7241 	DATA 	Keypress: rctrl
77.9071 	EXP 	Sound  started
78.4280 	DATA 	Keypress: lctrl
78.6572 	EXP 	Sound  started
79.1641 	DATA 	Keypress: lctrl
79.4072 	EXP 	Sound  started
79.9642 	DATA 	Keypress: lctrl
80.1572 	EXP 	Sound  started
80.7001 	DATA 	Keypress: rctrl
80.9072 	EXP 	Sound  started
81.4682 	DATA 	Keypress: rctrl
81.6572 	EXP 	Sound  started
82.2042 	DATA 	Keypress: lctrl
82.4072 	EXP 	Sound  started
82.9722 	DATA 	Keypress: lctrl
83.1728 	EXP 	unnamed TextStim: text = ''
83.1728 	EXP 	unnamed TextStim: text = ''
87.2925 	DATA 	Keypress: 4
87.3090 	EXP 	unnamed ShapeStim: vertices = <class 'numpy.ndarray'>
88.8436 	EXP 	unnamed TextStim: text = ''
88.8436 	EXP 	unnamed TextStim: text = ''
92.3967 	DATA 	Keypress: 1
92.4132 	EXP 	unnamed ShapeStim: vertices = <class 'numpy.ndarray'>
93.9478 	EXP 	unnamed TextStim: text = ''
93.9478 	EXP 	unnamed TextStim: text = ''
94.3186 	DATA 	Keypress: 1
94.3481 	EXP 	unnamed ShapeStim: vertices = <class 'numpy.ndarray'>
96.6324 	EXP 	Sound  started
97.0521 	DATA 	Keypress: rctrl
97.3822 	EXP 	Sound  started
97.3881 	DATA 	Keypress: rctrl
97.9960 	DATA 	Keypress: lctrl
98.1322 	EXP 	Sound  started
98.7001 	DATA 	Keypress: lctrl
98.8823 	EXP 	Sound  started
99.4681 	DATA 	Keypress: rctrl
99.6323 	EXP 	Sound  started
100.1881 	DATA 	Keypress: rctrl
100.3823 	EXP 	Sound  started
100.9082 	DATA 	Keypress: rctrl
101.1323 	EXP 	Sound  started
101.6601 	DATA 	Keypress: lctrl
101.8823 	EXP 	Sound  started
102.4441 	DATA 	Keypress: rctrl
102.6323 	EXP 	Sound  started
103.1801 	DATA 	Keypress: rctrl
103.3823 	EXP 	Sound  started
103.9642 	DATA 	Keypress: lctrl
104.1324 	EXP 	Sound  started
104.7161 	DATA 	Keypress: lctrl
104.8824 	EXP 	Sound  started
105.4520 	DATA 	Keypress: lctrl
105.6324 	EXP 	Sound  started
106.1721 	DATA 	Keypress: rctrl
106.3824 	EXP 	Sound  started
106.9082 	DATA 	Keypress: lctrl
107.1324 	EXP 	Sound  started
107.6761 	DATA 	Keypress: lctrl
107.8824 	EXP 	Sound  started
108.4920 	DATA 	Keypress: rctrl
108.6325 	EXP 	Sound  started
109.1802 	DATA 	Keypress: rctrl
109.3825 	EXP 	Sound  started
109.9161 	DATA 	Keypress: rctrl
110.1325 	EXP 	Sound  started
110.6681 	DATA 	Keypress: lctrl
110.8825 	EXP 	Sound  started
111.4521 	DATA 	Keypress: lctrl
111.6325 	EXP 	Sound  started
112.1721 	DATA 	Keypress: rctrl
112.3826 	EXP 	Sound  started
112.8761 	DATA 	Keypress: lctrl
113.1326 	EXP 	Sound  started
113.6922 	DATA 	Keypress: lctrl
113.8826 	EXP 	Sound  started
114.5241 	DATA 	Keypress: lctrl
114.6326 	EXP 	Sound  started
115.2121 	DATA 	Keypress: rctrl
115.3826 	EXP 	Sound  started
115.9801 	DATA 	Keypress: lctrl
116.1326 	EXP 	Sound  started
116.6201 	DATA 	Keypress: lctrl
116.8826 	EXP 	Sound  started
117.4041 	DATA 	Keypress: rctrl
117.6327 	EXP 	Sound  started
118.2041 	DATA 	Keypress: rctrl
118.3827 	EXP 	Sound  started
119.0361 	DATA 	Keypress: rctrl
119.1327 	EXP 	Sound  started
119.7721 	DATA 	Keypress: lctrl
119.8827 	EXP 	Sound  started
120.4760 	DATA 	Keypress: lctrl
120.6327 	EXP 	Sound  started
121.2121 	DATA 	Keypress: lctrl
121.3827 	EXP 	Sound  started
121.9801 	DATA 	Keypress: lctrl
122.1327 	EXP 	Sound  started
122.6680 	DATA 	Keypress: rctrl
122.8827 	EXP 	Sound  started
123.3881 	DATA 	Keypress: lctrl
123.6327 	EXP 	Sound  started
124.1721 	DATA 	Keypress: rctrl
124.3828 	EXP 	Sound  started
124.8761 	DATA 	Keypress: rctrl
125.1328 	EXP 	Sound  started
125.5641 	DATA 	Keypress: lctrl
125.8828 	EXP 	Sound  started
126.3481 	DATA 	Keypress: lctrl
126.6328 	EXP 	Sound  started
127.1481 	DATA 	Keypress: rctrl
127.3828 	EXP 	Sound  started
127.9320 	DATA 	Keypress: rctrl
128.1328 	EXP 	Sound  started
128.7322 	DATA 	Keypress: rctrl
128.8829 	EXP 	Sound  started
129.5322 	DATA 	Keypress: lctrl
129.6329 	EXP 	Sound  started
130.2521 	DATA 	Keypress: lctrl
130.3829 	EXP 	Sound  started
131.0681 	DATA 	Keypress: lctrl
131.1329 	EXP 	Sound  started
131.7720 	DATA 	Keypress: rctrl
131.8829 	EXP 	Sound  started
132.5081 	DATA 	Keypress: lctrl
132.6329 	EXP 	Sound  started
133.2921 	DATA 	Keypress: rctrl
133.3829 	EXP 	Sound  started
133.9961 	DATA 	Keypress: rctrl
134.1330 	EXP 	Sound  started
134.7320 	DATA 	Keypress: lctrl
134.8830 	EXP 	Sound  started
135.5161 	DATA 	Keypress: lctrl
135.6330 	EXP 	Sound  started
136.2201 	DATA 	Keypress: lctrl
136.3830 	EXP 	Sound  started
136.9562 	DATA 	Keypress: rctrl
137.1330 	EXP 	Sound  started
137.7561 	DATA 	Keypress: rctrl
137.8830 	EXP 	Sound  started
138.5400 	DATA 	Keypress: rctrl
138.6330 	EXP 	Sound  started
139.2921 	DATA 	Keypress: rctrl
139.3830 	EXP 	Sound  started
139.9641 	DATA 	Keypress: lctrl
140.1331 	EXP 	Sound  started
140.7481 	DATA 	Keypress: rctrl
140.8831 	EXP 	Sound  started
141.5321 	DATA 	Keypress: rctrl
141.6331 	EXP 	Sound  started
142.2201 	DATA 	Keypress: lctrl
142.3831 	EXP 	Sound  started
142.9881 	DATA 	Keypress: lctrl
143.1331 	EXP 	Sound  started
143.7081 	DATA 	Keypress: lctrl
143.8831 	EXP 	Sound  started
144.5081 	DATA 	Keypress: lctrl
144.6331 	EXP 	Sound  started
145.2920 	DATA 	Keypress: rctrl
145.3832 	EXP 	Sound  started
145.9160 	DATA 	Keypress: lctrl
146.1332 	EXP 	Sound  started
146.6841 	DATA 	Keypress: lctrl
146.8832 	EXP 	Sound  started
147.5001 	DATA 	Keypress: rctrl
147.6332 	EXP 	Sound  started
148.2360 	DATA 	Keypress: rctrl
148.3832 	EXP 	Sound  started
148.9721 	DATA 	Keypress: rctrl
151.4283 	DATA 	Keypress: 3
151.4449 	EXP 	unnamed ShapeStim: vertices = <class 'numpy.ndarray'>
155.1017 	DATA 	Keypress: 2
155.1312 	EXP 	unnamed ShapeStim: vertices = <class 'numpy.ndarray'>
158.9845 	DATA 	Keypress: 2
159.0010 	EXP 	unnamed ShapeStim: vertices = <class 'numpy.ndarray'>
161.2866 	EXP 	Sound  started
161.2875 	DATA 	Keypress: rctrl
161.8522 	DATA 	Keypress: rctrl
162.0365 	EXP 	Sound  started
162.5721 	DATA 	Keypress: lctrl
162.7865 	EXP 	Sound  started
163.4361 	DATA 	Keypress: lctrl
163.5365 	EXP 	Sound  started
164.1082 	DATA 	Keypress: rctrl
164.2865 	EXP 	Sound  started
164.8121 	DATA 	Keypress: lctrl
165.0365 	EXP 	Sound  started
165.5481 	DATA 	Keypress: lctrl
165.7865 	EXP 	Sound  started
166.2681 	DATA 	Keypress: rctrl
166.5366 	EXP 	Sound  started
167.0360 	DATA 	Keypress: rctrl
167.2866 	EXP 	Sound  started
167.9001 	DATA 	Keypress: rctrl
168.0366 	EXP 	Sound  started
168.6041 	DATA 	Keypress: lctrl
168.7866 	EXP 	Sound  started
169.3401 	DATA 	Keypress: lctrl
169.5366 	EXP 	Sound  started
170.0921 	DATA 	Keypress: lctrl
170.2866 	EXP 	Sound  started
170.7801 	DATA 	Keypress: lctrl
171.0366 	EXP 	Sound  started
171.5961 	DATA 	Keypress: rctrl
171.7866 	EXP 	Sound  started
172.3320 	DATA 	Keypress: rctrl
172.5367 	EXP 	Sound  started
173.0522 	DATA 	Keypress: lctrl
173.2867 	EXP 	Sound  started
173.8201 	DATA 	Keypress: rctrl
174.0367 	EXP 	Sound  started
174.6041 	DATA 	Keypress: rctrl
174.7867 	EXP 	Sound  started
175.3560 	DATA 	Keypress: rctrl
175.5367 	EXP 	Sound  started
176.1400 	DATA 	Keypress: lctrl
176.2867 	EXP 	Sound  started
176.8280 	DATA 	Keypress: lctrl
177.0368 	EXP 	Sound  started
177.5800 	DATA 	Keypress: rctrl
177.7868 	EXP 	Sound  started
178.3480 	DATA 	Keypress: lctrl
178.5368 	EXP 	Sound  started
179.1481 	DATA 	Keypress: lctrl
179.2868 	EXP 	Sound  started
179.8681 	DATA 	Keypress: lctrl
180.0368 	EXP 	Sound  started
180.6361 	DATA 	Keypress: rctrl
180.7868 	EXP 	Sound  started
181.3721 	DATA 	Keypress: lctrl
181.5368 	EXP 	Sound  started
182.1561 	DATA 	Keypress: rctrl
182.2869 	EXP 	Sound  started
182.8440 	DATA 	Keypress: rctrl
183.0369 	EXP 	Sound  started
183.6921 	DATA 	Keypress: rctrl
183.7869 	EXP 	Sound  started
184.2680 	DATA 	Keypress: lctrl
184.5369 	EXP 	Sound  started
185.0520 	DATA 	Keypress: lctrl
185.2869 	EXP 	Sound  started
185.8201 	DATA 	Keypress: lctrl
186.0369 	EXP 	Sound  started
186.6521 	DATA 	Keypress: lctrl
186.7869 	EXP 	Sound  started
187.5369 	EXP 	Sound  started
188.1241 	DATA 	Keypress: rctrl
188.2870 	EXP 	Sound  started
188.9401 	DATA 	Keypress: rctrl
189.0370 	EXP 	Sound  started
189.6761 	DATA 	Keypress: rctrl
189.7870 	EXP 	Sound  started
190.3161 	DATA 	Keypress: lctrl
190.5370 	EXP 	Sound  started
191.0360 	DATA 	Keypress: rctrl
191.2870 	EXP 	Sound  started
191.9000 	DATA 	Keypress: rctrl
192.0370 	EXP 	Sound  started
192.7160 	DATA 	Keypress: rctrl
192.7870 	EXP 	Sound  started
193.4520 	DATA 	Keypress: lctrl
193.5371 	EXP 	Sound  started
194.2041 	DATA 	Keypress: rctrl
194.2871 	EXP 	Sound  started
194.9881 	DATA 	Keypress: rctrl
195.0371 	EXP 	Sound  started
195.7561 	DATA 	Keypress: lctrl
195.7871 	EXP 	Sound  started
196.5080 	DATA 	Keypress: lctrl
196.5371 	EXP 	Sound  started
197.2281 	DATA 	Keypress: lctrl
197.2871 	EXP 	Sound  started
197.8840 	DATA 	Keypress: rctrl
198.0372 	EXP 	Sound  started
198.6680 	DATA 	Keypress: lctrl
198.7872 	EXP 	Sound  started
199.4041 	DATA 	Keypress: lctrl
199.5372 	EXP 	Sound  started
200.1400 	DATA 	Keypress: rctrl
200.2872 	EXP 	Sound  started
200.8280 	DATA 	Keypress: rctrl
201.0372 	EXP 	Sound  started
201.6281 	DATA 	Keypress: rctrl
201.7872 	EXP 	Sound  started
202.3321 	DATA 	Keypress: lctrl
202.5372 	EXP 	Sound  started
203.1001 	DATA 	Keypress: rctrl
203.2873 	EXP 	Sound  started
203.8841 	DATA 	Keypress: rctrl
204.0373 	EXP 	Sound  started
204.5560 	DATA 	Keypress: lctrl
204.7873 	EXP 	Sound  started
205.3240 	DATA 	Keypress: lctrl
205.5373 	EXP 	Sound  started
206.1081 	DATA 	Keypress: rctrl
206.2873 	EXP 	Sound  started
206.9242 	DATA 	Keypress: rctrl
207.0373 	EXP 	Sound  started
207.6441 	DATA 	Keypress: rctrl
207.7874 	EXP 	Sound  started
208.4440 	DATA 	Keypress: lctrl
208.5374 	EXP 	Sound  started
209.1800 	DATA 	Keypress: lctrl
209.2874 	EXP 	Sound  started
209.8680 	DATA 	Keypress: rctrl
210.0374 	EXP 	Sound  started
210.6360 	DATA 	Keypress: lctrl
210.7874 	EXP 	Sound  started
211.4840 	DATA 	Keypress: lctrl
211.5374 	EXP 	Sound  started
212.1560 	DATA 	Keypress: lctrl
215.5642 	DATA 	Keypress: 3
215.5807 	EXP 	unnamed ShapeStim: vertices = <class 'numpy.ndarray'>
218.7501 	DATA 	Keypress: 1
218.7666 	EXP 	unnamed ShapeStim: vertices = <class 'numpy.ndarray'>
220.7189 	DATA 	Keypress: 1
220.7354 	EXP 	unnamed ShapeStim: vertices = <class 'numpy.ndarray'>
223.0205 	EXP 	Sound  started
223.2121 	DATA 	Keypress: rctrl
223.7703 	EXP 	Sound  started
223.7720 	DATA 	Keypress: rctrl
224.3640 	DATA 	Keypress: lctrl
224.5203 	EXP 	Sound  started
225.1000 	DATA 	Keypress: lctrl
225.2704 	EXP 	Sound  started
225.8841 	DATA 	Keypress: lctrl
226.0204 	EXP 	Sound  started
226.6680 	DATA 	Keypress: rctrl
226.7704 	EXP 	Sound  started
227.4361 	DATA 	Keypress: rctrl
227.5204 	EXP 	Sound  started
228.1401 	DATA 	Keypress: lctrl
228.2704 	EXP 	Sound  started
228.8921 	DATA 	Keypress: rctrl
229.0204 	EXP 	Sound  started
229.5801 	DATA 	Keypress: lctrl
229.7704 	EXP 	Sound  started
230.3161 	DATA 	Keypress: lctrl
230.5204 	EXP 	Sound  started
231.1640 	DATA 	Keypress: rctrl
231.2705 	EXP 	Sound  started
231.8840 	DATA 	Keypress: rctrl
232.0205 	EXP 	Sound  started
232.6361 	DATA 	Keypress: rctrl
232.7705 	EXP 	Sound  started
233.3401 	DATA 	Keypress: lctrl
233.5205 	EXP 	Sound  started
234.1080 	DATA 	Keypress: lctrl
234.2705 	EXP 	Sound  started
234.8280 	DATA 	Keypress: rctrl
235.0205 	EXP 	Sound  started
235.5320 	DATA 	Keypress: lctrl
235.7706 	EXP 	Sound  started
236.3320 	DATA 	Keypress: lctrl
236.5206 	EXP 	Sound  started
237.1480 	DATA 	Keypress: lctrl
237.2706 	EXP 	Sound  started
237.9000 	DATA 	Keypress: rctrl
238.0206 	EXP 	Sound  started
238.6680 	DATA 	Keypress: rctrl
238.7706 	EXP 	Sound  started
239.3881 	DATA 	Keypress: lctrl
239.5206 	EXP 	Sound  started
240.1400 	DATA 	Keypress: rctrl
240.2706 	EXP 	Sound  started
240.8440 	DATA 	Keypress: rctrl
241.0207 	EXP 	Sound  started
241.5800 	DATA 	Keypress: rctrl
241.7707 	EXP 	Sound  started
242.3320 	DATA 	Keypress: lctrl
242.5207 	EXP 	Sound  started
243.1640 	DATA 	Keypress: lctrl
243.2707 	EXP 	Sound  started
243.8680 	DATA 	Keypress: lctrl
244.0207 	EXP 	Sound  started
244.6680 	DATA 	Keypress: rctrl
244.7707 	EXP 	Sound  started
245.5000 	DATA 	Keypress: lctrl
245.5207 	EXP 	Sound  started
246.1560 	DATA 	Keypress: lctrl
246.2708 	EXP 	Sound  started
246.9081 	DATA 	Keypress: rctrl
247.0208 	EXP 	Sound  started
247.5480 	DATA 	Keypress: lctrl
247.7708 	EXP 	Sound  started
248.3160 	DATA 	Keypress: lctrl
248.5208 	EXP 	Sound  started
249.1000 	DATA 	Keypress: lctrl
249.2708 	EXP 	Sound  started
249.8520 	DATA 	Keypress: rctrl
250.0208 	EXP 	Sound  started
250.6840 	DATA 	Keypress: rctrl
250.7708 	EXP 	Sound  started
251.3720 	DATA 	Keypress: lctrl
251.5208 	EXP 	Sound  started
252.1880 	DATA 	Keypress: rctrl
252.2708 	EXP 	Sound  started
252.8599 	DATA 	Keypress: rctrl
253.0209 	EXP 	Sound  started
253.6441 	DATA 	Keypress: rctrl
253.7709 	EXP 	Sound  started
254.4120 	DATA 	Keypress: lctrl
254.5209 	EXP 	Sound  started
255.0999 	DATA 	Keypress: lctrl
255.2709 	EXP 	Sound  started
255.7720 	DATA 	Keypress: rctrl
256.0209 	EXP 	Sound  started
256.6200 	DATA 	Keypress: lctrl
256.7709 	EXP 	Sound  started
257.3720 	DATA 	Keypress: lctrl
257.5209 	EXP 	Sound  started
258.1240 	DATA 	Keypress: rctrl
258.2710 	EXP 	Sound  started
258.8760 	DATA 	Keypress: rctrl
259.0210 	EXP 	Sound  started
259.6440 	DATA 	Keypress: lctrl
259.7710 	EXP 	Sound  started
260.3799 	DATA 	Keypress: rctrl
260.5210 	EXP 	Sound  started
261.1320 	DATA 	Keypress: lctrl
261.2710 	EXP 	Sound  started
261.9160 	DATA 	Keypress: lctrl
262.0210 	EXP 	Sound  started
262.6520 	DATA 	Keypress: rctrl
262.7710 	EXP 	Sound  started
263.3721 	DATA 	Keypress: rctrl
263.5210 	EXP 	Sound  started
264.1880 	DATA 	Keypress: rctrl
264.2711 	EXP 	Sound  started
264.9401 	DATA 	Keypress: lctrl
265.0211 	EXP 	Sound  started
265.6440 	DATA 	Keypress: lctrl
265.7711 	EXP 	Sound  started
266.3320 	DATA 	Keypress: rctrl
266.5211 	EXP 	Sound  started
267.1160 	DATA 	Keypress: lctrl
267.2711 	EXP 	Sound  started
267.9320 	DATA 	Keypress: lctrl
268.0211 	EXP 	Sound  started
268.6839 	DATA 	Keypress: rctrl
268.7711 	EXP 	Sound  started
269.4840 	DATA 	Keypress: rctrl
269.5212 	EXP 	Sound  started
270.1720 	DATA 	Keypress: rctrl
270.2712 	EXP 	Sound  started
270.9240 	DATA 	Keypress: lctrl
271.0212 	EXP 	Sound  started
271.6920 	DATA 	Keypress: lctrl
271.7712 	EXP 	Sound  started
272.4119 	DATA 	Keypress: lctrl
272.5212 	EXP 	Sound  started
273.1639 	DATA 	Keypress: lctrl
273.2712 	EXP 	Sound  started
273.8681 	DATA 	Keypress: rctrl
274.0212 	EXP 	Sound  started
274.5720 	DATA 	Keypress: lctrl
274.7713 	EXP 	Sound  started
275.4201 	DATA 	Keypress: rctrl
275.5213 	EXP 	Sound  started
276.1720 	DATA 	Keypress: rctrl
276.2713 	EXP 	Sound  started
276.8600 	DATA 	Keypress: lctrl
277.0213 	EXP 	Sound  started
277.6440 	DATA 	Keypress: rctrl
277.7713 	EXP 	Sound  started
278.4280 	DATA 	Keypress: rctrl
278.5213 	EXP 	Sound  started
279.2281 	DATA 	Keypress: lctrl
279.2714 	EXP 	Sound  started
280.0214 	EXP 	Sound  started
280.0600 	DATA 	Keypress: lctrl
280.6839 	DATA 	Keypress: rctrl
280.7714 	EXP 	Sound  started
281.4520 	DATA 	Keypress: lctrl
281.5214 	EXP 	Sound  started
282.1241 	DATA 	Keypress: rctrl
282.2714 	EXP 	Sound  started
282.8759 	DATA 	Keypress: rctrl
283.0214 	EXP 	Sound  started
283.5799 	DATA 	Keypress: lctrl
283.7714 	EXP 	Sound  started
284.2520 	DATA 	Keypress: rctrl
288.1403 	DATA 	Keypress: 3
288.1568 	EXP 	unnamed ShapeStim: vertices = <class 'numpy.ndarray'>
290.5089 	DATA 	Keypress: 1
290.5254 	EXP 	unnamed ShapeStim: vertices = <class 'numpy.ndarray'>
292.6445 	DATA 	Keypress: 1
292.6610 	EXP 	unnamed ShapeStim: vertices = <class 'numpy.ndarray'>
294.9460 	EXP 	Sound  started
295.1001 	DATA 	Keypress: rctrl
295.6958 	EXP 	Sound  started
295.7400 	DATA 	Keypress: rctrl
296.3959 	DATA 	Keypress: rctrl
296.4459 	EXP 	Sound  started
297.0360 	DATA 	Keypress: lctrl
297.1959 	EXP 	Sound  started
297.7561 	DATA 	Keypress: lctrl
297.9459 	EXP 	Sound  started
298.5240 	DATA 	Keypress: rctrl
298.6959 	EXP 	Sound  started
299.2440 	DATA 	Keypress: lctrl
299.4459 	EXP 	Sound  started
300.0440 	DATA 	Keypress: rctrl
300.1959 	EXP 	Sound  started
300.8920 	DATA 	Keypress: rctrl
300.9459 	EXP 	Sound  started
301.5001 	DATA 	Keypress: lctrl
301.6960 	EXP 	Sound  started
302.2839 	DATA 	Keypress: rctrl
302.4460 	EXP 	Sound  started
303.0681 	DATA 	Keypress: rctrl
303.1961 	EXP 	Sound  started
303.7720 	DATA 	Keypress: rctrl
303.9461 	EXP 	Sound  started
304.5239 	DATA 	Keypress: lctrl
304.6961 	EXP 	Sound  started
305.3561 	DATA 	Keypress: lctrl
305.4461 	EXP 	Sound  started
306.1399 	DATA 	Keypress: lctrl
306.1961 	EXP 	Sound  started
306.8280 	DATA 	Keypress: rctrl
306.9461 	EXP 	Sound  started
307.5640 	DATA 	Keypress: lctrl
307.6961 	EXP 	Sound  started
308.3799 	DATA 	Keypress: rctrl
308.4461 	EXP 	Sound  started
309.1001 	DATA 	Keypress: rctrl
309.1962 	EXP 	Sound  started
309.8840 	DATA 	Keypress: rctrl
309.9462 	EXP 	Sound  started
310.5881 	DATA 	Keypress: lctrl
310.6962 	EXP 	Sound  started
311.3880 	DATA 	Keypress: rctrl
311.4462 	EXP 	Sound  started
312.1400 	DATA 	Keypress: lctrl
312.1962 	EXP 	Sound  started
312.8440 	DATA 	Keypress: rctrl
312.9462 	EXP 	Sound  started
313.5320 	DATA 	Keypress: rctrl
313.6963 	EXP 	Sound  started
314.2519 	DATA 	Keypress: rctrl
314.4463 	EXP 	Sound  started
315.0200 	DATA 	Keypress: lctrl
315.1963 	EXP 	Sound  started
315.8359 	DATA 	Keypress: lctrl
315.9463 	EXP 	Sound  started
316.5720 	DATA 	Keypress: rctrl
316.6963 	EXP 	Sound  started
317.2759 	DATA 	Keypress: lctrl
317.4463 	EXP 	Sound  started
318.0920 	DATA 	Keypress: rctrl
318.1963 	EXP 	Sound  started
318.8280 	DATA 	Keypress: rctrl
318.9463 	EXP 	Sound  started
319.5640 	DATA 	Keypress: lctrl
319.6963 	EXP 	Sound  started
320.3161 	DATA 	Keypress: rctrl
320.4464 	EXP 	Sound  started
321.0679 	DATA 	Keypress: lctrl
321.1964 	EXP 	Sound  started
321.7560 	DATA 	Keypress: rctrl
321.9464 	EXP 	Sound  started
322.6039 	DATA 	Keypress: rctrl
322.6964 	EXP 	Sound  started
323.3719 	DATA 	Keypress: lctrl
323.4464 	EXP 	Sound  started
324.1964 	EXP 	Sound  started
324.2679 	DATA 	Keypress: lctrl
324.8600 	DATA 	Keypress: lctrl
324.9464 	EXP 	Sound  started
325.6439 	DATA 	Keypress: rctrl
325.6964 	EXP 	Sound  started
326.3319 	DATA 	Keypress: lctrl
326.4465 	EXP 	Sound  started
327.0840 	DATA 	Keypress: lctrl
327.1965 	EXP 	Sound  started
327.9465 	EXP 	Sound  started
327.9800 	DATA 	Keypress: rctrl
328.6360 	DATA 	Keypress: rctrl
328.6965 	EXP 	Sound  started
329.3719 	DATA 	Keypress: rctrl
329.4465 	EXP 	Sound  started
330.0919 	DATA 	Keypress: lctrl
330.1965 	EXP 	Sound  started
330.8599 	DATA 	Keypress: rctrl
330.9465 	EXP 	Sound  started
331.5959 	DATA 	Keypress: lctrl
331.6966 	EXP 	Sound  started
332.3321 	DATA 	Keypress: lctrl
332.4466 	EXP 	Sound  started
333.1319 	DATA 	Keypress: rctrl
333.1966 	EXP 	Sound  started
333.8520 	DATA 	Keypress: lctrl
333.9466 	EXP 	Sound  started
334.5720 	DATA 	Keypress: rctrl
334.6966 	EXP 	Sound  started
335.3560 	DATA 	Keypress: rctrl
335.4466 	EXP 	Sound  started
336.1080 	DATA 	Keypress: rctrl
336.1966 	EXP 	Sound  started
336.8280 	DATA 	Keypress: lctrl
336.9467 	EXP 	Sound  started
337.5800 	DATA 	Keypress: lctrl
337.6967 	EXP 	Sound  started
338.3000 	DATA 	Keypress: lctrl
338.4467 	EXP 	Sound  started
339.1160 	DATA 	Keypress: lctrl
339.1967 	EXP 	Sound  started
339.9000 	DATA 	Keypress: rctrl
339.9467 	EXP 	Sound  started
340.6200 	DATA 	Keypress: rctrl
340.6967 	EXP 	Sound  started
341.4040 	DATA 	Keypress: rctrl
341.4468 	EXP 	Sound  started
342.0279 	DATA 	Keypress: lctrl
342.1968 	EXP 	Sound  started
342.8120 	DATA 	Keypress: lctrl
342.9468 	EXP 	Sound  started
343.5160 	DATA 	Keypress: lctrl
343.6968 	EXP 	Sound  started
344.3639 	DATA 	Keypress: rctrl
344.4468 	EXP 	Sound  started
345.0039 	DATA 	Keypress: lctrl
345.1968 	EXP 	Sound  started
345.8679 	DATA 	Keypress: rctrl
345.9468 	EXP 	Sound  started
346.4599 	DATA 	Keypress: lctrl
346.6968 	EXP 	Sound  started
347.3400 	DATA 	Keypress: rctrl
347.4469 	EXP 	Sound  started
347.9159 	DATA 	Keypress: lctrl
348.1969 	EXP 	Sound  started
348.7480 	DATA 	Keypress: rctrl
348.9469 	EXP 	Sound  started
349.4520 	DATA 	Keypress: lctrl
349.6969 	EXP 	Sound  started
350.2679 	DATA 	Keypress: rctrl
352.3966 	DATA 	Keypress: 1
352.4261 	EXP 	unnamed ShapeStim: vertices = <class 'numpy.ndarray'>
356.5297 	DATA 	Keypress: 2
356.5461 	EXP 	unnamed ShapeStim: vertices = <class 'numpy.ndarray'>
360.1826 	DATA 	Keypress: 2
360.1991 	EXP 	unnamed ShapeStim: vertices = <class 'numpy.ndarray'>
362.4840 	EXP 	Sound  started
362.4848 	DATA 	Keypress: rctrl
363.0680 	DATA 	Keypress: rctrl
363.2338 	EXP 	Sound  started
363.8199 	DATA 	Keypress: lctrl
363.9839 	EXP 	Sound  started
364.5559 	DATA 	Keypress: lctrl
364.7339 	EXP 	Sound  started
365.2919 	DATA 	Keypress: lctrl
365.4839 	EXP 	Sound  started
366.1081 	DATA 	Keypress: rctrl
366.2339 	EXP 	Sound  started
366.8600 	DATA 	Keypress: lctrl
366.9839 	EXP 	Sound  started
367.6600 	DATA 	Keypress: lctrl
367.7339 	EXP 	Sound  started
368.3959 	DATA 	Keypress: rctrl
368.4839 	EXP 	Sound  started
369.1320 	DATA 	Keypress: rctrl
369.2340 	EXP 	Sound  started
369.8520 	DATA 	Keypress: rctrl
369.9840 	EXP 	Sound  started
370.6360 	DATA 	Keypress: lctrl
370.7340 	EXP 	Sound  started
371.3880 	DATA 	Keypress: lctrl
371.4841 	EXP 	Sound  started
372.1719 	DATA 	Keypress: rctrl
372.2341 	EXP 	Sound  started
372.8600 	DATA 	Keypress: lctrl
372.9841 	EXP 	Sound  started
373.6440 	DATA 	Keypress: lctrl
373.7341 	EXP 	Sound  started
374.3799 	DATA 	Keypress: lctrl
374.4841 	EXP 	Sound  started
375.1479 	DATA 	Keypress: rctrl
375.2342 	EXP 	Sound  started
375.9000 	DATA 	Keypress: rctrl
375.9842 	EXP 	Sound  started
376.5560 	DATA 	Keypress: lctrl
376.7342 	EXP 	Sound  started
377.3559 	DATA 	Keypress: rctrl
377.4842 	EXP 	Sound  started
378.0759 	DATA 	Keypress: rctrl
378.2342 	EXP 	Sound  started
378.7799 	DATA 	Keypress: rctrl
378.9842 	EXP 	Sound  started
379.6759 	DATA 	Keypress: lctrl
379.7342 	EXP 	Sound  started
380.3480 	DATA 	Keypress: lctrl
380.4843 	EXP 	Sound  started
381.1640 	DATA 	Keypress: rctrl
381.2343 	EXP 	Sound  started
381.9480 	DATA 	Keypress: lctrl
381.9843 	EXP 	Sound  started
382.6680 	DATA 	Keypress: lctrl
382.7343 	EXP 	Sound  started
383.3239 	DATA 	Keypress: lctrl
383.4843 	EXP 	Sound  started
384.1560 	DATA 	Keypress: lctrl
384.2344 	EXP 	Sound  started
384.8920 	DATA 	Keypress: rctrl
384.9844 	EXP 	Sound  started
385.6280 	DATA 	Keypress: rctrl
385.7344 	EXP 	Sound  started
386.3800 	DATA 	Keypress: lctrl
386.4844 	EXP 	Sound  started
387.1799 	DATA 	Keypress: rctrl
387.2344 	EXP 	Sound  started
387.8679 	DATA 	Keypress: rctrl
387.9844 	EXP 	Sound  started
388.6360 	DATA 	Keypress: rctrl
388.7344 	EXP 	Sound  started
389.3719 	DATA 	Keypress: lctrl
389.4844 	EXP 	Sound  started
390.1560 	DATA 	Keypress: lctrl
390.2344 	EXP 	Sound  started
390.7319 	DATA 	Keypress: rctrl
390.9844 	EXP 	Sound  started
391.6120 	DATA 	Keypress: lctrl
391.7345 	EXP 	Sound  started
392.3800 	DATA 	Keypress: lctrl
392.4845 	EXP 	Sound  started
393.1480 	DATA 	Keypress: lctrl
393.2345 	EXP 	Sound  started
393.8999 	DATA 	Keypress: rctrl
393.9845 	EXP 	Sound  started
394.6839 	DATA 	Keypress: lctrl
394.7345 	EXP 	Sound  started
395.4845 	EXP 	Sound  started
395.5320 	DATA 	Keypress: rctrl
396.2346 	EXP 	Sound  started
396.2680 	DATA 	Keypress: rctrl
396.9846 	EXP 	Sound  started
397.0360 	DATA 	Keypress: lctrl
397.7346 	EXP 	Sound  started
397.7399 	DATA 	Keypress: rctrl
398.4599 	DATA 	Keypress: rctrl
398.4846 	EXP 	Sound  started
399.1800 	DATA 	Keypress: lctrl
399.2346 	EXP 	Sound  started
399.8840 	DATA 	Keypress: lctrl
399.9846 	EXP 	Sound  started
400.6680 	DATA 	Keypress: rctrl
400.7346 	EXP 	Sound  started
401.4199 	DATA 	Keypress: lctrl
401.4847 	EXP 	Sound  started
402.2347 	EXP 	Sound  started
402.2360 	DATA 	Keypress: rctrl
402.9079 	DATA 	Keypress: rctrl
402.9847 	EXP 	Sound  started
403.6600 	DATA 	Keypress: lctrl
403.7347 	EXP 	Sound  started
404.4439 	DATA 	Keypress: rctrl
404.4847 	EXP 	Sound  started
405.2347 	EXP 	Sound  started
405.3080 	DATA 	Keypress: lctrl
405.8840 	DATA 	Keypress: rctrl
405.9847 	EXP 	Sound  started
406.6679 	DATA 	Keypress: rctrl
406.7348 	EXP 	Sound  started
407.4679 	DATA 	Keypress: lctrl
407.4848 	EXP 	Sound  started
408.1559 	DATA 	Keypress: rctrl
410.1272 	DATA 	Keypress: 2
410.1567 	EXP 	unnamed ShapeStim: vertices = <class 'numpy.ndarray'>
412.7924 	DATA 	Keypress: 1
412.8089 	EXP 	unnamed ShapeStim: vertices = <class 'numpy.ndarray'>
414.8315 	DATA 	Keypress: 1
414.8610 	EXP 	unnamed ShapeStim: vertices = <class 'numpy.ndarray'>
417.1461 	EXP 	Sound  started
417.1470 	DATA 	Keypress: rctrl
417.8680 	DATA 	Keypress: rctrl
417.8960 	EXP 	Sound  started
418.5399 	DATA 	Keypress: lctrl
418.6460 	EXP 	Sound  started
419.3240 	DATA 	Keypress: lctrl
419.3960 	EXP 	Sound  started
420.0279 	DATA 	Keypress: rctrl
420.1460 	EXP 	Sound  started
420.8960 	EXP 	Sound  started
420.9240 	DATA 	Keypress: rctrl
421.6120 	DATA 	Keypress: lctrl
421.6461 	EXP 	Sound  started
422.3799 	DATA 	Keypress: lctrl
422.3961 	EXP 	Sound  started
423.1160 	DATA 	Keypress: rctrl
423.1461 	EXP 	Sound  started
423.7559 	DATA 	Keypress: lctrl
423.8961 	EXP 	Sound  started
424.5720 	DATA 	Keypress: rctrl
424.6461 	EXP 	Sound  started
425.3719 	DATA 	Keypress: rctrl
425.3961 	EXP 	Sound  started
426.0279 	DATA 	Keypress: lctrl
426.1461 	EXP 	Sound  started
426.8279 	DATA 	Keypress: rctrl
426.8962 	EXP 	Sound  started
427.5479 	DATA 	Keypress: rctrl
427.6462 	EXP 	Sound  started
428.3638 	DATA 	Keypress: rctrl
428.3962 	EXP 	Sound  started
429.0518 	DATA 	Keypress: lctrl
429.1462 	EXP 	Sound  started
429.8039 	DATA 	Keypress: lctrl
429.8962 	EXP 	Sound  started
430.5719 	DATA 	Keypress: lctrl
430.6462 	EXP 	Sound  started
431.3559 	DATA 	Keypress: lctrl
431.3962 	EXP 	Sound  started
432.1079 	DATA 	Keypress: rctrl
432.1462 	EXP 	Sound  started
432.8279 	DATA 	Keypress: lctrl
432.8963 	EXP 	Sound  started
433.5479 	DATA 	Keypress: rctrl
433.6463 	EXP 	Sound  started
434.3799 	DATA 	Keypress: rctrl
434.3963 	EXP 	Sound  started
435.0840 	DATA 	Keypress: lctrl
435.1463 	EXP 	Sound  started
435.8519 	DATA 	Keypress: lctrl
435.8963 	EXP 	Sound  started
436.5558 	DATA 	Keypress: lctrl
436.6463 	EXP 	Sound  started
437.2919 	DATA 	Keypress: rctrl
437.3963 	EXP 	Sound  started
438.0439 	DATA 	Keypress: lctrl
438.1464 	EXP 	Sound  started
438.7639 	DATA 	Keypress: lctrl
438.8964 	EXP 	Sound  started
439.5639 	DATA 	Keypress: lctrl
439.6464 	EXP 	Sound  started
440.3640 	DATA 	Keypress: rctrl
440.3964 	EXP 	Sound  started
441.0679 	DATA 	Keypress: lctrl
441.1464 	EXP 	Sound  started
441.8359 	DATA 	Keypress: lctrl
441.8964 	EXP 	Sound  started
442.6200 	DATA 	Keypress: rctrl
442.6465 	EXP 	Sound  started
443.3399 	DATA 	Keypress: rctrl
443.3965 	EXP 	Sound  started
444.0598 	DATA 	Keypress: rctrl
444.1465 	EXP 	Sound  started
444.8759 	DATA 	Keypress: lctrl
444.8965 	EXP 	Sound  started
445.6120 	DATA 	Keypress: rctrl
445.6465 	EXP 	Sound  started
446.3319 	DATA 	Keypress: lctrl
446.3965 	EXP 	Sound  started
447.1159 	DATA 	Keypress: lctrl
447.1465 	EXP 	Sound  started
447.8679 	DATA 	Keypress: rctrl
447.8965 	EXP 	Sound  started
448.6466 	EXP 	Sound  started
448.6679 	DATA 	Keypress: rctrl
449.3559 	DATA 	Keypress: rctrl
449.3966 	EXP 	Sound  started
450.1239 	DATA 	Keypress: lctrl
450.1466 	EXP 	Sound  started
450.8966 	EXP 	Sound  started
450.9719 	DATA 	Keypress: lctrl
451.6466 	EXP 	Sound  started
451.6598 	DATA 	Keypress: rctrl
452.3639 	DATA 	Keypress: lctrl
452.3966 	EXP 	Sound  started
453.1466 	EXP 	Sound  started
453.1639 	DATA 	Keypress: lctrl
453.8967 	EXP 	Sound  started
453.8998 	DATA 	Keypress: rctrl
454.6467 	EXP 	Sound  started
454.7479 	DATA 	Keypress: lctrl
455.3967 	EXP 	Sound  started
455.4200 	DATA 	Keypress: lctrl
456.0599 	DATA 	Keypress: lctrl
456.1467 	EXP 	Sound  started
456.8967 	EXP 	Sound  started
456.9239 	DATA 	Keypress: rctrl
457.6118 	DATA 	Keypress: rctrl
457.6467 	EXP 	Sound  started
458.2359 	DATA 	Keypress: lctrl
458.3967 	EXP 	Sound  started
459.0359 	DATA 	Keypress: rctrl
459.1468 	EXP 	Sound  started
459.7880 	DATA 	Keypress: rctrl
459.8968 	EXP 	Sound  started
460.4439 	DATA 	Keypress: rctrl
460.6468 	EXP 	Sound  started
461.2759 	DATA 	Keypress: lctrl
461.3968 	EXP 	Sound  started
462.0758 	DATA 	Keypress: rctrl
462.1468 	EXP 	Sound  started
462.7479 	DATA 	Keypress: lctrl
462.8968 	EXP 	Sound  started
463.4999 	DATA 	Keypress: lctrl
463.6468 	EXP 	Sound  started
464.3969 	EXP 	Sound  started
464.4119 	DATA 	Keypress: rctrl
465.1000 	DATA 	Keypress: lctrl
465.1469 	EXP 	Sound  started
465.8840 	DATA 	Keypress: rctrl
465.8969 	EXP 	Sound  started
466.6039 	DATA 	Keypress: rctrl
466.6469 	EXP 	Sound  started
467.3399 	DATA 	Keypress: lctrl
467.3969 	EXP 	Sound  started
468.0598 	DATA 	Keypress: rctrl
468.1469 	EXP 	Sound  started
468.7479 	DATA 	Keypress: lctrl
468.8969 	EXP 	Sound  started
469.6119 	DATA 	Keypress: rctrl
469.6470 	EXP 	Sound  started
470.3479 	DATA 	Keypress: rctrl
470.3970 	EXP 	Sound  started
471.1777 	DATA 	Keypress: lctrl
473.4921 	DATA 	Keypress: 3
473.5086 	EXP 	unnamed ShapeStim: vertices = <class 'numpy.ndarray'>
476.9783 	DATA 	Keypress: 1
476.9948 	EXP 	unnamed ShapeStim: vertices = <class 'numpy.ndarray'>
478.8970 	DATA 	Keypress: 1
478.9135 	EXP 	unnamed ShapeStim: vertices = <class 'numpy.ndarray'>
481.1981 	EXP 	Sound  started
481.1989 	DATA 	Keypress: rctrl
481.8679 	DATA 	Keypress: rctrl
481.9480 	EXP 	Sound  started
482.5399 	DATA 	Keypress: rctrl
482.6980 	EXP 	Sound  started
483.2599 	DATA 	Keypress: lctrl
483.4480 	EXP 	Sound  started
483.9959 	DATA 	Keypress: rctrl
484.1980 	EXP 	Sound  started
484.7798 	DATA 	Keypress: lctrl
484.9480 	EXP 	Sound  started
485.5479 	DATA 	Keypress: lctrl
485.6981 	EXP 	Sound  started
486.2199 	DATA 	Keypress: rctrl
486.4481 	EXP 	Sound  started
487.0518 	DATA 	Keypress: rctrl
487.1981 	EXP 	Sound  started
487.8359 	DATA 	Keypress: rctrl
487.9481 	EXP 	Sound  started
488.5079 	DATA 	Keypress: lctrl
488.6981 	EXP 	Sound  started
489.3238 	DATA 	Keypress: rctrl
489.4481 	EXP 	Sound  started
490.0919 	DATA 	Keypress: rctrl
490.1981 	EXP 	Sound  started
490.8599 	DATA 	Keypress: lctrl
490.9482 	EXP 	Sound  started
491.6279 	DATA 	Keypress: rctrl
491.6982 	EXP 	Sound  started
492.4280 	DATA 	Keypress: lctrl
492.4482 	EXP 	Sound  started
493.0198 	DATA 	Keypress: lctrl
493.1982 	EXP 	Sound  started
493.8839 	DATA 	Keypress: rctrl
493.9482 	EXP 	Sound  started
494.6200 	DATA 	Keypress: lctrl
494.6982 	EXP 	Sound  started
495.3238 	DATA 	Keypress: lctrl
495.4482 	EXP 	Sound  started
496.0918 	DATA 	Keypress: rctrl
496.1983 	EXP 	Sound  started
496.9399 	DATA 	Keypress: lctrl
496.9483 	EXP 	Sound  started
497.6119 	DATA 	Keypress: rctrl
497.6983 	EXP 	Sound  started
498.3479 	DATA 	Keypress: lctrl
498.4483 	EXP 	Sound  started
499.0838 	DATA 	Keypress: lctrl
499.1983 	EXP 	Sound  started
499.8680 	DATA 	Keypress: lctrl
499.9483 	EXP 	Sound  started
500.6039 	DATA 	Keypress: rctrl
500.6983 	EXP 	Sound  started
501.4358 	DATA 	Keypress: lctrl
501.4483 	EXP 	Sound  started
502.1078 	DATA 	Keypress: lctrl
502.1984 	EXP 	Sound  started
502.9239 	DATA 	Keypress: lctrl
502.9484 	EXP 	Sound  started
503.6438 	DATA 	Keypress: rctrl
503.6984 	EXP 	Sound  started
504.3319 	DATA 	Keypress: rctrl
504.4484 	EXP 	Sound  started
505.0838 	DATA 	Keypress: lctrl
505.1984 	EXP 	Sound  started
505.8679 	DATA 	Keypress: rctrl
505.9484 	EXP 	Sound  started
506.6519 	DATA 	Keypress: rctrl
506.6984 	EXP 	Sound  started
507.2439 	DATA 	Keypress: rctrl
507.4485 	EXP 	Sound  started
508.1079 	DATA 	Keypress: lctrl
508.1985 	EXP 	Sound  started
508.8918 	DATA 	Keypress: lctrl
508.9485 	EXP 	Sound  started
509.6985 	EXP 	Sound  started
509.9478 	DATA 	Keypress: lctrl
510.4485 	EXP 	Sound  started
510.4599 	DATA 	Keypress: rctrl
511.1159 	DATA 	Keypress: lctrl
511.1985 	EXP 	Sound  started
511.8838 	DATA 	Keypress: lctrl
511.9485 	EXP 	Sound  started
512.6359 	DATA 	Keypress: rctrl
512.6986 	EXP 	Sound  started
513.3718 	DATA 	Keypress: rctrl
513.4486 	EXP 	Sound  started
514.1079 	DATA 	Keypress: rctrl
514.1986 	EXP 	Sound  started
514.8279 	DATA 	Keypress: rctrl
514.9486 	EXP 	Sound  started
515.6280 	DATA 	Keypress: lctrl
515.6986 	EXP 	Sound  started
516.3639 	DATA 	Keypress: lctrl
516.4486 	EXP 	Sound  started
517.0679 	DATA 	Keypress: rctrl
517.1986 	EXP 	Sound  started
517.8999 	DATA 	Keypress: lctrl
517.9487 	EXP 	Sound  started
518.6038 	DATA 	Keypress: lctrl
518.6987 	EXP 	Sound  started
519.3720 	DATA 	Keypress: rctrl
519.4487 	EXP 	Sound  started
520.1080 	DATA 	Keypress: rctrl
520.1987 	EXP 	Sound  started
520.9078 	DATA 	Keypress: rctrl
520.9487 	EXP 	Sound  started
521.6119 	DATA 	Keypress: lctrl
521.6987 	EXP 	Sound  started
522.3318 	DATA 	Keypress: lctrl
522.4487 	EXP 	Sound  started
523.0998 	DATA 	Keypress: rctrl
523.1988 	EXP 	Sound  started
523.9318 	DATA 	Keypress: lctrl
523.9488 	EXP 	Sound  started
524.6988 	EXP 	Sound  started
524.7159 	DATA 	Keypress: lctrl
525.4488 	EXP 	Sound  started
525.4678 	DATA 	Keypress: rctrl
526.1558 	DATA 	Keypress: lctrl
526.1988 	EXP 	Sound  started
526.8919 	DATA 	Keypress: rctrl
526.9488 	EXP 	Sound  started
527.6279 	DATA 	Keypress: lctrl
527.6988 	EXP 	Sound  started
528.3318 	DATA 	Keypress: rctrl
528.4489 	EXP 	Sound  started
529.1158 	DATA 	Keypress: rctrl
529.1989 	EXP 	Sound  started
529.7559 	DATA 	Keypress: lctrl
529.9489 	EXP 	Sound  started
530.6839 	DATA 	Keypress: rctrl
530.6989 	EXP 	Sound  started
531.4489 	EXP 	Sound  started
532.1079 	DATA 	Keypress: rctrl
532.1989 	EXP 	Sound  started
532.8758 	DATA 	Keypress: lctrl
532.9490 	EXP 	Sound  started
533.5159 	DATA 	Keypress: lctrl
533.6990 	EXP 	Sound  started
534.3479 	DATA 	Keypress: rctrl
534.4490 	EXP 	Sound  started
535.1990 	EXP 	Sound  started
535.2119 	DATA 	Keypress: rctrl
535.8519 	DATA 	Keypress: rctrl
535.9490 	EXP 	Sound  started
536.5879 	DATA 	Keypress: lctrl
538.3827 	DATA 	Keypress: 1
538.4117 	EXP 	unnamed ShapeStim: vertices = <class 'numpy.ndarray'>
541.4482 	DATA 	Keypress: 1
541.4647 	EXP 	unnamed ShapeStim: vertices = <class 'numpy.ndarray'>
543.8372 	DATA 	Keypress: 1
543.8667 	EXP 	unnamed ShapeStim: vertices = <class 'numpy.ndarray'>
546.1518 	EXP 	Sound  started
546.9016 	EXP 	Sound  started
546.9559 	DATA 	Keypress: rctrl
547.6278 	DATA 	Keypress: lctrl
547.6517 	EXP 	Sound  started
548.2678 	DATA 	Keypress: rctrl
548.4017 	EXP 	Sound  started
549.0678 	DATA 	Keypress: rctrl
549.1517 	EXP 	Sound  started
549.7719 	DATA 	Keypress: rctrl
549.9017 	EXP 	Sound  started
550.4918 	DATA 	Keypress: lctrl
550.6517 	EXP 	Sound  started
551.2918 	DATA 	Keypress: lctrl
551.4017 	EXP 	Sound  started
551.9959 	DATA 	Keypress: lctrl
552.1518 	EXP 	Sound  started
552.7638 	DATA 	Keypress: rctrl
552.9018 	EXP 	Sound  started
553.6118 	DATA 	Keypress: lctrl
553.6518 	EXP 	Sound  started
554.2678 	DATA 	Keypress: rctrl
554.4018 	EXP 	Sound  started
555.0518 	DATA 	Keypress: rctrl
555.1518 	EXP 	Sound  started
555.7718 	DATA 	Keypress: lctrl
555.9018 	EXP 	Sound  started
556.4279 	DATA 	Keypress: rctrl
556.6518 	EXP 	Sound  started
557.2278 	DATA 	Keypress: rctrl
557.4018 	EXP 	Sound  started
557.9799 	DATA 	Keypress: rctrl
558.1519 	EXP 	Sound  started
558.7479 	DATA 	Keypress: lctrl
558.9019 	EXP 	Sound  started
559.5479 	DATA 	Keypress: lctrl
559.6519 	EXP 	Sound  started
560.2998 	DATA 	Keypress: rctrl
560.4019 	EXP 	Sound  started
561.1479 	DATA 	Keypress: lctrl
561.1519 	EXP 	Sound  started
561.7719 	DATA 	Keypress: lctrl
561.9019 	EXP 	Sound  started
562.5239 	DATA 	Keypress: lctrl
562.6519 	EXP 	Sound  started
563.2439 	DATA 	Keypress: rctrl
563.4020 	EXP 	Sound  started
563.9798 	DATA 	Keypress: lctrl
564.1520 	EXP 	Sound  started
564.6678 	DATA 	Keypress: lctrl
564.9020 	EXP 	Sound  started
565.5158 	DATA 	Keypress: rctrl
565.6520 	EXP 	Sound  started
566.2518 	DATA 	Keypress: rctrl
566.4020 	EXP 	Sound  started
567.0038 	DATA 	Keypress: rctrl
567.1520 	EXP 	Sound  started
567.7558 	DATA 	Keypress: rctrl
567.9020 	EXP 	Sound  started
568.4918 	DATA 	Keypress: lctrl
568.6521 	EXP 	Sound  started
569.3399 	DATA 	Keypress: lctrl
569.4021 	EXP 	Sound  started
570.0118 	DATA 	Keypress: rctrl
570.1521 	EXP 	Sound  started
570.7478 	DATA 	Keypress: lctrl
570.9021 	EXP 	Sound  started
571.4678 	DATA 	Keypress: lctrl
571.6521 	EXP 	Sound  started
572.2998 	DATA 	Keypress: lctrl
572.4021 	EXP 	Sound  started
573.0360 	DATA 	Keypress: rctrl
573.1521 	EXP 	Sound  started
573.6598 	DATA 	Keypress: lctrl
573.9021 	EXP 	Sound  started
574.4599 	DATA 	Keypress: lctrl
574.6522 	EXP 	Sound  started
575.1958 	DATA 	Keypress: rctrl
575.4022 	EXP 	Sound  started
576.0278 	DATA 	Keypress: rctrl
576.1522 	EXP 	Sound  started
576.7638 	DATA 	Keypress: rctrl
576.9022 	EXP 	Sound  started
577.4518 	DATA 	Keypress: lctrl
577.6522 	EXP 	Sound  started
578.2198 	DATA 	Keypress: lctrl
578.4022 	EXP 	Sound  started
579.0039 	DATA 	Keypress: lctrl
579.1522 	EXP 	Sound  started
579.9023 	EXP 	Sound  started
580.6520 	DATA 	Keypress: lctrl
580.6523 	EXP 	Sound  started
581.4023 	EXP 	Sound  started
581.4038 	DATA 	Keypress: rctrl
582.0758 	DATA 	Keypress: rctrl
582.1523 	EXP 	Sound  started
582.8278 	DATA 	Keypress: rctrl
582.9023 	EXP 	Sound  started
583.5798 	DATA 	Keypress: lctrl
583.6523 	EXP 	Sound  started
584.3158 	DATA 	Keypress: lctrl
584.4023 	EXP 	Sound  started
585.1318 	DATA 	Keypress: lctrl
585.1523 	EXP 	Sound  started
585.8838 	DATA 	Keypress: rctrl
585.9024 	EXP 	Sound  started
586.6199 	DATA 	Keypress: lctrl
586.6524 	EXP 	Sound  started
587.2598 	DATA 	Keypress: rctrl
587.4024 	EXP 	Sound  started
588.0119 	DATA 	Keypress: rctrl
588.1524 	EXP 	Sound  started
588.7638 	DATA 	Keypress: lctrl
588.9024 	EXP 	Sound  started
589.6278 	DATA 	Keypress: lctrl
589.6524 	EXP 	Sound  started
590.2678 	DATA 	Keypress: rctrl
590.4024 	EXP 	Sound  started
591.1158 	DATA 	Keypress: lctrl
592.8769 	DATA 	Keypress: 2
592.9063 	EXP 	unnamed ShapeStim: vertices = <class 'numpy.ndarray'>
596.4467 	DATA 	Keypress: 1
596.4759 	EXP 	unnamed ShapeStim: vertices = <class 'numpy.ndarray'>
598.3646 	DATA 	Keypress: 1
598.3942 	EXP 	unnamed ShapeStim: vertices = <class 'numpy.ndarray'>
600.6792 	EXP 	Sound  started
600.6801 	DATA 	Keypress: rctrl
601.3718 	DATA 	Keypress: rctrl
601.4291 	EXP 	Sound  started
602.0598 	DATA 	Keypress: lctrl
602.1791 	EXP 	Sound  started
602.8118 	DATA 	Keypress: rctrl
602.9291 	EXP 	Sound  started
603.5798 	DATA 	Keypress: rctrl
603.6791 	EXP 	Sound  started
604.2997 	DATA 	Keypress: rctrl
604.4291 	EXP 	Sound  started
605.0518 	DATA 	Keypress: lctrl
605.1791 	EXP 	Sound  started
605.7718 	DATA 	Keypress: rctrl
605.9292 	EXP 	Sound  started
606.4117 	DATA 	Keypress: lctrl
606.6792 	EXP 	Sound  started
607.2917 	DATA 	Keypress: lctrl
607.4292 	EXP 	Sound  started
608.0598 	DATA 	Keypress: rctrl
608.1792 	EXP 	Sound  started
608.7958 	DATA 	Keypress: lctrl
608.9292 	EXP 	Sound  started
609.5477 	DATA 	Keypress: rctrl
609.6792 	EXP 	Sound  started
610.3158 	DATA 	Keypress: rctrl
610.4292 	EXP 	Sound  started
611.0837 	DATA 	Keypress: lctrl
611.1793 	EXP 	Sound  started
611.8999 	DATA 	Keypress: rctrl
611.9293 	EXP 	Sound  started
612.6037 	DATA 	Keypress: rctrl
612.6793 	EXP 	Sound  started
613.3557 	DATA 	Keypress: rctrl
613.4293 	EXP 	Sound  started
614.1793 	EXP 	Sound  started
614.2038 	DATA 	Keypress: lctrl
614.9293 	EXP 	Sound  started
614.9557 	DATA 	Keypress: lctrl
615.6278 	DATA 	Keypress: rctrl
615.6794 	EXP 	Sound  started
616.4294 	EXP 	Sound  started
616.4918 	DATA 	Keypress: lctrl
617.1477 	DATA 	Keypress: rctrl
617.1794 	EXP 	Sound  started
617.8518 	DATA 	Keypress: lctrl
617.9294 	EXP 	Sound  started
618.5717 	DATA 	Keypress: rctrl
618.6794 	EXP 	Sound  started
619.3558 	DATA 	Keypress: lctrl
619.4294 	EXP 	Sound  started
620.0918 	DATA 	Keypress: rctrl
620.1794 	EXP 	Sound  started
620.8599 	DATA 	Keypress: lctrl
620.9295 	EXP 	Sound  started
621.5958 	DATA 	Keypress: rctrl
621.6795 	EXP 	Sound  started
622.3318 	DATA 	Keypress: lctrl
622.4295 	EXP 	Sound  started
623.0038 	DATA 	Keypress: rctrl
623.1795 	EXP 	Sound  started
623.8198 	DATA 	Keypress: lctrl
623.9295 	EXP 	Sound  started
624.5718 	DATA 	Keypress: rctrl
624.6795 	EXP 	Sound  started
625.3398 	DATA 	Keypress: rctrl
625.4295 	EXP 	Sound  started
626.0118 	DATA 	Keypress: lctrl
626.1796 	EXP 	Sound  started
626.7638 	DATA 	Keypress: rctrl
626.9296 	EXP 	Sound  started
627.4518 	DATA 	Keypress: lctrl
627.6796 	EXP 	Sound  started
628.2518 	DATA 	Keypress: lctrl
628.4296 	EXP 	Sound  started
628.9238 	DATA 	Keypress: lctrl
629.1796 	EXP 	Sound  started
629.6919 	DATA 	Keypress: rctrl
629.9296 	EXP 	Sound  started
630.5239 	DATA 	Keypress: lctrl
630.6796 	EXP 	Sound  started
631.2437 	DATA 	Keypress: rctrl
631.4296 	EXP 	Sound  started
631.9798 	DATA 	Keypress: rctrl
632.1797 	EXP 	Sound  started
632.7798 	DATA 	Keypress: lctrl
632.9297 	EXP 	Sound  started
633.4998 	DATA 	Keypress: rctrl
633.6797 	EXP 	Sound  started
634.2838 	DATA 	Keypress: lctrl
634.4297 	EXP 	Sound  started
635.0198 	DATA 	Keypress: lctrl
635.1797 	EXP 	Sound  started
635.7717 	DATA 	Keypress: rctrl
635.9297 	EXP 	Sound  started
636.4438 	DATA 	Keypress: lctrl
636.6797 	EXP 	Sound  started
637.2278 	DATA 	Keypress: rctrl
637.4297 	EXP 	Sound  started
638.0118 	DATA 	Keypress: rctrl
638.1798 	EXP 	Sound  started
638.7158 	DATA 	Keypress: rctrl
638.9298 	EXP 	Sound  started
639.4998 	DATA 	Keypress: lctrl
639.6798 	EXP 	Sound  started
640.2518 	DATA 	Keypress: rctrl
640.4298 	EXP 	Sound  started
641.0518 	DATA 	Keypress: lctrl
641.1799 	EXP 	Sound  started
641.7239 	DATA 	Keypress: rctrl
641.9299 	EXP 	Sound  started
642.4919 	DATA 	Keypress: rctrl
642.6799 	EXP 	Sound  started
643.2597 	DATA 	Keypress: lctrl
643.4299 	EXP 	Sound  started
643.9637 	DATA 	Keypress: lctrl
644.1800 	EXP 	Sound  started
644.7639 	DATA 	Keypress: lctrl
644.9300 	EXP 	Sound  started
645.6278 	DATA 	Keypress: rctrl
645.6800 	EXP 	Sound  started
646.3637 	DATA 	Keypress: lctrl
646.4300 	EXP 	Sound  started
647.1800 	EXP 	Sound  started
647.1959 	DATA 	Keypress: rctrl
647.8518 	DATA 	Keypress: rctrl
647.9300 	EXP 	Sound  started
648.6038 	DATA 	Keypress: lctrl
648.6800 	EXP 	Sound  started
649.3238 	DATA 	Keypress: rctrl
649.4301 	EXP 	Sound  started
650.0917 	DATA 	Keypress: lctrl
650.1801 	EXP 	Sound  started
650.8278 	DATA 	Keypress: lctrl
650.9301 	EXP 	Sound  started
651.6118 	DATA 	Keypress: rctrl
653.9065 	DATA 	Keypress: 3
653.9230 	EXP 	unnamed ShapeStim: vertices = <class 'numpy.ndarray'>
657.9098 	DATA 	Keypress: 1
657.9263 	EXP 	unnamed ShapeStim: vertices = <class 'numpy.ndarray'>
660.8622 	DATA 	Keypress: 2
660.8787 	EXP 	unnamed ShapeStim: vertices = <class 'numpy.ndarray'>
663.1633 	EXP 	Sound  started
663.3399 	DATA 	Keypress: rctrl
663.9132 	EXP 	Sound  started
663.9639 	DATA 	Keypress: rctrl
664.5559 	DATA 	Keypress: lctrl
664.6632 	EXP 	Sound  started
665.3717 	DATA 	Keypress: lctrl
665.4132 	EXP 	Sound  started
666.0597 	DATA 	Keypress: lctrl
666.1632 	EXP 	Sound  started
666.7797 	DATA 	Keypress: rctrl
666.9132 	EXP 	Sound  started
667.5637 	DATA 	Keypress: rctrl
667.6632 	EXP 	Sound  started
668.2998 	DATA 	Keypress: lctrl
668.4132 	EXP 	Sound  started
668.9879 	DATA 	Keypress: rctrl
669.1633 	EXP 	Sound  started
669.7878 	DATA 	Keypress: rctrl
669.9133 	EXP 	Sound  started
670.5717 	DATA 	Keypress: rctrl
670.6633 	EXP 	Sound  started
671.3238 	DATA 	Keypress: lctrl
671.4133 	EXP 	Sound  started
672.0598 	DATA 	Keypress: lctrl
672.1633 	EXP 	Sound  started
672.8438 	DATA 	Keypress: rctrl
672.9133 	EXP 	Sound  started
673.5798 	DATA 	Keypress: lctrl
673.6633 	EXP 	Sound  started
674.2998 	DATA 	Keypress: lctrl
674.4133 	EXP 	Sound  started
675.0518 	DATA 	Keypress: lctrl
675.1634 	EXP 	Sound  started
675.8518 	DATA 	Keypress: lctrl
675.9134 	EXP 	Sound  started
676.5718 	DATA 	Keypress: rctrl
676.6634 	EXP 	Sound  started
677.2278 	DATA 	Keypress: rctrl
677.4134 	EXP 	Sound  started
678.0598 	DATA 	Keypress: lctrl
678.1634 	EXP 	Sound  started
678.7958 	DATA 	Keypress: lctrl
678.9134 	EXP 	Sound  started
679.4677 	DATA 	Keypress: rctrl
679.6634 	EXP 	Sound  started
680.3157 	DATA 	Keypress: rctrl
680.4135 	EXP 	Sound  started
681.0199 	DATA 	Keypress: rctrl
681.1635 	EXP 	Sound  started
681.8197 	DATA 	Keypress: lctrl
681.9135 	EXP 	Sound  started
682.5557 	DATA 	Keypress: lctrl
682.6635 	EXP 	Sound  started
683.3077 	DATA 	Keypress: lctrl
683.4135 	EXP 	Sound  started
684.0439 	DATA 	Keypress: rctrl
684.1635 	EXP 	Sound  started
684.7797 	DATA 	Keypress: lctrl
684.9135 	EXP 	Sound  started
685.4677 	DATA 	Keypress: lctrl
685.6635 	EXP 	Sound  started
686.2518 	DATA 	Keypress: lctrl
686.4136 	EXP 	Sound  started
687.0838 	DATA 	Keypress: rctrl
687.1636 	EXP 	Sound  started
687.7718 	DATA 	Keypress: lctrl
687.9136 	EXP 	Sound  started
688.6038 	DATA 	Keypress: rctrl
688.6636 	EXP 	Sound  started
689.2757 	DATA 	Keypress: rctrl
689.4136 	EXP 	Sound  started
689.9797 	DATA 	Keypress: rctrl
690.1636 	EXP 	Sound  started
690.8278 	DATA 	Keypress: lctrl
690.9136 	EXP 	Sound  started
691.5798 	DATA 	Keypress: lctrl
691.6637 	EXP 	Sound  started
692.3797 	DATA 	Keypress: rctrl
692.4137 	EXP 	Sound  started
693.0357 	DATA 	Keypress: lctrl
693.1637 	EXP 	Sound  started
693.8198 	DATA 	Keypress: rctrl
693.9137 	EXP 	Sound  started
694.5398 	DATA 	Keypress: rctrl
694.6637 	EXP 	Sound  started
695.1798 	DATA 	Keypress: lctrl
695.4137 	EXP 	Sound  started
696.0598 	DATA 	Keypress: lctrl
696.1637 	EXP 	Sound  started
696.7797 	DATA 	Keypress: lctrl
696.9137 	EXP 	Sound  started
697.4997 	DATA 	Keypress: rctrl
697.6638 	EXP 	Sound  started
698.2197 	DATA 	Keypress: lctrl
698.4138 	EXP 	Sound  started
699.0197 	DATA 	Keypress: rctrl
699.1638 	EXP 	Sound  started
699.7878 	DATA 	Keypress: rctrl
699.9139 	EXP 	Sound  started
700.5397 	DATA 	Keypress: lctrl
700.6639 	EXP 	Sound  started
701.2917 	DATA 	Keypress: lctrl
701.4139 	EXP 	Sound  started
702.0118 	DATA 	Keypress: rctrl
702.1639 	EXP 	Sound  started
702.9139 	EXP 	Sound  started
703.5157 	DATA 	Keypress: lctrl
703.6639 	EXP 	Sound  started
704.1878 	DATA 	Keypress: rctrl
704.4140 	EXP 	Sound  started
705.0678 	DATA 	Keypress: lctrl
705.1640 	EXP 	Sound  started
705.7557 	DATA 	Keypress: lctrl
705.9140 	EXP 	Sound  started
706.4437 	DATA 	Keypress: rctrl
706.6640 	EXP 	Sound  started
707.2437 	DATA 	Keypress: rctrl
707.4140 	EXP 	Sound  started
708.1640 	EXP 	Sound  started
708.1877 	DATA 	Keypress: lctrl
708.8438 	DATA 	Keypress: lctrl
708.9140 	EXP 	Sound  started
709.6438 	DATA 	Keypress: rctrl
709.6640 	EXP 	Sound  started
710.4140 	EXP 	Sound  started
710.4278 	DATA 	Keypress: rctrl
711.0838 	DATA 	Keypress: lctrl
711.1641 	EXP 	Sound  started
711.8519 	DATA 	Keypress: rctrl
711.9141 	EXP 	Sound  started
712.5878 	DATA 	Keypress: lctrl
712.6641 	EXP 	Sound  started
713.3079 	DATA 	Keypress: lctrl
713.4141 	EXP 	Sound  started
714.0277 	DATA 	Keypress: rctrl
714.1641 	EXP 	Sound  started
714.7478 	DATA 	Keypress: rctrl
714.9141 	EXP 	Sound  started
715.5797 	DATA 	Keypress: rctrl
715.6641 	EXP 	Sound  started
716.3477 	DATA 	Keypress: lctrl
716.4142 	EXP 	Sound  started
717.0357 	DATA 	Keypress: rctrl
717.1642 	EXP 	Sound  started
717.8197 	DATA 	Keypress: lctrl
717.9142 	EXP 	Sound  started
718.5397 	DATA 	Keypress: lctrl
718.6642 	EXP 	Sound  started
719.2437 	DATA 	Keypress: rctrl
719.4142 	EXP 	Sound  started
720.0597 	DATA 	Keypress: lctrl
720.1642 	EXP 	Sound  started
720.7637 	DATA 	Keypress: rctrl
720.9143 	EXP 	Sound  started
721.6437 	DATA 	Keypress: lctrl
721.6643 	EXP 	Sound  started
722.3157 	DATA 	Keypress: lctrl
724.4308 	DATA 	Keypress: 2
724.4474 	EXP 	unnamed ShapeStim: vertices = <class 'numpy.ndarray'>
727.7669 	DATA 	Keypress: 2
727.7835 	EXP 	unnamed ShapeStim: vertices = <class 'numpy.ndarray'>
729.9025 	DATA 	Keypress: 1
729.9190 	EXP 	unnamed ShapeStim: vertices = <class 'numpy.ndarray'>
1072.3159 	DATA 	Keypress: escape
1072.3948 	EXP 	window1: mouseVisible = True
