320.5539 	WARNING 	User requested fullscreen with size [1024  768], but screen is actually [1920, 1200]. Using actual size
321.3722 	EXP 	Created window1 = Window(allowGUI=False, allowStencil=False, autoLog=True, backendConf=UNKNOWN, bitsMode=UNKNOWN, blendMode='avg', bpc=(8, 8, 8), color=array([0, 0, 0]), colorSpace='rgb', depthBits=8, fullscr=<method-wrapper '__getattribute__' of attributeSetter object at 0x00000255C2A56780>, gamma=None, gammaErrorPolicy='raise', lms=UNKNOWN, monitor=<psychopy.monitors.calibTools.Monitor object at 0x00000255C4165080>, multiSample=False, name='window1', numSamples=2, pos=[0.0, 0.0], screen=0, size=array([1920, 1200]), stencilBits=0, stereo=False, units='norm', useFBO=True, useRetina=False, viewOri=0.0, viewPos=None, viewScale=None, waitBlanking=True, winType='pyglet')
321.3726 	EXP 	window1: mouseVisible = True
321.3726 	EXP 	window1: mouseVisible = False
321.3726 	EXP 	window1: recordFrameIntervals = False
321.5387 	EXP 	window1: recordFrameIntervals = True
321.7223 	EXP 	window1: recordFrameIntervals = False
321.7757 	EXP 	Created text = TextStim(__class__=<class 'psychopy.visual.text.TextStim'>, alignHoriz=method-wrapper(...), alignText='center', alignVert=method-wrapper(...), anchorHoriz='center', anchorVert='center', antialias=True, autoLog=True, bold=False, color=array([1., 1., 1.]), colorSpace='rgb', contrast=1.0, depth=0.0, flipHoriz=False, flipVert=False, font='Arial', fontFiles=[], height=0.15, italic=False, languageStyle='LTR', name='text', opacity=1, ori=0, pos=array([0., 0.]), rgb=UNKNOWN, text='+', units='norm', win=Window(...), wrapWidth=1)
321.7955 	EXP 	Created text = TextStim(__class__=<class 'psychopy.visual.text.TextStim'>, alignHoriz=method-wrapper(...), alignText='center', alignVert=method-wrapper(...), anchorHoriz='center', anchorVert='center', antialias=True, autoLog=True, bold=False, color=array([1., 1., 1.]), colorSpace='rgb', contrast=1.0, depth=0.0, flipHoriz=False, flipVert=False, font='Arial', fontFiles=[], height=0.07, italic=False, languageStyle='LTR', name='text', opacity=1, ori=0, pos=array([0., 0.]), rgb=UNKNOWN, text=str(...), units='norm', win=Window(...), wrapWidth=1.65)
321.8078 	EXP 	Created text = TextStim(__class__=<class 'psychopy.visual.text.TextStim'>, alignHoriz=method-wrapper(...), alignText='center', alignVert=method-wrapper(...), anchorHoriz='center', anchorVert='center', antialias=True, autoLog=True, bold=False, color=array([1., 1., 1.]), colorSpace='rgb', contrast=1.0, depth=0.0, flipHoriz=False, flipVert=False, font='Arial', fontFiles=[], height=0.07, italic=False, languageStyle='LTR', name='text', opacity=1, ori=0, pos=array([0., 0.]), rgb=UNKNOWN, text=str(...), units='norm', win=Window(...), wrapWidth=1.65)
321.8176 	EXP 	Created text = TextStim(__class__=<class 'psychopy.visual.text.TextStim'>, alignHoriz=method-wrapper(...), alignText='center', alignVert=method-wrapper(...), anchorHoriz='center', anchorVert='center', antialias=True, autoLog=True, bold=False, color=array([1., 1., 1.]), colorSpace='rgb', contrast=1.0, depth=0.0, flipHoriz=False, flipVert=False, font='Arial', fontFiles=[], height=0.07, italic=False, languageStyle='LTR', name='text', opacity=1, ori=0, pos=array([0., 0.]), rgb=UNKNOWN, text=str(...), units='norm', win=Window(...), wrapWidth=1.65)
321.8275 	EXP 	Created text = TextStim(__class__=<class 'psychopy.visual.text.TextStim'>, alignHoriz=method-wrapper(...), alignText='center', alignVert=method-wrapper(...), anchorHoriz='center', anchorVert='center', antialias=True, autoLog=True, bold=False, color=array([1., 1., 1.]), colorSpace='rgb', contrast=1.0, depth=0.0, flipHoriz=False, flipVert=False, font='Arial', fontFiles=[], height=0.07, italic=False, languageStyle='LTR', name='text', opacity=1, ori=0, pos=array([0., 0.]), rgb=UNKNOWN, text=str(...), units='norm', win=Window(...), wrapWidth=1.65)
321.8329 	EXP 	Created text = TextStim(__class__=<class 'psychopy.visual.text.TextStim'>, alignHoriz=method-wrapper(...), alignText='center', alignVert=method-wrapper(...), anchorHoriz='center', anchorVert='center', antialias=True, autoLog=True, bold=False, color=array([1., 1., 1.]), colorSpace='rgb', contrast=1.0, depth=0.0, flipHoriz=False, flipVert=False, font='Arial', fontFiles=[], height=0.07, italic=False, languageStyle='LTR', name='text', opacity=1, ori=0, pos=array([0., 0.]), rgb=UNKNOWN, text=str(...), units='norm', win=Window(...), wrapWidth=1.65)
321.8487 	EXP 	Created text = TextStim(__class__=<class 'psychopy.visual.text.TextStim'>, alignHoriz=method-wrapper(...), alignText='center', alignVert=method-wrapper(...), anchorHoriz='center', anchorVert='center', antialias=True, autoLog=True, bold=False, color=array([1., 1., 1.]), colorSpace='rgb', contrast=1.0, depth=0.0, flipHoriz=False, flipVert=False, font='Arial', fontFiles=[], height=0.15, italic=False, languageStyle='LTR', name='text', opacity=1, ori=0, pos=array([0., 0.]), rgb=UNKNOWN, text=str(...), units='norm', win=Window(...), wrapWidth=1.65)
321.8771 	EXP 	Created text = TextStim(__class__=<class 'psychopy.visual.text.TextStim'>, alignHoriz=method-wrapper(...), alignText='center', alignVert=method-wrapper(...), anchorHoriz='center', anchorVert='center', antialias=True, autoLog=True, bold=False, color=array([1., 1., 1.]), colorSpace='rgb', contrast=1.0, depth=0.0, flipHoriz=False, flipVert=False, font='Arial', fontFiles=[], height=0.07, italic=False, languageStyle='LTR', name='text', opacity=1, ori=0, pos=array([0., 0.]), rgb=UNKNOWN, text=str(...), units='norm', win=Window(...), wrapWidth=1.65)
321.8951 	EXP 	Created text = TextStim(__class__=<class 'psychopy.visual.text.TextStim'>, alignHoriz=method-wrapper(...), alignText='center', alignVert=method-wrapper(...), anchorHoriz='center', anchorVert='center', antialias=True, autoLog=True, bold=False, color=array([1., 1., 1.]), colorSpace='rgb', contrast=1.0, depth=0.0, flipHoriz=False, flipVert=False, font='Arial', fontFiles=[], height=0.07, italic=False, languageStyle='LTR', name='text', opacity=1, ori=0, pos=array([0., 0.]), rgb=UNKNOWN, text=str(...), units='norm', win=Window(...), wrapWidth=1.65)
321.9256 	EXP 	Created text = TextStim(__class__=<class 'psychopy.visual.text.TextStim'>, alignHoriz=method-wrapper(...), alignText='center', alignVert=method-wrapper(...), anchorHoriz='center', anchorVert='center', antialias=True, autoLog=True, bold=False, color=array([1., 1., 1.]), colorSpace='rgb', contrast=1.0, depth=0.0, flipHoriz=False, flipVert=False, font='Arial', fontFiles=[], height=0.07, italic=False, languageStyle='LTR', name='text', opacity=1, ori=0, pos=array([0., 0.]), rgb=UNKNOWN, text=str(...), units='norm', win=Window(...), wrapWidth=1.65)
321.9534 	EXP 	Created text = TextStim(__class__=<class 'psychopy.visual.text.TextStim'>, alignHoriz=method-wrapper(...), alignText='center', alignVert=method-wrapper(...), anchorHoriz='center', anchorVert='center', antialias=True, autoLog=True, bold=False, color=array([1., 1., 1.]), colorSpace='rgb', contrast=1.0, depth=0.0, flipHoriz=False, flipVert=False, font='Arial', fontFiles=[], height=0.07, italic=False, languageStyle='LTR', name='text', opacity=1, ori=0, pos=array([0., 0.]), rgb=UNKNOWN, text=str(...), units='norm', win=Window(...), wrapWidth=1.65)
321.9858 	EXP 	Created text = TextStim(__class__=<class 'psychopy.visual.text.TextStim'>, alignHoriz=method-wrapper(...), alignText='center', alignVert=method-wrapper(...), anchorHoriz='center', anchorVert='center', antialias=True, autoLog=True, bold=False, color=array([1., 1., 1.]), colorSpace='rgb', contrast=1.0, depth=0.0, flipHoriz=False, flipVert=False, font='Arial', fontFiles=[], height=0.07, italic=False, languageStyle='LTR', name='text', opacity=1, ori=0, pos=array([0., 0.]), rgb=UNKNOWN, text=str(...), units='norm', win=Window(...), wrapWidth=1.65)
321.9947 	EXP 	Created text = TextStim(__class__=<class 'psychopy.visual.text.TextStim'>, alignHoriz=method-wrapper(...), alignText='center', alignVert=method-wrapper(...), anchorHoriz='center', anchorVert='center', antialias=True, autoLog=True, bold=False, color=array([1., 1., 1.]), colorSpace='rgb', contrast=1.0, depth=0.0, flipHoriz=False, flipVert=False, font='Arial', fontFiles=[], height=0.07, italic=False, languageStyle='LTR', name='text', opacity=1, ori=0, pos=array([0., 0.]), rgb=UNKNOWN, text=str(...), units='norm', win=Window(...), wrapWidth=1.65)
322.0070 	EXP 	Created text = TextStim(__class__=<class 'psychopy.visual.text.TextStim'>, alignHoriz=method-wrapper(...), alignText='center', alignVert=method-wrapper(...), anchorHoriz='center', anchorVert='center', antialias=True, autoLog=True, bold=False, color=array([1., 1., 1.]), colorSpace='rgb', contrast=1.0, depth=0.0, flipHoriz=False, flipVert=False, font='Arial', fontFiles=[], height=0.07, italic=False, languageStyle='LTR', name='text', opacity=1, ori=0, pos=array([0., 0.]), rgb=UNKNOWN, text=str(...), units='norm', win=Window(...), wrapWidth=1.65)
322.0116 	EXP 	Created instru = TextStim(__class__=<class 'psychopy.visual.text.TextStim'>, alignHoriz=method-wrapper(...), alignText='center', alignVert=method-wrapper(...), anchorHoriz='center', anchorVert='center', antialias=True, autoLog=True, bold=False, color=array([1., 1., 1.]), colorSpace='rgb', contrast=1.0, depth=0.0, flipHoriz=False, flipVert=False, font='Arial', fontFiles=[], height=0.07, italic=False, languageStyle='LTR', name='instru', opacity=1, ori=0, pos=array([0. , 0.5]), rgb=UNKNOWN, text=str(...), units='norm', win=Window(...), wrapWidth=1)
322.0143 	EXP 	Created unnamed Line = Line(__class__=<class 'psychopy.visual.line.Line'>, autoDraw=False, autoLog=True, closeShape=False, color=array([1., 1., 1.]), colorSpace='rgb', contrast=None, depth=0, fillColor=array([0, 0, 0]), fillColorSpace='rgb', fillRGB=array([0, 0, 0]), interpolate=True, lineColor=array([1., 1., 1.]), lineColorSpace='rgb', lineRGB=array([1, 1, 1]), lineWidth=5, name='unnamed Line', opacity=0.5, ori=0.0, pos=array([0., 0.]), size=array([1., 1.]), units='norm', vertices=array([[-0.5,  0. ],
       [ 0.5,  0. ]]), win=Window(...), windingRule=None)
322.0163 	EXP 	Created unnamed Line = Line(__class__=<class 'psychopy.visual.line.Line'>, autoDraw=False, autoLog=True, closeShape=False, color=array([1., 1., 1.]), colorSpace='rgb', contrast=None, depth=0, fillColor=array([0, 0, 0]), fillColorSpace='rgb', fillRGB=array([0, 0, 0]), interpolate=True, lineColor=array([1., 1., 1.]), lineColorSpace='rgb', lineRGB=array([1, 1, 1]), lineWidth=3, name='unnamed Line', opacity=0.5, ori=0.0, pos=array([0., 0.]), size=array([1., 1.]), units='norm', vertices=array([[-0.5 , -0.05],
       [-0.5 ,  0.05]]), win=Window(...), windingRule=None)
322.0183 	EXP 	Created unnamed Line = Line(__class__=<class 'psychopy.visual.line.Line'>, autoDraw=False, autoLog=True, closeShape=False, color=array([1., 1., 1.]), colorSpace='rgb', contrast=None, depth=0, fillColor=array([0, 0, 0]), fillColorSpace='rgb', fillRGB=array([0, 0, 0]), interpolate=True, lineColor=array([1., 1., 1.]), lineColorSpace='rgb', lineRGB=array([1, 1, 1]), lineWidth=3, name='unnamed Line', opacity=0.5, ori=0.0, pos=array([0., 0.]), size=array([1., 1.]), units='norm', vertices=ndarray(...), win=Window(...), windingRule=None)
322.0203 	EXP 	Created unnamed Line = Line(__class__=<class 'psychopy.visual.line.Line'>, autoDraw=False, autoLog=True, closeShape=False, color=array([1., 1., 1.]), colorSpace='rgb', contrast=None, depth=0, fillColor=array([0, 0, 0]), fillColorSpace='rgb', fillRGB=array([0, 0, 0]), interpolate=True, lineColor=array([1., 1., 1.]), lineColorSpace='rgb', lineRGB=array([1, 1, 1]), lineWidth=3, name='unnamed Line', opacity=0.5, ori=0.0, pos=array([0., 0.]), size=array([1., 1.]), units='norm', vertices=ndarray(...), win=Window(...), windingRule=None)
322.0223 	EXP 	Created unnamed Line = Line(__class__=<class 'psychopy.visual.line.Line'>, autoDraw=False, autoLog=True, closeShape=False, color=array([1., 1., 1.]), colorSpace='rgb', contrast=None, depth=0, fillColor=array([0, 0, 0]), fillColorSpace='rgb', fillRGB=array([0, 0, 0]), interpolate=True, lineColor=array([1., 1., 1.]), lineColorSpace='rgb', lineRGB=array([1, 1, 1]), lineWidth=3, name='unnamed Line', opacity=0.5, ori=0.0, pos=array([0., 0.]), size=array([1., 1.]), units='norm', vertices=array([[ 0.5 , -0.05],
       [ 0.5 ,  0.05]]), win=Window(...), windingRule=None)
322.0339 	EXP 	Created unnamed TextStim = TextStim(__class__=<class 'psychopy.visual.text.TextStim'>, alignHoriz=method-wrapper(...), alignText='center', alignVert=method-wrapper(...), anchorHoriz='center', anchorVert='center', antialias=True, autoLog=True, bold=False, color=array([1., 1., 1.]), colorSpace='rgb', contrast=1.0, depth=0, flipHoriz=False, flipVert=False, font='', fontFiles=[], height=0.05, italic=False, languageStyle='LTR', name='unnamed TextStim', opacity=1.0, ori=0.0, pos=array([-0.5, -0.1]), rgb=UNKNOWN, text='Clearly \n NOT FOCUSED', units='norm', win=Window(...), wrapWidth=1)
322.0350 	EXP 	Created unnamed TextStim = TextStim(__class__=<class 'psychopy.visual.text.TextStim'>, alignHoriz=method-wrapper(...), alignText='center', alignVert=method-wrapper(...), anchorHoriz='center', anchorVert='center', antialias=True, autoLog=True, bold=False, color=array([1., 1., 1.]), colorSpace='rgb', contrast=1.0, depth=0, flipHoriz=False, flipVert=False, font='', fontFiles=[], height=0.05, italic=False, languageStyle='LTR', name='unnamed TextStim', opacity=1.0, ori=0.0, pos=array([-0.16666667, -0.1       ]), rgb=UNKNOWN, text='', units='norm', win=Window(...), wrapWidth=1)
322.0362 	EXP 	Created unnamed TextStim = TextStim(__class__=<class 'psychopy.visual.text.TextStim'>, alignHoriz=method-wrapper(...), alignText='center', alignVert=method-wrapper(...), anchorHoriz='center', anchorVert='center', antialias=True, autoLog=True, bold=False, color=array([1., 1., 1.]), colorSpace='rgb', contrast=1.0, depth=0, flipHoriz=False, flipVert=False, font='', fontFiles=[], height=0.05, italic=False, languageStyle='LTR', name='unnamed TextStim', opacity=1.0, ori=0.0, pos=array([ 0.16666667, -0.1       ]), rgb=UNKNOWN, text='', units='norm', win=Window(...), wrapWidth=1)
322.0395 	EXP 	Created unnamed TextStim = TextStim(__class__=<class 'psychopy.visual.text.TextStim'>, alignHoriz=method-wrapper(...), alignText='center', alignVert=method-wrapper(...), anchorHoriz='center', anchorVert='center', antialias=True, autoLog=True, bold=False, color=array([1., 1., 1.]), colorSpace='rgb', contrast=1.0, depth=0, flipHoriz=False, flipVert=False, font='', fontFiles=[], height=0.05, italic=False, languageStyle='LTR', name='unnamed TextStim', opacity=1.0, ori=0.0, pos=array([ 0.5, -0.1]), rgb=UNKNOWN, text='Clearly \n FOCUSED', units='norm', win=Window(...), wrapWidth=1)
322.0414 	EXP 	Created unnamed ShapeStim = ShapeStim(__class__=<class 'psychopy.visual.shape.ShapeStim'>, autoDraw=False, autoLog=True, closeShape=True, color=method-wrapper(...), colorSpace='rgb', contrast=None, depth=0, fillColor=array([1, 1, 1]), fillColorSpace='rgb', fillRGB=array([1, 1, 1]), interpolate=True, lineColor=array([-1., -1., -1.]), lineColorSpace='rgb', lineRGB=array([-1, -1, -1]), lineWidth=1.5, name='unnamed ShapeStim', opacity=1.0, ori=0.0, pos=array([0., 0.]), size=array([1., 1.]), units='norm', vertices=ndarray(...), win=Window(...), windingRule=None)
322.0502 	EXP 	Created instru = TextStim(__class__=<class 'psychopy.visual.text.TextStim'>, alignHoriz=method-wrapper(...), alignText='center', alignVert=method-wrapper(...), anchorHoriz='center', anchorVert='center', antialias=True, autoLog=True, bold=False, color=array([1., 1., 1.]), colorSpace='rgb', contrast=1.0, depth=0.0, flipHoriz=False, flipVert=False, font='Arial', fontFiles=[], height=0.07, italic=False, languageStyle='LTR', name='instru', opacity=1, ori=0, pos=array([0. , 0.5]), rgb=UNKNOWN, text=str(...), units='norm', win=Window(...), wrapWidth=1)
322.0523 	EXP 	Created unnamed Line = Line(__class__=<class 'psychopy.visual.line.Line'>, autoDraw=False, autoLog=True, closeShape=False, color=array([1., 1., 1.]), colorSpace='rgb', contrast=None, depth=0, fillColor=array([0, 0, 0]), fillColorSpace='rgb', fillRGB=array([0, 0, 0]), interpolate=True, lineColor=array([1., 1., 1.]), lineColorSpace='rgb', lineRGB=array([1, 1, 1]), lineWidth=5, name='unnamed Line', opacity=0.5, ori=0.0, pos=array([0., 0.]), size=array([1., 1.]), units='norm', vertices=array([[-0.5,  0. ],
       [ 0.5,  0. ]]), win=Window(...), windingRule=None)
322.0543 	EXP 	Created unnamed Line = Line(__class__=<class 'psychopy.visual.line.Line'>, autoDraw=False, autoLog=True, closeShape=False, color=array([1., 1., 1.]), colorSpace='rgb', contrast=None, depth=0, fillColor=array([0, 0, 0]), fillColorSpace='rgb', fillRGB=array([0, 0, 0]), interpolate=True, lineColor=array([1., 1., 1.]), lineColorSpace='rgb', lineRGB=array([1, 1, 1]), lineWidth=3, name='unnamed Line', opacity=0.5, ori=0.0, pos=array([0., 0.]), size=array([1., 1.]), units='norm', vertices=array([[-0.5 , -0.05],
       [-0.5 ,  0.05]]), win=Window(...), windingRule=None)
322.0563 	EXP 	Created unnamed Line = Line(__class__=<class 'psychopy.visual.line.Line'>, autoDraw=False, autoLog=True, closeShape=False, color=array([1., 1., 1.]), colorSpace='rgb', contrast=None, depth=0, fillColor=array([0, 0, 0]), fillColorSpace='rgb', fillRGB=array([0, 0, 0]), interpolate=True, lineColor=array([1., 1., 1.]), lineColorSpace='rgb', lineRGB=array([1, 1, 1]), lineWidth=3, name='unnamed Line', opacity=0.5, ori=0.0, pos=array([0., 0.]), size=array([1., 1.]), units='norm', vertices=ndarray(...), win=Window(...), windingRule=None)
322.0584 	EXP 	Created unnamed Line = Line(__class__=<class 'psychopy.visual.line.Line'>, autoDraw=False, autoLog=True, closeShape=False, color=array([1., 1., 1.]), colorSpace='rgb', contrast=None, depth=0, fillColor=array([0, 0, 0]), fillColorSpace='rgb', fillRGB=array([0, 0, 0]), interpolate=True, lineColor=array([1., 1., 1.]), lineColorSpace='rgb', lineRGB=array([1, 1, 1]), lineWidth=3, name='unnamed Line', opacity=0.5, ori=0.0, pos=array([0., 0.]), size=array([1., 1.]), units='norm', vertices=ndarray(...), win=Window(...), windingRule=None)
322.0604 	EXP 	Created unnamed Line = Line(__class__=<class 'psychopy.visual.line.Line'>, autoDraw=False, autoLog=True, closeShape=False, color=array([1., 1., 1.]), colorSpace='rgb', contrast=None, depth=0, fillColor=array([0, 0, 0]), fillColorSpace='rgb', fillRGB=array([0, 0, 0]), interpolate=True, lineColor=array([1., 1., 1.]), lineColorSpace='rgb', lineRGB=array([1, 1, 1]), lineWidth=3, name='unnamed Line', opacity=0.5, ori=0.0, pos=array([0., 0.]), size=array([1., 1.]), units='norm', vertices=array([[ 0.5 , -0.05],
       [ 0.5 ,  0.05]]), win=Window(...), windingRule=None)
322.0656 	EXP 	Created unnamed TextStim = TextStim(__class__=<class 'psychopy.visual.text.TextStim'>, alignHoriz=method-wrapper(...), alignText='center', alignVert=method-wrapper(...), anchorHoriz='center', anchorVert='center', antialias=True, autoLog=True, bold=False, color=array([1., 1., 1.]), colorSpace='rgb', contrast=1.0, depth=0, flipHoriz=False, flipVert=False, font='', fontFiles=[], height=0.05, italic=False, languageStyle='LTR', name='unnamed TextStim', opacity=1.0, ori=0.0, pos=array([-0.5, -0.1]), rgb=UNKNOWN, text='Clearly \n NOTHING', units='norm', win=Window(...), wrapWidth=1)
322.0667 	EXP 	Created unnamed TextStim = TextStim(__class__=<class 'psychopy.visual.text.TextStim'>, alignHoriz=method-wrapper(...), alignText='center', alignVert=method-wrapper(...), anchorHoriz='center', anchorVert='center', antialias=True, autoLog=True, bold=False, color=array([1., 1., 1.]), colorSpace='rgb', contrast=1.0, depth=0, flipHoriz=False, flipVert=False, font='', fontFiles=[], height=0.05, italic=False, languageStyle='LTR', name='unnamed TextStim', opacity=1.0, ori=0.0, pos=array([-0.16666667, -0.1       ]), rgb=UNKNOWN, text='', units='norm', win=Window(...), wrapWidth=1)
322.0678 	EXP 	Created unnamed TextStim = TextStim(__class__=<class 'psychopy.visual.text.TextStim'>, alignHoriz=method-wrapper(...), alignText='center', alignVert=method-wrapper(...), anchorHoriz='center', anchorVert='center', antialias=True, autoLog=True, bold=False, color=array([1., 1., 1.]), colorSpace='rgb', contrast=1.0, depth=0, flipHoriz=False, flipVert=False, font='', fontFiles=[], height=0.05, italic=False, languageStyle='LTR', name='unnamed TextStim', opacity=1.0, ori=0.0, pos=array([ 0.16666667, -0.1       ]), rgb=UNKNOWN, text='', units='norm', win=Window(...), wrapWidth=1)
322.0720 	EXP 	Created unnamed TextStim = TextStim(__class__=<class 'psychopy.visual.text.TextStim'>, alignHoriz=method-wrapper(...), alignText='center', alignVert=method-wrapper(...), anchorHoriz='center', anchorVert='center', antialias=True, autoLog=True, bold=False, color=array([1., 1., 1.]), colorSpace='rgb', contrast=1.0, depth=0, flipHoriz=False, flipVert=False, font='', fontFiles=[], height=0.05, italic=False, languageStyle='LTR', name='unnamed TextStim', opacity=1.0, ori=0.0, pos=array([ 0.5, -0.1]), rgb=UNKNOWN, text='Clearly \n SOMETHING', units='norm', win=Window(...), wrapWidth=1)
322.0740 	EXP 	Created unnamed ShapeStim = ShapeStim(__class__=<class 'psychopy.visual.shape.ShapeStim'>, autoDraw=False, autoLog=True, closeShape=True, color=method-wrapper(...), colorSpace='rgb', contrast=None, depth=0, fillColor=array([1, 1, 1]), fillColorSpace='rgb', fillRGB=array([1, 1, 1]), interpolate=True, lineColor=array([-1., -1., -1.]), lineColorSpace='rgb', lineRGB=array([-1, -1, -1]), lineWidth=1.5, name='unnamed ShapeStim', opacity=1.0, ori=0.0, pos=array([0., 0.]), size=array([1., 1.]), units='norm', vertices=ndarray(...), win=Window(...), windingRule=None)
322.0813 	EXP 	Created instru = TextStim(__class__=<class 'psychopy.visual.text.TextStim'>, alignHoriz=method-wrapper(...), alignText='center', alignVert=method-wrapper(...), anchorHoriz='center', anchorVert='center', antialias=True, autoLog=True, bold=False, color=array([1., 1., 1.]), colorSpace='rgb', contrast=1.0, depth=0.0, flipHoriz=False, flipVert=False, font='Arial', fontFiles=[], height=0.07, italic=False, languageStyle='LTR', name='instru', opacity=1, ori=0, pos=array([0. , 0.5]), rgb=UNKNOWN, text=str(...), units='norm', win=Window(...), wrapWidth=1)
322.0834 	EXP 	Created unnamed Line = Line(__class__=<class 'psychopy.visual.line.Line'>, autoDraw=False, autoLog=True, closeShape=False, color=array([1., 1., 1.]), colorSpace='rgb', contrast=None, depth=0, fillColor=array([0, 0, 0]), fillColorSpace='rgb', fillRGB=array([0, 0, 0]), interpolate=True, lineColor=array([1., 1., 1.]), lineColorSpace='rgb', lineRGB=array([1, 1, 1]), lineWidth=5, name='unnamed Line', opacity=0.5, ori=0.0, pos=array([0., 0.]), size=array([1., 1.]), units='norm', vertices=array([[-0.5,  0. ],
       [ 0.5,  0. ]]), win=Window(...), windingRule=None)
322.0854 	EXP 	Created unnamed Line = Line(__class__=<class 'psychopy.visual.line.Line'>, autoDraw=False, autoLog=True, closeShape=False, color=array([1., 1., 1.]), colorSpace='rgb', contrast=None, depth=0, fillColor=array([0, 0, 0]), fillColorSpace='rgb', fillRGB=array([0, 0, 0]), interpolate=True, lineColor=array([1., 1., 1.]), lineColorSpace='rgb', lineRGB=array([1, 1, 1]), lineWidth=3, name='unnamed Line', opacity=0.5, ori=0.0, pos=array([0., 0.]), size=array([1., 1.]), units='norm', vertices=array([[-0.5 , -0.05],
       [-0.5 ,  0.05]]), win=Window(...), windingRule=None)
322.0874 	EXP 	Created unnamed Line = Line(__class__=<class 'psychopy.visual.line.Line'>, autoDraw=False, autoLog=True, closeShape=False, color=array([1., 1., 1.]), colorSpace='rgb', contrast=None, depth=0, fillColor=array([0, 0, 0]), fillColorSpace='rgb', fillRGB=array([0, 0, 0]), interpolate=True, lineColor=array([1., 1., 1.]), lineColorSpace='rgb', lineRGB=array([1, 1, 1]), lineWidth=3, name='unnamed Line', opacity=0.5, ori=0.0, pos=array([0., 0.]), size=array([1., 1.]), units='norm', vertices=ndarray(...), win=Window(...), windingRule=None)
322.0893 	EXP 	Created unnamed Line = Line(__class__=<class 'psychopy.visual.line.Line'>, autoDraw=False, autoLog=True, closeShape=False, color=array([1., 1., 1.]), colorSpace='rgb', contrast=None, depth=0, fillColor=array([0, 0, 0]), fillColorSpace='rgb', fillRGB=array([0, 0, 0]), interpolate=True, lineColor=array([1., 1., 1.]), lineColorSpace='rgb', lineRGB=array([1, 1, 1]), lineWidth=3, name='unnamed Line', opacity=0.5, ori=0.0, pos=array([0., 0.]), size=array([1., 1.]), units='norm', vertices=ndarray(...), win=Window(...), windingRule=None)
322.0913 	EXP 	Created unnamed Line = Line(__class__=<class 'psychopy.visual.line.Line'>, autoDraw=False, autoLog=True, closeShape=False, color=array([1., 1., 1.]), colorSpace='rgb', contrast=None, depth=0, fillColor=array([0, 0, 0]), fillColorSpace='rgb', fillRGB=array([0, 0, 0]), interpolate=True, lineColor=array([1., 1., 1.]), lineColorSpace='rgb', lineRGB=array([1, 1, 1]), lineWidth=3, name='unnamed Line', opacity=0.5, ori=0.0, pos=array([0., 0.]), size=array([1., 1.]), units='norm', vertices=array([[ 0.5 , -0.05],
       [ 0.5 ,  0.05]]), win=Window(...), windingRule=None)
322.0965 	EXP 	Created unnamed TextStim = TextStim(__class__=<class 'psychopy.visual.text.TextStim'>, alignHoriz=method-wrapper(...), alignText='center', alignVert=method-wrapper(...), anchorHoriz='center', anchorVert='center', antialias=True, autoLog=True, bold=False, color=array([1., 1., 1.]), colorSpace='rgb', contrast=1.0, depth=0, flipHoriz=False, flipVert=False, font='', fontFiles=[], height=0.05, italic=False, languageStyle='LTR', name='unnamed TextStim', opacity=1.0, ori=0.0, pos=array([-0.5, -0.1]), rgb=UNKNOWN, text='Clearly \n SPONTANEOUS', units='norm', win=Window(...), wrapWidth=1)
322.0975 	EXP 	Created unnamed TextStim = TextStim(__class__=<class 'psychopy.visual.text.TextStim'>, alignHoriz=method-wrapper(...), alignText='center', alignVert=method-wrapper(...), anchorHoriz='center', anchorVert='center', antialias=True, autoLog=True, bold=False, color=array([1., 1., 1.]), colorSpace='rgb', contrast=1.0, depth=0, flipHoriz=False, flipVert=False, font='', fontFiles=[], height=0.05, italic=False, languageStyle='LTR', name='unnamed TextStim', opacity=1.0, ori=0.0, pos=array([-0.16666667, -0.1       ]), rgb=UNKNOWN, text='', units='norm', win=Window(...), wrapWidth=1)
322.0986 	EXP 	Created unnamed TextStim = TextStim(__class__=<class 'psychopy.visual.text.TextStim'>, alignHoriz=method-wrapper(...), alignText='center', alignVert=method-wrapper(...), anchorHoriz='center', anchorVert='center', antialias=True, autoLog=True, bold=False, color=array([1., 1., 1.]), colorSpace='rgb', contrast=1.0, depth=0, flipHoriz=False, flipVert=False, font='', fontFiles=[], height=0.05, italic=False, languageStyle='LTR', name='unnamed TextStim', opacity=1.0, ori=0.0, pos=array([ 0.16666667, -0.1       ]), rgb=UNKNOWN, text='', units='norm', win=Window(...), wrapWidth=1)
322.1041 	EXP 	Created unnamed TextStim = TextStim(__class__=<class 'psychopy.visual.text.TextStim'>, alignHoriz=method-wrapper(...), alignText='center', alignVert=method-wrapper(...), anchorHoriz='center', anchorVert='center', antialias=True, autoLog=True, bold=False, color=array([1., 1., 1.]), colorSpace='rgb', contrast=1.0, depth=0, flipHoriz=False, flipVert=False, font='', fontFiles=[], height=0.05, italic=False, languageStyle='LTR', name='unnamed TextStim', opacity=1.0, ori=0.0, pos=array([ 0.5, -0.1]), rgb=UNKNOWN, text='Clearly \n DELIBERATE', units='norm', win=Window(...), wrapWidth=1)
322.1058 	EXP 	Created unnamed ShapeStim = ShapeStim(__class__=<class 'psychopy.visual.shape.ShapeStim'>, autoDraw=False, autoLog=True, closeShape=True, color=method-wrapper(...), colorSpace='rgb', contrast=None, depth=0, fillColor=array([1, 1, 1]), fillColorSpace='rgb', fillRGB=array([1, 1, 1]), interpolate=True, lineColor=array([-1., -1., -1.]), lineColorSpace='rgb', lineRGB=array([-1, -1, -1]), lineWidth=1.5, name='unnamed ShapeStim', opacity=1.0, ori=0.0, pos=array([0., 0.]), size=array([1., 1.]), units='norm', vertices=ndarray(...), win=Window(...), windingRule=None)
322.1702 	EXP 	Sound  set volume 1.000
322.2013 	EXP 	unnamed ShapeStim: vertices = <class 'numpy.ndarray'>
322.2013 	EXP 	unnamed ShapeStim: vertices = <class 'numpy.ndarray'>
322.2013 	EXP 	unnamed ShapeStim: vertices = <class 'numpy.ndarray'>
328.2969 	DATA 	Keypress: rctrl
328.8118 	EXP 	Sound  started
329.4968 	DATA 	Keypress: lctrl
329.5618 	EXP 	Sound  started
330.2168 	DATA 	Keypress: lctrl
330.3118 	EXP 	Sound  started
331.0008 	DATA 	Keypress: lctrl
331.0618 	EXP 	Sound  started
331.6247 	DATA 	Keypress: lctrl
331.8118 	EXP 	Sound  started
332.3608 	DATA 	Keypress: lctrl
332.5619 	EXP 	Sound  started
332.8408 	DATA 	Keypress: lctrl
333.3119 	EXP 	Sound  started
333.7368 	DATA 	Keypress: lctrl
334.0619 	EXP 	Sound  started
334.3927 	DATA 	Keypress: rctrl
334.8119 	EXP 	Sound  started
335.2727 	DATA 	Keypress: rctrl
335.5619 	EXP 	Sound  started
335.9607 	DATA 	Keypress: rctrl
336.3119 	EXP 	Sound  started
336.7127 	DATA 	Keypress: rctrl
337.0619 	EXP 	Sound  started
337.4647 	DATA 	Keypress: lctrl
337.8120 	EXP 	Sound  started
338.1368 	DATA 	Keypress: lctrl
338.5620 	EXP 	Sound  started
338.9207 	DATA 	Keypress: lctrl
339.3120 	EXP 	Sound  started
339.7847 	DATA 	Keypress: lctrl
340.0620 	EXP 	Sound  started
340.6008 	DATA 	Keypress: rctrl
340.8120 	EXP 	Sound  started
341.5620 	EXP 	Sound  started
342.3120 	EXP 	Sound  started
342.8729 	DATA 	Keypress: rctrl
343.0620 	EXP 	Sound  started
343.6887 	DATA 	Keypress: lctrl
343.8121 	EXP 	Sound  started
344.3607 	DATA 	Keypress: lctrl
344.5621 	EXP 	Sound  started
345.0168 	DATA 	Keypress: lctrl
345.3121 	EXP 	Sound  started
345.8168 	DATA 	Keypress: lctrl
346.0621 	EXP 	Sound  started
346.5527 	DATA 	Keypress: rctrl
346.8121 	EXP 	Sound  started
347.3048 	DATA 	Keypress: rctrl
347.5621 	EXP 	Sound  started
348.0087 	DATA 	Keypress: rctrl
348.3121 	EXP 	Sound  started
348.8247 	DATA 	Keypress: rctrl
349.0622 	EXP 	Sound  started
349.7688 	DATA 	Keypress: lctrl
349.8122 	EXP 	Sound  started
350.4887 	DATA 	Keypress: rctrl
350.5622 	EXP 	Sound  started
351.2248 	DATA 	Keypress: lctrl
351.3122 	EXP 	Sound  started
351.8967 	DATA 	Keypress: rctrl
352.0622 	EXP 	Sound  started
352.6489 	DATA 	Keypress: lctrl
352.8122 	EXP 	Sound  started
353.3687 	DATA 	Keypress: lctrl
353.5622 	EXP 	Sound  started
354.1687 	DATA 	Keypress: lctrl
354.3122 	EXP 	Sound  started
354.9527 	DATA 	Keypress: lctrl
355.0623 	EXP 	Sound  started
355.5928 	DATA 	Keypress: rctrl
355.8123 	EXP 	Sound  started
356.4407 	DATA 	Keypress: rctrl
356.5623 	EXP 	Sound  started
357.1128 	DATA 	Keypress: rctrl
357.3123 	EXP 	Sound  started
357.8487 	DATA 	Keypress: rctrl
358.0623 	EXP 	Sound  started
358.5528 	DATA 	Keypress: lctrl
358.8123 	EXP 	Sound  started
359.3048 	DATA 	Keypress: lctrl
359.5623 	EXP 	Sound  started
360.0408 	DATA 	Keypress: rctrl
360.3124 	EXP 	Sound  started
360.7607 	DATA 	Keypress: rctrl
361.0624 	EXP 	Sound  started
361.5448 	DATA 	Keypress: lctrl
361.8124 	EXP 	Sound  started
362.3128 	DATA 	Keypress: lctrl
362.5624 	EXP 	Sound  started
363.0328 	DATA 	Keypress: rctrl
363.3124 	EXP 	Sound  started
363.8007 	DATA 	Keypress: rctrl
364.0624 	EXP 	Sound  started
364.8124 	EXP 	Sound  started
365.5624 	EXP 	Sound  started
366.0888 	DATA 	Keypress: rctrl
366.3125 	EXP 	Sound  started
366.7927 	DATA 	Keypress: rctrl
367.0625 	EXP 	Sound  started
367.8125 	EXP 	Sound  started
367.9927 	DATA 	Keypress: lctrl
368.5527 	DATA 	Keypress: lctrl
368.5625 	EXP 	Sound  started
369.1607 	DATA 	Keypress: lctrl
369.3125 	EXP 	Sound  started
369.9767 	DATA 	Keypress: lctrl
370.0625 	EXP 	Sound  started
370.6167 	DATA 	Keypress: rctrl
370.8125 	EXP 	Sound  started
371.4167 	DATA 	Keypress: rctrl
371.5626 	EXP 	Sound  started
372.0888 	DATA 	Keypress: rctrl
372.3126 	EXP 	Sound  started
372.8728 	DATA 	Keypress: rctrl
373.0626 	EXP 	Sound  started
373.5767 	DATA 	Keypress: rctrl
373.8126 	EXP 	Sound  started
374.3288 	DATA 	Keypress: rctrl
374.5626 	EXP 	Sound  started
375.1127 	DATA 	Keypress: rctrl
375.3126 	EXP 	Sound  started
375.8328 	DATA 	Keypress: rctrl
376.0626 	EXP 	Sound  started
376.6327 	DATA 	Keypress: lctrl
376.8126 	EXP 	Sound  started
377.3049 	DATA 	Keypress: lctrl
377.5627 	EXP 	Sound  started
378.0248 	DATA 	Keypress: lctrl
378.3127 	EXP 	Sound  started
378.7608 	DATA 	Keypress: lctrl
379.0627 	EXP 	Sound  started
379.4967 	DATA 	Keypress: rctrl
379.8127 	EXP 	Sound  started
380.2807 	DATA 	Keypress: rctrl
380.5627 	EXP 	Sound  started
381.0327 	DATA 	Keypress: rctrl
381.3127 	EXP 	Sound  started
381.7367 	DATA 	Keypress: rctrl
382.0627 	EXP 	Sound  started
382.7607 	DATA 	Keypress: lctrl
382.8128 	EXP 	Sound  started
383.3688 	DATA 	Keypress: lctrl
383.5628 	EXP 	Sound  started
384.1207 	DATA 	Keypress: lctrl
384.3128 	EXP 	Sound  started
384.8567 	DATA 	Keypress: lctrl
385.0628 	EXP 	Sound  started
385.5927 	DATA 	Keypress: lctrl
385.8128 	EXP 	Sound  started
386.4247 	DATA 	Keypress: lctrl
386.5628 	EXP 	Sound  started
387.1448 	DATA 	Keypress: lctrl
387.3128 	EXP 	Sound  started
387.8488 	DATA 	Keypress: lctrl
388.0628 	EXP 	Sound  started
388.5688 	DATA 	Keypress: rctrl
388.8129 	EXP 	Sound  started
389.1928 	DATA 	Keypress: rctrl
389.5629 	EXP 	Sound  started
390.3129 	EXP 	Sound  started
390.7288 	DATA 	Keypress: rctrl
391.0629 	EXP 	Sound  started
391.4167 	DATA 	Keypress: rctrl
391.8129 	EXP 	Sound  started
392.5629 	EXP 	Sound  started
392.9048 	DATA 	Keypress: rctrl
393.3130 	EXP 	Sound  started
393.6567 	DATA 	Keypress: rctrl
394.0630 	EXP 	Sound  started
394.3928 	DATA 	Keypress: rctrl
394.8322 	EXP 	unnamed TextStim: text = ''
394.8322 	EXP 	unnamed TextStim: text = ''
396.6666 	DATA 	Keypress: 3
396.6832 	EXP 	unnamed ShapeStim: vertices = <class 'numpy.ndarray'>
398.2178 	EXP 	unnamed TextStim: text = ''
398.2178 	EXP 	unnamed TextStim: text = ''
401.8877 	DATA 	Keypress: 3
401.9041 	EXP 	unnamed ShapeStim: vertices = <class 'numpy.ndarray'>
403.4387 	EXP 	unnamed TextStim: text = ''
403.4387 	EXP 	unnamed TextStim: text = ''
404.4274 	DATA 	Keypress: 3
404.4567 	EXP 	unnamed ShapeStim: vertices = <class 'numpy.ndarray'>
406.7413 	EXP 	Sound  started
406.7415 	DATA 	Keypress: rctrl
407.2249 	DATA 	Keypress: rctrl
407.4913 	EXP 	Sound  started
407.8328 	DATA 	Keypress: rctrl
408.2413 	EXP 	Sound  started
408.5527 	DATA 	Keypress: rctrl
408.9913 	EXP 	Sound  started
409.4168 	DATA 	Keypress: lctrl
409.7413 	EXP 	Sound  started
410.1527 	DATA 	Keypress: lctrl
410.4913 	EXP 	Sound  started
410.9207 	DATA 	Keypress: lctrl
411.2413 	EXP 	Sound  started
411.6727 	DATA 	Keypress: lctrl
411.9914 	EXP 	Sound  started
412.3608 	DATA 	Keypress: rctrl
412.7414 	EXP 	Sound  started
413.1608 	DATA 	Keypress: rctrl
413.4914 	EXP 	Sound  started
414.1527 	DATA 	Keypress: rctrl
414.2414 	EXP 	Sound  started
414.7608 	DATA 	Keypress: rctrl
414.9914 	EXP 	Sound  started
415.4807 	DATA 	Keypress: rctrl
415.7414 	EXP 	Sound  started
416.1527 	DATA 	Keypress: rctrl
416.4914 	EXP 	Sound  started
416.9687 	DATA 	Keypress: rctrl
417.2414 	EXP 	Sound  started
417.7048 	DATA 	Keypress: rctrl
417.9914 	EXP 	Sound  started
418.3449 	DATA 	Keypress: lctrl
418.7414 	EXP 	Sound  started
419.0968 	DATA 	Keypress: lctrl
419.4915 	EXP 	Sound  started
420.1528 	DATA 	Keypress: lctrl
420.2415 	EXP 	Sound  started
420.9528 	DATA 	Keypress: lctrl
420.9915 	EXP 	Sound  started
421.6728 	DATA 	Keypress: lctrl
421.7415 	EXP 	Sound  started
422.4915 	EXP 	Sound  started
422.5368 	DATA 	Keypress: lctrl
423.2088 	DATA 	Keypress: lctrl
423.2416 	EXP 	Sound  started
423.8967 	DATA 	Keypress: lctrl
423.9916 	EXP 	Sound  started
424.5848 	DATA 	Keypress: rctrl
424.7416 	EXP 	Sound  started
425.3527 	DATA 	Keypress: rctrl
425.4916 	EXP 	Sound  started
425.9927 	DATA 	Keypress: rctrl
426.2416 	EXP 	Sound  started
426.9916 	EXP 	Sound  started
427.7416 	EXP 	Sound  started
428.2808 	DATA 	Keypress: rctrl
428.4917 	EXP 	Sound  started
428.9687 	DATA 	Keypress: rctrl
429.2417 	EXP 	Sound  started
429.7527 	DATA 	Keypress: rctrl
429.9917 	EXP 	Sound  started
430.6008 	DATA 	Keypress: lctrl
430.7417 	EXP 	Sound  started
431.3368 	DATA 	Keypress: lctrl
431.4917 	EXP 	Sound  started
432.0727 	DATA 	Keypress: lctrl
432.2417 	EXP 	Sound  started
432.9047 	DATA 	Keypress: lctrl
432.9917 	EXP 	Sound  started
433.6087 	DATA 	Keypress: lctrl
433.7418 	EXP 	Sound  started
434.2807 	DATA 	Keypress: lctrl
434.4918 	EXP 	Sound  started
435.0008 	DATA 	Keypress: lctrl
435.2418 	EXP 	Sound  started
435.7207 	DATA 	Keypress: lctrl
435.9918 	EXP 	Sound  started
436.4568 	DATA 	Keypress: lctrl
436.7418 	EXP 	Sound  started
437.1287 	DATA 	Keypress: lctrl
437.4918 	EXP 	Sound  started
437.9768 	DATA 	Keypress: lctrl
438.2419 	EXP 	Sound  started
438.6487 	DATA 	Keypress: lctrl
438.9919 	EXP 	Sound  started
439.4007 	DATA 	Keypress: lctrl
439.7419 	EXP 	Sound  started
440.1367 	DATA 	Keypress: lctrl
440.4919 	EXP 	Sound  started
440.9047 	DATA 	Keypress: lctrl
441.2419 	EXP 	Sound  started
441.6408 	DATA 	Keypress: lctrl
441.9919 	EXP 	Sound  started
442.4087 	DATA 	Keypress: lctrl
442.7419 	EXP 	Sound  started
443.1128 	DATA 	Keypress: lctrl
443.4919 	EXP 	Sound  started
443.9448 	DATA 	Keypress: lctrl
444.2420 	EXP 	Sound  started
444.6647 	DATA 	Keypress: lctrl
444.9920 	EXP 	Sound  started
445.4327 	DATA 	Keypress: lctrl
445.7420 	EXP 	Sound  started
446.1207 	DATA 	Keypress: lctrl
446.4920 	EXP 	Sound  started
447.0648 	DATA 	Keypress: lctrl
447.2420 	EXP 	Sound  started
447.7527 	DATA 	Keypress: lctrl
447.9920 	EXP 	Sound  started
448.5368 	DATA 	Keypress: lctrl
448.7420 	EXP 	Sound  started
449.2568 	DATA 	Keypress: lctrl
449.4921 	EXP 	Sound  started
450.0407 	DATA 	Keypress: rctrl
450.2421 	EXP 	Sound  started
450.7127 	DATA 	Keypress: rctrl
450.9921 	EXP 	Sound  started
451.5287 	DATA 	Keypress: lctrl
451.7421 	EXP 	Sound  started
452.2488 	DATA 	Keypress: rctrl
452.4921 	EXP 	Sound  started
452.9367 	DATA 	Keypress: lctrl
453.2421 	EXP 	Sound  started
453.6567 	DATA 	Keypress: lctrl
453.9922 	EXP 	Sound  started
454.4248 	DATA 	Keypress: rctrl
454.7422 	EXP 	Sound  started
455.1128 	DATA 	Keypress: rctrl
455.4922 	EXP 	Sound  started
455.8807 	DATA 	Keypress: rctrl
456.2422 	EXP 	Sound  started
456.6008 	DATA 	Keypress: rctrl
456.9922 	EXP 	Sound  started
457.3368 	DATA 	Keypress: rctrl
457.7422 	EXP 	Sound  started
458.1367 	DATA 	Keypress: rctrl
458.4922 	EXP 	Sound  started
458.8888 	DATA 	Keypress: rctrl
459.2423 	EXP 	Sound  started
459.6727 	DATA 	Keypress: rctrl
459.9923 	EXP 	Sound  started
460.3607 	DATA 	Keypress: rctrl
460.7423 	EXP 	Sound  started
461.1928 	DATA 	Keypress: lctrl
461.4923 	EXP 	Sound  started
461.9607 	DATA 	Keypress: lctrl
462.2423 	EXP 	Sound  started
462.7287 	DATA 	Keypress: lctrl
462.9923 	EXP 	Sound  started
463.3527 	DATA 	Keypress: rctrl
463.7423 	EXP 	Sound  started
464.1848 	DATA 	Keypress: rctrl
464.4924 	EXP 	Sound  started
464.9367 	DATA 	Keypress: lctrl
465.2424 	EXP 	Sound  started
465.6887 	DATA 	Keypress: lctrl
465.9924 	EXP 	Sound  started
466.4567 	DATA 	Keypress: lctrl
466.7424 	EXP 	Sound  started
467.3047 	DATA 	Keypress: lctrl
467.4924 	EXP 	Sound  started
468.1527 	DATA 	Keypress: lctrl
468.2424 	EXP 	Sound  started
468.7448 	DATA 	Keypress: lctrl
468.9924 	EXP 	Sound  started
469.6727 	DATA 	Keypress: lctrl
469.7425 	EXP 	Sound  started
470.3127 	DATA 	Keypress: lctrl
470.4925 	EXP 	Sound  started
471.0167 	DATA 	Keypress: lctrl
471.2425 	EXP 	Sound  started
471.7847 	DATA 	Keypress: lctrl
471.9925 	EXP 	Sound  started
472.5207 	DATA 	Keypress: lctrl
472.7425 	EXP 	Sound  started
473.1607 	DATA 	Keypress: lctrl
473.4925 	EXP 	Sound  started
474.2007 	DATA 	Keypress: lctrl
480.9229 	DATA 	Keypress: 2
480.9523 	EXP 	unnamed ShapeStim: vertices = <class 'numpy.ndarray'>
484.0922 	DATA 	Keypress: 1
484.1215 	EXP 	unnamed ShapeStim: vertices = <class 'numpy.ndarray'>
485.8898 	DATA 	Keypress: 1
485.9063 	EXP 	unnamed ShapeStim: vertices = <class 'numpy.ndarray'>
488.1923 	EXP 	Sound  started
488.4247 	DATA 	Keypress: rctrl
488.8247 	DATA 	Keypress: rctrl
488.9423 	EXP 	Sound  started
489.5447 	DATA 	Keypress: rctrl
489.6923 	EXP 	Sound  started
489.8967 	DATA 	Keypress: rctrl
490.4407 	DATA 	Keypress: rctrl
490.4424 	EXP 	Sound  started
491.0167 	DATA 	Keypress: lctrl
491.1924 	EXP 	Sound  started
491.6728 	DATA 	Keypress: lctrl
491.9424 	EXP 	Sound  started
492.3447 	DATA 	Keypress: lctrl
492.6924 	EXP 	Sound  started
493.0807 	DATA 	Keypress: lctrl
493.4424 	EXP 	Sound  started
493.7527 	DATA 	Keypress: lctrl
494.1924 	EXP 	Sound  started
494.5367 	DATA 	Keypress: lctrl
494.9424 	EXP 	Sound  started
495.2728 	DATA 	Keypress: lctrl
495.6924 	EXP 	Sound  started
496.0568 	DATA 	Keypress: lctrl
496.4425 	EXP 	Sound  started
496.7447 	DATA 	Keypress: lctrl
497.1925 	EXP 	Sound  started
497.4807 	DATA 	Keypress: lctrl
497.9425 	EXP 	Sound  started
498.2327 	DATA 	Keypress: lctrl
498.6925 	EXP 	Sound  started
499.0647 	DATA 	Keypress: lctrl
499.4425 	EXP 	Sound  started
499.8007 	DATA 	Keypress: lctrl
500.1925 	EXP 	Sound  started
500.5367 	DATA 	Keypress: lctrl
500.9425 	EXP 	Sound  started
501.3207 	DATA 	Keypress: lctrl
501.6926 	EXP 	Sound  started
502.2007 	DATA 	Keypress: lctrl
502.4426 	EXP 	Sound  started
502.9368 	DATA 	Keypress: lctrl
503.1926 	EXP 	Sound  started
503.6727 	DATA 	Keypress: lctrl
503.9426 	EXP 	Sound  started
504.4567 	DATA 	Keypress: lctrl
504.6926 	EXP 	Sound  started
505.2568 	DATA 	Keypress: lctrl
505.4426 	EXP 	Sound  started
505.8967 	DATA 	Keypress: rctrl
506.1926 	EXP 	Sound  started
506.5687 	DATA 	Keypress: rctrl
506.9426 	EXP 	Sound  started
507.3207 	DATA 	Keypress: rctrl
507.6927 	EXP 	Sound  started
508.1047 	DATA 	Keypress: lctrl
508.4427 	EXP 	Sound  started
508.8567 	DATA 	Keypress: rctrl
509.1927 	EXP 	Sound  started
509.6247 	DATA 	Keypress: rctrl
509.9427 	EXP 	Sound  started
510.3127 	DATA 	Keypress: rctrl
510.6927 	EXP 	Sound  started
511.0967 	DATA 	Keypress: lctrl
511.4427 	EXP 	Sound  started
511.9447 	DATA 	Keypress: lctrl
512.1927 	EXP 	Sound  started
512.6647 	DATA 	Keypress: lctrl
512.9428 	EXP 	Sound  started
513.3368 	DATA 	Keypress: lctrl
513.6928 	EXP 	Sound  started
514.0567 	DATA 	Keypress: lctrl
514.4428 	EXP 	Sound  started
514.7928 	DATA 	Keypress: rctrl
515.1928 	EXP 	Sound  started
515.4647 	DATA 	Keypress: rctrl
515.9428 	EXP 	Sound  started
516.2167 	DATA 	Keypress: rctrl
516.6928 	EXP 	Sound  started
517.4428 	EXP 	Sound  started
518.1929 	EXP 	Sound  started
518.5207 	DATA 	Keypress: rctrl
518.9429 	EXP 	Sound  started
519.6929 	EXP 	Sound  started
520.4429 	EXP 	Sound  started
520.9528 	DATA 	Keypress: lctrl
521.1929 	EXP 	Sound  started
521.6887 	DATA 	Keypress: lctrl
521.9429 	EXP 	Sound  started
522.3607 	DATA 	Keypress: rctrl
522.6929 	EXP 	Sound  started
523.0168 	DATA 	Keypress: lctrl
523.4430 	EXP 	Sound  started
524.1930 	EXP 	Sound  started
524.9430 	EXP 	Sound  started
525.6930 	EXP 	Sound  started
526.4430 	EXP 	Sound  started
527.1449 	DATA 	Keypress: lctrl
527.1930 	EXP 	Sound  started
527.7687 	DATA 	Keypress: lctrl
527.9430 	EXP 	Sound  started
528.3767 	DATA 	Keypress: lctrl
528.6931 	EXP 	Sound  started
529.1768 	DATA 	Keypress: lctrl
529.4431 	EXP 	Sound  started
529.8807 	DATA 	Keypress: rctrl
530.1931 	EXP 	Sound  started
530.7927 	DATA 	Keypress: rctrl
530.9431 	EXP 	Sound  started
531.3367 	DATA 	Keypress: lctrl
531.6931 	EXP 	Sound  started
532.1208 	DATA 	Keypress: lctrl
532.4431 	EXP 	Sound  started
532.8567 	DATA 	Keypress: rctrl
533.1931 	EXP 	Sound  started
533.5608 	DATA 	Keypress: rctrl
533.9432 	EXP 	Sound  started
534.3127 	DATA 	Keypress: lctrl
534.6932 	EXP 	Sound  started
535.0647 	DATA 	Keypress: lctrl
535.4432 	EXP 	Sound  started
535.8647 	DATA 	Keypress: rctrl
536.1932 	EXP 	Sound  started
536.5847 	DATA 	Keypress: rctrl
536.9432 	EXP 	Sound  started
537.3687 	DATA 	Keypress: rctrl
537.6932 	EXP 	Sound  started
538.0568 	DATA 	Keypress: rctrl
538.4432 	EXP 	Sound  started
538.8247 	DATA 	Keypress: lctrl
539.1933 	EXP 	Sound  started
539.5768 	DATA 	Keypress: lctrl
539.9433 	EXP 	Sound  started
540.2648 	DATA 	Keypress: lctrl
540.6933 	EXP 	Sound  started
541.1287 	DATA 	Keypress: lctrl
541.4433 	EXP 	Sound  started
541.8648 	DATA 	Keypress: lctrl
542.1933 	EXP 	Sound  started
542.6167 	DATA 	Keypress: lctrl
542.9433 	EXP 	Sound  started
543.3367 	DATA 	Keypress: lctrl
543.6933 	EXP 	Sound  started
544.1208 	DATA 	Keypress: lctrl
544.4434 	EXP 	Sound  started
544.9527 	DATA 	Keypress: lctrl
545.1934 	EXP 	Sound  started
545.9434 	EXP 	Sound  started
546.6934 	EXP 	Sound  started
547.4434 	EXP 	Sound  started
548.1934 	EXP 	Sound  started
548.5528 	DATA 	Keypress: rctrl
548.9434 	EXP 	Sound  started
549.6934 	EXP 	Sound  started
550.0888 	DATA 	Keypress: rctrl
550.4435 	EXP 	Sound  started
550.8567 	DATA 	Keypress: rctrl
551.1935 	EXP 	Sound  started
551.7368 	DATA 	Keypress: rctrl
551.9435 	EXP 	Sound  started
552.5368 	DATA 	Keypress: rctrl
552.6935 	EXP 	Sound  started
553.2248 	DATA 	Keypress: rctrl
553.4435 	EXP 	Sound  started
553.9767 	DATA 	Keypress: rctrl
556.1976 	DATA 	Keypress: 3
556.2141 	EXP 	unnamed ShapeStim: vertices = <class 'numpy.ndarray'>
563.5369 	DATA 	Keypress: 1
563.5534 	EXP 	unnamed ShapeStim: vertices = <class 'numpy.ndarray'>
567.7904 	DATA 	Keypress: 1
567.8069 	EXP 	unnamed ShapeStim: vertices = <class 'numpy.ndarray'>
570.0907 	EXP 	Sound  started
570.0909 	DATA 	Keypress: rctrl
570.4728 	DATA 	Keypress: rctrl
570.8406 	EXP 	Sound  started
571.1127 	DATA 	Keypress: rctrl
571.5906 	EXP 	Sound  started
571.9767 	DATA 	Keypress: rctrl
572.3407 	EXP 	Sound  started
572.6967 	DATA 	Keypress: lctrl
573.0907 	EXP 	Sound  started
573.4008 	DATA 	Keypress: lctrl
573.8407 	EXP 	Sound  started
574.1688 	DATA 	Keypress: lctrl
574.5907 	EXP 	Sound  started
574.9368 	DATA 	Keypress: lctrl
575.3407 	EXP 	Sound  started
575.6249 	DATA 	Keypress: lctrl
576.0907 	EXP 	Sound  started
576.3447 	DATA 	Keypress: rctrl
576.8407 	EXP 	Sound  started
577.2567 	DATA 	Keypress: lctrl
577.5908 	EXP 	Sound  started
577.9767 	DATA 	Keypress: rctrl
578.3408 	EXP 	Sound  started
578.6807 	DATA 	Keypress: rctrl
579.0908 	EXP 	Sound  started
579.4807 	DATA 	Keypress: rctrl
579.8408 	EXP 	Sound  started
580.2328 	DATA 	Keypress: rctrl
580.5908 	EXP 	Sound  started
580.9367 	DATA 	Keypress: rctrl
581.3408 	EXP 	Sound  started
581.6087 	DATA 	Keypress: rctrl
582.0909 	EXP 	Sound  started
582.4568 	DATA 	Keypress: rctrl
582.8409 	EXP 	Sound  started
583.1607 	DATA 	Keypress: rctrl
583.5909 	EXP 	Sound  started
583.9607 	DATA 	Keypress: rctrl
584.3409 	EXP 	Sound  started
584.7287 	DATA 	Keypress: rctrl
585.0909 	EXP 	Sound  started
585.4648 	DATA 	Keypress: rctrl
585.8409 	EXP 	Sound  started
586.1847 	DATA 	Keypress: lctrl
586.5909 	EXP 	Sound  started
586.9527 	DATA 	Keypress: lctrl
587.3410 	EXP 	Sound  started
587.6568 	DATA 	Keypress: lctrl
588.0910 	EXP 	Sound  started
588.4248 	DATA 	Keypress: lctrl
588.8410 	EXP 	Sound  started
589.1768 	DATA 	Keypress: lctrl
589.5910 	EXP 	Sound  started
589.8968 	DATA 	Keypress: lctrl
590.3410 	EXP 	Sound  started
590.7608 	DATA 	Keypress: lctrl
591.0910 	EXP 	Sound  started
591.5927 	DATA 	Keypress: lctrl
591.8410 	EXP 	Sound  started
592.5911 	EXP 	Sound  started
593.1768 	DATA 	Keypress: lctrl
593.3411 	EXP 	Sound  started
593.8008 	DATA 	Keypress: rctrl
594.0911 	EXP 	Sound  started
594.6167 	DATA 	Keypress: rctrl
594.8411 	EXP 	Sound  started
595.3528 	DATA 	Keypress: lctrl
595.5911 	EXP 	Sound  started
596.0727 	DATA 	Keypress: rctrl
596.3411 	EXP 	Sound  started
596.8088 	DATA 	Keypress: lctrl
597.0911 	EXP 	Sound  started
597.8412 	EXP 	Sound  started
598.3288 	DATA 	Keypress: lctrl
598.5912 	EXP 	Sound  started
599.0807 	DATA 	Keypress: rctrl
599.3412 	EXP 	Sound  started
599.8167 	DATA 	Keypress: rctrl
600.0912 	EXP 	Sound  started
600.4888 	DATA 	Keypress: rctrl
600.8412 	EXP 	Sound  started
601.3367 	DATA 	Keypress: rctrl
601.5912 	EXP 	Sound  started
602.0249 	DATA 	Keypress: rctrl
602.3413 	EXP 	Sound  started
602.7767 	DATA 	Keypress: rctrl
603.0913 	EXP 	Sound  started
603.6408 	DATA 	Keypress: rctrl
603.8413 	EXP 	Sound  started
604.3447 	DATA 	Keypress: rctrl
604.5913 	EXP 	Sound  started
605.1127 	DATA 	Keypress: rctrl
605.3413 	EXP 	Sound  started
605.8007 	DATA 	Keypress: rctrl
606.0913 	EXP 	Sound  started
606.5527 	DATA 	Keypress: rctrl
606.8413 	EXP 	Sound  started
607.3207 	DATA 	Keypress: rctrl
607.5913 	EXP 	Sound  started
608.0727 	DATA 	Keypress: rctrl
608.3413 	EXP 	Sound  started
608.7927 	DATA 	Keypress: rctrl
609.0914 	EXP 	Sound  started
609.5767 	DATA 	Keypress: rctrl
609.8414 	EXP 	Sound  started
610.3448 	DATA 	Keypress: rctrl
610.5914 	EXP 	Sound  started
611.1927 	DATA 	Keypress: rctrl
611.3414 	EXP 	Sound  started
611.8648 	DATA 	Keypress: lctrl
612.0914 	EXP 	Sound  started
612.8414 	EXP 	Sound  started
613.5914 	EXP 	Sound  started
614.3288 	DATA 	Keypress: lctrl
614.3415 	EXP 	Sound  started
614.9528 	DATA 	Keypress: rctrl
615.0915 	EXP 	Sound  started
615.7049 	DATA 	Keypress: rctrl
615.8415 	EXP 	Sound  started
616.5915 	EXP 	Sound  started
617.2889 	DATA 	Keypress: lctrl
617.3415 	EXP 	Sound  started
617.8647 	DATA 	Keypress: rctrl
618.0915 	EXP 	Sound  started
618.6968 	DATA 	Keypress: rctrl
618.8416 	EXP 	Sound  started
619.5916 	EXP 	Sound  started
620.3416 	EXP 	Sound  started
620.8729 	DATA 	Keypress: rctrl
621.0916 	EXP 	Sound  started
621.6567 	DATA 	Keypress: rctrl
621.8416 	EXP 	Sound  started
622.3287 	DATA 	Keypress: rctrl
622.5916 	EXP 	Sound  started
623.1287 	DATA 	Keypress: rctrl
623.3416 	EXP 	Sound  started
623.8807 	DATA 	Keypress: rctrl
624.0917 	EXP 	Sound  started
624.8417 	EXP 	Sound  started
625.4648 	DATA 	Keypress: rctrl
625.5917 	EXP 	Sound  started
626.3417 	EXP 	Sound  started
627.0917 	EXP 	Sound  started
627.1448 	DATA 	Keypress: rctrl
627.7048 	DATA 	Keypress: rctrl
627.8417 	EXP 	Sound  started
628.3447 	DATA 	Keypress: rctrl
628.5917 	EXP 	Sound  started
629.3418 	EXP 	Sound  started
629.3528 	DATA 	Keypress: rctrl
630.0727 	DATA 	Keypress: rctrl
630.0918 	EXP 	Sound  started
630.7288 	DATA 	Keypress: rctrl
630.8418 	EXP 	Sound  started
631.5918 	EXP 	Sound  started
632.2008 	DATA 	Keypress: rctrl
632.3418 	EXP 	Sound  started
632.8568 	DATA 	Keypress: lctrl
637.7644 	DATA 	Keypress: 1
637.7809 	EXP 	unnamed ShapeStim: vertices = <class 'numpy.ndarray'>
640.9175 	DATA 	Keypress: 1
640.9340 	EXP 	unnamed ShapeStim: vertices = <class 'numpy.ndarray'>
643.1193 	DATA 	Keypress: 1
643.1358 	EXP 	unnamed ShapeStim: vertices = <class 'numpy.ndarray'>
645.4201 	EXP 	Sound  started
645.4203 	DATA 	Keypress: rctrl
646.0247 	DATA 	Keypress: rctrl
646.1701 	EXP 	Sound  started
646.9201 	EXP 	Sound  started
647.0327 	DATA 	Keypress: rctrl
647.4967 	DATA 	Keypress: rctrl
647.6701 	EXP 	Sound  started
648.1367 	DATA 	Keypress: rctrl
648.4202 	EXP 	Sound  started
648.8407 	DATA 	Keypress: rctrl
649.1702 	EXP 	Sound  started
649.5288 	DATA 	Keypress: rctrl
649.9202 	EXP 	Sound  started
650.2488 	DATA 	Keypress: rctrl
650.6702 	EXP 	Sound  started
651.1608 	DATA 	Keypress: rctrl
651.4202 	EXP 	Sound  started
651.8327 	DATA 	Keypress: rctrl
652.1702 	EXP 	Sound  started
652.6328 	DATA 	Keypress: rctrl
652.9202 	EXP 	Sound  started
653.2567 	DATA 	Keypress: rctrl
653.6702 	EXP 	Sound  started
654.1049 	DATA 	Keypress: rctrl
654.4203 	EXP 	Sound  started
654.8407 	DATA 	Keypress: rctrl
655.1703 	EXP 	Sound  started
655.5768 	DATA 	Keypress: rctrl
655.9203 	EXP 	Sound  started
656.3608 	DATA 	Keypress: rctrl
656.6703 	EXP 	Sound  started
657.1768 	DATA 	Keypress: lctrl
657.4203 	EXP 	Sound  started
657.9447 	DATA 	Keypress: lctrl
658.1703 	EXP 	Sound  started
658.6648 	DATA 	Keypress: lctrl
658.9204 	EXP 	Sound  started
659.4328 	DATA 	Keypress: lctrl
659.6704 	EXP 	Sound  started
660.2008 	DATA 	Keypress: lctrl
660.4204 	EXP 	Sound  started
660.9848 	DATA 	Keypress: lctrl
661.1704 	EXP 	Sound  started
661.6569 	DATA 	Keypress: lctrl
661.9204 	EXP 	Sound  started
662.5048 	DATA 	Keypress: lctrl
662.6705 	EXP 	Sound  started
663.1927 	DATA 	Keypress: rctrl
663.4205 	EXP 	Sound  started
663.8968 	DATA 	Keypress: rctrl
664.1705 	EXP 	Sound  started
664.6167 	DATA 	Keypress: lctrl
664.9205 	EXP 	Sound  started
665.4168 	DATA 	Keypress: rctrl
665.6705 	EXP 	Sound  started
666.1368 	DATA 	Keypress: lctrl
666.4205 	EXP 	Sound  started
667.1705 	EXP 	Sound  started
667.9205 	EXP 	Sound  started
668.6705 	EXP 	Sound  started
669.2088 	DATA 	Keypress: rctrl
669.4206 	EXP 	Sound  started
669.9448 	DATA 	Keypress: rctrl
670.1706 	EXP 	Sound  started
670.6808 	DATA 	Keypress: rctrl
670.9206 	EXP 	Sound  started
671.4328 	DATA 	Keypress: rctrl
671.6706 	EXP 	Sound  started
672.1848 	DATA 	Keypress: lctrl
672.4206 	EXP 	Sound  started
672.9208 	DATA 	Keypress: rctrl
673.1706 	EXP 	Sound  started
673.7048 	DATA 	Keypress: lctrl
673.9206 	EXP 	Sound  started
674.5367 	DATA 	Keypress: rctrl
674.6707 	EXP 	Sound  started
675.1928 	DATA 	Keypress: lctrl
675.4207 	EXP 	Sound  started
676.1707 	EXP 	Sound  started
676.9207 	EXP 	Sound  started
677.6707 	EXP 	Sound  started
677.7368 	DATA 	Keypress: rctrl
678.3928 	DATA 	Keypress: rctrl
678.4207 	EXP 	Sound  started
679.0167 	DATA 	Keypress: rctrl
679.1707 	EXP 	Sound  started
679.7048 	DATA 	Keypress: rctrl
679.9207 	EXP 	Sound  started
680.5208 	DATA 	Keypress: rctrl
680.6708 	EXP 	Sound  started
681.1607 	DATA 	Keypress: lctrl
681.4208 	EXP 	Sound  started
681.9447 	DATA 	Keypress: lctrl
682.1708 	EXP 	Sound  started
682.7128 	DATA 	Keypress: lctrl
682.9208 	EXP 	Sound  started
683.4327 	DATA 	Keypress: lctrl
683.6708 	EXP 	Sound  started
684.1687 	DATA 	Keypress: lctrl
684.4208 	EXP 	Sound  started
684.9848 	DATA 	Keypress: lctrl
685.1708 	EXP 	Sound  started
685.6568 	DATA 	Keypress: lctrl
685.9208 	EXP 	Sound  started
686.3127 	DATA 	Keypress: lctrl
686.6709 	EXP 	Sound  started
687.0807 	DATA 	Keypress: lctrl
687.4209 	EXP 	Sound  started
687.8008 	DATA 	Keypress: lctrl
688.1709 	EXP 	Sound  started
688.6007 	DATA 	Keypress: lctrl
688.9209 	EXP 	Sound  started
689.2567 	DATA 	Keypress: lctrl
689.6709 	EXP 	Sound  started
690.1687 	DATA 	Keypress: lctrl
690.4209 	EXP 	Sound  started
691.0488 	DATA 	Keypress: lctrl
691.1710 	EXP 	Sound  started
691.7368 	DATA 	Keypress: lctrl
691.9210 	EXP 	Sound  started
692.4887 	DATA 	Keypress: lctrl
692.6710 	EXP 	Sound  started
693.2089 	DATA 	Keypress: lctrl
693.4210 	EXP 	Sound  started
694.1710 	EXP 	Sound  started
694.7768 	DATA 	Keypress: lctrl
694.9210 	EXP 	Sound  started
695.5288 	DATA 	Keypress: lctrl
695.9626 	DATA 	Keypress: lctrl
698.2011 	DATA 	Keypress: 4
698.2305 	EXP 	unnamed ShapeStim: vertices = <class 'numpy.ndarray'>
699.8653 	DATA 	Keypress: 4
699.8819 	EXP 	unnamed ShapeStim: vertices = <class 'numpy.ndarray'>
701.7008 	DATA 	Keypress: 4
701.7172 	EXP 	unnamed ShapeStim: vertices = <class 'numpy.ndarray'>
704.0026 	EXP 	Sound  started
704.0027 	DATA 	Keypress: rctrl
704.4408 	DATA 	Keypress: rctrl
704.7526 	EXP 	Sound  started
705.1607 	DATA 	Keypress: rctrl
705.5026 	EXP 	Sound  started
705.8807 	DATA 	Keypress: rctrl
706.2526 	EXP 	Sound  started
706.6647 	DATA 	Keypress: lctrl
707.0026 	EXP 	Sound  started
707.4007 	DATA 	Keypress: lctrl
707.7526 	EXP 	Sound  started
708.0568 	DATA 	Keypress: lctrl
708.5026 	EXP 	Sound  started
709.0007 	DATA 	Keypress: lctrl
709.2527 	EXP 	Sound  started
709.8327 	DATA 	Keypress: lctrl
710.0027 	EXP 	Sound  started
710.6327 	DATA 	Keypress: lctrl
710.7527 	EXP 	Sound  started
711.3848 	DATA 	Keypress: lctrl
711.5027 	EXP 	Sound  started
712.1208 	DATA 	Keypress: lctrl
712.2527 	EXP 	Sound  started
712.8248 	DATA 	Keypress: rctrl
713.0027 	EXP 	Sound  started
713.6247 	DATA 	Keypress: rctrl
713.7529 	EXP 	Sound  started
714.2167 	DATA 	Keypress: lctrl
714.5029 	EXP 	Sound  started
714.9527 	DATA 	Keypress: rctrl
715.2529 	EXP 	Sound  started
715.7048 	DATA 	Keypress: lctrl
716.0029 	EXP 	Sound  started
716.4248 	DATA 	Keypress: lctrl
716.7529 	EXP 	Sound  started
717.2727 	DATA 	Keypress: lctrl
717.5029 	EXP 	Sound  started
717.9447 	DATA 	Keypress: lctrl
718.2530 	EXP 	Sound  started
718.6807 	DATA 	Keypress: rctrl
719.0030 	EXP 	Sound  started
719.4647 	DATA 	Keypress: rctrl
719.7530 	EXP 	Sound  started
720.2007 	DATA 	Keypress: rctrl
720.5030 	EXP 	Sound  started
721.0327 	DATA 	Keypress: rctrl
721.2530 	EXP 	Sound  started
721.8328 	DATA 	Keypress: rctrl
722.0031 	EXP 	Sound  started
722.6327 	DATA 	Keypress: rctrl
722.7531 	EXP 	Sound  started
723.3367 	DATA 	Keypress: rctrl
723.5031 	EXP 	Sound  started
724.0888 	DATA 	Keypress: rctrl
724.2531 	EXP 	Sound  started
724.7767 	DATA 	Keypress: lctrl
725.0031 	EXP 	Sound  started
725.4969 	DATA 	Keypress: rctrl
725.7531 	EXP 	Sound  started
726.2168 	DATA 	Keypress: lctrl
726.5031 	EXP 	Sound  started
727.0007 	DATA 	Keypress: rctrl
727.2531 	EXP 	Sound  started
727.7687 	DATA 	Keypress: lctrl
728.0032 	EXP 	Sound  started
728.5849 	DATA 	Keypress: lctrl
728.7532 	EXP 	Sound  started
729.3207 	DATA 	Keypress: lctrl
729.5032 	EXP 	Sound  started
730.1527 	DATA 	Keypress: lctrl
730.2532 	EXP 	Sound  started
730.8089 	DATA 	Keypress: rctrl
731.0032 	EXP 	Sound  started
731.5768 	DATA 	Keypress: rctrl
731.7532 	EXP 	Sound  started
732.2648 	DATA 	Keypress: rctrl
732.5032 	EXP 	Sound  started
733.0968 	DATA 	Keypress: rctrl
733.2532 	EXP 	Sound  started
733.8167 	DATA 	Keypress: rctrl
734.0033 	EXP 	Sound  started
734.5848 	DATA 	Keypress: rctrl
734.7533 	EXP 	Sound  started
735.2888 	DATA 	Keypress: rctrl
735.5033 	EXP 	Sound  started
736.0887 	DATA 	Keypress: rctrl
736.2533 	EXP 	Sound  started
736.7127 	DATA 	Keypress: lctrl
737.0033 	EXP 	Sound  started
737.5287 	DATA 	Keypress: lctrl
737.7533 	EXP 	Sound  started
738.2647 	DATA 	Keypress: lctrl
738.5033 	EXP 	Sound  started
739.0327 	DATA 	Keypress: rctrl
739.2534 	EXP 	Sound  started
739.7208 	DATA 	Keypress: lctrl
740.0034 	EXP 	Sound  started
740.7534 	EXP 	Sound  started
741.3208 	DATA 	Keypress: lctrl
741.5034 	EXP 	Sound  started
742.0088 	DATA 	Keypress: lctrl
742.2534 	EXP 	Sound  started
742.8087 	DATA 	Keypress: lctrl
743.0034 	EXP 	Sound  started
743.5288 	DATA 	Keypress: lctrl
743.7535 	EXP 	Sound  started
744.2807 	DATA 	Keypress: lctrl
747.7380 	DATA 	Keypress: 3
747.7545 	EXP 	unnamed ShapeStim: vertices = <class 'numpy.ndarray'>
750.2567 	DATA 	Keypress: 3
750.2733 	EXP 	unnamed ShapeStim: vertices = <class 'numpy.ndarray'>
755.1609 	DATA 	Keypress: 2
755.1773 	EXP 	unnamed ShapeStim: vertices = <class 'numpy.ndarray'>
757.4617 	EXP 	Sound  started
758.1849 	DATA 	Keypress: rctrl
758.2117 	EXP 	Sound  started
758.6967 	DATA 	Keypress: rctrl
758.9617 	EXP 	Sound  started
759.3367 	DATA 	Keypress: rctrl
759.7117 	EXP 	Sound  started
760.0087 	DATA 	Keypress: lctrl
760.4617 	EXP 	Sound  started
760.7608 	DATA 	Keypress: lctrl
761.2117 	EXP 	Sound  started
761.5767 	DATA 	Keypress: lctrl
761.9617 	EXP 	Sound  started
762.3287 	DATA 	Keypress: lctrl
762.7118 	EXP 	Sound  started
763.0167 	DATA 	Keypress: rctrl
763.4618 	EXP 	Sound  started
763.8327 	DATA 	Keypress: rctrl
764.2118 	EXP 	Sound  started
764.6007 	DATA 	Keypress: rctrl
764.9618 	EXP 	Sound  started
765.2887 	DATA 	Keypress: rctrl
765.7118 	EXP 	Sound  started
765.9447 	DATA 	Keypress: rctrl
766.4618 	EXP 	Sound  started
766.7607 	DATA 	Keypress: rctrl
767.2118 	EXP 	Sound  started
767.4647 	DATA 	Keypress: rctrl
767.9618 	EXP 	Sound  started
768.3287 	DATA 	Keypress: rctrl
768.7119 	EXP 	Sound  started
769.0807 	DATA 	Keypress: rctrl
769.4619 	EXP 	Sound  started
769.7527 	DATA 	Keypress: rctrl
770.2119 	EXP 	Sound  started
770.5528 	DATA 	Keypress: rctrl
770.9619 	EXP 	Sound  started
771.4167 	DATA 	Keypress: rctrl
771.7119 	EXP 	Sound  started
772.1207 	DATA 	Keypress: rctrl
772.4619 	EXP 	Sound  started
772.7928 	DATA 	Keypress: rctrl
773.2119 	EXP 	Sound  started
773.6088 	DATA 	Keypress: rctrl
773.9619 	EXP 	Sound  started
774.7120 	EXP 	Sound  started
775.4620 	EXP 	Sound  started
776.2120 	EXP 	Sound  started
776.9048 	DATA 	Keypress: lctrl
776.9620 	EXP 	Sound  started
777.6567 	DATA 	Keypress: lctrl
777.7120 	EXP 	Sound  started
778.2967 	DATA 	Keypress: rctrl
778.4620 	EXP 	Sound  started
778.9847 	DATA 	Keypress: lctrl
779.2120 	EXP 	Sound  started
779.7367 	DATA 	Keypress: rctrl
779.9620 	EXP 	Sound  started
780.4568 	DATA 	Keypress: lctrl
780.7121 	EXP 	Sound  started
781.2568 	DATA 	Keypress: rctrl
781.4621 	EXP 	Sound  started
781.9768 	DATA 	Keypress: lctrl
782.2121 	EXP 	Sound  started
782.7128 	DATA 	Keypress: rctrl
782.9621 	EXP 	Sound  started
783.3688 	DATA 	Keypress: lctrl
783.7121 	EXP 	Sound  started
784.1528 	DATA 	Keypress: lctrl
784.4621 	EXP 	Sound  started
784.8407 	DATA 	Keypress: lctrl
785.2121 	EXP 	Sound  started
785.5608 	DATA 	Keypress: lctrl
785.9622 	EXP 	Sound  started
786.3608 	DATA 	Keypress: lctrl
786.7122 	EXP 	Sound  started
787.1127 	DATA 	Keypress: rctrl
787.4622 	EXP 	Sound  started
787.8968 	DATA 	Keypress: rctrl
788.2122 	EXP 	Sound  started
788.6168 	DATA 	Keypress: rctrl
788.9622 	EXP 	Sound  started
789.4488 	DATA 	Keypress: rctrl
789.7122 	EXP 	Sound  started
790.2647 	DATA 	Keypress: lctrl
790.4623 	EXP 	Sound  started
791.0647 	DATA 	Keypress: lctrl
791.2123 	EXP 	Sound  started
791.7049 	DATA 	Keypress: lctrl
791.9623 	EXP 	Sound  started
792.5048 	DATA 	Keypress: lctrl
792.7123 	EXP 	Sound  started
793.1928 	DATA 	Keypress: rctrl
793.4623 	EXP 	Sound  started
793.9768 	DATA 	Keypress: rctrl
794.2123 	EXP 	Sound  started
794.7447 	DATA 	Keypress: rctrl
794.9623 	EXP 	Sound  started
795.5928 	DATA 	Keypress: rctrl
795.7123 	EXP 	Sound  started
796.2647 	DATA 	Keypress: lctrl
801.4821 	DATA 	Keypress: 4
801.4986 	EXP 	unnamed ShapeStim: vertices = <class 'numpy.ndarray'>
803.0667 	DATA 	Keypress: 4
803.0832 	EXP 	unnamed ShapeStim: vertices = <class 'numpy.ndarray'>
804.9391 	DATA 	Keypress: 4
804.9686 	EXP 	unnamed ShapeStim: vertices = <class 'numpy.ndarray'>
807.2529 	EXP 	Sound  started
807.2531 	DATA 	Keypress: rctrl
807.7848 	DATA 	Keypress: rctrl
808.0029 	EXP 	Sound  started
808.4729 	DATA 	Keypress: rctrl
808.7529 	EXP 	Sound  started
809.1608 	DATA 	Keypress: rctrl
809.5029 	EXP 	Sound  started
809.8327 	DATA 	Keypress: rctrl
810.2529 	EXP 	Sound  started
810.6488 	DATA 	Keypress: rctrl
811.0030 	EXP 	Sound  started
811.3848 	DATA 	Keypress: lctrl
811.7530 	EXP 	Sound  started
812.2008 	DATA 	Keypress: lctrl
812.5030 	EXP 	Sound  started
812.9688 	DATA 	Keypress: lctrl
813.2530 	EXP 	Sound  started
813.6728 	DATA 	Keypress: lctrl
814.0030 	EXP 	Sound  started
814.3927 	DATA 	Keypress: lctrl
814.7530 	EXP 	Sound  started
815.2888 	DATA 	Keypress: lctrl
815.5030 	EXP 	Sound  started
815.9607 	DATA 	Keypress: lctrl
816.2531 	EXP 	Sound  started
816.6807 	DATA 	Keypress: lctrl
817.0031 	EXP 	Sound  started
817.4808 	DATA 	Keypress: lctrl
817.7531 	EXP 	Sound  started
818.5031 	EXP 	Sound  started
819.2531 	EXP 	Sound  started
820.0031 	EXP 	Sound  started
820.1368 	DATA 	Keypress: rctrl
820.5847 	DATA 	Keypress: rctrl
820.7531 	EXP 	Sound  started
821.4328 	DATA 	Keypress: rctrl
821.5031 	EXP 	Sound  started
822.0727 	DATA 	Keypress: rctrl
822.2532 	EXP 	Sound  started
822.8567 	DATA 	Keypress: rctrl
823.0032 	EXP 	Sound  started
823.6408 	DATA 	Keypress: rctrl
823.7532 	EXP 	Sound  started
824.3288 	DATA 	Keypress: rctrl
824.5032 	EXP 	Sound  started
825.0008 	DATA 	Keypress: lctrl
825.2532 	EXP 	Sound  started
825.8327 	DATA 	Keypress: lctrl
826.0033 	EXP 	Sound  started
826.5848 	DATA 	Keypress: lctrl
826.7533 	EXP 	Sound  started
827.4008 	DATA 	Keypress: lctrl
827.5033 	EXP 	Sound  started
828.0567 	DATA 	Keypress: rctrl
828.2533 	EXP 	Sound  started
828.7927 	DATA 	Keypress: rctrl
829.0033 	EXP 	Sound  started
829.5608 	DATA 	Keypress: rctrl
829.7533 	EXP 	Sound  started
830.3289 	DATA 	Keypress: rctrl
830.5033 	EXP 	Sound  started
831.1288 	DATA 	Keypress: lctrl
831.2533 	EXP 	Sound  started
831.8809 	DATA 	Keypress: lctrl
832.0033 	EXP 	Sound  started
832.6328 	DATA 	Keypress: lctrl
832.7534 	EXP 	Sound  started
833.3848 	DATA 	Keypress: lctrl
833.5034 	EXP 	Sound  started
834.2328 	DATA 	Keypress: lctrl
834.2534 	EXP 	Sound  started
834.8567 	DATA 	Keypress: lctrl
835.0034 	EXP 	Sound  started
835.5767 	DATA 	Keypress: lctrl
835.7534 	EXP 	Sound  started
836.3607 	DATA 	Keypress: lctrl
836.5034 	EXP 	Sound  started
837.0328 	DATA 	Keypress: rctrl
837.2534 	EXP 	Sound  started
837.7527 	DATA 	Keypress: rctrl
838.0034 	EXP 	Sound  started
838.7535 	EXP 	Sound  started
839.3207 	DATA 	Keypress: rctrl
839.5035 	EXP 	Sound  started
839.6087 	DATA 	Keypress: rctrl
840.2535 	EXP 	Sound  started
840.2967 	DATA 	Keypress: lctrl
841.0007 	DATA 	Keypress: rctrl
841.0035 	EXP 	Sound  started
841.6248 	DATA 	Keypress: lctrl
841.7535 	EXP 	Sound  started
842.3927 	DATA 	Keypress: rctrl
842.5035 	EXP 	Sound  started
843.0647 	DATA 	Keypress: lctrl
843.2536 	EXP 	Sound  started
843.8647 	DATA 	Keypress: lctrl
844.0036 	EXP 	Sound  started
844.5847 	DATA 	Keypress: lctrl
844.7536 	EXP 	Sound  started
845.3368 	DATA 	Keypress: lctrl
845.5036 	EXP 	Sound  started
846.0727 	DATA 	Keypress: rctrl
846.2536 	EXP 	Sound  started
846.8088 	DATA 	Keypress: rctrl
847.0036 	EXP 	Sound  started
847.5927 	DATA 	Keypress: rctrl
852.1069 	DATA 	Keypress: 1
852.1235 	EXP 	unnamed ShapeStim: vertices = <class 'numpy.ndarray'>
855.0970 	DATA 	Keypress: 1
855.1261 	EXP 	unnamed ShapeStim: vertices = <class 'numpy.ndarray'>
857.1320 	DATA 	Keypress: 1
857.1614 	EXP 	unnamed ShapeStim: vertices = <class 'numpy.ndarray'>
859.4459 	EXP 	Sound  started
859.8008 	DATA 	Keypress: rctrl
860.1959 	EXP 	Sound  started
860.2968 	DATA 	Keypress: rctrl
860.8568 	DATA 	Keypress: rctrl
860.9459 	EXP 	Sound  started
861.5607 	DATA 	Keypress: rctrl
861.6959 	EXP 	Sound  started
862.2329 	DATA 	Keypress: rctrl
862.4460 	EXP 	Sound  started
862.9687 	DATA 	Keypress: rctrl
863.1960 	EXP 	Sound  started
863.6888 	DATA 	Keypress: rctrl
863.9460 	EXP 	Sound  started
864.4728 	DATA 	Keypress: rctrl
864.6960 	EXP 	Sound  started
865.2248 	DATA 	Keypress: rctrl
865.4460 	EXP 	Sound  started
865.9448 	DATA 	Keypress: rctrl
866.1960 	EXP 	Sound  started
866.7767 	DATA 	Keypress: rctrl
866.9460 	EXP 	Sound  started
867.5128 	DATA 	Keypress: rctrl
867.6960 	EXP 	Sound  started
868.1527 	DATA 	Keypress: rctrl
868.4461 	EXP 	Sound  started
869.0168 	DATA 	Keypress: rctrl
869.1961 	EXP 	Sound  started
869.7687 	DATA 	Keypress: rctrl
869.9461 	EXP 	Sound  started
870.4728 	DATA 	Keypress: rctrl
870.6961 	EXP 	Sound  started
871.2089 	DATA 	Keypress: lctrl
871.4461 	EXP 	Sound  started
871.9928 	DATA 	Keypress: lctrl
872.1961 	EXP 	Sound  started
872.8249 	DATA 	Keypress: lctrl
872.9461 	EXP 	Sound  started
873.5769 	DATA 	Keypress: lctrl
873.6962 	EXP 	Sound  started
874.1847 	DATA 	Keypress: rctrl
874.4462 	EXP 	Sound  started
874.8887 	DATA 	Keypress: lctrl
875.1962 	EXP 	Sound  started
875.7528 	DATA 	Keypress: rctrl
875.9462 	EXP 	Sound  started
876.5047 	DATA 	Keypress: lctrl
876.6962 	EXP 	Sound  started
877.1607 	DATA 	Keypress: rctrl
877.4462 	EXP 	Sound  started
877.9608 	DATA 	Keypress: rctrl
878.1962 	EXP 	Sound  started
878.7127 	DATA 	Keypress: rctrl
878.9463 	EXP 	Sound  started
879.4648 	DATA 	Keypress: rctrl
879.6963 	EXP 	Sound  started
880.2327 	DATA 	Keypress: lctrl
880.4463 	EXP 	Sound  started
880.9847 	DATA 	Keypress: lctrl
881.1963 	EXP 	Sound  started
881.7368 	DATA 	Keypress: lctrl
881.9463 	EXP 	Sound  started
882.5528 	DATA 	Keypress: lctrl
882.6963 	EXP 	Sound  started
883.3368 	DATA 	Keypress: rctrl
883.4463 	EXP 	Sound  started
884.0727 	DATA 	Keypress: rctrl
884.1964 	EXP 	Sound  started
884.8088 	DATA 	Keypress: rctrl
884.9464 	EXP 	Sound  started
885.6964 	EXP 	Sound  started
885.7048 	DATA 	Keypress: rctrl
886.0568 	DATA 	Keypress: lctrl
886.4464 	EXP 	Sound  started
886.8887 	DATA 	Keypress: lctrl
887.1964 	EXP 	Sound  started
887.6248 	DATA 	Keypress: lctrl
887.9464 	EXP 	Sound  started
888.3447 	DATA 	Keypress: lctrl
888.6965 	EXP 	Sound  started
889.2408 	DATA 	Keypress: rctrl
889.4465 	EXP 	Sound  started
890.1965 	EXP 	Sound  started
890.9465 	EXP 	Sound  started
891.0809 	DATA 	Keypress: rctrl
891.6965 	EXP 	Sound  started
891.8168 	DATA 	Keypress: rctrl
892.3128 	DATA 	Keypress: lctrl
892.4465 	EXP 	Sound  started
893.0328 	DATA 	Keypress: lctrl
893.1965 	EXP 	Sound  started
893.8808 	DATA 	Keypress: lctrl
893.9465 	EXP 	Sound  started
894.6648 	DATA 	Keypress: lctrl
894.6965 	EXP 	Sound  started
895.4465 	EXP 	Sound  started
895.7208 	DATA 	Keypress: rctrl
896.1966 	EXP 	Sound  started
896.2007 	DATA 	Keypress: rctrl
896.8087 	DATA 	Keypress: rctrl
896.9466 	EXP 	Sound  started
897.5768 	DATA 	Keypress: rctrl
897.6966 	EXP 	Sound  started
898.3448 	DATA 	Keypress: lctrl
898.4466 	EXP 	Sound  started
899.1966 	EXP 	Sound  started
899.8488 	DATA 	Keypress: lctrl
899.9466 	EXP 	Sound  started
900.6168 	DATA 	Keypress: lctrl
900.6966 	EXP 	Sound  started
901.3527 	DATA 	Keypress: rctrl
901.4466 	EXP 	Sound  started
902.0409 	DATA 	Keypress: rctrl
902.1967 	EXP 	Sound  started
902.8088 	DATA 	Keypress: rctrl
905.2172 	DATA 	Keypress: 3
905.2337 	EXP 	unnamed ShapeStim: vertices = <class 'numpy.ndarray'>
909.7709 	DATA 	Keypress: 3
909.7874 	EXP 	unnamed ShapeStim: vertices = <class 'numpy.ndarray'>
911.6097 	DATA 	Keypress: 4
911.6390 	EXP 	unnamed ShapeStim: vertices = <class 'numpy.ndarray'>
913.9235 	EXP 	Sound  started
913.9237 	DATA 	Keypress: rctrl
914.4087 	DATA 	Keypress: rctrl
914.6735 	EXP 	Sound  started
915.0649 	DATA 	Keypress: rctrl
915.4235 	EXP 	Sound  started
915.9768 	DATA 	Keypress: rctrl
916.1735 	EXP 	Sound  started
916.8088 	DATA 	Keypress: rctrl
916.9235 	EXP 	Sound  started
917.4807 	DATA 	Keypress: rctrl
917.6736 	EXP 	Sound  started
918.1208 	DATA 	Keypress: rctrl
918.4236 	EXP 	Sound  started
918.8248 	DATA 	Keypress: rctrl
919.1736 	EXP 	Sound  started
919.6568 	DATA 	Keypress: lctrl
919.9236 	EXP 	Sound  started
920.3448 	DATA 	Keypress: lctrl
920.6736 	EXP 	Sound  started
921.1448 	DATA 	Keypress: lctrl
921.4236 	EXP 	Sound  started
921.8168 	DATA 	Keypress: lctrl
922.1737 	EXP 	Sound  started
922.6167 	DATA 	Keypress: rctrl
922.9237 	EXP 	Sound  started
923.5447 	DATA 	Keypress: rctrl
923.6737 	EXP 	Sound  started
924.2007 	DATA 	Keypress: rctrl
924.4237 	EXP 	Sound  started
925.0488 	DATA 	Keypress: rctrl
925.1737 	EXP 	Sound  started
925.7687 	DATA 	Keypress: rctrl
925.9237 	EXP 	Sound  started
926.3608 	DATA 	Keypress: rctrl
926.6737 	EXP 	Sound  started
927.2888 	DATA 	Keypress: lctrl
927.4237 	EXP 	Sound  started
928.0888 	DATA 	Keypress: lctrl
928.1738 	EXP 	Sound  started
928.7767 	DATA 	Keypress: rctrl
928.9238 	EXP 	Sound  started
929.4328 	DATA 	Keypress: rctrl
929.6738 	EXP 	Sound  started
930.1688 	DATA 	Keypress: lctrl
930.4238 	EXP 	Sound  started
930.9047 	DATA 	Keypress: lctrl
931.1738 	EXP 	Sound  started
931.6567 	DATA 	Keypress: rctrl
931.9238 	EXP 	Sound  started
932.3288 	DATA 	Keypress: rctrl
932.6738 	EXP 	Sound  started
933.1448 	DATA 	Keypress: lctrl
933.4238 	EXP 	Sound  started
933.9608 	DATA 	Keypress: rctrl
934.1739 	EXP 	Sound  started
934.8248 	DATA 	Keypress: lctrl
934.9239 	EXP 	Sound  started
935.4968 	DATA 	Keypress: lctrl
935.6739 	EXP 	Sound  started
936.2008 	DATA 	Keypress: lctrl
936.4239 	EXP 	Sound  started
936.9848 	DATA 	Keypress: lctrl
937.1739 	EXP 	Sound  started
937.6087 	DATA 	Keypress: rctrl
937.9239 	EXP 	Sound  started
938.3447 	DATA 	Keypress: rctrl
938.6739 	EXP 	Sound  started
939.0488 	DATA 	Keypress: rctrl
939.4240 	EXP 	Sound  started
939.7687 	DATA 	Keypress: rctrl
940.1740 	EXP 	Sound  started
940.5047 	DATA 	Keypress: rctrl
940.9240 	EXP 	Sound  started
941.5447 	DATA 	Keypress: lctrl
941.6740 	EXP 	Sound  started
942.1047 	DATA 	Keypress: rctrl
942.4240 	EXP 	Sound  started
942.8727 	DATA 	Keypress: rctrl
943.1740 	EXP 	Sound  started
943.7048 	DATA 	Keypress: lctrl
943.9240 	EXP 	Sound  started
944.6740 	EXP 	Sound  started
945.1928 	DATA 	Keypress: lctrl
945.4241 	EXP 	Sound  started
946.1741 	EXP 	Sound  started
946.6967 	DATA 	Keypress: rctrl
946.9241 	EXP 	Sound  started
947.4327 	DATA 	Keypress: rctrl
947.6741 	EXP 	Sound  started
948.2167 	DATA 	Keypress: lctrl
948.4241 	EXP 	Sound  started
948.8887 	DATA 	Keypress: rctrl
949.1741 	EXP 	Sound  started
949.6888 	DATA 	Keypress: lctrl
949.9241 	EXP 	Sound  started
950.3608 	DATA 	Keypress: rctrl
950.6742 	EXP 	Sound  started
951.1288 	DATA 	Keypress: lctrl
951.4242 	EXP 	Sound  started
951.9768 	DATA 	Keypress: rctrl
952.1742 	EXP 	Sound  started
952.7288 	DATA 	Keypress: rctrl
952.9242 	EXP 	Sound  started
953.4968 	DATA 	Keypress: rctrl
953.6742 	EXP 	Sound  started
954.4242 	EXP 	Sound  started
955.1742 	EXP 	Sound  started
955.8808 	DATA 	Keypress: lctrl
955.9243 	EXP 	Sound  started
956.6743 	EXP 	Sound  started
957.4243 	EXP 	Sound  started
957.4807 	DATA 	Keypress: rctrl
958.0248 	DATA 	Keypress: rctrl
958.1743 	EXP 	Sound  started
958.7927 	DATA 	Keypress: rctrl
958.9243 	EXP 	Sound  started
959.5288 	DATA 	Keypress: rctrl
959.6743 	EXP 	Sound  started
960.1848 	DATA 	Keypress: rctrl
960.4243 	EXP 	Sound  started
961.0007 	DATA 	Keypress: rctrl
961.1744 	EXP 	Sound  started
961.7369 	DATA 	Keypress: rctrl
961.9244 	EXP 	Sound  started
962.4728 	DATA 	Keypress: rctrl
962.6744 	EXP 	Sound  started
963.2088 	DATA 	Keypress: rctrl
963.4244 	EXP 	Sound  started
963.8487 	DATA 	Keypress: rctrl
964.1744 	EXP 	Sound  started
964.5847 	DATA 	Keypress: rctrl
964.9244 	EXP 	Sound  started
965.4967 	DATA 	Keypress: rctrl
965.6744 	EXP 	Sound  started
966.2167 	DATA 	Keypress: rctrl
966.4244 	EXP 	Sound  started
966.9367 	DATA 	Keypress: rctrl
967.1745 	EXP 	Sound  started
967.6087 	DATA 	Keypress: rctrl
967.9245 	EXP 	Sound  started
968.3127 	DATA 	Keypress: rctrl
968.6745 	EXP 	Sound  started
969.0967 	DATA 	Keypress: rctrl
969.4245 	EXP 	Sound  started
969.8647 	DATA 	Keypress: rctrl
972.3222 	DATA 	Keypress: 4
972.3387 	EXP 	unnamed ShapeStim: vertices = <class 'numpy.ndarray'>
974.3244 	DATA 	Keypress: 4
974.3409 	EXP 	unnamed ShapeStim: vertices = <class 'numpy.ndarray'>
983.4686 	DATA 	Keypress: 1
983.4979 	EXP 	unnamed ShapeStim: vertices = <class 'numpy.ndarray'>
985.7832 	EXP 	Sound  started
986.4248 	DATA 	Keypress: rctrl
986.5332 	EXP 	Sound  started
987.0487 	DATA 	Keypress: rctrl
987.2832 	EXP 	Sound  started
987.8169 	DATA 	Keypress: rctrl
988.0332 	EXP 	Sound  started
988.4887 	DATA 	Keypress: rctrl
988.7832 	EXP 	Sound  started
989.2728 	DATA 	Keypress: rctrl
989.5332 	EXP 	Sound  started
989.9768 	DATA 	Keypress: rctrl
990.2832 	EXP 	Sound  started
990.6808 	DATA 	Keypress: rctrl
991.0332 	EXP 	Sound  started
991.4008 	DATA 	Keypress: lctrl
991.7833 	EXP 	Sound  started
992.2328 	DATA 	Keypress: lctrl
992.5333 	EXP 	Sound  started
993.0327 	DATA 	Keypress: lctrl
993.2833 	EXP 	Sound  started
993.8168 	DATA 	Keypress: lctrl
994.0333 	EXP 	Sound  started
994.5528 	DATA 	Keypress: lctrl
994.7833 	EXP 	Sound  started
995.3369 	DATA 	Keypress: lctrl
995.5333 	EXP 	Sound  started
996.0728 	DATA 	Keypress: lctrl
996.2833 	EXP 	Sound  started
996.9049 	DATA 	Keypress: lctrl
997.0333 	EXP 	Sound  started
997.5288 	DATA 	Keypress: rctrl
997.7833 	EXP 	Sound  started
998.3287 	DATA 	Keypress: rctrl
998.5334 	EXP 	Sound  started
999.0488 	DATA 	Keypress: rctrl
999.2834 	EXP 	Sound  started
999.8327 	DATA 	Keypress: rctrl
1000.0334 	EXP 	Sound  started
1000.6167 	DATA 	Keypress: rctrl
1000.7834 	EXP 	Sound  started
1001.3368 	DATA 	Keypress: lctrl
1001.5334 	EXP 	Sound  started
1002.1048 	DATA 	Keypress: rctrl
1002.2834 	EXP 	Sound  started
1002.8728 	DATA 	Keypress: rctrl
1003.0334 	EXP 	Sound  started
1003.7687 	DATA 	Keypress: lctrl
1003.7834 	EXP 	Sound  started
1004.3928 	DATA 	Keypress: lctrl
1004.5335 	EXP 	Sound  started
1004.9849 	DATA 	Keypress: rctrl
1005.2835 	EXP 	Sound  started
1005.7047 	DATA 	Keypress: rctrl
1006.0335 	EXP 	Sound  started
1006.4248 	DATA 	Keypress: lctrl
1006.7835 	EXP 	Sound  started
1007.2567 	DATA 	Keypress: lctrl
1007.5335 	EXP 	Sound  started
1008.0087 	DATA 	Keypress: rctrl
1008.2835 	EXP 	Sound  started
1008.7447 	DATA 	Keypress: rctrl
1009.0335 	EXP 	Sound  started
1009.6088 	DATA 	Keypress: lctrl
1009.7836 	EXP 	Sound  started
1010.3767 	DATA 	Keypress: lctrl
1010.5336 	EXP 	Sound  started
1011.1128 	DATA 	Keypress: lctrl
1011.2836 	EXP 	Sound  started
1011.7847 	DATA 	Keypress: lctrl
1012.0336 	EXP 	Sound  started
1012.4728 	DATA 	Keypress: rctrl
1012.7836 	EXP 	Sound  started
1013.2248 	DATA 	Keypress: rctrl
1013.5336 	EXP 	Sound  started
1014.0087 	DATA 	Keypress: rctrl
1014.2836 	EXP 	Sound  started
1014.6488 	DATA 	Keypress: rctrl
1015.0336 	EXP 	Sound  started
1015.4648 	DATA 	Keypress: rctrl
1015.7837 	EXP 	Sound  started
1016.1688 	DATA 	Keypress: rctrl
1016.5337 	EXP 	Sound  started
1016.8567 	DATA 	Keypress: rctrl
1017.2837 	EXP 	Sound  started
1017.5767 	DATA 	Keypress: rctrl
1018.0337 	EXP 	Sound  started
1018.3607 	DATA 	Keypress: rctrl
1018.7837 	EXP 	Sound  started
1019.1287 	DATA 	Keypress: rctrl
1019.5337 	EXP 	Sound  started
1019.8167 	DATA 	Keypress: rctrl
1020.2837 	EXP 	Sound  started
1020.6968 	DATA 	Keypress: rctrl
1021.0338 	EXP 	Sound  started
1021.4808 	DATA 	Keypress: lctrl
1021.7838 	EXP 	Sound  started
1022.3448 	DATA 	Keypress: lctrl
1022.5338 	EXP 	Sound  started
1023.1287 	DATA 	Keypress: lctrl
1023.2838 	EXP 	Sound  started
1024.0338 	EXP 	Sound  started
1024.7838 	EXP 	Sound  started
1025.2407 	DATA 	Keypress: rctrl
1025.5338 	EXP 	Sound  started
1025.7687 	DATA 	Keypress: rctrl
1026.2839 	EXP 	Sound  started
1026.4407 	DATA 	Keypress: rctrl
1027.0339 	EXP 	Sound  started
1027.4487 	DATA 	Keypress: lctrl
1027.7839 	EXP 	Sound  started
1028.2168 	DATA 	Keypress: lctrl
1028.5339 	EXP 	Sound  started
1029.0327 	DATA 	Keypress: lctrl
1029.2839 	EXP 	Sound  started
1029.7207 	DATA 	Keypress: lctrl
1030.0339 	EXP 	Sound  started
1030.7840 	EXP 	Sound  started
1031.2568 	DATA 	Keypress: rctrl
1031.5340 	EXP 	Sound  started
1031.8968 	DATA 	Keypress: rctrl
1032.2840 	EXP 	Sound  started
1033.0340 	EXP 	Sound  started
1033.3688 	DATA 	Keypress: rctrl
1033.7840 	EXP 	Sound  started
1034.5340 	EXP 	Sound  started
1035.0488 	DATA 	Keypress: lctrl
1035.2840 	EXP 	Sound  started
1035.9927 	DATA 	Keypress: lctrl
1036.0340 	EXP 	Sound  started
1036.7841 	EXP 	Sound  started
1037.4488 	DATA 	Keypress: rctrl
1037.5341 	EXP 	Sound  started
1038.0888 	DATA 	Keypress: rctrl
1038.2841 	EXP 	Sound  started
1039.0341 	EXP 	Sound  started
1039.7841 	EXP 	Sound  started
1040.5341 	EXP 	Sound  started
1041.2841 	EXP 	Sound  started
1042.0341 	EXP 	Sound  started
1042.1049 	DATA 	Keypress: rctrl
1042.6328 	DATA 	Keypress: lctrl
1042.7842 	EXP 	Sound  started
1043.3527 	DATA 	Keypress: lctrl
1043.5342 	EXP 	Sound  started
1044.1368 	DATA 	Keypress: lctrl
1044.2842 	EXP 	Sound  started
1044.9688 	DATA 	Keypress: lctrl
1049.9526 	DATA 	Keypress: 3
1049.9691 	EXP 	unnamed ShapeStim: vertices = <class 'numpy.ndarray'>
1052.2045 	DATA 	Keypress: 3
1052.2209 	EXP 	unnamed ShapeStim: vertices = <class 'numpy.ndarray'>
1054.3938 	DATA 	Keypress: 4
1054.4232 	EXP 	unnamed ShapeStim: vertices = <class 'numpy.ndarray'>
1056.7083 	DATA 	Keypress: rctrl
1074.4248 	DATA 	Keypress: escape
1074.4934 	EXP 	window1: mouseVisible = True
