13.4053 	WARNING 	User requested fullscreen with size [1024  768], but screen is actually [1920, 1200]. Using actual size
14.2444 	EXP 	Created window1 = Window(allowGUI=False, allowStencil=False, autoLog=True, backendConf=UNKNOWN, bitsMode=UNKNOWN, blendMode='avg', bpc=(8, 8, 8), color=array([0, 0, 0]), colorSpace='rgb', depthBits=8, fullscr=<method-wrapper '__getattribute__' of attributeSetter object at 0x000001FBCFDC6780>, gamma=None, gammaErrorPolicy='raise', lms=UNKNOWN, monitor=<psychopy.monitors.calibTools.Monitor object at 0x000001FBD14F5080>, multiSample=False, name='window1', numSamples=2, pos=[0.0, 0.0], screen=0, size=array([1920, 1200]), stencilBits=0, stereo=False, units='norm', useFBO=True, useRetina=False, viewOri=0.0, viewPos=None, viewScale=None, waitBlanking=True, winType='pyglet')
14.2447 	EXP 	window1: mouseVisible = True
14.2448 	EXP 	window1: mouseVisible = False
14.2448 	EXP 	window1: recordFrameIntervals = False
14.4109 	EXP 	window1: recordFrameIntervals = True
14.5945 	EXP 	window1: recordFrameIntervals = False
14.6514 	EXP 	Created text = TextStim(__class__=<class 'psychopy.visual.text.TextStim'>, alignHoriz=method-wrapper(...), alignText='center', alignVert=method-wrapper(...), anchorHoriz='center', anchorVert='center', antialias=True, autoLog=True, bold=False, color=array([1., 1., 1.]), colorSpace='rgb', contrast=1.0, depth=0.0, flipHoriz=False, flipVert=False, font='Arial', fontFiles=[], height=0.15, italic=False, languageStyle='LTR', name='text', opacity=1, ori=0, pos=array([0., 0.]), rgb=UNKNOWN, text='+', units='norm', win=Window(...), wrapWidth=1)
14.6748 	EXP 	Created text = TextStim(__class__=<class 'psychopy.visual.text.TextStim'>, alignHoriz=method-wrapper(...), alignText='center', alignVert=method-wrapper(...), anchorHoriz='center', anchorVert='center', antialias=True, autoLog=True, bold=False, color=array([1., 1., 1.]), colorSpace='rgb', contrast=1.0, depth=0.0, flipHoriz=False, flipVert=False, font='Arial', fontFiles=[], height=0.07, italic=False, languageStyle='LTR', name='text', opacity=1, ori=0, pos=array([0., 0.]), rgb=UNKNOWN, text=str(...), units='norm', win=Window(...), wrapWidth=1.65)
14.6840 	EXP 	Created text = TextStim(__class__=<class 'psychopy.visual.text.TextStim'>, alignHoriz=method-wrapper(...), alignText='center', alignVert=method-wrapper(...), anchorHoriz='center', anchorVert='center', antialias=True, autoLog=True, bold=False, color=array([1., 1., 1.]), colorSpace='rgb', contrast=1.0, depth=0.0, flipHoriz=False, flipVert=False, font='Arial', fontFiles=[], height=0.07, italic=False, languageStyle='LTR', name='text', opacity=1, ori=0, pos=array([0., 0.]), rgb=UNKNOWN, text=str(...), units='norm', win=Window(...), wrapWidth=1.65)
14.6929 	EXP 	Created text = TextStim(__class__=<class 'psychopy.visual.text.TextStim'>, alignHoriz=method-wrapper(...), alignText='center', alignVert=method-wrapper(...), anchorHoriz='center', anchorVert='center', antialias=True, autoLog=True, bold=False, color=array([1., 1., 1.]), colorSpace='rgb', contrast=1.0, depth=0.0, flipHoriz=False, flipVert=False, font='Arial', fontFiles=[], height=0.07, italic=False, languageStyle='LTR', name='text', opacity=1, ori=0, pos=array([0., 0.]), rgb=UNKNOWN, text=str(...), units='norm', win=Window(...), wrapWidth=1.65)
14.7033 	EXP 	Created text = TextStim(__class__=<class 'psychopy.visual.text.TextStim'>, alignHoriz=method-wrapper(...), alignText='center', alignVert=method-wrapper(...), anchorHoriz='center', anchorVert='center', antialias=True, autoLog=True, bold=False, color=array([1., 1., 1.]), colorSpace='rgb', contrast=1.0, depth=0.0, flipHoriz=False, flipVert=False, font='Arial', fontFiles=[], height=0.07, italic=False, languageStyle='LTR', name='text', opacity=1, ori=0, pos=array([0., 0.]), rgb=UNKNOWN, text=str(...), units='norm', win=Window(...), wrapWidth=1.65)
14.7094 	EXP 	Created text = TextStim(__class__=<class 'psychopy.visual.text.TextStim'>, alignHoriz=method-wrapper(...), alignText='center', alignVert=method-wrapper(...), anchorHoriz='center', anchorVert='center', antialias=True, autoLog=True, bold=False, color=array([1., 1., 1.]), colorSpace='rgb', contrast=1.0, depth=0.0, flipHoriz=False, flipVert=False, font='Arial', fontFiles=[], height=0.07, italic=False, languageStyle='LTR', name='text', opacity=1, ori=0, pos=array([0., 0.]), rgb=UNKNOWN, text=str(...), units='norm', win=Window(...), wrapWidth=1.65)
14.7234 	EXP 	Created text = TextStim(__class__=<class 'psychopy.visual.text.TextStim'>, alignHoriz=method-wrapper(...), alignText='center', alignVert=method-wrapper(...), anchorHoriz='center', anchorVert='center', antialias=True, autoLog=True, bold=False, color=array([1., 1., 1.]), colorSpace='rgb', contrast=1.0, depth=0.0, flipHoriz=False, flipVert=False, font='Arial', fontFiles=[], height=0.15, italic=False, languageStyle='LTR', name='text', opacity=1, ori=0, pos=array([0., 0.]), rgb=UNKNOWN, text=str(...), units='norm', win=Window(...), wrapWidth=1.65)
14.7529 	EXP 	Created text = TextStim(__class__=<class 'psychopy.visual.text.TextStim'>, alignHoriz=method-wrapper(...), alignText='center', alignVert=method-wrapper(...), anchorHoriz='center', anchorVert='center', antialias=True, autoLog=True, bold=False, color=array([1., 1., 1.]), colorSpace='rgb', contrast=1.0, depth=0.0, flipHoriz=False, flipVert=False, font='Arial', fontFiles=[], height=0.07, italic=False, languageStyle='LTR', name='text', opacity=1, ori=0, pos=array([0., 0.]), rgb=UNKNOWN, text=str(...), units='norm', win=Window(...), wrapWidth=1.65)
14.7740 	EXP 	Created text = TextStim(__class__=<class 'psychopy.visual.text.TextStim'>, alignHoriz=method-wrapper(...), alignText='center', alignVert=method-wrapper(...), anchorHoriz='center', anchorVert='center', antialias=True, autoLog=True, bold=False, color=array([1., 1., 1.]), colorSpace='rgb', contrast=1.0, depth=0.0, flipHoriz=False, flipVert=False, font='Arial', fontFiles=[], height=0.07, italic=False, languageStyle='LTR', name='text', opacity=1, ori=0, pos=array([0., 0.]), rgb=UNKNOWN, text=str(...), units='norm', win=Window(...), wrapWidth=1.65)
14.8063 	EXP 	Created text = TextStim(__class__=<class 'psychopy.visual.text.TextStim'>, alignHoriz=method-wrapper(...), alignText='center', alignVert=method-wrapper(...), anchorHoriz='center', anchorVert='center', antialias=True, autoLog=True, bold=False, color=array([1., 1., 1.]), colorSpace='rgb', contrast=1.0, depth=0.0, flipHoriz=False, flipVert=False, font='Arial', fontFiles=[], height=0.07, italic=False, languageStyle='LTR', name='text', opacity=1, ori=0, pos=array([0., 0.]), rgb=UNKNOWN, text=str(...), units='norm', win=Window(...), wrapWidth=1.65)
14.8308 	EXP 	Created text = TextStim(__class__=<class 'psychopy.visual.text.TextStim'>, alignHoriz=method-wrapper(...), alignText='center', alignVert=method-wrapper(...), anchorHoriz='center', anchorVert='center', antialias=True, autoLog=True, bold=False, color=array([1., 1., 1.]), colorSpace='rgb', contrast=1.0, depth=0.0, flipHoriz=False, flipVert=False, font='Arial', fontFiles=[], height=0.07, italic=False, languageStyle='LTR', name='text', opacity=1, ori=0, pos=array([0., 0.]), rgb=UNKNOWN, text=str(...), units='norm', win=Window(...), wrapWidth=1.65)
14.8599 	EXP 	Created text = TextStim(__class__=<class 'psychopy.visual.text.TextStim'>, alignHoriz=method-wrapper(...), alignText='center', alignVert=method-wrapper(...), anchorHoriz='center', anchorVert='center', antialias=True, autoLog=True, bold=False, color=array([1., 1., 1.]), colorSpace='rgb', contrast=1.0, depth=0.0, flipHoriz=False, flipVert=False, font='Arial', fontFiles=[], height=0.07, italic=False, languageStyle='LTR', name='text', opacity=1, ori=0, pos=array([0., 0.]), rgb=UNKNOWN, text=str(...), units='norm', win=Window(...), wrapWidth=1.65)
14.8706 	EXP 	Created text = TextStim(__class__=<class 'psychopy.visual.text.TextStim'>, alignHoriz=method-wrapper(...), alignText='center', alignVert=method-wrapper(...), anchorHoriz='center', anchorVert='center', antialias=True, autoLog=True, bold=False, color=array([1., 1., 1.]), colorSpace='rgb', contrast=1.0, depth=0.0, flipHoriz=False, flipVert=False, font='Arial', fontFiles=[], height=0.07, italic=False, languageStyle='LTR', name='text', opacity=1, ori=0, pos=array([0., 0.]), rgb=UNKNOWN, text=str(...), units='norm', win=Window(...), wrapWidth=1.65)
14.8830 	EXP 	Created text = TextStim(__class__=<class 'psychopy.visual.text.TextStim'>, alignHoriz=method-wrapper(...), alignText='center', alignVert=method-wrapper(...), anchorHoriz='center', anchorVert='center', antialias=True, autoLog=True, bold=False, color=array([1., 1., 1.]), colorSpace='rgb', contrast=1.0, depth=0.0, flipHoriz=False, flipVert=False, font='Arial', fontFiles=[], height=0.07, italic=False, languageStyle='LTR', name='text', opacity=1, ori=0, pos=array([0., 0.]), rgb=UNKNOWN, text=str(...), units='norm', win=Window(...), wrapWidth=1.65)
14.8875 	EXP 	Created instru = TextStim(__class__=<class 'psychopy.visual.text.TextStim'>, alignHoriz=method-wrapper(...), alignText='center', alignVert=method-wrapper(...), anchorHoriz='center', anchorVert='center', antialias=True, autoLog=True, bold=False, color=array([1., 1., 1.]), colorSpace='rgb', contrast=1.0, depth=0.0, flipHoriz=False, flipVert=False, font='Arial', fontFiles=[], height=0.07, italic=False, languageStyle='LTR', name='instru', opacity=1, ori=0, pos=array([0. , 0.5]), rgb=UNKNOWN, text=str(...), units='norm', win=Window(...), wrapWidth=1)
14.8901 	EXP 	Created unnamed Line = Line(__class__=<class 'psychopy.visual.line.Line'>, autoDraw=False, autoLog=True, closeShape=False, color=array([1., 1., 1.]), colorSpace='rgb', contrast=None, depth=0, fillColor=array([0, 0, 0]), fillColorSpace='rgb', fillRGB=array([0, 0, 0]), interpolate=True, lineColor=array([1., 1., 1.]), lineColorSpace='rgb', lineRGB=array([1, 1, 1]), lineWidth=5, name='unnamed Line', opacity=0.5, ori=0.0, pos=array([0., 0.]), size=array([1., 1.]), units='norm', vertices=array([[-0.5,  0. ],
       [ 0.5,  0. ]]), win=Window(...), windingRule=None)
14.8921 	EXP 	Created unnamed Line = Line(__class__=<class 'psychopy.visual.line.Line'>, autoDraw=False, autoLog=True, closeShape=False, color=array([1., 1., 1.]), colorSpace='rgb', contrast=None, depth=0, fillColor=array([0, 0, 0]), fillColorSpace='rgb', fillRGB=array([0, 0, 0]), interpolate=True, lineColor=array([1., 1., 1.]), lineColorSpace='rgb', lineRGB=array([1, 1, 1]), lineWidth=3, name='unnamed Line', opacity=0.5, ori=0.0, pos=array([0., 0.]), size=array([1., 1.]), units='norm', vertices=array([[-0.5 , -0.05],
       [-0.5 ,  0.05]]), win=Window(...), windingRule=None)
14.8941 	EXP 	Created unnamed Line = Line(__class__=<class 'psychopy.visual.line.Line'>, autoDraw=False, autoLog=True, closeShape=False, color=array([1., 1., 1.]), colorSpace='rgb', contrast=None, depth=0, fillColor=array([0, 0, 0]), fillColorSpace='rgb', fillRGB=array([0, 0, 0]), interpolate=True, lineColor=array([1., 1., 1.]), lineColorSpace='rgb', lineRGB=array([1, 1, 1]), lineWidth=3, name='unnamed Line', opacity=0.5, ori=0.0, pos=array([0., 0.]), size=array([1., 1.]), units='norm', vertices=ndarray(...), win=Window(...), windingRule=None)
14.8961 	EXP 	Created unnamed Line = Line(__class__=<class 'psychopy.visual.line.Line'>, autoDraw=False, autoLog=True, closeShape=False, color=array([1., 1., 1.]), colorSpace='rgb', contrast=None, depth=0, fillColor=array([0, 0, 0]), fillColorSpace='rgb', fillRGB=array([0, 0, 0]), interpolate=True, lineColor=array([1., 1., 1.]), lineColorSpace='rgb', lineRGB=array([1, 1, 1]), lineWidth=3, name='unnamed Line', opacity=0.5, ori=0.0, pos=array([0., 0.]), size=array([1., 1.]), units='norm', vertices=ndarray(...), win=Window(...), windingRule=None)
14.8980 	EXP 	Created unnamed Line = Line(__class__=<class 'psychopy.visual.line.Line'>, autoDraw=False, autoLog=True, closeShape=False, color=array([1., 1., 1.]), colorSpace='rgb', contrast=None, depth=0, fillColor=array([0, 0, 0]), fillColorSpace='rgb', fillRGB=array([0, 0, 0]), interpolate=True, lineColor=array([1., 1., 1.]), lineColorSpace='rgb', lineRGB=array([1, 1, 1]), lineWidth=3, name='unnamed Line', opacity=0.5, ori=0.0, pos=array([0., 0.]), size=array([1., 1.]), units='norm', vertices=array([[ 0.5 , -0.05],
       [ 0.5 ,  0.05]]), win=Window(...), windingRule=None)
14.9104 	EXP 	Created unnamed TextStim = TextStim(__class__=<class 'psychopy.visual.text.TextStim'>, alignHoriz=method-wrapper(...), alignText='center', alignVert=method-wrapper(...), anchorHoriz='center', anchorVert='center', antialias=True, autoLog=True, bold=False, color=array([1., 1., 1.]), colorSpace='rgb', contrast=1.0, depth=0, flipHoriz=False, flipVert=False, font='', fontFiles=[], height=0.05, italic=False, languageStyle='LTR', name='unnamed TextStim', opacity=1.0, ori=0.0, pos=array([-0.5, -0.1]), rgb=UNKNOWN, text='Helt klart \n IKKE FOKUSERT', units='norm', win=Window(...), wrapWidth=1)
14.9115 	EXP 	Created unnamed TextStim = TextStim(__class__=<class 'psychopy.visual.text.TextStim'>, alignHoriz=method-wrapper(...), alignText='center', alignVert=method-wrapper(...), anchorHoriz='center', anchorVert='center', antialias=True, autoLog=True, bold=False, color=array([1., 1., 1.]), colorSpace='rgb', contrast=1.0, depth=0, flipHoriz=False, flipVert=False, font='', fontFiles=[], height=0.05, italic=False, languageStyle='LTR', name='unnamed TextStim', opacity=1.0, ori=0.0, pos=array([-0.16666667, -0.1       ]), rgb=UNKNOWN, text='', units='norm', win=Window(...), wrapWidth=1)
14.9125 	EXP 	Created unnamed TextStim = TextStim(__class__=<class 'psychopy.visual.text.TextStim'>, alignHoriz=method-wrapper(...), alignText='center', alignVert=method-wrapper(...), anchorHoriz='center', anchorVert='center', antialias=True, autoLog=True, bold=False, color=array([1., 1., 1.]), colorSpace='rgb', contrast=1.0, depth=0, flipHoriz=False, flipVert=False, font='', fontFiles=[], height=0.05, italic=False, languageStyle='LTR', name='unnamed TextStim', opacity=1.0, ori=0.0, pos=array([ 0.16666667, -0.1       ]), rgb=UNKNOWN, text='', units='norm', win=Window(...), wrapWidth=1)
14.9156 	EXP 	Created unnamed TextStim = TextStim(__class__=<class 'psychopy.visual.text.TextStim'>, alignHoriz=method-wrapper(...), alignText='center', alignVert=method-wrapper(...), anchorHoriz='center', anchorVert='center', antialias=True, autoLog=True, bold=False, color=array([1., 1., 1.]), colorSpace='rgb', contrast=1.0, depth=0, flipHoriz=False, flipVert=False, font='', fontFiles=[], height=0.05, italic=False, languageStyle='LTR', name='unnamed TextStim', opacity=1.0, ori=0.0, pos=array([ 0.5, -0.1]), rgb=UNKNOWN, text='Helt klart \n FOKUSERT', units='norm', win=Window(...), wrapWidth=1)
14.9175 	EXP 	Created unnamed ShapeStim = ShapeStim(__class__=<class 'psychopy.visual.shape.ShapeStim'>, autoDraw=False, autoLog=True, closeShape=True, color=method-wrapper(...), colorSpace='rgb', contrast=None, depth=0, fillColor=array([1, 1, 1]), fillColorSpace='rgb', fillRGB=array([1, 1, 1]), interpolate=True, lineColor=array([-1., -1., -1.]), lineColorSpace='rgb', lineRGB=array([-1, -1, -1]), lineWidth=1.5, name='unnamed ShapeStim', opacity=1.0, ori=0.0, pos=array([0., 0.]), size=array([1., 1.]), units='norm', vertices=ndarray(...), win=Window(...), windingRule=None)
14.9249 	EXP 	Created instru = TextStim(__class__=<class 'psychopy.visual.text.TextStim'>, alignHoriz=method-wrapper(...), alignText='center', alignVert=method-wrapper(...), anchorHoriz='center', anchorVert='center', antialias=True, autoLog=True, bold=False, color=array([1., 1., 1.]), colorSpace='rgb', contrast=1.0, depth=0.0, flipHoriz=False, flipVert=False, font='Arial', fontFiles=[], height=0.07, italic=False, languageStyle='LTR', name='instru', opacity=1, ori=0, pos=array([0. , 0.5]), rgb=UNKNOWN, text=str(...), units='norm', win=Window(...), wrapWidth=1)
14.9269 	EXP 	Created unnamed Line = Line(__class__=<class 'psychopy.visual.line.Line'>, autoDraw=False, autoLog=True, closeShape=False, color=array([1., 1., 1.]), colorSpace='rgb', contrast=None, depth=0, fillColor=array([0, 0, 0]), fillColorSpace='rgb', fillRGB=array([0, 0, 0]), interpolate=True, lineColor=array([1., 1., 1.]), lineColorSpace='rgb', lineRGB=array([1, 1, 1]), lineWidth=5, name='unnamed Line', opacity=0.5, ori=0.0, pos=array([0., 0.]), size=array([1., 1.]), units='norm', vertices=array([[-0.5,  0. ],
       [ 0.5,  0. ]]), win=Window(...), windingRule=None)
14.9289 	EXP 	Created unnamed Line = Line(__class__=<class 'psychopy.visual.line.Line'>, autoDraw=False, autoLog=True, closeShape=False, color=array([1., 1., 1.]), colorSpace='rgb', contrast=None, depth=0, fillColor=array([0, 0, 0]), fillColorSpace='rgb', fillRGB=array([0, 0, 0]), interpolate=True, lineColor=array([1., 1., 1.]), lineColorSpace='rgb', lineRGB=array([1, 1, 1]), lineWidth=3, name='unnamed Line', opacity=0.5, ori=0.0, pos=array([0., 0.]), size=array([1., 1.]), units='norm', vertices=array([[-0.5 , -0.05],
       [-0.5 ,  0.05]]), win=Window(...), windingRule=None)
14.9309 	EXP 	Created unnamed Line = Line(__class__=<class 'psychopy.visual.line.Line'>, autoDraw=False, autoLog=True, closeShape=False, color=array([1., 1., 1.]), colorSpace='rgb', contrast=None, depth=0, fillColor=array([0, 0, 0]), fillColorSpace='rgb', fillRGB=array([0, 0, 0]), interpolate=True, lineColor=array([1., 1., 1.]), lineColorSpace='rgb', lineRGB=array([1, 1, 1]), lineWidth=3, name='unnamed Line', opacity=0.5, ori=0.0, pos=array([0., 0.]), size=array([1., 1.]), units='norm', vertices=ndarray(...), win=Window(...), windingRule=None)
14.9329 	EXP 	Created unnamed Line = Line(__class__=<class 'psychopy.visual.line.Line'>, autoDraw=False, autoLog=True, closeShape=False, color=array([1., 1., 1.]), colorSpace='rgb', contrast=None, depth=0, fillColor=array([0, 0, 0]), fillColorSpace='rgb', fillRGB=array([0, 0, 0]), interpolate=True, lineColor=array([1., 1., 1.]), lineColorSpace='rgb', lineRGB=array([1, 1, 1]), lineWidth=3, name='unnamed Line', opacity=0.5, ori=0.0, pos=array([0., 0.]), size=array([1., 1.]), units='norm', vertices=ndarray(...), win=Window(...), windingRule=None)
14.9349 	EXP 	Created unnamed Line = Line(__class__=<class 'psychopy.visual.line.Line'>, autoDraw=False, autoLog=True, closeShape=False, color=array([1., 1., 1.]), colorSpace='rgb', contrast=None, depth=0, fillColor=array([0, 0, 0]), fillColorSpace='rgb', fillRGB=array([0, 0, 0]), interpolate=True, lineColor=array([1., 1., 1.]), lineColorSpace='rgb', lineRGB=array([1, 1, 1]), lineWidth=3, name='unnamed Line', opacity=0.5, ori=0.0, pos=array([0., 0.]), size=array([1., 1.]), units='norm', vertices=array([[ 0.5 , -0.05],
       [ 0.5 ,  0.05]]), win=Window(...), windingRule=None)
14.9404 	EXP 	Created unnamed TextStim = TextStim(__class__=<class 'psychopy.visual.text.TextStim'>, alignHoriz=method-wrapper(...), alignText='center', alignVert=method-wrapper(...), anchorHoriz='center', anchorVert='center', antialias=True, autoLog=True, bold=False, color=array([1., 1., 1.]), colorSpace='rgb', contrast=1.0, depth=0, flipHoriz=False, flipVert=False, font='', fontFiles=[], height=0.05, italic=False, languageStyle='LTR', name='unnamed TextStim', opacity=1.0, ori=0.0, pos=array([-0.5, -0.1]), rgb=UNKNOWN, text='Helt klart \n INGENTING', units='norm', win=Window(...), wrapWidth=1)
14.9414 	EXP 	Created unnamed TextStim = TextStim(__class__=<class 'psychopy.visual.text.TextStim'>, alignHoriz=method-wrapper(...), alignText='center', alignVert=method-wrapper(...), anchorHoriz='center', anchorVert='center', antialias=True, autoLog=True, bold=False, color=array([1., 1., 1.]), colorSpace='rgb', contrast=1.0, depth=0, flipHoriz=False, flipVert=False, font='', fontFiles=[], height=0.05, italic=False, languageStyle='LTR', name='unnamed TextStim', opacity=1.0, ori=0.0, pos=array([-0.16666667, -0.1       ]), rgb=UNKNOWN, text='', units='norm', win=Window(...), wrapWidth=1)
14.9425 	EXP 	Created unnamed TextStim = TextStim(__class__=<class 'psychopy.visual.text.TextStim'>, alignHoriz=method-wrapper(...), alignText='center', alignVert=method-wrapper(...), anchorHoriz='center', anchorVert='center', antialias=True, autoLog=True, bold=False, color=array([1., 1., 1.]), colorSpace='rgb', contrast=1.0, depth=0, flipHoriz=False, flipVert=False, font='', fontFiles=[], height=0.05, italic=False, languageStyle='LTR', name='unnamed TextStim', opacity=1.0, ori=0.0, pos=array([ 0.16666667, -0.1       ]), rgb=UNKNOWN, text='', units='norm', win=Window(...), wrapWidth=1)
14.9459 	EXP 	Created unnamed TextStim = TextStim(__class__=<class 'psychopy.visual.text.TextStim'>, alignHoriz=method-wrapper(...), alignText='center', alignVert=method-wrapper(...), anchorHoriz='center', anchorVert='center', antialias=True, autoLog=True, bold=False, color=array([1., 1., 1.]), colorSpace='rgb', contrast=1.0, depth=0, flipHoriz=False, flipVert=False, font='', fontFiles=[], height=0.05, italic=False, languageStyle='LTR', name='unnamed TextStim', opacity=1.0, ori=0.0, pos=array([ 0.5, -0.1]), rgb=UNKNOWN, text='Helt klart \n NOE', units='norm', win=Window(...), wrapWidth=1)
14.9479 	EXP 	Created unnamed ShapeStim = ShapeStim(__class__=<class 'psychopy.visual.shape.ShapeStim'>, autoDraw=False, autoLog=True, closeShape=True, color=method-wrapper(...), colorSpace='rgb', contrast=None, depth=0, fillColor=array([1, 1, 1]), fillColorSpace='rgb', fillRGB=array([1, 1, 1]), interpolate=True, lineColor=array([-1., -1., -1.]), lineColorSpace='rgb', lineRGB=array([-1, -1, -1]), lineWidth=1.5, name='unnamed ShapeStim', opacity=1.0, ori=0.0, pos=array([0., 0.]), size=array([1., 1.]), units='norm', vertices=ndarray(...), win=Window(...), windingRule=None)
14.9558 	EXP 	Created instru = TextStim(__class__=<class 'psychopy.visual.text.TextStim'>, alignHoriz=method-wrapper(...), alignText='center', alignVert=method-wrapper(...), anchorHoriz='center', anchorVert='center', antialias=True, autoLog=True, bold=False, color=array([1., 1., 1.]), colorSpace='rgb', contrast=1.0, depth=0.0, flipHoriz=False, flipVert=False, font='Arial', fontFiles=[], height=0.07, italic=False, languageStyle='LTR', name='instru', opacity=1, ori=0, pos=array([0. , 0.5]), rgb=UNKNOWN, text=str(...), units='norm', win=Window(...), wrapWidth=1)
14.9578 	EXP 	Created unnamed Line = Line(__class__=<class 'psychopy.visual.line.Line'>, autoDraw=False, autoLog=True, closeShape=False, color=array([1., 1., 1.]), colorSpace='rgb', contrast=None, depth=0, fillColor=array([0, 0, 0]), fillColorSpace='rgb', fillRGB=array([0, 0, 0]), interpolate=True, lineColor=array([1., 1., 1.]), lineColorSpace='rgb', lineRGB=array([1, 1, 1]), lineWidth=5, name='unnamed Line', opacity=0.5, ori=0.0, pos=array([0., 0.]), size=array([1., 1.]), units='norm', vertices=array([[-0.5,  0. ],
       [ 0.5,  0. ]]), win=Window(...), windingRule=None)
14.9599 	EXP 	Created unnamed Line = Line(__class__=<class 'psychopy.visual.line.Line'>, autoDraw=False, autoLog=True, closeShape=False, color=array([1., 1., 1.]), colorSpace='rgb', contrast=None, depth=0, fillColor=array([0, 0, 0]), fillColorSpace='rgb', fillRGB=array([0, 0, 0]), interpolate=True, lineColor=array([1., 1., 1.]), lineColorSpace='rgb', lineRGB=array([1, 1, 1]), lineWidth=3, name='unnamed Line', opacity=0.5, ori=0.0, pos=array([0., 0.]), size=array([1., 1.]), units='norm', vertices=array([[-0.5 , -0.05],
       [-0.5 ,  0.05]]), win=Window(...), windingRule=None)
14.9619 	EXP 	Created unnamed Line = Line(__class__=<class 'psychopy.visual.line.Line'>, autoDraw=False, autoLog=True, closeShape=False, color=array([1., 1., 1.]), colorSpace='rgb', contrast=None, depth=0, fillColor=array([0, 0, 0]), fillColorSpace='rgb', fillRGB=array([0, 0, 0]), interpolate=True, lineColor=array([1., 1., 1.]), lineColorSpace='rgb', lineRGB=array([1, 1, 1]), lineWidth=3, name='unnamed Line', opacity=0.5, ori=0.0, pos=array([0., 0.]), size=array([1., 1.]), units='norm', vertices=ndarray(...), win=Window(...), windingRule=None)
14.9638 	EXP 	Created unnamed Line = Line(__class__=<class 'psychopy.visual.line.Line'>, autoDraw=False, autoLog=True, closeShape=False, color=array([1., 1., 1.]), colorSpace='rgb', contrast=None, depth=0, fillColor=array([0, 0, 0]), fillColorSpace='rgb', fillRGB=array([0, 0, 0]), interpolate=True, lineColor=array([1., 1., 1.]), lineColorSpace='rgb', lineRGB=array([1, 1, 1]), lineWidth=3, name='unnamed Line', opacity=0.5, ori=0.0, pos=array([0., 0.]), size=array([1., 1.]), units='norm', vertices=ndarray(...), win=Window(...), windingRule=None)
14.9658 	EXP 	Created unnamed Line = Line(__class__=<class 'psychopy.visual.line.Line'>, autoDraw=False, autoLog=True, closeShape=False, color=array([1., 1., 1.]), colorSpace='rgb', contrast=None, depth=0, fillColor=array([0, 0, 0]), fillColorSpace='rgb', fillRGB=array([0, 0, 0]), interpolate=True, lineColor=array([1., 1., 1.]), lineColorSpace='rgb', lineRGB=array([1, 1, 1]), lineWidth=3, name='unnamed Line', opacity=0.5, ori=0.0, pos=array([0., 0.]), size=array([1., 1.]), units='norm', vertices=array([[ 0.5 , -0.05],
       [ 0.5 ,  0.05]]), win=Window(...), windingRule=None)
14.9710 	EXP 	Created unnamed TextStim = TextStim(__class__=<class 'psychopy.visual.text.TextStim'>, alignHoriz=method-wrapper(...), alignText='center', alignVert=method-wrapper(...), anchorHoriz='center', anchorVert='center', antialias=True, autoLog=True, bold=False, color=array([1., 1., 1.]), colorSpace='rgb', contrast=1.0, depth=0, flipHoriz=False, flipVert=False, font='', fontFiles=[], height=0.05, italic=False, languageStyle='LTR', name='unnamed TextStim', opacity=1.0, ori=0.0, pos=array([-0.5, -0.1]), rgb=UNKNOWN, text='Helt klart \n SPONTAN', units='norm', win=Window(...), wrapWidth=1)
14.9722 	EXP 	Created unnamed TextStim = TextStim(__class__=<class 'psychopy.visual.text.TextStim'>, alignHoriz=method-wrapper(...), alignText='center', alignVert=method-wrapper(...), anchorHoriz='center', anchorVert='center', antialias=True, autoLog=True, bold=False, color=array([1., 1., 1.]), colorSpace='rgb', contrast=1.0, depth=0, flipHoriz=False, flipVert=False, font='', fontFiles=[], height=0.05, italic=False, languageStyle='LTR', name='unnamed TextStim', opacity=1.0, ori=0.0, pos=array([-0.16666667, -0.1       ]), rgb=UNKNOWN, text='', units='norm', win=Window(...), wrapWidth=1)
14.9733 	EXP 	Created unnamed TextStim = TextStim(__class__=<class 'psychopy.visual.text.TextStim'>, alignHoriz=method-wrapper(...), alignText='center', alignVert=method-wrapper(...), anchorHoriz='center', anchorVert='center', antialias=True, autoLog=True, bold=False, color=array([1., 1., 1.]), colorSpace='rgb', contrast=1.0, depth=0, flipHoriz=False, flipVert=False, font='', fontFiles=[], height=0.05, italic=False, languageStyle='LTR', name='unnamed TextStim', opacity=1.0, ori=0.0, pos=array([ 0.16666667, -0.1       ]), rgb=UNKNOWN, text='', units='norm', win=Window(...), wrapWidth=1)
14.9780 	EXP 	Created unnamed TextStim = TextStim(__class__=<class 'psychopy.visual.text.TextStim'>, alignHoriz=method-wrapper(...), alignText='center', alignVert=method-wrapper(...), anchorHoriz='center', anchorVert='center', antialias=True, autoLog=True, bold=False, color=array([1., 1., 1.]), colorSpace='rgb', contrast=1.0, depth=0, flipHoriz=False, flipVert=False, font='', fontFiles=[], height=0.05, italic=False, languageStyle='LTR', name='unnamed TextStim', opacity=1.0, ori=0.0, pos=array([ 0.5, -0.1]), rgb=UNKNOWN, text='Helt klart \n BEVISST', units='norm', win=Window(...), wrapWidth=1)
14.9799 	EXP 	Created unnamed ShapeStim = ShapeStim(__class__=<class 'psychopy.visual.shape.ShapeStim'>, autoDraw=False, autoLog=True, closeShape=True, color=method-wrapper(...), colorSpace='rgb', contrast=None, depth=0, fillColor=array([1, 1, 1]), fillColorSpace='rgb', fillRGB=array([1, 1, 1]), interpolate=True, lineColor=array([-1., -1., -1.]), lineColorSpace='rgb', lineRGB=array([-1, -1, -1]), lineWidth=1.5, name='unnamed ShapeStim', opacity=1.0, ori=0.0, pos=array([0., 0.]), size=array([1., 1.]), units='norm', vertices=ndarray(...), win=Window(...), windingRule=None)
15.0287 	EXP 	Sound  set volume 1.000
15.0582 	EXP 	unnamed ShapeStim: vertices = <class 'numpy.ndarray'>
15.0582 	EXP 	unnamed ShapeStim: vertices = <class 'numpy.ndarray'>
15.0582 	EXP 	unnamed ShapeStim: vertices = <class 'numpy.ndarray'>
199.4359 	DATA 	Keypress: rctrl
199.9647 	EXP 	Sound  started
200.4439 	DATA 	Keypress: rctrl
200.7147 	EXP 	Sound  started
201.3399 	DATA 	Keypress: rctrl
201.4647 	EXP 	Sound  started
202.0278 	DATA 	Keypress: rctrl
202.2147 	EXP 	Sound  started
202.7639 	DATA 	Keypress: rctrl
202.9648 	EXP 	Sound  started
203.4518 	DATA 	Keypress: rctrl
203.7148 	EXP 	Sound  started
204.3478 	DATA 	Keypress: lctrl
204.4648 	EXP 	Sound  started
205.0838 	DATA 	Keypress: lctrl
205.2148 	EXP 	Sound  started
205.8678 	DATA 	Keypress: lctrl
205.9648 	EXP 	Sound  started
206.6038 	DATA 	Keypress: rctrl
206.7148 	EXP 	Sound  started
207.3078 	DATA 	Keypress: lctrl
207.4649 	EXP 	Sound  started
208.0918 	DATA 	Keypress: lctrl
208.2149 	EXP 	Sound  started
208.7958 	DATA 	Keypress: rctrl
208.9649 	EXP 	Sound  started
209.5318 	DATA 	Keypress: rctrl
209.7149 	EXP 	Sound  started
210.2838 	DATA 	Keypress: rctrl
210.4649 	EXP 	Sound  started
210.9878 	DATA 	Keypress: rctrl
211.2149 	EXP 	Sound  started
211.7878 	DATA 	Keypress: lctrl
211.9649 	EXP 	Sound  started
212.4438 	DATA 	Keypress: lctrl
212.7150 	EXP 	Sound  started
213.2598 	DATA 	Keypress: lctrl
213.4650 	EXP 	Sound  started
214.0278 	DATA 	Keypress: lctrl
214.2150 	EXP 	Sound  started
214.8279 	DATA 	Keypress: lctrl
214.9650 	EXP 	Sound  started
215.6277 	DATA 	Keypress: lctrl
215.7150 	EXP 	Sound  started
216.3958 	DATA 	Keypress: lctrl
216.4650 	EXP 	Sound  started
217.0517 	DATA 	Keypress: rctrl
217.2150 	EXP 	Sound  started
217.8199 	DATA 	Keypress: rctrl
217.9651 	EXP 	Sound  started
218.4598 	DATA 	Keypress: rctrl
218.7151 	EXP 	Sound  started
219.2758 	DATA 	Keypress: rctrl
219.4651 	EXP 	Sound  started
219.9799 	DATA 	Keypress: rctrl
220.2151 	EXP 	Sound  started
220.7158 	DATA 	Keypress: rctrl
220.9651 	EXP 	Sound  started
221.4679 	DATA 	Keypress: lctrl
221.7151 	EXP 	Sound  started
222.3158 	DATA 	Keypress: rctrl
222.4652 	EXP 	Sound  started
223.1478 	DATA 	Keypress: lctrl
223.2152 	EXP 	Sound  started
223.7718 	DATA 	Keypress: lctrl
223.9652 	EXP 	Sound  started
224.4918 	DATA 	Keypress: lctrl
224.7152 	EXP 	Sound  started
225.2598 	DATA 	Keypress: lctrl
225.4652 	EXP 	Sound  started
226.0278 	DATA 	Keypress: lctrl
226.2152 	EXP 	Sound  started
226.8118 	DATA 	Keypress: rctrl
226.9652 	EXP 	Sound  started
227.4519 	DATA 	Keypress: rctrl
227.7153 	EXP 	Sound  started
228.3318 	DATA 	Keypress: lctrl
228.4653 	EXP 	Sound  started
229.0678 	DATA 	Keypress: rctrl
229.2153 	EXP 	Sound  started
229.9478 	DATA 	Keypress: lctrl
229.9653 	EXP 	Sound  started
230.6358 	DATA 	Keypress: rctrl
230.7153 	EXP 	Sound  started
231.3718 	DATA 	Keypress: rctrl
231.4653 	EXP 	Sound  started
232.0278 	DATA 	Keypress: rctrl
232.2154 	EXP 	Sound  started
232.7638 	DATA 	Keypress: rctrl
232.9654 	EXP 	Sound  started
233.6279 	DATA 	Keypress: rctrl
233.7154 	EXP 	Sound  started
234.2998 	DATA 	Keypress: rctrl
234.4654 	EXP 	Sound  started
234.8918 	DATA 	Keypress: rctrl
235.2154 	EXP 	Sound  started
235.7718 	DATA 	Keypress: rctrl
235.9654 	EXP 	Sound  started
236.6038 	DATA 	Keypress: rctrl
236.7154 	EXP 	Sound  started
237.2438 	DATA 	Keypress: rctrl
237.4655 	EXP 	Sound  started
238.0118 	DATA 	Keypress: rctrl
238.2155 	EXP 	Sound  started
238.7798 	DATA 	Keypress: lctrl
238.9655 	EXP 	Sound  started
239.4518 	DATA 	Keypress: rctrl
239.7155 	EXP 	Sound  started
240.2678 	DATA 	Keypress: lctrl
240.4655 	EXP 	Sound  started
240.9878 	DATA 	Keypress: lctrl
241.2155 	EXP 	Sound  started
241.7239 	DATA 	Keypress: rctrl
241.9656 	EXP 	Sound  started
242.4278 	DATA 	Keypress: rctrl
242.7156 	EXP 	Sound  started
243.2278 	DATA 	Keypress: rctrl
243.4656 	EXP 	Sound  started
244.0438 	DATA 	Keypress: lctrl
244.2156 	EXP 	Sound  started
244.8279 	DATA 	Keypress: lctrl
244.9656 	EXP 	Sound  started
245.5958 	DATA 	Keypress: lctrl
245.7156 	EXP 	Sound  started
246.2838 	DATA 	Keypress: rctrl
246.4656 	EXP 	Sound  started
247.0038 	DATA 	Keypress: lctrl
247.2157 	EXP 	Sound  started
247.6918 	DATA 	Keypress: rctrl
247.9657 	EXP 	Sound  started
248.4758 	DATA 	Keypress: lctrl
248.7157 	EXP 	Sound  started
249.2758 	DATA 	Keypress: lctrl
249.4657 	EXP 	Sound  started
250.0118 	DATA 	Keypress: rctrl
250.2157 	EXP 	Sound  started
250.5878 	DATA 	Keypress: lctrl
250.9657 	EXP 	Sound  started
251.3878 	DATA 	Keypress: rctrl
251.7157 	EXP 	Sound  started
252.1398 	DATA 	Keypress: rctrl
252.4658 	EXP 	Sound  started
252.8918 	DATA 	Keypress: rctrl
253.2158 	EXP 	Sound  started
253.6118 	DATA 	Keypress: lctrl
253.9904 	EXP 	unnamed TextStim: text = ''
253.9904 	EXP 	unnamed TextStim: text = ''
258.1434 	DATA 	Keypress: 4
258.1600 	EXP 	unnamed ShapeStim: vertices = <class 'numpy.ndarray'>
259.7112 	EXP 	unnamed TextStim: text = ''
259.7112 	EXP 	unnamed TextStim: text = ''
265.5828 	DATA 	Keypress: 3
265.5994 	EXP 	unnamed ShapeStim: vertices = <class 'numpy.ndarray'>
267.1340 	EXP 	unnamed TextStim: text = ''
267.1340 	EXP 	unnamed TextStim: text = ''
278.1599 	DATA 	Keypress: rctrl
279.1816 	DATA 	Keypress: 4
279.2105 	EXP 	unnamed ShapeStim: vertices = <class 'numpy.ndarray'>
281.4950 	EXP 	Sound  started
281.5638 	DATA 	Keypress: lctrl
282.2197 	DATA 	Keypress: lctrl
282.2450 	EXP 	Sound  started
282.9238 	DATA 	Keypress: lctrl
282.9950 	EXP 	Sound  started
283.5798 	DATA 	Keypress: lctrl
283.7450 	EXP 	Sound  started
284.2838 	DATA 	Keypress: rctrl
284.4950 	EXP 	Sound  started
284.9718 	DATA 	Keypress: rctrl
285.2450 	EXP 	Sound  started
285.7398 	DATA 	Keypress: lctrl
285.9951 	EXP 	Sound  started
286.5238 	DATA 	Keypress: rctrl
286.7451 	EXP 	Sound  started
287.1957 	DATA 	Keypress: rctrl
287.4951 	EXP 	Sound  started
288.0438 	DATA 	Keypress: lctrl
288.2451 	EXP 	Sound  started
288.7158 	DATA 	Keypress: rctrl
288.9951 	EXP 	Sound  started
289.4518 	DATA 	Keypress: lctrl
289.7451 	EXP 	Sound  started
290.1718 	DATA 	Keypress: lctrl
290.4952 	EXP 	Sound  started
290.9718 	DATA 	Keypress: rctrl
291.2452 	EXP 	Sound  started
291.6758 	DATA 	Keypress: rctrl
291.9952 	EXP 	Sound  started
292.3798 	DATA 	Keypress: lctrl
292.7452 	EXP 	Sound  started
293.2118 	DATA 	Keypress: rctrl
293.4952 	EXP 	Sound  started
294.0278 	DATA 	Keypress: rctrl
294.2452 	EXP 	Sound  started
294.8118 	DATA 	Keypress: lctrl
294.9952 	EXP 	Sound  started
295.4518 	DATA 	Keypress: lctrl
295.7453 	EXP 	Sound  started
296.2838 	DATA 	Keypress: rctrl
296.4953 	EXP 	Sound  started
297.0198 	DATA 	Keypress: rctrl
297.2453 	EXP 	Sound  started
297.7877 	DATA 	Keypress: lctrl
297.9953 	EXP 	Sound  started
298.5238 	DATA 	Keypress: lctrl
298.7453 	EXP 	Sound  started
299.2758 	DATA 	Keypress: rctrl
299.4953 	EXP 	Sound  started
300.0118 	DATA 	Keypress: rctrl
300.2454 	EXP 	Sound  started
300.8118 	DATA 	Keypress: lctrl
300.9954 	EXP 	Sound  started
301.5958 	DATA 	Keypress: lctrl
301.7454 	EXP 	Sound  started
302.3318 	DATA 	Keypress: rctrl
302.4954 	EXP 	Sound  started
303.1317 	DATA 	Keypress: lctrl
303.2454 	EXP 	Sound  started
303.8839 	DATA 	Keypress: rctrl
303.9954 	EXP 	Sound  started
304.6198 	DATA 	Keypress: rctrl
304.7455 	EXP 	Sound  started
305.3398 	DATA 	Keypress: lctrl
305.4955 	EXP 	Sound  started
306.0917 	DATA 	Keypress: rctrl
306.2455 	EXP 	Sound  started
306.8278 	DATA 	Keypress: lctrl
306.9955 	EXP 	Sound  started
307.5638 	DATA 	Keypress: lctrl
307.7455 	EXP 	Sound  started
308.3478 	DATA 	Keypress: rctrl
308.4955 	EXP 	Sound  started
309.0198 	DATA 	Keypress: rctrl
309.2456 	EXP 	Sound  started
309.7718 	DATA 	Keypress: lctrl
309.9956 	EXP 	Sound  started
310.5398 	DATA 	Keypress: rctrl
310.7456 	EXP 	Sound  started
311.2918 	DATA 	Keypress: lctrl
311.4956 	EXP 	Sound  started
312.0597 	DATA 	Keypress: rctrl
312.2456 	EXP 	Sound  started
312.8118 	DATA 	Keypress: lctrl
312.9956 	EXP 	Sound  started
313.5958 	DATA 	Keypress: rctrl
313.7456 	EXP 	Sound  started
314.3318 	DATA 	Keypress: rctrl
314.4957 	EXP 	Sound  started
315.0198 	DATA 	Keypress: lctrl
315.2457 	EXP 	Sound  started
315.7719 	DATA 	Keypress: rctrl
315.9957 	EXP 	Sound  started
316.5078 	DATA 	Keypress: rctrl
316.7457 	EXP 	Sound  started
317.2758 	DATA 	Keypress: lctrl
317.4957 	EXP 	Sound  started
318.0758 	DATA 	Keypress: lctrl
318.2457 	EXP 	Sound  started
318.8438 	DATA 	Keypress: rctrl
318.9957 	EXP 	Sound  started
319.6438 	DATA 	Keypress: rctrl
319.7458 	EXP 	Sound  started
320.4118 	DATA 	Keypress: rctrl
320.4958 	EXP 	Sound  started
321.2118 	DATA 	Keypress: lctrl
321.2458 	EXP 	Sound  started
321.8678 	DATA 	Keypress: rctrl
321.9960 	EXP 	Sound  started
322.5719 	DATA 	Keypress: lctrl
322.7460 	EXP 	Sound  started
323.3078 	DATA 	Keypress: lctrl
323.4960 	EXP 	Sound  started
324.0758 	DATA 	Keypress: lctrl
324.2460 	EXP 	Sound  started
324.8438 	DATA 	Keypress: rctrl
324.9960 	EXP 	Sound  started
325.5477 	DATA 	Keypress: rctrl
325.7460 	EXP 	Sound  started
326.2998 	DATA 	Keypress: lctrl
326.4961 	EXP 	Sound  started
327.0518 	DATA 	Keypress: rctrl
327.2461 	EXP 	Sound  started
327.7878 	DATA 	Keypress: lctrl
327.9961 	EXP 	Sound  started
328.5878 	DATA 	Keypress: lctrl
328.7461 	EXP 	Sound  started
329.2918 	DATA 	Keypress: rctrl
329.4961 	EXP 	Sound  started
330.0598 	DATA 	Keypress: rctrl
330.2461 	EXP 	Sound  started
330.9078 	DATA 	Keypress: rctrl
330.9962 	EXP 	Sound  started
331.5158 	DATA 	Keypress: lctrl
331.7462 	EXP 	Sound  started
332.3318 	DATA 	Keypress: lctrl
332.4962 	EXP 	Sound  started
333.0518 	DATA 	Keypress: rctrl
333.2462 	EXP 	Sound  started
333.9478 	DATA 	Keypress: rctrl
333.9962 	EXP 	Sound  started
334.6678 	DATA 	Keypress: rctrl
334.7462 	EXP 	Sound  started
335.3878 	DATA 	Keypress: lctrl
335.4962 	EXP 	Sound  started
336.0598 	DATA 	Keypress: lctrl
336.2463 	EXP 	Sound  started
336.6038 	DATA 	Keypress: rctrl
336.9963 	EXP 	Sound  started
337.4838 	DATA 	Keypress: lctrl
343.4466 	DATA 	Keypress: 3
343.4631 	EXP 	unnamed ShapeStim: vertices = <class 'numpy.ndarray'>
352.2539 	DATA 	Keypress: 3
352.2704 	EXP 	unnamed ShapeStim: vertices = <class 'numpy.ndarray'>
359.1595 	DATA 	Keypress: 4
359.1760 	EXP 	unnamed ShapeStim: vertices = <class 'numpy.ndarray'>
361.4612 	EXP 	Sound  started
361.6118 	DATA 	Keypress: lctrl
362.2112 	EXP 	Sound  started
362.2517 	DATA 	Keypress: lctrl
362.8758 	DATA 	Keypress: rctrl
362.9612 	EXP 	Sound  started
363.6278 	DATA 	Keypress: rctrl
363.7112 	EXP 	Sound  started
364.2677 	DATA 	Keypress: lctrl
364.4612 	EXP 	Sound  started
364.9718 	DATA 	Keypress: rctrl
365.2113 	EXP 	Sound  started
365.7718 	DATA 	Keypress: lctrl
365.9613 	EXP 	Sound  started
366.4917 	DATA 	Keypress: lctrl
366.7113 	EXP 	Sound  started
367.3078 	DATA 	Keypress: rctrl
367.4613 	EXP 	Sound  started
368.0277 	DATA 	Keypress: rctrl
368.2113 	EXP 	Sound  started
368.8278 	DATA 	Keypress: lctrl
368.9613 	EXP 	Sound  started
369.4678 	DATA 	Keypress: rctrl
369.7113 	EXP 	Sound  started
370.2357 	DATA 	Keypress: lctrl
370.4613 	EXP 	Sound  started
371.0198 	DATA 	Keypress: lctrl
371.2114 	EXP 	Sound  started
371.7398 	DATA 	Keypress: rctrl
371.9614 	EXP 	Sound  started
372.5558 	DATA 	Keypress: rctrl
372.7114 	EXP 	Sound  started
373.3398 	DATA 	Keypress: lctrl
373.4614 	EXP 	Sound  started
374.1237 	DATA 	Keypress: rctrl
374.2114 	EXP 	Sound  started
374.9078 	DATA 	Keypress: rctrl
374.9614 	EXP 	Sound  started
375.7114 	EXP 	Sound  started
375.8357 	DATA 	Keypress: lctrl
376.4615 	EXP 	Sound  started
376.4758 	DATA 	Keypress: lctrl
377.0517 	DATA 	Keypress: rctrl
377.2115 	EXP 	Sound  started
377.6758 	DATA 	Keypress: rctrl
377.9615 	EXP 	Sound  started
378.5078 	DATA 	Keypress: rctrl
378.7115 	EXP 	Sound  started
379.3077 	DATA 	Keypress: lctrl
379.4615 	EXP 	Sound  started
380.0278 	DATA 	Keypress: rctrl
380.2115 	EXP 	Sound  started
380.9558 	DATA 	Keypress: lctrl
380.9615 	EXP 	Sound  started
381.6438 	DATA 	Keypress: rctrl
381.7116 	EXP 	Sound  started
382.3158 	DATA 	Keypress: rctrl
382.4616 	EXP 	Sound  started
383.1318 	DATA 	Keypress: lctrl
383.2116 	EXP 	Sound  started
383.8678 	DATA 	Keypress: lctrl
383.9616 	EXP 	Sound  started
384.5078 	DATA 	Keypress: rctrl
384.7116 	EXP 	Sound  started
385.3398 	DATA 	Keypress: rctrl
385.4616 	EXP 	Sound  started
385.9478 	DATA 	Keypress: rctrl
386.2117 	EXP 	Sound  started
386.8437 	DATA 	Keypress: rctrl
386.9617 	EXP 	Sound  started
387.5477 	DATA 	Keypress: lctrl
387.7117 	EXP 	Sound  started
388.2198 	DATA 	Keypress: rctrl
388.4617 	EXP 	Sound  started
389.0037 	DATA 	Keypress: rctrl
389.2117 	EXP 	Sound  started
389.8358 	DATA 	Keypress: lctrl
389.9617 	EXP 	Sound  started
390.6038 	DATA 	Keypress: rctrl
390.7117 	EXP 	Sound  started
391.4618 	EXP 	Sound  started
391.4838 	DATA 	Keypress: lctrl
392.1718 	DATA 	Keypress: rctrl
392.2118 	EXP 	Sound  started
392.8597 	DATA 	Keypress: rctrl
392.9618 	EXP 	Sound  started
393.5958 	DATA 	Keypress: lctrl
393.7118 	EXP 	Sound  started
394.3638 	DATA 	Keypress: rctrl
394.4618 	EXP 	Sound  started
395.1317 	DATA 	Keypress: lctrl
395.2118 	EXP 	Sound  started
395.8838 	DATA 	Keypress: rctrl
395.9618 	EXP 	Sound  started
396.6198 	DATA 	Keypress: lctrl
396.7119 	EXP 	Sound  started
397.3397 	DATA 	Keypress: lctrl
397.4619 	EXP 	Sound  started
398.0438 	DATA 	Keypress: lctrl
398.2119 	EXP 	Sound  started
398.7797 	DATA 	Keypress: lctrl
398.9619 	EXP 	Sound  started
399.5318 	DATA 	Keypress: lctrl
399.7119 	EXP 	Sound  started
400.3158 	DATA 	Keypress: rctrl
400.4619 	EXP 	Sound  started
401.0837 	DATA 	Keypress: lctrl
401.2120 	EXP 	Sound  started
401.8357 	DATA 	Keypress: lctrl
401.9620 	EXP 	Sound  started
402.6678 	DATA 	Keypress: lctrl
402.7120 	EXP 	Sound  started
403.3558 	DATA 	Keypress: lctrl
403.4620 	EXP 	Sound  started
404.0598 	DATA 	Keypress: lctrl
404.2120 	EXP 	Sound  started
404.7638 	DATA 	Keypress: rctrl
404.9620 	EXP 	Sound  started
405.5637 	DATA 	Keypress: rctrl
405.7120 	EXP 	Sound  started
406.3638 	DATA 	Keypress: lctrl
406.4621 	EXP 	Sound  started
407.0678 	DATA 	Keypress: rctrl
407.2121 	EXP 	Sound  started
407.9621 	EXP 	Sound  started
407.9638 	DATA 	Keypress: lctrl
408.6038 	DATA 	Keypress: rctrl
408.7121 	EXP 	Sound  started
409.2598 	DATA 	Keypress: rctrl
409.4621 	EXP 	Sound  started
409.9477 	DATA 	Keypress: rctrl
410.2121 	EXP 	Sound  started
410.7478 	DATA 	Keypress: lctrl
410.9621 	EXP 	Sound  started
411.5477 	DATA 	Keypress: lctrl
411.7122 	EXP 	Sound  started
412.2998 	DATA 	Keypress: rctrl
412.4622 	EXP 	Sound  started
412.9558 	DATA 	Keypress: rctrl
413.2122 	EXP 	Sound  started
413.7398 	DATA 	Keypress: lctrl
417.8075 	DATA 	Keypress: 2
417.8240 	EXP 	unnamed ShapeStim: vertices = <class 'numpy.ndarray'>
423.4789 	DATA 	Keypress: 1
423.4954 	EXP 	unnamed ShapeStim: vertices = <class 'numpy.ndarray'>
428.1159 	DATA 	Keypress: 1
428.1325 	EXP 	unnamed ShapeStim: vertices = <class 'numpy.ndarray'>
430.4167 	EXP 	Sound  started
430.4278 	DATA 	Keypress: lctrl
431.1157 	DATA 	Keypress: lctrl
431.1667 	EXP 	Sound  started
431.8037 	DATA 	Keypress: lctrl
431.9167 	EXP 	Sound  started
432.5077 	DATA 	Keypress: lctrl
432.6667 	EXP 	Sound  started
433.2278 	DATA 	Keypress: lctrl
433.4167 	EXP 	Sound  started
433.9478 	DATA 	Keypress: rctrl
434.1668 	EXP 	Sound  started
434.7158 	DATA 	Keypress: rctrl
434.9168 	EXP 	Sound  started
435.4517 	DATA 	Keypress: rctrl
435.6668 	EXP 	Sound  started
436.2358 	DATA 	Keypress: lctrl
436.4168 	EXP 	Sound  started
436.9237 	DATA 	Keypress: rctrl
437.1668 	EXP 	Sound  started
437.7397 	DATA 	Keypress: rctrl
437.9168 	EXP 	Sound  started
438.5398 	DATA 	Keypress: rctrl
438.6668 	EXP 	Sound  started
439.2758 	DATA 	Keypress: lctrl
439.4169 	EXP 	Sound  started
439.9477 	DATA 	Keypress: rctrl
440.1669 	EXP 	Sound  started
440.7957 	DATA 	Keypress: lctrl
440.9169 	EXP 	Sound  started
441.6117 	DATA 	Keypress: lctrl
441.6669 	EXP 	Sound  started
442.3638 	DATA 	Keypress: rctrl
442.4169 	EXP 	Sound  started
443.0838 	DATA 	Keypress: rctrl
443.1669 	EXP 	Sound  started
443.8678 	DATA 	Keypress: lctrl
443.9169 	EXP 	Sound  started
444.5237 	DATA 	Keypress: rctrl
444.6670 	EXP 	Sound  started
445.2117 	DATA 	Keypress: rctrl
445.4170 	EXP 	Sound  started
445.9797 	DATA 	Keypress: lctrl
446.1670 	EXP 	Sound  started
446.8278 	DATA 	Keypress: rctrl
446.9170 	EXP 	Sound  started
447.5477 	DATA 	Keypress: rctrl
447.6670 	EXP 	Sound  started
448.2998 	DATA 	Keypress: lctrl
448.4170 	EXP 	Sound  started
449.0838 	DATA 	Keypress: lctrl
449.1670 	EXP 	Sound  started
449.8838 	DATA 	Keypress: rctrl
449.9171 	EXP 	Sound  started
450.6038 	DATA 	Keypress: lctrl
450.6671 	EXP 	Sound  started
451.3717 	DATA 	Keypress: rctrl
451.4171 	EXP 	Sound  started
452.0758 	DATA 	Keypress: lctrl
452.1671 	EXP 	Sound  started
452.8598 	DATA 	Keypress: lctrl
452.9171 	EXP 	Sound  started
453.5638 	DATA 	Keypress: rctrl
453.6671 	EXP 	Sound  started
454.3478 	DATA 	Keypress: lctrl
454.4171 	EXP 	Sound  started
454.9879 	DATA 	Keypress: rctrl
455.1672 	EXP 	Sound  started
455.8038 	DATA 	Keypress: lctrl
455.9172 	EXP 	Sound  started
456.5558 	DATA 	Keypress: lctrl
456.6672 	EXP 	Sound  started
457.3397 	DATA 	Keypress: lctrl
457.4172 	EXP 	Sound  started
458.0918 	DATA 	Keypress: rctrl
458.1672 	EXP 	Sound  started
458.8118 	DATA 	Keypress: lctrl
458.9172 	EXP 	Sound  started
459.5477 	DATA 	Keypress: rctrl
459.6673 	EXP 	Sound  started
460.2517 	DATA 	Keypress: rctrl
460.4173 	EXP 	Sound  started
461.0998 	DATA 	Keypress: rctrl
461.1673 	EXP 	Sound  started
461.8198 	DATA 	Keypress: lctrl
461.9173 	EXP 	Sound  started
462.5398 	DATA 	Keypress: rctrl
462.6673 	EXP 	Sound  started
463.2918 	DATA 	Keypress: rctrl
463.4173 	EXP 	Sound  started
464.0438 	DATA 	Keypress: lctrl
464.1673 	EXP 	Sound  started
464.7317 	DATA 	Keypress: rctrl
464.9174 	EXP 	Sound  started
465.4998 	DATA 	Keypress: rctrl
465.6674 	EXP 	Sound  started
466.3158 	DATA 	Keypress: lctrl
466.4174 	EXP 	Sound  started
467.1157 	DATA 	Keypress: rctrl
467.1674 	EXP 	Sound  started
467.8997 	DATA 	Keypress: lctrl
467.9174 	EXP 	Sound  started
468.6674 	EXP 	Sound  started
468.6678 	DATA 	Keypress: rctrl
469.3718 	DATA 	Keypress: lctrl
469.4174 	EXP 	Sound  started
470.1558 	DATA 	Keypress: lctrl
473.6532 	DATA 	Keypress: 3
473.6697 	EXP 	unnamed ShapeStim: vertices = <class 'numpy.ndarray'>
476.4060 	DATA 	Keypress: 3
476.4225 	EXP 	unnamed ShapeStim: vertices = <class 'numpy.ndarray'>
478.8779 	DATA 	Keypress: 3
478.9074 	EXP 	unnamed ShapeStim: vertices = <class 'numpy.ndarray'>
481.1918 	EXP 	Sound  started
481.4037 	DATA 	Keypress: rctrl
481.9417 	EXP 	Sound  started
481.9958 	DATA 	Keypress: lctrl
482.6197 	DATA 	Keypress: rctrl
482.6917 	EXP 	Sound  started
483.4038 	DATA 	Keypress: rctrl
483.4417 	EXP 	Sound  started
484.0757 	DATA 	Keypress: lctrl
484.1918 	EXP 	Sound  started
484.9078 	DATA 	Keypress: lctrl
484.9418 	EXP 	Sound  started
485.6918 	EXP 	Sound  started
485.7397 	DATA 	Keypress: rctrl
486.4418 	EXP 	Sound  started
486.4438 	DATA 	Keypress: lctrl
487.0678 	DATA 	Keypress: rctrl
487.1918 	EXP 	Sound  started
487.9418 	EXP 	Sound  started
487.9638 	DATA 	Keypress: rctrl
488.6918 	EXP 	Sound  started
488.7158 	DATA 	Keypress: lctrl
489.3878 	DATA 	Keypress: rctrl
489.4418 	EXP 	Sound  started
490.1078 	DATA 	Keypress: rctrl
490.1919 	EXP 	Sound  started
490.8757 	DATA 	Keypress: rctrl
490.9419 	EXP 	Sound  started
491.6918 	DATA 	Keypress: lctrl
491.6921 	EXP 	Sound  started
492.3798 	DATA 	Keypress: rctrl
492.4421 	EXP 	Sound  started
493.1157 	DATA 	Keypress: lctrl
493.1921 	EXP 	Sound  started
493.9157 	DATA 	Keypress: rctrl
493.9421 	EXP 	Sound  started
494.6678 	DATA 	Keypress: rctrl
494.6921 	EXP 	Sound  started
495.3877 	DATA 	Keypress: lctrl
495.4421 	EXP 	Sound  started
496.1558 	DATA 	Keypress: lctrl
496.1922 	EXP 	Sound  started
496.8438 	DATA 	Keypress: rctrl
496.9422 	EXP 	Sound  started
497.5798 	DATA 	Keypress: lctrl
497.6922 	EXP 	Sound  started
498.3318 	DATA 	Keypress: rctrl
498.4422 	EXP 	Sound  started
499.0518 	DATA 	Keypress: rctrl
499.1922 	EXP 	Sound  started
499.8358 	DATA 	Keypress: rctrl
499.9422 	EXP 	Sound  started
500.6358 	DATA 	Keypress: rctrl
500.6922 	EXP 	Sound  started
501.2918 	DATA 	Keypress: lctrl
501.4423 	EXP 	Sound  started
502.0277 	DATA 	Keypress: lctrl
502.1923 	EXP 	Sound  started
502.7157 	DATA 	Keypress: rctrl
502.9423 	EXP 	Sound  started
503.5318 	DATA 	Keypress: rctrl
503.6923 	EXP 	Sound  started
504.3478 	DATA 	Keypress: lctrl
504.4423 	EXP 	Sound  started
505.1923 	EXP 	Sound  started
505.1957 	DATA 	Keypress: lctrl
505.8677 	DATA 	Keypress: rctrl
505.9424 	EXP 	Sound  started
506.6677 	DATA 	Keypress: rctrl
506.6924 	EXP 	Sound  started
507.4197 	DATA 	Keypress: lctrl
507.4424 	EXP 	Sound  started
508.1557 	DATA 	Keypress: rctrl
508.1924 	EXP 	Sound  started
508.9237 	DATA 	Keypress: rctrl
508.9424 	EXP 	Sound  started
509.6924 	EXP 	Sound  started
509.7078 	DATA 	Keypress: rctrl
510.4424 	EXP 	Sound  started
510.4598 	DATA 	Keypress: rctrl
511.1157 	DATA 	Keypress: rctrl
511.1925 	EXP 	Sound  started
511.9425 	EXP 	Sound  started
512.0118 	DATA 	Keypress: lctrl
512.6925 	EXP 	Sound  started
512.7638 	DATA 	Keypress: lctrl
513.4425 	EXP 	Sound  started
513.4518 	DATA 	Keypress: lctrl
514.0757 	DATA 	Keypress: rctrl
514.1925 	EXP 	Sound  started
514.8118 	DATA 	Keypress: rctrl
514.9425 	EXP 	Sound  started
515.5637 	DATA 	Keypress: lctrl
515.6926 	EXP 	Sound  started
516.3478 	DATA 	Keypress: rctrl
516.4426 	EXP 	Sound  started
517.1477 	DATA 	Keypress: rctrl
517.1926 	EXP 	Sound  started
517.8198 	DATA 	Keypress: lctrl
517.9426 	EXP 	Sound  started
518.6037 	DATA 	Keypress: rctrl
518.6926 	EXP 	Sound  started
519.4199 	DATA 	Keypress: rctrl
519.4426 	EXP 	Sound  started
520.1927 	EXP 	Sound  started
520.2037 	DATA 	Keypress: rctrl
520.8917 	DATA 	Keypress: lctrl
520.9427 	EXP 	Sound  started
521.6277 	DATA 	Keypress: rctrl
521.6927 	EXP 	Sound  started
522.4427 	EXP 	Sound  started
522.4597 	DATA 	Keypress: lctrl
523.1637 	DATA 	Keypress: rctrl
523.1927 	EXP 	Sound  started
523.8357 	DATA 	Keypress: lctrl
523.9427 	EXP 	Sound  started
524.5238 	DATA 	Keypress: rctrl
524.6927 	EXP 	Sound  started
525.3397 	DATA 	Keypress: rctrl
525.4428 	EXP 	Sound  started
526.0917 	DATA 	Keypress: rctrl
526.1928 	EXP 	Sound  started
526.9398 	DATA 	Keypress: rctrl
526.9428 	EXP 	Sound  started
527.6278 	DATA 	Keypress: rctrl
527.6928 	EXP 	Sound  started
528.4428 	EXP 	Sound  started
528.5077 	DATA 	Keypress: lctrl
529.1928 	EXP 	Sound  started
529.2117 	DATA 	Keypress: lctrl
529.9429 	EXP 	Sound  started
529.9797 	DATA 	Keypress: lctrl
530.6678 	DATA 	Keypress: rctrl
530.6929 	EXP 	Sound  started
531.4037 	DATA 	Keypress: rctrl
531.4429 	EXP 	Sound  started
532.1717 	DATA 	Keypress: rctrl
532.1929 	EXP 	Sound  started
532.9429 	EXP 	Sound  started
532.9717 	DATA 	Keypress: lctrl
533.6929 	EXP 	Sound  started
533.7398 	DATA 	Keypress: lctrl
534.4429 	EXP 	Sound  started
534.4758 	DATA 	Keypress: rctrl
535.0837 	DATA 	Keypress: rctrl
535.1930 	EXP 	Sound  started
535.9317 	DATA 	Keypress: rctrl
535.9430 	EXP 	Sound  started
536.6518 	DATA 	Keypress: rctrl
536.6930 	EXP 	Sound  started
537.4037 	DATA 	Keypress: lctrl
537.4430 	EXP 	Sound  started
538.0278 	DATA 	Keypress: rctrl
538.1930 	EXP 	Sound  started
538.7798 	DATA 	Keypress: rctrl
538.9430 	EXP 	Sound  started
539.4837 	DATA 	Keypress: lctrl
539.6930 	EXP 	Sound  started
540.2037 	DATA 	Keypress: rctrl
540.4431 	EXP 	Sound  started
541.0197 	DATA 	Keypress: rctrl
541.1931 	EXP 	Sound  started
541.7237 	DATA 	Keypress: lctrl
541.9431 	EXP 	Sound  started
542.3637 	DATA 	Keypress: rctrl
545.0784 	DATA 	Keypress: 2
545.0949 	EXP 	unnamed ShapeStim: vertices = <class 'numpy.ndarray'>
550.1992 	DATA 	Keypress: 3
550.2158 	EXP 	unnamed ShapeStim: vertices = <class 'numpy.ndarray'>
553.9523 	DATA 	Keypress: 3
553.9688 	EXP 	unnamed ShapeStim: vertices = <class 'numpy.ndarray'>
556.2538 	EXP 	Sound  started
556.4918 	DATA 	Keypress: rctrl
556.9877 	DATA 	Keypress: rctrl
557.0038 	EXP 	Sound  started
557.6437 	DATA 	Keypress: lctrl
557.7538 	EXP 	Sound  started
558.2357 	DATA 	Keypress: rctrl
558.5038 	EXP 	Sound  started
559.0999 	DATA 	Keypress: lctrl
559.2538 	EXP 	Sound  started
559.9157 	DATA 	Keypress: lctrl
560.0038 	EXP 	Sound  started
560.6518 	DATA 	Keypress: lctrl
560.7539 	EXP 	Sound  started
561.4838 	DATA 	Keypress: lctrl
561.5039 	EXP 	Sound  started
562.2038 	DATA 	Keypress: rctrl
562.2539 	EXP 	Sound  started
562.7958 	DATA 	Keypress: rctrl
563.0039 	EXP 	Sound  started
563.5797 	DATA 	Keypress: rctrl
563.7539 	EXP 	Sound  started
564.3318 	DATA 	Keypress: lctrl
564.5039 	EXP 	Sound  started
565.0677 	DATA 	Keypress: rctrl
565.2540 	EXP 	Sound  started
565.7397 	DATA 	Keypress: rctrl
566.0040 	EXP 	Sound  started
566.5558 	DATA 	Keypress: rctrl
566.7540 	EXP 	Sound  started
567.1798 	DATA 	Keypress: rctrl
567.5040 	EXP 	Sound  started
568.0598 	DATA 	Keypress: lctrl
568.2540 	EXP 	Sound  started
568.7637 	DATA 	Keypress: rctrl
569.0040 	EXP 	Sound  started
569.5797 	DATA 	Keypress: lctrl
569.7540 	EXP 	Sound  started
570.3637 	DATA 	Keypress: lctrl
570.5041 	EXP 	Sound  started
571.1157 	DATA 	Keypress: rctrl
571.2541 	EXP 	Sound  started
571.8518 	DATA 	Keypress: lctrl
572.0041 	EXP 	Sound  started
572.5557 	DATA 	Keypress: rctrl
572.7541 	EXP 	Sound  started
573.3237 	DATA 	Keypress: rctrl
573.5041 	EXP 	Sound  started
574.0279 	DATA 	Keypress: lctrl
574.2541 	EXP 	Sound  started
574.8118 	DATA 	Keypress: rctrl
575.0042 	EXP 	Sound  started
575.4998 	DATA 	Keypress: rctrl
575.7542 	EXP 	Sound  started
576.4917 	DATA 	Keypress: rctrl
576.5042 	EXP 	Sound  started
577.1477 	DATA 	Keypress: rctrl
577.2542 	EXP 	Sound  started
578.0042 	EXP 	Sound  started
578.0437 	DATA 	Keypress: rctrl
578.6358 	DATA 	Keypress: rctrl
578.7542 	EXP 	Sound  started
579.3238 	DATA 	Keypress: rctrl
579.5042 	EXP 	Sound  started
580.1557 	DATA 	Keypress: lctrl
580.2542 	EXP 	Sound  started
580.8118 	DATA 	Keypress: rctrl
581.0043 	EXP 	Sound  started
581.5957 	DATA 	Keypress: lctrl
581.7543 	EXP 	Sound  started
582.3637 	DATA 	Keypress: lctrl
582.5043 	EXP 	Sound  started
583.1957 	DATA 	Keypress: rctrl
583.2543 	EXP 	Sound  started
583.8837 	DATA 	Keypress: rctrl
584.0043 	EXP 	Sound  started
584.5878 	DATA 	Keypress: rctrl
584.7543 	EXP 	Sound  started
585.3558 	DATA 	Keypress: rctrl
585.5044 	EXP 	Sound  started
586.2037 	DATA 	Keypress: lctrl
586.2544 	EXP 	Sound  started
586.9397 	DATA 	Keypress: rctrl
587.0044 	EXP 	Sound  started
587.6277 	DATA 	Keypress: rctrl
587.7544 	EXP 	Sound  started
588.3477 	DATA 	Keypress: lctrl
588.5044 	EXP 	Sound  started
589.1477 	DATA 	Keypress: rctrl
589.2544 	EXP 	Sound  started
589.8677 	DATA 	Keypress: rctrl
590.0045 	EXP 	Sound  started
590.7545 	EXP 	Sound  started
590.7797 	DATA 	Keypress: rctrl
591.4518 	DATA 	Keypress: lctrl
591.5045 	EXP 	Sound  started
592.1878 	DATA 	Keypress: lctrl
592.2545 	EXP 	Sound  started
593.0045 	EXP 	Sound  started
593.7545 	EXP 	Sound  started
593.7717 	DATA 	Keypress: lctrl
594.4597 	DATA 	Keypress: lctrl
594.5045 	EXP 	Sound  started
595.1318 	DATA 	Keypress: rctrl
595.2546 	EXP 	Sound  started
595.9318 	DATA 	Keypress: rctrl
596.0046 	EXP 	Sound  started
596.7157 	DATA 	Keypress: lctrl
596.7546 	EXP 	Sound  started
597.4517 	DATA 	Keypress: lctrl
597.5046 	EXP 	Sound  started
598.1398 	DATA 	Keypress: rctrl
598.2546 	EXP 	Sound  started
598.9077 	DATA 	Keypress: lctrl
599.0046 	EXP 	Sound  started
599.6437 	DATA 	Keypress: rctrl
599.7546 	EXP 	Sound  started
600.3797 	DATA 	Keypress: rctrl
600.5047 	EXP 	Sound  started
601.2547 	EXP 	Sound  started
601.2597 	DATA 	Keypress: lctrl
601.9637 	DATA 	Keypress: lctrl
602.0047 	EXP 	Sound  started
602.7157 	DATA 	Keypress: lctrl
602.7547 	EXP 	Sound  started
603.4197 	DATA 	Keypress: rctrl
603.5047 	EXP 	Sound  started
604.2197 	DATA 	Keypress: lctrl
604.2547 	EXP 	Sound  started
604.9397 	DATA 	Keypress: lctrl
605.0047 	EXP 	Sound  started
605.6437 	DATA 	Keypress: lctrl
605.7548 	EXP 	Sound  started
606.3158 	DATA 	Keypress: lctrl
606.5048 	EXP 	Sound  started
607.1957 	DATA 	Keypress: rctrl
607.2548 	EXP 	Sound  started
607.8037 	DATA 	Keypress: lctrl
608.0048 	EXP 	Sound  started
608.5238 	DATA 	Keypress: rctrl
610.4986 	DATA 	Keypress: 3
610.5151 	EXP 	unnamed ShapeStim: vertices = <class 'numpy.ndarray'>
612.5503 	DATA 	Keypress: 2
612.5668 	EXP 	unnamed ShapeStim: vertices = <class 'numpy.ndarray'>
616.8705 	DATA 	Keypress: 2
616.8870 	EXP 	unnamed ShapeStim: vertices = <class 'numpy.ndarray'>
619.1726 	EXP 	Sound  started
619.1729 	DATA 	Keypress: rctrl
619.7557 	DATA 	Keypress: rctrl
619.9226 	EXP 	Sound  started
620.5557 	DATA 	Keypress: lctrl
620.6726 	EXP 	Sound  started
621.2597 	DATA 	Keypress: rctrl
621.4226 	EXP 	Sound  started
621.9157 	DATA 	Keypress: rctrl
622.1727 	EXP 	Sound  started
622.6678 	DATA 	Keypress: rctrl
622.9227 	EXP 	Sound  started
623.4998 	DATA 	Keypress: lctrl
623.6727 	EXP 	Sound  started
624.4227 	EXP 	Sound  started
624.4597 	DATA 	Keypress: rctrl
625.1478 	DATA 	Keypress: lctrl
625.1727 	EXP 	Sound  started
625.8197 	DATA 	Keypress: rctrl
625.9227 	EXP 	Sound  started
626.6037 	DATA 	Keypress: lctrl
626.6728 	EXP 	Sound  started
627.3877 	DATA 	Keypress: lctrl
627.4228 	EXP 	Sound  started
628.0437 	DATA 	Keypress: rctrl
628.1728 	EXP 	Sound  started
628.8597 	DATA 	Keypress: rctrl
628.9228 	EXP 	Sound  started
629.5957 	DATA 	Keypress: lctrl
629.6728 	EXP 	Sound  started
630.2678 	DATA 	Keypress: rctrl
630.4228 	EXP 	Sound  started
631.0037 	DATA 	Keypress: lctrl
631.1728 	EXP 	Sound  started
631.7877 	DATA 	Keypress: lctrl
631.9229 	EXP 	Sound  started
632.5238 	DATA 	Keypress: lctrl
632.6729 	EXP 	Sound  started
633.3078 	DATA 	Keypress: rctrl
633.4229 	EXP 	Sound  started
634.0117 	DATA 	Keypress: rctrl
634.1729 	EXP 	Sound  started
634.7957 	DATA 	Keypress: rctrl
634.9229 	EXP 	Sound  started
635.5477 	DATA 	Keypress: rctrl
635.6729 	EXP 	Sound  started
636.2998 	DATA 	Keypress: rctrl
636.4229 	EXP 	Sound  started
637.1157 	DATA 	Keypress: rctrl
637.1730 	EXP 	Sound  started
637.8037 	DATA 	Keypress: rctrl
637.9230 	EXP 	Sound  started
638.5557 	DATA 	Keypress: lctrl
638.6730 	EXP 	Sound  started
639.3077 	DATA 	Keypress: rctrl
639.4230 	EXP 	Sound  started
640.1078 	DATA 	Keypress: lctrl
640.1730 	EXP 	Sound  started
640.8757 	DATA 	Keypress: lctrl
640.9230 	EXP 	Sound  started
641.6437 	DATA 	Keypress: lctrl
641.6730 	EXP 	Sound  started
642.4231 	EXP 	Sound  started
642.4277 	DATA 	Keypress: lctrl
643.1317 	DATA 	Keypress: lctrl
643.1731 	EXP 	Sound  started
643.8357 	DATA 	Keypress: rctrl
643.9231 	EXP 	Sound  started
644.6677 	DATA 	Keypress: lctrl
644.6731 	EXP 	Sound  started
645.3557 	DATA 	Keypress: rctrl
645.4231 	EXP 	Sound  started
646.0918 	DATA 	Keypress: rctrl
646.1731 	EXP 	Sound  started
646.8438 	DATA 	Keypress: rctrl
646.9232 	EXP 	Sound  started
647.6277 	DATA 	Keypress: rctrl
647.6732 	EXP 	Sound  started
648.3637 	DATA 	Keypress: lctrl
648.4232 	EXP 	Sound  started
649.0997 	DATA 	Keypress: lctrl
649.1732 	EXP 	Sound  started
649.8997 	DATA 	Keypress: rctrl
649.9232 	EXP 	Sound  started
650.5718 	DATA 	Keypress: lctrl
650.6732 	EXP 	Sound  started
651.3717 	DATA 	Keypress: rctrl
651.4232 	EXP 	Sound  started
651.9797 	DATA 	Keypress: rctrl
652.1732 	EXP 	Sound  started
652.7477 	DATA 	Keypress: lctrl
652.9233 	EXP 	Sound  started
653.5477 	DATA 	Keypress: rctrl
653.6733 	EXP 	Sound  started
654.3317 	DATA 	Keypress: lctrl
654.4233 	EXP 	Sound  started
655.1157 	DATA 	Keypress: lctrl
655.1733 	EXP 	Sound  started
655.9158 	DATA 	Keypress: rctrl
655.9233 	EXP 	Sound  started
656.5877 	DATA 	Keypress: lctrl
656.6733 	EXP 	Sound  started
657.3557 	DATA 	Keypress: rctrl
657.4233 	EXP 	Sound  started
658.0118 	DATA 	Keypress: lctrl
658.1734 	EXP 	Sound  started
658.9234 	EXP 	Sound  started
658.9237 	DATA 	Keypress: lctrl
659.5797 	DATA 	Keypress: rctrl
659.6734 	EXP 	Sound  started
660.3957 	DATA 	Keypress: lctrl
660.4234 	EXP 	Sound  started
661.1734 	EXP 	Sound  started
661.2118 	DATA 	Keypress: lctrl
661.9157 	DATA 	Keypress: lctrl
661.9234 	EXP 	Sound  started
662.6517 	DATA 	Keypress: rctrl
662.6735 	EXP 	Sound  started
663.3717 	DATA 	Keypress: lctrl
663.4235 	EXP 	Sound  started
664.0917 	DATA 	Keypress: rctrl
664.1735 	EXP 	Sound  started
664.8277 	DATA 	Keypress: lctrl
664.9235 	EXP 	Sound  started
665.5637 	DATA 	Keypress: rctrl
665.6735 	EXP 	Sound  started
666.2998 	DATA 	Keypress: rctrl
666.4235 	EXP 	Sound  started
667.0837 	DATA 	Keypress: rctrl
667.1736 	EXP 	Sound  started
667.8677 	DATA 	Keypress: lctrl
667.9236 	EXP 	Sound  started
668.6736 	EXP 	Sound  started
668.6998 	DATA 	Keypress: lctrl
669.3238 	DATA 	Keypress: rctrl
671.4318 	DATA 	Keypress: 2
671.4484 	EXP 	unnamed ShapeStim: vertices = <class 'numpy.ndarray'>
676.2358 	DATA 	Keypress: 1
676.2523 	EXP 	unnamed ShapeStim: vertices = <class 'numpy.ndarray'>
680.6894 	DATA 	Keypress: 2
680.7059 	EXP 	unnamed ShapeStim: vertices = <class 'numpy.ndarray'>
682.9903 	EXP 	Sound  started
683.1798 	DATA 	Keypress: rctrl
683.6919 	DATA 	Keypress: rctrl
683.7403 	EXP 	Sound  started
684.3638 	DATA 	Keypress: rctrl
684.4903 	EXP 	Sound  started
684.9557 	DATA 	Keypress: rctrl
685.2403 	EXP 	Sound  started
685.6437 	DATA 	Keypress: rctrl
685.9903 	EXP 	Sound  started
686.3957 	DATA 	Keypress: rctrl
686.7403 	EXP 	Sound  started
687.2117 	DATA 	Keypress: lctrl
687.4903 	EXP 	Sound  started
688.0277 	DATA 	Keypress: rctrl
688.2403 	EXP 	Sound  started
688.8917 	DATA 	Keypress: rctrl
688.9904 	EXP 	Sound  started
689.5797 	DATA 	Keypress: rctrl
689.7404 	EXP 	Sound  started
690.3637 	DATA 	Keypress: rctrl
690.4904 	EXP 	Sound  started
691.1797 	DATA 	Keypress: rctrl
691.2404 	EXP 	Sound  started
691.8678 	DATA 	Keypress: lctrl
691.9904 	EXP 	Sound  started
692.4917 	DATA 	Keypress: rctrl
692.7404 	EXP 	Sound  started
693.2757 	DATA 	Keypress: lctrl
693.4905 	EXP 	Sound  started
693.9797 	DATA 	Keypress: rctrl
694.2405 	EXP 	Sound  started
694.7317 	DATA 	Keypress: lctrl
694.9905 	EXP 	Sound  started
695.5317 	DATA 	Keypress: rctrl
695.7405 	EXP 	Sound  started
696.2997 	DATA 	Keypress: rctrl
696.4905 	EXP 	Sound  started
697.2405 	EXP 	Sound  started
697.3237 	DATA 	Keypress: rctrl
697.9906 	EXP 	Sound  started
697.9957 	DATA 	Keypress: lctrl
698.7317 	DATA 	Keypress: rctrl
698.7406 	EXP 	Sound  started
699.3718 	DATA 	Keypress: rctrl
699.4906 	EXP 	Sound  started
700.1237 	DATA 	Keypress: lctrl
700.2406 	EXP 	Sound  started
700.7797 	DATA 	Keypress: lctrl
700.9906 	EXP 	Sound  started
701.6597 	DATA 	Keypress: lctrl
701.7407 	EXP 	Sound  started
702.3317 	DATA 	Keypress: rctrl
702.4907 	EXP 	Sound  started
703.0678 	DATA 	Keypress: rctrl
703.2407 	EXP 	Sound  started
703.8357 	DATA 	Keypress: lctrl
703.9907 	EXP 	Sound  started
704.5557 	DATA 	Keypress: rctrl
704.7407 	EXP 	Sound  started
705.3237 	DATA 	Keypress: lctrl
705.4907 	EXP 	Sound  started
706.0758 	DATA 	Keypress: rctrl
706.2407 	EXP 	Sound  started
706.8757 	DATA 	Keypress: rctrl
706.9908 	EXP 	Sound  started
707.5797 	DATA 	Keypress: rctrl
707.7408 	EXP 	Sound  started
708.3478 	DATA 	Keypress: lctrl
708.4908 	EXP 	Sound  started
709.0997 	DATA 	Keypress: lctrl
709.2408 	EXP 	Sound  started
709.7717 	DATA 	Keypress: rctrl
709.9908 	EXP 	Sound  started
710.6357 	DATA 	Keypress: rctrl
710.7408 	EXP 	Sound  started
711.4037 	DATA 	Keypress: lctrl
711.4908 	EXP 	Sound  started
712.1237 	DATA 	Keypress: rctrl
712.2409 	EXP 	Sound  started
712.9237 	DATA 	Keypress: lctrl
712.9909 	EXP 	Sound  started
713.6437 	DATA 	Keypress: lctrl
713.7409 	EXP 	Sound  started
714.4597 	DATA 	Keypress: rctrl
714.4909 	EXP 	Sound  started
715.1157 	DATA 	Keypress: rctrl
715.2409 	EXP 	Sound  started
715.8997 	DATA 	Keypress: lctrl
715.9909 	EXP 	Sound  started
716.6197 	DATA 	Keypress: lctrl
716.7410 	EXP 	Sound  started
717.3717 	DATA 	Keypress: rctrl
717.4910 	EXP 	Sound  started
718.1077 	DATA 	Keypress: rctrl
718.2410 	EXP 	Sound  started
718.9910 	EXP 	Sound  started
719.0197 	DATA 	Keypress: lctrl
719.6438 	DATA 	Keypress: rctrl
719.7410 	EXP 	Sound  started
720.3478 	DATA 	Keypress: rctrl
720.4910 	EXP 	Sound  started
721.0997 	DATA 	Keypress: rctrl
721.2410 	EXP 	Sound  started
721.8997 	DATA 	Keypress: lctrl
721.9911 	EXP 	Sound  started
722.5717 	DATA 	Keypress: rctrl
722.7411 	EXP 	Sound  started
723.3557 	DATA 	Keypress: lctrl
723.4911 	EXP 	Sound  started
724.0917 	DATA 	Keypress: lctrl
724.2411 	EXP 	Sound  started
724.9397 	DATA 	Keypress: rctrl
724.9911 	EXP 	Sound  started
725.6117 	DATA 	Keypress: rctrl
725.7412 	EXP 	Sound  started
726.4117 	DATA 	Keypress: lctrl
726.4912 	EXP 	Sound  started
727.1637 	DATA 	Keypress: lctrl
727.2412 	EXP 	Sound  started
727.9157 	DATA 	Keypress: rctrl
727.9912 	EXP 	Sound  started
728.6837 	DATA 	Keypress: rctrl
728.7412 	EXP 	Sound  started
729.4517 	DATA 	Keypress: rctrl
729.4912 	EXP 	Sound  started
730.1877 	DATA 	Keypress: rctrl
730.2412 	EXP 	Sound  started
730.9237 	DATA 	Keypress: lctrl
730.9912 	EXP 	Sound  started
731.6597 	DATA 	Keypress: lctrl
731.7413 	EXP 	Sound  started
732.3797 	DATA 	Keypress: rctrl
732.4913 	EXP 	Sound  started
733.1958 	DATA 	Keypress: rctrl
733.2413 	EXP 	Sound  started
733.9318 	DATA 	Keypress: rctrl
733.9913 	EXP 	Sound  started
734.7317 	DATA 	Keypress: rctrl
734.7413 	EXP 	Sound  started
735.4913 	EXP 	Sound  started
735.5157 	DATA 	Keypress: lctrl
736.2413 	EXP 	Sound  started
736.2518 	DATA 	Keypress: lctrl
737.0227 	DATA 	Keypress: lctrl
739.3041 	DATA 	Keypress: 4
739.3206 	EXP 	unnamed ShapeStim: vertices = <class 'numpy.ndarray'>
745.1922 	DATA 	Keypress: 3
745.2087 	EXP 	unnamed ShapeStim: vertices = <class 'numpy.ndarray'>
748.1947 	DATA 	Keypress: 4
748.2112 	EXP 	unnamed ShapeStim: vertices = <class 'numpy.ndarray'>
750.4963 	EXP 	Sound  started
750.5557 	DATA 	Keypress: rctrl
751.2117 	DATA 	Keypress: lctrl
751.2463 	EXP 	Sound  started
751.9318 	DATA 	Keypress: rctrl
751.9963 	EXP 	Sound  started
752.6677 	DATA 	Keypress: rctrl
752.7463 	EXP 	Sound  started
753.3397 	DATA 	Keypress: rctrl
753.4963 	EXP 	Sound  started
754.1397 	DATA 	Keypress: lctrl
754.2463 	EXP 	Sound  started
754.8597 	DATA 	Keypress: lctrl
754.9964 	EXP 	Sound  started
755.6117 	DATA 	Keypress: rctrl
755.7464 	EXP 	Sound  started
756.3638 	DATA 	Keypress: lctrl
756.4964 	EXP 	Sound  started
757.1319 	DATA 	Keypress: lctrl
757.2464 	EXP 	Sound  started
757.8518 	DATA 	Keypress: lctrl
757.9964 	EXP 	Sound  started
758.6517 	DATA 	Keypress: lctrl
758.7464 	EXP 	Sound  started
759.4517 	DATA 	Keypress: lctrl
759.4965 	EXP 	Sound  started
760.1397 	DATA 	Keypress: rctrl
760.2465 	EXP 	Sound  started
760.8758 	DATA 	Keypress: rctrl
760.9965 	EXP 	Sound  started
761.6118 	DATA 	Keypress: rctrl
761.7465 	EXP 	Sound  started
762.4277 	DATA 	Keypress: lctrl
762.4965 	EXP 	Sound  started
763.0997 	DATA 	Keypress: rctrl
763.2465 	EXP 	Sound  started
763.8998 	DATA 	Keypress: lctrl
763.9965 	EXP 	Sound  started
764.6517 	DATA 	Keypress: rctrl
764.7466 	EXP 	Sound  started
765.4197 	DATA 	Keypress: lctrl
765.4966 	EXP 	Sound  started
766.1077 	DATA 	Keypress: rctrl
766.2466 	EXP 	Sound  started
766.8757 	DATA 	Keypress: rctrl
766.9966 	EXP 	Sound  started
767.5957 	DATA 	Keypress: rctrl
767.7466 	EXP 	Sound  started
768.3958 	DATA 	Keypress: rctrl
768.4966 	EXP 	Sound  started
769.1638 	DATA 	Keypress: rctrl
769.2467 	EXP 	Sound  started
769.9318 	DATA 	Keypress: lctrl
769.9967 	EXP 	Sound  started
770.6997 	DATA 	Keypress: lctrl
770.7467 	EXP 	Sound  started
771.4517 	DATA 	Keypress: lctrl
771.4967 	EXP 	Sound  started
772.1877 	DATA 	Keypress: lctrl
772.2467 	EXP 	Sound  started
772.9717 	DATA 	Keypress: lctrl
772.9967 	EXP 	Sound  started
773.7077 	DATA 	Keypress: lctrl
773.7468 	EXP 	Sound  started
774.4968 	EXP 	Sound  started
774.5077 	DATA 	Keypress: lctrl
775.2468 	EXP 	Sound  started
775.2757 	DATA 	Keypress: rctrl
775.9968 	EXP 	Sound  started
776.0758 	DATA 	Keypress: lctrl
776.7468 	EXP 	Sound  started
776.7477 	DATA 	Keypress: rctrl
777.4968 	EXP 	Sound  started
777.5157 	DATA 	Keypress: rctrl
778.2197 	DATA 	Keypress: rctrl
778.2469 	EXP 	Sound  started
778.9969 	EXP 	Sound  started
779.0197 	DATA 	Keypress: lctrl
779.7469 	EXP 	Sound  started
779.7716 	DATA 	Keypress: lctrl
780.4437 	DATA 	Keypress: rctrl
780.4969 	EXP 	Sound  started
781.1957 	DATA 	Keypress: rctrl
781.2469 	EXP 	Sound  started
781.9317 	DATA 	Keypress: rctrl
781.9969 	EXP 	Sound  started
782.6838 	DATA 	Keypress: rctrl
782.7469 	EXP 	Sound  started
783.4970 	EXP 	Sound  started
783.5157 	DATA 	Keypress: rctrl
784.2470 	EXP 	Sound  started
784.2677 	DATA 	Keypress: lctrl
784.9557 	DATA 	Keypress: rctrl
784.9970 	EXP 	Sound  started
785.7077 	DATA 	Keypress: lctrl
785.7470 	EXP 	Sound  started
786.4437 	DATA 	Keypress: rctrl
786.4970 	EXP 	Sound  started
787.1797 	DATA 	Keypress: lctrl
787.2470 	EXP 	Sound  started
787.8997 	DATA 	Keypress: rctrl
787.9970 	EXP 	Sound  started
788.6357 	DATA 	Keypress: rctrl
788.7471 	EXP 	Sound  started
789.4677 	DATA 	Keypress: lctrl
789.4971 	EXP 	Sound  started
790.2037 	DATA 	Keypress: lctrl
790.2471 	EXP 	Sound  started
790.9237 	DATA 	Keypress: rctrl
790.9971 	EXP 	Sound  started
791.6917 	DATA 	Keypress: rctrl
791.7471 	EXP 	Sound  started
792.4437 	DATA 	Keypress: rctrl
792.4971 	EXP 	Sound  started
793.1957 	DATA 	Keypress: lctrl
793.2471 	EXP 	Sound  started
793.9317 	DATA 	Keypress: lctrl
793.9972 	EXP 	Sound  started
794.7317 	DATA 	Keypress: lctrl
794.7472 	EXP 	Sound  started
795.4972 	EXP 	Sound  started
795.4997 	DATA 	Keypress: rctrl
796.2357 	DATA 	Keypress: rctrl
796.2472 	EXP 	Sound  started
796.9717 	DATA 	Keypress: lctrl
796.9972 	EXP 	Sound  started
797.7397 	DATA 	Keypress: lctrl
797.7472 	EXP 	Sound  started
798.4437 	DATA 	Keypress: rctrl
798.4973 	EXP 	Sound  started
799.1958 	DATA 	Keypress: lctrl
799.2473 	EXP 	Sound  started
799.9973 	EXP 	Sound  started
800.0277 	DATA 	Keypress: lctrl
800.7317 	DATA 	Keypress: lctrl
800.7473 	EXP 	Sound  started
801.4517 	DATA 	Keypress: rctrl
801.4973 	EXP 	Sound  started
802.1237 	DATA 	Keypress: rctrl
802.2473 	EXP 	Sound  started
802.8917 	DATA 	Keypress: lctrl
802.9973 	EXP 	Sound  started
803.6437 	DATA 	Keypress: lctrl
803.7473 	EXP 	Sound  started
804.4117 	DATA 	Keypress: rctrl
804.4974 	EXP 	Sound  started
805.1477 	DATA 	Keypress: rctrl
805.2474 	EXP 	Sound  started
805.8517 	DATA 	Keypress: lctrl
805.9974 	EXP 	Sound  started
806.5877 	DATA 	Keypress: rctrl
806.7474 	EXP 	Sound  started
807.4677 	DATA 	Keypress: lctrl
807.4974 	EXP 	Sound  started
808.1398 	DATA 	Keypress: lctrl
808.2474 	EXP 	Sound  started
808.8597 	DATA 	Keypress: rctrl
808.9975 	EXP 	Sound  started
809.5797 	DATA 	Keypress: rctrl
809.7475 	EXP 	Sound  started
810.3797 	DATA 	Keypress: rctrl
810.4975 	EXP 	Sound  started
811.0837 	DATA 	Keypress: lctrl
811.2475 	EXP 	Sound  started
811.7877 	DATA 	Keypress: lctrl
811.9975 	EXP 	Sound  started
812.7317 	DATA 	Keypress: rctrl
812.7475 	EXP 	Sound  started
813.3557 	DATA 	Keypress: lctrl
813.4975 	EXP 	Sound  started
814.0597 	DATA 	Keypress: rctrl
814.2476 	EXP 	Sound  started
814.8437 	DATA 	Keypress: lctrl
814.9976 	EXP 	Sound  started
815.5477 	DATA 	Keypress: lctrl
815.7476 	EXP 	Sound  started
816.2677 	DATA 	Keypress: rctrl
816.4976 	EXP 	Sound  started
817.0037 	DATA 	Keypress: lctrl
832.1134 	DATA 	Keypress: 3
832.1299 	EXP 	unnamed ShapeStim: vertices = <class 'numpy.ndarray'>
843.2763 	DATA 	Keypress: 2
843.3057 	EXP 	unnamed ShapeStim: vertices = <class 'numpy.ndarray'>
852.8804 	DATA 	Keypress: 2
852.8969 	EXP 	unnamed ShapeStim: vertices = <class 'numpy.ndarray'>
855.1817 	EXP 	Sound  started
855.3717 	DATA 	Keypress: rctrl
855.9317 	DATA 	Keypress: lctrl
855.9319 	EXP 	Sound  started
856.5077 	DATA 	Keypress: rctrl
856.6820 	EXP 	Sound  started
857.3237 	DATA 	Keypress: lctrl
857.4320 	EXP 	Sound  started
858.0117 	DATA 	Keypress: lctrl
858.1820 	EXP 	Sound  started
858.6997 	DATA 	Keypress: lctrl
858.9320 	EXP 	Sound  started
859.4837 	DATA 	Keypress: rctrl
859.6820 	EXP 	Sound  started
860.2197 	DATA 	Keypress: rctrl
860.4320 	EXP 	Sound  started
860.9718 	DATA 	Keypress: lctrl
861.1821 	EXP 	Sound  started
861.6918 	DATA 	Keypress: lctrl
861.9321 	EXP 	Sound  started
862.4917 	DATA 	Keypress: rctrl
862.6821 	EXP 	Sound  started
863.2277 	DATA 	Keypress: rctrl
863.4321 	EXP 	Sound  started
863.9477 	DATA 	Keypress: rctrl
864.1821 	EXP 	Sound  started
864.6677 	DATA 	Keypress: rctrl
864.9321 	EXP 	Sound  started
865.5157 	DATA 	Keypress: lctrl
865.6821 	EXP 	Sound  started
866.2197 	DATA 	Keypress: rctrl
866.4322 	EXP 	Sound  started
866.9557 	DATA 	Keypress: lctrl
867.1822 	EXP 	Sound  started
867.6597 	DATA 	Keypress: lctrl
867.9322 	EXP 	Sound  started
868.4597 	DATA 	Keypress: rctrl
868.6822 	EXP 	Sound  started
869.2117 	DATA 	Keypress: rctrl
869.4322 	EXP 	Sound  started
869.9157 	DATA 	Keypress: lctrl
870.1822 	EXP 	Sound  started
870.7317 	DATA 	Keypress: rctrl
870.9322 	EXP 	Sound  started
871.4837 	DATA 	Keypress: rctrl
871.6823 	EXP 	Sound  started
872.2197 	DATA 	Keypress: rctrl
872.4323 	EXP 	Sound  started
872.9718 	DATA 	Keypress: rctrl
873.1823 	EXP 	Sound  started
873.7717 	DATA 	Keypress: rctrl
873.9323 	EXP 	Sound  started
874.4917 	DATA 	Keypress: rctrl
874.6823 	EXP 	Sound  started
875.2437 	DATA 	Keypress: lctrl
875.4323 	EXP 	Sound  started
876.0437 	DATA 	Keypress: lctrl
876.1823 	EXP 	Sound  started
876.8757 	DATA 	Keypress: lctrl
876.9323 	EXP 	Sound  started
877.6277 	DATA 	Keypress: rctrl
877.6824 	EXP 	Sound  started
878.3958 	DATA 	Keypress: rctrl
878.4324 	EXP 	Sound  started
879.1637 	DATA 	Keypress: rctrl
879.1824 	EXP 	Sound  started
879.9317 	DATA 	Keypress: rctrl
879.9324 	EXP 	Sound  started
880.5877 	DATA 	Keypress: lctrl
880.6824 	EXP 	Sound  started
881.2278 	DATA 	Keypress: rctrl
881.4324 	EXP 	Sound  started
882.0277 	DATA 	Keypress: lctrl
882.1825 	EXP 	Sound  started
882.7637 	DATA 	Keypress: lctrl
882.9325 	EXP 	Sound  started
883.5798 	DATA 	Keypress: rctrl
883.6825 	EXP 	Sound  started
884.2037 	DATA 	Keypress: lctrl
884.4325 	EXP 	Sound  started
884.9717 	DATA 	Keypress: rctrl
885.1825 	EXP 	Sound  started
885.6757 	DATA 	Keypress: lctrl
885.9325 	EXP 	Sound  started
886.5877 	DATA 	Keypress: rctrl
886.6825 	EXP 	Sound  started
887.3557 	DATA 	Keypress: rctrl
887.4325 	EXP 	Sound  started
888.0276 	DATA 	Keypress: lctrl
888.1826 	EXP 	Sound  started
888.7957 	DATA 	Keypress: lctrl
888.9326 	EXP 	Sound  started
889.4197 	DATA 	Keypress: rctrl
889.6826 	EXP 	Sound  started
890.2677 	DATA 	Keypress: rctrl
890.4326 	EXP 	Sound  started
890.9236 	DATA 	Keypress: lctrl
891.1826 	EXP 	Sound  started
891.7558 	DATA 	Keypress: lctrl
891.9326 	EXP 	Sound  started
892.5077 	DATA 	Keypress: rctrl
892.6827 	EXP 	Sound  started
893.2277 	DATA 	Keypress: lctrl
893.4327 	EXP 	Sound  started
894.0118 	DATA 	Keypress: rctrl
894.1827 	EXP 	Sound  started
894.6837 	DATA 	Keypress: rctrl
894.9327 	EXP 	Sound  started
895.4197 	DATA 	Keypress: rctrl
895.6827 	EXP 	Sound  started
896.1718 	DATA 	Keypress: rctrl
896.4328 	EXP 	Sound  started
896.9878 	DATA 	Keypress: rctrl
897.1828 	EXP 	Sound  started
897.8037 	DATA 	Keypress: rctrl
897.9328 	EXP 	Sound  started
898.5877 	DATA 	Keypress: rctrl
898.6828 	EXP 	Sound  started
899.3397 	DATA 	Keypress: rctrl
899.4328 	EXP 	Sound  started
900.0117 	DATA 	Keypress: lctrl
902.1041 	DATA 	Keypress: 3
902.1206 	EXP 	unnamed ShapeStim: vertices = <class 'numpy.ndarray'>
908.0127 	DATA 	Keypress: 2
908.0421 	EXP 	unnamed ShapeStim: vertices = <class 'numpy.ndarray'>
922.0037 	DATA 	Keypress: 3
922.0202 	EXP 	unnamed ShapeStim: vertices = <class 'numpy.ndarray'>
924.3052 	EXP 	Sound  started
924.5237 	DATA 	Keypress: lctrl
925.0517 	DATA 	Keypress: lctrl
925.0551 	EXP 	Sound  started
925.6439 	DATA 	Keypress: lctrl
925.8052 	EXP 	Sound  started
926.4437 	DATA 	Keypress: lctrl
926.5552 	EXP 	Sound  started
927.3052 	EXP 	Sound  started
927.5158 	DATA 	Keypress: rctrl
928.0552 	EXP 	Sound  started
928.0917 	DATA 	Keypress: lctrl
928.7637 	DATA 	Keypress: lctrl
928.8052 	EXP 	Sound  started
929.5552 	EXP 	Sound  started
929.5797 	DATA 	Keypress: lctrl
930.2516 	DATA 	Keypress: rctrl
930.3053 	EXP 	Sound  started
930.9237 	DATA 	Keypress: lctrl
931.0553 	EXP 	Sound  started
931.6917 	DATA 	Keypress: rctrl
931.8053 	EXP 	Sound  started
932.3957 	DATA 	Keypress: rctrl
932.5553 	EXP 	Sound  started
933.1637 	DATA 	Keypress: lctrl
933.3053 	EXP 	Sound  started
933.9317 	DATA 	Keypress: rctrl
934.0553 	EXP 	Sound  started
934.6837 	DATA 	Keypress: lctrl
934.8054 	EXP 	Sound  started
935.4676 	DATA 	Keypress: lctrl
935.5554 	EXP 	Sound  started
936.1557 	DATA 	Keypress: rctrl
936.3054 	EXP 	Sound  started
936.9077 	DATA 	Keypress: rctrl
937.0554 	EXP 	Sound  started
937.6597 	DATA 	Keypress: lctrl
937.8054 	EXP 	Sound  started
938.3797 	DATA 	Keypress: lctrl
938.5554 	EXP 	Sound  started
939.1317 	DATA 	Keypress: rctrl
939.3054 	EXP 	Sound  started
939.9637 	DATA 	Keypress: rctrl
940.0555 	EXP 	Sound  started
940.6837 	DATA 	Keypress: lctrl
940.8055 	EXP 	Sound  started
941.3718 	DATA 	Keypress: rctrl
941.5555 	EXP 	Sound  started
942.1397 	DATA 	Keypress: rctrl
942.3055 	EXP 	Sound  started
942.9077 	DATA 	Keypress: lctrl
943.0555 	EXP 	Sound  started
943.6117 	DATA 	Keypress: rctrl
943.8055 	EXP 	Sound  started
944.4437 	DATA 	Keypress: rctrl
944.5555 	EXP 	Sound  started
945.1477 	DATA 	Keypress: lctrl
945.3056 	EXP 	Sound  started
945.8197 	DATA 	Keypress: lctrl
946.0556 	EXP 	Sound  started
946.6677 	DATA 	Keypress: rctrl
946.8056 	EXP 	Sound  started
947.3877 	DATA 	Keypress: lctrl
947.5556 	EXP 	Sound  started
948.1076 	DATA 	Keypress: rctrl
948.3056 	EXP 	Sound  started
948.8597 	DATA 	Keypress: lctrl
949.0556 	EXP 	Sound  started
949.6118 	DATA 	Keypress: rctrl
949.8057 	EXP 	Sound  started
950.3477 	DATA 	Keypress: rctrl
950.5557 	EXP 	Sound  started
950.9717 	DATA 	Keypress: rctrl
951.3057 	EXP 	Sound  started
951.8197 	DATA 	Keypress: rctrl
952.0557 	EXP 	Sound  started
952.6358 	DATA 	Keypress: rctrl
952.8057 	EXP 	Sound  started
953.3877 	DATA 	Keypress: rctrl
953.5557 	EXP 	Sound  started
954.1397 	DATA 	Keypress: rctrl
954.3058 	EXP 	Sound  started
954.8277 	DATA 	Keypress: rctrl
955.0558 	EXP 	Sound  started
955.5957 	DATA 	Keypress: lctrl
955.8058 	EXP 	Sound  started
956.3638 	DATA 	Keypress: lctrl
956.5558 	EXP 	Sound  started
957.0678 	DATA 	Keypress: lctrl
957.3058 	EXP 	Sound  started
957.8197 	DATA 	Keypress: lctrl
958.0558 	EXP 	Sound  started
958.6038 	DATA 	Keypress: lctrl
958.8059 	EXP 	Sound  started
959.3397 	DATA 	Keypress: lctrl
959.5559 	EXP 	Sound  started
960.1398 	DATA 	Keypress: lctrl
960.3059 	EXP 	Sound  started
960.8437 	DATA 	Keypress: lctrl
961.0559 	EXP 	Sound  started
961.6757 	DATA 	Keypress: lctrl
961.8059 	EXP 	Sound  started
962.4277 	DATA 	Keypress: rctrl
962.5559 	EXP 	Sound  started
963.1797 	DATA 	Keypress: lctrl
963.3059 	EXP 	Sound  started
963.9477 	DATA 	Keypress: lctrl
964.0560 	EXP 	Sound  started
964.7156 	DATA 	Keypress: lctrl
964.8060 	EXP 	Sound  started
965.4036 	DATA 	Keypress: lctrl
965.5560 	EXP 	Sound  started
966.3060 	EXP 	Sound  started
966.8597 	DATA 	Keypress: lctrl
967.0560 	EXP 	Sound  started
967.6117 	DATA 	Keypress: rctrl
967.8060 	EXP 	Sound  started
968.3797 	DATA 	Keypress: rctrl
968.5560 	EXP 	Sound  started
969.1477 	DATA 	Keypress: lctrl
969.3061 	EXP 	Sound  started
969.8517 	DATA 	Keypress: rctrl
970.0561 	EXP 	Sound  started
970.6037 	DATA 	Keypress: rctrl
970.8061 	EXP 	Sound  started
971.3237 	DATA 	Keypress: lctrl
971.5561 	EXP 	Sound  started
972.0118 	DATA 	Keypress: rctrl
972.3061 	EXP 	Sound  started
972.7477 	DATA 	Keypress: lctrl
973.0561 	EXP 	Sound  started
973.3717 	DATA 	Keypress: rctrl
973.8061 	EXP 	Sound  started
974.1557 	DATA 	Keypress: lctrl
974.5562 	EXP 	Sound  started
974.9077 	DATA 	Keypress: rctrl
975.3062 	EXP 	Sound  started
975.5797 	DATA 	Keypress: rctrl
976.0562 	EXP 	Sound  started
976.3477 	DATA 	Keypress: lctrl
976.8062 	EXP 	Sound  started
977.2437 	DATA 	Keypress: rctrl
977.5562 	EXP 	Sound  started
978.0757 	DATA 	Keypress: rctrl
978.3062 	EXP 	Sound  started
978.7156 	DATA 	Keypress: rctrl
979.0563 	EXP 	Sound  started
979.5316 	DATA 	Keypress: lctrl
979.8063 	EXP 	Sound  started
980.2837 	DATA 	Keypress: lctrl
980.5563 	EXP 	Sound  started
981.0677 	DATA 	Keypress: lctrl
981.3063 	EXP 	Sound  started
981.8517 	DATA 	Keypress: rctrl
982.0563 	EXP 	Sound  started
982.6357 	DATA 	Keypress: rctrl
982.8063 	EXP 	Sound  started
989.9760 	DATA 	Keypress: 3
989.9925 	EXP 	unnamed ShapeStim: vertices = <class 'numpy.ndarray'>
997.1653 	DATA 	Keypress: 3
997.1817 	EXP 	unnamed ShapeStim: vertices = <class 'numpy.ndarray'>
999.3675 	DATA 	Keypress: 4
999.3840 	EXP 	unnamed ShapeStim: vertices = <class 'numpy.ndarray'>
1003.6871 	DATA 	Keypress: lctrl
1213.5318 	DATA 	Keypress: return
1213.5994 	EXP 	window1: mouseVisible = True
