20.6239 	WARNING 	User requested fullscreen with size [1024  768], but screen is actually [1920, 1200]. Using actual size
21.4116 	EXP 	Created window1 = Window(allowGUI=False, allowStencil=False, autoLog=True, backendConf=UNKNOWN, bitsMode=UNKNOWN, blendMode='avg', bpc=(8, 8, 8), color=array([0, 0, 0]), colorSpace='rgb', depthBits=8, fullscr=<method-wrapper '__getattribute__' of attributeSetter object at 0x00000244A8907978>, gamma=None, gammaErrorPolicy='raise', lms=UNKNOWN, monitor=<psychopy.monitors.calibTools.Monitor object at 0x00000244AA074278>, multiSample=False, name='window1', numSamples=2, pos=[0.0, 0.0], screen=0, size=array([1920, 1200]), stencilBits=0, stereo=False, units='norm', useFBO=True, useRetina=False, viewOri=0.0, viewPos=None, viewScale=None, waitBlanking=True, winType='pyglet')
21.4119 	EXP 	window1: mouseVisible = True
21.4120 	EXP 	window1: mouseVisible = False
21.4120 	EXP 	window1: recordFrameIntervals = False
21.5781 	EXP 	window1: recordFrameIntervals = True
21.7617 	EXP 	window1: recordFrameIntervals = False
21.8151 	EXP 	Created text = TextStim(__class__=<class 'psychopy.visual.text.TextStim'>, alignHoriz=method-wrapper(...), alignText='center', alignVert=method-wrapper(...), anchorHoriz='center', anchorVert='center', antialias=True, autoLog=True, bold=False, color=array([1., 1., 1.]), colorSpace='rgb', contrast=1.0, depth=0.0, flipHoriz=False, flipVert=False, font='Arial', fontFiles=[], height=0.15, italic=False, languageStyle='LTR', name='text', opacity=1, ori=0, pos=array([0., 0.]), rgb=UNKNOWN, text='+', units='norm', win=Window(...), wrapWidth=1)
21.8352 	EXP 	Created text = TextStim(__class__=<class 'psychopy.visual.text.TextStim'>, alignHoriz=method-wrapper(...), alignText='center', alignVert=method-wrapper(...), anchorHoriz='center', anchorVert='center', antialias=True, autoLog=True, bold=False, color=array([1., 1., 1.]), colorSpace='rgb', contrast=1.0, depth=0.0, flipHoriz=False, flipVert=False, font='Arial', fontFiles=[], height=0.07, italic=False, languageStyle='LTR', name='text', opacity=1, ori=0, pos=array([0., 0.]), rgb=UNKNOWN, text=str(...), units='norm', win=Window(...), wrapWidth=1.65)
21.8445 	EXP 	Created text = TextStim(__class__=<class 'psychopy.visual.text.TextStim'>, alignHoriz=method-wrapper(...), alignText='center', alignVert=method-wrapper(...), anchorHoriz='center', anchorVert='center', antialias=True, autoLog=True, bold=False, color=array([1., 1., 1.]), colorSpace='rgb', contrast=1.0, depth=0.0, flipHoriz=False, flipVert=False, font='Arial', fontFiles=[], height=0.07, italic=False, languageStyle='LTR', name='text', opacity=1, ori=0, pos=array([0., 0.]), rgb=UNKNOWN, text=str(...), units='norm', win=Window(...), wrapWidth=1.65)
21.8533 	EXP 	Created text = TextStim(__class__=<class 'psychopy.visual.text.TextStim'>, alignHoriz=method-wrapper(...), alignText='center', alignVert=method-wrapper(...), anchorHoriz='center', anchorVert='center', antialias=True, autoLog=True, bold=False, color=array([1., 1., 1.]), colorSpace='rgb', contrast=1.0, depth=0.0, flipHoriz=False, flipVert=False, font='Arial', fontFiles=[], height=0.07, italic=False, languageStyle='LTR', name='text', opacity=1, ori=0, pos=array([0., 0.]), rgb=UNKNOWN, text=str(...), units='norm', win=Window(...), wrapWidth=1.65)
21.8617 	EXP 	Created text = TextStim(__class__=<class 'psychopy.visual.text.TextStim'>, alignHoriz=method-wrapper(...), alignText='center', alignVert=method-wrapper(...), anchorHoriz='center', anchorVert='center', antialias=True, autoLog=True, bold=False, color=array([1., 1., 1.]), colorSpace='rgb', contrast=1.0, depth=0.0, flipHoriz=False, flipVert=False, font='Arial', fontFiles=[], height=0.07, italic=False, languageStyle='LTR', name='text', opacity=1, ori=0, pos=array([0., 0.]), rgb=UNKNOWN, text=str(...), units='norm', win=Window(...), wrapWidth=1.65)
21.8676 	EXP 	Created text = TextStim(__class__=<class 'psychopy.visual.text.TextStim'>, alignHoriz=method-wrapper(...), alignText='center', alignVert=method-wrapper(...), anchorHoriz='center', anchorVert='center', antialias=True, autoLog=True, bold=False, color=array([1., 1., 1.]), colorSpace='rgb', contrast=1.0, depth=0.0, flipHoriz=False, flipVert=False, font='Arial', fontFiles=[], height=0.07, italic=False, languageStyle='LTR', name='text', opacity=1, ori=0, pos=array([0., 0.]), rgb=UNKNOWN, text=str(...), units='norm', win=Window(...), wrapWidth=1.65)
21.8816 	EXP 	Created text = TextStim(__class__=<class 'psychopy.visual.text.TextStim'>, alignHoriz=method-wrapper(...), alignText='center', alignVert=method-wrapper(...), anchorHoriz='center', anchorVert='center', antialias=True, autoLog=True, bold=False, color=array([1., 1., 1.]), colorSpace='rgb', contrast=1.0, depth=0.0, flipHoriz=False, flipVert=False, font='Arial', fontFiles=[], height=0.15, italic=False, languageStyle='LTR', name='text', opacity=1, ori=0, pos=array([0., 0.]), rgb=UNKNOWN, text=str(...), units='norm', win=Window(...), wrapWidth=1.65)
21.9102 	EXP 	Created text = TextStim(__class__=<class 'psychopy.visual.text.TextStim'>, alignHoriz=method-wrapper(...), alignText='center', alignVert=method-wrapper(...), anchorHoriz='center', anchorVert='center', antialias=True, autoLog=True, bold=False, color=array([1., 1., 1.]), colorSpace='rgb', contrast=1.0, depth=0.0, flipHoriz=False, flipVert=False, font='Arial', fontFiles=[], height=0.07, italic=False, languageStyle='LTR', name='text', opacity=1, ori=0, pos=array([0., 0.]), rgb=UNKNOWN, text=str(...), units='norm', win=Window(...), wrapWidth=1.65)
21.9305 	EXP 	Created text = TextStim(__class__=<class 'psychopy.visual.text.TextStim'>, alignHoriz=method-wrapper(...), alignText='center', alignVert=method-wrapper(...), anchorHoriz='center', anchorVert='center', antialias=True, autoLog=True, bold=False, color=array([1., 1., 1.]), colorSpace='rgb', contrast=1.0, depth=0.0, flipHoriz=False, flipVert=False, font='Arial', fontFiles=[], height=0.07, italic=False, languageStyle='LTR', name='text', opacity=1, ori=0, pos=array([0., 0.]), rgb=UNKNOWN, text=str(...), units='norm', win=Window(...), wrapWidth=1.65)
21.9604 	EXP 	Created text = TextStim(__class__=<class 'psychopy.visual.text.TextStim'>, alignHoriz=method-wrapper(...), alignText='center', alignVert=method-wrapper(...), anchorHoriz='center', anchorVert='center', antialias=True, autoLog=True, bold=False, color=array([1., 1., 1.]), colorSpace='rgb', contrast=1.0, depth=0.0, flipHoriz=False, flipVert=False, font='Arial', fontFiles=[], height=0.07, italic=False, languageStyle='LTR', name='text', opacity=1, ori=0, pos=array([0., 0.]), rgb=UNKNOWN, text=str(...), units='norm', win=Window(...), wrapWidth=1.65)
21.9837 	EXP 	Created text = TextStim(__class__=<class 'psychopy.visual.text.TextStim'>, alignHoriz=method-wrapper(...), alignText='center', alignVert=method-wrapper(...), anchorHoriz='center', anchorVert='center', antialias=True, autoLog=True, bold=False, color=array([1., 1., 1.]), colorSpace='rgb', contrast=1.0, depth=0.0, flipHoriz=False, flipVert=False, font='Arial', fontFiles=[], height=0.07, italic=False, languageStyle='LTR', name='text', opacity=1, ori=0, pos=array([0., 0.]), rgb=UNKNOWN, text=str(...), units='norm', win=Window(...), wrapWidth=1.65)
22.0123 	EXP 	Created text = TextStim(__class__=<class 'psychopy.visual.text.TextStim'>, alignHoriz=method-wrapper(...), alignText='center', alignVert=method-wrapper(...), anchorHoriz='center', anchorVert='center', antialias=True, autoLog=True, bold=False, color=array([1., 1., 1.]), colorSpace='rgb', contrast=1.0, depth=0.0, flipHoriz=False, flipVert=False, font='Arial', fontFiles=[], height=0.07, italic=False, languageStyle='LTR', name='text', opacity=1, ori=0, pos=array([0., 0.]), rgb=UNKNOWN, text=str(...), units='norm', win=Window(...), wrapWidth=1.65)
22.0226 	EXP 	Created text = TextStim(__class__=<class 'psychopy.visual.text.TextStim'>, alignHoriz=method-wrapper(...), alignText='center', alignVert=method-wrapper(...), anchorHoriz='center', anchorVert='center', antialias=True, autoLog=True, bold=False, color=array([1., 1., 1.]), colorSpace='rgb', contrast=1.0, depth=0.0, flipHoriz=False, flipVert=False, font='Arial', fontFiles=[], height=0.07, italic=False, languageStyle='LTR', name='text', opacity=1, ori=0, pos=array([0., 0.]), rgb=UNKNOWN, text=str(...), units='norm', win=Window(...), wrapWidth=1.65)
22.0345 	EXP 	Created text = TextStim(__class__=<class 'psychopy.visual.text.TextStim'>, alignHoriz=method-wrapper(...), alignText='center', alignVert=method-wrapper(...), anchorHoriz='center', anchorVert='center', antialias=True, autoLog=True, bold=False, color=array([1., 1., 1.]), colorSpace='rgb', contrast=1.0, depth=0.0, flipHoriz=False, flipVert=False, font='Arial', fontFiles=[], height=0.07, italic=False, languageStyle='LTR', name='text', opacity=1, ori=0, pos=array([0., 0.]), rgb=UNKNOWN, text=str(...), units='norm', win=Window(...), wrapWidth=1.65)
22.0388 	EXP 	Created instru = TextStim(__class__=<class 'psychopy.visual.text.TextStim'>, alignHoriz=method-wrapper(...), alignText='center', alignVert=method-wrapper(...), anchorHoriz='center', anchorVert='center', antialias=True, autoLog=True, bold=False, color=array([1., 1., 1.]), colorSpace='rgb', contrast=1.0, depth=0.0, flipHoriz=False, flipVert=False, font='Arial', fontFiles=[], height=0.07, italic=False, languageStyle='LTR', name='instru', opacity=1, ori=0, pos=array([0. , 0.5]), rgb=UNKNOWN, text=str(...), units='norm', win=Window(...), wrapWidth=1)
22.0412 	EXP 	Created unnamed Line = Line(__class__=<class 'psychopy.visual.line.Line'>, autoDraw=False, autoLog=True, closeShape=False, color=array([1., 1., 1.]), colorSpace='rgb', contrast=None, depth=0, fillColor=array([0, 0, 0]), fillColorSpace='rgb', fillRGB=array([0, 0, 0]), interpolate=True, lineColor=array([1., 1., 1.]), lineColorSpace='rgb', lineRGB=array([1, 1, 1]), lineWidth=5, name='unnamed Line', opacity=0.5, ori=0.0, pos=array([0., 0.]), size=array([1., 1.]), units='norm', vertices=array([[-0.5,  0. ],
       [ 0.5,  0. ]]), win=Window(...), windingRule=None)
22.0432 	EXP 	Created unnamed Line = Line(__class__=<class 'psychopy.visual.line.Line'>, autoDraw=False, autoLog=True, closeShape=False, color=array([1., 1., 1.]), colorSpace='rgb', contrast=None, depth=0, fillColor=array([0, 0, 0]), fillColorSpace='rgb', fillRGB=array([0, 0, 0]), interpolate=True, lineColor=array([1., 1., 1.]), lineColorSpace='rgb', lineRGB=array([1, 1, 1]), lineWidth=3, name='unnamed Line', opacity=0.5, ori=0.0, pos=array([0., 0.]), size=array([1., 1.]), units='norm', vertices=array([[-0.5 , -0.05],
       [-0.5 ,  0.05]]), win=Window(...), windingRule=None)
22.0451 	EXP 	Created unnamed Line = Line(__class__=<class 'psychopy.visual.line.Line'>, autoDraw=False, autoLog=True, closeShape=False, color=array([1., 1., 1.]), colorSpace='rgb', contrast=None, depth=0, fillColor=array([0, 0, 0]), fillColorSpace='rgb', fillRGB=array([0, 0, 0]), interpolate=True, lineColor=array([1., 1., 1.]), lineColorSpace='rgb', lineRGB=array([1, 1, 1]), lineWidth=3, name='unnamed Line', opacity=0.5, ori=0.0, pos=array([0., 0.]), size=array([1., 1.]), units='norm', vertices=ndarray(...), win=Window(...), windingRule=None)
22.0470 	EXP 	Created unnamed Line = Line(__class__=<class 'psychopy.visual.line.Line'>, autoDraw=False, autoLog=True, closeShape=False, color=array([1., 1., 1.]), colorSpace='rgb', contrast=None, depth=0, fillColor=array([0, 0, 0]), fillColorSpace='rgb', fillRGB=array([0, 0, 0]), interpolate=True, lineColor=array([1., 1., 1.]), lineColorSpace='rgb', lineRGB=array([1, 1, 1]), lineWidth=3, name='unnamed Line', opacity=0.5, ori=0.0, pos=array([0., 0.]), size=array([1., 1.]), units='norm', vertices=ndarray(...), win=Window(...), windingRule=None)
22.0490 	EXP 	Created unnamed Line = Line(__class__=<class 'psychopy.visual.line.Line'>, autoDraw=False, autoLog=True, closeShape=False, color=array([1., 1., 1.]), colorSpace='rgb', contrast=None, depth=0, fillColor=array([0, 0, 0]), fillColorSpace='rgb', fillRGB=array([0, 0, 0]), interpolate=True, lineColor=array([1., 1., 1.]), lineColorSpace='rgb', lineRGB=array([1, 1, 1]), lineWidth=3, name='unnamed Line', opacity=0.5, ori=0.0, pos=array([0., 0.]), size=array([1., 1.]), units='norm', vertices=array([[ 0.5 , -0.05],
       [ 0.5 ,  0.05]]), win=Window(...), windingRule=None)
22.0612 	EXP 	Created unnamed TextStim = TextStim(__class__=<class 'psychopy.visual.text.TextStim'>, alignHoriz=method-wrapper(...), alignText='center', alignVert=method-wrapper(...), anchorHoriz='center', anchorVert='center', antialias=True, autoLog=True, bold=False, color=array([1., 1., 1.]), colorSpace='rgb', contrast=1.0, depth=0, flipHoriz=False, flipVert=False, font='', fontFiles=[], height=0.05, italic=False, languageStyle='LTR', name='unnamed TextStim', opacity=1.0, ori=0.0, pos=array([-0.5, -0.1]), rgb=UNKNOWN, text='Helt klart \n IKKE FOKUSERT', units='norm', win=Window(...), wrapWidth=1)
22.0623 	EXP 	Created unnamed TextStim = TextStim(__class__=<class 'psychopy.visual.text.TextStim'>, alignHoriz=method-wrapper(...), alignText='center', alignVert=method-wrapper(...), anchorHoriz='center', anchorVert='center', antialias=True, autoLog=True, bold=False, color=array([1., 1., 1.]), colorSpace='rgb', contrast=1.0, depth=0, flipHoriz=False, flipVert=False, font='', fontFiles=[], height=0.05, italic=False, languageStyle='LTR', name='unnamed TextStim', opacity=1.0, ori=0.0, pos=array([-0.16666667, -0.1       ]), rgb=UNKNOWN, text='', units='norm', win=Window(...), wrapWidth=1)
22.0633 	EXP 	Created unnamed TextStim = TextStim(__class__=<class 'psychopy.visual.text.TextStim'>, alignHoriz=method-wrapper(...), alignText='center', alignVert=method-wrapper(...), anchorHoriz='center', anchorVert='center', antialias=True, autoLog=True, bold=False, color=array([1., 1., 1.]), colorSpace='rgb', contrast=1.0, depth=0, flipHoriz=False, flipVert=False, font='', fontFiles=[], height=0.05, italic=False, languageStyle='LTR', name='unnamed TextStim', opacity=1.0, ori=0.0, pos=array([ 0.16666667, -0.1       ]), rgb=UNKNOWN, text='', units='norm', win=Window(...), wrapWidth=1)
22.0667 	EXP 	Created unnamed TextStim = TextStim(__class__=<class 'psychopy.visual.text.TextStim'>, alignHoriz=method-wrapper(...), alignText='center', alignVert=method-wrapper(...), anchorHoriz='center', anchorVert='center', antialias=True, autoLog=True, bold=False, color=array([1., 1., 1.]), colorSpace='rgb', contrast=1.0, depth=0, flipHoriz=False, flipVert=False, font='', fontFiles=[], height=0.05, italic=False, languageStyle='LTR', name='unnamed TextStim', opacity=1.0, ori=0.0, pos=array([ 0.5, -0.1]), rgb=UNKNOWN, text='Helt klart \n FOKUSERT', units='norm', win=Window(...), wrapWidth=1)
22.0687 	EXP 	Created unnamed ShapeStim = ShapeStim(__class__=<class 'psychopy.visual.shape.ShapeStim'>, autoDraw=False, autoLog=True, closeShape=True, color=method-wrapper(...), colorSpace='rgb', contrast=None, depth=0, fillColor=array([1, 1, 1]), fillColorSpace='rgb', fillRGB=array([1, 1, 1]), interpolate=True, lineColor=array([-1., -1., -1.]), lineColorSpace='rgb', lineRGB=array([-1, -1, -1]), lineWidth=1.5, name='unnamed ShapeStim', opacity=1.0, ori=0.0, pos=array([0., 0.]), size=array([1., 1.]), units='norm', vertices=ndarray(...), win=Window(...), windingRule=None)
22.0760 	EXP 	Created instru = TextStim(__class__=<class 'psychopy.visual.text.TextStim'>, alignHoriz=method-wrapper(...), alignText='center', alignVert=method-wrapper(...), anchorHoriz='center', anchorVert='center', antialias=True, autoLog=True, bold=False, color=array([1., 1., 1.]), colorSpace='rgb', contrast=1.0, depth=0.0, flipHoriz=False, flipVert=False, font='Arial', fontFiles=[], height=0.07, italic=False, languageStyle='LTR', name='instru', opacity=1, ori=0, pos=array([0. , 0.5]), rgb=UNKNOWN, text=str(...), units='norm', win=Window(...), wrapWidth=1)
22.0780 	EXP 	Created unnamed Line = Line(__class__=<class 'psychopy.visual.line.Line'>, autoDraw=False, autoLog=True, closeShape=False, color=array([1., 1., 1.]), colorSpace='rgb', contrast=None, depth=0, fillColor=array([0, 0, 0]), fillColorSpace='rgb', fillRGB=array([0, 0, 0]), interpolate=True, lineColor=array([1., 1., 1.]), lineColorSpace='rgb', lineRGB=array([1, 1, 1]), lineWidth=5, name='unnamed Line', opacity=0.5, ori=0.0, pos=array([0., 0.]), size=array([1., 1.]), units='norm', vertices=array([[-0.5,  0. ],
       [ 0.5,  0. ]]), win=Window(...), windingRule=None)
22.0800 	EXP 	Created unnamed Line = Line(__class__=<class 'psychopy.visual.line.Line'>, autoDraw=False, autoLog=True, closeShape=False, color=array([1., 1., 1.]), colorSpace='rgb', contrast=None, depth=0, fillColor=array([0, 0, 0]), fillColorSpace='rgb', fillRGB=array([0, 0, 0]), interpolate=True, lineColor=array([1., 1., 1.]), lineColorSpace='rgb', lineRGB=array([1, 1, 1]), lineWidth=3, name='unnamed Line', opacity=0.5, ori=0.0, pos=array([0., 0.]), size=array([1., 1.]), units='norm', vertices=array([[-0.5 , -0.05],
       [-0.5 ,  0.05]]), win=Window(...), windingRule=None)
22.0819 	EXP 	Created unnamed Line = Line(__class__=<class 'psychopy.visual.line.Line'>, autoDraw=False, autoLog=True, closeShape=False, color=array([1., 1., 1.]), colorSpace='rgb', contrast=None, depth=0, fillColor=array([0, 0, 0]), fillColorSpace='rgb', fillRGB=array([0, 0, 0]), interpolate=True, lineColor=array([1., 1., 1.]), lineColorSpace='rgb', lineRGB=array([1, 1, 1]), lineWidth=3, name='unnamed Line', opacity=0.5, ori=0.0, pos=array([0., 0.]), size=array([1., 1.]), units='norm', vertices=ndarray(...), win=Window(...), windingRule=None)
22.0839 	EXP 	Created unnamed Line = Line(__class__=<class 'psychopy.visual.line.Line'>, autoDraw=False, autoLog=True, closeShape=False, color=array([1., 1., 1.]), colorSpace='rgb', contrast=None, depth=0, fillColor=array([0, 0, 0]), fillColorSpace='rgb', fillRGB=array([0, 0, 0]), interpolate=True, lineColor=array([1., 1., 1.]), lineColorSpace='rgb', lineRGB=array([1, 1, 1]), lineWidth=3, name='unnamed Line', opacity=0.5, ori=0.0, pos=array([0., 0.]), size=array([1., 1.]), units='norm', vertices=ndarray(...), win=Window(...), windingRule=None)
22.0858 	EXP 	Created unnamed Line = Line(__class__=<class 'psychopy.visual.line.Line'>, autoDraw=False, autoLog=True, closeShape=False, color=array([1., 1., 1.]), colorSpace='rgb', contrast=None, depth=0, fillColor=array([0, 0, 0]), fillColorSpace='rgb', fillRGB=array([0, 0, 0]), interpolate=True, lineColor=array([1., 1., 1.]), lineColorSpace='rgb', lineRGB=array([1, 1, 1]), lineWidth=3, name='unnamed Line', opacity=0.5, ori=0.0, pos=array([0., 0.]), size=array([1., 1.]), units='norm', vertices=array([[ 0.5 , -0.05],
       [ 0.5 ,  0.05]]), win=Window(...), windingRule=None)
22.0906 	EXP 	Created unnamed TextStim = TextStim(__class__=<class 'psychopy.visual.text.TextStim'>, alignHoriz=method-wrapper(...), alignText='center', alignVert=method-wrapper(...), anchorHoriz='center', anchorVert='center', antialias=True, autoLog=True, bold=False, color=array([1., 1., 1.]), colorSpace='rgb', contrast=1.0, depth=0, flipHoriz=False, flipVert=False, font='', fontFiles=[], height=0.05, italic=False, languageStyle='LTR', name='unnamed TextStim', opacity=1.0, ori=0.0, pos=array([-0.5, -0.1]), rgb=UNKNOWN, text='Helt klart \n INGENTING', units='norm', win=Window(...), wrapWidth=1)
22.0916 	EXP 	Created unnamed TextStim = TextStim(__class__=<class 'psychopy.visual.text.TextStim'>, alignHoriz=method-wrapper(...), alignText='center', alignVert=method-wrapper(...), anchorHoriz='center', anchorVert='center', antialias=True, autoLog=True, bold=False, color=array([1., 1., 1.]), colorSpace='rgb', contrast=1.0, depth=0, flipHoriz=False, flipVert=False, font='', fontFiles=[], height=0.05, italic=False, languageStyle='LTR', name='unnamed TextStim', opacity=1.0, ori=0.0, pos=array([-0.16666667, -0.1       ]), rgb=UNKNOWN, text='', units='norm', win=Window(...), wrapWidth=1)
22.0927 	EXP 	Created unnamed TextStim = TextStim(__class__=<class 'psychopy.visual.text.TextStim'>, alignHoriz=method-wrapper(...), alignText='center', alignVert=method-wrapper(...), anchorHoriz='center', anchorVert='center', antialias=True, autoLog=True, bold=False, color=array([1., 1., 1.]), colorSpace='rgb', contrast=1.0, depth=0, flipHoriz=False, flipVert=False, font='', fontFiles=[], height=0.05, italic=False, languageStyle='LTR', name='unnamed TextStim', opacity=1.0, ori=0.0, pos=array([ 0.16666667, -0.1       ]), rgb=UNKNOWN, text='', units='norm', win=Window(...), wrapWidth=1)
22.0957 	EXP 	Created unnamed TextStim = TextStim(__class__=<class 'psychopy.visual.text.TextStim'>, alignHoriz=method-wrapper(...), alignText='center', alignVert=method-wrapper(...), anchorHoriz='center', anchorVert='center', antialias=True, autoLog=True, bold=False, color=array([1., 1., 1.]), colorSpace='rgb', contrast=1.0, depth=0, flipHoriz=False, flipVert=False, font='', fontFiles=[], height=0.05, italic=False, languageStyle='LTR', name='unnamed TextStim', opacity=1.0, ori=0.0, pos=array([ 0.5, -0.1]), rgb=UNKNOWN, text='Helt klart \n NOE', units='norm', win=Window(...), wrapWidth=1)
22.0975 	EXP 	Created unnamed ShapeStim = ShapeStim(__class__=<class 'psychopy.visual.shape.ShapeStim'>, autoDraw=False, autoLog=True, closeShape=True, color=method-wrapper(...), colorSpace='rgb', contrast=None, depth=0, fillColor=array([1, 1, 1]), fillColorSpace='rgb', fillRGB=array([1, 1, 1]), interpolate=True, lineColor=array([-1., -1., -1.]), lineColorSpace='rgb', lineRGB=array([-1, -1, -1]), lineWidth=1.5, name='unnamed ShapeStim', opacity=1.0, ori=0.0, pos=array([0., 0.]), size=array([1., 1.]), units='norm', vertices=ndarray(...), win=Window(...), windingRule=None)
22.1043 	EXP 	Created instru = TextStim(__class__=<class 'psychopy.visual.text.TextStim'>, alignHoriz=method-wrapper(...), alignText='center', alignVert=method-wrapper(...), anchorHoriz='center', anchorVert='center', antialias=True, autoLog=True, bold=False, color=array([1., 1., 1.]), colorSpace='rgb', contrast=1.0, depth=0.0, flipHoriz=False, flipVert=False, font='Arial', fontFiles=[], height=0.07, italic=False, languageStyle='LTR', name='instru', opacity=1, ori=0, pos=array([0. , 0.5]), rgb=UNKNOWN, text=str(...), units='norm', win=Window(...), wrapWidth=1)
22.1063 	EXP 	Created unnamed Line = Line(__class__=<class 'psychopy.visual.line.Line'>, autoDraw=False, autoLog=True, closeShape=False, color=array([1., 1., 1.]), colorSpace='rgb', contrast=None, depth=0, fillColor=array([0, 0, 0]), fillColorSpace='rgb', fillRGB=array([0, 0, 0]), interpolate=True, lineColor=array([1., 1., 1.]), lineColorSpace='rgb', lineRGB=array([1, 1, 1]), lineWidth=5, name='unnamed Line', opacity=0.5, ori=0.0, pos=array([0., 0.]), size=array([1., 1.]), units='norm', vertices=array([[-0.5,  0. ],
       [ 0.5,  0. ]]), win=Window(...), windingRule=None)
22.1082 	EXP 	Created unnamed Line = Line(__class__=<class 'psychopy.visual.line.Line'>, autoDraw=False, autoLog=True, closeShape=False, color=array([1., 1., 1.]), colorSpace='rgb', contrast=None, depth=0, fillColor=array([0, 0, 0]), fillColorSpace='rgb', fillRGB=array([0, 0, 0]), interpolate=True, lineColor=array([1., 1., 1.]), lineColorSpace='rgb', lineRGB=array([1, 1, 1]), lineWidth=3, name='unnamed Line', opacity=0.5, ori=0.0, pos=array([0., 0.]), size=array([1., 1.]), units='norm', vertices=array([[-0.5 , -0.05],
       [-0.5 ,  0.05]]), win=Window(...), windingRule=None)
22.1102 	EXP 	Created unnamed Line = Line(__class__=<class 'psychopy.visual.line.Line'>, autoDraw=False, autoLog=True, closeShape=False, color=array([1., 1., 1.]), colorSpace='rgb', contrast=None, depth=0, fillColor=array([0, 0, 0]), fillColorSpace='rgb', fillRGB=array([0, 0, 0]), interpolate=True, lineColor=array([1., 1., 1.]), lineColorSpace='rgb', lineRGB=array([1, 1, 1]), lineWidth=3, name='unnamed Line', opacity=0.5, ori=0.0, pos=array([0., 0.]), size=array([1., 1.]), units='norm', vertices=ndarray(...), win=Window(...), windingRule=None)
22.1122 	EXP 	Created unnamed Line = Line(__class__=<class 'psychopy.visual.line.Line'>, autoDraw=False, autoLog=True, closeShape=False, color=array([1., 1., 1.]), colorSpace='rgb', contrast=None, depth=0, fillColor=array([0, 0, 0]), fillColorSpace='rgb', fillRGB=array([0, 0, 0]), interpolate=True, lineColor=array([1., 1., 1.]), lineColorSpace='rgb', lineRGB=array([1, 1, 1]), lineWidth=3, name='unnamed Line', opacity=0.5, ori=0.0, pos=array([0., 0.]), size=array([1., 1.]), units='norm', vertices=ndarray(...), win=Window(...), windingRule=None)
22.1141 	EXP 	Created unnamed Line = Line(__class__=<class 'psychopy.visual.line.Line'>, autoDraw=False, autoLog=True, closeShape=False, color=array([1., 1., 1.]), colorSpace='rgb', contrast=None, depth=0, fillColor=array([0, 0, 0]), fillColorSpace='rgb', fillRGB=array([0, 0, 0]), interpolate=True, lineColor=array([1., 1., 1.]), lineColorSpace='rgb', lineRGB=array([1, 1, 1]), lineWidth=3, name='unnamed Line', opacity=0.5, ori=0.0, pos=array([0., 0.]), size=array([1., 1.]), units='norm', vertices=array([[ 0.5 , -0.05],
       [ 0.5 ,  0.05]]), win=Window(...), windingRule=None)
22.1188 	EXP 	Created unnamed TextStim = TextStim(__class__=<class 'psychopy.visual.text.TextStim'>, alignHoriz=method-wrapper(...), alignText='center', alignVert=method-wrapper(...), anchorHoriz='center', anchorVert='center', antialias=True, autoLog=True, bold=False, color=array([1., 1., 1.]), colorSpace='rgb', contrast=1.0, depth=0, flipHoriz=False, flipVert=False, font='', fontFiles=[], height=0.05, italic=False, languageStyle='LTR', name='unnamed TextStim', opacity=1.0, ori=0.0, pos=array([-0.5, -0.1]), rgb=UNKNOWN, text='Helt klart \n SPONTAN', units='norm', win=Window(...), wrapWidth=1)
22.1199 	EXP 	Created unnamed TextStim = TextStim(__class__=<class 'psychopy.visual.text.TextStim'>, alignHoriz=method-wrapper(...), alignText='center', alignVert=method-wrapper(...), anchorHoriz='center', anchorVert='center', antialias=True, autoLog=True, bold=False, color=array([1., 1., 1.]), colorSpace='rgb', contrast=1.0, depth=0, flipHoriz=False, flipVert=False, font='', fontFiles=[], height=0.05, italic=False, languageStyle='LTR', name='unnamed TextStim', opacity=1.0, ori=0.0, pos=array([-0.16666667, -0.1       ]), rgb=UNKNOWN, text='', units='norm', win=Window(...), wrapWidth=1)
22.1209 	EXP 	Created unnamed TextStim = TextStim(__class__=<class 'psychopy.visual.text.TextStim'>, alignHoriz=method-wrapper(...), alignText='center', alignVert=method-wrapper(...), anchorHoriz='center', anchorVert='center', antialias=True, autoLog=True, bold=False, color=array([1., 1., 1.]), colorSpace='rgb', contrast=1.0, depth=0, flipHoriz=False, flipVert=False, font='', fontFiles=[], height=0.05, italic=False, languageStyle='LTR', name='unnamed TextStim', opacity=1.0, ori=0.0, pos=array([ 0.16666667, -0.1       ]), rgb=UNKNOWN, text='', units='norm', win=Window(...), wrapWidth=1)
22.1255 	EXP 	Created unnamed TextStim = TextStim(__class__=<class 'psychopy.visual.text.TextStim'>, alignHoriz=method-wrapper(...), alignText='center', alignVert=method-wrapper(...), anchorHoriz='center', anchorVert='center', antialias=True, autoLog=True, bold=False, color=array([1., 1., 1.]), colorSpace='rgb', contrast=1.0, depth=0, flipHoriz=False, flipVert=False, font='', fontFiles=[], height=0.05, italic=False, languageStyle='LTR', name='unnamed TextStim', opacity=1.0, ori=0.0, pos=array([ 0.5, -0.1]), rgb=UNKNOWN, text='Helt klart \n BEVISST', units='norm', win=Window(...), wrapWidth=1)
22.1273 	EXP 	Created unnamed ShapeStim = ShapeStim(__class__=<class 'psychopy.visual.shape.ShapeStim'>, autoDraw=False, autoLog=True, closeShape=True, color=method-wrapper(...), colorSpace='rgb', contrast=None, depth=0, fillColor=array([1, 1, 1]), fillColorSpace='rgb', fillRGB=array([1, 1, 1]), interpolate=True, lineColor=array([-1., -1., -1.]), lineColorSpace='rgb', lineRGB=array([-1, -1, -1]), lineWidth=1.5, name='unnamed ShapeStim', opacity=1.0, ori=0.0, pos=array([0., 0.]), size=array([1., 1.]), units='norm', vertices=ndarray(...), win=Window(...), windingRule=None)
22.1756 	EXP 	Sound  set volume 1.000
22.2054 	EXP 	unnamed ShapeStim: vertices = <class 'numpy.ndarray'>
22.2054 	EXP 	unnamed ShapeStim: vertices = <class 'numpy.ndarray'>
22.2054 	EXP 	unnamed ShapeStim: vertices = <class 'numpy.ndarray'>
220.3366 	DATA 	Keypress: rctrl
220.8584 	EXP 	Sound  started
221.1526 	DATA 	Keypress: rctrl
221.5844 	DATA 	Keypress: lctrl
221.6082 	EXP 	Sound  started
222.3364 	DATA 	Keypress: rctrl
222.3582 	EXP 	Sound  started
223.0724 	DATA 	Keypress: rctrl
223.1082 	EXP 	Sound  started
223.8564 	DATA 	Keypress: rctrl
223.8582 	EXP 	Sound  started
224.5604 	DATA 	Keypress: rctrl
224.6082 	EXP 	Sound  started
225.2804 	DATA 	Keypress: lctrl
225.3583 	EXP 	Sound  started
226.0164 	DATA 	Keypress: rctrl
226.1083 	EXP 	Sound  started
226.6885 	DATA 	Keypress: lctrl
226.8583 	EXP 	Sound  started
227.5047 	DATA 	Keypress: lctrl
227.6083 	EXP 	Sound  started
228.2885 	DATA 	Keypress: lctrl
228.3583 	EXP 	Sound  started
228.9925 	DATA 	Keypress: lctrl
229.1083 	EXP 	Sound  started
229.7605 	DATA 	Keypress: rctrl
229.8583 	EXP 	Sound  started
230.4484 	DATA 	Keypress: lctrl
230.6084 	EXP 	Sound  started
231.2164 	DATA 	Keypress: rctrl
231.3584 	EXP 	Sound  started
231.9364 	DATA 	Keypress: rctrl
232.1084 	EXP 	Sound  started
232.7204 	DATA 	Keypress: rctrl
232.8584 	EXP 	Sound  started
233.3924 	DATA 	Keypress: rctrl
233.6084 	EXP 	Sound  started
234.1445 	DATA 	Keypress: rctrl
234.3584 	EXP 	Sound  started
234.8484 	DATA 	Keypress: rctrl
235.1084 	EXP 	Sound  started
235.6644 	DATA 	Keypress: lctrl
235.8585 	EXP 	Sound  started
236.3845 	DATA 	Keypress: rctrl
236.6085 	EXP 	Sound  started
237.1364 	DATA 	Keypress: lctrl
237.3585 	EXP 	Sound  started
237.9044 	DATA 	Keypress: lctrl
238.1085 	EXP 	Sound  started
238.7044 	DATA 	Keypress: lctrl
238.8585 	EXP 	Sound  started
239.4405 	DATA 	Keypress: lctrl
239.6085 	EXP 	Sound  started
240.2244 	DATA 	Keypress: rctrl
240.3585 	EXP 	Sound  started
241.0244 	DATA 	Keypress: lctrl
241.1086 	EXP 	Sound  started
241.7765 	DATA 	Keypress: rctrl
241.8586 	EXP 	Sound  started
242.5285 	DATA 	Keypress: rctrl
242.6086 	EXP 	Sound  started
243.2324 	DATA 	Keypress: rctrl
243.3586 	EXP 	Sound  started
243.9525 	DATA 	Keypress: rctrl
244.1086 	EXP 	Sound  started
244.7524 	DATA 	Keypress: lctrl
244.8586 	EXP 	Sound  started
245.5044 	DATA 	Keypress: rctrl
245.6086 	EXP 	Sound  started
246.1284 	DATA 	Keypress: lctrl
246.3586 	EXP 	Sound  started
247.0244 	DATA 	Keypress: lctrl
247.1086 	EXP 	Sound  started
247.7924 	DATA 	Keypress: lctrl
247.8587 	EXP 	Sound  started
248.5444 	DATA 	Keypress: rctrl
248.6087 	EXP 	Sound  started
249.3284 	DATA 	Keypress: lctrl
249.3587 	EXP 	Sound  started
250.1087 	EXP 	Sound  started
250.1604 	DATA 	Keypress: rctrl
250.7685 	DATA 	Keypress: rctrl
250.8587 	EXP 	Sound  started
251.4884 	DATA 	Keypress: rctrl
251.6087 	EXP 	Sound  started
252.2245 	DATA 	Keypress: rctrl
252.3587 	EXP 	Sound  started
252.9284 	DATA 	Keypress: lctrl
253.1087 	EXP 	Sound  started
253.6484 	DATA 	Keypress: rctrl
253.8588 	EXP 	Sound  started
254.4484 	DATA 	Keypress: lctrl
254.6088 	EXP 	Sound  started
255.2004 	DATA 	Keypress: lctrl
255.3588 	EXP 	Sound  started
255.9844 	DATA 	Keypress: lctrl
256.1088 	EXP 	Sound  started
256.7204 	DATA 	Keypress: lctrl
256.8588 	EXP 	Sound  started
257.5205 	DATA 	Keypress: rctrl
257.6088 	EXP 	Sound  started
258.2244 	DATA 	Keypress: lctrl
258.3588 	EXP 	Sound  started
258.9284 	DATA 	Keypress: rctrl
259.1089 	EXP 	Sound  started
259.6804 	DATA 	Keypress: lctrl
259.8589 	EXP 	Sound  started
260.4485 	DATA 	Keypress: lctrl
260.6089 	EXP 	Sound  started
261.2004 	DATA 	Keypress: lctrl
261.3589 	EXP 	Sound  started
261.9684 	DATA 	Keypress: lctrl
262.1089 	EXP 	Sound  started
262.7684 	DATA 	Keypress: rctrl
262.8589 	EXP 	Sound  started
263.5684 	DATA 	Keypress: lctrl
263.6089 	EXP 	Sound  started
264.3365 	DATA 	Keypress: rctrl
264.3589 	EXP 	Sound  started
265.0404 	DATA 	Keypress: rctrl
265.1089 	EXP 	Sound  started
265.7924 	DATA 	Keypress: rctrl
265.8590 	EXP 	Sound  started
266.5284 	DATA 	Keypress: rctrl
266.6090 	EXP 	Sound  started
267.2964 	DATA 	Keypress: lctrl
267.3590 	EXP 	Sound  started
267.9524 	DATA 	Keypress: rctrl
268.1090 	EXP 	Sound  started
268.6884 	DATA 	Keypress: lctrl
268.8590 	EXP 	Sound  started
269.5204 	DATA 	Keypress: lctrl
269.6090 	EXP 	Sound  started
270.2404 	DATA 	Keypress: lctrl
270.3591 	EXP 	Sound  started
271.0084 	DATA 	Keypress: lctrl
271.1091 	EXP 	Sound  started
271.8084 	DATA 	Keypress: rctrl
271.8591 	EXP 	Sound  started
272.5445 	DATA 	Keypress: lctrl
272.6091 	EXP 	Sound  started
273.2484 	DATA 	Keypress: rctrl
273.3591 	EXP 	Sound  started
274.0645 	DATA 	Keypress: lctrl
274.1091 	EXP 	Sound  started
274.7685 	DATA 	Keypress: rctrl
274.8592 	EXP 	Sound  started
275.4564 	DATA 	Keypress: rctrl
275.6092 	EXP 	Sound  started
276.1604 	DATA 	Keypress: rctrl
276.3919 	EXP 	unnamed TextStim: text = ''
276.3919 	EXP 	unnamed TextStim: text = ''
282.6120 	DATA 	Keypress: 2
282.6414 	EXP 	unnamed ShapeStim: vertices = <class 'numpy.ndarray'>
284.1760 	EXP 	unnamed TextStim: text = ''
284.1760 	EXP 	unnamed TextStim: text = ''
287.8459 	DATA 	Keypress: 3
287.8624 	EXP 	unnamed ShapeStim: vertices = <class 'numpy.ndarray'>
289.3969 	EXP 	unnamed TextStim: text = ''
289.3969 	EXP 	unnamed TextStim: text = ''
290.3651 	DATA 	Keypress: 1
290.3816 	EXP 	unnamed ShapeStim: vertices = <class 'numpy.ndarray'>
292.6658 	EXP 	Sound  started
292.6667 	DATA 	Keypress: rctrl
293.2804 	DATA 	Keypress: lctrl
293.4157 	EXP 	Sound  started
294.0644 	DATA 	Keypress: rctrl
294.1657 	EXP 	Sound  started
294.8164 	DATA 	Keypress: rctrl
294.9157 	EXP 	Sound  started
295.6165 	DATA 	Keypress: rctrl
295.6657 	EXP 	Sound  started
296.3684 	DATA 	Keypress: rctrl
296.4157 	EXP 	Sound  started
297.0885 	DATA 	Keypress: lctrl
297.1657 	EXP 	Sound  started
297.8564 	DATA 	Keypress: rctrl
297.9157 	EXP 	Sound  started
298.5765 	DATA 	Keypress: lctrl
298.6658 	EXP 	Sound  started
299.2964 	DATA 	Keypress: lctrl
299.4158 	EXP 	Sound  started
300.0485 	DATA 	Keypress: lctrl
300.1658 	EXP 	Sound  started
300.8004 	DATA 	Keypress: lctrl
300.9158 	EXP 	Sound  started
301.5525 	DATA 	Keypress: lctrl
301.6658 	EXP 	Sound  started
302.3204 	DATA 	Keypress: lctrl
302.4158 	EXP 	Sound  started
303.1364 	DATA 	Keypress: rctrl
303.1658 	EXP 	Sound  started
303.7923 	DATA 	Keypress: lctrl
303.9159 	EXP 	Sound  started
304.5924 	DATA 	Keypress: rctrl
304.6659 	EXP 	Sound  started
305.3124 	DATA 	Keypress: rctrl
305.4159 	EXP 	Sound  started
306.0164 	DATA 	Keypress: rctrl
306.1659 	EXP 	Sound  started
306.7844 	DATA 	Keypress: rctrl
306.9159 	EXP 	Sound  started
307.4884 	DATA 	Keypress: rctrl
307.6659 	EXP 	Sound  started
308.1924 	DATA 	Keypress: rctrl
308.4159 	EXP 	Sound  started
308.9604 	DATA 	Keypress: lctrl
309.1659 	EXP 	Sound  started
309.7923 	DATA 	Keypress: rctrl
309.9160 	EXP 	Sound  started
310.5284 	DATA 	Keypress: lctrl
310.6660 	EXP 	Sound  started
311.3124 	DATA 	Keypress: lctrl
311.4160 	EXP 	Sound  started
312.0964 	DATA 	Keypress: lctrl
312.1660 	EXP 	Sound  started
312.8324 	DATA 	Keypress: lctrl
312.9160 	EXP 	Sound  started
313.6325 	DATA 	Keypress: rctrl
313.6660 	EXP 	Sound  started
314.3524 	DATA 	Keypress: lctrl
314.4160 	EXP 	Sound  started
315.1044 	DATA 	Keypress: rctrl
315.1661 	EXP 	Sound  started
315.8244 	DATA 	Keypress: rctrl
315.9161 	EXP 	Sound  started
316.6243 	DATA 	Keypress: rctrl
316.6661 	EXP 	Sound  started
317.3284 	DATA 	Keypress: lctrl
317.4161 	EXP 	Sound  started
318.0644 	DATA 	Keypress: rctrl
318.1661 	EXP 	Sound  started
318.8165 	DATA 	Keypress: rctrl
318.9161 	EXP 	Sound  started
319.5363 	DATA 	Keypress: rctrl
319.6661 	EXP 	Sound  started
320.3364 	DATA 	Keypress: lctrl
320.4162 	EXP 	Sound  started
321.0244 	DATA 	Keypress: lctrl
321.1662 	EXP 	Sound  started
321.8244 	DATA 	Keypress: lctrl
321.9162 	EXP 	Sound  started
322.5923 	DATA 	Keypress: lctrl
322.6662 	EXP 	Sound  started
323.3443 	DATA 	Keypress: rctrl
323.4162 	EXP 	Sound  started
324.0643 	DATA 	Keypress: rctrl
324.1662 	EXP 	Sound  started
324.8004 	DATA 	Keypress: rctrl
324.9162 	EXP 	Sound  started
325.5684 	DATA 	Keypress: rctrl
325.6663 	EXP 	Sound  started
326.3204 	DATA 	Keypress: rctrl
326.4163 	EXP 	Sound  started
327.0565 	DATA 	Keypress: rctrl
327.1663 	EXP 	Sound  started
327.7603 	DATA 	Keypress: lctrl
327.9163 	EXP 	Sound  started
328.5444 	DATA 	Keypress: rctrl
328.6663 	EXP 	Sound  started
329.2964 	DATA 	Keypress: lctrl
329.4163 	EXP 	Sound  started
330.0644 	DATA 	Keypress: lctrl
330.1663 	EXP 	Sound  started
330.8164 	DATA 	Keypress: rctrl
330.9163 	EXP 	Sound  started
331.5203 	DATA 	Keypress: rctrl
331.6664 	EXP 	Sound  started
332.2724 	DATA 	Keypress: lctrl
332.4165 	EXP 	Sound  started
332.9763 	DATA 	Keypress: rctrl
333.1665 	EXP 	Sound  started
333.6964 	DATA 	Keypress: rctrl
335.7184 	DATA 	Keypress: 4
335.7349 	EXP 	unnamed ShapeStim: vertices = <class 'numpy.ndarray'>
341.1228 	DATA 	Keypress: 1
341.1393 	EXP 	unnamed ShapeStim: vertices = <class 'numpy.ndarray'>
342.9452 	DATA 	Keypress: 3
342.9747 	EXP 	unnamed ShapeStim: vertices = <class 'numpy.ndarray'>
345.2598 	EXP 	Sound  started
345.2646 	DATA 	Keypress: rctrl
345.8565 	DATA 	Keypress: lctrl
346.0097 	EXP 	Sound  started
346.6724 	DATA 	Keypress: rctrl
346.7597 	EXP 	Sound  started
347.4245 	DATA 	Keypress: rctrl
347.5097 	EXP 	Sound  started
348.1924 	DATA 	Keypress: rctrl
348.2597 	EXP 	Sound  started
348.9285 	DATA 	Keypress: rctrl
349.0097 	EXP 	Sound  started
349.6804 	DATA 	Keypress: rctrl
349.7597 	EXP 	Sound  started
350.4965 	DATA 	Keypress: rctrl
350.5098 	EXP 	Sound  started
351.2324 	DATA 	Keypress: lctrl
351.2598 	EXP 	Sound  started
351.9844 	DATA 	Keypress: lctrl
352.0098 	EXP 	Sound  started
352.7598 	EXP 	Sound  started
352.7684 	DATA 	Keypress: rctrl
353.5043 	DATA 	Keypress: lctrl
353.5098 	EXP 	Sound  started
354.2083 	DATA 	Keypress: rctrl
354.2598 	EXP 	Sound  started
354.9443 	DATA 	Keypress: lctrl
355.0098 	EXP 	Sound  started
355.6484 	DATA 	Keypress: lctrl
355.7599 	EXP 	Sound  started
356.4964 	DATA 	Keypress: lctrl
356.5099 	EXP 	Sound  started
357.2164 	DATA 	Keypress: rctrl
357.2599 	EXP 	Sound  started
357.8404 	DATA 	Keypress: lctrl
358.0099 	EXP 	Sound  started
358.6083 	DATA 	Keypress: rctrl
358.7599 	EXP 	Sound  started
359.2484 	DATA 	Keypress: rctrl
359.5099 	EXP 	Sound  started
360.0804 	DATA 	Keypress: lctrl
360.2599 	EXP 	Sound  started
360.8484 	DATA 	Keypress: rctrl
361.0100 	EXP 	Sound  started
361.5844 	DATA 	Keypress: lctrl
361.7600 	EXP 	Sound  started
362.2884 	DATA 	Keypress: lctrl
362.5100 	EXP 	Sound  started
363.1364 	DATA 	Keypress: lctrl
363.2600 	EXP 	Sound  started
363.8883 	DATA 	Keypress: lctrl
364.0100 	EXP 	Sound  started
364.5924 	DATA 	Keypress: lctrl
364.7600 	EXP 	Sound  started
365.4243 	DATA 	Keypress: lctrl
365.5100 	EXP 	Sound  started
366.1763 	DATA 	Keypress: rctrl
366.2600 	EXP 	Sound  started
366.8964 	DATA 	Keypress: lctrl
367.0101 	EXP 	Sound  started
367.7125 	DATA 	Keypress: rctrl
367.7601 	EXP 	Sound  started
368.3844 	DATA 	Keypress: rctrl
368.5101 	EXP 	Sound  started
369.1364 	DATA 	Keypress: rctrl
369.2601 	EXP 	Sound  started
369.8723 	DATA 	Keypress: lctrl
370.0101 	EXP 	Sound  started
370.6564 	DATA 	Keypress: rctrl
370.7601 	EXP 	Sound  started
371.3445 	DATA 	Keypress: rctrl
371.5101 	EXP 	Sound  started
372.1123 	DATA 	Keypress: rctrl
372.2602 	EXP 	Sound  started
372.8163 	DATA 	Keypress: rctrl
373.0102 	EXP 	Sound  started
373.6163 	DATA 	Keypress: rctrl
373.7602 	EXP 	Sound  started
374.3363 	DATA 	Keypress: rctrl
374.5102 	EXP 	Sound  started
375.0564 	DATA 	Keypress: lctrl
375.2602 	EXP 	Sound  started
375.8403 	DATA 	Keypress: rctrl
376.0102 	EXP 	Sound  started
376.5603 	DATA 	Keypress: lctrl
376.7602 	EXP 	Sound  started
377.3123 	DATA 	Keypress: lctrl
377.5103 	EXP 	Sound  started
378.0323 	DATA 	Keypress: lctrl
378.2603 	EXP 	Sound  started
378.7683 	DATA 	Keypress: lctrl
379.0103 	EXP 	Sound  started
379.5843 	DATA 	Keypress: rctrl
379.7603 	EXP 	Sound  started
380.3845 	DATA 	Keypress: lctrl
380.5103 	EXP 	Sound  started
381.0884 	DATA 	Keypress: rctrl
381.2603 	EXP 	Sound  started
381.8723 	DATA 	Keypress: lctrl
382.0103 	EXP 	Sound  started
382.6724 	DATA 	Keypress: lctrl
382.7603 	EXP 	Sound  started
383.4243 	DATA 	Keypress: rctrl
383.5104 	EXP 	Sound  started
384.1763 	DATA 	Keypress: rctrl
384.2604 	EXP 	Sound  started
384.8803 	DATA 	Keypress: rctrl
385.0104 	EXP 	Sound  started
385.6483 	DATA 	Keypress: rctrl
385.7604 	EXP 	Sound  started
386.4324 	DATA 	Keypress: lctrl
386.5105 	EXP 	Sound  started
387.1524 	DATA 	Keypress: rctrl
390.6801 	DATA 	Keypress: 3
390.6966 	EXP 	unnamed ShapeStim: vertices = <class 'numpy.ndarray'>
396.5516 	DATA 	Keypress: 2
396.5681 	EXP 	unnamed ShapeStim: vertices = <class 'numpy.ndarray'>
399.3209 	DATA 	Keypress: 3
399.3375 	EXP 	unnamed ShapeStim: vertices = <class 'numpy.ndarray'>
401.6215 	EXP 	Sound  started
401.6224 	DATA 	Keypress: rctrl
402.1763 	DATA 	Keypress: rctrl
402.3714 	EXP 	Sound  started
403.0083 	DATA 	Keypress: rctrl
403.1214 	EXP 	Sound  started
403.7923 	DATA 	Keypress: rctrl
403.8714 	EXP 	Sound  started
404.5923 	DATA 	Keypress: rctrl
404.6214 	EXP 	Sound  started
405.2963 	DATA 	Keypress: rctrl
405.3714 	EXP 	Sound  started
406.0483 	DATA 	Keypress: rctrl
406.1214 	EXP 	Sound  started
406.8003 	DATA 	Keypress: rctrl
406.8715 	EXP 	Sound  started
407.5363 	DATA 	Keypress: rctrl
407.6215 	EXP 	Sound  started
408.3044 	DATA 	Keypress: rctrl
408.3715 	EXP 	Sound  started
409.0725 	DATA 	Keypress: rctrl
409.1215 	EXP 	Sound  started
409.8244 	DATA 	Keypress: rctrl
409.8715 	EXP 	Sound  started
410.4964 	DATA 	Keypress: lctrl
410.6215 	EXP 	Sound  started
411.2803 	DATA 	Keypress: lctrl
411.3715 	EXP 	Sound  started
412.0323 	DATA 	Keypress: lctrl
412.1215 	EXP 	Sound  started
412.7843 	DATA 	Keypress: lctrl
412.8716 	EXP 	Sound  started
413.5683 	DATA 	Keypress: lctrl
413.6216 	EXP 	Sound  started
414.3365 	DATA 	Keypress: lctrl
414.3716 	EXP 	Sound  started
415.0884 	DATA 	Keypress: lctrl
415.1216 	EXP 	Sound  started
415.7923 	DATA 	Keypress: lctrl
415.8716 	EXP 	Sound  started
416.5284 	DATA 	Keypress: lctrl
416.6216 	EXP 	Sound  started
417.2803 	DATA 	Keypress: lctrl
417.3716 	EXP 	Sound  started
418.0163 	DATA 	Keypress: lctrl
418.1216 	EXP 	Sound  started
418.7844 	DATA 	Keypress: lctrl
418.8717 	EXP 	Sound  started
419.5205 	DATA 	Keypress: lctrl
419.6217 	EXP 	Sound  started
420.2724 	DATA 	Keypress: rctrl
420.3717 	EXP 	Sound  started
421.0403 	DATA 	Keypress: lctrl
421.1217 	EXP 	Sound  started
421.7923 	DATA 	Keypress: rctrl
421.8717 	EXP 	Sound  started
422.5443 	DATA 	Keypress: lctrl
422.6217 	EXP 	Sound  started
423.3123 	DATA 	Keypress: rctrl
423.3717 	EXP 	Sound  started
424.0803 	DATA 	Keypress: rctrl
424.1217 	EXP 	Sound  started
424.8323 	DATA 	Keypress: rctrl
424.8718 	EXP 	Sound  started
425.5203 	DATA 	Keypress: lctrl
425.6218 	EXP 	Sound  started
426.3043 	DATA 	Keypress: rctrl
426.3718 	EXP 	Sound  started
427.0563 	DATA 	Keypress: lctrl
427.1218 	EXP 	Sound  started
427.7923 	DATA 	Keypress: rctrl
427.8718 	EXP 	Sound  started
428.4963 	DATA 	Keypress: lctrl
428.6218 	EXP 	Sound  started
429.2325 	DATA 	Keypress: lctrl
429.3718 	EXP 	Sound  started
430.0003 	DATA 	Keypress: lctrl
430.1219 	EXP 	Sound  started
430.7684 	DATA 	Keypress: lctrl
430.8719 	EXP 	Sound  started
431.5363 	DATA 	Keypress: lctrl
431.6219 	EXP 	Sound  started
432.3043 	DATA 	Keypress: rctrl
432.3719 	EXP 	Sound  started
433.1043 	DATA 	Keypress: lctrl
433.1219 	EXP 	Sound  started
433.8403 	DATA 	Keypress: rctrl
433.8719 	EXP 	Sound  started
434.5923 	DATA 	Keypress: rctrl
434.6219 	EXP 	Sound  started
435.3720 	EXP 	Sound  started
435.3763 	DATA 	Keypress: lctrl
436.0483 	DATA 	Keypress: rctrl
436.1220 	EXP 	Sound  started
436.8163 	DATA 	Keypress: rctrl
436.8720 	EXP 	Sound  started
437.6003 	DATA 	Keypress: rctrl
437.6220 	EXP 	Sound  started
438.3523 	DATA 	Keypress: lctrl
438.3720 	EXP 	Sound  started
439.1043 	DATA 	Keypress: rctrl
439.1220 	EXP 	Sound  started
439.8083 	DATA 	Keypress: lctrl
439.8721 	EXP 	Sound  started
440.5285 	DATA 	Keypress: lctrl
440.6221 	EXP 	Sound  started
441.3124 	DATA 	Keypress: rctrl
441.3721 	EXP 	Sound  started
442.0003 	DATA 	Keypress: lctrl
442.1221 	EXP 	Sound  started
442.7683 	DATA 	Keypress: rctrl
442.8721 	EXP 	Sound  started
443.5843 	DATA 	Keypress: rctrl
443.6221 	EXP 	Sound  started
444.3203 	DATA 	Keypress: rctrl
444.3721 	EXP 	Sound  started
445.1043 	DATA 	Keypress: rctrl
445.1221 	EXP 	Sound  started
445.8403 	DATA 	Keypress: lctrl
445.8722 	EXP 	Sound  started
446.5443 	DATA 	Keypress: rctrl
446.6222 	EXP 	Sound  started
447.2803 	DATA 	Keypress: lctrl
447.3722 	EXP 	Sound  started
448.0484 	DATA 	Keypress: lctrl
448.1222 	EXP 	Sound  started
448.8722 	EXP 	Sound  started
449.5363 	DATA 	Keypress: lctrl
449.6222 	EXP 	Sound  started
450.3722 	EXP 	Sound  started
451.0564 	DATA 	Keypress: rctrl
451.1222 	EXP 	Sound  started
451.8083 	DATA 	Keypress: rctrl
451.8723 	EXP 	Sound  started
452.5763 	DATA 	Keypress: rctrl
452.6223 	EXP 	Sound  started
453.3123 	DATA 	Keypress: lctrl
453.3723 	EXP 	Sound  started
453.9845 	DATA 	Keypress: rctrl
454.1223 	EXP 	Sound  started
454.7203 	DATA 	Keypress: lctrl
454.8723 	EXP 	Sound  started
455.5043 	DATA 	Keypress: lctrl
455.6223 	EXP 	Sound  started
456.2883 	DATA 	Keypress: rctrl
456.3723 	EXP 	Sound  started
457.0883 	DATA 	Keypress: rctrl
457.1224 	EXP 	Sound  started
457.8084 	DATA 	Keypress: rctrl
457.8725 	EXP 	Sound  started
458.5603 	DATA 	Keypress: rctrl
458.6225 	EXP 	Sound  started
459.2964 	DATA 	Keypress: lctrl
459.3726 	EXP 	Sound  started
460.0483 	DATA 	Keypress: rctrl
460.1226 	EXP 	Sound  started
460.8323 	DATA 	Keypress: lctrl
460.8726 	EXP 	Sound  started
461.5523 	DATA 	Keypress: lctrl
461.6226 	EXP 	Sound  started
462.3203 	DATA 	Keypress: lctrl
462.3726 	EXP 	Sound  started
463.0883 	DATA 	Keypress: rctrl
463.1226 	EXP 	Sound  started
463.8243 	DATA 	Keypress: lctrl
463.8726 	EXP 	Sound  started
464.5443 	DATA 	Keypress: lctrl
466.6590 	DATA 	Keypress: 3
466.6755 	EXP 	unnamed ShapeStim: vertices = <class 'numpy.ndarray'>
471.5296 	DATA 	Keypress: 2
471.5461 	EXP 	unnamed ShapeStim: vertices = <class 'numpy.ndarray'>
475.0158 	DATA 	Keypress: 2
475.0323 	EXP 	unnamed ShapeStim: vertices = <class 'numpy.ndarray'>
477.3173 	EXP 	Sound  started
477.5205 	DATA 	Keypress: rctrl
478.0483 	DATA 	Keypress: rctrl
478.0672 	EXP 	Sound  started
478.8003 	DATA 	Keypress: rctrl
478.8172 	EXP 	Sound  started
479.5043 	DATA 	Keypress: rctrl
479.5672 	EXP 	Sound  started
480.2404 	DATA 	Keypress: rctrl
480.3172 	EXP 	Sound  started
480.9923 	DATA 	Keypress: rctrl
481.0672 	EXP 	Sound  started
481.7123 	DATA 	Keypress: rctrl
481.8173 	EXP 	Sound  started
482.4803 	DATA 	Keypress: rctrl
482.5673 	EXP 	Sound  started
483.2483 	DATA 	Keypress: lctrl
483.3173 	EXP 	Sound  started
484.0002 	DATA 	Keypress: rctrl
484.0673 	EXP 	Sound  started
484.7363 	DATA 	Keypress: lctrl
484.8173 	EXP 	Sound  started
485.4883 	DATA 	Keypress: lctrl
485.5673 	EXP 	Sound  started
486.2404 	DATA 	Keypress: lctrl
486.3174 	EXP 	Sound  started
486.9763 	DATA 	Keypress: lctrl
487.0674 	EXP 	Sound  started
487.7443 	DATA 	Keypress: lctrl
487.8174 	EXP 	Sound  started
488.4962 	DATA 	Keypress: lctrl
488.5674 	EXP 	Sound  started
489.2803 	DATA 	Keypress: rctrl
489.3174 	EXP 	Sound  started
489.9843 	DATA 	Keypress: lctrl
490.0674 	EXP 	Sound  started
490.7843 	DATA 	Keypress: rctrl
490.8174 	EXP 	Sound  started
491.5203 	DATA 	Keypress: rctrl
491.5675 	EXP 	Sound  started
492.2243 	DATA 	Keypress: rctrl
492.3175 	EXP 	Sound  started
492.9923 	DATA 	Keypress: rctrl
493.0675 	EXP 	Sound  started
493.7123 	DATA 	Keypress: rctrl
493.8175 	EXP 	Sound  started
494.4963 	DATA 	Keypress: lctrl
494.5675 	EXP 	Sound  started
495.2643 	DATA 	Keypress: rctrl
495.3175 	EXP 	Sound  started
496.0163 	DATA 	Keypress: lctrl
496.0675 	EXP 	Sound  started
496.7842 	DATA 	Keypress: lctrl
496.8176 	EXP 	Sound  started
497.5203 	DATA 	Keypress: lctrl
497.5676 	EXP 	Sound  started
498.2402 	DATA 	Keypress: lctrl
498.3176 	EXP 	Sound  started
499.0242 	DATA 	Keypress: lctrl
499.0676 	EXP 	Sound  started
499.7443 	DATA 	Keypress: lctrl
499.8176 	EXP 	Sound  started
500.4482 	DATA 	Keypress: rctrl
500.5676 	EXP 	Sound  started
501.2003 	DATA 	Keypress: rctrl
501.3176 	EXP 	Sound  started
501.9843 	DATA 	Keypress: lctrl
502.0676 	EXP 	Sound  started
502.7203 	DATA 	Keypress: lctrl
502.8177 	EXP 	Sound  started
503.3922 	DATA 	Keypress: rctrl
503.5677 	EXP 	Sound  started
504.1123 	DATA 	Keypress: lctrl
504.3177 	EXP 	Sound  started
504.9283 	DATA 	Keypress: lctrl
505.0677 	EXP 	Sound  started
505.7124 	DATA 	Keypress: lctrl
505.8177 	EXP 	Sound  started
506.4483 	DATA 	Keypress: rctrl
506.5677 	EXP 	Sound  started
507.3177 	EXP 	Sound  started
508.0162 	DATA 	Keypress: rctrl
508.0678 	EXP 	Sound  started
508.7363 	DATA 	Keypress: rctrl
508.8178 	EXP 	Sound  started
509.4403 	DATA 	Keypress: lctrl
509.5678 	EXP 	Sound  started
510.2404 	DATA 	Keypress: rctrl
510.3178 	EXP 	Sound  started
510.9603 	DATA 	Keypress: lctrl
511.0678 	EXP 	Sound  started
511.6962 	DATA 	Keypress: lctrl
511.8178 	EXP 	Sound  started
512.4803 	DATA 	Keypress: lctrl
512.5678 	EXP 	Sound  started
513.2643 	DATA 	Keypress: lctrl
513.3178 	EXP 	Sound  started
514.0322 	DATA 	Keypress: rctrl
514.0679 	EXP 	Sound  started
514.7363 	DATA 	Keypress: lctrl
514.8179 	EXP 	Sound  started
515.4883 	DATA 	Keypress: rctrl
515.5679 	EXP 	Sound  started
516.2403 	DATA 	Keypress: rctrl
516.3179 	EXP 	Sound  started
516.9922 	DATA 	Keypress: rctrl
517.0679 	EXP 	Sound  started
517.7443 	DATA 	Keypress: lctrl
517.8179 	EXP 	Sound  started
518.5603 	DATA 	Keypress: rctrl
518.5679 	EXP 	Sound  started
519.2163 	DATA 	Keypress: lctrl
519.3179 	EXP 	Sound  started
519.9523 	DATA 	Keypress: lctrl
520.0680 	EXP 	Sound  started
520.7042 	DATA 	Keypress: lctrl
520.8180 	EXP 	Sound  started
521.4882 	DATA 	Keypress: lctrl
521.5680 	EXP 	Sound  started
522.2242 	DATA 	Keypress: lctrl
522.3180 	EXP 	Sound  started
522.9283 	DATA 	Keypress: rctrl
523.0680 	EXP 	Sound  started
523.6643 	DATA 	Keypress: lctrl
523.8180 	EXP 	Sound  started
524.3843 	DATA 	Keypress: rctrl
524.5680 	EXP 	Sound  started
525.1682 	DATA 	Keypress: rctrl
525.3181 	EXP 	Sound  started
525.9203 	DATA 	Keypress: rctrl
526.0681 	EXP 	Sound  started
526.6403 	DATA 	Keypress: rctrl
526.8181 	EXP 	Sound  started
527.3443 	DATA 	Keypress: rctrl
527.5681 	EXP 	Sound  started
528.1282 	DATA 	Keypress: lctrl
528.3181 	EXP 	Sound  started
528.9922 	DATA 	Keypress: lctrl
529.0681 	EXP 	Sound  started
529.7764 	DATA 	Keypress: rctrl
529.8181 	EXP 	Sound  started
530.4802 	DATA 	Keypress: lctrl
530.5682 	EXP 	Sound  started
531.1843 	DATA 	Keypress: lctrl
531.3182 	EXP 	Sound  started
531.9843 	DATA 	Keypress: lctrl
532.0682 	EXP 	Sound  started
532.7843 	DATA 	Keypress: lctrl
532.8182 	EXP 	Sound  started
533.5043 	DATA 	Keypress: rctrl
537.4003 	DATA 	Keypress: 2
537.4168 	EXP 	unnamed ShapeStim: vertices = <class 'numpy.ndarray'>
542.4877 	DATA 	Keypress: 4
542.5043 	EXP 	unnamed ShapeStim: vertices = <class 'numpy.ndarray'>
547.6253 	DATA 	Keypress: 2
547.6418 	EXP 	unnamed ShapeStim: vertices = <class 'numpy.ndarray'>
549.9269 	EXP 	Sound  started
550.6246 	DATA 	Keypress: rctrl
550.6767 	EXP 	Sound  started
551.2963 	DATA 	Keypress: rctrl
551.4267 	EXP 	Sound  started
552.0643 	DATA 	Keypress: rctrl
552.1767 	EXP 	Sound  started
552.9268 	EXP 	Sound  started
552.9603 	DATA 	Keypress: rctrl
553.6482 	DATA 	Keypress: rctrl
553.6768 	EXP 	Sound  started
554.3683 	DATA 	Keypress: lctrl
554.4268 	EXP 	Sound  started
555.1682 	DATA 	Keypress: lctrl
555.1768 	EXP 	Sound  started
555.8562 	DATA 	Keypress: lctrl
555.9268 	EXP 	Sound  started
556.6242 	DATA 	Keypress: rctrl
556.6768 	EXP 	Sound  started
557.3282 	DATA 	Keypress: lctrl
557.4268 	EXP 	Sound  started
558.0642 	DATA 	Keypress: lctrl
558.1769 	EXP 	Sound  started
558.8324 	DATA 	Keypress: lctrl
558.9269 	EXP 	Sound  started
559.5843 	DATA 	Keypress: lctrl
559.6769 	EXP 	Sound  started
560.2562 	DATA 	Keypress: lctrl
560.4269 	EXP 	Sound  started
561.0082 	DATA 	Keypress: rctrl
561.1769 	EXP 	Sound  started
561.8243 	DATA 	Keypress: lctrl
561.9269 	EXP 	Sound  started
562.5763 	DATA 	Keypress: rctrl
562.6769 	EXP 	Sound  started
563.2642 	DATA 	Keypress: rctrl
563.4269 	EXP 	Sound  started
564.1282 	DATA 	Keypress: rctrl
564.1769 	EXP 	Sound  started
564.8482 	DATA 	Keypress: rctrl
564.9270 	EXP 	Sound  started
565.6003 	DATA 	Keypress: rctrl
565.6770 	EXP 	Sound  started
566.3682 	DATA 	Keypress: lctrl
566.4270 	EXP 	Sound  started
567.0563 	DATA 	Keypress: rctrl
567.1770 	EXP 	Sound  started
567.8562 	DATA 	Keypress: lctrl
567.9270 	EXP 	Sound  started
568.5602 	DATA 	Keypress: lctrl
568.6770 	EXP 	Sound  started
569.3443 	DATA 	Keypress: lctrl
569.4271 	EXP 	Sound  started
570.0802 	DATA 	Keypress: rctrl
570.1771 	EXP 	Sound  started
570.8642 	DATA 	Keypress: rctrl
570.9271 	EXP 	Sound  started
571.5202 	DATA 	Keypress: lctrl
571.6771 	EXP 	Sound  started
572.2883 	DATA 	Keypress: rctrl
572.4271 	EXP 	Sound  started
573.0402 	DATA 	Keypress: lctrl
573.1771 	EXP 	Sound  started
573.7923 	DATA 	Keypress: lctrl
573.9271 	EXP 	Sound  started
574.5603 	DATA 	Keypress: lctrl
574.6772 	EXP 	Sound  started
575.3442 	DATA 	Keypress: rctrl
575.4272 	EXP 	Sound  started
576.0963 	DATA 	Keypress: lctrl
576.1772 	EXP 	Sound  started
576.8643 	DATA 	Keypress: rctrl
576.9272 	EXP 	Sound  started
577.6003 	DATA 	Keypress: rctrl
577.6772 	EXP 	Sound  started
578.3042 	DATA 	Keypress: rctrl
578.4272 	EXP 	Sound  started
579.1522 	DATA 	Keypress: rctrl
579.1772 	EXP 	Sound  started
579.8883 	DATA 	Keypress: rctrl
579.9272 	EXP 	Sound  started
580.6402 	DATA 	Keypress: rctrl
580.6773 	EXP 	Sound  started
581.4082 	DATA 	Keypress: rctrl
581.4273 	EXP 	Sound  started
582.0963 	DATA 	Keypress: lctrl
582.1773 	EXP 	Sound  started
582.8643 	DATA 	Keypress: rctrl
582.9273 	EXP 	Sound  started
583.5842 	DATA 	Keypress: lctrl
583.6773 	EXP 	Sound  started
584.3363 	DATA 	Keypress: lctrl
584.4273 	EXP 	Sound  started
585.1773 	EXP 	Sound  started
585.2002 	DATA 	Keypress: lctrl
585.9202 	DATA 	Keypress: lctrl
585.9274 	EXP 	Sound  started
586.6402 	DATA 	Keypress: lctrl
586.6774 	EXP 	Sound  started
587.4274 	EXP 	Sound  started
588.0963 	DATA 	Keypress: lctrl
588.1774 	EXP 	Sound  started
588.8642 	DATA 	Keypress: lctrl
588.9274 	EXP 	Sound  started
589.6002 	DATA 	Keypress: lctrl
589.6774 	EXP 	Sound  started
590.3202 	DATA 	Keypress: rctrl
590.4274 	EXP 	Sound  started
591.1042 	DATA 	Keypress: rctrl
591.1775 	EXP 	Sound  started
591.8082 	DATA 	Keypress: rctrl
591.9275 	EXP 	Sound  started
592.4962 	DATA 	Keypress: lctrl
592.6775 	EXP 	Sound  started
593.3283 	DATA 	Keypress: rctrl
593.4275 	EXP 	Sound  started
594.0802 	DATA 	Keypress: rctrl
594.1775 	EXP 	Sound  started
594.9275 	EXP 	Sound  started
595.4882 	DATA 	Keypress: rctrl
595.6775 	EXP 	Sound  started
596.2243 	DATA 	Keypress: rctrl
596.4275 	EXP 	Sound  started
596.9282 	DATA 	Keypress: lctrl
597.1776 	EXP 	Sound  started
597.6644 	DATA 	Keypress: rctrl
597.9276 	EXP 	Sound  started
598.4643 	DATA 	Keypress: lctrl
598.6776 	EXP 	Sound  started
599.2002 	DATA 	Keypress: lctrl
599.4276 	EXP 	Sound  started
599.9363 	DATA 	Keypress: lctrl
600.1776 	EXP 	Sound  started
600.6562 	DATA 	Keypress: lctrl
608.8421 	DATA 	Keypress: 2
608.8586 	EXP 	unnamed ShapeStim: vertices = <class 'numpy.ndarray'>
619.7844 	DATA 	Keypress: 3
619.8009 	EXP 	unnamed ShapeStim: vertices = <class 'numpy.ndarray'>
623.9045 	DATA 	Keypress: 1
623.9210 	EXP 	unnamed ShapeStim: vertices = <class 'numpy.ndarray'>
626.2052 	EXP 	Sound  started
626.3524 	DATA 	Keypress: rctrl
626.9550 	EXP 	Sound  started
627.1362 	DATA 	Keypress: rctrl
627.7050 	EXP 	Sound  started
627.7282 	DATA 	Keypress: rctrl
628.4163 	DATA 	Keypress: rctrl
628.4551 	EXP 	Sound  started
629.1362 	DATA 	Keypress: rctrl
629.2051 	EXP 	Sound  started
629.8403 	DATA 	Keypress: rctrl
629.9551 	EXP 	Sound  started
630.5922 	DATA 	Keypress: rctrl
630.7051 	EXP 	Sound  started
631.3442 	DATA 	Keypress: rctrl
631.4551 	EXP 	Sound  started
632.0642 	DATA 	Keypress: lctrl
632.2051 	EXP 	Sound  started
632.8642 	DATA 	Keypress: rctrl
632.9551 	EXP 	Sound  started
633.6802 	DATA 	Keypress: lctrl
633.7051 	EXP 	Sound  started
634.4323 	DATA 	Keypress: lctrl
634.4552 	EXP 	Sound  started
635.1203 	DATA 	Keypress: lctrl
635.2052 	EXP 	Sound  started
635.8242 	DATA 	Keypress: lctrl
635.9552 	EXP 	Sound  started
636.5762 	DATA 	Keypress: rctrl
636.7052 	EXP 	Sound  started
637.2643 	DATA 	Keypress: lctrl
637.4552 	EXP 	Sound  started
638.0803 	DATA 	Keypress: rctrl
638.2052 	EXP 	Sound  started
638.8642 	DATA 	Keypress: rctrl
638.9552 	EXP 	Sound  started
639.5842 	DATA 	Keypress: rctrl
639.7053 	EXP 	Sound  started
640.3521 	DATA 	Keypress: rctrl
640.4553 	EXP 	Sound  started
641.0082 	DATA 	Keypress: lctrl
641.2053 	EXP 	Sound  started
641.8562 	DATA 	Keypress: rctrl
641.9553 	EXP 	Sound  started
642.6083 	DATA 	Keypress: lctrl
642.7053 	EXP 	Sound  started
643.2962 	DATA 	Keypress: lctrl
643.4553 	EXP 	Sound  started
644.0642 	DATA 	Keypress: lctrl
644.2053 	EXP 	Sound  started
644.7842 	DATA 	Keypress: lctrl
644.9553 	EXP 	Sound  started
645.5522 	DATA 	Keypress: rctrl
645.7054 	EXP 	Sound  started
646.2401 	DATA 	Keypress: lctrl
646.4554 	EXP 	Sound  started
647.0884 	DATA 	Keypress: rctrl
647.2054 	EXP 	Sound  started
647.8242 	DATA 	Keypress: rctrl
647.9554 	EXP 	Sound  started
648.5922 	DATA 	Keypress: rctrl
648.7054 	EXP 	Sound  started
649.2962 	DATA 	Keypress: rctrl
649.4554 	EXP 	Sound  started
650.0642 	DATA 	Keypress: rctrl
650.2054 	EXP 	Sound  started
650.8482 	DATA 	Keypress: lctrl
650.9554 	EXP 	Sound  started
651.6002 	DATA 	Keypress: rctrl
651.7054 	EXP 	Sound  started
652.3202 	DATA 	Keypress: lctrl
652.4555 	EXP 	Sound  started
653.1363 	DATA 	Keypress: lctrl
653.2055 	EXP 	Sound  started
653.8562 	DATA 	Keypress: lctrl
653.9555 	EXP 	Sound  started
654.5922 	DATA 	Keypress: lctrl
654.7055 	EXP 	Sound  started
655.3121 	DATA 	Keypress: lctrl
655.4555 	EXP 	Sound  started
656.1122 	DATA 	Keypress: rctrl
656.2055 	EXP 	Sound  started
656.8482 	DATA 	Keypress: lctrl
656.9555 	EXP 	Sound  started
657.6162 	DATA 	Keypress: rctrl
657.7056 	EXP 	Sound  started
658.3521 	DATA 	Keypress: rctrl
658.4556 	EXP 	Sound  started
659.1041 	DATA 	Keypress: lctrl
659.2056 	EXP 	Sound  started
659.8242 	DATA 	Keypress: rctrl
659.9556 	EXP 	Sound  started
660.5602 	DATA 	Keypress: lctrl
660.7056 	EXP 	Sound  started
661.2961 	DATA 	Keypress: lctrl
661.4556 	EXP 	Sound  started
662.0002 	DATA 	Keypress: lctrl
662.2056 	EXP 	Sound  started
662.7362 	DATA 	Keypress: lctrl
662.9556 	EXP 	Sound  started
663.5362 	DATA 	Keypress: rctrl
663.7057 	EXP 	Sound  started
664.3522 	DATA 	Keypress: lctrl
664.4557 	EXP 	Sound  started
665.1202 	DATA 	Keypress: rctrl
665.2057 	EXP 	Sound  started
665.8562 	DATA 	Keypress: rctrl
665.9557 	EXP 	Sound  started
666.5763 	DATA 	Keypress: rctrl
666.7057 	EXP 	Sound  started
667.2643 	DATA 	Keypress: rctrl
667.4557 	EXP 	Sound  started
668.0322 	DATA 	Keypress: lctrl
668.2057 	EXP 	Sound  started
668.8482 	DATA 	Keypress: rctrl
668.9557 	EXP 	Sound  started
669.5841 	DATA 	Keypress: lctrl
669.7058 	EXP 	Sound  started
670.2882 	DATA 	Keypress: lctrl
670.4558 	EXP 	Sound  started
671.0562 	DATA 	Keypress: rctrl
671.2058 	EXP 	Sound  started
671.7282 	DATA 	Keypress: lctrl
671.9558 	EXP 	Sound  started
672.5602 	DATA 	Keypress: rctrl
672.7058 	EXP 	Sound  started
673.3281 	DATA 	Keypress: rctrl
673.4558 	EXP 	Sound  started
674.0962 	DATA 	Keypress: lctrl
674.2058 	EXP 	Sound  started
674.8321 	DATA 	Keypress: rctrl
674.9558 	EXP 	Sound  started
675.5841 	DATA 	Keypress: lctrl
675.7059 	EXP 	Sound  started
676.2882 	DATA 	Keypress: lctrl
676.4559 	EXP 	Sound  started
677.0402 	DATA 	Keypress: lctrl
677.2059 	EXP 	Sound  started
677.6962 	DATA 	Keypress: lctrl
677.9559 	EXP 	Sound  started
678.5122 	DATA 	Keypress: lctrl
678.7059 	EXP 	Sound  started
679.3122 	DATA 	Keypress: lctrl
679.4559 	EXP 	Sound  started
680.0641 	DATA 	Keypress: rctrl
680.2059 	EXP 	Sound  started
680.7682 	DATA 	Keypress: lctrl
680.9560 	EXP 	Sound  started
681.5361 	DATA 	Keypress: rctrl
681.7060 	EXP 	Sound  started
682.3201 	DATA 	Keypress: lctrl
682.4560 	EXP 	Sound  started
683.0402 	DATA 	Keypress: rctrl
683.2060 	EXP 	Sound  started
683.8402 	DATA 	Keypress: rctrl
683.9560 	EXP 	Sound  started
684.6082 	DATA 	Keypress: rctrl
684.7060 	EXP 	Sound  started
685.3122 	DATA 	Keypress: rctrl
685.4560 	EXP 	Sound  started
686.0801 	DATA 	Keypress: lctrl
686.2060 	EXP 	Sound  started
686.8161 	DATA 	Keypress: rctrl
686.9561 	EXP 	Sound  started
687.5683 	DATA 	Keypress: lctrl
687.7061 	EXP 	Sound  started
688.2881 	DATA 	Keypress: rctrl
688.4561 	EXP 	Sound  started
689.0562 	DATA 	Keypress: lctrl
689.2061 	EXP 	Sound  started
689.7281 	DATA 	Keypress: lctrl
689.9561 	EXP 	Sound  started
690.5122 	DATA 	Keypress: lctrl
690.7061 	EXP 	Sound  started
691.2321 	DATA 	Keypress: lctrl
694.6457 	DATA 	Keypress: 2
694.6622 	EXP 	unnamed ShapeStim: vertices = <class 'numpy.ndarray'>
696.9481 	DATA 	Keypress: 4
696.9646 	EXP 	unnamed ShapeStim: vertices = <class 'numpy.ndarray'>
699.9000 	DATA 	Keypress: 1
699.9165 	EXP 	unnamed ShapeStim: vertices = <class 'numpy.ndarray'>
702.2013 	EXP 	Sound  started
702.2022 	DATA 	Keypress: rctrl
702.8163 	DATA 	Keypress: lctrl
702.9511 	EXP 	Sound  started
703.6001 	DATA 	Keypress: rctrl
703.7011 	EXP 	Sound  started
704.3201 	DATA 	Keypress: rctrl
704.4511 	EXP 	Sound  started
705.0402 	DATA 	Keypress: rctrl
705.2012 	EXP 	Sound  started
705.7441 	DATA 	Keypress: rctrl
705.9512 	EXP 	Sound  started
706.4962 	DATA 	Keypress: lctrl
706.7012 	EXP 	Sound  started
707.2322 	DATA 	Keypress: rctrl
707.4512 	EXP 	Sound  started
708.0482 	DATA 	Keypress: lctrl
708.2012 	EXP 	Sound  started
708.7842 	DATA 	Keypress: lctrl
708.9512 	EXP 	Sound  started
709.5682 	DATA 	Keypress: lctrl
709.7012 	EXP 	Sound  started
710.2563 	DATA 	Keypress: lctrl
710.4512 	EXP 	Sound  started
711.0241 	DATA 	Keypress: rctrl
711.2013 	EXP 	Sound  started
711.8081 	DATA 	Keypress: lctrl
711.9513 	EXP 	Sound  started
712.6081 	DATA 	Keypress: rctrl
712.7013 	EXP 	Sound  started
713.2481 	DATA 	Keypress: rctrl
713.4513 	EXP 	Sound  started
713.9842 	DATA 	Keypress: rctrl
714.2013 	EXP 	Sound  started
714.7842 	DATA 	Keypress: rctrl
714.9513 	EXP 	Sound  started
715.5523 	DATA 	Keypress: lctrl
715.7013 	EXP 	Sound  started
716.2562 	DATA 	Keypress: lctrl
716.4513 	EXP 	Sound  started
717.0241 	DATA 	Keypress: rctrl
717.2014 	EXP 	Sound  started
717.7443 	DATA 	Keypress: lctrl
717.9514 	EXP 	Sound  started
718.5762 	DATA 	Keypress: lctrl
718.7014 	EXP 	Sound  started
719.2801 	DATA 	Keypress: lctrl
719.4514 	EXP 	Sound  started
720.0481 	DATA 	Keypress: rctrl
720.2014 	EXP 	Sound  started
720.7361 	DATA 	Keypress: lctrl
720.9514 	EXP 	Sound  started
721.6642 	DATA 	Keypress: rctrl
721.7014 	EXP 	Sound  started
722.3362 	DATA 	Keypress: rctrl
722.4515 	EXP 	Sound  started
723.0562 	DATA 	Keypress: lctrl
723.2015 	EXP 	Sound  started
723.7761 	DATA 	Keypress: rctrl
723.9515 	EXP 	Sound  started
724.5761 	DATA 	Keypress: lctrl
724.7015 	EXP 	Sound  started
725.3121 	DATA 	Keypress: lctrl
725.4515 	EXP 	Sound  started
726.0961 	DATA 	Keypress: rctrl
726.2015 	EXP 	Sound  started
726.8641 	DATA 	Keypress: lctrl
726.9515 	EXP 	Sound  started
727.6161 	DATA 	Keypress: rctrl
727.7015 	EXP 	Sound  started
728.3041 	DATA 	Keypress: rctrl
728.4516 	EXP 	Sound  started
729.1362 	DATA 	Keypress: rctrl
729.2016 	EXP 	Sound  started
729.8721 	DATA 	Keypress: rctrl
729.9516 	EXP 	Sound  started
730.5442 	DATA 	Keypress: rctrl
730.7016 	EXP 	Sound  started
731.3122 	DATA 	Keypress: rctrl
731.4516 	EXP 	Sound  started
732.1922 	DATA 	Keypress: lctrl
732.2016 	EXP 	Sound  started
732.9441 	DATA 	Keypress: rctrl
732.9516 	EXP 	Sound  started
733.6641 	DATA 	Keypress: lctrl
733.7016 	EXP 	Sound  started
734.4322 	DATA 	Keypress: lctrl
734.4517 	EXP 	Sound  started
735.2017 	EXP 	Sound  started
735.2801 	DATA 	Keypress: lctrl
735.9201 	DATA 	Keypress: lctrl
735.9517 	EXP 	Sound  started
736.6561 	DATA 	Keypress: lctrl
736.7017 	EXP 	Sound  started
737.3601 	DATA 	Keypress: rctrl
737.4517 	EXP 	Sound  started
738.1122 	DATA 	Keypress: lctrl
738.2017 	EXP 	Sound  started
738.8483 	DATA 	Keypress: rctrl
738.9517 	EXP 	Sound  started
739.6321 	DATA 	Keypress: rctrl
739.7017 	EXP 	Sound  started
740.3041 	DATA 	Keypress: rctrl
740.4518 	EXP 	Sound  started
741.0881 	DATA 	Keypress: rctrl
741.2018 	EXP 	Sound  started
741.8561 	DATA 	Keypress: rctrl
741.9518 	EXP 	Sound  started
742.6401 	DATA 	Keypress: rctrl
742.7018 	EXP 	Sound  started
743.3441 	DATA 	Keypress: lctrl
743.4518 	EXP 	Sound  started
744.1122 	DATA 	Keypress: lctrl
744.2018 	EXP 	Sound  started
744.8801 	DATA 	Keypress: rctrl
744.9518 	EXP 	Sound  started
745.6481 	DATA 	Keypress: lctrl
745.7019 	EXP 	Sound  started
746.4001 	DATA 	Keypress: lctrl
746.4519 	EXP 	Sound  started
747.1521 	DATA 	Keypress: rctrl
747.2019 	EXP 	Sound  started
747.8721 	DATA 	Keypress: lctrl
747.9519 	EXP 	Sound  started
748.6401 	DATA 	Keypress: rctrl
748.7019 	EXP 	Sound  started
749.3601 	DATA 	Keypress: rctrl
749.4519 	EXP 	Sound  started
750.1281 	DATA 	Keypress: rctrl
750.2019 	EXP 	Sound  started
750.8481 	DATA 	Keypress: lctrl
750.9519 	EXP 	Sound  started
751.6161 	DATA 	Keypress: rctrl
751.7020 	EXP 	Sound  started
752.3841 	DATA 	Keypress: lctrl
752.4520 	EXP 	Sound  started
753.1041 	DATA 	Keypress: lctrl
753.2020 	EXP 	Sound  started
753.8722 	DATA 	Keypress: lctrl
753.9520 	EXP 	Sound  started
754.6404 	DATA 	Keypress: rctrl
754.7020 	EXP 	Sound  started
755.3441 	DATA 	Keypress: lctrl
755.4520 	EXP 	Sound  started
756.0641 	DATA 	Keypress: rctrl
756.2021 	EXP 	Sound  started
756.8322 	DATA 	Keypress: rctrl
756.9521 	EXP 	Sound  started
757.5841 	DATA 	Keypress: rctrl
757.7021 	EXP 	Sound  started
758.2882 	DATA 	Keypress: lctrl
758.4521 	EXP 	Sound  started
758.9921 	DATA 	Keypress: rctrl
759.2021 	EXP 	Sound  started
759.7761 	DATA 	Keypress: lctrl
759.9521 	EXP 	Sound  started
760.4963 	DATA 	Keypress: lctrl
760.7021 	EXP 	Sound  started
761.2001 	DATA 	Keypress: lctrl
761.4521 	EXP 	Sound  started
762.0001 	DATA 	Keypress: lctrl
762.2021 	EXP 	Sound  started
762.7362 	DATA 	Keypress: rctrl
762.9522 	EXP 	Sound  started
763.5521 	DATA 	Keypress: lctrl
763.7022 	EXP 	Sound  started
764.3521 	DATA 	Keypress: rctrl
764.4522 	EXP 	Sound  started
765.1042 	DATA 	Keypress: rctrl
765.2022 	EXP 	Sound  started
765.8561 	DATA 	Keypress: rctrl
765.9522 	EXP 	Sound  started
766.5442 	DATA 	Keypress: lctrl
770.7080 	DATA 	Keypress: 1
770.7245 	EXP 	unnamed ShapeStim: vertices = <class 'numpy.ndarray'>
777.5136 	DATA 	Keypress: 4
777.5301 	EXP 	unnamed ShapeStim: vertices = <class 'numpy.ndarray'>
780.1830 	DATA 	Keypress: 2
780.1994 	EXP 	unnamed ShapeStim: vertices = <class 'numpy.ndarray'>
782.4836 	EXP 	Sound  started
782.5123 	DATA 	Keypress: rctrl
783.1201 	DATA 	Keypress: rctrl
783.2335 	EXP 	Sound  started
783.9521 	DATA 	Keypress: rctrl
783.9835 	EXP 	Sound  started
784.7335 	EXP 	Sound  started
784.7521 	DATA 	Keypress: rctrl
785.4401 	DATA 	Keypress: lctrl
785.4835 	EXP 	Sound  started
786.2335 	EXP 	Sound  started
786.2721 	DATA 	Keypress: rctrl
786.9835 	EXP 	Sound  started
787.0081 	DATA 	Keypress: lctrl
787.7335 	EXP 	Sound  started
787.8081 	DATA 	Keypress: lctrl
788.4801 	DATA 	Keypress: rctrl
788.4835 	EXP 	Sound  started
789.2321 	DATA 	Keypress: lctrl
789.2336 	EXP 	Sound  started
789.9522 	DATA 	Keypress: rctrl
789.9836 	EXP 	Sound  started
790.6882 	DATA 	Keypress: rctrl
790.7336 	EXP 	Sound  started
791.4241 	DATA 	Keypress: rctrl
791.4836 	EXP 	Sound  started
792.1441 	DATA 	Keypress: rctrl
792.2336 	EXP 	Sound  started
792.8962 	DATA 	Keypress: lctrl
792.9836 	EXP 	Sound  started
793.6161 	DATA 	Keypress: rctrl
793.7336 	EXP 	Sound  started
794.3521 	DATA 	Keypress: lctrl
794.4837 	EXP 	Sound  started
795.1841 	DATA 	Keypress: lctrl
795.2337 	EXP 	Sound  started
795.9041 	DATA 	Keypress: lctrl
795.9837 	EXP 	Sound  started
796.6721 	DATA 	Keypress: lctrl
796.7337 	EXP 	Sound  started
797.3121 	DATA 	Keypress: rctrl
797.4837 	EXP 	Sound  started
798.0161 	DATA 	Keypress: lctrl
798.2337 	EXP 	Sound  started
798.8001 	DATA 	Keypress: rctrl
798.9837 	EXP 	Sound  started
799.5521 	DATA 	Keypress: rctrl
799.7337 	EXP 	Sound  started
800.3361 	DATA 	Keypress: rctrl
800.4838 	EXP 	Sound  started
801.0561 	DATA 	Keypress: lctrl
801.2338 	EXP 	Sound  started
801.8562 	DATA 	Keypress: rctrl
801.9838 	EXP 	Sound  started
802.4642 	DATA 	Keypress: lctrl
802.7338 	EXP 	Sound  started
803.3921 	DATA 	Keypress: lctrl
803.4838 	EXP 	Sound  started
804.1602 	DATA 	Keypress: rctrl
804.2338 	EXP 	Sound  started
804.8322 	DATA 	Keypress: lctrl
804.9839 	EXP 	Sound  started
805.6641 	DATA 	Keypress: rctrl
805.7339 	EXP 	Sound  started
806.3521 	DATA 	Keypress: rctrl
806.4839 	EXP 	Sound  started
807.1041 	DATA 	Keypress: lctrl
807.2339 	EXP 	Sound  started
807.8721 	DATA 	Keypress: rctrl
807.9839 	EXP 	Sound  started
808.5601 	DATA 	Keypress: rctrl
808.7339 	EXP 	Sound  started
809.2963 	DATA 	Keypress: rctrl
809.4839 	EXP 	Sound  started
810.0481 	DATA 	Keypress: lctrl
810.2340 	EXP 	Sound  started
810.7361 	DATA 	Keypress: rctrl
810.9840 	EXP 	Sound  started
811.5521 	DATA 	Keypress: lctrl
811.7340 	EXP 	Sound  started
812.3202 	DATA 	Keypress: lctrl
812.4840 	EXP 	Sound  started
813.0082 	DATA 	Keypress: lctrl
813.2340 	EXP 	Sound  started
813.6961 	DATA 	Keypress: rctrl
813.9840 	EXP 	Sound  started
814.4481 	DATA 	Keypress: lctrl
814.7341 	EXP 	Sound  started
815.2482 	DATA 	Keypress: rctrl
815.4841 	EXP 	Sound  started
815.9841 	DATA 	Keypress: rctrl
816.2341 	EXP 	Sound  started
816.7521 	DATA 	Keypress: rctrl
816.9841 	EXP 	Sound  started
817.4881 	DATA 	Keypress: rctrl
817.7341 	EXP 	Sound  started
818.2081 	DATA 	Keypress: lctrl
818.4841 	EXP 	Sound  started
819.0241 	DATA 	Keypress: rctrl
819.2341 	EXP 	Sound  started
819.7761 	DATA 	Keypress: lctrl
819.9841 	EXP 	Sound  started
820.5442 	DATA 	Keypress: rctrl
820.7342 	EXP 	Sound  started
821.3122 	DATA 	Keypress: rctrl
821.4842 	EXP 	Sound  started
822.0481 	DATA 	Keypress: rctrl
822.2342 	EXP 	Sound  started
822.7680 	DATA 	Keypress: lctrl
822.9842 	EXP 	Sound  started
823.4723 	DATA 	Keypress: rctrl
823.7342 	EXP 	Sound  started
824.2241 	DATA 	Keypress: lctrl
824.4842 	EXP 	Sound  started
825.0561 	DATA 	Keypress: lctrl
825.2342 	EXP 	Sound  started
825.7761 	DATA 	Keypress: rctrl
827.5546 	DATA 	Keypress: 4
827.5711 	EXP 	unnamed ShapeStim: vertices = <class 'numpy.ndarray'>
831.9582 	DATA 	Keypress: 1
831.9747 	EXP 	unnamed ShapeStim: vertices = <class 'numpy.ndarray'>
833.7930 	DATA 	Keypress: 3
833.8095 	EXP 	unnamed ShapeStim: vertices = <class 'numpy.ndarray'>
836.0951 	EXP 	Sound  started
836.0960 	DATA 	Keypress: rctrl
836.6723 	DATA 	Keypress: rctrl
836.8450 	EXP 	Sound  started
837.4080 	DATA 	Keypress: rctrl
837.5950 	EXP 	Sound  started
838.2401 	DATA 	Keypress: rctrl
838.3450 	EXP 	Sound  started
838.9921 	DATA 	Keypress: lctrl
839.0950 	EXP 	Sound  started
839.8082 	DATA 	Keypress: rctrl
839.8450 	EXP 	Sound  started
840.5761 	DATA 	Keypress: lctrl
840.5950 	EXP 	Sound  started
841.3121 	DATA 	Keypress: lctrl
841.3451 	EXP 	Sound  started
842.0321 	DATA 	Keypress: lctrl
842.0951 	EXP 	Sound  started
842.7841 	DATA 	Keypress: rctrl
842.8451 	EXP 	Sound  started
843.5361 	DATA 	Keypress: lctrl
843.5951 	EXP 	Sound  started
844.3200 	DATA 	Keypress: rctrl
844.3451 	EXP 	Sound  started
845.0400 	DATA 	Keypress: lctrl
845.0951 	EXP 	Sound  started
845.7921 	DATA 	Keypress: lctrl
845.8451 	EXP 	Sound  started
846.5282 	DATA 	Keypress: lctrl
846.5952 	EXP 	Sound  started
847.2320 	DATA 	Keypress: lctrl
847.3452 	EXP 	Sound  started
847.9681 	DATA 	Keypress: rctrl
848.0952 	EXP 	Sound  started
848.7361 	DATA 	Keypress: lctrl
848.8452 	EXP 	Sound  started
849.4560 	DATA 	Keypress: rctrl
849.5952 	EXP 	Sound  started
850.1602 	DATA 	Keypress: rctrl
850.3452 	EXP 	Sound  started
850.9602 	DATA 	Keypress: lctrl
851.0952 	EXP 	Sound  started
851.6800 	DATA 	Keypress: rctrl
851.8452 	EXP 	Sound  started
852.4801 	DATA 	Keypress: lctrl
852.5953 	EXP 	Sound  started
853.2640 	DATA 	Keypress: rctrl
853.3453 	EXP 	Sound  started
854.0321 	DATA 	Keypress: lctrl
854.0953 	EXP 	Sound  started
854.7520 	DATA 	Keypress: lctrl
854.8453 	EXP 	Sound  started
855.5041 	DATA 	Keypress: lctrl
855.5953 	EXP 	Sound  started
856.2400 	DATA 	Keypress: lctrl
856.3453 	EXP 	Sound  started
856.9760 	DATA 	Keypress: rctrl
857.0953 	EXP 	Sound  started
857.7121 	DATA 	Keypress: lctrl
857.8453 	EXP 	Sound  started
858.4802 	DATA 	Keypress: rctrl
858.5954 	EXP 	Sound  started
859.2321 	DATA 	Keypress: rctrl
859.3454 	EXP 	Sound  started
859.9680 	DATA 	Keypress: rctrl
860.0954 	EXP 	Sound  started
860.6720 	DATA 	Keypress: rctrl
860.8454 	EXP 	Sound  started
861.3921 	DATA 	Keypress: rctrl
861.5954 	EXP 	Sound  started
862.1921 	DATA 	Keypress: lctrl
862.3454 	EXP 	Sound  started
862.9601 	DATA 	Keypress: rctrl
863.0955 	EXP 	Sound  started
863.6801 	DATA 	Keypress: lctrl
863.8455 	EXP 	Sound  started
864.3360 	DATA 	Keypress: lctrl
864.5955 	EXP 	Sound  started
865.1841 	DATA 	Keypress: lctrl
865.3455 	EXP 	Sound  started
865.9840 	DATA 	Keypress: rctrl
866.0955 	EXP 	Sound  started
866.7041 	DATA 	Keypress: lctrl
866.8455 	EXP 	Sound  started
867.4241 	DATA 	Keypress: rctrl
867.5955 	EXP 	Sound  started
868.2081 	DATA 	Keypress: rctrl
868.3456 	EXP 	Sound  started
868.9440 	DATA 	Keypress: rctrl
869.0956 	EXP 	Sound  started
869.7441 	DATA 	Keypress: rctrl
869.8456 	EXP 	Sound  started
870.4800 	DATA 	Keypress: lctrl
870.5956 	EXP 	Sound  started
871.2161 	DATA 	Keypress: rctrl
871.3456 	EXP 	Sound  started
871.9520 	DATA 	Keypress: lctrl
872.0956 	EXP 	Sound  started
872.6721 	DATA 	Keypress: lctrl
872.8456 	EXP 	Sound  started
873.5201 	DATA 	Keypress: lctrl
873.5956 	EXP 	Sound  started
874.2880 	DATA 	Keypress: lctrl
874.3457 	EXP 	Sound  started
875.0082 	DATA 	Keypress: rctrl
875.0957 	EXP 	Sound  started
875.6962 	DATA 	Keypress: lctrl
875.8457 	EXP 	Sound  started
876.4960 	DATA 	Keypress: rctrl
876.5957 	EXP 	Sound  started
877.2320 	DATA 	Keypress: rctrl
877.3457 	EXP 	Sound  started
877.9520 	DATA 	Keypress: rctrl
878.0957 	EXP 	Sound  started
878.6721 	DATA 	Keypress: rctrl
878.8457 	EXP 	Sound  started
879.4241 	DATA 	Keypress: lctrl
879.5958 	EXP 	Sound  started
880.2241 	DATA 	Keypress: rctrl
880.3458 	EXP 	Sound  started
880.9440 	DATA 	Keypress: lctrl
881.0958 	EXP 	Sound  started
881.6961 	DATA 	Keypress: lctrl
881.8458 	EXP 	Sound  started
882.4480 	DATA 	Keypress: lctrl
882.5958 	EXP 	Sound  started
883.1680 	DATA 	Keypress: lctrl
883.3458 	EXP 	Sound  started
883.9520 	DATA 	Keypress: rctrl
884.0958 	EXP 	Sound  started
884.7360 	DATA 	Keypress: lctrl
884.8458 	EXP 	Sound  started
885.4720 	DATA 	Keypress: rctrl
885.5959 	EXP 	Sound  started
886.2081 	DATA 	Keypress: rctrl
888.8715 	DATA 	Keypress: 3
888.8880 	EXP 	unnamed ShapeStim: vertices = <class 'numpy.ndarray'>
894.0924 	DATA 	Keypress: 2
894.1089 	EXP 	unnamed ShapeStim: vertices = <class 'numpy.ndarray'>
897.6323 	DATA 	Keypress: 1
897.6618 	EXP 	unnamed ShapeStim: vertices = <class 'numpy.ndarray'>
899.9467 	EXP 	Sound  started
899.9475 	DATA 	Keypress: rctrl
900.4960 	DATA 	Keypress: lctrl
900.6965 	EXP 	Sound  started
901.3761 	DATA 	Keypress: rctrl
901.4465 	EXP 	Sound  started
902.0481 	DATA 	Keypress: rctrl
902.1965 	EXP 	Sound  started
902.9120 	DATA 	Keypress: rctrl
902.9466 	EXP 	Sound  started
903.5200 	DATA 	Keypress: rctrl
903.6966 	EXP 	Sound  started
904.2880 	DATA 	Keypress: rctrl
904.4466 	EXP 	Sound  started
905.0402 	DATA 	Keypress: lctrl
905.1966 	EXP 	Sound  started
905.7602 	DATA 	Keypress: rctrl
905.9466 	EXP 	Sound  started
906.5120 	DATA 	Keypress: lctrl
906.6966 	EXP 	Sound  started
907.1840 	DATA 	Keypress: lctrl
907.4466 	EXP 	Sound  started
907.8720 	DATA 	Keypress: lctrl
908.1967 	EXP 	Sound  started
908.7200 	DATA 	Keypress: rctrl
908.9467 	EXP 	Sound  started
909.5200 	DATA 	Keypress: lctrl
909.6967 	EXP 	Sound  started
910.2241 	DATA 	Keypress: rctrl
910.4467 	EXP 	Sound  started
910.9601 	DATA 	Keypress: rctrl
911.1967 	EXP 	Sound  started
911.7440 	DATA 	Keypress: lctrl
911.9467 	EXP 	Sound  started
912.4001 	DATA 	Keypress: lctrl
912.6967 	EXP 	Sound  started
913.2000 	DATA 	Keypress: lctrl
913.4468 	EXP 	Sound  started
914.0000 	DATA 	Keypress: lctrl
914.1968 	EXP 	Sound  started
914.7361 	DATA 	Keypress: rctrl
914.9468 	EXP 	Sound  started
915.5362 	DATA 	Keypress: lctrl
915.6968 	EXP 	Sound  started
916.2400 	DATA 	Keypress: rctrl
916.4468 	EXP 	Sound  started
916.9920 	DATA 	Keypress: rctrl
917.1968 	EXP 	Sound  started
917.6640 	DATA 	Keypress: rctrl
917.9468 	EXP 	Sound  started
918.3521 	DATA 	Keypress: lctrl
918.6968 	EXP 	Sound  started
919.1200 	DATA 	Keypress: lctrl
919.4468 	EXP 	Sound  started
919.9362 	DATA 	Keypress: rctrl
920.1969 	EXP 	Sound  started
920.7521 	DATA 	Keypress: lctrl
920.9469 	EXP 	Sound  started
921.4400 	DATA 	Keypress: rctrl
921.6969 	EXP 	Sound  started
922.2240 	DATA 	Keypress: rctrl
922.4469 	EXP 	Sound  started
922.9920 	DATA 	Keypress: rctrl
923.1969 	EXP 	Sound  started
923.7601 	DATA 	Keypress: lctrl
923.9469 	EXP 	Sound  started
924.6240 	DATA 	Keypress: rctrl
924.6969 	EXP 	Sound  started
925.3600 	DATA 	Keypress: lctrl
925.4469 	EXP 	Sound  started
926.0640 	DATA 	Keypress: lctrl
926.1970 	EXP 	Sound  started
926.7840 	DATA 	Keypress: lctrl
926.9470 	EXP 	Sound  started
927.5520 	DATA 	Keypress: rctrl
927.6970 	EXP 	Sound  started
928.2400 	DATA 	Keypress: lctrl
928.4470 	EXP 	Sound  started
929.0881 	DATA 	Keypress: rctrl
929.1970 	EXP 	Sound  started
929.8240 	DATA 	Keypress: rctrl
929.9470 	EXP 	Sound  started
930.5281 	DATA 	Keypress: rctrl
930.6971 	EXP 	Sound  started
931.2320 	DATA 	Keypress: rctrl
931.4471 	EXP 	Sound  started
932.0320 	DATA 	Keypress: lctrl
932.1971 	EXP 	Sound  started
932.8160 	DATA 	Keypress: rctrl
932.9471 	EXP 	Sound  started
933.5362 	DATA 	Keypress: lctrl
933.6971 	EXP 	Sound  started
934.2561 	DATA 	Keypress: lctrl
934.4471 	EXP 	Sound  started
935.0241 	DATA 	Keypress: lctrl
935.1971 	EXP 	Sound  started
935.7761 	DATA 	Keypress: rctrl
935.9472 	EXP 	Sound  started
936.6241 	DATA 	Keypress: lctrl
936.6972 	EXP 	Sound  started
937.3601 	DATA 	Keypress: rctrl
937.4472 	EXP 	Sound  started
938.1280 	DATA 	Keypress: rctrl
938.1972 	EXP 	Sound  started
938.8641 	DATA 	Keypress: rctrl
938.9472 	EXP 	Sound  started
939.5521 	DATA 	Keypress: lctrl
939.6972 	EXP 	Sound  started
940.3040 	DATA 	Keypress: rctrl
940.4472 	EXP 	Sound  started
941.0080 	DATA 	Keypress: rctrl
941.1972 	EXP 	Sound  started
941.7120 	DATA 	Keypress: rctrl
941.9473 	EXP 	Sound  started
942.4480 	DATA 	Keypress: rctrl
942.6973 	EXP 	Sound  started
943.1841 	DATA 	Keypress: lctrl
943.4473 	EXP 	Sound  started
943.9200 	DATA 	Keypress: rctrl
944.1973 	EXP 	Sound  started
944.6880 	DATA 	Keypress: lctrl
944.9473 	EXP 	Sound  started
945.4560 	DATA 	Keypress: lctrl
945.6973 	EXP 	Sound  started
946.2241 	DATA 	Keypress: lctrl
946.4473 	EXP 	Sound  started
947.0562 	DATA 	Keypress: rctrl
947.1974 	EXP 	Sound  started
947.8242 	DATA 	Keypress: lctrl
947.9474 	EXP 	Sound  started
948.5760 	DATA 	Keypress: rctrl
948.6974 	EXP 	Sound  started
949.2800 	DATA 	Keypress: rctrl
949.4474 	EXP 	Sound  started
950.0641 	DATA 	Keypress: rctrl
950.1974 	EXP 	Sound  started
950.8161 	DATA 	Keypress: lctrl
950.9474 	EXP 	Sound  started
951.5041 	DATA 	Keypress: lctrl
951.6974 	EXP 	Sound  started
952.2560 	DATA 	Keypress: rctrl
952.4474 	EXP 	Sound  started
952.9761 	DATA 	Keypress: lctrl
953.1975 	EXP 	Sound  started
953.7280 	DATA 	Keypress: rctrl
953.9475 	EXP 	Sound  started
954.4640 	DATA 	Keypress: rctrl
954.6975 	EXP 	Sound  started
955.3120 	DATA 	Keypress: rctrl
955.4475 	EXP 	Sound  started
956.0000 	DATA 	Keypress: rctrl
956.1975 	EXP 	Sound  started
956.8320 	DATA 	Keypress: rctrl
956.9475 	EXP 	Sound  started
957.6000 	DATA 	Keypress: lctrl
957.6975 	EXP 	Sound  started
958.3520 	DATA 	Keypress: rctrl
958.4475 	EXP 	Sound  started
959.1360 	DATA 	Keypress: rctrl
961.1808 	DATA 	Keypress: 4
961.1972 	EXP 	unnamed ShapeStim: vertices = <class 'numpy.ndarray'>
963.9000 	DATA 	Keypress: 1
963.9161 	EXP 	unnamed ShapeStim: vertices = <class 'numpy.ndarray'>
966.8692 	DATA 	Keypress: 4
966.8856 	EXP 	unnamed ShapeStim: vertices = <class 'numpy.ndarray'>
969.1743 	DATA 	Keypress: rctrl
1060.6401 	DATA 	Keypress: return
1060.6999 	EXP 	window1: mouseVisible = True
