11.1255 	WARNING 	User requested fullscreen with size [1024  768], but screen is actually [1920, 1200]. Using actual size
12.4336 	EXP 	Created window1 = Window(allowGUI=False, allowStencil=False, autoLog=True, backendConf=UNKNOWN, bitsMode=UNKNOWN, blendMode='avg', bpc=(8, 8, 8), color=array([0, 0, 0]), colorSpace='rgb', depthBits=8, fullscr=<method-wrapper '__getattribute__' of attributeSetter object at 0x0000020F53D939B0>, gamma=None, gammaErrorPolicy='raise', lms=UNKNOWN, monitor=<psychopy.monitors.calibTools.Monitor object at 0x0000020F5C3612B0>, multiSample=False, name='window1', numSamples=2, pos=[0.0, 0.0], screen=0, size=array([1920, 1200]), stencilBits=0, stereo=False, units='norm', useFBO=True, useRetina=False, viewOri=0.0, viewPos=None, viewScale=None, waitBlanking=True, winType='pyglet')
12.4342 	EXP 	window1: mouseVisible = True
12.4343 	EXP 	window1: mouseVisible = False
12.4344 	EXP 	window1: recordFrameIntervals = False
12.5989 	EXP 	window1: recordFrameIntervals = True
12.7827 	EXP 	window1: recordFrameIntervals = False
12.8441 	EXP 	Created text = TextStim(__class__=<class 'psychopy.visual.text.TextStim'>, alignHoriz=method-wrapper(...), alignText='center', alignVert=method-wrapper(...), anchorHoriz='center', anchorVert='center', antialias=True, autoLog=True, bold=False, color=array([1., 1., 1.]), colorSpace='rgb', contrast=1.0, depth=0.0, flipHoriz=False, flipVert=False, font='Arial', fontFiles=[], height=0.15, italic=False, languageStyle='LTR', name='text', opacity=1, ori=0, pos=array([0., 0.]), rgb=UNKNOWN, text='+', units='norm', win=Window(...), wrapWidth=1)
12.8657 	EXP 	Created text = TextStim(__class__=<class 'psychopy.visual.text.TextStim'>, alignHoriz=method-wrapper(...), alignText='center', alignVert=method-wrapper(...), anchorHoriz='center', anchorVert='center', antialias=True, autoLog=True, bold=False, color=array([1., 1., 1.]), colorSpace='rgb', contrast=1.0, depth=0.0, flipHoriz=False, flipVert=False, font='Arial', fontFiles=[], height=0.07, italic=False, languageStyle='LTR', name='text', opacity=1, ori=0, pos=array([0., 0.]), rgb=UNKNOWN, text=str(...), units='norm', win=Window(...), wrapWidth=1.65)
12.8755 	EXP 	Created text = TextStim(__class__=<class 'psychopy.visual.text.TextStim'>, alignHoriz=method-wrapper(...), alignText='center', alignVert=method-wrapper(...), anchorHoriz='center', anchorVert='center', antialias=True, autoLog=True, bold=False, color=array([1., 1., 1.]), colorSpace='rgb', contrast=1.0, depth=0.0, flipHoriz=False, flipVert=False, font='Arial', fontFiles=[], height=0.07, italic=False, languageStyle='LTR', name='text', opacity=1, ori=0, pos=array([0., 0.]), rgb=UNKNOWN, text=str(...), units='norm', win=Window(...), wrapWidth=1.65)
12.8848 	EXP 	Created text = TextStim(__class__=<class 'psychopy.visual.text.TextStim'>, alignHoriz=method-wrapper(...), alignText='center', alignVert=method-wrapper(...), anchorHoriz='center', anchorVert='center', antialias=True, autoLog=True, bold=False, color=array([1., 1., 1.]), colorSpace='rgb', contrast=1.0, depth=0.0, flipHoriz=False, flipVert=False, font='Arial', fontFiles=[], height=0.07, italic=False, languageStyle='LTR', name='text', opacity=1, ori=0, pos=array([0., 0.]), rgb=UNKNOWN, text=str(...), units='norm', win=Window(...), wrapWidth=1.65)
12.8935 	EXP 	Created text = TextStim(__class__=<class 'psychopy.visual.text.TextStim'>, alignHoriz=method-wrapper(...), alignText='center', alignVert=method-wrapper(...), anchorHoriz='center', anchorVert='center', antialias=True, autoLog=True, bold=False, color=array([1., 1., 1.]), colorSpace='rgb', contrast=1.0, depth=0.0, flipHoriz=False, flipVert=False, font='Arial', fontFiles=[], height=0.07, italic=False, languageStyle='LTR', name='text', opacity=1, ori=0, pos=array([0., 0.]), rgb=UNKNOWN, text=str(...), units='norm', win=Window(...), wrapWidth=1.65)
12.8994 	EXP 	Created text = TextStim(__class__=<class 'psychopy.visual.text.TextStim'>, alignHoriz=method-wrapper(...), alignText='center', alignVert=method-wrapper(...), anchorHoriz='center', anchorVert='center', antialias=True, autoLog=True, bold=False, color=array([1., 1., 1.]), colorSpace='rgb', contrast=1.0, depth=0.0, flipHoriz=False, flipVert=False, font='Arial', fontFiles=[], height=0.07, italic=False, languageStyle='LTR', name='text', opacity=1, ori=0, pos=array([0., 0.]), rgb=UNKNOWN, text=str(...), units='norm', win=Window(...), wrapWidth=1.65)
12.9145 	EXP 	Created text = TextStim(__class__=<class 'psychopy.visual.text.TextStim'>, alignHoriz=method-wrapper(...), alignText='center', alignVert=method-wrapper(...), anchorHoriz='center', anchorVert='center', antialias=True, autoLog=True, bold=False, color=array([1., 1., 1.]), colorSpace='rgb', contrast=1.0, depth=0.0, flipHoriz=False, flipVert=False, font='Arial', fontFiles=[], height=0.15, italic=False, languageStyle='LTR', name='text', opacity=1, ori=0, pos=array([0., 0.]), rgb=UNKNOWN, text=str(...), units='norm', win=Window(...), wrapWidth=1.65)
12.9434 	EXP 	Created text = TextStim(__class__=<class 'psychopy.visual.text.TextStim'>, alignHoriz=method-wrapper(...), alignText='center', alignVert=method-wrapper(...), anchorHoriz='center', anchorVert='center', antialias=True, autoLog=True, bold=False, color=array([1., 1., 1.]), colorSpace='rgb', contrast=1.0, depth=0.0, flipHoriz=False, flipVert=False, font='Arial', fontFiles=[], height=0.07, italic=False, languageStyle='LTR', name='text', opacity=1, ori=0, pos=array([0., 0.]), rgb=UNKNOWN, text=str(...), units='norm', win=Window(...), wrapWidth=1.65)
12.9636 	EXP 	Created text = TextStim(__class__=<class 'psychopy.visual.text.TextStim'>, alignHoriz=method-wrapper(...), alignText='center', alignVert=method-wrapper(...), anchorHoriz='center', anchorVert='center', antialias=True, autoLog=True, bold=False, color=array([1., 1., 1.]), colorSpace='rgb', contrast=1.0, depth=0.0, flipHoriz=False, flipVert=False, font='Arial', fontFiles=[], height=0.07, italic=False, languageStyle='LTR', name='text', opacity=1, ori=0, pos=array([0., 0.]), rgb=UNKNOWN, text=str(...), units='norm', win=Window(...), wrapWidth=1.65)
12.9932 	EXP 	Created text = TextStim(__class__=<class 'psychopy.visual.text.TextStim'>, alignHoriz=method-wrapper(...), alignText='center', alignVert=method-wrapper(...), anchorHoriz='center', anchorVert='center', antialias=True, autoLog=True, bold=False, color=array([1., 1., 1.]), colorSpace='rgb', contrast=1.0, depth=0.0, flipHoriz=False, flipVert=False, font='Arial', fontFiles=[], height=0.07, italic=False, languageStyle='LTR', name='text', opacity=1, ori=0, pos=array([0., 0.]), rgb=UNKNOWN, text=str(...), units='norm', win=Window(...), wrapWidth=1.65)
13.0167 	EXP 	Created text = TextStim(__class__=<class 'psychopy.visual.text.TextStim'>, alignHoriz=method-wrapper(...), alignText='center', alignVert=method-wrapper(...), anchorHoriz='center', anchorVert='center', antialias=True, autoLog=True, bold=False, color=array([1., 1., 1.]), colorSpace='rgb', contrast=1.0, depth=0.0, flipHoriz=False, flipVert=False, font='Arial', fontFiles=[], height=0.07, italic=False, languageStyle='LTR', name='text', opacity=1, ori=0, pos=array([0., 0.]), rgb=UNKNOWN, text=str(...), units='norm', win=Window(...), wrapWidth=1.65)
13.0474 	EXP 	Created text = TextStim(__class__=<class 'psychopy.visual.text.TextStim'>, alignHoriz=method-wrapper(...), alignText='center', alignVert=method-wrapper(...), anchorHoriz='center', anchorVert='center', antialias=True, autoLog=True, bold=False, color=array([1., 1., 1.]), colorSpace='rgb', contrast=1.0, depth=0.0, flipHoriz=False, flipVert=False, font='Arial', fontFiles=[], height=0.07, italic=False, languageStyle='LTR', name='text', opacity=1, ori=0, pos=array([0., 0.]), rgb=UNKNOWN, text=str(...), units='norm', win=Window(...), wrapWidth=1.65)
13.0574 	EXP 	Created text = TextStim(__class__=<class 'psychopy.visual.text.TextStim'>, alignHoriz=method-wrapper(...), alignText='center', alignVert=method-wrapper(...), anchorHoriz='center', anchorVert='center', antialias=True, autoLog=True, bold=False, color=array([1., 1., 1.]), colorSpace='rgb', contrast=1.0, depth=0.0, flipHoriz=False, flipVert=False, font='Arial', fontFiles=[], height=0.07, italic=False, languageStyle='LTR', name='text', opacity=1, ori=0, pos=array([0., 0.]), rgb=UNKNOWN, text=str(...), units='norm', win=Window(...), wrapWidth=1.65)
13.0698 	EXP 	Created text = TextStim(__class__=<class 'psychopy.visual.text.TextStim'>, alignHoriz=method-wrapper(...), alignText='center', alignVert=method-wrapper(...), anchorHoriz='center', anchorVert='center', antialias=True, autoLog=True, bold=False, color=array([1., 1., 1.]), colorSpace='rgb', contrast=1.0, depth=0.0, flipHoriz=False, flipVert=False, font='Arial', fontFiles=[], height=0.07, italic=False, languageStyle='LTR', name='text', opacity=1, ori=0, pos=array([0., 0.]), rgb=UNKNOWN, text=str(...), units='norm', win=Window(...), wrapWidth=1.65)
13.0741 	EXP 	Created instru = TextStim(__class__=<class 'psychopy.visual.text.TextStim'>, alignHoriz=method-wrapper(...), alignText='center', alignVert=method-wrapper(...), anchorHoriz='center', anchorVert='center', antialias=True, autoLog=True, bold=False, color=array([1., 1., 1.]), colorSpace='rgb', contrast=1.0, depth=0.0, flipHoriz=False, flipVert=False, font='Arial', fontFiles=[], height=0.07, italic=False, languageStyle='LTR', name='instru', opacity=1, ori=0, pos=array([0. , 0.5]), rgb=UNKNOWN, text=str(...), units='norm', win=Window(...), wrapWidth=1)
13.0765 	EXP 	Created unnamed Line = Line(__class__=<class 'psychopy.visual.line.Line'>, autoDraw=False, autoLog=True, closeShape=False, color=array([1., 1., 1.]), colorSpace='rgb', contrast=None, depth=0, fillColor=array([0, 0, 0]), fillColorSpace='rgb', fillRGB=array([0, 0, 0]), interpolate=True, lineColor=array([1., 1., 1.]), lineColorSpace='rgb', lineRGB=array([1, 1, 1]), lineWidth=5, name='unnamed Line', opacity=0.5, ori=0.0, pos=array([0., 0.]), size=array([1., 1.]), units='norm', vertices=array([[-0.5,  0. ],
       [ 0.5,  0. ]]), win=Window(...), windingRule=None)
13.0785 	EXP 	Created unnamed Line = Line(__class__=<class 'psychopy.visual.line.Line'>, autoDraw=False, autoLog=True, closeShape=False, color=array([1., 1., 1.]), colorSpace='rgb', contrast=None, depth=0, fillColor=array([0, 0, 0]), fillColorSpace='rgb', fillRGB=array([0, 0, 0]), interpolate=True, lineColor=array([1., 1., 1.]), lineColorSpace='rgb', lineRGB=array([1, 1, 1]), lineWidth=3, name='unnamed Line', opacity=0.5, ori=0.0, pos=array([0., 0.]), size=array([1., 1.]), units='norm', vertices=array([[-0.5 , -0.05],
       [-0.5 ,  0.05]]), win=Window(...), windingRule=None)
13.0805 	EXP 	Created unnamed Line = Line(__class__=<class 'psychopy.visual.line.Line'>, autoDraw=False, autoLog=True, closeShape=False, color=array([1., 1., 1.]), colorSpace='rgb', contrast=None, depth=0, fillColor=array([0, 0, 0]), fillColorSpace='rgb', fillRGB=array([0, 0, 0]), interpolate=True, lineColor=array([1., 1., 1.]), lineColorSpace='rgb', lineRGB=array([1, 1, 1]), lineWidth=3, name='unnamed Line', opacity=0.5, ori=0.0, pos=array([0., 0.]), size=array([1., 1.]), units='norm', vertices=ndarray(...), win=Window(...), windingRule=None)
13.0824 	EXP 	Created unnamed Line = Line(__class__=<class 'psychopy.visual.line.Line'>, autoDraw=False, autoLog=True, closeShape=False, color=array([1., 1., 1.]), colorSpace='rgb', contrast=None, depth=0, fillColor=array([0, 0, 0]), fillColorSpace='rgb', fillRGB=array([0, 0, 0]), interpolate=True, lineColor=array([1., 1., 1.]), lineColorSpace='rgb', lineRGB=array([1, 1, 1]), lineWidth=3, name='unnamed Line', opacity=0.5, ori=0.0, pos=array([0., 0.]), size=array([1., 1.]), units='norm', vertices=ndarray(...), win=Window(...), windingRule=None)
13.0844 	EXP 	Created unnamed Line = Line(__class__=<class 'psychopy.visual.line.Line'>, autoDraw=False, autoLog=True, closeShape=False, color=array([1., 1., 1.]), colorSpace='rgb', contrast=None, depth=0, fillColor=array([0, 0, 0]), fillColorSpace='rgb', fillRGB=array([0, 0, 0]), interpolate=True, lineColor=array([1., 1., 1.]), lineColorSpace='rgb', lineRGB=array([1, 1, 1]), lineWidth=3, name='unnamed Line', opacity=0.5, ori=0.0, pos=array([0., 0.]), size=array([1., 1.]), units='norm', vertices=array([[ 0.5 , -0.05],
       [ 0.5 ,  0.05]]), win=Window(...), windingRule=None)
13.0961 	EXP 	Created unnamed TextStim = TextStim(__class__=<class 'psychopy.visual.text.TextStim'>, alignHoriz=method-wrapper(...), alignText='center', alignVert=method-wrapper(...), anchorHoriz='center', anchorVert='center', antialias=True, autoLog=True, bold=False, color=array([1., 1., 1.]), colorSpace='rgb', contrast=1.0, depth=0, flipHoriz=False, flipVert=False, font='', fontFiles=[], height=0.05, italic=False, languageStyle='LTR', name='unnamed TextStim', opacity=1.0, ori=0.0, pos=array([-0.5, -0.1]), rgb=UNKNOWN, text='Helt klart \n IKKE FOKUSERT', units='norm', win=Window(...), wrapWidth=1)
13.0971 	EXP 	Created unnamed TextStim = TextStim(__class__=<class 'psychopy.visual.text.TextStim'>, alignHoriz=method-wrapper(...), alignText='center', alignVert=method-wrapper(...), anchorHoriz='center', anchorVert='center', antialias=True, autoLog=True, bold=False, color=array([1., 1., 1.]), colorSpace='rgb', contrast=1.0, depth=0, flipHoriz=False, flipVert=False, font='', fontFiles=[], height=0.05, italic=False, languageStyle='LTR', name='unnamed TextStim', opacity=1.0, ori=0.0, pos=array([-0.16666667, -0.1       ]), rgb=UNKNOWN, text='', units='norm', win=Window(...), wrapWidth=1)
13.0981 	EXP 	Created unnamed TextStim = TextStim(__class__=<class 'psychopy.visual.text.TextStim'>, alignHoriz=method-wrapper(...), alignText='center', alignVert=method-wrapper(...), anchorHoriz='center', anchorVert='center', antialias=True, autoLog=True, bold=False, color=array([1., 1., 1.]), colorSpace='rgb', contrast=1.0, depth=0, flipHoriz=False, flipVert=False, font='', fontFiles=[], height=0.05, italic=False, languageStyle='LTR', name='unnamed TextStim', opacity=1.0, ori=0.0, pos=array([ 0.16666667, -0.1       ]), rgb=UNKNOWN, text='', units='norm', win=Window(...), wrapWidth=1)
13.1012 	EXP 	Created unnamed TextStim = TextStim(__class__=<class 'psychopy.visual.text.TextStim'>, alignHoriz=method-wrapper(...), alignText='center', alignVert=method-wrapper(...), anchorHoriz='center', anchorVert='center', antialias=True, autoLog=True, bold=False, color=array([1., 1., 1.]), colorSpace='rgb', contrast=1.0, depth=0, flipHoriz=False, flipVert=False, font='', fontFiles=[], height=0.05, italic=False, languageStyle='LTR', name='unnamed TextStim', opacity=1.0, ori=0.0, pos=array([ 0.5, -0.1]), rgb=UNKNOWN, text='Helt klart \n FOKUSERT', units='norm', win=Window(...), wrapWidth=1)
13.1030 	EXP 	Created unnamed ShapeStim = ShapeStim(__class__=<class 'psychopy.visual.shape.ShapeStim'>, autoDraw=False, autoLog=True, closeShape=True, color=method-wrapper(...), colorSpace='rgb', contrast=None, depth=0, fillColor=array([1, 1, 1]), fillColorSpace='rgb', fillRGB=array([1, 1, 1]), interpolate=True, lineColor=array([-1., -1., -1.]), lineColorSpace='rgb', lineRGB=array([-1, -1, -1]), lineWidth=1.5, name='unnamed ShapeStim', opacity=1.0, ori=0.0, pos=array([0., 0.]), size=array([1., 1.]), units='norm', vertices=ndarray(...), win=Window(...), windingRule=None)
13.1098 	EXP 	Created instru = TextStim(__class__=<class 'psychopy.visual.text.TextStim'>, alignHoriz=method-wrapper(...), alignText='center', alignVert=method-wrapper(...), anchorHoriz='center', anchorVert='center', antialias=True, autoLog=True, bold=False, color=array([1., 1., 1.]), colorSpace='rgb', contrast=1.0, depth=0.0, flipHoriz=False, flipVert=False, font='Arial', fontFiles=[], height=0.07, italic=False, languageStyle='LTR', name='instru', opacity=1, ori=0, pos=array([0. , 0.5]), rgb=UNKNOWN, text=str(...), units='norm', win=Window(...), wrapWidth=1)
13.1118 	EXP 	Created unnamed Line = Line(__class__=<class 'psychopy.visual.line.Line'>, autoDraw=False, autoLog=True, closeShape=False, color=array([1., 1., 1.]), colorSpace='rgb', contrast=None, depth=0, fillColor=array([0, 0, 0]), fillColorSpace='rgb', fillRGB=array([0, 0, 0]), interpolate=True, lineColor=array([1., 1., 1.]), lineColorSpace='rgb', lineRGB=array([1, 1, 1]), lineWidth=5, name='unnamed Line', opacity=0.5, ori=0.0, pos=array([0., 0.]), size=array([1., 1.]), units='norm', vertices=array([[-0.5,  0. ],
       [ 0.5,  0. ]]), win=Window(...), windingRule=None)
13.1138 	EXP 	Created unnamed Line = Line(__class__=<class 'psychopy.visual.line.Line'>, autoDraw=False, autoLog=True, closeShape=False, color=array([1., 1., 1.]), colorSpace='rgb', contrast=None, depth=0, fillColor=array([0, 0, 0]), fillColorSpace='rgb', fillRGB=array([0, 0, 0]), interpolate=True, lineColor=array([1., 1., 1.]), lineColorSpace='rgb', lineRGB=array([1, 1, 1]), lineWidth=3, name='unnamed Line', opacity=0.5, ori=0.0, pos=array([0., 0.]), size=array([1., 1.]), units='norm', vertices=array([[-0.5 , -0.05],
       [-0.5 ,  0.05]]), win=Window(...), windingRule=None)
13.1158 	EXP 	Created unnamed Line = Line(__class__=<class 'psychopy.visual.line.Line'>, autoDraw=False, autoLog=True, closeShape=False, color=array([1., 1., 1.]), colorSpace='rgb', contrast=None, depth=0, fillColor=array([0, 0, 0]), fillColorSpace='rgb', fillRGB=array([0, 0, 0]), interpolate=True, lineColor=array([1., 1., 1.]), lineColorSpace='rgb', lineRGB=array([1, 1, 1]), lineWidth=3, name='unnamed Line', opacity=0.5, ori=0.0, pos=array([0., 0.]), size=array([1., 1.]), units='norm', vertices=ndarray(...), win=Window(...), windingRule=None)
13.1178 	EXP 	Created unnamed Line = Line(__class__=<class 'psychopy.visual.line.Line'>, autoDraw=False, autoLog=True, closeShape=False, color=array([1., 1., 1.]), colorSpace='rgb', contrast=None, depth=0, fillColor=array([0, 0, 0]), fillColorSpace='rgb', fillRGB=array([0, 0, 0]), interpolate=True, lineColor=array([1., 1., 1.]), lineColorSpace='rgb', lineRGB=array([1, 1, 1]), lineWidth=3, name='unnamed Line', opacity=0.5, ori=0.0, pos=array([0., 0.]), size=array([1., 1.]), units='norm', vertices=ndarray(...), win=Window(...), windingRule=None)
13.1197 	EXP 	Created unnamed Line = Line(__class__=<class 'psychopy.visual.line.Line'>, autoDraw=False, autoLog=True, closeShape=False, color=array([1., 1., 1.]), colorSpace='rgb', contrast=None, depth=0, fillColor=array([0, 0, 0]), fillColorSpace='rgb', fillRGB=array([0, 0, 0]), interpolate=True, lineColor=array([1., 1., 1.]), lineColorSpace='rgb', lineRGB=array([1, 1, 1]), lineWidth=3, name='unnamed Line', opacity=0.5, ori=0.0, pos=array([0., 0.]), size=array([1., 1.]), units='norm', vertices=array([[ 0.5 , -0.05],
       [ 0.5 ,  0.05]]), win=Window(...), windingRule=None)
13.1240 	EXP 	Created unnamed TextStim = TextStim(__class__=<class 'psychopy.visual.text.TextStim'>, alignHoriz=method-wrapper(...), alignText='center', alignVert=method-wrapper(...), anchorHoriz='center', anchorVert='center', antialias=True, autoLog=True, bold=False, color=array([1., 1., 1.]), colorSpace='rgb', contrast=1.0, depth=0, flipHoriz=False, flipVert=False, font='', fontFiles=[], height=0.05, italic=False, languageStyle='LTR', name='unnamed TextStim', opacity=1.0, ori=0.0, pos=array([-0.5, -0.1]), rgb=UNKNOWN, text='Helt klart \n INGENTING', units='norm', win=Window(...), wrapWidth=1)
13.1250 	EXP 	Created unnamed TextStim = TextStim(__class__=<class 'psychopy.visual.text.TextStim'>, alignHoriz=method-wrapper(...), alignText='center', alignVert=method-wrapper(...), anchorHoriz='center', anchorVert='center', antialias=True, autoLog=True, bold=False, color=array([1., 1., 1.]), colorSpace='rgb', contrast=1.0, depth=0, flipHoriz=False, flipVert=False, font='', fontFiles=[], height=0.05, italic=False, languageStyle='LTR', name='unnamed TextStim', opacity=1.0, ori=0.0, pos=array([-0.16666667, -0.1       ]), rgb=UNKNOWN, text='', units='norm', win=Window(...), wrapWidth=1)
13.1260 	EXP 	Created unnamed TextStim = TextStim(__class__=<class 'psychopy.visual.text.TextStim'>, alignHoriz=method-wrapper(...), alignText='center', alignVert=method-wrapper(...), anchorHoriz='center', anchorVert='center', antialias=True, autoLog=True, bold=False, color=array([1., 1., 1.]), colorSpace='rgb', contrast=1.0, depth=0, flipHoriz=False, flipVert=False, font='', fontFiles=[], height=0.05, italic=False, languageStyle='LTR', name='unnamed TextStim', opacity=1.0, ori=0.0, pos=array([ 0.16666667, -0.1       ]), rgb=UNKNOWN, text='', units='norm', win=Window(...), wrapWidth=1)
13.1289 	EXP 	Created unnamed TextStim = TextStim(__class__=<class 'psychopy.visual.text.TextStim'>, alignHoriz=method-wrapper(...), alignText='center', alignVert=method-wrapper(...), anchorHoriz='center', anchorVert='center', antialias=True, autoLog=True, bold=False, color=array([1., 1., 1.]), colorSpace='rgb', contrast=1.0, depth=0, flipHoriz=False, flipVert=False, font='', fontFiles=[], height=0.05, italic=False, languageStyle='LTR', name='unnamed TextStim', opacity=1.0, ori=0.0, pos=array([ 0.5, -0.1]), rgb=UNKNOWN, text='Helt klart \n NOE', units='norm', win=Window(...), wrapWidth=1)
13.1305 	EXP 	Created unnamed ShapeStim = ShapeStim(__class__=<class 'psychopy.visual.shape.ShapeStim'>, autoDraw=False, autoLog=True, closeShape=True, color=method-wrapper(...), colorSpace='rgb', contrast=None, depth=0, fillColor=array([1, 1, 1]), fillColorSpace='rgb', fillRGB=array([1, 1, 1]), interpolate=True, lineColor=array([-1., -1., -1.]), lineColorSpace='rgb', lineRGB=array([-1, -1, -1]), lineWidth=1.5, name='unnamed ShapeStim', opacity=1.0, ori=0.0, pos=array([0., 0.]), size=array([1., 1.]), units='norm', vertices=ndarray(...), win=Window(...), windingRule=None)
13.1368 	EXP 	Created instru = TextStim(__class__=<class 'psychopy.visual.text.TextStim'>, alignHoriz=method-wrapper(...), alignText='center', alignVert=method-wrapper(...), anchorHoriz='center', anchorVert='center', antialias=True, autoLog=True, bold=False, color=array([1., 1., 1.]), colorSpace='rgb', contrast=1.0, depth=0.0, flipHoriz=False, flipVert=False, font='Arial', fontFiles=[], height=0.07, italic=False, languageStyle='LTR', name='instru', opacity=1, ori=0, pos=array([0. , 0.5]), rgb=UNKNOWN, text=str(...), units='norm', win=Window(...), wrapWidth=1)
13.1387 	EXP 	Created unnamed Line = Line(__class__=<class 'psychopy.visual.line.Line'>, autoDraw=False, autoLog=True, closeShape=False, color=array([1., 1., 1.]), colorSpace='rgb', contrast=None, depth=0, fillColor=array([0, 0, 0]), fillColorSpace='rgb', fillRGB=array([0, 0, 0]), interpolate=True, lineColor=array([1., 1., 1.]), lineColorSpace='rgb', lineRGB=array([1, 1, 1]), lineWidth=5, name='unnamed Line', opacity=0.5, ori=0.0, pos=array([0., 0.]), size=array([1., 1.]), units='norm', vertices=array([[-0.5,  0. ],
       [ 0.5,  0. ]]), win=Window(...), windingRule=None)
13.1407 	EXP 	Created unnamed Line = Line(__class__=<class 'psychopy.visual.line.Line'>, autoDraw=False, autoLog=True, closeShape=False, color=array([1., 1., 1.]), colorSpace='rgb', contrast=None, depth=0, fillColor=array([0, 0, 0]), fillColorSpace='rgb', fillRGB=array([0, 0, 0]), interpolate=True, lineColor=array([1., 1., 1.]), lineColorSpace='rgb', lineRGB=array([1, 1, 1]), lineWidth=3, name='unnamed Line', opacity=0.5, ori=0.0, pos=array([0., 0.]), size=array([1., 1.]), units='norm', vertices=array([[-0.5 , -0.05],
       [-0.5 ,  0.05]]), win=Window(...), windingRule=None)
13.1427 	EXP 	Created unnamed Line = Line(__class__=<class 'psychopy.visual.line.Line'>, autoDraw=False, autoLog=True, closeShape=False, color=array([1., 1., 1.]), colorSpace='rgb', contrast=None, depth=0, fillColor=array([0, 0, 0]), fillColorSpace='rgb', fillRGB=array([0, 0, 0]), interpolate=True, lineColor=array([1., 1., 1.]), lineColorSpace='rgb', lineRGB=array([1, 1, 1]), lineWidth=3, name='unnamed Line', opacity=0.5, ori=0.0, pos=array([0., 0.]), size=array([1., 1.]), units='norm', vertices=ndarray(...), win=Window(...), windingRule=None)
13.1446 	EXP 	Created unnamed Line = Line(__class__=<class 'psychopy.visual.line.Line'>, autoDraw=False, autoLog=True, closeShape=False, color=array([1., 1., 1.]), colorSpace='rgb', contrast=None, depth=0, fillColor=array([0, 0, 0]), fillColorSpace='rgb', fillRGB=array([0, 0, 0]), interpolate=True, lineColor=array([1., 1., 1.]), lineColorSpace='rgb', lineRGB=array([1, 1, 1]), lineWidth=3, name='unnamed Line', opacity=0.5, ori=0.0, pos=array([0., 0.]), size=array([1., 1.]), units='norm', vertices=ndarray(...), win=Window(...), windingRule=None)
13.1466 	EXP 	Created unnamed Line = Line(__class__=<class 'psychopy.visual.line.Line'>, autoDraw=False, autoLog=True, closeShape=False, color=array([1., 1., 1.]), colorSpace='rgb', contrast=None, depth=0, fillColor=array([0, 0, 0]), fillColorSpace='rgb', fillRGB=array([0, 0, 0]), interpolate=True, lineColor=array([1., 1., 1.]), lineColorSpace='rgb', lineRGB=array([1, 1, 1]), lineWidth=3, name='unnamed Line', opacity=0.5, ori=0.0, pos=array([0., 0.]), size=array([1., 1.]), units='norm', vertices=array([[ 0.5 , -0.05],
       [ 0.5 ,  0.05]]), win=Window(...), windingRule=None)
13.1507 	EXP 	Created unnamed TextStim = TextStim(__class__=<class 'psychopy.visual.text.TextStim'>, alignHoriz=method-wrapper(...), alignText='center', alignVert=method-wrapper(...), anchorHoriz='center', anchorVert='center', antialias=True, autoLog=True, bold=False, color=array([1., 1., 1.]), colorSpace='rgb', contrast=1.0, depth=0, flipHoriz=False, flipVert=False, font='', fontFiles=[], height=0.05, italic=False, languageStyle='LTR', name='unnamed TextStim', opacity=1.0, ori=0.0, pos=array([-0.5, -0.1]), rgb=UNKNOWN, text='Helt klart \n SPONTAN', units='norm', win=Window(...), wrapWidth=1)
13.1517 	EXP 	Created unnamed TextStim = TextStim(__class__=<class 'psychopy.visual.text.TextStim'>, alignHoriz=method-wrapper(...), alignText='center', alignVert=method-wrapper(...), anchorHoriz='center', anchorVert='center', antialias=True, autoLog=True, bold=False, color=array([1., 1., 1.]), colorSpace='rgb', contrast=1.0, depth=0, flipHoriz=False, flipVert=False, font='', fontFiles=[], height=0.05, italic=False, languageStyle='LTR', name='unnamed TextStim', opacity=1.0, ori=0.0, pos=array([-0.16666667, -0.1       ]), rgb=UNKNOWN, text='', units='norm', win=Window(...), wrapWidth=1)
13.1526 	EXP 	Created unnamed TextStim = TextStim(__class__=<class 'psychopy.visual.text.TextStim'>, alignHoriz=method-wrapper(...), alignText='center', alignVert=method-wrapper(...), anchorHoriz='center', anchorVert='center', antialias=True, autoLog=True, bold=False, color=array([1., 1., 1.]), colorSpace='rgb', contrast=1.0, depth=0, flipHoriz=False, flipVert=False, font='', fontFiles=[], height=0.05, italic=False, languageStyle='LTR', name='unnamed TextStim', opacity=1.0, ori=0.0, pos=array([ 0.16666667, -0.1       ]), rgb=UNKNOWN, text='', units='norm', win=Window(...), wrapWidth=1)
13.1567 	EXP 	Created unnamed TextStim = TextStim(__class__=<class 'psychopy.visual.text.TextStim'>, alignHoriz=method-wrapper(...), alignText='center', alignVert=method-wrapper(...), anchorHoriz='center', anchorVert='center', antialias=True, autoLog=True, bold=False, color=array([1., 1., 1.]), colorSpace='rgb', contrast=1.0, depth=0, flipHoriz=False, flipVert=False, font='', fontFiles=[], height=0.05, italic=False, languageStyle='LTR', name='unnamed TextStim', opacity=1.0, ori=0.0, pos=array([ 0.5, -0.1]), rgb=UNKNOWN, text='Helt klart \n BEVISST', units='norm', win=Window(...), wrapWidth=1)
13.1583 	EXP 	Created unnamed ShapeStim = ShapeStim(__class__=<class 'psychopy.visual.shape.ShapeStim'>, autoDraw=False, autoLog=True, closeShape=True, color=method-wrapper(...), colorSpace='rgb', contrast=None, depth=0, fillColor=array([1, 1, 1]), fillColorSpace='rgb', fillRGB=array([1, 1, 1]), interpolate=True, lineColor=array([-1., -1., -1.]), lineColorSpace='rgb', lineRGB=array([-1, -1, -1]), lineWidth=1.5, name='unnamed ShapeStim', opacity=1.0, ori=0.0, pos=array([0., 0.]), size=array([1., 1.]), units='norm', vertices=ndarray(...), win=Window(...), windingRule=None)
13.2123 	EXP 	Sound  set volume 1.000
13.2174 	EXP 	unnamed ShapeStim: vertices = <class 'numpy.ndarray'>
13.2174 	EXP 	unnamed ShapeStim: vertices = <class 'numpy.ndarray'>
13.2174 	EXP 	unnamed ShapeStim: vertices = <class 'numpy.ndarray'>
221.3874 	DATA 	Keypress: rctrl
221.8928 	EXP 	Sound  started
222.6351 	DATA 	Keypress: rctrl
222.6426 	EXP 	Sound  started
223.3871 	DATA 	Keypress: rctrl
223.3926 	EXP 	Sound  started
224.0752 	DATA 	Keypress: lctrl
224.1426 	EXP 	Sound  started
224.8926 	EXP 	Sound  started
224.9071 	DATA 	Keypress: rctrl
225.6272 	DATA 	Keypress: rctrl
225.6427 	EXP 	Sound  started
226.2991 	DATA 	Keypress: lctrl
226.3927 	EXP 	Sound  started
227.0832 	DATA 	Keypress: lctrl
227.1427 	EXP 	Sound  started
227.7872 	DATA 	Keypress: lctrl
227.8927 	EXP 	Sound  started
228.5392 	DATA 	Keypress: rctrl
228.6427 	EXP 	Sound  started
229.3391 	DATA 	Keypress: lctrl
229.3927 	EXP 	Sound  started
230.0431 	DATA 	Keypress: lctrl
230.1427 	EXP 	Sound  started
230.7631 	DATA 	Keypress: lctrl
230.8927 	EXP 	Sound  started
231.5471 	DATA 	Keypress: rctrl
231.6428 	EXP 	Sound  started
232.2671 	DATA 	Keypress: rctrl
232.3928 	EXP 	Sound  started
232.9071 	DATA 	Keypress: rctrl
233.1428 	EXP 	Sound  started
233.8832 	DATA 	Keypress: rctrl
233.8928 	EXP 	Sound  started
234.6428 	EXP 	Sound  started
234.6671 	DATA 	Keypress: rctrl
235.3928 	EXP 	Sound  started
235.4031 	DATA 	Keypress: lctrl
236.1071 	DATA 	Keypress: lctrl
236.1429 	EXP 	Sound  started
236.8431 	DATA 	Keypress: lctrl
236.8929 	EXP 	Sound  started
237.6111 	DATA 	Keypress: rctrl
237.6429 	EXP 	Sound  started
238.3471 	DATA 	Keypress: rctrl
238.3929 	EXP 	Sound  started
239.0831 	DATA 	Keypress: rctrl
239.1429 	EXP 	Sound  started
239.7552 	DATA 	Keypress: lctrl
239.8929 	EXP 	Sound  started
240.6351 	DATA 	Keypress: rctrl
240.6429 	EXP 	Sound  started
241.3551 	DATA 	Keypress: rctrl
241.3929 	EXP 	Sound  started
242.0911 	DATA 	Keypress: rctrl
242.1430 	EXP 	Sound  started
242.8273 	DATA 	Keypress: rctrl
242.8930 	EXP 	Sound  started
243.5792 	DATA 	Keypress: rctrl
243.6430 	EXP 	Sound  started
244.3631 	DATA 	Keypress: lctrl
244.3930 	EXP 	Sound  started
245.1430 	EXP 	Sound  started
245.8191 	DATA 	Keypress: rctrl
245.8930 	EXP 	Sound  started
246.5713 	DATA 	Keypress: rctrl
246.6431 	EXP 	Sound  started
247.3232 	DATA 	Keypress: rctrl
247.3931 	EXP 	Sound  started
248.0112 	DATA 	Keypress: lctrl
248.1431 	EXP 	Sound  started
248.7953 	DATA 	Keypress: rctrl
248.8931 	EXP 	Sound  started
249.5311 	DATA 	Keypress: rctrl
249.6431 	EXP 	Sound  started
250.2992 	DATA 	Keypress: rctrl
250.3931 	EXP 	Sound  started
250.9231 	DATA 	Keypress: rctrl
251.1431 	EXP 	Sound  started
251.5151 	DATA 	Keypress: rctrl
251.8931 	EXP 	Sound  started
252.5551 	DATA 	Keypress: rctrl
252.6431 	EXP 	Sound  started
253.2751 	DATA 	Keypress: rctrl
253.3932 	EXP 	Sound  started
254.1432 	EXP 	Sound  started
254.1871 	DATA 	Keypress: lctrl
254.8932 	EXP 	Sound  started
254.9391 	DATA 	Keypress: rctrl
255.6432 	EXP 	Sound  started
255.6591 	DATA 	Keypress: rctrl
256.3311 	DATA 	Keypress: rctrl
256.3932 	EXP 	Sound  started
257.0831 	DATA 	Keypress: rctrl
257.1432 	EXP 	Sound  started
257.8932 	EXP 	Sound  started
257.8991 	DATA 	Keypress: lctrl
258.6032 	DATA 	Keypress: lctrl
258.6433 	EXP 	Sound  started
259.3933 	EXP 	Sound  started
260.0912 	DATA 	Keypress: lctrl
260.1433 	EXP 	Sound  started
260.8431 	DATA 	Keypress: lctrl
260.8933 	EXP 	Sound  started
261.6111 	DATA 	Keypress: lctrl
261.6433 	EXP 	Sound  started
262.3933 	EXP 	Sound  started
263.0672 	DATA 	Keypress: lctrl
263.1433 	EXP 	Sound  started
263.8933 	EXP 	Sound  started
263.8991 	DATA 	Keypress: rctrl
264.6191 	DATA 	Keypress: rctrl
264.6434 	EXP 	Sound  started
265.3551 	DATA 	Keypress: lctrl
265.3934 	EXP 	Sound  started
266.0751 	DATA 	Keypress: lctrl
266.1434 	EXP 	Sound  started
266.8591 	DATA 	Keypress: rctrl
266.8934 	EXP 	Sound  started
267.6111 	DATA 	Keypress: lctrl
267.6434 	EXP 	Sound  started
268.3792 	DATA 	Keypress: rctrl
268.3934 	EXP 	Sound  started
269.0991 	DATA 	Keypress: rctrl
269.1434 	EXP 	Sound  started
269.8351 	DATA 	Keypress: rctrl
269.8935 	EXP 	Sound  started
270.5871 	DATA 	Keypress: rctrl
270.6435 	EXP 	Sound  started
271.3871 	DATA 	Keypress: lctrl
271.3935 	EXP 	Sound  started
272.1231 	DATA 	Keypress: rctrl
272.1435 	EXP 	Sound  started
272.8592 	DATA 	Keypress: lctrl
272.8935 	EXP 	Sound  started
273.5632 	DATA 	Keypress: lctrl
273.6435 	EXP 	Sound  started
274.3791 	DATA 	Keypress: rctrl
274.3935 	EXP 	Sound  started
275.0992 	DATA 	Keypress: rctrl
275.1435 	EXP 	Sound  started
275.8510 	DATA 	Keypress: lctrl
275.8936 	EXP 	Sound  started
276.5231 	DATA 	Keypress: lctrl
276.6436 	EXP 	Sound  started
277.3936 	EXP 	Sound  started
277.4030 	DATA 	Keypress: rctrl
278.1072 	DATA 	Keypress: rctrl
278.1436 	EXP 	Sound  started
278.8430 	DATA 	Keypress: lctrl
278.8936 	EXP 	Sound  started
279.6271 	DATA 	Keypress: rctrl
279.6436 	EXP 	Sound  started
280.3470 	DATA 	Keypress: rctrl
280.3936 	EXP 	Sound  started
281.0990 	DATA 	Keypress: lctrl
281.1437 	EXP 	Sound  started
281.8191 	DATA 	Keypress: lctrl
281.8937 	EXP 	Sound  started
282.5871 	DATA 	Keypress: rctrl
282.6437 	EXP 	Sound  started
283.3231 	DATA 	Keypress: lctrl
283.3937 	EXP 	Sound  started
284.0590 	DATA 	Keypress: lctrl
284.1521 	EXP 	unnamed TextStim: text = ''
284.1521 	EXP 	unnamed TextStim: text = ''
286.1435 	DATA 	Keypress: 3
286.1596 	EXP 	unnamed ShapeStim: vertices = <class 'numpy.ndarray'>
287.6893 	EXP 	unnamed TextStim: text = ''
287.6893 	EXP 	unnamed TextStim: text = ''
290.7161 	DATA 	Keypress: 3
290.7449 	EXP 	unnamed ShapeStim: vertices = <class 'numpy.ndarray'>
292.2735 	EXP 	unnamed TextStim: text = ''
292.2735 	EXP 	unnamed TextStim: text = ''
293.7462 	DATA 	Keypress: 2
293.7627 	EXP 	unnamed ShapeStim: vertices = <class 'numpy.ndarray'>
296.0370 	EXP 	Sound  started
296.0379 	DATA 	Keypress: lctrl
296.7869 	EXP 	Sound  started
296.7951 	DATA 	Keypress: lctrl
297.5310 	DATA 	Keypress: rctrl
297.5369 	EXP 	Sound  started
298.2869 	EXP 	Sound  started
298.3311 	DATA 	Keypress: lctrl
299.0031 	DATA 	Keypress: lctrl
299.0369 	EXP 	Sound  started
299.7550 	DATA 	Keypress: rctrl
299.7869 	EXP 	Sound  started
300.4912 	DATA 	Keypress: rctrl
300.5370 	EXP 	Sound  started
301.2111 	DATA 	Keypress: lctrl
301.2870 	EXP 	Sound  started
301.9630 	DATA 	Keypress: lctrl
302.0370 	EXP 	Sound  started
302.6672 	DATA 	Keypress: lctrl
302.7870 	EXP 	Sound  started
303.4672 	DATA 	Keypress: rctrl
303.5370 	EXP 	Sound  started
304.2191 	DATA 	Keypress: rctrl
304.2870 	EXP 	Sound  started
304.9550 	DATA 	Keypress: rctrl
305.0371 	EXP 	Sound  started
305.7711 	DATA 	Keypress: rctrl
305.7871 	EXP 	Sound  started
306.5230 	DATA 	Keypress: lctrl
306.5371 	EXP 	Sound  started
307.2431 	DATA 	Keypress: lctrl
307.2871 	EXP 	Sound  started
307.9790 	DATA 	Keypress: rctrl
308.0371 	EXP 	Sound  started
308.7632 	DATA 	Keypress: rctrl
308.7871 	EXP 	Sound  started
309.4830 	DATA 	Keypress: lctrl
309.5371 	EXP 	Sound  started
310.2191 	DATA 	Keypress: rctrl
310.2871 	EXP 	Sound  started
310.9710 	DATA 	Keypress: rctrl
311.0372 	EXP 	Sound  started
311.7551 	DATA 	Keypress: lctrl
311.7872 	EXP 	Sound  started
312.5071 	DATA 	Keypress: rctrl
312.5372 	EXP 	Sound  started
313.2750 	DATA 	Keypress: lctrl
313.2872 	EXP 	Sound  started
313.9951 	DATA 	Keypress: lctrl
314.0372 	EXP 	Sound  started
314.7152 	DATA 	Keypress: lctrl
314.7872 	EXP 	Sound  started
315.4670 	DATA 	Keypress: lctrl
315.5372 	EXP 	Sound  started
316.2192 	DATA 	Keypress: lctrl
316.2873 	EXP 	Sound  started
316.9070 	DATA 	Keypress: lctrl
317.0373 	EXP 	Sound  started
317.7390 	DATA 	Keypress: lctrl
317.7873 	EXP 	Sound  started
318.4752 	DATA 	Keypress: lctrl
318.5373 	EXP 	Sound  started
319.2873 	EXP 	Sound  started
320.0272 	DATA 	Keypress: rctrl
320.0373 	EXP 	Sound  started
320.7630 	DATA 	Keypress: rctrl
320.7873 	EXP 	Sound  started
321.4831 	DATA 	Keypress: rctrl
321.5373 	EXP 	Sound  started
322.2672 	DATA 	Keypress: rctrl
322.2874 	EXP 	Sound  started
322.9870 	DATA 	Keypress: rctrl
323.0374 	EXP 	Sound  started
323.7710 	DATA 	Keypress: rctrl
323.7874 	EXP 	Sound  started
324.5071 	DATA 	Keypress: rctrl
324.5374 	EXP 	Sound  started
325.2591 	DATA 	Keypress: lctrl
325.2874 	EXP 	Sound  started
326.0111 	DATA 	Keypress: lctrl
326.0374 	EXP 	Sound  started
326.7791 	DATA 	Keypress: lctrl
326.7874 	EXP 	Sound  started
327.4990 	DATA 	Keypress: lctrl
327.5374 	EXP 	Sound  started
328.2352 	DATA 	Keypress: rctrl
328.2875 	EXP 	Sound  started
329.0375 	EXP 	Sound  started
329.0511 	DATA 	Keypress: lctrl
329.7875 	EXP 	Sound  started
329.8192 	DATA 	Keypress: lctrl
330.5230 	DATA 	Keypress: lctrl
330.5375 	EXP 	Sound  started
331.2751 	DATA 	Keypress: rctrl
331.2875 	EXP 	Sound  started
332.0112 	DATA 	Keypress: rctrl
332.0375 	EXP 	Sound  started
332.7472 	DATA 	Keypress: lctrl
332.7875 	EXP 	Sound  started
333.4990 	DATA 	Keypress: lctrl
333.5375 	EXP 	Sound  started
334.2510 	DATA 	Keypress: lctrl
334.2876 	EXP 	Sound  started
335.0191 	DATA 	Keypress: rctrl
335.0376 	EXP 	Sound  started
335.7876 	EXP 	Sound  started
336.5230 	DATA 	Keypress: lctrl
336.5376 	EXP 	Sound  started
337.2876 	EXP 	Sound  started
337.3711 	DATA 	Keypress: rctrl
337.9631 	DATA 	Keypress: lctrl
338.0376 	EXP 	Sound  started
338.7150 	DATA 	Keypress: lctrl
338.7876 	EXP 	Sound  started
339.5311 	DATA 	Keypress: lctrl
339.5376 	EXP 	Sound  started
340.2877 	EXP 	Sound  started
340.3151 	DATA 	Keypress: rctrl
340.9870 	DATA 	Keypress: rctrl
341.0377 	EXP 	Sound  started
341.7231 	DATA 	Keypress: lctrl
341.7877 	EXP 	Sound  started
342.5377 	EXP 	Sound  started
342.5552 	DATA 	Keypress: lctrl
343.2877 	EXP 	Sound  started
343.4351 	DATA 	Keypress: rctrl
344.0377 	EXP 	Sound  started
344.0591 	DATA 	Keypress: rctrl
344.7471 	DATA 	Keypress: lctrl
344.7877 	EXP 	Sound  started
345.5150 	DATA 	Keypress: rctrl
345.5378 	EXP 	Sound  started
346.2878 	EXP 	Sound  started
346.2990 	DATA 	Keypress: rctrl
347.0030 	DATA 	Keypress: lctrl
347.0378 	EXP 	Sound  started
347.7550 	DATA 	Keypress: lctrl
347.7878 	EXP 	Sound  started
348.5232 	DATA 	Keypress: lctrl
348.5378 	EXP 	Sound  started
349.2590 	DATA 	Keypress: rctrl
349.2878 	EXP 	Sound  started
350.0378 	EXP 	Sound  started
350.0431 	DATA 	Keypress: lctrl
350.7790 	DATA 	Keypress: lctrl
350.7878 	EXP 	Sound  started
351.5312 	DATA 	Keypress: lctrl
351.5379 	EXP 	Sound  started
352.2031 	DATA 	Keypress: rctrl
352.2879 	EXP 	Sound  started
353.0030 	DATA 	Keypress: rctrl
353.0379 	EXP 	Sound  started
353.7550 	DATA 	Keypress: lctrl
353.7879 	EXP 	Sound  started
354.4431 	DATA 	Keypress: lctrl
354.5379 	EXP 	Sound  started
355.2271 	DATA 	Keypress: lctrl
355.2879 	EXP 	Sound  started
356.0111 	DATA 	Keypress: lctrl
356.0379 	EXP 	Sound  started
356.7879 	EXP 	Sound  started
357.5151 	DATA 	Keypress: lctrl
359.5522 	DATA 	Keypress: 4
359.5686 	EXP 	unnamed ShapeStim: vertices = <class 'numpy.ndarray'>
365.6377 	DATA 	Keypress: 4
365.6542 	EXP 	unnamed ShapeStim: vertices = <class 'numpy.ndarray'>
367.4550 	DATA 	Keypress: 3
367.4715 	EXP 	unnamed ShapeStim: vertices = <class 'numpy.ndarray'>
369.7459 	EXP 	Sound  started
369.7468 	DATA 	Keypress: rctrl
370.4110 	DATA 	Keypress: lctrl
370.4958 	EXP 	Sound  started
371.2458 	EXP 	Sound  started
371.2910 	DATA 	Keypress: lctrl
371.9791 	DATA 	Keypress: lctrl
371.9958 	EXP 	Sound  started
372.6991 	DATA 	Keypress: rctrl
372.7458 	EXP 	Sound  started
373.4511 	DATA 	Keypress: lctrl
373.4958 	EXP 	Sound  started
374.1710 	DATA 	Keypress: lctrl
374.2458 	EXP 	Sound  started
374.9231 	DATA 	Keypress: lctrl
374.9958 	EXP 	Sound  started
375.7231 	DATA 	Keypress: rctrl
375.7459 	EXP 	Sound  started
376.4751 	DATA 	Keypress: rctrl
376.4959 	EXP 	Sound  started
377.2459 	EXP 	Sound  started
377.9631 	DATA 	Keypress: lctrl
377.9959 	EXP 	Sound  started
378.6990 	DATA 	Keypress: lctrl
378.7459 	EXP 	Sound  started
379.4959 	EXP 	Sound  started
379.4990 	DATA 	Keypress: rctrl
380.2459 	EXP 	Sound  started
380.2511 	DATA 	Keypress: lctrl
380.9710 	DATA 	Keypress: lctrl
380.9959 	EXP 	Sound  started
381.7460 	EXP 	Sound  started
381.7710 	DATA 	Keypress: rctrl
382.4592 	DATA 	Keypress: rctrl
382.4960 	EXP 	Sound  started
383.1950 	DATA 	Keypress: rctrl
383.2460 	EXP 	Sound  started
383.9310 	DATA 	Keypress: lctrl
383.9960 	EXP 	Sound  started
384.6670 	DATA 	Keypress: lctrl
384.7460 	EXP 	Sound  started
385.4191 	DATA 	Keypress: lctrl
385.4960 	EXP 	Sound  started
386.1710 	DATA 	Keypress: rctrl
386.2460 	EXP 	Sound  started
386.9710 	DATA 	Keypress: lctrl
386.9960 	EXP 	Sound  started
387.7391 	DATA 	Keypress: lctrl
387.7461 	EXP 	Sound  started
388.4590 	DATA 	Keypress: lctrl
388.4961 	EXP 	Sound  started
389.2110 	DATA 	Keypress: lctrl
389.2461 	EXP 	Sound  started
389.9790 	DATA 	Keypress: rctrl
389.9961 	EXP 	Sound  started
390.7311 	DATA 	Keypress: lctrl
390.7461 	EXP 	Sound  started
391.4830 	DATA 	Keypress: rctrl
391.4961 	EXP 	Sound  started
392.2190 	DATA 	Keypress: lctrl
392.2461 	EXP 	Sound  started
392.9231 	DATA 	Keypress: lctrl
392.9961 	EXP 	Sound  started
393.7390 	DATA 	Keypress: lctrl
393.7462 	EXP 	Sound  started
394.4590 	DATA 	Keypress: rctrl
394.4962 	EXP 	Sound  started
395.2462 	EXP 	Sound  started
395.2590 	DATA 	Keypress: lctrl
395.9951 	DATA 	Keypress: rctrl
395.9962 	EXP 	Sound  started
396.7310 	DATA 	Keypress: rctrl
396.7462 	EXP 	Sound  started
397.4350 	DATA 	Keypress: lctrl
397.4962 	EXP 	Sound  started
398.2351 	DATA 	Keypress: rctrl
398.2462 	EXP 	Sound  started
398.9963 	EXP 	Sound  started
399.6430 	DATA 	Keypress: lctrl
399.7463 	EXP 	Sound  started
400.4910 	DATA 	Keypress: lctrl
400.4963 	EXP 	Sound  started
401.2270 	DATA 	Keypress: rctrl
401.2463 	EXP 	Sound  started
401.9470 	DATA 	Keypress: lctrl
401.9963 	EXP 	Sound  started
402.7463 	EXP 	Sound  started
402.7470 	DATA 	Keypress: lctrl
403.4831 	DATA 	Keypress: lctrl
403.4963 	EXP 	Sound  started
404.2464 	EXP 	Sound  started
404.2511 	DATA 	Keypress: lctrl
404.9964 	EXP 	Sound  started
405.7390 	DATA 	Keypress: rctrl
405.7464 	EXP 	Sound  started
406.4432 	DATA 	Keypress: lctrl
406.4964 	EXP 	Sound  started
407.2430 	DATA 	Keypress: rctrl
407.2464 	EXP 	Sound  started
407.9470 	DATA 	Keypress: lctrl
407.9964 	EXP 	Sound  started
408.6831 	DATA 	Keypress: lctrl
408.7464 	EXP 	Sound  started
409.4670 	DATA 	Keypress: lctrl
409.4965 	EXP 	Sound  started
410.2465 	EXP 	Sound  started
410.2670 	DATA 	Keypress: rctrl
410.9550 	DATA 	Keypress: lctrl
410.9965 	EXP 	Sound  started
411.7391 	DATA 	Keypress: rctrl
411.7465 	EXP 	Sound  started
412.4752 	DATA 	Keypress: rctrl
412.4965 	EXP 	Sound  started
413.2465 	EXP 	Sound  started
413.2750 	DATA 	Keypress: lctrl
413.9965 	EXP 	Sound  started
414.0110 	DATA 	Keypress: rctrl
414.7150 	DATA 	Keypress: rctrl
414.7465 	EXP 	Sound  started
415.4670 	DATA 	Keypress: lctrl
415.4966 	EXP 	Sound  started
416.2351 	DATA 	Keypress: lctrl
416.2466 	EXP 	Sound  started
416.9870 	DATA 	Keypress: lctrl
416.9966 	EXP 	Sound  started
417.7466 	EXP 	Sound  started
418.4750 	DATA 	Keypress: lctrl
418.4966 	EXP 	Sound  started
419.2466 	EXP 	Sound  started
419.2750 	DATA 	Keypress: rctrl
419.9472 	DATA 	Keypress: lctrl
419.9966 	EXP 	Sound  started
420.6991 	DATA 	Keypress: lctrl
420.7467 	EXP 	Sound  started
421.4350 	DATA 	Keypress: lctrl
421.4967 	EXP 	Sound  started
422.2032 	DATA 	Keypress: rctrl
422.2467 	EXP 	Sound  started
422.9967 	EXP 	Sound  started
423.7232 	DATA 	Keypress: lctrl
423.7467 	EXP 	Sound  started
424.4967 	EXP 	Sound  started
424.5230 	DATA 	Keypress: rctrl
425.2430 	DATA 	Keypress: lctrl
425.2467 	EXP 	Sound  started
425.9630 	DATA 	Keypress: lctrl
425.9967 	EXP 	Sound  started
426.7468 	EXP 	Sound  started
426.7631 	DATA 	Keypress: lctrl
427.4968 	EXP 	Sound  started
427.4992 	DATA 	Keypress: rctrl
428.2190 	DATA 	Keypress: lctrl
428.2468 	EXP 	Sound  started
428.9968 	EXP 	Sound  started
429.0030 	DATA 	Keypress: lctrl
429.7230 	DATA 	Keypress: rctrl
429.7468 	EXP 	Sound  started
430.4910 	DATA 	Keypress: lctrl
430.4968 	EXP 	Sound  started
431.2430 	DATA 	Keypress: lctrl
431.2468 	EXP 	Sound  started
431.9631 	DATA 	Keypress: lctrl
431.9969 	EXP 	Sound  started
432.7469 	EXP 	Sound  started
432.7470 	DATA 	Keypress: rctrl
433.4969 	EXP 	Sound  started
433.5150 	DATA 	Keypress: rctrl
434.2469 	EXP 	Sound  started
434.2670 	DATA 	Keypress: lctrl
434.9870 	DATA 	Keypress: rctrl
434.9969 	EXP 	Sound  started
435.6910 	DATA 	Keypress: rctrl
438.3224 	DATA 	Keypress: 3
438.3456 	EXP 	unnamed ShapeStim: vertices = <class 'numpy.ndarray'>
443.9035 	DATA 	Keypress: 4
443.9311 	EXP 	unnamed ShapeStim: vertices = <class 'numpy.ndarray'>
445.8197 	DATA 	Keypress: 1
445.8486 	EXP 	unnamed ShapeStim: vertices = <class 'numpy.ndarray'>
448.1231 	EXP 	Sound  started
448.2672 	DATA 	Keypress: rctrl
448.8591 	DATA 	Keypress: rctrl
448.8729 	EXP 	Sound  started
449.5150 	DATA 	Keypress: rctrl
449.6229 	EXP 	Sound  started
450.2671 	DATA 	Keypress: lctrl
450.3730 	EXP 	Sound  started
451.0830 	DATA 	Keypress: rctrl
451.1230 	EXP 	Sound  started
451.8730 	EXP 	Sound  started
451.8830 	DATA 	Keypress: rctrl
452.6230 	EXP 	Sound  started
453.3230 	DATA 	Keypress: lctrl
453.3730 	EXP 	Sound  started
454.0911 	DATA 	Keypress: rctrl
454.1230 	EXP 	Sound  started
454.8110 	DATA 	Keypress: lctrl
454.8730 	EXP 	Sound  started
455.5151 	DATA 	Keypress: lctrl
455.6231 	EXP 	Sound  started
456.3469 	DATA 	Keypress: lctrl
456.3731 	EXP 	Sound  started
457.0991 	DATA 	Keypress: rctrl
457.1231 	EXP 	Sound  started
457.8350 	DATA 	Keypress: lctrl
457.8731 	EXP 	Sound  started
458.5870 	DATA 	Keypress: rctrl
458.6231 	EXP 	Sound  started
459.3550 	DATA 	Keypress: rctrl
459.3731 	EXP 	Sound  started
460.0750 	DATA 	Keypress: lctrl
460.1231 	EXP 	Sound  started
460.8589 	DATA 	Keypress: rctrl
460.8731 	EXP 	Sound  started
461.5949 	DATA 	Keypress: rctrl
461.6232 	EXP 	Sound  started
462.3732 	EXP 	Sound  started
462.3950 	DATA 	Keypress: rctrl
463.0830 	DATA 	Keypress: lctrl
463.1232 	EXP 	Sound  started
463.8191 	DATA 	Keypress: rctrl
463.8732 	EXP 	Sound  started
464.5710 	DATA 	Keypress: lctrl
464.6232 	EXP 	Sound  started
465.3390 	DATA 	Keypress: lctrl
465.3732 	EXP 	Sound  started
466.1070 	DATA 	Keypress: lctrl
466.1232 	EXP 	Sound  started
466.8733 	EXP 	Sound  started
467.5950 	DATA 	Keypress: lctrl
467.6233 	EXP 	Sound  started
468.3150 	DATA 	Keypress: lctrl
468.3733 	EXP 	Sound  started
469.0989 	DATA 	Keypress: lctrl
469.1233 	EXP 	Sound  started
469.8511 	DATA 	Keypress: rctrl
469.8733 	EXP 	Sound  started
470.6233 	EXP 	Sound  started
470.6349 	DATA 	Keypress: lctrl
471.3230 	DATA 	Keypress: lctrl
471.3733 	EXP 	Sound  started
472.1070 	DATA 	Keypress: rctrl
472.1234 	EXP 	Sound  started
472.8270 	DATA 	Keypress: rctrl
472.8734 	EXP 	Sound  started
473.5790 	DATA 	Keypress: rctrl
473.6234 	EXP 	Sound  started
474.3470 	DATA 	Keypress: lctrl
474.3734 	EXP 	Sound  started
475.1234 	EXP 	Sound  started
475.1629 	DATA 	Keypress: rctrl
475.8672 	DATA 	Keypress: rctrl
475.8734 	EXP 	Sound  started
476.6190 	DATA 	Keypress: rctrl
476.6234 	EXP 	Sound  started
477.3711 	DATA 	Keypress: lctrl
477.3735 	EXP 	Sound  started
478.1071 	DATA 	Keypress: rctrl
478.1235 	EXP 	Sound  started
478.8429 	DATA 	Keypress: lctrl
478.8735 	EXP 	Sound  started
479.6235 	EXP 	Sound  started
479.6430 	DATA 	Keypress: rctrl
480.3310 	DATA 	Keypress: rctrl
480.3735 	EXP 	Sound  started
481.1235 	EXP 	Sound  started
481.1311 	DATA 	Keypress: rctrl
481.8350 	DATA 	Keypress: lctrl
481.8735 	EXP 	Sound  started
482.5229 	DATA 	Keypress: lctrl
482.6236 	EXP 	Sound  started
483.3070 	DATA 	Keypress: lctrl
483.3736 	EXP 	Sound  started
484.1070 	DATA 	Keypress: rctrl
484.1236 	EXP 	Sound  started
484.8589 	DATA 	Keypress: rctrl
484.8736 	EXP 	Sound  started
485.6109 	DATA 	Keypress: rctrl
485.6236 	EXP 	Sound  started
486.3469 	DATA 	Keypress: rctrl
486.3736 	EXP 	Sound  started
487.0991 	DATA 	Keypress: lctrl
487.1237 	EXP 	Sound  started
487.8192 	DATA 	Keypress: lctrl
487.8737 	EXP 	Sound  started
488.5550 	DATA 	Keypress: lctrl
488.6237 	EXP 	Sound  started
489.2590 	DATA 	Keypress: lctrl
489.3737 	EXP 	Sound  started
490.0910 	DATA 	Keypress: rctrl
490.1237 	EXP 	Sound  started
490.7950 	DATA 	Keypress: lctrl
490.8737 	EXP 	Sound  started
491.5630 	DATA 	Keypress: lctrl
491.6237 	EXP 	Sound  started
492.3310 	DATA 	Keypress: lctrl
492.3737 	EXP 	Sound  started
493.1150 	DATA 	Keypress: rctrl
493.1238 	EXP 	Sound  started
493.8738 	EXP 	Sound  started
493.8991 	DATA 	Keypress: rctrl
494.6190 	DATA 	Keypress: lctrl
494.6238 	EXP 	Sound  started
495.3389 	DATA 	Keypress: lctrl
495.3738 	EXP 	Sound  started
496.0909 	DATA 	Keypress: lctrl
496.1238 	EXP 	Sound  started
496.8430 	DATA 	Keypress: lctrl
496.8738 	EXP 	Sound  started
497.6238 	EXP 	Sound  started
498.3310 	DATA 	Keypress: lctrl
498.3739 	EXP 	Sound  started
499.0829 	DATA 	Keypress: lctrl
499.1239 	EXP 	Sound  started
499.8189 	DATA 	Keypress: lctrl
499.8739 	EXP 	Sound  started
500.6030 	DATA 	Keypress: rctrl
500.6239 	EXP 	Sound  started
501.3550 	DATA 	Keypress: lctrl
501.3739 	EXP 	Sound  started
502.0751 	DATA 	Keypress: lctrl
502.1239 	EXP 	Sound  started
502.8589 	DATA 	Keypress: rctrl
502.8739 	EXP 	Sound  started
503.6110 	DATA 	Keypress: rctrl
503.6240 	EXP 	Sound  started
504.3311 	DATA 	Keypress: lctrl
504.3740 	EXP 	Sound  started
505.1150 	DATA 	Keypress: rctrl
505.1240 	EXP 	Sound  started
505.8670 	DATA 	Keypress: rctrl
505.8740 	EXP 	Sound  started
506.5869 	DATA 	Keypress: rctrl
506.6240 	EXP 	Sound  started
507.3231 	DATA 	Keypress: lctrl
507.3740 	EXP 	Sound  started
508.1240 	EXP 	Sound  started
508.8740 	EXP 	Sound  started
509.5950 	DATA 	Keypress: rctrl
509.6241 	EXP 	Sound  started
510.2670 	DATA 	Keypress: lctrl
510.3741 	EXP 	Sound  started
511.0829 	DATA 	Keypress: rctrl
513.4051 	DATA 	Keypress: 2
513.4217 	EXP 	unnamed ShapeStim: vertices = <class 'numpy.ndarray'>
517.5400 	DATA 	Keypress: 4
517.5566 	EXP 	unnamed ShapeStim: vertices = <class 'numpy.ndarray'>
520.4286 	DATA 	Keypress: 3
520.4578 	EXP 	unnamed ShapeStim: vertices = <class 'numpy.ndarray'>
522.7320 	EXP 	Sound  started
523.0030 	DATA 	Keypress: rctrl
523.4818 	EXP 	Sound  started
523.4989 	DATA 	Keypress: rctrl
524.1549 	DATA 	Keypress: lctrl
524.2318 	EXP 	Sound  started
524.9069 	DATA 	Keypress: lctrl
524.9818 	EXP 	Sound  started
525.6909 	DATA 	Keypress: lctrl
525.7319 	EXP 	Sound  started
526.4109 	DATA 	Keypress: rctrl
526.4819 	EXP 	Sound  started
527.1789 	DATA 	Keypress: lctrl
527.2319 	EXP 	Sound  started
527.9310 	DATA 	Keypress: lctrl
527.9819 	EXP 	Sound  started
528.6990 	DATA 	Keypress: rctrl
528.7319 	EXP 	Sound  started
529.4819 	EXP 	Sound  started
529.4830 	DATA 	Keypress: lctrl
530.2190 	DATA 	Keypress: lctrl
530.2319 	EXP 	Sound  started
530.9389 	DATA 	Keypress: lctrl
530.9819 	EXP 	Sound  started
531.6910 	DATA 	Keypress: rctrl
531.7320 	EXP 	Sound  started
532.4269 	DATA 	Keypress: rctrl
532.4820 	EXP 	Sound  started
533.1310 	DATA 	Keypress: rctrl
533.2320 	EXP 	Sound  started
533.8991 	DATA 	Keypress: rctrl
533.9820 	EXP 	Sound  started
534.6350 	DATA 	Keypress: rctrl
534.7320 	EXP 	Sound  started
535.4189 	DATA 	Keypress: lctrl
535.4820 	EXP 	Sound  started
536.1709 	DATA 	Keypress: rctrl
536.2320 	EXP 	Sound  started
536.9550 	DATA 	Keypress: lctrl
536.9821 	EXP 	Sound  started
537.6429 	DATA 	Keypress: rctrl
537.7321 	EXP 	Sound  started
538.4429 	DATA 	Keypress: rctrl
538.4821 	EXP 	Sound  started
539.1629 	DATA 	Keypress: rctrl
539.2321 	EXP 	Sound  started
539.9149 	DATA 	Keypress: lctrl
539.9821 	EXP 	Sound  started
540.6189 	DATA 	Keypress: rctrl
540.7321 	EXP 	Sound  started
541.4349 	DATA 	Keypress: rctrl
541.4821 	EXP 	Sound  started
542.2189 	DATA 	Keypress: lctrl
542.2322 	EXP 	Sound  started
542.9822 	EXP 	Sound  started
543.0030 	DATA 	Keypress: rctrl
543.6749 	DATA 	Keypress: lctrl
543.7322 	EXP 	Sound  started
544.4589 	DATA 	Keypress: lctrl
544.4822 	EXP 	Sound  started
545.1790 	DATA 	Keypress: lctrl
545.2322 	EXP 	Sound  started
545.8990 	DATA 	Keypress: rctrl
545.9822 	EXP 	Sound  started
546.6991 	DATA 	Keypress: rctrl
546.7323 	EXP 	Sound  started
547.4510 	DATA 	Keypress: lctrl
547.4823 	EXP 	Sound  started
548.2323 	EXP 	Sound  started
548.4269 	DATA 	Keypress: rctrl
548.9823 	EXP 	Sound  started
549.0190 	DATA 	Keypress: rctrl
549.7069 	DATA 	Keypress: rctrl
549.7323 	EXP 	Sound  started
550.4429 	DATA 	Keypress: lctrl
550.4823 	EXP 	Sound  started
551.2110 	DATA 	Keypress: lctrl
551.2323 	EXP 	Sound  started
551.9823 	EXP 	Sound  started
552.7151 	DATA 	Keypress: rctrl
552.7323 	EXP 	Sound  started
553.4669 	DATA 	Keypress: lctrl
553.4824 	EXP 	Sound  started
554.2189 	DATA 	Keypress: lctrl
554.2324 	EXP 	Sound  started
554.9389 	DATA 	Keypress: lctrl
554.9824 	EXP 	Sound  started
555.6749 	DATA 	Keypress: lctrl
555.7324 	EXP 	Sound  started
556.4824 	EXP 	Sound  started
556.4911 	DATA 	Keypress: rctrl
557.1949 	DATA 	Keypress: lctrl
557.2324 	EXP 	Sound  started
557.9310 	DATA 	Keypress: lctrl
557.9824 	EXP 	Sound  started
558.6670 	DATA 	Keypress: lctrl
558.7325 	EXP 	Sound  started
559.4351 	DATA 	Keypress: lctrl
559.4825 	EXP 	Sound  started
560.1869 	DATA 	Keypress: rctrl
560.2325 	EXP 	Sound  started
560.9549 	DATA 	Keypress: lctrl
560.9825 	EXP 	Sound  started
561.7229 	DATA 	Keypress: lctrl
561.7325 	EXP 	Sound  started
562.4825 	EXP 	Sound  started
562.4909 	DATA 	Keypress: lctrl
563.2269 	DATA 	Keypress: rctrl
563.2325 	EXP 	Sound  started
563.9629 	DATA 	Keypress: rctrl
563.9826 	EXP 	Sound  started
564.7326 	EXP 	Sound  started
564.7470 	DATA 	Keypress: rctrl
565.4349 	DATA 	Keypress: lctrl
565.4826 	EXP 	Sound  started
566.1550 	DATA 	Keypress: rctrl
566.2326 	EXP 	Sound  started
566.9229 	DATA 	Keypress: rctrl
570.2752 	DATA 	Keypress: 3
570.2915 	EXP 	unnamed ShapeStim: vertices = <class 'numpy.ndarray'>
573.6470 	DATA 	Keypress: 4
573.6761 	EXP 	unnamed ShapeStim: vertices = <class 'numpy.ndarray'>
588.7029 	DATA 	Keypress: 4
588.7312 	EXP 	unnamed ShapeStim: vertices = <class 'numpy.ndarray'>
591.0060 	EXP 	Sound  started
591.0069 	DATA 	Keypress: lctrl
591.6271 	DATA 	Keypress: lctrl
591.7558 	EXP 	Sound  started
592.3949 	DATA 	Keypress: lctrl
592.5058 	EXP 	Sound  started
593.0989 	DATA 	Keypress: lctrl
593.2558 	EXP 	Sound  started
593.8829 	DATA 	Keypress: lctrl
594.0059 	EXP 	Sound  started
594.6831 	DATA 	Keypress: rctrl
594.7559 	EXP 	Sound  started
595.4349 	DATA 	Keypress: lctrl
595.5059 	EXP 	Sound  started
596.1710 	DATA 	Keypress: lctrl
596.2559 	EXP 	Sound  started
596.9069 	DATA 	Keypress: lctrl
597.0059 	EXP 	Sound  started
597.6269 	DATA 	Keypress: lctrl
597.7559 	EXP 	Sound  started
598.3469 	DATA 	Keypress: lctrl
598.5059 	EXP 	Sound  started
599.1629 	DATA 	Keypress: rctrl
599.2559 	EXP 	Sound  started
599.9310 	DATA 	Keypress: rctrl
600.0060 	EXP 	Sound  started
600.6511 	DATA 	Keypress: rctrl
600.7560 	EXP 	Sound  started
601.5060 	EXP 	Sound  started
602.2031 	DATA 	Keypress: lctrl
602.2560 	EXP 	Sound  started
602.8749 	DATA 	Keypress: lctrl
603.0060 	EXP 	Sound  started
603.6591 	DATA 	Keypress: rctrl
603.7560 	EXP 	Sound  started
604.4109 	DATA 	Keypress: lctrl
604.5060 	EXP 	Sound  started
605.1469 	DATA 	Keypress: lctrl
605.2560 	EXP 	Sound  started
605.8991 	DATA 	Keypress: rctrl
606.0061 	EXP 	Sound  started
606.6670 	DATA 	Keypress: rctrl
606.7561 	EXP 	Sound  started
607.4510 	DATA 	Keypress: lctrl
607.5061 	EXP 	Sound  started
608.2029 	DATA 	Keypress: rctrl
608.2561 	EXP 	Sound  started
608.9389 	DATA 	Keypress: rctrl
609.0061 	EXP 	Sound  started
609.6909 	DATA 	Keypress: rctrl
609.7561 	EXP 	Sound  started
610.4269 	DATA 	Keypress: lctrl
610.5061 	EXP 	Sound  started
611.1630 	DATA 	Keypress: rctrl
611.2562 	EXP 	Sound  started
611.9149 	DATA 	Keypress: lctrl
612.0062 	EXP 	Sound  started
612.6508 	DATA 	Keypress: lctrl
612.7562 	EXP 	Sound  started
613.3229 	DATA 	Keypress: lctrl
613.5062 	EXP 	Sound  started
614.1389 	DATA 	Keypress: lctrl
614.2562 	EXP 	Sound  started
614.9069 	DATA 	Keypress: rctrl
615.0062 	EXP 	Sound  started
615.6429 	DATA 	Keypress: rctrl
615.7562 	EXP 	Sound  started
616.3628 	DATA 	Keypress: lctrl
616.5062 	EXP 	Sound  started
617.1149 	DATA 	Keypress: lctrl
617.2563 	EXP 	Sound  started
617.8830 	DATA 	Keypress: lctrl
618.0063 	EXP 	Sound  started
618.6671 	DATA 	Keypress: lctrl
618.7563 	EXP 	Sound  started
619.4511 	DATA 	Keypress: rctrl
619.5063 	EXP 	Sound  started
620.2563 	EXP 	Sound  started
620.9709 	DATA 	Keypress: lctrl
621.0064 	EXP 	Sound  started
621.6749 	DATA 	Keypress: lctrl
621.7564 	EXP 	Sound  started
622.4269 	DATA 	Keypress: lctrl
622.5064 	EXP 	Sound  started
623.1149 	DATA 	Keypress: lctrl
623.2564 	EXP 	Sound  started
623.8990 	DATA 	Keypress: lctrl
624.0064 	EXP 	Sound  started
624.6508 	DATA 	Keypress: rctrl
624.7564 	EXP 	Sound  started
625.4030 	DATA 	Keypress: lctrl
625.5064 	EXP 	Sound  started
626.1389 	DATA 	Keypress: lctrl
626.2565 	EXP 	Sound  started
626.8909 	DATA 	Keypress: lctrl
627.0065 	EXP 	Sound  started
627.6109 	DATA 	Keypress: lctrl
627.7565 	EXP 	Sound  started
628.3789 	DATA 	Keypress: lctrl
628.5065 	EXP 	Sound  started
629.2565 	EXP 	Sound  started
629.9630 	DATA 	Keypress: rctrl
630.0065 	EXP 	Sound  started
630.6829 	DATA 	Keypress: lctrl
630.7565 	EXP 	Sound  started
631.4029 	DATA 	Keypress: lctrl
631.5065 	EXP 	Sound  started
632.1869 	DATA 	Keypress: lctrl
632.2566 	EXP 	Sound  started
632.9389 	DATA 	Keypress: lctrl
633.0066 	EXP 	Sound  started
633.7566 	EXP 	Sound  started
634.4590 	DATA 	Keypress: lctrl
634.5066 	EXP 	Sound  started
635.2270 	DATA 	Keypress: lctrl
639.9492 	DATA 	Keypress: 2
639.9653 	EXP 	unnamed ShapeStim: vertices = <class 'numpy.ndarray'>
643.1171 	DATA 	Keypress: 4
643.1334 	EXP 	unnamed ShapeStim: vertices = <class 'numpy.ndarray'>
645.4511 	DATA 	Keypress: 2
645.4676 	EXP 	unnamed ShapeStim: vertices = <class 'numpy.ndarray'>
647.7417 	EXP 	Sound  started
647.9791 	DATA 	Keypress: lctrl
648.4589 	DATA 	Keypress: rctrl
648.4915 	EXP 	Sound  started
649.1629 	DATA 	Keypress: lctrl
649.2415 	EXP 	Sound  started
649.9309 	DATA 	Keypress: lctrl
649.9915 	EXP 	Sound  started
650.6989 	DATA 	Keypress: rctrl
650.7416 	EXP 	Sound  started
651.4348 	DATA 	Keypress: rctrl
651.4916 	EXP 	Sound  started
652.1388 	DATA 	Keypress: lctrl
652.2416 	EXP 	Sound  started
652.9068 	DATA 	Keypress: lctrl
652.9916 	EXP 	Sound  started
653.6910 	DATA 	Keypress: rctrl
653.7416 	EXP 	Sound  started
654.4268 	DATA 	Keypress: lctrl
654.4916 	EXP 	Sound  started
655.2416 	EXP 	Sound  started
655.9309 	DATA 	Keypress: lctrl
655.9916 	EXP 	Sound  started
656.6989 	DATA 	Keypress: rctrl
656.7417 	EXP 	Sound  started
657.4349 	DATA 	Keypress: lctrl
657.4917 	EXP 	Sound  started
658.1868 	DATA 	Keypress: lctrl
658.2417 	EXP 	Sound  started
658.9709 	DATA 	Keypress: rctrl
658.9917 	EXP 	Sound  started
659.7068 	DATA 	Keypress: lctrl
659.7417 	EXP 	Sound  started
660.3789 	DATA 	Keypress: lctrl
660.4917 	EXP 	Sound  started
661.1790 	DATA 	Keypress: lctrl
661.2417 	EXP 	Sound  started
661.9918 	EXP 	Sound  started
662.7418 	EXP 	Sound  started
662.7789 	DATA 	Keypress: rctrl
663.4508 	DATA 	Keypress: rctrl
663.4918 	EXP 	Sound  started
664.2418 	EXP 	Sound  started
664.2829 	DATA 	Keypress: lctrl
664.9389 	DATA 	Keypress: rctrl
664.9918 	EXP 	Sound  started
665.6910 	DATA 	Keypress: rctrl
665.7418 	EXP 	Sound  started
666.3788 	DATA 	Keypress: lctrl
666.4918 	EXP 	Sound  started
667.1471 	DATA 	Keypress: lctrl
667.2419 	EXP 	Sound  started
667.8989 	DATA 	Keypress: lctrl
667.9919 	EXP 	Sound  started
668.6668 	DATA 	Keypress: rctrl
668.7419 	EXP 	Sound  started
669.4189 	DATA 	Keypress: lctrl
669.4919 	EXP 	Sound  started
670.1388 	DATA 	Keypress: lctrl
670.2419 	EXP 	Sound  started
670.9068 	DATA 	Keypress: lctrl
670.9919 	EXP 	Sound  started
671.6908 	DATA 	Keypress: rctrl
671.7419 	EXP 	Sound  started
672.3788 	DATA 	Keypress: lctrl
672.4920 	EXP 	Sound  started
673.1468 	DATA 	Keypress: lctrl
673.2420 	EXP 	Sound  started
673.8669 	DATA 	Keypress: lctrl
673.9920 	EXP 	Sound  started
674.6509 	DATA 	Keypress: rctrl
674.7420 	EXP 	Sound  started
675.3708 	DATA 	Keypress: lctrl
675.4920 	EXP 	Sound  started
676.1068 	DATA 	Keypress: lctrl
676.2420 	EXP 	Sound  started
676.9920 	EXP 	Sound  started
677.0990 	DATA 	Keypress: rctrl
677.6748 	DATA 	Keypress: lctrl
677.7421 	EXP 	Sound  started
678.3789 	DATA 	Keypress: lctrl
678.4921 	EXP 	Sound  started
679.2421 	EXP 	Sound  started
679.9149 	DATA 	Keypress: rctrl
679.9921 	EXP 	Sound  started
680.6668 	DATA 	Keypress: rctrl
680.7421 	EXP 	Sound  started
681.4190 	DATA 	Keypress: rctrl
681.4921 	EXP 	Sound  started
682.1708 	DATA 	Keypress: lctrl
682.2421 	EXP 	Sound  started
682.9229 	DATA 	Keypress: rctrl
682.9921 	EXP 	Sound  started
683.6908 	DATA 	Keypress: lctrl
683.7422 	EXP 	Sound  started
684.4269 	DATA 	Keypress: lctrl
684.4922 	EXP 	Sound  started
685.1629 	DATA 	Keypress: lctrl
685.2422 	EXP 	Sound  started
685.9309 	DATA 	Keypress: rctrl
685.9922 	EXP 	Sound  started
686.6988 	DATA 	Keypress: lctrl
686.7422 	EXP 	Sound  started
687.4350 	DATA 	Keypress: lctrl
687.4922 	EXP 	Sound  started
688.1869 	DATA 	Keypress: lctrl
688.2422 	EXP 	Sound  started
688.9549 	DATA 	Keypress: lctrl
688.9922 	EXP 	Sound  started
689.6749 	DATA 	Keypress: rctrl
689.7423 	EXP 	Sound  started
690.4109 	DATA 	Keypress: lctrl
690.4923 	EXP 	Sound  started
691.1310 	DATA 	Keypress: lctrl
691.2423 	EXP 	Sound  started
691.8668 	DATA 	Keypress: lctrl
691.9923 	EXP 	Sound  started
692.6990 	DATA 	Keypress: lctrl
699.2530 	DATA 	Keypress: 3
699.2693 	EXP 	unnamed ShapeStim: vertices = <class 'numpy.ndarray'>
704.2215 	DATA 	Keypress: 3
704.2380 	EXP 	unnamed ShapeStim: vertices = <class 'numpy.ndarray'>
705.8888 	DATA 	Keypress: 2
705.9052 	EXP 	unnamed ShapeStim: vertices = <class 'numpy.ndarray'>
708.1800 	EXP 	Sound  started
708.4109 	DATA 	Keypress: rctrl
708.9298 	EXP 	Sound  started
708.9388 	DATA 	Keypress: rctrl
709.6268 	DATA 	Keypress: lctrl
709.6798 	EXP 	Sound  started
710.3308 	DATA 	Keypress: rctrl
710.4298 	EXP 	Sound  started
711.0828 	DATA 	Keypress: rctrl
711.1798 	EXP 	Sound  started
711.8988 	DATA 	Keypress: lctrl
711.9298 	EXP 	Sound  started
712.6028 	DATA 	Keypress: lctrl
712.6799 	EXP 	Sound  started
713.3549 	DATA 	Keypress: lctrl
713.4299 	EXP 	Sound  started
714.1228 	DATA 	Keypress: rctrl
714.1799 	EXP 	Sound  started
714.8749 	DATA 	Keypress: lctrl
714.9299 	EXP 	Sound  started
715.6108 	DATA 	Keypress: lctrl
715.6799 	EXP 	Sound  started
716.3469 	DATA 	Keypress: lctrl
716.4299 	EXP 	Sound  started
717.1308 	DATA 	Keypress: rctrl
717.1799 	EXP 	Sound  started
717.9148 	DATA 	Keypress: rctrl
717.9300 	EXP 	Sound  started
718.6800 	EXP 	Sound  started
718.6828 	DATA 	Keypress: lctrl
719.3548 	DATA 	Keypress: lctrl
719.4300 	EXP 	Sound  started
720.1388 	DATA 	Keypress: rctrl
720.1800 	EXP 	Sound  started
720.9229 	DATA 	Keypress: rctrl
720.9300 	EXP 	Sound  started
721.6589 	DATA 	Keypress: lctrl
721.6800 	EXP 	Sound  started
722.4109 	DATA 	Keypress: rctrl
722.4300 	EXP 	Sound  started
723.1801 	EXP 	Sound  started
723.1948 	DATA 	Keypress: lctrl
723.8828 	DATA 	Keypress: lctrl
723.9301 	EXP 	Sound  started
724.6350 	DATA 	Keypress: lctrl
724.6801 	EXP 	Sound  started
725.4028 	DATA 	Keypress: rctrl
725.4301 	EXP 	Sound  started
726.1548 	DATA 	Keypress: lctrl
726.1801 	EXP 	Sound  started
726.8589 	DATA 	Keypress: lctrl
726.9301 	EXP 	Sound  started
727.5628 	DATA 	Keypress: lctrl
727.6801 	EXP 	Sound  started
728.3628 	DATA 	Keypress: rctrl
728.4301 	EXP 	Sound  started
729.1628 	DATA 	Keypress: rctrl
729.1802 	EXP 	Sound  started
729.8829 	DATA 	Keypress: lctrl
729.9302 	EXP 	Sound  started
730.6349 	DATA 	Keypress: lctrl
730.6802 	EXP 	Sound  started
731.3709 	DATA 	Keypress: lctrl
731.4302 	EXP 	Sound  started
732.1389 	DATA 	Keypress: lctrl
732.1802 	EXP 	Sound  started
732.9069 	DATA 	Keypress: rctrl
732.9302 	EXP 	Sound  started
733.6589 	DATA 	Keypress: lctrl
733.6802 	EXP 	Sound  started
734.4108 	DATA 	Keypress: lctrl
734.4303 	EXP 	Sound  started
735.1803 	EXP 	Sound  started
735.1949 	DATA 	Keypress: rctrl
735.8508 	DATA 	Keypress: rctrl
735.9303 	EXP 	Sound  started
736.6188 	DATA 	Keypress: rctrl
736.6803 	EXP 	Sound  started
737.4189 	DATA 	Keypress: rctrl
737.4303 	EXP 	Sound  started
738.1803 	EXP 	Sound  started
738.1869 	DATA 	Keypress: rctrl
738.9068 	DATA 	Keypress: lctrl
738.9304 	EXP 	Sound  started
739.6589 	DATA 	Keypress: lctrl
739.6804 	EXP 	Sound  started
740.3788 	DATA 	Keypress: lctrl
740.4304 	EXP 	Sound  started
741.1790 	DATA 	Keypress: rctrl
741.1804 	EXP 	Sound  started
741.9304 	EXP 	Sound  started
741.9628 	DATA 	Keypress: rctrl
742.6804 	EXP 	Sound  started
743.4029 	DATA 	Keypress: rctrl
743.4304 	EXP 	Sound  started
744.1804 	EXP 	Sound  started
744.1868 	DATA 	Keypress: rctrl
744.9305 	EXP 	Sound  started
744.9708 	DATA 	Keypress: rctrl
745.6269 	DATA 	Keypress: lctrl
745.6805 	EXP 	Sound  started
746.4268 	DATA 	Keypress: lctrl
746.4305 	EXP 	Sound  started
747.1805 	EXP 	Sound  started
747.2108 	DATA 	Keypress: lctrl
747.9305 	EXP 	Sound  started
747.9469 	DATA 	Keypress: rctrl
748.6348 	DATA 	Keypress: lctrl
752.2214 	DATA 	Keypress: 4
752.2379 	EXP 	unnamed ShapeStim: vertices = <class 'numpy.ndarray'>
758.6235 	DATA 	Keypress: 3
758.6399 	EXP 	unnamed ShapeStim: vertices = <class 'numpy.ndarray'>
761.9414 	DATA 	Keypress: 3
761.9580 	EXP 	unnamed ShapeStim: vertices = <class 'numpy.ndarray'>
764.2325 	EXP 	Sound  started
764.3310 	DATA 	Keypress: rctrl
764.9823 	EXP 	Sound  started
765.6428 	DATA 	Keypress: rctrl
765.7324 	EXP 	Sound  started
766.3308 	DATA 	Keypress: rctrl
766.4824 	EXP 	Sound  started
767.1948 	DATA 	Keypress: lctrl
767.2324 	EXP 	Sound  started
767.9308 	DATA 	Keypress: lctrl
767.9824 	EXP 	Sound  started
768.6508 	DATA 	Keypress: rctrl
768.7324 	EXP 	Sound  started
769.3228 	DATA 	Keypress: rctrl
769.4824 	EXP 	Sound  started
770.2189 	DATA 	Keypress: rctrl
770.2325 	EXP 	Sound  started
770.9549 	DATA 	Keypress: rctrl
770.9825 	EXP 	Sound  started
771.6748 	DATA 	Keypress: rctrl
771.7325 	EXP 	Sound  started
772.4428 	DATA 	Keypress: rctrl
772.4825 	EXP 	Sound  started
773.1628 	DATA 	Keypress: rctrl
773.2325 	EXP 	Sound  started
773.9469 	DATA 	Keypress: lctrl
773.9825 	EXP 	Sound  started
774.6669 	DATA 	Keypress: rctrl
774.7325 	EXP 	Sound  started
775.4348 	DATA 	Keypress: rctrl
775.4825 	EXP 	Sound  started
776.1708 	DATA 	Keypress: lctrl
776.2325 	EXP 	Sound  started
776.9068 	DATA 	Keypress: lctrl
776.9826 	EXP 	Sound  started
777.7068 	DATA 	Keypress: rctrl
777.7326 	EXP 	Sound  started
778.3788 	DATA 	Keypress: rctrl
778.4826 	EXP 	Sound  started
779.1949 	DATA 	Keypress: lctrl
779.2326 	EXP 	Sound  started
779.9469 	DATA 	Keypress: rctrl
779.9826 	EXP 	Sound  started
780.7309 	DATA 	Keypress: rctrl
780.7326 	EXP 	Sound  started
781.4349 	DATA 	Keypress: rctrl
781.4826 	EXP 	Sound  started
782.1868 	DATA 	Keypress: rctrl
782.2326 	EXP 	Sound  started
782.9389 	DATA 	Keypress: lctrl
782.9827 	EXP 	Sound  started
783.6748 	DATA 	Keypress: rctrl
783.7327 	EXP 	Sound  started
784.4429 	DATA 	Keypress: rctrl
784.4827 	EXP 	Sound  started
785.2268 	DATA 	Keypress: rctrl
785.2327 	EXP 	Sound  started
785.9629 	DATA 	Keypress: rctrl
785.9827 	EXP 	Sound  started
786.6989 	DATA 	Keypress: lctrl
786.7327 	EXP 	Sound  started
787.4349 	DATA 	Keypress: rctrl
787.4829 	EXP 	Sound  started
788.1709 	DATA 	Keypress: rctrl
788.2329 	EXP 	Sound  started
788.9708 	DATA 	Keypress: rctrl
788.9829 	EXP 	Sound  started
789.6749 	DATA 	Keypress: rctrl
789.7330 	EXP 	Sound  started
790.4830 	EXP 	Sound  started
791.1789 	DATA 	Keypress: rctrl
791.2330 	EXP 	Sound  started
791.8988 	DATA 	Keypress: rctrl
791.9830 	EXP 	Sound  started
792.6508 	DATA 	Keypress: rctrl
792.7330 	EXP 	Sound  started
793.4828 	DATA 	Keypress: lctrl
793.4831 	EXP 	Sound  started
794.2029 	DATA 	Keypress: rctrl
794.2331 	EXP 	Sound  started
794.9228 	DATA 	Keypress: rctrl
794.9831 	EXP 	Sound  started
795.6268 	DATA 	Keypress: rctrl
795.7331 	EXP 	Sound  started
796.3949 	DATA 	Keypress: rctrl
796.4831 	EXP 	Sound  started
797.1788 	DATA 	Keypress: lctrl
797.2331 	EXP 	Sound  started
797.9149 	DATA 	Keypress: rctrl
797.9832 	EXP 	Sound  started
798.6509 	DATA 	Keypress: rctrl
798.7332 	EXP 	Sound  started
799.3709 	DATA 	Keypress: rctrl
799.4832 	EXP 	Sound  started
800.1388 	DATA 	Keypress: rctrl
800.2332 	EXP 	Sound  started
800.8587 	DATA 	Keypress: lctrl
800.9832 	EXP 	Sound  started
801.6587 	DATA 	Keypress: lctrl
801.7332 	EXP 	Sound  started
802.4108 	DATA 	Keypress: rctrl
802.4832 	EXP 	Sound  started
803.1787 	DATA 	Keypress: lctrl
803.2332 	EXP 	Sound  started
803.9468 	DATA 	Keypress: lctrl
803.9833 	EXP 	Sound  started
804.6988 	DATA 	Keypress: lctrl
804.7333 	EXP 	Sound  started
805.4349 	DATA 	Keypress: lctrl
805.4833 	EXP 	Sound  started
806.1868 	DATA 	Keypress: rctrl
806.2333 	EXP 	Sound  started
806.9228 	DATA 	Keypress: rctrl
806.9833 	EXP 	Sound  started
807.6588 	DATA 	Keypress: lctrl
810.3082 	DATA 	Keypress: 4
810.3245 	EXP 	unnamed ShapeStim: vertices = <class 'numpy.ndarray'>
816.7983 	DATA 	Keypress: 2
816.8269 	EXP 	unnamed ShapeStim: vertices = <class 'numpy.ndarray'>
823.5961 	DATA 	Keypress: 1
823.6125 	EXP 	unnamed ShapeStim: vertices = <class 'numpy.ndarray'>
825.8867 	EXP 	Sound  started
825.9790 	DATA 	Keypress: lctrl
826.5867 	DATA 	Keypress: rctrl
826.6366 	EXP 	Sound  started
827.3388 	DATA 	Keypress: lctrl
827.3866 	EXP 	Sound  started
828.0748 	DATA 	Keypress: rctrl
828.1366 	EXP 	Sound  started
828.8428 	DATA 	Keypress: rctrl
828.8866 	EXP 	Sound  started
829.5947 	DATA 	Keypress: lctrl
829.6367 	EXP 	Sound  started
830.3789 	DATA 	Keypress: rctrl
830.3867 	EXP 	Sound  started
831.0987 	DATA 	Keypress: rctrl
831.1367 	EXP 	Sound  started
831.8507 	DATA 	Keypress: rctrl
831.8867 	EXP 	Sound  started
832.6188 	DATA 	Keypress: lctrl
832.6367 	EXP 	Sound  started
833.3547 	DATA 	Keypress: rctrl
833.3867 	EXP 	Sound  started
834.0587 	DATA 	Keypress: lctrl
834.1367 	EXP 	Sound  started
834.8868 	EXP 	Sound  started
835.6368 	EXP 	Sound  started
836.3868 	EXP 	Sound  started
837.0828 	DATA 	Keypress: lctrl
837.1368 	EXP 	Sound  started
837.8347 	DATA 	Keypress: lctrl
837.8868 	EXP 	Sound  started
838.5868 	DATA 	Keypress: rctrl
838.6368 	EXP 	Sound  started
839.3548 	DATA 	Keypress: lctrl
839.3868 	EXP 	Sound  started
840.1069 	DATA 	Keypress: rctrl
840.1369 	EXP 	Sound  started
840.8748 	DATA 	Keypress: rctrl
840.8869 	EXP 	Sound  started
841.6268 	DATA 	Keypress: rctrl
841.6369 	EXP 	Sound  started
842.3628 	DATA 	Keypress: rctrl
842.3869 	EXP 	Sound  started
843.0988 	DATA 	Keypress: lctrl
843.1369 	EXP 	Sound  started
843.8508 	DATA 	Keypress: rctrl
843.8869 	EXP 	Sound  started
844.6188 	DATA 	Keypress: lctrl
844.6369 	EXP 	Sound  started
845.3870 	EXP 	Sound  started
845.4028 	DATA 	Keypress: rctrl
846.1067 	DATA 	Keypress: rctrl
846.1370 	EXP 	Sound  started
846.8588 	DATA 	Keypress: rctrl
846.8870 	EXP 	Sound  started
847.5629 	DATA 	Keypress: lctrl
847.6370 	EXP 	Sound  started
848.3468 	DATA 	Keypress: lctrl
848.3870 	EXP 	Sound  started
849.0667 	DATA 	Keypress: rctrl
849.1370 	EXP 	Sound  started
849.8187 	DATA 	Keypress: lctrl
849.8870 	EXP 	Sound  started
850.6370 	EXP 	Sound  started
850.7788 	DATA 	Keypress: rctrl
851.3547 	DATA 	Keypress: rctrl
851.3871 	EXP 	Sound  started
852.0909 	DATA 	Keypress: lctrl
852.1371 	EXP 	Sound  started
852.8871 	EXP 	Sound  started
852.9067 	DATA 	Keypress: lctrl
853.6107 	DATA 	Keypress: lctrl
853.6371 	EXP 	Sound  started
854.3147 	DATA 	Keypress: rctrl
854.3871 	EXP 	Sound  started
855.0828 	DATA 	Keypress: lctrl
855.1371 	EXP 	Sound  started
855.7868 	DATA 	Keypress: lctrl
855.8871 	EXP 	Sound  started
856.5227 	DATA 	Keypress: lctrl
856.6371 	EXP 	Sound  started
857.3228 	DATA 	Keypress: rctrl
857.3872 	EXP 	Sound  started
858.0429 	DATA 	Keypress: rctrl
858.1372 	EXP 	Sound  started
858.8872 	EXP 	Sound  started
858.8908 	DATA 	Keypress: rctrl
859.6107 	DATA 	Keypress: rctrl
859.6372 	EXP 	Sound  started
860.3307 	DATA 	Keypress: lctrl
860.3872 	EXP 	Sound  started
861.0507 	DATA 	Keypress: lctrl
861.1372 	EXP 	Sound  started
861.6747 	DATA 	Keypress: rctrl
861.8872 	EXP 	Sound  started
862.3788 	DATA 	Keypress: rctrl
862.6373 	EXP 	Sound  started
863.3868 	DATA 	Keypress: rctrl
863.3873 	EXP 	Sound  started
864.1069 	DATA 	Keypress: rctrl
864.1373 	EXP 	Sound  started
864.8427 	DATA 	Keypress: lctrl
864.8873 	EXP 	Sound  started
865.6108 	DATA 	Keypress: rctrl
865.6373 	EXP 	Sound  started
866.3467 	DATA 	Keypress: rctrl
866.3873 	EXP 	Sound  started
867.1147 	DATA 	Keypress: lctrl
867.1374 	EXP 	Sound  started
867.8507 	DATA 	Keypress: rctrl
867.8874 	EXP 	Sound  started
868.6374 	EXP 	Sound  started
869.3867 	DATA 	Keypress: rctrl
869.3874 	EXP 	Sound  started
870.0908 	DATA 	Keypress: lctrl
870.1374 	EXP 	Sound  started
870.8748 	DATA 	Keypress: rctrl
870.8874 	EXP 	Sound  started
871.5788 	DATA 	Keypress: rctrl
871.6374 	EXP 	Sound  started
872.3628 	DATA 	Keypress: rctrl
872.3875 	EXP 	Sound  started
873.1148 	DATA 	Keypress: rctrl
873.1375 	EXP 	Sound  started
873.8668 	DATA 	Keypress: lctrl
873.8875 	EXP 	Sound  started
874.5547 	DATA 	Keypress: lctrl
874.6375 	EXP 	Sound  started
875.3228 	DATA 	Keypress: lctrl
875.3875 	EXP 	Sound  started
876.1375 	EXP 	Sound  started
876.8587 	DATA 	Keypress: rctrl
876.8875 	EXP 	Sound  started
877.5787 	DATA 	Keypress: lctrl
877.6375 	EXP 	Sound  started
878.3147 	DATA 	Keypress: lctrl
878.3875 	EXP 	Sound  started
879.0187 	DATA 	Keypress: lctrl
879.1376 	EXP 	Sound  started
879.7548 	DATA 	Keypress: lctrl
879.8876 	EXP 	Sound  started
880.5227 	DATA 	Keypress: lctrl
880.6376 	EXP 	Sound  started
881.3228 	DATA 	Keypress: rctrl
881.3876 	EXP 	Sound  started
882.0747 	DATA 	Keypress: rctrl
882.1376 	EXP 	Sound  started
882.8587 	DATA 	Keypress: lctrl
882.8876 	EXP 	Sound  started
883.5467 	DATA 	Keypress: lctrl
883.6376 	EXP 	Sound  started
884.3467 	DATA 	Keypress: lctrl
884.3876 	EXP 	Sound  started
885.0827 	DATA 	Keypress: lctrl
885.1377 	EXP 	Sound  started
885.8668 	DATA 	Keypress: lctrl
885.8877 	EXP 	Sound  started
886.6377 	EXP 	Sound  started
886.6669 	DATA 	Keypress: rctrl
887.3877 	EXP 	Sound  started
887.4187 	DATA 	Keypress: lctrl
888.0908 	DATA 	Keypress: lctrl
893.8701 	DATA 	Keypress: 1
893.8866 	EXP 	unnamed ShapeStim: vertices = <class 'numpy.ndarray'>
899.1556 	DATA 	Keypress: 4
899.1720 	EXP 	unnamed ShapeStim: vertices = <class 'numpy.ndarray'>
901.5065 	DATA 	Keypress: 1
901.5228 	EXP 	unnamed ShapeStim: vertices = <class 'numpy.ndarray'>
903.7980 	EXP 	Sound  started
903.9468 	DATA 	Keypress: rctrl
904.5478 	EXP 	Sound  started
904.5547 	DATA 	Keypress: rctrl
905.2107 	DATA 	Keypress: lctrl
905.2979 	EXP 	Sound  started
905.9948 	DATA 	Keypress: lctrl
906.0479 	EXP 	Sound  started
906.7468 	DATA 	Keypress: rctrl
906.7979 	EXP 	Sound  started
907.4987 	DATA 	Keypress: rctrl
907.5479 	EXP 	Sound  started
908.2668 	DATA 	Keypress: lctrl
908.2979 	EXP 	Sound  started
908.9867 	DATA 	Keypress: lctrl
909.0479 	EXP 	Sound  started
909.7867 	DATA 	Keypress: rctrl
909.7979 	EXP 	Sound  started
910.5227 	DATA 	Keypress: rctrl
910.5479 	EXP 	Sound  started
911.2427 	DATA 	Keypress: rctrl
911.2980 	EXP 	Sound  started
911.9948 	DATA 	Keypress: rctrl
912.0480 	EXP 	Sound  started
912.7980 	EXP 	Sound  started
912.8268 	DATA 	Keypress: lctrl
913.5148 	DATA 	Keypress: lctrl
913.5480 	EXP 	Sound  started
914.2980 	EXP 	Sound  started
914.3149 	DATA 	Keypress: rctrl
914.9868 	DATA 	Keypress: rctrl
915.0480 	EXP 	Sound  started
915.7547 	DATA 	Keypress: rctrl
915.7980 	EXP 	Sound  started
916.4587 	DATA 	Keypress: rctrl
916.5480 	EXP 	Sound  started
917.2427 	DATA 	Keypress: rctrl
917.2981 	EXP 	Sound  started
917.9468 	DATA 	Keypress: lctrl
918.0481 	EXP 	Sound  started
918.7468 	DATA 	Keypress: lctrl
918.7981 	EXP 	Sound  started
919.5147 	DATA 	Keypress: lctrl
919.5481 	EXP 	Sound  started
920.2668 	DATA 	Keypress: lctrl
920.2981 	EXP 	Sound  started
920.9707 	DATA 	Keypress: rctrl
921.0481 	EXP 	Sound  started
921.7867 	DATA 	Keypress: lctrl
921.7981 	EXP 	Sound  started
922.5068 	DATA 	Keypress: lctrl
922.5482 	EXP 	Sound  started
923.2269 	DATA 	Keypress: lctrl
923.2982 	EXP 	Sound  started
924.0108 	DATA 	Keypress: rctrl
924.0482 	EXP 	Sound  started
924.7308 	DATA 	Keypress: lctrl
924.7982 	EXP 	Sound  started
925.4828 	DATA 	Keypress: rctrl
925.5482 	EXP 	Sound  started
926.2667 	DATA 	Keypress: rctrl
926.2982 	EXP 	Sound  started
926.9867 	DATA 	Keypress: lctrl
927.0482 	EXP 	Sound  started
927.7227 	DATA 	Keypress: lctrl
927.7982 	EXP 	Sound  started
928.4907 	DATA 	Keypress: rctrl
928.5483 	EXP 	Sound  started
929.2747 	DATA 	Keypress: lctrl
929.2983 	EXP 	Sound  started
929.9948 	DATA 	Keypress: lctrl
930.0483 	EXP 	Sound  started
930.7307 	DATA 	Keypress: rctrl
930.7983 	EXP 	Sound  started
931.4987 	DATA 	Keypress: lctrl
931.5483 	EXP 	Sound  started
932.2983 	EXP 	Sound  started
932.3148 	DATA 	Keypress: rctrl
932.9867 	DATA 	Keypress: lctrl
933.0484 	EXP 	Sound  started
933.7388 	DATA 	Keypress: lctrl
933.7984 	EXP 	Sound  started
934.5484 	EXP 	Sound  started
934.5547 	DATA 	Keypress: lctrl
935.2984 	EXP 	Sound  started
935.3227 	DATA 	Keypress: rctrl
936.0268 	DATA 	Keypress: lctrl
936.0484 	EXP 	Sound  started
936.7787 	DATA 	Keypress: lctrl
936.7984 	EXP 	Sound  started
937.5148 	DATA 	Keypress: lctrl
937.5484 	EXP 	Sound  started
938.2985 	EXP 	Sound  started
938.3147 	DATA 	Keypress: rctrl
939.0187 	DATA 	Keypress: rctrl
939.0485 	EXP 	Sound  started
939.7869 	DATA 	Keypress: lctrl
939.7985 	EXP 	Sound  started
940.5068 	DATA 	Keypress: lctrl
940.5485 	EXP 	Sound  started
941.2428 	DATA 	Keypress: lctrl
941.2985 	EXP 	Sound  started
942.0430 	DATA 	Keypress: rctrl
942.0485 	EXP 	Sound  started
942.7627 	DATA 	Keypress: lctrl
942.7985 	EXP 	Sound  started
943.4828 	DATA 	Keypress: lctrl
943.5486 	EXP 	Sound  started
944.2348 	DATA 	Keypress: lctrl
944.2986 	EXP 	Sound  started
944.9388 	DATA 	Keypress: rctrl
945.0486 	EXP 	Sound  started
945.7547 	DATA 	Keypress: lctrl
945.7986 	EXP 	Sound  started
946.5388 	DATA 	Keypress: lctrl
946.5486 	EXP 	Sound  started
947.2747 	DATA 	Keypress: lctrl
947.2986 	EXP 	Sound  started
948.0486 	EXP 	Sound  started
948.0587 	DATA 	Keypress: lctrl
948.7986 	EXP 	Sound  started
949.0187 	DATA 	Keypress: rctrl
949.5308 	DATA 	Keypress: lctrl
949.5487 	EXP 	Sound  started
950.2986 	DATA 	Keypress: lctrl
950.2988 	EXP 	Sound  started
951.0488 	EXP 	Sound  started
951.0507 	DATA 	Keypress: lctrl
951.7989 	EXP 	Sound  started
951.8028 	DATA 	Keypress: rctrl
952.4907 	DATA 	Keypress: rctrl
952.5489 	EXP 	Sound  started
953.2746 	DATA 	Keypress: rctrl
953.2989 	EXP 	Sound  started
954.0106 	DATA 	Keypress: lctrl
954.0489 	EXP 	Sound  started
954.7989 	EXP 	Sound  started
954.8427 	DATA 	Keypress: rctrl
955.5148 	DATA 	Keypress: lctrl
955.5489 	EXP 	Sound  started
956.2989 	EXP 	Sound  started
956.3147 	DATA 	Keypress: lctrl
957.0490 	EXP 	Sound  started
957.0507 	DATA 	Keypress: lctrl
957.7706 	DATA 	Keypress: lctrl
957.7990 	EXP 	Sound  started
958.5490 	EXP 	Sound  started
958.5547 	DATA 	Keypress: rctrl
959.2747 	DATA 	Keypress: lctrl
959.2990 	EXP 	Sound  started
960.0490 	EXP 	Sound  started
960.0586 	DATA 	Keypress: lctrl
960.7948 	DATA 	Keypress: rctrl
960.7990 	EXP 	Sound  started
961.4988 	DATA 	Keypress: rctrl
961.5490 	EXP 	Sound  started
962.2828 	DATA 	Keypress: rctrl
962.2991 	EXP 	Sound  started
962.9867 	DATA 	Keypress: lctrl
967.1500 	DATA 	Keypress: 4
967.1786 	EXP 	unnamed ShapeStim: vertices = <class 'numpy.ndarray'>
972.7810 	DATA 	Keypress: 3
972.7974 	EXP 	unnamed ShapeStim: vertices = <class 'numpy.ndarray'>
977.4539 	DATA 	Keypress: 1
977.4825 	EXP 	unnamed ShapeStim: vertices = <class 'numpy.ndarray'>
1134.3307 	DATA 	Keypress: return
1134.4737 	EXP 	window1: mouseVisible = True
